<?xml version="1.0" encoding="UTF-8"?>
<testsuite xmlns:xsi="http://www.w3.org/2001/XMLSchema-instance" xsi:noNamespaceSchemaLocation="https://maven.apache.org/surefire/maven-failsafe-plugin/xsd/failsafe-test-report.xsd" version="3.0.2" name="io.apicurio.tests.serdes.apicurio.AvroSerdeIT" time="95.991" tests="21" errors="0" skipped="2" failures="0">
  <properties>
    <property name="java.specification.version" value="17"/>
    <property name="sun.jnu.encoding" value="UTF-8"/>
    <property name="java.class.path" value="/home/runner/work/apicurio-testing/apicurio-testing/clusters/ci419/namespaces/inmemory/tests/integration/apicurio-registry/integration-tests/target/test-classes:/home/runner/work/apicurio-testing/apicurio-testing/clusters/ci419/namespaces/inmemory/tests/integration/apicurio-registry/integration-tests/target/apicurio-registry-integration-tests-3.0.14-SNAPSHOT.jar:/home/runner/.m2/repository/io/quarkus/quarkus-junit5/3.20.2/quarkus-junit5-3.20.2.jar:/home/runner/.m2/repository/io/quarkus/quarkus-bootstrap-core/3.20.2/quarkus-bootstrap-core-3.20.2.jar:/home/runner/.m2/repository/io/quarkus/quarkus-classloader-commons/3.20.2/quarkus-classloader-commons-3.20.2.jar:/home/runner/.m2/repository/io/quarkus/quarkus-bootstrap-app-model/3.20.2/quarkus-bootstrap-app-model-3.20.2.jar:/home/runner/.m2/repository/io/smallrye/common/smallrye-common-io/2.12.0/smallrye-common-io-2.12.0.jar:/home/runner/.m2/repository/org/eclipse/sisu/org.eclipse.sisu.inject/0.9.0.M3/org.eclipse.sisu.inject-0.9.0.M3.jar:/home/runner/.m2/repository/io/quarkus/quarkus-test-common/3.20.2/quarkus-test-common-3.20.2.jar:/home/runner/.m2/repository/io/quarkus/quarkus-core-deployment/3.20.2/quarkus-core-deployment-3.20.2.jar:/home/runner/.m2/repository/org/aesh/readline/2.6/readline-2.6.jar:/home/runner/.m2/repository/org/fusesource/jansi/jansi/2.4.0/jansi-2.4.0.jar:/home/runner/.m2/repository/org/aesh/aesh/2.8.2/aesh-2.8.2.jar:/home/runner/.m2/repository/io/quarkus/gizmo/gizmo/1.8.0/gizmo-1.8.0.jar:/home/runner/.m2/repository/org/ow2/asm/asm-util/9.7.1/asm-util-9.7.1.jar:/home/runner/.m2/repository/org/ow2/asm/asm-analysis/9.7.1/asm-analysis-9.7.1.jar:/home/runner/.m2/repository/org/ow2/asm/asm-commons/9.7.1/asm-commons-9.7.1.jar:/home/runner/.m2/repository/org/ow2/asm/asm-tree/9.7.1/asm-tree-9.7.1.jar:/home/runner/.m2/repository/io/quarkus/quarkus-hibernate-validator-spi/3.20.2/quarkus-hibernate-validator-spi-3.20.2.jar:/home/runner/.m2/repository/io/quarkus/quarkus-class-change-agent/3.20.2/quarkus-class-change-agent-3.20.2.jar:/home/runner/.m2/repository/io/quarkus/quarkus-devtools-utilities/3.20.2/quarkus-devtools-utilities-3.20.2.jar:/home/runner/.m2/repository/io/quarkus/quarkus-builder/3.20.2/quarkus-builder-3.20.2.jar:/home/runner/.m2/repository/org/graalvm/sdk/nativeimage/23.1.2/nativeimage-23.1.2.jar:/home/runner/.m2/repository/org/graalvm/sdk/word/23.1.2/word-23.1.2.jar:/home/runner/.m2/repository/io/quarkus/quarkus-bootstrap-maven-resolver/3.20.2/quarkus-bootstrap-maven-resolver-3.20.2.jar:/home/runner/.m2/repository/io/smallrye/beanbag/smallrye-beanbag-maven/1.5.2/smallrye-beanbag-maven-1.5.2.jar:/home/runner/.m2/repository/io/smallrye/beanbag/smallrye-beanbag-sisu/1.5.2/smallrye-beanbag-sisu-1.5.2.jar:/home/runner/.m2/repository/io/smallrye/beanbag/smallrye-beanbag/1.5.2/smallrye-beanbag-1.5.2.jar:/home/runner/.m2/repository/javax/inject/javax.inject/1/javax.inject-1.jar:/home/runner/.m2/repository/org/apache/maven/maven-artifact/3.9.9/maven-artifact-3.9.9.jar:/home/runner/.m2/repository/org/apache/maven/maven-builder-support/3.9.9/maven-builder-support-3.9.9.jar:/home/runner/.m2/repository/org/apache/maven/maven-model/3.9.9/maven-model-3.9.9.jar:/home/runner/.m2/repository/org/apache/maven/maven-model-builder/3.9.9/maven-model-builder-3.9.9.jar:/home/runner/.m2/repository/org/apache/maven/maven-repository-metadata/3.9.9/maven-repository-metadata-3.9.9.jar:/home/runner/.m2/repository/org/apache/maven/maven-settings/3.9.9/maven-settings-3.9.9.jar:/home/runner/.m2/repository/org/apache/maven/resolver/maven-resolver-api/1.9.22/maven-resolver-api-1.9.22.jar:/home/runner/.m2/repository/org/apache/maven/resolver/maven-resolver-impl/1.9.22/maven-resolver-impl-1.9.22.jar:/home/runner/.m2/repository/org/apache/maven/resolver/maven-resolver-named-locks/1.9.22/maven-resolver-named-locks-1.9.22.jar:/home/runner/.m2/repository/org/apache/maven/resolver/maven-resolver-spi/1.9.22/maven-resolver-spi-1.9.22.jar:/home/runner/.m2/repository/org/apache/maven/resolver/maven-resolver-util/1.9.22/maven-resolver-util-1.9.22.jar:/home/runner/.m2/repository/org/apache/maven/resolver/maven-resolver-transport-http/1.9.20/maven-resolver-transport-http-1.9.20.jar:/home/runner/.m2/repository/org/apache/maven/wagon/wagon-provider-api/3.5.3/wagon-provider-api-3.5.3.jar:/home/runner/.m2/repository/org/apache/maven/wagon/wagon-http-shared/3.5.3/wagon-http-shared-3.5.3.jar:/home/runner/.m2/repository/org/codehaus/plexus/plexus-interpolation/1.26/plexus-interpolation-1.26.jar:/home/runner/.m2/repository/org/codehaus/plexus/plexus-utils/3.5.1/plexus-utils-3.5.1.jar:/home/runner/.m2/repository/org/codehaus/plexus/plexus-xml/4.0.1/plexus-xml-4.0.1.jar:/home/runner/.m2/repository/org/apache/maven/maven-xml-impl/4.0.0-alpha-5/maven-xml-impl-4.0.0-alpha-5.jar:/home/runner/.m2/repository/org/apache/maven/maven-api-xml/4.0.0-alpha-5/maven-api-xml-4.0.0-alpha-5.jar:/home/runner/.m2/repository/org/apache/maven/maven-api-meta/4.0.0-alpha-5/maven-api-meta-4.0.0-alpha-5.jar:/home/runner/.m2/repository/org/codehaus/plexus/plexus-cipher/2.0/plexus-cipher-2.0.jar:/home/runner/.m2/repository/org/codehaus/plexus/plexus-sec-dispatcher/2.0/plexus-sec-dispatcher-2.0.jar:/home/runner/.m2/repository/org/apache/maven/maven-embedder/3.9.9/maven-embedder-3.9.9.jar:/home/runner/.m2/repository/org/apache/maven/maven-core/3.9.9/maven-core-3.9.9.jar:/home/runner/.m2/repository/org/codehaus/plexus/plexus-component-annotations/2.1.0/plexus-component-annotations-2.1.0.jar:/home/runner/.m2/repository/org/apache/maven/maven-plugin-api/3.9.9/maven-plugin-api-3.9.9.jar:/home/runner/.m2/repository/org/apache/maven/shared/maven-shared-utils/3.4.2/maven-shared-utils-3.4.2.jar:/home/runner/.m2/repository/com/google/inject/guice/5.1.0/guice-5.1.0.jar:/home/runner/.m2/repository/aopalliance/aopalliance/1.0/aopalliance-1.0.jar:/home/runner/.m2/repository/org/codehaus/plexus/plexus-classworlds/2.6.0/plexus-classworlds-2.6.0.jar:/home/runner/.m2/repository/commons-cli/commons-cli/1.8.0/commons-cli-1.8.0.jar:/home/runner/.m2/repository/org/eclipse/sisu/org.eclipse.sisu.plexus/0.9.0.M3/org.eclipse.sisu.plexus-0.9.0.M3.jar:/home/runner/.m2/repository/org/apache/maven/maven-settings-builder/3.9.9/maven-settings-builder-3.9.9.jar:/home/runner/.m2/repository/org/apache/maven/maven-resolver-provider/3.9.9/maven-resolver-provider-3.9.9.jar:/home/runner/.m2/repository/org/apache/maven/resolver/maven-resolver-connector-basic/1.9.22/maven-resolver-connector-basic-1.9.22.jar:/home/runner/.m2/repository/org/apache/maven/resolver/maven-resolver-transport-wagon/1.9.22/maven-resolver-transport-wagon-1.9.22.jar:/home/runner/.m2/repository/org/apache/maven/wagon/wagon-http/3.5.3/wagon-http-3.5.3.jar:/home/runner/.m2/repository/org/apache/maven/wagon/wagon-file/3.5.3/wagon-file-3.5.3.jar:/home/runner/.m2/repository/io/quarkus/quarkus-bootstrap-gradle-resolver/3.20.2/quarkus-bootstrap-gradle-resolver-3.20.2.jar:/home/runner/.m2/repository/io/smallrye/jandex/3.3.0/jandex-3.3.0.jar:/home/runner/.m2/repository/org/jboss/logging/commons-logging-jboss-logging/1.0.0.Final/commons-logging-jboss-logging-1.0.0.Final.jar:/home/runner/.m2/repository/io/quarkus/quarkus-junit5-config/3.20.2/quarkus-junit5-config-3.20.2.jar:/home/runner/.m2/repository/org/junit/jupiter/junit-jupiter-api/5.12.1/junit-jupiter-api-5.12.1.jar:/home/runner/.m2/repository/io/smallrye/config/smallrye-config/3.11.4/smallrye-config-3.11.4.jar:/home/runner/.m2/repository/io/smallrye/config/smallrye-config-core/3.11.4/smallrye-config-core-3.11.4.jar:/home/runner/.m2/repository/io/smallrye/common/smallrye-common-classloader/2.12.0/smallrye-common-classloader-2.12.0.jar:/home/runner/.m2/repository/io/smallrye/config/smallrye-config-common/3.11.4/smallrye-config-common-3.11.4.jar:/home/runner/.m2/repository/org/junit/jupiter/junit-jupiter/5.12.1/junit-jupiter-5.12.1.jar:/home/runner/.m2/repository/org/junit/jupiter/junit-jupiter-params/5.12.1/junit-jupiter-params-5.12.1.jar:/home/runner/.m2/repository/org/junit/jupiter/junit-jupiter-engine/5.12.1/junit-jupiter-engine-5.12.1.jar:/home/runner/.m2/repository/io/quarkus/quarkus-core/3.20.2/quarkus-core-3.20.2.jar:/home/runner/.m2/repository/jakarta/enterprise/jakarta.enterprise.cdi-api/4.1.0/jakarta.enterprise.cdi-api-4.1.0.jar:/home/runner/.m2/repository/jakarta/enterprise/jakarta.enterprise.lang-model/4.1.0/jakarta.enterprise.lang-model-4.1.0.jar:/home/runner/.m2/repository/jakarta/el/jakarta.el-api/5.0.1/jakarta.el-api-5.0.1.jar:/home/runner/.m2/repository/jakarta/interceptor/jakarta.interceptor-api/2.2.0/jakarta.interceptor-api-2.2.0.jar:/home/runner/.m2/repository/jakarta/inject/jakarta.inject-api/2.0.1/jakarta.inject-api-2.0.1.jar:/home/runner/.m2/repository/io/smallrye/common/smallrye-common-os/2.12.0/smallrye-common-os-2.12.0.jar:/home/runner/.m2/repository/io/quarkus/quarkus-ide-launcher/3.20.2/quarkus-ide-launcher-3.20.2.jar:/home/runner/.m2/repository/io/quarkus/quarkus-development-mode-spi/3.20.2/quarkus-development-mode-spi-3.20.2.jar:/home/runner/.m2/repository/org/jboss/logging/jboss-logging/3.6.1.Final/jboss-logging-3.6.1.Final.jar:/home/runner/.m2/repository/org/jboss/logmanager/jboss-logmanager/3.1.2.Final/jboss-logmanager-3.1.2.Final.jar:/home/runner/.m2/repository/io/smallrye/common/smallrye-common-constraint/2.12.0/smallrye-common-constraint-2.12.0.jar:/home/runner/.m2/repository/io/smallrye/common/smallrye-common-cpu/2.12.0/smallrye-common-cpu-2.12.0.jar:/home/runner/.m2/repository/io/smallrye/common/smallrye-common-expression/2.12.0/smallrye-common-expression-2.12.0.jar:/home/runner/.m2/repository/io/smallrye/common/smallrye-common-net/2.12.0/smallrye-common-net-2.12.0.jar:/home/runner/.m2/repository/io/smallrye/common/smallrye-common-ref/2.12.0/smallrye-common-ref-2.12.0.jar:/home/runner/.m2/repository/jakarta/json/jakarta.json-api/2.1.3/jakarta.json-api-2.1.3.jar:/home/runner/.m2/repository/org/eclipse/parsson/parsson/1.1.7/parsson-1.1.7.jar:/home/runner/.m2/repository/org/jboss/logging/jboss-logging-annotations/3.0.4.Final/jboss-logging-annotations-3.0.4.Final.jar:/home/runner/.m2/repository/org/jboss/threads/jboss-threads/3.8.0.Final/jboss-threads-3.8.0.Final.jar:/home/runner/.m2/repository/io/smallrye/common/smallrye-common-annotation/2.12.0/smallrye-common-annotation-2.12.0.jar:/home/runner/.m2/repository/io/smallrye/common/smallrye-common-function/2.12.0/smallrye-common-function-2.12.0.jar:/home/runner/.m2/repository/org/jboss/slf4j/slf4j-jboss-logmanager/2.0.0.Final/slf4j-jboss-logmanager-2.0.0.Final.jar:/home/runner/.m2/repository/org/wildfly/common/wildfly-common/2.0.1/wildfly-common-2.0.1.jar:/home/runner/.m2/repository/io/quarkus/quarkus-bootstrap-runner/3.20.2/quarkus-bootstrap-runner-3.20.2.jar:/home/runner/.m2/repository/io/github/crac/org-crac/0.1.3/org-crac-0.1.3.jar:/home/runner/.m2/repository/io/quarkus/quarkus-fs-util/0.0.10/quarkus-fs-util-0.0.10.jar:/home/runner/.m2/repository/org/jboss/marshalling/jboss-marshalling/2.2.2.Final/jboss-marshalling-2.2.2.Final.jar:/home/runner/.m2/repository/io/fabric8/kubernetes-client/7.1.0/kubernetes-client-7.1.0.jar:/home/runner/.m2/repository/io/fabric8/kubernetes-client-api/7.1.0/kubernetes-client-api-7.1.0.jar:/home/runner/.m2/repository/io/fabric8/kubernetes-model-core/7.1.0/kubernetes-model-core-7.1.0.jar:/home/runner/.m2/repository/io/fabric8/kubernetes-model-common/7.1.0/kubernetes-model-common-7.1.0.jar:/home/runner/.m2/repository/javax/annotation/javax.annotation-api/1.3.2/javax.annotation-api-1.3.2.jar:/home/runner/.m2/repository/io/fabric8/kubernetes-model-gatewayapi/7.1.0/kubernetes-model-gatewayapi-7.1.0.jar:/home/runner/.m2/repository/io/fabric8/kubernetes-model-resource/7.1.0/kubernetes-model-resource-7.1.0.jar:/home/runner/.m2/repository/io/fabric8/kubernetes-model-rbac/7.1.0/kubernetes-model-rbac-7.1.0.jar:/home/runner/.m2/repository/io/fabric8/kubernetes-model-admissionregistration/7.1.0/kubernetes-model-admissionregistration-7.1.0.jar:/home/runner/.m2/repository/io/fabric8/kubernetes-model-apps/7.1.0/kubernetes-model-apps-7.1.0.jar:/home/runner/.m2/repository/io/fabric8/kubernetes-model-autoscaling/7.1.0/kubernetes-model-autoscaling-7.1.0.jar:/home/runner/.m2/repository/io/fabric8/kubernetes-model-apiextensions/7.1.0/kubernetes-model-apiextensions-7.1.0.jar:/home/runner/.m2/repository/io/fabric8/kubernetes-model-batch/7.1.0/kubernetes-model-batch-7.1.0.jar:/home/runner/.m2/repository/io/fabric8/kubernetes-model-certificates/7.1.0/kubernetes-model-certificates-7.1.0.jar:/home/runner/.m2/repository/io/fabric8/kubernetes-model-coordination/7.1.0/kubernetes-model-coordination-7.1.0.jar:/home/runner/.m2/repository/io/fabric8/kubernetes-model-discovery/7.1.0/kubernetes-model-discovery-7.1.0.jar:/home/runner/.m2/repository/io/fabric8/kubernetes-model-events/7.1.0/kubernetes-model-events-7.1.0.jar:/home/runner/.m2/repository/io/fabric8/kubernetes-model-extensions/7.1.0/kubernetes-model-extensions-7.1.0.jar:/home/runner/.m2/repository/io/fabric8/kubernetes-model-flowcontrol/7.1.0/kubernetes-model-flowcontrol-7.1.0.jar:/home/runner/.m2/repository/io/fabric8/kubernetes-model-networking/7.1.0/kubernetes-model-networking-7.1.0.jar:/home/runner/.m2/repository/io/fabric8/kubernetes-model-metrics/7.1.0/kubernetes-model-metrics-7.1.0.jar:/home/runner/.m2/repository/io/fabric8/kubernetes-model-policy/7.1.0/kubernetes-model-policy-7.1.0.jar:/home/runner/.m2/repository/io/fabric8/kubernetes-model-scheduling/7.1.0/kubernetes-model-scheduling-7.1.0.jar:/home/runner/.m2/repository/io/fabric8/kubernetes-model-storageclass/7.1.0/kubernetes-model-storageclass-7.1.0.jar:/home/runner/.m2/repository/io/fabric8/kubernetes-model-node/7.1.0/kubernetes-model-node-7.1.0.jar:/home/runner/.m2/repository/org/snakeyaml/snakeyaml-engine/2.9/snakeyaml-engine-2.9.jar:/home/runner/.m2/repository/com/fasterxml/jackson/dataformat/jackson-dataformat-yaml/2.18.2/jackson-dataformat-yaml-2.18.2.jar:/home/runner/.m2/repository/com/fasterxml/jackson/datatype/jackson-datatype-jsr310/2.18.2/jackson-datatype-jsr310-2.18.2.jar:/home/runner/.m2/repository/io/fabric8/zjsonpatch/7.1.0/zjsonpatch-7.1.0.jar:/home/runner/.m2/repository/io/fabric8/kubernetes-httpclient-vertx/7.1.0/kubernetes-httpclient-vertx-7.1.0.jar:/home/runner/.m2/repository/io/vertx/vertx-web-client/4.5.16/vertx-web-client-4.5.16.jar:/home/runner/.m2/repository/io/vertx/vertx-web-common/4.5.16/vertx-web-common-4.5.16.jar:/home/runner/.m2/repository/io/vertx/vertx-auth-common/4.5.16/vertx-auth-common-4.5.16.jar:/home/runner/.m2/repository/io/vertx/vertx-uri-template/4.5.16/vertx-uri-template-4.5.16.jar:/home/runner/.m2/repository/io/fabric8/openshift-client/7.1.0/openshift-client-7.1.0.jar:/home/runner/.m2/repository/io/fabric8/openshift-client-api/7.1.0/openshift-client-api-7.1.0.jar:/home/runner/.m2/repository/io/fabric8/openshift-model/7.1.0/openshift-model-7.1.0.jar:/home/runner/.m2/repository/io/fabric8/openshift-model-autoscaling/7.1.0/openshift-model-autoscaling-7.1.0.jar:/home/runner/.m2/repository/io/fabric8/openshift-model-operator/7.1.0/openshift-model-operator-7.1.0.jar:/home/runner/.m2/repository/io/fabric8/openshift-model-operatorhub/7.1.0/openshift-model-operatorhub-7.1.0.jar:/home/runner/.m2/repository/io/fabric8/openshift-model-machine/7.1.0/openshift-model-machine-7.1.0.jar:/home/runner/.m2/repository/io/fabric8/openshift-model-whereabouts/7.1.0/openshift-model-whereabouts-7.1.0.jar:/home/runner/.m2/repository/io/fabric8/openshift-model-monitoring/7.1.0/openshift-model-monitoring-7.1.0.jar:/home/runner/.m2/repository/io/fabric8/openshift-model-storageversionmigrator/7.1.0/openshift-model-storageversionmigrator-7.1.0.jar:/home/runner/.m2/repository/io/fabric8/openshift-model-tuned/7.1.0/openshift-model-tuned-7.1.0.jar:/home/runner/.m2/repository/io/fabric8/openshift-model-console/7.1.0/openshift-model-console-7.1.0.jar:/home/runner/.m2/repository/io/fabric8/openshift-model-config/7.1.0/openshift-model-config-7.1.0.jar:/home/runner/.m2/repository/io/fabric8/openshift-model-machineconfiguration/7.1.0/openshift-model-machineconfiguration-7.1.0.jar:/home/runner/.m2/repository/io/fabric8/openshift-model-miscellaneous/7.1.0/openshift-model-miscellaneous-7.1.0.jar:/home/runner/.m2/repository/io/fabric8/openshift-model-hive/7.1.0/openshift-model-hive-7.1.0.jar:/home/runner/.m2/repository/io/fabric8/openshift-model-installer/7.1.0/openshift-model-installer-7.1.0.jar:/home/runner/.m2/repository/org/junit/platform/junit-platform-launcher/1.12.1/junit-platform-launcher-1.12.1.jar:/home/runner/.m2/repository/org/junit/platform/junit-platform-engine/1.12.1/junit-platform-engine-1.12.1.jar:/home/runner/.m2/repository/org/opentest4j/opentest4j/1.3.0/opentest4j-1.3.0.jar:/home/runner/.m2/repository/org/junit/platform/junit-platform-commons/1.12.1/junit-platform-commons-1.12.1.jar:/home/runner/.m2/repository/org/apiguardian/apiguardian-api/1.1.2/apiguardian-api-1.1.2.jar:/home/runner/.m2/repository/jakarta/ws/rs/jakarta.ws.rs-api/3.1.0/jakarta.ws.rs-api-3.1.0.jar:/home/runner/work/apicurio-testing/apicurio-testing/clusters/ci419/namespaces/inmemory/tests/integration/apicurio-registry/java-sdk/target/apicurio-registry-java-sdk-3.0.14-SNAPSHOT.jar:/home/runner/.m2/repository/com/microsoft/kiota/microsoft-kiota-abstractions/1.8.9/microsoft-kiota-abstractions-1.8.9.jar:/home/runner/.m2/repository/io/github/std-uritemplate/std-uritemplate/2.0.0/std-uritemplate-2.0.0.jar:/home/runner/.m2/repository/io/kiota/kiota-http-jdk/0.0.29/kiota-http-jdk-0.0.29.jar:/home/runner/.m2/repository/io/kiota/kiota-http-vertx/0.0.29/kiota-http-vertx-0.0.29.jar:/home/runner/.m2/repository/io/kiota/kiota-serialization-jackson/0.0.29/kiota-serialization-jackson-0.0.29.jar:/home/runner/.m2/repository/com/microsoft/kiota/microsoft-kiota-serialization-text/1.8.9/microsoft-kiota-serialization-text-1.8.9.jar:/home/runner/.m2/repository/com/microsoft/kiota/microsoft-kiota-serialization-form/1.8.9/microsoft-kiota-serialization-form-1.8.9.jar:/home/runner/.m2/repository/com/microsoft/kiota/microsoft-kiota-serialization-multipart/1.8.9/microsoft-kiota-serialization-multipart-1.8.9.jar:/home/runner/.m2/repository/jakarta/annotation/jakarta.annotation-api/3.0.0/jakarta.annotation-api-3.0.0.jar:/home/runner/.m2/repository/io/vertx/vertx-auth-oauth2/4.5.16/vertx-auth-oauth2-4.5.16.jar:/home/runner/work/apicurio-testing/apicurio-testing/clusters/ci419/namespaces/inmemory/tests/integration/apicurio-registry/java-sdk-v2/target/apicurio-registry-v2-java-sdk-3.0.14-SNAPSHOT.jar:/home/runner/work/apicurio-testing/apicurio-testing/clusters/ci419/namespaces/inmemory/tests/integration/apicurio-registry/utils/kafka/target/apicurio-registry-utils-kafka-3.0.14-SNAPSHOT-tests.jar:/home/runner/.m2/repository/org/eclipse/microprofile/config/microprofile-config-api/3.1/microprofile-config-api-3.1.jar:/home/runner/.m2/repository/org/apache/kafka/kafka-clients/3.9.1/kafka-clients-3.9.1.jar:/home/runner/.m2/repository/com/github/luben/zstd-jni/1.5.6-4/zstd-jni-1.5.6-4.jar:/home/runner/.m2/repository/org/lz4/lz4-java/1.8.0/lz4-java-1.8.0.jar:/home/runner/.m2/repository/org/xerial/snappy/snappy-java/1.1.10.5/snappy-java-1.1.10.5.jar:/home/runner/.m2/repository/org/slf4j/slf4j-api/2.0.6/slf4j-api-2.0.6.jar:/home/runner/work/apicurio-testing/apicurio-testing/clusters/ci419/namespaces/inmemory/tests/integration/apicurio-registry/utils/tests/target/apicurio-registry-utils-tests-3.0.14-SNAPSHOT.jar:/home/runner/work/apicurio-testing/apicurio-testing/clusters/ci419/namespaces/inmemory/tests/integration/apicurio-registry/common/target/apicurio-registry-common-3.0.14-SNAPSHOT.jar:/home/runner/.m2/repository/jakarta/validation/jakarta.validation-api/3.0.2/jakarta.validation-api-3.0.2.jar:/home/runner/.m2/repository/com/github/dasniko/testcontainers-keycloak/3.8.0/testcontainers-keycloak-3.8.0.jar:/home/runner/.m2/repository/org/testcontainers/testcontainers/1.20.6/testcontainers-1.20.6.jar:/home/runner/.m2/repository/org/rnorth/duct-tape/duct-tape/1.0.8/duct-tape-1.0.8.jar:/home/runner/.m2/repository/com/github/docker-java/docker-java-transport-zerodep/3.4.1/docker-java-transport-zerodep-3.4.1.jar:/home/runner/.m2/repository/com/github/docker-java/docker-java-transport/3.4.1/docker-java-transport-3.4.1.jar:/home/runner/.m2/repository/net/java/dev/jna/jna/5.8.0/jna-5.8.0.jar:/home/runner/.m2/repository/io/quarkus/quarkus-junit4-mock/3.20.2/quarkus-junit4-mock-3.20.2.jar:/home/runner/.m2/repository/org/jboss/shrinkwrap/shrinkwrap-api/2.0.0-beta-2/shrinkwrap-api-2.0.0-beta-2.jar:/home/runner/.m2/repository/org/jboss/shrinkwrap/shrinkwrap-impl-base/2.0.0-beta-2/shrinkwrap-impl-base-2.0.0-beta-2.jar:/home/runner/.m2/repository/org/jboss/shrinkwrap/shrinkwrap-spi/2.0.0-beta-2/shrinkwrap-spi-2.0.0-beta-2.jar:/home/runner/.m2/repository/org/keycloak/keycloak-admin-client/26.0.4/keycloak-admin-client-26.0.4.jar:/home/runner/.m2/repository/org/keycloak/keycloak-client-common-synced/26.0.4/keycloak-client-common-synced-26.0.4.jar:/home/runner/.m2/repository/jakarta/activation/jakarta.activation-api/2.1.3/jakarta.activation-api-2.1.3.jar:/home/runner/.m2/repository/org/eclipse/microprofile/openapi/microprofile-openapi-api/4.0.2/microprofile-openapi-api-4.0.2.jar:/home/runner/.m2/repository/org/jboss/resteasy/resteasy-client/6.2.12.Final/resteasy-client-6.2.12.Final.jar:/home/runner/.m2/repository/org/jboss/resteasy/resteasy-client-api/6.2.12.Final/resteasy-client-api-6.2.12.Final.jar:/home/runner/.m2/repository/org/jboss/resteasy/resteasy-core-spi/6.2.12.Final/resteasy-core-spi-6.2.12.Final.jar:/home/runner/.m2/repository/org/jboss/resteasy/resteasy-core/6.2.12.Final/resteasy-core-6.2.12.Final.jar:/home/runner/.m2/repository/org/eclipse/angus/angus-activation/2.0.2/angus-activation-2.0.2.jar:/home/runner/.m2/repository/com/ibm/async/asyncutil/0.1.0/asyncutil-0.1.0.jar:/home/runner/.m2/repository/org/reactivestreams/reactive-streams/1.0.4/reactive-streams-1.0.4.jar:/home/runner/.m2/repository/org/jboss/resteasy/resteasy-multipart-provider/6.2.12.Final/resteasy-multipart-provider-6.2.12.Final.jar:/home/runner/.m2/repository/jakarta/mail/jakarta.mail-api/2.1.3/jakarta.mail-api-2.1.3.jar:/home/runner/.m2/repository/org/eclipse/angus/angus-mail/2.0.3/angus-mail-2.0.3.jar:/home/runner/.m2/repository/org/apache/james/apache-mime4j-dom/0.8.12/apache-mime4j-dom-0.8.12.jar:/home/runner/.m2/repository/org/apache/james/apache-mime4j-core/0.8.12/apache-mime4j-core-0.8.12.jar:/home/runner/.m2/repository/org/apache/james/apache-mime4j-storage/0.8.12/apache-mime4j-storage-0.8.12.jar:/home/runner/.m2/repository/org/jboss/resteasy/resteasy-jackson2-provider/6.2.12.Final/resteasy-jackson2-provider-6.2.12.Final.jar:/home/runner/.m2/repository/com/fasterxml/jackson/jakarta/rs/jackson-jakarta-rs-base/2.18.2/jackson-jakarta-rs-base-2.18.2.jar:/home/runner/.m2/repository/com/fasterxml/jackson/jakarta/rs/jackson-jakarta-rs-json-provider/2.18.2/jackson-jakarta-rs-json-provider-2.18.2.jar:/home/runner/.m2/repository/com/fasterxml/jackson/module/jackson-module-jakarta-xmlbind-annotations/2.18.2/jackson-module-jakarta-xmlbind-annotations-2.18.2.jar:/home/runner/.m2/repository/com/github/java-json-tools/json-patch/1.13/json-patch-1.13.jar:/home/runner/.m2/repository/com/github/java-json-tools/msg-simple/1.2/msg-simple-1.2.jar:/home/runner/.m2/repository/com/github/java-json-tools/btf/1.3/btf-1.3.jar:/home/runner/.m2/repository/com/github/java-json-tools/jackson-coreutils/2.0/jackson-coreutils-2.0.jar:/home/runner/.m2/repository/org/jboss/resteasy/resteasy-jaxb-provider/6.2.12.Final/resteasy-jaxb-provider-6.2.12.Final.jar:/home/runner/.m2/repository/org/glassfish/jaxb/codemodel/4.0.5/codemodel-4.0.5.jar:/home/runner/.m2/repository/org/glassfish/jaxb/jaxb-core/4.0.5/jaxb-core-4.0.5.jar:/home/runner/.m2/repository/org/glassfish/jaxb/jaxb-jxc/4.0.5/jaxb-jxc-4.0.5.jar:/home/runner/.m2/repository/org/glassfish/jaxb/jaxb-runtime/4.0.5/jaxb-runtime-4.0.5.jar:/home/runner/.m2/repository/org/glassfish/jaxb/txw2/4.0.5/txw2-4.0.5.jar:/home/runner/.m2/repository/org/glassfish/jaxb/jaxb-xjc/4.0.5/jaxb-xjc-4.0.5.jar:/home/runner/.m2/repository/org/glassfish/jaxb/xsom/4.0.5/xsom-4.0.5.jar:/home/runner/.m2/repository/com/sun/istack/istack-commons-runtime/4.1.2/istack-commons-runtime-4.1.2.jar:/home/runner/.m2/repository/com/sun/istack/istack-commons-tools/4.1.2/istack-commons-tools-4.1.2.jar:/home/runner/.m2/repository/com/sun/xml/bind/external/relaxng-datatype/4.0.5/relaxng-datatype-4.0.5.jar:/home/runner/.m2/repository/com/sun/xml/bind/external/rngom/4.0.5/rngom-4.0.5.jar:/home/runner/.m2/repository/org/testcontainers/mssqlserver/1.20.6/mssqlserver-1.20.6.jar:/home/runner/.m2/repository/org/testcontainers/jdbc/1.20.6/jdbc-1.20.6.jar:/home/runner/.m2/repository/org/testcontainers/database-commons/1.20.6/database-commons-1.20.6.jar:/home/runner/.m2/repository/org/testcontainers/mysql/1.20.6/mysql-1.20.6.jar:/home/runner/.m2/repository/io/strimzi/strimzi-test-container/0.111.0/strimzi-test-container-0.111.0.jar:/home/runner/.m2/repository/org/testcontainers/toxiproxy/1.20.6/toxiproxy-1.20.6.jar:/home/runner/.m2/repository/com/github/docker-java/docker-java-api/3.4.1/docker-java-api-3.4.1.jar:/home/runner/.m2/repository/org/apache/logging/log4j/log4j-slf4j-impl/2.19.0/log4j-slf4j-impl-2.19.0.jar:/home/runner/.m2/repository/org/apache/logging/log4j/log4j-api/2.24.3/log4j-api-2.24.3.jar:/home/runner/.m2/repository/org/apache/logging/log4j/log4j-core/2.19.0/log4j-core-2.19.0.jar:/home/runner/.m2/repository/eu/rekawek/toxiproxy/toxiproxy-java/2.1.7/toxiproxy-java-2.1.7.jar:/home/runner/.m2/repository/org/testcontainers/pulsar/1.21.3/pulsar-1.21.3.jar:/home/runner/.m2/repository/io/debezium/debezium-testing-testcontainers/2.7.4.Final/debezium-testing-testcontainers-2.7.4.Final.jar:/home/runner/.m2/repository/org/testcontainers/kafka/1.20.6/kafka-1.20.6.jar:/home/runner/.m2/repository/com/squareup/okhttp3/okhttp/4.8.1/okhttp-4.8.1.jar:/home/runner/.m2/repository/com/squareup/okio/okio/3.10.2/okio-3.10.2.jar:/home/runner/.m2/repository/com/squareup/okio/okio-jvm/3.10.2/okio-jvm-3.10.2.jar:/home/runner/.m2/repository/org/jetbrains/kotlin/kotlin-stdlib/2.0.21/kotlin-stdlib-2.0.21.jar:/home/runner/.m2/repository/org/awaitility/awaitility/4.3.0/awaitility-4.3.0.jar:/home/runner/.m2/repository/org/testcontainers/mongodb/1.20.6/mongodb-1.20.6.jar:/home/runner/.m2/repository/org/testcontainers/mariadb/1.20.6/mariadb-1.20.6.jar:/home/runner/.m2/repository/org/testcontainers/oracle-xe/1.20.6/oracle-xe-1.20.6.jar:/home/runner/.m2/repository/org/testcontainers/postgresql/1.20.6/postgresql-1.20.6.jar:/home/runner/.m2/repository/org/wiremock/wiremock/3.0.1/wiremock-3.0.1.jar:/home/runner/.m2/repository/org/eclipse/jetty/jetty-server/11.0.15/jetty-server-11.0.15.jar:/home/runner/.m2/repository/org/eclipse/jetty/toolchain/jetty-jakarta-servlet-api/5.0.2/jetty-jakarta-servlet-api-5.0.2.jar:/home/runner/.m2/repository/org/eclipse/jetty/jetty-http/11.0.15/jetty-http-11.0.15.jar:/home/runner/.m2/repository/org/eclipse/jetty/jetty-io/11.0.15/jetty-io-11.0.15.jar:/home/runner/.m2/repository/org/eclipse/jetty/jetty-servlet/11.0.15/jetty-servlet-11.0.15.jar:/home/runner/.m2/repository/org/eclipse/jetty/jetty-security/11.0.15/jetty-security-11.0.15.jar:/home/runner/.m2/repository/org/eclipse/jetty/jetty-servlets/11.0.15/jetty-servlets-11.0.15.jar:/home/runner/.m2/repository/org/eclipse/jetty/jetty-util/11.0.15/jetty-util-11.0.15.jar:/home/runner/.m2/repository/org/eclipse/jetty/jetty-webapp/11.0.15/jetty-webapp-11.0.15.jar:/home/runner/.m2/repository/org/eclipse/jetty/jetty-xml/11.0.15/jetty-xml-11.0.15.jar:/home/runner/.m2/repository/org/eclipse/jetty/jetty-proxy/11.0.15/jetty-proxy-11.0.15.jar:/home/runner/.m2/repository/org/eclipse/jetty/jetty-client/11.0.15/jetty-client-11.0.15.jar:/home/runner/.m2/repository/org/eclipse/jetty/http2/http2-server/11.0.15/http2-server-11.0.15.jar:/home/runner/.m2/repository/org/eclipse/jetty/http2/http2-common/11.0.15/http2-common-11.0.15.jar:/home/runner/.m2/repository/org/eclipse/jetty/http2/http2-hpack/11.0.15/http2-hpack-11.0.15.jar:/home/runner/.m2/repository/org/eclipse/jetty/jetty-alpn-server/11.0.15/jetty-alpn-server-11.0.15.jar:/home/runner/.m2/repository/org/eclipse/jetty/jetty-alpn-java-server/11.0.15/jetty-alpn-java-server-11.0.15.jar:/home/runner/.m2/repository/org/eclipse/jetty/jetty-alpn-java-client/11.0.15/jetty-alpn-java-client-11.0.15.jar:/home/runner/.m2/repository/org/eclipse/jetty/jetty-alpn-client/11.0.15/jetty-alpn-client-11.0.15.jar:/home/runner/.m2/repository/org/apache/httpcomponents/client5/httpclient5/5.2.1/httpclient5-5.2.1.jar:/home/runner/.m2/repository/org/apache/httpcomponents/core5/httpcore5/5.2/httpcore5-5.2.jar:/home/runner/.m2/repository/org/apache/httpcomponents/core5/httpcore5-h2/5.2/httpcore5-h2-5.2.jar:/home/runner/.m2/repository/org/xmlunit/xmlunit-core/2.9.1/xmlunit-core-2.9.1.jar:/home/runner/.m2/repository/jakarta/xml/bind/jakarta.xml.bind-api/4.0.2/jakarta.xml.bind-api-4.0.2.jar:/home/runner/.m2/repository/org/xmlunit/xmlunit-legacy/2.9.1/xmlunit-legacy-2.9.1.jar:/home/runner/.m2/repository/org/xmlunit/xmlunit-placeholders/2.9.1/xmlunit-placeholders-2.9.1.jar:/home/runner/.m2/repository/net/javacrumbs/json-unit/json-unit-core/2.38.0/json-unit-core-2.38.0.jar:/home/runner/.m2/repository/org/hamcrest/hamcrest-core/2.2/hamcrest-core-2.2.jar:/home/runner/.m2/repository/com/jayway/jsonpath/json-path/2.8.0/json-path-2.8.0.jar:/home/runner/.m2/repository/net/minidev/json-smart/2.4.10/json-smart-2.4.10.jar:/home/runner/.m2/repository/net/minidev/accessors-smart/2.4.9/accessors-smart-2.4.9.jar:/home/runner/.m2/repository/org/ow2/asm/asm/9.7.1/asm-9.7.1.jar:/home/runner/.m2/repository/net/sf/jopt-simple/jopt-simple/5.0.4/jopt-simple-5.0.4.jar:/home/runner/.m2/repository/com/github/jknack/handlebars/4.3.1/handlebars-4.3.1.jar:/home/runner/.m2/repository/com/github/jknack/handlebars-helpers/4.3.1/handlebars-helpers-4.3.1.jar:/home/runner/.m2/repository/commons-fileupload/commons-fileupload/1.5/commons-fileupload-1.5.jar:/home/runner/.m2/repository/com/networknt/json-schema-validator/1.5.8/json-schema-validator-1.5.8.jar:/home/runner/.m2/repository/com/ethlo/time/itu/1.10.3/itu-1.10.3.jar:/home/runner/.m2/repository/io/quarkus/quarkus-smallrye-jwt-build/3.20.2/quarkus-smallrye-jwt-build-3.20.2.jar:/home/runner/.m2/repository/io/smallrye/smallrye-jwt-build/4.6.2/smallrye-jwt-build-4.6.2.jar:/home/runner/.m2/repository/org/eclipse/microprofile/jwt/microprofile-jwt-auth-api/2.1/microprofile-jwt-auth-api-2.1.jar:/home/runner/.m2/repository/org/bitbucket/b_c/jose4j/0.9.6/jose4j-0.9.6.jar:/home/runner/.m2/repository/io/smallrye/smallrye-jwt-common/4.6.2/smallrye-jwt-common-4.6.2.jar:/home/runner/.m2/repository/io/quarkus/quarkus-jsonp/3.20.2/quarkus-jsonp-3.20.2.jar:/home/runner/.m2/repository/io/quarkus/quarkus-arc/3.20.2/quarkus-arc-3.20.2.jar:/home/runner/.m2/repository/io/quarkus/arc/arc/3.20.2/arc-3.20.2.jar:/home/runner/.m2/repository/jakarta/transaction/jakarta.transaction-api/2.0.1/jakarta.transaction-api-2.0.1.jar:/home/runner/.m2/repository/io/smallrye/reactive/mutiny/2.9.2/mutiny-2.9.2.jar:/home/runner/.m2/repository/org/jctools/jctools-core/4.0.5/jctools-core-4.0.5.jar:/home/runner/.m2/repository/org/eclipse/microprofile/context-propagation/microprofile-context-propagation-api/1.3/microprofile-context-propagation-api-1.3.jar:/home/runner/.m2/repository/io/apicurio/apicurio-common-rest-client-common/0.1.18.Final/apicurio-common-rest-client-common-0.1.18.Final.jar:/home/runner/work/apicurio-testing/apicurio-testing/clusters/ci419/namespaces/inmemory/tests/integration/apicurio-registry/utils/maven-plugin/target/apicurio-registry-maven-plugin-3.0.14-SNAPSHOT.jar:/home/runner/.m2/repository/com/fasterxml/jackson/core/jackson-databind/2.18.2/jackson-databind-2.18.2.jar:/home/runner/.m2/repository/org/apache/avro/avro/1.12.0/avro-1.12.0.jar:/home/runner/.m2/repository/com/google/protobuf/protobuf-java/4.32.0/protobuf-java-4.32.0.jar:/home/runner/.m2/repository/com/google/protobuf/protobuf-java-util/4.32.0/protobuf-java-util-4.32.0.jar:/home/runner/.m2/repository/com/google/code/findbugs/jsr305/3.0.2/jsr305-3.0.2.jar:/home/runner/.m2/repository/com/google/code/gson/gson/2.12.1/gson-2.12.1.jar:/home/runner/.m2/repository/com/google/errorprone/error_prone_annotations/2.36.0/error_prone_annotations-2.36.0.jar:/home/runner/.m2/repository/com/google/j2objc/j2objc-annotations/2.8/j2objc-annotations-2.8.jar:/home/runner/work/apicurio-testing/apicurio-testing/clusters/ci419/namespaces/inmemory/tests/integration/apicurio-registry/schema-util/util-provider/target/apicurio-registry-schema-util-provider-3.0.14-SNAPSHOT.jar:/home/runner/work/apicurio-testing/apicurio-testing/clusters/ci419/namespaces/inmemory/tests/integration/apicurio-registry/schema-util/common/target/apicurio-registry-schema-util-common-3.0.14-SNAPSHOT.jar:/home/runner/.m2/repository/com/fasterxml/jackson/module/jackson-module-parameter-names/2.18.2/jackson-module-parameter-names-2.18.2.jar:/home/runner/.m2/repository/com/fasterxml/jackson/datatype/jackson-datatype-json-org/2.18.2/jackson-datatype-json-org-2.18.2.jar:/home/runner/work/apicurio-testing/apicurio-testing/clusters/ci419/namespaces/inmemory/tests/integration/apicurio-registry/schema-util/json/target/apicurio-registry-schema-util-json-3.0.14-SNAPSHOT.jar:/home/runner/.m2/repository/com/github/erosb/everit-json-schema/1.14.5/everit-json-schema-1.14.5.jar:/home/runner/.m2/repository/commons-validator/commons-validator/1.9.0/commons-validator-1.9.0.jar:/home/runner/.m2/repository/commons-digester/commons-digester/2.1/commons-digester-2.1.jar:/home/runner/.m2/repository/commons-collections/commons-collections/3.2.2/commons-collections-3.2.2.jar:/home/runner/.m2/repository/com/damnhandy/handy-uri-templates/2.1.8/handy-uri-templates-2.1.8.jar:/home/runner/.m2/repository/joda-time/joda-time/2.10.2/joda-time-2.10.2.jar:/home/runner/.m2/repository/com/github/erosb/json-sKema/0.20.0/json-sKema-0.20.0.jar:/home/runner/.m2/repository/io/vertx/vertx-json-schema/4.5.16/vertx-json-schema-4.5.16.jar:/home/runner/work/apicurio-testing/apicurio-testing/clusters/ci419/namespaces/inmemory/tests/integration/apicurio-registry/schema-util/protobuf/target/apicurio-registry-schema-util-protobuf-3.0.14-SNAPSHOT.jar:/home/runner/work/apicurio-testing/apicurio-testing/clusters/ci419/namespaces/inmemory/tests/integration/apicurio-registry/utils/protobuf-schema-utilities/target/apicurio-registry-protobuf-schema-utilities-3.0.14-SNAPSHOT.jar:/home/runner/.m2/repository/com/google/api/grpc/proto-google-common-protos/2.52.0/proto-google-common-protos-2.52.0.jar:/home/runner/.m2/repository/com/squareup/wire/wire-schema-jvm/5.3.3/wire-schema-jvm-5.3.3.jar:/home/runner/.m2/repository/com/palantir/javapoet/javapoet/0.6.0/javapoet-0.6.0.jar:/home/runner/.m2/repository/com/squareup/kotlinpoet-jvm/2.0.0/kotlinpoet-jvm-2.0.0.jar:/home/runner/.m2/repository/org/jetbrains/kotlin/kotlin-reflect/2.0.21/kotlin-reflect-2.0.21.jar:/home/runner/.m2/repository/com/squareup/wire/wire-runtime-jvm/5.3.3/wire-runtime-jvm-5.3.3.jar:/home/runner/.m2/repository/com/ibm/icu/icu4j/76.1/icu4j-76.1.jar:/home/runner/.m2/repository/com/squareup/okio/okio-fakefilesystem/3.10.2/okio-fakefilesystem-3.10.2.jar:/home/runner/.m2/repository/com/squareup/okio/okio-fakefilesystem-jvm/3.10.2/okio-fakefilesystem-jvm-3.10.2.jar:/home/runner/.m2/repository/org/jetbrains/kotlinx/kotlinx-datetime-jvm/0.6.1/kotlinx-datetime-jvm-0.6.1.jar:/home/runner/work/apicurio-testing/apicurio-testing/clusters/ci419/namespaces/inmemory/tests/integration/apicurio-registry/schema-util/asyncapi/target/apicurio-registry-schema-util-asyncapi-3.0.14-SNAPSHOT.jar:/home/runner/work/apicurio-testing/apicurio-testing/clusters/ci419/namespaces/inmemory/tests/integration/apicurio-registry/schema-util/avro/target/apicurio-registry-schema-util-avro-3.0.14-SNAPSHOT.jar:/home/runner/work/apicurio-testing/apicurio-testing/clusters/ci419/namespaces/inmemory/tests/integration/apicurio-registry/schema-util/graphql/target/apicurio-registry-schema-util-graphql-3.0.14-SNAPSHOT.jar:/home/runner/.m2/repository/com/graphql-java/graphql-java/22.4/graphql-java-22.4.jar:/home/runner/.m2/repository/com/graphql-java/java-dataloader/3.3.0/java-dataloader-3.3.0.jar:/home/runner/work/apicurio-testing/apicurio-testing/clusters/ci419/namespaces/inmemory/tests/integration/apicurio-registry/schema-util/kconnect/target/apicurio-registry-schema-util-kconnect-3.0.14-SNAPSHOT.jar:/home/runner/work/apicurio-testing/apicurio-testing/clusters/ci419/namespaces/inmemory/tests/integration/apicurio-registry/schema-util/openapi/target/apicurio-registry-schema-util-openapi-3.0.14-SNAPSHOT.jar:/home/runner/.m2/repository/io/apicurio/apicurio-data-models/2.2.2/apicurio-data-models-2.2.2.jar:/home/runner/.m2/repository/org/slf4j/jcl-over-slf4j/2.0.6/jcl-over-slf4j-2.0.6.jar:/home/runner/.m2/repository/org/openapitools/openapidiff/openapi-diff-core/2.1.2/openapi-diff-core-2.1.2.jar:/home/runner/.m2/repository/io/swagger/parser/v3/swagger-parser/2.1.28/swagger-parser-2.1.28.jar:/home/runner/.m2/repository/io/swagger/parser/v3/swagger-parser-v2-converter/2.1.28/swagger-parser-v2-converter-2.1.28.jar:/home/runner/.m2/repository/io/swagger/swagger-core/1.6.16/swagger-core-1.6.16.jar:/home/runner/.m2/repository/io/swagger/swagger-models/1.6.16/swagger-models-1.6.16.jar:/home/runner/.m2/repository/io/swagger/swagger-annotations/1.6.16/swagger-annotations-1.6.16.jar:/home/runner/.m2/repository/io/swagger/swagger-parser/1.0.75/swagger-parser-1.0.75.jar:/home/runner/.m2/repository/io/swagger/swagger-parser-safe-url-resolver/1.0.75/swagger-parser-safe-url-resolver-1.0.75.jar:/home/runner/.m2/repository/io/swagger/swagger-compat-spec-parser/1.0.75/swagger-compat-spec-parser-1.0.75.jar:/home/runner/.m2/repository/com/github/java-json-tools/json-schema-validator/2.2.14/json-schema-validator-2.2.14.jar:/home/runner/.m2/repository/com/github/java-json-tools/jackson-coreutils-equivalence/1.0/jackson-coreutils-equivalence-1.0.jar:/home/runner/.m2/repository/com/github/java-json-tools/json-schema-core/1.2.14/json-schema-core-1.2.14.jar:/home/runner/.m2/repository/com/github/java-json-tools/uri-template/0.10/uri-template-0.10.jar:/home/runner/.m2/repository/com/googlecode/libphonenumber/libphonenumber/8.11.1/libphonenumber-8.11.1.jar:/home/runner/.m2/repository/com/j2html/j2html/1.6.0/j2html-1.6.0.jar:/home/runner/.m2/repository/org/apache/commons/commons-collections4/4.5.0/commons-collections4-4.5.0.jar:/home/runner/.m2/repository/io/swagger/parser/v3/swagger-parser-v3/2.1.31/swagger-parser-v3-2.1.31.jar:/home/runner/.m2/repository/io/swagger/core/v3/swagger-models/2.2.34/swagger-models-2.2.34.jar:/home/runner/.m2/repository/io/swagger/core/v3/swagger-core/2.2.34/swagger-core-2.2.34.jar:/home/runner/.m2/repository/io/swagger/parser/v3/swagger-parser-core/2.1.31/swagger-parser-core-2.1.31.jar:/home/runner/.m2/repository/io/swagger/parser/v3/swagger-parser-safe-url-resolver/2.1.31/swagger-parser-safe-url-resolver-2.1.31.jar:/home/runner/work/apicurio-testing/apicurio-testing/clusters/ci419/namespaces/inmemory/tests/integration/apicurio-registry/schema-util/wsdl/target/apicurio-registry-schema-util-wsdl-3.0.14-SNAPSHOT.jar:/home/runner/.m2/repository/wsdl4j/wsdl4j/1.6.3/wsdl4j-1.6.3.jar:/home/runner/work/apicurio-testing/apicurio-testing/clusters/ci419/namespaces/inmemory/tests/integration/apicurio-registry/schema-util/xml/target/apicurio-registry-schema-util-xml-3.0.14-SNAPSHOT.jar:/home/runner/.m2/repository/org/apache/santuario/xmlsec/4.0.4/xmlsec-4.0.4.jar:/home/runner/.m2/repository/com/fasterxml/woodstox/woodstox-core/7.1.1/woodstox-core-7.1.1.jar:/home/runner/.m2/repository/org/codehaus/woodstox/stax2-api/4.2.2/stax2-api-4.2.2.jar:/home/runner/work/apicurio-testing/apicurio-testing/clusters/ci419/namespaces/inmemory/tests/integration/apicurio-registry/schema-util/xsd/target/apicurio-registry-schema-util-xsd-3.0.14-SNAPSHOT.jar:/home/runner/work/apicurio-testing/apicurio-testing/clusters/ci419/namespaces/inmemory/tests/integration/apicurio-registry/serdes/kafka/jsonschema-serde/target/apicurio-registry-jsonschema-serde-kafka-3.0.14-SNAPSHOT.jar:/home/runner/work/apicurio-testing/apicurio-testing/clusters/ci419/namespaces/inmemory/tests/integration/apicurio-registry/serdes/kafka/serde-kafka-common/target/apicurio-registry-serde-kafka-common-3.0.14-SNAPSHOT.jar:/home/runner/work/apicurio-testing/apicurio-testing/clusters/ci419/namespaces/inmemory/tests/integration/apicurio-registry/serdes/generic/serde-common/target/apicurio-registry-serde-common-3.0.14-SNAPSHOT.jar:/home/runner/work/apicurio-testing/apicurio-testing/clusters/ci419/namespaces/inmemory/tests/integration/apicurio-registry/serdes/generic/serde-common-jsonschema/target/apicurio-registry-serde-common-jsonschema-3.0.14-SNAPSHOT.jar:/home/runner/.m2/repository/org/json/json/20250107/json-20250107.jar:/home/runner/work/apicurio-testing/apicurio-testing/clusters/ci419/namespaces/inmemory/tests/integration/apicurio-registry/serdes/kafka/avro-serde/target/apicurio-registry-avro-serde-kafka-3.0.14-SNAPSHOT.jar:/home/runner/work/apicurio-testing/apicurio-testing/clusters/ci419/namespaces/inmemory/tests/integration/apicurio-registry/serdes/generic/serde-common-avro/target/apicurio-registry-serde-common-avro-3.0.14-SNAPSHOT.jar:/home/runner/work/apicurio-testing/apicurio-testing/clusters/ci419/namespaces/inmemory/tests/integration/apicurio-registry/serdes/kafka/protobuf-serde/target/apicurio-registry-protobuf-serde-kafka-3.0.14-SNAPSHOT.jar:/home/runner/work/apicurio-testing/apicurio-testing/clusters/ci419/namespaces/inmemory/tests/integration/apicurio-registry/serdes/generic/serde-common-protobuf/target/apicurio-registry-serde-common-protobuf-3.0.14-SNAPSHOT.jar:/home/runner/.m2/repository/com/squareup/wire/wire-schema/5.3.3/wire-schema-5.3.3.jar:/home/runner/.m2/repository/com/squareup/wire/wire-runtime/5.3.3/wire-runtime-5.3.3.jar:/home/runner/work/apicurio-testing/apicurio-testing/clusters/ci419/namespaces/inmemory/tests/integration/apicurio-registry/serdes/pulsar/avro-serde/target/apicurio-registry-avro-serde-pulsar-3.0.14-SNAPSHOT.jar:/home/runner/.m2/repository/org/apache/pulsar/pulsar-functions-api/3.3.8/pulsar-functions-api-3.3.8.jar:/home/runner/work/apicurio-testing/apicurio-testing/clusters/ci419/namespaces/inmemory/tests/integration/apicurio-registry/serdes/nats/avro-serde/target/apicurio-registry-avro-serde-nats-3.0.14-SNAPSHOT.jar:/home/runner/.m2/repository/io/nats/jnats/2.21.4/jnats-2.21.4.jar:/home/runner/.m2/repository/org/bouncycastle/bcprov-lts8on/2.73.7/bcprov-lts8on-2.73.7.jar:/home/runner/.m2/repository/org/jetbrains/annotations/26.0.2/annotations-26.0.2.jar:/home/runner/work/apicurio-testing/apicurio-testing/clusters/ci419/namespaces/inmemory/tests/integration/apicurio-registry/utils/converter/target/apicurio-registry-utils-converter-3.0.14-SNAPSHOT.jar:/home/runner/work/apicurio-testing/apicurio-testing/clusters/ci419/namespaces/inmemory/tests/integration/apicurio-registry/schema-resolver/target/apicurio-registry-schema-resolver-3.0.14-SNAPSHOT.jar:/home/runner/.m2/repository/org/apache/kafka/connect-api/3.9.1/connect-api-3.9.1.jar:/home/runner/.m2/repository/javax/ws/rs/javax.ws.rs-api/2.1.1/javax.ws.rs-api-2.1.1.jar:/home/runner/.m2/repository/org/apache/kafka/connect-json/3.9.1/connect-json-3.9.1.jar:/home/runner/.m2/repository/com/fasterxml/jackson/datatype/jackson-datatype-jdk8/2.18.2/jackson-datatype-jdk8-2.18.2.jar:/home/runner/.m2/repository/com/fasterxml/jackson/module/jackson-module-afterburner/2.18.2/jackson-module-afterburner-2.18.2.jar:/home/runner/work/apicurio-testing/apicurio-testing/clusters/ci419/namespaces/inmemory/tests/integration/apicurio-registry/utils/kafka/target/apicurio-registry-utils-kafka-3.0.14-SNAPSHOT.jar:/home/runner/.m2/repository/org/apache/pulsar/pulsar-client/3.3.8/pulsar-client-3.3.8.jar:/home/runner/.m2/repository/org/apache/pulsar/pulsar-client-api/3.3.8/pulsar-client-api-3.3.8.jar:/home/runner/.m2/repository/org/apache/pulsar/pulsar-client-admin-api/3.3.8/pulsar-client-admin-api-3.3.8.jar:/home/runner/.m2/repository/org/apache/pulsar/bouncy-castle-bc/3.3.8/bouncy-castle-bc-3.3.8-pkg.jar:/home/runner/.m2/repository/org/bouncycastle/bcpkix-jdk18on/1.81/bcpkix-jdk18on-1.81.jar:/home/runner/.m2/repository/org/bouncycastle/bcutil-jdk18on/1.81/bcutil-jdk18on-1.81.jar:/home/runner/.m2/repository/org/bouncycastle/bcprov-jdk18on/1.81/bcprov-jdk18on-1.81.jar:/home/runner/.m2/repository/io/opentelemetry/opentelemetry-api/1.44.1/opentelemetry-api-1.44.1.jar:/home/runner/.m2/repository/io/opentelemetry/opentelemetry-context/1.44.1/opentelemetry-context-1.44.1.jar:/home/runner/.m2/repository/io/opentelemetry/opentelemetry-api-incubator/1.44.1-alpha/opentelemetry-api-incubator-1.44.1-alpha.jar:/home/runner/.m2/repository/com/fasterxml/jackson/core/jackson-annotations/2.18.2/jackson-annotations-2.18.2.jar:/home/runner/.m2/repository/javax/validation/validation-api/1.1.0.Final/validation-api-1.1.0.Final.jar:/home/runner/.m2/repository/org/jspecify/jspecify/1.0.0/jspecify-1.0.0.jar:/home/runner/.m2/repository/org/apache/commons/commons-configuration2/2.12.0/commons-configuration2-2.12.0.jar:/home/runner/.m2/repository/commons-logging/commons-logging/1.3.5/commons-logging-1.3.5.jar:/home/runner/.m2/repository/org/apache/commons/commons-text/1.13.0/commons-text-1.13.0.jar:/home/runner/.m2/repository/io/confluent/kafka-avro-serializer/8.0.0/kafka-avro-serializer-8.0.0.jar:/home/runner/.m2/repository/org/apache/commons/commons-compress/1.27.1/commons-compress-1.27.1.jar:/home/runner/.m2/repository/io/confluent/kafka-schema-serializer/8.0.0/kafka-schema-serializer-8.0.0.jar:/home/runner/.m2/repository/com/fasterxml/jackson/dataformat/jackson-dataformat-csv/2.18.2/jackson-dataformat-csv-2.18.2.jar:/home/runner/.m2/repository/io/confluent/kafka-schema-registry-client/8.0.0/kafka-schema-registry-client-8.0.0.jar:/home/runner/.m2/repository/org/yaml/snakeyaml/2.3/snakeyaml-2.3.jar:/home/runner/.m2/repository/io/swagger/core/v3/swagger-annotations/2.2.29/swagger-annotations-2.2.29.jar:/home/runner/.m2/repository/com/google/guava/guava/33.4.0-jre/guava-33.4.0-jre.jar:/home/runner/.m2/repository/com/google/guava/failureaccess/1.0.1/failureaccess-1.0.1.jar:/home/runner/.m2/repository/org/checkerframework/checker-qual/3.49.0/checker-qual-3.49.0.jar:/home/runner/.m2/repository/io/confluent/logredactor/1.0.13/logredactor-1.0.13.jar:/home/runner/.m2/repository/com/google/re2j/re2j/1.6/re2j-1.6.jar:/home/runner/.m2/repository/io/confluent/logredactor-metrics/1.0.13/logredactor-metrics-1.0.13.jar:/home/runner/.m2/repository/com/eclipsesource/minimal-json/minimal-json/0.9.5/minimal-json-0.9.5.jar:/home/runner/.m2/repository/io/confluent/common-utils/8.0.0/common-utils-8.0.0.jar:/home/runner/.m2/repository/io/confluent/kafka-connect-avro-converter/8.0.0/kafka-connect-avro-converter-8.0.0.jar:/home/runner/.m2/repository/io/confluent/kafka-connect-avro-data/8.0.0/kafka-connect-avro-data-8.0.0.jar:/home/runner/.m2/repository/io/confluent/kafka-schema-converter/8.0.0/kafka-schema-converter-8.0.0.jar:/home/runner/.m2/repository/io/rest-assured/rest-assured/5.5.1/rest-assured-5.5.1.jar:/home/runner/.m2/repository/org/apache/groovy/groovy/4.0.22/groovy-4.0.22.jar:/home/runner/.m2/repository/org/apache/groovy/groovy-xml/4.0.22/groovy-xml-4.0.22.jar:/home/runner/.m2/repository/org/apache/httpcomponents/httpclient/4.5.14/httpclient-4.5.14.jar:/home/runner/.m2/repository/org/apache/httpcomponents/httpcore/4.4.16/httpcore-4.4.16.jar:/home/runner/.m2/repository/org/apache/httpcomponents/httpmime/4.5.14/httpmime-4.5.14.jar:/home/runner/.m2/repository/org/hamcrest/hamcrest/2.2/hamcrest-2.2.jar:/home/runner/.m2/repository/org/ccil/cowan/tagsoup/tagsoup/1.2.1/tagsoup-1.2.1.jar:/home/runner/.m2/repository/io/rest-assured/json-path/5.5.1/json-path-5.5.1.jar:/home/runner/.m2/repository/org/apache/groovy/groovy-json/4.0.22/groovy-json-4.0.22.jar:/home/runner/.m2/repository/io/rest-assured/rest-assured-common/5.5.1/rest-assured-common-5.5.1.jar:/home/runner/.m2/repository/io/rest-assured/xml-path/5.5.1/xml-path-5.5.1.jar:/home/runner/.m2/repository/io/zonky/test/embedded-postgres/2.1.0/embedded-postgres-2.1.0.jar:/home/runner/.m2/repository/io/zonky/test/postgres/embedded-postgres-binaries-windows-amd64/14.15.0/embedded-postgres-binaries-windows-amd64-14.15.0.jar:/home/runner/.m2/repository/io/zonky/test/postgres/embedded-postgres-binaries-darwin-amd64/14.15.0/embedded-postgres-binaries-darwin-amd64-14.15.0.jar:/home/runner/.m2/repository/io/zonky/test/postgres/embedded-postgres-binaries-linux-amd64/14.15.0/embedded-postgres-binaries-linux-amd64-14.15.0.jar:/home/runner/.m2/repository/io/zonky/test/postgres/embedded-postgres-binaries-linux-amd64-alpine/14.15.0/embedded-postgres-binaries-linux-amd64-alpine-14.15.0.jar:/home/runner/.m2/repository/org/apache/commons/commons-lang3/3.17.0/commons-lang3-3.17.0.jar:/home/runner/.m2/repository/org/tukaani/xz/1.10/xz-1.10.jar:/home/runner/.m2/repository/commons-codec/commons-codec/1.19.0/commons-codec-1.19.0.jar:/home/runner/.m2/repository/org/postgresql/postgresql/42.7.7/postgresql-42.7.7.jar:/home/runner/.m2/repository/commons-io/commons-io/2.18.0/commons-io-2.18.0.jar:/home/runner/work/apicurio-testing/apicurio-testing/clusters/ci419/namespaces/inmemory/tests/integration/apicurio-registry/utils/importexport/target/apicurio-registry-utils-import-export-3.0.14-SNAPSHOT.jar:/home/runner/.m2/repository/io/vertx/vertx-core/4.5.16/vertx-core-4.5.16.jar:/home/runner/.m2/repository/io/netty/netty-common/4.1.121.Final/netty-common-4.1.121.Final.jar:/home/runner/.m2/repository/io/netty/netty-buffer/4.1.121.Final/netty-buffer-4.1.121.Final.jar:/home/runner/.m2/repository/io/netty/netty-transport/4.1.121.Final/netty-transport-4.1.121.Final.jar:/home/runner/.m2/repository/io/netty/netty-handler/4.1.121.Final/netty-handler-4.1.121.Final.jar:/home/runner/.m2/repository/io/netty/netty-transport-native-unix-common/4.1.121.Final/netty-transport-native-unix-common-4.1.121.Final.jar:/home/runner/.m2/repository/io/netty/netty-codec/4.1.121.Final/netty-codec-4.1.121.Final.jar:/home/runner/.m2/repository/io/netty/netty-handler-proxy/4.1.121.Final/netty-handler-proxy-4.1.121.Final.jar:/home/runner/.m2/repository/io/netty/netty-codec-socks/4.1.121.Final/netty-codec-socks-4.1.121.Final.jar:/home/runner/.m2/repository/io/netty/netty-codec-http/4.1.121.Final/netty-codec-http-4.1.121.Final.jar:/home/runner/.m2/repository/io/netty/netty-codec-http2/4.1.121.Final/netty-codec-http2-4.1.121.Final.jar:/home/runner/.m2/repository/io/netty/netty-resolver/4.1.121.Final/netty-resolver-4.1.121.Final.jar:/home/runner/.m2/repository/io/netty/netty-resolver-dns/4.1.121.Final/netty-resolver-dns-4.1.121.Final.jar:/home/runner/.m2/repository/io/netty/netty-codec-dns/4.1.121.Final/netty-codec-dns-4.1.121.Final.jar:/home/runner/.m2/repository/com/fasterxml/jackson/core/jackson-core/2.18.2/jackson-core-2.18.2.jar:"/>
    <property name="java.vm.vendor" value="Eclipse Adoptium"/>
    <property name="maven.javadoc.skip" value="true"/>
    <property name="sun.arch.data.model" value="64"/>
    <property name="java.vendor.url" value="https://adoptium.net/"/>
    <property name="user.timezone" value="Etc/UTC"/>
    <property name="os.name" value="Linux"/>
    <property name="java.vm.specification.version" value="17"/>
    <property name="sun.java.launcher" value="SUN_STANDARD"/>
    <property name="quarkus.http.test-port" value="80"/>
    <property name="sun.boot.library.path" value="/usr/lib/jvm/temurin-17-jdk-amd64/lib"/>
    <property name="sun.java.command" value="/home/runner/work/apicurio-testing/apicurio-testing/clusters/ci419/namespaces/inmemory/tests/integration/apicurio-registry/integration-tests/target/surefire/surefirebooter-20250903135329164_3.jar /home/runner/work/apicurio-testing/apicurio-testing/clusters/ci419/namespaces/inmemory/tests/integration/apicurio-registry/integration-tests/target/surefire 2025-09-03T13-53-29_105-jvmRun1 surefire-20250903135329164_1tmp surefire_0-20250903135329164_2tmp"/>
    <property name="maven.home" value="/home/runner/.m2/wrapper/dists/apache-maven-3.9.8-bin/4fnp1ql35bgk2a0p7m31ovbgb0/apache-maven-3.9.8"/>
    <property name="jdk.debug" value="release"/>
    <property name="surefire.test.class.path" value="/home/runner/work/apicurio-testing/apicurio-testing/clusters/ci419/namespaces/inmemory/tests/integration/apicurio-registry/integration-tests/target/test-classes:/home/runner/work/apicurio-testing/apicurio-testing/clusters/ci419/namespaces/inmemory/tests/integration/apicurio-registry/integration-tests/target/apicurio-registry-integration-tests-3.0.14-SNAPSHOT.jar:/home/runner/.m2/repository/io/quarkus/quarkus-junit5/3.20.2/quarkus-junit5-3.20.2.jar:/home/runner/.m2/repository/io/quarkus/quarkus-bootstrap-core/3.20.2/quarkus-bootstrap-core-3.20.2.jar:/home/runner/.m2/repository/io/quarkus/quarkus-classloader-commons/3.20.2/quarkus-classloader-commons-3.20.2.jar:/home/runner/.m2/repository/io/quarkus/quarkus-bootstrap-app-model/3.20.2/quarkus-bootstrap-app-model-3.20.2.jar:/home/runner/.m2/repository/io/smallrye/common/smallrye-common-io/2.12.0/smallrye-common-io-2.12.0.jar:/home/runner/.m2/repository/org/eclipse/sisu/org.eclipse.sisu.inject/0.9.0.M3/org.eclipse.sisu.inject-0.9.0.M3.jar:/home/runner/.m2/repository/io/quarkus/quarkus-test-common/3.20.2/quarkus-test-common-3.20.2.jar:/home/runner/.m2/repository/io/quarkus/quarkus-core-deployment/3.20.2/quarkus-core-deployment-3.20.2.jar:/home/runner/.m2/repository/org/aesh/readline/2.6/readline-2.6.jar:/home/runner/.m2/repository/org/fusesource/jansi/jansi/2.4.0/jansi-2.4.0.jar:/home/runner/.m2/repository/org/aesh/aesh/2.8.2/aesh-2.8.2.jar:/home/runner/.m2/repository/io/quarkus/gizmo/gizmo/1.8.0/gizmo-1.8.0.jar:/home/runner/.m2/repository/org/ow2/asm/asm-util/9.7.1/asm-util-9.7.1.jar:/home/runner/.m2/repository/org/ow2/asm/asm-analysis/9.7.1/asm-analysis-9.7.1.jar:/home/runner/.m2/repository/org/ow2/asm/asm-commons/9.7.1/asm-commons-9.7.1.jar:/home/runner/.m2/repository/org/ow2/asm/asm-tree/9.7.1/asm-tree-9.7.1.jar:/home/runner/.m2/repository/io/quarkus/quarkus-hibernate-validator-spi/3.20.2/quarkus-hibernate-validator-spi-3.20.2.jar:/home/runner/.m2/repository/io/quarkus/quarkus-class-change-agent/3.20.2/quarkus-class-change-agent-3.20.2.jar:/home/runner/.m2/repository/io/quarkus/quarkus-devtools-utilities/3.20.2/quarkus-devtools-utilities-3.20.2.jar:/home/runner/.m2/repository/io/quarkus/quarkus-builder/3.20.2/quarkus-builder-3.20.2.jar:/home/runner/.m2/repository/org/graalvm/sdk/nativeimage/23.1.2/nativeimage-23.1.2.jar:/home/runner/.m2/repository/org/graalvm/sdk/word/23.1.2/word-23.1.2.jar:/home/runner/.m2/repository/io/quarkus/quarkus-bootstrap-maven-resolver/3.20.2/quarkus-bootstrap-maven-resolver-3.20.2.jar:/home/runner/.m2/repository/io/smallrye/beanbag/smallrye-beanbag-maven/1.5.2/smallrye-beanbag-maven-1.5.2.jar:/home/runner/.m2/repository/io/smallrye/beanbag/smallrye-beanbag-sisu/1.5.2/smallrye-beanbag-sisu-1.5.2.jar:/home/runner/.m2/repository/io/smallrye/beanbag/smallrye-beanbag/1.5.2/smallrye-beanbag-1.5.2.jar:/home/runner/.m2/repository/javax/inject/javax.inject/1/javax.inject-1.jar:/home/runner/.m2/repository/org/apache/maven/maven-artifact/3.9.9/maven-artifact-3.9.9.jar:/home/runner/.m2/repository/org/apache/maven/maven-builder-support/3.9.9/maven-builder-support-3.9.9.jar:/home/runner/.m2/repository/org/apache/maven/maven-model/3.9.9/maven-model-3.9.9.jar:/home/runner/.m2/repository/org/apache/maven/maven-model-builder/3.9.9/maven-model-builder-3.9.9.jar:/home/runner/.m2/repository/org/apache/maven/maven-repository-metadata/3.9.9/maven-repository-metadata-3.9.9.jar:/home/runner/.m2/repository/org/apache/maven/maven-settings/3.9.9/maven-settings-3.9.9.jar:/home/runner/.m2/repository/org/apache/maven/resolver/maven-resolver-api/1.9.22/maven-resolver-api-1.9.22.jar:/home/runner/.m2/repository/org/apache/maven/resolver/maven-resolver-impl/1.9.22/maven-resolver-impl-1.9.22.jar:/home/runner/.m2/repository/org/apache/maven/resolver/maven-resolver-named-locks/1.9.22/maven-resolver-named-locks-1.9.22.jar:/home/runner/.m2/repository/org/apache/maven/resolver/maven-resolver-spi/1.9.22/maven-resolver-spi-1.9.22.jar:/home/runner/.m2/repository/org/apache/maven/resolver/maven-resolver-util/1.9.22/maven-resolver-util-1.9.22.jar:/home/runner/.m2/repository/org/apache/maven/resolver/maven-resolver-transport-http/1.9.20/maven-resolver-transport-http-1.9.20.jar:/home/runner/.m2/repository/org/apache/maven/wagon/wagon-provider-api/3.5.3/wagon-provider-api-3.5.3.jar:/home/runner/.m2/repository/org/apache/maven/wagon/wagon-http-shared/3.5.3/wagon-http-shared-3.5.3.jar:/home/runner/.m2/repository/org/codehaus/plexus/plexus-interpolation/1.26/plexus-interpolation-1.26.jar:/home/runner/.m2/repository/org/codehaus/plexus/plexus-utils/3.5.1/plexus-utils-3.5.1.jar:/home/runner/.m2/repository/org/codehaus/plexus/plexus-xml/4.0.1/plexus-xml-4.0.1.jar:/home/runner/.m2/repository/org/apache/maven/maven-xml-impl/4.0.0-alpha-5/maven-xml-impl-4.0.0-alpha-5.jar:/home/runner/.m2/repository/org/apache/maven/maven-api-xml/4.0.0-alpha-5/maven-api-xml-4.0.0-alpha-5.jar:/home/runner/.m2/repository/org/apache/maven/maven-api-meta/4.0.0-alpha-5/maven-api-meta-4.0.0-alpha-5.jar:/home/runner/.m2/repository/org/codehaus/plexus/plexus-cipher/2.0/plexus-cipher-2.0.jar:/home/runner/.m2/repository/org/codehaus/plexus/plexus-sec-dispatcher/2.0/plexus-sec-dispatcher-2.0.jar:/home/runner/.m2/repository/org/apache/maven/maven-embedder/3.9.9/maven-embedder-3.9.9.jar:/home/runner/.m2/repository/org/apache/maven/maven-core/3.9.9/maven-core-3.9.9.jar:/home/runner/.m2/repository/org/codehaus/plexus/plexus-component-annotations/2.1.0/plexus-component-annotations-2.1.0.jar:/home/runner/.m2/repository/org/apache/maven/maven-plugin-api/3.9.9/maven-plugin-api-3.9.9.jar:/home/runner/.m2/repository/org/apache/maven/shared/maven-shared-utils/3.4.2/maven-shared-utils-3.4.2.jar:/home/runner/.m2/repository/com/google/inject/guice/5.1.0/guice-5.1.0.jar:/home/runner/.m2/repository/aopalliance/aopalliance/1.0/aopalliance-1.0.jar:/home/runner/.m2/repository/org/codehaus/plexus/plexus-classworlds/2.6.0/plexus-classworlds-2.6.0.jar:/home/runner/.m2/repository/commons-cli/commons-cli/1.8.0/commons-cli-1.8.0.jar:/home/runner/.m2/repository/org/eclipse/sisu/org.eclipse.sisu.plexus/0.9.0.M3/org.eclipse.sisu.plexus-0.9.0.M3.jar:/home/runner/.m2/repository/org/apache/maven/maven-settings-builder/3.9.9/maven-settings-builder-3.9.9.jar:/home/runner/.m2/repository/org/apache/maven/maven-resolver-provider/3.9.9/maven-resolver-provider-3.9.9.jar:/home/runner/.m2/repository/org/apache/maven/resolver/maven-resolver-connector-basic/1.9.22/maven-resolver-connector-basic-1.9.22.jar:/home/runner/.m2/repository/org/apache/maven/resolver/maven-resolver-transport-wagon/1.9.22/maven-resolver-transport-wagon-1.9.22.jar:/home/runner/.m2/repository/org/apache/maven/wagon/wagon-http/3.5.3/wagon-http-3.5.3.jar:/home/runner/.m2/repository/org/apache/maven/wagon/wagon-file/3.5.3/wagon-file-3.5.3.jar:/home/runner/.m2/repository/io/quarkus/quarkus-bootstrap-gradle-resolver/3.20.2/quarkus-bootstrap-gradle-resolver-3.20.2.jar:/home/runner/.m2/repository/io/smallrye/jandex/3.3.0/jandex-3.3.0.jar:/home/runner/.m2/repository/org/jboss/logging/commons-logging-jboss-logging/1.0.0.Final/commons-logging-jboss-logging-1.0.0.Final.jar:/home/runner/.m2/repository/io/quarkus/quarkus-junit5-config/3.20.2/quarkus-junit5-config-3.20.2.jar:/home/runner/.m2/repository/org/junit/jupiter/junit-jupiter-api/5.12.1/junit-jupiter-api-5.12.1.jar:/home/runner/.m2/repository/io/smallrye/config/smallrye-config/3.11.4/smallrye-config-3.11.4.jar:/home/runner/.m2/repository/io/smallrye/config/smallrye-config-core/3.11.4/smallrye-config-core-3.11.4.jar:/home/runner/.m2/repository/io/smallrye/common/smallrye-common-classloader/2.12.0/smallrye-common-classloader-2.12.0.jar:/home/runner/.m2/repository/io/smallrye/config/smallrye-config-common/3.11.4/smallrye-config-common-3.11.4.jar:/home/runner/.m2/repository/org/junit/jupiter/junit-jupiter/5.12.1/junit-jupiter-5.12.1.jar:/home/runner/.m2/repository/org/junit/jupiter/junit-jupiter-params/5.12.1/junit-jupiter-params-5.12.1.jar:/home/runner/.m2/repository/org/junit/jupiter/junit-jupiter-engine/5.12.1/junit-jupiter-engine-5.12.1.jar:/home/runner/.m2/repository/io/quarkus/quarkus-core/3.20.2/quarkus-core-3.20.2.jar:/home/runner/.m2/repository/jakarta/enterprise/jakarta.enterprise.cdi-api/4.1.0/jakarta.enterprise.cdi-api-4.1.0.jar:/home/runner/.m2/repository/jakarta/enterprise/jakarta.enterprise.lang-model/4.1.0/jakarta.enterprise.lang-model-4.1.0.jar:/home/runner/.m2/repository/jakarta/el/jakarta.el-api/5.0.1/jakarta.el-api-5.0.1.jar:/home/runner/.m2/repository/jakarta/interceptor/jakarta.interceptor-api/2.2.0/jakarta.interceptor-api-2.2.0.jar:/home/runner/.m2/repository/jakarta/inject/jakarta.inject-api/2.0.1/jakarta.inject-api-2.0.1.jar:/home/runner/.m2/repository/io/smallrye/common/smallrye-common-os/2.12.0/smallrye-common-os-2.12.0.jar:/home/runner/.m2/repository/io/quarkus/quarkus-ide-launcher/3.20.2/quarkus-ide-launcher-3.20.2.jar:/home/runner/.m2/repository/io/quarkus/quarkus-development-mode-spi/3.20.2/quarkus-development-mode-spi-3.20.2.jar:/home/runner/.m2/repository/org/jboss/logging/jboss-logging/3.6.1.Final/jboss-logging-3.6.1.Final.jar:/home/runner/.m2/repository/org/jboss/logmanager/jboss-logmanager/3.1.2.Final/jboss-logmanager-3.1.2.Final.jar:/home/runner/.m2/repository/io/smallrye/common/smallrye-common-constraint/2.12.0/smallrye-common-constraint-2.12.0.jar:/home/runner/.m2/repository/io/smallrye/common/smallrye-common-cpu/2.12.0/smallrye-common-cpu-2.12.0.jar:/home/runner/.m2/repository/io/smallrye/common/smallrye-common-expression/2.12.0/smallrye-common-expression-2.12.0.jar:/home/runner/.m2/repository/io/smallrye/common/smallrye-common-net/2.12.0/smallrye-common-net-2.12.0.jar:/home/runner/.m2/repository/io/smallrye/common/smallrye-common-ref/2.12.0/smallrye-common-ref-2.12.0.jar:/home/runner/.m2/repository/jakarta/json/jakarta.json-api/2.1.3/jakarta.json-api-2.1.3.jar:/home/runner/.m2/repository/org/eclipse/parsson/parsson/1.1.7/parsson-1.1.7.jar:/home/runner/.m2/repository/org/jboss/logging/jboss-logging-annotations/3.0.4.Final/jboss-logging-annotations-3.0.4.Final.jar:/home/runner/.m2/repository/org/jboss/threads/jboss-threads/3.8.0.Final/jboss-threads-3.8.0.Final.jar:/home/runner/.m2/repository/io/smallrye/common/smallrye-common-annotation/2.12.0/smallrye-common-annotation-2.12.0.jar:/home/runner/.m2/repository/io/smallrye/common/smallrye-common-function/2.12.0/smallrye-common-function-2.12.0.jar:/home/runner/.m2/repository/org/jboss/slf4j/slf4j-jboss-logmanager/2.0.0.Final/slf4j-jboss-logmanager-2.0.0.Final.jar:/home/runner/.m2/repository/org/wildfly/common/wildfly-common/2.0.1/wildfly-common-2.0.1.jar:/home/runner/.m2/repository/io/quarkus/quarkus-bootstrap-runner/3.20.2/quarkus-bootstrap-runner-3.20.2.jar:/home/runner/.m2/repository/io/github/crac/org-crac/0.1.3/org-crac-0.1.3.jar:/home/runner/.m2/repository/io/quarkus/quarkus-fs-util/0.0.10/quarkus-fs-util-0.0.10.jar:/home/runner/.m2/repository/org/jboss/marshalling/jboss-marshalling/2.2.2.Final/jboss-marshalling-2.2.2.Final.jar:/home/runner/.m2/repository/io/fabric8/kubernetes-client/7.1.0/kubernetes-client-7.1.0.jar:/home/runner/.m2/repository/io/fabric8/kubernetes-client-api/7.1.0/kubernetes-client-api-7.1.0.jar:/home/runner/.m2/repository/io/fabric8/kubernetes-model-core/7.1.0/kubernetes-model-core-7.1.0.jar:/home/runner/.m2/repository/io/fabric8/kubernetes-model-common/7.1.0/kubernetes-model-common-7.1.0.jar:/home/runner/.m2/repository/javax/annotation/javax.annotation-api/1.3.2/javax.annotation-api-1.3.2.jar:/home/runner/.m2/repository/io/fabric8/kubernetes-model-gatewayapi/7.1.0/kubernetes-model-gatewayapi-7.1.0.jar:/home/runner/.m2/repository/io/fabric8/kubernetes-model-resource/7.1.0/kubernetes-model-resource-7.1.0.jar:/home/runner/.m2/repository/io/fabric8/kubernetes-model-rbac/7.1.0/kubernetes-model-rbac-7.1.0.jar:/home/runner/.m2/repository/io/fabric8/kubernetes-model-admissionregistration/7.1.0/kubernetes-model-admissionregistration-7.1.0.jar:/home/runner/.m2/repository/io/fabric8/kubernetes-model-apps/7.1.0/kubernetes-model-apps-7.1.0.jar:/home/runner/.m2/repository/io/fabric8/kubernetes-model-autoscaling/7.1.0/kubernetes-model-autoscaling-7.1.0.jar:/home/runner/.m2/repository/io/fabric8/kubernetes-model-apiextensions/7.1.0/kubernetes-model-apiextensions-7.1.0.jar:/home/runner/.m2/repository/io/fabric8/kubernetes-model-batch/7.1.0/kubernetes-model-batch-7.1.0.jar:/home/runner/.m2/repository/io/fabric8/kubernetes-model-certificates/7.1.0/kubernetes-model-certificates-7.1.0.jar:/home/runner/.m2/repository/io/fabric8/kubernetes-model-coordination/7.1.0/kubernetes-model-coordination-7.1.0.jar:/home/runner/.m2/repository/io/fabric8/kubernetes-model-discovery/7.1.0/kubernetes-model-discovery-7.1.0.jar:/home/runner/.m2/repository/io/fabric8/kubernetes-model-events/7.1.0/kubernetes-model-events-7.1.0.jar:/home/runner/.m2/repository/io/fabric8/kubernetes-model-extensions/7.1.0/kubernetes-model-extensions-7.1.0.jar:/home/runner/.m2/repository/io/fabric8/kubernetes-model-flowcontrol/7.1.0/kubernetes-model-flowcontrol-7.1.0.jar:/home/runner/.m2/repository/io/fabric8/kubernetes-model-networking/7.1.0/kubernetes-model-networking-7.1.0.jar:/home/runner/.m2/repository/io/fabric8/kubernetes-model-metrics/7.1.0/kubernetes-model-metrics-7.1.0.jar:/home/runner/.m2/repository/io/fabric8/kubernetes-model-policy/7.1.0/kubernetes-model-policy-7.1.0.jar:/home/runner/.m2/repository/io/fabric8/kubernetes-model-scheduling/7.1.0/kubernetes-model-scheduling-7.1.0.jar:/home/runner/.m2/repository/io/fabric8/kubernetes-model-storageclass/7.1.0/kubernetes-model-storageclass-7.1.0.jar:/home/runner/.m2/repository/io/fabric8/kubernetes-model-node/7.1.0/kubernetes-model-node-7.1.0.jar:/home/runner/.m2/repository/org/snakeyaml/snakeyaml-engine/2.9/snakeyaml-engine-2.9.jar:/home/runner/.m2/repository/com/fasterxml/jackson/dataformat/jackson-dataformat-yaml/2.18.2/jackson-dataformat-yaml-2.18.2.jar:/home/runner/.m2/repository/com/fasterxml/jackson/datatype/jackson-datatype-jsr310/2.18.2/jackson-datatype-jsr310-2.18.2.jar:/home/runner/.m2/repository/io/fabric8/zjsonpatch/7.1.0/zjsonpatch-7.1.0.jar:/home/runner/.m2/repository/io/fabric8/kubernetes-httpclient-vertx/7.1.0/kubernetes-httpclient-vertx-7.1.0.jar:/home/runner/.m2/repository/io/vertx/vertx-web-client/4.5.16/vertx-web-client-4.5.16.jar:/home/runner/.m2/repository/io/vertx/vertx-web-common/4.5.16/vertx-web-common-4.5.16.jar:/home/runner/.m2/repository/io/vertx/vertx-auth-common/4.5.16/vertx-auth-common-4.5.16.jar:/home/runner/.m2/repository/io/vertx/vertx-uri-template/4.5.16/vertx-uri-template-4.5.16.jar:/home/runner/.m2/repository/io/fabric8/openshift-client/7.1.0/openshift-client-7.1.0.jar:/home/runner/.m2/repository/io/fabric8/openshift-client-api/7.1.0/openshift-client-api-7.1.0.jar:/home/runner/.m2/repository/io/fabric8/openshift-model/7.1.0/openshift-model-7.1.0.jar:/home/runner/.m2/repository/io/fabric8/openshift-model-autoscaling/7.1.0/openshift-model-autoscaling-7.1.0.jar:/home/runner/.m2/repository/io/fabric8/openshift-model-operator/7.1.0/openshift-model-operator-7.1.0.jar:/home/runner/.m2/repository/io/fabric8/openshift-model-operatorhub/7.1.0/openshift-model-operatorhub-7.1.0.jar:/home/runner/.m2/repository/io/fabric8/openshift-model-machine/7.1.0/openshift-model-machine-7.1.0.jar:/home/runner/.m2/repository/io/fabric8/openshift-model-whereabouts/7.1.0/openshift-model-whereabouts-7.1.0.jar:/home/runner/.m2/repository/io/fabric8/openshift-model-monitoring/7.1.0/openshift-model-monitoring-7.1.0.jar:/home/runner/.m2/repository/io/fabric8/openshift-model-storageversionmigrator/7.1.0/openshift-model-storageversionmigrator-7.1.0.jar:/home/runner/.m2/repository/io/fabric8/openshift-model-tuned/7.1.0/openshift-model-tuned-7.1.0.jar:/home/runner/.m2/repository/io/fabric8/openshift-model-console/7.1.0/openshift-model-console-7.1.0.jar:/home/runner/.m2/repository/io/fabric8/openshift-model-config/7.1.0/openshift-model-config-7.1.0.jar:/home/runner/.m2/repository/io/fabric8/openshift-model-machineconfiguration/7.1.0/openshift-model-machineconfiguration-7.1.0.jar:/home/runner/.m2/repository/io/fabric8/openshift-model-miscellaneous/7.1.0/openshift-model-miscellaneous-7.1.0.jar:/home/runner/.m2/repository/io/fabric8/openshift-model-hive/7.1.0/openshift-model-hive-7.1.0.jar:/home/runner/.m2/repository/io/fabric8/openshift-model-installer/7.1.0/openshift-model-installer-7.1.0.jar:/home/runner/.m2/repository/org/junit/platform/junit-platform-launcher/1.12.1/junit-platform-launcher-1.12.1.jar:/home/runner/.m2/repository/org/junit/platform/junit-platform-engine/1.12.1/junit-platform-engine-1.12.1.jar:/home/runner/.m2/repository/org/opentest4j/opentest4j/1.3.0/opentest4j-1.3.0.jar:/home/runner/.m2/repository/org/junit/platform/junit-platform-commons/1.12.1/junit-platform-commons-1.12.1.jar:/home/runner/.m2/repository/org/apiguardian/apiguardian-api/1.1.2/apiguardian-api-1.1.2.jar:/home/runner/.m2/repository/jakarta/ws/rs/jakarta.ws.rs-api/3.1.0/jakarta.ws.rs-api-3.1.0.jar:/home/runner/work/apicurio-testing/apicurio-testing/clusters/ci419/namespaces/inmemory/tests/integration/apicurio-registry/java-sdk/target/apicurio-registry-java-sdk-3.0.14-SNAPSHOT.jar:/home/runner/.m2/repository/com/microsoft/kiota/microsoft-kiota-abstractions/1.8.9/microsoft-kiota-abstractions-1.8.9.jar:/home/runner/.m2/repository/io/github/std-uritemplate/std-uritemplate/2.0.0/std-uritemplate-2.0.0.jar:/home/runner/.m2/repository/io/kiota/kiota-http-jdk/0.0.29/kiota-http-jdk-0.0.29.jar:/home/runner/.m2/repository/io/kiota/kiota-http-vertx/0.0.29/kiota-http-vertx-0.0.29.jar:/home/runner/.m2/repository/io/kiota/kiota-serialization-jackson/0.0.29/kiota-serialization-jackson-0.0.29.jar:/home/runner/.m2/repository/com/microsoft/kiota/microsoft-kiota-serialization-text/1.8.9/microsoft-kiota-serialization-text-1.8.9.jar:/home/runner/.m2/repository/com/microsoft/kiota/microsoft-kiota-serialization-form/1.8.9/microsoft-kiota-serialization-form-1.8.9.jar:/home/runner/.m2/repository/com/microsoft/kiota/microsoft-kiota-serialization-multipart/1.8.9/microsoft-kiota-serialization-multipart-1.8.9.jar:/home/runner/.m2/repository/jakarta/annotation/jakarta.annotation-api/3.0.0/jakarta.annotation-api-3.0.0.jar:/home/runner/.m2/repository/io/vertx/vertx-auth-oauth2/4.5.16/vertx-auth-oauth2-4.5.16.jar:/home/runner/work/apicurio-testing/apicurio-testing/clusters/ci419/namespaces/inmemory/tests/integration/apicurio-registry/java-sdk-v2/target/apicurio-registry-v2-java-sdk-3.0.14-SNAPSHOT.jar:/home/runner/work/apicurio-testing/apicurio-testing/clusters/ci419/namespaces/inmemory/tests/integration/apicurio-registry/utils/kafka/target/apicurio-registry-utils-kafka-3.0.14-SNAPSHOT-tests.jar:/home/runner/.m2/repository/org/eclipse/microprofile/config/microprofile-config-api/3.1/microprofile-config-api-3.1.jar:/home/runner/.m2/repository/org/apache/kafka/kafka-clients/3.9.1/kafka-clients-3.9.1.jar:/home/runner/.m2/repository/com/github/luben/zstd-jni/1.5.6-4/zstd-jni-1.5.6-4.jar:/home/runner/.m2/repository/org/lz4/lz4-java/1.8.0/lz4-java-1.8.0.jar:/home/runner/.m2/repository/org/xerial/snappy/snappy-java/1.1.10.5/snappy-java-1.1.10.5.jar:/home/runner/.m2/repository/org/slf4j/slf4j-api/2.0.6/slf4j-api-2.0.6.jar:/home/runner/work/apicurio-testing/apicurio-testing/clusters/ci419/namespaces/inmemory/tests/integration/apicurio-registry/utils/tests/target/apicurio-registry-utils-tests-3.0.14-SNAPSHOT.jar:/home/runner/work/apicurio-testing/apicurio-testing/clusters/ci419/namespaces/inmemory/tests/integration/apicurio-registry/common/target/apicurio-registry-common-3.0.14-SNAPSHOT.jar:/home/runner/.m2/repository/jakarta/validation/jakarta.validation-api/3.0.2/jakarta.validation-api-3.0.2.jar:/home/runner/.m2/repository/com/github/dasniko/testcontainers-keycloak/3.8.0/testcontainers-keycloak-3.8.0.jar:/home/runner/.m2/repository/org/testcontainers/testcontainers/1.20.6/testcontainers-1.20.6.jar:/home/runner/.m2/repository/org/rnorth/duct-tape/duct-tape/1.0.8/duct-tape-1.0.8.jar:/home/runner/.m2/repository/com/github/docker-java/docker-java-transport-zerodep/3.4.1/docker-java-transport-zerodep-3.4.1.jar:/home/runner/.m2/repository/com/github/docker-java/docker-java-transport/3.4.1/docker-java-transport-3.4.1.jar:/home/runner/.m2/repository/net/java/dev/jna/jna/5.8.0/jna-5.8.0.jar:/home/runner/.m2/repository/io/quarkus/quarkus-junit4-mock/3.20.2/quarkus-junit4-mock-3.20.2.jar:/home/runner/.m2/repository/org/jboss/shrinkwrap/shrinkwrap-api/2.0.0-beta-2/shrinkwrap-api-2.0.0-beta-2.jar:/home/runner/.m2/repository/org/jboss/shrinkwrap/shrinkwrap-impl-base/2.0.0-beta-2/shrinkwrap-impl-base-2.0.0-beta-2.jar:/home/runner/.m2/repository/org/jboss/shrinkwrap/shrinkwrap-spi/2.0.0-beta-2/shrinkwrap-spi-2.0.0-beta-2.jar:/home/runner/.m2/repository/org/keycloak/keycloak-admin-client/26.0.4/keycloak-admin-client-26.0.4.jar:/home/runner/.m2/repository/org/keycloak/keycloak-client-common-synced/26.0.4/keycloak-client-common-synced-26.0.4.jar:/home/runner/.m2/repository/jakarta/activation/jakarta.activation-api/2.1.3/jakarta.activation-api-2.1.3.jar:/home/runner/.m2/repository/org/eclipse/microprofile/openapi/microprofile-openapi-api/4.0.2/microprofile-openapi-api-4.0.2.jar:/home/runner/.m2/repository/org/jboss/resteasy/resteasy-client/6.2.12.Final/resteasy-client-6.2.12.Final.jar:/home/runner/.m2/repository/org/jboss/resteasy/resteasy-client-api/6.2.12.Final/resteasy-client-api-6.2.12.Final.jar:/home/runner/.m2/repository/org/jboss/resteasy/resteasy-core-spi/6.2.12.Final/resteasy-core-spi-6.2.12.Final.jar:/home/runner/.m2/repository/org/jboss/resteasy/resteasy-core/6.2.12.Final/resteasy-core-6.2.12.Final.jar:/home/runner/.m2/repository/org/eclipse/angus/angus-activation/2.0.2/angus-activation-2.0.2.jar:/home/runner/.m2/repository/com/ibm/async/asyncutil/0.1.0/asyncutil-0.1.0.jar:/home/runner/.m2/repository/org/reactivestreams/reactive-streams/1.0.4/reactive-streams-1.0.4.jar:/home/runner/.m2/repository/org/jboss/resteasy/resteasy-multipart-provider/6.2.12.Final/resteasy-multipart-provider-6.2.12.Final.jar:/home/runner/.m2/repository/jakarta/mail/jakarta.mail-api/2.1.3/jakarta.mail-api-2.1.3.jar:/home/runner/.m2/repository/org/eclipse/angus/angus-mail/2.0.3/angus-mail-2.0.3.jar:/home/runner/.m2/repository/org/apache/james/apache-mime4j-dom/0.8.12/apache-mime4j-dom-0.8.12.jar:/home/runner/.m2/repository/org/apache/james/apache-mime4j-core/0.8.12/apache-mime4j-core-0.8.12.jar:/home/runner/.m2/repository/org/apache/james/apache-mime4j-storage/0.8.12/apache-mime4j-storage-0.8.12.jar:/home/runner/.m2/repository/org/jboss/resteasy/resteasy-jackson2-provider/6.2.12.Final/resteasy-jackson2-provider-6.2.12.Final.jar:/home/runner/.m2/repository/com/fasterxml/jackson/jakarta/rs/jackson-jakarta-rs-base/2.18.2/jackson-jakarta-rs-base-2.18.2.jar:/home/runner/.m2/repository/com/fasterxml/jackson/jakarta/rs/jackson-jakarta-rs-json-provider/2.18.2/jackson-jakarta-rs-json-provider-2.18.2.jar:/home/runner/.m2/repository/com/fasterxml/jackson/module/jackson-module-jakarta-xmlbind-annotations/2.18.2/jackson-module-jakarta-xmlbind-annotations-2.18.2.jar:/home/runner/.m2/repository/com/github/java-json-tools/json-patch/1.13/json-patch-1.13.jar:/home/runner/.m2/repository/com/github/java-json-tools/msg-simple/1.2/msg-simple-1.2.jar:/home/runner/.m2/repository/com/github/java-json-tools/btf/1.3/btf-1.3.jar:/home/runner/.m2/repository/com/github/java-json-tools/jackson-coreutils/2.0/jackson-coreutils-2.0.jar:/home/runner/.m2/repository/org/jboss/resteasy/resteasy-jaxb-provider/6.2.12.Final/resteasy-jaxb-provider-6.2.12.Final.jar:/home/runner/.m2/repository/org/glassfish/jaxb/codemodel/4.0.5/codemodel-4.0.5.jar:/home/runner/.m2/repository/org/glassfish/jaxb/jaxb-core/4.0.5/jaxb-core-4.0.5.jar:/home/runner/.m2/repository/org/glassfish/jaxb/jaxb-jxc/4.0.5/jaxb-jxc-4.0.5.jar:/home/runner/.m2/repository/org/glassfish/jaxb/jaxb-runtime/4.0.5/jaxb-runtime-4.0.5.jar:/home/runner/.m2/repository/org/glassfish/jaxb/txw2/4.0.5/txw2-4.0.5.jar:/home/runner/.m2/repository/org/glassfish/jaxb/jaxb-xjc/4.0.5/jaxb-xjc-4.0.5.jar:/home/runner/.m2/repository/org/glassfish/jaxb/xsom/4.0.5/xsom-4.0.5.jar:/home/runner/.m2/repository/com/sun/istack/istack-commons-runtime/4.1.2/istack-commons-runtime-4.1.2.jar:/home/runner/.m2/repository/com/sun/istack/istack-commons-tools/4.1.2/istack-commons-tools-4.1.2.jar:/home/runner/.m2/repository/com/sun/xml/bind/external/relaxng-datatype/4.0.5/relaxng-datatype-4.0.5.jar:/home/runner/.m2/repository/com/sun/xml/bind/external/rngom/4.0.5/rngom-4.0.5.jar:/home/runner/.m2/repository/org/testcontainers/mssqlserver/1.20.6/mssqlserver-1.20.6.jar:/home/runner/.m2/repository/org/testcontainers/jdbc/1.20.6/jdbc-1.20.6.jar:/home/runner/.m2/repository/org/testcontainers/database-commons/1.20.6/database-commons-1.20.6.jar:/home/runner/.m2/repository/org/testcontainers/mysql/1.20.6/mysql-1.20.6.jar:/home/runner/.m2/repository/io/strimzi/strimzi-test-container/0.111.0/strimzi-test-container-0.111.0.jar:/home/runner/.m2/repository/org/testcontainers/toxiproxy/1.20.6/toxiproxy-1.20.6.jar:/home/runner/.m2/repository/com/github/docker-java/docker-java-api/3.4.1/docker-java-api-3.4.1.jar:/home/runner/.m2/repository/org/apache/logging/log4j/log4j-slf4j-impl/2.19.0/log4j-slf4j-impl-2.19.0.jar:/home/runner/.m2/repository/org/apache/logging/log4j/log4j-api/2.24.3/log4j-api-2.24.3.jar:/home/runner/.m2/repository/org/apache/logging/log4j/log4j-core/2.19.0/log4j-core-2.19.0.jar:/home/runner/.m2/repository/eu/rekawek/toxiproxy/toxiproxy-java/2.1.7/toxiproxy-java-2.1.7.jar:/home/runner/.m2/repository/org/testcontainers/pulsar/1.21.3/pulsar-1.21.3.jar:/home/runner/.m2/repository/io/debezium/debezium-testing-testcontainers/2.7.4.Final/debezium-testing-testcontainers-2.7.4.Final.jar:/home/runner/.m2/repository/org/testcontainers/kafka/1.20.6/kafka-1.20.6.jar:/home/runner/.m2/repository/com/squareup/okhttp3/okhttp/4.8.1/okhttp-4.8.1.jar:/home/runner/.m2/repository/com/squareup/okio/okio/3.10.2/okio-3.10.2.jar:/home/runner/.m2/repository/com/squareup/okio/okio-jvm/3.10.2/okio-jvm-3.10.2.jar:/home/runner/.m2/repository/org/jetbrains/kotlin/kotlin-stdlib/2.0.21/kotlin-stdlib-2.0.21.jar:/home/runner/.m2/repository/org/awaitility/awaitility/4.3.0/awaitility-4.3.0.jar:/home/runner/.m2/repository/org/testcontainers/mongodb/1.20.6/mongodb-1.20.6.jar:/home/runner/.m2/repository/org/testcontainers/mariadb/1.20.6/mariadb-1.20.6.jar:/home/runner/.m2/repository/org/testcontainers/oracle-xe/1.20.6/oracle-xe-1.20.6.jar:/home/runner/.m2/repository/org/testcontainers/postgresql/1.20.6/postgresql-1.20.6.jar:/home/runner/.m2/repository/org/wiremock/wiremock/3.0.1/wiremock-3.0.1.jar:/home/runner/.m2/repository/org/eclipse/jetty/jetty-server/11.0.15/jetty-server-11.0.15.jar:/home/runner/.m2/repository/org/eclipse/jetty/toolchain/jetty-jakarta-servlet-api/5.0.2/jetty-jakarta-servlet-api-5.0.2.jar:/home/runner/.m2/repository/org/eclipse/jetty/jetty-http/11.0.15/jetty-http-11.0.15.jar:/home/runner/.m2/repository/org/eclipse/jetty/jetty-io/11.0.15/jetty-io-11.0.15.jar:/home/runner/.m2/repository/org/eclipse/jetty/jetty-servlet/11.0.15/jetty-servlet-11.0.15.jar:/home/runner/.m2/repository/org/eclipse/jetty/jetty-security/11.0.15/jetty-security-11.0.15.jar:/home/runner/.m2/repository/org/eclipse/jetty/jetty-servlets/11.0.15/jetty-servlets-11.0.15.jar:/home/runner/.m2/repository/org/eclipse/jetty/jetty-util/11.0.15/jetty-util-11.0.15.jar:/home/runner/.m2/repository/org/eclipse/jetty/jetty-webapp/11.0.15/jetty-webapp-11.0.15.jar:/home/runner/.m2/repository/org/eclipse/jetty/jetty-xml/11.0.15/jetty-xml-11.0.15.jar:/home/runner/.m2/repository/org/eclipse/jetty/jetty-proxy/11.0.15/jetty-proxy-11.0.15.jar:/home/runner/.m2/repository/org/eclipse/jetty/jetty-client/11.0.15/jetty-client-11.0.15.jar:/home/runner/.m2/repository/org/eclipse/jetty/http2/http2-server/11.0.15/http2-server-11.0.15.jar:/home/runner/.m2/repository/org/eclipse/jetty/http2/http2-common/11.0.15/http2-common-11.0.15.jar:/home/runner/.m2/repository/org/eclipse/jetty/http2/http2-hpack/11.0.15/http2-hpack-11.0.15.jar:/home/runner/.m2/repository/org/eclipse/jetty/jetty-alpn-server/11.0.15/jetty-alpn-server-11.0.15.jar:/home/runner/.m2/repository/org/eclipse/jetty/jetty-alpn-java-server/11.0.15/jetty-alpn-java-server-11.0.15.jar:/home/runner/.m2/repository/org/eclipse/jetty/jetty-alpn-java-client/11.0.15/jetty-alpn-java-client-11.0.15.jar:/home/runner/.m2/repository/org/eclipse/jetty/jetty-alpn-client/11.0.15/jetty-alpn-client-11.0.15.jar:/home/runner/.m2/repository/org/apache/httpcomponents/client5/httpclient5/5.2.1/httpclient5-5.2.1.jar:/home/runner/.m2/repository/org/apache/httpcomponents/core5/httpcore5/5.2/httpcore5-5.2.jar:/home/runner/.m2/repository/org/apache/httpcomponents/core5/httpcore5-h2/5.2/httpcore5-h2-5.2.jar:/home/runner/.m2/repository/org/xmlunit/xmlunit-core/2.9.1/xmlunit-core-2.9.1.jar:/home/runner/.m2/repository/jakarta/xml/bind/jakarta.xml.bind-api/4.0.2/jakarta.xml.bind-api-4.0.2.jar:/home/runner/.m2/repository/org/xmlunit/xmlunit-legacy/2.9.1/xmlunit-legacy-2.9.1.jar:/home/runner/.m2/repository/org/xmlunit/xmlunit-placeholders/2.9.1/xmlunit-placeholders-2.9.1.jar:/home/runner/.m2/repository/net/javacrumbs/json-unit/json-unit-core/2.38.0/json-unit-core-2.38.0.jar:/home/runner/.m2/repository/org/hamcrest/hamcrest-core/2.2/hamcrest-core-2.2.jar:/home/runner/.m2/repository/com/jayway/jsonpath/json-path/2.8.0/json-path-2.8.0.jar:/home/runner/.m2/repository/net/minidev/json-smart/2.4.10/json-smart-2.4.10.jar:/home/runner/.m2/repository/net/minidev/accessors-smart/2.4.9/accessors-smart-2.4.9.jar:/home/runner/.m2/repository/org/ow2/asm/asm/9.7.1/asm-9.7.1.jar:/home/runner/.m2/repository/net/sf/jopt-simple/jopt-simple/5.0.4/jopt-simple-5.0.4.jar:/home/runner/.m2/repository/com/github/jknack/handlebars/4.3.1/handlebars-4.3.1.jar:/home/runner/.m2/repository/com/github/jknack/handlebars-helpers/4.3.1/handlebars-helpers-4.3.1.jar:/home/runner/.m2/repository/commons-fileupload/commons-fileupload/1.5/commons-fileupload-1.5.jar:/home/runner/.m2/repository/com/networknt/json-schema-validator/1.5.8/json-schema-validator-1.5.8.jar:/home/runner/.m2/repository/com/ethlo/time/itu/1.10.3/itu-1.10.3.jar:/home/runner/.m2/repository/io/quarkus/quarkus-smallrye-jwt-build/3.20.2/quarkus-smallrye-jwt-build-3.20.2.jar:/home/runner/.m2/repository/io/smallrye/smallrye-jwt-build/4.6.2/smallrye-jwt-build-4.6.2.jar:/home/runner/.m2/repository/org/eclipse/microprofile/jwt/microprofile-jwt-auth-api/2.1/microprofile-jwt-auth-api-2.1.jar:/home/runner/.m2/repository/org/bitbucket/b_c/jose4j/0.9.6/jose4j-0.9.6.jar:/home/runner/.m2/repository/io/smallrye/smallrye-jwt-common/4.6.2/smallrye-jwt-common-4.6.2.jar:/home/runner/.m2/repository/io/quarkus/quarkus-jsonp/3.20.2/quarkus-jsonp-3.20.2.jar:/home/runner/.m2/repository/io/quarkus/quarkus-arc/3.20.2/quarkus-arc-3.20.2.jar:/home/runner/.m2/repository/io/quarkus/arc/arc/3.20.2/arc-3.20.2.jar:/home/runner/.m2/repository/jakarta/transaction/jakarta.transaction-api/2.0.1/jakarta.transaction-api-2.0.1.jar:/home/runner/.m2/repository/io/smallrye/reactive/mutiny/2.9.2/mutiny-2.9.2.jar:/home/runner/.m2/repository/org/jctools/jctools-core/4.0.5/jctools-core-4.0.5.jar:/home/runner/.m2/repository/org/eclipse/microprofile/context-propagation/microprofile-context-propagation-api/1.3/microprofile-context-propagation-api-1.3.jar:/home/runner/.m2/repository/io/apicurio/apicurio-common-rest-client-common/0.1.18.Final/apicurio-common-rest-client-common-0.1.18.Final.jar:/home/runner/work/apicurio-testing/apicurio-testing/clusters/ci419/namespaces/inmemory/tests/integration/apicurio-registry/utils/maven-plugin/target/apicurio-registry-maven-plugin-3.0.14-SNAPSHOT.jar:/home/runner/.m2/repository/com/fasterxml/jackson/core/jackson-databind/2.18.2/jackson-databind-2.18.2.jar:/home/runner/.m2/repository/org/apache/avro/avro/1.12.0/avro-1.12.0.jar:/home/runner/.m2/repository/com/google/protobuf/protobuf-java/4.32.0/protobuf-java-4.32.0.jar:/home/runner/.m2/repository/com/google/protobuf/protobuf-java-util/4.32.0/protobuf-java-util-4.32.0.jar:/home/runner/.m2/repository/com/google/code/findbugs/jsr305/3.0.2/jsr305-3.0.2.jar:/home/runner/.m2/repository/com/google/code/gson/gson/2.12.1/gson-2.12.1.jar:/home/runner/.m2/repository/com/google/errorprone/error_prone_annotations/2.36.0/error_prone_annotations-2.36.0.jar:/home/runner/.m2/repository/com/google/j2objc/j2objc-annotations/2.8/j2objc-annotations-2.8.jar:/home/runner/work/apicurio-testing/apicurio-testing/clusters/ci419/namespaces/inmemory/tests/integration/apicurio-registry/schema-util/util-provider/target/apicurio-registry-schema-util-provider-3.0.14-SNAPSHOT.jar:/home/runner/work/apicurio-testing/apicurio-testing/clusters/ci419/namespaces/inmemory/tests/integration/apicurio-registry/schema-util/common/target/apicurio-registry-schema-util-common-3.0.14-SNAPSHOT.jar:/home/runner/.m2/repository/com/fasterxml/jackson/module/jackson-module-parameter-names/2.18.2/jackson-module-parameter-names-2.18.2.jar:/home/runner/.m2/repository/com/fasterxml/jackson/datatype/jackson-datatype-json-org/2.18.2/jackson-datatype-json-org-2.18.2.jar:/home/runner/work/apicurio-testing/apicurio-testing/clusters/ci419/namespaces/inmemory/tests/integration/apicurio-registry/schema-util/json/target/apicurio-registry-schema-util-json-3.0.14-SNAPSHOT.jar:/home/runner/.m2/repository/com/github/erosb/everit-json-schema/1.14.5/everit-json-schema-1.14.5.jar:/home/runner/.m2/repository/commons-validator/commons-validator/1.9.0/commons-validator-1.9.0.jar:/home/runner/.m2/repository/commons-digester/commons-digester/2.1/commons-digester-2.1.jar:/home/runner/.m2/repository/commons-collections/commons-collections/3.2.2/commons-collections-3.2.2.jar:/home/runner/.m2/repository/com/damnhandy/handy-uri-templates/2.1.8/handy-uri-templates-2.1.8.jar:/home/runner/.m2/repository/joda-time/joda-time/2.10.2/joda-time-2.10.2.jar:/home/runner/.m2/repository/com/github/erosb/json-sKema/0.20.0/json-sKema-0.20.0.jar:/home/runner/.m2/repository/io/vertx/vertx-json-schema/4.5.16/vertx-json-schema-4.5.16.jar:/home/runner/work/apicurio-testing/apicurio-testing/clusters/ci419/namespaces/inmemory/tests/integration/apicurio-registry/schema-util/protobuf/target/apicurio-registry-schema-util-protobuf-3.0.14-SNAPSHOT.jar:/home/runner/work/apicurio-testing/apicurio-testing/clusters/ci419/namespaces/inmemory/tests/integration/apicurio-registry/utils/protobuf-schema-utilities/target/apicurio-registry-protobuf-schema-utilities-3.0.14-SNAPSHOT.jar:/home/runner/.m2/repository/com/google/api/grpc/proto-google-common-protos/2.52.0/proto-google-common-protos-2.52.0.jar:/home/runner/.m2/repository/com/squareup/wire/wire-schema-jvm/5.3.3/wire-schema-jvm-5.3.3.jar:/home/runner/.m2/repository/com/palantir/javapoet/javapoet/0.6.0/javapoet-0.6.0.jar:/home/runner/.m2/repository/com/squareup/kotlinpoet-jvm/2.0.0/kotlinpoet-jvm-2.0.0.jar:/home/runner/.m2/repository/org/jetbrains/kotlin/kotlin-reflect/2.0.21/kotlin-reflect-2.0.21.jar:/home/runner/.m2/repository/com/squareup/wire/wire-runtime-jvm/5.3.3/wire-runtime-jvm-5.3.3.jar:/home/runner/.m2/repository/com/ibm/icu/icu4j/76.1/icu4j-76.1.jar:/home/runner/.m2/repository/com/squareup/okio/okio-fakefilesystem/3.10.2/okio-fakefilesystem-3.10.2.jar:/home/runner/.m2/repository/com/squareup/okio/okio-fakefilesystem-jvm/3.10.2/okio-fakefilesystem-jvm-3.10.2.jar:/home/runner/.m2/repository/org/jetbrains/kotlinx/kotlinx-datetime-jvm/0.6.1/kotlinx-datetime-jvm-0.6.1.jar:/home/runner/work/apicurio-testing/apicurio-testing/clusters/ci419/namespaces/inmemory/tests/integration/apicurio-registry/schema-util/asyncapi/target/apicurio-registry-schema-util-asyncapi-3.0.14-SNAPSHOT.jar:/home/runner/work/apicurio-testing/apicurio-testing/clusters/ci419/namespaces/inmemory/tests/integration/apicurio-registry/schema-util/avro/target/apicurio-registry-schema-util-avro-3.0.14-SNAPSHOT.jar:/home/runner/work/apicurio-testing/apicurio-testing/clusters/ci419/namespaces/inmemory/tests/integration/apicurio-registry/schema-util/graphql/target/apicurio-registry-schema-util-graphql-3.0.14-SNAPSHOT.jar:/home/runner/.m2/repository/com/graphql-java/graphql-java/22.4/graphql-java-22.4.jar:/home/runner/.m2/repository/com/graphql-java/java-dataloader/3.3.0/java-dataloader-3.3.0.jar:/home/runner/work/apicurio-testing/apicurio-testing/clusters/ci419/namespaces/inmemory/tests/integration/apicurio-registry/schema-util/kconnect/target/apicurio-registry-schema-util-kconnect-3.0.14-SNAPSHOT.jar:/home/runner/work/apicurio-testing/apicurio-testing/clusters/ci419/namespaces/inmemory/tests/integration/apicurio-registry/schema-util/openapi/target/apicurio-registry-schema-util-openapi-3.0.14-SNAPSHOT.jar:/home/runner/.m2/repository/io/apicurio/apicurio-data-models/2.2.2/apicurio-data-models-2.2.2.jar:/home/runner/.m2/repository/org/slf4j/jcl-over-slf4j/2.0.6/jcl-over-slf4j-2.0.6.jar:/home/runner/.m2/repository/org/openapitools/openapidiff/openapi-diff-core/2.1.2/openapi-diff-core-2.1.2.jar:/home/runner/.m2/repository/io/swagger/parser/v3/swagger-parser/2.1.28/swagger-parser-2.1.28.jar:/home/runner/.m2/repository/io/swagger/parser/v3/swagger-parser-v2-converter/2.1.28/swagger-parser-v2-converter-2.1.28.jar:/home/runner/.m2/repository/io/swagger/swagger-core/1.6.16/swagger-core-1.6.16.jar:/home/runner/.m2/repository/io/swagger/swagger-models/1.6.16/swagger-models-1.6.16.jar:/home/runner/.m2/repository/io/swagger/swagger-annotations/1.6.16/swagger-annotations-1.6.16.jar:/home/runner/.m2/repository/io/swagger/swagger-parser/1.0.75/swagger-parser-1.0.75.jar:/home/runner/.m2/repository/io/swagger/swagger-parser-safe-url-resolver/1.0.75/swagger-parser-safe-url-resolver-1.0.75.jar:/home/runner/.m2/repository/io/swagger/swagger-compat-spec-parser/1.0.75/swagger-compat-spec-parser-1.0.75.jar:/home/runner/.m2/repository/com/github/java-json-tools/json-schema-validator/2.2.14/json-schema-validator-2.2.14.jar:/home/runner/.m2/repository/com/github/java-json-tools/jackson-coreutils-equivalence/1.0/jackson-coreutils-equivalence-1.0.jar:/home/runner/.m2/repository/com/github/java-json-tools/json-schema-core/1.2.14/json-schema-core-1.2.14.jar:/home/runner/.m2/repository/com/github/java-json-tools/uri-template/0.10/uri-template-0.10.jar:/home/runner/.m2/repository/com/googlecode/libphonenumber/libphonenumber/8.11.1/libphonenumber-8.11.1.jar:/home/runner/.m2/repository/com/j2html/j2html/1.6.0/j2html-1.6.0.jar:/home/runner/.m2/repository/org/apache/commons/commons-collections4/4.5.0/commons-collections4-4.5.0.jar:/home/runner/.m2/repository/io/swagger/parser/v3/swagger-parser-v3/2.1.31/swagger-parser-v3-2.1.31.jar:/home/runner/.m2/repository/io/swagger/core/v3/swagger-models/2.2.34/swagger-models-2.2.34.jar:/home/runner/.m2/repository/io/swagger/core/v3/swagger-core/2.2.34/swagger-core-2.2.34.jar:/home/runner/.m2/repository/io/swagger/parser/v3/swagger-parser-core/2.1.31/swagger-parser-core-2.1.31.jar:/home/runner/.m2/repository/io/swagger/parser/v3/swagger-parser-safe-url-resolver/2.1.31/swagger-parser-safe-url-resolver-2.1.31.jar:/home/runner/work/apicurio-testing/apicurio-testing/clusters/ci419/namespaces/inmemory/tests/integration/apicurio-registry/schema-util/wsdl/target/apicurio-registry-schema-util-wsdl-3.0.14-SNAPSHOT.jar:/home/runner/.m2/repository/wsdl4j/wsdl4j/1.6.3/wsdl4j-1.6.3.jar:/home/runner/work/apicurio-testing/apicurio-testing/clusters/ci419/namespaces/inmemory/tests/integration/apicurio-registry/schema-util/xml/target/apicurio-registry-schema-util-xml-3.0.14-SNAPSHOT.jar:/home/runner/.m2/repository/org/apache/santuario/xmlsec/4.0.4/xmlsec-4.0.4.jar:/home/runner/.m2/repository/com/fasterxml/woodstox/woodstox-core/7.1.1/woodstox-core-7.1.1.jar:/home/runner/.m2/repository/org/codehaus/woodstox/stax2-api/4.2.2/stax2-api-4.2.2.jar:/home/runner/work/apicurio-testing/apicurio-testing/clusters/ci419/namespaces/inmemory/tests/integration/apicurio-registry/schema-util/xsd/target/apicurio-registry-schema-util-xsd-3.0.14-SNAPSHOT.jar:/home/runner/work/apicurio-testing/apicurio-testing/clusters/ci419/namespaces/inmemory/tests/integration/apicurio-registry/serdes/kafka/jsonschema-serde/target/apicurio-registry-jsonschema-serde-kafka-3.0.14-SNAPSHOT.jar:/home/runner/work/apicurio-testing/apicurio-testing/clusters/ci419/namespaces/inmemory/tests/integration/apicurio-registry/serdes/kafka/serde-kafka-common/target/apicurio-registry-serde-kafka-common-3.0.14-SNAPSHOT.jar:/home/runner/work/apicurio-testing/apicurio-testing/clusters/ci419/namespaces/inmemory/tests/integration/apicurio-registry/serdes/generic/serde-common/target/apicurio-registry-serde-common-3.0.14-SNAPSHOT.jar:/home/runner/work/apicurio-testing/apicurio-testing/clusters/ci419/namespaces/inmemory/tests/integration/apicurio-registry/serdes/generic/serde-common-jsonschema/target/apicurio-registry-serde-common-jsonschema-3.0.14-SNAPSHOT.jar:/home/runner/.m2/repository/org/json/json/20250107/json-20250107.jar:/home/runner/work/apicurio-testing/apicurio-testing/clusters/ci419/namespaces/inmemory/tests/integration/apicurio-registry/serdes/kafka/avro-serde/target/apicurio-registry-avro-serde-kafka-3.0.14-SNAPSHOT.jar:/home/runner/work/apicurio-testing/apicurio-testing/clusters/ci419/namespaces/inmemory/tests/integration/apicurio-registry/serdes/generic/serde-common-avro/target/apicurio-registry-serde-common-avro-3.0.14-SNAPSHOT.jar:/home/runner/work/apicurio-testing/apicurio-testing/clusters/ci419/namespaces/inmemory/tests/integration/apicurio-registry/serdes/kafka/protobuf-serde/target/apicurio-registry-protobuf-serde-kafka-3.0.14-SNAPSHOT.jar:/home/runner/work/apicurio-testing/apicurio-testing/clusters/ci419/namespaces/inmemory/tests/integration/apicurio-registry/serdes/generic/serde-common-protobuf/target/apicurio-registry-serde-common-protobuf-3.0.14-SNAPSHOT.jar:/home/runner/.m2/repository/com/squareup/wire/wire-schema/5.3.3/wire-schema-5.3.3.jar:/home/runner/.m2/repository/com/squareup/wire/wire-runtime/5.3.3/wire-runtime-5.3.3.jar:/home/runner/work/apicurio-testing/apicurio-testing/clusters/ci419/namespaces/inmemory/tests/integration/apicurio-registry/serdes/pulsar/avro-serde/target/apicurio-registry-avro-serde-pulsar-3.0.14-SNAPSHOT.jar:/home/runner/.m2/repository/org/apache/pulsar/pulsar-functions-api/3.3.8/pulsar-functions-api-3.3.8.jar:/home/runner/work/apicurio-testing/apicurio-testing/clusters/ci419/namespaces/inmemory/tests/integration/apicurio-registry/serdes/nats/avro-serde/target/apicurio-registry-avro-serde-nats-3.0.14-SNAPSHOT.jar:/home/runner/.m2/repository/io/nats/jnats/2.21.4/jnats-2.21.4.jar:/home/runner/.m2/repository/org/bouncycastle/bcprov-lts8on/2.73.7/bcprov-lts8on-2.73.7.jar:/home/runner/.m2/repository/org/jetbrains/annotations/26.0.2/annotations-26.0.2.jar:/home/runner/work/apicurio-testing/apicurio-testing/clusters/ci419/namespaces/inmemory/tests/integration/apicurio-registry/utils/converter/target/apicurio-registry-utils-converter-3.0.14-SNAPSHOT.jar:/home/runner/work/apicurio-testing/apicurio-testing/clusters/ci419/namespaces/inmemory/tests/integration/apicurio-registry/schema-resolver/target/apicurio-registry-schema-resolver-3.0.14-SNAPSHOT.jar:/home/runner/.m2/repository/org/apache/kafka/connect-api/3.9.1/connect-api-3.9.1.jar:/home/runner/.m2/repository/javax/ws/rs/javax.ws.rs-api/2.1.1/javax.ws.rs-api-2.1.1.jar:/home/runner/.m2/repository/org/apache/kafka/connect-json/3.9.1/connect-json-3.9.1.jar:/home/runner/.m2/repository/com/fasterxml/jackson/datatype/jackson-datatype-jdk8/2.18.2/jackson-datatype-jdk8-2.18.2.jar:/home/runner/.m2/repository/com/fasterxml/jackson/module/jackson-module-afterburner/2.18.2/jackson-module-afterburner-2.18.2.jar:/home/runner/work/apicurio-testing/apicurio-testing/clusters/ci419/namespaces/inmemory/tests/integration/apicurio-registry/utils/kafka/target/apicurio-registry-utils-kafka-3.0.14-SNAPSHOT.jar:/home/runner/.m2/repository/org/apache/pulsar/pulsar-client/3.3.8/pulsar-client-3.3.8.jar:/home/runner/.m2/repository/org/apache/pulsar/pulsar-client-api/3.3.8/pulsar-client-api-3.3.8.jar:/home/runner/.m2/repository/org/apache/pulsar/pulsar-client-admin-api/3.3.8/pulsar-client-admin-api-3.3.8.jar:/home/runner/.m2/repository/org/apache/pulsar/bouncy-castle-bc/3.3.8/bouncy-castle-bc-3.3.8-pkg.jar:/home/runner/.m2/repository/org/bouncycastle/bcpkix-jdk18on/1.81/bcpkix-jdk18on-1.81.jar:/home/runner/.m2/repository/org/bouncycastle/bcutil-jdk18on/1.81/bcutil-jdk18on-1.81.jar:/home/runner/.m2/repository/org/bouncycastle/bcprov-jdk18on/1.81/bcprov-jdk18on-1.81.jar:/home/runner/.m2/repository/io/opentelemetry/opentelemetry-api/1.44.1/opentelemetry-api-1.44.1.jar:/home/runner/.m2/repository/io/opentelemetry/opentelemetry-context/1.44.1/opentelemetry-context-1.44.1.jar:/home/runner/.m2/repository/io/opentelemetry/opentelemetry-api-incubator/1.44.1-alpha/opentelemetry-api-incubator-1.44.1-alpha.jar:/home/runner/.m2/repository/com/fasterxml/jackson/core/jackson-annotations/2.18.2/jackson-annotations-2.18.2.jar:/home/runner/.m2/repository/javax/validation/validation-api/1.1.0.Final/validation-api-1.1.0.Final.jar:/home/runner/.m2/repository/org/jspecify/jspecify/1.0.0/jspecify-1.0.0.jar:/home/runner/.m2/repository/org/apache/commons/commons-configuration2/2.12.0/commons-configuration2-2.12.0.jar:/home/runner/.m2/repository/commons-logging/commons-logging/1.3.5/commons-logging-1.3.5.jar:/home/runner/.m2/repository/org/apache/commons/commons-text/1.13.0/commons-text-1.13.0.jar:/home/runner/.m2/repository/io/confluent/kafka-avro-serializer/8.0.0/kafka-avro-serializer-8.0.0.jar:/home/runner/.m2/repository/org/apache/commons/commons-compress/1.27.1/commons-compress-1.27.1.jar:/home/runner/.m2/repository/io/confluent/kafka-schema-serializer/8.0.0/kafka-schema-serializer-8.0.0.jar:/home/runner/.m2/repository/com/fasterxml/jackson/dataformat/jackson-dataformat-csv/2.18.2/jackson-dataformat-csv-2.18.2.jar:/home/runner/.m2/repository/io/confluent/kafka-schema-registry-client/8.0.0/kafka-schema-registry-client-8.0.0.jar:/home/runner/.m2/repository/org/yaml/snakeyaml/2.3/snakeyaml-2.3.jar:/home/runner/.m2/repository/io/swagger/core/v3/swagger-annotations/2.2.29/swagger-annotations-2.2.29.jar:/home/runner/.m2/repository/com/google/guava/guava/33.4.0-jre/guava-33.4.0-jre.jar:/home/runner/.m2/repository/com/google/guava/failureaccess/1.0.1/failureaccess-1.0.1.jar:/home/runner/.m2/repository/org/checkerframework/checker-qual/3.49.0/checker-qual-3.49.0.jar:/home/runner/.m2/repository/io/confluent/logredactor/1.0.13/logredactor-1.0.13.jar:/home/runner/.m2/repository/com/google/re2j/re2j/1.6/re2j-1.6.jar:/home/runner/.m2/repository/io/confluent/logredactor-metrics/1.0.13/logredactor-metrics-1.0.13.jar:/home/runner/.m2/repository/com/eclipsesource/minimal-json/minimal-json/0.9.5/minimal-json-0.9.5.jar:/home/runner/.m2/repository/io/confluent/common-utils/8.0.0/common-utils-8.0.0.jar:/home/runner/.m2/repository/io/confluent/kafka-connect-avro-converter/8.0.0/kafka-connect-avro-converter-8.0.0.jar:/home/runner/.m2/repository/io/confluent/kafka-connect-avro-data/8.0.0/kafka-connect-avro-data-8.0.0.jar:/home/runner/.m2/repository/io/confluent/kafka-schema-converter/8.0.0/kafka-schema-converter-8.0.0.jar:/home/runner/.m2/repository/io/rest-assured/rest-assured/5.5.1/rest-assured-5.5.1.jar:/home/runner/.m2/repository/org/apache/groovy/groovy/4.0.22/groovy-4.0.22.jar:/home/runner/.m2/repository/org/apache/groovy/groovy-xml/4.0.22/groovy-xml-4.0.22.jar:/home/runner/.m2/repository/org/apache/httpcomponents/httpclient/4.5.14/httpclient-4.5.14.jar:/home/runner/.m2/repository/org/apache/httpcomponents/httpcore/4.4.16/httpcore-4.4.16.jar:/home/runner/.m2/repository/org/apache/httpcomponents/httpmime/4.5.14/httpmime-4.5.14.jar:/home/runner/.m2/repository/org/hamcrest/hamcrest/2.2/hamcrest-2.2.jar:/home/runner/.m2/repository/org/ccil/cowan/tagsoup/tagsoup/1.2.1/tagsoup-1.2.1.jar:/home/runner/.m2/repository/io/rest-assured/json-path/5.5.1/json-path-5.5.1.jar:/home/runner/.m2/repository/org/apache/groovy/groovy-json/4.0.22/groovy-json-4.0.22.jar:/home/runner/.m2/repository/io/rest-assured/rest-assured-common/5.5.1/rest-assured-common-5.5.1.jar:/home/runner/.m2/repository/io/rest-assured/xml-path/5.5.1/xml-path-5.5.1.jar:/home/runner/.m2/repository/io/zonky/test/embedded-postgres/2.1.0/embedded-postgres-2.1.0.jar:/home/runner/.m2/repository/io/zonky/test/postgres/embedded-postgres-binaries-windows-amd64/14.15.0/embedded-postgres-binaries-windows-amd64-14.15.0.jar:/home/runner/.m2/repository/io/zonky/test/postgres/embedded-postgres-binaries-darwin-amd64/14.15.0/embedded-postgres-binaries-darwin-amd64-14.15.0.jar:/home/runner/.m2/repository/io/zonky/test/postgres/embedded-postgres-binaries-linux-amd64/14.15.0/embedded-postgres-binaries-linux-amd64-14.15.0.jar:/home/runner/.m2/repository/io/zonky/test/postgres/embedded-postgres-binaries-linux-amd64-alpine/14.15.0/embedded-postgres-binaries-linux-amd64-alpine-14.15.0.jar:/home/runner/.m2/repository/org/apache/commons/commons-lang3/3.17.0/commons-lang3-3.17.0.jar:/home/runner/.m2/repository/org/tukaani/xz/1.10/xz-1.10.jar:/home/runner/.m2/repository/commons-codec/commons-codec/1.19.0/commons-codec-1.19.0.jar:/home/runner/.m2/repository/org/postgresql/postgresql/42.7.7/postgresql-42.7.7.jar:/home/runner/.m2/repository/commons-io/commons-io/2.18.0/commons-io-2.18.0.jar:/home/runner/work/apicurio-testing/apicurio-testing/clusters/ci419/namespaces/inmemory/tests/integration/apicurio-registry/utils/importexport/target/apicurio-registry-utils-import-export-3.0.14-SNAPSHOT.jar:/home/runner/.m2/repository/io/vertx/vertx-core/4.5.16/vertx-core-4.5.16.jar:/home/runner/.m2/repository/io/netty/netty-common/4.1.121.Final/netty-common-4.1.121.Final.jar:/home/runner/.m2/repository/io/netty/netty-buffer/4.1.121.Final/netty-buffer-4.1.121.Final.jar:/home/runner/.m2/repository/io/netty/netty-transport/4.1.121.Final/netty-transport-4.1.121.Final.jar:/home/runner/.m2/repository/io/netty/netty-handler/4.1.121.Final/netty-handler-4.1.121.Final.jar:/home/runner/.m2/repository/io/netty/netty-transport-native-unix-common/4.1.121.Final/netty-transport-native-unix-common-4.1.121.Final.jar:/home/runner/.m2/repository/io/netty/netty-codec/4.1.121.Final/netty-codec-4.1.121.Final.jar:/home/runner/.m2/repository/io/netty/netty-handler-proxy/4.1.121.Final/netty-handler-proxy-4.1.121.Final.jar:/home/runner/.m2/repository/io/netty/netty-codec-socks/4.1.121.Final/netty-codec-socks-4.1.121.Final.jar:/home/runner/.m2/repository/io/netty/netty-codec-http/4.1.121.Final/netty-codec-http-4.1.121.Final.jar:/home/runner/.m2/repository/io/netty/netty-codec-http2/4.1.121.Final/netty-codec-http2-4.1.121.Final.jar:/home/runner/.m2/repository/io/netty/netty-resolver/4.1.121.Final/netty-resolver-4.1.121.Final.jar:/home/runner/.m2/repository/io/netty/netty-resolver-dns/4.1.121.Final/netty-resolver-dns-4.1.121.Final.jar:/home/runner/.m2/repository/io/netty/netty-codec-dns/4.1.121.Final/netty-codec-dns-4.1.121.Final.jar:/home/runner/.m2/repository/com/fasterxml/jackson/core/jackson-core/2.18.2/jackson-core-2.18.2.jar:"/>
    <property name="sun.cpu.endian" value="little"/>
    <property name="user.home" value="/home/runner"/>
    <property name="user.language" value="en"/>
    <property name="jboss.log-version" value="false"/>
    <property name="java.specification.vendor" value="Oracle Corporation"/>
    <property name="java.version.date" value="2025-07-15"/>
    <property name="java.home" value="/usr/lib/jvm/temurin-17-jdk-amd64"/>
    <property name="file.separator" value="/"/>
    <property name="basedir" value="/home/runner/work/apicurio-testing/apicurio-testing/clusters/ci419/namespaces/inmemory/tests/integration/apicurio-registry/integration-tests"/>
    <property name="java.vm.compressedOopsMode" value="Zero based"/>
    <property name="line.separator" value="&#10;"/>
    <property name="java.specification.name" value="Java Platform API Specification"/>
    <property name="java.vm.specification.vendor" value="Oracle Corporation"/>
    <property name="quarkus.http.test-host" value="registry-app-inmemory.apps.ci419.apicurio-testing.org"/>
    <property name="surefire.real.class.path" value="/home/runner/work/apicurio-testing/apicurio-testing/clusters/ci419/namespaces/inmemory/tests/integration/apicurio-registry/integration-tests/target/surefire/surefirebooter-20250903135329164_3.jar"/>
    <property name="sun.management.compiler" value="HotSpot 64-Bit Tiered Compilers"/>
    <property name="org.eclipse.jetty.http.HttpGenerator.STRICT" value="true"/>
    <property name="java.runtime.version" value="17.0.16+8"/>
    <property name="user.name" value="runner"/>
    <property name="path.separator" value=":"/>
    <property name="os.version" value="6.11.0-1018-azure"/>
    <property name="java.runtime.name" value="OpenJDK Runtime Environment"/>
    <property name="file.encoding" value="UTF-8"/>
    <property name="jnidispatch.path" value="/home/runner/.cache/JNA/temp/jna11931308191058240681.tmp"/>
    <property name="java.vm.name" value="OpenJDK 64-Bit Server VM"/>
    <property name="jna.platform.library.path" value="/usr/lib/x86_64-linux-gnu:/lib/x86_64-linux-gnu:/usr/lib64:/lib64:/usr/lib:/lib:/lib32:/usr/local/lib:/usr/lib/x86_64-linux-gnu/libfakeroot"/>
    <property name="java.vendor.version" value="Temurin-17.0.16+8"/>
    <property name="quarkus.oidc.token-path" value="https://keycloak-inmemory.apps.ci419.apicurio-testing.org/realms/registry/protocol/openid-connect/token"/>
    <property name="quarkus.http.host" value="registry-app-inmemory.apps.ci419.apicurio-testing.org"/>
    <property name="localRepository" value="/home/runner/.m2/repository"/>
    <property name="javax.xml.xpath.XPathFactory:http://java.sun.com/jaxp/xpath/dom" value="com.sun.org.apache.xpath.internal.jaxp.XPathFactoryImpl"/>
    <property name="jna.loaded" value="true"/>
    <property name="java.vendor.url.bug" value="https://github.com/adoptium/adoptium-support/issues"/>
    <property name="jetty.git.hash" value="5bc5e562c8d05c5862505aebe5cf83a61bdbcb96"/>
    <property name="java.io.tmpdir" value="/tmp"/>
    <property name="quarkus.http.test-protocol" value="http"/>
    <property name="java.version" value="17.0.16"/>
    <property name="user.dir" value="/home/runner/work/apicurio-testing/apicurio-testing/clusters/ci419/namespaces/inmemory/tests/integration/apicurio-registry/integration-tests"/>
    <property name="os.arch" value="amd64"/>
    <property name="groups" value="( smoke | serdes | acceptance | ui)"/>
    <property name="java.vm.specification.name" value="Java Virtual Machine Specification"/>
    <property name="native.encoding" value="UTF-8"/>
    <property name="java.util.logging.manager" value="org.jboss.logmanager.LogManager"/>
    <property name="java.library.path" value="/usr/java/packages/lib:/usr/lib64:/lib64:/lib:/usr/lib"/>
    <property name="jdk.console" value="java.base"/>
    <property name="java.vm.info" value="mixed mode, sharing"/>
    <property name="java.vendor" value="Eclipse Adoptium"/>
    <property name="java.vm.version" value="17.0.16+8"/>
    <property name="java.specification.maintenance.version" value="1"/>
    <property name="sun.io.unicode.encoding" value="UnicodeLittle"/>
    <property name="javax.xml.transform.TransformerFactory" value="com.sun.org.apache.xalan.internal.xsltc.trax.TransformerFactoryImpl"/>
    <property name="java.class.version" value="61.0"/>
  </properties>
  <testcase name="testGlobalIdInHeaders" classname="io.apicurio.tests.serdes.apicurio.AvroSerdeIT" time="5.194">
    <system-out><![CDATA[**** Registry Base URL: http://registry-app-inmemory.apps.ci419.apicurio-testing.org:80
**** Registry Base URL: http://registry-app-inmemory.apps.ci419.apicurio-testing.org:80
2025-09-03 13:53:37,077 INFO  [io.api.tes.ser.api.AvroSerdeIT] (main) RestAssured configured with http://registry-app-inmemory.apps.ci419.apicurio-testing.org:80/apis/registry/v3
2025-09-03 13:53:37,103 INFO  [io.api.tes.uti.KafkaFacade] (main) Starting kafka container
2025-09-03 13:53:37,136 INFO  [org.tes.ima.PullPolicy] (main) Image pull policy will be performed by: DefaultPullPolicy()
2025-09-03 13:53:37,137 INFO  [org.tes.uti.ImageNameSubstitutor] (main) Image name substitution will be performed by: DefaultImageNameSubstitutor (composite of 'ConfigurationFileImageNameSubstitutor' and 'PrefixingImageNameSubstitutor')
2025-09-03 13:53:37,146 INFO  [org.tes.DockerClientFactory] (main) Testcontainers version: 1.20.6
2025-09-03 13:53:37,569 INFO  [org.tes.doc.DockerClientProviderStrategy] (main) Found Docker environment with local Unix socket (unix:///var/run/docker.sock)
2025-09-03 13:53:37,577 INFO  [org.tes.DockerClientFactory] (main) Docker host IP address is localhost
2025-09-03 13:53:37,591 INFO  [org.tes.DockerClientFactory] (main) Connected to docker: 
  Server Version: 28.0.4
  API Version: 1.48
  Operating System: Ubuntu 24.04.3 LTS
  Total Memory: 15995 MB
2025-09-03 13:53:37,615 INFO  [tc.tes.11.0] (main) Pulling docker image: testcontainers/ryuk:0.11.0. Please be patient; this may take some time but only needs to be done once.
2025-09-03 13:53:37,919 INFO  [tc.tes.11.0] (docker-java-stream--1295187651) Starting to pull image
2025-09-03 13:53:37,937 INFO  [tc.tes.11.0] (docker-java-stream--1295187651) Pulling image layers:  0 pending,  0 downloaded,  0 extracted, (0 bytes/0 bytes)
2025-09-03 13:53:38,091 INFO  [tc.tes.11.0] (docker-java-stream--1295187651) Pulling image layers:  2 pending,  1 downloaded,  0 extracted, (874 KB/? MB)
2025-09-03 13:53:38,133 INFO  [tc.tes.11.0] (docker-java-stream--1295187651) Pulling image layers:  1 pending,  2 downloaded,  0 extracted, (874 KB/? MB)
2025-09-03 13:53:38,200 INFO  [tc.tes.11.0] (docker-java-stream--1295187651) Pulling image layers:  0 pending,  3 downloaded,  0 extracted, (3 MB/10 MB)
2025-09-03 13:53:38,301 INFO  [tc.tes.11.0] (docker-java-stream--1295187651) Pulling image layers:  0 pending,  3 downloaded,  1 extracted, (4 MB/10 MB)
2025-09-03 13:53:38,709 INFO  [tc.tes.11.0] (docker-java-stream--1295187651) Pulling image layers:  0 pending,  3 downloaded,  2 extracted, (4 MB/10 MB)
2025-09-03 13:53:38,744 INFO  [tc.tes.11.0] (docker-java-stream--1295187651) Pulling image layers:  0 pending,  3 downloaded,  3 extracted, (10 MB/10 MB)
2025-09-03 13:53:38,752 INFO  [tc.tes.11.0] (main) Image testcontainers/ryuk:0.11.0 pull took PT1.135796977S
2025-09-03 13:53:38,766 INFO  [tc.tes.11.0] (main) Creating container for image: testcontainers/ryuk:0.11.0
2025-09-03 13:53:38,824 INFO  [tc.tes.11.0] (main) Container testcontainers/ryuk:0.11.0 is starting: 1ef8da162c5c82013060f27ea8730b2e36c562488a4a81a209ecc74e2ca2a438
2025-09-03 13:53:39,093 INFO  [tc.tes.11.0] (main) Container testcontainers/ryuk:0.11.0 started in PT0.326852747S
2025-09-03 13:53:39,097 INFO  [org.tes.uti.RyukResourceReaper] (main) Ryuk started - will monitor and terminate Testcontainers containers on JVM exit
2025-09-03 13:53:39,097 INFO  [org.tes.DockerClientFactory] (main) Checking the system...
2025-09-03 13:53:39,098 INFO  [org.tes.DockerClientFactory] (main) ✔︎ Docker server version should be at least 1.6.0
2025-09-03 13:53:39,101 INFO  [io.str.tes.con.KafkaVersionService] (main) Latest release of Kafka is:LogicalKafkaVersionEntity{version='4.0.0', image='quay.io/strimzi-test-container/test-container:0.111.0-kafka-4.0.0'}
2025-09-03 13:53:39,101 INFO  [io.str.tes.con.KafkaVersionService] (main) Latest release of Kafka is:LogicalKafkaVersionEntity{version='4.0.0', image='quay.io/strimzi-test-container/test-container:0.111.0-kafka-4.0.0'}
2025-09-03 13:53:39,101 INFO  [io.str.tes.con.KafkaVersionService] (main) No Kafka version specified. Using latest release: 4.0.0
2025-09-03 13:53:39,105 INFO  [tc.qua.io/.111.0-k.0.0] (main) Pulling docker image: quay.io/strimzi-test-container/test-container:0.111.0-kafka-4.0.0. Please be patient; this may take some time but only needs to be done once.
2025-09-03 13:53:39,489 INFO  [tc.qua.io/.111.0-k.0.0] (docker-java-stream--29267298) Starting to pull image
2025-09-03 13:53:39,490 INFO  [tc.qua.io/.111.0-k.0.0] (docker-java-stream--29267298) Pulling image layers:  0 pending,  0 downloaded,  0 extracted, (0 bytes/0 bytes)
2025-09-03 13:53:39,809 INFO  [tc.qua.io/.111.0-k.0.0] (docker-java-stream--29267298) Pulling image layers:  6 pending,  1 downloaded,  0 extracted, (2 MB/? MB)
2025-09-03 13:53:39,938 INFO  [tc.qua.io/.111.0-k.0.0] (docker-java-stream--29267298) Pulling image layers:  5 pending,  2 downloaded,  0 extracted, (3 MB/? MB)
2025-09-03 13:53:40,323 INFO  [tc.qua.io/.111.0-k.0.0] (docker-java-stream--29267298) Pulling image layers:  4 pending,  3 downloaded,  0 extracted, (89 MB/? MB)
2025-09-03 13:53:40,485 INFO  [tc.qua.io/.111.0-k.0.0] (docker-java-stream--29267298) Pulling image layers:  3 pending,  4 downloaded,  0 extracted, (113 MB/? MB)
2025-09-03 13:53:40,624 INFO  [tc.qua.io/.111.0-k.0.0] (docker-java-stream--29267298) Pulling image layers:  2 pending,  5 downloaded,  0 extracted, (143 MB/? MB)
2025-09-03 13:53:41,140 INFO  [tc.qua.io/.111.0-k.0.0] (docker-java-stream--29267298) Pulling image layers:  1 pending,  6 downloaded,  0 extracted, (241 MB/? MB)
2025-09-03 13:53:41,153 INFO  [tc.qua.io/.111.0-k.0.0] (docker-java-stream--29267298) Pulling image layers:  0 pending,  7 downloaded,  0 extracted, (241 MB/249 MB)
2025-09-03 13:53:41,312 INFO  [tc.qua.io/.111.0-k.0.0] (docker-java-stream--29267298) Pulling image layers:  0 pending,  7 downloaded,  1 extracted, (242 MB/249 MB)
2025-09-03 13:53:44,196 INFO  [tc.qua.io/.111.0-k.0.0] (docker-java-stream--29267298) Pulling image layers:  0 pending,  7 downloaded,  2 extracted, (242 MB/249 MB)
2025-09-03 13:53:44,225 INFO  [tc.qua.io/.111.0-k.0.0] (docker-java-stream--29267298) Pulling image layers:  0 pending,  7 downloaded,  3 extracted, (242 MB/249 MB)
2025-09-03 13:53:44,240 INFO  [tc.qua.io/.111.0-k.0.0] (docker-java-stream--29267298) Pulling image layers:  0 pending,  7 downloaded,  4 extracted, (242 MB/249 MB)
2025-09-03 13:53:44,814 INFO  [tc.qua.io/.111.0-k.0.0] (docker-java-stream--29267298) Pulling image layers:  0 pending,  7 downloaded,  5 extracted, (249 MB/249 MB)
2025-09-03 13:53:44,841 INFO  [tc.qua.io/.111.0-k.0.0] (docker-java-stream--29267298) Pulling image layers:  0 pending,  7 downloaded,  6 extracted, (249 MB/249 MB)
2025-09-03 13:53:44,853 INFO  [tc.qua.io/.111.0-k.0.0] (docker-java-stream--29267298) Pulling image layers:  0 pending,  7 downloaded,  7 extracted, (249 MB/249 MB)
2025-09-03 13:53:44,860 INFO  [tc.qua.io/.111.0-k.0.0] (docker-java-stream--29267298) Pull complete. 7 layers, pulled in 5s (downloaded 249 MB at 49 MB/s)
2025-09-03 13:53:44,860 INFO  [tc.qua.io/.111.0-k.0.0] (main) Image quay.io/strimzi-test-container/test-container:0.111.0-kafka-4.0.0 pull took PT5.754732332S
2025-09-03 13:53:44,862 INFO  [tc.qua.io/.111.0-k.0.0] (main) Creating container for image: quay.io/strimzi-test-container/test-container:0.111.0-kafka-4.0.0
2025-09-03 13:53:44,924 INFO  [tc.qua.io/.111.0-k.0.0] (main) Container quay.io/strimzi-test-container/test-container:0.111.0-kafka-4.0.0 is starting: 3060db58839a1a0cee998e2bf8d732d439984f1f853c8091c2d3b3591ebeec4f
2025-09-03 13:53:45,063 INFO  [io.str.tes.con.StrimziKafkaContainer] (main) Mapped port: 32769
2025-09-03 13:53:45,063 WARN  [io.str.tes.con.StrimziKafkaContainer] (main) Node ID is not set. Using broker ID 0 as the default node ID.
2025-09-03 13:53:45,063 INFO  [io.str.tes.con.StrimziKafkaContainer] (main) This is all advertised listeners for Kafka PLAINTEXT://localhost:32769,BROKER1://172.18.0.2:9091,CONTROLLER://broker-0:9094
2025-09-03 13:53:45,084 INFO  [io.str.tes.con.StrimziKafkaContainer] (main) New `cluster.id` has been generated: zfwsSXvVT6qhU8UlUF5FTQ
2025-09-03 13:53:45,085 INFO  [io.str.tes.con.StrimziKafkaContainer] (main) Copying command to 'STARTER_SCRIPT' script.
2025-09-03 13:53:49,102 INFO  [tc.qua.io/.111.0-k.0.0] (main) Container quay.io/strimzi-test-container/test-container:0.111.0-kafka-4.0.0 started in PT4.239738003S
2025-09-03 13:53:49,104 INFO  [io.api.tes.uti.TestSeparator] (main) ############################################################################
2025-09-03 13:53:49,104 INFO  [io.api.tes.uti.TestSeparator] (main) io.apicurio.tests.serdes.apicurio.AvroSerdeIT.testGlobalIdInHeaders-STARTED
2025-09-03 13:53:49,111 INFO  [org.apa.kaf.cli.adm.AdminClientConfig] (main) AdminClientConfig values: 
	auto.include.jmx.reporter = true
	bootstrap.controllers = []
	bootstrap.servers = [PLAINTEXT://localhost:32769]
	client.dns.lookup = use_all_dns_ips
	client.id = 
	connections.max.idle.ms = 10000
	default.api.timeout.ms = 60000
	enable.metrics.push = true
	metadata.max.age.ms = 300000
	metadata.recovery.strategy = none
	metric.reporters = []
	metrics.num.samples = 2
	metrics.recording.level = INFO
	metrics.sample.window.ms = 30000
	receive.buffer.bytes = 65536
	reconnect.backoff.max.ms = 1000
	reconnect.backoff.ms = 50
	request.timeout.ms = 5000
	retries = 2147483647
	retry.backoff.max.ms = 1000
	retry.backoff.ms = 100
	sasl.client.callback.handler.class = null
	sasl.jaas.config = null
	sasl.kerberos.kinit.cmd = /usr/bin/kinit
	sasl.kerberos.min.time.before.relogin = 60000
	sasl.kerberos.service.name = null
	sasl.kerberos.ticket.renew.jitter = 0.05
	sasl.kerberos.ticket.renew.window.factor = 0.8
	sasl.login.callback.handler.class = null
	sasl.login.class = null
	sasl.login.connect.timeout.ms = null
	sasl.login.read.timeout.ms = null
	sasl.login.refresh.buffer.seconds = 300
	sasl.login.refresh.min.period.seconds = 60
	sasl.login.refresh.window.factor = 0.8
	sasl.login.refresh.window.jitter = 0.05
	sasl.login.retry.backoff.max.ms = 10000
	sasl.login.retry.backoff.ms = 100
	sasl.mechanism = GSSAPI
	sasl.oauthbearer.clock.skew.seconds = 30
	sasl.oauthbearer.expected.audience = null
	sasl.oauthbearer.expected.issuer = null
	sasl.oauthbearer.header.urlencode = false
	sasl.oauthbearer.jwks.endpoint.refresh.ms = 3600000
	sasl.oauthbearer.jwks.endpoint.retry.backoff.max.ms = 10000
	sasl.oauthbearer.jwks.endpoint.retry.backoff.ms = 100
	sasl.oauthbearer.jwks.endpoint.url = null
	sasl.oauthbearer.scope.claim.name = scope
	sasl.oauthbearer.sub.claim.name = sub
	sasl.oauthbearer.token.endpoint.url = null
	security.protocol = PLAINTEXT
	security.providers = null
	send.buffer.bytes = 131072
	socket.connection.setup.timeout.max.ms = 30000
	socket.connection.setup.timeout.ms = 10000
	ssl.cipher.suites = null
	ssl.enabled.protocols = [TLSv1.2, TLSv1.3]
	ssl.endpoint.identification.algorithm = https
	ssl.engine.factory.class = null
	ssl.key.password = null
	ssl.keymanager.algorithm = SunX509
	ssl.keystore.certificate.chain = null
	ssl.keystore.key = null
	ssl.keystore.location = null
	ssl.keystore.password = null
	ssl.keystore.type = JKS
	ssl.protocol = TLSv1.3
	ssl.provider = null
	ssl.secure.random.implementation = null
	ssl.trustmanager.algorithm = PKIX
	ssl.truststore.certificates = null
	ssl.truststore.location = null
	ssl.truststore.password = null
	ssl.truststore.type = JKS

2025-09-03 13:53:49,414 INFO  [org.apa.kaf.com.uti.AppInfoParser] (main) Kafka version: 3.9.1
2025-09-03 13:53:49,414 INFO  [org.apa.kaf.com.uti.AppInfoParser] (main) Kafka commitId: f745dfdcee2b9851
2025-09-03 13:53:49,415 INFO  [org.apa.kaf.com.uti.AppInfoParser] (main) Kafka startTimeMs: 1756907629413
**** Registry Base URL: http://registry-app-inmemory.apps.ci419.apicurio-testing.org:80
2025-09-03 13:53:49,437 INFO  [org.apa.kaf.cli.pro.ProducerConfig] (main) ProducerConfig values: 
	acks = -1
	auto.include.jmx.reporter = true
	batch.size = 16384
	bootstrap.servers = [PLAINTEXT://localhost:32769]
	buffer.memory = 33554432
	client.dns.lookup = use_all_dns_ips
	client.id = Producer-topic-895c9e78_2ccd_4801_ba3f_5faa69747327
	compression.gzip.level = -1
	compression.lz4.level = 9
	compression.type = none
	compression.zstd.level = 3
	connections.max.idle.ms = 10000
	delivery.timeout.ms = 120000
	enable.idempotence = true
	enable.metrics.push = true
	interceptor.classes = []
	key.serializer = class org.apache.kafka.common.serialization.StringSerializer
	linger.ms = 0
	max.block.ms = 60000
	max.in.flight.requests.per.connection = 5
	max.request.size = 1048576
	metadata.max.age.ms = 300000
	metadata.max.idle.ms = 300000
	metadata.recovery.strategy = none
	metric.reporters = []
	metrics.num.samples = 2
	metrics.recording.level = INFO
	metrics.sample.window.ms = 30000
	partitioner.adaptive.partitioning.enable = true
	partitioner.availability.timeout.ms = 0
	partitioner.class = null
	partitioner.ignore.keys = false
	receive.buffer.bytes = 32768
	reconnect.backoff.max.ms = 1000
	reconnect.backoff.ms = 50
	request.timeout.ms = 5000
	retries = 2147483647
	retry.backoff.max.ms = 1000
	retry.backoff.ms = 100
	sasl.client.callback.handler.class = null
	sasl.jaas.config = null
	sasl.kerberos.kinit.cmd = /usr/bin/kinit
	sasl.kerberos.min.time.before.relogin = 60000
	sasl.kerberos.service.name = null
	sasl.kerberos.ticket.renew.jitter = 0.05
	sasl.kerberos.ticket.renew.window.factor = 0.8
	sasl.login.callback.handler.class = null
	sasl.login.class = null
	sasl.login.connect.timeout.ms = null
	sasl.login.read.timeout.ms = null
	sasl.login.refresh.buffer.seconds = 300
	sasl.login.refresh.min.period.seconds = 60
	sasl.login.refresh.window.factor = 0.8
	sasl.login.refresh.window.jitter = 0.05
	sasl.login.retry.backoff.max.ms = 10000
	sasl.login.retry.backoff.ms = 100
	sasl.mechanism = GSSAPI
	sasl.oauthbearer.clock.skew.seconds = 30
	sasl.oauthbearer.expected.audience = null
	sasl.oauthbearer.expected.issuer = null
	sasl.oauthbearer.header.urlencode = false
	sasl.oauthbearer.jwks.endpoint.refresh.ms = 3600000
	sasl.oauthbearer.jwks.endpoint.retry.backoff.max.ms = 10000
	sasl.oauthbearer.jwks.endpoint.retry.backoff.ms = 100
	sasl.oauthbearer.jwks.endpoint.url = null
	sasl.oauthbearer.scope.claim.name = scope
	sasl.oauthbearer.sub.claim.name = sub
	sasl.oauthbearer.token.endpoint.url = null
	security.protocol = PLAINTEXT
	security.providers = null
	send.buffer.bytes = 131072
	socket.connection.setup.timeout.max.ms = 30000
	socket.connection.setup.timeout.ms = 10000
	ssl.cipher.suites = null
	ssl.enabled.protocols = [TLSv1.2, TLSv1.3]
	ssl.endpoint.identification.algorithm = https
	ssl.engine.factory.class = null
	ssl.key.password = null
	ssl.keymanager.algorithm = SunX509
	ssl.keystore.certificate.chain = null
	ssl.keystore.key = null
	ssl.keystore.location = null
	ssl.keystore.password = null
	ssl.keystore.type = JKS
	ssl.protocol = TLSv1.3
	ssl.provider = null
	ssl.secure.random.implementation = null
	ssl.trustmanager.algorithm = PKIX
	ssl.truststore.certificates = null
	ssl.truststore.location = null
	ssl.truststore.password = null
	ssl.truststore.type = JKS
	transaction.timeout.ms = 60000
	transactional.id = null
	value.serializer = class io.apicurio.registry.serde.avro.AvroKafkaSerializer

2025-09-03 13:53:49,459 INFO  [org.apa.kaf.com.tel.int.KafkaMetricsCollector] (main) initializing Kafka metrics collector
2025-09-03 13:53:49,474 INFO  [org.apa.kaf.cli.pro.KafkaProducer] (main) [Producer clientId=Producer-topic-895c9e78_2ccd_4801_ba3f_5faa69747327] Instantiated an idempotent producer.
2025-09-03 13:53:49,498 INFO  [org.apa.kaf.cli.pro.ProducerConfig] (main) These configurations '[apicurio.registry.url, apicurio.registry.auto-register, apicurio.registry.use-id, apicurio.registry.artifact-resolver-strategy]' were supplied but are not used yet.
2025-09-03 13:53:49,498 INFO  [org.apa.kaf.com.uti.AppInfoParser] (main) Kafka version: 3.9.1
2025-09-03 13:53:49,498 INFO  [org.apa.kaf.com.uti.AppInfoParser] (main) Kafka commitId: f745dfdcee2b9851
2025-09-03 13:53:49,500 INFO  [org.apa.kaf.com.uti.AppInfoParser] (main) Kafka startTimeMs: 1756907629498
2025-09-03 13:53:49,500 INFO  [io.api.tes.ser.api.SimpleSerdesTesterBuilder$SimpleSerdesTester] (main) Using producer configuration: {apicurio.registry.url=http://registry-app-inmemory.apps.ci419.apicurio-testing.org:80/apis/registry/v3, apicurio.registry.auto-register=true, apicurio.registry.use-id=globalId, apicurio.registry.artifact-resolver-strategy=io.apicurio.registry.serde.strategy.TopicIdStrategy, value.serializer=io.apicurio.registry.serde.avro.AvroKafkaSerializer, request.timeout.ms=5000, acks=all, bootstrap.servers=PLAINTEXT://localhost:32769, connections.max.idle.ms=10000, key.serializer=org.apache.kafka.common.serialization.StringSerializer, client.id=Producer-topic-895c9e78_2ccd_4801_ba3f_5faa69747327}
2025-09-03 13:53:49,500 INFO  [io.api.tes.ser.api.SimpleSerdesTesterBuilder$SimpleSerdesTester] (main) Using consumer configuration: {apicurio.registry.use-id=globalId}
2025-09-03 13:53:49,502 INFO  [io.api.tes.ser.api.KafkaSerdesTester] (ForkJoinPool.commonPool-worker-2) Sending message {"key11756907629426": "value-0"} to topic topic-895c9e78_2ccd_4801_ba3f_5faa69747327
2025-09-03 13:53:49,748 WARN  [org.apa.kaf.cli.NetworkClient] (kafka-producer-network-thread | Producer-topic-895c9e78_2ccd_4801_ba3f_5faa69747327) [Producer clientId=Producer-topic-895c9e78_2ccd_4801_ba3f_5faa69747327] The metadata response from the cluster reported a recoverable issue with correlation id 1 : {topic-895c9e78_2ccd_4801_ba3f_5faa69747327=UNKNOWN_TOPIC_OR_PARTITION}
2025-09-03 13:53:49,749 INFO  [org.apa.kaf.cli.Metadata] (kafka-producer-network-thread | Producer-topic-895c9e78_2ccd_4801_ba3f_5faa69747327) [Producer clientId=Producer-topic-895c9e78_2ccd_4801_ba3f_5faa69747327] Cluster ID: zfwsSXvVT6qhU8UlUF5FTQ
2025-09-03 13:53:49,870 INFO  [org.apa.kaf.cli.pro.int.TransactionManager] (kafka-producer-network-thread | Producer-topic-895c9e78_2ccd_4801_ba3f_5faa69747327) [Producer clientId=Producer-topic-895c9e78_2ccd_4801_ba3f_5faa69747327] ProducerId set to 0 with epoch 0
2025-09-03 13:53:49,965 INFO  [io.api.tes.ser.api.KafkaSerdesTester] (ForkJoinPool.commonPool-worker-2) Sending message {"key11756907629426": "value-1"} to topic topic-895c9e78_2ccd_4801_ba3f_5faa69747327
2025-09-03 13:53:49,969 INFO  [io.api.tes.ser.api.KafkaSerdesTester] (ForkJoinPool.commonPool-worker-2) Sending message {"key11756907629426": "value-2"} to topic topic-895c9e78_2ccd_4801_ba3f_5faa69747327
2025-09-03 13:53:49,975 INFO  [io.api.tes.ser.api.KafkaSerdesTester] (ForkJoinPool.commonPool-worker-2) Sending message {"key11756907629426": "value-3"} to topic topic-895c9e78_2ccd_4801_ba3f_5faa69747327
2025-09-03 13:53:49,979 INFO  [io.api.tes.ser.api.KafkaSerdesTester] (ForkJoinPool.commonPool-worker-2) Sending message {"key11756907629426": "value-4"} to topic topic-895c9e78_2ccd_4801_ba3f_5faa69747327
2025-09-03 13:53:49,983 INFO  [io.api.tes.ser.api.KafkaSerdesTester] (ForkJoinPool.commonPool-worker-2) Sending message {"key11756907629426": "value-5"} to topic topic-895c9e78_2ccd_4801_ba3f_5faa69747327
2025-09-03 13:53:49,990 INFO  [io.api.tes.ser.api.KafkaSerdesTester] (ForkJoinPool.commonPool-worker-2) Sending message {"key11756907629426": "value-6"} to topic topic-895c9e78_2ccd_4801_ba3f_5faa69747327
2025-09-03 13:53:49,995 INFO  [io.api.tes.ser.api.KafkaSerdesTester] (ForkJoinPool.commonPool-worker-2) Sending message {"key11756907629426": "value-7"} to topic topic-895c9e78_2ccd_4801_ba3f_5faa69747327
2025-09-03 13:53:50,000 INFO  [io.api.tes.ser.api.KafkaSerdesTester] (ForkJoinPool.commonPool-worker-2) Sending message {"key11756907629426": "value-8"} to topic topic-895c9e78_2ccd_4801_ba3f_5faa69747327
2025-09-03 13:53:50,003 INFO  [io.api.tes.ser.api.KafkaSerdesTester] (ForkJoinPool.commonPool-worker-2) Sending message {"key11756907629426": "value-9"} to topic topic-895c9e78_2ccd_4801_ba3f_5faa69747327
2025-09-03 13:53:50,006 INFO  [io.api.tes.ser.api.KafkaSerdesTester] (ForkJoinPool.commonPool-worker-2) Produced 10 messages
2025-09-03 13:53:50,007 INFO  [org.apa.kaf.cli.pro.KafkaProducer] (ForkJoinPool.commonPool-worker-2) [Producer clientId=Producer-topic-895c9e78_2ccd_4801_ba3f_5faa69747327] Closing the Kafka producer with timeoutMillis = 9223372036854775807 ms.
2025-09-03 13:53:50,023 INFO  [org.apa.kaf.com.met.Metrics] (ForkJoinPool.commonPool-worker-2) Metrics scheduler closed
2025-09-03 13:53:50,023 INFO  [org.apa.kaf.com.met.Metrics] (ForkJoinPool.commonPool-worker-2) Closing reporter org.apache.kafka.common.metrics.JmxReporter
2025-09-03 13:53:50,023 INFO  [org.apa.kaf.com.met.Metrics] (ForkJoinPool.commonPool-worker-2) Closing reporter org.apache.kafka.common.telemetry.internals.ClientTelemetryReporter
2025-09-03 13:53:50,023 INFO  [org.apa.kaf.com.met.Metrics] (ForkJoinPool.commonPool-worker-2) Metrics reporters closed
2025-09-03 13:53:50,024 INFO  [org.apa.kaf.com.uti.AppInfoParser] (ForkJoinPool.commonPool-worker-2) App info kafka.producer for Producer-topic-895c9e78_2ccd_4801_ba3f_5faa69747327 unregistered
**** Registry Base URL: http://registry-app-inmemory.apps.ci419.apicurio-testing.org:80
2025-09-03 13:53:50,066 INFO  [org.apa.kaf.cli.con.ConsumerConfig] (main) ConsumerConfig values: 
	allow.auto.create.topics = true
	auto.commit.interval.ms = 500
	auto.include.jmx.reporter = true
	auto.offset.reset = earliest
	bootstrap.servers = [PLAINTEXT://localhost:32769]
	check.crcs = true
	client.dns.lookup = use_all_dns_ips
	client.id = consumer-Consumer-topic-895c9e78_2ccd_4801_ba3f_5faa69747327-1
	client.rack = 
	connections.max.idle.ms = 10000
	default.api.timeout.ms = 60000
	enable.auto.commit = true
	enable.metrics.push = true
	exclude.internal.topics = true
	fetch.max.bytes = 52428800
	fetch.max.wait.ms = 500
	fetch.min.bytes = 1
	group.id = Consumer-topic-895c9e78_2ccd_4801_ba3f_5faa69747327
	group.instance.id = null
	group.protocol = classic
	group.remote.assignor = null
	heartbeat.interval.ms = 3000
	interceptor.classes = []
	internal.leave.group.on.close = true
	internal.throw.on.fetch.stable.offset.unsupported = false
	isolation.level = read_uncommitted
	key.deserializer = class org.apache.kafka.common.serialization.StringDeserializer
	max.partition.fetch.bytes = 1048576
	max.poll.interval.ms = 300000
	max.poll.records = 500
	metadata.max.age.ms = 300000
	metadata.recovery.strategy = none
	metric.reporters = []
	metrics.num.samples = 2
	metrics.recording.level = INFO
	metrics.sample.window.ms = 30000
	partition.assignment.strategy = [class org.apache.kafka.clients.consumer.RangeAssignor, class org.apache.kafka.clients.consumer.CooperativeStickyAssignor]
	receive.buffer.bytes = 65536
	reconnect.backoff.max.ms = 1000
	reconnect.backoff.ms = 50
	request.timeout.ms = 5000
	retry.backoff.max.ms = 1000
	retry.backoff.ms = 100
	sasl.client.callback.handler.class = null
	sasl.jaas.config = null
	sasl.kerberos.kinit.cmd = /usr/bin/kinit
	sasl.kerberos.min.time.before.relogin = 60000
	sasl.kerberos.service.name = null
	sasl.kerberos.ticket.renew.jitter = 0.05
	sasl.kerberos.ticket.renew.window.factor = 0.8
	sasl.login.callback.handler.class = null
	sasl.login.class = null
	sasl.login.connect.timeout.ms = null
	sasl.login.read.timeout.ms = null
	sasl.login.refresh.buffer.seconds = 300
	sasl.login.refresh.min.period.seconds = 60
	sasl.login.refresh.window.factor = 0.8
	sasl.login.refresh.window.jitter = 0.05
	sasl.login.retry.backoff.max.ms = 10000
	sasl.login.retry.backoff.ms = 100
	sasl.mechanism = GSSAPI
	sasl.oauthbearer.clock.skew.seconds = 30
	sasl.oauthbearer.expected.audience = null
	sasl.oauthbearer.expected.issuer = null
	sasl.oauthbearer.header.urlencode = false
	sasl.oauthbearer.jwks.endpoint.refresh.ms = 3600000
	sasl.oauthbearer.jwks.endpoint.retry.backoff.max.ms = 10000
	sasl.oauthbearer.jwks.endpoint.retry.backoff.ms = 100
	sasl.oauthbearer.jwks.endpoint.url = null
	sasl.oauthbearer.scope.claim.name = scope
	sasl.oauthbearer.sub.claim.name = sub
	sasl.oauthbearer.token.endpoint.url = null
	security.protocol = PLAINTEXT
	security.providers = null
	send.buffer.bytes = 131072
	session.timeout.ms = 45000
	socket.connection.setup.timeout.max.ms = 30000
	socket.connection.setup.timeout.ms = 10000
	ssl.cipher.suites = null
	ssl.enabled.protocols = [TLSv1.2, TLSv1.3]
	ssl.endpoint.identification.algorithm = https
	ssl.engine.factory.class = null
	ssl.key.password = null
	ssl.keymanager.algorithm = SunX509
	ssl.keystore.certificate.chain = null
	ssl.keystore.key = null
	ssl.keystore.location = null
	ssl.keystore.password = null
	ssl.keystore.type = JKS
	ssl.protocol = TLSv1.3
	ssl.provider = null
	ssl.secure.random.implementation = null
	ssl.trustmanager.algorithm = PKIX
	ssl.truststore.certificates = null
	ssl.truststore.location = null
	ssl.truststore.password = null
	ssl.truststore.type = JKS
	value.deserializer = class io.apicurio.registry.serde.avro.AvroKafkaDeserializer

2025-09-03 13:53:50,074 INFO  [org.apa.kaf.com.tel.int.KafkaMetricsCollector] (main) initializing Kafka metrics collector
2025-09-03 13:53:50,112 INFO  [org.apa.kaf.cli.con.ConsumerConfig] (main) These configurations '[apicurio.registry.url, apicurio.registry.use-id]' were supplied but are not used yet.
2025-09-03 13:53:50,112 INFO  [org.apa.kaf.com.uti.AppInfoParser] (main) Kafka version: 3.9.1
2025-09-03 13:53:50,112 INFO  [org.apa.kaf.com.uti.AppInfoParser] (main) Kafka commitId: f745dfdcee2b9851
2025-09-03 13:53:50,112 INFO  [org.apa.kaf.com.uti.AppInfoParser] (main) Kafka startTimeMs: 1756907630112
2025-09-03 13:53:50,113 INFO  [org.apa.kaf.cli.con.int.ClassicKafkaConsumer] (ForkJoinPool.commonPool-worker-2) [Consumer clientId=consumer-Consumer-topic-895c9e78_2ccd_4801_ba3f_5faa69747327-1, groupId=Consumer-topic-895c9e78_2ccd_4801_ba3f_5faa69747327] Subscribed to topic(s): topic-895c9e78_2ccd_4801_ba3f_5faa69747327
2025-09-03 13:53:50,121 INFO  [org.apa.kaf.cli.Metadata] (ForkJoinPool.commonPool-worker-2) [Consumer clientId=consumer-Consumer-topic-895c9e78_2ccd_4801_ba3f_5faa69747327-1, groupId=Consumer-topic-895c9e78_2ccd_4801_ba3f_5faa69747327] Cluster ID: zfwsSXvVT6qhU8UlUF5FTQ
2025-09-03 13:53:50,247 INFO  [org.apa.kaf.cli.con.int.ConsumerCoordinator] (ForkJoinPool.commonPool-worker-2) [Consumer clientId=consumer-Consumer-topic-895c9e78_2ccd_4801_ba3f_5faa69747327-1, groupId=Consumer-topic-895c9e78_2ccd_4801_ba3f_5faa69747327] Discovered group coordinator localhost:32769 (id: 2147483647 rack: null)
2025-09-03 13:53:50,259 INFO  [org.apa.kaf.cli.con.int.ConsumerCoordinator] (ForkJoinPool.commonPool-worker-2) [Consumer clientId=consumer-Consumer-topic-895c9e78_2ccd_4801_ba3f_5faa69747327-1, groupId=Consumer-topic-895c9e78_2ccd_4801_ba3f_5faa69747327] (Re-)joining group
2025-09-03 13:53:50,279 INFO  [org.apa.kaf.cli.con.int.ConsumerCoordinator] (ForkJoinPool.commonPool-worker-2) [Consumer clientId=consumer-Consumer-topic-895c9e78_2ccd_4801_ba3f_5faa69747327-1, groupId=Consumer-topic-895c9e78_2ccd_4801_ba3f_5faa69747327] Group coordinator localhost:32769 (id: 2147483647 rack: null) is unavailable or invalid due to cause: error response NOT_COORDINATOR. isDisconnected: false. Rediscovery will be attempted.
2025-09-03 13:53:50,280 INFO  [org.apa.kaf.cli.con.int.ConsumerCoordinator] (ForkJoinPool.commonPool-worker-2) [Consumer clientId=consumer-Consumer-topic-895c9e78_2ccd_4801_ba3f_5faa69747327-1, groupId=Consumer-topic-895c9e78_2ccd_4801_ba3f_5faa69747327] Requesting disconnect from last known coordinator localhost:32769 (id: 2147483647 rack: null)
2025-09-03 13:53:50,281 INFO  [org.apa.kaf.cli.con.int.ConsumerCoordinator] (ForkJoinPool.commonPool-worker-2) [Consumer clientId=consumer-Consumer-topic-895c9e78_2ccd_4801_ba3f_5faa69747327-1, groupId=Consumer-topic-895c9e78_2ccd_4801_ba3f_5faa69747327] JoinGroup failed: This is not the correct coordinator. Marking coordinator unknown. Sent generation was Generation{generationId=-1, memberId='', protocol='null'}
2025-09-03 13:53:50,282 INFO  [org.apa.kaf.cli.NetworkClient] (ForkJoinPool.commonPool-worker-2) [Consumer clientId=consumer-Consumer-topic-895c9e78_2ccd_4801_ba3f_5faa69747327-1, groupId=Consumer-topic-895c9e78_2ccd_4801_ba3f_5faa69747327] Client requested disconnect from node 2147483647
2025-09-03 13:53:50,287 INFO  [org.apa.kaf.cli.con.int.ConsumerCoordinator] (ForkJoinPool.commonPool-worker-2) [Consumer clientId=consumer-Consumer-topic-895c9e78_2ccd_4801_ba3f_5faa69747327-1, groupId=Consumer-topic-895c9e78_2ccd_4801_ba3f_5faa69747327] Discovered group coordinator localhost:32769 (id: 2147483647 rack: null)
2025-09-03 13:53:50,287 INFO  [org.apa.kaf.cli.con.int.ConsumerCoordinator] (ForkJoinPool.commonPool-worker-2) [Consumer clientId=consumer-Consumer-topic-895c9e78_2ccd_4801_ba3f_5faa69747327-1, groupId=Consumer-topic-895c9e78_2ccd_4801_ba3f_5faa69747327] Group coordinator localhost:32769 (id: 2147483647 rack: null) is unavailable or invalid due to cause: coordinator unavailable. isDisconnected: false. Rediscovery will be attempted.
2025-09-03 13:53:50,287 INFO  [org.apa.kaf.cli.con.int.ConsumerCoordinator] (ForkJoinPool.commonPool-worker-2) [Consumer clientId=consumer-Consumer-topic-895c9e78_2ccd_4801_ba3f_5faa69747327-1, groupId=Consumer-topic-895c9e78_2ccd_4801_ba3f_5faa69747327] Requesting disconnect from last known coordinator localhost:32769 (id: 2147483647 rack: null)
2025-09-03 13:53:50,401 INFO  [org.apa.kaf.cli.con.int.ConsumerCoordinator] (ForkJoinPool.commonPool-worker-2) [Consumer clientId=consumer-Consumer-topic-895c9e78_2ccd_4801_ba3f_5faa69747327-1, groupId=Consumer-topic-895c9e78_2ccd_4801_ba3f_5faa69747327] Discovered group coordinator localhost:32769 (id: 2147483647 rack: null)
2025-09-03 13:53:50,402 INFO  [org.apa.kaf.cli.con.int.ConsumerCoordinator] (ForkJoinPool.commonPool-worker-2) [Consumer clientId=consumer-Consumer-topic-895c9e78_2ccd_4801_ba3f_5faa69747327-1, groupId=Consumer-topic-895c9e78_2ccd_4801_ba3f_5faa69747327] Request joining group due to: rebalance failed due to 'This is not the correct coordinator.' (NotCoordinatorException)
2025-09-03 13:53:50,403 INFO  [org.apa.kaf.cli.con.int.ConsumerCoordinator] (ForkJoinPool.commonPool-worker-2) [Consumer clientId=consumer-Consumer-topic-895c9e78_2ccd_4801_ba3f_5faa69747327-1, groupId=Consumer-topic-895c9e78_2ccd_4801_ba3f_5faa69747327] (Re-)joining group
2025-09-03 13:53:50,410 INFO  [org.apa.kaf.cli.con.int.ConsumerCoordinator] (ForkJoinPool.commonPool-worker-2) [Consumer clientId=consumer-Consumer-topic-895c9e78_2ccd_4801_ba3f_5faa69747327-1, groupId=Consumer-topic-895c9e78_2ccd_4801_ba3f_5faa69747327] Group coordinator localhost:32769 (id: 2147483647 rack: null) is unavailable or invalid due to cause: error response NOT_COORDINATOR. isDisconnected: false. Rediscovery will be attempted.
2025-09-03 13:53:50,410 INFO  [org.apa.kaf.cli.con.int.ConsumerCoordinator] (ForkJoinPool.commonPool-worker-2) [Consumer clientId=consumer-Consumer-topic-895c9e78_2ccd_4801_ba3f_5faa69747327-1, groupId=Consumer-topic-895c9e78_2ccd_4801_ba3f_5faa69747327] Requesting disconnect from last known coordinator localhost:32769 (id: 2147483647 rack: null)
2025-09-03 13:53:50,411 INFO  [org.apa.kaf.cli.con.int.ConsumerCoordinator] (ForkJoinPool.commonPool-worker-2) [Consumer clientId=consumer-Consumer-topic-895c9e78_2ccd_4801_ba3f_5faa69747327-1, groupId=Consumer-topic-895c9e78_2ccd_4801_ba3f_5faa69747327] JoinGroup failed: This is not the correct coordinator. Marking coordinator unknown. Sent generation was Generation{generationId=-1, memberId='', protocol='null'}
2025-09-03 13:53:50,411 INFO  [org.apa.kaf.cli.NetworkClient] (ForkJoinPool.commonPool-worker-2) [Consumer clientId=consumer-Consumer-topic-895c9e78_2ccd_4801_ba3f_5faa69747327-1, groupId=Consumer-topic-895c9e78_2ccd_4801_ba3f_5faa69747327] Client requested disconnect from node 2147483647
2025-09-03 13:53:50,415 INFO  [org.apa.kaf.cli.con.int.ConsumerCoordinator] (ForkJoinPool.commonPool-worker-2) [Consumer clientId=consumer-Consumer-topic-895c9e78_2ccd_4801_ba3f_5faa69747327-1, groupId=Consumer-topic-895c9e78_2ccd_4801_ba3f_5faa69747327] Discovered group coordinator localhost:32769 (id: 2147483647 rack: null)
2025-09-03 13:53:50,415 INFO  [org.apa.kaf.cli.con.int.ConsumerCoordinator] (ForkJoinPool.commonPool-worker-2) [Consumer clientId=consumer-Consumer-topic-895c9e78_2ccd_4801_ba3f_5faa69747327-1, groupId=Consumer-topic-895c9e78_2ccd_4801_ba3f_5faa69747327] Group coordinator localhost:32769 (id: 2147483647 rack: null) is unavailable or invalid due to cause: coordinator unavailable. isDisconnected: false. Rediscovery will be attempted.
2025-09-03 13:53:50,415 INFO  [org.apa.kaf.cli.con.int.ConsumerCoordinator] (ForkJoinPool.commonPool-worker-2) [Consumer clientId=consumer-Consumer-topic-895c9e78_2ccd_4801_ba3f_5faa69747327-1, groupId=Consumer-topic-895c9e78_2ccd_4801_ba3f_5faa69747327] Requesting disconnect from last known coordinator localhost:32769 (id: 2147483647 rack: null)
2025-09-03 13:53:50,523 INFO  [org.apa.kaf.cli.con.int.ConsumerCoordinator] (ForkJoinPool.commonPool-worker-2) [Consumer clientId=consumer-Consumer-topic-895c9e78_2ccd_4801_ba3f_5faa69747327-1, groupId=Consumer-topic-895c9e78_2ccd_4801_ba3f_5faa69747327] Discovered group coordinator localhost:32769 (id: 2147483647 rack: null)
2025-09-03 13:53:50,524 INFO  [org.apa.kaf.cli.con.int.ConsumerCoordinator] (ForkJoinPool.commonPool-worker-2) [Consumer clientId=consumer-Consumer-topic-895c9e78_2ccd_4801_ba3f_5faa69747327-1, groupId=Consumer-topic-895c9e78_2ccd_4801_ba3f_5faa69747327] Request joining group due to: rebalance failed due to 'This is not the correct coordinator.' (NotCoordinatorException)
2025-09-03 13:53:50,524 INFO  [org.apa.kaf.cli.con.int.ConsumerCoordinator] (ForkJoinPool.commonPool-worker-2) [Consumer clientId=consumer-Consumer-topic-895c9e78_2ccd_4801_ba3f_5faa69747327-1, groupId=Consumer-topic-895c9e78_2ccd_4801_ba3f_5faa69747327] (Re-)joining group
2025-09-03 13:53:50,548 INFO  [org.apa.kaf.cli.con.int.ConsumerCoordinator] (ForkJoinPool.commonPool-worker-2) [Consumer clientId=consumer-Consumer-topic-895c9e78_2ccd_4801_ba3f_5faa69747327-1, groupId=Consumer-topic-895c9e78_2ccd_4801_ba3f_5faa69747327] JoinGroup failed: Coordinator localhost:32769 (id: 2147483647 rack: null) is loading the group.
2025-09-03 13:53:50,548 INFO  [org.apa.kaf.cli.con.int.ConsumerCoordinator] (ForkJoinPool.commonPool-worker-2) [Consumer clientId=consumer-Consumer-topic-895c9e78_2ccd_4801_ba3f_5faa69747327-1, groupId=Consumer-topic-895c9e78_2ccd_4801_ba3f_5faa69747327] Request joining group due to: rebalance failed due to 'The coordinator is loading and hence can't process requests.' (CoordinatorLoadInProgressException)
2025-09-03 13:53:50,649 INFO  [org.apa.kaf.cli.con.int.ConsumerCoordinator] (ForkJoinPool.commonPool-worker-2) [Consumer clientId=consumer-Consumer-topic-895c9e78_2ccd_4801_ba3f_5faa69747327-1, groupId=Consumer-topic-895c9e78_2ccd_4801_ba3f_5faa69747327] (Re-)joining group
2025-09-03 13:53:50,654 INFO  [org.apa.kaf.cli.con.int.ConsumerCoordinator] (ForkJoinPool.commonPool-worker-2) [Consumer clientId=consumer-Consumer-topic-895c9e78_2ccd_4801_ba3f_5faa69747327-1, groupId=Consumer-topic-895c9e78_2ccd_4801_ba3f_5faa69747327] Request joining group due to: need to re-join with the given member-id: consumer-Consumer-topic-895c9e78_2ccd_4801_ba3f_5faa69747327-1-4103f0b3-4309-4430-9770-ae9c1afd16e0
2025-09-03 13:53:50,655 INFO  [org.apa.kaf.cli.con.int.ConsumerCoordinator] (ForkJoinPool.commonPool-worker-2) [Consumer clientId=consumer-Consumer-topic-895c9e78_2ccd_4801_ba3f_5faa69747327-1, groupId=Consumer-topic-895c9e78_2ccd_4801_ba3f_5faa69747327] (Re-)joining group
2025-09-03 13:53:51,115 INFO  [io.api.tes.ser.api.KafkaSerdesTester] (ForkJoinPool.commonPool-worker-2) None found
2025-09-03 13:53:52,116 INFO  [io.api.tes.ser.api.KafkaSerdesTester] (ForkJoinPool.commonPool-worker-2) None found
2025-09-03 13:53:53,116 INFO  [io.api.tes.ser.api.KafkaSerdesTester] (ForkJoinPool.commonPool-worker-2) None found
2025-09-03 13:53:53,666 INFO  [org.apa.kaf.cli.con.int.ConsumerCoordinator] (ForkJoinPool.commonPool-worker-2) [Consumer clientId=consumer-Consumer-topic-895c9e78_2ccd_4801_ba3f_5faa69747327-1, groupId=Consumer-topic-895c9e78_2ccd_4801_ba3f_5faa69747327] Successfully joined group with generation Generation{generationId=1, memberId='consumer-Consumer-topic-895c9e78_2ccd_4801_ba3f_5faa69747327-1-4103f0b3-4309-4430-9770-ae9c1afd16e0', protocol='range'}
2025-09-03 13:53:53,671 INFO  [org.apa.kaf.cli.con.int.ConsumerCoordinator] (ForkJoinPool.commonPool-worker-2) [Consumer clientId=consumer-Consumer-topic-895c9e78_2ccd_4801_ba3f_5faa69747327-1, groupId=Consumer-topic-895c9e78_2ccd_4801_ba3f_5faa69747327] Finished assignment for group at generation 1: {consumer-Consumer-topic-895c9e78_2ccd_4801_ba3f_5faa69747327-1-4103f0b3-4309-4430-9770-ae9c1afd16e0=Assignment(partitions=[topic-895c9e78_2ccd_4801_ba3f_5faa69747327-0])}
2025-09-03 13:53:53,682 INFO  [org.apa.kaf.cli.con.int.ConsumerCoordinator] (ForkJoinPool.commonPool-worker-2) [Consumer clientId=consumer-Consumer-topic-895c9e78_2ccd_4801_ba3f_5faa69747327-1, groupId=Consumer-topic-895c9e78_2ccd_4801_ba3f_5faa69747327] Successfully synced group in generation Generation{generationId=1, memberId='consumer-Consumer-topic-895c9e78_2ccd_4801_ba3f_5faa69747327-1-4103f0b3-4309-4430-9770-ae9c1afd16e0', protocol='range'}
2025-09-03 13:53:53,683 INFO  [org.apa.kaf.cli.con.int.ConsumerCoordinator] (ForkJoinPool.commonPool-worker-2) [Consumer clientId=consumer-Consumer-topic-895c9e78_2ccd_4801_ba3f_5faa69747327-1, groupId=Consumer-topic-895c9e78_2ccd_4801_ba3f_5faa69747327] Notifying assignor about the new Assignment(partitions=[topic-895c9e78_2ccd_4801_ba3f_5faa69747327-0])
2025-09-03 13:53:53,685 INFO  [org.apa.kaf.cli.con.int.ConsumerRebalanceListenerInvoker] (ForkJoinPool.commonPool-worker-2) [Consumer clientId=consumer-Consumer-topic-895c9e78_2ccd_4801_ba3f_5faa69747327-1, groupId=Consumer-topic-895c9e78_2ccd_4801_ba3f_5faa69747327] Adding newly assigned partitions: topic-895c9e78_2ccd_4801_ba3f_5faa69747327-0
2025-09-03 13:53:53,693 INFO  [org.apa.kaf.cli.con.int.ConsumerCoordinator] (ForkJoinPool.commonPool-worker-2) [Consumer clientId=consumer-Consumer-topic-895c9e78_2ccd_4801_ba3f_5faa69747327-1, groupId=Consumer-topic-895c9e78_2ccd_4801_ba3f_5faa69747327] Found no committed offset for partition topic-895c9e78_2ccd_4801_ba3f_5faa69747327-0
2025-09-03 13:53:53,705 INFO  [org.apa.kaf.cli.con.int.SubscriptionState] (ForkJoinPool.commonPool-worker-2) [Consumer clientId=consumer-Consumer-topic-895c9e78_2ccd_4801_ba3f_5faa69747327-1, groupId=Consumer-topic-895c9e78_2ccd_4801_ba3f_5faa69747327] Resetting offset for partition topic-895c9e78_2ccd_4801_ba3f_5faa69747327-0 to position FetchPosition{offset=0, offsetEpoch=Optional.empty, currentLeader=LeaderAndEpoch{leader=Optional[localhost:32769 (id: 0 rack: null)], epoch=0}}.
2025-09-03 13:53:53,781 INFO  [io.api.tes.ser.api.KafkaSerdesTester] (ForkJoinPool.commonPool-worker-2) topic-895c9e78_2ccd_4801_ba3f_5faa69747327 0 0 {"key11756907629426": "value-0"}
2025-09-03 13:53:53,781 INFO  [io.api.tes.ser.api.KafkaSerdesTester] (ForkJoinPool.commonPool-worker-2) topic-895c9e78_2ccd_4801_ba3f_5faa69747327 0 1 {"key11756907629426": "value-1"}
2025-09-03 13:53:53,781 INFO  [io.api.tes.ser.api.KafkaSerdesTester] (ForkJoinPool.commonPool-worker-2) topic-895c9e78_2ccd_4801_ba3f_5faa69747327 0 2 {"key11756907629426": "value-2"}
2025-09-03 13:53:53,781 INFO  [io.api.tes.ser.api.KafkaSerdesTester] (ForkJoinPool.commonPool-worker-2) topic-895c9e78_2ccd_4801_ba3f_5faa69747327 0 3 {"key11756907629426": "value-3"}
2025-09-03 13:53:53,782 INFO  [io.api.tes.ser.api.KafkaSerdesTester] (ForkJoinPool.commonPool-worker-2) topic-895c9e78_2ccd_4801_ba3f_5faa69747327 0 4 {"key11756907629426": "value-4"}
2025-09-03 13:53:53,782 INFO  [io.api.tes.ser.api.KafkaSerdesTester] (ForkJoinPool.commonPool-worker-2) topic-895c9e78_2ccd_4801_ba3f_5faa69747327 0 5 {"key11756907629426": "value-5"}
2025-09-03 13:53:53,782 INFO  [io.api.tes.ser.api.KafkaSerdesTester] (ForkJoinPool.commonPool-worker-2) topic-895c9e78_2ccd_4801_ba3f_5faa69747327 0 6 {"key11756907629426": "value-6"}
2025-09-03 13:53:53,782 INFO  [io.api.tes.ser.api.KafkaSerdesTester] (ForkJoinPool.commonPool-worker-2) topic-895c9e78_2ccd_4801_ba3f_5faa69747327 0 7 {"key11756907629426": "value-7"}
2025-09-03 13:53:53,782 INFO  [io.api.tes.ser.api.KafkaSerdesTester] (ForkJoinPool.commonPool-worker-2) topic-895c9e78_2ccd_4801_ba3f_5faa69747327 0 8 {"key11756907629426": "value-8"}
2025-09-03 13:53:53,782 INFO  [io.api.tes.ser.api.KafkaSerdesTester] (ForkJoinPool.commonPool-worker-2) topic-895c9e78_2ccd_4801_ba3f_5faa69747327 0 9 {"key11756907629426": "value-9"}
2025-09-03 13:53:53,782 INFO  [io.api.tes.ser.api.KafkaSerdesTester] (ForkJoinPool.commonPool-worker-2) Consumed 10 messages
2025-09-03 13:53:53,801 INFO  [org.apa.kaf.cli.con.int.ConsumerRebalanceListenerInvoker] (ForkJoinPool.commonPool-worker-2) [Consumer clientId=consumer-Consumer-topic-895c9e78_2ccd_4801_ba3f_5faa69747327-1, groupId=Consumer-topic-895c9e78_2ccd_4801_ba3f_5faa69747327] Revoke previously assigned partitions topic-895c9e78_2ccd_4801_ba3f_5faa69747327-0
2025-09-03 13:53:53,801 INFO  [org.apa.kaf.cli.con.int.ConsumerCoordinator] (ForkJoinPool.commonPool-worker-2) [Consumer clientId=consumer-Consumer-topic-895c9e78_2ccd_4801_ba3f_5faa69747327-1, groupId=Consumer-topic-895c9e78_2ccd_4801_ba3f_5faa69747327] Member consumer-Consumer-topic-895c9e78_2ccd_4801_ba3f_5faa69747327-1-4103f0b3-4309-4430-9770-ae9c1afd16e0 sending LeaveGroup request to coordinator localhost:32769 (id: 2147483647 rack: null) due to the consumer is being closed
2025-09-03 13:53:53,802 INFO  [org.apa.kaf.cli.con.int.ConsumerCoordinator] (ForkJoinPool.commonPool-worker-2) [Consumer clientId=consumer-Consumer-topic-895c9e78_2ccd_4801_ba3f_5faa69747327-1, groupId=Consumer-topic-895c9e78_2ccd_4801_ba3f_5faa69747327] Resetting generation and member id due to: consumer pro-actively leaving the group
2025-09-03 13:53:53,802 INFO  [org.apa.kaf.cli.con.int.ConsumerCoordinator] (ForkJoinPool.commonPool-worker-2) [Consumer clientId=consumer-Consumer-topic-895c9e78_2ccd_4801_ba3f_5faa69747327-1, groupId=Consumer-topic-895c9e78_2ccd_4801_ba3f_5faa69747327] Request joining group due to: consumer pro-actively leaving the group
2025-09-03 13:53:54,292 INFO  [org.apa.kaf.com.met.Metrics] (ForkJoinPool.commonPool-worker-2) Metrics scheduler closed
2025-09-03 13:53:54,292 INFO  [org.apa.kaf.com.met.Metrics] (ForkJoinPool.commonPool-worker-2) Closing reporter org.apache.kafka.common.metrics.JmxReporter
2025-09-03 13:53:54,292 INFO  [org.apa.kaf.com.met.Metrics] (ForkJoinPool.commonPool-worker-2) Closing reporter org.apache.kafka.common.telemetry.internals.ClientTelemetryReporter
2025-09-03 13:53:54,292 INFO  [org.apa.kaf.com.met.Metrics] (ForkJoinPool.commonPool-worker-2) Metrics reporters closed
2025-09-03 13:53:54,296 INFO  [org.apa.kaf.com.uti.AppInfoParser] (ForkJoinPool.commonPool-worker-2) App info kafka.consumer for consumer-Consumer-topic-895c9e78_2ccd_4801_ba3f_5faa69747327-1 unregistered
2025-09-03 13:53:54,296 INFO  [io.api.tes.uti.TestSeparator] (main) io.apicurio.tests.serdes.apicurio.AvroSerdeIT.testGlobalIdInHeaders-FINISHED
2025-09-03 13:53:54,296 INFO  [io.api.tes.uti.TestSeparator] (main) ############################################################################
Test passed: testGlobalIdInHeaders
]]></system-out>
  </testcase>
  <testcase name="testSimpleTopicIdStrategyFindLatest" classname="io.apicurio.tests.serdes.apicurio.AvroSerdeIT" time="4.722">
    <system-out><![CDATA[2025-09-03 13:53:54,298 INFO  [io.api.tes.uti.TestSeparator] (main) ############################################################################
2025-09-03 13:53:54,298 INFO  [io.api.tes.uti.TestSeparator] (main) io.apicurio.tests.serdes.apicurio.AvroSerdeIT.testSimpleTopicIdStrategyFindLatest-STARTED
2025-09-03 13:53:54,300 INFO  [io.api.tes.ser.api.AvroSerdeIT] (main) Registering Avro Schema: {"type":"record","name":"myrecordapicurio1","fields":[{"name":"key11756907634299","type":"string"}]}
**** Registry Base URL: http://registry-app-inmemory.apps.ci419.apicurio-testing.org:80
2025-09-03 13:53:55,345 INFO  [org.apa.kaf.cli.pro.ProducerConfig] (main) ProducerConfig values: 
	acks = -1
	auto.include.jmx.reporter = true
	batch.size = 16384
	bootstrap.servers = [PLAINTEXT://localhost:32769]
	buffer.memory = 33554432
	client.dns.lookup = use_all_dns_ips
	client.id = Producer-topic-0ded1a56_eb1b_4af9_9e77_3392b488c87a
	compression.gzip.level = -1
	compression.lz4.level = 9
	compression.type = none
	compression.zstd.level = 3
	connections.max.idle.ms = 10000
	delivery.timeout.ms = 120000
	enable.idempotence = true
	enable.metrics.push = true
	interceptor.classes = []
	key.serializer = class org.apache.kafka.common.serialization.StringSerializer
	linger.ms = 0
	max.block.ms = 60000
	max.in.flight.requests.per.connection = 5
	max.request.size = 1048576
	metadata.max.age.ms = 300000
	metadata.max.idle.ms = 300000
	metadata.recovery.strategy = none
	metric.reporters = []
	metrics.num.samples = 2
	metrics.recording.level = INFO
	metrics.sample.window.ms = 30000
	partitioner.adaptive.partitioning.enable = true
	partitioner.availability.timeout.ms = 0
	partitioner.class = null
	partitioner.ignore.keys = false
	receive.buffer.bytes = 32768
	reconnect.backoff.max.ms = 1000
	reconnect.backoff.ms = 50
	request.timeout.ms = 5000
	retries = 2147483647
	retry.backoff.max.ms = 1000
	retry.backoff.ms = 100
	sasl.client.callback.handler.class = null
	sasl.jaas.config = null
	sasl.kerberos.kinit.cmd = /usr/bin/kinit
	sasl.kerberos.min.time.before.relogin = 60000
	sasl.kerberos.service.name = null
	sasl.kerberos.ticket.renew.jitter = 0.05
	sasl.kerberos.ticket.renew.window.factor = 0.8
	sasl.login.callback.handler.class = null
	sasl.login.class = null
	sasl.login.connect.timeout.ms = null
	sasl.login.read.timeout.ms = null
	sasl.login.refresh.buffer.seconds = 300
	sasl.login.refresh.min.period.seconds = 60
	sasl.login.refresh.window.factor = 0.8
	sasl.login.refresh.window.jitter = 0.05
	sasl.login.retry.backoff.max.ms = 10000
	sasl.login.retry.backoff.ms = 100
	sasl.mechanism = GSSAPI
	sasl.oauthbearer.clock.skew.seconds = 30
	sasl.oauthbearer.expected.audience = null
	sasl.oauthbearer.expected.issuer = null
	sasl.oauthbearer.header.urlencode = false
	sasl.oauthbearer.jwks.endpoint.refresh.ms = 3600000
	sasl.oauthbearer.jwks.endpoint.retry.backoff.max.ms = 10000
	sasl.oauthbearer.jwks.endpoint.retry.backoff.ms = 100
	sasl.oauthbearer.jwks.endpoint.url = null
	sasl.oauthbearer.scope.claim.name = scope
	sasl.oauthbearer.sub.claim.name = sub
	sasl.oauthbearer.token.endpoint.url = null
	security.protocol = PLAINTEXT
	security.providers = null
	send.buffer.bytes = 131072
	socket.connection.setup.timeout.max.ms = 30000
	socket.connection.setup.timeout.ms = 10000
	ssl.cipher.suites = null
	ssl.enabled.protocols = [TLSv1.2, TLSv1.3]
	ssl.endpoint.identification.algorithm = https
	ssl.engine.factory.class = null
	ssl.key.password = null
	ssl.keymanager.algorithm = SunX509
	ssl.keystore.certificate.chain = null
	ssl.keystore.key = null
	ssl.keystore.location = null
	ssl.keystore.password = null
	ssl.keystore.type = JKS
	ssl.protocol = TLSv1.3
	ssl.provider = null
	ssl.secure.random.implementation = null
	ssl.trustmanager.algorithm = PKIX
	ssl.truststore.certificates = null
	ssl.truststore.location = null
	ssl.truststore.password = null
	ssl.truststore.type = JKS
	transaction.timeout.ms = 60000
	transactional.id = null
	value.serializer = class io.apicurio.registry.serde.avro.AvroKafkaSerializer

2025-09-03 13:53:55,346 INFO  [org.apa.kaf.com.tel.int.KafkaMetricsCollector] (main) initializing Kafka metrics collector
2025-09-03 13:53:55,349 INFO  [org.apa.kaf.cli.pro.KafkaProducer] (main) [Producer clientId=Producer-topic-0ded1a56_eb1b_4af9_9e77_3392b488c87a] Instantiated an idempotent producer.
2025-09-03 13:53:55,354 INFO  [org.apa.kaf.cli.pro.ProducerConfig] (main) These configurations '[apicurio.registry.find-latest, apicurio.registry.artifact.group-id, apicurio.registry.url, apicurio.registry.artifact-resolver-strategy]' were supplied but are not used yet.
2025-09-03 13:53:55,354 INFO  [org.apa.kaf.com.uti.AppInfoParser] (main) Kafka version: 3.9.1
2025-09-03 13:53:55,354 INFO  [org.apa.kaf.com.uti.AppInfoParser] (main) Kafka commitId: f745dfdcee2b9851
2025-09-03 13:53:55,354 INFO  [org.apa.kaf.com.uti.AppInfoParser] (main) Kafka startTimeMs: 1756907635354
2025-09-03 13:53:55,354 INFO  [io.api.tes.ser.api.SimpleSerdesTesterBuilder$SimpleSerdesTester] (main) Using producer configuration: {apicurio.registry.find-latest=true, apicurio.registry.artifact.group-id=topic-0ded1a56_eb1b_4af9_9e77_3392b488c87a, apicurio.registry.url=http://registry-app-inmemory.apps.ci419.apicurio-testing.org:80/apis/registry/v3, apicurio.registry.artifact-resolver-strategy=io.apicurio.registry.serde.strategy.SimpleTopicIdStrategy, value.serializer=io.apicurio.registry.serde.avro.AvroKafkaSerializer, request.timeout.ms=5000, acks=all, bootstrap.servers=PLAINTEXT://localhost:32769, connections.max.idle.ms=10000, key.serializer=org.apache.kafka.common.serialization.StringSerializer, client.id=Producer-topic-0ded1a56_eb1b_4af9_9e77_3392b488c87a}
2025-09-03 13:53:55,355 INFO  [io.api.tes.ser.api.SimpleSerdesTesterBuilder$SimpleSerdesTester] (main) Using consumer configuration: {}
2025-09-03 13:53:55,355 INFO  [io.api.tes.ser.api.KafkaSerdesTester] (ForkJoinPool.commonPool-worker-2) Sending message {"key11756907634299": "value-0"} to topic topic-0ded1a56_eb1b_4af9_9e77_3392b488c87a
2025-09-03 13:53:55,360 INFO  [org.apa.kaf.cli.Metadata] (kafka-producer-network-thread | Producer-topic-0ded1a56_eb1b_4af9_9e77_3392b488c87a) [Producer clientId=Producer-topic-0ded1a56_eb1b_4af9_9e77_3392b488c87a] Cluster ID: zfwsSXvVT6qhU8UlUF5FTQ
2025-09-03 13:53:55,360 INFO  [org.apa.kaf.cli.pro.int.TransactionManager] (kafka-producer-network-thread | Producer-topic-0ded1a56_eb1b_4af9_9e77_3392b488c87a) [Producer clientId=Producer-topic-0ded1a56_eb1b_4af9_9e77_3392b488c87a] ProducerId set to 1 with epoch 0
2025-09-03 13:53:55,416 INFO  [io.api.tes.ser.api.KafkaSerdesTester] (ForkJoinPool.commonPool-worker-2) Sending message {"key11756907634299": "value-1"} to topic topic-0ded1a56_eb1b_4af9_9e77_3392b488c87a
2025-09-03 13:53:55,418 INFO  [io.api.tes.ser.api.KafkaSerdesTester] (ForkJoinPool.commonPool-worker-2) Sending message {"key11756907634299": "value-2"} to topic topic-0ded1a56_eb1b_4af9_9e77_3392b488c87a
2025-09-03 13:53:55,420 INFO  [io.api.tes.ser.api.KafkaSerdesTester] (ForkJoinPool.commonPool-worker-2) Sending message {"key11756907634299": "value-3"} to topic topic-0ded1a56_eb1b_4af9_9e77_3392b488c87a
2025-09-03 13:53:55,422 INFO  [io.api.tes.ser.api.KafkaSerdesTester] (ForkJoinPool.commonPool-worker-2) Sending message {"key11756907634299": "value-4"} to topic topic-0ded1a56_eb1b_4af9_9e77_3392b488c87a
2025-09-03 13:53:55,424 INFO  [io.api.tes.ser.api.KafkaSerdesTester] (ForkJoinPool.commonPool-worker-2) Sending message {"key11756907634299": "value-5"} to topic topic-0ded1a56_eb1b_4af9_9e77_3392b488c87a
2025-09-03 13:53:55,425 INFO  [io.api.tes.ser.api.KafkaSerdesTester] (ForkJoinPool.commonPool-worker-2) Sending message {"key11756907634299": "value-6"} to topic topic-0ded1a56_eb1b_4af9_9e77_3392b488c87a
2025-09-03 13:53:55,427 INFO  [io.api.tes.ser.api.KafkaSerdesTester] (ForkJoinPool.commonPool-worker-2) Sending message {"key11756907634299": "value-7"} to topic topic-0ded1a56_eb1b_4af9_9e77_3392b488c87a
2025-09-03 13:53:55,429 INFO  [io.api.tes.ser.api.KafkaSerdesTester] (ForkJoinPool.commonPool-worker-2) Sending message {"key11756907634299": "value-8"} to topic topic-0ded1a56_eb1b_4af9_9e77_3392b488c87a
2025-09-03 13:53:55,430 INFO  [io.api.tes.ser.api.KafkaSerdesTester] (ForkJoinPool.commonPool-worker-2) Sending message {"key11756907634299": "value-9"} to topic topic-0ded1a56_eb1b_4af9_9e77_3392b488c87a
2025-09-03 13:53:55,432 INFO  [io.api.tes.ser.api.KafkaSerdesTester] (ForkJoinPool.commonPool-worker-2) Produced 10 messages
2025-09-03 13:53:55,432 INFO  [org.apa.kaf.cli.pro.KafkaProducer] (ForkJoinPool.commonPool-worker-2) [Producer clientId=Producer-topic-0ded1a56_eb1b_4af9_9e77_3392b488c87a] Closing the Kafka producer with timeoutMillis = 9223372036854775807 ms.
2025-09-03 13:53:55,436 INFO  [org.apa.kaf.com.met.Metrics] (ForkJoinPool.commonPool-worker-2) Metrics scheduler closed
2025-09-03 13:53:55,436 INFO  [org.apa.kaf.com.met.Metrics] (ForkJoinPool.commonPool-worker-2) Closing reporter org.apache.kafka.common.metrics.JmxReporter
2025-09-03 13:53:55,436 INFO  [org.apa.kaf.com.met.Metrics] (ForkJoinPool.commonPool-worker-2) Closing reporter org.apache.kafka.common.telemetry.internals.ClientTelemetryReporter
2025-09-03 13:53:55,436 INFO  [org.apa.kaf.com.met.Metrics] (ForkJoinPool.commonPool-worker-2) Metrics reporters closed
2025-09-03 13:53:55,436 INFO  [org.apa.kaf.com.uti.AppInfoParser] (ForkJoinPool.commonPool-worker-2) App info kafka.producer for Producer-topic-0ded1a56_eb1b_4af9_9e77_3392b488c87a unregistered
**** Registry Base URL: http://registry-app-inmemory.apps.ci419.apicurio-testing.org:80
2025-09-03 13:53:55,437 INFO  [org.apa.kaf.cli.con.ConsumerConfig] (main) ConsumerConfig values: 
	allow.auto.create.topics = true
	auto.commit.interval.ms = 500
	auto.include.jmx.reporter = true
	auto.offset.reset = earliest
	bootstrap.servers = [PLAINTEXT://localhost:32769]
	check.crcs = true
	client.dns.lookup = use_all_dns_ips
	client.id = consumer-Consumer-topic-0ded1a56_eb1b_4af9_9e77_3392b488c87a-2
	client.rack = 
	connections.max.idle.ms = 10000
	default.api.timeout.ms = 60000
	enable.auto.commit = true
	enable.metrics.push = true
	exclude.internal.topics = true
	fetch.max.bytes = 52428800
	fetch.max.wait.ms = 500
	fetch.min.bytes = 1
	group.id = Consumer-topic-0ded1a56_eb1b_4af9_9e77_3392b488c87a
	group.instance.id = null
	group.protocol = classic
	group.remote.assignor = null
	heartbeat.interval.ms = 3000
	interceptor.classes = []
	internal.leave.group.on.close = true
	internal.throw.on.fetch.stable.offset.unsupported = false
	isolation.level = read_uncommitted
	key.deserializer = class org.apache.kafka.common.serialization.StringDeserializer
	max.partition.fetch.bytes = 1048576
	max.poll.interval.ms = 300000
	max.poll.records = 500
	metadata.max.age.ms = 300000
	metadata.recovery.strategy = none
	metric.reporters = []
	metrics.num.samples = 2
	metrics.recording.level = INFO
	metrics.sample.window.ms = 30000
	partition.assignment.strategy = [class org.apache.kafka.clients.consumer.RangeAssignor, class org.apache.kafka.clients.consumer.CooperativeStickyAssignor]
	receive.buffer.bytes = 65536
	reconnect.backoff.max.ms = 1000
	reconnect.backoff.ms = 50
	request.timeout.ms = 5000
	retry.backoff.max.ms = 1000
	retry.backoff.ms = 100
	sasl.client.callback.handler.class = null
	sasl.jaas.config = null
	sasl.kerberos.kinit.cmd = /usr/bin/kinit
	sasl.kerberos.min.time.before.relogin = 60000
	sasl.kerberos.service.name = null
	sasl.kerberos.ticket.renew.jitter = 0.05
	sasl.kerberos.ticket.renew.window.factor = 0.8
	sasl.login.callback.handler.class = null
	sasl.login.class = null
	sasl.login.connect.timeout.ms = null
	sasl.login.read.timeout.ms = null
	sasl.login.refresh.buffer.seconds = 300
	sasl.login.refresh.min.period.seconds = 60
	sasl.login.refresh.window.factor = 0.8
	sasl.login.refresh.window.jitter = 0.05
	sasl.login.retry.backoff.max.ms = 10000
	sasl.login.retry.backoff.ms = 100
	sasl.mechanism = GSSAPI
	sasl.oauthbearer.clock.skew.seconds = 30
	sasl.oauthbearer.expected.audience = null
	sasl.oauthbearer.expected.issuer = null
	sasl.oauthbearer.header.urlencode = false
	sasl.oauthbearer.jwks.endpoint.refresh.ms = 3600000
	sasl.oauthbearer.jwks.endpoint.retry.backoff.max.ms = 10000
	sasl.oauthbearer.jwks.endpoint.retry.backoff.ms = 100
	sasl.oauthbearer.jwks.endpoint.url = null
	sasl.oauthbearer.scope.claim.name = scope
	sasl.oauthbearer.sub.claim.name = sub
	sasl.oauthbearer.token.endpoint.url = null
	security.protocol = PLAINTEXT
	security.providers = null
	send.buffer.bytes = 131072
	session.timeout.ms = 45000
	socket.connection.setup.timeout.max.ms = 30000
	socket.connection.setup.timeout.ms = 10000
	ssl.cipher.suites = null
	ssl.enabled.protocols = [TLSv1.2, TLSv1.3]
	ssl.endpoint.identification.algorithm = https
	ssl.engine.factory.class = null
	ssl.key.password = null
	ssl.keymanager.algorithm = SunX509
	ssl.keystore.certificate.chain = null
	ssl.keystore.key = null
	ssl.keystore.location = null
	ssl.keystore.password = null
	ssl.keystore.type = JKS
	ssl.protocol = TLSv1.3
	ssl.provider = null
	ssl.secure.random.implementation = null
	ssl.trustmanager.algorithm = PKIX
	ssl.truststore.certificates = null
	ssl.truststore.location = null
	ssl.truststore.password = null
	ssl.truststore.type = JKS
	value.deserializer = class io.apicurio.registry.serde.avro.AvroKafkaDeserializer

2025-09-03 13:53:55,437 INFO  [org.apa.kaf.com.tel.int.KafkaMetricsCollector] (main) initializing Kafka metrics collector
2025-09-03 13:53:55,445 INFO  [org.apa.kaf.cli.con.ConsumerConfig] (main) These configurations '[apicurio.registry.url]' were supplied but are not used yet.
2025-09-03 13:53:55,445 INFO  [org.apa.kaf.com.uti.AppInfoParser] (main) Kafka version: 3.9.1
2025-09-03 13:53:55,445 INFO  [org.apa.kaf.com.uti.AppInfoParser] (main) Kafka commitId: f745dfdcee2b9851
2025-09-03 13:53:55,445 INFO  [org.apa.kaf.com.uti.AppInfoParser] (main) Kafka startTimeMs: 1756907635445
2025-09-03 13:53:55,446 INFO  [org.apa.kaf.cli.con.int.ClassicKafkaConsumer] (ForkJoinPool.commonPool-worker-2) [Consumer clientId=consumer-Consumer-topic-0ded1a56_eb1b_4af9_9e77_3392b488c87a-2, groupId=Consumer-topic-0ded1a56_eb1b_4af9_9e77_3392b488c87a] Subscribed to topic(s): topic-0ded1a56_eb1b_4af9_9e77_3392b488c87a
2025-09-03 13:53:55,451 INFO  [org.apa.kaf.cli.Metadata] (ForkJoinPool.commonPool-worker-2) [Consumer clientId=consumer-Consumer-topic-0ded1a56_eb1b_4af9_9e77_3392b488c87a-2, groupId=Consumer-topic-0ded1a56_eb1b_4af9_9e77_3392b488c87a] Cluster ID: zfwsSXvVT6qhU8UlUF5FTQ
2025-09-03 13:53:55,453 INFO  [org.apa.kaf.cli.con.int.ConsumerCoordinator] (ForkJoinPool.commonPool-worker-2) [Consumer clientId=consumer-Consumer-topic-0ded1a56_eb1b_4af9_9e77_3392b488c87a-2, groupId=Consumer-topic-0ded1a56_eb1b_4af9_9e77_3392b488c87a] Discovered group coordinator localhost:32769 (id: 2147483647 rack: null)
2025-09-03 13:53:55,454 INFO  [org.apa.kaf.cli.con.int.ConsumerCoordinator] (ForkJoinPool.commonPool-worker-2) [Consumer clientId=consumer-Consumer-topic-0ded1a56_eb1b_4af9_9e77_3392b488c87a-2, groupId=Consumer-topic-0ded1a56_eb1b_4af9_9e77_3392b488c87a] (Re-)joining group
2025-09-03 13:53:55,457 INFO  [org.apa.kaf.cli.con.int.ConsumerCoordinator] (ForkJoinPool.commonPool-worker-2) [Consumer clientId=consumer-Consumer-topic-0ded1a56_eb1b_4af9_9e77_3392b488c87a-2, groupId=Consumer-topic-0ded1a56_eb1b_4af9_9e77_3392b488c87a] Request joining group due to: need to re-join with the given member-id: consumer-Consumer-topic-0ded1a56_eb1b_4af9_9e77_3392b488c87a-2-92e5b448-cf27-4f51-99bf-736e5a1096ef
2025-09-03 13:53:55,457 INFO  [org.apa.kaf.cli.con.int.ConsumerCoordinator] (ForkJoinPool.commonPool-worker-2) [Consumer clientId=consumer-Consumer-topic-0ded1a56_eb1b_4af9_9e77_3392b488c87a-2, groupId=Consumer-topic-0ded1a56_eb1b_4af9_9e77_3392b488c87a] (Re-)joining group
2025-09-03 13:53:56,446 INFO  [io.api.tes.ser.api.KafkaSerdesTester] (ForkJoinPool.commonPool-worker-2) None found
2025-09-03 13:53:57,446 INFO  [io.api.tes.ser.api.KafkaSerdesTester] (ForkJoinPool.commonPool-worker-2) None found
2025-09-03 13:53:58,446 INFO  [io.api.tes.ser.api.KafkaSerdesTester] (ForkJoinPool.commonPool-worker-2) None found
2025-09-03 13:53:58,459 INFO  [org.apa.kaf.cli.con.int.ConsumerCoordinator] (ForkJoinPool.commonPool-worker-2) [Consumer clientId=consumer-Consumer-topic-0ded1a56_eb1b_4af9_9e77_3392b488c87a-2, groupId=Consumer-topic-0ded1a56_eb1b_4af9_9e77_3392b488c87a] Successfully joined group with generation Generation{generationId=1, memberId='consumer-Consumer-topic-0ded1a56_eb1b_4af9_9e77_3392b488c87a-2-92e5b448-cf27-4f51-99bf-736e5a1096ef', protocol='range'}
2025-09-03 13:53:58,459 INFO  [org.apa.kaf.cli.con.int.ConsumerCoordinator] (ForkJoinPool.commonPool-worker-2) [Consumer clientId=consumer-Consumer-topic-0ded1a56_eb1b_4af9_9e77_3392b488c87a-2, groupId=Consumer-topic-0ded1a56_eb1b_4af9_9e77_3392b488c87a] Finished assignment for group at generation 1: {consumer-Consumer-topic-0ded1a56_eb1b_4af9_9e77_3392b488c87a-2-92e5b448-cf27-4f51-99bf-736e5a1096ef=Assignment(partitions=[topic-0ded1a56_eb1b_4af9_9e77_3392b488c87a-0])}
2025-09-03 13:53:58,466 INFO  [org.apa.kaf.cli.con.int.ConsumerCoordinator] (ForkJoinPool.commonPool-worker-2) [Consumer clientId=consumer-Consumer-topic-0ded1a56_eb1b_4af9_9e77_3392b488c87a-2, groupId=Consumer-topic-0ded1a56_eb1b_4af9_9e77_3392b488c87a] Successfully synced group in generation Generation{generationId=1, memberId='consumer-Consumer-topic-0ded1a56_eb1b_4af9_9e77_3392b488c87a-2-92e5b448-cf27-4f51-99bf-736e5a1096ef', protocol='range'}
2025-09-03 13:53:58,466 INFO  [org.apa.kaf.cli.con.int.ConsumerCoordinator] (ForkJoinPool.commonPool-worker-2) [Consumer clientId=consumer-Consumer-topic-0ded1a56_eb1b_4af9_9e77_3392b488c87a-2, groupId=Consumer-topic-0ded1a56_eb1b_4af9_9e77_3392b488c87a] Notifying assignor about the new Assignment(partitions=[topic-0ded1a56_eb1b_4af9_9e77_3392b488c87a-0])
2025-09-03 13:53:58,466 INFO  [org.apa.kaf.cli.con.int.ConsumerRebalanceListenerInvoker] (ForkJoinPool.commonPool-worker-2) [Consumer clientId=consumer-Consumer-topic-0ded1a56_eb1b_4af9_9e77_3392b488c87a-2, groupId=Consumer-topic-0ded1a56_eb1b_4af9_9e77_3392b488c87a] Adding newly assigned partitions: topic-0ded1a56_eb1b_4af9_9e77_3392b488c87a-0
2025-09-03 13:53:58,468 INFO  [org.apa.kaf.cli.con.int.ConsumerCoordinator] (ForkJoinPool.commonPool-worker-2) [Consumer clientId=consumer-Consumer-topic-0ded1a56_eb1b_4af9_9e77_3392b488c87a-2, groupId=Consumer-topic-0ded1a56_eb1b_4af9_9e77_3392b488c87a] Found no committed offset for partition topic-0ded1a56_eb1b_4af9_9e77_3392b488c87a-0
2025-09-03 13:53:58,471 INFO  [org.apa.kaf.cli.con.int.SubscriptionState] (ForkJoinPool.commonPool-worker-2) [Consumer clientId=consumer-Consumer-topic-0ded1a56_eb1b_4af9_9e77_3392b488c87a-2, groupId=Consumer-topic-0ded1a56_eb1b_4af9_9e77_3392b488c87a] Resetting offset for partition topic-0ded1a56_eb1b_4af9_9e77_3392b488c87a-0 to position FetchPosition{offset=0, offsetEpoch=Optional.empty, currentLeader=LeaderAndEpoch{leader=Optional[localhost:32769 (id: 0 rack: null)], epoch=0}}.
2025-09-03 13:53:58,512 INFO  [io.api.tes.ser.api.KafkaSerdesTester] (ForkJoinPool.commonPool-worker-2) topic-0ded1a56_eb1b_4af9_9e77_3392b488c87a 0 0 {"key11756907634299": "value-0"}
2025-09-03 13:53:58,512 INFO  [io.api.tes.ser.api.KafkaSerdesTester] (ForkJoinPool.commonPool-worker-2) topic-0ded1a56_eb1b_4af9_9e77_3392b488c87a 0 1 {"key11756907634299": "value-1"}
2025-09-03 13:53:58,512 INFO  [io.api.tes.ser.api.KafkaSerdesTester] (ForkJoinPool.commonPool-worker-2) topic-0ded1a56_eb1b_4af9_9e77_3392b488c87a 0 2 {"key11756907634299": "value-2"}
2025-09-03 13:53:58,512 INFO  [io.api.tes.ser.api.KafkaSerdesTester] (ForkJoinPool.commonPool-worker-2) topic-0ded1a56_eb1b_4af9_9e77_3392b488c87a 0 3 {"key11756907634299": "value-3"}
2025-09-03 13:53:58,512 INFO  [io.api.tes.ser.api.KafkaSerdesTester] (ForkJoinPool.commonPool-worker-2) topic-0ded1a56_eb1b_4af9_9e77_3392b488c87a 0 4 {"key11756907634299": "value-4"}
2025-09-03 13:53:58,512 INFO  [io.api.tes.ser.api.KafkaSerdesTester] (ForkJoinPool.commonPool-worker-2) topic-0ded1a56_eb1b_4af9_9e77_3392b488c87a 0 5 {"key11756907634299": "value-5"}
2025-09-03 13:53:58,512 INFO  [io.api.tes.ser.api.KafkaSerdesTester] (ForkJoinPool.commonPool-worker-2) topic-0ded1a56_eb1b_4af9_9e77_3392b488c87a 0 6 {"key11756907634299": "value-6"}
2025-09-03 13:53:58,513 INFO  [io.api.tes.ser.api.KafkaSerdesTester] (ForkJoinPool.commonPool-worker-2) topic-0ded1a56_eb1b_4af9_9e77_3392b488c87a 0 7 {"key11756907634299": "value-7"}
2025-09-03 13:53:58,513 INFO  [io.api.tes.ser.api.KafkaSerdesTester] (ForkJoinPool.commonPool-worker-2) topic-0ded1a56_eb1b_4af9_9e77_3392b488c87a 0 8 {"key11756907634299": "value-8"}
2025-09-03 13:53:58,513 INFO  [io.api.tes.ser.api.KafkaSerdesTester] (ForkJoinPool.commonPool-worker-2) topic-0ded1a56_eb1b_4af9_9e77_3392b488c87a 0 9 {"key11756907634299": "value-9"}
2025-09-03 13:53:58,513 INFO  [io.api.tes.ser.api.KafkaSerdesTester] (ForkJoinPool.commonPool-worker-2) Consumed 10 messages
2025-09-03 13:53:58,521 INFO  [org.apa.kaf.cli.con.int.ConsumerRebalanceListenerInvoker] (ForkJoinPool.commonPool-worker-2) [Consumer clientId=consumer-Consumer-topic-0ded1a56_eb1b_4af9_9e77_3392b488c87a-2, groupId=Consumer-topic-0ded1a56_eb1b_4af9_9e77_3392b488c87a] Revoke previously assigned partitions topic-0ded1a56_eb1b_4af9_9e77_3392b488c87a-0
2025-09-03 13:53:58,521 INFO  [org.apa.kaf.cli.con.int.ConsumerCoordinator] (ForkJoinPool.commonPool-worker-2) [Consumer clientId=consumer-Consumer-topic-0ded1a56_eb1b_4af9_9e77_3392b488c87a-2, groupId=Consumer-topic-0ded1a56_eb1b_4af9_9e77_3392b488c87a] Member consumer-Consumer-topic-0ded1a56_eb1b_4af9_9e77_3392b488c87a-2-92e5b448-cf27-4f51-99bf-736e5a1096ef sending LeaveGroup request to coordinator localhost:32769 (id: 2147483647 rack: null) due to the consumer is being closed
2025-09-03 13:53:58,521 INFO  [org.apa.kaf.cli.con.int.ConsumerCoordinator] (ForkJoinPool.commonPool-worker-2) [Consumer clientId=consumer-Consumer-topic-0ded1a56_eb1b_4af9_9e77_3392b488c87a-2, groupId=Consumer-topic-0ded1a56_eb1b_4af9_9e77_3392b488c87a] Resetting generation and member id due to: consumer pro-actively leaving the group
2025-09-03 13:53:58,521 INFO  [org.apa.kaf.cli.con.int.ConsumerCoordinator] (ForkJoinPool.commonPool-worker-2) [Consumer clientId=consumer-Consumer-topic-0ded1a56_eb1b_4af9_9e77_3392b488c87a-2, groupId=Consumer-topic-0ded1a56_eb1b_4af9_9e77_3392b488c87a] Request joining group due to: consumer pro-actively leaving the group
2025-09-03 13:53:59,015 INFO  [org.apa.kaf.com.met.Metrics] (ForkJoinPool.commonPool-worker-2) Metrics scheduler closed
2025-09-03 13:53:59,015 INFO  [org.apa.kaf.com.met.Metrics] (ForkJoinPool.commonPool-worker-2) Closing reporter org.apache.kafka.common.metrics.JmxReporter
2025-09-03 13:53:59,016 INFO  [org.apa.kaf.com.met.Metrics] (ForkJoinPool.commonPool-worker-2) Closing reporter org.apache.kafka.common.telemetry.internals.ClientTelemetryReporter
2025-09-03 13:53:59,016 INFO  [org.apa.kaf.com.met.Metrics] (ForkJoinPool.commonPool-worker-2) Metrics reporters closed
2025-09-03 13:53:59,018 INFO  [org.apa.kaf.com.uti.AppInfoParser] (ForkJoinPool.commonPool-worker-2) App info kafka.consumer for consumer-Consumer-topic-0ded1a56_eb1b_4af9_9e77_3392b488c87a-2 unregistered
2025-09-03 13:53:59,018 INFO  [io.api.tes.uti.TestSeparator] (main) io.apicurio.tests.serdes.apicurio.AvroSerdeIT.testSimpleTopicIdStrategyFindLatest-FINISHED
2025-09-03 13:53:59,019 INFO  [io.api.tes.uti.TestSeparator] (main) ############################################################################
Test passed: testSimpleTopicIdStrategyFindLatest
]]></system-out>
  </testcase>
  <testcase name="testWrongSchema" classname="io.apicurio.tests.serdes.apicurio.AvroSerdeIT" time="1.1">
    <system-out><![CDATA[2025-09-03 13:53:59,020 INFO  [io.api.tes.uti.TestSeparator] (main) ############################################################################
2025-09-03 13:53:59,020 INFO  [io.api.tes.uti.TestSeparator] (main) io.apicurio.tests.serdes.apicurio.AvroSerdeIT.testWrongSchema-STARTED
**** Registry Base URL: http://registry-app-inmemory.apps.ci419.apicurio-testing.org:80
2025-09-03 13:54:00,066 INFO  [org.apa.kaf.cli.pro.ProducerConfig] (main) ProducerConfig values: 
	acks = -1
	auto.include.jmx.reporter = true
	batch.size = 16384
	bootstrap.servers = [PLAINTEXT://localhost:32769]
	buffer.memory = 33554432
	client.dns.lookup = use_all_dns_ips
	client.id = Producer-s4db2bb1ax68edx482exb1c6xe29c415b58ca
	compression.gzip.level = -1
	compression.lz4.level = 9
	compression.type = none
	compression.zstd.level = 3
	connections.max.idle.ms = 10000
	delivery.timeout.ms = 120000
	enable.idempotence = true
	enable.metrics.push = true
	interceptor.classes = []
	key.serializer = class org.apache.kafka.common.serialization.StringSerializer
	linger.ms = 0
	max.block.ms = 60000
	max.in.flight.requests.per.connection = 5
	max.request.size = 1048576
	metadata.max.age.ms = 300000
	metadata.max.idle.ms = 300000
	metadata.recovery.strategy = none
	metric.reporters = []
	metrics.num.samples = 2
	metrics.recording.level = INFO
	metrics.sample.window.ms = 30000
	partitioner.adaptive.partitioning.enable = true
	partitioner.availability.timeout.ms = 0
	partitioner.class = null
	partitioner.ignore.keys = false
	receive.buffer.bytes = 32768
	reconnect.backoff.max.ms = 1000
	reconnect.backoff.ms = 50
	request.timeout.ms = 5000
	retries = 2147483647
	retry.backoff.max.ms = 1000
	retry.backoff.ms = 100
	sasl.client.callback.handler.class = null
	sasl.jaas.config = null
	sasl.kerberos.kinit.cmd = /usr/bin/kinit
	sasl.kerberos.min.time.before.relogin = 60000
	sasl.kerberos.service.name = null
	sasl.kerberos.ticket.renew.jitter = 0.05
	sasl.kerberos.ticket.renew.window.factor = 0.8
	sasl.login.callback.handler.class = null
	sasl.login.class = null
	sasl.login.connect.timeout.ms = null
	sasl.login.read.timeout.ms = null
	sasl.login.refresh.buffer.seconds = 300
	sasl.login.refresh.min.period.seconds = 60
	sasl.login.refresh.window.factor = 0.8
	sasl.login.refresh.window.jitter = 0.05
	sasl.login.retry.backoff.max.ms = 10000
	sasl.login.retry.backoff.ms = 100
	sasl.mechanism = GSSAPI
	sasl.oauthbearer.clock.skew.seconds = 30
	sasl.oauthbearer.expected.audience = null
	sasl.oauthbearer.expected.issuer = null
	sasl.oauthbearer.header.urlencode = false
	sasl.oauthbearer.jwks.endpoint.refresh.ms = 3600000
	sasl.oauthbearer.jwks.endpoint.retry.backoff.max.ms = 10000
	sasl.oauthbearer.jwks.endpoint.retry.backoff.ms = 100
	sasl.oauthbearer.jwks.endpoint.url = null
	sasl.oauthbearer.scope.claim.name = scope
	sasl.oauthbearer.sub.claim.name = sub
	sasl.oauthbearer.token.endpoint.url = null
	security.protocol = PLAINTEXT
	security.providers = null
	send.buffer.bytes = 131072
	socket.connection.setup.timeout.max.ms = 30000
	socket.connection.setup.timeout.ms = 10000
	ssl.cipher.suites = null
	ssl.enabled.protocols = [TLSv1.2, TLSv1.3]
	ssl.endpoint.identification.algorithm = https
	ssl.engine.factory.class = null
	ssl.key.password = null
	ssl.keymanager.algorithm = SunX509
	ssl.keystore.certificate.chain = null
	ssl.keystore.key = null
	ssl.keystore.location = null
	ssl.keystore.password = null
	ssl.keystore.type = JKS
	ssl.protocol = TLSv1.3
	ssl.provider = null
	ssl.secure.random.implementation = null
	ssl.trustmanager.algorithm = PKIX
	ssl.truststore.certificates = null
	ssl.truststore.location = null
	ssl.truststore.password = null
	ssl.truststore.type = JKS
	transaction.timeout.ms = 60000
	transactional.id = null
	value.serializer = class io.apicurio.registry.serde.avro.AvroKafkaSerializer

2025-09-03 13:54:00,066 INFO  [org.apa.kaf.com.tel.int.KafkaMetricsCollector] (main) initializing Kafka metrics collector
2025-09-03 13:54:00,070 INFO  [org.apa.kaf.cli.pro.KafkaProducer] (main) [Producer clientId=Producer-s4db2bb1ax68edx482exb1c6xe29c415b58ca] Instantiated an idempotent producer.
2025-09-03 13:54:00,073 INFO  [org.apa.kaf.cli.pro.ProducerConfig] (main) These configurations '[apicurio.registry.find-latest, apicurio.registry.url, apicurio.registry.artifact-resolver-strategy]' were supplied but are not used yet.
2025-09-03 13:54:00,073 INFO  [org.apa.kaf.com.uti.AppInfoParser] (main) Kafka version: 3.9.1
2025-09-03 13:54:00,073 INFO  [org.apa.kaf.com.uti.AppInfoParser] (main) Kafka commitId: f745dfdcee2b9851
2025-09-03 13:54:00,073 INFO  [org.apa.kaf.com.uti.AppInfoParser] (main) Kafka startTimeMs: 1756907640073
2025-09-03 13:54:00,074 INFO  [io.api.tes.ser.api.KafkaSerdesTester] (ForkJoinPool.commonPool-worker-2) Sending message {"keyB": "value-0"} to topic s4db2bb1ax68edx482exb1c6xe29c415b58ca
2025-09-03 13:54:00,078 INFO  [org.apa.kaf.cli.Metadata] (kafka-producer-network-thread | Producer-s4db2bb1ax68edx482exb1c6xe29c415b58ca) [Producer clientId=Producer-s4db2bb1ax68edx482exb1c6xe29c415b58ca] Cluster ID: zfwsSXvVT6qhU8UlUF5FTQ
2025-09-03 13:54:00,079 INFO  [org.apa.kaf.cli.pro.int.TransactionManager] (kafka-producer-network-thread | Producer-s4db2bb1ax68edx482exb1c6xe29c415b58ca) [Producer clientId=Producer-s4db2bb1ax68edx482exb1c6xe29c415b58ca] ProducerId set to 2 with epoch 0
2025-09-03 13:54:00,116 INFO  [org.apa.kaf.cli.pro.KafkaProducer] (ForkJoinPool.commonPool-worker-2) [Producer clientId=Producer-s4db2bb1ax68edx482exb1c6xe29c415b58ca] Closing the Kafka producer with timeoutMillis = 9223372036854775807 ms.
2025-09-03 13:54:00,118 INFO  [org.apa.kaf.com.met.Metrics] (ForkJoinPool.commonPool-worker-2) Metrics scheduler closed
2025-09-03 13:54:00,118 INFO  [org.apa.kaf.com.met.Metrics] (ForkJoinPool.commonPool-worker-2) Closing reporter org.apache.kafka.common.metrics.JmxReporter
2025-09-03 13:54:00,118 INFO  [org.apa.kaf.com.met.Metrics] (ForkJoinPool.commonPool-worker-2) Closing reporter org.apache.kafka.common.telemetry.internals.ClientTelemetryReporter
2025-09-03 13:54:00,118 INFO  [org.apa.kaf.com.met.Metrics] (ForkJoinPool.commonPool-worker-2) Metrics reporters closed
2025-09-03 13:54:00,118 INFO  [org.apa.kaf.com.uti.AppInfoParser] (ForkJoinPool.commonPool-worker-2) App info kafka.producer for Producer-s4db2bb1ax68edx482exb1c6xe29c415b58ca unregistered
2025-09-03 13:54:00,119 INFO  [io.api.tes.uti.TestSeparator] (main) io.apicurio.tests.serdes.apicurio.AvroSerdeIT.testWrongSchema-FINISHED
2025-09-03 13:54:00,119 INFO  [io.api.tes.uti.TestSeparator] (main) ############################################################################
Test passed: testWrongSchema
]]></system-out>
    <system-err><![CDATA[io.apicurio.registry.rest.client.models.ProblemDetails
	at io.apicurio.registry.rest.client.models.ProblemDetails.createFromDiscriminatorValue(ProblemDetails.java:58)
	at io.kiota.serialization.json.JsonParseNode.getObjectValue(JsonParseNode.java:247)
	at io.kiota.http.vertx.VertXRequestAdapter.lambda$throwIfFailedResponse$0(VertXRequestAdapter.java:400)
	at com.microsoft.kiota.ApiExceptionBuilder.<init>(ApiExceptionBuilder.java:26)
	at io.kiota.http.vertx.VertXRequestAdapter.throwIfFailedResponse(VertXRequestAdapter.java:399)
	at io.kiota.http.vertx.VertXRequestAdapter.send(VertXRequestAdapter.java:170)
	at jdk.internal.reflect.GeneratedMethodAccessor33.invoke(Unknown Source)
	at java.base/jdk.internal.reflect.DelegatingMethodAccessorImpl.invoke(DelegatingMethodAccessorImpl.java:43)
	at java.base/java.lang.reflect.Method.invoke(Method.java:569)
	at io.apicurio.registry.client.RegistryClientFactory$RetryInvocationHandler.invoke(RegistryClientFactory.java:146)
	at jdk.proxy2/jdk.proxy2.$Proxy65.send(Unknown Source)
	at io.apicurio.registry.rest.client.groups.item.artifacts.item.versions.item.WithVersionExpressionItemRequestBuilder.get(WithVersionExpressionItemRequestBuilder.java:128)
	at io.apicurio.registry.rest.client.groups.item.artifacts.item.versions.item.WithVersionExpressionItemRequestBuilder.get(WithVersionExpressionItemRequestBuilder.java:111)
	at io.apicurio.registry.resolver.client.RegistryClientFacadeImpl.getVersionCoordinatesByGAV(RegistryClientFacadeImpl.java:159)
	at io.apicurio.registry.resolver.DefaultSchemaResolver.resolveByCoordinates(DefaultSchemaResolver.java:352)
	at io.apicurio.registry.resolver.DefaultSchemaResolver.lambda$resolveSchemaByArtifactReferenceCached$6(DefaultSchemaResolver.java:340)
	at io.apicurio.registry.resolver.cache.ERCache.lambda$getValue$0(ERCache.java:174)
	at io.apicurio.registry.resolver.cache.ERCache.retry(ERCache.java:227)
	at io.apicurio.registry.resolver.cache.ERCache.getValue(ERCache.java:173)
	at io.apicurio.registry.resolver.cache.ERCache.getByArtifactCoordinates(ERCache.java:158)
	at io.apicurio.registry.resolver.DefaultSchemaResolver.resolveSchemaByArtifactReferenceCached(DefaultSchemaResolver.java:338)
	at io.apicurio.registry.resolver.DefaultSchemaResolver.resolveSchemaByCoordinates(DefaultSchemaResolver.java:193)
	at io.apicurio.registry.resolver.DefaultSchemaResolver.getSchemaFromRegistry(DefaultSchemaResolver.java:130)
	at io.apicurio.registry.resolver.DefaultSchemaResolver.lambda$resolveSchema$0(DefaultSchemaResolver.java:84)
	at java.base/java.util.Optional.orElseGet(Optional.java:364)
	at io.apicurio.registry.resolver.DefaultSchemaResolver.resolveSchema(DefaultSchemaResolver.java:84)
	at io.apicurio.registry.serde.AbstractSerializer.serializeData(AbstractSerializer.java:62)
	at io.apicurio.registry.serde.KafkaSerializer.serialize(KafkaSerializer.java:77)
	at org.apache.kafka.clients.producer.KafkaProducer.doSend(KafkaProducer.java:1046)
	at org.apache.kafka.clients.producer.KafkaProducer.send(KafkaProducer.java:993)
	at org.apache.kafka.clients.producer.KafkaProducer.send(KafkaProducer.java:875)
	at io.apicurio.tests.serdes.apicurio.KafkaSerdesTester.lambda$produceMessages$3(KafkaSerdesTester.java:138)
	at java.base/java.util.concurrent.CompletableFuture$AsyncSupply.run(CompletableFuture.java:1768)
	at java.base/java.util.concurrent.CompletableFuture$AsyncSupply.exec(CompletableFuture.java:1760)
	at java.base/java.util.concurrent.ForkJoinTask.doExec(ForkJoinTask.java:373)
	at java.base/java.util.concurrent.ForkJoinPool$WorkQueue.topLevelExec(ForkJoinPool.java:1182)
	at java.base/java.util.concurrent.ForkJoinPool.scan(ForkJoinPool.java:1655)
	at java.base/java.util.concurrent.ForkJoinPool.runWorker(ForkJoinPool.java:1622)
	at java.base/java.util.concurrent.ForkJoinWorkerThread.run(ForkJoinWorkerThread.java:165)
]]></system-err>
  </testcase>
  <testcase name="testAvroJSON" classname="io.apicurio.tests.serdes.apicurio.AvroSerdeIT" time="3.783">
    <system-out><![CDATA[2025-09-03 13:54:00,120 INFO  [io.api.tes.uti.TestSeparator] (main) ############################################################################
2025-09-03 13:54:00,120 INFO  [io.api.tes.uti.TestSeparator] (main) io.apicurio.tests.serdes.apicurio.AvroSerdeIT.testAvroJSON-STARTED
**** Registry Base URL: http://registry-app-inmemory.apps.ci419.apicurio-testing.org:80
2025-09-03 13:54:00,122 INFO  [org.apa.kaf.cli.pro.ProducerConfig] (main) ProducerConfig values: 
	acks = -1
	auto.include.jmx.reporter = true
	batch.size = 16384
	bootstrap.servers = [PLAINTEXT://localhost:32769]
	buffer.memory = 33554432
	client.dns.lookup = use_all_dns_ips
	client.id = Producer-topic-ffaff8ae_5f6c_4621_8ff7_eb5951a75189
	compression.gzip.level = -1
	compression.lz4.level = 9
	compression.type = none
	compression.zstd.level = 3
	connections.max.idle.ms = 10000
	delivery.timeout.ms = 120000
	enable.idempotence = true
	enable.metrics.push = true
	interceptor.classes = []
	key.serializer = class org.apache.kafka.common.serialization.StringSerializer
	linger.ms = 0
	max.block.ms = 60000
	max.in.flight.requests.per.connection = 5
	max.request.size = 1048576
	metadata.max.age.ms = 300000
	metadata.max.idle.ms = 300000
	metadata.recovery.strategy = none
	metric.reporters = []
	metrics.num.samples = 2
	metrics.recording.level = INFO
	metrics.sample.window.ms = 30000
	partitioner.adaptive.partitioning.enable = true
	partitioner.availability.timeout.ms = 0
	partitioner.class = null
	partitioner.ignore.keys = false
	receive.buffer.bytes = 32768
	reconnect.backoff.max.ms = 1000
	reconnect.backoff.ms = 50
	request.timeout.ms = 5000
	retries = 2147483647
	retry.backoff.max.ms = 1000
	retry.backoff.ms = 100
	sasl.client.callback.handler.class = null
	sasl.jaas.config = null
	sasl.kerberos.kinit.cmd = /usr/bin/kinit
	sasl.kerberos.min.time.before.relogin = 60000
	sasl.kerberos.service.name = null
	sasl.kerberos.ticket.renew.jitter = 0.05
	sasl.kerberos.ticket.renew.window.factor = 0.8
	sasl.login.callback.handler.class = null
	sasl.login.class = null
	sasl.login.connect.timeout.ms = null
	sasl.login.read.timeout.ms = null
	sasl.login.refresh.buffer.seconds = 300
	sasl.login.refresh.min.period.seconds = 60
	sasl.login.refresh.window.factor = 0.8
	sasl.login.refresh.window.jitter = 0.05
	sasl.login.retry.backoff.max.ms = 10000
	sasl.login.retry.backoff.ms = 100
	sasl.mechanism = GSSAPI
	sasl.oauthbearer.clock.skew.seconds = 30
	sasl.oauthbearer.expected.audience = null
	sasl.oauthbearer.expected.issuer = null
	sasl.oauthbearer.header.urlencode = false
	sasl.oauthbearer.jwks.endpoint.refresh.ms = 3600000
	sasl.oauthbearer.jwks.endpoint.retry.backoff.max.ms = 10000
	sasl.oauthbearer.jwks.endpoint.retry.backoff.ms = 100
	sasl.oauthbearer.jwks.endpoint.url = null
	sasl.oauthbearer.scope.claim.name = scope
	sasl.oauthbearer.sub.claim.name = sub
	sasl.oauthbearer.token.endpoint.url = null
	security.protocol = PLAINTEXT
	security.providers = null
	send.buffer.bytes = 131072
	socket.connection.setup.timeout.max.ms = 30000
	socket.connection.setup.timeout.ms = 10000
	ssl.cipher.suites = null
	ssl.enabled.protocols = [TLSv1.2, TLSv1.3]
	ssl.endpoint.identification.algorithm = https
	ssl.engine.factory.class = null
	ssl.key.password = null
	ssl.keymanager.algorithm = SunX509
	ssl.keystore.certificate.chain = null
	ssl.keystore.key = null
	ssl.keystore.location = null
	ssl.keystore.password = null
	ssl.keystore.type = JKS
	ssl.protocol = TLSv1.3
	ssl.provider = null
	ssl.secure.random.implementation = null
	ssl.trustmanager.algorithm = PKIX
	ssl.truststore.certificates = null
	ssl.truststore.location = null
	ssl.truststore.password = null
	ssl.truststore.type = JKS
	transaction.timeout.ms = 60000
	transactional.id = null
	value.serializer = class io.apicurio.registry.serde.avro.AvroKafkaSerializer

2025-09-03 13:54:00,122 INFO  [org.apa.kaf.com.tel.int.KafkaMetricsCollector] (main) initializing Kafka metrics collector
2025-09-03 13:54:00,129 INFO  [org.apa.kaf.cli.pro.KafkaProducer] (main) [Producer clientId=Producer-topic-ffaff8ae_5f6c_4621_8ff7_eb5951a75189] Instantiated an idempotent producer.
2025-09-03 13:54:00,132 INFO  [org.apa.kaf.cli.pro.ProducerConfig] (main) These configurations '[apicurio.registry.avro.encoding, apicurio.registry.url, apicurio.registry.auto-register, apicurio.registry.artifact-resolver-strategy]' were supplied but are not used yet.
2025-09-03 13:54:00,132 INFO  [org.apa.kaf.com.uti.AppInfoParser] (main) Kafka version: 3.9.1
2025-09-03 13:54:00,133 INFO  [org.apa.kaf.com.uti.AppInfoParser] (main) Kafka commitId: f745dfdcee2b9851
2025-09-03 13:54:00,133 INFO  [org.apa.kaf.com.uti.AppInfoParser] (main) Kafka startTimeMs: 1756907640132
2025-09-03 13:54:00,133 INFO  [io.api.tes.ser.api.SimpleSerdesTesterBuilder$SimpleSerdesTester] (main) Using producer configuration: {apicurio.registry.avro.encoding=JSON, apicurio.registry.url=http://registry-app-inmemory.apps.ci419.apicurio-testing.org:80/apis/registry/v3, apicurio.registry.auto-register=true, apicurio.registry.artifact-resolver-strategy=io.apicurio.registry.serde.strategy.TopicIdStrategy, value.serializer=io.apicurio.registry.serde.avro.AvroKafkaSerializer, request.timeout.ms=5000, acks=all, bootstrap.servers=PLAINTEXT://localhost:32769, connections.max.idle.ms=10000, key.serializer=org.apache.kafka.common.serialization.StringSerializer, client.id=Producer-topic-ffaff8ae_5f6c_4621_8ff7_eb5951a75189}
2025-09-03 13:54:00,133 INFO  [io.api.tes.ser.api.SimpleSerdesTesterBuilder$SimpleSerdesTester] (main) Using consumer configuration: {apicurio.registry.avro.encoding=JSON}
2025-09-03 13:54:00,135 INFO  [io.api.tes.ser.api.KafkaSerdesTester] (ForkJoinPool.commonPool-worker-2) Sending message {"bar": "value-0"} to topic topic-ffaff8ae_5f6c_4621_8ff7_eb5951a75189
2025-09-03 13:54:00,138 WARN  [org.apa.kaf.cli.NetworkClient] (kafka-producer-network-thread | Producer-topic-ffaff8ae_5f6c_4621_8ff7_eb5951a75189) [Producer clientId=Producer-topic-ffaff8ae_5f6c_4621_8ff7_eb5951a75189] The metadata response from the cluster reported a recoverable issue with correlation id 1 : {topic-ffaff8ae_5f6c_4621_8ff7_eb5951a75189=UNKNOWN_TOPIC_OR_PARTITION}
2025-09-03 13:54:00,138 INFO  [org.apa.kaf.cli.Metadata] (kafka-producer-network-thread | Producer-topic-ffaff8ae_5f6c_4621_8ff7_eb5951a75189) [Producer clientId=Producer-topic-ffaff8ae_5f6c_4621_8ff7_eb5951a75189] Cluster ID: zfwsSXvVT6qhU8UlUF5FTQ
2025-09-03 13:54:00,138 INFO  [org.apa.kaf.cli.pro.int.TransactionManager] (kafka-producer-network-thread | Producer-topic-ffaff8ae_5f6c_4621_8ff7_eb5951a75189) [Producer clientId=Producer-topic-ffaff8ae_5f6c_4621_8ff7_eb5951a75189] ProducerId set to 3 with epoch 0
2025-09-03 13:54:00,281 INFO  [io.api.tes.ser.api.KafkaSerdesTester] (ForkJoinPool.commonPool-worker-2) Sending message {"bar": "value-1"} to topic topic-ffaff8ae_5f6c_4621_8ff7_eb5951a75189
2025-09-03 13:54:00,283 INFO  [io.api.tes.ser.api.KafkaSerdesTester] (ForkJoinPool.commonPool-worker-2) Sending message {"bar": "value-2"} to topic topic-ffaff8ae_5f6c_4621_8ff7_eb5951a75189
2025-09-03 13:54:00,285 INFO  [io.api.tes.ser.api.KafkaSerdesTester] (ForkJoinPool.commonPool-worker-2) Sending message {"bar": "value-3"} to topic topic-ffaff8ae_5f6c_4621_8ff7_eb5951a75189
2025-09-03 13:54:00,287 INFO  [io.api.tes.ser.api.KafkaSerdesTester] (ForkJoinPool.commonPool-worker-2) Sending message {"bar": "value-4"} to topic topic-ffaff8ae_5f6c_4621_8ff7_eb5951a75189
2025-09-03 13:54:00,288 INFO  [io.api.tes.ser.api.KafkaSerdesTester] (ForkJoinPool.commonPool-worker-2) Sending message {"bar": "value-5"} to topic topic-ffaff8ae_5f6c_4621_8ff7_eb5951a75189
2025-09-03 13:54:00,290 INFO  [io.api.tes.ser.api.KafkaSerdesTester] (ForkJoinPool.commonPool-worker-2) Sending message {"bar": "value-6"} to topic topic-ffaff8ae_5f6c_4621_8ff7_eb5951a75189
2025-09-03 13:54:00,292 INFO  [io.api.tes.ser.api.KafkaSerdesTester] (ForkJoinPool.commonPool-worker-2) Sending message {"bar": "value-7"} to topic topic-ffaff8ae_5f6c_4621_8ff7_eb5951a75189
2025-09-03 13:54:00,293 INFO  [io.api.tes.ser.api.KafkaSerdesTester] (ForkJoinPool.commonPool-worker-2) Sending message {"bar": "value-8"} to topic topic-ffaff8ae_5f6c_4621_8ff7_eb5951a75189
2025-09-03 13:54:00,295 INFO  [io.api.tes.ser.api.KafkaSerdesTester] (ForkJoinPool.commonPool-worker-2) Sending message {"bar": "value-9"} to topic topic-ffaff8ae_5f6c_4621_8ff7_eb5951a75189
2025-09-03 13:54:00,297 INFO  [io.api.tes.ser.api.KafkaSerdesTester] (ForkJoinPool.commonPool-worker-2) Produced 10 messages
2025-09-03 13:54:00,297 INFO  [org.apa.kaf.cli.pro.KafkaProducer] (ForkJoinPool.commonPool-worker-2) [Producer clientId=Producer-topic-ffaff8ae_5f6c_4621_8ff7_eb5951a75189] Closing the Kafka producer with timeoutMillis = 9223372036854775807 ms.
2025-09-03 13:54:00,299 INFO  [org.apa.kaf.com.met.Metrics] (ForkJoinPool.commonPool-worker-2) Metrics scheduler closed
2025-09-03 13:54:00,300 INFO  [org.apa.kaf.com.met.Metrics] (ForkJoinPool.commonPool-worker-2) Closing reporter org.apache.kafka.common.metrics.JmxReporter
2025-09-03 13:54:00,300 INFO  [org.apa.kaf.com.met.Metrics] (ForkJoinPool.commonPool-worker-2) Closing reporter org.apache.kafka.common.telemetry.internals.ClientTelemetryReporter
2025-09-03 13:54:00,300 INFO  [org.apa.kaf.com.met.Metrics] (ForkJoinPool.commonPool-worker-2) Metrics reporters closed
2025-09-03 13:54:00,300 INFO  [org.apa.kaf.com.uti.AppInfoParser] (ForkJoinPool.commonPool-worker-2) App info kafka.producer for Producer-topic-ffaff8ae_5f6c_4621_8ff7_eb5951a75189 unregistered
**** Registry Base URL: http://registry-app-inmemory.apps.ci419.apicurio-testing.org:80
2025-09-03 13:54:00,324 INFO  [org.apa.kaf.cli.con.ConsumerConfig] (main) ConsumerConfig values: 
	allow.auto.create.topics = true
	auto.commit.interval.ms = 500
	auto.include.jmx.reporter = true
	auto.offset.reset = earliest
	bootstrap.servers = [PLAINTEXT://localhost:32769]
	check.crcs = true
	client.dns.lookup = use_all_dns_ips
	client.id = consumer-Consumer-topic-ffaff8ae_5f6c_4621_8ff7_eb5951a75189-3
	client.rack = 
	connections.max.idle.ms = 10000
	default.api.timeout.ms = 60000
	enable.auto.commit = true
	enable.metrics.push = true
	exclude.internal.topics = true
	fetch.max.bytes = 52428800
	fetch.max.wait.ms = 500
	fetch.min.bytes = 1
	group.id = Consumer-topic-ffaff8ae_5f6c_4621_8ff7_eb5951a75189
	group.instance.id = null
	group.protocol = classic
	group.remote.assignor = null
	heartbeat.interval.ms = 3000
	interceptor.classes = []
	internal.leave.group.on.close = true
	internal.throw.on.fetch.stable.offset.unsupported = false
	isolation.level = read_uncommitted
	key.deserializer = class org.apache.kafka.common.serialization.StringDeserializer
	max.partition.fetch.bytes = 1048576
	max.poll.interval.ms = 300000
	max.poll.records = 500
	metadata.max.age.ms = 300000
	metadata.recovery.strategy = none
	metric.reporters = []
	metrics.num.samples = 2
	metrics.recording.level = INFO
	metrics.sample.window.ms = 30000
	partition.assignment.strategy = [class org.apache.kafka.clients.consumer.RangeAssignor, class org.apache.kafka.clients.consumer.CooperativeStickyAssignor]
	receive.buffer.bytes = 65536
	reconnect.backoff.max.ms = 1000
	reconnect.backoff.ms = 50
	request.timeout.ms = 5000
	retry.backoff.max.ms = 1000
	retry.backoff.ms = 100
	sasl.client.callback.handler.class = null
	sasl.jaas.config = null
	sasl.kerberos.kinit.cmd = /usr/bin/kinit
	sasl.kerberos.min.time.before.relogin = 60000
	sasl.kerberos.service.name = null
	sasl.kerberos.ticket.renew.jitter = 0.05
	sasl.kerberos.ticket.renew.window.factor = 0.8
	sasl.login.callback.handler.class = null
	sasl.login.class = null
	sasl.login.connect.timeout.ms = null
	sasl.login.read.timeout.ms = null
	sasl.login.refresh.buffer.seconds = 300
	sasl.login.refresh.min.period.seconds = 60
	sasl.login.refresh.window.factor = 0.8
	sasl.login.refresh.window.jitter = 0.05
	sasl.login.retry.backoff.max.ms = 10000
	sasl.login.retry.backoff.ms = 100
	sasl.mechanism = GSSAPI
	sasl.oauthbearer.clock.skew.seconds = 30
	sasl.oauthbearer.expected.audience = null
	sasl.oauthbearer.expected.issuer = null
	sasl.oauthbearer.header.urlencode = false
	sasl.oauthbearer.jwks.endpoint.refresh.ms = 3600000
	sasl.oauthbearer.jwks.endpoint.retry.backoff.max.ms = 10000
	sasl.oauthbearer.jwks.endpoint.retry.backoff.ms = 100
	sasl.oauthbearer.jwks.endpoint.url = null
	sasl.oauthbearer.scope.claim.name = scope
	sasl.oauthbearer.sub.claim.name = sub
	sasl.oauthbearer.token.endpoint.url = null
	security.protocol = PLAINTEXT
	security.providers = null
	send.buffer.bytes = 131072
	session.timeout.ms = 45000
	socket.connection.setup.timeout.max.ms = 30000
	socket.connection.setup.timeout.ms = 10000
	ssl.cipher.suites = null
	ssl.enabled.protocols = [TLSv1.2, TLSv1.3]
	ssl.endpoint.identification.algorithm = https
	ssl.engine.factory.class = null
	ssl.key.password = null
	ssl.keymanager.algorithm = SunX509
	ssl.keystore.certificate.chain = null
	ssl.keystore.key = null
	ssl.keystore.location = null
	ssl.keystore.password = null
	ssl.keystore.type = JKS
	ssl.protocol = TLSv1.3
	ssl.provider = null
	ssl.secure.random.implementation = null
	ssl.trustmanager.algorithm = PKIX
	ssl.truststore.certificates = null
	ssl.truststore.location = null
	ssl.truststore.password = null
	ssl.truststore.type = JKS
	value.deserializer = class io.apicurio.registry.serde.avro.AvroKafkaDeserializer

2025-09-03 13:54:00,324 INFO  [org.apa.kaf.com.tel.int.KafkaMetricsCollector] (main) initializing Kafka metrics collector
2025-09-03 13:54:00,330 INFO  [org.apa.kaf.cli.con.ConsumerConfig] (main) These configurations '[apicurio.registry.avro.encoding, apicurio.registry.url]' were supplied but are not used yet.
2025-09-03 13:54:00,330 INFO  [org.apa.kaf.com.uti.AppInfoParser] (main) Kafka version: 3.9.1
2025-09-03 13:54:00,330 INFO  [org.apa.kaf.com.uti.AppInfoParser] (main) Kafka commitId: f745dfdcee2b9851
2025-09-03 13:54:00,330 INFO  [org.apa.kaf.com.uti.AppInfoParser] (main) Kafka startTimeMs: 1756907640330
2025-09-03 13:54:00,330 INFO  [org.apa.kaf.cli.con.int.ClassicKafkaConsumer] (ForkJoinPool.commonPool-worker-2) [Consumer clientId=consumer-Consumer-topic-ffaff8ae_5f6c_4621_8ff7_eb5951a75189-3, groupId=Consumer-topic-ffaff8ae_5f6c_4621_8ff7_eb5951a75189] Subscribed to topic(s): topic-ffaff8ae_5f6c_4621_8ff7_eb5951a75189
2025-09-03 13:54:00,335 INFO  [org.apa.kaf.cli.Metadata] (ForkJoinPool.commonPool-worker-2) [Consumer clientId=consumer-Consumer-topic-ffaff8ae_5f6c_4621_8ff7_eb5951a75189-3, groupId=Consumer-topic-ffaff8ae_5f6c_4621_8ff7_eb5951a75189] Cluster ID: zfwsSXvVT6qhU8UlUF5FTQ
2025-09-03 13:54:00,336 INFO  [org.apa.kaf.cli.con.int.ConsumerCoordinator] (ForkJoinPool.commonPool-worker-2) [Consumer clientId=consumer-Consumer-topic-ffaff8ae_5f6c_4621_8ff7_eb5951a75189-3, groupId=Consumer-topic-ffaff8ae_5f6c_4621_8ff7_eb5951a75189] Discovered group coordinator localhost:32769 (id: 2147483647 rack: null)
2025-09-03 13:54:00,337 INFO  [org.apa.kaf.cli.con.int.ConsumerCoordinator] (ForkJoinPool.commonPool-worker-2) [Consumer clientId=consumer-Consumer-topic-ffaff8ae_5f6c_4621_8ff7_eb5951a75189-3, groupId=Consumer-topic-ffaff8ae_5f6c_4621_8ff7_eb5951a75189] (Re-)joining group
2025-09-03 13:54:00,340 INFO  [org.apa.kaf.cli.con.int.ConsumerCoordinator] (ForkJoinPool.commonPool-worker-2) [Consumer clientId=consumer-Consumer-topic-ffaff8ae_5f6c_4621_8ff7_eb5951a75189-3, groupId=Consumer-topic-ffaff8ae_5f6c_4621_8ff7_eb5951a75189] Request joining group due to: need to re-join with the given member-id: consumer-Consumer-topic-ffaff8ae_5f6c_4621_8ff7_eb5951a75189-3-7c4b0409-96ac-40c8-9182-3b0048d50fcc
2025-09-03 13:54:00,340 INFO  [org.apa.kaf.cli.con.int.ConsumerCoordinator] (ForkJoinPool.commonPool-worker-2) [Consumer clientId=consumer-Consumer-topic-ffaff8ae_5f6c_4621_8ff7_eb5951a75189-3, groupId=Consumer-topic-ffaff8ae_5f6c_4621_8ff7_eb5951a75189] (Re-)joining group
2025-09-03 13:54:01,331 INFO  [io.api.tes.ser.api.KafkaSerdesTester] (ForkJoinPool.commonPool-worker-2) None found
2025-09-03 13:54:02,331 INFO  [io.api.tes.ser.api.KafkaSerdesTester] (ForkJoinPool.commonPool-worker-2) None found
2025-09-03 13:54:03,332 INFO  [io.api.tes.ser.api.KafkaSerdesTester] (ForkJoinPool.commonPool-worker-2) None found
2025-09-03 13:54:03,342 INFO  [org.apa.kaf.cli.con.int.ConsumerCoordinator] (ForkJoinPool.commonPool-worker-2) [Consumer clientId=consumer-Consumer-topic-ffaff8ae_5f6c_4621_8ff7_eb5951a75189-3, groupId=Consumer-topic-ffaff8ae_5f6c_4621_8ff7_eb5951a75189] Successfully joined group with generation Generation{generationId=1, memberId='consumer-Consumer-topic-ffaff8ae_5f6c_4621_8ff7_eb5951a75189-3-7c4b0409-96ac-40c8-9182-3b0048d50fcc', protocol='range'}
2025-09-03 13:54:03,342 INFO  [org.apa.kaf.cli.con.int.ConsumerCoordinator] (ForkJoinPool.commonPool-worker-2) [Consumer clientId=consumer-Consumer-topic-ffaff8ae_5f6c_4621_8ff7_eb5951a75189-3, groupId=Consumer-topic-ffaff8ae_5f6c_4621_8ff7_eb5951a75189] Finished assignment for group at generation 1: {consumer-Consumer-topic-ffaff8ae_5f6c_4621_8ff7_eb5951a75189-3-7c4b0409-96ac-40c8-9182-3b0048d50fcc=Assignment(partitions=[topic-ffaff8ae_5f6c_4621_8ff7_eb5951a75189-0])}
2025-09-03 13:54:03,350 INFO  [org.apa.kaf.cli.con.int.ConsumerCoordinator] (ForkJoinPool.commonPool-worker-2) [Consumer clientId=consumer-Consumer-topic-ffaff8ae_5f6c_4621_8ff7_eb5951a75189-3, groupId=Consumer-topic-ffaff8ae_5f6c_4621_8ff7_eb5951a75189] Successfully synced group in generation Generation{generationId=1, memberId='consumer-Consumer-topic-ffaff8ae_5f6c_4621_8ff7_eb5951a75189-3-7c4b0409-96ac-40c8-9182-3b0048d50fcc', protocol='range'}
2025-09-03 13:54:03,350 INFO  [org.apa.kaf.cli.con.int.ConsumerCoordinator] (ForkJoinPool.commonPool-worker-2) [Consumer clientId=consumer-Consumer-topic-ffaff8ae_5f6c_4621_8ff7_eb5951a75189-3, groupId=Consumer-topic-ffaff8ae_5f6c_4621_8ff7_eb5951a75189] Notifying assignor about the new Assignment(partitions=[topic-ffaff8ae_5f6c_4621_8ff7_eb5951a75189-0])
2025-09-03 13:54:03,350 INFO  [org.apa.kaf.cli.con.int.ConsumerRebalanceListenerInvoker] (ForkJoinPool.commonPool-worker-2) [Consumer clientId=consumer-Consumer-topic-ffaff8ae_5f6c_4621_8ff7_eb5951a75189-3, groupId=Consumer-topic-ffaff8ae_5f6c_4621_8ff7_eb5951a75189] Adding newly assigned partitions: topic-ffaff8ae_5f6c_4621_8ff7_eb5951a75189-0
2025-09-03 13:54:03,351 INFO  [org.apa.kaf.cli.con.int.ConsumerCoordinator] (ForkJoinPool.commonPool-worker-2) [Consumer clientId=consumer-Consumer-topic-ffaff8ae_5f6c_4621_8ff7_eb5951a75189-3, groupId=Consumer-topic-ffaff8ae_5f6c_4621_8ff7_eb5951a75189] Found no committed offset for partition topic-ffaff8ae_5f6c_4621_8ff7_eb5951a75189-0
2025-09-03 13:54:03,355 INFO  [org.apa.kaf.cli.con.int.SubscriptionState] (ForkJoinPool.commonPool-worker-2) [Consumer clientId=consumer-Consumer-topic-ffaff8ae_5f6c_4621_8ff7_eb5951a75189-3, groupId=Consumer-topic-ffaff8ae_5f6c_4621_8ff7_eb5951a75189] Resetting offset for partition topic-ffaff8ae_5f6c_4621_8ff7_eb5951a75189-0 to position FetchPosition{offset=0, offsetEpoch=Optional.empty, currentLeader=LeaderAndEpoch{leader=Optional[localhost:32769 (id: 0 rack: null)], epoch=0}}.
2025-09-03 13:54:03,396 INFO  [io.api.tes.ser.api.KafkaSerdesTester] (ForkJoinPool.commonPool-worker-2) topic-ffaff8ae_5f6c_4621_8ff7_eb5951a75189 0 0 {"bar": "value-0"}
2025-09-03 13:54:03,396 INFO  [io.api.tes.ser.api.KafkaSerdesTester] (ForkJoinPool.commonPool-worker-2) topic-ffaff8ae_5f6c_4621_8ff7_eb5951a75189 0 1 {"bar": "value-1"}
2025-09-03 13:54:03,396 INFO  [io.api.tes.ser.api.KafkaSerdesTester] (ForkJoinPool.commonPool-worker-2) topic-ffaff8ae_5f6c_4621_8ff7_eb5951a75189 0 2 {"bar": "value-2"}
2025-09-03 13:54:03,396 INFO  [io.api.tes.ser.api.KafkaSerdesTester] (ForkJoinPool.commonPool-worker-2) topic-ffaff8ae_5f6c_4621_8ff7_eb5951a75189 0 3 {"bar": "value-3"}
2025-09-03 13:54:03,397 INFO  [io.api.tes.ser.api.KafkaSerdesTester] (ForkJoinPool.commonPool-worker-2) topic-ffaff8ae_5f6c_4621_8ff7_eb5951a75189 0 4 {"bar": "value-4"}
2025-09-03 13:54:03,397 INFO  [io.api.tes.ser.api.KafkaSerdesTester] (ForkJoinPool.commonPool-worker-2) topic-ffaff8ae_5f6c_4621_8ff7_eb5951a75189 0 5 {"bar": "value-5"}
2025-09-03 13:54:03,397 INFO  [io.api.tes.ser.api.KafkaSerdesTester] (ForkJoinPool.commonPool-worker-2) topic-ffaff8ae_5f6c_4621_8ff7_eb5951a75189 0 6 {"bar": "value-6"}
2025-09-03 13:54:03,397 INFO  [io.api.tes.ser.api.KafkaSerdesTester] (ForkJoinPool.commonPool-worker-2) topic-ffaff8ae_5f6c_4621_8ff7_eb5951a75189 0 7 {"bar": "value-7"}
2025-09-03 13:54:03,397 INFO  [io.api.tes.ser.api.KafkaSerdesTester] (ForkJoinPool.commonPool-worker-2) topic-ffaff8ae_5f6c_4621_8ff7_eb5951a75189 0 8 {"bar": "value-8"}
2025-09-03 13:54:03,397 INFO  [io.api.tes.ser.api.KafkaSerdesTester] (ForkJoinPool.commonPool-worker-2) topic-ffaff8ae_5f6c_4621_8ff7_eb5951a75189 0 9 {"bar": "value-9"}
2025-09-03 13:54:03,397 INFO  [io.api.tes.ser.api.KafkaSerdesTester] (ForkJoinPool.commonPool-worker-2) Consumed 10 messages
2025-09-03 13:54:03,404 INFO  [org.apa.kaf.cli.con.int.ConsumerRebalanceListenerInvoker] (ForkJoinPool.commonPool-worker-2) [Consumer clientId=consumer-Consumer-topic-ffaff8ae_5f6c_4621_8ff7_eb5951a75189-3, groupId=Consumer-topic-ffaff8ae_5f6c_4621_8ff7_eb5951a75189] Revoke previously assigned partitions topic-ffaff8ae_5f6c_4621_8ff7_eb5951a75189-0
2025-09-03 13:54:03,404 INFO  [org.apa.kaf.cli.con.int.ConsumerCoordinator] (ForkJoinPool.commonPool-worker-2) [Consumer clientId=consumer-Consumer-topic-ffaff8ae_5f6c_4621_8ff7_eb5951a75189-3, groupId=Consumer-topic-ffaff8ae_5f6c_4621_8ff7_eb5951a75189] Member consumer-Consumer-topic-ffaff8ae_5f6c_4621_8ff7_eb5951a75189-3-7c4b0409-96ac-40c8-9182-3b0048d50fcc sending LeaveGroup request to coordinator localhost:32769 (id: 2147483647 rack: null) due to the consumer is being closed
2025-09-03 13:54:03,404 INFO  [org.apa.kaf.cli.con.int.ConsumerCoordinator] (ForkJoinPool.commonPool-worker-2) [Consumer clientId=consumer-Consumer-topic-ffaff8ae_5f6c_4621_8ff7_eb5951a75189-3, groupId=Consumer-topic-ffaff8ae_5f6c_4621_8ff7_eb5951a75189] Resetting generation and member id due to: consumer pro-actively leaving the group
2025-09-03 13:54:03,404 INFO  [org.apa.kaf.cli.con.int.ConsumerCoordinator] (ForkJoinPool.commonPool-worker-2) [Consumer clientId=consumer-Consumer-topic-ffaff8ae_5f6c_4621_8ff7_eb5951a75189-3, groupId=Consumer-topic-ffaff8ae_5f6c_4621_8ff7_eb5951a75189] Request joining group due to: consumer pro-actively leaving the group
2025-09-03 13:54:03,899 INFO  [org.apa.kaf.com.met.Metrics] (ForkJoinPool.commonPool-worker-2) Metrics scheduler closed
2025-09-03 13:54:03,899 INFO  [org.apa.kaf.com.met.Metrics] (ForkJoinPool.commonPool-worker-2) Closing reporter org.apache.kafka.common.metrics.JmxReporter
2025-09-03 13:54:03,899 INFO  [org.apa.kaf.com.met.Metrics] (ForkJoinPool.commonPool-worker-2) Closing reporter org.apache.kafka.common.telemetry.internals.ClientTelemetryReporter
2025-09-03 13:54:03,899 INFO  [org.apa.kaf.com.met.Metrics] (ForkJoinPool.commonPool-worker-2) Metrics reporters closed
2025-09-03 13:54:03,901 INFO  [org.apa.kaf.com.uti.AppInfoParser] (ForkJoinPool.commonPool-worker-2) App info kafka.consumer for consumer-Consumer-topic-ffaff8ae_5f6c_4621_8ff7_eb5951a75189-3 unregistered
2025-09-03 13:54:03,902 INFO  [io.api.tes.uti.TestSeparator] (main) io.apicurio.tests.serdes.apicurio.AvroSerdeIT.testAvroJSON-FINISHED
2025-09-03 13:54:03,902 INFO  [io.api.tes.uti.TestSeparator] (main) ############################################################################
Test passed: testAvroJSON
]]></system-out>
  </testcase>
  <testcase name="testTopicIdStrategyAutoRegister" classname="io.apicurio.tests.serdes.apicurio.AvroSerdeIT" time="3.808">
    <system-out><![CDATA[2025-09-03 13:54:03,903 INFO  [io.api.tes.uti.TestSeparator] (main) ############################################################################
2025-09-03 13:54:03,903 INFO  [io.api.tes.uti.TestSeparator] (main) io.apicurio.tests.serdes.apicurio.AvroSerdeIT.testTopicIdStrategyAutoRegister-STARTED
**** Registry Base URL: http://registry-app-inmemory.apps.ci419.apicurio-testing.org:80
2025-09-03 13:54:03,906 INFO  [org.apa.kaf.cli.pro.ProducerConfig] (main) ProducerConfig values: 
	acks = -1
	auto.include.jmx.reporter = true
	batch.size = 16384
	bootstrap.servers = [PLAINTEXT://localhost:32769]
	buffer.memory = 33554432
	client.dns.lookup = use_all_dns_ips
	client.id = Producer-topic-63bdddac_fe35_4118_a4ff_06fa1b8612e1
	compression.gzip.level = -1
	compression.lz4.level = 9
	compression.type = none
	compression.zstd.level = 3
	connections.max.idle.ms = 10000
	delivery.timeout.ms = 120000
	enable.idempotence = true
	enable.metrics.push = true
	interceptor.classes = []
	key.serializer = class org.apache.kafka.common.serialization.StringSerializer
	linger.ms = 0
	max.block.ms = 60000
	max.in.flight.requests.per.connection = 5
	max.request.size = 1048576
	metadata.max.age.ms = 300000
	metadata.max.idle.ms = 300000
	metadata.recovery.strategy = none
	metric.reporters = []
	metrics.num.samples = 2
	metrics.recording.level = INFO
	metrics.sample.window.ms = 30000
	partitioner.adaptive.partitioning.enable = true
	partitioner.availability.timeout.ms = 0
	partitioner.class = null
	partitioner.ignore.keys = false
	receive.buffer.bytes = 32768
	reconnect.backoff.max.ms = 1000
	reconnect.backoff.ms = 50
	request.timeout.ms = 5000
	retries = 2147483647
	retry.backoff.max.ms = 1000
	retry.backoff.ms = 100
	sasl.client.callback.handler.class = null
	sasl.jaas.config = null
	sasl.kerberos.kinit.cmd = /usr/bin/kinit
	sasl.kerberos.min.time.before.relogin = 60000
	sasl.kerberos.service.name = null
	sasl.kerberos.ticket.renew.jitter = 0.05
	sasl.kerberos.ticket.renew.window.factor = 0.8
	sasl.login.callback.handler.class = null
	sasl.login.class = null
	sasl.login.connect.timeout.ms = null
	sasl.login.read.timeout.ms = null
	sasl.login.refresh.buffer.seconds = 300
	sasl.login.refresh.min.period.seconds = 60
	sasl.login.refresh.window.factor = 0.8
	sasl.login.refresh.window.jitter = 0.05
	sasl.login.retry.backoff.max.ms = 10000
	sasl.login.retry.backoff.ms = 100
	sasl.mechanism = GSSAPI
	sasl.oauthbearer.clock.skew.seconds = 30
	sasl.oauthbearer.expected.audience = null
	sasl.oauthbearer.expected.issuer = null
	sasl.oauthbearer.header.urlencode = false
	sasl.oauthbearer.jwks.endpoint.refresh.ms = 3600000
	sasl.oauthbearer.jwks.endpoint.retry.backoff.max.ms = 10000
	sasl.oauthbearer.jwks.endpoint.retry.backoff.ms = 100
	sasl.oauthbearer.jwks.endpoint.url = null
	sasl.oauthbearer.scope.claim.name = scope
	sasl.oauthbearer.sub.claim.name = sub
	sasl.oauthbearer.token.endpoint.url = null
	security.protocol = PLAINTEXT
	security.providers = null
	send.buffer.bytes = 131072
	socket.connection.setup.timeout.max.ms = 30000
	socket.connection.setup.timeout.ms = 10000
	ssl.cipher.suites = null
	ssl.enabled.protocols = [TLSv1.2, TLSv1.3]
	ssl.endpoint.identification.algorithm = https
	ssl.engine.factory.class = null
	ssl.key.password = null
	ssl.keymanager.algorithm = SunX509
	ssl.keystore.certificate.chain = null
	ssl.keystore.key = null
	ssl.keystore.location = null
	ssl.keystore.password = null
	ssl.keystore.type = JKS
	ssl.protocol = TLSv1.3
	ssl.provider = null
	ssl.secure.random.implementation = null
	ssl.trustmanager.algorithm = PKIX
	ssl.truststore.certificates = null
	ssl.truststore.location = null
	ssl.truststore.password = null
	ssl.truststore.type = JKS
	transaction.timeout.ms = 60000
	transactional.id = null
	value.serializer = class io.apicurio.registry.serde.avro.AvroKafkaSerializer

2025-09-03 13:54:03,906 INFO  [org.apa.kaf.com.tel.int.KafkaMetricsCollector] (main) initializing Kafka metrics collector
2025-09-03 13:54:03,909 INFO  [org.apa.kaf.cli.pro.KafkaProducer] (main) [Producer clientId=Producer-topic-63bdddac_fe35_4118_a4ff_06fa1b8612e1] Instantiated an idempotent producer.
2025-09-03 13:54:03,912 INFO  [org.apa.kaf.cli.pro.ProducerConfig] (main) These configurations '[apicurio.registry.url, apicurio.registry.auto-register, apicurio.registry.artifact-resolver-strategy]' were supplied but are not used yet.
2025-09-03 13:54:03,912 INFO  [org.apa.kaf.com.uti.AppInfoParser] (main) Kafka version: 3.9.1
2025-09-03 13:54:03,912 INFO  [org.apa.kaf.com.uti.AppInfoParser] (main) Kafka commitId: f745dfdcee2b9851
2025-09-03 13:54:03,913 INFO  [org.apa.kaf.com.uti.AppInfoParser] (main) Kafka startTimeMs: 1756907643912
2025-09-03 13:54:03,913 INFO  [io.api.tes.ser.api.SimpleSerdesTesterBuilder$SimpleSerdesTester] (main) Using producer configuration: {apicurio.registry.url=http://registry-app-inmemory.apps.ci419.apicurio-testing.org:80/apis/registry/v3, apicurio.registry.auto-register=true, apicurio.registry.artifact-resolver-strategy=io.apicurio.registry.serde.strategy.TopicIdStrategy, value.serializer=io.apicurio.registry.serde.avro.AvroKafkaSerializer, request.timeout.ms=5000, acks=all, bootstrap.servers=PLAINTEXT://localhost:32769, connections.max.idle.ms=10000, key.serializer=org.apache.kafka.common.serialization.StringSerializer, client.id=Producer-topic-63bdddac_fe35_4118_a4ff_06fa1b8612e1}
2025-09-03 13:54:03,913 INFO  [io.api.tes.ser.api.SimpleSerdesTesterBuilder$SimpleSerdesTester] (main) Using consumer configuration: {}
2025-09-03 13:54:03,913 INFO  [io.api.tes.ser.api.KafkaSerdesTester] (ForkJoinPool.commonPool-worker-2) Sending message {"key11756907643904": "value-0"} to topic topic-63bdddac_fe35_4118_a4ff_06fa1b8612e1
2025-09-03 13:54:03,917 WARN  [org.apa.kaf.cli.NetworkClient] (kafka-producer-network-thread | Producer-topic-63bdddac_fe35_4118_a4ff_06fa1b8612e1) [Producer clientId=Producer-topic-63bdddac_fe35_4118_a4ff_06fa1b8612e1] The metadata response from the cluster reported a recoverable issue with correlation id 1 : {topic-63bdddac_fe35_4118_a4ff_06fa1b8612e1=UNKNOWN_TOPIC_OR_PARTITION}
2025-09-03 13:54:03,917 INFO  [org.apa.kaf.cli.Metadata] (kafka-producer-network-thread | Producer-topic-63bdddac_fe35_4118_a4ff_06fa1b8612e1) [Producer clientId=Producer-topic-63bdddac_fe35_4118_a4ff_06fa1b8612e1] Cluster ID: zfwsSXvVT6qhU8UlUF5FTQ
2025-09-03 13:54:03,918 INFO  [org.apa.kaf.cli.pro.int.TransactionManager] (kafka-producer-network-thread | Producer-topic-63bdddac_fe35_4118_a4ff_06fa1b8612e1) [Producer clientId=Producer-topic-63bdddac_fe35_4118_a4ff_06fa1b8612e1] ProducerId set to 4 with epoch 0
2025-09-03 13:54:04,066 INFO  [io.api.tes.ser.api.KafkaSerdesTester] (ForkJoinPool.commonPool-worker-2) Sending message {"key11756907643904": "value-1"} to topic topic-63bdddac_fe35_4118_a4ff_06fa1b8612e1
2025-09-03 13:54:04,069 INFO  [io.api.tes.ser.api.KafkaSerdesTester] (ForkJoinPool.commonPool-worker-2) Sending message {"key11756907643904": "value-2"} to topic topic-63bdddac_fe35_4118_a4ff_06fa1b8612e1
2025-09-03 13:54:04,070 INFO  [io.api.tes.ser.api.KafkaSerdesTester] (ForkJoinPool.commonPool-worker-2) Sending message {"key11756907643904": "value-3"} to topic topic-63bdddac_fe35_4118_a4ff_06fa1b8612e1
2025-09-03 13:54:04,072 INFO  [io.api.tes.ser.api.KafkaSerdesTester] (ForkJoinPool.commonPool-worker-2) Sending message {"key11756907643904": "value-4"} to topic topic-63bdddac_fe35_4118_a4ff_06fa1b8612e1
2025-09-03 13:54:04,074 INFO  [io.api.tes.ser.api.KafkaSerdesTester] (ForkJoinPool.commonPool-worker-2) Sending message {"key11756907643904": "value-5"} to topic topic-63bdddac_fe35_4118_a4ff_06fa1b8612e1
2025-09-03 13:54:04,075 INFO  [io.api.tes.ser.api.KafkaSerdesTester] (ForkJoinPool.commonPool-worker-2) Sending message {"key11756907643904": "value-6"} to topic topic-63bdddac_fe35_4118_a4ff_06fa1b8612e1
2025-09-03 13:54:04,078 INFO  [io.api.tes.ser.api.KafkaSerdesTester] (ForkJoinPool.commonPool-worker-2) Sending message {"key11756907643904": "value-7"} to topic topic-63bdddac_fe35_4118_a4ff_06fa1b8612e1
2025-09-03 13:54:04,079 INFO  [io.api.tes.ser.api.KafkaSerdesTester] (ForkJoinPool.commonPool-worker-2) Sending message {"key11756907643904": "value-8"} to topic topic-63bdddac_fe35_4118_a4ff_06fa1b8612e1
2025-09-03 13:54:04,081 INFO  [io.api.tes.ser.api.KafkaSerdesTester] (ForkJoinPool.commonPool-worker-2) Sending message {"key11756907643904": "value-9"} to topic topic-63bdddac_fe35_4118_a4ff_06fa1b8612e1
2025-09-03 13:54:04,083 INFO  [io.api.tes.ser.api.KafkaSerdesTester] (ForkJoinPool.commonPool-worker-2) Produced 10 messages
2025-09-03 13:54:04,083 INFO  [org.apa.kaf.cli.pro.KafkaProducer] (ForkJoinPool.commonPool-worker-2) [Producer clientId=Producer-topic-63bdddac_fe35_4118_a4ff_06fa1b8612e1] Closing the Kafka producer with timeoutMillis = 9223372036854775807 ms.
2025-09-03 13:54:04,084 INFO  [org.apa.kaf.com.met.Metrics] (ForkJoinPool.commonPool-worker-2) Metrics scheduler closed
2025-09-03 13:54:04,084 INFO  [org.apa.kaf.com.met.Metrics] (ForkJoinPool.commonPool-worker-2) Closing reporter org.apache.kafka.common.metrics.JmxReporter
2025-09-03 13:54:04,084 INFO  [org.apa.kaf.com.met.Metrics] (ForkJoinPool.commonPool-worker-2) Closing reporter org.apache.kafka.common.telemetry.internals.ClientTelemetryReporter
2025-09-03 13:54:04,084 INFO  [org.apa.kaf.com.met.Metrics] (ForkJoinPool.commonPool-worker-2) Metrics reporters closed
2025-09-03 13:54:04,085 INFO  [org.apa.kaf.com.uti.AppInfoParser] (ForkJoinPool.commonPool-worker-2) App info kafka.producer for Producer-topic-63bdddac_fe35_4118_a4ff_06fa1b8612e1 unregistered
**** Registry Base URL: http://registry-app-inmemory.apps.ci419.apicurio-testing.org:80
2025-09-03 13:54:04,114 INFO  [org.apa.kaf.cli.con.ConsumerConfig] (main) ConsumerConfig values: 
	allow.auto.create.topics = true
	auto.commit.interval.ms = 500
	auto.include.jmx.reporter = true
	auto.offset.reset = earliest
	bootstrap.servers = [PLAINTEXT://localhost:32769]
	check.crcs = true
	client.dns.lookup = use_all_dns_ips
	client.id = consumer-Consumer-topic-63bdddac_fe35_4118_a4ff_06fa1b8612e1-4
	client.rack = 
	connections.max.idle.ms = 10000
	default.api.timeout.ms = 60000
	enable.auto.commit = true
	enable.metrics.push = true
	exclude.internal.topics = true
	fetch.max.bytes = 52428800
	fetch.max.wait.ms = 500
	fetch.min.bytes = 1
	group.id = Consumer-topic-63bdddac_fe35_4118_a4ff_06fa1b8612e1
	group.instance.id = null
	group.protocol = classic
	group.remote.assignor = null
	heartbeat.interval.ms = 3000
	interceptor.classes = []
	internal.leave.group.on.close = true
	internal.throw.on.fetch.stable.offset.unsupported = false
	isolation.level = read_uncommitted
	key.deserializer = class org.apache.kafka.common.serialization.StringDeserializer
	max.partition.fetch.bytes = 1048576
	max.poll.interval.ms = 300000
	max.poll.records = 500
	metadata.max.age.ms = 300000
	metadata.recovery.strategy = none
	metric.reporters = []
	metrics.num.samples = 2
	metrics.recording.level = INFO
	metrics.sample.window.ms = 30000
	partition.assignment.strategy = [class org.apache.kafka.clients.consumer.RangeAssignor, class org.apache.kafka.clients.consumer.CooperativeStickyAssignor]
	receive.buffer.bytes = 65536
	reconnect.backoff.max.ms = 1000
	reconnect.backoff.ms = 50
	request.timeout.ms = 5000
	retry.backoff.max.ms = 1000
	retry.backoff.ms = 100
	sasl.client.callback.handler.class = null
	sasl.jaas.config = null
	sasl.kerberos.kinit.cmd = /usr/bin/kinit
	sasl.kerberos.min.time.before.relogin = 60000
	sasl.kerberos.service.name = null
	sasl.kerberos.ticket.renew.jitter = 0.05
	sasl.kerberos.ticket.renew.window.factor = 0.8
	sasl.login.callback.handler.class = null
	sasl.login.class = null
	sasl.login.connect.timeout.ms = null
	sasl.login.read.timeout.ms = null
	sasl.login.refresh.buffer.seconds = 300
	sasl.login.refresh.min.period.seconds = 60
	sasl.login.refresh.window.factor = 0.8
	sasl.login.refresh.window.jitter = 0.05
	sasl.login.retry.backoff.max.ms = 10000
	sasl.login.retry.backoff.ms = 100
	sasl.mechanism = GSSAPI
	sasl.oauthbearer.clock.skew.seconds = 30
	sasl.oauthbearer.expected.audience = null
	sasl.oauthbearer.expected.issuer = null
	sasl.oauthbearer.header.urlencode = false
	sasl.oauthbearer.jwks.endpoint.refresh.ms = 3600000
	sasl.oauthbearer.jwks.endpoint.retry.backoff.max.ms = 10000
	sasl.oauthbearer.jwks.endpoint.retry.backoff.ms = 100
	sasl.oauthbearer.jwks.endpoint.url = null
	sasl.oauthbearer.scope.claim.name = scope
	sasl.oauthbearer.sub.claim.name = sub
	sasl.oauthbearer.token.endpoint.url = null
	security.protocol = PLAINTEXT
	security.providers = null
	send.buffer.bytes = 131072
	session.timeout.ms = 45000
	socket.connection.setup.timeout.max.ms = 30000
	socket.connection.setup.timeout.ms = 10000
	ssl.cipher.suites = null
	ssl.enabled.protocols = [TLSv1.2, TLSv1.3]
	ssl.endpoint.identification.algorithm = https
	ssl.engine.factory.class = null
	ssl.key.password = null
	ssl.keymanager.algorithm = SunX509
	ssl.keystore.certificate.chain = null
	ssl.keystore.key = null
	ssl.keystore.location = null
	ssl.keystore.password = null
	ssl.keystore.type = JKS
	ssl.protocol = TLSv1.3
	ssl.provider = null
	ssl.secure.random.implementation = null
	ssl.trustmanager.algorithm = PKIX
	ssl.truststore.certificates = null
	ssl.truststore.location = null
	ssl.truststore.password = null
	ssl.truststore.type = JKS
	value.deserializer = class io.apicurio.registry.serde.avro.AvroKafkaDeserializer

2025-09-03 13:54:04,114 INFO  [org.apa.kaf.com.tel.int.KafkaMetricsCollector] (main) initializing Kafka metrics collector
2025-09-03 13:54:04,121 INFO  [org.apa.kaf.cli.con.ConsumerConfig] (main) These configurations '[apicurio.registry.url]' were supplied but are not used yet.
2025-09-03 13:54:04,121 INFO  [org.apa.kaf.com.uti.AppInfoParser] (main) Kafka version: 3.9.1
2025-09-03 13:54:04,121 INFO  [org.apa.kaf.com.uti.AppInfoParser] (main) Kafka commitId: f745dfdcee2b9851
2025-09-03 13:54:04,121 INFO  [org.apa.kaf.com.uti.AppInfoParser] (main) Kafka startTimeMs: 1756907644121
2025-09-03 13:54:04,121 INFO  [org.apa.kaf.cli.con.int.ClassicKafkaConsumer] (ForkJoinPool.commonPool-worker-2) [Consumer clientId=consumer-Consumer-topic-63bdddac_fe35_4118_a4ff_06fa1b8612e1-4, groupId=Consumer-topic-63bdddac_fe35_4118_a4ff_06fa1b8612e1] Subscribed to topic(s): topic-63bdddac_fe35_4118_a4ff_06fa1b8612e1
2025-09-03 13:54:04,125 INFO  [org.apa.kaf.cli.Metadata] (ForkJoinPool.commonPool-worker-2) [Consumer clientId=consumer-Consumer-topic-63bdddac_fe35_4118_a4ff_06fa1b8612e1-4, groupId=Consumer-topic-63bdddac_fe35_4118_a4ff_06fa1b8612e1] Cluster ID: zfwsSXvVT6qhU8UlUF5FTQ
2025-09-03 13:54:04,126 INFO  [org.apa.kaf.cli.con.int.ConsumerCoordinator] (ForkJoinPool.commonPool-worker-2) [Consumer clientId=consumer-Consumer-topic-63bdddac_fe35_4118_a4ff_06fa1b8612e1-4, groupId=Consumer-topic-63bdddac_fe35_4118_a4ff_06fa1b8612e1] Discovered group coordinator localhost:32769 (id: 2147483647 rack: null)
2025-09-03 13:54:04,127 INFO  [org.apa.kaf.cli.con.int.ConsumerCoordinator] (ForkJoinPool.commonPool-worker-2) [Consumer clientId=consumer-Consumer-topic-63bdddac_fe35_4118_a4ff_06fa1b8612e1-4, groupId=Consumer-topic-63bdddac_fe35_4118_a4ff_06fa1b8612e1] (Re-)joining group
2025-09-03 13:54:04,130 INFO  [org.apa.kaf.cli.con.int.ConsumerCoordinator] (ForkJoinPool.commonPool-worker-2) [Consumer clientId=consumer-Consumer-topic-63bdddac_fe35_4118_a4ff_06fa1b8612e1-4, groupId=Consumer-topic-63bdddac_fe35_4118_a4ff_06fa1b8612e1] Request joining group due to: need to re-join with the given member-id: consumer-Consumer-topic-63bdddac_fe35_4118_a4ff_06fa1b8612e1-4-0db6edec-dca3-4763-a7e6-b4da8ca4db0c
2025-09-03 13:54:04,130 INFO  [org.apa.kaf.cli.con.int.ConsumerCoordinator] (ForkJoinPool.commonPool-worker-2) [Consumer clientId=consumer-Consumer-topic-63bdddac_fe35_4118_a4ff_06fa1b8612e1-4, groupId=Consumer-topic-63bdddac_fe35_4118_a4ff_06fa1b8612e1] (Re-)joining group
2025-09-03 13:54:05,121 INFO  [io.api.tes.ser.api.KafkaSerdesTester] (ForkJoinPool.commonPool-worker-2) None found
2025-09-03 13:54:06,122 INFO  [io.api.tes.ser.api.KafkaSerdesTester] (ForkJoinPool.commonPool-worker-2) None found
2025-09-03 13:54:07,122 INFO  [io.api.tes.ser.api.KafkaSerdesTester] (ForkJoinPool.commonPool-worker-2) None found
2025-09-03 13:54:07,132 INFO  [org.apa.kaf.cli.con.int.ConsumerCoordinator] (ForkJoinPool.commonPool-worker-2) [Consumer clientId=consumer-Consumer-topic-63bdddac_fe35_4118_a4ff_06fa1b8612e1-4, groupId=Consumer-topic-63bdddac_fe35_4118_a4ff_06fa1b8612e1] Successfully joined group with generation Generation{generationId=1, memberId='consumer-Consumer-topic-63bdddac_fe35_4118_a4ff_06fa1b8612e1-4-0db6edec-dca3-4763-a7e6-b4da8ca4db0c', protocol='range'}
2025-09-03 13:54:07,132 INFO  [org.apa.kaf.cli.con.int.ConsumerCoordinator] (ForkJoinPool.commonPool-worker-2) [Consumer clientId=consumer-Consumer-topic-63bdddac_fe35_4118_a4ff_06fa1b8612e1-4, groupId=Consumer-topic-63bdddac_fe35_4118_a4ff_06fa1b8612e1] Finished assignment for group at generation 1: {consumer-Consumer-topic-63bdddac_fe35_4118_a4ff_06fa1b8612e1-4-0db6edec-dca3-4763-a7e6-b4da8ca4db0c=Assignment(partitions=[topic-63bdddac_fe35_4118_a4ff_06fa1b8612e1-0])}
2025-09-03 13:54:07,139 INFO  [org.apa.kaf.cli.con.int.ConsumerCoordinator] (ForkJoinPool.commonPool-worker-2) [Consumer clientId=consumer-Consumer-topic-63bdddac_fe35_4118_a4ff_06fa1b8612e1-4, groupId=Consumer-topic-63bdddac_fe35_4118_a4ff_06fa1b8612e1] Successfully synced group in generation Generation{generationId=1, memberId='consumer-Consumer-topic-63bdddac_fe35_4118_a4ff_06fa1b8612e1-4-0db6edec-dca3-4763-a7e6-b4da8ca4db0c', protocol='range'}
2025-09-03 13:54:07,139 INFO  [org.apa.kaf.cli.con.int.ConsumerCoordinator] (ForkJoinPool.commonPool-worker-2) [Consumer clientId=consumer-Consumer-topic-63bdddac_fe35_4118_a4ff_06fa1b8612e1-4, groupId=Consumer-topic-63bdddac_fe35_4118_a4ff_06fa1b8612e1] Notifying assignor about the new Assignment(partitions=[topic-63bdddac_fe35_4118_a4ff_06fa1b8612e1-0])
2025-09-03 13:54:07,140 INFO  [org.apa.kaf.cli.con.int.ConsumerRebalanceListenerInvoker] (ForkJoinPool.commonPool-worker-2) [Consumer clientId=consumer-Consumer-topic-63bdddac_fe35_4118_a4ff_06fa1b8612e1-4, groupId=Consumer-topic-63bdddac_fe35_4118_a4ff_06fa1b8612e1] Adding newly assigned partitions: topic-63bdddac_fe35_4118_a4ff_06fa1b8612e1-0
2025-09-03 13:54:07,140 INFO  [org.apa.kaf.cli.con.int.ConsumerCoordinator] (ForkJoinPool.commonPool-worker-2) [Consumer clientId=consumer-Consumer-topic-63bdddac_fe35_4118_a4ff_06fa1b8612e1-4, groupId=Consumer-topic-63bdddac_fe35_4118_a4ff_06fa1b8612e1] Found no committed offset for partition topic-63bdddac_fe35_4118_a4ff_06fa1b8612e1-0
2025-09-03 13:54:07,144 INFO  [org.apa.kaf.cli.con.int.SubscriptionState] (ForkJoinPool.commonPool-worker-2) [Consumer clientId=consumer-Consumer-topic-63bdddac_fe35_4118_a4ff_06fa1b8612e1-4, groupId=Consumer-topic-63bdddac_fe35_4118_a4ff_06fa1b8612e1] Resetting offset for partition topic-63bdddac_fe35_4118_a4ff_06fa1b8612e1-0 to position FetchPosition{offset=0, offsetEpoch=Optional.empty, currentLeader=LeaderAndEpoch{leader=Optional[localhost:32769 (id: 0 rack: null)], epoch=0}}.
2025-09-03 13:54:07,183 INFO  [io.api.tes.ser.api.KafkaSerdesTester] (ForkJoinPool.commonPool-worker-2) topic-63bdddac_fe35_4118_a4ff_06fa1b8612e1 0 0 {"key11756907643904": "value-0"}
2025-09-03 13:54:07,183 INFO  [io.api.tes.ser.api.KafkaSerdesTester] (ForkJoinPool.commonPool-worker-2) topic-63bdddac_fe35_4118_a4ff_06fa1b8612e1 0 1 {"key11756907643904": "value-1"}
2025-09-03 13:54:07,183 INFO  [io.api.tes.ser.api.KafkaSerdesTester] (ForkJoinPool.commonPool-worker-2) topic-63bdddac_fe35_4118_a4ff_06fa1b8612e1 0 2 {"key11756907643904": "value-2"}
2025-09-03 13:54:07,183 INFO  [io.api.tes.ser.api.KafkaSerdesTester] (ForkJoinPool.commonPool-worker-2) topic-63bdddac_fe35_4118_a4ff_06fa1b8612e1 0 3 {"key11756907643904": "value-3"}
2025-09-03 13:54:07,183 INFO  [io.api.tes.ser.api.KafkaSerdesTester] (ForkJoinPool.commonPool-worker-2) topic-63bdddac_fe35_4118_a4ff_06fa1b8612e1 0 4 {"key11756907643904": "value-4"}
2025-09-03 13:54:07,183 INFO  [io.api.tes.ser.api.KafkaSerdesTester] (ForkJoinPool.commonPool-worker-2) topic-63bdddac_fe35_4118_a4ff_06fa1b8612e1 0 5 {"key11756907643904": "value-5"}
2025-09-03 13:54:07,183 INFO  [io.api.tes.ser.api.KafkaSerdesTester] (ForkJoinPool.commonPool-worker-2) topic-63bdddac_fe35_4118_a4ff_06fa1b8612e1 0 6 {"key11756907643904": "value-6"}
2025-09-03 13:54:07,183 INFO  [io.api.tes.ser.api.KafkaSerdesTester] (ForkJoinPool.commonPool-worker-2) topic-63bdddac_fe35_4118_a4ff_06fa1b8612e1 0 7 {"key11756907643904": "value-7"}
2025-09-03 13:54:07,183 INFO  [io.api.tes.ser.api.KafkaSerdesTester] (ForkJoinPool.commonPool-worker-2) topic-63bdddac_fe35_4118_a4ff_06fa1b8612e1 0 8 {"key11756907643904": "value-8"}
2025-09-03 13:54:07,184 INFO  [io.api.tes.ser.api.KafkaSerdesTester] (ForkJoinPool.commonPool-worker-2) topic-63bdddac_fe35_4118_a4ff_06fa1b8612e1 0 9 {"key11756907643904": "value-9"}
2025-09-03 13:54:07,184 INFO  [io.api.tes.ser.api.KafkaSerdesTester] (ForkJoinPool.commonPool-worker-2) Consumed 10 messages
2025-09-03 13:54:07,191 INFO  [org.apa.kaf.cli.con.int.ConsumerRebalanceListenerInvoker] (ForkJoinPool.commonPool-worker-2) [Consumer clientId=consumer-Consumer-topic-63bdddac_fe35_4118_a4ff_06fa1b8612e1-4, groupId=Consumer-topic-63bdddac_fe35_4118_a4ff_06fa1b8612e1] Revoke previously assigned partitions topic-63bdddac_fe35_4118_a4ff_06fa1b8612e1-0
2025-09-03 13:54:07,191 INFO  [org.apa.kaf.cli.con.int.ConsumerCoordinator] (ForkJoinPool.commonPool-worker-2) [Consumer clientId=consumer-Consumer-topic-63bdddac_fe35_4118_a4ff_06fa1b8612e1-4, groupId=Consumer-topic-63bdddac_fe35_4118_a4ff_06fa1b8612e1] Member consumer-Consumer-topic-63bdddac_fe35_4118_a4ff_06fa1b8612e1-4-0db6edec-dca3-4763-a7e6-b4da8ca4db0c sending LeaveGroup request to coordinator localhost:32769 (id: 2147483647 rack: null) due to the consumer is being closed
2025-09-03 13:54:07,191 INFO  [org.apa.kaf.cli.con.int.ConsumerCoordinator] (ForkJoinPool.commonPool-worker-2) [Consumer clientId=consumer-Consumer-topic-63bdddac_fe35_4118_a4ff_06fa1b8612e1-4, groupId=Consumer-topic-63bdddac_fe35_4118_a4ff_06fa1b8612e1] Resetting generation and member id due to: consumer pro-actively leaving the group
2025-09-03 13:54:07,191 INFO  [org.apa.kaf.cli.con.int.ConsumerCoordinator] (ForkJoinPool.commonPool-worker-2) [Consumer clientId=consumer-Consumer-topic-63bdddac_fe35_4118_a4ff_06fa1b8612e1-4, groupId=Consumer-topic-63bdddac_fe35_4118_a4ff_06fa1b8612e1] Request joining group due to: consumer pro-actively leaving the group
2025-09-03 13:54:07,685 INFO  [org.apa.kaf.com.met.Metrics] (ForkJoinPool.commonPool-worker-2) Metrics scheduler closed
2025-09-03 13:54:07,685 INFO  [org.apa.kaf.com.met.Metrics] (ForkJoinPool.commonPool-worker-2) Closing reporter org.apache.kafka.common.metrics.JmxReporter
2025-09-03 13:54:07,685 INFO  [org.apa.kaf.com.met.Metrics] (ForkJoinPool.commonPool-worker-2) Closing reporter org.apache.kafka.common.telemetry.internals.ClientTelemetryReporter
2025-09-03 13:54:07,685 INFO  [org.apa.kaf.com.met.Metrics] (ForkJoinPool.commonPool-worker-2) Metrics reporters closed
2025-09-03 13:54:07,687 INFO  [org.apa.kaf.com.uti.AppInfoParser] (ForkJoinPool.commonPool-worker-2) App info kafka.consumer for consumer-Consumer-topic-63bdddac_fe35_4118_a4ff_06fa1b8612e1-4 unregistered
2025-09-03 13:54:07,711 INFO  [io.api.tes.uti.TestSeparator] (main) io.apicurio.tests.serdes.apicurio.AvroSerdeIT.testTopicIdStrategyAutoRegister-FINISHED
2025-09-03 13:54:07,711 INFO  [io.api.tes.uti.TestSeparator] (main) ############################################################################
Test passed: testTopicIdStrategyAutoRegister
]]></system-out>
  </testcase>
  <testcase name="testRecordIdStrategydFindLatest" classname="io.apicurio.tests.serdes.apicurio.AvroSerdeIT" time="4.686">
    <system-out><![CDATA[2025-09-03 13:54:07,712 INFO  [io.api.tes.uti.TestSeparator] (main) ############################################################################
2025-09-03 13:54:07,712 INFO  [io.api.tes.uti.TestSeparator] (main) io.apicurio.tests.serdes.apicurio.AvroSerdeIT.testRecordIdStrategydFindLatest-STARTED
2025-09-03 13:54:07,713 INFO  [io.api.tes.ser.api.AvroSerdeIT] (main) Registering Avro Schema: {"type":"record","name":"s11c7c11ex529cx45f9x8e0ex0b63c1e47be8","namespace":"sa8977234x14c6x493cxaf90x97ddb37ad3c1","fields":[{"name":"key11756907647713","type":"string"}]}
**** Registry Base URL: http://registry-app-inmemory.apps.ci419.apicurio-testing.org:80
2025-09-03 13:54:08,745 INFO  [org.apa.kaf.cli.pro.ProducerConfig] (main) ProducerConfig values: 
	acks = -1
	auto.include.jmx.reporter = true
	batch.size = 16384
	bootstrap.servers = [PLAINTEXT://localhost:32769]
	buffer.memory = 33554432
	client.dns.lookup = use_all_dns_ips
	client.id = Producer-topic-56661bcd_f85c_4097_93ed_830dca8eb89c
	compression.gzip.level = -1
	compression.lz4.level = 9
	compression.type = none
	compression.zstd.level = 3
	connections.max.idle.ms = 10000
	delivery.timeout.ms = 120000
	enable.idempotence = true
	enable.metrics.push = true
	interceptor.classes = []
	key.serializer = class org.apache.kafka.common.serialization.StringSerializer
	linger.ms = 0
	max.block.ms = 60000
	max.in.flight.requests.per.connection = 5
	max.request.size = 1048576
	metadata.max.age.ms = 300000
	metadata.max.idle.ms = 300000
	metadata.recovery.strategy = none
	metric.reporters = []
	metrics.num.samples = 2
	metrics.recording.level = INFO
	metrics.sample.window.ms = 30000
	partitioner.adaptive.partitioning.enable = true
	partitioner.availability.timeout.ms = 0
	partitioner.class = null
	partitioner.ignore.keys = false
	receive.buffer.bytes = 32768
	reconnect.backoff.max.ms = 1000
	reconnect.backoff.ms = 50
	request.timeout.ms = 5000
	retries = 2147483647
	retry.backoff.max.ms = 1000
	retry.backoff.ms = 100
	sasl.client.callback.handler.class = null
	sasl.jaas.config = null
	sasl.kerberos.kinit.cmd = /usr/bin/kinit
	sasl.kerberos.min.time.before.relogin = 60000
	sasl.kerberos.service.name = null
	sasl.kerberos.ticket.renew.jitter = 0.05
	sasl.kerberos.ticket.renew.window.factor = 0.8
	sasl.login.callback.handler.class = null
	sasl.login.class = null
	sasl.login.connect.timeout.ms = null
	sasl.login.read.timeout.ms = null
	sasl.login.refresh.buffer.seconds = 300
	sasl.login.refresh.min.period.seconds = 60
	sasl.login.refresh.window.factor = 0.8
	sasl.login.refresh.window.jitter = 0.05
	sasl.login.retry.backoff.max.ms = 10000
	sasl.login.retry.backoff.ms = 100
	sasl.mechanism = GSSAPI
	sasl.oauthbearer.clock.skew.seconds = 30
	sasl.oauthbearer.expected.audience = null
	sasl.oauthbearer.expected.issuer = null
	sasl.oauthbearer.header.urlencode = false
	sasl.oauthbearer.jwks.endpoint.refresh.ms = 3600000
	sasl.oauthbearer.jwks.endpoint.retry.backoff.max.ms = 10000
	sasl.oauthbearer.jwks.endpoint.retry.backoff.ms = 100
	sasl.oauthbearer.jwks.endpoint.url = null
	sasl.oauthbearer.scope.claim.name = scope
	sasl.oauthbearer.sub.claim.name = sub
	sasl.oauthbearer.token.endpoint.url = null
	security.protocol = PLAINTEXT
	security.providers = null
	send.buffer.bytes = 131072
	socket.connection.setup.timeout.max.ms = 30000
	socket.connection.setup.timeout.ms = 10000
	ssl.cipher.suites = null
	ssl.enabled.protocols = [TLSv1.2, TLSv1.3]
	ssl.endpoint.identification.algorithm = https
	ssl.engine.factory.class = null
	ssl.key.password = null
	ssl.keymanager.algorithm = SunX509
	ssl.keystore.certificate.chain = null
	ssl.keystore.key = null
	ssl.keystore.location = null
	ssl.keystore.password = null
	ssl.keystore.type = JKS
	ssl.protocol = TLSv1.3
	ssl.provider = null
	ssl.secure.random.implementation = null
	ssl.trustmanager.algorithm = PKIX
	ssl.truststore.certificates = null
	ssl.truststore.location = null
	ssl.truststore.password = null
	ssl.truststore.type = JKS
	transaction.timeout.ms = 60000
	transactional.id = null
	value.serializer = class io.apicurio.registry.serde.avro.AvroKafkaSerializer

2025-09-03 13:54:08,746 INFO  [org.apa.kaf.com.tel.int.KafkaMetricsCollector] (main) initializing Kafka metrics collector
2025-09-03 13:54:08,749 INFO  [org.apa.kaf.cli.pro.KafkaProducer] (main) [Producer clientId=Producer-topic-56661bcd_f85c_4097_93ed_830dca8eb89c] Instantiated an idempotent producer.
2025-09-03 13:54:08,752 INFO  [org.apa.kaf.cli.pro.ProducerConfig] (main) These configurations '[apicurio.registry.find-latest, apicurio.registry.url, apicurio.registry.artifact-resolver-strategy]' were supplied but are not used yet.
2025-09-03 13:54:08,752 INFO  [org.apa.kaf.com.uti.AppInfoParser] (main) Kafka version: 3.9.1
2025-09-03 13:54:08,752 INFO  [org.apa.kaf.com.uti.AppInfoParser] (main) Kafka commitId: f745dfdcee2b9851
2025-09-03 13:54:08,752 INFO  [org.apa.kaf.com.uti.AppInfoParser] (main) Kafka startTimeMs: 1756907648752
2025-09-03 13:54:08,752 INFO  [io.api.tes.ser.api.SimpleSerdesTesterBuilder$SimpleSerdesTester] (main) Using producer configuration: {apicurio.registry.find-latest=true, apicurio.registry.url=http://registry-app-inmemory.apps.ci419.apicurio-testing.org:80/apis/registry/v3, apicurio.registry.artifact-resolver-strategy=io.apicurio.registry.serde.avro.strategy.RecordIdStrategy, value.serializer=io.apicurio.registry.serde.avro.AvroKafkaSerializer, request.timeout.ms=5000, acks=all, bootstrap.servers=PLAINTEXT://localhost:32769, connections.max.idle.ms=10000, key.serializer=org.apache.kafka.common.serialization.StringSerializer, client.id=Producer-topic-56661bcd_f85c_4097_93ed_830dca8eb89c}
2025-09-03 13:54:08,752 INFO  [io.api.tes.ser.api.SimpleSerdesTesterBuilder$SimpleSerdesTester] (main) Using consumer configuration: {}
2025-09-03 13:54:08,753 INFO  [io.api.tes.ser.api.KafkaSerdesTester] (ForkJoinPool.commonPool-worker-2) Sending message {"key11756907647713": "value-0"} to topic topic-56661bcd_f85c_4097_93ed_830dca8eb89c
2025-09-03 13:54:08,756 INFO  [org.apa.kaf.cli.Metadata] (kafka-producer-network-thread | Producer-topic-56661bcd_f85c_4097_93ed_830dca8eb89c) [Producer clientId=Producer-topic-56661bcd_f85c_4097_93ed_830dca8eb89c] Cluster ID: zfwsSXvVT6qhU8UlUF5FTQ
2025-09-03 13:54:08,756 INFO  [org.apa.kaf.cli.pro.int.TransactionManager] (kafka-producer-network-thread | Producer-topic-56661bcd_f85c_4097_93ed_830dca8eb89c) [Producer clientId=Producer-topic-56661bcd_f85c_4097_93ed_830dca8eb89c] ProducerId set to 5 with epoch 0
2025-09-03 13:54:08,809 INFO  [io.api.tes.ser.api.KafkaSerdesTester] (ForkJoinPool.commonPool-worker-2) Sending message {"key11756907647713": "value-1"} to topic topic-56661bcd_f85c_4097_93ed_830dca8eb89c
2025-09-03 13:54:08,811 INFO  [io.api.tes.ser.api.KafkaSerdesTester] (ForkJoinPool.commonPool-worker-2) Sending message {"key11756907647713": "value-2"} to topic topic-56661bcd_f85c_4097_93ed_830dca8eb89c
2025-09-03 13:54:08,813 INFO  [io.api.tes.ser.api.KafkaSerdesTester] (ForkJoinPool.commonPool-worker-2) Sending message {"key11756907647713": "value-3"} to topic topic-56661bcd_f85c_4097_93ed_830dca8eb89c
2025-09-03 13:54:08,814 INFO  [io.api.tes.ser.api.KafkaSerdesTester] (ForkJoinPool.commonPool-worker-2) Sending message {"key11756907647713": "value-4"} to topic topic-56661bcd_f85c_4097_93ed_830dca8eb89c
2025-09-03 13:54:08,816 INFO  [io.api.tes.ser.api.KafkaSerdesTester] (ForkJoinPool.commonPool-worker-2) Sending message {"key11756907647713": "value-5"} to topic topic-56661bcd_f85c_4097_93ed_830dca8eb89c
2025-09-03 13:54:08,818 INFO  [io.api.tes.ser.api.KafkaSerdesTester] (ForkJoinPool.commonPool-worker-2) Sending message {"key11756907647713": "value-6"} to topic topic-56661bcd_f85c_4097_93ed_830dca8eb89c
2025-09-03 13:54:08,820 INFO  [io.api.tes.ser.api.KafkaSerdesTester] (ForkJoinPool.commonPool-worker-2) Sending message {"key11756907647713": "value-7"} to topic topic-56661bcd_f85c_4097_93ed_830dca8eb89c
2025-09-03 13:54:08,821 INFO  [io.api.tes.ser.api.KafkaSerdesTester] (ForkJoinPool.commonPool-worker-2) Sending message {"key11756907647713": "value-8"} to topic topic-56661bcd_f85c_4097_93ed_830dca8eb89c
2025-09-03 13:54:08,823 INFO  [io.api.tes.ser.api.KafkaSerdesTester] (ForkJoinPool.commonPool-worker-2) Sending message {"key11756907647713": "value-9"} to topic topic-56661bcd_f85c_4097_93ed_830dca8eb89c
2025-09-03 13:54:08,824 INFO  [io.api.tes.ser.api.KafkaSerdesTester] (ForkJoinPool.commonPool-worker-2) Produced 10 messages
2025-09-03 13:54:08,824 INFO  [org.apa.kaf.cli.pro.KafkaProducer] (ForkJoinPool.commonPool-worker-2) [Producer clientId=Producer-topic-56661bcd_f85c_4097_93ed_830dca8eb89c] Closing the Kafka producer with timeoutMillis = 9223372036854775807 ms.
2025-09-03 13:54:08,826 INFO  [org.apa.kaf.com.met.Metrics] (ForkJoinPool.commonPool-worker-2) Metrics scheduler closed
2025-09-03 13:54:08,826 INFO  [org.apa.kaf.com.met.Metrics] (ForkJoinPool.commonPool-worker-2) Closing reporter org.apache.kafka.common.metrics.JmxReporter
2025-09-03 13:54:08,826 INFO  [org.apa.kaf.com.met.Metrics] (ForkJoinPool.commonPool-worker-2) Closing reporter org.apache.kafka.common.telemetry.internals.ClientTelemetryReporter
2025-09-03 13:54:08,826 INFO  [org.apa.kaf.com.met.Metrics] (ForkJoinPool.commonPool-worker-2) Metrics reporters closed
2025-09-03 13:54:08,827 INFO  [org.apa.kaf.com.uti.AppInfoParser] (ForkJoinPool.commonPool-worker-2) App info kafka.producer for Producer-topic-56661bcd_f85c_4097_93ed_830dca8eb89c unregistered
**** Registry Base URL: http://registry-app-inmemory.apps.ci419.apicurio-testing.org:80
2025-09-03 13:54:08,827 INFO  [org.apa.kaf.cli.con.ConsumerConfig] (main) ConsumerConfig values: 
	allow.auto.create.topics = true
	auto.commit.interval.ms = 500
	auto.include.jmx.reporter = true
	auto.offset.reset = earliest
	bootstrap.servers = [PLAINTEXT://localhost:32769]
	check.crcs = true
	client.dns.lookup = use_all_dns_ips
	client.id = consumer-Consumer-topic-56661bcd_f85c_4097_93ed_830dca8eb89c-5
	client.rack = 
	connections.max.idle.ms = 10000
	default.api.timeout.ms = 60000
	enable.auto.commit = true
	enable.metrics.push = true
	exclude.internal.topics = true
	fetch.max.bytes = 52428800
	fetch.max.wait.ms = 500
	fetch.min.bytes = 1
	group.id = Consumer-topic-56661bcd_f85c_4097_93ed_830dca8eb89c
	group.instance.id = null
	group.protocol = classic
	group.remote.assignor = null
	heartbeat.interval.ms = 3000
	interceptor.classes = []
	internal.leave.group.on.close = true
	internal.throw.on.fetch.stable.offset.unsupported = false
	isolation.level = read_uncommitted
	key.deserializer = class org.apache.kafka.common.serialization.StringDeserializer
	max.partition.fetch.bytes = 1048576
	max.poll.interval.ms = 300000
	max.poll.records = 500
	metadata.max.age.ms = 300000
	metadata.recovery.strategy = none
	metric.reporters = []
	metrics.num.samples = 2
	metrics.recording.level = INFO
	metrics.sample.window.ms = 30000
	partition.assignment.strategy = [class org.apache.kafka.clients.consumer.RangeAssignor, class org.apache.kafka.clients.consumer.CooperativeStickyAssignor]
	receive.buffer.bytes = 65536
	reconnect.backoff.max.ms = 1000
	reconnect.backoff.ms = 50
	request.timeout.ms = 5000
	retry.backoff.max.ms = 1000
	retry.backoff.ms = 100
	sasl.client.callback.handler.class = null
	sasl.jaas.config = null
	sasl.kerberos.kinit.cmd = /usr/bin/kinit
	sasl.kerberos.min.time.before.relogin = 60000
	sasl.kerberos.service.name = null
	sasl.kerberos.ticket.renew.jitter = 0.05
	sasl.kerberos.ticket.renew.window.factor = 0.8
	sasl.login.callback.handler.class = null
	sasl.login.class = null
	sasl.login.connect.timeout.ms = null
	sasl.login.read.timeout.ms = null
	sasl.login.refresh.buffer.seconds = 300
	sasl.login.refresh.min.period.seconds = 60
	sasl.login.refresh.window.factor = 0.8
	sasl.login.refresh.window.jitter = 0.05
	sasl.login.retry.backoff.max.ms = 10000
	sasl.login.retry.backoff.ms = 100
	sasl.mechanism = GSSAPI
	sasl.oauthbearer.clock.skew.seconds = 30
	sasl.oauthbearer.expected.audience = null
	sasl.oauthbearer.expected.issuer = null
	sasl.oauthbearer.header.urlencode = false
	sasl.oauthbearer.jwks.endpoint.refresh.ms = 3600000
	sasl.oauthbearer.jwks.endpoint.retry.backoff.max.ms = 10000
	sasl.oauthbearer.jwks.endpoint.retry.backoff.ms = 100
	sasl.oauthbearer.jwks.endpoint.url = null
	sasl.oauthbearer.scope.claim.name = scope
	sasl.oauthbearer.sub.claim.name = sub
	sasl.oauthbearer.token.endpoint.url = null
	security.protocol = PLAINTEXT
	security.providers = null
	send.buffer.bytes = 131072
	session.timeout.ms = 45000
	socket.connection.setup.timeout.max.ms = 30000
	socket.connection.setup.timeout.ms = 10000
	ssl.cipher.suites = null
	ssl.enabled.protocols = [TLSv1.2, TLSv1.3]
	ssl.endpoint.identification.algorithm = https
	ssl.engine.factory.class = null
	ssl.key.password = null
	ssl.keymanager.algorithm = SunX509
	ssl.keystore.certificate.chain = null
	ssl.keystore.key = null
	ssl.keystore.location = null
	ssl.keystore.password = null
	ssl.keystore.type = JKS
	ssl.protocol = TLSv1.3
	ssl.provider = null
	ssl.secure.random.implementation = null
	ssl.trustmanager.algorithm = PKIX
	ssl.truststore.certificates = null
	ssl.truststore.location = null
	ssl.truststore.password = null
	ssl.truststore.type = JKS
	value.deserializer = class io.apicurio.registry.serde.avro.AvroKafkaDeserializer

2025-09-03 13:54:08,828 INFO  [org.apa.kaf.com.tel.int.KafkaMetricsCollector] (main) initializing Kafka metrics collector
2025-09-03 13:54:08,834 INFO  [org.apa.kaf.cli.con.ConsumerConfig] (main) These configurations '[apicurio.registry.url]' were supplied but are not used yet.
2025-09-03 13:54:08,835 INFO  [org.apa.kaf.com.uti.AppInfoParser] (main) Kafka version: 3.9.1
2025-09-03 13:54:08,835 INFO  [org.apa.kaf.com.uti.AppInfoParser] (main) Kafka commitId: f745dfdcee2b9851
2025-09-03 13:54:08,835 INFO  [org.apa.kaf.com.uti.AppInfoParser] (main) Kafka startTimeMs: 1756907648834
2025-09-03 13:54:08,835 INFO  [org.apa.kaf.cli.con.int.ClassicKafkaConsumer] (ForkJoinPool.commonPool-worker-2) [Consumer clientId=consumer-Consumer-topic-56661bcd_f85c_4097_93ed_830dca8eb89c-5, groupId=Consumer-topic-56661bcd_f85c_4097_93ed_830dca8eb89c] Subscribed to topic(s): topic-56661bcd_f85c_4097_93ed_830dca8eb89c
2025-09-03 13:54:08,838 INFO  [org.apa.kaf.cli.Metadata] (ForkJoinPool.commonPool-worker-2) [Consumer clientId=consumer-Consumer-topic-56661bcd_f85c_4097_93ed_830dca8eb89c-5, groupId=Consumer-topic-56661bcd_f85c_4097_93ed_830dca8eb89c] Cluster ID: zfwsSXvVT6qhU8UlUF5FTQ
2025-09-03 13:54:08,839 INFO  [org.apa.kaf.cli.con.int.ConsumerCoordinator] (ForkJoinPool.commonPool-worker-2) [Consumer clientId=consumer-Consumer-topic-56661bcd_f85c_4097_93ed_830dca8eb89c-5, groupId=Consumer-topic-56661bcd_f85c_4097_93ed_830dca8eb89c] Discovered group coordinator localhost:32769 (id: 2147483647 rack: null)
2025-09-03 13:54:08,840 INFO  [org.apa.kaf.cli.con.int.ConsumerCoordinator] (ForkJoinPool.commonPool-worker-2) [Consumer clientId=consumer-Consumer-topic-56661bcd_f85c_4097_93ed_830dca8eb89c-5, groupId=Consumer-topic-56661bcd_f85c_4097_93ed_830dca8eb89c] (Re-)joining group
2025-09-03 13:54:08,843 INFO  [org.apa.kaf.cli.con.int.ConsumerCoordinator] (ForkJoinPool.commonPool-worker-2) [Consumer clientId=consumer-Consumer-topic-56661bcd_f85c_4097_93ed_830dca8eb89c-5, groupId=Consumer-topic-56661bcd_f85c_4097_93ed_830dca8eb89c] Request joining group due to: need to re-join with the given member-id: consumer-Consumer-topic-56661bcd_f85c_4097_93ed_830dca8eb89c-5-979112ba-b9e5-4abd-835f-d87f5b0f54d9
2025-09-03 13:54:08,843 INFO  [org.apa.kaf.cli.con.int.ConsumerCoordinator] (ForkJoinPool.commonPool-worker-2) [Consumer clientId=consumer-Consumer-topic-56661bcd_f85c_4097_93ed_830dca8eb89c-5, groupId=Consumer-topic-56661bcd_f85c_4097_93ed_830dca8eb89c] (Re-)joining group
2025-09-03 13:54:09,835 INFO  [io.api.tes.ser.api.KafkaSerdesTester] (ForkJoinPool.commonPool-worker-2) None found
2025-09-03 13:54:10,837 INFO  [io.api.tes.ser.api.KafkaSerdesTester] (ForkJoinPool.commonPool-worker-2) None found
2025-09-03 13:54:11,837 INFO  [io.api.tes.ser.api.KafkaSerdesTester] (ForkJoinPool.commonPool-worker-2) None found
2025-09-03 13:54:11,845 INFO  [org.apa.kaf.cli.con.int.ConsumerCoordinator] (ForkJoinPool.commonPool-worker-2) [Consumer clientId=consumer-Consumer-topic-56661bcd_f85c_4097_93ed_830dca8eb89c-5, groupId=Consumer-topic-56661bcd_f85c_4097_93ed_830dca8eb89c] Successfully joined group with generation Generation{generationId=1, memberId='consumer-Consumer-topic-56661bcd_f85c_4097_93ed_830dca8eb89c-5-979112ba-b9e5-4abd-835f-d87f5b0f54d9', protocol='range'}
2025-09-03 13:54:11,845 INFO  [org.apa.kaf.cli.con.int.ConsumerCoordinator] (ForkJoinPool.commonPool-worker-2) [Consumer clientId=consumer-Consumer-topic-56661bcd_f85c_4097_93ed_830dca8eb89c-5, groupId=Consumer-topic-56661bcd_f85c_4097_93ed_830dca8eb89c] Finished assignment for group at generation 1: {consumer-Consumer-topic-56661bcd_f85c_4097_93ed_830dca8eb89c-5-979112ba-b9e5-4abd-835f-d87f5b0f54d9=Assignment(partitions=[topic-56661bcd_f85c_4097_93ed_830dca8eb89c-0])}
2025-09-03 13:54:11,852 INFO  [org.apa.kaf.cli.con.int.ConsumerCoordinator] (ForkJoinPool.commonPool-worker-2) [Consumer clientId=consumer-Consumer-topic-56661bcd_f85c_4097_93ed_830dca8eb89c-5, groupId=Consumer-topic-56661bcd_f85c_4097_93ed_830dca8eb89c] Successfully synced group in generation Generation{generationId=1, memberId='consumer-Consumer-topic-56661bcd_f85c_4097_93ed_830dca8eb89c-5-979112ba-b9e5-4abd-835f-d87f5b0f54d9', protocol='range'}
2025-09-03 13:54:11,852 INFO  [org.apa.kaf.cli.con.int.ConsumerCoordinator] (ForkJoinPool.commonPool-worker-2) [Consumer clientId=consumer-Consumer-topic-56661bcd_f85c_4097_93ed_830dca8eb89c-5, groupId=Consumer-topic-56661bcd_f85c_4097_93ed_830dca8eb89c] Notifying assignor about the new Assignment(partitions=[topic-56661bcd_f85c_4097_93ed_830dca8eb89c-0])
2025-09-03 13:54:11,853 INFO  [org.apa.kaf.cli.con.int.ConsumerRebalanceListenerInvoker] (ForkJoinPool.commonPool-worker-2) [Consumer clientId=consumer-Consumer-topic-56661bcd_f85c_4097_93ed_830dca8eb89c-5, groupId=Consumer-topic-56661bcd_f85c_4097_93ed_830dca8eb89c] Adding newly assigned partitions: topic-56661bcd_f85c_4097_93ed_830dca8eb89c-0
2025-09-03 13:54:11,854 INFO  [org.apa.kaf.cli.con.int.ConsumerCoordinator] (ForkJoinPool.commonPool-worker-2) [Consumer clientId=consumer-Consumer-topic-56661bcd_f85c_4097_93ed_830dca8eb89c-5, groupId=Consumer-topic-56661bcd_f85c_4097_93ed_830dca8eb89c] Found no committed offset for partition topic-56661bcd_f85c_4097_93ed_830dca8eb89c-0
2025-09-03 13:54:11,857 INFO  [org.apa.kaf.cli.con.int.SubscriptionState] (ForkJoinPool.commonPool-worker-2) [Consumer clientId=consumer-Consumer-topic-56661bcd_f85c_4097_93ed_830dca8eb89c-5, groupId=Consumer-topic-56661bcd_f85c_4097_93ed_830dca8eb89c] Resetting offset for partition topic-56661bcd_f85c_4097_93ed_830dca8eb89c-0 to position FetchPosition{offset=0, offsetEpoch=Optional.empty, currentLeader=LeaderAndEpoch{leader=Optional[localhost:32769 (id: 0 rack: null)], epoch=0}}.
2025-09-03 13:54:11,892 INFO  [io.api.tes.ser.api.KafkaSerdesTester] (ForkJoinPool.commonPool-worker-2) topic-56661bcd_f85c_4097_93ed_830dca8eb89c 0 0 {"key11756907647713": "value-0"}
2025-09-03 13:54:11,892 INFO  [io.api.tes.ser.api.KafkaSerdesTester] (ForkJoinPool.commonPool-worker-2) topic-56661bcd_f85c_4097_93ed_830dca8eb89c 0 1 {"key11756907647713": "value-1"}
2025-09-03 13:54:11,892 INFO  [io.api.tes.ser.api.KafkaSerdesTester] (ForkJoinPool.commonPool-worker-2) topic-56661bcd_f85c_4097_93ed_830dca8eb89c 0 2 {"key11756907647713": "value-2"}
2025-09-03 13:54:11,893 INFO  [io.api.tes.ser.api.KafkaSerdesTester] (ForkJoinPool.commonPool-worker-2) topic-56661bcd_f85c_4097_93ed_830dca8eb89c 0 3 {"key11756907647713": "value-3"}
2025-09-03 13:54:11,893 INFO  [io.api.tes.ser.api.KafkaSerdesTester] (ForkJoinPool.commonPool-worker-2) topic-56661bcd_f85c_4097_93ed_830dca8eb89c 0 4 {"key11756907647713": "value-4"}
2025-09-03 13:54:11,893 INFO  [io.api.tes.ser.api.KafkaSerdesTester] (ForkJoinPool.commonPool-worker-2) topic-56661bcd_f85c_4097_93ed_830dca8eb89c 0 5 {"key11756907647713": "value-5"}
2025-09-03 13:54:11,893 INFO  [io.api.tes.ser.api.KafkaSerdesTester] (ForkJoinPool.commonPool-worker-2) topic-56661bcd_f85c_4097_93ed_830dca8eb89c 0 6 {"key11756907647713": "value-6"}
2025-09-03 13:54:11,893 INFO  [io.api.tes.ser.api.KafkaSerdesTester] (ForkJoinPool.commonPool-worker-2) topic-56661bcd_f85c_4097_93ed_830dca8eb89c 0 7 {"key11756907647713": "value-7"}
2025-09-03 13:54:11,893 INFO  [io.api.tes.ser.api.KafkaSerdesTester] (ForkJoinPool.commonPool-worker-2) topic-56661bcd_f85c_4097_93ed_830dca8eb89c 0 8 {"key11756907647713": "value-8"}
2025-09-03 13:54:11,893 INFO  [io.api.tes.ser.api.KafkaSerdesTester] (ForkJoinPool.commonPool-worker-2) topic-56661bcd_f85c_4097_93ed_830dca8eb89c 0 9 {"key11756907647713": "value-9"}
2025-09-03 13:54:11,893 INFO  [io.api.tes.ser.api.KafkaSerdesTester] (ForkJoinPool.commonPool-worker-2) Consumed 10 messages
2025-09-03 13:54:11,901 INFO  [org.apa.kaf.cli.con.int.ConsumerRebalanceListenerInvoker] (ForkJoinPool.commonPool-worker-2) [Consumer clientId=consumer-Consumer-topic-56661bcd_f85c_4097_93ed_830dca8eb89c-5, groupId=Consumer-topic-56661bcd_f85c_4097_93ed_830dca8eb89c] Revoke previously assigned partitions topic-56661bcd_f85c_4097_93ed_830dca8eb89c-0
2025-09-03 13:54:11,901 INFO  [org.apa.kaf.cli.con.int.ConsumerCoordinator] (ForkJoinPool.commonPool-worker-2) [Consumer clientId=consumer-Consumer-topic-56661bcd_f85c_4097_93ed_830dca8eb89c-5, groupId=Consumer-topic-56661bcd_f85c_4097_93ed_830dca8eb89c] Member consumer-Consumer-topic-56661bcd_f85c_4097_93ed_830dca8eb89c-5-979112ba-b9e5-4abd-835f-d87f5b0f54d9 sending LeaveGroup request to coordinator localhost:32769 (id: 2147483647 rack: null) due to the consumer is being closed
2025-09-03 13:54:11,901 INFO  [org.apa.kaf.cli.con.int.ConsumerCoordinator] (ForkJoinPool.commonPool-worker-2) [Consumer clientId=consumer-Consumer-topic-56661bcd_f85c_4097_93ed_830dca8eb89c-5, groupId=Consumer-topic-56661bcd_f85c_4097_93ed_830dca8eb89c] Resetting generation and member id due to: consumer pro-actively leaving the group
2025-09-03 13:54:11,901 INFO  [org.apa.kaf.cli.con.int.ConsumerCoordinator] (ForkJoinPool.commonPool-worker-2) [Consumer clientId=consumer-Consumer-topic-56661bcd_f85c_4097_93ed_830dca8eb89c-5, groupId=Consumer-topic-56661bcd_f85c_4097_93ed_830dca8eb89c] Request joining group due to: consumer pro-actively leaving the group
2025-09-03 13:54:12,396 INFO  [org.apa.kaf.com.met.Metrics] (ForkJoinPool.commonPool-worker-2) Metrics scheduler closed
2025-09-03 13:54:12,396 INFO  [org.apa.kaf.com.met.Metrics] (ForkJoinPool.commonPool-worker-2) Closing reporter org.apache.kafka.common.metrics.JmxReporter
2025-09-03 13:54:12,396 INFO  [org.apa.kaf.com.met.Metrics] (ForkJoinPool.commonPool-worker-2) Closing reporter org.apache.kafka.common.telemetry.internals.ClientTelemetryReporter
2025-09-03 13:54:12,396 INFO  [org.apa.kaf.com.met.Metrics] (ForkJoinPool.commonPool-worker-2) Metrics reporters closed
2025-09-03 13:54:12,398 INFO  [org.apa.kaf.com.uti.AppInfoParser] (ForkJoinPool.commonPool-worker-2) App info kafka.consumer for consumer-Consumer-topic-56661bcd_f85c_4097_93ed_830dca8eb89c-5 unregistered
2025-09-03 13:54:12,398 INFO  [io.api.tes.uti.TestSeparator] (main) io.apicurio.tests.serdes.apicurio.AvroSerdeIT.testRecordIdStrategydFindLatest-FINISHED
2025-09-03 13:54:12,398 INFO  [io.api.tes.uti.TestSeparator] (main) ############################################################################
Test passed: testRecordIdStrategydFindLatest
]]></system-out>
  </testcase>
  <testcase name="testReflectAutoRegister" classname="io.apicurio.tests.serdes.apicurio.AvroSerdeIT" time="3.791">
    <system-out><![CDATA[2025-09-03 13:54:12,400 INFO  [io.api.tes.uti.TestSeparator] (main) ############################################################################
2025-09-03 13:54:12,400 INFO  [io.api.tes.uti.TestSeparator] (main) io.apicurio.tests.serdes.apicurio.AvroSerdeIT.testReflectAutoRegister-STARTED
**** Registry Base URL: http://registry-app-inmemory.apps.ci419.apicurio-testing.org:80
2025-09-03 13:54:12,403 INFO  [org.apa.kaf.cli.pro.ProducerConfig] (main) ProducerConfig values: 
	acks = -1
	auto.include.jmx.reporter = true
	batch.size = 16384
	bootstrap.servers = [PLAINTEXT://localhost:32769]
	buffer.memory = 33554432
	client.dns.lookup = use_all_dns_ips
	client.id = Producer-topic-8f23a9ec_34aa_4a65_8388_bbffc17cafc2
	compression.gzip.level = -1
	compression.lz4.level = 9
	compression.type = none
	compression.zstd.level = 3
	connections.max.idle.ms = 10000
	delivery.timeout.ms = 120000
	enable.idempotence = true
	enable.metrics.push = true
	interceptor.classes = []
	key.serializer = class org.apache.kafka.common.serialization.StringSerializer
	linger.ms = 0
	max.block.ms = 60000
	max.in.flight.requests.per.connection = 5
	max.request.size = 1048576
	metadata.max.age.ms = 300000
	metadata.max.idle.ms = 300000
	metadata.recovery.strategy = none
	metric.reporters = []
	metrics.num.samples = 2
	metrics.recording.level = INFO
	metrics.sample.window.ms = 30000
	partitioner.adaptive.partitioning.enable = true
	partitioner.availability.timeout.ms = 0
	partitioner.class = null
	partitioner.ignore.keys = false
	receive.buffer.bytes = 32768
	reconnect.backoff.max.ms = 1000
	reconnect.backoff.ms = 50
	request.timeout.ms = 5000
	retries = 2147483647
	retry.backoff.max.ms = 1000
	retry.backoff.ms = 100
	sasl.client.callback.handler.class = null
	sasl.jaas.config = null
	sasl.kerberos.kinit.cmd = /usr/bin/kinit
	sasl.kerberos.min.time.before.relogin = 60000
	sasl.kerberos.service.name = null
	sasl.kerberos.ticket.renew.jitter = 0.05
	sasl.kerberos.ticket.renew.window.factor = 0.8
	sasl.login.callback.handler.class = null
	sasl.login.class = null
	sasl.login.connect.timeout.ms = null
	sasl.login.read.timeout.ms = null
	sasl.login.refresh.buffer.seconds = 300
	sasl.login.refresh.min.period.seconds = 60
	sasl.login.refresh.window.factor = 0.8
	sasl.login.refresh.window.jitter = 0.05
	sasl.login.retry.backoff.max.ms = 10000
	sasl.login.retry.backoff.ms = 100
	sasl.mechanism = GSSAPI
	sasl.oauthbearer.clock.skew.seconds = 30
	sasl.oauthbearer.expected.audience = null
	sasl.oauthbearer.expected.issuer = null
	sasl.oauthbearer.header.urlencode = false
	sasl.oauthbearer.jwks.endpoint.refresh.ms = 3600000
	sasl.oauthbearer.jwks.endpoint.retry.backoff.max.ms = 10000
	sasl.oauthbearer.jwks.endpoint.retry.backoff.ms = 100
	sasl.oauthbearer.jwks.endpoint.url = null
	sasl.oauthbearer.scope.claim.name = scope
	sasl.oauthbearer.sub.claim.name = sub
	sasl.oauthbearer.token.endpoint.url = null
	security.protocol = PLAINTEXT
	security.providers = null
	send.buffer.bytes = 131072
	socket.connection.setup.timeout.max.ms = 30000
	socket.connection.setup.timeout.ms = 10000
	ssl.cipher.suites = null
	ssl.enabled.protocols = [TLSv1.2, TLSv1.3]
	ssl.endpoint.identification.algorithm = https
	ssl.engine.factory.class = null
	ssl.key.password = null
	ssl.keymanager.algorithm = SunX509
	ssl.keystore.certificate.chain = null
	ssl.keystore.key = null
	ssl.keystore.location = null
	ssl.keystore.password = null
	ssl.keystore.type = JKS
	ssl.protocol = TLSv1.3
	ssl.provider = null
	ssl.secure.random.implementation = null
	ssl.trustmanager.algorithm = PKIX
	ssl.truststore.certificates = null
	ssl.truststore.location = null
	ssl.truststore.password = null
	ssl.truststore.type = JKS
	transaction.timeout.ms = 60000
	transactional.id = null
	value.serializer = class io.apicurio.registry.serde.avro.AvroKafkaSerializer

2025-09-03 13:54:12,403 INFO  [org.apa.kaf.com.tel.int.KafkaMetricsCollector] (main) initializing Kafka metrics collector
2025-09-03 13:54:12,411 INFO  [org.apa.kaf.cli.pro.KafkaProducer] (main) [Producer clientId=Producer-topic-8f23a9ec_34aa_4a65_8388_bbffc17cafc2] Instantiated an idempotent producer.
2025-09-03 13:54:12,413 INFO  [org.apa.kaf.cli.pro.ProducerConfig] (main) These configurations '[apicurio.registry.url, apicurio.registry.auto-register, apicurio.registry.artifact-resolver-strategy, apicurio.registry.avro-datum-provider]' were supplied but are not used yet.
2025-09-03 13:54:12,413 INFO  [org.apa.kaf.com.uti.AppInfoParser] (main) Kafka version: 3.9.1
2025-09-03 13:54:12,413 INFO  [org.apa.kaf.com.uti.AppInfoParser] (main) Kafka commitId: f745dfdcee2b9851
2025-09-03 13:54:12,413 INFO  [org.apa.kaf.com.uti.AppInfoParser] (main) Kafka startTimeMs: 1756907652413
2025-09-03 13:54:12,413 INFO  [io.api.tes.ser.api.SimpleSerdesTesterBuilder$SimpleSerdesTester] (main) Using producer configuration: {apicurio.registry.url=http://registry-app-inmemory.apps.ci419.apicurio-testing.org:80/apis/registry/v3, apicurio.registry.auto-register=true, apicurio.registry.artifact-resolver-strategy=io.apicurio.registry.serde.strategy.TopicIdStrategy, value.serializer=io.apicurio.registry.serde.avro.AvroKafkaSerializer, request.timeout.ms=5000, acks=all, bootstrap.servers=PLAINTEXT://localhost:32769, connections.max.idle.ms=10000, key.serializer=org.apache.kafka.common.serialization.StringSerializer, apicurio.registry.avro-datum-provider=io.apicurio.registry.serde.avro.ReflectAvroDatumProvider, client.id=Producer-topic-8f23a9ec_34aa_4a65_8388_bbffc17cafc2}
2025-09-03 13:54:12,413 INFO  [io.api.tes.ser.api.SimpleSerdesTesterBuilder$SimpleSerdesTester] (main) Using consumer configuration: {apicurio.registry.avro-datum-provider=io.apicurio.registry.serde.avro.ReflectAvroDatumProvider}
2025-09-03 13:54:12,414 INFO  [io.api.tes.ser.api.KafkaSerdesTester] (ForkJoinPool.commonPool-worker-2) Sending message io.apicurio.tests.common.serdes.TestObject@3dbd29cb to topic topic-8f23a9ec_34aa_4a65_8388_bbffc17cafc2
2025-09-03 13:54:12,417 WARN  [org.apa.kaf.cli.NetworkClient] (kafka-producer-network-thread | Producer-topic-8f23a9ec_34aa_4a65_8388_bbffc17cafc2) [Producer clientId=Producer-topic-8f23a9ec_34aa_4a65_8388_bbffc17cafc2] The metadata response from the cluster reported a recoverable issue with correlation id 1 : {topic-8f23a9ec_34aa_4a65_8388_bbffc17cafc2=UNKNOWN_TOPIC_OR_PARTITION}
2025-09-03 13:54:12,417 INFO  [org.apa.kaf.cli.Metadata] (kafka-producer-network-thread | Producer-topic-8f23a9ec_34aa_4a65_8388_bbffc17cafc2) [Producer clientId=Producer-topic-8f23a9ec_34aa_4a65_8388_bbffc17cafc2] Cluster ID: zfwsSXvVT6qhU8UlUF5FTQ
2025-09-03 13:54:12,417 INFO  [org.apa.kaf.cli.pro.int.TransactionManager] (kafka-producer-network-thread | Producer-topic-8f23a9ec_34aa_4a65_8388_bbffc17cafc2) [Producer clientId=Producer-topic-8f23a9ec_34aa_4a65_8388_bbffc17cafc2] ProducerId set to 6 with epoch 0
2025-09-03 13:54:12,576 INFO  [io.api.tes.ser.api.KafkaSerdesTester] (ForkJoinPool.commonPool-worker-2) Sending message io.apicurio.tests.common.serdes.TestObject@3dbd29cb to topic topic-8f23a9ec_34aa_4a65_8388_bbffc17cafc2
2025-09-03 13:54:12,578 INFO  [io.api.tes.ser.api.KafkaSerdesTester] (ForkJoinPool.commonPool-worker-2) Sending message io.apicurio.tests.common.serdes.TestObject@3dbd29cb to topic topic-8f23a9ec_34aa_4a65_8388_bbffc17cafc2
2025-09-03 13:54:12,580 INFO  [io.api.tes.ser.api.KafkaSerdesTester] (ForkJoinPool.commonPool-worker-2) Sending message io.apicurio.tests.common.serdes.TestObject@3dbd29cb to topic topic-8f23a9ec_34aa_4a65_8388_bbffc17cafc2
2025-09-03 13:54:12,581 INFO  [io.api.tes.ser.api.KafkaSerdesTester] (ForkJoinPool.commonPool-worker-2) Sending message io.apicurio.tests.common.serdes.TestObject@3dbd29cb to topic topic-8f23a9ec_34aa_4a65_8388_bbffc17cafc2
2025-09-03 13:54:12,583 INFO  [io.api.tes.ser.api.KafkaSerdesTester] (ForkJoinPool.commonPool-worker-2) Sending message io.apicurio.tests.common.serdes.TestObject@3dbd29cb to topic topic-8f23a9ec_34aa_4a65_8388_bbffc17cafc2
2025-09-03 13:54:12,584 INFO  [io.api.tes.ser.api.KafkaSerdesTester] (ForkJoinPool.commonPool-worker-2) Sending message io.apicurio.tests.common.serdes.TestObject@3dbd29cb to topic topic-8f23a9ec_34aa_4a65_8388_bbffc17cafc2
2025-09-03 13:54:12,586 INFO  [io.api.tes.ser.api.KafkaSerdesTester] (ForkJoinPool.commonPool-worker-2) Sending message io.apicurio.tests.common.serdes.TestObject@3dbd29cb to topic topic-8f23a9ec_34aa_4a65_8388_bbffc17cafc2
2025-09-03 13:54:12,587 INFO  [io.api.tes.ser.api.KafkaSerdesTester] (ForkJoinPool.commonPool-worker-2) Sending message io.apicurio.tests.common.serdes.TestObject@3dbd29cb to topic topic-8f23a9ec_34aa_4a65_8388_bbffc17cafc2
2025-09-03 13:54:12,588 INFO  [io.api.tes.ser.api.KafkaSerdesTester] (ForkJoinPool.commonPool-worker-2) Sending message io.apicurio.tests.common.serdes.TestObject@3dbd29cb to topic topic-8f23a9ec_34aa_4a65_8388_bbffc17cafc2
2025-09-03 13:54:12,590 INFO  [io.api.tes.ser.api.KafkaSerdesTester] (ForkJoinPool.commonPool-worker-2) Produced 10 messages
2025-09-03 13:54:12,590 INFO  [org.apa.kaf.cli.pro.KafkaProducer] (ForkJoinPool.commonPool-worker-2) [Producer clientId=Producer-topic-8f23a9ec_34aa_4a65_8388_bbffc17cafc2] Closing the Kafka producer with timeoutMillis = 9223372036854775807 ms.
2025-09-03 13:54:12,592 INFO  [org.apa.kaf.com.met.Metrics] (ForkJoinPool.commonPool-worker-2) Metrics scheduler closed
2025-09-03 13:54:12,592 INFO  [org.apa.kaf.com.met.Metrics] (ForkJoinPool.commonPool-worker-2) Closing reporter org.apache.kafka.common.metrics.JmxReporter
2025-09-03 13:54:12,592 INFO  [org.apa.kaf.com.met.Metrics] (ForkJoinPool.commonPool-worker-2) Closing reporter org.apache.kafka.common.telemetry.internals.ClientTelemetryReporter
2025-09-03 13:54:12,592 INFO  [org.apa.kaf.com.met.Metrics] (ForkJoinPool.commonPool-worker-2) Metrics reporters closed
2025-09-03 13:54:12,592 INFO  [org.apa.kaf.com.uti.AppInfoParser] (ForkJoinPool.commonPool-worker-2) App info kafka.producer for Producer-topic-8f23a9ec_34aa_4a65_8388_bbffc17cafc2 unregistered
**** Registry Base URL: http://registry-app-inmemory.apps.ci419.apicurio-testing.org:80
2025-09-03 13:54:12,617 INFO  [org.apa.kaf.cli.con.ConsumerConfig] (main) ConsumerConfig values: 
	allow.auto.create.topics = true
	auto.commit.interval.ms = 500
	auto.include.jmx.reporter = true
	auto.offset.reset = earliest
	bootstrap.servers = [PLAINTEXT://localhost:32769]
	check.crcs = true
	client.dns.lookup = use_all_dns_ips
	client.id = consumer-Consumer-topic-8f23a9ec_34aa_4a65_8388_bbffc17cafc2-6
	client.rack = 
	connections.max.idle.ms = 10000
	default.api.timeout.ms = 60000
	enable.auto.commit = true
	enable.metrics.push = true
	exclude.internal.topics = true
	fetch.max.bytes = 52428800
	fetch.max.wait.ms = 500
	fetch.min.bytes = 1
	group.id = Consumer-topic-8f23a9ec_34aa_4a65_8388_bbffc17cafc2
	group.instance.id = null
	group.protocol = classic
	group.remote.assignor = null
	heartbeat.interval.ms = 3000
	interceptor.classes = []
	internal.leave.group.on.close = true
	internal.throw.on.fetch.stable.offset.unsupported = false
	isolation.level = read_uncommitted
	key.deserializer = class org.apache.kafka.common.serialization.StringDeserializer
	max.partition.fetch.bytes = 1048576
	max.poll.interval.ms = 300000
	max.poll.records = 500
	metadata.max.age.ms = 300000
	metadata.recovery.strategy = none
	metric.reporters = []
	metrics.num.samples = 2
	metrics.recording.level = INFO
	metrics.sample.window.ms = 30000
	partition.assignment.strategy = [class org.apache.kafka.clients.consumer.RangeAssignor, class org.apache.kafka.clients.consumer.CooperativeStickyAssignor]
	receive.buffer.bytes = 65536
	reconnect.backoff.max.ms = 1000
	reconnect.backoff.ms = 50
	request.timeout.ms = 5000
	retry.backoff.max.ms = 1000
	retry.backoff.ms = 100
	sasl.client.callback.handler.class = null
	sasl.jaas.config = null
	sasl.kerberos.kinit.cmd = /usr/bin/kinit
	sasl.kerberos.min.time.before.relogin = 60000
	sasl.kerberos.service.name = null
	sasl.kerberos.ticket.renew.jitter = 0.05
	sasl.kerberos.ticket.renew.window.factor = 0.8
	sasl.login.callback.handler.class = null
	sasl.login.class = null
	sasl.login.connect.timeout.ms = null
	sasl.login.read.timeout.ms = null
	sasl.login.refresh.buffer.seconds = 300
	sasl.login.refresh.min.period.seconds = 60
	sasl.login.refresh.window.factor = 0.8
	sasl.login.refresh.window.jitter = 0.05
	sasl.login.retry.backoff.max.ms = 10000
	sasl.login.retry.backoff.ms = 100
	sasl.mechanism = GSSAPI
	sasl.oauthbearer.clock.skew.seconds = 30
	sasl.oauthbearer.expected.audience = null
	sasl.oauthbearer.expected.issuer = null
	sasl.oauthbearer.header.urlencode = false
	sasl.oauthbearer.jwks.endpoint.refresh.ms = 3600000
	sasl.oauthbearer.jwks.endpoint.retry.backoff.max.ms = 10000
	sasl.oauthbearer.jwks.endpoint.retry.backoff.ms = 100
	sasl.oauthbearer.jwks.endpoint.url = null
	sasl.oauthbearer.scope.claim.name = scope
	sasl.oauthbearer.sub.claim.name = sub
	sasl.oauthbearer.token.endpoint.url = null
	security.protocol = PLAINTEXT
	security.providers = null
	send.buffer.bytes = 131072
	session.timeout.ms = 45000
	socket.connection.setup.timeout.max.ms = 30000
	socket.connection.setup.timeout.ms = 10000
	ssl.cipher.suites = null
	ssl.enabled.protocols = [TLSv1.2, TLSv1.3]
	ssl.endpoint.identification.algorithm = https
	ssl.engine.factory.class = null
	ssl.key.password = null
	ssl.keymanager.algorithm = SunX509
	ssl.keystore.certificate.chain = null
	ssl.keystore.key = null
	ssl.keystore.location = null
	ssl.keystore.password = null
	ssl.keystore.type = JKS
	ssl.protocol = TLSv1.3
	ssl.provider = null
	ssl.secure.random.implementation = null
	ssl.trustmanager.algorithm = PKIX
	ssl.truststore.certificates = null
	ssl.truststore.location = null
	ssl.truststore.password = null
	ssl.truststore.type = JKS
	value.deserializer = class io.apicurio.registry.serde.avro.AvroKafkaDeserializer

2025-09-03 13:54:12,617 INFO  [org.apa.kaf.com.tel.int.KafkaMetricsCollector] (main) initializing Kafka metrics collector
2025-09-03 13:54:12,623 INFO  [org.apa.kaf.cli.con.ConsumerConfig] (main) These configurations '[apicurio.registry.url, apicurio.registry.avro-datum-provider]' were supplied but are not used yet.
2025-09-03 13:54:12,623 INFO  [org.apa.kaf.com.uti.AppInfoParser] (main) Kafka version: 3.9.1
2025-09-03 13:54:12,623 INFO  [org.apa.kaf.com.uti.AppInfoParser] (main) Kafka commitId: f745dfdcee2b9851
2025-09-03 13:54:12,623 INFO  [org.apa.kaf.com.uti.AppInfoParser] (main) Kafka startTimeMs: 1756907652623
2025-09-03 13:54:12,624 INFO  [org.apa.kaf.cli.con.int.ClassicKafkaConsumer] (ForkJoinPool.commonPool-worker-2) [Consumer clientId=consumer-Consumer-topic-8f23a9ec_34aa_4a65_8388_bbffc17cafc2-6, groupId=Consumer-topic-8f23a9ec_34aa_4a65_8388_bbffc17cafc2] Subscribed to topic(s): topic-8f23a9ec_34aa_4a65_8388_bbffc17cafc2
2025-09-03 13:54:12,628 INFO  [org.apa.kaf.cli.Metadata] (ForkJoinPool.commonPool-worker-2) [Consumer clientId=consumer-Consumer-topic-8f23a9ec_34aa_4a65_8388_bbffc17cafc2-6, groupId=Consumer-topic-8f23a9ec_34aa_4a65_8388_bbffc17cafc2] Cluster ID: zfwsSXvVT6qhU8UlUF5FTQ
2025-09-03 13:54:12,628 INFO  [org.apa.kaf.cli.con.int.ConsumerCoordinator] (ForkJoinPool.commonPool-worker-2) [Consumer clientId=consumer-Consumer-topic-8f23a9ec_34aa_4a65_8388_bbffc17cafc2-6, groupId=Consumer-topic-8f23a9ec_34aa_4a65_8388_bbffc17cafc2] Discovered group coordinator localhost:32769 (id: 2147483647 rack: null)
2025-09-03 13:54:12,630 INFO  [org.apa.kaf.cli.con.int.ConsumerCoordinator] (ForkJoinPool.commonPool-worker-2) [Consumer clientId=consumer-Consumer-topic-8f23a9ec_34aa_4a65_8388_bbffc17cafc2-6, groupId=Consumer-topic-8f23a9ec_34aa_4a65_8388_bbffc17cafc2] (Re-)joining group
2025-09-03 13:54:12,632 INFO  [org.apa.kaf.cli.con.int.ConsumerCoordinator] (ForkJoinPool.commonPool-worker-2) [Consumer clientId=consumer-Consumer-topic-8f23a9ec_34aa_4a65_8388_bbffc17cafc2-6, groupId=Consumer-topic-8f23a9ec_34aa_4a65_8388_bbffc17cafc2] Request joining group due to: need to re-join with the given member-id: consumer-Consumer-topic-8f23a9ec_34aa_4a65_8388_bbffc17cafc2-6-dab69a14-732a-4967-b79d-c2ca6c689759
2025-09-03 13:54:12,632 INFO  [org.apa.kaf.cli.con.int.ConsumerCoordinator] (ForkJoinPool.commonPool-worker-2) [Consumer clientId=consumer-Consumer-topic-8f23a9ec_34aa_4a65_8388_bbffc17cafc2-6, groupId=Consumer-topic-8f23a9ec_34aa_4a65_8388_bbffc17cafc2] (Re-)joining group
2025-09-03 13:54:13,624 INFO  [io.api.tes.ser.api.KafkaSerdesTester] (ForkJoinPool.commonPool-worker-2) None found
2025-09-03 13:54:14,625 INFO  [io.api.tes.ser.api.KafkaSerdesTester] (ForkJoinPool.commonPool-worker-2) None found
2025-09-03 13:54:15,625 INFO  [io.api.tes.ser.api.KafkaSerdesTester] (ForkJoinPool.commonPool-worker-2) None found
2025-09-03 13:54:15,634 INFO  [org.apa.kaf.cli.con.int.ConsumerCoordinator] (ForkJoinPool.commonPool-worker-2) [Consumer clientId=consumer-Consumer-topic-8f23a9ec_34aa_4a65_8388_bbffc17cafc2-6, groupId=Consumer-topic-8f23a9ec_34aa_4a65_8388_bbffc17cafc2] Successfully joined group with generation Generation{generationId=1, memberId='consumer-Consumer-topic-8f23a9ec_34aa_4a65_8388_bbffc17cafc2-6-dab69a14-732a-4967-b79d-c2ca6c689759', protocol='range'}
2025-09-03 13:54:15,634 INFO  [org.apa.kaf.cli.con.int.ConsumerCoordinator] (ForkJoinPool.commonPool-worker-2) [Consumer clientId=consumer-Consumer-topic-8f23a9ec_34aa_4a65_8388_bbffc17cafc2-6, groupId=Consumer-topic-8f23a9ec_34aa_4a65_8388_bbffc17cafc2] Finished assignment for group at generation 1: {consumer-Consumer-topic-8f23a9ec_34aa_4a65_8388_bbffc17cafc2-6-dab69a14-732a-4967-b79d-c2ca6c689759=Assignment(partitions=[topic-8f23a9ec_34aa_4a65_8388_bbffc17cafc2-0])}
2025-09-03 13:54:15,641 INFO  [org.apa.kaf.cli.con.int.ConsumerCoordinator] (ForkJoinPool.commonPool-worker-2) [Consumer clientId=consumer-Consumer-topic-8f23a9ec_34aa_4a65_8388_bbffc17cafc2-6, groupId=Consumer-topic-8f23a9ec_34aa_4a65_8388_bbffc17cafc2] Successfully synced group in generation Generation{generationId=1, memberId='consumer-Consumer-topic-8f23a9ec_34aa_4a65_8388_bbffc17cafc2-6-dab69a14-732a-4967-b79d-c2ca6c689759', protocol='range'}
2025-09-03 13:54:15,641 INFO  [org.apa.kaf.cli.con.int.ConsumerCoordinator] (ForkJoinPool.commonPool-worker-2) [Consumer clientId=consumer-Consumer-topic-8f23a9ec_34aa_4a65_8388_bbffc17cafc2-6, groupId=Consumer-topic-8f23a9ec_34aa_4a65_8388_bbffc17cafc2] Notifying assignor about the new Assignment(partitions=[topic-8f23a9ec_34aa_4a65_8388_bbffc17cafc2-0])
2025-09-03 13:54:15,641 INFO  [org.apa.kaf.cli.con.int.ConsumerRebalanceListenerInvoker] (ForkJoinPool.commonPool-worker-2) [Consumer clientId=consumer-Consumer-topic-8f23a9ec_34aa_4a65_8388_bbffc17cafc2-6, groupId=Consumer-topic-8f23a9ec_34aa_4a65_8388_bbffc17cafc2] Adding newly assigned partitions: topic-8f23a9ec_34aa_4a65_8388_bbffc17cafc2-0
2025-09-03 13:54:15,642 INFO  [org.apa.kaf.cli.con.int.ConsumerCoordinator] (ForkJoinPool.commonPool-worker-2) [Consumer clientId=consumer-Consumer-topic-8f23a9ec_34aa_4a65_8388_bbffc17cafc2-6, groupId=Consumer-topic-8f23a9ec_34aa_4a65_8388_bbffc17cafc2] Found no committed offset for partition topic-8f23a9ec_34aa_4a65_8388_bbffc17cafc2-0
2025-09-03 13:54:15,645 INFO  [org.apa.kaf.cli.con.int.SubscriptionState] (ForkJoinPool.commonPool-worker-2) [Consumer clientId=consumer-Consumer-topic-8f23a9ec_34aa_4a65_8388_bbffc17cafc2-6, groupId=Consumer-topic-8f23a9ec_34aa_4a65_8388_bbffc17cafc2] Resetting offset for partition topic-8f23a9ec_34aa_4a65_8388_bbffc17cafc2-0 to position FetchPosition{offset=0, offsetEpoch=Optional.empty, currentLeader=LeaderAndEpoch{leader=Optional[localhost:32769 (id: 0 rack: null)], epoch=0}}.
2025-09-03 13:54:15,685 INFO  [io.api.tes.ser.api.KafkaSerdesTester] (ForkJoinPool.commonPool-worker-2) topic-8f23a9ec_34aa_4a65_8388_bbffc17cafc2 0 0 io.apicurio.tests.common.serdes.TestObject@3dbd29cb
2025-09-03 13:54:15,685 INFO  [io.api.tes.ser.api.KafkaSerdesTester] (ForkJoinPool.commonPool-worker-2) topic-8f23a9ec_34aa_4a65_8388_bbffc17cafc2 0 1 io.apicurio.tests.common.serdes.TestObject@3dbd29cb
2025-09-03 13:54:15,685 INFO  [io.api.tes.ser.api.KafkaSerdesTester] (ForkJoinPool.commonPool-worker-2) topic-8f23a9ec_34aa_4a65_8388_bbffc17cafc2 0 2 io.apicurio.tests.common.serdes.TestObject@3dbd29cb
2025-09-03 13:54:15,685 INFO  [io.api.tes.ser.api.KafkaSerdesTester] (ForkJoinPool.commonPool-worker-2) topic-8f23a9ec_34aa_4a65_8388_bbffc17cafc2 0 3 io.apicurio.tests.common.serdes.TestObject@3dbd29cb
2025-09-03 13:54:15,685 INFO  [io.api.tes.ser.api.KafkaSerdesTester] (ForkJoinPool.commonPool-worker-2) topic-8f23a9ec_34aa_4a65_8388_bbffc17cafc2 0 4 io.apicurio.tests.common.serdes.TestObject@3dbd29cb
2025-09-03 13:54:15,685 INFO  [io.api.tes.ser.api.KafkaSerdesTester] (ForkJoinPool.commonPool-worker-2) topic-8f23a9ec_34aa_4a65_8388_bbffc17cafc2 0 5 io.apicurio.tests.common.serdes.TestObject@3dbd29cb
2025-09-03 13:54:15,685 INFO  [io.api.tes.ser.api.KafkaSerdesTester] (ForkJoinPool.commonPool-worker-2) topic-8f23a9ec_34aa_4a65_8388_bbffc17cafc2 0 6 io.apicurio.tests.common.serdes.TestObject@3dbd29cb
2025-09-03 13:54:15,685 INFO  [io.api.tes.ser.api.KafkaSerdesTester] (ForkJoinPool.commonPool-worker-2) topic-8f23a9ec_34aa_4a65_8388_bbffc17cafc2 0 7 io.apicurio.tests.common.serdes.TestObject@3dbd29cb
2025-09-03 13:54:15,685 INFO  [io.api.tes.ser.api.KafkaSerdesTester] (ForkJoinPool.commonPool-worker-2) topic-8f23a9ec_34aa_4a65_8388_bbffc17cafc2 0 8 io.apicurio.tests.common.serdes.TestObject@3dbd29cb
2025-09-03 13:54:15,685 INFO  [io.api.tes.ser.api.KafkaSerdesTester] (ForkJoinPool.commonPool-worker-2) topic-8f23a9ec_34aa_4a65_8388_bbffc17cafc2 0 9 io.apicurio.tests.common.serdes.TestObject@3dbd29cb
2025-09-03 13:54:15,685 INFO  [io.api.tes.ser.api.KafkaSerdesTester] (ForkJoinPool.commonPool-worker-2) Consumed 10 messages
2025-09-03 13:54:15,692 INFO  [org.apa.kaf.cli.con.int.ConsumerRebalanceListenerInvoker] (ForkJoinPool.commonPool-worker-2) [Consumer clientId=consumer-Consumer-topic-8f23a9ec_34aa_4a65_8388_bbffc17cafc2-6, groupId=Consumer-topic-8f23a9ec_34aa_4a65_8388_bbffc17cafc2] Revoke previously assigned partitions topic-8f23a9ec_34aa_4a65_8388_bbffc17cafc2-0
2025-09-03 13:54:15,692 INFO  [org.apa.kaf.cli.con.int.ConsumerCoordinator] (ForkJoinPool.commonPool-worker-2) [Consumer clientId=consumer-Consumer-topic-8f23a9ec_34aa_4a65_8388_bbffc17cafc2-6, groupId=Consumer-topic-8f23a9ec_34aa_4a65_8388_bbffc17cafc2] Member consumer-Consumer-topic-8f23a9ec_34aa_4a65_8388_bbffc17cafc2-6-dab69a14-732a-4967-b79d-c2ca6c689759 sending LeaveGroup request to coordinator localhost:32769 (id: 2147483647 rack: null) due to the consumer is being closed
2025-09-03 13:54:15,692 INFO  [org.apa.kaf.cli.con.int.ConsumerCoordinator] (ForkJoinPool.commonPool-worker-2) [Consumer clientId=consumer-Consumer-topic-8f23a9ec_34aa_4a65_8388_bbffc17cafc2-6, groupId=Consumer-topic-8f23a9ec_34aa_4a65_8388_bbffc17cafc2] Resetting generation and member id due to: consumer pro-actively leaving the group
2025-09-03 13:54:15,692 INFO  [org.apa.kaf.cli.con.int.ConsumerCoordinator] (ForkJoinPool.commonPool-worker-2) [Consumer clientId=consumer-Consumer-topic-8f23a9ec_34aa_4a65_8388_bbffc17cafc2-6, groupId=Consumer-topic-8f23a9ec_34aa_4a65_8388_bbffc17cafc2] Request joining group due to: consumer pro-actively leaving the group
2025-09-03 13:54:16,187 INFO  [org.apa.kaf.com.met.Metrics] (ForkJoinPool.commonPool-worker-2) Metrics scheduler closed
2025-09-03 13:54:16,187 INFO  [org.apa.kaf.com.met.Metrics] (ForkJoinPool.commonPool-worker-2) Closing reporter org.apache.kafka.common.metrics.JmxReporter
2025-09-03 13:54:16,187 INFO  [org.apa.kaf.com.met.Metrics] (ForkJoinPool.commonPool-worker-2) Closing reporter org.apache.kafka.common.telemetry.internals.ClientTelemetryReporter
2025-09-03 13:54:16,187 INFO  [org.apa.kaf.com.met.Metrics] (ForkJoinPool.commonPool-worker-2) Metrics reporters closed
2025-09-03 13:54:16,189 INFO  [org.apa.kaf.com.uti.AppInfoParser] (ForkJoinPool.commonPool-worker-2) App info kafka.consumer for consumer-Consumer-topic-8f23a9ec_34aa_4a65_8388_bbffc17cafc2-6 unregistered
2025-09-03 13:54:16,190 INFO  [io.api.tes.uti.TestSeparator] (main) io.apicurio.tests.serdes.apicurio.AvroSerdeIT.testReflectAutoRegister-FINISHED
2025-09-03 13:54:16,190 INFO  [io.api.tes.uti.TestSeparator] (main) ############################################################################
Test passed: testReflectAutoRegister
]]></system-out>
  </testcase>
  <testcase name="testArtifactNotFound" classname="io.apicurio.tests.serdes.apicurio.AvroSerdeIT" time="0.183">
    <system-out><![CDATA[2025-09-03 13:54:16,191 INFO  [io.api.tes.uti.TestSeparator] (main) ############################################################################
2025-09-03 13:54:16,191 INFO  [io.api.tes.uti.TestSeparator] (main) io.apicurio.tests.serdes.apicurio.AvroSerdeIT.testArtifactNotFound-STARTED
**** Registry Base URL: http://registry-app-inmemory.apps.ci419.apicurio-testing.org:80
2025-09-03 13:54:16,193 INFO  [org.apa.kaf.cli.pro.ProducerConfig] (main) ProducerConfig values: 
	acks = -1
	auto.include.jmx.reporter = true
	batch.size = 16384
	bootstrap.servers = [PLAINTEXT://localhost:32769]
	buffer.memory = 33554432
	client.dns.lookup = use_all_dns_ips
	client.id = Producer-s87535f1axf1ccx4473xaf9cx3110e3a05aff
	compression.gzip.level = -1
	compression.lz4.level = 9
	compression.type = none
	compression.zstd.level = 3
	connections.max.idle.ms = 10000
	delivery.timeout.ms = 120000
	enable.idempotence = true
	enable.metrics.push = true
	interceptor.classes = []
	key.serializer = class org.apache.kafka.common.serialization.StringSerializer
	linger.ms = 0
	max.block.ms = 60000
	max.in.flight.requests.per.connection = 5
	max.request.size = 1048576
	metadata.max.age.ms = 300000
	metadata.max.idle.ms = 300000
	metadata.recovery.strategy = none
	metric.reporters = []
	metrics.num.samples = 2
	metrics.recording.level = INFO
	metrics.sample.window.ms = 30000
	partitioner.adaptive.partitioning.enable = true
	partitioner.availability.timeout.ms = 0
	partitioner.class = null
	partitioner.ignore.keys = false
	receive.buffer.bytes = 32768
	reconnect.backoff.max.ms = 1000
	reconnect.backoff.ms = 50
	request.timeout.ms = 5000
	retries = 2147483647
	retry.backoff.max.ms = 1000
	retry.backoff.ms = 100
	sasl.client.callback.handler.class = null
	sasl.jaas.config = null
	sasl.kerberos.kinit.cmd = /usr/bin/kinit
	sasl.kerberos.min.time.before.relogin = 60000
	sasl.kerberos.service.name = null
	sasl.kerberos.ticket.renew.jitter = 0.05
	sasl.kerberos.ticket.renew.window.factor = 0.8
	sasl.login.callback.handler.class = null
	sasl.login.class = null
	sasl.login.connect.timeout.ms = null
	sasl.login.read.timeout.ms = null
	sasl.login.refresh.buffer.seconds = 300
	sasl.login.refresh.min.period.seconds = 60
	sasl.login.refresh.window.factor = 0.8
	sasl.login.refresh.window.jitter = 0.05
	sasl.login.retry.backoff.max.ms = 10000
	sasl.login.retry.backoff.ms = 100
	sasl.mechanism = GSSAPI
	sasl.oauthbearer.clock.skew.seconds = 30
	sasl.oauthbearer.expected.audience = null
	sasl.oauthbearer.expected.issuer = null
	sasl.oauthbearer.header.urlencode = false
	sasl.oauthbearer.jwks.endpoint.refresh.ms = 3600000
	sasl.oauthbearer.jwks.endpoint.retry.backoff.max.ms = 10000
	sasl.oauthbearer.jwks.endpoint.retry.backoff.ms = 100
	sasl.oauthbearer.jwks.endpoint.url = null
	sasl.oauthbearer.scope.claim.name = scope
	sasl.oauthbearer.sub.claim.name = sub
	sasl.oauthbearer.token.endpoint.url = null
	security.protocol = PLAINTEXT
	security.providers = null
	send.buffer.bytes = 131072
	socket.connection.setup.timeout.max.ms = 30000
	socket.connection.setup.timeout.ms = 10000
	ssl.cipher.suites = null
	ssl.enabled.protocols = [TLSv1.2, TLSv1.3]
	ssl.endpoint.identification.algorithm = https
	ssl.engine.factory.class = null
	ssl.key.password = null
	ssl.keymanager.algorithm = SunX509
	ssl.keystore.certificate.chain = null
	ssl.keystore.key = null
	ssl.keystore.location = null
	ssl.keystore.password = null
	ssl.keystore.type = JKS
	ssl.protocol = TLSv1.3
	ssl.provider = null
	ssl.secure.random.implementation = null
	ssl.trustmanager.algorithm = PKIX
	ssl.truststore.certificates = null
	ssl.truststore.location = null
	ssl.truststore.password = null
	ssl.truststore.type = JKS
	transaction.timeout.ms = 60000
	transactional.id = null
	value.serializer = class io.apicurio.registry.serde.avro.AvroKafkaSerializer

2025-09-03 13:54:16,193 INFO  [org.apa.kaf.com.tel.int.KafkaMetricsCollector] (main) initializing Kafka metrics collector
2025-09-03 13:54:16,196 INFO  [org.apa.kaf.cli.pro.KafkaProducer] (main) [Producer clientId=Producer-s87535f1axf1ccx4473xaf9cx3110e3a05aff] Instantiated an idempotent producer.
2025-09-03 13:54:16,198 INFO  [org.apa.kaf.cli.pro.ProducerConfig] (main) These configurations '[apicurio.registry.url, apicurio.registry.artifact-resolver-strategy]' were supplied but are not used yet.
2025-09-03 13:54:16,198 INFO  [org.apa.kaf.com.uti.AppInfoParser] (main) Kafka version: 3.9.1
2025-09-03 13:54:16,198 INFO  [org.apa.kaf.com.uti.AppInfoParser] (main) Kafka commitId: f745dfdcee2b9851
2025-09-03 13:54:16,198 INFO  [org.apa.kaf.com.uti.AppInfoParser] (main) Kafka startTimeMs: 1756907656198
2025-09-03 13:54:16,198 INFO  [io.api.tes.ser.api.KafkaSerdesTester] (ForkJoinPool.commonPool-worker-2) Sending message {"keyB": "value-0"} to topic s87535f1axf1ccx4473xaf9cx3110e3a05aff
2025-09-03 13:54:16,202 WARN  [org.apa.kaf.cli.NetworkClient] (kafka-producer-network-thread | Producer-s87535f1axf1ccx4473xaf9cx3110e3a05aff) [Producer clientId=Producer-s87535f1axf1ccx4473xaf9cx3110e3a05aff] The metadata response from the cluster reported a recoverable issue with correlation id 1 : {s87535f1axf1ccx4473xaf9cx3110e3a05aff=UNKNOWN_TOPIC_OR_PARTITION}
2025-09-03 13:54:16,202 INFO  [org.apa.kaf.cli.Metadata] (kafka-producer-network-thread | Producer-s87535f1axf1ccx4473xaf9cx3110e3a05aff) [Producer clientId=Producer-s87535f1axf1ccx4473xaf9cx3110e3a05aff] Cluster ID: zfwsSXvVT6qhU8UlUF5FTQ
2025-09-03 13:54:16,203 INFO  [org.apa.kaf.cli.pro.int.TransactionManager] (kafka-producer-network-thread | Producer-s87535f1axf1ccx4473xaf9cx3110e3a05aff) [Producer clientId=Producer-s87535f1axf1ccx4473xaf9cx3110e3a05aff] ProducerId set to 7 with epoch 0
2025-09-03 13:54:16,324 INFO  [DefaultSchemaResolver] (ForkJoinPool.commonPool-worker-2) Retrieving schema content using string: {"type":"record","name":"myrecord","namespace":"mygroup","fields":[{"name":"keyB","type":"string"}]}
2025-09-03 13:54:16,370 INFO  [org.apa.kaf.cli.pro.KafkaProducer] (ForkJoinPool.commonPool-worker-2) [Producer clientId=Producer-s87535f1axf1ccx4473xaf9cx3110e3a05aff] Closing the Kafka producer with timeoutMillis = 9223372036854775807 ms.
2025-09-03 13:54:16,372 INFO  [org.apa.kaf.com.met.Metrics] (ForkJoinPool.commonPool-worker-2) Metrics scheduler closed
2025-09-03 13:54:16,372 INFO  [org.apa.kaf.com.met.Metrics] (ForkJoinPool.commonPool-worker-2) Closing reporter org.apache.kafka.common.metrics.JmxReporter
2025-09-03 13:54:16,372 INFO  [org.apa.kaf.com.met.Metrics] (ForkJoinPool.commonPool-worker-2) Closing reporter org.apache.kafka.common.telemetry.internals.ClientTelemetryReporter
2025-09-03 13:54:16,372 INFO  [org.apa.kaf.com.met.Metrics] (ForkJoinPool.commonPool-worker-2) Metrics reporters closed
2025-09-03 13:54:16,373 INFO  [org.apa.kaf.com.uti.AppInfoParser] (ForkJoinPool.commonPool-worker-2) App info kafka.producer for Producer-s87535f1axf1ccx4473xaf9cx3110e3a05aff unregistered
2025-09-03 13:54:16,373 INFO  [io.api.tes.uti.TestSeparator] (main) io.apicurio.tests.serdes.apicurio.AvroSerdeIT.testArtifactNotFound-FINISHED
2025-09-03 13:54:16,373 INFO  [io.api.tes.uti.TestSeparator] (main) ############################################################################
Test passed: testArtifactNotFound
]]></system-out>
    <system-err><![CDATA[java.lang.RuntimeException: Could not resolve artifact reference by content: {"type":"record","name":"myrecord","namespace":"mygroup","fields":[{"name":"keyB","type":"string"}]}&ArtifactReference [groupId=default, artifactId=s87535f1axf1ccx4473xaf9cx3110e3a05aff-value, version=null, globalId=null, contentId=null, contentHash=null]
	at io.apicurio.registry.resolver.DefaultSchemaResolver.lambda$handleResolveSchemaByContent$3(DefaultSchemaResolver.java:265)
	at io.apicurio.registry.resolver.cache.ERCache.lambda$getValue$0(ERCache.java:174)
	at io.apicurio.registry.resolver.cache.ERCache.retry(ERCache.java:227)
	at io.apicurio.registry.resolver.cache.ERCache.getValue(ERCache.java:173)
	at io.apicurio.registry.resolver.cache.ERCache.getByContent(ERCache.java:147)
	at io.apicurio.registry.resolver.DefaultSchemaResolver.handleResolveSchemaByContent(DefaultSchemaResolver.java:253)
	at io.apicurio.registry.resolver.DefaultSchemaResolver.getSchemaFromRegistry(DefaultSchemaResolver.java:138)
	at io.apicurio.registry.resolver.DefaultSchemaResolver.lambda$resolveSchema$0(DefaultSchemaResolver.java:84)
	at java.base/java.util.Optional.orElseGet(Optional.java:364)
	at io.apicurio.registry.resolver.DefaultSchemaResolver.resolveSchema(DefaultSchemaResolver.java:84)
	at io.apicurio.registry.serde.AbstractSerializer.serializeData(AbstractSerializer.java:62)
	at io.apicurio.registry.serde.KafkaSerializer.serialize(KafkaSerializer.java:77)
	at org.apache.kafka.clients.producer.KafkaProducer.doSend(KafkaProducer.java:1046)
	at org.apache.kafka.clients.producer.KafkaProducer.send(KafkaProducer.java:993)
	at org.apache.kafka.clients.producer.KafkaProducer.send(KafkaProducer.java:875)
	at io.apicurio.tests.serdes.apicurio.KafkaSerdesTester.lambda$produceMessages$3(KafkaSerdesTester.java:138)
	at java.base/java.util.concurrent.CompletableFuture$AsyncSupply.run(CompletableFuture.java:1768)
	at java.base/java.util.concurrent.CompletableFuture$AsyncSupply.exec(CompletableFuture.java:1760)
	at java.base/java.util.concurrent.ForkJoinTask.doExec(ForkJoinTask.java:373)
	at java.base/java.util.concurrent.ForkJoinPool$WorkQueue.topLevelExec(ForkJoinPool.java:1182)
	at java.base/java.util.concurrent.ForkJoinPool.scan(ForkJoinPool.java:1655)
	at java.base/java.util.concurrent.ForkJoinPool.runWorker(ForkJoinPool.java:1622)
	at java.base/java.util.concurrent.ForkJoinWorkerThread.run(ForkJoinWorkerThread.java:165)
]]></system-err>
  </testcase>
  <testcase name="testAvroSerDesFailDifferentSchemaByRecordName" classname="io.apicurio.tests.serdes.apicurio.AvroSerdeIT" time="1.076">
    <system-out><![CDATA[2025-09-03 13:54:16,375 INFO  [io.api.tes.uti.TestSeparator] (main) ############################################################################
2025-09-03 13:54:16,375 INFO  [io.api.tes.uti.TestSeparator] (main) io.apicurio.tests.serdes.apicurio.AvroSerdeIT.testAvroSerDesFailDifferentSchemaByRecordName-STARTED
**** Registry Base URL: http://registry-app-inmemory.apps.ci419.apicurio-testing.org:80
2025-09-03 13:54:17,409 INFO  [org.apa.kaf.cli.pro.ProducerConfig] (main) ProducerConfig values: 
	acks = -1
	auto.include.jmx.reporter = true
	batch.size = 16384
	bootstrap.servers = [PLAINTEXT://localhost:32769]
	buffer.memory = 33554432
	client.dns.lookup = use_all_dns_ips
	client.id = Producer-topic-57c651fe_34e9_4ce7_a258_d5fc66d4e760
	compression.gzip.level = -1
	compression.lz4.level = 9
	compression.type = none
	compression.zstd.level = 3
	connections.max.idle.ms = 10000
	delivery.timeout.ms = 120000
	enable.idempotence = true
	enable.metrics.push = true
	interceptor.classes = []
	key.serializer = class org.apache.kafka.common.serialization.StringSerializer
	linger.ms = 0
	max.block.ms = 60000
	max.in.flight.requests.per.connection = 5
	max.request.size = 1048576
	metadata.max.age.ms = 300000
	metadata.max.idle.ms = 300000
	metadata.recovery.strategy = none
	metric.reporters = []
	metrics.num.samples = 2
	metrics.recording.level = INFO
	metrics.sample.window.ms = 30000
	partitioner.adaptive.partitioning.enable = true
	partitioner.availability.timeout.ms = 0
	partitioner.class = null
	partitioner.ignore.keys = false
	receive.buffer.bytes = 32768
	reconnect.backoff.max.ms = 1000
	reconnect.backoff.ms = 50
	request.timeout.ms = 5000
	retries = 2147483647
	retry.backoff.max.ms = 1000
	retry.backoff.ms = 100
	sasl.client.callback.handler.class = null
	sasl.jaas.config = null
	sasl.kerberos.kinit.cmd = /usr/bin/kinit
	sasl.kerberos.min.time.before.relogin = 60000
	sasl.kerberos.service.name = null
	sasl.kerberos.ticket.renew.jitter = 0.05
	sasl.kerberos.ticket.renew.window.factor = 0.8
	sasl.login.callback.handler.class = null
	sasl.login.class = null
	sasl.login.connect.timeout.ms = null
	sasl.login.read.timeout.ms = null
	sasl.login.refresh.buffer.seconds = 300
	sasl.login.refresh.min.period.seconds = 60
	sasl.login.refresh.window.factor = 0.8
	sasl.login.refresh.window.jitter = 0.05
	sasl.login.retry.backoff.max.ms = 10000
	sasl.login.retry.backoff.ms = 100
	sasl.mechanism = GSSAPI
	sasl.oauthbearer.clock.skew.seconds = 30
	sasl.oauthbearer.expected.audience = null
	sasl.oauthbearer.expected.issuer = null
	sasl.oauthbearer.header.urlencode = false
	sasl.oauthbearer.jwks.endpoint.refresh.ms = 3600000
	sasl.oauthbearer.jwks.endpoint.retry.backoff.max.ms = 10000
	sasl.oauthbearer.jwks.endpoint.retry.backoff.ms = 100
	sasl.oauthbearer.jwks.endpoint.url = null
	sasl.oauthbearer.scope.claim.name = scope
	sasl.oauthbearer.sub.claim.name = sub
	sasl.oauthbearer.token.endpoint.url = null
	security.protocol = PLAINTEXT
	security.providers = null
	send.buffer.bytes = 131072
	socket.connection.setup.timeout.max.ms = 30000
	socket.connection.setup.timeout.ms = 10000
	ssl.cipher.suites = null
	ssl.enabled.protocols = [TLSv1.2, TLSv1.3]
	ssl.endpoint.identification.algorithm = https
	ssl.engine.factory.class = null
	ssl.key.password = null
	ssl.keymanager.algorithm = SunX509
	ssl.keystore.certificate.chain = null
	ssl.keystore.key = null
	ssl.keystore.location = null
	ssl.keystore.password = null
	ssl.keystore.type = JKS
	ssl.protocol = TLSv1.3
	ssl.provider = null
	ssl.secure.random.implementation = null
	ssl.trustmanager.algorithm = PKIX
	ssl.truststore.certificates = null
	ssl.truststore.location = null
	ssl.truststore.password = null
	ssl.truststore.type = JKS
	transaction.timeout.ms = 60000
	transactional.id = null
	value.serializer = class io.apicurio.registry.serde.avro.AvroKafkaSerializer

2025-09-03 13:54:17,409 INFO  [org.apa.kaf.com.tel.int.KafkaMetricsCollector] (main) initializing Kafka metrics collector
2025-09-03 13:54:17,416 INFO  [org.apa.kaf.cli.pro.KafkaProducer] (main) [Producer clientId=Producer-topic-57c651fe_34e9_4ce7_a258_d5fc66d4e760] Instantiated an idempotent producer.
2025-09-03 13:54:17,419 INFO  [org.apa.kaf.cli.pro.ProducerConfig] (main) These configurations '[apicurio.registry.find-latest, apicurio.registry.url, apicurio.registry.artifact-resolver-strategy]' were supplied but are not used yet.
2025-09-03 13:54:17,419 INFO  [org.apa.kaf.com.uti.AppInfoParser] (main) Kafka version: 3.9.1
2025-09-03 13:54:17,419 INFO  [org.apa.kaf.com.uti.AppInfoParser] (main) Kafka commitId: f745dfdcee2b9851
2025-09-03 13:54:17,419 INFO  [org.apa.kaf.com.uti.AppInfoParser] (main) Kafka startTimeMs: 1756907657419
2025-09-03 13:54:17,419 INFO  [io.api.tes.ser.api.KafkaSerdesTester] (ForkJoinPool.commonPool-worker-2) Sending message {"keyB": "value-0"} to topic topic-57c651fe_34e9_4ce7_a258_d5fc66d4e760
2025-09-03 13:54:17,423 INFO  [org.apa.kaf.cli.Metadata] (kafka-producer-network-thread | Producer-topic-57c651fe_34e9_4ce7_a258_d5fc66d4e760) [Producer clientId=Producer-topic-57c651fe_34e9_4ce7_a258_d5fc66d4e760] Cluster ID: zfwsSXvVT6qhU8UlUF5FTQ
2025-09-03 13:54:17,423 INFO  [org.apa.kaf.cli.pro.int.TransactionManager] (kafka-producer-network-thread | Producer-topic-57c651fe_34e9_4ce7_a258_d5fc66d4e760) [Producer clientId=Producer-topic-57c651fe_34e9_4ce7_a258_d5fc66d4e760] ProducerId set to 8 with epoch 0
2025-09-03 13:54:17,447 INFO  [org.apa.kaf.cli.pro.KafkaProducer] (ForkJoinPool.commonPool-worker-2) [Producer clientId=Producer-topic-57c651fe_34e9_4ce7_a258_d5fc66d4e760] Closing the Kafka producer with timeoutMillis = 9223372036854775807 ms.
2025-09-03 13:54:17,449 INFO  [org.apa.kaf.com.met.Metrics] (ForkJoinPool.commonPool-worker-2) Metrics scheduler closed
2025-09-03 13:54:17,449 INFO  [org.apa.kaf.com.met.Metrics] (ForkJoinPool.commonPool-worker-2) Closing reporter org.apache.kafka.common.metrics.JmxReporter
2025-09-03 13:54:17,449 INFO  [org.apa.kaf.com.met.Metrics] (ForkJoinPool.commonPool-worker-2) Closing reporter org.apache.kafka.common.telemetry.internals.ClientTelemetryReporter
2025-09-03 13:54:17,449 INFO  [org.apa.kaf.com.met.Metrics] (ForkJoinPool.commonPool-worker-2) Metrics reporters closed
2025-09-03 13:54:17,449 INFO  [org.apa.kaf.com.uti.AppInfoParser] (ForkJoinPool.commonPool-worker-2) App info kafka.producer for Producer-topic-57c651fe_34e9_4ce7_a258_d5fc66d4e760 unregistered
2025-09-03 13:54:17,450 INFO  [io.api.tes.uti.TestSeparator] (main) io.apicurio.tests.serdes.apicurio.AvroSerdeIT.testAvroSerDesFailDifferentSchemaByRecordName-FINISHED
2025-09-03 13:54:17,450 INFO  [io.api.tes.uti.TestSeparator] (main) ############################################################################
Test passed: testAvroSerDesFailDifferentSchemaByRecordName
]]></system-out>
    <system-err><![CDATA[io.apicurio.registry.rest.client.models.ProblemDetails
	at io.apicurio.registry.rest.client.models.ProblemDetails.createFromDiscriminatorValue(ProblemDetails.java:58)
	at io.kiota.serialization.json.JsonParseNode.getObjectValue(JsonParseNode.java:247)
	at io.kiota.http.vertx.VertXRequestAdapter.lambda$throwIfFailedResponse$0(VertXRequestAdapter.java:400)
	at com.microsoft.kiota.ApiExceptionBuilder.<init>(ApiExceptionBuilder.java:26)
	at io.kiota.http.vertx.VertXRequestAdapter.throwIfFailedResponse(VertXRequestAdapter.java:399)
	at io.kiota.http.vertx.VertXRequestAdapter.send(VertXRequestAdapter.java:170)
	at jdk.internal.reflect.GeneratedMethodAccessor33.invoke(Unknown Source)
	at java.base/jdk.internal.reflect.DelegatingMethodAccessorImpl.invoke(DelegatingMethodAccessorImpl.java:43)
	at java.base/java.lang.reflect.Method.invoke(Method.java:569)
	at io.apicurio.registry.client.RegistryClientFactory$RetryInvocationHandler.invoke(RegistryClientFactory.java:146)
	at jdk.proxy2/jdk.proxy2.$Proxy65.send(Unknown Source)
	at io.apicurio.registry.rest.client.groups.item.artifacts.item.versions.item.WithVersionExpressionItemRequestBuilder.get(WithVersionExpressionItemRequestBuilder.java:128)
	at io.apicurio.registry.rest.client.groups.item.artifacts.item.versions.item.WithVersionExpressionItemRequestBuilder.get(WithVersionExpressionItemRequestBuilder.java:111)
	at io.apicurio.registry.resolver.client.RegistryClientFacadeImpl.getVersionCoordinatesByGAV(RegistryClientFacadeImpl.java:159)
	at io.apicurio.registry.resolver.DefaultSchemaResolver.resolveByCoordinates(DefaultSchemaResolver.java:352)
	at io.apicurio.registry.resolver.DefaultSchemaResolver.lambda$resolveSchemaByArtifactReferenceCached$6(DefaultSchemaResolver.java:340)
	at io.apicurio.registry.resolver.cache.ERCache.lambda$getValue$0(ERCache.java:174)
	at io.apicurio.registry.resolver.cache.ERCache.retry(ERCache.java:227)
	at io.apicurio.registry.resolver.cache.ERCache.getValue(ERCache.java:173)
	at io.apicurio.registry.resolver.cache.ERCache.getByArtifactCoordinates(ERCache.java:158)
	at io.apicurio.registry.resolver.DefaultSchemaResolver.resolveSchemaByArtifactReferenceCached(DefaultSchemaResolver.java:338)
	at io.apicurio.registry.resolver.DefaultSchemaResolver.resolveSchemaByCoordinates(DefaultSchemaResolver.java:193)
	at io.apicurio.registry.resolver.DefaultSchemaResolver.getSchemaFromRegistry(DefaultSchemaResolver.java:130)
	at io.apicurio.registry.resolver.DefaultSchemaResolver.lambda$resolveSchema$0(DefaultSchemaResolver.java:84)
	at java.base/java.util.Optional.orElseGet(Optional.java:364)
	at io.apicurio.registry.resolver.DefaultSchemaResolver.resolveSchema(DefaultSchemaResolver.java:84)
	at io.apicurio.registry.serde.AbstractSerializer.serializeData(AbstractSerializer.java:62)
	at io.apicurio.registry.serde.KafkaSerializer.serialize(KafkaSerializer.java:77)
	at org.apache.kafka.clients.producer.KafkaProducer.doSend(KafkaProducer.java:1046)
	at org.apache.kafka.clients.producer.KafkaProducer.send(KafkaProducer.java:993)
	at org.apache.kafka.clients.producer.KafkaProducer.send(KafkaProducer.java:875)
	at io.apicurio.tests.serdes.apicurio.KafkaSerdesTester.lambda$produceMessages$3(KafkaSerdesTester.java:138)
	at java.base/java.util.concurrent.CompletableFuture$AsyncSupply.run(CompletableFuture.java:1768)
	at java.base/java.util.concurrent.CompletableFuture$AsyncSupply.exec(CompletableFuture.java:1760)
	at java.base/java.util.concurrent.ForkJoinTask.doExec(ForkJoinTask.java:373)
	at java.base/java.util.concurrent.ForkJoinPool$WorkQueue.topLevelExec(ForkJoinPool.java:1182)
	at java.base/java.util.concurrent.ForkJoinPool.scan(ForkJoinPool.java:1655)
	at java.base/java.util.concurrent.ForkJoinPool.runWorker(ForkJoinPool.java:1622)
	at java.base/java.util.concurrent.ForkJoinWorkerThread.run(ForkJoinWorkerThread.java:165)
]]></system-err>
  </testcase>
  <testcase name="testTopicIdStrategyFindLatest" classname="io.apicurio.tests.serdes.apicurio.AvroSerdeIT" time="4.68">
    <system-out><![CDATA[2025-09-03 13:54:17,451 INFO  [io.api.tes.uti.TestSeparator] (main) ############################################################################
2025-09-03 13:54:17,451 INFO  [io.api.tes.uti.TestSeparator] (main) io.apicurio.tests.serdes.apicurio.AvroSerdeIT.testTopicIdStrategyFindLatest-STARTED
2025-09-03 13:54:17,454 INFO  [io.api.tes.ser.api.AvroSerdeIT] (main) Registering Avro Schema: {"type":"record","name":"myrecordapicurio1","fields":[{"name":"key11756907657452","type":"string"}]}
**** Registry Base URL: http://registry-app-inmemory.apps.ci419.apicurio-testing.org:80
2025-09-03 13:54:18,488 INFO  [org.apa.kaf.cli.pro.ProducerConfig] (main) ProducerConfig values: 
	acks = -1
	auto.include.jmx.reporter = true
	batch.size = 16384
	bootstrap.servers = [PLAINTEXT://localhost:32769]
	buffer.memory = 33554432
	client.dns.lookup = use_all_dns_ips
	client.id = Producer-topic-e0b48426_df0b_4726_b8d8_bd2363c1d8b3
	compression.gzip.level = -1
	compression.lz4.level = 9
	compression.type = none
	compression.zstd.level = 3
	connections.max.idle.ms = 10000
	delivery.timeout.ms = 120000
	enable.idempotence = true
	enable.metrics.push = true
	interceptor.classes = []
	key.serializer = class org.apache.kafka.common.serialization.StringSerializer
	linger.ms = 0
	max.block.ms = 60000
	max.in.flight.requests.per.connection = 5
	max.request.size = 1048576
	metadata.max.age.ms = 300000
	metadata.max.idle.ms = 300000
	metadata.recovery.strategy = none
	metric.reporters = []
	metrics.num.samples = 2
	metrics.recording.level = INFO
	metrics.sample.window.ms = 30000
	partitioner.adaptive.partitioning.enable = true
	partitioner.availability.timeout.ms = 0
	partitioner.class = null
	partitioner.ignore.keys = false
	receive.buffer.bytes = 32768
	reconnect.backoff.max.ms = 1000
	reconnect.backoff.ms = 50
	request.timeout.ms = 5000
	retries = 2147483647
	retry.backoff.max.ms = 1000
	retry.backoff.ms = 100
	sasl.client.callback.handler.class = null
	sasl.jaas.config = null
	sasl.kerberos.kinit.cmd = /usr/bin/kinit
	sasl.kerberos.min.time.before.relogin = 60000
	sasl.kerberos.service.name = null
	sasl.kerberos.ticket.renew.jitter = 0.05
	sasl.kerberos.ticket.renew.window.factor = 0.8
	sasl.login.callback.handler.class = null
	sasl.login.class = null
	sasl.login.connect.timeout.ms = null
	sasl.login.read.timeout.ms = null
	sasl.login.refresh.buffer.seconds = 300
	sasl.login.refresh.min.period.seconds = 60
	sasl.login.refresh.window.factor = 0.8
	sasl.login.refresh.window.jitter = 0.05
	sasl.login.retry.backoff.max.ms = 10000
	sasl.login.retry.backoff.ms = 100
	sasl.mechanism = GSSAPI
	sasl.oauthbearer.clock.skew.seconds = 30
	sasl.oauthbearer.expected.audience = null
	sasl.oauthbearer.expected.issuer = null
	sasl.oauthbearer.header.urlencode = false
	sasl.oauthbearer.jwks.endpoint.refresh.ms = 3600000
	sasl.oauthbearer.jwks.endpoint.retry.backoff.max.ms = 10000
	sasl.oauthbearer.jwks.endpoint.retry.backoff.ms = 100
	sasl.oauthbearer.jwks.endpoint.url = null
	sasl.oauthbearer.scope.claim.name = scope
	sasl.oauthbearer.sub.claim.name = sub
	sasl.oauthbearer.token.endpoint.url = null
	security.protocol = PLAINTEXT
	security.providers = null
	send.buffer.bytes = 131072
	socket.connection.setup.timeout.max.ms = 30000
	socket.connection.setup.timeout.ms = 10000
	ssl.cipher.suites = null
	ssl.enabled.protocols = [TLSv1.2, TLSv1.3]
	ssl.endpoint.identification.algorithm = https
	ssl.engine.factory.class = null
	ssl.key.password = null
	ssl.keymanager.algorithm = SunX509
	ssl.keystore.certificate.chain = null
	ssl.keystore.key = null
	ssl.keystore.location = null
	ssl.keystore.password = null
	ssl.keystore.type = JKS
	ssl.protocol = TLSv1.3
	ssl.provider = null
	ssl.secure.random.implementation = null
	ssl.trustmanager.algorithm = PKIX
	ssl.truststore.certificates = null
	ssl.truststore.location = null
	ssl.truststore.password = null
	ssl.truststore.type = JKS
	transaction.timeout.ms = 60000
	transactional.id = null
	value.serializer = class io.apicurio.registry.serde.avro.AvroKafkaSerializer

2025-09-03 13:54:18,488 INFO  [org.apa.kaf.com.tel.int.KafkaMetricsCollector] (main) initializing Kafka metrics collector
2025-09-03 13:54:18,491 INFO  [org.apa.kaf.cli.pro.KafkaProducer] (main) [Producer clientId=Producer-topic-e0b48426_df0b_4726_b8d8_bd2363c1d8b3] Instantiated an idempotent producer.
2025-09-03 13:54:18,493 INFO  [org.apa.kaf.cli.pro.ProducerConfig] (main) These configurations '[apicurio.registry.find-latest, apicurio.registry.url, apicurio.registry.artifact-resolver-strategy]' were supplied but are not used yet.
2025-09-03 13:54:18,493 INFO  [org.apa.kaf.com.uti.AppInfoParser] (main) Kafka version: 3.9.1
2025-09-03 13:54:18,493 INFO  [org.apa.kaf.com.uti.AppInfoParser] (main) Kafka commitId: f745dfdcee2b9851
2025-09-03 13:54:18,493 INFO  [org.apa.kaf.com.uti.AppInfoParser] (main) Kafka startTimeMs: 1756907658493
2025-09-03 13:54:18,493 INFO  [io.api.tes.ser.api.SimpleSerdesTesterBuilder$SimpleSerdesTester] (main) Using producer configuration: {apicurio.registry.find-latest=true, apicurio.registry.url=http://registry-app-inmemory.apps.ci419.apicurio-testing.org:80/apis/registry/v3, apicurio.registry.artifact-resolver-strategy=io.apicurio.registry.serde.strategy.TopicIdStrategy, value.serializer=io.apicurio.registry.serde.avro.AvroKafkaSerializer, request.timeout.ms=5000, acks=all, bootstrap.servers=PLAINTEXT://localhost:32769, connections.max.idle.ms=10000, key.serializer=org.apache.kafka.common.serialization.StringSerializer, client.id=Producer-topic-e0b48426_df0b_4726_b8d8_bd2363c1d8b3}
2025-09-03 13:54:18,493 INFO  [io.api.tes.ser.api.SimpleSerdesTesterBuilder$SimpleSerdesTester] (main) Using consumer configuration: {}
2025-09-03 13:54:18,493 INFO  [io.api.tes.ser.api.KafkaSerdesTester] (ForkJoinPool.commonPool-worker-2) Sending message {"key11756907657452": "value-0"} to topic topic-e0b48426_df0b_4726_b8d8_bd2363c1d8b3
2025-09-03 13:54:18,496 INFO  [org.apa.kaf.cli.Metadata] (kafka-producer-network-thread | Producer-topic-e0b48426_df0b_4726_b8d8_bd2363c1d8b3) [Producer clientId=Producer-topic-e0b48426_df0b_4726_b8d8_bd2363c1d8b3] Cluster ID: zfwsSXvVT6qhU8UlUF5FTQ
2025-09-03 13:54:18,496 INFO  [org.apa.kaf.cli.pro.int.TransactionManager] (kafka-producer-network-thread | Producer-topic-e0b48426_df0b_4726_b8d8_bd2363c1d8b3) [Producer clientId=Producer-topic-e0b48426_df0b_4726_b8d8_bd2363c1d8b3] ProducerId set to 9 with epoch 0
2025-09-03 13:54:18,547 INFO  [io.api.tes.ser.api.KafkaSerdesTester] (ForkJoinPool.commonPool-worker-2) Sending message {"key11756907657452": "value-1"} to topic topic-e0b48426_df0b_4726_b8d8_bd2363c1d8b3
2025-09-03 13:54:18,549 INFO  [io.api.tes.ser.api.KafkaSerdesTester] (ForkJoinPool.commonPool-worker-2) Sending message {"key11756907657452": "value-2"} to topic topic-e0b48426_df0b_4726_b8d8_bd2363c1d8b3
2025-09-03 13:54:18,550 INFO  [io.api.tes.ser.api.KafkaSerdesTester] (ForkJoinPool.commonPool-worker-2) Sending message {"key11756907657452": "value-3"} to topic topic-e0b48426_df0b_4726_b8d8_bd2363c1d8b3
2025-09-03 13:54:18,552 INFO  [io.api.tes.ser.api.KafkaSerdesTester] (ForkJoinPool.commonPool-worker-2) Sending message {"key11756907657452": "value-4"} to topic topic-e0b48426_df0b_4726_b8d8_bd2363c1d8b3
2025-09-03 13:54:18,553 INFO  [io.api.tes.ser.api.KafkaSerdesTester] (ForkJoinPool.commonPool-worker-2) Sending message {"key11756907657452": "value-5"} to topic topic-e0b48426_df0b_4726_b8d8_bd2363c1d8b3
2025-09-03 13:54:18,555 INFO  [io.api.tes.ser.api.KafkaSerdesTester] (ForkJoinPool.commonPool-worker-2) Sending message {"key11756907657452": "value-6"} to topic topic-e0b48426_df0b_4726_b8d8_bd2363c1d8b3
2025-09-03 13:54:18,556 INFO  [io.api.tes.ser.api.KafkaSerdesTester] (ForkJoinPool.commonPool-worker-2) Sending message {"key11756907657452": "value-7"} to topic topic-e0b48426_df0b_4726_b8d8_bd2363c1d8b3
2025-09-03 13:54:18,557 INFO  [io.api.tes.ser.api.KafkaSerdesTester] (ForkJoinPool.commonPool-worker-2) Sending message {"key11756907657452": "value-8"} to topic topic-e0b48426_df0b_4726_b8d8_bd2363c1d8b3
2025-09-03 13:54:18,559 INFO  [io.api.tes.ser.api.KafkaSerdesTester] (ForkJoinPool.commonPool-worker-2) Sending message {"key11756907657452": "value-9"} to topic topic-e0b48426_df0b_4726_b8d8_bd2363c1d8b3
2025-09-03 13:54:18,560 INFO  [io.api.tes.ser.api.KafkaSerdesTester] (ForkJoinPool.commonPool-worker-2) Produced 10 messages
2025-09-03 13:54:18,560 INFO  [org.apa.kaf.cli.pro.KafkaProducer] (ForkJoinPool.commonPool-worker-2) [Producer clientId=Producer-topic-e0b48426_df0b_4726_b8d8_bd2363c1d8b3] Closing the Kafka producer with timeoutMillis = 9223372036854775807 ms.
2025-09-03 13:54:18,562 INFO  [org.apa.kaf.com.met.Metrics] (ForkJoinPool.commonPool-worker-2) Metrics scheduler closed
2025-09-03 13:54:18,562 INFO  [org.apa.kaf.com.met.Metrics] (ForkJoinPool.commonPool-worker-2) Closing reporter org.apache.kafka.common.metrics.JmxReporter
2025-09-03 13:54:18,562 INFO  [org.apa.kaf.com.met.Metrics] (ForkJoinPool.commonPool-worker-2) Closing reporter org.apache.kafka.common.telemetry.internals.ClientTelemetryReporter
2025-09-03 13:54:18,562 INFO  [org.apa.kaf.com.met.Metrics] (ForkJoinPool.commonPool-worker-2) Metrics reporters closed
2025-09-03 13:54:18,562 INFO  [org.apa.kaf.com.uti.AppInfoParser] (ForkJoinPool.commonPool-worker-2) App info kafka.producer for Producer-topic-e0b48426_df0b_4726_b8d8_bd2363c1d8b3 unregistered
**** Registry Base URL: http://registry-app-inmemory.apps.ci419.apicurio-testing.org:80
2025-09-03 13:54:18,563 INFO  [org.apa.kaf.cli.con.ConsumerConfig] (main) ConsumerConfig values: 
	allow.auto.create.topics = true
	auto.commit.interval.ms = 500
	auto.include.jmx.reporter = true
	auto.offset.reset = earliest
	bootstrap.servers = [PLAINTEXT://localhost:32769]
	check.crcs = true
	client.dns.lookup = use_all_dns_ips
	client.id = consumer-Consumer-topic-e0b48426_df0b_4726_b8d8_bd2363c1d8b3-7
	client.rack = 
	connections.max.idle.ms = 10000
	default.api.timeout.ms = 60000
	enable.auto.commit = true
	enable.metrics.push = true
	exclude.internal.topics = true
	fetch.max.bytes = 52428800
	fetch.max.wait.ms = 500
	fetch.min.bytes = 1
	group.id = Consumer-topic-e0b48426_df0b_4726_b8d8_bd2363c1d8b3
	group.instance.id = null
	group.protocol = classic
	group.remote.assignor = null
	heartbeat.interval.ms = 3000
	interceptor.classes = []
	internal.leave.group.on.close = true
	internal.throw.on.fetch.stable.offset.unsupported = false
	isolation.level = read_uncommitted
	key.deserializer = class org.apache.kafka.common.serialization.StringDeserializer
	max.partition.fetch.bytes = 1048576
	max.poll.interval.ms = 300000
	max.poll.records = 500
	metadata.max.age.ms = 300000
	metadata.recovery.strategy = none
	metric.reporters = []
	metrics.num.samples = 2
	metrics.recording.level = INFO
	metrics.sample.window.ms = 30000
	partition.assignment.strategy = [class org.apache.kafka.clients.consumer.RangeAssignor, class org.apache.kafka.clients.consumer.CooperativeStickyAssignor]
	receive.buffer.bytes = 65536
	reconnect.backoff.max.ms = 1000
	reconnect.backoff.ms = 50
	request.timeout.ms = 5000
	retry.backoff.max.ms = 1000
	retry.backoff.ms = 100
	sasl.client.callback.handler.class = null
	sasl.jaas.config = null
	sasl.kerberos.kinit.cmd = /usr/bin/kinit
	sasl.kerberos.min.time.before.relogin = 60000
	sasl.kerberos.service.name = null
	sasl.kerberos.ticket.renew.jitter = 0.05
	sasl.kerberos.ticket.renew.window.factor = 0.8
	sasl.login.callback.handler.class = null
	sasl.login.class = null
	sasl.login.connect.timeout.ms = null
	sasl.login.read.timeout.ms = null
	sasl.login.refresh.buffer.seconds = 300
	sasl.login.refresh.min.period.seconds = 60
	sasl.login.refresh.window.factor = 0.8
	sasl.login.refresh.window.jitter = 0.05
	sasl.login.retry.backoff.max.ms = 10000
	sasl.login.retry.backoff.ms = 100
	sasl.mechanism = GSSAPI
	sasl.oauthbearer.clock.skew.seconds = 30
	sasl.oauthbearer.expected.audience = null
	sasl.oauthbearer.expected.issuer = null
	sasl.oauthbearer.header.urlencode = false
	sasl.oauthbearer.jwks.endpoint.refresh.ms = 3600000
	sasl.oauthbearer.jwks.endpoint.retry.backoff.max.ms = 10000
	sasl.oauthbearer.jwks.endpoint.retry.backoff.ms = 100
	sasl.oauthbearer.jwks.endpoint.url = null
	sasl.oauthbearer.scope.claim.name = scope
	sasl.oauthbearer.sub.claim.name = sub
	sasl.oauthbearer.token.endpoint.url = null
	security.protocol = PLAINTEXT
	security.providers = null
	send.buffer.bytes = 131072
	session.timeout.ms = 45000
	socket.connection.setup.timeout.max.ms = 30000
	socket.connection.setup.timeout.ms = 10000
	ssl.cipher.suites = null
	ssl.enabled.protocols = [TLSv1.2, TLSv1.3]
	ssl.endpoint.identification.algorithm = https
	ssl.engine.factory.class = null
	ssl.key.password = null
	ssl.keymanager.algorithm = SunX509
	ssl.keystore.certificate.chain = null
	ssl.keystore.key = null
	ssl.keystore.location = null
	ssl.keystore.password = null
	ssl.keystore.type = JKS
	ssl.protocol = TLSv1.3
	ssl.provider = null
	ssl.secure.random.implementation = null
	ssl.trustmanager.algorithm = PKIX
	ssl.truststore.certificates = null
	ssl.truststore.location = null
	ssl.truststore.password = null
	ssl.truststore.type = JKS
	value.deserializer = class io.apicurio.registry.serde.avro.AvroKafkaDeserializer

2025-09-03 13:54:18,563 INFO  [org.apa.kaf.com.tel.int.KafkaMetricsCollector] (main) initializing Kafka metrics collector
2025-09-03 13:54:18,568 INFO  [org.apa.kaf.cli.con.ConsumerConfig] (main) These configurations '[apicurio.registry.url]' were supplied but are not used yet.
2025-09-03 13:54:18,568 INFO  [org.apa.kaf.com.uti.AppInfoParser] (main) Kafka version: 3.9.1
2025-09-03 13:54:18,568 INFO  [org.apa.kaf.com.uti.AppInfoParser] (main) Kafka commitId: f745dfdcee2b9851
2025-09-03 13:54:18,568 INFO  [org.apa.kaf.com.uti.AppInfoParser] (main) Kafka startTimeMs: 1756907658568
2025-09-03 13:54:18,568 INFO  [org.apa.kaf.cli.con.int.ClassicKafkaConsumer] (ForkJoinPool.commonPool-worker-2) [Consumer clientId=consumer-Consumer-topic-e0b48426_df0b_4726_b8d8_bd2363c1d8b3-7, groupId=Consumer-topic-e0b48426_df0b_4726_b8d8_bd2363c1d8b3] Subscribed to topic(s): topic-e0b48426_df0b_4726_b8d8_bd2363c1d8b3
2025-09-03 13:54:18,571 INFO  [org.apa.kaf.cli.Metadata] (ForkJoinPool.commonPool-worker-2) [Consumer clientId=consumer-Consumer-topic-e0b48426_df0b_4726_b8d8_bd2363c1d8b3-7, groupId=Consumer-topic-e0b48426_df0b_4726_b8d8_bd2363c1d8b3] Cluster ID: zfwsSXvVT6qhU8UlUF5FTQ
2025-09-03 13:54:18,572 INFO  [org.apa.kaf.cli.con.int.ConsumerCoordinator] (ForkJoinPool.commonPool-worker-2) [Consumer clientId=consumer-Consumer-topic-e0b48426_df0b_4726_b8d8_bd2363c1d8b3-7, groupId=Consumer-topic-e0b48426_df0b_4726_b8d8_bd2363c1d8b3] Discovered group coordinator localhost:32769 (id: 2147483647 rack: null)
2025-09-03 13:54:18,573 INFO  [org.apa.kaf.cli.con.int.ConsumerCoordinator] (ForkJoinPool.commonPool-worker-2) [Consumer clientId=consumer-Consumer-topic-e0b48426_df0b_4726_b8d8_bd2363c1d8b3-7, groupId=Consumer-topic-e0b48426_df0b_4726_b8d8_bd2363c1d8b3] (Re-)joining group
2025-09-03 13:54:18,576 INFO  [org.apa.kaf.cli.con.int.ConsumerCoordinator] (ForkJoinPool.commonPool-worker-2) [Consumer clientId=consumer-Consumer-topic-e0b48426_df0b_4726_b8d8_bd2363c1d8b3-7, groupId=Consumer-topic-e0b48426_df0b_4726_b8d8_bd2363c1d8b3] Request joining group due to: need to re-join with the given member-id: consumer-Consumer-topic-e0b48426_df0b_4726_b8d8_bd2363c1d8b3-7-29ecfe55-8960-48f0-b799-e74cd7a0d34a
2025-09-03 13:54:18,576 INFO  [org.apa.kaf.cli.con.int.ConsumerCoordinator] (ForkJoinPool.commonPool-worker-2) [Consumer clientId=consumer-Consumer-topic-e0b48426_df0b_4726_b8d8_bd2363c1d8b3-7, groupId=Consumer-topic-e0b48426_df0b_4726_b8d8_bd2363c1d8b3] (Re-)joining group
2025-09-03 13:54:19,568 INFO  [io.api.tes.ser.api.KafkaSerdesTester] (ForkJoinPool.commonPool-worker-2) None found
2025-09-03 13:54:20,568 INFO  [io.api.tes.ser.api.KafkaSerdesTester] (ForkJoinPool.commonPool-worker-2) None found
2025-09-03 13:54:21,568 INFO  [io.api.tes.ser.api.KafkaSerdesTester] (ForkJoinPool.commonPool-worker-2) None found
2025-09-03 13:54:21,578 INFO  [org.apa.kaf.cli.con.int.ConsumerCoordinator] (ForkJoinPool.commonPool-worker-2) [Consumer clientId=consumer-Consumer-topic-e0b48426_df0b_4726_b8d8_bd2363c1d8b3-7, groupId=Consumer-topic-e0b48426_df0b_4726_b8d8_bd2363c1d8b3] Successfully joined group with generation Generation{generationId=1, memberId='consumer-Consumer-topic-e0b48426_df0b_4726_b8d8_bd2363c1d8b3-7-29ecfe55-8960-48f0-b799-e74cd7a0d34a', protocol='range'}
2025-09-03 13:54:21,578 INFO  [org.apa.kaf.cli.con.int.ConsumerCoordinator] (ForkJoinPool.commonPool-worker-2) [Consumer clientId=consumer-Consumer-topic-e0b48426_df0b_4726_b8d8_bd2363c1d8b3-7, groupId=Consumer-topic-e0b48426_df0b_4726_b8d8_bd2363c1d8b3] Finished assignment for group at generation 1: {consumer-Consumer-topic-e0b48426_df0b_4726_b8d8_bd2363c1d8b3-7-29ecfe55-8960-48f0-b799-e74cd7a0d34a=Assignment(partitions=[topic-e0b48426_df0b_4726_b8d8_bd2363c1d8b3-0])}
2025-09-03 13:54:21,586 INFO  [org.apa.kaf.cli.con.int.ConsumerCoordinator] (ForkJoinPool.commonPool-worker-2) [Consumer clientId=consumer-Consumer-topic-e0b48426_df0b_4726_b8d8_bd2363c1d8b3-7, groupId=Consumer-topic-e0b48426_df0b_4726_b8d8_bd2363c1d8b3] Successfully synced group in generation Generation{generationId=1, memberId='consumer-Consumer-topic-e0b48426_df0b_4726_b8d8_bd2363c1d8b3-7-29ecfe55-8960-48f0-b799-e74cd7a0d34a', protocol='range'}
2025-09-03 13:54:21,586 INFO  [org.apa.kaf.cli.con.int.ConsumerCoordinator] (ForkJoinPool.commonPool-worker-2) [Consumer clientId=consumer-Consumer-topic-e0b48426_df0b_4726_b8d8_bd2363c1d8b3-7, groupId=Consumer-topic-e0b48426_df0b_4726_b8d8_bd2363c1d8b3] Notifying assignor about the new Assignment(partitions=[topic-e0b48426_df0b_4726_b8d8_bd2363c1d8b3-0])
2025-09-03 13:54:21,586 INFO  [org.apa.kaf.cli.con.int.ConsumerRebalanceListenerInvoker] (ForkJoinPool.commonPool-worker-2) [Consumer clientId=consumer-Consumer-topic-e0b48426_df0b_4726_b8d8_bd2363c1d8b3-7, groupId=Consumer-topic-e0b48426_df0b_4726_b8d8_bd2363c1d8b3] Adding newly assigned partitions: topic-e0b48426_df0b_4726_b8d8_bd2363c1d8b3-0
2025-09-03 13:54:21,587 INFO  [org.apa.kaf.cli.con.int.ConsumerCoordinator] (ForkJoinPool.commonPool-worker-2) [Consumer clientId=consumer-Consumer-topic-e0b48426_df0b_4726_b8d8_bd2363c1d8b3-7, groupId=Consumer-topic-e0b48426_df0b_4726_b8d8_bd2363c1d8b3] Found no committed offset for partition topic-e0b48426_df0b_4726_b8d8_bd2363c1d8b3-0
2025-09-03 13:54:21,590 INFO  [org.apa.kaf.cli.con.int.SubscriptionState] (ForkJoinPool.commonPool-worker-2) [Consumer clientId=consumer-Consumer-topic-e0b48426_df0b_4726_b8d8_bd2363c1d8b3-7, groupId=Consumer-topic-e0b48426_df0b_4726_b8d8_bd2363c1d8b3] Resetting offset for partition topic-e0b48426_df0b_4726_b8d8_bd2363c1d8b3-0 to position FetchPosition{offset=0, offsetEpoch=Optional.empty, currentLeader=LeaderAndEpoch{leader=Optional[localhost:32769 (id: 0 rack: null)], epoch=0}}.
2025-09-03 13:54:21,627 INFO  [io.api.tes.ser.api.KafkaSerdesTester] (ForkJoinPool.commonPool-worker-2) topic-e0b48426_df0b_4726_b8d8_bd2363c1d8b3 0 0 {"key11756907657452": "value-0"}
2025-09-03 13:54:21,627 INFO  [io.api.tes.ser.api.KafkaSerdesTester] (ForkJoinPool.commonPool-worker-2) topic-e0b48426_df0b_4726_b8d8_bd2363c1d8b3 0 1 {"key11756907657452": "value-1"}
2025-09-03 13:54:21,627 INFO  [io.api.tes.ser.api.KafkaSerdesTester] (ForkJoinPool.commonPool-worker-2) topic-e0b48426_df0b_4726_b8d8_bd2363c1d8b3 0 2 {"key11756907657452": "value-2"}
2025-09-03 13:54:21,627 INFO  [io.api.tes.ser.api.KafkaSerdesTester] (ForkJoinPool.commonPool-worker-2) topic-e0b48426_df0b_4726_b8d8_bd2363c1d8b3 0 3 {"key11756907657452": "value-3"}
2025-09-03 13:54:21,627 INFO  [io.api.tes.ser.api.KafkaSerdesTester] (ForkJoinPool.commonPool-worker-2) topic-e0b48426_df0b_4726_b8d8_bd2363c1d8b3 0 4 {"key11756907657452": "value-4"}
2025-09-03 13:54:21,627 INFO  [io.api.tes.ser.api.KafkaSerdesTester] (ForkJoinPool.commonPool-worker-2) topic-e0b48426_df0b_4726_b8d8_bd2363c1d8b3 0 5 {"key11756907657452": "value-5"}
2025-09-03 13:54:21,627 INFO  [io.api.tes.ser.api.KafkaSerdesTester] (ForkJoinPool.commonPool-worker-2) topic-e0b48426_df0b_4726_b8d8_bd2363c1d8b3 0 6 {"key11756907657452": "value-6"}
2025-09-03 13:54:21,627 INFO  [io.api.tes.ser.api.KafkaSerdesTester] (ForkJoinPool.commonPool-worker-2) topic-e0b48426_df0b_4726_b8d8_bd2363c1d8b3 0 7 {"key11756907657452": "value-7"}
2025-09-03 13:54:21,627 INFO  [io.api.tes.ser.api.KafkaSerdesTester] (ForkJoinPool.commonPool-worker-2) topic-e0b48426_df0b_4726_b8d8_bd2363c1d8b3 0 8 {"key11756907657452": "value-8"}
2025-09-03 13:54:21,627 INFO  [io.api.tes.ser.api.KafkaSerdesTester] (ForkJoinPool.commonPool-worker-2) topic-e0b48426_df0b_4726_b8d8_bd2363c1d8b3 0 9 {"key11756907657452": "value-9"}
2025-09-03 13:54:21,627 INFO  [io.api.tes.ser.api.KafkaSerdesTester] (ForkJoinPool.commonPool-worker-2) Consumed 10 messages
2025-09-03 13:54:21,634 INFO  [org.apa.kaf.cli.con.int.ConsumerRebalanceListenerInvoker] (ForkJoinPool.commonPool-worker-2) [Consumer clientId=consumer-Consumer-topic-e0b48426_df0b_4726_b8d8_bd2363c1d8b3-7, groupId=Consumer-topic-e0b48426_df0b_4726_b8d8_bd2363c1d8b3] Revoke previously assigned partitions topic-e0b48426_df0b_4726_b8d8_bd2363c1d8b3-0
2025-09-03 13:54:21,634 INFO  [org.apa.kaf.cli.con.int.ConsumerCoordinator] (ForkJoinPool.commonPool-worker-2) [Consumer clientId=consumer-Consumer-topic-e0b48426_df0b_4726_b8d8_bd2363c1d8b3-7, groupId=Consumer-topic-e0b48426_df0b_4726_b8d8_bd2363c1d8b3] Member consumer-Consumer-topic-e0b48426_df0b_4726_b8d8_bd2363c1d8b3-7-29ecfe55-8960-48f0-b799-e74cd7a0d34a sending LeaveGroup request to coordinator localhost:32769 (id: 2147483647 rack: null) due to the consumer is being closed
2025-09-03 13:54:21,634 INFO  [org.apa.kaf.cli.con.int.ConsumerCoordinator] (ForkJoinPool.commonPool-worker-2) [Consumer clientId=consumer-Consumer-topic-e0b48426_df0b_4726_b8d8_bd2363c1d8b3-7, groupId=Consumer-topic-e0b48426_df0b_4726_b8d8_bd2363c1d8b3] Resetting generation and member id due to: consumer pro-actively leaving the group
2025-09-03 13:54:21,634 INFO  [org.apa.kaf.cli.con.int.ConsumerCoordinator] (ForkJoinPool.commonPool-worker-2) [Consumer clientId=consumer-Consumer-topic-e0b48426_df0b_4726_b8d8_bd2363c1d8b3-7, groupId=Consumer-topic-e0b48426_df0b_4726_b8d8_bd2363c1d8b3] Request joining group due to: consumer pro-actively leaving the group
2025-09-03 13:54:22,129 INFO  [org.apa.kaf.com.met.Metrics] (ForkJoinPool.commonPool-worker-2) Metrics scheduler closed
2025-09-03 13:54:22,129 INFO  [org.apa.kaf.com.met.Metrics] (ForkJoinPool.commonPool-worker-2) Closing reporter org.apache.kafka.common.metrics.JmxReporter
2025-09-03 13:54:22,129 INFO  [org.apa.kaf.com.met.Metrics] (ForkJoinPool.commonPool-worker-2) Closing reporter org.apache.kafka.common.telemetry.internals.ClientTelemetryReporter
2025-09-03 13:54:22,129 INFO  [org.apa.kaf.com.met.Metrics] (ForkJoinPool.commonPool-worker-2) Metrics reporters closed
2025-09-03 13:54:22,131 INFO  [org.apa.kaf.com.uti.AppInfoParser] (ForkJoinPool.commonPool-worker-2) App info kafka.consumer for consumer-Consumer-topic-e0b48426_df0b_4726_b8d8_bd2363c1d8b3-7 unregistered
2025-09-03 13:54:22,131 INFO  [io.api.tes.uti.TestSeparator] (main) io.apicurio.tests.serdes.apicurio.AvroSerdeIT.testTopicIdStrategyFindLatest-FINISHED
2025-09-03 13:54:22,131 INFO  [io.api.tes.uti.TestSeparator] (main) ############################################################################
Test passed: testTopicIdStrategyFindLatest
]]></system-out>
  </testcase>
  <testcase name="testAvroUnionWithSpecificReader" classname="io.apicurio.tests.serdes.apicurio.AvroSerdeIT" time="3.861">
    <system-out><![CDATA[2025-09-03 13:54:22,132 INFO  [io.api.tes.uti.TestSeparator] (main) ############################################################################
2025-09-03 13:54:22,132 INFO  [io.api.tes.uti.TestSeparator] (main) io.apicurio.tests.serdes.apicurio.AvroSerdeIT.testAvroUnionWithSpecificReader-STARTED
**** Registry Base URL: http://registry-app-inmemory.apps.ci419.apicurio-testing.org:80
2025-09-03 13:54:22,136 INFO  [org.apa.kaf.cli.pro.ProducerConfig] (main) ProducerConfig values: 
	acks = -1
	auto.include.jmx.reporter = true
	batch.size = 16384
	bootstrap.servers = [PLAINTEXT://localhost:32769]
	buffer.memory = 33554432
	client.dns.lookup = use_all_dns_ips
	client.id = Producer-topic-5ded0dd8_45ba_44c2_a5e1_efb0d2827699
	compression.gzip.level = -1
	compression.lz4.level = 9
	compression.type = none
	compression.zstd.level = 3
	connections.max.idle.ms = 10000
	delivery.timeout.ms = 120000
	enable.idempotence = true
	enable.metrics.push = true
	interceptor.classes = []
	key.serializer = class org.apache.kafka.common.serialization.StringSerializer
	linger.ms = 0
	max.block.ms = 60000
	max.in.flight.requests.per.connection = 5
	max.request.size = 1048576
	metadata.max.age.ms = 300000
	metadata.max.idle.ms = 300000
	metadata.recovery.strategy = none
	metric.reporters = []
	metrics.num.samples = 2
	metrics.recording.level = INFO
	metrics.sample.window.ms = 30000
	partitioner.adaptive.partitioning.enable = true
	partitioner.availability.timeout.ms = 0
	partitioner.class = null
	partitioner.ignore.keys = false
	receive.buffer.bytes = 32768
	reconnect.backoff.max.ms = 1000
	reconnect.backoff.ms = 50
	request.timeout.ms = 5000
	retries = 2147483647
	retry.backoff.max.ms = 1000
	retry.backoff.ms = 100
	sasl.client.callback.handler.class = null
	sasl.jaas.config = null
	sasl.kerberos.kinit.cmd = /usr/bin/kinit
	sasl.kerberos.min.time.before.relogin = 60000
	sasl.kerberos.service.name = null
	sasl.kerberos.ticket.renew.jitter = 0.05
	sasl.kerberos.ticket.renew.window.factor = 0.8
	sasl.login.callback.handler.class = null
	sasl.login.class = null
	sasl.login.connect.timeout.ms = null
	sasl.login.read.timeout.ms = null
	sasl.login.refresh.buffer.seconds = 300
	sasl.login.refresh.min.period.seconds = 60
	sasl.login.refresh.window.factor = 0.8
	sasl.login.refresh.window.jitter = 0.05
	sasl.login.retry.backoff.max.ms = 10000
	sasl.login.retry.backoff.ms = 100
	sasl.mechanism = GSSAPI
	sasl.oauthbearer.clock.skew.seconds = 30
	sasl.oauthbearer.expected.audience = null
	sasl.oauthbearer.expected.issuer = null
	sasl.oauthbearer.header.urlencode = false
	sasl.oauthbearer.jwks.endpoint.refresh.ms = 3600000
	sasl.oauthbearer.jwks.endpoint.retry.backoff.max.ms = 10000
	sasl.oauthbearer.jwks.endpoint.retry.backoff.ms = 100
	sasl.oauthbearer.jwks.endpoint.url = null
	sasl.oauthbearer.scope.claim.name = scope
	sasl.oauthbearer.sub.claim.name = sub
	sasl.oauthbearer.token.endpoint.url = null
	security.protocol = PLAINTEXT
	security.providers = null
	send.buffer.bytes = 131072
	socket.connection.setup.timeout.max.ms = 30000
	socket.connection.setup.timeout.ms = 10000
	ssl.cipher.suites = null
	ssl.enabled.protocols = [TLSv1.2, TLSv1.3]
	ssl.endpoint.identification.algorithm = https
	ssl.engine.factory.class = null
	ssl.key.password = null
	ssl.keymanager.algorithm = SunX509
	ssl.keystore.certificate.chain = null
	ssl.keystore.key = null
	ssl.keystore.location = null
	ssl.keystore.password = null
	ssl.keystore.type = JKS
	ssl.protocol = TLSv1.3
	ssl.provider = null
	ssl.secure.random.implementation = null
	ssl.trustmanager.algorithm = PKIX
	ssl.truststore.certificates = null
	ssl.truststore.location = null
	ssl.truststore.password = null
	ssl.truststore.type = JKS
	transaction.timeout.ms = 60000
	transactional.id = null
	value.serializer = class io.apicurio.registry.serde.avro.AvroKafkaSerializer

2025-09-03 13:54:22,136 INFO  [org.apa.kaf.com.tel.int.KafkaMetricsCollector] (main) initializing Kafka metrics collector
2025-09-03 13:54:22,139 INFO  [org.apa.kaf.cli.pro.KafkaProducer] (main) [Producer clientId=Producer-topic-5ded0dd8_45ba_44c2_a5e1_efb0d2827699] Instantiated an idempotent producer.
2025-09-03 13:54:22,140 INFO  [org.apa.kaf.cli.pro.ProducerConfig] (main) These configurations '[apicurio.registry.url, apicurio.registry.auto-register, apicurio.registry.artifact-resolver-strategy]' were supplied but are not used yet.
2025-09-03 13:54:22,140 INFO  [org.apa.kaf.com.uti.AppInfoParser] (main) Kafka version: 3.9.1
2025-09-03 13:54:22,140 INFO  [org.apa.kaf.com.uti.AppInfoParser] (main) Kafka commitId: f745dfdcee2b9851
2025-09-03 13:54:22,140 INFO  [org.apa.kaf.com.uti.AppInfoParser] (main) Kafka startTimeMs: 1756907662140
2025-09-03 13:54:22,140 INFO  [io.api.tes.ser.api.SimpleSerdesTesterBuilder$SimpleSerdesTester] (main) Using producer configuration: {apicurio.registry.url=http://registry-app-inmemory.apps.ci419.apicurio-testing.org:80/apis/registry/v3, apicurio.registry.auto-register=true, apicurio.registry.artifact-resolver-strategy=io.apicurio.registry.serde.strategy.TopicIdStrategy, value.serializer=io.apicurio.registry.serde.avro.AvroKafkaSerializer, request.timeout.ms=5000, acks=all, bootstrap.servers=PLAINTEXT://localhost:32769, connections.max.idle.ms=10000, key.serializer=org.apache.kafka.common.serialization.StringSerializer, client.id=Producer-topic-5ded0dd8_45ba_44c2_a5e1_efb0d2827699}
2025-09-03 13:54:22,140 INFO  [io.api.tes.ser.api.SimpleSerdesTesterBuilder$SimpleSerdesTester] (main) Using consumer configuration: {}
2025-09-03 13:54:22,141 INFO  [io.api.tes.ser.api.KafkaSerdesTester] (ForkJoinPool.commonPool-worker-2) Sending message {"id": "record-0"} to topic topic-5ded0dd8_45ba_44c2_a5e1_efb0d2827699
2025-09-03 13:54:22,143 WARN  [org.apa.kaf.cli.NetworkClient] (kafka-producer-network-thread | Producer-topic-5ded0dd8_45ba_44c2_a5e1_efb0d2827699) [Producer clientId=Producer-topic-5ded0dd8_45ba_44c2_a5e1_efb0d2827699] The metadata response from the cluster reported a recoverable issue with correlation id 1 : {topic-5ded0dd8_45ba_44c2_a5e1_efb0d2827699=UNKNOWN_TOPIC_OR_PARTITION}
2025-09-03 13:54:22,143 INFO  [org.apa.kaf.cli.Metadata] (kafka-producer-network-thread | Producer-topic-5ded0dd8_45ba_44c2_a5e1_efb0d2827699) [Producer clientId=Producer-topic-5ded0dd8_45ba_44c2_a5e1_efb0d2827699] Cluster ID: zfwsSXvVT6qhU8UlUF5FTQ
2025-09-03 13:54:22,143 INFO  [org.apa.kaf.cli.pro.int.TransactionManager] (kafka-producer-network-thread | Producer-topic-5ded0dd8_45ba_44c2_a5e1_efb0d2827699) [Producer clientId=Producer-topic-5ded0dd8_45ba_44c2_a5e1_efb0d2827699] ProducerId set to 10 with epoch 0
2025-09-03 13:54:22,296 INFO  [io.api.tes.ser.api.KafkaSerdesTester] (ForkJoinPool.commonPool-worker-2) Sending message {"value": 1} to topic topic-5ded0dd8_45ba_44c2_a5e1_efb0d2827699
2025-09-03 13:54:22,322 INFO  [io.api.tes.ser.api.KafkaSerdesTester] (ForkJoinPool.commonPool-worker-2) Sending message {"active": true} to topic topic-5ded0dd8_45ba_44c2_a5e1_efb0d2827699
2025-09-03 13:54:22,352 INFO  [io.api.tes.ser.api.KafkaSerdesTester] (ForkJoinPool.commonPool-worker-2) Sending message {"id": "record-3"} to topic topic-5ded0dd8_45ba_44c2_a5e1_efb0d2827699
2025-09-03 13:54:22,353 INFO  [io.api.tes.ser.api.KafkaSerdesTester] (ForkJoinPool.commonPool-worker-2) Sending message {"value": 4} to topic topic-5ded0dd8_45ba_44c2_a5e1_efb0d2827699
2025-09-03 13:54:22,355 INFO  [io.api.tes.ser.api.KafkaSerdesTester] (ForkJoinPool.commonPool-worker-2) Sending message {"active": false} to topic topic-5ded0dd8_45ba_44c2_a5e1_efb0d2827699
2025-09-03 13:54:22,356 INFO  [io.api.tes.ser.api.KafkaSerdesTester] (ForkJoinPool.commonPool-worker-2) Sending message {"id": "record-6"} to topic topic-5ded0dd8_45ba_44c2_a5e1_efb0d2827699
2025-09-03 13:54:22,358 INFO  [io.api.tes.ser.api.KafkaSerdesTester] (ForkJoinPool.commonPool-worker-2) Sending message {"value": 7} to topic topic-5ded0dd8_45ba_44c2_a5e1_efb0d2827699
2025-09-03 13:54:22,359 INFO  [io.api.tes.ser.api.KafkaSerdesTester] (ForkJoinPool.commonPool-worker-2) Sending message {"active": true} to topic topic-5ded0dd8_45ba_44c2_a5e1_efb0d2827699
2025-09-03 13:54:22,361 INFO  [io.api.tes.ser.api.KafkaSerdesTester] (ForkJoinPool.commonPool-worker-2) Sending message {"id": "record-9"} to topic topic-5ded0dd8_45ba_44c2_a5e1_efb0d2827699
2025-09-03 13:54:22,362 INFO  [io.api.tes.ser.api.KafkaSerdesTester] (ForkJoinPool.commonPool-worker-2) Produced 10 messages
2025-09-03 13:54:22,362 INFO  [org.apa.kaf.cli.pro.KafkaProducer] (ForkJoinPool.commonPool-worker-2) [Producer clientId=Producer-topic-5ded0dd8_45ba_44c2_a5e1_efb0d2827699] Closing the Kafka producer with timeoutMillis = 9223372036854775807 ms.
2025-09-03 13:54:22,369 INFO  [org.apa.kaf.com.met.Metrics] (ForkJoinPool.commonPool-worker-2) Metrics scheduler closed
2025-09-03 13:54:22,369 INFO  [org.apa.kaf.com.met.Metrics] (ForkJoinPool.commonPool-worker-2) Closing reporter org.apache.kafka.common.metrics.JmxReporter
2025-09-03 13:54:22,369 INFO  [org.apa.kaf.com.met.Metrics] (ForkJoinPool.commonPool-worker-2) Closing reporter org.apache.kafka.common.telemetry.internals.ClientTelemetryReporter
2025-09-03 13:54:22,369 INFO  [org.apa.kaf.com.met.Metrics] (ForkJoinPool.commonPool-worker-2) Metrics reporters closed
2025-09-03 13:54:22,370 INFO  [org.apa.kaf.com.uti.AppInfoParser] (ForkJoinPool.commonPool-worker-2) App info kafka.producer for Producer-topic-5ded0dd8_45ba_44c2_a5e1_efb0d2827699 unregistered
2025-09-03 13:54:22,383 INFO  [io.api.tes.ser.api.AvroSerdeIT] (main) Artifact topic-5ded0dd8_45ba_44c2_a5e1_efb0d2827699-value found in registry with globalId 25
**** Registry Base URL: http://registry-app-inmemory.apps.ci419.apicurio-testing.org:80
2025-09-03 13:54:22,383 INFO  [org.apa.kaf.cli.con.ConsumerConfig] (main) ConsumerConfig values: 
	allow.auto.create.topics = true
	auto.commit.interval.ms = 500
	auto.include.jmx.reporter = true
	auto.offset.reset = earliest
	bootstrap.servers = [PLAINTEXT://localhost:32769]
	check.crcs = true
	client.dns.lookup = use_all_dns_ips
	client.id = consumer-Consumer-topic-5ded0dd8_45ba_44c2_a5e1_efb0d2827699-8
	client.rack = 
	connections.max.idle.ms = 10000
	default.api.timeout.ms = 60000
	enable.auto.commit = true
	enable.metrics.push = true
	exclude.internal.topics = true
	fetch.max.bytes = 52428800
	fetch.max.wait.ms = 500
	fetch.min.bytes = 1
	group.id = Consumer-topic-5ded0dd8_45ba_44c2_a5e1_efb0d2827699
	group.instance.id = null
	group.protocol = classic
	group.remote.assignor = null
	heartbeat.interval.ms = 3000
	interceptor.classes = []
	internal.leave.group.on.close = true
	internal.throw.on.fetch.stable.offset.unsupported = false
	isolation.level = read_uncommitted
	key.deserializer = class org.apache.kafka.common.serialization.StringDeserializer
	max.partition.fetch.bytes = 1048576
	max.poll.interval.ms = 300000
	max.poll.records = 500
	metadata.max.age.ms = 300000
	metadata.recovery.strategy = none
	metric.reporters = []
	metrics.num.samples = 2
	metrics.recording.level = INFO
	metrics.sample.window.ms = 30000
	partition.assignment.strategy = [class org.apache.kafka.clients.consumer.RangeAssignor, class org.apache.kafka.clients.consumer.CooperativeStickyAssignor]
	receive.buffer.bytes = 65536
	reconnect.backoff.max.ms = 1000
	reconnect.backoff.ms = 50
	request.timeout.ms = 5000
	retry.backoff.max.ms = 1000
	retry.backoff.ms = 100
	sasl.client.callback.handler.class = null
	sasl.jaas.config = null
	sasl.kerberos.kinit.cmd = /usr/bin/kinit
	sasl.kerberos.min.time.before.relogin = 60000
	sasl.kerberos.service.name = null
	sasl.kerberos.ticket.renew.jitter = 0.05
	sasl.kerberos.ticket.renew.window.factor = 0.8
	sasl.login.callback.handler.class = null
	sasl.login.class = null
	sasl.login.connect.timeout.ms = null
	sasl.login.read.timeout.ms = null
	sasl.login.refresh.buffer.seconds = 300
	sasl.login.refresh.min.period.seconds = 60
	sasl.login.refresh.window.factor = 0.8
	sasl.login.refresh.window.jitter = 0.05
	sasl.login.retry.backoff.max.ms = 10000
	sasl.login.retry.backoff.ms = 100
	sasl.mechanism = GSSAPI
	sasl.oauthbearer.clock.skew.seconds = 30
	sasl.oauthbearer.expected.audience = null
	sasl.oauthbearer.expected.issuer = null
	sasl.oauthbearer.header.urlencode = false
	sasl.oauthbearer.jwks.endpoint.refresh.ms = 3600000
	sasl.oauthbearer.jwks.endpoint.retry.backoff.max.ms = 10000
	sasl.oauthbearer.jwks.endpoint.retry.backoff.ms = 100
	sasl.oauthbearer.jwks.endpoint.url = null
	sasl.oauthbearer.scope.claim.name = scope
	sasl.oauthbearer.sub.claim.name = sub
	sasl.oauthbearer.token.endpoint.url = null
	security.protocol = PLAINTEXT
	security.providers = null
	send.buffer.bytes = 131072
	session.timeout.ms = 45000
	socket.connection.setup.timeout.max.ms = 30000
	socket.connection.setup.timeout.ms = 10000
	ssl.cipher.suites = null
	ssl.enabled.protocols = [TLSv1.2, TLSv1.3]
	ssl.endpoint.identification.algorithm = https
	ssl.engine.factory.class = null
	ssl.key.password = null
	ssl.keymanager.algorithm = SunX509
	ssl.keystore.certificate.chain = null
	ssl.keystore.key = null
	ssl.keystore.location = null
	ssl.keystore.password = null
	ssl.keystore.type = JKS
	ssl.protocol = TLSv1.3
	ssl.provider = null
	ssl.secure.random.implementation = null
	ssl.trustmanager.algorithm = PKIX
	ssl.truststore.certificates = null
	ssl.truststore.location = null
	ssl.truststore.password = null
	ssl.truststore.type = JKS
	value.deserializer = class io.apicurio.registry.serde.avro.AvroKafkaDeserializer

2025-09-03 13:54:22,383 INFO  [org.apa.kaf.com.tel.int.KafkaMetricsCollector] (main) initializing Kafka metrics collector
2025-09-03 13:54:22,387 INFO  [org.apa.kaf.cli.con.ConsumerConfig] (main) These configurations '[apicurio.registry.url]' were supplied but are not used yet.
2025-09-03 13:54:22,388 INFO  [org.apa.kaf.com.uti.AppInfoParser] (main) Kafka version: 3.9.1
2025-09-03 13:54:22,388 INFO  [org.apa.kaf.com.uti.AppInfoParser] (main) Kafka commitId: f745dfdcee2b9851
2025-09-03 13:54:22,388 INFO  [org.apa.kaf.com.uti.AppInfoParser] (main) Kafka startTimeMs: 1756907662388
2025-09-03 13:54:22,388 INFO  [org.apa.kaf.cli.con.int.ClassicKafkaConsumer] (ForkJoinPool.commonPool-worker-2) [Consumer clientId=consumer-Consumer-topic-5ded0dd8_45ba_44c2_a5e1_efb0d2827699-8, groupId=Consumer-topic-5ded0dd8_45ba_44c2_a5e1_efb0d2827699] Subscribed to topic(s): topic-5ded0dd8_45ba_44c2_a5e1_efb0d2827699
2025-09-03 13:54:22,391 INFO  [org.apa.kaf.cli.Metadata] (ForkJoinPool.commonPool-worker-2) [Consumer clientId=consumer-Consumer-topic-5ded0dd8_45ba_44c2_a5e1_efb0d2827699-8, groupId=Consumer-topic-5ded0dd8_45ba_44c2_a5e1_efb0d2827699] Cluster ID: zfwsSXvVT6qhU8UlUF5FTQ
2025-09-03 13:54:22,391 INFO  [org.apa.kaf.cli.con.int.ConsumerCoordinator] (ForkJoinPool.commonPool-worker-2) [Consumer clientId=consumer-Consumer-topic-5ded0dd8_45ba_44c2_a5e1_efb0d2827699-8, groupId=Consumer-topic-5ded0dd8_45ba_44c2_a5e1_efb0d2827699] Discovered group coordinator localhost:32769 (id: 2147483647 rack: null)
2025-09-03 13:54:22,392 INFO  [org.apa.kaf.cli.con.int.ConsumerCoordinator] (ForkJoinPool.commonPool-worker-2) [Consumer clientId=consumer-Consumer-topic-5ded0dd8_45ba_44c2_a5e1_efb0d2827699-8, groupId=Consumer-topic-5ded0dd8_45ba_44c2_a5e1_efb0d2827699] (Re-)joining group
2025-09-03 13:54:22,394 INFO  [org.apa.kaf.cli.con.int.ConsumerCoordinator] (ForkJoinPool.commonPool-worker-2) [Consumer clientId=consumer-Consumer-topic-5ded0dd8_45ba_44c2_a5e1_efb0d2827699-8, groupId=Consumer-topic-5ded0dd8_45ba_44c2_a5e1_efb0d2827699] Request joining group due to: need to re-join with the given member-id: consumer-Consumer-topic-5ded0dd8_45ba_44c2_a5e1_efb0d2827699-8-17117e47-2559-4286-9331-df59f044029a
2025-09-03 13:54:22,395 INFO  [org.apa.kaf.cli.con.int.ConsumerCoordinator] (ForkJoinPool.commonPool-worker-2) [Consumer clientId=consumer-Consumer-topic-5ded0dd8_45ba_44c2_a5e1_efb0d2827699-8, groupId=Consumer-topic-5ded0dd8_45ba_44c2_a5e1_efb0d2827699] (Re-)joining group
2025-09-03 13:54:23,389 INFO  [io.api.tes.ser.api.KafkaSerdesTester] (ForkJoinPool.commonPool-worker-2) None found
2025-09-03 13:54:24,390 INFO  [io.api.tes.ser.api.KafkaSerdesTester] (ForkJoinPool.commonPool-worker-2) None found
2025-09-03 13:54:25,391 INFO  [io.api.tes.ser.api.KafkaSerdesTester] (ForkJoinPool.commonPool-worker-2) None found
2025-09-03 13:54:25,396 INFO  [org.apa.kaf.cli.con.int.ConsumerCoordinator] (ForkJoinPool.commonPool-worker-2) [Consumer clientId=consumer-Consumer-topic-5ded0dd8_45ba_44c2_a5e1_efb0d2827699-8, groupId=Consumer-topic-5ded0dd8_45ba_44c2_a5e1_efb0d2827699] Successfully joined group with generation Generation{generationId=1, memberId='consumer-Consumer-topic-5ded0dd8_45ba_44c2_a5e1_efb0d2827699-8-17117e47-2559-4286-9331-df59f044029a', protocol='range'}
2025-09-03 13:54:25,397 INFO  [org.apa.kaf.cli.con.int.ConsumerCoordinator] (ForkJoinPool.commonPool-worker-2) [Consumer clientId=consumer-Consumer-topic-5ded0dd8_45ba_44c2_a5e1_efb0d2827699-8, groupId=Consumer-topic-5ded0dd8_45ba_44c2_a5e1_efb0d2827699] Finished assignment for group at generation 1: {consumer-Consumer-topic-5ded0dd8_45ba_44c2_a5e1_efb0d2827699-8-17117e47-2559-4286-9331-df59f044029a=Assignment(partitions=[topic-5ded0dd8_45ba_44c2_a5e1_efb0d2827699-0])}
2025-09-03 13:54:25,404 INFO  [org.apa.kaf.cli.con.int.ConsumerCoordinator] (ForkJoinPool.commonPool-worker-2) [Consumer clientId=consumer-Consumer-topic-5ded0dd8_45ba_44c2_a5e1_efb0d2827699-8, groupId=Consumer-topic-5ded0dd8_45ba_44c2_a5e1_efb0d2827699] Successfully synced group in generation Generation{generationId=1, memberId='consumer-Consumer-topic-5ded0dd8_45ba_44c2_a5e1_efb0d2827699-8-17117e47-2559-4286-9331-df59f044029a', protocol='range'}
2025-09-03 13:54:25,404 INFO  [org.apa.kaf.cli.con.int.ConsumerCoordinator] (ForkJoinPool.commonPool-worker-2) [Consumer clientId=consumer-Consumer-topic-5ded0dd8_45ba_44c2_a5e1_efb0d2827699-8, groupId=Consumer-topic-5ded0dd8_45ba_44c2_a5e1_efb0d2827699] Notifying assignor about the new Assignment(partitions=[topic-5ded0dd8_45ba_44c2_a5e1_efb0d2827699-0])
2025-09-03 13:54:25,404 INFO  [org.apa.kaf.cli.con.int.ConsumerRebalanceListenerInvoker] (ForkJoinPool.commonPool-worker-2) [Consumer clientId=consumer-Consumer-topic-5ded0dd8_45ba_44c2_a5e1_efb0d2827699-8, groupId=Consumer-topic-5ded0dd8_45ba_44c2_a5e1_efb0d2827699] Adding newly assigned partitions: topic-5ded0dd8_45ba_44c2_a5e1_efb0d2827699-0
2025-09-03 13:54:25,405 INFO  [org.apa.kaf.cli.con.int.ConsumerCoordinator] (ForkJoinPool.commonPool-worker-2) [Consumer clientId=consumer-Consumer-topic-5ded0dd8_45ba_44c2_a5e1_efb0d2827699-8, groupId=Consumer-topic-5ded0dd8_45ba_44c2_a5e1_efb0d2827699] Found no committed offset for partition topic-5ded0dd8_45ba_44c2_a5e1_efb0d2827699-0
2025-09-03 13:54:25,408 INFO  [org.apa.kaf.cli.con.int.SubscriptionState] (ForkJoinPool.commonPool-worker-2) [Consumer clientId=consumer-Consumer-topic-5ded0dd8_45ba_44c2_a5e1_efb0d2827699-8, groupId=Consumer-topic-5ded0dd8_45ba_44c2_a5e1_efb0d2827699] Resetting offset for partition topic-5ded0dd8_45ba_44c2_a5e1_efb0d2827699-0 to position FetchPosition{offset=0, offsetEpoch=Optional.empty, currentLeader=LeaderAndEpoch{leader=Optional[localhost:32769 (id: 0 rack: null)], epoch=0}}.
2025-09-03 13:54:25,488 INFO  [io.api.tes.ser.api.KafkaSerdesTester] (ForkJoinPool.commonPool-worker-2) topic-5ded0dd8_45ba_44c2_a5e1_efb0d2827699 0 0 {"id": "record-0"}
2025-09-03 13:54:25,488 INFO  [io.api.tes.ser.api.KafkaSerdesTester] (ForkJoinPool.commonPool-worker-2) topic-5ded0dd8_45ba_44c2_a5e1_efb0d2827699 0 1 {"value": 1}
2025-09-03 13:54:25,488 INFO  [io.api.tes.ser.api.KafkaSerdesTester] (ForkJoinPool.commonPool-worker-2) topic-5ded0dd8_45ba_44c2_a5e1_efb0d2827699 0 2 {"active": true}
2025-09-03 13:54:25,488 INFO  [io.api.tes.ser.api.KafkaSerdesTester] (ForkJoinPool.commonPool-worker-2) topic-5ded0dd8_45ba_44c2_a5e1_efb0d2827699 0 3 {"id": "record-3"}
2025-09-03 13:54:25,488 INFO  [io.api.tes.ser.api.KafkaSerdesTester] (ForkJoinPool.commonPool-worker-2) topic-5ded0dd8_45ba_44c2_a5e1_efb0d2827699 0 4 {"value": 4}
2025-09-03 13:54:25,488 INFO  [io.api.tes.ser.api.KafkaSerdesTester] (ForkJoinPool.commonPool-worker-2) topic-5ded0dd8_45ba_44c2_a5e1_efb0d2827699 0 5 {"active": false}
2025-09-03 13:54:25,488 INFO  [io.api.tes.ser.api.KafkaSerdesTester] (ForkJoinPool.commonPool-worker-2) topic-5ded0dd8_45ba_44c2_a5e1_efb0d2827699 0 6 {"id": "record-6"}
2025-09-03 13:54:25,488 INFO  [io.api.tes.ser.api.KafkaSerdesTester] (ForkJoinPool.commonPool-worker-2) topic-5ded0dd8_45ba_44c2_a5e1_efb0d2827699 0 7 {"value": 7}
2025-09-03 13:54:25,488 INFO  [io.api.tes.ser.api.KafkaSerdesTester] (ForkJoinPool.commonPool-worker-2) topic-5ded0dd8_45ba_44c2_a5e1_efb0d2827699 0 8 {"active": true}
2025-09-03 13:54:25,488 INFO  [io.api.tes.ser.api.KafkaSerdesTester] (ForkJoinPool.commonPool-worker-2) topic-5ded0dd8_45ba_44c2_a5e1_efb0d2827699 0 9 {"id": "record-9"}
2025-09-03 13:54:25,488 INFO  [io.api.tes.ser.api.KafkaSerdesTester] (ForkJoinPool.commonPool-worker-2) Consumed 10 messages
2025-09-03 13:54:25,495 INFO  [org.apa.kaf.cli.con.int.ConsumerRebalanceListenerInvoker] (ForkJoinPool.commonPool-worker-2) [Consumer clientId=consumer-Consumer-topic-5ded0dd8_45ba_44c2_a5e1_efb0d2827699-8, groupId=Consumer-topic-5ded0dd8_45ba_44c2_a5e1_efb0d2827699] Revoke previously assigned partitions topic-5ded0dd8_45ba_44c2_a5e1_efb0d2827699-0
2025-09-03 13:54:25,495 INFO  [org.apa.kaf.cli.con.int.ConsumerCoordinator] (ForkJoinPool.commonPool-worker-2) [Consumer clientId=consumer-Consumer-topic-5ded0dd8_45ba_44c2_a5e1_efb0d2827699-8, groupId=Consumer-topic-5ded0dd8_45ba_44c2_a5e1_efb0d2827699] Member consumer-Consumer-topic-5ded0dd8_45ba_44c2_a5e1_efb0d2827699-8-17117e47-2559-4286-9331-df59f044029a sending LeaveGroup request to coordinator localhost:32769 (id: 2147483647 rack: null) due to the consumer is being closed
2025-09-03 13:54:25,496 INFO  [org.apa.kaf.cli.con.int.ConsumerCoordinator] (ForkJoinPool.commonPool-worker-2) [Consumer clientId=consumer-Consumer-topic-5ded0dd8_45ba_44c2_a5e1_efb0d2827699-8, groupId=Consumer-topic-5ded0dd8_45ba_44c2_a5e1_efb0d2827699] Resetting generation and member id due to: consumer pro-actively leaving the group
2025-09-03 13:54:25,496 INFO  [org.apa.kaf.cli.con.int.ConsumerCoordinator] (ForkJoinPool.commonPool-worker-2) [Consumer clientId=consumer-Consumer-topic-5ded0dd8_45ba_44c2_a5e1_efb0d2827699-8, groupId=Consumer-topic-5ded0dd8_45ba_44c2_a5e1_efb0d2827699] Request joining group due to: consumer pro-actively leaving the group
2025-09-03 13:54:25,991 INFO  [org.apa.kaf.com.met.Metrics] (ForkJoinPool.commonPool-worker-2) Metrics scheduler closed
2025-09-03 13:54:25,991 INFO  [org.apa.kaf.com.met.Metrics] (ForkJoinPool.commonPool-worker-2) Closing reporter org.apache.kafka.common.metrics.JmxReporter
2025-09-03 13:54:25,991 INFO  [org.apa.kaf.com.met.Metrics] (ForkJoinPool.commonPool-worker-2) Closing reporter org.apache.kafka.common.telemetry.internals.ClientTelemetryReporter
2025-09-03 13:54:25,991 INFO  [org.apa.kaf.com.met.Metrics] (ForkJoinPool.commonPool-worker-2) Metrics reporters closed
2025-09-03 13:54:25,992 INFO  [org.apa.kaf.com.uti.AppInfoParser] (ForkJoinPool.commonPool-worker-2) App info kafka.consumer for consumer-Consumer-topic-5ded0dd8_45ba_44c2_a5e1_efb0d2827699-8 unregistered
2025-09-03 13:54:25,992 INFO  [io.api.tes.uti.TestSeparator] (main) io.apicurio.tests.serdes.apicurio.AvroSerdeIT.testAvroUnionWithSpecificReader-FINISHED
2025-09-03 13:54:25,993 INFO  [io.api.tes.uti.TestSeparator] (main) ############################################################################
Test passed: testAvroUnionWithSpecificReader
]]></system-out>
  </testcase>
  <testcase name="testEvolveAvroApicurioReusingClient" classname="io.apicurio.tests.serdes.apicurio.AvroSerdeIT" time="6.869">
    <system-out><![CDATA[2025-09-03 13:54:25,994 INFO  [io.api.tes.uti.TestSeparator] (main) ############################################################################
2025-09-03 13:54:25,994 INFO  [io.api.tes.uti.TestSeparator] (main) io.apicurio.tests.serdes.apicurio.AvroSerdeIT.testEvolveAvroApicurioReusingClient-STARTED
2025-09-03 13:54:25,995 INFO  [io.api.tes.ser.api.AvroSerdeIT] (main) Registering Avro Schema: {"type":"record","name":"sa7a6179dx78dbx48ddxa7c2x32b141335163","namespace":"ns_04265c91_8ffe_4f8c_864e_c5607dd75462","fields":[{"name":"key11756907665994","type":"string"}]}
**** Registry Base URL: http://registry-app-inmemory.apps.ci419.apicurio-testing.org:80
2025-09-03 13:54:27,026 INFO  [org.apa.kaf.cli.pro.ProducerConfig] (main) ProducerConfig values: 
	acks = -1
	auto.include.jmx.reporter = true
	batch.size = 16384
	bootstrap.servers = [PLAINTEXT://localhost:32769]
	buffer.memory = 33554432
	client.dns.lookup = use_all_dns_ips
	client.id = Producer-topic-d92950e7_8b19_4244_9fd7_1c1961213d92
	compression.gzip.level = -1
	compression.lz4.level = 9
	compression.type = none
	compression.zstd.level = 3
	connections.max.idle.ms = 10000
	delivery.timeout.ms = 120000
	enable.idempotence = true
	enable.metrics.push = true
	interceptor.classes = []
	key.serializer = class org.apache.kafka.common.serialization.StringSerializer
	linger.ms = 0
	max.block.ms = 60000
	max.in.flight.requests.per.connection = 5
	max.request.size = 1048576
	metadata.max.age.ms = 300000
	metadata.max.idle.ms = 300000
	metadata.recovery.strategy = none
	metric.reporters = []
	metrics.num.samples = 2
	metrics.recording.level = INFO
	metrics.sample.window.ms = 30000
	partitioner.adaptive.partitioning.enable = true
	partitioner.availability.timeout.ms = 0
	partitioner.class = null
	partitioner.ignore.keys = false
	receive.buffer.bytes = 32768
	reconnect.backoff.max.ms = 1000
	reconnect.backoff.ms = 50
	request.timeout.ms = 5000
	retries = 2147483647
	retry.backoff.max.ms = 1000
	retry.backoff.ms = 100
	sasl.client.callback.handler.class = null
	sasl.jaas.config = null
	sasl.kerberos.kinit.cmd = /usr/bin/kinit
	sasl.kerberos.min.time.before.relogin = 60000
	sasl.kerberos.service.name = null
	sasl.kerberos.ticket.renew.jitter = 0.05
	sasl.kerberos.ticket.renew.window.factor = 0.8
	sasl.login.callback.handler.class = null
	sasl.login.class = null
	sasl.login.connect.timeout.ms = null
	sasl.login.read.timeout.ms = null
	sasl.login.refresh.buffer.seconds = 300
	sasl.login.refresh.min.period.seconds = 60
	sasl.login.refresh.window.factor = 0.8
	sasl.login.refresh.window.jitter = 0.05
	sasl.login.retry.backoff.max.ms = 10000
	sasl.login.retry.backoff.ms = 100
	sasl.mechanism = GSSAPI
	sasl.oauthbearer.clock.skew.seconds = 30
	sasl.oauthbearer.expected.audience = null
	sasl.oauthbearer.expected.issuer = null
	sasl.oauthbearer.header.urlencode = false
	sasl.oauthbearer.jwks.endpoint.refresh.ms = 3600000
	sasl.oauthbearer.jwks.endpoint.retry.backoff.max.ms = 10000
	sasl.oauthbearer.jwks.endpoint.retry.backoff.ms = 100
	sasl.oauthbearer.jwks.endpoint.url = null
	sasl.oauthbearer.scope.claim.name = scope
	sasl.oauthbearer.sub.claim.name = sub
	sasl.oauthbearer.token.endpoint.url = null
	security.protocol = PLAINTEXT
	security.providers = null
	send.buffer.bytes = 131072
	socket.connection.setup.timeout.max.ms = 30000
	socket.connection.setup.timeout.ms = 10000
	ssl.cipher.suites = null
	ssl.enabled.protocols = [TLSv1.2, TLSv1.3]
	ssl.endpoint.identification.algorithm = https
	ssl.engine.factory.class = null
	ssl.key.password = null
	ssl.keymanager.algorithm = SunX509
	ssl.keystore.certificate.chain = null
	ssl.keystore.key = null
	ssl.keystore.location = null
	ssl.keystore.password = null
	ssl.keystore.type = JKS
	ssl.protocol = TLSv1.3
	ssl.provider = null
	ssl.secure.random.implementation = null
	ssl.trustmanager.algorithm = PKIX
	ssl.truststore.certificates = null
	ssl.truststore.location = null
	ssl.truststore.password = null
	ssl.truststore.type = JKS
	transaction.timeout.ms = 60000
	transactional.id = null
	value.serializer = class io.apicurio.registry.serde.avro.AvroKafkaSerializer

2025-09-03 13:54:27,026 INFO  [org.apa.kaf.com.tel.int.KafkaMetricsCollector] (main) initializing Kafka metrics collector
2025-09-03 13:54:27,029 INFO  [org.apa.kaf.cli.pro.KafkaProducer] (main) [Producer clientId=Producer-topic-d92950e7_8b19_4244_9fd7_1c1961213d92] Instantiated an idempotent producer.
2025-09-03 13:54:27,030 INFO  [org.apa.kaf.cli.pro.ProducerConfig] (main) These configurations '[apicurio.registry.url, apicurio.registry.artifact-resolver-strategy]' were supplied but are not used yet.
2025-09-03 13:54:27,030 INFO  [org.apa.kaf.com.uti.AppInfoParser] (main) Kafka version: 3.9.1
2025-09-03 13:54:27,030 INFO  [org.apa.kaf.com.uti.AppInfoParser] (main) Kafka commitId: f745dfdcee2b9851
2025-09-03 13:54:27,030 INFO  [org.apa.kaf.com.uti.AppInfoParser] (main) Kafka startTimeMs: 1756907667030
**** Registry Base URL: http://registry-app-inmemory.apps.ci419.apicurio-testing.org:80
2025-09-03 13:54:27,031 INFO  [org.apa.kaf.cli.con.ConsumerConfig] (main) ConsumerConfig values: 
	allow.auto.create.topics = true
	auto.commit.interval.ms = 500
	auto.include.jmx.reporter = true
	auto.offset.reset = earliest
	bootstrap.servers = [PLAINTEXT://localhost:32769]
	check.crcs = true
	client.dns.lookup = use_all_dns_ips
	client.id = consumer-Consumer-topic-d92950e7_8b19_4244_9fd7_1c1961213d92-9
	client.rack = 
	connections.max.idle.ms = 10000
	default.api.timeout.ms = 60000
	enable.auto.commit = true
	enable.metrics.push = true
	exclude.internal.topics = true
	fetch.max.bytes = 52428800
	fetch.max.wait.ms = 500
	fetch.min.bytes = 1
	group.id = Consumer-topic-d92950e7_8b19_4244_9fd7_1c1961213d92
	group.instance.id = null
	group.protocol = classic
	group.remote.assignor = null
	heartbeat.interval.ms = 3000
	interceptor.classes = []
	internal.leave.group.on.close = true
	internal.throw.on.fetch.stable.offset.unsupported = false
	isolation.level = read_uncommitted
	key.deserializer = class org.apache.kafka.common.serialization.StringDeserializer
	max.partition.fetch.bytes = 1048576
	max.poll.interval.ms = 300000
	max.poll.records = 500
	metadata.max.age.ms = 300000
	metadata.recovery.strategy = none
	metric.reporters = []
	metrics.num.samples = 2
	metrics.recording.level = INFO
	metrics.sample.window.ms = 30000
	partition.assignment.strategy = [class org.apache.kafka.clients.consumer.RangeAssignor, class org.apache.kafka.clients.consumer.CooperativeStickyAssignor]
	receive.buffer.bytes = 65536
	reconnect.backoff.max.ms = 1000
	reconnect.backoff.ms = 50
	request.timeout.ms = 5000
	retry.backoff.max.ms = 1000
	retry.backoff.ms = 100
	sasl.client.callback.handler.class = null
	sasl.jaas.config = null
	sasl.kerberos.kinit.cmd = /usr/bin/kinit
	sasl.kerberos.min.time.before.relogin = 60000
	sasl.kerberos.service.name = null
	sasl.kerberos.ticket.renew.jitter = 0.05
	sasl.kerberos.ticket.renew.window.factor = 0.8
	sasl.login.callback.handler.class = null
	sasl.login.class = null
	sasl.login.connect.timeout.ms = null
	sasl.login.read.timeout.ms = null
	sasl.login.refresh.buffer.seconds = 300
	sasl.login.refresh.min.period.seconds = 60
	sasl.login.refresh.window.factor = 0.8
	sasl.login.refresh.window.jitter = 0.05
	sasl.login.retry.backoff.max.ms = 10000
	sasl.login.retry.backoff.ms = 100
	sasl.mechanism = GSSAPI
	sasl.oauthbearer.clock.skew.seconds = 30
	sasl.oauthbearer.expected.audience = null
	sasl.oauthbearer.expected.issuer = null
	sasl.oauthbearer.header.urlencode = false
	sasl.oauthbearer.jwks.endpoint.refresh.ms = 3600000
	sasl.oauthbearer.jwks.endpoint.retry.backoff.max.ms = 10000
	sasl.oauthbearer.jwks.endpoint.retry.backoff.ms = 100
	sasl.oauthbearer.jwks.endpoint.url = null
	sasl.oauthbearer.scope.claim.name = scope
	sasl.oauthbearer.sub.claim.name = sub
	sasl.oauthbearer.token.endpoint.url = null
	security.protocol = PLAINTEXT
	security.providers = null
	send.buffer.bytes = 131072
	session.timeout.ms = 45000
	socket.connection.setup.timeout.max.ms = 30000
	socket.connection.setup.timeout.ms = 10000
	ssl.cipher.suites = null
	ssl.enabled.protocols = [TLSv1.2, TLSv1.3]
	ssl.endpoint.identification.algorithm = https
	ssl.engine.factory.class = null
	ssl.key.password = null
	ssl.keymanager.algorithm = SunX509
	ssl.keystore.certificate.chain = null
	ssl.keystore.key = null
	ssl.keystore.location = null
	ssl.keystore.password = null
	ssl.keystore.type = JKS
	ssl.protocol = TLSv1.3
	ssl.provider = null
	ssl.secure.random.implementation = null
	ssl.trustmanager.algorithm = PKIX
	ssl.truststore.certificates = null
	ssl.truststore.location = null
	ssl.truststore.password = null
	ssl.truststore.type = JKS
	value.deserializer = class io.apicurio.registry.serde.avro.AvroKafkaDeserializer

2025-09-03 13:54:27,031 INFO  [org.apa.kaf.com.tel.int.KafkaMetricsCollector] (main) initializing Kafka metrics collector
2025-09-03 13:54:27,035 INFO  [org.apa.kaf.cli.Metadata] (kafka-producer-network-thread | Producer-topic-d92950e7_8b19_4244_9fd7_1c1961213d92) [Producer clientId=Producer-topic-d92950e7_8b19_4244_9fd7_1c1961213d92] Cluster ID: zfwsSXvVT6qhU8UlUF5FTQ
2025-09-03 13:54:27,035 INFO  [org.apa.kaf.cli.pro.int.TransactionManager] (kafka-producer-network-thread | Producer-topic-d92950e7_8b19_4244_9fd7_1c1961213d92) [Producer clientId=Producer-topic-d92950e7_8b19_4244_9fd7_1c1961213d92] ProducerId set to 11 with epoch 0
2025-09-03 13:54:27,035 INFO  [org.apa.kaf.cli.con.ConsumerConfig] (main) These configurations '[apicurio.registry.url]' were supplied but are not used yet.
2025-09-03 13:54:27,035 INFO  [org.apa.kaf.com.uti.AppInfoParser] (main) Kafka version: 3.9.1
2025-09-03 13:54:27,036 INFO  [org.apa.kaf.com.uti.AppInfoParser] (main) Kafka commitId: f745dfdcee2b9851
2025-09-03 13:54:27,036 INFO  [org.apa.kaf.com.uti.AppInfoParser] (main) Kafka startTimeMs: 1756907667035
2025-09-03 13:54:27,037 INFO  [io.api.tes.ser.api.KafkaSerdesTester] (ForkJoinPool.commonPool-worker-2) Sending message {"key11756907665994": "value-0"} to topic topic-d92950e7_8b19_4244_9fd7_1c1961213d92
2025-09-03 13:54:27,043 INFO  [DefaultSchemaResolver] (ForkJoinPool.commonPool-worker-2) Retrieving schema content using string: {"type":"record","name":"sa7a6179dx78dbx48ddxa7c2x32b141335163","namespace":"ns_04265c91_8ffe_4f8c_864e_c5607dd75462","fields":[{"name":"key11756907665994","type":"string"}]}
2025-09-03 13:54:27,069 INFO  [io.api.tes.ser.api.KafkaSerdesTester] (ForkJoinPool.commonPool-worker-2) Sending message {"key11756907665994": "value-1"} to topic topic-d92950e7_8b19_4244_9fd7_1c1961213d92
2025-09-03 13:54:27,071 INFO  [io.api.tes.ser.api.KafkaSerdesTester] (ForkJoinPool.commonPool-worker-2) Sending message {"key11756907665994": "value-2"} to topic topic-d92950e7_8b19_4244_9fd7_1c1961213d92
2025-09-03 13:54:27,072 INFO  [io.api.tes.ser.api.KafkaSerdesTester] (ForkJoinPool.commonPool-worker-2) Sending message {"key11756907665994": "value-3"} to topic topic-d92950e7_8b19_4244_9fd7_1c1961213d92
2025-09-03 13:54:27,073 INFO  [io.api.tes.ser.api.KafkaSerdesTester] (ForkJoinPool.commonPool-worker-2) Sending message {"key11756907665994": "value-4"} to topic topic-d92950e7_8b19_4244_9fd7_1c1961213d92
2025-09-03 13:54:27,075 INFO  [io.api.tes.ser.api.KafkaSerdesTester] (ForkJoinPool.commonPool-worker-2) Sending message {"key11756907665994": "value-5"} to topic topic-d92950e7_8b19_4244_9fd7_1c1961213d92
2025-09-03 13:54:27,076 INFO  [io.api.tes.ser.api.KafkaSerdesTester] (ForkJoinPool.commonPool-worker-2) Sending message {"key11756907665994": "value-6"} to topic topic-d92950e7_8b19_4244_9fd7_1c1961213d92
2025-09-03 13:54:27,077 INFO  [io.api.tes.ser.api.KafkaSerdesTester] (ForkJoinPool.commonPool-worker-2) Sending message {"key11756907665994": "value-7"} to topic topic-d92950e7_8b19_4244_9fd7_1c1961213d92
2025-09-03 13:54:27,079 INFO  [io.api.tes.ser.api.KafkaSerdesTester] (ForkJoinPool.commonPool-worker-2) Sending message {"key11756907665994": "value-8"} to topic topic-d92950e7_8b19_4244_9fd7_1c1961213d92
2025-09-03 13:54:27,080 INFO  [io.api.tes.ser.api.KafkaSerdesTester] (ForkJoinPool.commonPool-worker-2) Sending message {"key11756907665994": "value-9"} to topic topic-d92950e7_8b19_4244_9fd7_1c1961213d92
2025-09-03 13:54:27,081 INFO  [io.api.tes.ser.api.KafkaSerdesTester] (ForkJoinPool.commonPool-worker-2) Produced 10 messages
2025-09-03 13:54:27,082 INFO  [org.apa.kaf.cli.con.int.ClassicKafkaConsumer] (ForkJoinPool.commonPool-worker-2) [Consumer clientId=consumer-Consumer-topic-d92950e7_8b19_4244_9fd7_1c1961213d92-9, groupId=Consumer-topic-d92950e7_8b19_4244_9fd7_1c1961213d92] Subscribed to topic(s): topic-d92950e7_8b19_4244_9fd7_1c1961213d92
2025-09-03 13:54:27,085 INFO  [org.apa.kaf.cli.Metadata] (ForkJoinPool.commonPool-worker-2) [Consumer clientId=consumer-Consumer-topic-d92950e7_8b19_4244_9fd7_1c1961213d92-9, groupId=Consumer-topic-d92950e7_8b19_4244_9fd7_1c1961213d92] Cluster ID: zfwsSXvVT6qhU8UlUF5FTQ
2025-09-03 13:54:27,086 INFO  [org.apa.kaf.cli.con.int.ConsumerCoordinator] (ForkJoinPool.commonPool-worker-2) [Consumer clientId=consumer-Consumer-topic-d92950e7_8b19_4244_9fd7_1c1961213d92-9, groupId=Consumer-topic-d92950e7_8b19_4244_9fd7_1c1961213d92] Discovered group coordinator localhost:32769 (id: 2147483647 rack: null)
2025-09-03 13:54:27,087 INFO  [org.apa.kaf.cli.con.int.ConsumerCoordinator] (ForkJoinPool.commonPool-worker-2) [Consumer clientId=consumer-Consumer-topic-d92950e7_8b19_4244_9fd7_1c1961213d92-9, groupId=Consumer-topic-d92950e7_8b19_4244_9fd7_1c1961213d92] (Re-)joining group
2025-09-03 13:54:27,089 INFO  [org.apa.kaf.cli.con.int.ConsumerCoordinator] (ForkJoinPool.commonPool-worker-2) [Consumer clientId=consumer-Consumer-topic-d92950e7_8b19_4244_9fd7_1c1961213d92-9, groupId=Consumer-topic-d92950e7_8b19_4244_9fd7_1c1961213d92] Request joining group due to: need to re-join with the given member-id: consumer-Consumer-topic-d92950e7_8b19_4244_9fd7_1c1961213d92-9-53f910a9-ac8b-49b8-add5-997f5be50b78
2025-09-03 13:54:27,089 INFO  [org.apa.kaf.cli.con.int.ConsumerCoordinator] (ForkJoinPool.commonPool-worker-2) [Consumer clientId=consumer-Consumer-topic-d92950e7_8b19_4244_9fd7_1c1961213d92-9, groupId=Consumer-topic-d92950e7_8b19_4244_9fd7_1c1961213d92] (Re-)joining group
2025-09-03 13:54:28,082 INFO  [io.api.tes.ser.api.KafkaSerdesTester] (ForkJoinPool.commonPool-worker-2) None found
2025-09-03 13:54:29,083 INFO  [io.api.tes.ser.api.KafkaSerdesTester] (ForkJoinPool.commonPool-worker-2) None found
2025-09-03 13:54:30,084 INFO  [io.api.tes.ser.api.KafkaSerdesTester] (ForkJoinPool.commonPool-worker-2) None found
2025-09-03 13:54:30,089 INFO  [org.apa.kaf.cli.con.int.ConsumerCoordinator] (ForkJoinPool.commonPool-worker-2) [Consumer clientId=consumer-Consumer-topic-d92950e7_8b19_4244_9fd7_1c1961213d92-9, groupId=Consumer-topic-d92950e7_8b19_4244_9fd7_1c1961213d92] Successfully joined group with generation Generation{generationId=1, memberId='consumer-Consumer-topic-d92950e7_8b19_4244_9fd7_1c1961213d92-9-53f910a9-ac8b-49b8-add5-997f5be50b78', protocol='range'}
2025-09-03 13:54:30,090 INFO  [org.apa.kaf.cli.con.int.ConsumerCoordinator] (ForkJoinPool.commonPool-worker-2) [Consumer clientId=consumer-Consumer-topic-d92950e7_8b19_4244_9fd7_1c1961213d92-9, groupId=Consumer-topic-d92950e7_8b19_4244_9fd7_1c1961213d92] Finished assignment for group at generation 1: {consumer-Consumer-topic-d92950e7_8b19_4244_9fd7_1c1961213d92-9-53f910a9-ac8b-49b8-add5-997f5be50b78=Assignment(partitions=[topic-d92950e7_8b19_4244_9fd7_1c1961213d92-0])}
2025-09-03 13:54:30,095 INFO  [org.apa.kaf.cli.con.int.ConsumerCoordinator] (ForkJoinPool.commonPool-worker-2) [Consumer clientId=consumer-Consumer-topic-d92950e7_8b19_4244_9fd7_1c1961213d92-9, groupId=Consumer-topic-d92950e7_8b19_4244_9fd7_1c1961213d92] Successfully synced group in generation Generation{generationId=1, memberId='consumer-Consumer-topic-d92950e7_8b19_4244_9fd7_1c1961213d92-9-53f910a9-ac8b-49b8-add5-997f5be50b78', protocol='range'}
2025-09-03 13:54:30,095 INFO  [org.apa.kaf.cli.con.int.ConsumerCoordinator] (ForkJoinPool.commonPool-worker-2) [Consumer clientId=consumer-Consumer-topic-d92950e7_8b19_4244_9fd7_1c1961213d92-9, groupId=Consumer-topic-d92950e7_8b19_4244_9fd7_1c1961213d92] Notifying assignor about the new Assignment(partitions=[topic-d92950e7_8b19_4244_9fd7_1c1961213d92-0])
2025-09-03 13:54:30,096 INFO  [org.apa.kaf.cli.con.int.ConsumerRebalanceListenerInvoker] (ForkJoinPool.commonPool-worker-2) [Consumer clientId=consumer-Consumer-topic-d92950e7_8b19_4244_9fd7_1c1961213d92-9, groupId=Consumer-topic-d92950e7_8b19_4244_9fd7_1c1961213d92] Adding newly assigned partitions: topic-d92950e7_8b19_4244_9fd7_1c1961213d92-0
2025-09-03 13:54:30,096 INFO  [org.apa.kaf.cli.con.int.ConsumerCoordinator] (ForkJoinPool.commonPool-worker-2) [Consumer clientId=consumer-Consumer-topic-d92950e7_8b19_4244_9fd7_1c1961213d92-9, groupId=Consumer-topic-d92950e7_8b19_4244_9fd7_1c1961213d92] Found no committed offset for partition topic-d92950e7_8b19_4244_9fd7_1c1961213d92-0
2025-09-03 13:54:30,099 INFO  [org.apa.kaf.cli.con.int.SubscriptionState] (ForkJoinPool.commonPool-worker-2) [Consumer clientId=consumer-Consumer-topic-d92950e7_8b19_4244_9fd7_1c1961213d92-9, groupId=Consumer-topic-d92950e7_8b19_4244_9fd7_1c1961213d92] Resetting offset for partition topic-d92950e7_8b19_4244_9fd7_1c1961213d92-0 to position FetchPosition{offset=0, offsetEpoch=Optional.empty, currentLeader=LeaderAndEpoch{leader=Optional[localhost:32769 (id: 0 rack: null)], epoch=0}}.
2025-09-03 13:54:30,136 INFO  [io.api.tes.ser.api.KafkaSerdesTester] (ForkJoinPool.commonPool-worker-2) topic-d92950e7_8b19_4244_9fd7_1c1961213d92 0 0 {"key11756907665994": "value-0"}
2025-09-03 13:54:30,136 INFO  [io.api.tes.ser.api.KafkaSerdesTester] (ForkJoinPool.commonPool-worker-2) topic-d92950e7_8b19_4244_9fd7_1c1961213d92 0 1 {"key11756907665994": "value-1"}
2025-09-03 13:54:30,136 INFO  [io.api.tes.ser.api.KafkaSerdesTester] (ForkJoinPool.commonPool-worker-2) topic-d92950e7_8b19_4244_9fd7_1c1961213d92 0 2 {"key11756907665994": "value-2"}
2025-09-03 13:54:30,136 INFO  [io.api.tes.ser.api.KafkaSerdesTester] (ForkJoinPool.commonPool-worker-2) topic-d92950e7_8b19_4244_9fd7_1c1961213d92 0 3 {"key11756907665994": "value-3"}
2025-09-03 13:54:30,136 INFO  [io.api.tes.ser.api.KafkaSerdesTester] (ForkJoinPool.commonPool-worker-2) topic-d92950e7_8b19_4244_9fd7_1c1961213d92 0 4 {"key11756907665994": "value-4"}
2025-09-03 13:54:30,136 INFO  [io.api.tes.ser.api.KafkaSerdesTester] (ForkJoinPool.commonPool-worker-2) topic-d92950e7_8b19_4244_9fd7_1c1961213d92 0 5 {"key11756907665994": "value-5"}
2025-09-03 13:54:30,136 INFO  [io.api.tes.ser.api.KafkaSerdesTester] (ForkJoinPool.commonPool-worker-2) topic-d92950e7_8b19_4244_9fd7_1c1961213d92 0 6 {"key11756907665994": "value-6"}
2025-09-03 13:54:30,136 INFO  [io.api.tes.ser.api.KafkaSerdesTester] (ForkJoinPool.commonPool-worker-2) topic-d92950e7_8b19_4244_9fd7_1c1961213d92 0 7 {"key11756907665994": "value-7"}
2025-09-03 13:54:30,136 INFO  [io.api.tes.ser.api.KafkaSerdesTester] (ForkJoinPool.commonPool-worker-2) topic-d92950e7_8b19_4244_9fd7_1c1961213d92 0 8 {"key11756907665994": "value-8"}
2025-09-03 13:54:30,136 INFO  [io.api.tes.ser.api.KafkaSerdesTester] (ForkJoinPool.commonPool-worker-2) topic-d92950e7_8b19_4244_9fd7_1c1961213d92 0 9 {"key11756907665994": "value-9"}
2025-09-03 13:54:30,136 INFO  [io.api.tes.ser.api.KafkaSerdesTester] (ForkJoinPool.commonPool-worker-2) Consumed 10 messages
2025-09-03 13:54:30,136 INFO  [io.api.tes.ser.api.AvroSerdeIT] (main) Registering Avro Schema 2: {"type":"record","name":"sa7a6179dx78dbx48ddxa7c2x32b141335163","namespace":"ns_04265c91_8ffe_4f8c_864e_c5607dd75462","fields":[{"name":"key11756907665994","type":"string"},{"name":"key21756907670136","type":"string"}]}
2025-09-03 13:54:31,173 INFO  [io.api.tes.ser.api.KafkaSerdesTester] (ForkJoinPool.commonPool-worker-2) Sending message {"key11756907665994": "value-0", "key21756907670136": "value-0"} to topic topic-d92950e7_8b19_4244_9fd7_1c1961213d92
2025-09-03 13:54:31,173 INFO  [DefaultSchemaResolver] (ForkJoinPool.commonPool-worker-2) Retrieving schema content using string: {"type":"record","name":"sa7a6179dx78dbx48ddxa7c2x32b141335163","namespace":"ns_04265c91_8ffe_4f8c_864e_c5607dd75462","fields":[{"name":"key11756907665994","type":"string"},{"name":"key21756907670136","type":"string"}]}
2025-09-03 13:54:31,192 INFO  [io.api.tes.ser.api.KafkaSerdesTester] (ForkJoinPool.commonPool-worker-2) Sending message {"key11756907665994": "value-1", "key21756907670136": "value-1"} to topic topic-d92950e7_8b19_4244_9fd7_1c1961213d92
2025-09-03 13:54:31,193 INFO  [io.api.tes.ser.api.KafkaSerdesTester] (ForkJoinPool.commonPool-worker-2) Sending message {"key11756907665994": "value-2", "key21756907670136": "value-2"} to topic topic-d92950e7_8b19_4244_9fd7_1c1961213d92
2025-09-03 13:54:31,194 INFO  [io.api.tes.ser.api.KafkaSerdesTester] (ForkJoinPool.commonPool-worker-2) Sending message {"key11756907665994": "value-3", "key21756907670136": "value-3"} to topic topic-d92950e7_8b19_4244_9fd7_1c1961213d92
2025-09-03 13:54:31,196 INFO  [io.api.tes.ser.api.KafkaSerdesTester] (ForkJoinPool.commonPool-worker-2) Sending message {"key11756907665994": "value-4", "key21756907670136": "value-4"} to topic topic-d92950e7_8b19_4244_9fd7_1c1961213d92
2025-09-03 13:54:31,197 INFO  [io.api.tes.ser.api.KafkaSerdesTester] (ForkJoinPool.commonPool-worker-2) Sending message {"key11756907665994": "value-5", "key21756907670136": "value-5"} to topic topic-d92950e7_8b19_4244_9fd7_1c1961213d92
2025-09-03 13:54:31,199 INFO  [io.api.tes.ser.api.KafkaSerdesTester] (ForkJoinPool.commonPool-worker-2) Sending message {"key11756907665994": "value-6", "key21756907670136": "value-6"} to topic topic-d92950e7_8b19_4244_9fd7_1c1961213d92
2025-09-03 13:54:31,200 INFO  [io.api.tes.ser.api.KafkaSerdesTester] (ForkJoinPool.commonPool-worker-2) Sending message {"key11756907665994": "value-7", "key21756907670136": "value-7"} to topic topic-d92950e7_8b19_4244_9fd7_1c1961213d92
2025-09-03 13:54:31,202 INFO  [io.api.tes.ser.api.KafkaSerdesTester] (ForkJoinPool.commonPool-worker-2) Sending message {"key11756907665994": "value-8", "key21756907670136": "value-8"} to topic topic-d92950e7_8b19_4244_9fd7_1c1961213d92
2025-09-03 13:54:31,203 INFO  [io.api.tes.ser.api.KafkaSerdesTester] (ForkJoinPool.commonPool-worker-2) Sending message {"key11756907665994": "value-9", "key21756907670136": "value-9"} to topic topic-d92950e7_8b19_4244_9fd7_1c1961213d92
2025-09-03 13:54:31,205 INFO  [io.api.tes.ser.api.KafkaSerdesTester] (ForkJoinPool.commonPool-worker-2) Produced 10 messages
2025-09-03 13:54:31,205 INFO  [io.api.tes.ser.api.KafkaSerdesTester] (ForkJoinPool.commonPool-worker-2) Sending message {"key11756907665994": "value-0"} to topic topic-d92950e7_8b19_4244_9fd7_1c1961213d92
2025-09-03 13:54:31,206 INFO  [io.api.tes.ser.api.KafkaSerdesTester] (ForkJoinPool.commonPool-worker-2) Sending message {"key11756907665994": "value-1"} to topic topic-d92950e7_8b19_4244_9fd7_1c1961213d92
2025-09-03 13:54:31,208 INFO  [io.api.tes.ser.api.KafkaSerdesTester] (ForkJoinPool.commonPool-worker-2) Sending message {"key11756907665994": "value-2"} to topic topic-d92950e7_8b19_4244_9fd7_1c1961213d92
2025-09-03 13:54:31,209 INFO  [io.api.tes.ser.api.KafkaSerdesTester] (ForkJoinPool.commonPool-worker-2) Sending message {"key11756907665994": "value-3"} to topic topic-d92950e7_8b19_4244_9fd7_1c1961213d92
2025-09-03 13:54:31,210 INFO  [io.api.tes.ser.api.KafkaSerdesTester] (ForkJoinPool.commonPool-worker-2) Sending message {"key11756907665994": "value-4"} to topic topic-d92950e7_8b19_4244_9fd7_1c1961213d92
2025-09-03 13:54:31,211 INFO  [io.api.tes.ser.api.KafkaSerdesTester] (ForkJoinPool.commonPool-worker-2) Sending message {"key11756907665994": "value-5"} to topic topic-d92950e7_8b19_4244_9fd7_1c1961213d92
2025-09-03 13:54:31,213 INFO  [io.api.tes.ser.api.KafkaSerdesTester] (ForkJoinPool.commonPool-worker-2) Sending message {"key11756907665994": "value-6"} to topic topic-d92950e7_8b19_4244_9fd7_1c1961213d92
2025-09-03 13:54:31,214 INFO  [io.api.tes.ser.api.KafkaSerdesTester] (ForkJoinPool.commonPool-worker-2) Sending message {"key11756907665994": "value-7"} to topic topic-d92950e7_8b19_4244_9fd7_1c1961213d92
2025-09-03 13:54:31,215 INFO  [io.api.tes.ser.api.KafkaSerdesTester] (ForkJoinPool.commonPool-worker-2) Sending message {"key11756907665994": "value-8"} to topic topic-d92950e7_8b19_4244_9fd7_1c1961213d92
2025-09-03 13:54:31,216 INFO  [io.api.tes.ser.api.KafkaSerdesTester] (ForkJoinPool.commonPool-worker-2) Sending message {"key11756907665994": "value-9"} to topic topic-d92950e7_8b19_4244_9fd7_1c1961213d92
2025-09-03 13:54:31,218 INFO  [io.api.tes.ser.api.KafkaSerdesTester] (ForkJoinPool.commonPool-worker-2) Produced 10 messages
2025-09-03 13:54:31,218 INFO  [org.apa.kaf.cli.con.int.ClassicKafkaConsumer] (ForkJoinPool.commonPool-worker-2) [Consumer clientId=consumer-Consumer-topic-d92950e7_8b19_4244_9fd7_1c1961213d92-9, groupId=Consumer-topic-d92950e7_8b19_4244_9fd7_1c1961213d92] Subscribed to topic(s): topic-d92950e7_8b19_4244_9fd7_1c1961213d92
2025-09-03 13:54:31,244 INFO  [io.api.tes.ser.api.KafkaSerdesTester] (ForkJoinPool.commonPool-worker-2) topic-d92950e7_8b19_4244_9fd7_1c1961213d92 0 10 {"key11756907665994": "value-0", "key21756907670136": "value-0"}
2025-09-03 13:54:31,244 INFO  [io.api.tes.ser.api.KafkaSerdesTester] (ForkJoinPool.commonPool-worker-2) topic-d92950e7_8b19_4244_9fd7_1c1961213d92 0 11 {"key11756907665994": "value-1", "key21756907670136": "value-1"}
2025-09-03 13:54:31,244 INFO  [io.api.tes.ser.api.KafkaSerdesTester] (ForkJoinPool.commonPool-worker-2) topic-d92950e7_8b19_4244_9fd7_1c1961213d92 0 12 {"key11756907665994": "value-2", "key21756907670136": "value-2"}
2025-09-03 13:54:31,244 INFO  [io.api.tes.ser.api.KafkaSerdesTester] (ForkJoinPool.commonPool-worker-2) topic-d92950e7_8b19_4244_9fd7_1c1961213d92 0 13 {"key11756907665994": "value-3", "key21756907670136": "value-3"}
2025-09-03 13:54:31,244 INFO  [io.api.tes.ser.api.KafkaSerdesTester] (ForkJoinPool.commonPool-worker-2) topic-d92950e7_8b19_4244_9fd7_1c1961213d92 0 14 {"key11756907665994": "value-4", "key21756907670136": "value-4"}
2025-09-03 13:54:31,244 INFO  [io.api.tes.ser.api.KafkaSerdesTester] (ForkJoinPool.commonPool-worker-2) topic-d92950e7_8b19_4244_9fd7_1c1961213d92 0 15 {"key11756907665994": "value-5", "key21756907670136": "value-5"}
2025-09-03 13:54:31,245 INFO  [io.api.tes.ser.api.KafkaSerdesTester] (ForkJoinPool.commonPool-worker-2) topic-d92950e7_8b19_4244_9fd7_1c1961213d92 0 16 {"key11756907665994": "value-6", "key21756907670136": "value-6"}
2025-09-03 13:54:31,245 INFO  [io.api.tes.ser.api.KafkaSerdesTester] (ForkJoinPool.commonPool-worker-2) topic-d92950e7_8b19_4244_9fd7_1c1961213d92 0 17 {"key11756907665994": "value-7", "key21756907670136": "value-7"}
2025-09-03 13:54:31,245 INFO  [io.api.tes.ser.api.KafkaSerdesTester] (ForkJoinPool.commonPool-worker-2) topic-d92950e7_8b19_4244_9fd7_1c1961213d92 0 18 {"key11756907665994": "value-8", "key21756907670136": "value-8"}
2025-09-03 13:54:31,245 INFO  [io.api.tes.ser.api.KafkaSerdesTester] (ForkJoinPool.commonPool-worker-2) topic-d92950e7_8b19_4244_9fd7_1c1961213d92 0 19 {"key11756907665994": "value-9", "key21756907670136": "value-9"}
2025-09-03 13:54:31,245 INFO  [io.api.tes.ser.api.KafkaSerdesTester] (ForkJoinPool.commonPool-worker-2) topic-d92950e7_8b19_4244_9fd7_1c1961213d92 0 20 {"key11756907665994": "value-0"}
2025-09-03 13:54:31,245 INFO  [io.api.tes.ser.api.KafkaSerdesTester] (ForkJoinPool.commonPool-worker-2) topic-d92950e7_8b19_4244_9fd7_1c1961213d92 0 21 {"key11756907665994": "value-1"}
2025-09-03 13:54:31,245 INFO  [io.api.tes.ser.api.KafkaSerdesTester] (ForkJoinPool.commonPool-worker-2) topic-d92950e7_8b19_4244_9fd7_1c1961213d92 0 22 {"key11756907665994": "value-2"}
2025-09-03 13:54:31,245 INFO  [io.api.tes.ser.api.KafkaSerdesTester] (ForkJoinPool.commonPool-worker-2) topic-d92950e7_8b19_4244_9fd7_1c1961213d92 0 23 {"key11756907665994": "value-3"}
2025-09-03 13:54:31,245 INFO  [io.api.tes.ser.api.KafkaSerdesTester] (ForkJoinPool.commonPool-worker-2) topic-d92950e7_8b19_4244_9fd7_1c1961213d92 0 24 {"key11756907665994": "value-4"}
2025-09-03 13:54:31,245 INFO  [io.api.tes.ser.api.KafkaSerdesTester] (ForkJoinPool.commonPool-worker-2) topic-d92950e7_8b19_4244_9fd7_1c1961213d92 0 25 {"key11756907665994": "value-5"}
2025-09-03 13:54:31,245 INFO  [io.api.tes.ser.api.KafkaSerdesTester] (ForkJoinPool.commonPool-worker-2) topic-d92950e7_8b19_4244_9fd7_1c1961213d92 0 26 {"key11756907665994": "value-6"}
2025-09-03 13:54:31,245 INFO  [io.api.tes.ser.api.KafkaSerdesTester] (ForkJoinPool.commonPool-worker-2) topic-d92950e7_8b19_4244_9fd7_1c1961213d92 0 27 {"key11756907665994": "value-7"}
2025-09-03 13:54:31,245 INFO  [io.api.tes.ser.api.KafkaSerdesTester] (ForkJoinPool.commonPool-worker-2) topic-d92950e7_8b19_4244_9fd7_1c1961213d92 0 28 {"key11756907665994": "value-8"}
2025-09-03 13:54:31,245 INFO  [io.api.tes.ser.api.KafkaSerdesTester] (ForkJoinPool.commonPool-worker-2) topic-d92950e7_8b19_4244_9fd7_1c1961213d92 0 29 {"key11756907665994": "value-9"}
2025-09-03 13:54:31,245 INFO  [io.api.tes.ser.api.KafkaSerdesTester] (ForkJoinPool.commonPool-worker-2) Consumed 20 messages
2025-09-03 13:54:31,246 INFO  [io.api.tes.ser.api.AvroSerdeIT] (main) Registering Avro Schema 3: {"type":"record","name":"sa7a6179dx78dbx48ddxa7c2x32b141335163","namespace":"ns_04265c91_8ffe_4f8c_864e_c5607dd75462","fields":[{"name":"key11756907665994","type":"string"},{"name":"key21756907670136","type":"string"},{"name":"key31756907671245","type":"string"}]}
2025-09-03 13:54:32,275 INFO  [io.api.tes.ser.api.KafkaSerdesTester] (ForkJoinPool.commonPool-worker-2) Sending message {"key11756907665994": "value-0", "key21756907670136": "value-0", "key31756907671245": "value-0"} to topic topic-d92950e7_8b19_4244_9fd7_1c1961213d92
2025-09-03 13:54:32,275 INFO  [DefaultSchemaResolver] (ForkJoinPool.commonPool-worker-2) Retrieving schema content using string: {"type":"record","name":"sa7a6179dx78dbx48ddxa7c2x32b141335163","namespace":"ns_04265c91_8ffe_4f8c_864e_c5607dd75462","fields":[{"name":"key11756907665994","type":"string"},{"name":"key21756907670136","type":"string"},{"name":"key31756907671245","type":"string"}]}
2025-09-03 13:54:32,293 INFO  [io.api.tes.ser.api.KafkaSerdesTester] (ForkJoinPool.commonPool-worker-2) Sending message {"key11756907665994": "value-1", "key21756907670136": "value-1", "key31756907671245": "value-1"} to topic topic-d92950e7_8b19_4244_9fd7_1c1961213d92
2025-09-03 13:54:32,294 INFO  [io.api.tes.ser.api.KafkaSerdesTester] (ForkJoinPool.commonPool-worker-2) Sending message {"key11756907665994": "value-2", "key21756907670136": "value-2", "key31756907671245": "value-2"} to topic topic-d92950e7_8b19_4244_9fd7_1c1961213d92
2025-09-03 13:54:32,295 INFO  [io.api.tes.ser.api.KafkaSerdesTester] (ForkJoinPool.commonPool-worker-2) Sending message {"key11756907665994": "value-3", "key21756907670136": "value-3", "key31756907671245": "value-3"} to topic topic-d92950e7_8b19_4244_9fd7_1c1961213d92
2025-09-03 13:54:32,297 INFO  [io.api.tes.ser.api.KafkaSerdesTester] (ForkJoinPool.commonPool-worker-2) Sending message {"key11756907665994": "value-4", "key21756907670136": "value-4", "key31756907671245": "value-4"} to topic topic-d92950e7_8b19_4244_9fd7_1c1961213d92
2025-09-03 13:54:32,298 INFO  [io.api.tes.ser.api.KafkaSerdesTester] (ForkJoinPool.commonPool-worker-2) Sending message {"key11756907665994": "value-5", "key21756907670136": "value-5", "key31756907671245": "value-5"} to topic topic-d92950e7_8b19_4244_9fd7_1c1961213d92
2025-09-03 13:54:32,299 INFO  [io.api.tes.ser.api.KafkaSerdesTester] (ForkJoinPool.commonPool-worker-2) Sending message {"key11756907665994": "value-6", "key21756907670136": "value-6", "key31756907671245": "value-6"} to topic topic-d92950e7_8b19_4244_9fd7_1c1961213d92
2025-09-03 13:54:32,300 INFO  [io.api.tes.ser.api.KafkaSerdesTester] (ForkJoinPool.commonPool-worker-2) Sending message {"key11756907665994": "value-7", "key21756907670136": "value-7", "key31756907671245": "value-7"} to topic topic-d92950e7_8b19_4244_9fd7_1c1961213d92
2025-09-03 13:54:32,302 INFO  [io.api.tes.ser.api.KafkaSerdesTester] (ForkJoinPool.commonPool-worker-2) Sending message {"key11756907665994": "value-8", "key21756907670136": "value-8", "key31756907671245": "value-8"} to topic topic-d92950e7_8b19_4244_9fd7_1c1961213d92
2025-09-03 13:54:32,303 INFO  [io.api.tes.ser.api.KafkaSerdesTester] (ForkJoinPool.commonPool-worker-2) Sending message {"key11756907665994": "value-9", "key21756907670136": "value-9", "key31756907671245": "value-9"} to topic topic-d92950e7_8b19_4244_9fd7_1c1961213d92
2025-09-03 13:54:32,304 INFO  [io.api.tes.ser.api.KafkaSerdesTester] (ForkJoinPool.commonPool-worker-2) Produced 10 messages
2025-09-03 13:54:32,304 INFO  [io.api.tes.ser.api.KafkaSerdesTester] (ForkJoinPool.commonPool-worker-2) Sending message {"key11756907665994": "value-0", "key21756907670136": "value-0"} to topic topic-d92950e7_8b19_4244_9fd7_1c1961213d92
2025-09-03 13:54:32,305 INFO  [io.api.tes.ser.api.KafkaSerdesTester] (ForkJoinPool.commonPool-worker-2) Sending message {"key11756907665994": "value-1", "key21756907670136": "value-1"} to topic topic-d92950e7_8b19_4244_9fd7_1c1961213d92
2025-09-03 13:54:32,307 INFO  [io.api.tes.ser.api.KafkaSerdesTester] (ForkJoinPool.commonPool-worker-2) Sending message {"key11756907665994": "value-2", "key21756907670136": "value-2"} to topic topic-d92950e7_8b19_4244_9fd7_1c1961213d92
2025-09-03 13:54:32,308 INFO  [io.api.tes.ser.api.KafkaSerdesTester] (ForkJoinPool.commonPool-worker-2) Sending message {"key11756907665994": "value-3", "key21756907670136": "value-3"} to topic topic-d92950e7_8b19_4244_9fd7_1c1961213d92
2025-09-03 13:54:32,309 INFO  [io.api.tes.ser.api.KafkaSerdesTester] (ForkJoinPool.commonPool-worker-2) Sending message {"key11756907665994": "value-4", "key21756907670136": "value-4"} to topic topic-d92950e7_8b19_4244_9fd7_1c1961213d92
2025-09-03 13:54:32,310 INFO  [io.api.tes.ser.api.KafkaSerdesTester] (ForkJoinPool.commonPool-worker-2) Sending message {"key11756907665994": "value-5", "key21756907670136": "value-5"} to topic topic-d92950e7_8b19_4244_9fd7_1c1961213d92
2025-09-03 13:54:32,311 INFO  [io.api.tes.ser.api.KafkaSerdesTester] (ForkJoinPool.commonPool-worker-2) Sending message {"key11756907665994": "value-6", "key21756907670136": "value-6"} to topic topic-d92950e7_8b19_4244_9fd7_1c1961213d92
2025-09-03 13:54:32,312 INFO  [io.api.tes.ser.api.KafkaSerdesTester] (ForkJoinPool.commonPool-worker-2) Sending message {"key11756907665994": "value-7", "key21756907670136": "value-7"} to topic topic-d92950e7_8b19_4244_9fd7_1c1961213d92
2025-09-03 13:54:32,314 INFO  [io.api.tes.ser.api.KafkaSerdesTester] (ForkJoinPool.commonPool-worker-2) Sending message {"key11756907665994": "value-8", "key21756907670136": "value-8"} to topic topic-d92950e7_8b19_4244_9fd7_1c1961213d92
2025-09-03 13:54:32,316 INFO  [io.api.tes.ser.api.KafkaSerdesTester] (ForkJoinPool.commonPool-worker-2) Sending message {"key11756907665994": "value-9", "key21756907670136": "value-9"} to topic topic-d92950e7_8b19_4244_9fd7_1c1961213d92
2025-09-03 13:54:32,317 INFO  [io.api.tes.ser.api.KafkaSerdesTester] (ForkJoinPool.commonPool-worker-2) Produced 10 messages
2025-09-03 13:54:32,317 INFO  [io.api.tes.ser.api.KafkaSerdesTester] (ForkJoinPool.commonPool-worker-2) Sending message {"key11756907665994": "value-0"} to topic topic-d92950e7_8b19_4244_9fd7_1c1961213d92
2025-09-03 13:54:32,318 INFO  [io.api.tes.ser.api.KafkaSerdesTester] (ForkJoinPool.commonPool-worker-2) Sending message {"key11756907665994": "value-1"} to topic topic-d92950e7_8b19_4244_9fd7_1c1961213d92
2025-09-03 13:54:32,320 INFO  [io.api.tes.ser.api.KafkaSerdesTester] (ForkJoinPool.commonPool-worker-2) Sending message {"key11756907665994": "value-2"} to topic topic-d92950e7_8b19_4244_9fd7_1c1961213d92
2025-09-03 13:54:32,321 INFO  [io.api.tes.ser.api.KafkaSerdesTester] (ForkJoinPool.commonPool-worker-2) Sending message {"key11756907665994": "value-3"} to topic topic-d92950e7_8b19_4244_9fd7_1c1961213d92
2025-09-03 13:54:32,322 INFO  [io.api.tes.ser.api.KafkaSerdesTester] (ForkJoinPool.commonPool-worker-2) Sending message {"key11756907665994": "value-4"} to topic topic-d92950e7_8b19_4244_9fd7_1c1961213d92
2025-09-03 13:54:32,323 INFO  [io.api.tes.ser.api.KafkaSerdesTester] (ForkJoinPool.commonPool-worker-2) Sending message {"key11756907665994": "value-5"} to topic topic-d92950e7_8b19_4244_9fd7_1c1961213d92
2025-09-03 13:54:32,324 INFO  [io.api.tes.ser.api.KafkaSerdesTester] (ForkJoinPool.commonPool-worker-2) Sending message {"key11756907665994": "value-6"} to topic topic-d92950e7_8b19_4244_9fd7_1c1961213d92
2025-09-03 13:54:32,326 INFO  [io.api.tes.ser.api.KafkaSerdesTester] (ForkJoinPool.commonPool-worker-2) Sending message {"key11756907665994": "value-7"} to topic topic-d92950e7_8b19_4244_9fd7_1c1961213d92
2025-09-03 13:54:32,327 INFO  [io.api.tes.ser.api.KafkaSerdesTester] (ForkJoinPool.commonPool-worker-2) Sending message {"key11756907665994": "value-8"} to topic topic-d92950e7_8b19_4244_9fd7_1c1961213d92
2025-09-03 13:54:32,328 INFO  [io.api.tes.ser.api.KafkaSerdesTester] (ForkJoinPool.commonPool-worker-2) Sending message {"key11756907665994": "value-9"} to topic topic-d92950e7_8b19_4244_9fd7_1c1961213d92
2025-09-03 13:54:32,329 INFO  [io.api.tes.ser.api.KafkaSerdesTester] (ForkJoinPool.commonPool-worker-2) Produced 10 messages
2025-09-03 13:54:32,330 INFO  [org.apa.kaf.cli.con.int.ClassicKafkaConsumer] (ForkJoinPool.commonPool-worker-2) [Consumer clientId=consumer-Consumer-topic-d92950e7_8b19_4244_9fd7_1c1961213d92-9, groupId=Consumer-topic-d92950e7_8b19_4244_9fd7_1c1961213d92] Subscribed to topic(s): topic-d92950e7_8b19_4244_9fd7_1c1961213d92
2025-09-03 13:54:32,358 INFO  [io.api.tes.ser.api.KafkaSerdesTester] (ForkJoinPool.commonPool-worker-2) topic-d92950e7_8b19_4244_9fd7_1c1961213d92 0 30 {"key11756907665994": "value-0", "key21756907670136": "value-0", "key31756907671245": "value-0"}
2025-09-03 13:54:32,358 INFO  [io.api.tes.ser.api.KafkaSerdesTester] (ForkJoinPool.commonPool-worker-2) topic-d92950e7_8b19_4244_9fd7_1c1961213d92 0 31 {"key11756907665994": "value-1", "key21756907670136": "value-1", "key31756907671245": "value-1"}
2025-09-03 13:54:32,358 INFO  [io.api.tes.ser.api.KafkaSerdesTester] (ForkJoinPool.commonPool-worker-2) topic-d92950e7_8b19_4244_9fd7_1c1961213d92 0 32 {"key11756907665994": "value-2", "key21756907670136": "value-2", "key31756907671245": "value-2"}
2025-09-03 13:54:32,358 INFO  [io.api.tes.ser.api.KafkaSerdesTester] (ForkJoinPool.commonPool-worker-2) topic-d92950e7_8b19_4244_9fd7_1c1961213d92 0 33 {"key11756907665994": "value-3", "key21756907670136": "value-3", "key31756907671245": "value-3"}
2025-09-03 13:54:32,358 INFO  [io.api.tes.ser.api.KafkaSerdesTester] (ForkJoinPool.commonPool-worker-2) topic-d92950e7_8b19_4244_9fd7_1c1961213d92 0 34 {"key11756907665994": "value-4", "key21756907670136": "value-4", "key31756907671245": "value-4"}
2025-09-03 13:54:32,358 INFO  [io.api.tes.ser.api.KafkaSerdesTester] (ForkJoinPool.commonPool-worker-2) topic-d92950e7_8b19_4244_9fd7_1c1961213d92 0 35 {"key11756907665994": "value-5", "key21756907670136": "value-5", "key31756907671245": "value-5"}
2025-09-03 13:54:32,358 INFO  [io.api.tes.ser.api.KafkaSerdesTester] (ForkJoinPool.commonPool-worker-2) topic-d92950e7_8b19_4244_9fd7_1c1961213d92 0 36 {"key11756907665994": "value-6", "key21756907670136": "value-6", "key31756907671245": "value-6"}
2025-09-03 13:54:32,358 INFO  [io.api.tes.ser.api.KafkaSerdesTester] (ForkJoinPool.commonPool-worker-2) topic-d92950e7_8b19_4244_9fd7_1c1961213d92 0 37 {"key11756907665994": "value-7", "key21756907670136": "value-7", "key31756907671245": "value-7"}
2025-09-03 13:54:32,358 INFO  [io.api.tes.ser.api.KafkaSerdesTester] (ForkJoinPool.commonPool-worker-2) topic-d92950e7_8b19_4244_9fd7_1c1961213d92 0 38 {"key11756907665994": "value-8", "key21756907670136": "value-8", "key31756907671245": "value-8"}
2025-09-03 13:54:32,358 INFO  [io.api.tes.ser.api.KafkaSerdesTester] (ForkJoinPool.commonPool-worker-2) topic-d92950e7_8b19_4244_9fd7_1c1961213d92 0 39 {"key11756907665994": "value-9", "key21756907670136": "value-9", "key31756907671245": "value-9"}
2025-09-03 13:54:32,359 INFO  [io.api.tes.ser.api.KafkaSerdesTester] (ForkJoinPool.commonPool-worker-2) topic-d92950e7_8b19_4244_9fd7_1c1961213d92 0 40 {"key11756907665994": "value-0", "key21756907670136": "value-0"}
2025-09-03 13:54:32,359 INFO  [io.api.tes.ser.api.KafkaSerdesTester] (ForkJoinPool.commonPool-worker-2) topic-d92950e7_8b19_4244_9fd7_1c1961213d92 0 41 {"key11756907665994": "value-1", "key21756907670136": "value-1"}
2025-09-03 13:54:32,359 INFO  [io.api.tes.ser.api.KafkaSerdesTester] (ForkJoinPool.commonPool-worker-2) topic-d92950e7_8b19_4244_9fd7_1c1961213d92 0 42 {"key11756907665994": "value-2", "key21756907670136": "value-2"}
2025-09-03 13:54:32,359 INFO  [io.api.tes.ser.api.KafkaSerdesTester] (ForkJoinPool.commonPool-worker-2) topic-d92950e7_8b19_4244_9fd7_1c1961213d92 0 43 {"key11756907665994": "value-3", "key21756907670136": "value-3"}
2025-09-03 13:54:32,359 INFO  [io.api.tes.ser.api.KafkaSerdesTester] (ForkJoinPool.commonPool-worker-2) topic-d92950e7_8b19_4244_9fd7_1c1961213d92 0 44 {"key11756907665994": "value-4", "key21756907670136": "value-4"}
2025-09-03 13:54:32,359 INFO  [io.api.tes.ser.api.KafkaSerdesTester] (ForkJoinPool.commonPool-worker-2) topic-d92950e7_8b19_4244_9fd7_1c1961213d92 0 45 {"key11756907665994": "value-5", "key21756907670136": "value-5"}
2025-09-03 13:54:32,359 INFO  [io.api.tes.ser.api.KafkaSerdesTester] (ForkJoinPool.commonPool-worker-2) topic-d92950e7_8b19_4244_9fd7_1c1961213d92 0 46 {"key11756907665994": "value-6", "key21756907670136": "value-6"}
2025-09-03 13:54:32,359 INFO  [io.api.tes.ser.api.KafkaSerdesTester] (ForkJoinPool.commonPool-worker-2) topic-d92950e7_8b19_4244_9fd7_1c1961213d92 0 47 {"key11756907665994": "value-7", "key21756907670136": "value-7"}
2025-09-03 13:54:32,359 INFO  [io.api.tes.ser.api.KafkaSerdesTester] (ForkJoinPool.commonPool-worker-2) topic-d92950e7_8b19_4244_9fd7_1c1961213d92 0 48 {"key11756907665994": "value-8", "key21756907670136": "value-8"}
2025-09-03 13:54:32,359 INFO  [io.api.tes.ser.api.KafkaSerdesTester] (ForkJoinPool.commonPool-worker-2) topic-d92950e7_8b19_4244_9fd7_1c1961213d92 0 49 {"key11756907665994": "value-9", "key21756907670136": "value-9"}
2025-09-03 13:54:32,359 INFO  [io.api.tes.ser.api.KafkaSerdesTester] (ForkJoinPool.commonPool-worker-2) topic-d92950e7_8b19_4244_9fd7_1c1961213d92 0 50 {"key11756907665994": "value-0"}
2025-09-03 13:54:32,359 INFO  [io.api.tes.ser.api.KafkaSerdesTester] (ForkJoinPool.commonPool-worker-2) topic-d92950e7_8b19_4244_9fd7_1c1961213d92 0 51 {"key11756907665994": "value-1"}
2025-09-03 13:54:32,359 INFO  [io.api.tes.ser.api.KafkaSerdesTester] (ForkJoinPool.commonPool-worker-2) topic-d92950e7_8b19_4244_9fd7_1c1961213d92 0 52 {"key11756907665994": "value-2"}
2025-09-03 13:54:32,359 INFO  [io.api.tes.ser.api.KafkaSerdesTester] (ForkJoinPool.commonPool-worker-2) topic-d92950e7_8b19_4244_9fd7_1c1961213d92 0 53 {"key11756907665994": "value-3"}
2025-09-03 13:54:32,359 INFO  [io.api.tes.ser.api.KafkaSerdesTester] (ForkJoinPool.commonPool-worker-2) topic-d92950e7_8b19_4244_9fd7_1c1961213d92 0 54 {"key11756907665994": "value-4"}
2025-09-03 13:54:32,359 INFO  [io.api.tes.ser.api.KafkaSerdesTester] (ForkJoinPool.commonPool-worker-2) topic-d92950e7_8b19_4244_9fd7_1c1961213d92 0 55 {"key11756907665994": "value-5"}
2025-09-03 13:54:32,359 INFO  [io.api.tes.ser.api.KafkaSerdesTester] (ForkJoinPool.commonPool-worker-2) topic-d92950e7_8b19_4244_9fd7_1c1961213d92 0 56 {"key11756907665994": "value-6"}
2025-09-03 13:54:32,359 INFO  [io.api.tes.ser.api.KafkaSerdesTester] (ForkJoinPool.commonPool-worker-2) topic-d92950e7_8b19_4244_9fd7_1c1961213d92 0 57 {"key11756907665994": "value-7"}
2025-09-03 13:54:32,360 INFO  [io.api.tes.ser.api.KafkaSerdesTester] (ForkJoinPool.commonPool-worker-2) topic-d92950e7_8b19_4244_9fd7_1c1961213d92 0 58 {"key11756907665994": "value-8"}
2025-09-03 13:54:32,360 INFO  [io.api.tes.ser.api.KafkaSerdesTester] (ForkJoinPool.commonPool-worker-2) topic-d92950e7_8b19_4244_9fd7_1c1961213d92 0 59 {"key11756907665994": "value-9"}
2025-09-03 13:54:32,360 INFO  [io.api.tes.ser.api.KafkaSerdesTester] (ForkJoinPool.commonPool-worker-2) Consumed 30 messages
2025-09-03 13:54:32,360 INFO  [org.apa.kaf.cli.pro.KafkaProducer] (main) [Producer clientId=Producer-topic-d92950e7_8b19_4244_9fd7_1c1961213d92] Closing the Kafka producer with timeoutMillis = 9223372036854775807 ms.
2025-09-03 13:54:32,361 INFO  [org.apa.kaf.com.met.Metrics] (main) Metrics scheduler closed
2025-09-03 13:54:32,361 INFO  [org.apa.kaf.com.met.Metrics] (main) Closing reporter org.apache.kafka.common.metrics.JmxReporter
2025-09-03 13:54:32,361 INFO  [org.apa.kaf.com.met.Metrics] (main) Closing reporter org.apache.kafka.common.telemetry.internals.ClientTelemetryReporter
2025-09-03 13:54:32,361 INFO  [org.apa.kaf.com.met.Metrics] (main) Metrics reporters closed
2025-09-03 13:54:32,362 INFO  [org.apa.kaf.com.uti.AppInfoParser] (main) App info kafka.producer for Producer-topic-d92950e7_8b19_4244_9fd7_1c1961213d92 unregistered
2025-09-03 13:54:32,369 INFO  [org.apa.kaf.cli.con.int.ConsumerRebalanceListenerInvoker] (main) [Consumer clientId=consumer-Consumer-topic-d92950e7_8b19_4244_9fd7_1c1961213d92-9, groupId=Consumer-topic-d92950e7_8b19_4244_9fd7_1c1961213d92] Revoke previously assigned partitions topic-d92950e7_8b19_4244_9fd7_1c1961213d92-0
2025-09-03 13:54:32,369 INFO  [org.apa.kaf.cli.con.int.ConsumerCoordinator] (main) [Consumer clientId=consumer-Consumer-topic-d92950e7_8b19_4244_9fd7_1c1961213d92-9, groupId=Consumer-topic-d92950e7_8b19_4244_9fd7_1c1961213d92] Member consumer-Consumer-topic-d92950e7_8b19_4244_9fd7_1c1961213d92-9-53f910a9-ac8b-49b8-add5-997f5be50b78 sending LeaveGroup request to coordinator localhost:32769 (id: 2147483647 rack: null) due to the consumer is being closed
2025-09-03 13:54:32,369 INFO  [org.apa.kaf.cli.con.int.ConsumerCoordinator] (main) [Consumer clientId=consumer-Consumer-topic-d92950e7_8b19_4244_9fd7_1c1961213d92-9, groupId=Consumer-topic-d92950e7_8b19_4244_9fd7_1c1961213d92] Resetting generation and member id due to: consumer pro-actively leaving the group
2025-09-03 13:54:32,369 INFO  [org.apa.kaf.cli.con.int.ConsumerCoordinator] (main) [Consumer clientId=consumer-Consumer-topic-d92950e7_8b19_4244_9fd7_1c1961213d92-9, groupId=Consumer-topic-d92950e7_8b19_4244_9fd7_1c1961213d92] Request joining group due to: consumer pro-actively leaving the group
2025-09-03 13:54:32,859 INFO  [org.apa.kaf.com.met.Metrics] (main) Metrics scheduler closed
2025-09-03 13:54:32,859 INFO  [org.apa.kaf.com.met.Metrics] (main) Closing reporter org.apache.kafka.common.metrics.JmxReporter
2025-09-03 13:54:32,859 INFO  [org.apa.kaf.com.met.Metrics] (main) Closing reporter org.apache.kafka.common.telemetry.internals.ClientTelemetryReporter
2025-09-03 13:54:32,859 INFO  [org.apa.kaf.com.met.Metrics] (main) Metrics reporters closed
2025-09-03 13:54:32,861 INFO  [org.apa.kaf.com.uti.AppInfoParser] (main) App info kafka.consumer for consumer-Consumer-topic-d92950e7_8b19_4244_9fd7_1c1961213d92-9 unregistered
2025-09-03 13:54:32,861 INFO  [io.api.tes.uti.TestSeparator] (main) io.apicurio.tests.serdes.apicurio.AvroSerdeIT.testEvolveAvroApicurioReusingClient-FINISHED
2025-09-03 13:54:32,861 INFO  [io.api.tes.uti.TestSeparator] (main) ############################################################################
Test passed: testEvolveAvroApicurioReusingClient
]]></system-out>
  </testcase>
  <testcase name="testProducerUsesDefaultConsumerUsesGlobalId" classname="io.apicurio.tests.serdes.apicurio.AvroSerdeIT" time="0.0">
    <skipped message="void io.apicurio.tests.serdes.apicurio.AvroSerdeIT.testProducerUsesDefaultConsumerUsesGlobalId() throws java.lang.Exception is @Disabled"/>
  </testcase>
  <testcase name="testEvolveAvroApicurio" classname="io.apicurio.tests.serdes.apicurio.AvroSerdeIT" time="14.279">
    <system-out><![CDATA[2025-09-03 13:54:32,864 INFO  [io.api.tes.uti.TestSeparator] (main) ############################################################################
2025-09-03 13:54:32,864 INFO  [io.api.tes.uti.TestSeparator] (main) io.apicurio.tests.serdes.apicurio.AvroSerdeIT.testEvolveAvroApicurio-STARTED
2025-09-03 13:54:32,865 INFO  [io.api.tes.ser.api.AvroSerdeIT] (main) Registering Avro Schema: {"type":"record","name":"s24590c58x0ae4x4d31xa451x39f55089f493","namespace":"ns_5d09f28a_c756_4e14_a2f4_9eedbee5ade8","fields":[{"name":"key11756907672864","type":"string"}]}
**** Registry Base URL: http://registry-app-inmemory.apps.ci419.apicurio-testing.org:80
2025-09-03 13:54:33,902 INFO  [org.apa.kaf.cli.pro.ProducerConfig] (main) ProducerConfig values: 
	acks = -1
	auto.include.jmx.reporter = true
	batch.size = 16384
	bootstrap.servers = [PLAINTEXT://localhost:32769]
	buffer.memory = 33554432
	client.dns.lookup = use_all_dns_ips
	client.id = Producer-topic-2ea2c054_6c47_4b9d_9128_ecd070603643
	compression.gzip.level = -1
	compression.lz4.level = 9
	compression.type = none
	compression.zstd.level = 3
	connections.max.idle.ms = 10000
	delivery.timeout.ms = 120000
	enable.idempotence = true
	enable.metrics.push = true
	interceptor.classes = []
	key.serializer = class org.apache.kafka.common.serialization.StringSerializer
	linger.ms = 0
	max.block.ms = 60000
	max.in.flight.requests.per.connection = 5
	max.request.size = 1048576
	metadata.max.age.ms = 300000
	metadata.max.idle.ms = 300000
	metadata.recovery.strategy = none
	metric.reporters = []
	metrics.num.samples = 2
	metrics.recording.level = INFO
	metrics.sample.window.ms = 30000
	partitioner.adaptive.partitioning.enable = true
	partitioner.availability.timeout.ms = 0
	partitioner.class = null
	partitioner.ignore.keys = false
	receive.buffer.bytes = 32768
	reconnect.backoff.max.ms = 1000
	reconnect.backoff.ms = 50
	request.timeout.ms = 5000
	retries = 2147483647
	retry.backoff.max.ms = 1000
	retry.backoff.ms = 100
	sasl.client.callback.handler.class = null
	sasl.jaas.config = null
	sasl.kerberos.kinit.cmd = /usr/bin/kinit
	sasl.kerberos.min.time.before.relogin = 60000
	sasl.kerberos.service.name = null
	sasl.kerberos.ticket.renew.jitter = 0.05
	sasl.kerberos.ticket.renew.window.factor = 0.8
	sasl.login.callback.handler.class = null
	sasl.login.class = null
	sasl.login.connect.timeout.ms = null
	sasl.login.read.timeout.ms = null
	sasl.login.refresh.buffer.seconds = 300
	sasl.login.refresh.min.period.seconds = 60
	sasl.login.refresh.window.factor = 0.8
	sasl.login.refresh.window.jitter = 0.05
	sasl.login.retry.backoff.max.ms = 10000
	sasl.login.retry.backoff.ms = 100
	sasl.mechanism = GSSAPI
	sasl.oauthbearer.clock.skew.seconds = 30
	sasl.oauthbearer.expected.audience = null
	sasl.oauthbearer.expected.issuer = null
	sasl.oauthbearer.header.urlencode = false
	sasl.oauthbearer.jwks.endpoint.refresh.ms = 3600000
	sasl.oauthbearer.jwks.endpoint.retry.backoff.max.ms = 10000
	sasl.oauthbearer.jwks.endpoint.retry.backoff.ms = 100
	sasl.oauthbearer.jwks.endpoint.url = null
	sasl.oauthbearer.scope.claim.name = scope
	sasl.oauthbearer.sub.claim.name = sub
	sasl.oauthbearer.token.endpoint.url = null
	security.protocol = PLAINTEXT
	security.providers = null
	send.buffer.bytes = 131072
	socket.connection.setup.timeout.max.ms = 30000
	socket.connection.setup.timeout.ms = 10000
	ssl.cipher.suites = null
	ssl.enabled.protocols = [TLSv1.2, TLSv1.3]
	ssl.endpoint.identification.algorithm = https
	ssl.engine.factory.class = null
	ssl.key.password = null
	ssl.keymanager.algorithm = SunX509
	ssl.keystore.certificate.chain = null
	ssl.keystore.key = null
	ssl.keystore.location = null
	ssl.keystore.password = null
	ssl.keystore.type = JKS
	ssl.protocol = TLSv1.3
	ssl.provider = null
	ssl.secure.random.implementation = null
	ssl.trustmanager.algorithm = PKIX
	ssl.truststore.certificates = null
	ssl.truststore.location = null
	ssl.truststore.password = null
	ssl.truststore.type = JKS
	transaction.timeout.ms = 60000
	transactional.id = null
	value.serializer = class io.apicurio.registry.serde.avro.AvroKafkaSerializer

2025-09-03 13:54:33,902 INFO  [org.apa.kaf.com.tel.int.KafkaMetricsCollector] (main) initializing Kafka metrics collector
2025-09-03 13:54:33,905 INFO  [org.apa.kaf.cli.pro.KafkaProducer] (main) [Producer clientId=Producer-topic-2ea2c054_6c47_4b9d_9128_ecd070603643] Instantiated an idempotent producer.
2025-09-03 13:54:33,906 INFO  [org.apa.kaf.cli.pro.ProducerConfig] (main) These configurations '[apicurio.registry.url, apicurio.registry.artifact-resolver-strategy]' were supplied but are not used yet.
2025-09-03 13:54:33,906 INFO  [org.apa.kaf.com.uti.AppInfoParser] (main) Kafka version: 3.9.1
2025-09-03 13:54:33,906 INFO  [org.apa.kaf.com.uti.AppInfoParser] (main) Kafka commitId: f745dfdcee2b9851
2025-09-03 13:54:33,906 INFO  [org.apa.kaf.com.uti.AppInfoParser] (main) Kafka startTimeMs: 1756907673906
**** Registry Base URL: http://registry-app-inmemory.apps.ci419.apicurio-testing.org:80
2025-09-03 13:54:33,907 INFO  [org.apa.kaf.cli.con.ConsumerConfig] (main) ConsumerConfig values: 
	allow.auto.create.topics = true
	auto.commit.interval.ms = 500
	auto.include.jmx.reporter = true
	auto.offset.reset = earliest
	bootstrap.servers = [PLAINTEXT://localhost:32769]
	check.crcs = true
	client.dns.lookup = use_all_dns_ips
	client.id = consumer-Consumer-topic-2ea2c054_6c47_4b9d_9128_ecd070603643-10
	client.rack = 
	connections.max.idle.ms = 10000
	default.api.timeout.ms = 60000
	enable.auto.commit = true
	enable.metrics.push = true
	exclude.internal.topics = true
	fetch.max.bytes = 52428800
	fetch.max.wait.ms = 500
	fetch.min.bytes = 1
	group.id = Consumer-topic-2ea2c054_6c47_4b9d_9128_ecd070603643
	group.instance.id = null
	group.protocol = classic
	group.remote.assignor = null
	heartbeat.interval.ms = 3000
	interceptor.classes = []
	internal.leave.group.on.close = true
	internal.throw.on.fetch.stable.offset.unsupported = false
	isolation.level = read_uncommitted
	key.deserializer = class org.apache.kafka.common.serialization.StringDeserializer
	max.partition.fetch.bytes = 1048576
	max.poll.interval.ms = 300000
	max.poll.records = 500
	metadata.max.age.ms = 300000
	metadata.recovery.strategy = none
	metric.reporters = []
	metrics.num.samples = 2
	metrics.recording.level = INFO
	metrics.sample.window.ms = 30000
	partition.assignment.strategy = [class org.apache.kafka.clients.consumer.RangeAssignor, class org.apache.kafka.clients.consumer.CooperativeStickyAssignor]
	receive.buffer.bytes = 65536
	reconnect.backoff.max.ms = 1000
	reconnect.backoff.ms = 50
	request.timeout.ms = 5000
	retry.backoff.max.ms = 1000
	retry.backoff.ms = 100
	sasl.client.callback.handler.class = null
	sasl.jaas.config = null
	sasl.kerberos.kinit.cmd = /usr/bin/kinit
	sasl.kerberos.min.time.before.relogin = 60000
	sasl.kerberos.service.name = null
	sasl.kerberos.ticket.renew.jitter = 0.05
	sasl.kerberos.ticket.renew.window.factor = 0.8
	sasl.login.callback.handler.class = null
	sasl.login.class = null
	sasl.login.connect.timeout.ms = null
	sasl.login.read.timeout.ms = null
	sasl.login.refresh.buffer.seconds = 300
	sasl.login.refresh.min.period.seconds = 60
	sasl.login.refresh.window.factor = 0.8
	sasl.login.refresh.window.jitter = 0.05
	sasl.login.retry.backoff.max.ms = 10000
	sasl.login.retry.backoff.ms = 100
	sasl.mechanism = GSSAPI
	sasl.oauthbearer.clock.skew.seconds = 30
	sasl.oauthbearer.expected.audience = null
	sasl.oauthbearer.expected.issuer = null
	sasl.oauthbearer.header.urlencode = false
	sasl.oauthbearer.jwks.endpoint.refresh.ms = 3600000
	sasl.oauthbearer.jwks.endpoint.retry.backoff.max.ms = 10000
	sasl.oauthbearer.jwks.endpoint.retry.backoff.ms = 100
	sasl.oauthbearer.jwks.endpoint.url = null
	sasl.oauthbearer.scope.claim.name = scope
	sasl.oauthbearer.sub.claim.name = sub
	sasl.oauthbearer.token.endpoint.url = null
	security.protocol = PLAINTEXT
	security.providers = null
	send.buffer.bytes = 131072
	session.timeout.ms = 45000
	socket.connection.setup.timeout.max.ms = 30000
	socket.connection.setup.timeout.ms = 10000
	ssl.cipher.suites = null
	ssl.enabled.protocols = [TLSv1.2, TLSv1.3]
	ssl.endpoint.identification.algorithm = https
	ssl.engine.factory.class = null
	ssl.key.password = null
	ssl.keymanager.algorithm = SunX509
	ssl.keystore.certificate.chain = null
	ssl.keystore.key = null
	ssl.keystore.location = null
	ssl.keystore.password = null
	ssl.keystore.type = JKS
	ssl.protocol = TLSv1.3
	ssl.provider = null
	ssl.secure.random.implementation = null
	ssl.trustmanager.algorithm = PKIX
	ssl.truststore.certificates = null
	ssl.truststore.location = null
	ssl.truststore.password = null
	ssl.truststore.type = JKS
	value.deserializer = class io.apicurio.registry.serde.avro.AvroKafkaDeserializer

2025-09-03 13:54:33,907 INFO  [org.apa.kaf.com.tel.int.KafkaMetricsCollector] (main) initializing Kafka metrics collector
2025-09-03 13:54:33,909 INFO  [org.apa.kaf.cli.Metadata] (kafka-producer-network-thread | Producer-topic-2ea2c054_6c47_4b9d_9128_ecd070603643) [Producer clientId=Producer-topic-2ea2c054_6c47_4b9d_9128_ecd070603643] Cluster ID: zfwsSXvVT6qhU8UlUF5FTQ
2025-09-03 13:54:33,909 INFO  [org.apa.kaf.cli.pro.int.TransactionManager] (kafka-producer-network-thread | Producer-topic-2ea2c054_6c47_4b9d_9128_ecd070603643) [Producer clientId=Producer-topic-2ea2c054_6c47_4b9d_9128_ecd070603643] ProducerId set to 12 with epoch 0
2025-09-03 13:54:33,912 INFO  [org.apa.kaf.cli.con.ConsumerConfig] (main) These configurations '[apicurio.registry.url]' were supplied but are not used yet.
2025-09-03 13:54:33,912 INFO  [org.apa.kaf.com.uti.AppInfoParser] (main) Kafka version: 3.9.1
2025-09-03 13:54:33,912 INFO  [org.apa.kaf.com.uti.AppInfoParser] (main) Kafka commitId: f745dfdcee2b9851
2025-09-03 13:54:33,912 INFO  [org.apa.kaf.com.uti.AppInfoParser] (main) Kafka startTimeMs: 1756907673912
2025-09-03 13:54:33,912 INFO  [io.api.tes.ser.api.KafkaSerdesTester] (ForkJoinPool.commonPool-worker-2) Sending message {"key11756907672864": "value-0"} to topic topic-2ea2c054_6c47_4b9d_9128_ecd070603643
2025-09-03 13:54:33,914 INFO  [DefaultSchemaResolver] (ForkJoinPool.commonPool-worker-2) Retrieving schema content using string: {"type":"record","name":"s24590c58x0ae4x4d31xa451x39f55089f493","namespace":"ns_5d09f28a_c756_4e14_a2f4_9eedbee5ade8","fields":[{"name":"key11756907672864","type":"string"}]}
2025-09-03 13:54:33,941 INFO  [io.api.tes.ser.api.KafkaSerdesTester] (ForkJoinPool.commonPool-worker-2) Sending message {"key11756907672864": "value-1"} to topic topic-2ea2c054_6c47_4b9d_9128_ecd070603643
2025-09-03 13:54:33,943 INFO  [io.api.tes.ser.api.KafkaSerdesTester] (ForkJoinPool.commonPool-worker-2) Sending message {"key11756907672864": "value-2"} to topic topic-2ea2c054_6c47_4b9d_9128_ecd070603643
2025-09-03 13:54:33,944 INFO  [io.api.tes.ser.api.KafkaSerdesTester] (ForkJoinPool.commonPool-worker-2) Sending message {"key11756907672864": "value-3"} to topic topic-2ea2c054_6c47_4b9d_9128_ecd070603643
2025-09-03 13:54:33,945 INFO  [io.api.tes.ser.api.KafkaSerdesTester] (ForkJoinPool.commonPool-worker-2) Sending message {"key11756907672864": "value-4"} to topic topic-2ea2c054_6c47_4b9d_9128_ecd070603643
2025-09-03 13:54:33,947 INFO  [io.api.tes.ser.api.KafkaSerdesTester] (ForkJoinPool.commonPool-worker-2) Sending message {"key11756907672864": "value-5"} to topic topic-2ea2c054_6c47_4b9d_9128_ecd070603643
2025-09-03 13:54:33,948 INFO  [io.api.tes.ser.api.KafkaSerdesTester] (ForkJoinPool.commonPool-worker-2) Sending message {"key11756907672864": "value-6"} to topic topic-2ea2c054_6c47_4b9d_9128_ecd070603643
2025-09-03 13:54:33,949 INFO  [io.api.tes.ser.api.KafkaSerdesTester] (ForkJoinPool.commonPool-worker-2) Sending message {"key11756907672864": "value-7"} to topic topic-2ea2c054_6c47_4b9d_9128_ecd070603643
2025-09-03 13:54:33,950 INFO  [io.api.tes.ser.api.KafkaSerdesTester] (ForkJoinPool.commonPool-worker-2) Sending message {"key11756907672864": "value-8"} to topic topic-2ea2c054_6c47_4b9d_9128_ecd070603643
2025-09-03 13:54:33,952 INFO  [io.api.tes.ser.api.KafkaSerdesTester] (ForkJoinPool.commonPool-worker-2) Sending message {"key11756907672864": "value-9"} to topic topic-2ea2c054_6c47_4b9d_9128_ecd070603643
2025-09-03 13:54:33,955 INFO  [io.api.tes.ser.api.KafkaSerdesTester] (ForkJoinPool.commonPool-worker-2) Produced 10 messages
2025-09-03 13:54:33,955 INFO  [org.apa.kaf.cli.pro.KafkaProducer] (ForkJoinPool.commonPool-worker-2) [Producer clientId=Producer-topic-2ea2c054_6c47_4b9d_9128_ecd070603643] Closing the Kafka producer with timeoutMillis = 9223372036854775807 ms.
2025-09-03 13:54:33,957 INFO  [org.apa.kaf.com.met.Metrics] (ForkJoinPool.commonPool-worker-2) Metrics scheduler closed
2025-09-03 13:54:33,957 INFO  [org.apa.kaf.com.met.Metrics] (ForkJoinPool.commonPool-worker-2) Closing reporter org.apache.kafka.common.metrics.JmxReporter
2025-09-03 13:54:33,957 INFO  [org.apa.kaf.com.met.Metrics] (ForkJoinPool.commonPool-worker-2) Closing reporter org.apache.kafka.common.telemetry.internals.ClientTelemetryReporter
2025-09-03 13:54:33,957 INFO  [org.apa.kaf.com.met.Metrics] (ForkJoinPool.commonPool-worker-2) Metrics reporters closed
2025-09-03 13:54:33,957 INFO  [org.apa.kaf.com.uti.AppInfoParser] (ForkJoinPool.commonPool-worker-2) App info kafka.producer for Producer-topic-2ea2c054_6c47_4b9d_9128_ecd070603643 unregistered
2025-09-03 13:54:33,958 INFO  [org.apa.kaf.cli.con.int.ClassicKafkaConsumer] (ForkJoinPool.commonPool-worker-2) [Consumer clientId=consumer-Consumer-topic-2ea2c054_6c47_4b9d_9128_ecd070603643-10, groupId=Consumer-topic-2ea2c054_6c47_4b9d_9128_ecd070603643] Subscribed to topic(s): topic-2ea2c054_6c47_4b9d_9128_ecd070603643
2025-09-03 13:54:33,962 INFO  [org.apa.kaf.cli.Metadata] (ForkJoinPool.commonPool-worker-2) [Consumer clientId=consumer-Consumer-topic-2ea2c054_6c47_4b9d_9128_ecd070603643-10, groupId=Consumer-topic-2ea2c054_6c47_4b9d_9128_ecd070603643] Cluster ID: zfwsSXvVT6qhU8UlUF5FTQ
2025-09-03 13:54:33,962 INFO  [org.apa.kaf.cli.con.int.ConsumerCoordinator] (ForkJoinPool.commonPool-worker-2) [Consumer clientId=consumer-Consumer-topic-2ea2c054_6c47_4b9d_9128_ecd070603643-10, groupId=Consumer-topic-2ea2c054_6c47_4b9d_9128_ecd070603643] Discovered group coordinator localhost:32769 (id: 2147483647 rack: null)
2025-09-03 13:54:33,963 INFO  [org.apa.kaf.cli.con.int.ConsumerCoordinator] (ForkJoinPool.commonPool-worker-2) [Consumer clientId=consumer-Consumer-topic-2ea2c054_6c47_4b9d_9128_ecd070603643-10, groupId=Consumer-topic-2ea2c054_6c47_4b9d_9128_ecd070603643] (Re-)joining group
2025-09-03 13:54:33,965 INFO  [org.apa.kaf.cli.con.int.ConsumerCoordinator] (ForkJoinPool.commonPool-worker-2) [Consumer clientId=consumer-Consumer-topic-2ea2c054_6c47_4b9d_9128_ecd070603643-10, groupId=Consumer-topic-2ea2c054_6c47_4b9d_9128_ecd070603643] Request joining group due to: need to re-join with the given member-id: consumer-Consumer-topic-2ea2c054_6c47_4b9d_9128_ecd070603643-10-9ddc1057-46e1-494c-90db-6ce6080cbc96
2025-09-03 13:54:33,965 INFO  [org.apa.kaf.cli.con.int.ConsumerCoordinator] (ForkJoinPool.commonPool-worker-2) [Consumer clientId=consumer-Consumer-topic-2ea2c054_6c47_4b9d_9128_ecd070603643-10, groupId=Consumer-topic-2ea2c054_6c47_4b9d_9128_ecd070603643] (Re-)joining group
2025-09-03 13:54:34,958 INFO  [io.api.tes.ser.api.KafkaSerdesTester] (ForkJoinPool.commonPool-worker-2) None found
2025-09-03 13:54:35,958 INFO  [io.api.tes.ser.api.KafkaSerdesTester] (ForkJoinPool.commonPool-worker-2) None found
2025-09-03 13:54:36,958 INFO  [io.api.tes.ser.api.KafkaSerdesTester] (ForkJoinPool.commonPool-worker-2) None found
2025-09-03 13:54:36,967 INFO  [org.apa.kaf.cli.con.int.ConsumerCoordinator] (ForkJoinPool.commonPool-worker-2) [Consumer clientId=consumer-Consumer-topic-2ea2c054_6c47_4b9d_9128_ecd070603643-10, groupId=Consumer-topic-2ea2c054_6c47_4b9d_9128_ecd070603643] Successfully joined group with generation Generation{generationId=1, memberId='consumer-Consumer-topic-2ea2c054_6c47_4b9d_9128_ecd070603643-10-9ddc1057-46e1-494c-90db-6ce6080cbc96', protocol='range'}
2025-09-03 13:54:36,967 INFO  [org.apa.kaf.cli.con.int.ConsumerCoordinator] (ForkJoinPool.commonPool-worker-2) [Consumer clientId=consumer-Consumer-topic-2ea2c054_6c47_4b9d_9128_ecd070603643-10, groupId=Consumer-topic-2ea2c054_6c47_4b9d_9128_ecd070603643] Finished assignment for group at generation 1: {consumer-Consumer-topic-2ea2c054_6c47_4b9d_9128_ecd070603643-10-9ddc1057-46e1-494c-90db-6ce6080cbc96=Assignment(partitions=[topic-2ea2c054_6c47_4b9d_9128_ecd070603643-0])}
2025-09-03 13:54:36,974 INFO  [org.apa.kaf.cli.con.int.ConsumerCoordinator] (ForkJoinPool.commonPool-worker-2) [Consumer clientId=consumer-Consumer-topic-2ea2c054_6c47_4b9d_9128_ecd070603643-10, groupId=Consumer-topic-2ea2c054_6c47_4b9d_9128_ecd070603643] Successfully synced group in generation Generation{generationId=1, memberId='consumer-Consumer-topic-2ea2c054_6c47_4b9d_9128_ecd070603643-10-9ddc1057-46e1-494c-90db-6ce6080cbc96', protocol='range'}
2025-09-03 13:54:36,974 INFO  [org.apa.kaf.cli.con.int.ConsumerCoordinator] (ForkJoinPool.commonPool-worker-2) [Consumer clientId=consumer-Consumer-topic-2ea2c054_6c47_4b9d_9128_ecd070603643-10, groupId=Consumer-topic-2ea2c054_6c47_4b9d_9128_ecd070603643] Notifying assignor about the new Assignment(partitions=[topic-2ea2c054_6c47_4b9d_9128_ecd070603643-0])
2025-09-03 13:54:36,974 INFO  [org.apa.kaf.cli.con.int.ConsumerRebalanceListenerInvoker] (ForkJoinPool.commonPool-worker-2) [Consumer clientId=consumer-Consumer-topic-2ea2c054_6c47_4b9d_9128_ecd070603643-10, groupId=Consumer-topic-2ea2c054_6c47_4b9d_9128_ecd070603643] Adding newly assigned partitions: topic-2ea2c054_6c47_4b9d_9128_ecd070603643-0
2025-09-03 13:54:36,975 INFO  [org.apa.kaf.cli.con.int.ConsumerCoordinator] (ForkJoinPool.commonPool-worker-2) [Consumer clientId=consumer-Consumer-topic-2ea2c054_6c47_4b9d_9128_ecd070603643-10, groupId=Consumer-topic-2ea2c054_6c47_4b9d_9128_ecd070603643] Found no committed offset for partition topic-2ea2c054_6c47_4b9d_9128_ecd070603643-0
2025-09-03 13:54:36,978 INFO  [org.apa.kaf.cli.con.int.SubscriptionState] (ForkJoinPool.commonPool-worker-2) [Consumer clientId=consumer-Consumer-topic-2ea2c054_6c47_4b9d_9128_ecd070603643-10, groupId=Consumer-topic-2ea2c054_6c47_4b9d_9128_ecd070603643] Resetting offset for partition topic-2ea2c054_6c47_4b9d_9128_ecd070603643-0 to position FetchPosition{offset=0, offsetEpoch=Optional.empty, currentLeader=LeaderAndEpoch{leader=Optional[localhost:32769 (id: 0 rack: null)], epoch=0}}.
2025-09-03 13:54:37,105 INFO  [io.api.tes.ser.api.KafkaSerdesTester] (ForkJoinPool.commonPool-worker-2) topic-2ea2c054_6c47_4b9d_9128_ecd070603643 0 0 {"key11756907672864": "value-0"}
2025-09-03 13:54:37,106 INFO  [io.api.tes.ser.api.KafkaSerdesTester] (ForkJoinPool.commonPool-worker-2) topic-2ea2c054_6c47_4b9d_9128_ecd070603643 0 1 {"key11756907672864": "value-1"}
2025-09-03 13:54:37,106 INFO  [io.api.tes.ser.api.KafkaSerdesTester] (ForkJoinPool.commonPool-worker-2) topic-2ea2c054_6c47_4b9d_9128_ecd070603643 0 2 {"key11756907672864": "value-2"}
2025-09-03 13:54:37,106 INFO  [io.api.tes.ser.api.KafkaSerdesTester] (ForkJoinPool.commonPool-worker-2) topic-2ea2c054_6c47_4b9d_9128_ecd070603643 0 3 {"key11756907672864": "value-3"}
2025-09-03 13:54:37,106 INFO  [io.api.tes.ser.api.KafkaSerdesTester] (ForkJoinPool.commonPool-worker-2) topic-2ea2c054_6c47_4b9d_9128_ecd070603643 0 4 {"key11756907672864": "value-4"}
2025-09-03 13:54:37,106 INFO  [io.api.tes.ser.api.KafkaSerdesTester] (ForkJoinPool.commonPool-worker-2) topic-2ea2c054_6c47_4b9d_9128_ecd070603643 0 5 {"key11756907672864": "value-5"}
2025-09-03 13:54:37,106 INFO  [io.api.tes.ser.api.KafkaSerdesTester] (ForkJoinPool.commonPool-worker-2) topic-2ea2c054_6c47_4b9d_9128_ecd070603643 0 6 {"key11756907672864": "value-6"}
2025-09-03 13:54:37,106 INFO  [io.api.tes.ser.api.KafkaSerdesTester] (ForkJoinPool.commonPool-worker-2) topic-2ea2c054_6c47_4b9d_9128_ecd070603643 0 7 {"key11756907672864": "value-7"}
2025-09-03 13:54:37,106 INFO  [io.api.tes.ser.api.KafkaSerdesTester] (ForkJoinPool.commonPool-worker-2) topic-2ea2c054_6c47_4b9d_9128_ecd070603643 0 8 {"key11756907672864": "value-8"}
2025-09-03 13:54:37,106 INFO  [io.api.tes.ser.api.KafkaSerdesTester] (ForkJoinPool.commonPool-worker-2) topic-2ea2c054_6c47_4b9d_9128_ecd070603643 0 9 {"key11756907672864": "value-9"}
2025-09-03 13:54:37,106 INFO  [io.api.tes.ser.api.KafkaSerdesTester] (ForkJoinPool.commonPool-worker-2) Consumed 10 messages
2025-09-03 13:54:37,113 INFO  [org.apa.kaf.cli.con.int.ConsumerRebalanceListenerInvoker] (ForkJoinPool.commonPool-worker-2) [Consumer clientId=consumer-Consumer-topic-2ea2c054_6c47_4b9d_9128_ecd070603643-10, groupId=Consumer-topic-2ea2c054_6c47_4b9d_9128_ecd070603643] Revoke previously assigned partitions topic-2ea2c054_6c47_4b9d_9128_ecd070603643-0
2025-09-03 13:54:37,113 INFO  [org.apa.kaf.cli.con.int.ConsumerCoordinator] (ForkJoinPool.commonPool-worker-2) [Consumer clientId=consumer-Consumer-topic-2ea2c054_6c47_4b9d_9128_ecd070603643-10, groupId=Consumer-topic-2ea2c054_6c47_4b9d_9128_ecd070603643] Member consumer-Consumer-topic-2ea2c054_6c47_4b9d_9128_ecd070603643-10-9ddc1057-46e1-494c-90db-6ce6080cbc96 sending LeaveGroup request to coordinator localhost:32769 (id: 2147483647 rack: null) due to the consumer is being closed
2025-09-03 13:54:37,113 INFO  [org.apa.kaf.cli.con.int.ConsumerCoordinator] (ForkJoinPool.commonPool-worker-2) [Consumer clientId=consumer-Consumer-topic-2ea2c054_6c47_4b9d_9128_ecd070603643-10, groupId=Consumer-topic-2ea2c054_6c47_4b9d_9128_ecd070603643] Resetting generation and member id due to: consumer pro-actively leaving the group
2025-09-03 13:54:37,113 INFO  [org.apa.kaf.cli.con.int.ConsumerCoordinator] (ForkJoinPool.commonPool-worker-2) [Consumer clientId=consumer-Consumer-topic-2ea2c054_6c47_4b9d_9128_ecd070603643-10, groupId=Consumer-topic-2ea2c054_6c47_4b9d_9128_ecd070603643] Request joining group due to: consumer pro-actively leaving the group
2025-09-03 13:54:37,607 INFO  [org.apa.kaf.com.met.Metrics] (ForkJoinPool.commonPool-worker-2) Metrics scheduler closed
2025-09-03 13:54:37,607 INFO  [org.apa.kaf.com.met.Metrics] (ForkJoinPool.commonPool-worker-2) Closing reporter org.apache.kafka.common.metrics.JmxReporter
2025-09-03 13:54:37,607 INFO  [org.apa.kaf.com.met.Metrics] (ForkJoinPool.commonPool-worker-2) Closing reporter org.apache.kafka.common.telemetry.internals.ClientTelemetryReporter
2025-09-03 13:54:37,608 INFO  [org.apa.kaf.com.met.Metrics] (ForkJoinPool.commonPool-worker-2) Metrics reporters closed
2025-09-03 13:54:37,609 INFO  [org.apa.kaf.com.uti.AppInfoParser] (ForkJoinPool.commonPool-worker-2) App info kafka.consumer for consumer-Consumer-topic-2ea2c054_6c47_4b9d_9128_ecd070603643-10 unregistered
2025-09-03 13:54:37,610 INFO  [io.api.tes.ser.api.AvroSerdeIT] (main) Registering Avro Schema 2: {"type":"record","name":"s24590c58x0ae4x4d31xa451x39f55089f493","namespace":"ns_5d09f28a_c756_4e14_a2f4_9eedbee5ade8","fields":[{"name":"key11756907672864","type":"string"},{"name":"key21756907677609","type":"string"}]}
**** Registry Base URL: http://registry-app-inmemory.apps.ci419.apicurio-testing.org:80
2025-09-03 13:54:38,643 INFO  [org.apa.kaf.cli.pro.ProducerConfig] (main) ProducerConfig values: 
	acks = -1
	auto.include.jmx.reporter = true
	batch.size = 16384
	bootstrap.servers = [PLAINTEXT://localhost:32769]
	buffer.memory = 33554432
	client.dns.lookup = use_all_dns_ips
	client.id = Producer-topic-2ea2c054_6c47_4b9d_9128_ecd070603643
	compression.gzip.level = -1
	compression.lz4.level = 9
	compression.type = none
	compression.zstd.level = 3
	connections.max.idle.ms = 10000
	delivery.timeout.ms = 120000
	enable.idempotence = true
	enable.metrics.push = true
	interceptor.classes = []
	key.serializer = class org.apache.kafka.common.serialization.StringSerializer
	linger.ms = 0
	max.block.ms = 60000
	max.in.flight.requests.per.connection = 5
	max.request.size = 1048576
	metadata.max.age.ms = 300000
	metadata.max.idle.ms = 300000
	metadata.recovery.strategy = none
	metric.reporters = []
	metrics.num.samples = 2
	metrics.recording.level = INFO
	metrics.sample.window.ms = 30000
	partitioner.adaptive.partitioning.enable = true
	partitioner.availability.timeout.ms = 0
	partitioner.class = null
	partitioner.ignore.keys = false
	receive.buffer.bytes = 32768
	reconnect.backoff.max.ms = 1000
	reconnect.backoff.ms = 50
	request.timeout.ms = 5000
	retries = 2147483647
	retry.backoff.max.ms = 1000
	retry.backoff.ms = 100
	sasl.client.callback.handler.class = null
	sasl.jaas.config = null
	sasl.kerberos.kinit.cmd = /usr/bin/kinit
	sasl.kerberos.min.time.before.relogin = 60000
	sasl.kerberos.service.name = null
	sasl.kerberos.ticket.renew.jitter = 0.05
	sasl.kerberos.ticket.renew.window.factor = 0.8
	sasl.login.callback.handler.class = null
	sasl.login.class = null
	sasl.login.connect.timeout.ms = null
	sasl.login.read.timeout.ms = null
	sasl.login.refresh.buffer.seconds = 300
	sasl.login.refresh.min.period.seconds = 60
	sasl.login.refresh.window.factor = 0.8
	sasl.login.refresh.window.jitter = 0.05
	sasl.login.retry.backoff.max.ms = 10000
	sasl.login.retry.backoff.ms = 100
	sasl.mechanism = GSSAPI
	sasl.oauthbearer.clock.skew.seconds = 30
	sasl.oauthbearer.expected.audience = null
	sasl.oauthbearer.expected.issuer = null
	sasl.oauthbearer.header.urlencode = false
	sasl.oauthbearer.jwks.endpoint.refresh.ms = 3600000
	sasl.oauthbearer.jwks.endpoint.retry.backoff.max.ms = 10000
	sasl.oauthbearer.jwks.endpoint.retry.backoff.ms = 100
	sasl.oauthbearer.jwks.endpoint.url = null
	sasl.oauthbearer.scope.claim.name = scope
	sasl.oauthbearer.sub.claim.name = sub
	sasl.oauthbearer.token.endpoint.url = null
	security.protocol = PLAINTEXT
	security.providers = null
	send.buffer.bytes = 131072
	socket.connection.setup.timeout.max.ms = 30000
	socket.connection.setup.timeout.ms = 10000
	ssl.cipher.suites = null
	ssl.enabled.protocols = [TLSv1.2, TLSv1.3]
	ssl.endpoint.identification.algorithm = https
	ssl.engine.factory.class = null
	ssl.key.password = null
	ssl.keymanager.algorithm = SunX509
	ssl.keystore.certificate.chain = null
	ssl.keystore.key = null
	ssl.keystore.location = null
	ssl.keystore.password = null
	ssl.keystore.type = JKS
	ssl.protocol = TLSv1.3
	ssl.provider = null
	ssl.secure.random.implementation = null
	ssl.trustmanager.algorithm = PKIX
	ssl.truststore.certificates = null
	ssl.truststore.location = null
	ssl.truststore.password = null
	ssl.truststore.type = JKS
	transaction.timeout.ms = 60000
	transactional.id = null
	value.serializer = class io.apicurio.registry.serde.avro.AvroKafkaSerializer

2025-09-03 13:54:38,644 INFO  [org.apa.kaf.com.tel.int.KafkaMetricsCollector] (main) initializing Kafka metrics collector
2025-09-03 13:54:38,646 INFO  [org.apa.kaf.cli.pro.KafkaProducer] (main) [Producer clientId=Producer-topic-2ea2c054_6c47_4b9d_9128_ecd070603643] Instantiated an idempotent producer.
2025-09-03 13:54:38,647 INFO  [org.apa.kaf.cli.pro.ProducerConfig] (main) These configurations '[apicurio.registry.url, apicurio.registry.artifact-resolver-strategy]' were supplied but are not used yet.
2025-09-03 13:54:38,648 INFO  [org.apa.kaf.com.uti.AppInfoParser] (main) Kafka version: 3.9.1
2025-09-03 13:54:38,648 INFO  [org.apa.kaf.com.uti.AppInfoParser] (main) Kafka commitId: f745dfdcee2b9851
2025-09-03 13:54:38,648 INFO  [org.apa.kaf.com.uti.AppInfoParser] (main) Kafka startTimeMs: 1756907678647
2025-09-03 13:54:38,648 INFO  [io.api.tes.ser.api.KafkaSerdesTester] (ForkJoinPool.commonPool-worker-2) Sending message {"key11756907672864": "value-0", "key21756907677609": "value-0"} to topic topic-2ea2c054_6c47_4b9d_9128_ecd070603643
2025-09-03 13:54:38,650 INFO  [org.apa.kaf.cli.Metadata] (kafka-producer-network-thread | Producer-topic-2ea2c054_6c47_4b9d_9128_ecd070603643) [Producer clientId=Producer-topic-2ea2c054_6c47_4b9d_9128_ecd070603643] Cluster ID: zfwsSXvVT6qhU8UlUF5FTQ
2025-09-03 13:54:38,650 INFO  [org.apa.kaf.cli.pro.int.TransactionManager] (kafka-producer-network-thread | Producer-topic-2ea2c054_6c47_4b9d_9128_ecd070603643) [Producer clientId=Producer-topic-2ea2c054_6c47_4b9d_9128_ecd070603643] ProducerId set to 13 with epoch 0
2025-09-03 13:54:38,650 INFO  [DefaultSchemaResolver] (ForkJoinPool.commonPool-worker-2) Retrieving schema content using string: {"type":"record","name":"s24590c58x0ae4x4d31xa451x39f55089f493","namespace":"ns_5d09f28a_c756_4e14_a2f4_9eedbee5ade8","fields":[{"name":"key11756907672864","type":"string"},{"name":"key21756907677609","type":"string"}]}
2025-09-03 13:54:38,679 INFO  [io.api.tes.ser.api.KafkaSerdesTester] (ForkJoinPool.commonPool-worker-2) Sending message {"key11756907672864": "value-1", "key21756907677609": "value-1"} to topic topic-2ea2c054_6c47_4b9d_9128_ecd070603643
2025-09-03 13:54:38,681 INFO  [io.api.tes.ser.api.KafkaSerdesTester] (ForkJoinPool.commonPool-worker-2) Sending message {"key11756907672864": "value-2", "key21756907677609": "value-2"} to topic topic-2ea2c054_6c47_4b9d_9128_ecd070603643
2025-09-03 13:54:38,682 INFO  [io.api.tes.ser.api.KafkaSerdesTester] (ForkJoinPool.commonPool-worker-2) Sending message {"key11756907672864": "value-3", "key21756907677609": "value-3"} to topic topic-2ea2c054_6c47_4b9d_9128_ecd070603643
2025-09-03 13:54:38,683 INFO  [io.api.tes.ser.api.KafkaSerdesTester] (ForkJoinPool.commonPool-worker-2) Sending message {"key11756907672864": "value-4", "key21756907677609": "value-4"} to topic topic-2ea2c054_6c47_4b9d_9128_ecd070603643
2025-09-03 13:54:38,685 INFO  [io.api.tes.ser.api.KafkaSerdesTester] (ForkJoinPool.commonPool-worker-2) Sending message {"key11756907672864": "value-5", "key21756907677609": "value-5"} to topic topic-2ea2c054_6c47_4b9d_9128_ecd070603643
2025-09-03 13:54:38,686 INFO  [io.api.tes.ser.api.KafkaSerdesTester] (ForkJoinPool.commonPool-worker-2) Sending message {"key11756907672864": "value-6", "key21756907677609": "value-6"} to topic topic-2ea2c054_6c47_4b9d_9128_ecd070603643
2025-09-03 13:54:38,687 INFO  [io.api.tes.ser.api.KafkaSerdesTester] (ForkJoinPool.commonPool-worker-2) Sending message {"key11756907672864": "value-7", "key21756907677609": "value-7"} to topic topic-2ea2c054_6c47_4b9d_9128_ecd070603643
2025-09-03 13:54:38,688 INFO  [io.api.tes.ser.api.KafkaSerdesTester] (ForkJoinPool.commonPool-worker-2) Sending message {"key11756907672864": "value-8", "key21756907677609": "value-8"} to topic topic-2ea2c054_6c47_4b9d_9128_ecd070603643
2025-09-03 13:54:38,689 INFO  [io.api.tes.ser.api.KafkaSerdesTester] (ForkJoinPool.commonPool-worker-2) Sending message {"key11756907672864": "value-9", "key21756907677609": "value-9"} to topic topic-2ea2c054_6c47_4b9d_9128_ecd070603643
2025-09-03 13:54:38,691 INFO  [io.api.tes.ser.api.KafkaSerdesTester] (ForkJoinPool.commonPool-worker-2) Produced 10 messages
2025-09-03 13:54:38,691 INFO  [org.apa.kaf.cli.pro.KafkaProducer] (ForkJoinPool.commonPool-worker-2) [Producer clientId=Producer-topic-2ea2c054_6c47_4b9d_9128_ecd070603643] Closing the Kafka producer with timeoutMillis = 9223372036854775807 ms.
2025-09-03 13:54:38,693 INFO  [org.apa.kaf.com.met.Metrics] (ForkJoinPool.commonPool-worker-2) Metrics scheduler closed
2025-09-03 13:54:38,693 INFO  [org.apa.kaf.com.met.Metrics] (ForkJoinPool.commonPool-worker-2) Closing reporter org.apache.kafka.common.metrics.JmxReporter
2025-09-03 13:54:38,693 INFO  [org.apa.kaf.com.met.Metrics] (ForkJoinPool.commonPool-worker-2) Closing reporter org.apache.kafka.common.telemetry.internals.ClientTelemetryReporter
2025-09-03 13:54:38,693 INFO  [org.apa.kaf.com.met.Metrics] (ForkJoinPool.commonPool-worker-2) Metrics reporters closed
2025-09-03 13:54:38,693 INFO  [org.apa.kaf.com.uti.AppInfoParser] (ForkJoinPool.commonPool-worker-2) App info kafka.producer for Producer-topic-2ea2c054_6c47_4b9d_9128_ecd070603643 unregistered
**** Registry Base URL: http://registry-app-inmemory.apps.ci419.apicurio-testing.org:80
2025-09-03 13:54:38,694 INFO  [org.apa.kaf.cli.pro.ProducerConfig] (main) ProducerConfig values: 
	acks = -1
	auto.include.jmx.reporter = true
	batch.size = 16384
	bootstrap.servers = [PLAINTEXT://localhost:32769]
	buffer.memory = 33554432
	client.dns.lookup = use_all_dns_ips
	client.id = Producer-topic-2ea2c054_6c47_4b9d_9128_ecd070603643
	compression.gzip.level = -1
	compression.lz4.level = 9
	compression.type = none
	compression.zstd.level = 3
	connections.max.idle.ms = 10000
	delivery.timeout.ms = 120000
	enable.idempotence = true
	enable.metrics.push = true
	interceptor.classes = []
	key.serializer = class org.apache.kafka.common.serialization.StringSerializer
	linger.ms = 0
	max.block.ms = 60000
	max.in.flight.requests.per.connection = 5
	max.request.size = 1048576
	metadata.max.age.ms = 300000
	metadata.max.idle.ms = 300000
	metadata.recovery.strategy = none
	metric.reporters = []
	metrics.num.samples = 2
	metrics.recording.level = INFO
	metrics.sample.window.ms = 30000
	partitioner.adaptive.partitioning.enable = true
	partitioner.availability.timeout.ms = 0
	partitioner.class = null
	partitioner.ignore.keys = false
	receive.buffer.bytes = 32768
	reconnect.backoff.max.ms = 1000
	reconnect.backoff.ms = 50
	request.timeout.ms = 5000
	retries = 2147483647
	retry.backoff.max.ms = 1000
	retry.backoff.ms = 100
	sasl.client.callback.handler.class = null
	sasl.jaas.config = null
	sasl.kerberos.kinit.cmd = /usr/bin/kinit
	sasl.kerberos.min.time.before.relogin = 60000
	sasl.kerberos.service.name = null
	sasl.kerberos.ticket.renew.jitter = 0.05
	sasl.kerberos.ticket.renew.window.factor = 0.8
	sasl.login.callback.handler.class = null
	sasl.login.class = null
	sasl.login.connect.timeout.ms = null
	sasl.login.read.timeout.ms = null
	sasl.login.refresh.buffer.seconds = 300
	sasl.login.refresh.min.period.seconds = 60
	sasl.login.refresh.window.factor = 0.8
	sasl.login.refresh.window.jitter = 0.05
	sasl.login.retry.backoff.max.ms = 10000
	sasl.login.retry.backoff.ms = 100
	sasl.mechanism = GSSAPI
	sasl.oauthbearer.clock.skew.seconds = 30
	sasl.oauthbearer.expected.audience = null
	sasl.oauthbearer.expected.issuer = null
	sasl.oauthbearer.header.urlencode = false
	sasl.oauthbearer.jwks.endpoint.refresh.ms = 3600000
	sasl.oauthbearer.jwks.endpoint.retry.backoff.max.ms = 10000
	sasl.oauthbearer.jwks.endpoint.retry.backoff.ms = 100
	sasl.oauthbearer.jwks.endpoint.url = null
	sasl.oauthbearer.scope.claim.name = scope
	sasl.oauthbearer.sub.claim.name = sub
	sasl.oauthbearer.token.endpoint.url = null
	security.protocol = PLAINTEXT
	security.providers = null
	send.buffer.bytes = 131072
	socket.connection.setup.timeout.max.ms = 30000
	socket.connection.setup.timeout.ms = 10000
	ssl.cipher.suites = null
	ssl.enabled.protocols = [TLSv1.2, TLSv1.3]
	ssl.endpoint.identification.algorithm = https
	ssl.engine.factory.class = null
	ssl.key.password = null
	ssl.keymanager.algorithm = SunX509
	ssl.keystore.certificate.chain = null
	ssl.keystore.key = null
	ssl.keystore.location = null
	ssl.keystore.password = null
	ssl.keystore.type = JKS
	ssl.protocol = TLSv1.3
	ssl.provider = null
	ssl.secure.random.implementation = null
	ssl.trustmanager.algorithm = PKIX
	ssl.truststore.certificates = null
	ssl.truststore.location = null
	ssl.truststore.password = null
	ssl.truststore.type = JKS
	transaction.timeout.ms = 60000
	transactional.id = null
	value.serializer = class io.apicurio.registry.serde.avro.AvroKafkaSerializer

2025-09-03 13:54:38,694 INFO  [org.apa.kaf.com.tel.int.KafkaMetricsCollector] (main) initializing Kafka metrics collector
2025-09-03 13:54:38,697 INFO  [org.apa.kaf.cli.pro.KafkaProducer] (main) [Producer clientId=Producer-topic-2ea2c054_6c47_4b9d_9128_ecd070603643] Instantiated an idempotent producer.
2025-09-03 13:54:38,698 INFO  [org.apa.kaf.cli.pro.ProducerConfig] (main) These configurations '[apicurio.registry.url, apicurio.registry.artifact-resolver-strategy]' were supplied but are not used yet.
2025-09-03 13:54:38,698 INFO  [org.apa.kaf.com.uti.AppInfoParser] (main) Kafka version: 3.9.1
2025-09-03 13:54:38,698 INFO  [org.apa.kaf.com.uti.AppInfoParser] (main) Kafka commitId: f745dfdcee2b9851
2025-09-03 13:54:38,698 INFO  [org.apa.kaf.com.uti.AppInfoParser] (main) Kafka startTimeMs: 1756907678698
2025-09-03 13:54:38,698 INFO  [io.api.tes.ser.api.KafkaSerdesTester] (ForkJoinPool.commonPool-worker-2) Sending message {"key11756907672864": "value-0"} to topic topic-2ea2c054_6c47_4b9d_9128_ecd070603643
2025-09-03 13:54:38,702 INFO  [org.apa.kaf.cli.Metadata] (kafka-producer-network-thread | Producer-topic-2ea2c054_6c47_4b9d_9128_ecd070603643) [Producer clientId=Producer-topic-2ea2c054_6c47_4b9d_9128_ecd070603643] Cluster ID: zfwsSXvVT6qhU8UlUF5FTQ
2025-09-03 13:54:38,703 INFO  [DefaultSchemaResolver] (ForkJoinPool.commonPool-worker-2) Retrieving schema content using string: {"type":"record","name":"s24590c58x0ae4x4d31xa451x39f55089f493","namespace":"ns_5d09f28a_c756_4e14_a2f4_9eedbee5ade8","fields":[{"name":"key11756907672864","type":"string"}]}
2025-09-03 13:54:38,703 INFO  [org.apa.kaf.cli.pro.int.TransactionManager] (kafka-producer-network-thread | Producer-topic-2ea2c054_6c47_4b9d_9128_ecd070603643) [Producer clientId=Producer-topic-2ea2c054_6c47_4b9d_9128_ecd070603643] ProducerId set to 14 with epoch 0
2025-09-03 13:54:38,729 INFO  [io.api.tes.ser.api.KafkaSerdesTester] (ForkJoinPool.commonPool-worker-2) Sending message {"key11756907672864": "value-1"} to topic topic-2ea2c054_6c47_4b9d_9128_ecd070603643
2025-09-03 13:54:38,731 INFO  [io.api.tes.ser.api.KafkaSerdesTester] (ForkJoinPool.commonPool-worker-2) Sending message {"key11756907672864": "value-2"} to topic topic-2ea2c054_6c47_4b9d_9128_ecd070603643
2025-09-03 13:54:38,731 INFO  [io.api.tes.ser.api.KafkaSerdesTester] (ForkJoinPool.commonPool-worker-2) Sending message {"key11756907672864": "value-3"} to topic topic-2ea2c054_6c47_4b9d_9128_ecd070603643
2025-09-03 13:54:38,732 INFO  [io.api.tes.ser.api.KafkaSerdesTester] (ForkJoinPool.commonPool-worker-2) Sending message {"key11756907672864": "value-4"} to topic topic-2ea2c054_6c47_4b9d_9128_ecd070603643
2025-09-03 13:54:38,733 INFO  [io.api.tes.ser.api.KafkaSerdesTester] (ForkJoinPool.commonPool-worker-2) Sending message {"key11756907672864": "value-5"} to topic topic-2ea2c054_6c47_4b9d_9128_ecd070603643
2025-09-03 13:54:38,735 INFO  [io.api.tes.ser.api.KafkaSerdesTester] (ForkJoinPool.commonPool-worker-2) Sending message {"key11756907672864": "value-6"} to topic topic-2ea2c054_6c47_4b9d_9128_ecd070603643
2025-09-03 13:54:38,736 INFO  [io.api.tes.ser.api.KafkaSerdesTester] (ForkJoinPool.commonPool-worker-2) Sending message {"key11756907672864": "value-7"} to topic topic-2ea2c054_6c47_4b9d_9128_ecd070603643
2025-09-03 13:54:38,737 INFO  [io.api.tes.ser.api.KafkaSerdesTester] (ForkJoinPool.commonPool-worker-2) Sending message {"key11756907672864": "value-8"} to topic topic-2ea2c054_6c47_4b9d_9128_ecd070603643
2025-09-03 13:54:38,738 INFO  [io.api.tes.ser.api.KafkaSerdesTester] (ForkJoinPool.commonPool-worker-2) Sending message {"key11756907672864": "value-9"} to topic topic-2ea2c054_6c47_4b9d_9128_ecd070603643
2025-09-03 13:54:38,739 INFO  [io.api.tes.ser.api.KafkaSerdesTester] (ForkJoinPool.commonPool-worker-2) Produced 10 messages
2025-09-03 13:54:38,739 INFO  [org.apa.kaf.cli.pro.KafkaProducer] (ForkJoinPool.commonPool-worker-2) [Producer clientId=Producer-topic-2ea2c054_6c47_4b9d_9128_ecd070603643] Closing the Kafka producer with timeoutMillis = 9223372036854775807 ms.
2025-09-03 13:54:38,741 INFO  [org.apa.kaf.com.met.Metrics] (ForkJoinPool.commonPool-worker-2) Metrics scheduler closed
2025-09-03 13:54:38,741 INFO  [org.apa.kaf.com.met.Metrics] (ForkJoinPool.commonPool-worker-2) Closing reporter org.apache.kafka.common.metrics.JmxReporter
2025-09-03 13:54:38,741 INFO  [org.apa.kaf.com.met.Metrics] (ForkJoinPool.commonPool-worker-2) Closing reporter org.apache.kafka.common.telemetry.internals.ClientTelemetryReporter
2025-09-03 13:54:38,741 INFO  [org.apa.kaf.com.met.Metrics] (ForkJoinPool.commonPool-worker-2) Metrics reporters closed
2025-09-03 13:54:38,741 INFO  [org.apa.kaf.com.uti.AppInfoParser] (ForkJoinPool.commonPool-worker-2) App info kafka.producer for Producer-topic-2ea2c054_6c47_4b9d_9128_ecd070603643 unregistered
**** Registry Base URL: http://registry-app-inmemory.apps.ci419.apicurio-testing.org:80
2025-09-03 13:54:38,742 INFO  [org.apa.kaf.cli.con.ConsumerConfig] (main) ConsumerConfig values: 
	allow.auto.create.topics = true
	auto.commit.interval.ms = 500
	auto.include.jmx.reporter = true
	auto.offset.reset = earliest
	bootstrap.servers = [PLAINTEXT://localhost:32769]
	check.crcs = true
	client.dns.lookup = use_all_dns_ips
	client.id = consumer-Consumer-topic-2ea2c054_6c47_4b9d_9128_ecd070603643-11
	client.rack = 
	connections.max.idle.ms = 10000
	default.api.timeout.ms = 60000
	enable.auto.commit = true
	enable.metrics.push = true
	exclude.internal.topics = true
	fetch.max.bytes = 52428800
	fetch.max.wait.ms = 500
	fetch.min.bytes = 1
	group.id = Consumer-topic-2ea2c054_6c47_4b9d_9128_ecd070603643
	group.instance.id = null
	group.protocol = classic
	group.remote.assignor = null
	heartbeat.interval.ms = 3000
	interceptor.classes = []
	internal.leave.group.on.close = true
	internal.throw.on.fetch.stable.offset.unsupported = false
	isolation.level = read_uncommitted
	key.deserializer = class org.apache.kafka.common.serialization.StringDeserializer
	max.partition.fetch.bytes = 1048576
	max.poll.interval.ms = 300000
	max.poll.records = 500
	metadata.max.age.ms = 300000
	metadata.recovery.strategy = none
	metric.reporters = []
	metrics.num.samples = 2
	metrics.recording.level = INFO
	metrics.sample.window.ms = 30000
	partition.assignment.strategy = [class org.apache.kafka.clients.consumer.RangeAssignor, class org.apache.kafka.clients.consumer.CooperativeStickyAssignor]
	receive.buffer.bytes = 65536
	reconnect.backoff.max.ms = 1000
	reconnect.backoff.ms = 50
	request.timeout.ms = 5000
	retry.backoff.max.ms = 1000
	retry.backoff.ms = 100
	sasl.client.callback.handler.class = null
	sasl.jaas.config = null
	sasl.kerberos.kinit.cmd = /usr/bin/kinit
	sasl.kerberos.min.time.before.relogin = 60000
	sasl.kerberos.service.name = null
	sasl.kerberos.ticket.renew.jitter = 0.05
	sasl.kerberos.ticket.renew.window.factor = 0.8
	sasl.login.callback.handler.class = null
	sasl.login.class = null
	sasl.login.connect.timeout.ms = null
	sasl.login.read.timeout.ms = null
	sasl.login.refresh.buffer.seconds = 300
	sasl.login.refresh.min.period.seconds = 60
	sasl.login.refresh.window.factor = 0.8
	sasl.login.refresh.window.jitter = 0.05
	sasl.login.retry.backoff.max.ms = 10000
	sasl.login.retry.backoff.ms = 100
	sasl.mechanism = GSSAPI
	sasl.oauthbearer.clock.skew.seconds = 30
	sasl.oauthbearer.expected.audience = null
	sasl.oauthbearer.expected.issuer = null
	sasl.oauthbearer.header.urlencode = false
	sasl.oauthbearer.jwks.endpoint.refresh.ms = 3600000
	sasl.oauthbearer.jwks.endpoint.retry.backoff.max.ms = 10000
	sasl.oauthbearer.jwks.endpoint.retry.backoff.ms = 100
	sasl.oauthbearer.jwks.endpoint.url = null
	sasl.oauthbearer.scope.claim.name = scope
	sasl.oauthbearer.sub.claim.name = sub
	sasl.oauthbearer.token.endpoint.url = null
	security.protocol = PLAINTEXT
	security.providers = null
	send.buffer.bytes = 131072
	session.timeout.ms = 45000
	socket.connection.setup.timeout.max.ms = 30000
	socket.connection.setup.timeout.ms = 10000
	ssl.cipher.suites = null
	ssl.enabled.protocols = [TLSv1.2, TLSv1.3]
	ssl.endpoint.identification.algorithm = https
	ssl.engine.factory.class = null
	ssl.key.password = null
	ssl.keymanager.algorithm = SunX509
	ssl.keystore.certificate.chain = null
	ssl.keystore.key = null
	ssl.keystore.location = null
	ssl.keystore.password = null
	ssl.keystore.type = JKS
	ssl.protocol = TLSv1.3
	ssl.provider = null
	ssl.secure.random.implementation = null
	ssl.trustmanager.algorithm = PKIX
	ssl.truststore.certificates = null
	ssl.truststore.location = null
	ssl.truststore.password = null
	ssl.truststore.type = JKS
	value.deserializer = class io.apicurio.registry.serde.avro.AvroKafkaDeserializer

2025-09-03 13:54:38,742 INFO  [org.apa.kaf.com.tel.int.KafkaMetricsCollector] (main) initializing Kafka metrics collector
2025-09-03 13:54:38,746 INFO  [org.apa.kaf.cli.con.ConsumerConfig] (main) These configurations '[apicurio.registry.url]' were supplied but are not used yet.
2025-09-03 13:54:38,746 INFO  [org.apa.kaf.com.uti.AppInfoParser] (main) Kafka version: 3.9.1
2025-09-03 13:54:38,747 INFO  [org.apa.kaf.com.uti.AppInfoParser] (main) Kafka commitId: f745dfdcee2b9851
2025-09-03 13:54:38,747 INFO  [org.apa.kaf.com.uti.AppInfoParser] (main) Kafka startTimeMs: 1756907678746
2025-09-03 13:54:38,747 INFO  [org.apa.kaf.cli.con.int.ClassicKafkaConsumer] (ForkJoinPool.commonPool-worker-2) [Consumer clientId=consumer-Consumer-topic-2ea2c054_6c47_4b9d_9128_ecd070603643-11, groupId=Consumer-topic-2ea2c054_6c47_4b9d_9128_ecd070603643] Subscribed to topic(s): topic-2ea2c054_6c47_4b9d_9128_ecd070603643
2025-09-03 13:54:38,749 INFO  [org.apa.kaf.cli.Metadata] (ForkJoinPool.commonPool-worker-2) [Consumer clientId=consumer-Consumer-topic-2ea2c054_6c47_4b9d_9128_ecd070603643-11, groupId=Consumer-topic-2ea2c054_6c47_4b9d_9128_ecd070603643] Cluster ID: zfwsSXvVT6qhU8UlUF5FTQ
2025-09-03 13:54:38,750 INFO  [org.apa.kaf.cli.con.int.ConsumerCoordinator] (ForkJoinPool.commonPool-worker-2) [Consumer clientId=consumer-Consumer-topic-2ea2c054_6c47_4b9d_9128_ecd070603643-11, groupId=Consumer-topic-2ea2c054_6c47_4b9d_9128_ecd070603643] Discovered group coordinator localhost:32769 (id: 2147483647 rack: null)
2025-09-03 13:54:38,751 INFO  [org.apa.kaf.cli.con.int.ConsumerCoordinator] (ForkJoinPool.commonPool-worker-2) [Consumer clientId=consumer-Consumer-topic-2ea2c054_6c47_4b9d_9128_ecd070603643-11, groupId=Consumer-topic-2ea2c054_6c47_4b9d_9128_ecd070603643] (Re-)joining group
2025-09-03 13:54:38,753 INFO  [org.apa.kaf.cli.con.int.ConsumerCoordinator] (ForkJoinPool.commonPool-worker-2) [Consumer clientId=consumer-Consumer-topic-2ea2c054_6c47_4b9d_9128_ecd070603643-11, groupId=Consumer-topic-2ea2c054_6c47_4b9d_9128_ecd070603643] Request joining group due to: need to re-join with the given member-id: consumer-Consumer-topic-2ea2c054_6c47_4b9d_9128_ecd070603643-11-375b4596-b847-4d62-ba37-8f9ff4397e82
2025-09-03 13:54:38,753 INFO  [org.apa.kaf.cli.con.int.ConsumerCoordinator] (ForkJoinPool.commonPool-worker-2) [Consumer clientId=consumer-Consumer-topic-2ea2c054_6c47_4b9d_9128_ecd070603643-11, groupId=Consumer-topic-2ea2c054_6c47_4b9d_9128_ecd070603643] (Re-)joining group
2025-09-03 13:54:39,747 INFO  [io.api.tes.ser.api.KafkaSerdesTester] (ForkJoinPool.commonPool-worker-2) None found
2025-09-03 13:54:40,747 INFO  [io.api.tes.ser.api.KafkaSerdesTester] (ForkJoinPool.commonPool-worker-2) None found
2025-09-03 13:54:41,747 INFO  [io.api.tes.ser.api.KafkaSerdesTester] (ForkJoinPool.commonPool-worker-2) None found
2025-09-03 13:54:41,754 INFO  [org.apa.kaf.cli.con.int.ConsumerCoordinator] (ForkJoinPool.commonPool-worker-2) [Consumer clientId=consumer-Consumer-topic-2ea2c054_6c47_4b9d_9128_ecd070603643-11, groupId=Consumer-topic-2ea2c054_6c47_4b9d_9128_ecd070603643] Successfully joined group with generation Generation{generationId=3, memberId='consumer-Consumer-topic-2ea2c054_6c47_4b9d_9128_ecd070603643-11-375b4596-b847-4d62-ba37-8f9ff4397e82', protocol='range'}
2025-09-03 13:54:41,754 INFO  [org.apa.kaf.cli.con.int.ConsumerCoordinator] (ForkJoinPool.commonPool-worker-2) [Consumer clientId=consumer-Consumer-topic-2ea2c054_6c47_4b9d_9128_ecd070603643-11, groupId=Consumer-topic-2ea2c054_6c47_4b9d_9128_ecd070603643] Finished assignment for group at generation 3: {consumer-Consumer-topic-2ea2c054_6c47_4b9d_9128_ecd070603643-11-375b4596-b847-4d62-ba37-8f9ff4397e82=Assignment(partitions=[topic-2ea2c054_6c47_4b9d_9128_ecd070603643-0])}
2025-09-03 13:54:41,761 INFO  [org.apa.kaf.cli.con.int.ConsumerCoordinator] (ForkJoinPool.commonPool-worker-2) [Consumer clientId=consumer-Consumer-topic-2ea2c054_6c47_4b9d_9128_ecd070603643-11, groupId=Consumer-topic-2ea2c054_6c47_4b9d_9128_ecd070603643] Successfully synced group in generation Generation{generationId=3, memberId='consumer-Consumer-topic-2ea2c054_6c47_4b9d_9128_ecd070603643-11-375b4596-b847-4d62-ba37-8f9ff4397e82', protocol='range'}
2025-09-03 13:54:41,761 INFO  [org.apa.kaf.cli.con.int.ConsumerCoordinator] (ForkJoinPool.commonPool-worker-2) [Consumer clientId=consumer-Consumer-topic-2ea2c054_6c47_4b9d_9128_ecd070603643-11, groupId=Consumer-topic-2ea2c054_6c47_4b9d_9128_ecd070603643] Notifying assignor about the new Assignment(partitions=[topic-2ea2c054_6c47_4b9d_9128_ecd070603643-0])
2025-09-03 13:54:41,761 INFO  [org.apa.kaf.cli.con.int.ConsumerRebalanceListenerInvoker] (ForkJoinPool.commonPool-worker-2) [Consumer clientId=consumer-Consumer-topic-2ea2c054_6c47_4b9d_9128_ecd070603643-11, groupId=Consumer-topic-2ea2c054_6c47_4b9d_9128_ecd070603643] Adding newly assigned partitions: topic-2ea2c054_6c47_4b9d_9128_ecd070603643-0
2025-09-03 13:54:41,762 INFO  [org.apa.kaf.cli.con.int.ConsumerUtils] (ForkJoinPool.commonPool-worker-2) Setting offset for partition topic-2ea2c054_6c47_4b9d_9128_ecd070603643-0 to the committed offset FetchPosition{offset=10, offsetEpoch=Optional[0], currentLeader=LeaderAndEpoch{leader=Optional[localhost:32769 (id: 0 rack: null)], epoch=0}}
2025-09-03 13:54:41,825 INFO  [io.api.tes.ser.api.KafkaSerdesTester] (ForkJoinPool.commonPool-worker-2) topic-2ea2c054_6c47_4b9d_9128_ecd070603643 0 10 {"key11756907672864": "value-0", "key21756907677609": "value-0"}
2025-09-03 13:54:41,825 INFO  [io.api.tes.ser.api.KafkaSerdesTester] (ForkJoinPool.commonPool-worker-2) topic-2ea2c054_6c47_4b9d_9128_ecd070603643 0 11 {"key11756907672864": "value-1", "key21756907677609": "value-1"}
2025-09-03 13:54:41,825 INFO  [io.api.tes.ser.api.KafkaSerdesTester] (ForkJoinPool.commonPool-worker-2) topic-2ea2c054_6c47_4b9d_9128_ecd070603643 0 12 {"key11756907672864": "value-2", "key21756907677609": "value-2"}
2025-09-03 13:54:41,826 INFO  [io.api.tes.ser.api.KafkaSerdesTester] (ForkJoinPool.commonPool-worker-2) topic-2ea2c054_6c47_4b9d_9128_ecd070603643 0 13 {"key11756907672864": "value-3", "key21756907677609": "value-3"}
2025-09-03 13:54:41,826 INFO  [io.api.tes.ser.api.KafkaSerdesTester] (ForkJoinPool.commonPool-worker-2) topic-2ea2c054_6c47_4b9d_9128_ecd070603643 0 14 {"key11756907672864": "value-4", "key21756907677609": "value-4"}
2025-09-03 13:54:41,826 INFO  [io.api.tes.ser.api.KafkaSerdesTester] (ForkJoinPool.commonPool-worker-2) topic-2ea2c054_6c47_4b9d_9128_ecd070603643 0 15 {"key11756907672864": "value-5", "key21756907677609": "value-5"}
2025-09-03 13:54:41,826 INFO  [io.api.tes.ser.api.KafkaSerdesTester] (ForkJoinPool.commonPool-worker-2) topic-2ea2c054_6c47_4b9d_9128_ecd070603643 0 16 {"key11756907672864": "value-6", "key21756907677609": "value-6"}
2025-09-03 13:54:41,826 INFO  [io.api.tes.ser.api.KafkaSerdesTester] (ForkJoinPool.commonPool-worker-2) topic-2ea2c054_6c47_4b9d_9128_ecd070603643 0 17 {"key11756907672864": "value-7", "key21756907677609": "value-7"}
2025-09-03 13:54:41,826 INFO  [io.api.tes.ser.api.KafkaSerdesTester] (ForkJoinPool.commonPool-worker-2) topic-2ea2c054_6c47_4b9d_9128_ecd070603643 0 18 {"key11756907672864": "value-8", "key21756907677609": "value-8"}
2025-09-03 13:54:41,826 INFO  [io.api.tes.ser.api.KafkaSerdesTester] (ForkJoinPool.commonPool-worker-2) topic-2ea2c054_6c47_4b9d_9128_ecd070603643 0 19 {"key11756907672864": "value-9", "key21756907677609": "value-9"}
2025-09-03 13:54:41,826 INFO  [io.api.tes.ser.api.KafkaSerdesTester] (ForkJoinPool.commonPool-worker-2) topic-2ea2c054_6c47_4b9d_9128_ecd070603643 0 20 {"key11756907672864": "value-0"}
2025-09-03 13:54:41,826 INFO  [io.api.tes.ser.api.KafkaSerdesTester] (ForkJoinPool.commonPool-worker-2) topic-2ea2c054_6c47_4b9d_9128_ecd070603643 0 21 {"key11756907672864": "value-1"}
2025-09-03 13:54:41,826 INFO  [io.api.tes.ser.api.KafkaSerdesTester] (ForkJoinPool.commonPool-worker-2) topic-2ea2c054_6c47_4b9d_9128_ecd070603643 0 22 {"key11756907672864": "value-2"}
2025-09-03 13:54:41,826 INFO  [io.api.tes.ser.api.KafkaSerdesTester] (ForkJoinPool.commonPool-worker-2) topic-2ea2c054_6c47_4b9d_9128_ecd070603643 0 23 {"key11756907672864": "value-3"}
2025-09-03 13:54:41,826 INFO  [io.api.tes.ser.api.KafkaSerdesTester] (ForkJoinPool.commonPool-worker-2) topic-2ea2c054_6c47_4b9d_9128_ecd070603643 0 24 {"key11756907672864": "value-4"}
2025-09-03 13:54:41,826 INFO  [io.api.tes.ser.api.KafkaSerdesTester] (ForkJoinPool.commonPool-worker-2) topic-2ea2c054_6c47_4b9d_9128_ecd070603643 0 25 {"key11756907672864": "value-5"}
2025-09-03 13:54:41,826 INFO  [io.api.tes.ser.api.KafkaSerdesTester] (ForkJoinPool.commonPool-worker-2) topic-2ea2c054_6c47_4b9d_9128_ecd070603643 0 26 {"key11756907672864": "value-6"}
2025-09-03 13:54:41,826 INFO  [io.api.tes.ser.api.KafkaSerdesTester] (ForkJoinPool.commonPool-worker-2) topic-2ea2c054_6c47_4b9d_9128_ecd070603643 0 27 {"key11756907672864": "value-7"}
2025-09-03 13:54:41,826 INFO  [io.api.tes.ser.api.KafkaSerdesTester] (ForkJoinPool.commonPool-worker-2) topic-2ea2c054_6c47_4b9d_9128_ecd070603643 0 28 {"key11756907672864": "value-8"}
2025-09-03 13:54:41,826 INFO  [io.api.tes.ser.api.KafkaSerdesTester] (ForkJoinPool.commonPool-worker-2) topic-2ea2c054_6c47_4b9d_9128_ecd070603643 0 29 {"key11756907672864": "value-9"}
2025-09-03 13:54:41,826 INFO  [io.api.tes.ser.api.KafkaSerdesTester] (ForkJoinPool.commonPool-worker-2) Consumed 20 messages
2025-09-03 13:54:41,833 INFO  [org.apa.kaf.cli.con.int.ConsumerRebalanceListenerInvoker] (ForkJoinPool.commonPool-worker-2) [Consumer clientId=consumer-Consumer-topic-2ea2c054_6c47_4b9d_9128_ecd070603643-11, groupId=Consumer-topic-2ea2c054_6c47_4b9d_9128_ecd070603643] Revoke previously assigned partitions topic-2ea2c054_6c47_4b9d_9128_ecd070603643-0
2025-09-03 13:54:41,833 INFO  [org.apa.kaf.cli.con.int.ConsumerCoordinator] (ForkJoinPool.commonPool-worker-2) [Consumer clientId=consumer-Consumer-topic-2ea2c054_6c47_4b9d_9128_ecd070603643-11, groupId=Consumer-topic-2ea2c054_6c47_4b9d_9128_ecd070603643] Member consumer-Consumer-topic-2ea2c054_6c47_4b9d_9128_ecd070603643-11-375b4596-b847-4d62-ba37-8f9ff4397e82 sending LeaveGroup request to coordinator localhost:32769 (id: 2147483647 rack: null) due to the consumer is being closed
2025-09-03 13:54:41,833 INFO  [org.apa.kaf.cli.con.int.ConsumerCoordinator] (ForkJoinPool.commonPool-worker-2) [Consumer clientId=consumer-Consumer-topic-2ea2c054_6c47_4b9d_9128_ecd070603643-11, groupId=Consumer-topic-2ea2c054_6c47_4b9d_9128_ecd070603643] Resetting generation and member id due to: consumer pro-actively leaving the group
2025-09-03 13:54:41,833 INFO  [org.apa.kaf.cli.con.int.ConsumerCoordinator] (ForkJoinPool.commonPool-worker-2) [Consumer clientId=consumer-Consumer-topic-2ea2c054_6c47_4b9d_9128_ecd070603643-11, groupId=Consumer-topic-2ea2c054_6c47_4b9d_9128_ecd070603643] Request joining group due to: consumer pro-actively leaving the group
2025-09-03 13:54:42,328 INFO  [org.apa.kaf.com.met.Metrics] (ForkJoinPool.commonPool-worker-2) Metrics scheduler closed
2025-09-03 13:54:42,328 INFO  [org.apa.kaf.com.met.Metrics] (ForkJoinPool.commonPool-worker-2) Closing reporter org.apache.kafka.common.metrics.JmxReporter
2025-09-03 13:54:42,328 INFO  [org.apa.kaf.com.met.Metrics] (ForkJoinPool.commonPool-worker-2) Closing reporter org.apache.kafka.common.telemetry.internals.ClientTelemetryReporter
2025-09-03 13:54:42,328 INFO  [org.apa.kaf.com.met.Metrics] (ForkJoinPool.commonPool-worker-2) Metrics reporters closed
2025-09-03 13:54:42,329 INFO  [org.apa.kaf.com.uti.AppInfoParser] (ForkJoinPool.commonPool-worker-2) App info kafka.consumer for consumer-Consumer-topic-2ea2c054_6c47_4b9d_9128_ecd070603643-11 unregistered
2025-09-03 13:54:42,330 INFO  [io.api.tes.ser.api.AvroSerdeIT] (main) Registering Avro Schema 3: {"type":"record","name":"s24590c58x0ae4x4d31xa451x39f55089f493","namespace":"ns_5d09f28a_c756_4e14_a2f4_9eedbee5ade8","fields":[{"name":"key11756907672864","type":"string"},{"name":"key21756907677609","type":"string"},{"name":"key31756907682330","type":"string"}]}
**** Registry Base URL: http://registry-app-inmemory.apps.ci419.apicurio-testing.org:80
2025-09-03 13:54:43,367 INFO  [org.apa.kaf.cli.pro.ProducerConfig] (main) ProducerConfig values: 
	acks = -1
	auto.include.jmx.reporter = true
	batch.size = 16384
	bootstrap.servers = [PLAINTEXT://localhost:32769]
	buffer.memory = 33554432
	client.dns.lookup = use_all_dns_ips
	client.id = Producer-topic-2ea2c054_6c47_4b9d_9128_ecd070603643
	compression.gzip.level = -1
	compression.lz4.level = 9
	compression.type = none
	compression.zstd.level = 3
	connections.max.idle.ms = 10000
	delivery.timeout.ms = 120000
	enable.idempotence = true
	enable.metrics.push = true
	interceptor.classes = []
	key.serializer = class org.apache.kafka.common.serialization.StringSerializer
	linger.ms = 0
	max.block.ms = 60000
	max.in.flight.requests.per.connection = 5
	max.request.size = 1048576
	metadata.max.age.ms = 300000
	metadata.max.idle.ms = 300000
	metadata.recovery.strategy = none
	metric.reporters = []
	metrics.num.samples = 2
	metrics.recording.level = INFO
	metrics.sample.window.ms = 30000
	partitioner.adaptive.partitioning.enable = true
	partitioner.availability.timeout.ms = 0
	partitioner.class = null
	partitioner.ignore.keys = false
	receive.buffer.bytes = 32768
	reconnect.backoff.max.ms = 1000
	reconnect.backoff.ms = 50
	request.timeout.ms = 5000
	retries = 2147483647
	retry.backoff.max.ms = 1000
	retry.backoff.ms = 100
	sasl.client.callback.handler.class = null
	sasl.jaas.config = null
	sasl.kerberos.kinit.cmd = /usr/bin/kinit
	sasl.kerberos.min.time.before.relogin = 60000
	sasl.kerberos.service.name = null
	sasl.kerberos.ticket.renew.jitter = 0.05
	sasl.kerberos.ticket.renew.window.factor = 0.8
	sasl.login.callback.handler.class = null
	sasl.login.class = null
	sasl.login.connect.timeout.ms = null
	sasl.login.read.timeout.ms = null
	sasl.login.refresh.buffer.seconds = 300
	sasl.login.refresh.min.period.seconds = 60
	sasl.login.refresh.window.factor = 0.8
	sasl.login.refresh.window.jitter = 0.05
	sasl.login.retry.backoff.max.ms = 10000
	sasl.login.retry.backoff.ms = 100
	sasl.mechanism = GSSAPI
	sasl.oauthbearer.clock.skew.seconds = 30
	sasl.oauthbearer.expected.audience = null
	sasl.oauthbearer.expected.issuer = null
	sasl.oauthbearer.header.urlencode = false
	sasl.oauthbearer.jwks.endpoint.refresh.ms = 3600000
	sasl.oauthbearer.jwks.endpoint.retry.backoff.max.ms = 10000
	sasl.oauthbearer.jwks.endpoint.retry.backoff.ms = 100
	sasl.oauthbearer.jwks.endpoint.url = null
	sasl.oauthbearer.scope.claim.name = scope
	sasl.oauthbearer.sub.claim.name = sub
	sasl.oauthbearer.token.endpoint.url = null
	security.protocol = PLAINTEXT
	security.providers = null
	send.buffer.bytes = 131072
	socket.connection.setup.timeout.max.ms = 30000
	socket.connection.setup.timeout.ms = 10000
	ssl.cipher.suites = null
	ssl.enabled.protocols = [TLSv1.2, TLSv1.3]
	ssl.endpoint.identification.algorithm = https
	ssl.engine.factory.class = null
	ssl.key.password = null
	ssl.keymanager.algorithm = SunX509
	ssl.keystore.certificate.chain = null
	ssl.keystore.key = null
	ssl.keystore.location = null
	ssl.keystore.password = null
	ssl.keystore.type = JKS
	ssl.protocol = TLSv1.3
	ssl.provider = null
	ssl.secure.random.implementation = null
	ssl.trustmanager.algorithm = PKIX
	ssl.truststore.certificates = null
	ssl.truststore.location = null
	ssl.truststore.password = null
	ssl.truststore.type = JKS
	transaction.timeout.ms = 60000
	transactional.id = null
	value.serializer = class io.apicurio.registry.serde.avro.AvroKafkaSerializer

2025-09-03 13:54:43,368 INFO  [org.apa.kaf.com.tel.int.KafkaMetricsCollector] (main) initializing Kafka metrics collector
2025-09-03 13:54:43,371 INFO  [org.apa.kaf.cli.pro.KafkaProducer] (main) [Producer clientId=Producer-topic-2ea2c054_6c47_4b9d_9128_ecd070603643] Instantiated an idempotent producer.
2025-09-03 13:54:43,373 INFO  [org.apa.kaf.cli.pro.ProducerConfig] (main) These configurations '[apicurio.registry.url, apicurio.registry.artifact-resolver-strategy]' were supplied but are not used yet.
2025-09-03 13:54:43,373 INFO  [org.apa.kaf.com.uti.AppInfoParser] (main) Kafka version: 3.9.1
2025-09-03 13:54:43,373 INFO  [org.apa.kaf.com.uti.AppInfoParser] (main) Kafka commitId: f745dfdcee2b9851
2025-09-03 13:54:43,373 INFO  [org.apa.kaf.com.uti.AppInfoParser] (main) Kafka startTimeMs: 1756907683373
2025-09-03 13:54:43,373 INFO  [io.api.tes.ser.api.KafkaSerdesTester] (ForkJoinPool.commonPool-worker-2) Sending message {"key11756907672864": "value-0", "key21756907677609": "value-0", "key31756907682330": "value-0"} to topic topic-2ea2c054_6c47_4b9d_9128_ecd070603643
2025-09-03 13:54:43,375 INFO  [org.apa.kaf.cli.Metadata] (kafka-producer-network-thread | Producer-topic-2ea2c054_6c47_4b9d_9128_ecd070603643) [Producer clientId=Producer-topic-2ea2c054_6c47_4b9d_9128_ecd070603643] Cluster ID: zfwsSXvVT6qhU8UlUF5FTQ
2025-09-03 13:54:43,376 INFO  [org.apa.kaf.cli.pro.int.TransactionManager] (kafka-producer-network-thread | Producer-topic-2ea2c054_6c47_4b9d_9128_ecd070603643) [Producer clientId=Producer-topic-2ea2c054_6c47_4b9d_9128_ecd070603643] ProducerId set to 15 with epoch 0
2025-09-03 13:54:43,376 INFO  [DefaultSchemaResolver] (ForkJoinPool.commonPool-worker-2) Retrieving schema content using string: {"type":"record","name":"s24590c58x0ae4x4d31xa451x39f55089f493","namespace":"ns_5d09f28a_c756_4e14_a2f4_9eedbee5ade8","fields":[{"name":"key11756907672864","type":"string"},{"name":"key21756907677609","type":"string"},{"name":"key31756907682330","type":"string"}]}
2025-09-03 13:54:43,412 INFO  [io.api.tes.ser.api.KafkaSerdesTester] (ForkJoinPool.commonPool-worker-2) Sending message {"key11756907672864": "value-1", "key21756907677609": "value-1", "key31756907682330": "value-1"} to topic topic-2ea2c054_6c47_4b9d_9128_ecd070603643
2025-09-03 13:54:43,413 INFO  [io.api.tes.ser.api.KafkaSerdesTester] (ForkJoinPool.commonPool-worker-2) Sending message {"key11756907672864": "value-2", "key21756907677609": "value-2", "key31756907682330": "value-2"} to topic topic-2ea2c054_6c47_4b9d_9128_ecd070603643
2025-09-03 13:54:43,415 INFO  [io.api.tes.ser.api.KafkaSerdesTester] (ForkJoinPool.commonPool-worker-2) Sending message {"key11756907672864": "value-3", "key21756907677609": "value-3", "key31756907682330": "value-3"} to topic topic-2ea2c054_6c47_4b9d_9128_ecd070603643
2025-09-03 13:54:43,416 INFO  [io.api.tes.ser.api.KafkaSerdesTester] (ForkJoinPool.commonPool-worker-2) Sending message {"key11756907672864": "value-4", "key21756907677609": "value-4", "key31756907682330": "value-4"} to topic topic-2ea2c054_6c47_4b9d_9128_ecd070603643
2025-09-03 13:54:43,417 INFO  [io.api.tes.ser.api.KafkaSerdesTester] (ForkJoinPool.commonPool-worker-2) Sending message {"key11756907672864": "value-5", "key21756907677609": "value-5", "key31756907682330": "value-5"} to topic topic-2ea2c054_6c47_4b9d_9128_ecd070603643
2025-09-03 13:54:43,419 INFO  [io.api.tes.ser.api.KafkaSerdesTester] (ForkJoinPool.commonPool-worker-2) Sending message {"key11756907672864": "value-6", "key21756907677609": "value-6", "key31756907682330": "value-6"} to topic topic-2ea2c054_6c47_4b9d_9128_ecd070603643
2025-09-03 13:54:43,420 INFO  [io.api.tes.ser.api.KafkaSerdesTester] (ForkJoinPool.commonPool-worker-2) Sending message {"key11756907672864": "value-7", "key21756907677609": "value-7", "key31756907682330": "value-7"} to topic topic-2ea2c054_6c47_4b9d_9128_ecd070603643
2025-09-03 13:54:43,422 INFO  [io.api.tes.ser.api.KafkaSerdesTester] (ForkJoinPool.commonPool-worker-2) Sending message {"key11756907672864": "value-8", "key21756907677609": "value-8", "key31756907682330": "value-8"} to topic topic-2ea2c054_6c47_4b9d_9128_ecd070603643
2025-09-03 13:54:43,423 INFO  [io.api.tes.ser.api.KafkaSerdesTester] (ForkJoinPool.commonPool-worker-2) Sending message {"key11756907672864": "value-9", "key21756907677609": "value-9", "key31756907682330": "value-9"} to topic topic-2ea2c054_6c47_4b9d_9128_ecd070603643
2025-09-03 13:54:43,424 INFO  [io.api.tes.ser.api.KafkaSerdesTester] (ForkJoinPool.commonPool-worker-2) Produced 10 messages
2025-09-03 13:54:43,424 INFO  [org.apa.kaf.cli.pro.KafkaProducer] (ForkJoinPool.commonPool-worker-2) [Producer clientId=Producer-topic-2ea2c054_6c47_4b9d_9128_ecd070603643] Closing the Kafka producer with timeoutMillis = 9223372036854775807 ms.
2025-09-03 13:54:43,426 INFO  [org.apa.kaf.com.met.Metrics] (ForkJoinPool.commonPool-worker-2) Metrics scheduler closed
2025-09-03 13:54:43,426 INFO  [org.apa.kaf.com.met.Metrics] (ForkJoinPool.commonPool-worker-2) Closing reporter org.apache.kafka.common.metrics.JmxReporter
2025-09-03 13:54:43,426 INFO  [org.apa.kaf.com.met.Metrics] (ForkJoinPool.commonPool-worker-2) Closing reporter org.apache.kafka.common.telemetry.internals.ClientTelemetryReporter
2025-09-03 13:54:43,426 INFO  [org.apa.kaf.com.met.Metrics] (ForkJoinPool.commonPool-worker-2) Metrics reporters closed
2025-09-03 13:54:43,426 INFO  [org.apa.kaf.com.uti.AppInfoParser] (ForkJoinPool.commonPool-worker-2) App info kafka.producer for Producer-topic-2ea2c054_6c47_4b9d_9128_ecd070603643 unregistered
**** Registry Base URL: http://registry-app-inmemory.apps.ci419.apicurio-testing.org:80
2025-09-03 13:54:43,427 INFO  [org.apa.kaf.cli.pro.ProducerConfig] (main) ProducerConfig values: 
	acks = -1
	auto.include.jmx.reporter = true
	batch.size = 16384
	bootstrap.servers = [PLAINTEXT://localhost:32769]
	buffer.memory = 33554432
	client.dns.lookup = use_all_dns_ips
	client.id = Producer-topic-2ea2c054_6c47_4b9d_9128_ecd070603643
	compression.gzip.level = -1
	compression.lz4.level = 9
	compression.type = none
	compression.zstd.level = 3
	connections.max.idle.ms = 10000
	delivery.timeout.ms = 120000
	enable.idempotence = true
	enable.metrics.push = true
	interceptor.classes = []
	key.serializer = class org.apache.kafka.common.serialization.StringSerializer
	linger.ms = 0
	max.block.ms = 60000
	max.in.flight.requests.per.connection = 5
	max.request.size = 1048576
	metadata.max.age.ms = 300000
	metadata.max.idle.ms = 300000
	metadata.recovery.strategy = none
	metric.reporters = []
	metrics.num.samples = 2
	metrics.recording.level = INFO
	metrics.sample.window.ms = 30000
	partitioner.adaptive.partitioning.enable = true
	partitioner.availability.timeout.ms = 0
	partitioner.class = null
	partitioner.ignore.keys = false
	receive.buffer.bytes = 32768
	reconnect.backoff.max.ms = 1000
	reconnect.backoff.ms = 50
	request.timeout.ms = 5000
	retries = 2147483647
	retry.backoff.max.ms = 1000
	retry.backoff.ms = 100
	sasl.client.callback.handler.class = null
	sasl.jaas.config = null
	sasl.kerberos.kinit.cmd = /usr/bin/kinit
	sasl.kerberos.min.time.before.relogin = 60000
	sasl.kerberos.service.name = null
	sasl.kerberos.ticket.renew.jitter = 0.05
	sasl.kerberos.ticket.renew.window.factor = 0.8
	sasl.login.callback.handler.class = null
	sasl.login.class = null
	sasl.login.connect.timeout.ms = null
	sasl.login.read.timeout.ms = null
	sasl.login.refresh.buffer.seconds = 300
	sasl.login.refresh.min.period.seconds = 60
	sasl.login.refresh.window.factor = 0.8
	sasl.login.refresh.window.jitter = 0.05
	sasl.login.retry.backoff.max.ms = 10000
	sasl.login.retry.backoff.ms = 100
	sasl.mechanism = GSSAPI
	sasl.oauthbearer.clock.skew.seconds = 30
	sasl.oauthbearer.expected.audience = null
	sasl.oauthbearer.expected.issuer = null
	sasl.oauthbearer.header.urlencode = false
	sasl.oauthbearer.jwks.endpoint.refresh.ms = 3600000
	sasl.oauthbearer.jwks.endpoint.retry.backoff.max.ms = 10000
	sasl.oauthbearer.jwks.endpoint.retry.backoff.ms = 100
	sasl.oauthbearer.jwks.endpoint.url = null
	sasl.oauthbearer.scope.claim.name = scope
	sasl.oauthbearer.sub.claim.name = sub
	sasl.oauthbearer.token.endpoint.url = null
	security.protocol = PLAINTEXT
	security.providers = null
	send.buffer.bytes = 131072
	socket.connection.setup.timeout.max.ms = 30000
	socket.connection.setup.timeout.ms = 10000
	ssl.cipher.suites = null
	ssl.enabled.protocols = [TLSv1.2, TLSv1.3]
	ssl.endpoint.identification.algorithm = https
	ssl.engine.factory.class = null
	ssl.key.password = null
	ssl.keymanager.algorithm = SunX509
	ssl.keystore.certificate.chain = null
	ssl.keystore.key = null
	ssl.keystore.location = null
	ssl.keystore.password = null
	ssl.keystore.type = JKS
	ssl.protocol = TLSv1.3
	ssl.provider = null
	ssl.secure.random.implementation = null
	ssl.trustmanager.algorithm = PKIX
	ssl.truststore.certificates = null
	ssl.truststore.location = null
	ssl.truststore.password = null
	ssl.truststore.type = JKS
	transaction.timeout.ms = 60000
	transactional.id = null
	value.serializer = class io.apicurio.registry.serde.avro.AvroKafkaSerializer

2025-09-03 13:54:43,427 INFO  [org.apa.kaf.com.tel.int.KafkaMetricsCollector] (main) initializing Kafka metrics collector
2025-09-03 13:54:43,431 INFO  [org.apa.kaf.cli.pro.KafkaProducer] (main) [Producer clientId=Producer-topic-2ea2c054_6c47_4b9d_9128_ecd070603643] Instantiated an idempotent producer.
2025-09-03 13:54:43,433 INFO  [org.apa.kaf.cli.pro.ProducerConfig] (main) These configurations '[apicurio.registry.url, apicurio.registry.artifact-resolver-strategy]' were supplied but are not used yet.
2025-09-03 13:54:43,433 INFO  [org.apa.kaf.com.uti.AppInfoParser] (main) Kafka version: 3.9.1
2025-09-03 13:54:43,433 INFO  [org.apa.kaf.com.uti.AppInfoParser] (main) Kafka commitId: f745dfdcee2b9851
2025-09-03 13:54:43,433 INFO  [org.apa.kaf.com.uti.AppInfoParser] (main) Kafka startTimeMs: 1756907683433
2025-09-03 13:54:43,433 INFO  [io.api.tes.ser.api.KafkaSerdesTester] (ForkJoinPool.commonPool-worker-2) Sending message {"key11756907672864": "value-0", "key21756907677609": "value-0"} to topic topic-2ea2c054_6c47_4b9d_9128_ecd070603643
2025-09-03 13:54:43,437 INFO  [org.apa.kaf.cli.Metadata] (kafka-producer-network-thread | Producer-topic-2ea2c054_6c47_4b9d_9128_ecd070603643) [Producer clientId=Producer-topic-2ea2c054_6c47_4b9d_9128_ecd070603643] Cluster ID: zfwsSXvVT6qhU8UlUF5FTQ
2025-09-03 13:54:43,437 INFO  [org.apa.kaf.cli.pro.int.TransactionManager] (kafka-producer-network-thread | Producer-topic-2ea2c054_6c47_4b9d_9128_ecd070603643) [Producer clientId=Producer-topic-2ea2c054_6c47_4b9d_9128_ecd070603643] ProducerId set to 16 with epoch 0
2025-09-03 13:54:43,437 INFO  [DefaultSchemaResolver] (ForkJoinPool.commonPool-worker-2) Retrieving schema content using string: {"type":"record","name":"s24590c58x0ae4x4d31xa451x39f55089f493","namespace":"ns_5d09f28a_c756_4e14_a2f4_9eedbee5ade8","fields":[{"name":"key11756907672864","type":"string"},{"name":"key21756907677609","type":"string"}]}
2025-09-03 13:54:43,465 INFO  [io.api.tes.ser.api.KafkaSerdesTester] (ForkJoinPool.commonPool-worker-2) Sending message {"key11756907672864": "value-1", "key21756907677609": "value-1"} to topic topic-2ea2c054_6c47_4b9d_9128_ecd070603643
2025-09-03 13:54:43,467 INFO  [io.api.tes.ser.api.KafkaSerdesTester] (ForkJoinPool.commonPool-worker-2) Sending message {"key11756907672864": "value-2", "key21756907677609": "value-2"} to topic topic-2ea2c054_6c47_4b9d_9128_ecd070603643
2025-09-03 13:54:43,470 INFO  [io.api.tes.ser.api.KafkaSerdesTester] (ForkJoinPool.commonPool-worker-2) Sending message {"key11756907672864": "value-3", "key21756907677609": "value-3"} to topic topic-2ea2c054_6c47_4b9d_9128_ecd070603643
2025-09-03 13:54:43,472 INFO  [io.api.tes.ser.api.KafkaSerdesTester] (ForkJoinPool.commonPool-worker-2) Sending message {"key11756907672864": "value-4", "key21756907677609": "value-4"} to topic topic-2ea2c054_6c47_4b9d_9128_ecd070603643
2025-09-03 13:54:43,473 INFO  [io.api.tes.ser.api.KafkaSerdesTester] (ForkJoinPool.commonPool-worker-2) Sending message {"key11756907672864": "value-5", "key21756907677609": "value-5"} to topic topic-2ea2c054_6c47_4b9d_9128_ecd070603643
2025-09-03 13:54:43,475 INFO  [io.api.tes.ser.api.KafkaSerdesTester] (ForkJoinPool.commonPool-worker-2) Sending message {"key11756907672864": "value-6", "key21756907677609": "value-6"} to topic topic-2ea2c054_6c47_4b9d_9128_ecd070603643
2025-09-03 13:54:43,477 INFO  [io.api.tes.ser.api.KafkaSerdesTester] (ForkJoinPool.commonPool-worker-2) Sending message {"key11756907672864": "value-7", "key21756907677609": "value-7"} to topic topic-2ea2c054_6c47_4b9d_9128_ecd070603643
2025-09-03 13:54:43,478 INFO  [io.api.tes.ser.api.KafkaSerdesTester] (ForkJoinPool.commonPool-worker-2) Sending message {"key11756907672864": "value-8", "key21756907677609": "value-8"} to topic topic-2ea2c054_6c47_4b9d_9128_ecd070603643
2025-09-03 13:54:43,479 INFO  [io.api.tes.ser.api.KafkaSerdesTester] (ForkJoinPool.commonPool-worker-2) Sending message {"key11756907672864": "value-9", "key21756907677609": "value-9"} to topic topic-2ea2c054_6c47_4b9d_9128_ecd070603643
2025-09-03 13:54:43,481 INFO  [io.api.tes.ser.api.KafkaSerdesTester] (ForkJoinPool.commonPool-worker-2) Produced 10 messages
2025-09-03 13:54:43,481 INFO  [org.apa.kaf.cli.pro.KafkaProducer] (ForkJoinPool.commonPool-worker-2) [Producer clientId=Producer-topic-2ea2c054_6c47_4b9d_9128_ecd070603643] Closing the Kafka producer with timeoutMillis = 9223372036854775807 ms.
2025-09-03 13:54:43,482 INFO  [org.apa.kaf.com.met.Metrics] (ForkJoinPool.commonPool-worker-2) Metrics scheduler closed
2025-09-03 13:54:43,483 INFO  [org.apa.kaf.com.met.Metrics] (ForkJoinPool.commonPool-worker-2) Closing reporter org.apache.kafka.common.metrics.JmxReporter
2025-09-03 13:54:43,483 INFO  [org.apa.kaf.com.met.Metrics] (ForkJoinPool.commonPool-worker-2) Closing reporter org.apache.kafka.common.telemetry.internals.ClientTelemetryReporter
2025-09-03 13:54:43,483 INFO  [org.apa.kaf.com.met.Metrics] (ForkJoinPool.commonPool-worker-2) Metrics reporters closed
2025-09-03 13:54:43,483 INFO  [org.apa.kaf.com.uti.AppInfoParser] (ForkJoinPool.commonPool-worker-2) App info kafka.producer for Producer-topic-2ea2c054_6c47_4b9d_9128_ecd070603643 unregistered
**** Registry Base URL: http://registry-app-inmemory.apps.ci419.apicurio-testing.org:80
2025-09-03 13:54:43,483 INFO  [org.apa.kaf.cli.pro.ProducerConfig] (main) ProducerConfig values: 
	acks = -1
	auto.include.jmx.reporter = true
	batch.size = 16384
	bootstrap.servers = [PLAINTEXT://localhost:32769]
	buffer.memory = 33554432
	client.dns.lookup = use_all_dns_ips
	client.id = Producer-topic-2ea2c054_6c47_4b9d_9128_ecd070603643
	compression.gzip.level = -1
	compression.lz4.level = 9
	compression.type = none
	compression.zstd.level = 3
	connections.max.idle.ms = 10000
	delivery.timeout.ms = 120000
	enable.idempotence = true
	enable.metrics.push = true
	interceptor.classes = []
	key.serializer = class org.apache.kafka.common.serialization.StringSerializer
	linger.ms = 0
	max.block.ms = 60000
	max.in.flight.requests.per.connection = 5
	max.request.size = 1048576
	metadata.max.age.ms = 300000
	metadata.max.idle.ms = 300000
	metadata.recovery.strategy = none
	metric.reporters = []
	metrics.num.samples = 2
	metrics.recording.level = INFO
	metrics.sample.window.ms = 30000
	partitioner.adaptive.partitioning.enable = true
	partitioner.availability.timeout.ms = 0
	partitioner.class = null
	partitioner.ignore.keys = false
	receive.buffer.bytes = 32768
	reconnect.backoff.max.ms = 1000
	reconnect.backoff.ms = 50
	request.timeout.ms = 5000
	retries = 2147483647
	retry.backoff.max.ms = 1000
	retry.backoff.ms = 100
	sasl.client.callback.handler.class = null
	sasl.jaas.config = null
	sasl.kerberos.kinit.cmd = /usr/bin/kinit
	sasl.kerberos.min.time.before.relogin = 60000
	sasl.kerberos.service.name = null
	sasl.kerberos.ticket.renew.jitter = 0.05
	sasl.kerberos.ticket.renew.window.factor = 0.8
	sasl.login.callback.handler.class = null
	sasl.login.class = null
	sasl.login.connect.timeout.ms = null
	sasl.login.read.timeout.ms = null
	sasl.login.refresh.buffer.seconds = 300
	sasl.login.refresh.min.period.seconds = 60
	sasl.login.refresh.window.factor = 0.8
	sasl.login.refresh.window.jitter = 0.05
	sasl.login.retry.backoff.max.ms = 10000
	sasl.login.retry.backoff.ms = 100
	sasl.mechanism = GSSAPI
	sasl.oauthbearer.clock.skew.seconds = 30
	sasl.oauthbearer.expected.audience = null
	sasl.oauthbearer.expected.issuer = null
	sasl.oauthbearer.header.urlencode = false
	sasl.oauthbearer.jwks.endpoint.refresh.ms = 3600000
	sasl.oauthbearer.jwks.endpoint.retry.backoff.max.ms = 10000
	sasl.oauthbearer.jwks.endpoint.retry.backoff.ms = 100
	sasl.oauthbearer.jwks.endpoint.url = null
	sasl.oauthbearer.scope.claim.name = scope
	sasl.oauthbearer.sub.claim.name = sub
	sasl.oauthbearer.token.endpoint.url = null
	security.protocol = PLAINTEXT
	security.providers = null
	send.buffer.bytes = 131072
	socket.connection.setup.timeout.max.ms = 30000
	socket.connection.setup.timeout.ms = 10000
	ssl.cipher.suites = null
	ssl.enabled.protocols = [TLSv1.2, TLSv1.3]
	ssl.endpoint.identification.algorithm = https
	ssl.engine.factory.class = null
	ssl.key.password = null
	ssl.keymanager.algorithm = SunX509
	ssl.keystore.certificate.chain = null
	ssl.keystore.key = null
	ssl.keystore.location = null
	ssl.keystore.password = null
	ssl.keystore.type = JKS
	ssl.protocol = TLSv1.3
	ssl.provider = null
	ssl.secure.random.implementation = null
	ssl.trustmanager.algorithm = PKIX
	ssl.truststore.certificates = null
	ssl.truststore.location = null
	ssl.truststore.password = null
	ssl.truststore.type = JKS
	transaction.timeout.ms = 60000
	transactional.id = null
	value.serializer = class io.apicurio.registry.serde.avro.AvroKafkaSerializer

2025-09-03 13:54:43,484 INFO  [org.apa.kaf.com.tel.int.KafkaMetricsCollector] (main) initializing Kafka metrics collector
2025-09-03 13:54:43,487 INFO  [org.apa.kaf.cli.pro.KafkaProducer] (main) [Producer clientId=Producer-topic-2ea2c054_6c47_4b9d_9128_ecd070603643] Instantiated an idempotent producer.
2025-09-03 13:54:43,489 INFO  [org.apa.kaf.cli.pro.ProducerConfig] (main) These configurations '[apicurio.registry.url, apicurio.registry.artifact-resolver-strategy]' were supplied but are not used yet.
2025-09-03 13:54:43,489 INFO  [org.apa.kaf.com.uti.AppInfoParser] (main) Kafka version: 3.9.1
2025-09-03 13:54:43,489 INFO  [org.apa.kaf.com.uti.AppInfoParser] (main) Kafka commitId: f745dfdcee2b9851
2025-09-03 13:54:43,489 INFO  [org.apa.kaf.com.uti.AppInfoParser] (main) Kafka startTimeMs: 1756907683489
2025-09-03 13:54:43,489 INFO  [io.api.tes.ser.api.KafkaSerdesTester] (ForkJoinPool.commonPool-worker-2) Sending message {"key11756907672864": "value-0"} to topic topic-2ea2c054_6c47_4b9d_9128_ecd070603643
2025-09-03 13:54:43,492 INFO  [org.apa.kaf.cli.Metadata] (kafka-producer-network-thread | Producer-topic-2ea2c054_6c47_4b9d_9128_ecd070603643) [Producer clientId=Producer-topic-2ea2c054_6c47_4b9d_9128_ecd070603643] Cluster ID: zfwsSXvVT6qhU8UlUF5FTQ
2025-09-03 13:54:43,493 INFO  [DefaultSchemaResolver] (ForkJoinPool.commonPool-worker-2) Retrieving schema content using string: {"type":"record","name":"s24590c58x0ae4x4d31xa451x39f55089f493","namespace":"ns_5d09f28a_c756_4e14_a2f4_9eedbee5ade8","fields":[{"name":"key11756907672864","type":"string"}]}
2025-09-03 13:54:43,493 INFO  [org.apa.kaf.cli.pro.int.TransactionManager] (kafka-producer-network-thread | Producer-topic-2ea2c054_6c47_4b9d_9128_ecd070603643) [Producer clientId=Producer-topic-2ea2c054_6c47_4b9d_9128_ecd070603643] ProducerId set to 17 with epoch 0
2025-09-03 13:54:43,520 INFO  [io.api.tes.ser.api.KafkaSerdesTester] (ForkJoinPool.commonPool-worker-2) Sending message {"key11756907672864": "value-1"} to topic topic-2ea2c054_6c47_4b9d_9128_ecd070603643
2025-09-03 13:54:43,521 INFO  [io.api.tes.ser.api.KafkaSerdesTester] (ForkJoinPool.commonPool-worker-2) Sending message {"key11756907672864": "value-2"} to topic topic-2ea2c054_6c47_4b9d_9128_ecd070603643
2025-09-03 13:54:43,523 INFO  [io.api.tes.ser.api.KafkaSerdesTester] (ForkJoinPool.commonPool-worker-2) Sending message {"key11756907672864": "value-3"} to topic topic-2ea2c054_6c47_4b9d_9128_ecd070603643
2025-09-03 13:54:43,524 INFO  [io.api.tes.ser.api.KafkaSerdesTester] (ForkJoinPool.commonPool-worker-2) Sending message {"key11756907672864": "value-4"} to topic topic-2ea2c054_6c47_4b9d_9128_ecd070603643
2025-09-03 13:54:43,525 INFO  [io.api.tes.ser.api.KafkaSerdesTester] (ForkJoinPool.commonPool-worker-2) Sending message {"key11756907672864": "value-5"} to topic topic-2ea2c054_6c47_4b9d_9128_ecd070603643
2025-09-03 13:54:43,527 INFO  [io.api.tes.ser.api.KafkaSerdesTester] (ForkJoinPool.commonPool-worker-2) Sending message {"key11756907672864": "value-6"} to topic topic-2ea2c054_6c47_4b9d_9128_ecd070603643
2025-09-03 13:54:43,528 INFO  [io.api.tes.ser.api.KafkaSerdesTester] (ForkJoinPool.commonPool-worker-2) Sending message {"key11756907672864": "value-7"} to topic topic-2ea2c054_6c47_4b9d_9128_ecd070603643
2025-09-03 13:54:43,529 INFO  [io.api.tes.ser.api.KafkaSerdesTester] (ForkJoinPool.commonPool-worker-2) Sending message {"key11756907672864": "value-8"} to topic topic-2ea2c054_6c47_4b9d_9128_ecd070603643
2025-09-03 13:54:43,530 INFO  [io.api.tes.ser.api.KafkaSerdesTester] (ForkJoinPool.commonPool-worker-2) Sending message {"key11756907672864": "value-9"} to topic topic-2ea2c054_6c47_4b9d_9128_ecd070603643
2025-09-03 13:54:43,531 INFO  [io.api.tes.ser.api.KafkaSerdesTester] (ForkJoinPool.commonPool-worker-2) Produced 10 messages
2025-09-03 13:54:43,531 INFO  [org.apa.kaf.cli.pro.KafkaProducer] (ForkJoinPool.commonPool-worker-2) [Producer clientId=Producer-topic-2ea2c054_6c47_4b9d_9128_ecd070603643] Closing the Kafka producer with timeoutMillis = 9223372036854775807 ms.
2025-09-03 13:54:43,533 INFO  [org.apa.kaf.com.met.Metrics] (ForkJoinPool.commonPool-worker-2) Metrics scheduler closed
2025-09-03 13:54:43,533 INFO  [org.apa.kaf.com.met.Metrics] (ForkJoinPool.commonPool-worker-2) Closing reporter org.apache.kafka.common.metrics.JmxReporter
2025-09-03 13:54:43,533 INFO  [org.apa.kaf.com.met.Metrics] (ForkJoinPool.commonPool-worker-2) Closing reporter org.apache.kafka.common.telemetry.internals.ClientTelemetryReporter
2025-09-03 13:54:43,533 INFO  [org.apa.kaf.com.met.Metrics] (ForkJoinPool.commonPool-worker-2) Metrics reporters closed
2025-09-03 13:54:43,533 INFO  [org.apa.kaf.com.uti.AppInfoParser] (ForkJoinPool.commonPool-worker-2) App info kafka.producer for Producer-topic-2ea2c054_6c47_4b9d_9128_ecd070603643 unregistered
**** Registry Base URL: http://registry-app-inmemory.apps.ci419.apicurio-testing.org:80
2025-09-03 13:54:43,534 INFO  [org.apa.kaf.cli.con.ConsumerConfig] (main) ConsumerConfig values: 
	allow.auto.create.topics = true
	auto.commit.interval.ms = 500
	auto.include.jmx.reporter = true
	auto.offset.reset = earliest
	bootstrap.servers = [PLAINTEXT://localhost:32769]
	check.crcs = true
	client.dns.lookup = use_all_dns_ips
	client.id = consumer-Consumer-topic-2ea2c054_6c47_4b9d_9128_ecd070603643-12
	client.rack = 
	connections.max.idle.ms = 10000
	default.api.timeout.ms = 60000
	enable.auto.commit = true
	enable.metrics.push = true
	exclude.internal.topics = true
	fetch.max.bytes = 52428800
	fetch.max.wait.ms = 500
	fetch.min.bytes = 1
	group.id = Consumer-topic-2ea2c054_6c47_4b9d_9128_ecd070603643
	group.instance.id = null
	group.protocol = classic
	group.remote.assignor = null
	heartbeat.interval.ms = 3000
	interceptor.classes = []
	internal.leave.group.on.close = true
	internal.throw.on.fetch.stable.offset.unsupported = false
	isolation.level = read_uncommitted
	key.deserializer = class org.apache.kafka.common.serialization.StringDeserializer
	max.partition.fetch.bytes = 1048576
	max.poll.interval.ms = 300000
	max.poll.records = 500
	metadata.max.age.ms = 300000
	metadata.recovery.strategy = none
	metric.reporters = []
	metrics.num.samples = 2
	metrics.recording.level = INFO
	metrics.sample.window.ms = 30000
	partition.assignment.strategy = [class org.apache.kafka.clients.consumer.RangeAssignor, class org.apache.kafka.clients.consumer.CooperativeStickyAssignor]
	receive.buffer.bytes = 65536
	reconnect.backoff.max.ms = 1000
	reconnect.backoff.ms = 50
	request.timeout.ms = 5000
	retry.backoff.max.ms = 1000
	retry.backoff.ms = 100
	sasl.client.callback.handler.class = null
	sasl.jaas.config = null
	sasl.kerberos.kinit.cmd = /usr/bin/kinit
	sasl.kerberos.min.time.before.relogin = 60000
	sasl.kerberos.service.name = null
	sasl.kerberos.ticket.renew.jitter = 0.05
	sasl.kerberos.ticket.renew.window.factor = 0.8
	sasl.login.callback.handler.class = null
	sasl.login.class = null
	sasl.login.connect.timeout.ms = null
	sasl.login.read.timeout.ms = null
	sasl.login.refresh.buffer.seconds = 300
	sasl.login.refresh.min.period.seconds = 60
	sasl.login.refresh.window.factor = 0.8
	sasl.login.refresh.window.jitter = 0.05
	sasl.login.retry.backoff.max.ms = 10000
	sasl.login.retry.backoff.ms = 100
	sasl.mechanism = GSSAPI
	sasl.oauthbearer.clock.skew.seconds = 30
	sasl.oauthbearer.expected.audience = null
	sasl.oauthbearer.expected.issuer = null
	sasl.oauthbearer.header.urlencode = false
	sasl.oauthbearer.jwks.endpoint.refresh.ms = 3600000
	sasl.oauthbearer.jwks.endpoint.retry.backoff.max.ms = 10000
	sasl.oauthbearer.jwks.endpoint.retry.backoff.ms = 100
	sasl.oauthbearer.jwks.endpoint.url = null
	sasl.oauthbearer.scope.claim.name = scope
	sasl.oauthbearer.sub.claim.name = sub
	sasl.oauthbearer.token.endpoint.url = null
	security.protocol = PLAINTEXT
	security.providers = null
	send.buffer.bytes = 131072
	session.timeout.ms = 45000
	socket.connection.setup.timeout.max.ms = 30000
	socket.connection.setup.timeout.ms = 10000
	ssl.cipher.suites = null
	ssl.enabled.protocols = [TLSv1.2, TLSv1.3]
	ssl.endpoint.identification.algorithm = https
	ssl.engine.factory.class = null
	ssl.key.password = null
	ssl.keymanager.algorithm = SunX509
	ssl.keystore.certificate.chain = null
	ssl.keystore.key = null
	ssl.keystore.location = null
	ssl.keystore.password = null
	ssl.keystore.type = JKS
	ssl.protocol = TLSv1.3
	ssl.provider = null
	ssl.secure.random.implementation = null
	ssl.trustmanager.algorithm = PKIX
	ssl.truststore.certificates = null
	ssl.truststore.location = null
	ssl.truststore.password = null
	ssl.truststore.type = JKS
	value.deserializer = class io.apicurio.registry.serde.avro.AvroKafkaDeserializer

2025-09-03 13:54:43,534 INFO  [org.apa.kaf.com.tel.int.KafkaMetricsCollector] (main) initializing Kafka metrics collector
2025-09-03 13:54:43,539 INFO  [org.apa.kaf.cli.con.ConsumerConfig] (main) These configurations '[apicurio.registry.url]' were supplied but are not used yet.
2025-09-03 13:54:43,539 INFO  [org.apa.kaf.com.uti.AppInfoParser] (main) Kafka version: 3.9.1
2025-09-03 13:54:43,539 INFO  [org.apa.kaf.com.uti.AppInfoParser] (main) Kafka commitId: f745dfdcee2b9851
2025-09-03 13:54:43,539 INFO  [org.apa.kaf.com.uti.AppInfoParser] (main) Kafka startTimeMs: 1756907683539
2025-09-03 13:54:43,540 INFO  [org.apa.kaf.cli.con.int.ClassicKafkaConsumer] (ForkJoinPool.commonPool-worker-2) [Consumer clientId=consumer-Consumer-topic-2ea2c054_6c47_4b9d_9128_ecd070603643-12, groupId=Consumer-topic-2ea2c054_6c47_4b9d_9128_ecd070603643] Subscribed to topic(s): topic-2ea2c054_6c47_4b9d_9128_ecd070603643
2025-09-03 13:54:43,543 INFO  [org.apa.kaf.cli.Metadata] (ForkJoinPool.commonPool-worker-2) [Consumer clientId=consumer-Consumer-topic-2ea2c054_6c47_4b9d_9128_ecd070603643-12, groupId=Consumer-topic-2ea2c054_6c47_4b9d_9128_ecd070603643] Cluster ID: zfwsSXvVT6qhU8UlUF5FTQ
2025-09-03 13:54:43,544 INFO  [org.apa.kaf.cli.con.int.ConsumerCoordinator] (ForkJoinPool.commonPool-worker-2) [Consumer clientId=consumer-Consumer-topic-2ea2c054_6c47_4b9d_9128_ecd070603643-12, groupId=Consumer-topic-2ea2c054_6c47_4b9d_9128_ecd070603643] Discovered group coordinator localhost:32769 (id: 2147483647 rack: null)
2025-09-03 13:54:43,545 INFO  [org.apa.kaf.cli.con.int.ConsumerCoordinator] (ForkJoinPool.commonPool-worker-2) [Consumer clientId=consumer-Consumer-topic-2ea2c054_6c47_4b9d_9128_ecd070603643-12, groupId=Consumer-topic-2ea2c054_6c47_4b9d_9128_ecd070603643] (Re-)joining group
2025-09-03 13:54:43,547 INFO  [org.apa.kaf.cli.con.int.ConsumerCoordinator] (ForkJoinPool.commonPool-worker-2) [Consumer clientId=consumer-Consumer-topic-2ea2c054_6c47_4b9d_9128_ecd070603643-12, groupId=Consumer-topic-2ea2c054_6c47_4b9d_9128_ecd070603643] Request joining group due to: need to re-join with the given member-id: consumer-Consumer-topic-2ea2c054_6c47_4b9d_9128_ecd070603643-12-38fe5eeb-ddce-40e9-ae4b-bd724ddab109
2025-09-03 13:54:43,547 INFO  [org.apa.kaf.cli.con.int.ConsumerCoordinator] (ForkJoinPool.commonPool-worker-2) [Consumer clientId=consumer-Consumer-topic-2ea2c054_6c47_4b9d_9128_ecd070603643-12, groupId=Consumer-topic-2ea2c054_6c47_4b9d_9128_ecd070603643] (Re-)joining group
2025-09-03 13:54:44,541 INFO  [io.api.tes.ser.api.KafkaSerdesTester] (ForkJoinPool.commonPool-worker-2) None found
2025-09-03 13:54:45,541 INFO  [io.api.tes.ser.api.KafkaSerdesTester] (ForkJoinPool.commonPool-worker-2) None found
2025-09-03 13:54:46,541 INFO  [io.api.tes.ser.api.KafkaSerdesTester] (ForkJoinPool.commonPool-worker-2) None found
2025-09-03 13:54:46,548 INFO  [org.apa.kaf.cli.con.int.ConsumerCoordinator] (ForkJoinPool.commonPool-worker-2) [Consumer clientId=consumer-Consumer-topic-2ea2c054_6c47_4b9d_9128_ecd070603643-12, groupId=Consumer-topic-2ea2c054_6c47_4b9d_9128_ecd070603643] Successfully joined group with generation Generation{generationId=5, memberId='consumer-Consumer-topic-2ea2c054_6c47_4b9d_9128_ecd070603643-12-38fe5eeb-ddce-40e9-ae4b-bd724ddab109', protocol='range'}
2025-09-03 13:54:46,548 INFO  [org.apa.kaf.cli.con.int.ConsumerCoordinator] (ForkJoinPool.commonPool-worker-2) [Consumer clientId=consumer-Consumer-topic-2ea2c054_6c47_4b9d_9128_ecd070603643-12, groupId=Consumer-topic-2ea2c054_6c47_4b9d_9128_ecd070603643] Finished assignment for group at generation 5: {consumer-Consumer-topic-2ea2c054_6c47_4b9d_9128_ecd070603643-12-38fe5eeb-ddce-40e9-ae4b-bd724ddab109=Assignment(partitions=[topic-2ea2c054_6c47_4b9d_9128_ecd070603643-0])}
2025-09-03 13:54:46,555 INFO  [org.apa.kaf.cli.con.int.ConsumerCoordinator] (ForkJoinPool.commonPool-worker-2) [Consumer clientId=consumer-Consumer-topic-2ea2c054_6c47_4b9d_9128_ecd070603643-12, groupId=Consumer-topic-2ea2c054_6c47_4b9d_9128_ecd070603643] Successfully synced group in generation Generation{generationId=5, memberId='consumer-Consumer-topic-2ea2c054_6c47_4b9d_9128_ecd070603643-12-38fe5eeb-ddce-40e9-ae4b-bd724ddab109', protocol='range'}
2025-09-03 13:54:46,555 INFO  [org.apa.kaf.cli.con.int.ConsumerCoordinator] (ForkJoinPool.commonPool-worker-2) [Consumer clientId=consumer-Consumer-topic-2ea2c054_6c47_4b9d_9128_ecd070603643-12, groupId=Consumer-topic-2ea2c054_6c47_4b9d_9128_ecd070603643] Notifying assignor about the new Assignment(partitions=[topic-2ea2c054_6c47_4b9d_9128_ecd070603643-0])
2025-09-03 13:54:46,555 INFO  [org.apa.kaf.cli.con.int.ConsumerRebalanceListenerInvoker] (ForkJoinPool.commonPool-worker-2) [Consumer clientId=consumer-Consumer-topic-2ea2c054_6c47_4b9d_9128_ecd070603643-12, groupId=Consumer-topic-2ea2c054_6c47_4b9d_9128_ecd070603643] Adding newly assigned partitions: topic-2ea2c054_6c47_4b9d_9128_ecd070603643-0
2025-09-03 13:54:46,556 INFO  [org.apa.kaf.cli.con.int.ConsumerUtils] (ForkJoinPool.commonPool-worker-2) Setting offset for partition topic-2ea2c054_6c47_4b9d_9128_ecd070603643-0 to the committed offset FetchPosition{offset=30, offsetEpoch=Optional[0], currentLeader=LeaderAndEpoch{leader=Optional[localhost:32769 (id: 0 rack: null)], epoch=0}}
2025-09-03 13:54:46,638 INFO  [io.api.tes.ser.api.KafkaSerdesTester] (ForkJoinPool.commonPool-worker-2) topic-2ea2c054_6c47_4b9d_9128_ecd070603643 0 30 {"key11756907672864": "value-0", "key21756907677609": "value-0", "key31756907682330": "value-0"}
2025-09-03 13:54:46,638 INFO  [io.api.tes.ser.api.KafkaSerdesTester] (ForkJoinPool.commonPool-worker-2) topic-2ea2c054_6c47_4b9d_9128_ecd070603643 0 31 {"key11756907672864": "value-1", "key21756907677609": "value-1", "key31756907682330": "value-1"}
2025-09-03 13:54:46,638 INFO  [io.api.tes.ser.api.KafkaSerdesTester] (ForkJoinPool.commonPool-worker-2) topic-2ea2c054_6c47_4b9d_9128_ecd070603643 0 32 {"key11756907672864": "value-2", "key21756907677609": "value-2", "key31756907682330": "value-2"}
2025-09-03 13:54:46,638 INFO  [io.api.tes.ser.api.KafkaSerdesTester] (ForkJoinPool.commonPool-worker-2) topic-2ea2c054_6c47_4b9d_9128_ecd070603643 0 33 {"key11756907672864": "value-3", "key21756907677609": "value-3", "key31756907682330": "value-3"}
2025-09-03 13:54:46,638 INFO  [io.api.tes.ser.api.KafkaSerdesTester] (ForkJoinPool.commonPool-worker-2) topic-2ea2c054_6c47_4b9d_9128_ecd070603643 0 34 {"key11756907672864": "value-4", "key21756907677609": "value-4", "key31756907682330": "value-4"}
2025-09-03 13:54:46,638 INFO  [io.api.tes.ser.api.KafkaSerdesTester] (ForkJoinPool.commonPool-worker-2) topic-2ea2c054_6c47_4b9d_9128_ecd070603643 0 35 {"key11756907672864": "value-5", "key21756907677609": "value-5", "key31756907682330": "value-5"}
2025-09-03 13:54:46,638 INFO  [io.api.tes.ser.api.KafkaSerdesTester] (ForkJoinPool.commonPool-worker-2) topic-2ea2c054_6c47_4b9d_9128_ecd070603643 0 36 {"key11756907672864": "value-6", "key21756907677609": "value-6", "key31756907682330": "value-6"}
2025-09-03 13:54:46,638 INFO  [io.api.tes.ser.api.KafkaSerdesTester] (ForkJoinPool.commonPool-worker-2) topic-2ea2c054_6c47_4b9d_9128_ecd070603643 0 37 {"key11756907672864": "value-7", "key21756907677609": "value-7", "key31756907682330": "value-7"}
2025-09-03 13:54:46,638 INFO  [io.api.tes.ser.api.KafkaSerdesTester] (ForkJoinPool.commonPool-worker-2) topic-2ea2c054_6c47_4b9d_9128_ecd070603643 0 38 {"key11756907672864": "value-8", "key21756907677609": "value-8", "key31756907682330": "value-8"}
2025-09-03 13:54:46,638 INFO  [io.api.tes.ser.api.KafkaSerdesTester] (ForkJoinPool.commonPool-worker-2) topic-2ea2c054_6c47_4b9d_9128_ecd070603643 0 39 {"key11756907672864": "value-9", "key21756907677609": "value-9", "key31756907682330": "value-9"}
2025-09-03 13:54:46,639 INFO  [io.api.tes.ser.api.KafkaSerdesTester] (ForkJoinPool.commonPool-worker-2) topic-2ea2c054_6c47_4b9d_9128_ecd070603643 0 40 {"key11756907672864": "value-0", "key21756907677609": "value-0"}
2025-09-03 13:54:46,639 INFO  [io.api.tes.ser.api.KafkaSerdesTester] (ForkJoinPool.commonPool-worker-2) topic-2ea2c054_6c47_4b9d_9128_ecd070603643 0 41 {"key11756907672864": "value-1", "key21756907677609": "value-1"}
2025-09-03 13:54:46,639 INFO  [io.api.tes.ser.api.KafkaSerdesTester] (ForkJoinPool.commonPool-worker-2) topic-2ea2c054_6c47_4b9d_9128_ecd070603643 0 42 {"key11756907672864": "value-2", "key21756907677609": "value-2"}
2025-09-03 13:54:46,639 INFO  [io.api.tes.ser.api.KafkaSerdesTester] (ForkJoinPool.commonPool-worker-2) topic-2ea2c054_6c47_4b9d_9128_ecd070603643 0 43 {"key11756907672864": "value-3", "key21756907677609": "value-3"}
2025-09-03 13:54:46,639 INFO  [io.api.tes.ser.api.KafkaSerdesTester] (ForkJoinPool.commonPool-worker-2) topic-2ea2c054_6c47_4b9d_9128_ecd070603643 0 44 {"key11756907672864": "value-4", "key21756907677609": "value-4"}
2025-09-03 13:54:46,639 INFO  [io.api.tes.ser.api.KafkaSerdesTester] (ForkJoinPool.commonPool-worker-2) topic-2ea2c054_6c47_4b9d_9128_ecd070603643 0 45 {"key11756907672864": "value-5", "key21756907677609": "value-5"}
2025-09-03 13:54:46,639 INFO  [io.api.tes.ser.api.KafkaSerdesTester] (ForkJoinPool.commonPool-worker-2) topic-2ea2c054_6c47_4b9d_9128_ecd070603643 0 46 {"key11756907672864": "value-6", "key21756907677609": "value-6"}
2025-09-03 13:54:46,639 INFO  [io.api.tes.ser.api.KafkaSerdesTester] (ForkJoinPool.commonPool-worker-2) topic-2ea2c054_6c47_4b9d_9128_ecd070603643 0 47 {"key11756907672864": "value-7", "key21756907677609": "value-7"}
2025-09-03 13:54:46,639 INFO  [io.api.tes.ser.api.KafkaSerdesTester] (ForkJoinPool.commonPool-worker-2) topic-2ea2c054_6c47_4b9d_9128_ecd070603643 0 48 {"key11756907672864": "value-8", "key21756907677609": "value-8"}
2025-09-03 13:54:46,639 INFO  [io.api.tes.ser.api.KafkaSerdesTester] (ForkJoinPool.commonPool-worker-2) topic-2ea2c054_6c47_4b9d_9128_ecd070603643 0 49 {"key11756907672864": "value-9", "key21756907677609": "value-9"}
2025-09-03 13:54:46,639 INFO  [io.api.tes.ser.api.KafkaSerdesTester] (ForkJoinPool.commonPool-worker-2) topic-2ea2c054_6c47_4b9d_9128_ecd070603643 0 50 {"key11756907672864": "value-0"}
2025-09-03 13:54:46,639 INFO  [io.api.tes.ser.api.KafkaSerdesTester] (ForkJoinPool.commonPool-worker-2) topic-2ea2c054_6c47_4b9d_9128_ecd070603643 0 51 {"key11756907672864": "value-1"}
2025-09-03 13:54:46,639 INFO  [io.api.tes.ser.api.KafkaSerdesTester] (ForkJoinPool.commonPool-worker-2) topic-2ea2c054_6c47_4b9d_9128_ecd070603643 0 52 {"key11756907672864": "value-2"}
2025-09-03 13:54:46,639 INFO  [io.api.tes.ser.api.KafkaSerdesTester] (ForkJoinPool.commonPool-worker-2) topic-2ea2c054_6c47_4b9d_9128_ecd070603643 0 53 {"key11756907672864": "value-3"}
2025-09-03 13:54:46,639 INFO  [io.api.tes.ser.api.KafkaSerdesTester] (ForkJoinPool.commonPool-worker-2) topic-2ea2c054_6c47_4b9d_9128_ecd070603643 0 54 {"key11756907672864": "value-4"}
2025-09-03 13:54:46,639 INFO  [io.api.tes.ser.api.KafkaSerdesTester] (ForkJoinPool.commonPool-worker-2) topic-2ea2c054_6c47_4b9d_9128_ecd070603643 0 55 {"key11756907672864": "value-5"}
2025-09-03 13:54:46,639 INFO  [io.api.tes.ser.api.KafkaSerdesTester] (ForkJoinPool.commonPool-worker-2) topic-2ea2c054_6c47_4b9d_9128_ecd070603643 0 56 {"key11756907672864": "value-6"}
2025-09-03 13:54:46,639 INFO  [io.api.tes.ser.api.KafkaSerdesTester] (ForkJoinPool.commonPool-worker-2) topic-2ea2c054_6c47_4b9d_9128_ecd070603643 0 57 {"key11756907672864": "value-7"}
2025-09-03 13:54:46,639 INFO  [io.api.tes.ser.api.KafkaSerdesTester] (ForkJoinPool.commonPool-worker-2) topic-2ea2c054_6c47_4b9d_9128_ecd070603643 0 58 {"key11756907672864": "value-8"}
2025-09-03 13:54:46,639 INFO  [io.api.tes.ser.api.KafkaSerdesTester] (ForkJoinPool.commonPool-worker-2) topic-2ea2c054_6c47_4b9d_9128_ecd070603643 0 59 {"key11756907672864": "value-9"}
2025-09-03 13:54:46,639 INFO  [io.api.tes.ser.api.KafkaSerdesTester] (ForkJoinPool.commonPool-worker-2) Consumed 30 messages
2025-09-03 13:54:46,646 INFO  [org.apa.kaf.cli.con.int.ConsumerRebalanceListenerInvoker] (ForkJoinPool.commonPool-worker-2) [Consumer clientId=consumer-Consumer-topic-2ea2c054_6c47_4b9d_9128_ecd070603643-12, groupId=Consumer-topic-2ea2c054_6c47_4b9d_9128_ecd070603643] Revoke previously assigned partitions topic-2ea2c054_6c47_4b9d_9128_ecd070603643-0
2025-09-03 13:54:46,646 INFO  [org.apa.kaf.cli.con.int.ConsumerCoordinator] (ForkJoinPool.commonPool-worker-2) [Consumer clientId=consumer-Consumer-topic-2ea2c054_6c47_4b9d_9128_ecd070603643-12, groupId=Consumer-topic-2ea2c054_6c47_4b9d_9128_ecd070603643] Member consumer-Consumer-topic-2ea2c054_6c47_4b9d_9128_ecd070603643-12-38fe5eeb-ddce-40e9-ae4b-bd724ddab109 sending LeaveGroup request to coordinator localhost:32769 (id: 2147483647 rack: null) due to the consumer is being closed
2025-09-03 13:54:46,646 INFO  [org.apa.kaf.cli.con.int.ConsumerCoordinator] (ForkJoinPool.commonPool-worker-2) [Consumer clientId=consumer-Consumer-topic-2ea2c054_6c47_4b9d_9128_ecd070603643-12, groupId=Consumer-topic-2ea2c054_6c47_4b9d_9128_ecd070603643] Resetting generation and member id due to: consumer pro-actively leaving the group
2025-09-03 13:54:46,646 INFO  [org.apa.kaf.cli.con.int.ConsumerCoordinator] (ForkJoinPool.commonPool-worker-2) [Consumer clientId=consumer-Consumer-topic-2ea2c054_6c47_4b9d_9128_ecd070603643-12, groupId=Consumer-topic-2ea2c054_6c47_4b9d_9128_ecd070603643] Request joining group due to: consumer pro-actively leaving the group
2025-09-03 13:54:47,140 INFO  [org.apa.kaf.com.met.Metrics] (ForkJoinPool.commonPool-worker-2) Metrics scheduler closed
2025-09-03 13:54:47,140 INFO  [org.apa.kaf.com.met.Metrics] (ForkJoinPool.commonPool-worker-2) Closing reporter org.apache.kafka.common.metrics.JmxReporter
2025-09-03 13:54:47,140 INFO  [org.apa.kaf.com.met.Metrics] (ForkJoinPool.commonPool-worker-2) Closing reporter org.apache.kafka.common.telemetry.internals.ClientTelemetryReporter
2025-09-03 13:54:47,140 INFO  [org.apa.kaf.com.met.Metrics] (ForkJoinPool.commonPool-worker-2) Metrics reporters closed
2025-09-03 13:54:47,141 INFO  [org.apa.kaf.com.uti.AppInfoParser] (ForkJoinPool.commonPool-worker-2) App info kafka.consumer for consumer-Consumer-topic-2ea2c054_6c47_4b9d_9128_ecd070603643-12 unregistered
2025-09-03 13:54:47,141 INFO  [org.apa.kaf.cli.pro.KafkaProducer] (main) [Producer clientId=Producer-topic-2ea2c054_6c47_4b9d_9128_ecd070603643] Closing the Kafka producer with timeoutMillis = 9223372036854775807 ms.
2025-09-03 13:54:47,142 INFO  [org.apa.kaf.com.met.Metrics] (main) Metrics scheduler closed
2025-09-03 13:54:47,142 INFO  [org.apa.kaf.com.met.Metrics] (main) Closing reporter org.apache.kafka.common.metrics.JmxReporter
2025-09-03 13:54:47,142 INFO  [org.apa.kaf.com.met.Metrics] (main) Closing reporter org.apache.kafka.common.telemetry.internals.ClientTelemetryReporter
2025-09-03 13:54:47,142 INFO  [org.apa.kaf.com.met.Metrics] (main) Metrics reporters closed
2025-09-03 13:54:47,142 INFO  [org.apa.kaf.com.uti.AppInfoParser] (main) App info kafka.producer for Producer-topic-2ea2c054_6c47_4b9d_9128_ecd070603643 unregistered
2025-09-03 13:54:47,142 INFO  [io.api.tes.uti.TestSeparator] (main) io.apicurio.tests.serdes.apicurio.AvroSerdeIT.testEvolveAvroApicurio-FINISHED
2025-09-03 13:54:47,142 INFO  [io.api.tes.uti.TestSeparator] (main) ############################################################################
Test passed: testEvolveAvroApicurio
]]></system-out>
  </testcase>
  <testcase name="testTopicRecordIdStrategydFindLatest" classname="io.apicurio.tests.serdes.apicurio.AvroSerdeIT" time="4.677">
    <system-out><![CDATA[2025-09-03 13:54:47,143 INFO  [io.api.tes.uti.TestSeparator] (main) ############################################################################
2025-09-03 13:54:47,143 INFO  [io.api.tes.uti.TestSeparator] (main) io.apicurio.tests.serdes.apicurio.AvroSerdeIT.testTopicRecordIdStrategydFindLatest-STARTED
2025-09-03 13:54:47,144 INFO  [io.api.tes.ser.api.AvroSerdeIT] (main) Registering Avro Schema: {"type":"record","name":"s6a332284x37fex4281xad81xd4ef5f36c515","namespace":"s5461c5ecx93b0x44dcx8b61x1815f7817ee5","fields":[{"name":"key11756907687143","type":"string"}]}
**** Registry Base URL: http://registry-app-inmemory.apps.ci419.apicurio-testing.org:80
2025-09-03 13:54:48,182 INFO  [org.apa.kaf.cli.pro.ProducerConfig] (main) ProducerConfig values: 
	acks = -1
	auto.include.jmx.reporter = true
	batch.size = 16384
	bootstrap.servers = [PLAINTEXT://localhost:32769]
	buffer.memory = 33554432
	client.dns.lookup = use_all_dns_ips
	client.id = Producer-topic-9d034a44_3e9a_4cd4_b972_a685a53aa401
	compression.gzip.level = -1
	compression.lz4.level = 9
	compression.type = none
	compression.zstd.level = 3
	connections.max.idle.ms = 10000
	delivery.timeout.ms = 120000
	enable.idempotence = true
	enable.metrics.push = true
	interceptor.classes = []
	key.serializer = class org.apache.kafka.common.serialization.StringSerializer
	linger.ms = 0
	max.block.ms = 60000
	max.in.flight.requests.per.connection = 5
	max.request.size = 1048576
	metadata.max.age.ms = 300000
	metadata.max.idle.ms = 300000
	metadata.recovery.strategy = none
	metric.reporters = []
	metrics.num.samples = 2
	metrics.recording.level = INFO
	metrics.sample.window.ms = 30000
	partitioner.adaptive.partitioning.enable = true
	partitioner.availability.timeout.ms = 0
	partitioner.class = null
	partitioner.ignore.keys = false
	receive.buffer.bytes = 32768
	reconnect.backoff.max.ms = 1000
	reconnect.backoff.ms = 50
	request.timeout.ms = 5000
	retries = 2147483647
	retry.backoff.max.ms = 1000
	retry.backoff.ms = 100
	sasl.client.callback.handler.class = null
	sasl.jaas.config = null
	sasl.kerberos.kinit.cmd = /usr/bin/kinit
	sasl.kerberos.min.time.before.relogin = 60000
	sasl.kerberos.service.name = null
	sasl.kerberos.ticket.renew.jitter = 0.05
	sasl.kerberos.ticket.renew.window.factor = 0.8
	sasl.login.callback.handler.class = null
	sasl.login.class = null
	sasl.login.connect.timeout.ms = null
	sasl.login.read.timeout.ms = null
	sasl.login.refresh.buffer.seconds = 300
	sasl.login.refresh.min.period.seconds = 60
	sasl.login.refresh.window.factor = 0.8
	sasl.login.refresh.window.jitter = 0.05
	sasl.login.retry.backoff.max.ms = 10000
	sasl.login.retry.backoff.ms = 100
	sasl.mechanism = GSSAPI
	sasl.oauthbearer.clock.skew.seconds = 30
	sasl.oauthbearer.expected.audience = null
	sasl.oauthbearer.expected.issuer = null
	sasl.oauthbearer.header.urlencode = false
	sasl.oauthbearer.jwks.endpoint.refresh.ms = 3600000
	sasl.oauthbearer.jwks.endpoint.retry.backoff.max.ms = 10000
	sasl.oauthbearer.jwks.endpoint.retry.backoff.ms = 100
	sasl.oauthbearer.jwks.endpoint.url = null
	sasl.oauthbearer.scope.claim.name = scope
	sasl.oauthbearer.sub.claim.name = sub
	sasl.oauthbearer.token.endpoint.url = null
	security.protocol = PLAINTEXT
	security.providers = null
	send.buffer.bytes = 131072
	socket.connection.setup.timeout.max.ms = 30000
	socket.connection.setup.timeout.ms = 10000
	ssl.cipher.suites = null
	ssl.enabled.protocols = [TLSv1.2, TLSv1.3]
	ssl.endpoint.identification.algorithm = https
	ssl.engine.factory.class = null
	ssl.key.password = null
	ssl.keymanager.algorithm = SunX509
	ssl.keystore.certificate.chain = null
	ssl.keystore.key = null
	ssl.keystore.location = null
	ssl.keystore.password = null
	ssl.keystore.type = JKS
	ssl.protocol = TLSv1.3
	ssl.provider = null
	ssl.secure.random.implementation = null
	ssl.trustmanager.algorithm = PKIX
	ssl.truststore.certificates = null
	ssl.truststore.location = null
	ssl.truststore.password = null
	ssl.truststore.type = JKS
	transaction.timeout.ms = 60000
	transactional.id = null
	value.serializer = class io.apicurio.registry.serde.avro.AvroKafkaSerializer

2025-09-03 13:54:48,182 INFO  [org.apa.kaf.com.tel.int.KafkaMetricsCollector] (main) initializing Kafka metrics collector
2025-09-03 13:54:48,185 INFO  [org.apa.kaf.cli.pro.KafkaProducer] (main) [Producer clientId=Producer-topic-9d034a44_3e9a_4cd4_b972_a685a53aa401] Instantiated an idempotent producer.
2025-09-03 13:54:48,186 INFO  [org.apa.kaf.cli.pro.ProducerConfig] (main) These configurations '[apicurio.registry.find-latest, apicurio.registry.url, apicurio.registry.artifact-resolver-strategy]' were supplied but are not used yet.
2025-09-03 13:54:48,186 INFO  [org.apa.kaf.com.uti.AppInfoParser] (main) Kafka version: 3.9.1
2025-09-03 13:54:48,186 INFO  [org.apa.kaf.com.uti.AppInfoParser] (main) Kafka commitId: f745dfdcee2b9851
2025-09-03 13:54:48,186 INFO  [org.apa.kaf.com.uti.AppInfoParser] (main) Kafka startTimeMs: 1756907688186
2025-09-03 13:54:48,186 INFO  [io.api.tes.ser.api.SimpleSerdesTesterBuilder$SimpleSerdesTester] (main) Using producer configuration: {apicurio.registry.find-latest=true, apicurio.registry.url=http://registry-app-inmemory.apps.ci419.apicurio-testing.org:80/apis/registry/v3, apicurio.registry.artifact-resolver-strategy=io.apicurio.registry.serde.avro.strategy.TopicRecordIdStrategy, value.serializer=io.apicurio.registry.serde.avro.AvroKafkaSerializer, request.timeout.ms=5000, acks=all, bootstrap.servers=PLAINTEXT://localhost:32769, connections.max.idle.ms=10000, key.serializer=org.apache.kafka.common.serialization.StringSerializer, client.id=Producer-topic-9d034a44_3e9a_4cd4_b972_a685a53aa401}
2025-09-03 13:54:48,186 INFO  [io.api.tes.ser.api.SimpleSerdesTesterBuilder$SimpleSerdesTester] (main) Using consumer configuration: {}
2025-09-03 13:54:48,186 INFO  [io.api.tes.ser.api.KafkaSerdesTester] (ForkJoinPool.commonPool-worker-2) Sending message {"key11756907687143": "value-0"} to topic topic-9d034a44_3e9a_4cd4_b972_a685a53aa401
2025-09-03 13:54:48,189 INFO  [org.apa.kaf.cli.Metadata] (kafka-producer-network-thread | Producer-topic-9d034a44_3e9a_4cd4_b972_a685a53aa401) [Producer clientId=Producer-topic-9d034a44_3e9a_4cd4_b972_a685a53aa401] Cluster ID: zfwsSXvVT6qhU8UlUF5FTQ
2025-09-03 13:54:48,190 INFO  [org.apa.kaf.cli.pro.int.TransactionManager] (kafka-producer-network-thread | Producer-topic-9d034a44_3e9a_4cd4_b972_a685a53aa401) [Producer clientId=Producer-topic-9d034a44_3e9a_4cd4_b972_a685a53aa401] ProducerId set to 18 with epoch 0
2025-09-03 13:54:48,240 INFO  [io.api.tes.ser.api.KafkaSerdesTester] (ForkJoinPool.commonPool-worker-2) Sending message {"key11756907687143": "value-1"} to topic topic-9d034a44_3e9a_4cd4_b972_a685a53aa401
2025-09-03 13:54:48,242 INFO  [io.api.tes.ser.api.KafkaSerdesTester] (ForkJoinPool.commonPool-worker-2) Sending message {"key11756907687143": "value-2"} to topic topic-9d034a44_3e9a_4cd4_b972_a685a53aa401
2025-09-03 13:54:48,243 INFO  [io.api.tes.ser.api.KafkaSerdesTester] (ForkJoinPool.commonPool-worker-2) Sending message {"key11756907687143": "value-3"} to topic topic-9d034a44_3e9a_4cd4_b972_a685a53aa401
2025-09-03 13:54:48,244 INFO  [io.api.tes.ser.api.KafkaSerdesTester] (ForkJoinPool.commonPool-worker-2) Sending message {"key11756907687143": "value-4"} to topic topic-9d034a44_3e9a_4cd4_b972_a685a53aa401
2025-09-03 13:54:48,245 INFO  [io.api.tes.ser.api.KafkaSerdesTester] (ForkJoinPool.commonPool-worker-2) Sending message {"key11756907687143": "value-5"} to topic topic-9d034a44_3e9a_4cd4_b972_a685a53aa401
2025-09-03 13:54:48,246 INFO  [io.api.tes.ser.api.KafkaSerdesTester] (ForkJoinPool.commonPool-worker-2) Sending message {"key11756907687143": "value-6"} to topic topic-9d034a44_3e9a_4cd4_b972_a685a53aa401
2025-09-03 13:54:48,247 INFO  [io.api.tes.ser.api.KafkaSerdesTester] (ForkJoinPool.commonPool-worker-2) Sending message {"key11756907687143": "value-7"} to topic topic-9d034a44_3e9a_4cd4_b972_a685a53aa401
2025-09-03 13:54:48,248 INFO  [io.api.tes.ser.api.KafkaSerdesTester] (ForkJoinPool.commonPool-worker-2) Sending message {"key11756907687143": "value-8"} to topic topic-9d034a44_3e9a_4cd4_b972_a685a53aa401
2025-09-03 13:54:48,249 INFO  [io.api.tes.ser.api.KafkaSerdesTester] (ForkJoinPool.commonPool-worker-2) Sending message {"key11756907687143": "value-9"} to topic topic-9d034a44_3e9a_4cd4_b972_a685a53aa401
2025-09-03 13:54:48,250 INFO  [io.api.tes.ser.api.KafkaSerdesTester] (ForkJoinPool.commonPool-worker-2) Produced 10 messages
2025-09-03 13:54:48,250 INFO  [org.apa.kaf.cli.pro.KafkaProducer] (ForkJoinPool.commonPool-worker-2) [Producer clientId=Producer-topic-9d034a44_3e9a_4cd4_b972_a685a53aa401] Closing the Kafka producer with timeoutMillis = 9223372036854775807 ms.
2025-09-03 13:54:48,252 INFO  [org.apa.kaf.com.met.Metrics] (ForkJoinPool.commonPool-worker-2) Metrics scheduler closed
2025-09-03 13:54:48,252 INFO  [org.apa.kaf.com.met.Metrics] (ForkJoinPool.commonPool-worker-2) Closing reporter org.apache.kafka.common.metrics.JmxReporter
2025-09-03 13:54:48,252 INFO  [org.apa.kaf.com.met.Metrics] (ForkJoinPool.commonPool-worker-2) Closing reporter org.apache.kafka.common.telemetry.internals.ClientTelemetryReporter
2025-09-03 13:54:48,252 INFO  [org.apa.kaf.com.met.Metrics] (ForkJoinPool.commonPool-worker-2) Metrics reporters closed
2025-09-03 13:54:48,252 INFO  [org.apa.kaf.com.uti.AppInfoParser] (ForkJoinPool.commonPool-worker-2) App info kafka.producer for Producer-topic-9d034a44_3e9a_4cd4_b972_a685a53aa401 unregistered
**** Registry Base URL: http://registry-app-inmemory.apps.ci419.apicurio-testing.org:80
2025-09-03 13:54:48,253 INFO  [org.apa.kaf.cli.con.ConsumerConfig] (main) ConsumerConfig values: 
	allow.auto.create.topics = true
	auto.commit.interval.ms = 500
	auto.include.jmx.reporter = true
	auto.offset.reset = earliest
	bootstrap.servers = [PLAINTEXT://localhost:32769]
	check.crcs = true
	client.dns.lookup = use_all_dns_ips
	client.id = consumer-Consumer-topic-9d034a44_3e9a_4cd4_b972_a685a53aa401-13
	client.rack = 
	connections.max.idle.ms = 10000
	default.api.timeout.ms = 60000
	enable.auto.commit = true
	enable.metrics.push = true
	exclude.internal.topics = true
	fetch.max.bytes = 52428800
	fetch.max.wait.ms = 500
	fetch.min.bytes = 1
	group.id = Consumer-topic-9d034a44_3e9a_4cd4_b972_a685a53aa401
	group.instance.id = null
	group.protocol = classic
	group.remote.assignor = null
	heartbeat.interval.ms = 3000
	interceptor.classes = []
	internal.leave.group.on.close = true
	internal.throw.on.fetch.stable.offset.unsupported = false
	isolation.level = read_uncommitted
	key.deserializer = class org.apache.kafka.common.serialization.StringDeserializer
	max.partition.fetch.bytes = 1048576
	max.poll.interval.ms = 300000
	max.poll.records = 500
	metadata.max.age.ms = 300000
	metadata.recovery.strategy = none
	metric.reporters = []
	metrics.num.samples = 2
	metrics.recording.level = INFO
	metrics.sample.window.ms = 30000
	partition.assignment.strategy = [class org.apache.kafka.clients.consumer.RangeAssignor, class org.apache.kafka.clients.consumer.CooperativeStickyAssignor]
	receive.buffer.bytes = 65536
	reconnect.backoff.max.ms = 1000
	reconnect.backoff.ms = 50
	request.timeout.ms = 5000
	retry.backoff.max.ms = 1000
	retry.backoff.ms = 100
	sasl.client.callback.handler.class = null
	sasl.jaas.config = null
	sasl.kerberos.kinit.cmd = /usr/bin/kinit
	sasl.kerberos.min.time.before.relogin = 60000
	sasl.kerberos.service.name = null
	sasl.kerberos.ticket.renew.jitter = 0.05
	sasl.kerberos.ticket.renew.window.factor = 0.8
	sasl.login.callback.handler.class = null
	sasl.login.class = null
	sasl.login.connect.timeout.ms = null
	sasl.login.read.timeout.ms = null
	sasl.login.refresh.buffer.seconds = 300
	sasl.login.refresh.min.period.seconds = 60
	sasl.login.refresh.window.factor = 0.8
	sasl.login.refresh.window.jitter = 0.05
	sasl.login.retry.backoff.max.ms = 10000
	sasl.login.retry.backoff.ms = 100
	sasl.mechanism = GSSAPI
	sasl.oauthbearer.clock.skew.seconds = 30
	sasl.oauthbearer.expected.audience = null
	sasl.oauthbearer.expected.issuer = null
	sasl.oauthbearer.header.urlencode = false
	sasl.oauthbearer.jwks.endpoint.refresh.ms = 3600000
	sasl.oauthbearer.jwks.endpoint.retry.backoff.max.ms = 10000
	sasl.oauthbearer.jwks.endpoint.retry.backoff.ms = 100
	sasl.oauthbearer.jwks.endpoint.url = null
	sasl.oauthbearer.scope.claim.name = scope
	sasl.oauthbearer.sub.claim.name = sub
	sasl.oauthbearer.token.endpoint.url = null
	security.protocol = PLAINTEXT
	security.providers = null
	send.buffer.bytes = 131072
	session.timeout.ms = 45000
	socket.connection.setup.timeout.max.ms = 30000
	socket.connection.setup.timeout.ms = 10000
	ssl.cipher.suites = null
	ssl.enabled.protocols = [TLSv1.2, TLSv1.3]
	ssl.endpoint.identification.algorithm = https
	ssl.engine.factory.class = null
	ssl.key.password = null
	ssl.keymanager.algorithm = SunX509
	ssl.keystore.certificate.chain = null
	ssl.keystore.key = null
	ssl.keystore.location = null
	ssl.keystore.password = null
	ssl.keystore.type = JKS
	ssl.protocol = TLSv1.3
	ssl.provider = null
	ssl.secure.random.implementation = null
	ssl.trustmanager.algorithm = PKIX
	ssl.truststore.certificates = null
	ssl.truststore.location = null
	ssl.truststore.password = null
	ssl.truststore.type = JKS
	value.deserializer = class io.apicurio.registry.serde.avro.AvroKafkaDeserializer

2025-09-03 13:54:48,253 INFO  [org.apa.kaf.com.tel.int.KafkaMetricsCollector] (main) initializing Kafka metrics collector
2025-09-03 13:54:48,257 INFO  [org.apa.kaf.cli.con.ConsumerConfig] (main) These configurations '[apicurio.registry.url]' were supplied but are not used yet.
2025-09-03 13:54:48,257 INFO  [org.apa.kaf.com.uti.AppInfoParser] (main) Kafka version: 3.9.1
2025-09-03 13:54:48,257 INFO  [org.apa.kaf.com.uti.AppInfoParser] (main) Kafka commitId: f745dfdcee2b9851
2025-09-03 13:54:48,257 INFO  [org.apa.kaf.com.uti.AppInfoParser] (main) Kafka startTimeMs: 1756907688257
2025-09-03 13:54:48,258 INFO  [org.apa.kaf.cli.con.int.ClassicKafkaConsumer] (ForkJoinPool.commonPool-worker-2) [Consumer clientId=consumer-Consumer-topic-9d034a44_3e9a_4cd4_b972_a685a53aa401-13, groupId=Consumer-topic-9d034a44_3e9a_4cd4_b972_a685a53aa401] Subscribed to topic(s): topic-9d034a44_3e9a_4cd4_b972_a685a53aa401
2025-09-03 13:54:48,262 INFO  [org.apa.kaf.cli.Metadata] (ForkJoinPool.commonPool-worker-2) [Consumer clientId=consumer-Consumer-topic-9d034a44_3e9a_4cd4_b972_a685a53aa401-13, groupId=Consumer-topic-9d034a44_3e9a_4cd4_b972_a685a53aa401] Cluster ID: zfwsSXvVT6qhU8UlUF5FTQ
2025-09-03 13:54:48,263 INFO  [org.apa.kaf.cli.con.int.ConsumerCoordinator] (ForkJoinPool.commonPool-worker-2) [Consumer clientId=consumer-Consumer-topic-9d034a44_3e9a_4cd4_b972_a685a53aa401-13, groupId=Consumer-topic-9d034a44_3e9a_4cd4_b972_a685a53aa401] Discovered group coordinator localhost:32769 (id: 2147483647 rack: null)
2025-09-03 13:54:48,264 INFO  [org.apa.kaf.cli.con.int.ConsumerCoordinator] (ForkJoinPool.commonPool-worker-2) [Consumer clientId=consumer-Consumer-topic-9d034a44_3e9a_4cd4_b972_a685a53aa401-13, groupId=Consumer-topic-9d034a44_3e9a_4cd4_b972_a685a53aa401] (Re-)joining group
2025-09-03 13:54:48,266 INFO  [org.apa.kaf.cli.con.int.ConsumerCoordinator] (ForkJoinPool.commonPool-worker-2) [Consumer clientId=consumer-Consumer-topic-9d034a44_3e9a_4cd4_b972_a685a53aa401-13, groupId=Consumer-topic-9d034a44_3e9a_4cd4_b972_a685a53aa401] Request joining group due to: need to re-join with the given member-id: consumer-Consumer-topic-9d034a44_3e9a_4cd4_b972_a685a53aa401-13-86220429-c426-4108-aca7-140e226daf39
2025-09-03 13:54:48,266 INFO  [org.apa.kaf.cli.con.int.ConsumerCoordinator] (ForkJoinPool.commonPool-worker-2) [Consumer clientId=consumer-Consumer-topic-9d034a44_3e9a_4cd4_b972_a685a53aa401-13, groupId=Consumer-topic-9d034a44_3e9a_4cd4_b972_a685a53aa401] (Re-)joining group
2025-09-03 13:54:49,258 INFO  [io.api.tes.ser.api.KafkaSerdesTester] (ForkJoinPool.commonPool-worker-2) None found
2025-09-03 13:54:50,258 INFO  [io.api.tes.ser.api.KafkaSerdesTester] (ForkJoinPool.commonPool-worker-2) None found
2025-09-03 13:54:51,259 INFO  [io.api.tes.ser.api.KafkaSerdesTester] (ForkJoinPool.commonPool-worker-2) None found
2025-09-03 13:54:51,268 INFO  [org.apa.kaf.cli.con.int.ConsumerCoordinator] (ForkJoinPool.commonPool-worker-2) [Consumer clientId=consumer-Consumer-topic-9d034a44_3e9a_4cd4_b972_a685a53aa401-13, groupId=Consumer-topic-9d034a44_3e9a_4cd4_b972_a685a53aa401] Successfully joined group with generation Generation{generationId=1, memberId='consumer-Consumer-topic-9d034a44_3e9a_4cd4_b972_a685a53aa401-13-86220429-c426-4108-aca7-140e226daf39', protocol='range'}
2025-09-03 13:54:51,268 INFO  [org.apa.kaf.cli.con.int.ConsumerCoordinator] (ForkJoinPool.commonPool-worker-2) [Consumer clientId=consumer-Consumer-topic-9d034a44_3e9a_4cd4_b972_a685a53aa401-13, groupId=Consumer-topic-9d034a44_3e9a_4cd4_b972_a685a53aa401] Finished assignment for group at generation 1: {consumer-Consumer-topic-9d034a44_3e9a_4cd4_b972_a685a53aa401-13-86220429-c426-4108-aca7-140e226daf39=Assignment(partitions=[topic-9d034a44_3e9a_4cd4_b972_a685a53aa401-0])}
2025-09-03 13:54:51,275 INFO  [org.apa.kaf.cli.con.int.ConsumerCoordinator] (ForkJoinPool.commonPool-worker-2) [Consumer clientId=consumer-Consumer-topic-9d034a44_3e9a_4cd4_b972_a685a53aa401-13, groupId=Consumer-topic-9d034a44_3e9a_4cd4_b972_a685a53aa401] Successfully synced group in generation Generation{generationId=1, memberId='consumer-Consumer-topic-9d034a44_3e9a_4cd4_b972_a685a53aa401-13-86220429-c426-4108-aca7-140e226daf39', protocol='range'}
2025-09-03 13:54:51,275 INFO  [org.apa.kaf.cli.con.int.ConsumerCoordinator] (ForkJoinPool.commonPool-worker-2) [Consumer clientId=consumer-Consumer-topic-9d034a44_3e9a_4cd4_b972_a685a53aa401-13, groupId=Consumer-topic-9d034a44_3e9a_4cd4_b972_a685a53aa401] Notifying assignor about the new Assignment(partitions=[topic-9d034a44_3e9a_4cd4_b972_a685a53aa401-0])
2025-09-03 13:54:51,275 INFO  [org.apa.kaf.cli.con.int.ConsumerRebalanceListenerInvoker] (ForkJoinPool.commonPool-worker-2) [Consumer clientId=consumer-Consumer-topic-9d034a44_3e9a_4cd4_b972_a685a53aa401-13, groupId=Consumer-topic-9d034a44_3e9a_4cd4_b972_a685a53aa401] Adding newly assigned partitions: topic-9d034a44_3e9a_4cd4_b972_a685a53aa401-0
2025-09-03 13:54:51,276 INFO  [org.apa.kaf.cli.con.int.ConsumerCoordinator] (ForkJoinPool.commonPool-worker-2) [Consumer clientId=consumer-Consumer-topic-9d034a44_3e9a_4cd4_b972_a685a53aa401-13, groupId=Consumer-topic-9d034a44_3e9a_4cd4_b972_a685a53aa401] Found no committed offset for partition topic-9d034a44_3e9a_4cd4_b972_a685a53aa401-0
2025-09-03 13:54:51,279 INFO  [org.apa.kaf.cli.con.int.SubscriptionState] (ForkJoinPool.commonPool-worker-2) [Consumer clientId=consumer-Consumer-topic-9d034a44_3e9a_4cd4_b972_a685a53aa401-13, groupId=Consumer-topic-9d034a44_3e9a_4cd4_b972_a685a53aa401] Resetting offset for partition topic-9d034a44_3e9a_4cd4_b972_a685a53aa401-0 to position FetchPosition{offset=0, offsetEpoch=Optional.empty, currentLeader=LeaderAndEpoch{leader=Optional[localhost:32769 (id: 0 rack: null)], epoch=0}}.
2025-09-03 13:54:51,315 INFO  [io.api.tes.ser.api.KafkaSerdesTester] (ForkJoinPool.commonPool-worker-2) topic-9d034a44_3e9a_4cd4_b972_a685a53aa401 0 0 {"key11756907687143": "value-0"}
2025-09-03 13:54:51,315 INFO  [io.api.tes.ser.api.KafkaSerdesTester] (ForkJoinPool.commonPool-worker-2) topic-9d034a44_3e9a_4cd4_b972_a685a53aa401 0 1 {"key11756907687143": "value-1"}
2025-09-03 13:54:51,315 INFO  [io.api.tes.ser.api.KafkaSerdesTester] (ForkJoinPool.commonPool-worker-2) topic-9d034a44_3e9a_4cd4_b972_a685a53aa401 0 2 {"key11756907687143": "value-2"}
2025-09-03 13:54:51,315 INFO  [io.api.tes.ser.api.KafkaSerdesTester] (ForkJoinPool.commonPool-worker-2) topic-9d034a44_3e9a_4cd4_b972_a685a53aa401 0 3 {"key11756907687143": "value-3"}
2025-09-03 13:54:51,315 INFO  [io.api.tes.ser.api.KafkaSerdesTester] (ForkJoinPool.commonPool-worker-2) topic-9d034a44_3e9a_4cd4_b972_a685a53aa401 0 4 {"key11756907687143": "value-4"}
2025-09-03 13:54:51,315 INFO  [io.api.tes.ser.api.KafkaSerdesTester] (ForkJoinPool.commonPool-worker-2) topic-9d034a44_3e9a_4cd4_b972_a685a53aa401 0 5 {"key11756907687143": "value-5"}
2025-09-03 13:54:51,315 INFO  [io.api.tes.ser.api.KafkaSerdesTester] (ForkJoinPool.commonPool-worker-2) topic-9d034a44_3e9a_4cd4_b972_a685a53aa401 0 6 {"key11756907687143": "value-6"}
2025-09-03 13:54:51,315 INFO  [io.api.tes.ser.api.KafkaSerdesTester] (ForkJoinPool.commonPool-worker-2) topic-9d034a44_3e9a_4cd4_b972_a685a53aa401 0 7 {"key11756907687143": "value-7"}
2025-09-03 13:54:51,315 INFO  [io.api.tes.ser.api.KafkaSerdesTester] (ForkJoinPool.commonPool-worker-2) topic-9d034a44_3e9a_4cd4_b972_a685a53aa401 0 8 {"key11756907687143": "value-8"}
2025-09-03 13:54:51,315 INFO  [io.api.tes.ser.api.KafkaSerdesTester] (ForkJoinPool.commonPool-worker-2) topic-9d034a44_3e9a_4cd4_b972_a685a53aa401 0 9 {"key11756907687143": "value-9"}
2025-09-03 13:54:51,315 INFO  [io.api.tes.ser.api.KafkaSerdesTester] (ForkJoinPool.commonPool-worker-2) Consumed 10 messages
2025-09-03 13:54:51,322 INFO  [org.apa.kaf.cli.con.int.ConsumerRebalanceListenerInvoker] (ForkJoinPool.commonPool-worker-2) [Consumer clientId=consumer-Consumer-topic-9d034a44_3e9a_4cd4_b972_a685a53aa401-13, groupId=Consumer-topic-9d034a44_3e9a_4cd4_b972_a685a53aa401] Revoke previously assigned partitions topic-9d034a44_3e9a_4cd4_b972_a685a53aa401-0
2025-09-03 13:54:51,322 INFO  [org.apa.kaf.cli.con.int.ConsumerCoordinator] (ForkJoinPool.commonPool-worker-2) [Consumer clientId=consumer-Consumer-topic-9d034a44_3e9a_4cd4_b972_a685a53aa401-13, groupId=Consumer-topic-9d034a44_3e9a_4cd4_b972_a685a53aa401] Member consumer-Consumer-topic-9d034a44_3e9a_4cd4_b972_a685a53aa401-13-86220429-c426-4108-aca7-140e226daf39 sending LeaveGroup request to coordinator localhost:32769 (id: 2147483647 rack: null) due to the consumer is being closed
2025-09-03 13:54:51,322 INFO  [org.apa.kaf.cli.con.int.ConsumerCoordinator] (ForkJoinPool.commonPool-worker-2) [Consumer clientId=consumer-Consumer-topic-9d034a44_3e9a_4cd4_b972_a685a53aa401-13, groupId=Consumer-topic-9d034a44_3e9a_4cd4_b972_a685a53aa401] Resetting generation and member id due to: consumer pro-actively leaving the group
2025-09-03 13:54:51,322 INFO  [org.apa.kaf.cli.con.int.ConsumerCoordinator] (ForkJoinPool.commonPool-worker-2) [Consumer clientId=consumer-Consumer-topic-9d034a44_3e9a_4cd4_b972_a685a53aa401-13, groupId=Consumer-topic-9d034a44_3e9a_4cd4_b972_a685a53aa401] Request joining group due to: consumer pro-actively leaving the group
2025-09-03 13:54:51,817 INFO  [org.apa.kaf.com.met.Metrics] (ForkJoinPool.commonPool-worker-2) Metrics scheduler closed
2025-09-03 13:54:51,817 INFO  [org.apa.kaf.com.met.Metrics] (ForkJoinPool.commonPool-worker-2) Closing reporter org.apache.kafka.common.metrics.JmxReporter
2025-09-03 13:54:51,817 INFO  [org.apa.kaf.com.met.Metrics] (ForkJoinPool.commonPool-worker-2) Closing reporter org.apache.kafka.common.telemetry.internals.ClientTelemetryReporter
2025-09-03 13:54:51,817 INFO  [org.apa.kaf.com.met.Metrics] (ForkJoinPool.commonPool-worker-2) Metrics reporters closed
2025-09-03 13:54:51,818 INFO  [org.apa.kaf.com.uti.AppInfoParser] (ForkJoinPool.commonPool-worker-2) App info kafka.consumer for consumer-Consumer-topic-9d034a44_3e9a_4cd4_b972_a685a53aa401-13 unregistered
2025-09-03 13:54:51,819 INFO  [io.api.tes.uti.TestSeparator] (main) io.apicurio.tests.serdes.apicurio.AvroSerdeIT.testTopicRecordIdStrategydFindLatest-FINISHED
2025-09-03 13:54:51,819 INFO  [io.api.tes.uti.TestSeparator] (main) ############################################################################
Test passed: testTopicRecordIdStrategydFindLatest
]]></system-out>
  </testcase>
  <testcase name="testAvroConfluentForMultipleTopics" classname="io.apicurio.tests.serdes.apicurio.AvroSerdeIT" time="11.858">
    <system-out><![CDATA[2025-09-03 13:54:51,820 INFO  [io.api.tes.uti.TestSeparator] (main) ############################################################################
2025-09-03 13:54:51,820 INFO  [io.api.tes.uti.TestSeparator] (main) io.apicurio.tests.serdes.apicurio.AvroSerdeIT.testAvroConfluentForMultipleTopics-STARTED
2025-09-03 13:54:51,821 INFO  [io.api.tes.ser.api.AvroSerdeIT] (main) Registering Avro Schema: {"type":"record","name":"myrecordconfluent","fields":[{"name":"key11756907691820","type":"string"}]}
**** Registry Base URL: http://registry-app-inmemory.apps.ci419.apicurio-testing.org:80
2025-09-03 13:54:52,848 INFO  [org.apa.kaf.cli.pro.ProducerConfig] (main) ProducerConfig values: 
	acks = -1
	auto.include.jmx.reporter = true
	batch.size = 16384
	bootstrap.servers = [PLAINTEXT://localhost:32769]
	buffer.memory = 33554432
	client.dns.lookup = use_all_dns_ips
	client.id = Producer-topic-939c6859_d2e0_4901_a950_f5de59de6b6c
	compression.gzip.level = -1
	compression.lz4.level = 9
	compression.type = none
	compression.zstd.level = 3
	connections.max.idle.ms = 10000
	delivery.timeout.ms = 120000
	enable.idempotence = true
	enable.metrics.push = true
	interceptor.classes = []
	key.serializer = class org.apache.kafka.common.serialization.StringSerializer
	linger.ms = 0
	max.block.ms = 60000
	max.in.flight.requests.per.connection = 5
	max.request.size = 1048576
	metadata.max.age.ms = 300000
	metadata.max.idle.ms = 300000
	metadata.recovery.strategy = none
	metric.reporters = []
	metrics.num.samples = 2
	metrics.recording.level = INFO
	metrics.sample.window.ms = 30000
	partitioner.adaptive.partitioning.enable = true
	partitioner.availability.timeout.ms = 0
	partitioner.class = null
	partitioner.ignore.keys = false
	receive.buffer.bytes = 32768
	reconnect.backoff.max.ms = 1000
	reconnect.backoff.ms = 50
	request.timeout.ms = 5000
	retries = 2147483647
	retry.backoff.max.ms = 1000
	retry.backoff.ms = 100
	sasl.client.callback.handler.class = null
	sasl.jaas.config = null
	sasl.kerberos.kinit.cmd = /usr/bin/kinit
	sasl.kerberos.min.time.before.relogin = 60000
	sasl.kerberos.service.name = null
	sasl.kerberos.ticket.renew.jitter = 0.05
	sasl.kerberos.ticket.renew.window.factor = 0.8
	sasl.login.callback.handler.class = null
	sasl.login.class = null
	sasl.login.connect.timeout.ms = null
	sasl.login.read.timeout.ms = null
	sasl.login.refresh.buffer.seconds = 300
	sasl.login.refresh.min.period.seconds = 60
	sasl.login.refresh.window.factor = 0.8
	sasl.login.refresh.window.jitter = 0.05
	sasl.login.retry.backoff.max.ms = 10000
	sasl.login.retry.backoff.ms = 100
	sasl.mechanism = GSSAPI
	sasl.oauthbearer.clock.skew.seconds = 30
	sasl.oauthbearer.expected.audience = null
	sasl.oauthbearer.expected.issuer = null
	sasl.oauthbearer.header.urlencode = false
	sasl.oauthbearer.jwks.endpoint.refresh.ms = 3600000
	sasl.oauthbearer.jwks.endpoint.retry.backoff.max.ms = 10000
	sasl.oauthbearer.jwks.endpoint.retry.backoff.ms = 100
	sasl.oauthbearer.jwks.endpoint.url = null
	sasl.oauthbearer.scope.claim.name = scope
	sasl.oauthbearer.sub.claim.name = sub
	sasl.oauthbearer.token.endpoint.url = null
	security.protocol = PLAINTEXT
	security.providers = null
	send.buffer.bytes = 131072
	socket.connection.setup.timeout.max.ms = 30000
	socket.connection.setup.timeout.ms = 10000
	ssl.cipher.suites = null
	ssl.enabled.protocols = [TLSv1.2, TLSv1.3]
	ssl.endpoint.identification.algorithm = https
	ssl.engine.factory.class = null
	ssl.key.password = null
	ssl.keymanager.algorithm = SunX509
	ssl.keystore.certificate.chain = null
	ssl.keystore.key = null
	ssl.keystore.location = null
	ssl.keystore.password = null
	ssl.keystore.type = JKS
	ssl.protocol = TLSv1.3
	ssl.provider = null
	ssl.secure.random.implementation = null
	ssl.trustmanager.algorithm = PKIX
	ssl.truststore.certificates = null
	ssl.truststore.location = null
	ssl.truststore.password = null
	ssl.truststore.type = JKS
	transaction.timeout.ms = 60000
	transactional.id = null
	value.serializer = class io.apicurio.registry.serde.avro.AvroKafkaSerializer

2025-09-03 13:54:52,849 INFO  [org.apa.kaf.com.tel.int.KafkaMetricsCollector] (main) initializing Kafka metrics collector
2025-09-03 13:54:52,851 INFO  [org.apa.kaf.cli.pro.KafkaProducer] (main) [Producer clientId=Producer-topic-939c6859_d2e0_4901_a950_f5de59de6b6c] Instantiated an idempotent producer.
2025-09-03 13:54:52,852 INFO  [org.apa.kaf.cli.pro.ProducerConfig] (main) These configurations '[apicurio.registry.url, apicurio.registry.artifact-resolver-strategy]' were supplied but are not used yet.
2025-09-03 13:54:52,852 INFO  [org.apa.kaf.com.uti.AppInfoParser] (main) Kafka version: 3.9.1
2025-09-03 13:54:52,852 INFO  [org.apa.kaf.com.uti.AppInfoParser] (main) Kafka commitId: f745dfdcee2b9851
2025-09-03 13:54:52,852 INFO  [org.apa.kaf.com.uti.AppInfoParser] (main) Kafka startTimeMs: 1756907692852
**** Registry Base URL: http://registry-app-inmemory.apps.ci419.apicurio-testing.org:80
2025-09-03 13:54:52,853 INFO  [org.apa.kaf.cli.pro.ProducerConfig] (main) ProducerConfig values: 
	acks = -1
	auto.include.jmx.reporter = true
	batch.size = 16384
	bootstrap.servers = [PLAINTEXT://localhost:32769]
	buffer.memory = 33554432
	client.dns.lookup = use_all_dns_ips
	client.id = Producer-topic-04d3e648_fb55_47de_b4c2_9e1861c66375
	compression.gzip.level = -1
	compression.lz4.level = 9
	compression.type = none
	compression.zstd.level = 3
	connections.max.idle.ms = 10000
	delivery.timeout.ms = 120000
	enable.idempotence = true
	enable.metrics.push = true
	interceptor.classes = []
	key.serializer = class org.apache.kafka.common.serialization.StringSerializer
	linger.ms = 0
	max.block.ms = 60000
	max.in.flight.requests.per.connection = 5
	max.request.size = 1048576
	metadata.max.age.ms = 300000
	metadata.max.idle.ms = 300000
	metadata.recovery.strategy = none
	metric.reporters = []
	metrics.num.samples = 2
	metrics.recording.level = INFO
	metrics.sample.window.ms = 30000
	partitioner.adaptive.partitioning.enable = true
	partitioner.availability.timeout.ms = 0
	partitioner.class = null
	partitioner.ignore.keys = false
	receive.buffer.bytes = 32768
	reconnect.backoff.max.ms = 1000
	reconnect.backoff.ms = 50
	request.timeout.ms = 5000
	retries = 2147483647
	retry.backoff.max.ms = 1000
	retry.backoff.ms = 100
	sasl.client.callback.handler.class = null
	sasl.jaas.config = null
	sasl.kerberos.kinit.cmd = /usr/bin/kinit
	sasl.kerberos.min.time.before.relogin = 60000
	sasl.kerberos.service.name = null
	sasl.kerberos.ticket.renew.jitter = 0.05
	sasl.kerberos.ticket.renew.window.factor = 0.8
	sasl.login.callback.handler.class = null
	sasl.login.class = null
	sasl.login.connect.timeout.ms = null
	sasl.login.read.timeout.ms = null
	sasl.login.refresh.buffer.seconds = 300
	sasl.login.refresh.min.period.seconds = 60
	sasl.login.refresh.window.factor = 0.8
	sasl.login.refresh.window.jitter = 0.05
	sasl.login.retry.backoff.max.ms = 10000
	sasl.login.retry.backoff.ms = 100
	sasl.mechanism = GSSAPI
	sasl.oauthbearer.clock.skew.seconds = 30
	sasl.oauthbearer.expected.audience = null
	sasl.oauthbearer.expected.issuer = null
	sasl.oauthbearer.header.urlencode = false
	sasl.oauthbearer.jwks.endpoint.refresh.ms = 3600000
	sasl.oauthbearer.jwks.endpoint.retry.backoff.max.ms = 10000
	sasl.oauthbearer.jwks.endpoint.retry.backoff.ms = 100
	sasl.oauthbearer.jwks.endpoint.url = null
	sasl.oauthbearer.scope.claim.name = scope
	sasl.oauthbearer.sub.claim.name = sub
	sasl.oauthbearer.token.endpoint.url = null
	security.protocol = PLAINTEXT
	security.providers = null
	send.buffer.bytes = 131072
	socket.connection.setup.timeout.max.ms = 30000
	socket.connection.setup.timeout.ms = 10000
	ssl.cipher.suites = null
	ssl.enabled.protocols = [TLSv1.2, TLSv1.3]
	ssl.endpoint.identification.algorithm = https
	ssl.engine.factory.class = null
	ssl.key.password = null
	ssl.keymanager.algorithm = SunX509
	ssl.keystore.certificate.chain = null
	ssl.keystore.key = null
	ssl.keystore.location = null
	ssl.keystore.password = null
	ssl.keystore.type = JKS
	ssl.protocol = TLSv1.3
	ssl.provider = null
	ssl.secure.random.implementation = null
	ssl.trustmanager.algorithm = PKIX
	ssl.truststore.certificates = null
	ssl.truststore.location = null
	ssl.truststore.password = null
	ssl.truststore.type = JKS
	transaction.timeout.ms = 60000
	transactional.id = null
	value.serializer = class io.apicurio.registry.serde.avro.AvroKafkaSerializer

2025-09-03 13:54:52,853 INFO  [org.apa.kaf.com.tel.int.KafkaMetricsCollector] (main) initializing Kafka metrics collector
2025-09-03 13:54:52,855 INFO  [org.apa.kaf.cli.pro.KafkaProducer] (main) [Producer clientId=Producer-topic-04d3e648_fb55_47de_b4c2_9e1861c66375] Instantiated an idempotent producer.
2025-09-03 13:54:52,856 INFO  [org.apa.kaf.cli.Metadata] (kafka-producer-network-thread | Producer-topic-939c6859_d2e0_4901_a950_f5de59de6b6c) [Producer clientId=Producer-topic-939c6859_d2e0_4901_a950_f5de59de6b6c] Cluster ID: zfwsSXvVT6qhU8UlUF5FTQ
2025-09-03 13:54:52,856 INFO  [org.apa.kaf.cli.pro.int.TransactionManager] (kafka-producer-network-thread | Producer-topic-939c6859_d2e0_4901_a950_f5de59de6b6c) [Producer clientId=Producer-topic-939c6859_d2e0_4901_a950_f5de59de6b6c] ProducerId set to 19 with epoch 0
2025-09-03 13:54:52,857 INFO  [org.apa.kaf.cli.pro.ProducerConfig] (main) These configurations '[apicurio.registry.url, apicurio.registry.artifact-resolver-strategy]' were supplied but are not used yet.
2025-09-03 13:54:52,857 INFO  [org.apa.kaf.com.uti.AppInfoParser] (main) Kafka version: 3.9.1
2025-09-03 13:54:52,857 INFO  [org.apa.kaf.com.uti.AppInfoParser] (main) Kafka commitId: f745dfdcee2b9851
2025-09-03 13:54:52,857 INFO  [org.apa.kaf.com.uti.AppInfoParser] (main) Kafka startTimeMs: 1756907692857
**** Registry Base URL: http://registry-app-inmemory.apps.ci419.apicurio-testing.org:80
2025-09-03 13:54:52,857 INFO  [org.apa.kaf.cli.pro.ProducerConfig] (main) ProducerConfig values: 
	acks = -1
	auto.include.jmx.reporter = true
	batch.size = 16384
	bootstrap.servers = [PLAINTEXT://localhost:32769]
	buffer.memory = 33554432
	client.dns.lookup = use_all_dns_ips
	client.id = Producer-topic-1f44b57e_9054_4465_9df2_d5f0c8cd827c
	compression.gzip.level = -1
	compression.lz4.level = 9
	compression.type = none
	compression.zstd.level = 3
	connections.max.idle.ms = 10000
	delivery.timeout.ms = 120000
	enable.idempotence = true
	enable.metrics.push = true
	interceptor.classes = []
	key.serializer = class org.apache.kafka.common.serialization.StringSerializer
	linger.ms = 0
	max.block.ms = 60000
	max.in.flight.requests.per.connection = 5
	max.request.size = 1048576
	metadata.max.age.ms = 300000
	metadata.max.idle.ms = 300000
	metadata.recovery.strategy = none
	metric.reporters = []
	metrics.num.samples = 2
	metrics.recording.level = INFO
	metrics.sample.window.ms = 30000
	partitioner.adaptive.partitioning.enable = true
	partitioner.availability.timeout.ms = 0
	partitioner.class = null
	partitioner.ignore.keys = false
	receive.buffer.bytes = 32768
	reconnect.backoff.max.ms = 1000
	reconnect.backoff.ms = 50
	request.timeout.ms = 5000
	retries = 2147483647
	retry.backoff.max.ms = 1000
	retry.backoff.ms = 100
	sasl.client.callback.handler.class = null
	sasl.jaas.config = null
	sasl.kerberos.kinit.cmd = /usr/bin/kinit
	sasl.kerberos.min.time.before.relogin = 60000
	sasl.kerberos.service.name = null
	sasl.kerberos.ticket.renew.jitter = 0.05
	sasl.kerberos.ticket.renew.window.factor = 0.8
	sasl.login.callback.handler.class = null
	sasl.login.class = null
	sasl.login.connect.timeout.ms = null
	sasl.login.read.timeout.ms = null
	sasl.login.refresh.buffer.seconds = 300
	sasl.login.refresh.min.period.seconds = 60
	sasl.login.refresh.window.factor = 0.8
	sasl.login.refresh.window.jitter = 0.05
	sasl.login.retry.backoff.max.ms = 10000
	sasl.login.retry.backoff.ms = 100
	sasl.mechanism = GSSAPI
	sasl.oauthbearer.clock.skew.seconds = 30
	sasl.oauthbearer.expected.audience = null
	sasl.oauthbearer.expected.issuer = null
	sasl.oauthbearer.header.urlencode = false
	sasl.oauthbearer.jwks.endpoint.refresh.ms = 3600000
	sasl.oauthbearer.jwks.endpoint.retry.backoff.max.ms = 10000
	sasl.oauthbearer.jwks.endpoint.retry.backoff.ms = 100
	sasl.oauthbearer.jwks.endpoint.url = null
	sasl.oauthbearer.scope.claim.name = scope
	sasl.oauthbearer.sub.claim.name = sub
	sasl.oauthbearer.token.endpoint.url = null
	security.protocol = PLAINTEXT
	security.providers = null
	send.buffer.bytes = 131072
	socket.connection.setup.timeout.max.ms = 30000
	socket.connection.setup.timeout.ms = 10000
	ssl.cipher.suites = null
	ssl.enabled.protocols = [TLSv1.2, TLSv1.3]
	ssl.endpoint.identification.algorithm = https
	ssl.engine.factory.class = null
	ssl.key.password = null
	ssl.keymanager.algorithm = SunX509
	ssl.keystore.certificate.chain = null
	ssl.keystore.key = null
	ssl.keystore.location = null
	ssl.keystore.password = null
	ssl.keystore.type = JKS
	ssl.protocol = TLSv1.3
	ssl.provider = null
	ssl.secure.random.implementation = null
	ssl.trustmanager.algorithm = PKIX
	ssl.truststore.certificates = null
	ssl.truststore.location = null
	ssl.truststore.password = null
	ssl.truststore.type = JKS
	transaction.timeout.ms = 60000
	transactional.id = null
	value.serializer = class io.apicurio.registry.serde.avro.AvroKafkaSerializer

2025-09-03 13:54:52,857 INFO  [org.apa.kaf.com.tel.int.KafkaMetricsCollector] (main) initializing Kafka metrics collector
2025-09-03 13:54:52,859 INFO  [org.apa.kaf.cli.Metadata] (kafka-producer-network-thread | Producer-topic-04d3e648_fb55_47de_b4c2_9e1861c66375) [Producer clientId=Producer-topic-04d3e648_fb55_47de_b4c2_9e1861c66375] Cluster ID: zfwsSXvVT6qhU8UlUF5FTQ
2025-09-03 13:54:52,859 INFO  [org.apa.kaf.cli.pro.int.TransactionManager] (kafka-producer-network-thread | Producer-topic-04d3e648_fb55_47de_b4c2_9e1861c66375) [Producer clientId=Producer-topic-04d3e648_fb55_47de_b4c2_9e1861c66375] ProducerId set to 20 with epoch 0
2025-09-03 13:54:52,860 INFO  [org.apa.kaf.cli.pro.KafkaProducer] (main) [Producer clientId=Producer-topic-1f44b57e_9054_4465_9df2_d5f0c8cd827c] Instantiated an idempotent producer.
2025-09-03 13:54:52,861 INFO  [org.apa.kaf.cli.pro.ProducerConfig] (main) These configurations '[apicurio.registry.url, apicurio.registry.artifact-resolver-strategy]' were supplied but are not used yet.
2025-09-03 13:54:52,861 INFO  [org.apa.kaf.com.uti.AppInfoParser] (main) Kafka version: 3.9.1
2025-09-03 13:54:52,861 INFO  [org.apa.kaf.com.uti.AppInfoParser] (main) Kafka commitId: f745dfdcee2b9851
2025-09-03 13:54:52,861 INFO  [org.apa.kaf.com.uti.AppInfoParser] (main) Kafka startTimeMs: 1756907692861
**** Registry Base URL: http://registry-app-inmemory.apps.ci419.apicurio-testing.org:80
2025-09-03 13:54:52,861 INFO  [org.apa.kaf.cli.con.ConsumerConfig] (main) ConsumerConfig values: 
	allow.auto.create.topics = true
	auto.commit.interval.ms = 500
	auto.include.jmx.reporter = true
	auto.offset.reset = earliest
	bootstrap.servers = [PLAINTEXT://localhost:32769]
	check.crcs = true
	client.dns.lookup = use_all_dns_ips
	client.id = consumer-Consumer-topic-939c6859_d2e0_4901_a950_f5de59de6b6c-14
	client.rack = 
	connections.max.idle.ms = 10000
	default.api.timeout.ms = 60000
	enable.auto.commit = true
	enable.metrics.push = true
	exclude.internal.topics = true
	fetch.max.bytes = 52428800
	fetch.max.wait.ms = 500
	fetch.min.bytes = 1
	group.id = Consumer-topic-939c6859_d2e0_4901_a950_f5de59de6b6c
	group.instance.id = null
	group.protocol = classic
	group.remote.assignor = null
	heartbeat.interval.ms = 3000
	interceptor.classes = []
	internal.leave.group.on.close = true
	internal.throw.on.fetch.stable.offset.unsupported = false
	isolation.level = read_uncommitted
	key.deserializer = class org.apache.kafka.common.serialization.StringDeserializer
	max.partition.fetch.bytes = 1048576
	max.poll.interval.ms = 300000
	max.poll.records = 500
	metadata.max.age.ms = 300000
	metadata.recovery.strategy = none
	metric.reporters = []
	metrics.num.samples = 2
	metrics.recording.level = INFO
	metrics.sample.window.ms = 30000
	partition.assignment.strategy = [class org.apache.kafka.clients.consumer.RangeAssignor, class org.apache.kafka.clients.consumer.CooperativeStickyAssignor]
	receive.buffer.bytes = 65536
	reconnect.backoff.max.ms = 1000
	reconnect.backoff.ms = 50
	request.timeout.ms = 5000
	retry.backoff.max.ms = 1000
	retry.backoff.ms = 100
	sasl.client.callback.handler.class = null
	sasl.jaas.config = null
	sasl.kerberos.kinit.cmd = /usr/bin/kinit
	sasl.kerberos.min.time.before.relogin = 60000
	sasl.kerberos.service.name = null
	sasl.kerberos.ticket.renew.jitter = 0.05
	sasl.kerberos.ticket.renew.window.factor = 0.8
	sasl.login.callback.handler.class = null
	sasl.login.class = null
	sasl.login.connect.timeout.ms = null
	sasl.login.read.timeout.ms = null
	sasl.login.refresh.buffer.seconds = 300
	sasl.login.refresh.min.period.seconds = 60
	sasl.login.refresh.window.factor = 0.8
	sasl.login.refresh.window.jitter = 0.05
	sasl.login.retry.backoff.max.ms = 10000
	sasl.login.retry.backoff.ms = 100
	sasl.mechanism = GSSAPI
	sasl.oauthbearer.clock.skew.seconds = 30
	sasl.oauthbearer.expected.audience = null
	sasl.oauthbearer.expected.issuer = null
	sasl.oauthbearer.header.urlencode = false
	sasl.oauthbearer.jwks.endpoint.refresh.ms = 3600000
	sasl.oauthbearer.jwks.endpoint.retry.backoff.max.ms = 10000
	sasl.oauthbearer.jwks.endpoint.retry.backoff.ms = 100
	sasl.oauthbearer.jwks.endpoint.url = null
	sasl.oauthbearer.scope.claim.name = scope
	sasl.oauthbearer.sub.claim.name = sub
	sasl.oauthbearer.token.endpoint.url = null
	security.protocol = PLAINTEXT
	security.providers = null
	send.buffer.bytes = 131072
	session.timeout.ms = 45000
	socket.connection.setup.timeout.max.ms = 30000
	socket.connection.setup.timeout.ms = 10000
	ssl.cipher.suites = null
	ssl.enabled.protocols = [TLSv1.2, TLSv1.3]
	ssl.endpoint.identification.algorithm = https
	ssl.engine.factory.class = null
	ssl.key.password = null
	ssl.keymanager.algorithm = SunX509
	ssl.keystore.certificate.chain = null
	ssl.keystore.key = null
	ssl.keystore.location = null
	ssl.keystore.password = null
	ssl.keystore.type = JKS
	ssl.protocol = TLSv1.3
	ssl.provider = null
	ssl.secure.random.implementation = null
	ssl.trustmanager.algorithm = PKIX
	ssl.truststore.certificates = null
	ssl.truststore.location = null
	ssl.truststore.password = null
	ssl.truststore.type = JKS
	value.deserializer = class io.apicurio.registry.serde.avro.AvroKafkaDeserializer

2025-09-03 13:54:52,861 INFO  [org.apa.kaf.com.tel.int.KafkaMetricsCollector] (main) initializing Kafka metrics collector
2025-09-03 13:54:52,863 INFO  [org.apa.kaf.cli.Metadata] (kafka-producer-network-thread | Producer-topic-1f44b57e_9054_4465_9df2_d5f0c8cd827c) [Producer clientId=Producer-topic-1f44b57e_9054_4465_9df2_d5f0c8cd827c] Cluster ID: zfwsSXvVT6qhU8UlUF5FTQ
2025-09-03 13:54:52,864 INFO  [org.apa.kaf.cli.pro.int.TransactionManager] (kafka-producer-network-thread | Producer-topic-1f44b57e_9054_4465_9df2_d5f0c8cd827c) [Producer clientId=Producer-topic-1f44b57e_9054_4465_9df2_d5f0c8cd827c] ProducerId set to 21 with epoch 0
2025-09-03 13:54:52,866 INFO  [org.apa.kaf.cli.con.ConsumerConfig] (main) These configurations '[apicurio.registry.url]' were supplied but are not used yet.
2025-09-03 13:54:52,867 INFO  [org.apa.kaf.com.uti.AppInfoParser] (main) Kafka version: 3.9.1
2025-09-03 13:54:52,867 INFO  [org.apa.kaf.com.uti.AppInfoParser] (main) Kafka commitId: f745dfdcee2b9851
2025-09-03 13:54:52,867 INFO  [org.apa.kaf.com.uti.AppInfoParser] (main) Kafka startTimeMs: 1756907692866
**** Registry Base URL: http://registry-app-inmemory.apps.ci419.apicurio-testing.org:80
2025-09-03 13:54:52,867 INFO  [org.apa.kaf.cli.con.ConsumerConfig] (main) ConsumerConfig values: 
	allow.auto.create.topics = true
	auto.commit.interval.ms = 500
	auto.include.jmx.reporter = true
	auto.offset.reset = earliest
	bootstrap.servers = [PLAINTEXT://localhost:32769]
	check.crcs = true
	client.dns.lookup = use_all_dns_ips
	client.id = consumer-Consumer-topic-04d3e648_fb55_47de_b4c2_9e1861c66375-15
	client.rack = 
	connections.max.idle.ms = 10000
	default.api.timeout.ms = 60000
	enable.auto.commit = true
	enable.metrics.push = true
	exclude.internal.topics = true
	fetch.max.bytes = 52428800
	fetch.max.wait.ms = 500
	fetch.min.bytes = 1
	group.id = Consumer-topic-04d3e648_fb55_47de_b4c2_9e1861c66375
	group.instance.id = null
	group.protocol = classic
	group.remote.assignor = null
	heartbeat.interval.ms = 3000
	interceptor.classes = []
	internal.leave.group.on.close = true
	internal.throw.on.fetch.stable.offset.unsupported = false
	isolation.level = read_uncommitted
	key.deserializer = class org.apache.kafka.common.serialization.StringDeserializer
	max.partition.fetch.bytes = 1048576
	max.poll.interval.ms = 300000
	max.poll.records = 500
	metadata.max.age.ms = 300000
	metadata.recovery.strategy = none
	metric.reporters = []
	metrics.num.samples = 2
	metrics.recording.level = INFO
	metrics.sample.window.ms = 30000
	partition.assignment.strategy = [class org.apache.kafka.clients.consumer.RangeAssignor, class org.apache.kafka.clients.consumer.CooperativeStickyAssignor]
	receive.buffer.bytes = 65536
	reconnect.backoff.max.ms = 1000
	reconnect.backoff.ms = 50
	request.timeout.ms = 5000
	retry.backoff.max.ms = 1000
	retry.backoff.ms = 100
	sasl.client.callback.handler.class = null
	sasl.jaas.config = null
	sasl.kerberos.kinit.cmd = /usr/bin/kinit
	sasl.kerberos.min.time.before.relogin = 60000
	sasl.kerberos.service.name = null
	sasl.kerberos.ticket.renew.jitter = 0.05
	sasl.kerberos.ticket.renew.window.factor = 0.8
	sasl.login.callback.handler.class = null
	sasl.login.class = null
	sasl.login.connect.timeout.ms = null
	sasl.login.read.timeout.ms = null
	sasl.login.refresh.buffer.seconds = 300
	sasl.login.refresh.min.period.seconds = 60
	sasl.login.refresh.window.factor = 0.8
	sasl.login.refresh.window.jitter = 0.05
	sasl.login.retry.backoff.max.ms = 10000
	sasl.login.retry.backoff.ms = 100
	sasl.mechanism = GSSAPI
	sasl.oauthbearer.clock.skew.seconds = 30
	sasl.oauthbearer.expected.audience = null
	sasl.oauthbearer.expected.issuer = null
	sasl.oauthbearer.header.urlencode = false
	sasl.oauthbearer.jwks.endpoint.refresh.ms = 3600000
	sasl.oauthbearer.jwks.endpoint.retry.backoff.max.ms = 10000
	sasl.oauthbearer.jwks.endpoint.retry.backoff.ms = 100
	sasl.oauthbearer.jwks.endpoint.url = null
	sasl.oauthbearer.scope.claim.name = scope
	sasl.oauthbearer.sub.claim.name = sub
	sasl.oauthbearer.token.endpoint.url = null
	security.protocol = PLAINTEXT
	security.providers = null
	send.buffer.bytes = 131072
	session.timeout.ms = 45000
	socket.connection.setup.timeout.max.ms = 30000
	socket.connection.setup.timeout.ms = 10000
	ssl.cipher.suites = null
	ssl.enabled.protocols = [TLSv1.2, TLSv1.3]
	ssl.endpoint.identification.algorithm = https
	ssl.engine.factory.class = null
	ssl.key.password = null
	ssl.keymanager.algorithm = SunX509
	ssl.keystore.certificate.chain = null
	ssl.keystore.key = null
	ssl.keystore.location = null
	ssl.keystore.password = null
	ssl.keystore.type = JKS
	ssl.protocol = TLSv1.3
	ssl.provider = null
	ssl.secure.random.implementation = null
	ssl.trustmanager.algorithm = PKIX
	ssl.truststore.certificates = null
	ssl.truststore.location = null
	ssl.truststore.password = null
	ssl.truststore.type = JKS
	value.deserializer = class io.apicurio.registry.serde.avro.AvroKafkaDeserializer

2025-09-03 13:54:52,867 INFO  [org.apa.kaf.com.tel.int.KafkaMetricsCollector] (main) initializing Kafka metrics collector
2025-09-03 13:54:52,872 INFO  [org.apa.kaf.cli.con.ConsumerConfig] (main) These configurations '[apicurio.registry.url]' were supplied but are not used yet.
2025-09-03 13:54:52,872 INFO  [org.apa.kaf.com.uti.AppInfoParser] (main) Kafka version: 3.9.1
2025-09-03 13:54:52,872 INFO  [org.apa.kaf.com.uti.AppInfoParser] (main) Kafka commitId: f745dfdcee2b9851
2025-09-03 13:54:52,872 INFO  [org.apa.kaf.com.uti.AppInfoParser] (main) Kafka startTimeMs: 1756907692872
**** Registry Base URL: http://registry-app-inmemory.apps.ci419.apicurio-testing.org:80
2025-09-03 13:54:52,872 INFO  [org.apa.kaf.cli.con.ConsumerConfig] (main) ConsumerConfig values: 
	allow.auto.create.topics = true
	auto.commit.interval.ms = 500
	auto.include.jmx.reporter = true
	auto.offset.reset = earliest
	bootstrap.servers = [PLAINTEXT://localhost:32769]
	check.crcs = true
	client.dns.lookup = use_all_dns_ips
	client.id = consumer-Consumer-topic-1f44b57e_9054_4465_9df2_d5f0c8cd827c-16
	client.rack = 
	connections.max.idle.ms = 10000
	default.api.timeout.ms = 60000
	enable.auto.commit = true
	enable.metrics.push = true
	exclude.internal.topics = true
	fetch.max.bytes = 52428800
	fetch.max.wait.ms = 500
	fetch.min.bytes = 1
	group.id = Consumer-topic-1f44b57e_9054_4465_9df2_d5f0c8cd827c
	group.instance.id = null
	group.protocol = classic
	group.remote.assignor = null
	heartbeat.interval.ms = 3000
	interceptor.classes = []
	internal.leave.group.on.close = true
	internal.throw.on.fetch.stable.offset.unsupported = false
	isolation.level = read_uncommitted
	key.deserializer = class org.apache.kafka.common.serialization.StringDeserializer
	max.partition.fetch.bytes = 1048576
	max.poll.interval.ms = 300000
	max.poll.records = 500
	metadata.max.age.ms = 300000
	metadata.recovery.strategy = none
	metric.reporters = []
	metrics.num.samples = 2
	metrics.recording.level = INFO
	metrics.sample.window.ms = 30000
	partition.assignment.strategy = [class org.apache.kafka.clients.consumer.RangeAssignor, class org.apache.kafka.clients.consumer.CooperativeStickyAssignor]
	receive.buffer.bytes = 65536
	reconnect.backoff.max.ms = 1000
	reconnect.backoff.ms = 50
	request.timeout.ms = 5000
	retry.backoff.max.ms = 1000
	retry.backoff.ms = 100
	sasl.client.callback.handler.class = null
	sasl.jaas.config = null
	sasl.kerberos.kinit.cmd = /usr/bin/kinit
	sasl.kerberos.min.time.before.relogin = 60000
	sasl.kerberos.service.name = null
	sasl.kerberos.ticket.renew.jitter = 0.05
	sasl.kerberos.ticket.renew.window.factor = 0.8
	sasl.login.callback.handler.class = null
	sasl.login.class = null
	sasl.login.connect.timeout.ms = null
	sasl.login.read.timeout.ms = null
	sasl.login.refresh.buffer.seconds = 300
	sasl.login.refresh.min.period.seconds = 60
	sasl.login.refresh.window.factor = 0.8
	sasl.login.refresh.window.jitter = 0.05
	sasl.login.retry.backoff.max.ms = 10000
	sasl.login.retry.backoff.ms = 100
	sasl.mechanism = GSSAPI
	sasl.oauthbearer.clock.skew.seconds = 30
	sasl.oauthbearer.expected.audience = null
	sasl.oauthbearer.expected.issuer = null
	sasl.oauthbearer.header.urlencode = false
	sasl.oauthbearer.jwks.endpoint.refresh.ms = 3600000
	sasl.oauthbearer.jwks.endpoint.retry.backoff.max.ms = 10000
	sasl.oauthbearer.jwks.endpoint.retry.backoff.ms = 100
	sasl.oauthbearer.jwks.endpoint.url = null
	sasl.oauthbearer.scope.claim.name = scope
	sasl.oauthbearer.sub.claim.name = sub
	sasl.oauthbearer.token.endpoint.url = null
	security.protocol = PLAINTEXT
	security.providers = null
	send.buffer.bytes = 131072
	session.timeout.ms = 45000
	socket.connection.setup.timeout.max.ms = 30000
	socket.connection.setup.timeout.ms = 10000
	ssl.cipher.suites = null
	ssl.enabled.protocols = [TLSv1.2, TLSv1.3]
	ssl.endpoint.identification.algorithm = https
	ssl.engine.factory.class = null
	ssl.key.password = null
	ssl.keymanager.algorithm = SunX509
	ssl.keystore.certificate.chain = null
	ssl.keystore.key = null
	ssl.keystore.location = null
	ssl.keystore.password = null
	ssl.keystore.type = JKS
	ssl.protocol = TLSv1.3
	ssl.provider = null
	ssl.secure.random.implementation = null
	ssl.trustmanager.algorithm = PKIX
	ssl.truststore.certificates = null
	ssl.truststore.location = null
	ssl.truststore.password = null
	ssl.truststore.type = JKS
	value.deserializer = class io.apicurio.registry.serde.avro.AvroKafkaDeserializer

2025-09-03 13:54:52,872 INFO  [org.apa.kaf.com.tel.int.KafkaMetricsCollector] (main) initializing Kafka metrics collector
2025-09-03 13:54:52,880 INFO  [org.apa.kaf.cli.con.ConsumerConfig] (main) These configurations '[apicurio.registry.url]' were supplied but are not used yet.
2025-09-03 13:54:52,880 INFO  [org.apa.kaf.com.uti.AppInfoParser] (main) Kafka version: 3.9.1
2025-09-03 13:54:52,880 INFO  [org.apa.kaf.com.uti.AppInfoParser] (main) Kafka commitId: f745dfdcee2b9851
2025-09-03 13:54:52,880 INFO  [org.apa.kaf.com.uti.AppInfoParser] (main) Kafka startTimeMs: 1756907692880
2025-09-03 13:54:52,880 INFO  [io.api.tes.ser.api.KafkaSerdesTester] (ForkJoinPool.commonPool-worker-2) Sending message {"key11756907691820": "value-0"} to topic topic-939c6859_d2e0_4901_a950_f5de59de6b6c
2025-09-03 13:54:52,884 INFO  [DefaultSchemaResolver] (ForkJoinPool.commonPool-worker-2) Retrieving schema content using string: {"type":"record","name":"myrecordconfluent","fields":[{"name":"key11756907691820","type":"string"}]}
2025-09-03 13:54:52,911 INFO  [io.api.tes.ser.api.KafkaSerdesTester] (ForkJoinPool.commonPool-worker-2) Sending message {"key11756907691820": "value-1"} to topic topic-939c6859_d2e0_4901_a950_f5de59de6b6c
2025-09-03 13:54:52,912 INFO  [io.api.tes.ser.api.KafkaSerdesTester] (ForkJoinPool.commonPool-worker-2) Sending message {"key11756907691820": "value-2"} to topic topic-939c6859_d2e0_4901_a950_f5de59de6b6c
2025-09-03 13:54:52,913 INFO  [io.api.tes.ser.api.KafkaSerdesTester] (ForkJoinPool.commonPool-worker-2) Sending message {"key11756907691820": "value-3"} to topic topic-939c6859_d2e0_4901_a950_f5de59de6b6c
2025-09-03 13:54:52,915 INFO  [io.api.tes.ser.api.KafkaSerdesTester] (ForkJoinPool.commonPool-worker-2) Sending message {"key11756907691820": "value-4"} to topic topic-939c6859_d2e0_4901_a950_f5de59de6b6c
2025-09-03 13:54:52,916 INFO  [io.api.tes.ser.api.KafkaSerdesTester] (ForkJoinPool.commonPool-worker-2) Sending message {"key11756907691820": "value-5"} to topic topic-939c6859_d2e0_4901_a950_f5de59de6b6c
2025-09-03 13:54:52,917 INFO  [io.api.tes.ser.api.KafkaSerdesTester] (ForkJoinPool.commonPool-worker-2) Sending message {"key11756907691820": "value-6"} to topic topic-939c6859_d2e0_4901_a950_f5de59de6b6c
2025-09-03 13:54:52,917 INFO  [io.api.tes.ser.api.KafkaSerdesTester] (ForkJoinPool.commonPool-worker-2) Sending message {"key11756907691820": "value-7"} to topic topic-939c6859_d2e0_4901_a950_f5de59de6b6c
2025-09-03 13:54:52,918 INFO  [io.api.tes.ser.api.KafkaSerdesTester] (ForkJoinPool.commonPool-worker-2) Sending message {"key11756907691820": "value-8"} to topic topic-939c6859_d2e0_4901_a950_f5de59de6b6c
2025-09-03 13:54:52,919 INFO  [io.api.tes.ser.api.KafkaSerdesTester] (ForkJoinPool.commonPool-worker-2) Sending message {"key11756907691820": "value-9"} to topic topic-939c6859_d2e0_4901_a950_f5de59de6b6c
2025-09-03 13:54:52,921 INFO  [io.api.tes.ser.api.KafkaSerdesTester] (ForkJoinPool.commonPool-worker-2) Produced 10 messages
2025-09-03 13:54:52,921 INFO  [org.apa.kaf.cli.pro.KafkaProducer] (ForkJoinPool.commonPool-worker-2) [Producer clientId=Producer-topic-939c6859_d2e0_4901_a950_f5de59de6b6c] Closing the Kafka producer with timeoutMillis = 9223372036854775807 ms.
2025-09-03 13:54:52,922 INFO  [org.apa.kaf.com.met.Metrics] (ForkJoinPool.commonPool-worker-2) Metrics scheduler closed
2025-09-03 13:54:52,922 INFO  [org.apa.kaf.com.met.Metrics] (ForkJoinPool.commonPool-worker-2) Closing reporter org.apache.kafka.common.metrics.JmxReporter
2025-09-03 13:54:52,922 INFO  [org.apa.kaf.com.met.Metrics] (ForkJoinPool.commonPool-worker-2) Closing reporter org.apache.kafka.common.telemetry.internals.ClientTelemetryReporter
2025-09-03 13:54:52,922 INFO  [org.apa.kaf.com.met.Metrics] (ForkJoinPool.commonPool-worker-2) Metrics reporters closed
2025-09-03 13:54:52,922 INFO  [org.apa.kaf.com.uti.AppInfoParser] (ForkJoinPool.commonPool-worker-2) App info kafka.producer for Producer-topic-939c6859_d2e0_4901_a950_f5de59de6b6c unregistered
2025-09-03 13:54:52,923 INFO  [io.api.tes.ser.api.KafkaSerdesTester] (ForkJoinPool.commonPool-worker-2) Sending message {"key11756907691820": "value-0"} to topic topic-04d3e648_fb55_47de_b4c2_9e1861c66375
2025-09-03 13:54:52,926 INFO  [DefaultSchemaResolver] (ForkJoinPool.commonPool-worker-2) Retrieving schema content using string: {"type":"record","name":"myrecordconfluent","fields":[{"name":"key11756907691820","type":"string"}]}
2025-09-03 13:54:52,952 INFO  [io.api.tes.ser.api.KafkaSerdesTester] (ForkJoinPool.commonPool-worker-2) Sending message {"key11756907691820": "value-1"} to topic topic-04d3e648_fb55_47de_b4c2_9e1861c66375
2025-09-03 13:54:52,954 INFO  [io.api.tes.ser.api.KafkaSerdesTester] (ForkJoinPool.commonPool-worker-2) Sending message {"key11756907691820": "value-2"} to topic topic-04d3e648_fb55_47de_b4c2_9e1861c66375
2025-09-03 13:54:52,955 INFO  [io.api.tes.ser.api.KafkaSerdesTester] (ForkJoinPool.commonPool-worker-2) Sending message {"key11756907691820": "value-3"} to topic topic-04d3e648_fb55_47de_b4c2_9e1861c66375
2025-09-03 13:54:52,956 INFO  [io.api.tes.ser.api.KafkaSerdesTester] (ForkJoinPool.commonPool-worker-2) Sending message {"key11756907691820": "value-4"} to topic topic-04d3e648_fb55_47de_b4c2_9e1861c66375
2025-09-03 13:54:52,957 INFO  [io.api.tes.ser.api.KafkaSerdesTester] (ForkJoinPool.commonPool-worker-2) Sending message {"key11756907691820": "value-5"} to topic topic-04d3e648_fb55_47de_b4c2_9e1861c66375
2025-09-03 13:54:52,958 INFO  [io.api.tes.ser.api.KafkaSerdesTester] (ForkJoinPool.commonPool-worker-2) Sending message {"key11756907691820": "value-6"} to topic topic-04d3e648_fb55_47de_b4c2_9e1861c66375
2025-09-03 13:54:52,959 INFO  [io.api.tes.ser.api.KafkaSerdesTester] (ForkJoinPool.commonPool-worker-2) Sending message {"key11756907691820": "value-7"} to topic topic-04d3e648_fb55_47de_b4c2_9e1861c66375
2025-09-03 13:54:52,960 INFO  [io.api.tes.ser.api.KafkaSerdesTester] (ForkJoinPool.commonPool-worker-2) Sending message {"key11756907691820": "value-8"} to topic topic-04d3e648_fb55_47de_b4c2_9e1861c66375
2025-09-03 13:54:52,961 INFO  [io.api.tes.ser.api.KafkaSerdesTester] (ForkJoinPool.commonPool-worker-2) Sending message {"key11756907691820": "value-9"} to topic topic-04d3e648_fb55_47de_b4c2_9e1861c66375
2025-09-03 13:54:52,962 INFO  [io.api.tes.ser.api.KafkaSerdesTester] (ForkJoinPool.commonPool-worker-2) Produced 10 messages
2025-09-03 13:54:52,962 INFO  [org.apa.kaf.cli.pro.KafkaProducer] (ForkJoinPool.commonPool-worker-2) [Producer clientId=Producer-topic-04d3e648_fb55_47de_b4c2_9e1861c66375] Closing the Kafka producer with timeoutMillis = 9223372036854775807 ms.
2025-09-03 13:54:52,963 INFO  [org.apa.kaf.com.met.Metrics] (ForkJoinPool.commonPool-worker-2) Metrics scheduler closed
2025-09-03 13:54:52,963 INFO  [org.apa.kaf.com.met.Metrics] (ForkJoinPool.commonPool-worker-2) Closing reporter org.apache.kafka.common.metrics.JmxReporter
2025-09-03 13:54:52,963 INFO  [org.apa.kaf.com.met.Metrics] (ForkJoinPool.commonPool-worker-2) Closing reporter org.apache.kafka.common.telemetry.internals.ClientTelemetryReporter
2025-09-03 13:54:52,963 INFO  [org.apa.kaf.com.met.Metrics] (ForkJoinPool.commonPool-worker-2) Metrics reporters closed
2025-09-03 13:54:52,963 INFO  [org.apa.kaf.com.uti.AppInfoParser] (ForkJoinPool.commonPool-worker-2) App info kafka.producer for Producer-topic-04d3e648_fb55_47de_b4c2_9e1861c66375 unregistered
2025-09-03 13:54:52,964 INFO  [io.api.tes.ser.api.KafkaSerdesTester] (ForkJoinPool.commonPool-worker-2) Sending message {"key11756907691820": "value-0"} to topic topic-1f44b57e_9054_4465_9df2_d5f0c8cd827c
2025-09-03 13:54:52,966 INFO  [DefaultSchemaResolver] (ForkJoinPool.commonPool-worker-2) Retrieving schema content using string: {"type":"record","name":"myrecordconfluent","fields":[{"name":"key11756907691820","type":"string"}]}
2025-09-03 13:54:52,991 INFO  [io.api.tes.ser.api.KafkaSerdesTester] (ForkJoinPool.commonPool-worker-2) Sending message {"key11756907691820": "value-1"} to topic topic-1f44b57e_9054_4465_9df2_d5f0c8cd827c
2025-09-03 13:54:52,992 INFO  [io.api.tes.ser.api.KafkaSerdesTester] (ForkJoinPool.commonPool-worker-2) Sending message {"key11756907691820": "value-2"} to topic topic-1f44b57e_9054_4465_9df2_d5f0c8cd827c
2025-09-03 13:54:52,993 INFO  [io.api.tes.ser.api.KafkaSerdesTester] (ForkJoinPool.commonPool-worker-2) Sending message {"key11756907691820": "value-3"} to topic topic-1f44b57e_9054_4465_9df2_d5f0c8cd827c
2025-09-03 13:54:52,994 INFO  [io.api.tes.ser.api.KafkaSerdesTester] (ForkJoinPool.commonPool-worker-2) Sending message {"key11756907691820": "value-4"} to topic topic-1f44b57e_9054_4465_9df2_d5f0c8cd827c
2025-09-03 13:54:52,995 INFO  [io.api.tes.ser.api.KafkaSerdesTester] (ForkJoinPool.commonPool-worker-2) Sending message {"key11756907691820": "value-5"} to topic topic-1f44b57e_9054_4465_9df2_d5f0c8cd827c
2025-09-03 13:54:52,997 INFO  [io.api.tes.ser.api.KafkaSerdesTester] (ForkJoinPool.commonPool-worker-2) Sending message {"key11756907691820": "value-6"} to topic topic-1f44b57e_9054_4465_9df2_d5f0c8cd827c
2025-09-03 13:54:52,998 INFO  [io.api.tes.ser.api.KafkaSerdesTester] (ForkJoinPool.commonPool-worker-2) Sending message {"key11756907691820": "value-7"} to topic topic-1f44b57e_9054_4465_9df2_d5f0c8cd827c
2025-09-03 13:54:52,999 INFO  [io.api.tes.ser.api.KafkaSerdesTester] (ForkJoinPool.commonPool-worker-2) Sending message {"key11756907691820": "value-8"} to topic topic-1f44b57e_9054_4465_9df2_d5f0c8cd827c
2025-09-03 13:54:53,000 INFO  [io.api.tes.ser.api.KafkaSerdesTester] (ForkJoinPool.commonPool-worker-2) Sending message {"key11756907691820": "value-9"} to topic topic-1f44b57e_9054_4465_9df2_d5f0c8cd827c
2025-09-03 13:54:53,001 INFO  [io.api.tes.ser.api.KafkaSerdesTester] (ForkJoinPool.commonPool-worker-2) Produced 10 messages
2025-09-03 13:54:53,001 INFO  [org.apa.kaf.cli.pro.KafkaProducer] (ForkJoinPool.commonPool-worker-2) [Producer clientId=Producer-topic-1f44b57e_9054_4465_9df2_d5f0c8cd827c] Closing the Kafka producer with timeoutMillis = 9223372036854775807 ms.
2025-09-03 13:54:53,002 INFO  [org.apa.kaf.com.met.Metrics] (ForkJoinPool.commonPool-worker-2) Metrics scheduler closed
2025-09-03 13:54:53,002 INFO  [org.apa.kaf.com.met.Metrics] (ForkJoinPool.commonPool-worker-2) Closing reporter org.apache.kafka.common.metrics.JmxReporter
2025-09-03 13:54:53,002 INFO  [org.apa.kaf.com.met.Metrics] (ForkJoinPool.commonPool-worker-2) Closing reporter org.apache.kafka.common.telemetry.internals.ClientTelemetryReporter
2025-09-03 13:54:53,002 INFO  [org.apa.kaf.com.met.Metrics] (ForkJoinPool.commonPool-worker-2) Metrics reporters closed
2025-09-03 13:54:53,003 INFO  [org.apa.kaf.com.uti.AppInfoParser] (ForkJoinPool.commonPool-worker-2) App info kafka.producer for Producer-topic-1f44b57e_9054_4465_9df2_d5f0c8cd827c unregistered
2025-09-03 13:54:53,003 INFO  [org.apa.kaf.cli.con.int.ClassicKafkaConsumer] (ForkJoinPool.commonPool-worker-2) [Consumer clientId=consumer-Consumer-topic-939c6859_d2e0_4901_a950_f5de59de6b6c-14, groupId=Consumer-topic-939c6859_d2e0_4901_a950_f5de59de6b6c] Subscribed to topic(s): topic-939c6859_d2e0_4901_a950_f5de59de6b6c
2025-09-03 13:54:53,006 INFO  [org.apa.kaf.cli.Metadata] (ForkJoinPool.commonPool-worker-2) [Consumer clientId=consumer-Consumer-topic-939c6859_d2e0_4901_a950_f5de59de6b6c-14, groupId=Consumer-topic-939c6859_d2e0_4901_a950_f5de59de6b6c] Cluster ID: zfwsSXvVT6qhU8UlUF5FTQ
2025-09-03 13:54:53,007 INFO  [org.apa.kaf.cli.con.int.ConsumerCoordinator] (ForkJoinPool.commonPool-worker-2) [Consumer clientId=consumer-Consumer-topic-939c6859_d2e0_4901_a950_f5de59de6b6c-14, groupId=Consumer-topic-939c6859_d2e0_4901_a950_f5de59de6b6c] Discovered group coordinator localhost:32769 (id: 2147483647 rack: null)
2025-09-03 13:54:53,008 INFO  [org.apa.kaf.cli.con.int.ConsumerCoordinator] (ForkJoinPool.commonPool-worker-2) [Consumer clientId=consumer-Consumer-topic-939c6859_d2e0_4901_a950_f5de59de6b6c-14, groupId=Consumer-topic-939c6859_d2e0_4901_a950_f5de59de6b6c] (Re-)joining group
2025-09-03 13:54:53,010 INFO  [org.apa.kaf.cli.con.int.ConsumerCoordinator] (ForkJoinPool.commonPool-worker-2) [Consumer clientId=consumer-Consumer-topic-939c6859_d2e0_4901_a950_f5de59de6b6c-14, groupId=Consumer-topic-939c6859_d2e0_4901_a950_f5de59de6b6c] Request joining group due to: need to re-join with the given member-id: consumer-Consumer-topic-939c6859_d2e0_4901_a950_f5de59de6b6c-14-777e7231-e33f-40a4-aacf-8cb815af4f25
2025-09-03 13:54:53,010 INFO  [org.apa.kaf.cli.con.int.ConsumerCoordinator] (ForkJoinPool.commonPool-worker-2) [Consumer clientId=consumer-Consumer-topic-939c6859_d2e0_4901_a950_f5de59de6b6c-14, groupId=Consumer-topic-939c6859_d2e0_4901_a950_f5de59de6b6c] (Re-)joining group
2025-09-03 13:54:54,003 INFO  [io.api.tes.ser.api.KafkaSerdesTester] (ForkJoinPool.commonPool-worker-2) None found
2025-09-03 13:54:55,004 INFO  [io.api.tes.ser.api.KafkaSerdesTester] (ForkJoinPool.commonPool-worker-2) None found
2025-09-03 13:54:56,004 INFO  [io.api.tes.ser.api.KafkaSerdesTester] (ForkJoinPool.commonPool-worker-2) None found
2025-09-03 13:54:56,011 INFO  [org.apa.kaf.cli.con.int.ConsumerCoordinator] (ForkJoinPool.commonPool-worker-2) [Consumer clientId=consumer-Consumer-topic-939c6859_d2e0_4901_a950_f5de59de6b6c-14, groupId=Consumer-topic-939c6859_d2e0_4901_a950_f5de59de6b6c] Successfully joined group with generation Generation{generationId=1, memberId='consumer-Consumer-topic-939c6859_d2e0_4901_a950_f5de59de6b6c-14-777e7231-e33f-40a4-aacf-8cb815af4f25', protocol='range'}
2025-09-03 13:54:56,011 INFO  [org.apa.kaf.cli.con.int.ConsumerCoordinator] (ForkJoinPool.commonPool-worker-2) [Consumer clientId=consumer-Consumer-topic-939c6859_d2e0_4901_a950_f5de59de6b6c-14, groupId=Consumer-topic-939c6859_d2e0_4901_a950_f5de59de6b6c] Finished assignment for group at generation 1: {consumer-Consumer-topic-939c6859_d2e0_4901_a950_f5de59de6b6c-14-777e7231-e33f-40a4-aacf-8cb815af4f25=Assignment(partitions=[topic-939c6859_d2e0_4901_a950_f5de59de6b6c-0])}
2025-09-03 13:54:56,018 INFO  [org.apa.kaf.cli.con.int.ConsumerCoordinator] (ForkJoinPool.commonPool-worker-2) [Consumer clientId=consumer-Consumer-topic-939c6859_d2e0_4901_a950_f5de59de6b6c-14, groupId=Consumer-topic-939c6859_d2e0_4901_a950_f5de59de6b6c] Successfully synced group in generation Generation{generationId=1, memberId='consumer-Consumer-topic-939c6859_d2e0_4901_a950_f5de59de6b6c-14-777e7231-e33f-40a4-aacf-8cb815af4f25', protocol='range'}
2025-09-03 13:54:56,018 INFO  [org.apa.kaf.cli.con.int.ConsumerCoordinator] (ForkJoinPool.commonPool-worker-2) [Consumer clientId=consumer-Consumer-topic-939c6859_d2e0_4901_a950_f5de59de6b6c-14, groupId=Consumer-topic-939c6859_d2e0_4901_a950_f5de59de6b6c] Notifying assignor about the new Assignment(partitions=[topic-939c6859_d2e0_4901_a950_f5de59de6b6c-0])
2025-09-03 13:54:56,018 INFO  [org.apa.kaf.cli.con.int.ConsumerRebalanceListenerInvoker] (ForkJoinPool.commonPool-worker-2) [Consumer clientId=consumer-Consumer-topic-939c6859_d2e0_4901_a950_f5de59de6b6c-14, groupId=Consumer-topic-939c6859_d2e0_4901_a950_f5de59de6b6c] Adding newly assigned partitions: topic-939c6859_d2e0_4901_a950_f5de59de6b6c-0
2025-09-03 13:54:56,019 INFO  [org.apa.kaf.cli.con.int.ConsumerCoordinator] (ForkJoinPool.commonPool-worker-2) [Consumer clientId=consumer-Consumer-topic-939c6859_d2e0_4901_a950_f5de59de6b6c-14, groupId=Consumer-topic-939c6859_d2e0_4901_a950_f5de59de6b6c] Found no committed offset for partition topic-939c6859_d2e0_4901_a950_f5de59de6b6c-0
2025-09-03 13:54:56,021 INFO  [org.apa.kaf.cli.con.int.SubscriptionState] (ForkJoinPool.commonPool-worker-2) [Consumer clientId=consumer-Consumer-topic-939c6859_d2e0_4901_a950_f5de59de6b6c-14, groupId=Consumer-topic-939c6859_d2e0_4901_a950_f5de59de6b6c] Resetting offset for partition topic-939c6859_d2e0_4901_a950_f5de59de6b6c-0 to position FetchPosition{offset=0, offsetEpoch=Optional.empty, currentLeader=LeaderAndEpoch{leader=Optional[localhost:32769 (id: 0 rack: null)], epoch=0}}.
2025-09-03 13:54:56,055 INFO  [io.api.tes.ser.api.KafkaSerdesTester] (ForkJoinPool.commonPool-worker-2) topic-939c6859_d2e0_4901_a950_f5de59de6b6c 0 0 {"key11756907691820": "value-0"}
2025-09-03 13:54:56,055 INFO  [io.api.tes.ser.api.KafkaSerdesTester] (ForkJoinPool.commonPool-worker-2) topic-939c6859_d2e0_4901_a950_f5de59de6b6c 0 1 {"key11756907691820": "value-1"}
2025-09-03 13:54:56,055 INFO  [io.api.tes.ser.api.KafkaSerdesTester] (ForkJoinPool.commonPool-worker-2) topic-939c6859_d2e0_4901_a950_f5de59de6b6c 0 2 {"key11756907691820": "value-2"}
2025-09-03 13:54:56,055 INFO  [io.api.tes.ser.api.KafkaSerdesTester] (ForkJoinPool.commonPool-worker-2) topic-939c6859_d2e0_4901_a950_f5de59de6b6c 0 3 {"key11756907691820": "value-3"}
2025-09-03 13:54:56,055 INFO  [io.api.tes.ser.api.KafkaSerdesTester] (ForkJoinPool.commonPool-worker-2) topic-939c6859_d2e0_4901_a950_f5de59de6b6c 0 4 {"key11756907691820": "value-4"}
2025-09-03 13:54:56,056 INFO  [io.api.tes.ser.api.KafkaSerdesTester] (ForkJoinPool.commonPool-worker-2) topic-939c6859_d2e0_4901_a950_f5de59de6b6c 0 5 {"key11756907691820": "value-5"}
2025-09-03 13:54:56,056 INFO  [io.api.tes.ser.api.KafkaSerdesTester] (ForkJoinPool.commonPool-worker-2) topic-939c6859_d2e0_4901_a950_f5de59de6b6c 0 6 {"key11756907691820": "value-6"}
2025-09-03 13:54:56,056 INFO  [io.api.tes.ser.api.KafkaSerdesTester] (ForkJoinPool.commonPool-worker-2) topic-939c6859_d2e0_4901_a950_f5de59de6b6c 0 7 {"key11756907691820": "value-7"}
2025-09-03 13:54:56,056 INFO  [io.api.tes.ser.api.KafkaSerdesTester] (ForkJoinPool.commonPool-worker-2) topic-939c6859_d2e0_4901_a950_f5de59de6b6c 0 8 {"key11756907691820": "value-8"}
2025-09-03 13:54:56,056 INFO  [io.api.tes.ser.api.KafkaSerdesTester] (ForkJoinPool.commonPool-worker-2) topic-939c6859_d2e0_4901_a950_f5de59de6b6c 0 9 {"key11756907691820": "value-9"}
2025-09-03 13:54:56,056 INFO  [io.api.tes.ser.api.KafkaSerdesTester] (ForkJoinPool.commonPool-worker-2) Consumed 10 messages
2025-09-03 13:54:56,062 INFO  [org.apa.kaf.cli.con.int.ConsumerRebalanceListenerInvoker] (ForkJoinPool.commonPool-worker-2) [Consumer clientId=consumer-Consumer-topic-939c6859_d2e0_4901_a950_f5de59de6b6c-14, groupId=Consumer-topic-939c6859_d2e0_4901_a950_f5de59de6b6c] Revoke previously assigned partitions topic-939c6859_d2e0_4901_a950_f5de59de6b6c-0
2025-09-03 13:54:56,062 INFO  [org.apa.kaf.cli.con.int.ConsumerCoordinator] (ForkJoinPool.commonPool-worker-2) [Consumer clientId=consumer-Consumer-topic-939c6859_d2e0_4901_a950_f5de59de6b6c-14, groupId=Consumer-topic-939c6859_d2e0_4901_a950_f5de59de6b6c] Member consumer-Consumer-topic-939c6859_d2e0_4901_a950_f5de59de6b6c-14-777e7231-e33f-40a4-aacf-8cb815af4f25 sending LeaveGroup request to coordinator localhost:32769 (id: 2147483647 rack: null) due to the consumer is being closed
2025-09-03 13:54:56,062 INFO  [org.apa.kaf.cli.con.int.ConsumerCoordinator] (ForkJoinPool.commonPool-worker-2) [Consumer clientId=consumer-Consumer-topic-939c6859_d2e0_4901_a950_f5de59de6b6c-14, groupId=Consumer-topic-939c6859_d2e0_4901_a950_f5de59de6b6c] Resetting generation and member id due to: consumer pro-actively leaving the group
2025-09-03 13:54:56,062 INFO  [org.apa.kaf.cli.con.int.ConsumerCoordinator] (ForkJoinPool.commonPool-worker-2) [Consumer clientId=consumer-Consumer-topic-939c6859_d2e0_4901_a950_f5de59de6b6c-14, groupId=Consumer-topic-939c6859_d2e0_4901_a950_f5de59de6b6c] Request joining group due to: consumer pro-actively leaving the group
2025-09-03 13:54:56,558 INFO  [org.apa.kaf.com.met.Metrics] (ForkJoinPool.commonPool-worker-2) Metrics scheduler closed
2025-09-03 13:54:56,558 INFO  [org.apa.kaf.com.met.Metrics] (ForkJoinPool.commonPool-worker-2) Closing reporter org.apache.kafka.common.metrics.JmxReporter
2025-09-03 13:54:56,558 INFO  [org.apa.kaf.com.met.Metrics] (ForkJoinPool.commonPool-worker-2) Closing reporter org.apache.kafka.common.telemetry.internals.ClientTelemetryReporter
2025-09-03 13:54:56,558 INFO  [org.apa.kaf.com.met.Metrics] (ForkJoinPool.commonPool-worker-2) Metrics reporters closed
2025-09-03 13:54:56,560 INFO  [org.apa.kaf.com.uti.AppInfoParser] (ForkJoinPool.commonPool-worker-2) App info kafka.consumer for consumer-Consumer-topic-939c6859_d2e0_4901_a950_f5de59de6b6c-14 unregistered
2025-09-03 13:54:56,560 INFO  [org.apa.kaf.cli.con.int.ClassicKafkaConsumer] (ForkJoinPool.commonPool-worker-2) [Consumer clientId=consumer-Consumer-topic-04d3e648_fb55_47de_b4c2_9e1861c66375-15, groupId=Consumer-topic-04d3e648_fb55_47de_b4c2_9e1861c66375] Subscribed to topic(s): topic-04d3e648_fb55_47de_b4c2_9e1861c66375
2025-09-03 13:54:56,564 INFO  [org.apa.kaf.cli.Metadata] (ForkJoinPool.commonPool-worker-2) [Consumer clientId=consumer-Consumer-topic-04d3e648_fb55_47de_b4c2_9e1861c66375-15, groupId=Consumer-topic-04d3e648_fb55_47de_b4c2_9e1861c66375] Cluster ID: zfwsSXvVT6qhU8UlUF5FTQ
2025-09-03 13:54:56,565 INFO  [org.apa.kaf.cli.con.int.ConsumerCoordinator] (ForkJoinPool.commonPool-worker-2) [Consumer clientId=consumer-Consumer-topic-04d3e648_fb55_47de_b4c2_9e1861c66375-15, groupId=Consumer-topic-04d3e648_fb55_47de_b4c2_9e1861c66375] Discovered group coordinator localhost:32769 (id: 2147483647 rack: null)
2025-09-03 13:54:56,565 INFO  [org.apa.kaf.cli.con.int.ConsumerCoordinator] (ForkJoinPool.commonPool-worker-2) [Consumer clientId=consumer-Consumer-topic-04d3e648_fb55_47de_b4c2_9e1861c66375-15, groupId=Consumer-topic-04d3e648_fb55_47de_b4c2_9e1861c66375] (Re-)joining group
2025-09-03 13:54:56,567 INFO  [org.apa.kaf.cli.con.int.ConsumerCoordinator] (ForkJoinPool.commonPool-worker-2) [Consumer clientId=consumer-Consumer-topic-04d3e648_fb55_47de_b4c2_9e1861c66375-15, groupId=Consumer-topic-04d3e648_fb55_47de_b4c2_9e1861c66375] Request joining group due to: need to re-join with the given member-id: consumer-Consumer-topic-04d3e648_fb55_47de_b4c2_9e1861c66375-15-897de6e8-bbdf-4ded-8642-c9dfddc27a4c
2025-09-03 13:54:56,568 INFO  [org.apa.kaf.cli.con.int.ConsumerCoordinator] (ForkJoinPool.commonPool-worker-2) [Consumer clientId=consumer-Consumer-topic-04d3e648_fb55_47de_b4c2_9e1861c66375-15, groupId=Consumer-topic-04d3e648_fb55_47de_b4c2_9e1861c66375] (Re-)joining group
2025-09-03 13:54:57,560 INFO  [io.api.tes.ser.api.KafkaSerdesTester] (ForkJoinPool.commonPool-worker-2) None found
2025-09-03 13:54:58,560 INFO  [io.api.tes.ser.api.KafkaSerdesTester] (ForkJoinPool.commonPool-worker-2) None found
2025-09-03 13:54:59,561 INFO  [io.api.tes.ser.api.KafkaSerdesTester] (ForkJoinPool.commonPool-worker-2) None found
2025-09-03 13:54:59,569 INFO  [org.apa.kaf.cli.con.int.ConsumerCoordinator] (ForkJoinPool.commonPool-worker-2) [Consumer clientId=consumer-Consumer-topic-04d3e648_fb55_47de_b4c2_9e1861c66375-15, groupId=Consumer-topic-04d3e648_fb55_47de_b4c2_9e1861c66375] Successfully joined group with generation Generation{generationId=1, memberId='consumer-Consumer-topic-04d3e648_fb55_47de_b4c2_9e1861c66375-15-897de6e8-bbdf-4ded-8642-c9dfddc27a4c', protocol='range'}
2025-09-03 13:54:59,569 INFO  [org.apa.kaf.cli.con.int.ConsumerCoordinator] (ForkJoinPool.commonPool-worker-2) [Consumer clientId=consumer-Consumer-topic-04d3e648_fb55_47de_b4c2_9e1861c66375-15, groupId=Consumer-topic-04d3e648_fb55_47de_b4c2_9e1861c66375] Finished assignment for group at generation 1: {consumer-Consumer-topic-04d3e648_fb55_47de_b4c2_9e1861c66375-15-897de6e8-bbdf-4ded-8642-c9dfddc27a4c=Assignment(partitions=[topic-04d3e648_fb55_47de_b4c2_9e1861c66375-0])}
2025-09-03 13:54:59,576 INFO  [org.apa.kaf.cli.con.int.ConsumerCoordinator] (ForkJoinPool.commonPool-worker-2) [Consumer clientId=consumer-Consumer-topic-04d3e648_fb55_47de_b4c2_9e1861c66375-15, groupId=Consumer-topic-04d3e648_fb55_47de_b4c2_9e1861c66375] Successfully synced group in generation Generation{generationId=1, memberId='consumer-Consumer-topic-04d3e648_fb55_47de_b4c2_9e1861c66375-15-897de6e8-bbdf-4ded-8642-c9dfddc27a4c', protocol='range'}
2025-09-03 13:54:59,576 INFO  [org.apa.kaf.cli.con.int.ConsumerCoordinator] (ForkJoinPool.commonPool-worker-2) [Consumer clientId=consumer-Consumer-topic-04d3e648_fb55_47de_b4c2_9e1861c66375-15, groupId=Consumer-topic-04d3e648_fb55_47de_b4c2_9e1861c66375] Notifying assignor about the new Assignment(partitions=[topic-04d3e648_fb55_47de_b4c2_9e1861c66375-0])
2025-09-03 13:54:59,576 INFO  [org.apa.kaf.cli.con.int.ConsumerRebalanceListenerInvoker] (ForkJoinPool.commonPool-worker-2) [Consumer clientId=consumer-Consumer-topic-04d3e648_fb55_47de_b4c2_9e1861c66375-15, groupId=Consumer-topic-04d3e648_fb55_47de_b4c2_9e1861c66375] Adding newly assigned partitions: topic-04d3e648_fb55_47de_b4c2_9e1861c66375-0
2025-09-03 13:54:59,577 INFO  [org.apa.kaf.cli.con.int.ConsumerCoordinator] (ForkJoinPool.commonPool-worker-2) [Consumer clientId=consumer-Consumer-topic-04d3e648_fb55_47de_b4c2_9e1861c66375-15, groupId=Consumer-topic-04d3e648_fb55_47de_b4c2_9e1861c66375] Found no committed offset for partition topic-04d3e648_fb55_47de_b4c2_9e1861c66375-0
2025-09-03 13:54:59,579 INFO  [org.apa.kaf.cli.con.int.SubscriptionState] (ForkJoinPool.commonPool-worker-2) [Consumer clientId=consumer-Consumer-topic-04d3e648_fb55_47de_b4c2_9e1861c66375-15, groupId=Consumer-topic-04d3e648_fb55_47de_b4c2_9e1861c66375] Resetting offset for partition topic-04d3e648_fb55_47de_b4c2_9e1861c66375-0 to position FetchPosition{offset=0, offsetEpoch=Optional.empty, currentLeader=LeaderAndEpoch{leader=Optional[localhost:32769 (id: 0 rack: null)], epoch=0}}.
2025-09-03 13:54:59,616 INFO  [io.api.tes.ser.api.KafkaSerdesTester] (ForkJoinPool.commonPool-worker-2) topic-04d3e648_fb55_47de_b4c2_9e1861c66375 0 0 {"key11756907691820": "value-0"}
2025-09-03 13:54:59,617 INFO  [io.api.tes.ser.api.KafkaSerdesTester] (ForkJoinPool.commonPool-worker-2) topic-04d3e648_fb55_47de_b4c2_9e1861c66375 0 1 {"key11756907691820": "value-1"}
2025-09-03 13:54:59,617 INFO  [io.api.tes.ser.api.KafkaSerdesTester] (ForkJoinPool.commonPool-worker-2) topic-04d3e648_fb55_47de_b4c2_9e1861c66375 0 2 {"key11756907691820": "value-2"}
2025-09-03 13:54:59,617 INFO  [io.api.tes.ser.api.KafkaSerdesTester] (ForkJoinPool.commonPool-worker-2) topic-04d3e648_fb55_47de_b4c2_9e1861c66375 0 3 {"key11756907691820": "value-3"}
2025-09-03 13:54:59,617 INFO  [io.api.tes.ser.api.KafkaSerdesTester] (ForkJoinPool.commonPool-worker-2) topic-04d3e648_fb55_47de_b4c2_9e1861c66375 0 4 {"key11756907691820": "value-4"}
2025-09-03 13:54:59,617 INFO  [io.api.tes.ser.api.KafkaSerdesTester] (ForkJoinPool.commonPool-worker-2) topic-04d3e648_fb55_47de_b4c2_9e1861c66375 0 5 {"key11756907691820": "value-5"}
2025-09-03 13:54:59,617 INFO  [io.api.tes.ser.api.KafkaSerdesTester] (ForkJoinPool.commonPool-worker-2) topic-04d3e648_fb55_47de_b4c2_9e1861c66375 0 6 {"key11756907691820": "value-6"}
2025-09-03 13:54:59,617 INFO  [io.api.tes.ser.api.KafkaSerdesTester] (ForkJoinPool.commonPool-worker-2) topic-04d3e648_fb55_47de_b4c2_9e1861c66375 0 7 {"key11756907691820": "value-7"}
2025-09-03 13:54:59,617 INFO  [io.api.tes.ser.api.KafkaSerdesTester] (ForkJoinPool.commonPool-worker-2) topic-04d3e648_fb55_47de_b4c2_9e1861c66375 0 8 {"key11756907691820": "value-8"}
2025-09-03 13:54:59,617 INFO  [io.api.tes.ser.api.KafkaSerdesTester] (ForkJoinPool.commonPool-worker-2) topic-04d3e648_fb55_47de_b4c2_9e1861c66375 0 9 {"key11756907691820": "value-9"}
2025-09-03 13:54:59,617 INFO  [io.api.tes.ser.api.KafkaSerdesTester] (ForkJoinPool.commonPool-worker-2) Consumed 10 messages
2025-09-03 13:54:59,624 INFO  [org.apa.kaf.cli.con.int.ConsumerRebalanceListenerInvoker] (ForkJoinPool.commonPool-worker-2) [Consumer clientId=consumer-Consumer-topic-04d3e648_fb55_47de_b4c2_9e1861c66375-15, groupId=Consumer-topic-04d3e648_fb55_47de_b4c2_9e1861c66375] Revoke previously assigned partitions topic-04d3e648_fb55_47de_b4c2_9e1861c66375-0
2025-09-03 13:54:59,624 INFO  [org.apa.kaf.cli.con.int.ConsumerCoordinator] (ForkJoinPool.commonPool-worker-2) [Consumer clientId=consumer-Consumer-topic-04d3e648_fb55_47de_b4c2_9e1861c66375-15, groupId=Consumer-topic-04d3e648_fb55_47de_b4c2_9e1861c66375] Member consumer-Consumer-topic-04d3e648_fb55_47de_b4c2_9e1861c66375-15-897de6e8-bbdf-4ded-8642-c9dfddc27a4c sending LeaveGroup request to coordinator localhost:32769 (id: 2147483647 rack: null) due to the consumer is being closed
2025-09-03 13:54:59,624 INFO  [org.apa.kaf.cli.con.int.ConsumerCoordinator] (ForkJoinPool.commonPool-worker-2) [Consumer clientId=consumer-Consumer-topic-04d3e648_fb55_47de_b4c2_9e1861c66375-15, groupId=Consumer-topic-04d3e648_fb55_47de_b4c2_9e1861c66375] Resetting generation and member id due to: consumer pro-actively leaving the group
2025-09-03 13:54:59,624 INFO  [org.apa.kaf.cli.con.int.ConsumerCoordinator] (ForkJoinPool.commonPool-worker-2) [Consumer clientId=consumer-Consumer-topic-04d3e648_fb55_47de_b4c2_9e1861c66375-15, groupId=Consumer-topic-04d3e648_fb55_47de_b4c2_9e1861c66375] Request joining group due to: consumer pro-actively leaving the group
2025-09-03 13:55:00,119 INFO  [org.apa.kaf.com.met.Metrics] (ForkJoinPool.commonPool-worker-2) Metrics scheduler closed
2025-09-03 13:55:00,119 INFO  [org.apa.kaf.com.met.Metrics] (ForkJoinPool.commonPool-worker-2) Closing reporter org.apache.kafka.common.metrics.JmxReporter
2025-09-03 13:55:00,119 INFO  [org.apa.kaf.com.met.Metrics] (ForkJoinPool.commonPool-worker-2) Closing reporter org.apache.kafka.common.telemetry.internals.ClientTelemetryReporter
2025-09-03 13:55:00,119 INFO  [org.apa.kaf.com.met.Metrics] (ForkJoinPool.commonPool-worker-2) Metrics reporters closed
2025-09-03 13:55:00,120 INFO  [org.apa.kaf.com.uti.AppInfoParser] (ForkJoinPool.commonPool-worker-2) App info kafka.consumer for consumer-Consumer-topic-04d3e648_fb55_47de_b4c2_9e1861c66375-15 unregistered
2025-09-03 13:55:00,120 INFO  [org.apa.kaf.cli.con.int.ClassicKafkaConsumer] (ForkJoinPool.commonPool-worker-2) [Consumer clientId=consumer-Consumer-topic-1f44b57e_9054_4465_9df2_d5f0c8cd827c-16, groupId=Consumer-topic-1f44b57e_9054_4465_9df2_d5f0c8cd827c] Subscribed to topic(s): topic-1f44b57e_9054_4465_9df2_d5f0c8cd827c
2025-09-03 13:55:00,124 INFO  [org.apa.kaf.cli.Metadata] (ForkJoinPool.commonPool-worker-2) [Consumer clientId=consumer-Consumer-topic-1f44b57e_9054_4465_9df2_d5f0c8cd827c-16, groupId=Consumer-topic-1f44b57e_9054_4465_9df2_d5f0c8cd827c] Cluster ID: zfwsSXvVT6qhU8UlUF5FTQ
2025-09-03 13:55:00,124 INFO  [org.apa.kaf.cli.con.int.ConsumerCoordinator] (ForkJoinPool.commonPool-worker-2) [Consumer clientId=consumer-Consumer-topic-1f44b57e_9054_4465_9df2_d5f0c8cd827c-16, groupId=Consumer-topic-1f44b57e_9054_4465_9df2_d5f0c8cd827c] Discovered group coordinator localhost:32769 (id: 2147483647 rack: null)
2025-09-03 13:55:00,125 INFO  [org.apa.kaf.cli.con.int.ConsumerCoordinator] (ForkJoinPool.commonPool-worker-2) [Consumer clientId=consumer-Consumer-topic-1f44b57e_9054_4465_9df2_d5f0c8cd827c-16, groupId=Consumer-topic-1f44b57e_9054_4465_9df2_d5f0c8cd827c] (Re-)joining group
2025-09-03 13:55:00,126 INFO  [org.apa.kaf.cli.con.int.ConsumerCoordinator] (ForkJoinPool.commonPool-worker-2) [Consumer clientId=consumer-Consumer-topic-1f44b57e_9054_4465_9df2_d5f0c8cd827c-16, groupId=Consumer-topic-1f44b57e_9054_4465_9df2_d5f0c8cd827c] Request joining group due to: need to re-join with the given member-id: consumer-Consumer-topic-1f44b57e_9054_4465_9df2_d5f0c8cd827c-16-7c60befa-c9d2-4cc5-b975-c6b8ee5bbcd7
2025-09-03 13:55:00,126 INFO  [org.apa.kaf.cli.con.int.ConsumerCoordinator] (ForkJoinPool.commonPool-worker-2) [Consumer clientId=consumer-Consumer-topic-1f44b57e_9054_4465_9df2_d5f0c8cd827c-16, groupId=Consumer-topic-1f44b57e_9054_4465_9df2_d5f0c8cd827c] (Re-)joining group
2025-09-03 13:55:01,120 INFO  [io.api.tes.ser.api.KafkaSerdesTester] (ForkJoinPool.commonPool-worker-2) None found
2025-09-03 13:55:02,120 INFO  [io.api.tes.ser.api.KafkaSerdesTester] (ForkJoinPool.commonPool-worker-2) None found
2025-09-03 13:55:03,121 INFO  [io.api.tes.ser.api.KafkaSerdesTester] (ForkJoinPool.commonPool-worker-2) None found
2025-09-03 13:55:03,128 INFO  [org.apa.kaf.cli.con.int.ConsumerCoordinator] (ForkJoinPool.commonPool-worker-2) [Consumer clientId=consumer-Consumer-topic-1f44b57e_9054_4465_9df2_d5f0c8cd827c-16, groupId=Consumer-topic-1f44b57e_9054_4465_9df2_d5f0c8cd827c] Successfully joined group with generation Generation{generationId=1, memberId='consumer-Consumer-topic-1f44b57e_9054_4465_9df2_d5f0c8cd827c-16-7c60befa-c9d2-4cc5-b975-c6b8ee5bbcd7', protocol='range'}
2025-09-03 13:55:03,128 INFO  [org.apa.kaf.cli.con.int.ConsumerCoordinator] (ForkJoinPool.commonPool-worker-2) [Consumer clientId=consumer-Consumer-topic-1f44b57e_9054_4465_9df2_d5f0c8cd827c-16, groupId=Consumer-topic-1f44b57e_9054_4465_9df2_d5f0c8cd827c] Finished assignment for group at generation 1: {consumer-Consumer-topic-1f44b57e_9054_4465_9df2_d5f0c8cd827c-16-7c60befa-c9d2-4cc5-b975-c6b8ee5bbcd7=Assignment(partitions=[topic-1f44b57e_9054_4465_9df2_d5f0c8cd827c-0])}
2025-09-03 13:55:03,135 INFO  [org.apa.kaf.cli.con.int.ConsumerCoordinator] (ForkJoinPool.commonPool-worker-2) [Consumer clientId=consumer-Consumer-topic-1f44b57e_9054_4465_9df2_d5f0c8cd827c-16, groupId=Consumer-topic-1f44b57e_9054_4465_9df2_d5f0c8cd827c] Successfully synced group in generation Generation{generationId=1, memberId='consumer-Consumer-topic-1f44b57e_9054_4465_9df2_d5f0c8cd827c-16-7c60befa-c9d2-4cc5-b975-c6b8ee5bbcd7', protocol='range'}
2025-09-03 13:55:03,135 INFO  [org.apa.kaf.cli.con.int.ConsumerCoordinator] (ForkJoinPool.commonPool-worker-2) [Consumer clientId=consumer-Consumer-topic-1f44b57e_9054_4465_9df2_d5f0c8cd827c-16, groupId=Consumer-topic-1f44b57e_9054_4465_9df2_d5f0c8cd827c] Notifying assignor about the new Assignment(partitions=[topic-1f44b57e_9054_4465_9df2_d5f0c8cd827c-0])
2025-09-03 13:55:03,135 INFO  [org.apa.kaf.cli.con.int.ConsumerRebalanceListenerInvoker] (ForkJoinPool.commonPool-worker-2) [Consumer clientId=consumer-Consumer-topic-1f44b57e_9054_4465_9df2_d5f0c8cd827c-16, groupId=Consumer-topic-1f44b57e_9054_4465_9df2_d5f0c8cd827c] Adding newly assigned partitions: topic-1f44b57e_9054_4465_9df2_d5f0c8cd827c-0
2025-09-03 13:55:03,135 INFO  [org.apa.kaf.cli.con.int.ConsumerCoordinator] (ForkJoinPool.commonPool-worker-2) [Consumer clientId=consumer-Consumer-topic-1f44b57e_9054_4465_9df2_d5f0c8cd827c-16, groupId=Consumer-topic-1f44b57e_9054_4465_9df2_d5f0c8cd827c] Found no committed offset for partition topic-1f44b57e_9054_4465_9df2_d5f0c8cd827c-0
2025-09-03 13:55:03,138 INFO  [org.apa.kaf.cli.con.int.SubscriptionState] (ForkJoinPool.commonPool-worker-2) [Consumer clientId=consumer-Consumer-topic-1f44b57e_9054_4465_9df2_d5f0c8cd827c-16, groupId=Consumer-topic-1f44b57e_9054_4465_9df2_d5f0c8cd827c] Resetting offset for partition topic-1f44b57e_9054_4465_9df2_d5f0c8cd827c-0 to position FetchPosition{offset=0, offsetEpoch=Optional.empty, currentLeader=LeaderAndEpoch{leader=Optional[localhost:32769 (id: 0 rack: null)], epoch=0}}.
2025-09-03 13:55:03,173 INFO  [io.api.tes.ser.api.KafkaSerdesTester] (ForkJoinPool.commonPool-worker-2) topic-1f44b57e_9054_4465_9df2_d5f0c8cd827c 0 0 {"key11756907691820": "value-0"}
2025-09-03 13:55:03,173 INFO  [io.api.tes.ser.api.KafkaSerdesTester] (ForkJoinPool.commonPool-worker-2) topic-1f44b57e_9054_4465_9df2_d5f0c8cd827c 0 1 {"key11756907691820": "value-1"}
2025-09-03 13:55:03,173 INFO  [io.api.tes.ser.api.KafkaSerdesTester] (ForkJoinPool.commonPool-worker-2) topic-1f44b57e_9054_4465_9df2_d5f0c8cd827c 0 2 {"key11756907691820": "value-2"}
2025-09-03 13:55:03,173 INFO  [io.api.tes.ser.api.KafkaSerdesTester] (ForkJoinPool.commonPool-worker-2) topic-1f44b57e_9054_4465_9df2_d5f0c8cd827c 0 3 {"key11756907691820": "value-3"}
2025-09-03 13:55:03,173 INFO  [io.api.tes.ser.api.KafkaSerdesTester] (ForkJoinPool.commonPool-worker-2) topic-1f44b57e_9054_4465_9df2_d5f0c8cd827c 0 4 {"key11756907691820": "value-4"}
2025-09-03 13:55:03,173 INFO  [io.api.tes.ser.api.KafkaSerdesTester] (ForkJoinPool.commonPool-worker-2) topic-1f44b57e_9054_4465_9df2_d5f0c8cd827c 0 5 {"key11756907691820": "value-5"}
2025-09-03 13:55:03,173 INFO  [io.api.tes.ser.api.KafkaSerdesTester] (ForkJoinPool.commonPool-worker-2) topic-1f44b57e_9054_4465_9df2_d5f0c8cd827c 0 6 {"key11756907691820": "value-6"}
2025-09-03 13:55:03,173 INFO  [io.api.tes.ser.api.KafkaSerdesTester] (ForkJoinPool.commonPool-worker-2) topic-1f44b57e_9054_4465_9df2_d5f0c8cd827c 0 7 {"key11756907691820": "value-7"}
2025-09-03 13:55:03,173 INFO  [io.api.tes.ser.api.KafkaSerdesTester] (ForkJoinPool.commonPool-worker-2) topic-1f44b57e_9054_4465_9df2_d5f0c8cd827c 0 8 {"key11756907691820": "value-8"}
2025-09-03 13:55:03,173 INFO  [io.api.tes.ser.api.KafkaSerdesTester] (ForkJoinPool.commonPool-worker-2) topic-1f44b57e_9054_4465_9df2_d5f0c8cd827c 0 9 {"key11756907691820": "value-9"}
2025-09-03 13:55:03,173 INFO  [io.api.tes.ser.api.KafkaSerdesTester] (ForkJoinPool.commonPool-worker-2) Consumed 10 messages
2025-09-03 13:55:03,180 INFO  [org.apa.kaf.cli.con.int.ConsumerRebalanceListenerInvoker] (ForkJoinPool.commonPool-worker-2) [Consumer clientId=consumer-Consumer-topic-1f44b57e_9054_4465_9df2_d5f0c8cd827c-16, groupId=Consumer-topic-1f44b57e_9054_4465_9df2_d5f0c8cd827c] Revoke previously assigned partitions topic-1f44b57e_9054_4465_9df2_d5f0c8cd827c-0
2025-09-03 13:55:03,180 INFO  [org.apa.kaf.cli.con.int.ConsumerCoordinator] (ForkJoinPool.commonPool-worker-2) [Consumer clientId=consumer-Consumer-topic-1f44b57e_9054_4465_9df2_d5f0c8cd827c-16, groupId=Consumer-topic-1f44b57e_9054_4465_9df2_d5f0c8cd827c] Member consumer-Consumer-topic-1f44b57e_9054_4465_9df2_d5f0c8cd827c-16-7c60befa-c9d2-4cc5-b975-c6b8ee5bbcd7 sending LeaveGroup request to coordinator localhost:32769 (id: 2147483647 rack: null) due to the consumer is being closed
2025-09-03 13:55:03,180 INFO  [org.apa.kaf.cli.con.int.ConsumerCoordinator] (ForkJoinPool.commonPool-worker-2) [Consumer clientId=consumer-Consumer-topic-1f44b57e_9054_4465_9df2_d5f0c8cd827c-16, groupId=Consumer-topic-1f44b57e_9054_4465_9df2_d5f0c8cd827c] Resetting generation and member id due to: consumer pro-actively leaving the group
2025-09-03 13:55:03,180 INFO  [org.apa.kaf.cli.con.int.ConsumerCoordinator] (ForkJoinPool.commonPool-worker-2) [Consumer clientId=consumer-Consumer-topic-1f44b57e_9054_4465_9df2_d5f0c8cd827c-16, groupId=Consumer-topic-1f44b57e_9054_4465_9df2_d5f0c8cd827c] Request joining group due to: consumer pro-actively leaving the group
2025-09-03 13:55:03,675 INFO  [org.apa.kaf.com.met.Metrics] (ForkJoinPool.commonPool-worker-2) Metrics scheduler closed
2025-09-03 13:55:03,675 INFO  [org.apa.kaf.com.met.Metrics] (ForkJoinPool.commonPool-worker-2) Closing reporter org.apache.kafka.common.metrics.JmxReporter
2025-09-03 13:55:03,675 INFO  [org.apa.kaf.com.met.Metrics] (ForkJoinPool.commonPool-worker-2) Closing reporter org.apache.kafka.common.telemetry.internals.ClientTelemetryReporter
2025-09-03 13:55:03,675 INFO  [org.apa.kaf.com.met.Metrics] (ForkJoinPool.commonPool-worker-2) Metrics reporters closed
2025-09-03 13:55:03,676 INFO  [org.apa.kaf.com.uti.AppInfoParser] (ForkJoinPool.commonPool-worker-2) App info kafka.consumer for consumer-Consumer-topic-1f44b57e_9054_4465_9df2_d5f0c8cd827c-16 unregistered
2025-09-03 13:55:03,676 INFO  [io.api.tes.uti.TestSeparator] (main) io.apicurio.tests.serdes.apicurio.AvroSerdeIT.testAvroConfluentForMultipleTopics-FINISHED
2025-09-03 13:55:03,677 INFO  [io.api.tes.uti.TestSeparator] (main) ############################################################################
Test passed: testAvroConfluentForMultipleTopics
]]></system-out>
  </testcase>
  <testcase name="testFirstRequestFailsRateLimited" classname="io.apicurio.tests.serdes.apicurio.AvroSerdeIT" time="0.721">
    <system-out><![CDATA[2025-09-03 13:55:03,678 INFO  [io.api.tes.uti.TestSeparator] (main) ############################################################################
2025-09-03 13:55:03,678 INFO  [io.api.tes.uti.TestSeparator] (main) io.apicurio.tests.serdes.apicurio.AvroSerdeIT.testFirstRequestFailsRateLimited-STARTED
2025-09-03 13:55:04,112 INFO  [org.ecl.jet.ser.Server] (main) jetty-11.0.15; built: 2023-04-11T18:37:53.775Z; git: 5bc5e562c8d05c5862505aebe5cf83a61bdbcb96; jvm 17.0.16+8
2025-09-03 13:55:04,128 INFO  [org.ecl.jet.ser.han.ContextHandler] (main) Started o.e.j.s.ServletContextHandler@23368646{/__admin,null,AVAILABLE}
2025-09-03 13:55:04,133 INFO  [org.ecl.jet.ser.han.Con.ROOT] (main) RequestHandlerClass from context returned com.github.tomakehurst.wiremock.http.StubRequestHandler. Normalized mapped under returned 'null'
2025-09-03 13:55:04,134 INFO  [org.ecl.jet.ser.han.ContextHandler] (main) Started o.e.j.s.ServletContextHandler@4ffa1019{/,null,AVAILABLE}
2025-09-03 13:55:04,138 INFO  [org.ecl.jet.ser.AbstractConnector] (main) Started NetworkTrafficServerConnector@749a3925{HTTP/1.1, (http/1.1, h2c)}{0.0.0.0:42797}
2025-09-03 13:55:04,139 INFO  [org.ecl.jet.ser.Server] (main) Started Server@50c253b6{STARTING}[11.0.15,sto=1000] @94916ms
**** Registry Base URL: http://registry-app-inmemory.apps.ci419.apicurio-testing.org:80
2025-09-03 13:55:04,147 INFO  [org.apa.kaf.cli.pro.ProducerConfig] (main) ProducerConfig values: 
	acks = -1
	auto.include.jmx.reporter = true
	batch.size = 16384
	bootstrap.servers = [PLAINTEXT://localhost:32769]
	buffer.memory = 33554432
	client.dns.lookup = use_all_dns_ips
	client.id = Producer-topic-0000c48e_5181_436c_87c1_a4d829b9ccd1
	compression.gzip.level = -1
	compression.lz4.level = 9
	compression.type = none
	compression.zstd.level = 3
	connections.max.idle.ms = 10000
	delivery.timeout.ms = 120000
	enable.idempotence = true
	enable.metrics.push = true
	interceptor.classes = []
	key.serializer = class org.apache.kafka.common.serialization.StringSerializer
	linger.ms = 0
	max.block.ms = 60000
	max.in.flight.requests.per.connection = 5
	max.request.size = 1048576
	metadata.max.age.ms = 300000
	metadata.max.idle.ms = 300000
	metadata.recovery.strategy = none
	metric.reporters = []
	metrics.num.samples = 2
	metrics.recording.level = INFO
	metrics.sample.window.ms = 30000
	partitioner.adaptive.partitioning.enable = true
	partitioner.availability.timeout.ms = 0
	partitioner.class = null
	partitioner.ignore.keys = false
	receive.buffer.bytes = 32768
	reconnect.backoff.max.ms = 1000
	reconnect.backoff.ms = 50
	request.timeout.ms = 5000
	retries = 2147483647
	retry.backoff.max.ms = 1000
	retry.backoff.ms = 100
	sasl.client.callback.handler.class = null
	sasl.jaas.config = null
	sasl.kerberos.kinit.cmd = /usr/bin/kinit
	sasl.kerberos.min.time.before.relogin = 60000
	sasl.kerberos.service.name = null
	sasl.kerberos.ticket.renew.jitter = 0.05
	sasl.kerberos.ticket.renew.window.factor = 0.8
	sasl.login.callback.handler.class = null
	sasl.login.class = null
	sasl.login.connect.timeout.ms = null
	sasl.login.read.timeout.ms = null
	sasl.login.refresh.buffer.seconds = 300
	sasl.login.refresh.min.period.seconds = 60
	sasl.login.refresh.window.factor = 0.8
	sasl.login.refresh.window.jitter = 0.05
	sasl.login.retry.backoff.max.ms = 10000
	sasl.login.retry.backoff.ms = 100
	sasl.mechanism = GSSAPI
	sasl.oauthbearer.clock.skew.seconds = 30
	sasl.oauthbearer.expected.audience = null
	sasl.oauthbearer.expected.issuer = null
	sasl.oauthbearer.header.urlencode = false
	sasl.oauthbearer.jwks.endpoint.refresh.ms = 3600000
	sasl.oauthbearer.jwks.endpoint.retry.backoff.max.ms = 10000
	sasl.oauthbearer.jwks.endpoint.retry.backoff.ms = 100
	sasl.oauthbearer.jwks.endpoint.url = null
	sasl.oauthbearer.scope.claim.name = scope
	sasl.oauthbearer.sub.claim.name = sub
	sasl.oauthbearer.token.endpoint.url = null
	security.protocol = PLAINTEXT
	security.providers = null
	send.buffer.bytes = 131072
	socket.connection.setup.timeout.max.ms = 30000
	socket.connection.setup.timeout.ms = 10000
	ssl.cipher.suites = null
	ssl.enabled.protocols = [TLSv1.2, TLSv1.3]
	ssl.endpoint.identification.algorithm = https
	ssl.engine.factory.class = null
	ssl.key.password = null
	ssl.keymanager.algorithm = SunX509
	ssl.keystore.certificate.chain = null
	ssl.keystore.key = null
	ssl.keystore.location = null
	ssl.keystore.password = null
	ssl.keystore.type = JKS
	ssl.protocol = TLSv1.3
	ssl.provider = null
	ssl.secure.random.implementation = null
	ssl.trustmanager.algorithm = PKIX
	ssl.truststore.certificates = null
	ssl.truststore.location = null
	ssl.truststore.password = null
	ssl.truststore.type = JKS
	transaction.timeout.ms = 60000
	transactional.id = null
	value.serializer = class io.apicurio.registry.serde.avro.AvroKafkaSerializer

2025-09-03 13:55:04,148 INFO  [org.apa.kaf.com.tel.int.KafkaMetricsCollector] (main) initializing Kafka metrics collector
2025-09-03 13:55:04,150 INFO  [org.apa.kaf.cli.pro.KafkaProducer] (main) [Producer clientId=Producer-topic-0000c48e_5181_436c_87c1_a4d829b9ccd1] Instantiated an idempotent producer.
2025-09-03 13:55:04,152 INFO  [org.apa.kaf.cli.pro.ProducerConfig] (main) These configurations '[apicurio.registry.url, apicurio.registry.artifact-resolver-strategy]' were supplied but are not used yet.
2025-09-03 13:55:04,152 INFO  [org.apa.kaf.com.uti.AppInfoParser] (main) Kafka version: 3.9.1
2025-09-03 13:55:04,152 INFO  [org.apa.kaf.com.uti.AppInfoParser] (main) Kafka commitId: f745dfdcee2b9851
2025-09-03 13:55:04,152 INFO  [org.apa.kaf.com.uti.AppInfoParser] (main) Kafka startTimeMs: 1756907704152
2025-09-03 13:55:04,153 INFO  [io.api.tes.ser.api.KafkaSerdesTester] (ForkJoinPool.commonPool-worker-2) Sending message {"keyB": "value-0"} to topic topic-0000c48e_5181_436c_87c1_a4d829b9ccd1
2025-09-03 13:55:04,156 WARN  [org.apa.kaf.cli.NetworkClient] (kafka-producer-network-thread | Producer-topic-0000c48e_5181_436c_87c1_a4d829b9ccd1) [Producer clientId=Producer-topic-0000c48e_5181_436c_87c1_a4d829b9ccd1] The metadata response from the cluster reported a recoverable issue with correlation id 1 : {topic-0000c48e_5181_436c_87c1_a4d829b9ccd1=UNKNOWN_TOPIC_OR_PARTITION}
2025-09-03 13:55:04,156 INFO  [org.apa.kaf.cli.Metadata] (kafka-producer-network-thread | Producer-topic-0000c48e_5181_436c_87c1_a4d829b9ccd1) [Producer clientId=Producer-topic-0000c48e_5181_436c_87c1_a4d829b9ccd1] Cluster ID: zfwsSXvVT6qhU8UlUF5FTQ
2025-09-03 13:55:04,157 INFO  [org.apa.kaf.cli.pro.int.TransactionManager] (kafka-producer-network-thread | Producer-topic-0000c48e_5181_436c_87c1_a4d829b9ccd1) [Producer clientId=Producer-topic-0000c48e_5181_436c_87c1_a4d829b9ccd1] ProducerId set to 22 with epoch 0
2025-09-03 13:55:04,275 INFO  [DefaultSchemaResolver] (ForkJoinPool.commonPool-worker-2) Retrieving schema content using string: {"type":"record","name":"myrecord","namespace":"mygroup","fields":[{"name":"keyB","type":"string"}]}
2025-09-03 13:55:04,389 INFO  [org.apa.kaf.cli.pro.KafkaProducer] (ForkJoinPool.commonPool-worker-2) [Producer clientId=Producer-topic-0000c48e_5181_436c_87c1_a4d829b9ccd1] Closing the Kafka producer with timeoutMillis = 9223372036854775807 ms.
2025-09-03 13:55:04,391 INFO  [org.apa.kaf.com.met.Metrics] (ForkJoinPool.commonPool-worker-2) Metrics scheduler closed
2025-09-03 13:55:04,391 INFO  [org.apa.kaf.com.met.Metrics] (ForkJoinPool.commonPool-worker-2) Closing reporter org.apache.kafka.common.metrics.JmxReporter
2025-09-03 13:55:04,391 INFO  [org.apa.kaf.com.met.Metrics] (ForkJoinPool.commonPool-worker-2) Closing reporter org.apache.kafka.common.telemetry.internals.ClientTelemetryReporter
2025-09-03 13:55:04,391 INFO  [org.apa.kaf.com.met.Metrics] (ForkJoinPool.commonPool-worker-2) Metrics reporters closed
2025-09-03 13:55:04,391 INFO  [org.apa.kaf.com.uti.AppInfoParser] (ForkJoinPool.commonPool-worker-2) App info kafka.producer for Producer-topic-0000c48e_5181_436c_87c1_a4d829b9ccd1 unregistered
2025-09-03 13:55:04,392 INFO  [org.ecl.jet.ser.Server] (main) Stopped Server@50c253b6{STOPPING}[11.0.15,sto=1000]
2025-09-03 13:55:04,392 INFO  [org.ecl.jet.ser.Server] (main) Shutdown Server@50c253b6{STOPPING}[11.0.15,sto=1000]
2025-09-03 13:55:04,395 INFO  [org.ecl.jet.ser.AbstractConnector] (main) Stopped NetworkTrafficServerConnector@749a3925{HTTP/1.1, (http/1.1, h2c)}{0.0.0.0:0}
2025-09-03 13:55:04,397 INFO  [org.ecl.jet.ser.han.ContextHandler] (main) Stopped o.e.j.s.ServletContextHandler@4ffa1019{/,null,STOPPED}
2025-09-03 13:55:04,397 INFO  [org.ecl.jet.ser.han.ContextHandler] (main) Stopped o.e.j.s.ServletContextHandler@23368646{/__admin,null,STOPPED}
2025-09-03 13:55:04,398 INFO  [io.api.tes.uti.TestSeparator] (main) io.apicurio.tests.serdes.apicurio.AvroSerdeIT.testFirstRequestFailsRateLimited-FINISHED
2025-09-03 13:55:04,398 INFO  [io.api.tes.uti.TestSeparator] (main) ############################################################################
Test passed: testFirstRequestFailsRateLimited
]]></system-out>
    <system-err><![CDATA[com.microsoft.kiota.ApiException: the server returned an unexpected status code and no error class is registered for this code 429
	at com.microsoft.kiota.ApiExceptionBuilder.withMessage(ApiExceptionBuilder.java:45)
	at io.kiota.http.vertx.VertXRequestAdapter.throwIfFailedResponse(VertXRequestAdapter.java:370)
	at io.kiota.http.vertx.VertXRequestAdapter.send(VertXRequestAdapter.java:170)
	at jdk.internal.reflect.GeneratedMethodAccessor33.invoke(Unknown Source)
	at java.base/jdk.internal.reflect.DelegatingMethodAccessorImpl.invoke(DelegatingMethodAccessorImpl.java:43)
	at java.base/java.lang.reflect.Method.invoke(Method.java:569)
	at io.apicurio.registry.client.RegistryClientFactory$RetryInvocationHandler.invoke(RegistryClientFactory.java:146)
	at jdk.proxy2/jdk.proxy2.$Proxy65.send(Unknown Source)
	at io.apicurio.registry.rest.client.search.versions.VersionsRequestBuilder.post(VersionsRequestBuilder.java:94)
	at io.apicurio.registry.resolver.client.RegistryClientFacadeImpl.searchVersionsByContent(RegistryClientFacadeImpl.java:106)
	at io.apicurio.registry.resolver.DefaultSchemaResolver.lambda$handleResolveSchemaByContent$3(DefaultSchemaResolver.java:258)
	at io.apicurio.registry.resolver.cache.ERCache.lambda$getValue$0(ERCache.java:174)
	at io.apicurio.registry.resolver.cache.ERCache.retry(ERCache.java:227)
	at io.apicurio.registry.resolver.cache.ERCache.getValue(ERCache.java:173)
	at io.apicurio.registry.resolver.cache.ERCache.getByContent(ERCache.java:147)
	at io.apicurio.registry.resolver.DefaultSchemaResolver.handleResolveSchemaByContent(DefaultSchemaResolver.java:253)
	at io.apicurio.registry.resolver.DefaultSchemaResolver.getSchemaFromRegistry(DefaultSchemaResolver.java:138)
	at io.apicurio.registry.resolver.DefaultSchemaResolver.lambda$resolveSchema$0(DefaultSchemaResolver.java:84)
	at java.base/java.util.Optional.orElseGet(Optional.java:364)
	at io.apicurio.registry.resolver.DefaultSchemaResolver.resolveSchema(DefaultSchemaResolver.java:84)
	at io.apicurio.registry.serde.AbstractSerializer.serializeData(AbstractSerializer.java:62)
	at io.apicurio.registry.serde.KafkaSerializer.serialize(KafkaSerializer.java:77)
	at org.apache.kafka.clients.producer.KafkaProducer.doSend(KafkaProducer.java:1046)
	at org.apache.kafka.clients.producer.KafkaProducer.send(KafkaProducer.java:993)
	at org.apache.kafka.clients.producer.KafkaProducer.send(KafkaProducer.java:875)
	at io.apicurio.tests.serdes.apicurio.KafkaSerdesTester.lambda$produceMessages$3(KafkaSerdesTester.java:138)
	at java.base/java.util.concurrent.CompletableFuture$AsyncSupply.run(CompletableFuture.java:1768)
	at java.base/java.util.concurrent.CompletableFuture$AsyncSupply.exec(CompletableFuture.java:1760)
	at java.base/java.util.concurrent.ForkJoinTask.doExec(ForkJoinTask.java:373)
	at java.base/java.util.concurrent.ForkJoinPool$WorkQueue.topLevelExec(ForkJoinPool.java:1182)
	at java.base/java.util.concurrent.ForkJoinPool.scan(ForkJoinPool.java:1655)
	at java.base/java.util.concurrent.ForkJoinPool.runWorker(ForkJoinPool.java:1622)
	at java.base/java.util.concurrent.ForkJoinWorkerThread.run(ForkJoinWorkerThread.java:165)
]]></system-err>
  </testcase>
  <testcase name="testFirstEmptyFieldConfusedAsMagicByte" classname="io.apicurio.tests.serdes.apicurio.AvroSerdeIT" time="3.768">
    <system-out><![CDATA[2025-09-03 13:55:04,399 INFO  [io.api.tes.uti.TestSeparator] (main) ############################################################################
2025-09-03 13:55:04,400 INFO  [io.api.tes.uti.TestSeparator] (main) io.apicurio.tests.serdes.apicurio.AvroSerdeIT.testFirstEmptyFieldConfusedAsMagicByte-STARTED
**** Registry Base URL: http://registry-app-inmemory.apps.ci419.apicurio-testing.org:80
2025-09-03 13:55:04,401 INFO  [org.apa.kaf.cli.pro.ProducerConfig] (main) ProducerConfig values: 
	acks = -1
	auto.include.jmx.reporter = true
	batch.size = 16384
	bootstrap.servers = [PLAINTEXT://localhost:32769]
	buffer.memory = 33554432
	client.dns.lookup = use_all_dns_ips
	client.id = Producer-topic-a3786b2c_2272_4831_b029_88c1b9f2c060
	compression.gzip.level = -1
	compression.lz4.level = 9
	compression.type = none
	compression.zstd.level = 3
	connections.max.idle.ms = 10000
	delivery.timeout.ms = 120000
	enable.idempotence = true
	enable.metrics.push = true
	interceptor.classes = []
	key.serializer = class org.apache.kafka.common.serialization.StringSerializer
	linger.ms = 0
	max.block.ms = 60000
	max.in.flight.requests.per.connection = 5
	max.request.size = 1048576
	metadata.max.age.ms = 300000
	metadata.max.idle.ms = 300000
	metadata.recovery.strategy = none
	metric.reporters = []
	metrics.num.samples = 2
	metrics.recording.level = INFO
	metrics.sample.window.ms = 30000
	partitioner.adaptive.partitioning.enable = true
	partitioner.availability.timeout.ms = 0
	partitioner.class = null
	partitioner.ignore.keys = false
	receive.buffer.bytes = 32768
	reconnect.backoff.max.ms = 1000
	reconnect.backoff.ms = 50
	request.timeout.ms = 5000
	retries = 2147483647
	retry.backoff.max.ms = 1000
	retry.backoff.ms = 100
	sasl.client.callback.handler.class = null
	sasl.jaas.config = null
	sasl.kerberos.kinit.cmd = /usr/bin/kinit
	sasl.kerberos.min.time.before.relogin = 60000
	sasl.kerberos.service.name = null
	sasl.kerberos.ticket.renew.jitter = 0.05
	sasl.kerberos.ticket.renew.window.factor = 0.8
	sasl.login.callback.handler.class = null
	sasl.login.class = null
	sasl.login.connect.timeout.ms = null
	sasl.login.read.timeout.ms = null
	sasl.login.refresh.buffer.seconds = 300
	sasl.login.refresh.min.period.seconds = 60
	sasl.login.refresh.window.factor = 0.8
	sasl.login.refresh.window.jitter = 0.05
	sasl.login.retry.backoff.max.ms = 10000
	sasl.login.retry.backoff.ms = 100
	sasl.mechanism = GSSAPI
	sasl.oauthbearer.clock.skew.seconds = 30
	sasl.oauthbearer.expected.audience = null
	sasl.oauthbearer.expected.issuer = null
	sasl.oauthbearer.header.urlencode = false
	sasl.oauthbearer.jwks.endpoint.refresh.ms = 3600000
	sasl.oauthbearer.jwks.endpoint.retry.backoff.max.ms = 10000
	sasl.oauthbearer.jwks.endpoint.retry.backoff.ms = 100
	sasl.oauthbearer.jwks.endpoint.url = null
	sasl.oauthbearer.scope.claim.name = scope
	sasl.oauthbearer.sub.claim.name = sub
	sasl.oauthbearer.token.endpoint.url = null
	security.protocol = PLAINTEXT
	security.providers = null
	send.buffer.bytes = 131072
	socket.connection.setup.timeout.max.ms = 30000
	socket.connection.setup.timeout.ms = 10000
	ssl.cipher.suites = null
	ssl.enabled.protocols = [TLSv1.2, TLSv1.3]
	ssl.endpoint.identification.algorithm = https
	ssl.engine.factory.class = null
	ssl.key.password = null
	ssl.keymanager.algorithm = SunX509
	ssl.keystore.certificate.chain = null
	ssl.keystore.key = null
	ssl.keystore.location = null
	ssl.keystore.password = null
	ssl.keystore.type = JKS
	ssl.protocol = TLSv1.3
	ssl.provider = null
	ssl.secure.random.implementation = null
	ssl.trustmanager.algorithm = PKIX
	ssl.truststore.certificates = null
	ssl.truststore.location = null
	ssl.truststore.password = null
	ssl.truststore.type = JKS
	transaction.timeout.ms = 60000
	transactional.id = null
	value.serializer = class io.apicurio.registry.serde.avro.AvroKafkaSerializer

2025-09-03 13:55:04,401 INFO  [org.apa.kaf.com.tel.int.KafkaMetricsCollector] (main) initializing Kafka metrics collector
2025-09-03 13:55:04,404 INFO  [org.apa.kaf.cli.pro.KafkaProducer] (main) [Producer clientId=Producer-topic-a3786b2c_2272_4831_b029_88c1b9f2c060] Instantiated an idempotent producer.
2025-09-03 13:55:04,405 INFO  [org.apa.kaf.cli.pro.ProducerConfig] (main) These configurations '[apicurio.registry.url, apicurio.registry.auto-register, apicurio.registry.artifact-resolver-strategy]' were supplied but are not used yet.
2025-09-03 13:55:04,405 INFO  [org.apa.kaf.com.uti.AppInfoParser] (main) Kafka version: 3.9.1
2025-09-03 13:55:04,405 INFO  [org.apa.kaf.com.uti.AppInfoParser] (main) Kafka commitId: f745dfdcee2b9851
2025-09-03 13:55:04,405 INFO  [org.apa.kaf.com.uti.AppInfoParser] (main) Kafka startTimeMs: 1756907704405
2025-09-03 13:55:04,406 INFO  [io.api.tes.ser.api.SimpleSerdesTesterBuilder$SimpleSerdesTester] (main) Using producer configuration: {apicurio.registry.url=http://registry-app-inmemory.apps.ci419.apicurio-testing.org:80/apis/registry/v3, apicurio.registry.auto-register=true, apicurio.registry.artifact-resolver-strategy=io.apicurio.registry.serde.strategy.SimpleTopicIdStrategy, value.serializer=io.apicurio.registry.serde.avro.AvroKafkaSerializer, request.timeout.ms=5000, acks=all, bootstrap.servers=PLAINTEXT://localhost:32769, connections.max.idle.ms=10000, key.serializer=org.apache.kafka.common.serialization.StringSerializer, client.id=Producer-topic-a3786b2c_2272_4831_b029_88c1b9f2c060}
2025-09-03 13:55:04,406 INFO  [io.api.tes.ser.api.SimpleSerdesTesterBuilder$SimpleSerdesTester] (main) Using consumer configuration: {}
2025-09-03 13:55:04,406 INFO  [io.api.tes.ser.api.KafkaSerdesTester] (ForkJoinPool.commonPool-worker-2) Sending message {"username": null} to topic topic-a3786b2c_2272_4831_b029_88c1b9f2c060
2025-09-03 13:55:04,408 WARN  [org.apa.kaf.cli.NetworkClient] (kafka-producer-network-thread | Producer-topic-a3786b2c_2272_4831_b029_88c1b9f2c060) [Producer clientId=Producer-topic-a3786b2c_2272_4831_b029_88c1b9f2c060] The metadata response from the cluster reported a recoverable issue with correlation id 1 : {topic-a3786b2c_2272_4831_b029_88c1b9f2c060=UNKNOWN_TOPIC_OR_PARTITION}
2025-09-03 13:55:04,409 INFO  [org.apa.kaf.cli.Metadata] (kafka-producer-network-thread | Producer-topic-a3786b2c_2272_4831_b029_88c1b9f2c060) [Producer clientId=Producer-topic-a3786b2c_2272_4831_b029_88c1b9f2c060] Cluster ID: zfwsSXvVT6qhU8UlUF5FTQ
2025-09-03 13:55:04,409 INFO  [org.apa.kaf.cli.pro.int.TransactionManager] (kafka-producer-network-thread | Producer-topic-a3786b2c_2272_4831_b029_88c1b9f2c060) [Producer clientId=Producer-topic-a3786b2c_2272_4831_b029_88c1b9f2c060] ProducerId set to 23 with epoch 0
2025-09-03 13:55:04,560 INFO  [io.api.tes.ser.api.KafkaSerdesTester] (ForkJoinPool.commonPool-worker-2) Sending message {"username": null} to topic topic-a3786b2c_2272_4831_b029_88c1b9f2c060
2025-09-03 13:55:04,563 INFO  [io.api.tes.ser.api.KafkaSerdesTester] (ForkJoinPool.commonPool-worker-2) Sending message {"username": "value-2"} to topic topic-a3786b2c_2272_4831_b029_88c1b9f2c060
2025-09-03 13:55:04,564 INFO  [io.api.tes.ser.api.KafkaSerdesTester] (ForkJoinPool.commonPool-worker-2) Sending message {"username": null} to topic topic-a3786b2c_2272_4831_b029_88c1b9f2c060
2025-09-03 13:55:04,566 INFO  [io.api.tes.ser.api.KafkaSerdesTester] (ForkJoinPool.commonPool-worker-2) Sending message {"username": "value-4"} to topic topic-a3786b2c_2272_4831_b029_88c1b9f2c060
2025-09-03 13:55:04,567 INFO  [io.api.tes.ser.api.KafkaSerdesTester] (ForkJoinPool.commonPool-worker-2) Sending message {"username": null} to topic topic-a3786b2c_2272_4831_b029_88c1b9f2c060
2025-09-03 13:55:04,568 INFO  [io.api.tes.ser.api.KafkaSerdesTester] (ForkJoinPool.commonPool-worker-2) Sending message {"username": "value-6"} to topic topic-a3786b2c_2272_4831_b029_88c1b9f2c060
2025-09-03 13:55:04,570 INFO  [io.api.tes.ser.api.KafkaSerdesTester] (ForkJoinPool.commonPool-worker-2) Sending message {"username": null} to topic topic-a3786b2c_2272_4831_b029_88c1b9f2c060
2025-09-03 13:55:04,571 INFO  [io.api.tes.ser.api.KafkaSerdesTester] (ForkJoinPool.commonPool-worker-2) Sending message {"username": "value-8"} to topic topic-a3786b2c_2272_4831_b029_88c1b9f2c060
2025-09-03 13:55:04,572 INFO  [io.api.tes.ser.api.KafkaSerdesTester] (ForkJoinPool.commonPool-worker-2) Sending message {"username": null} to topic topic-a3786b2c_2272_4831_b029_88c1b9f2c060
2025-09-03 13:55:04,574 INFO  [io.api.tes.ser.api.KafkaSerdesTester] (ForkJoinPool.commonPool-worker-2) Produced 10 messages
2025-09-03 13:55:04,574 INFO  [org.apa.kaf.cli.pro.KafkaProducer] (ForkJoinPool.commonPool-worker-2) [Producer clientId=Producer-topic-a3786b2c_2272_4831_b029_88c1b9f2c060] Closing the Kafka producer with timeoutMillis = 9223372036854775807 ms.
2025-09-03 13:55:04,576 INFO  [org.apa.kaf.com.met.Metrics] (ForkJoinPool.commonPool-worker-2) Metrics scheduler closed
2025-09-03 13:55:04,576 INFO  [org.apa.kaf.com.met.Metrics] (ForkJoinPool.commonPool-worker-2) Closing reporter org.apache.kafka.common.metrics.JmxReporter
2025-09-03 13:55:04,576 INFO  [org.apa.kaf.com.met.Metrics] (ForkJoinPool.commonPool-worker-2) Closing reporter org.apache.kafka.common.telemetry.internals.ClientTelemetryReporter
2025-09-03 13:55:04,576 INFO  [org.apa.kaf.com.met.Metrics] (ForkJoinPool.commonPool-worker-2) Metrics reporters closed
2025-09-03 13:55:04,576 INFO  [org.apa.kaf.com.uti.AppInfoParser] (ForkJoinPool.commonPool-worker-2) App info kafka.producer for Producer-topic-a3786b2c_2272_4831_b029_88c1b9f2c060 unregistered
**** Registry Base URL: http://registry-app-inmemory.apps.ci419.apicurio-testing.org:80
2025-09-03 13:55:04,602 INFO  [org.apa.kaf.cli.con.ConsumerConfig] (main) ConsumerConfig values: 
	allow.auto.create.topics = true
	auto.commit.interval.ms = 500
	auto.include.jmx.reporter = true
	auto.offset.reset = earliest
	bootstrap.servers = [PLAINTEXT://localhost:32769]
	check.crcs = true
	client.dns.lookup = use_all_dns_ips
	client.id = consumer-Consumer-topic-a3786b2c_2272_4831_b029_88c1b9f2c060-17
	client.rack = 
	connections.max.idle.ms = 10000
	default.api.timeout.ms = 60000
	enable.auto.commit = true
	enable.metrics.push = true
	exclude.internal.topics = true
	fetch.max.bytes = 52428800
	fetch.max.wait.ms = 500
	fetch.min.bytes = 1
	group.id = Consumer-topic-a3786b2c_2272_4831_b029_88c1b9f2c060
	group.instance.id = null
	group.protocol = classic
	group.remote.assignor = null
	heartbeat.interval.ms = 3000
	interceptor.classes = []
	internal.leave.group.on.close = true
	internal.throw.on.fetch.stable.offset.unsupported = false
	isolation.level = read_uncommitted
	key.deserializer = class org.apache.kafka.common.serialization.StringDeserializer
	max.partition.fetch.bytes = 1048576
	max.poll.interval.ms = 300000
	max.poll.records = 500
	metadata.max.age.ms = 300000
	metadata.recovery.strategy = none
	metric.reporters = []
	metrics.num.samples = 2
	metrics.recording.level = INFO
	metrics.sample.window.ms = 30000
	partition.assignment.strategy = [class org.apache.kafka.clients.consumer.RangeAssignor, class org.apache.kafka.clients.consumer.CooperativeStickyAssignor]
	receive.buffer.bytes = 65536
	reconnect.backoff.max.ms = 1000
	reconnect.backoff.ms = 50
	request.timeout.ms = 5000
	retry.backoff.max.ms = 1000
	retry.backoff.ms = 100
	sasl.client.callback.handler.class = null
	sasl.jaas.config = null
	sasl.kerberos.kinit.cmd = /usr/bin/kinit
	sasl.kerberos.min.time.before.relogin = 60000
	sasl.kerberos.service.name = null
	sasl.kerberos.ticket.renew.jitter = 0.05
	sasl.kerberos.ticket.renew.window.factor = 0.8
	sasl.login.callback.handler.class = null
	sasl.login.class = null
	sasl.login.connect.timeout.ms = null
	sasl.login.read.timeout.ms = null
	sasl.login.refresh.buffer.seconds = 300
	sasl.login.refresh.min.period.seconds = 60
	sasl.login.refresh.window.factor = 0.8
	sasl.login.refresh.window.jitter = 0.05
	sasl.login.retry.backoff.max.ms = 10000
	sasl.login.retry.backoff.ms = 100
	sasl.mechanism = GSSAPI
	sasl.oauthbearer.clock.skew.seconds = 30
	sasl.oauthbearer.expected.audience = null
	sasl.oauthbearer.expected.issuer = null
	sasl.oauthbearer.header.urlencode = false
	sasl.oauthbearer.jwks.endpoint.refresh.ms = 3600000
	sasl.oauthbearer.jwks.endpoint.retry.backoff.max.ms = 10000
	sasl.oauthbearer.jwks.endpoint.retry.backoff.ms = 100
	sasl.oauthbearer.jwks.endpoint.url = null
	sasl.oauthbearer.scope.claim.name = scope
	sasl.oauthbearer.sub.claim.name = sub
	sasl.oauthbearer.token.endpoint.url = null
	security.protocol = PLAINTEXT
	security.providers = null
	send.buffer.bytes = 131072
	session.timeout.ms = 45000
	socket.connection.setup.timeout.max.ms = 30000
	socket.connection.setup.timeout.ms = 10000
	ssl.cipher.suites = null
	ssl.enabled.protocols = [TLSv1.2, TLSv1.3]
	ssl.endpoint.identification.algorithm = https
	ssl.engine.factory.class = null
	ssl.key.password = null
	ssl.keymanager.algorithm = SunX509
	ssl.keystore.certificate.chain = null
	ssl.keystore.key = null
	ssl.keystore.location = null
	ssl.keystore.password = null
	ssl.keystore.type = JKS
	ssl.protocol = TLSv1.3
	ssl.provider = null
	ssl.secure.random.implementation = null
	ssl.trustmanager.algorithm = PKIX
	ssl.truststore.certificates = null
	ssl.truststore.location = null
	ssl.truststore.password = null
	ssl.truststore.type = JKS
	value.deserializer = class io.apicurio.registry.serde.avro.AvroKafkaDeserializer

2025-09-03 13:55:04,602 INFO  [org.apa.kaf.com.tel.int.KafkaMetricsCollector] (main) initializing Kafka metrics collector
2025-09-03 13:55:04,606 INFO  [org.apa.kaf.cli.con.ConsumerConfig] (main) These configurations '[apicurio.registry.url]' were supplied but are not used yet.
2025-09-03 13:55:04,606 INFO  [org.apa.kaf.com.uti.AppInfoParser] (main) Kafka version: 3.9.1
2025-09-03 13:55:04,606 INFO  [org.apa.kaf.com.uti.AppInfoParser] (main) Kafka commitId: f745dfdcee2b9851
2025-09-03 13:55:04,606 INFO  [org.apa.kaf.com.uti.AppInfoParser] (main) Kafka startTimeMs: 1756907704606
2025-09-03 13:55:04,606 INFO  [org.apa.kaf.cli.con.int.ClassicKafkaConsumer] (ForkJoinPool.commonPool-worker-2) [Consumer clientId=consumer-Consumer-topic-a3786b2c_2272_4831_b029_88c1b9f2c060-17, groupId=Consumer-topic-a3786b2c_2272_4831_b029_88c1b9f2c060] Subscribed to topic(s): topic-a3786b2c_2272_4831_b029_88c1b9f2c060
2025-09-03 13:55:04,609 INFO  [org.apa.kaf.cli.Metadata] (ForkJoinPool.commonPool-worker-2) [Consumer clientId=consumer-Consumer-topic-a3786b2c_2272_4831_b029_88c1b9f2c060-17, groupId=Consumer-topic-a3786b2c_2272_4831_b029_88c1b9f2c060] Cluster ID: zfwsSXvVT6qhU8UlUF5FTQ
2025-09-03 13:55:04,609 INFO  [org.apa.kaf.cli.con.int.ConsumerCoordinator] (ForkJoinPool.commonPool-worker-2) [Consumer clientId=consumer-Consumer-topic-a3786b2c_2272_4831_b029_88c1b9f2c060-17, groupId=Consumer-topic-a3786b2c_2272_4831_b029_88c1b9f2c060] Discovered group coordinator localhost:32769 (id: 2147483647 rack: null)
2025-09-03 13:55:04,610 INFO  [org.apa.kaf.cli.con.int.ConsumerCoordinator] (ForkJoinPool.commonPool-worker-2) [Consumer clientId=consumer-Consumer-topic-a3786b2c_2272_4831_b029_88c1b9f2c060-17, groupId=Consumer-topic-a3786b2c_2272_4831_b029_88c1b9f2c060] (Re-)joining group
2025-09-03 13:55:04,612 INFO  [org.apa.kaf.cli.con.int.ConsumerCoordinator] (ForkJoinPool.commonPool-worker-2) [Consumer clientId=consumer-Consumer-topic-a3786b2c_2272_4831_b029_88c1b9f2c060-17, groupId=Consumer-topic-a3786b2c_2272_4831_b029_88c1b9f2c060] Request joining group due to: need to re-join with the given member-id: consumer-Consumer-topic-a3786b2c_2272_4831_b029_88c1b9f2c060-17-e573875e-4307-4d5c-9fce-fda3b833eb54
2025-09-03 13:55:04,612 INFO  [org.apa.kaf.cli.con.int.ConsumerCoordinator] (ForkJoinPool.commonPool-worker-2) [Consumer clientId=consumer-Consumer-topic-a3786b2c_2272_4831_b029_88c1b9f2c060-17, groupId=Consumer-topic-a3786b2c_2272_4831_b029_88c1b9f2c060] (Re-)joining group
2025-09-03 13:55:05,606 INFO  [io.api.tes.ser.api.KafkaSerdesTester] (ForkJoinPool.commonPool-worker-2) None found
2025-09-03 13:55:06,607 INFO  [io.api.tes.ser.api.KafkaSerdesTester] (ForkJoinPool.commonPool-worker-2) None found
2025-09-03 13:55:07,607 INFO  [io.api.tes.ser.api.KafkaSerdesTester] (ForkJoinPool.commonPool-worker-2) None found
2025-09-03 13:55:07,613 INFO  [org.apa.kaf.cli.con.int.ConsumerCoordinator] (ForkJoinPool.commonPool-worker-2) [Consumer clientId=consumer-Consumer-topic-a3786b2c_2272_4831_b029_88c1b9f2c060-17, groupId=Consumer-topic-a3786b2c_2272_4831_b029_88c1b9f2c060] Successfully joined group with generation Generation{generationId=1, memberId='consumer-Consumer-topic-a3786b2c_2272_4831_b029_88c1b9f2c060-17-e573875e-4307-4d5c-9fce-fda3b833eb54', protocol='range'}
2025-09-03 13:55:07,613 INFO  [org.apa.kaf.cli.con.int.ConsumerCoordinator] (ForkJoinPool.commonPool-worker-2) [Consumer clientId=consumer-Consumer-topic-a3786b2c_2272_4831_b029_88c1b9f2c060-17, groupId=Consumer-topic-a3786b2c_2272_4831_b029_88c1b9f2c060] Finished assignment for group at generation 1: {consumer-Consumer-topic-a3786b2c_2272_4831_b029_88c1b9f2c060-17-e573875e-4307-4d5c-9fce-fda3b833eb54=Assignment(partitions=[topic-a3786b2c_2272_4831_b029_88c1b9f2c060-0])}
2025-09-03 13:55:07,620 INFO  [org.apa.kaf.cli.con.int.ConsumerCoordinator] (ForkJoinPool.commonPool-worker-2) [Consumer clientId=consumer-Consumer-topic-a3786b2c_2272_4831_b029_88c1b9f2c060-17, groupId=Consumer-topic-a3786b2c_2272_4831_b029_88c1b9f2c060] Successfully synced group in generation Generation{generationId=1, memberId='consumer-Consumer-topic-a3786b2c_2272_4831_b029_88c1b9f2c060-17-e573875e-4307-4d5c-9fce-fda3b833eb54', protocol='range'}
2025-09-03 13:55:07,620 INFO  [org.apa.kaf.cli.con.int.ConsumerCoordinator] (ForkJoinPool.commonPool-worker-2) [Consumer clientId=consumer-Consumer-topic-a3786b2c_2272_4831_b029_88c1b9f2c060-17, groupId=Consumer-topic-a3786b2c_2272_4831_b029_88c1b9f2c060] Notifying assignor about the new Assignment(partitions=[topic-a3786b2c_2272_4831_b029_88c1b9f2c060-0])
2025-09-03 13:55:07,620 INFO  [org.apa.kaf.cli.con.int.ConsumerRebalanceListenerInvoker] (ForkJoinPool.commonPool-worker-2) [Consumer clientId=consumer-Consumer-topic-a3786b2c_2272_4831_b029_88c1b9f2c060-17, groupId=Consumer-topic-a3786b2c_2272_4831_b029_88c1b9f2c060] Adding newly assigned partitions: topic-a3786b2c_2272_4831_b029_88c1b9f2c060-0
2025-09-03 13:55:07,621 INFO  [org.apa.kaf.cli.con.int.ConsumerCoordinator] (ForkJoinPool.commonPool-worker-2) [Consumer clientId=consumer-Consumer-topic-a3786b2c_2272_4831_b029_88c1b9f2c060-17, groupId=Consumer-topic-a3786b2c_2272_4831_b029_88c1b9f2c060] Found no committed offset for partition topic-a3786b2c_2272_4831_b029_88c1b9f2c060-0
2025-09-03 13:55:07,623 INFO  [org.apa.kaf.cli.con.int.SubscriptionState] (ForkJoinPool.commonPool-worker-2) [Consumer clientId=consumer-Consumer-topic-a3786b2c_2272_4831_b029_88c1b9f2c060-17, groupId=Consumer-topic-a3786b2c_2272_4831_b029_88c1b9f2c060] Resetting offset for partition topic-a3786b2c_2272_4831_b029_88c1b9f2c060-0 to position FetchPosition{offset=0, offsetEpoch=Optional.empty, currentLeader=LeaderAndEpoch{leader=Optional[localhost:32769 (id: 0 rack: null)], epoch=0}}.
2025-09-03 13:55:07,664 INFO  [io.api.tes.ser.api.KafkaSerdesTester] (ForkJoinPool.commonPool-worker-2) topic-a3786b2c_2272_4831_b029_88c1b9f2c060 0 0 {"username": null}
2025-09-03 13:55:07,664 INFO  [io.api.tes.ser.api.KafkaSerdesTester] (ForkJoinPool.commonPool-worker-2) topic-a3786b2c_2272_4831_b029_88c1b9f2c060 0 1 {"username": null}
2025-09-03 13:55:07,664 INFO  [io.api.tes.ser.api.KafkaSerdesTester] (ForkJoinPool.commonPool-worker-2) topic-a3786b2c_2272_4831_b029_88c1b9f2c060 0 2 {"username": "value-2"}
2025-09-03 13:55:07,664 INFO  [io.api.tes.ser.api.KafkaSerdesTester] (ForkJoinPool.commonPool-worker-2) topic-a3786b2c_2272_4831_b029_88c1b9f2c060 0 3 {"username": null}
2025-09-03 13:55:07,664 INFO  [io.api.tes.ser.api.KafkaSerdesTester] (ForkJoinPool.commonPool-worker-2) topic-a3786b2c_2272_4831_b029_88c1b9f2c060 0 4 {"username": "value-4"}
2025-09-03 13:55:07,664 INFO  [io.api.tes.ser.api.KafkaSerdesTester] (ForkJoinPool.commonPool-worker-2) topic-a3786b2c_2272_4831_b029_88c1b9f2c060 0 5 {"username": null}
2025-09-03 13:55:07,664 INFO  [io.api.tes.ser.api.KafkaSerdesTester] (ForkJoinPool.commonPool-worker-2) topic-a3786b2c_2272_4831_b029_88c1b9f2c060 0 6 {"username": "value-6"}
2025-09-03 13:55:07,664 INFO  [io.api.tes.ser.api.KafkaSerdesTester] (ForkJoinPool.commonPool-worker-2) topic-a3786b2c_2272_4831_b029_88c1b9f2c060 0 7 {"username": null}
2025-09-03 13:55:07,664 INFO  [io.api.tes.ser.api.KafkaSerdesTester] (ForkJoinPool.commonPool-worker-2) topic-a3786b2c_2272_4831_b029_88c1b9f2c060 0 8 {"username": "value-8"}
2025-09-03 13:55:07,664 INFO  [io.api.tes.ser.api.KafkaSerdesTester] (ForkJoinPool.commonPool-worker-2) topic-a3786b2c_2272_4831_b029_88c1b9f2c060 0 9 {"username": null}
2025-09-03 13:55:07,664 INFO  [io.api.tes.ser.api.KafkaSerdesTester] (ForkJoinPool.commonPool-worker-2) Consumed 10 messages
2025-09-03 13:55:07,671 INFO  [org.apa.kaf.cli.con.int.ConsumerRebalanceListenerInvoker] (ForkJoinPool.commonPool-worker-2) [Consumer clientId=consumer-Consumer-topic-a3786b2c_2272_4831_b029_88c1b9f2c060-17, groupId=Consumer-topic-a3786b2c_2272_4831_b029_88c1b9f2c060] Revoke previously assigned partitions topic-a3786b2c_2272_4831_b029_88c1b9f2c060-0
2025-09-03 13:55:07,671 INFO  [org.apa.kaf.cli.con.int.ConsumerCoordinator] (ForkJoinPool.commonPool-worker-2) [Consumer clientId=consumer-Consumer-topic-a3786b2c_2272_4831_b029_88c1b9f2c060-17, groupId=Consumer-topic-a3786b2c_2272_4831_b029_88c1b9f2c060] Member consumer-Consumer-topic-a3786b2c_2272_4831_b029_88c1b9f2c060-17-e573875e-4307-4d5c-9fce-fda3b833eb54 sending LeaveGroup request to coordinator localhost:32769 (id: 2147483647 rack: null) due to the consumer is being closed
2025-09-03 13:55:07,671 INFO  [org.apa.kaf.cli.con.int.ConsumerCoordinator] (ForkJoinPool.commonPool-worker-2) [Consumer clientId=consumer-Consumer-topic-a3786b2c_2272_4831_b029_88c1b9f2c060-17, groupId=Consumer-topic-a3786b2c_2272_4831_b029_88c1b9f2c060] Resetting generation and member id due to: consumer pro-actively leaving the group
2025-09-03 13:55:07,671 INFO  [org.apa.kaf.cli.con.int.ConsumerCoordinator] (ForkJoinPool.commonPool-worker-2) [Consumer clientId=consumer-Consumer-topic-a3786b2c_2272_4831_b029_88c1b9f2c060-17, groupId=Consumer-topic-a3786b2c_2272_4831_b029_88c1b9f2c060] Request joining group due to: consumer pro-actively leaving the group
2025-09-03 13:55:08,165 INFO  [org.apa.kaf.com.met.Metrics] (ForkJoinPool.commonPool-worker-2) Metrics scheduler closed
2025-09-03 13:55:08,165 INFO  [org.apa.kaf.com.met.Metrics] (ForkJoinPool.commonPool-worker-2) Closing reporter org.apache.kafka.common.metrics.JmxReporter
2025-09-03 13:55:08,165 INFO  [org.apa.kaf.com.met.Metrics] (ForkJoinPool.commonPool-worker-2) Closing reporter org.apache.kafka.common.telemetry.internals.ClientTelemetryReporter
2025-09-03 13:55:08,165 INFO  [org.apa.kaf.com.met.Metrics] (ForkJoinPool.commonPool-worker-2) Metrics reporters closed
2025-09-03 13:55:08,167 INFO  [org.apa.kaf.com.uti.AppInfoParser] (ForkJoinPool.commonPool-worker-2) App info kafka.consumer for consumer-Consumer-topic-a3786b2c_2272_4831_b029_88c1b9f2c060-17 unregistered
2025-09-03 13:55:08,167 INFO  [io.api.tes.uti.TestSeparator] (main) io.apicurio.tests.serdes.apicurio.AvroSerdeIT.testFirstEmptyFieldConfusedAsMagicByte-FINISHED
2025-09-03 13:55:08,167 INFO  [io.api.tes.uti.TestSeparator] (main) ############################################################################
Test passed: testFirstEmptyFieldConfusedAsMagicByte
]]></system-out>
  </testcase>
  <testcase name="testAvroSerDesFailDifferentSchemaByContent" classname="io.apicurio.tests.serdes.apicurio.AvroSerdeIT" time="1.084">
    <system-out><![CDATA[2025-09-03 13:55:08,168 INFO  [io.api.tes.uti.TestSeparator] (main) ############################################################################
2025-09-03 13:55:08,168 INFO  [io.api.tes.uti.TestSeparator] (main) io.apicurio.tests.serdes.apicurio.AvroSerdeIT.testAvroSerDesFailDifferentSchemaByContent-STARTED
**** Registry Base URL: http://registry-app-inmemory.apps.ci419.apicurio-testing.org:80
2025-09-03 13:55:09,197 INFO  [org.apa.kaf.cli.pro.ProducerConfig] (main) ProducerConfig values: 
	acks = -1
	auto.include.jmx.reporter = true
	batch.size = 16384
	bootstrap.servers = [PLAINTEXT://localhost:32769]
	buffer.memory = 33554432
	client.dns.lookup = use_all_dns_ips
	client.id = Producer-topic-075ac5aa_b7df_479d_b412_1fb1cb2887b8
	compression.gzip.level = -1
	compression.lz4.level = 9
	compression.type = none
	compression.zstd.level = 3
	connections.max.idle.ms = 10000
	delivery.timeout.ms = 120000
	enable.idempotence = true
	enable.metrics.push = true
	interceptor.classes = []
	key.serializer = class org.apache.kafka.common.serialization.StringSerializer
	linger.ms = 0
	max.block.ms = 60000
	max.in.flight.requests.per.connection = 5
	max.request.size = 1048576
	metadata.max.age.ms = 300000
	metadata.max.idle.ms = 300000
	metadata.recovery.strategy = none
	metric.reporters = []
	metrics.num.samples = 2
	metrics.recording.level = INFO
	metrics.sample.window.ms = 30000
	partitioner.adaptive.partitioning.enable = true
	partitioner.availability.timeout.ms = 0
	partitioner.class = null
	partitioner.ignore.keys = false
	receive.buffer.bytes = 32768
	reconnect.backoff.max.ms = 1000
	reconnect.backoff.ms = 50
	request.timeout.ms = 5000
	retries = 2147483647
	retry.backoff.max.ms = 1000
	retry.backoff.ms = 100
	sasl.client.callback.handler.class = null
	sasl.jaas.config = null
	sasl.kerberos.kinit.cmd = /usr/bin/kinit
	sasl.kerberos.min.time.before.relogin = 60000
	sasl.kerberos.service.name = null
	sasl.kerberos.ticket.renew.jitter = 0.05
	sasl.kerberos.ticket.renew.window.factor = 0.8
	sasl.login.callback.handler.class = null
	sasl.login.class = null
	sasl.login.connect.timeout.ms = null
	sasl.login.read.timeout.ms = null
	sasl.login.refresh.buffer.seconds = 300
	sasl.login.refresh.min.period.seconds = 60
	sasl.login.refresh.window.factor = 0.8
	sasl.login.refresh.window.jitter = 0.05
	sasl.login.retry.backoff.max.ms = 10000
	sasl.login.retry.backoff.ms = 100
	sasl.mechanism = GSSAPI
	sasl.oauthbearer.clock.skew.seconds = 30
	sasl.oauthbearer.expected.audience = null
	sasl.oauthbearer.expected.issuer = null
	sasl.oauthbearer.header.urlencode = false
	sasl.oauthbearer.jwks.endpoint.refresh.ms = 3600000
	sasl.oauthbearer.jwks.endpoint.retry.backoff.max.ms = 10000
	sasl.oauthbearer.jwks.endpoint.retry.backoff.ms = 100
	sasl.oauthbearer.jwks.endpoint.url = null
	sasl.oauthbearer.scope.claim.name = scope
	sasl.oauthbearer.sub.claim.name = sub
	sasl.oauthbearer.token.endpoint.url = null
	security.protocol = PLAINTEXT
	security.providers = null
	send.buffer.bytes = 131072
	socket.connection.setup.timeout.max.ms = 30000
	socket.connection.setup.timeout.ms = 10000
	ssl.cipher.suites = null
	ssl.enabled.protocols = [TLSv1.2, TLSv1.3]
	ssl.endpoint.identification.algorithm = https
	ssl.engine.factory.class = null
	ssl.key.password = null
	ssl.keymanager.algorithm = SunX509
	ssl.keystore.certificate.chain = null
	ssl.keystore.key = null
	ssl.keystore.location = null
	ssl.keystore.password = null
	ssl.keystore.type = JKS
	ssl.protocol = TLSv1.3
	ssl.provider = null
	ssl.secure.random.implementation = null
	ssl.trustmanager.algorithm = PKIX
	ssl.truststore.certificates = null
	ssl.truststore.location = null
	ssl.truststore.password = null
	ssl.truststore.type = JKS
	transaction.timeout.ms = 60000
	transactional.id = null
	value.serializer = class io.apicurio.registry.serde.avro.AvroKafkaSerializer

2025-09-03 13:55:09,198 INFO  [org.apa.kaf.com.tel.int.KafkaMetricsCollector] (main) initializing Kafka metrics collector
2025-09-03 13:55:09,200 INFO  [org.apa.kaf.cli.pro.KafkaProducer] (main) [Producer clientId=Producer-topic-075ac5aa_b7df_479d_b412_1fb1cb2887b8] Instantiated an idempotent producer.
2025-09-03 13:55:09,202 INFO  [org.apa.kaf.cli.pro.ProducerConfig] (main) These configurations '[apicurio.registry.url, apicurio.registry.artifact-resolver-strategy]' were supplied but are not used yet.
2025-09-03 13:55:09,202 INFO  [org.apa.kaf.com.uti.AppInfoParser] (main) Kafka version: 3.9.1
2025-09-03 13:55:09,202 INFO  [org.apa.kaf.com.uti.AppInfoParser] (main) Kafka commitId: f745dfdcee2b9851
2025-09-03 13:55:09,202 INFO  [org.apa.kaf.com.uti.AppInfoParser] (main) Kafka startTimeMs: 1756907709202
2025-09-03 13:55:09,202 INFO  [io.api.tes.ser.api.KafkaSerdesTester] (ForkJoinPool.commonPool-worker-2) Sending message {"keyB": "value-0"} to topic topic-075ac5aa_b7df_479d_b412_1fb1cb2887b8
2025-09-03 13:55:09,206 INFO  [org.apa.kaf.cli.Metadata] (kafka-producer-network-thread | Producer-topic-075ac5aa_b7df_479d_b412_1fb1cb2887b8) [Producer clientId=Producer-topic-075ac5aa_b7df_479d_b412_1fb1cb2887b8] Cluster ID: zfwsSXvVT6qhU8UlUF5FTQ
2025-09-03 13:55:09,206 INFO  [org.apa.kaf.cli.pro.int.TransactionManager] (kafka-producer-network-thread | Producer-topic-075ac5aa_b7df_479d_b412_1fb1cb2887b8) [Producer clientId=Producer-topic-075ac5aa_b7df_479d_b412_1fb1cb2887b8] ProducerId set to 24 with epoch 0
2025-09-03 13:55:09,206 INFO  [DefaultSchemaResolver] (ForkJoinPool.commonPool-worker-2) Retrieving schema content using string: {"type":"record","name":"s7a5a4f2axa3cex434bx98e4x90d3b9882e72","namespace":"s20510e6dx1b69x46c9xa396x833916a12fe6","fields":[{"name":"keyB","type":"string"}]}
2025-09-03 13:55:09,250 INFO  [org.apa.kaf.cli.pro.KafkaProducer] (ForkJoinPool.commonPool-worker-2) [Producer clientId=Producer-topic-075ac5aa_b7df_479d_b412_1fb1cb2887b8] Closing the Kafka producer with timeoutMillis = 9223372036854775807 ms.
2025-09-03 13:55:09,251 INFO  [org.apa.kaf.com.met.Metrics] (ForkJoinPool.commonPool-worker-2) Metrics scheduler closed
2025-09-03 13:55:09,251 INFO  [org.apa.kaf.com.met.Metrics] (ForkJoinPool.commonPool-worker-2) Closing reporter org.apache.kafka.common.metrics.JmxReporter
2025-09-03 13:55:09,251 INFO  [org.apa.kaf.com.met.Metrics] (ForkJoinPool.commonPool-worker-2) Closing reporter org.apache.kafka.common.telemetry.internals.ClientTelemetryReporter
2025-09-03 13:55:09,251 INFO  [org.apa.kaf.com.met.Metrics] (ForkJoinPool.commonPool-worker-2) Metrics reporters closed
2025-09-03 13:55:09,252 INFO  [org.apa.kaf.com.uti.AppInfoParser] (ForkJoinPool.commonPool-worker-2) App info kafka.producer for Producer-topic-075ac5aa_b7df_479d_b412_1fb1cb2887b8 unregistered
2025-09-03 13:55:09,252 INFO  [io.api.tes.uti.TestSeparator] (main) io.apicurio.tests.serdes.apicurio.AvroSerdeIT.testAvroSerDesFailDifferentSchemaByContent-FINISHED
2025-09-03 13:55:09,252 INFO  [io.api.tes.uti.TestSeparator] (main) ############################################################################
Test passed: testAvroSerDesFailDifferentSchemaByContent
]]></system-out>
    <system-err><![CDATA[java.lang.RuntimeException: Could not resolve artifact reference by content: {"type":"record","name":"s7a5a4f2axa3cex434bx98e4x90d3b9882e72","namespace":"s20510e6dx1b69x46c9xa396x833916a12fe6","fields":[{"name":"keyB","type":"string"}]}&ArtifactReference [groupId=s20510e6dx1b69x46c9xa396x833916a12fe6, artifactId=s7a5a4f2axa3cex434bx98e4x90d3b9882e72, version=null, globalId=null, contentId=null, contentHash=null]
	at io.apicurio.registry.resolver.DefaultSchemaResolver.lambda$handleResolveSchemaByContent$3(DefaultSchemaResolver.java:265)
	at io.apicurio.registry.resolver.cache.ERCache.lambda$getValue$0(ERCache.java:174)
	at io.apicurio.registry.resolver.cache.ERCache.retry(ERCache.java:227)
	at io.apicurio.registry.resolver.cache.ERCache.getValue(ERCache.java:173)
	at io.apicurio.registry.resolver.cache.ERCache.getByContent(ERCache.java:147)
	at io.apicurio.registry.resolver.DefaultSchemaResolver.handleResolveSchemaByContent(DefaultSchemaResolver.java:253)
	at io.apicurio.registry.resolver.DefaultSchemaResolver.getSchemaFromRegistry(DefaultSchemaResolver.java:138)
	at io.apicurio.registry.resolver.DefaultSchemaResolver.lambda$resolveSchema$0(DefaultSchemaResolver.java:84)
	at java.base/java.util.Optional.orElseGet(Optional.java:364)
	at io.apicurio.registry.resolver.DefaultSchemaResolver.resolveSchema(DefaultSchemaResolver.java:84)
	at io.apicurio.registry.serde.AbstractSerializer.serializeData(AbstractSerializer.java:62)
	at io.apicurio.registry.serde.KafkaSerializer.serialize(KafkaSerializer.java:77)
	at org.apache.kafka.clients.producer.KafkaProducer.doSend(KafkaProducer.java:1046)
	at org.apache.kafka.clients.producer.KafkaProducer.send(KafkaProducer.java:993)
	at org.apache.kafka.clients.producer.KafkaProducer.send(KafkaProducer.java:875)
	at io.apicurio.tests.serdes.apicurio.KafkaSerdesTester.lambda$produceMessages$3(KafkaSerdesTester.java:138)
	at java.base/java.util.concurrent.CompletableFuture$AsyncSupply.run(CompletableFuture.java:1768)
	at java.base/java.util.concurrent.CompletableFuture$AsyncSupply.exec(CompletableFuture.java:1760)
	at java.base/java.util.concurrent.ForkJoinTask.doExec(ForkJoinTask.java:373)
	at java.base/java.util.concurrent.ForkJoinPool$WorkQueue.topLevelExec(ForkJoinPool.java:1182)
	at java.base/java.util.concurrent.ForkJoinPool.scan(ForkJoinPool.java:1655)
	at java.base/java.util.concurrent.ForkJoinPool.runWorker(ForkJoinPool.java:1622)
	at java.base/java.util.concurrent.ForkJoinWorkerThread.run(ForkJoinWorkerThread.java:165)
]]></system-err>
  </testcase>
  <testcase name="testGlobalIdInBody" classname="io.apicurio.tests.serdes.apicurio.AvroSerdeIT" time="3.76">
    <system-out><![CDATA[2025-09-03 13:55:09,253 INFO  [io.api.tes.uti.TestSeparator] (main) ############################################################################
2025-09-03 13:55:09,253 INFO  [io.api.tes.uti.TestSeparator] (main) io.apicurio.tests.serdes.apicurio.AvroSerdeIT.testGlobalIdInBody-STARTED
**** Registry Base URL: http://registry-app-inmemory.apps.ci419.apicurio-testing.org:80
2025-09-03 13:55:09,257 INFO  [org.apa.kaf.cli.pro.ProducerConfig] (main) ProducerConfig values: 
	acks = -1
	auto.include.jmx.reporter = true
	batch.size = 16384
	bootstrap.servers = [PLAINTEXT://localhost:32769]
	buffer.memory = 33554432
	client.dns.lookup = use_all_dns_ips
	client.id = Producer-topic-e3823cad_6df3_4550_bfa4_989bbd33b6ba
	compression.gzip.level = -1
	compression.lz4.level = 9
	compression.type = none
	compression.zstd.level = 3
	connections.max.idle.ms = 10000
	delivery.timeout.ms = 120000
	enable.idempotence = true
	enable.metrics.push = true
	interceptor.classes = []
	key.serializer = class org.apache.kafka.common.serialization.StringSerializer
	linger.ms = 0
	max.block.ms = 60000
	max.in.flight.requests.per.connection = 5
	max.request.size = 1048576
	metadata.max.age.ms = 300000
	metadata.max.idle.ms = 300000
	metadata.recovery.strategy = none
	metric.reporters = []
	metrics.num.samples = 2
	metrics.recording.level = INFO
	metrics.sample.window.ms = 30000
	partitioner.adaptive.partitioning.enable = true
	partitioner.availability.timeout.ms = 0
	partitioner.class = null
	partitioner.ignore.keys = false
	receive.buffer.bytes = 32768
	reconnect.backoff.max.ms = 1000
	reconnect.backoff.ms = 50
	request.timeout.ms = 5000
	retries = 2147483647
	retry.backoff.max.ms = 1000
	retry.backoff.ms = 100
	sasl.client.callback.handler.class = null
	sasl.jaas.config = null
	sasl.kerberos.kinit.cmd = /usr/bin/kinit
	sasl.kerberos.min.time.before.relogin = 60000
	sasl.kerberos.service.name = null
	sasl.kerberos.ticket.renew.jitter = 0.05
	sasl.kerberos.ticket.renew.window.factor = 0.8
	sasl.login.callback.handler.class = null
	sasl.login.class = null
	sasl.login.connect.timeout.ms = null
	sasl.login.read.timeout.ms = null
	sasl.login.refresh.buffer.seconds = 300
	sasl.login.refresh.min.period.seconds = 60
	sasl.login.refresh.window.factor = 0.8
	sasl.login.refresh.window.jitter = 0.05
	sasl.login.retry.backoff.max.ms = 10000
	sasl.login.retry.backoff.ms = 100
	sasl.mechanism = GSSAPI
	sasl.oauthbearer.clock.skew.seconds = 30
	sasl.oauthbearer.expected.audience = null
	sasl.oauthbearer.expected.issuer = null
	sasl.oauthbearer.header.urlencode = false
	sasl.oauthbearer.jwks.endpoint.refresh.ms = 3600000
	sasl.oauthbearer.jwks.endpoint.retry.backoff.max.ms = 10000
	sasl.oauthbearer.jwks.endpoint.retry.backoff.ms = 100
	sasl.oauthbearer.jwks.endpoint.url = null
	sasl.oauthbearer.scope.claim.name = scope
	sasl.oauthbearer.sub.claim.name = sub
	sasl.oauthbearer.token.endpoint.url = null
	security.protocol = PLAINTEXT
	security.providers = null
	send.buffer.bytes = 131072
	socket.connection.setup.timeout.max.ms = 30000
	socket.connection.setup.timeout.ms = 10000
	ssl.cipher.suites = null
	ssl.enabled.protocols = [TLSv1.2, TLSv1.3]
	ssl.endpoint.identification.algorithm = https
	ssl.engine.factory.class = null
	ssl.key.password = null
	ssl.keymanager.algorithm = SunX509
	ssl.keystore.certificate.chain = null
	ssl.keystore.key = null
	ssl.keystore.location = null
	ssl.keystore.password = null
	ssl.keystore.type = JKS
	ssl.protocol = TLSv1.3
	ssl.provider = null
	ssl.secure.random.implementation = null
	ssl.trustmanager.algorithm = PKIX
	ssl.truststore.certificates = null
	ssl.truststore.location = null
	ssl.truststore.password = null
	ssl.truststore.type = JKS
	transaction.timeout.ms = 60000
	transactional.id = null
	value.serializer = class io.apicurio.registry.serde.avro.AvroKafkaSerializer

2025-09-03 13:55:09,257 INFO  [org.apa.kaf.com.tel.int.KafkaMetricsCollector] (main) initializing Kafka metrics collector
2025-09-03 13:55:09,261 INFO  [org.apa.kaf.cli.pro.KafkaProducer] (main) [Producer clientId=Producer-topic-e3823cad_6df3_4550_bfa4_989bbd33b6ba] Instantiated an idempotent producer.
2025-09-03 13:55:09,262 INFO  [org.apa.kaf.cli.pro.ProducerConfig] (main) These configurations '[apicurio.registry.url, apicurio.registry.auto-register, apicurio.registry.use-id, apicurio.registry.artifact-resolver-strategy]' were supplied but are not used yet.
2025-09-03 13:55:09,262 INFO  [org.apa.kaf.com.uti.AppInfoParser] (main) Kafka version: 3.9.1
2025-09-03 13:55:09,262 INFO  [org.apa.kaf.com.uti.AppInfoParser] (main) Kafka commitId: f745dfdcee2b9851
2025-09-03 13:55:09,262 INFO  [org.apa.kaf.com.uti.AppInfoParser] (main) Kafka startTimeMs: 1756907709262
2025-09-03 13:55:09,263 INFO  [io.api.tes.ser.api.SimpleSerdesTesterBuilder$SimpleSerdesTester] (main) Using producer configuration: {apicurio.registry.url=http://registry-app-inmemory.apps.ci419.apicurio-testing.org:80/apis/registry/v3, apicurio.registry.auto-register=true, apicurio.registry.use-id=globalId, apicurio.registry.artifact-resolver-strategy=io.apicurio.registry.serde.strategy.TopicIdStrategy, value.serializer=io.apicurio.registry.serde.avro.AvroKafkaSerializer, request.timeout.ms=5000, acks=all, bootstrap.servers=PLAINTEXT://localhost:32769, connections.max.idle.ms=10000, key.serializer=org.apache.kafka.common.serialization.StringSerializer, client.id=Producer-topic-e3823cad_6df3_4550_bfa4_989bbd33b6ba}
2025-09-03 13:55:09,263 INFO  [io.api.tes.ser.api.SimpleSerdesTesterBuilder$SimpleSerdesTester] (main) Using consumer configuration: {apicurio.registry.use-id=globalId}
2025-09-03 13:55:09,263 INFO  [io.api.tes.ser.api.KafkaSerdesTester] (ForkJoinPool.commonPool-worker-2) Sending message {"key11756907709254": "value-0"} to topic topic-e3823cad_6df3_4550_bfa4_989bbd33b6ba
2025-09-03 13:55:09,266 WARN  [org.apa.kaf.cli.NetworkClient] (kafka-producer-network-thread | Producer-topic-e3823cad_6df3_4550_bfa4_989bbd33b6ba) [Producer clientId=Producer-topic-e3823cad_6df3_4550_bfa4_989bbd33b6ba] The metadata response from the cluster reported a recoverable issue with correlation id 1 : {topic-e3823cad_6df3_4550_bfa4_989bbd33b6ba=UNKNOWN_TOPIC_OR_PARTITION}
2025-09-03 13:55:09,266 INFO  [org.apa.kaf.cli.Metadata] (kafka-producer-network-thread | Producer-topic-e3823cad_6df3_4550_bfa4_989bbd33b6ba) [Producer clientId=Producer-topic-e3823cad_6df3_4550_bfa4_989bbd33b6ba] Cluster ID: zfwsSXvVT6qhU8UlUF5FTQ
2025-09-03 13:55:09,266 INFO  [org.apa.kaf.cli.pro.int.TransactionManager] (kafka-producer-network-thread | Producer-topic-e3823cad_6df3_4550_bfa4_989bbd33b6ba) [Producer clientId=Producer-topic-e3823cad_6df3_4550_bfa4_989bbd33b6ba] ProducerId set to 25 with epoch 0
2025-09-03 13:55:09,415 INFO  [io.api.tes.ser.api.KafkaSerdesTester] (ForkJoinPool.commonPool-worker-2) Sending message {"key11756907709254": "value-1"} to topic topic-e3823cad_6df3_4550_bfa4_989bbd33b6ba
2025-09-03 13:55:09,416 INFO  [io.api.tes.ser.api.KafkaSerdesTester] (ForkJoinPool.commonPool-worker-2) Sending message {"key11756907709254": "value-2"} to topic topic-e3823cad_6df3_4550_bfa4_989bbd33b6ba
2025-09-03 13:55:09,417 INFO  [io.api.tes.ser.api.KafkaSerdesTester] (ForkJoinPool.commonPool-worker-2) Sending message {"key11756907709254": "value-3"} to topic topic-e3823cad_6df3_4550_bfa4_989bbd33b6ba
2025-09-03 13:55:09,418 INFO  [io.api.tes.ser.api.KafkaSerdesTester] (ForkJoinPool.commonPool-worker-2) Sending message {"key11756907709254": "value-4"} to topic topic-e3823cad_6df3_4550_bfa4_989bbd33b6ba
2025-09-03 13:55:09,419 INFO  [io.api.tes.ser.api.KafkaSerdesTester] (ForkJoinPool.commonPool-worker-2) Sending message {"key11756907709254": "value-5"} to topic topic-e3823cad_6df3_4550_bfa4_989bbd33b6ba
2025-09-03 13:55:09,421 INFO  [io.api.tes.ser.api.KafkaSerdesTester] (ForkJoinPool.commonPool-worker-2) Sending message {"key11756907709254": "value-6"} to topic topic-e3823cad_6df3_4550_bfa4_989bbd33b6ba
2025-09-03 13:55:09,422 INFO  [io.api.tes.ser.api.KafkaSerdesTester] (ForkJoinPool.commonPool-worker-2) Sending message {"key11756907709254": "value-7"} to topic topic-e3823cad_6df3_4550_bfa4_989bbd33b6ba
2025-09-03 13:55:09,424 INFO  [io.api.tes.ser.api.KafkaSerdesTester] (ForkJoinPool.commonPool-worker-2) Sending message {"key11756907709254": "value-8"} to topic topic-e3823cad_6df3_4550_bfa4_989bbd33b6ba
2025-09-03 13:55:09,425 INFO  [io.api.tes.ser.api.KafkaSerdesTester] (ForkJoinPool.commonPool-worker-2) Sending message {"key11756907709254": "value-9"} to topic topic-e3823cad_6df3_4550_bfa4_989bbd33b6ba
2025-09-03 13:55:09,426 INFO  [io.api.tes.ser.api.KafkaSerdesTester] (ForkJoinPool.commonPool-worker-2) Produced 10 messages
2025-09-03 13:55:09,426 INFO  [org.apa.kaf.cli.pro.KafkaProducer] (ForkJoinPool.commonPool-worker-2) [Producer clientId=Producer-topic-e3823cad_6df3_4550_bfa4_989bbd33b6ba] Closing the Kafka producer with timeoutMillis = 9223372036854775807 ms.
2025-09-03 13:55:09,429 INFO  [org.apa.kaf.com.met.Metrics] (ForkJoinPool.commonPool-worker-2) Metrics scheduler closed
2025-09-03 13:55:09,429 INFO  [org.apa.kaf.com.met.Metrics] (ForkJoinPool.commonPool-worker-2) Closing reporter org.apache.kafka.common.metrics.JmxReporter
2025-09-03 13:55:09,429 INFO  [org.apa.kaf.com.met.Metrics] (ForkJoinPool.commonPool-worker-2) Closing reporter org.apache.kafka.common.telemetry.internals.ClientTelemetryReporter
2025-09-03 13:55:09,429 INFO  [org.apa.kaf.com.met.Metrics] (ForkJoinPool.commonPool-worker-2) Metrics reporters closed
2025-09-03 13:55:09,429 INFO  [org.apa.kaf.com.uti.AppInfoParser] (ForkJoinPool.commonPool-worker-2) App info kafka.producer for Producer-topic-e3823cad_6df3_4550_bfa4_989bbd33b6ba unregistered
**** Registry Base URL: http://registry-app-inmemory.apps.ci419.apicurio-testing.org:80
2025-09-03 13:55:09,454 INFO  [org.apa.kaf.cli.con.ConsumerConfig] (main) ConsumerConfig values: 
	allow.auto.create.topics = true
	auto.commit.interval.ms = 500
	auto.include.jmx.reporter = true
	auto.offset.reset = earliest
	bootstrap.servers = [PLAINTEXT://localhost:32769]
	check.crcs = true
	client.dns.lookup = use_all_dns_ips
	client.id = consumer-Consumer-topic-e3823cad_6df3_4550_bfa4_989bbd33b6ba-18
	client.rack = 
	connections.max.idle.ms = 10000
	default.api.timeout.ms = 60000
	enable.auto.commit = true
	enable.metrics.push = true
	exclude.internal.topics = true
	fetch.max.bytes = 52428800
	fetch.max.wait.ms = 500
	fetch.min.bytes = 1
	group.id = Consumer-topic-e3823cad_6df3_4550_bfa4_989bbd33b6ba
	group.instance.id = null
	group.protocol = classic
	group.remote.assignor = null
	heartbeat.interval.ms = 3000
	interceptor.classes = []
	internal.leave.group.on.close = true
	internal.throw.on.fetch.stable.offset.unsupported = false
	isolation.level = read_uncommitted
	key.deserializer = class org.apache.kafka.common.serialization.StringDeserializer
	max.partition.fetch.bytes = 1048576
	max.poll.interval.ms = 300000
	max.poll.records = 500
	metadata.max.age.ms = 300000
	metadata.recovery.strategy = none
	metric.reporters = []
	metrics.num.samples = 2
	metrics.recording.level = INFO
	metrics.sample.window.ms = 30000
	partition.assignment.strategy = [class org.apache.kafka.clients.consumer.RangeAssignor, class org.apache.kafka.clients.consumer.CooperativeStickyAssignor]
	receive.buffer.bytes = 65536
	reconnect.backoff.max.ms = 1000
	reconnect.backoff.ms = 50
	request.timeout.ms = 5000
	retry.backoff.max.ms = 1000
	retry.backoff.ms = 100
	sasl.client.callback.handler.class = null
	sasl.jaas.config = null
	sasl.kerberos.kinit.cmd = /usr/bin/kinit
	sasl.kerberos.min.time.before.relogin = 60000
	sasl.kerberos.service.name = null
	sasl.kerberos.ticket.renew.jitter = 0.05
	sasl.kerberos.ticket.renew.window.factor = 0.8
	sasl.login.callback.handler.class = null
	sasl.login.class = null
	sasl.login.connect.timeout.ms = null
	sasl.login.read.timeout.ms = null
	sasl.login.refresh.buffer.seconds = 300
	sasl.login.refresh.min.period.seconds = 60
	sasl.login.refresh.window.factor = 0.8
	sasl.login.refresh.window.jitter = 0.05
	sasl.login.retry.backoff.max.ms = 10000
	sasl.login.retry.backoff.ms = 100
	sasl.mechanism = GSSAPI
	sasl.oauthbearer.clock.skew.seconds = 30
	sasl.oauthbearer.expected.audience = null
	sasl.oauthbearer.expected.issuer = null
	sasl.oauthbearer.header.urlencode = false
	sasl.oauthbearer.jwks.endpoint.refresh.ms = 3600000
	sasl.oauthbearer.jwks.endpoint.retry.backoff.max.ms = 10000
	sasl.oauthbearer.jwks.endpoint.retry.backoff.ms = 100
	sasl.oauthbearer.jwks.endpoint.url = null
	sasl.oauthbearer.scope.claim.name = scope
	sasl.oauthbearer.sub.claim.name = sub
	sasl.oauthbearer.token.endpoint.url = null
	security.protocol = PLAINTEXT
	security.providers = null
	send.buffer.bytes = 131072
	session.timeout.ms = 45000
	socket.connection.setup.timeout.max.ms = 30000
	socket.connection.setup.timeout.ms = 10000
	ssl.cipher.suites = null
	ssl.enabled.protocols = [TLSv1.2, TLSv1.3]
	ssl.endpoint.identification.algorithm = https
	ssl.engine.factory.class = null
	ssl.key.password = null
	ssl.keymanager.algorithm = SunX509
	ssl.keystore.certificate.chain = null
	ssl.keystore.key = null
	ssl.keystore.location = null
	ssl.keystore.password = null
	ssl.keystore.type = JKS
	ssl.protocol = TLSv1.3
	ssl.provider = null
	ssl.secure.random.implementation = null
	ssl.trustmanager.algorithm = PKIX
	ssl.truststore.certificates = null
	ssl.truststore.location = null
	ssl.truststore.password = null
	ssl.truststore.type = JKS
	value.deserializer = class io.apicurio.registry.serde.avro.AvroKafkaDeserializer

2025-09-03 13:55:09,454 INFO  [org.apa.kaf.com.tel.int.KafkaMetricsCollector] (main) initializing Kafka metrics collector
2025-09-03 13:55:09,458 INFO  [org.apa.kaf.cli.con.ConsumerConfig] (main) These configurations '[apicurio.registry.url, apicurio.registry.use-id]' were supplied but are not used yet.
2025-09-03 13:55:09,458 INFO  [org.apa.kaf.com.uti.AppInfoParser] (main) Kafka version: 3.9.1
2025-09-03 13:55:09,458 INFO  [org.apa.kaf.com.uti.AppInfoParser] (main) Kafka commitId: f745dfdcee2b9851
2025-09-03 13:55:09,458 INFO  [org.apa.kaf.com.uti.AppInfoParser] (main) Kafka startTimeMs: 1756907709458
2025-09-03 13:55:09,458 INFO  [org.apa.kaf.cli.con.int.ClassicKafkaConsumer] (ForkJoinPool.commonPool-worker-2) [Consumer clientId=consumer-Consumer-topic-e3823cad_6df3_4550_bfa4_989bbd33b6ba-18, groupId=Consumer-topic-e3823cad_6df3_4550_bfa4_989bbd33b6ba] Subscribed to topic(s): topic-e3823cad_6df3_4550_bfa4_989bbd33b6ba
2025-09-03 13:55:09,461 INFO  [org.apa.kaf.cli.Metadata] (ForkJoinPool.commonPool-worker-2) [Consumer clientId=consumer-Consumer-topic-e3823cad_6df3_4550_bfa4_989bbd33b6ba-18, groupId=Consumer-topic-e3823cad_6df3_4550_bfa4_989bbd33b6ba] Cluster ID: zfwsSXvVT6qhU8UlUF5FTQ
2025-09-03 13:55:09,461 INFO  [org.apa.kaf.cli.con.int.ConsumerCoordinator] (ForkJoinPool.commonPool-worker-2) [Consumer clientId=consumer-Consumer-topic-e3823cad_6df3_4550_bfa4_989bbd33b6ba-18, groupId=Consumer-topic-e3823cad_6df3_4550_bfa4_989bbd33b6ba] Discovered group coordinator localhost:32769 (id: 2147483647 rack: null)
2025-09-03 13:55:09,462 INFO  [org.apa.kaf.cli.con.int.ConsumerCoordinator] (ForkJoinPool.commonPool-worker-2) [Consumer clientId=consumer-Consumer-topic-e3823cad_6df3_4550_bfa4_989bbd33b6ba-18, groupId=Consumer-topic-e3823cad_6df3_4550_bfa4_989bbd33b6ba] (Re-)joining group
2025-09-03 13:55:09,464 INFO  [org.apa.kaf.cli.con.int.ConsumerCoordinator] (ForkJoinPool.commonPool-worker-2) [Consumer clientId=consumer-Consumer-topic-e3823cad_6df3_4550_bfa4_989bbd33b6ba-18, groupId=Consumer-topic-e3823cad_6df3_4550_bfa4_989bbd33b6ba] Request joining group due to: need to re-join with the given member-id: consumer-Consumer-topic-e3823cad_6df3_4550_bfa4_989bbd33b6ba-18-8730ae24-e05a-4904-a6c5-ddc7063ade44
2025-09-03 13:55:09,464 INFO  [org.apa.kaf.cli.con.int.ConsumerCoordinator] (ForkJoinPool.commonPool-worker-2) [Consumer clientId=consumer-Consumer-topic-e3823cad_6df3_4550_bfa4_989bbd33b6ba-18, groupId=Consumer-topic-e3823cad_6df3_4550_bfa4_989bbd33b6ba] (Re-)joining group
2025-09-03 13:55:10,458 INFO  [io.api.tes.ser.api.KafkaSerdesTester] (ForkJoinPool.commonPool-worker-2) None found
2025-09-03 13:55:11,458 INFO  [io.api.tes.ser.api.KafkaSerdesTester] (ForkJoinPool.commonPool-worker-2) None found
2025-09-03 13:55:12,459 INFO  [io.api.tes.ser.api.KafkaSerdesTester] (ForkJoinPool.commonPool-worker-2) None found
2025-09-03 13:55:12,465 INFO  [org.apa.kaf.cli.con.int.ConsumerCoordinator] (ForkJoinPool.commonPool-worker-2) [Consumer clientId=consumer-Consumer-topic-e3823cad_6df3_4550_bfa4_989bbd33b6ba-18, groupId=Consumer-topic-e3823cad_6df3_4550_bfa4_989bbd33b6ba] Successfully joined group with generation Generation{generationId=1, memberId='consumer-Consumer-topic-e3823cad_6df3_4550_bfa4_989bbd33b6ba-18-8730ae24-e05a-4904-a6c5-ddc7063ade44', protocol='range'}
2025-09-03 13:55:12,465 INFO  [org.apa.kaf.cli.con.int.ConsumerCoordinator] (ForkJoinPool.commonPool-worker-2) [Consumer clientId=consumer-Consumer-topic-e3823cad_6df3_4550_bfa4_989bbd33b6ba-18, groupId=Consumer-topic-e3823cad_6df3_4550_bfa4_989bbd33b6ba] Finished assignment for group at generation 1: {consumer-Consumer-topic-e3823cad_6df3_4550_bfa4_989bbd33b6ba-18-8730ae24-e05a-4904-a6c5-ddc7063ade44=Assignment(partitions=[topic-e3823cad_6df3_4550_bfa4_989bbd33b6ba-0])}
2025-09-03 13:55:12,472 INFO  [org.apa.kaf.cli.con.int.ConsumerCoordinator] (ForkJoinPool.commonPool-worker-2) [Consumer clientId=consumer-Consumer-topic-e3823cad_6df3_4550_bfa4_989bbd33b6ba-18, groupId=Consumer-topic-e3823cad_6df3_4550_bfa4_989bbd33b6ba] Successfully synced group in generation Generation{generationId=1, memberId='consumer-Consumer-topic-e3823cad_6df3_4550_bfa4_989bbd33b6ba-18-8730ae24-e05a-4904-a6c5-ddc7063ade44', protocol='range'}
2025-09-03 13:55:12,472 INFO  [org.apa.kaf.cli.con.int.ConsumerCoordinator] (ForkJoinPool.commonPool-worker-2) [Consumer clientId=consumer-Consumer-topic-e3823cad_6df3_4550_bfa4_989bbd33b6ba-18, groupId=Consumer-topic-e3823cad_6df3_4550_bfa4_989bbd33b6ba] Notifying assignor about the new Assignment(partitions=[topic-e3823cad_6df3_4550_bfa4_989bbd33b6ba-0])
2025-09-03 13:55:12,472 INFO  [org.apa.kaf.cli.con.int.ConsumerRebalanceListenerInvoker] (ForkJoinPool.commonPool-worker-2) [Consumer clientId=consumer-Consumer-topic-e3823cad_6df3_4550_bfa4_989bbd33b6ba-18, groupId=Consumer-topic-e3823cad_6df3_4550_bfa4_989bbd33b6ba] Adding newly assigned partitions: topic-e3823cad_6df3_4550_bfa4_989bbd33b6ba-0
2025-09-03 13:55:12,472 INFO  [org.apa.kaf.cli.con.int.ConsumerCoordinator] (ForkJoinPool.commonPool-worker-2) [Consumer clientId=consumer-Consumer-topic-e3823cad_6df3_4550_bfa4_989bbd33b6ba-18, groupId=Consumer-topic-e3823cad_6df3_4550_bfa4_989bbd33b6ba] Found no committed offset for partition topic-e3823cad_6df3_4550_bfa4_989bbd33b6ba-0
2025-09-03 13:55:12,475 INFO  [org.apa.kaf.cli.con.int.SubscriptionState] (ForkJoinPool.commonPool-worker-2) [Consumer clientId=consumer-Consumer-topic-e3823cad_6df3_4550_bfa4_989bbd33b6ba-18, groupId=Consumer-topic-e3823cad_6df3_4550_bfa4_989bbd33b6ba] Resetting offset for partition topic-e3823cad_6df3_4550_bfa4_989bbd33b6ba-0 to position FetchPosition{offset=0, offsetEpoch=Optional.empty, currentLeader=LeaderAndEpoch{leader=Optional[localhost:32769 (id: 0 rack: null)], epoch=0}}.
2025-09-03 13:55:12,510 INFO  [io.api.tes.ser.api.KafkaSerdesTester] (ForkJoinPool.commonPool-worker-2) topic-e3823cad_6df3_4550_bfa4_989bbd33b6ba 0 0 {"key11756907709254": "value-0"}
2025-09-03 13:55:12,510 INFO  [io.api.tes.ser.api.KafkaSerdesTester] (ForkJoinPool.commonPool-worker-2) topic-e3823cad_6df3_4550_bfa4_989bbd33b6ba 0 1 {"key11756907709254": "value-1"}
2025-09-03 13:55:12,510 INFO  [io.api.tes.ser.api.KafkaSerdesTester] (ForkJoinPool.commonPool-worker-2) topic-e3823cad_6df3_4550_bfa4_989bbd33b6ba 0 2 {"key11756907709254": "value-2"}
2025-09-03 13:55:12,510 INFO  [io.api.tes.ser.api.KafkaSerdesTester] (ForkJoinPool.commonPool-worker-2) topic-e3823cad_6df3_4550_bfa4_989bbd33b6ba 0 3 {"key11756907709254": "value-3"}
2025-09-03 13:55:12,510 INFO  [io.api.tes.ser.api.KafkaSerdesTester] (ForkJoinPool.commonPool-worker-2) topic-e3823cad_6df3_4550_bfa4_989bbd33b6ba 0 4 {"key11756907709254": "value-4"}
2025-09-03 13:55:12,510 INFO  [io.api.tes.ser.api.KafkaSerdesTester] (ForkJoinPool.commonPool-worker-2) topic-e3823cad_6df3_4550_bfa4_989bbd33b6ba 0 5 {"key11756907709254": "value-5"}
2025-09-03 13:55:12,510 INFO  [io.api.tes.ser.api.KafkaSerdesTester] (ForkJoinPool.commonPool-worker-2) topic-e3823cad_6df3_4550_bfa4_989bbd33b6ba 0 6 {"key11756907709254": "value-6"}
2025-09-03 13:55:12,510 INFO  [io.api.tes.ser.api.KafkaSerdesTester] (ForkJoinPool.commonPool-worker-2) topic-e3823cad_6df3_4550_bfa4_989bbd33b6ba 0 7 {"key11756907709254": "value-7"}
2025-09-03 13:55:12,510 INFO  [io.api.tes.ser.api.KafkaSerdesTester] (ForkJoinPool.commonPool-worker-2) topic-e3823cad_6df3_4550_bfa4_989bbd33b6ba 0 8 {"key11756907709254": "value-8"}
2025-09-03 13:55:12,510 INFO  [io.api.tes.ser.api.KafkaSerdesTester] (ForkJoinPool.commonPool-worker-2) topic-e3823cad_6df3_4550_bfa4_989bbd33b6ba 0 9 {"key11756907709254": "value-9"}
2025-09-03 13:55:12,510 INFO  [io.api.tes.ser.api.KafkaSerdesTester] (ForkJoinPool.commonPool-worker-2) Consumed 10 messages
2025-09-03 13:55:12,517 INFO  [org.apa.kaf.cli.con.int.ConsumerRebalanceListenerInvoker] (ForkJoinPool.commonPool-worker-2) [Consumer clientId=consumer-Consumer-topic-e3823cad_6df3_4550_bfa4_989bbd33b6ba-18, groupId=Consumer-topic-e3823cad_6df3_4550_bfa4_989bbd33b6ba] Revoke previously assigned partitions topic-e3823cad_6df3_4550_bfa4_989bbd33b6ba-0
2025-09-03 13:55:12,517 INFO  [org.apa.kaf.cli.con.int.ConsumerCoordinator] (ForkJoinPool.commonPool-worker-2) [Consumer clientId=consumer-Consumer-topic-e3823cad_6df3_4550_bfa4_989bbd33b6ba-18, groupId=Consumer-topic-e3823cad_6df3_4550_bfa4_989bbd33b6ba] Member consumer-Consumer-topic-e3823cad_6df3_4550_bfa4_989bbd33b6ba-18-8730ae24-e05a-4904-a6c5-ddc7063ade44 sending LeaveGroup request to coordinator localhost:32769 (id: 2147483647 rack: null) due to the consumer is being closed
2025-09-03 13:55:12,517 INFO  [org.apa.kaf.cli.con.int.ConsumerCoordinator] (ForkJoinPool.commonPool-worker-2) [Consumer clientId=consumer-Consumer-topic-e3823cad_6df3_4550_bfa4_989bbd33b6ba-18, groupId=Consumer-topic-e3823cad_6df3_4550_bfa4_989bbd33b6ba] Resetting generation and member id due to: consumer pro-actively leaving the group
2025-09-03 13:55:12,517 INFO  [org.apa.kaf.cli.con.int.ConsumerCoordinator] (ForkJoinPool.commonPool-worker-2) [Consumer clientId=consumer-Consumer-topic-e3823cad_6df3_4550_bfa4_989bbd33b6ba-18, groupId=Consumer-topic-e3823cad_6df3_4550_bfa4_989bbd33b6ba] Request joining group due to: consumer pro-actively leaving the group
2025-09-03 13:55:13,012 INFO  [org.apa.kaf.com.met.Metrics] (ForkJoinPool.commonPool-worker-2) Metrics scheduler closed
2025-09-03 13:55:13,012 INFO  [org.apa.kaf.com.met.Metrics] (ForkJoinPool.commonPool-worker-2) Closing reporter org.apache.kafka.common.metrics.JmxReporter
2025-09-03 13:55:13,012 INFO  [org.apa.kaf.com.met.Metrics] (ForkJoinPool.commonPool-worker-2) Closing reporter org.apache.kafka.common.telemetry.internals.ClientTelemetryReporter
2025-09-03 13:55:13,012 INFO  [org.apa.kaf.com.met.Metrics] (ForkJoinPool.commonPool-worker-2) Metrics reporters closed
2025-09-03 13:55:13,013 INFO  [org.apa.kaf.com.uti.AppInfoParser] (ForkJoinPool.commonPool-worker-2) App info kafka.consumer for consumer-Consumer-topic-e3823cad_6df3_4550_bfa4_989bbd33b6ba-18 unregistered
2025-09-03 13:55:13,013 INFO  [io.api.tes.uti.TestSeparator] (main) io.apicurio.tests.serdes.apicurio.AvroSerdeIT.testGlobalIdInBody-FINISHED
2025-09-03 13:55:13,013 INFO  [io.api.tes.uti.TestSeparator] (main) ############################################################################
Test passed: testGlobalIdInBody
]]></system-out>
  </testcase>
  <testcase name="testProducerUsesGlobalIdConsumerUsesDefault" classname="io.apicurio.tests.serdes.apicurio.AvroSerdeIT" time="0.0">
    <skipped message="void io.apicurio.tests.serdes.apicurio.AvroSerdeIT.testProducerUsesGlobalIdConsumerUsesDefault() throws java.lang.Exception is @Disabled"/>
  </testcase>
</testsuite>