<?xml version="1.0" encoding="UTF-8"?>
<testsuite xmlns:xsi="http://www.w3.org/2001/XMLSchema-instance" xsi:noNamespaceSchemaLocation="https://maven.apache.org/surefire/maven-failsafe-plugin/xsd/failsafe-test-report.xsd" version="3.0.2" name="io.apicurio.tests.serdes.apicurio.AvroSerdeIT" time="99.401" tests="21" errors="0" skipped="2" failures="0">
  <properties>
    <property name="java.specification.version" value="17"/>
    <property name="sun.jnu.encoding" value="UTF-8"/>
    <property name="java.class.path" value="/home/runner/work/apicurio-testing/apicurio-testing/clusters/ci419/namespaces/mysql/tests/integration/apicurio-registry/integration-tests/target/test-classes:/home/runner/work/apicurio-testing/apicurio-testing/clusters/ci419/namespaces/mysql/tests/integration/apicurio-registry/integration-tests/target/apicurio-registry-integration-tests-3.0.15.jar:/home/runner/.m2/repository/io/quarkus/quarkus-junit5/3.20.2/quarkus-junit5-3.20.2.jar:/home/runner/.m2/repository/io/quarkus/quarkus-bootstrap-core/3.20.2/quarkus-bootstrap-core-3.20.2.jar:/home/runner/.m2/repository/io/quarkus/quarkus-classloader-commons/3.20.2/quarkus-classloader-commons-3.20.2.jar:/home/runner/.m2/repository/io/quarkus/quarkus-bootstrap-app-model/3.20.2/quarkus-bootstrap-app-model-3.20.2.jar:/home/runner/.m2/repository/io/smallrye/common/smallrye-common-io/2.12.0/smallrye-common-io-2.12.0.jar:/home/runner/.m2/repository/org/eclipse/sisu/org.eclipse.sisu.inject/0.9.0.M3/org.eclipse.sisu.inject-0.9.0.M3.jar:/home/runner/.m2/repository/io/quarkus/quarkus-test-common/3.20.2/quarkus-test-common-3.20.2.jar:/home/runner/.m2/repository/io/quarkus/quarkus-core-deployment/3.20.2/quarkus-core-deployment-3.20.2.jar:/home/runner/.m2/repository/org/aesh/readline/2.6/readline-2.6.jar:/home/runner/.m2/repository/org/fusesource/jansi/jansi/2.4.0/jansi-2.4.0.jar:/home/runner/.m2/repository/org/aesh/aesh/2.8.2/aesh-2.8.2.jar:/home/runner/.m2/repository/io/quarkus/gizmo/gizmo/1.8.0/gizmo-1.8.0.jar:/home/runner/.m2/repository/org/ow2/asm/asm-util/9.7.1/asm-util-9.7.1.jar:/home/runner/.m2/repository/org/ow2/asm/asm-analysis/9.7.1/asm-analysis-9.7.1.jar:/home/runner/.m2/repository/org/ow2/asm/asm-commons/9.7.1/asm-commons-9.7.1.jar:/home/runner/.m2/repository/org/ow2/asm/asm-tree/9.7.1/asm-tree-9.7.1.jar:/home/runner/.m2/repository/io/quarkus/quarkus-hibernate-validator-spi/3.20.2/quarkus-hibernate-validator-spi-3.20.2.jar:/home/runner/.m2/repository/io/quarkus/quarkus-class-change-agent/3.20.2/quarkus-class-change-agent-3.20.2.jar:/home/runner/.m2/repository/io/quarkus/quarkus-devtools-utilities/3.20.2/quarkus-devtools-utilities-3.20.2.jar:/home/runner/.m2/repository/io/quarkus/quarkus-builder/3.20.2/quarkus-builder-3.20.2.jar:/home/runner/.m2/repository/org/graalvm/sdk/nativeimage/23.1.2/nativeimage-23.1.2.jar:/home/runner/.m2/repository/org/graalvm/sdk/word/23.1.2/word-23.1.2.jar:/home/runner/.m2/repository/io/quarkus/quarkus-bootstrap-maven-resolver/3.20.2/quarkus-bootstrap-maven-resolver-3.20.2.jar:/home/runner/.m2/repository/io/smallrye/beanbag/smallrye-beanbag-maven/1.5.2/smallrye-beanbag-maven-1.5.2.jar:/home/runner/.m2/repository/io/smallrye/beanbag/smallrye-beanbag-sisu/1.5.2/smallrye-beanbag-sisu-1.5.2.jar:/home/runner/.m2/repository/io/smallrye/beanbag/smallrye-beanbag/1.5.2/smallrye-beanbag-1.5.2.jar:/home/runner/.m2/repository/javax/inject/javax.inject/1/javax.inject-1.jar:/home/runner/.m2/repository/org/apache/maven/maven-artifact/3.9.9/maven-artifact-3.9.9.jar:/home/runner/.m2/repository/org/apache/maven/maven-builder-support/3.9.9/maven-builder-support-3.9.9.jar:/home/runner/.m2/repository/org/apache/maven/maven-model/3.9.9/maven-model-3.9.9.jar:/home/runner/.m2/repository/org/apache/maven/maven-model-builder/3.9.9/maven-model-builder-3.9.9.jar:/home/runner/.m2/repository/org/apache/maven/maven-repository-metadata/3.9.9/maven-repository-metadata-3.9.9.jar:/home/runner/.m2/repository/org/apache/maven/maven-settings/3.9.9/maven-settings-3.9.9.jar:/home/runner/.m2/repository/org/apache/maven/resolver/maven-resolver-api/1.9.22/maven-resolver-api-1.9.22.jar:/home/runner/.m2/repository/org/apache/maven/resolver/maven-resolver-impl/1.9.22/maven-resolver-impl-1.9.22.jar:/home/runner/.m2/repository/org/apache/maven/resolver/maven-resolver-named-locks/1.9.22/maven-resolver-named-locks-1.9.22.jar:/home/runner/.m2/repository/org/apache/maven/resolver/maven-resolver-spi/1.9.22/maven-resolver-spi-1.9.22.jar:/home/runner/.m2/repository/org/apache/maven/resolver/maven-resolver-util/1.9.22/maven-resolver-util-1.9.22.jar:/home/runner/.m2/repository/org/apache/maven/resolver/maven-resolver-transport-http/1.9.20/maven-resolver-transport-http-1.9.20.jar:/home/runner/.m2/repository/org/apache/maven/wagon/wagon-provider-api/3.5.3/wagon-provider-api-3.5.3.jar:/home/runner/.m2/repository/org/apache/maven/wagon/wagon-http-shared/3.5.3/wagon-http-shared-3.5.3.jar:/home/runner/.m2/repository/org/codehaus/plexus/plexus-interpolation/1.26/plexus-interpolation-1.26.jar:/home/runner/.m2/repository/org/codehaus/plexus/plexus-utils/3.5.1/plexus-utils-3.5.1.jar:/home/runner/.m2/repository/org/codehaus/plexus/plexus-xml/4.0.1/plexus-xml-4.0.1.jar:/home/runner/.m2/repository/org/apache/maven/maven-xml-impl/4.0.0-alpha-5/maven-xml-impl-4.0.0-alpha-5.jar:/home/runner/.m2/repository/org/apache/maven/maven-api-xml/4.0.0-alpha-5/maven-api-xml-4.0.0-alpha-5.jar:/home/runner/.m2/repository/org/apache/maven/maven-api-meta/4.0.0-alpha-5/maven-api-meta-4.0.0-alpha-5.jar:/home/runner/.m2/repository/org/codehaus/plexus/plexus-cipher/2.0/plexus-cipher-2.0.jar:/home/runner/.m2/repository/org/codehaus/plexus/plexus-sec-dispatcher/2.0/plexus-sec-dispatcher-2.0.jar:/home/runner/.m2/repository/org/apache/maven/maven-embedder/3.9.9/maven-embedder-3.9.9.jar:/home/runner/.m2/repository/org/apache/maven/maven-core/3.9.9/maven-core-3.9.9.jar:/home/runner/.m2/repository/org/codehaus/plexus/plexus-component-annotations/2.1.0/plexus-component-annotations-2.1.0.jar:/home/runner/.m2/repository/org/apache/maven/maven-plugin-api/3.9.9/maven-plugin-api-3.9.9.jar:/home/runner/.m2/repository/org/apache/maven/shared/maven-shared-utils/3.4.2/maven-shared-utils-3.4.2.jar:/home/runner/.m2/repository/com/google/inject/guice/5.1.0/guice-5.1.0.jar:/home/runner/.m2/repository/aopalliance/aopalliance/1.0/aopalliance-1.0.jar:/home/runner/.m2/repository/org/codehaus/plexus/plexus-classworlds/2.6.0/plexus-classworlds-2.6.0.jar:/home/runner/.m2/repository/commons-cli/commons-cli/1.8.0/commons-cli-1.8.0.jar:/home/runner/.m2/repository/org/eclipse/sisu/org.eclipse.sisu.plexus/0.9.0.M3/org.eclipse.sisu.plexus-0.9.0.M3.jar:/home/runner/.m2/repository/org/apache/maven/maven-settings-builder/3.9.9/maven-settings-builder-3.9.9.jar:/home/runner/.m2/repository/org/apache/maven/maven-resolver-provider/3.9.9/maven-resolver-provider-3.9.9.jar:/home/runner/.m2/repository/org/apache/maven/resolver/maven-resolver-connector-basic/1.9.22/maven-resolver-connector-basic-1.9.22.jar:/home/runner/.m2/repository/org/apache/maven/resolver/maven-resolver-transport-wagon/1.9.22/maven-resolver-transport-wagon-1.9.22.jar:/home/runner/.m2/repository/org/apache/maven/wagon/wagon-http/3.5.3/wagon-http-3.5.3.jar:/home/runner/.m2/repository/org/apache/maven/wagon/wagon-file/3.5.3/wagon-file-3.5.3.jar:/home/runner/.m2/repository/io/quarkus/quarkus-bootstrap-gradle-resolver/3.20.2/quarkus-bootstrap-gradle-resolver-3.20.2.jar:/home/runner/.m2/repository/io/smallrye/jandex/3.3.0/jandex-3.3.0.jar:/home/runner/.m2/repository/org/jboss/logging/commons-logging-jboss-logging/1.0.0.Final/commons-logging-jboss-logging-1.0.0.Final.jar:/home/runner/.m2/repository/io/quarkus/quarkus-junit5-config/3.20.2/quarkus-junit5-config-3.20.2.jar:/home/runner/.m2/repository/org/junit/jupiter/junit-jupiter-api/5.12.1/junit-jupiter-api-5.12.1.jar:/home/runner/.m2/repository/io/smallrye/config/smallrye-config/3.11.4/smallrye-config-3.11.4.jar:/home/runner/.m2/repository/io/smallrye/config/smallrye-config-core/3.11.4/smallrye-config-core-3.11.4.jar:/home/runner/.m2/repository/io/smallrye/common/smallrye-common-classloader/2.12.0/smallrye-common-classloader-2.12.0.jar:/home/runner/.m2/repository/io/smallrye/config/smallrye-config-common/3.11.4/smallrye-config-common-3.11.4.jar:/home/runner/.m2/repository/org/junit/jupiter/junit-jupiter/5.12.1/junit-jupiter-5.12.1.jar:/home/runner/.m2/repository/org/junit/jupiter/junit-jupiter-params/5.12.1/junit-jupiter-params-5.12.1.jar:/home/runner/.m2/repository/org/junit/jupiter/junit-jupiter-engine/5.12.1/junit-jupiter-engine-5.12.1.jar:/home/runner/.m2/repository/io/quarkus/quarkus-core/3.20.2/quarkus-core-3.20.2.jar:/home/runner/.m2/repository/jakarta/enterprise/jakarta.enterprise.cdi-api/4.1.0/jakarta.enterprise.cdi-api-4.1.0.jar:/home/runner/.m2/repository/jakarta/enterprise/jakarta.enterprise.lang-model/4.1.0/jakarta.enterprise.lang-model-4.1.0.jar:/home/runner/.m2/repository/jakarta/el/jakarta.el-api/5.0.1/jakarta.el-api-5.0.1.jar:/home/runner/.m2/repository/jakarta/interceptor/jakarta.interceptor-api/2.2.0/jakarta.interceptor-api-2.2.0.jar:/home/runner/.m2/repository/jakarta/inject/jakarta.inject-api/2.0.1/jakarta.inject-api-2.0.1.jar:/home/runner/.m2/repository/io/smallrye/common/smallrye-common-os/2.12.0/smallrye-common-os-2.12.0.jar:/home/runner/.m2/repository/io/quarkus/quarkus-ide-launcher/3.20.2/quarkus-ide-launcher-3.20.2.jar:/home/runner/.m2/repository/io/quarkus/quarkus-development-mode-spi/3.20.2/quarkus-development-mode-spi-3.20.2.jar:/home/runner/.m2/repository/org/jboss/logging/jboss-logging/3.6.1.Final/jboss-logging-3.6.1.Final.jar:/home/runner/.m2/repository/org/jboss/logmanager/jboss-logmanager/3.1.2.Final/jboss-logmanager-3.1.2.Final.jar:/home/runner/.m2/repository/io/smallrye/common/smallrye-common-constraint/2.12.0/smallrye-common-constraint-2.12.0.jar:/home/runner/.m2/repository/io/smallrye/common/smallrye-common-cpu/2.12.0/smallrye-common-cpu-2.12.0.jar:/home/runner/.m2/repository/io/smallrye/common/smallrye-common-expression/2.12.0/smallrye-common-expression-2.12.0.jar:/home/runner/.m2/repository/io/smallrye/common/smallrye-common-net/2.12.0/smallrye-common-net-2.12.0.jar:/home/runner/.m2/repository/io/smallrye/common/smallrye-common-ref/2.12.0/smallrye-common-ref-2.12.0.jar:/home/runner/.m2/repository/jakarta/json/jakarta.json-api/2.1.3/jakarta.json-api-2.1.3.jar:/home/runner/.m2/repository/org/eclipse/parsson/parsson/1.1.7/parsson-1.1.7.jar:/home/runner/.m2/repository/org/jboss/logging/jboss-logging-annotations/3.0.4.Final/jboss-logging-annotations-3.0.4.Final.jar:/home/runner/.m2/repository/org/jboss/threads/jboss-threads/3.8.0.Final/jboss-threads-3.8.0.Final.jar:/home/runner/.m2/repository/io/smallrye/common/smallrye-common-annotation/2.12.0/smallrye-common-annotation-2.12.0.jar:/home/runner/.m2/repository/io/smallrye/common/smallrye-common-function/2.12.0/smallrye-common-function-2.12.0.jar:/home/runner/.m2/repository/org/jboss/slf4j/slf4j-jboss-logmanager/2.0.0.Final/slf4j-jboss-logmanager-2.0.0.Final.jar:/home/runner/.m2/repository/org/wildfly/common/wildfly-common/2.0.1/wildfly-common-2.0.1.jar:/home/runner/.m2/repository/io/quarkus/quarkus-bootstrap-runner/3.20.2/quarkus-bootstrap-runner-3.20.2.jar:/home/runner/.m2/repository/io/github/crac/org-crac/0.1.3/org-crac-0.1.3.jar:/home/runner/.m2/repository/io/quarkus/quarkus-fs-util/0.0.10/quarkus-fs-util-0.0.10.jar:/home/runner/.m2/repository/org/jboss/marshalling/jboss-marshalling/2.2.2.Final/jboss-marshalling-2.2.2.Final.jar:/home/runner/.m2/repository/io/fabric8/kubernetes-client/7.1.0/kubernetes-client-7.1.0.jar:/home/runner/.m2/repository/io/fabric8/kubernetes-client-api/7.1.0/kubernetes-client-api-7.1.0.jar:/home/runner/.m2/repository/io/fabric8/kubernetes-model-core/7.1.0/kubernetes-model-core-7.1.0.jar:/home/runner/.m2/repository/io/fabric8/kubernetes-model-common/7.1.0/kubernetes-model-common-7.1.0.jar:/home/runner/.m2/repository/javax/annotation/javax.annotation-api/1.3.2/javax.annotation-api-1.3.2.jar:/home/runner/.m2/repository/io/fabric8/kubernetes-model-gatewayapi/7.1.0/kubernetes-model-gatewayapi-7.1.0.jar:/home/runner/.m2/repository/io/fabric8/kubernetes-model-resource/7.1.0/kubernetes-model-resource-7.1.0.jar:/home/runner/.m2/repository/io/fabric8/kubernetes-model-rbac/7.1.0/kubernetes-model-rbac-7.1.0.jar:/home/runner/.m2/repository/io/fabric8/kubernetes-model-admissionregistration/7.1.0/kubernetes-model-admissionregistration-7.1.0.jar:/home/runner/.m2/repository/io/fabric8/kubernetes-model-apps/7.1.0/kubernetes-model-apps-7.1.0.jar:/home/runner/.m2/repository/io/fabric8/kubernetes-model-autoscaling/7.1.0/kubernetes-model-autoscaling-7.1.0.jar:/home/runner/.m2/repository/io/fabric8/kubernetes-model-apiextensions/7.1.0/kubernetes-model-apiextensions-7.1.0.jar:/home/runner/.m2/repository/io/fabric8/kubernetes-model-batch/7.1.0/kubernetes-model-batch-7.1.0.jar:/home/runner/.m2/repository/io/fabric8/kubernetes-model-certificates/7.1.0/kubernetes-model-certificates-7.1.0.jar:/home/runner/.m2/repository/io/fabric8/kubernetes-model-coordination/7.1.0/kubernetes-model-coordination-7.1.0.jar:/home/runner/.m2/repository/io/fabric8/kubernetes-model-discovery/7.1.0/kubernetes-model-discovery-7.1.0.jar:/home/runner/.m2/repository/io/fabric8/kubernetes-model-events/7.1.0/kubernetes-model-events-7.1.0.jar:/home/runner/.m2/repository/io/fabric8/kubernetes-model-extensions/7.1.0/kubernetes-model-extensions-7.1.0.jar:/home/runner/.m2/repository/io/fabric8/kubernetes-model-flowcontrol/7.1.0/kubernetes-model-flowcontrol-7.1.0.jar:/home/runner/.m2/repository/io/fabric8/kubernetes-model-networking/7.1.0/kubernetes-model-networking-7.1.0.jar:/home/runner/.m2/repository/io/fabric8/kubernetes-model-metrics/7.1.0/kubernetes-model-metrics-7.1.0.jar:/home/runner/.m2/repository/io/fabric8/kubernetes-model-policy/7.1.0/kubernetes-model-policy-7.1.0.jar:/home/runner/.m2/repository/io/fabric8/kubernetes-model-scheduling/7.1.0/kubernetes-model-scheduling-7.1.0.jar:/home/runner/.m2/repository/io/fabric8/kubernetes-model-storageclass/7.1.0/kubernetes-model-storageclass-7.1.0.jar:/home/runner/.m2/repository/io/fabric8/kubernetes-model-node/7.1.0/kubernetes-model-node-7.1.0.jar:/home/runner/.m2/repository/org/snakeyaml/snakeyaml-engine/2.9/snakeyaml-engine-2.9.jar:/home/runner/.m2/repository/com/fasterxml/jackson/dataformat/jackson-dataformat-yaml/2.18.2/jackson-dataformat-yaml-2.18.2.jar:/home/runner/.m2/repository/com/fasterxml/jackson/datatype/jackson-datatype-jsr310/2.18.2/jackson-datatype-jsr310-2.18.2.jar:/home/runner/.m2/repository/io/fabric8/zjsonpatch/7.1.0/zjsonpatch-7.1.0.jar:/home/runner/.m2/repository/io/fabric8/kubernetes-httpclient-vertx/7.1.0/kubernetes-httpclient-vertx-7.1.0.jar:/home/runner/.m2/repository/io/vertx/vertx-web-client/4.5.16/vertx-web-client-4.5.16.jar:/home/runner/.m2/repository/io/vertx/vertx-web-common/4.5.16/vertx-web-common-4.5.16.jar:/home/runner/.m2/repository/io/vertx/vertx-auth-common/4.5.16/vertx-auth-common-4.5.16.jar:/home/runner/.m2/repository/io/vertx/vertx-uri-template/4.5.16/vertx-uri-template-4.5.16.jar:/home/runner/.m2/repository/io/fabric8/openshift-client/7.1.0/openshift-client-7.1.0.jar:/home/runner/.m2/repository/io/fabric8/openshift-client-api/7.1.0/openshift-client-api-7.1.0.jar:/home/runner/.m2/repository/io/fabric8/openshift-model/7.1.0/openshift-model-7.1.0.jar:/home/runner/.m2/repository/io/fabric8/openshift-model-autoscaling/7.1.0/openshift-model-autoscaling-7.1.0.jar:/home/runner/.m2/repository/io/fabric8/openshift-model-operator/7.1.0/openshift-model-operator-7.1.0.jar:/home/runner/.m2/repository/io/fabric8/openshift-model-operatorhub/7.1.0/openshift-model-operatorhub-7.1.0.jar:/home/runner/.m2/repository/io/fabric8/openshift-model-machine/7.1.0/openshift-model-machine-7.1.0.jar:/home/runner/.m2/repository/io/fabric8/openshift-model-whereabouts/7.1.0/openshift-model-whereabouts-7.1.0.jar:/home/runner/.m2/repository/io/fabric8/openshift-model-monitoring/7.1.0/openshift-model-monitoring-7.1.0.jar:/home/runner/.m2/repository/io/fabric8/openshift-model-storageversionmigrator/7.1.0/openshift-model-storageversionmigrator-7.1.0.jar:/home/runner/.m2/repository/io/fabric8/openshift-model-tuned/7.1.0/openshift-model-tuned-7.1.0.jar:/home/runner/.m2/repository/io/fabric8/openshift-model-console/7.1.0/openshift-model-console-7.1.0.jar:/home/runner/.m2/repository/io/fabric8/openshift-model-config/7.1.0/openshift-model-config-7.1.0.jar:/home/runner/.m2/repository/io/fabric8/openshift-model-machineconfiguration/7.1.0/openshift-model-machineconfiguration-7.1.0.jar:/home/runner/.m2/repository/io/fabric8/openshift-model-miscellaneous/7.1.0/openshift-model-miscellaneous-7.1.0.jar:/home/runner/.m2/repository/io/fabric8/openshift-model-hive/7.1.0/openshift-model-hive-7.1.0.jar:/home/runner/.m2/repository/io/fabric8/openshift-model-installer/7.1.0/openshift-model-installer-7.1.0.jar:/home/runner/.m2/repository/org/junit/platform/junit-platform-launcher/1.12.1/junit-platform-launcher-1.12.1.jar:/home/runner/.m2/repository/org/junit/platform/junit-platform-engine/1.12.1/junit-platform-engine-1.12.1.jar:/home/runner/.m2/repository/org/opentest4j/opentest4j/1.3.0/opentest4j-1.3.0.jar:/home/runner/.m2/repository/org/junit/platform/junit-platform-commons/1.12.1/junit-platform-commons-1.12.1.jar:/home/runner/.m2/repository/org/apiguardian/apiguardian-api/1.1.2/apiguardian-api-1.1.2.jar:/home/runner/.m2/repository/jakarta/ws/rs/jakarta.ws.rs-api/3.1.0/jakarta.ws.rs-api-3.1.0.jar:/home/runner/work/apicurio-testing/apicurio-testing/clusters/ci419/namespaces/mysql/tests/integration/apicurio-registry/java-sdk/target/apicurio-registry-java-sdk-3.0.15.jar:/home/runner/.m2/repository/com/microsoft/kiota/microsoft-kiota-abstractions/1.8.10/microsoft-kiota-abstractions-1.8.10.jar:/home/runner/.m2/repository/io/github/std-uritemplate/std-uritemplate/2.0.0/std-uritemplate-2.0.0.jar:/home/runner/.m2/repository/io/kiota/kiota-http-jdk/0.0.29/kiota-http-jdk-0.0.29.jar:/home/runner/.m2/repository/io/kiota/kiota-http-vertx/0.0.29/kiota-http-vertx-0.0.29.jar:/home/runner/.m2/repository/io/kiota/kiota-serialization-jackson/0.0.29/kiota-serialization-jackson-0.0.29.jar:/home/runner/.m2/repository/com/microsoft/kiota/microsoft-kiota-serialization-text/1.8.10/microsoft-kiota-serialization-text-1.8.10.jar:/home/runner/.m2/repository/com/microsoft/kiota/microsoft-kiota-serialization-form/1.8.10/microsoft-kiota-serialization-form-1.8.10.jar:/home/runner/.m2/repository/com/microsoft/kiota/microsoft-kiota-serialization-multipart/1.8.10/microsoft-kiota-serialization-multipart-1.8.10.jar:/home/runner/.m2/repository/jakarta/annotation/jakarta.annotation-api/3.0.0/jakarta.annotation-api-3.0.0.jar:/home/runner/.m2/repository/io/vertx/vertx-auth-oauth2/4.5.16/vertx-auth-oauth2-4.5.16.jar:/home/runner/work/apicurio-testing/apicurio-testing/clusters/ci419/namespaces/mysql/tests/integration/apicurio-registry/java-sdk-v2/target/apicurio-registry-v2-java-sdk-3.0.15.jar:/home/runner/work/apicurio-testing/apicurio-testing/clusters/ci419/namespaces/mysql/tests/integration/apicurio-registry/utils/kafka/target/apicurio-registry-utils-kafka-3.0.15-tests.jar:/home/runner/.m2/repository/org/eclipse/microprofile/config/microprofile-config-api/3.1/microprofile-config-api-3.1.jar:/home/runner/.m2/repository/org/apache/kafka/kafka-clients/3.9.1/kafka-clients-3.9.1.jar:/home/runner/.m2/repository/com/github/luben/zstd-jni/1.5.6-4/zstd-jni-1.5.6-4.jar:/home/runner/.m2/repository/org/lz4/lz4-java/1.8.0/lz4-java-1.8.0.jar:/home/runner/.m2/repository/org/xerial/snappy/snappy-java/1.1.10.5/snappy-java-1.1.10.5.jar:/home/runner/.m2/repository/org/slf4j/slf4j-api/2.0.6/slf4j-api-2.0.6.jar:/home/runner/work/apicurio-testing/apicurio-testing/clusters/ci419/namespaces/mysql/tests/integration/apicurio-registry/utils/tests/target/apicurio-registry-utils-tests-3.0.15.jar:/home/runner/work/apicurio-testing/apicurio-testing/clusters/ci419/namespaces/mysql/tests/integration/apicurio-registry/common/target/apicurio-registry-common-3.0.15.jar:/home/runner/.m2/repository/jakarta/validation/jakarta.validation-api/3.0.2/jakarta.validation-api-3.0.2.jar:/home/runner/.m2/repository/com/github/dasniko/testcontainers-keycloak/3.8.0/testcontainers-keycloak-3.8.0.jar:/home/runner/.m2/repository/org/testcontainers/testcontainers/1.20.6/testcontainers-1.20.6.jar:/home/runner/.m2/repository/org/rnorth/duct-tape/duct-tape/1.0.8/duct-tape-1.0.8.jar:/home/runner/.m2/repository/com/github/docker-java/docker-java-transport-zerodep/3.4.1/docker-java-transport-zerodep-3.4.1.jar:/home/runner/.m2/repository/com/github/docker-java/docker-java-transport/3.4.1/docker-java-transport-3.4.1.jar:/home/runner/.m2/repository/net/java/dev/jna/jna/5.8.0/jna-5.8.0.jar:/home/runner/.m2/repository/io/quarkus/quarkus-junit4-mock/3.20.2/quarkus-junit4-mock-3.20.2.jar:/home/runner/.m2/repository/org/jboss/shrinkwrap/shrinkwrap-api/2.0.0-beta-2/shrinkwrap-api-2.0.0-beta-2.jar:/home/runner/.m2/repository/org/jboss/shrinkwrap/shrinkwrap-impl-base/2.0.0-beta-2/shrinkwrap-impl-base-2.0.0-beta-2.jar:/home/runner/.m2/repository/org/jboss/shrinkwrap/shrinkwrap-spi/2.0.0-beta-2/shrinkwrap-spi-2.0.0-beta-2.jar:/home/runner/.m2/repository/org/keycloak/keycloak-admin-client/26.0.4/keycloak-admin-client-26.0.4.jar:/home/runner/.m2/repository/org/keycloak/keycloak-client-common-synced/26.0.4/keycloak-client-common-synced-26.0.4.jar:/home/runner/.m2/repository/jakarta/activation/jakarta.activation-api/2.1.3/jakarta.activation-api-2.1.3.jar:/home/runner/.m2/repository/org/eclipse/microprofile/openapi/microprofile-openapi-api/4.0.2/microprofile-openapi-api-4.0.2.jar:/home/runner/.m2/repository/org/jboss/resteasy/resteasy-client/6.2.12.Final/resteasy-client-6.2.12.Final.jar:/home/runner/.m2/repository/org/jboss/resteasy/resteasy-client-api/6.2.12.Final/resteasy-client-api-6.2.12.Final.jar:/home/runner/.m2/repository/org/jboss/resteasy/resteasy-core-spi/6.2.12.Final/resteasy-core-spi-6.2.12.Final.jar:/home/runner/.m2/repository/org/jboss/resteasy/resteasy-core/6.2.12.Final/resteasy-core-6.2.12.Final.jar:/home/runner/.m2/repository/org/eclipse/angus/angus-activation/2.0.2/angus-activation-2.0.2.jar:/home/runner/.m2/repository/com/ibm/async/asyncutil/0.1.0/asyncutil-0.1.0.jar:/home/runner/.m2/repository/org/reactivestreams/reactive-streams/1.0.4/reactive-streams-1.0.4.jar:/home/runner/.m2/repository/org/jboss/resteasy/resteasy-multipart-provider/6.2.12.Final/resteasy-multipart-provider-6.2.12.Final.jar:/home/runner/.m2/repository/jakarta/mail/jakarta.mail-api/2.1.3/jakarta.mail-api-2.1.3.jar:/home/runner/.m2/repository/org/eclipse/angus/angus-mail/2.0.3/angus-mail-2.0.3.jar:/home/runner/.m2/repository/org/apache/james/apache-mime4j-dom/0.8.12/apache-mime4j-dom-0.8.12.jar:/home/runner/.m2/repository/org/apache/james/apache-mime4j-core/0.8.12/apache-mime4j-core-0.8.12.jar:/home/runner/.m2/repository/org/apache/james/apache-mime4j-storage/0.8.12/apache-mime4j-storage-0.8.12.jar:/home/runner/.m2/repository/org/jboss/resteasy/resteasy-jackson2-provider/6.2.12.Final/resteasy-jackson2-provider-6.2.12.Final.jar:/home/runner/.m2/repository/com/fasterxml/jackson/jakarta/rs/jackson-jakarta-rs-base/2.18.2/jackson-jakarta-rs-base-2.18.2.jar:/home/runner/.m2/repository/com/fasterxml/jackson/jakarta/rs/jackson-jakarta-rs-json-provider/2.18.2/jackson-jakarta-rs-json-provider-2.18.2.jar:/home/runner/.m2/repository/com/fasterxml/jackson/module/jackson-module-jakarta-xmlbind-annotations/2.18.2/jackson-module-jakarta-xmlbind-annotations-2.18.2.jar:/home/runner/.m2/repository/com/github/java-json-tools/json-patch/1.13/json-patch-1.13.jar:/home/runner/.m2/repository/com/github/java-json-tools/msg-simple/1.2/msg-simple-1.2.jar:/home/runner/.m2/repository/com/github/java-json-tools/btf/1.3/btf-1.3.jar:/home/runner/.m2/repository/com/github/java-json-tools/jackson-coreutils/2.0/jackson-coreutils-2.0.jar:/home/runner/.m2/repository/org/jboss/resteasy/resteasy-jaxb-provider/6.2.12.Final/resteasy-jaxb-provider-6.2.12.Final.jar:/home/runner/.m2/repository/org/glassfish/jaxb/codemodel/4.0.5/codemodel-4.0.5.jar:/home/runner/.m2/repository/org/glassfish/jaxb/jaxb-core/4.0.5/jaxb-core-4.0.5.jar:/home/runner/.m2/repository/org/glassfish/jaxb/jaxb-jxc/4.0.5/jaxb-jxc-4.0.5.jar:/home/runner/.m2/repository/org/glassfish/jaxb/jaxb-runtime/4.0.5/jaxb-runtime-4.0.5.jar:/home/runner/.m2/repository/org/glassfish/jaxb/txw2/4.0.5/txw2-4.0.5.jar:/home/runner/.m2/repository/org/glassfish/jaxb/jaxb-xjc/4.0.5/jaxb-xjc-4.0.5.jar:/home/runner/.m2/repository/org/glassfish/jaxb/xsom/4.0.5/xsom-4.0.5.jar:/home/runner/.m2/repository/com/sun/istack/istack-commons-runtime/4.1.2/istack-commons-runtime-4.1.2.jar:/home/runner/.m2/repository/com/sun/istack/istack-commons-tools/4.1.2/istack-commons-tools-4.1.2.jar:/home/runner/.m2/repository/com/sun/xml/bind/external/relaxng-datatype/4.0.5/relaxng-datatype-4.0.5.jar:/home/runner/.m2/repository/com/sun/xml/bind/external/rngom/4.0.5/rngom-4.0.5.jar:/home/runner/.m2/repository/org/testcontainers/mssqlserver/1.20.6/mssqlserver-1.20.6.jar:/home/runner/.m2/repository/org/testcontainers/jdbc/1.20.6/jdbc-1.20.6.jar:/home/runner/.m2/repository/org/testcontainers/database-commons/1.20.6/database-commons-1.20.6.jar:/home/runner/.m2/repository/org/testcontainers/mysql/1.20.6/mysql-1.20.6.jar:/home/runner/.m2/repository/io/strimzi/strimzi-test-container/0.112.0/strimzi-test-container-0.112.0.jar:/home/runner/.m2/repository/org/testcontainers/toxiproxy/1.20.6/toxiproxy-1.20.6.jar:/home/runner/.m2/repository/com/github/docker-java/docker-java-api/3.4.1/docker-java-api-3.4.1.jar:/home/runner/.m2/repository/org/apache/logging/log4j/log4j-slf4j-impl/2.19.0/log4j-slf4j-impl-2.19.0.jar:/home/runner/.m2/repository/org/apache/logging/log4j/log4j-api/2.24.3/log4j-api-2.24.3.jar:/home/runner/.m2/repository/org/apache/logging/log4j/log4j-core/2.19.0/log4j-core-2.19.0.jar:/home/runner/.m2/repository/eu/rekawek/toxiproxy/toxiproxy-java/2.1.7/toxiproxy-java-2.1.7.jar:/home/runner/.m2/repository/org/testcontainers/pulsar/1.21.3/pulsar-1.21.3.jar:/home/runner/.m2/repository/io/debezium/debezium-testing-testcontainers/2.7.4.Final/debezium-testing-testcontainers-2.7.4.Final.jar:/home/runner/.m2/repository/org/testcontainers/kafka/1.20.6/kafka-1.20.6.jar:/home/runner/.m2/repository/com/squareup/okhttp3/okhttp/4.8.1/okhttp-4.8.1.jar:/home/runner/.m2/repository/com/squareup/okio/okio/3.10.2/okio-3.10.2.jar:/home/runner/.m2/repository/com/squareup/okio/okio-jvm/3.10.2/okio-jvm-3.10.2.jar:/home/runner/.m2/repository/org/jetbrains/kotlin/kotlin-stdlib/2.0.21/kotlin-stdlib-2.0.21.jar:/home/runner/.m2/repository/org/awaitility/awaitility/4.3.0/awaitility-4.3.0.jar:/home/runner/.m2/repository/org/testcontainers/mongodb/1.20.6/mongodb-1.20.6.jar:/home/runner/.m2/repository/org/testcontainers/mariadb/1.20.6/mariadb-1.20.6.jar:/home/runner/.m2/repository/org/testcontainers/oracle-xe/1.20.6/oracle-xe-1.20.6.jar:/home/runner/.m2/repository/org/testcontainers/postgresql/1.20.6/postgresql-1.20.6.jar:/home/runner/.m2/repository/org/wiremock/wiremock/3.0.1/wiremock-3.0.1.jar:/home/runner/.m2/repository/org/eclipse/jetty/jetty-server/11.0.15/jetty-server-11.0.15.jar:/home/runner/.m2/repository/org/eclipse/jetty/toolchain/jetty-jakarta-servlet-api/5.0.2/jetty-jakarta-servlet-api-5.0.2.jar:/home/runner/.m2/repository/org/eclipse/jetty/jetty-http/11.0.15/jetty-http-11.0.15.jar:/home/runner/.m2/repository/org/eclipse/jetty/jetty-io/11.0.15/jetty-io-11.0.15.jar:/home/runner/.m2/repository/org/eclipse/jetty/jetty-servlet/11.0.15/jetty-servlet-11.0.15.jar:/home/runner/.m2/repository/org/eclipse/jetty/jetty-security/11.0.15/jetty-security-11.0.15.jar:/home/runner/.m2/repository/org/eclipse/jetty/jetty-servlets/11.0.15/jetty-servlets-11.0.15.jar:/home/runner/.m2/repository/org/eclipse/jetty/jetty-util/11.0.15/jetty-util-11.0.15.jar:/home/runner/.m2/repository/org/eclipse/jetty/jetty-webapp/11.0.15/jetty-webapp-11.0.15.jar:/home/runner/.m2/repository/org/eclipse/jetty/jetty-xml/11.0.15/jetty-xml-11.0.15.jar:/home/runner/.m2/repository/org/eclipse/jetty/jetty-proxy/11.0.15/jetty-proxy-11.0.15.jar:/home/runner/.m2/repository/org/eclipse/jetty/jetty-client/11.0.15/jetty-client-11.0.15.jar:/home/runner/.m2/repository/org/eclipse/jetty/http2/http2-server/11.0.15/http2-server-11.0.15.jar:/home/runner/.m2/repository/org/eclipse/jetty/http2/http2-common/11.0.15/http2-common-11.0.15.jar:/home/runner/.m2/repository/org/eclipse/jetty/http2/http2-hpack/11.0.15/http2-hpack-11.0.15.jar:/home/runner/.m2/repository/org/eclipse/jetty/jetty-alpn-server/11.0.15/jetty-alpn-server-11.0.15.jar:/home/runner/.m2/repository/org/eclipse/jetty/jetty-alpn-java-server/11.0.15/jetty-alpn-java-server-11.0.15.jar:/home/runner/.m2/repository/org/eclipse/jetty/jetty-alpn-java-client/11.0.15/jetty-alpn-java-client-11.0.15.jar:/home/runner/.m2/repository/org/eclipse/jetty/jetty-alpn-client/11.0.15/jetty-alpn-client-11.0.15.jar:/home/runner/.m2/repository/org/apache/httpcomponents/client5/httpclient5/5.2.1/httpclient5-5.2.1.jar:/home/runner/.m2/repository/org/apache/httpcomponents/core5/httpcore5/5.2/httpcore5-5.2.jar:/home/runner/.m2/repository/org/apache/httpcomponents/core5/httpcore5-h2/5.2/httpcore5-h2-5.2.jar:/home/runner/.m2/repository/org/xmlunit/xmlunit-core/2.9.1/xmlunit-core-2.9.1.jar:/home/runner/.m2/repository/jakarta/xml/bind/jakarta.xml.bind-api/4.0.2/jakarta.xml.bind-api-4.0.2.jar:/home/runner/.m2/repository/org/xmlunit/xmlunit-legacy/2.9.1/xmlunit-legacy-2.9.1.jar:/home/runner/.m2/repository/org/xmlunit/xmlunit-placeholders/2.9.1/xmlunit-placeholders-2.9.1.jar:/home/runner/.m2/repository/net/javacrumbs/json-unit/json-unit-core/2.38.0/json-unit-core-2.38.0.jar:/home/runner/.m2/repository/org/hamcrest/hamcrest-core/2.2/hamcrest-core-2.2.jar:/home/runner/.m2/repository/com/jayway/jsonpath/json-path/2.8.0/json-path-2.8.0.jar:/home/runner/.m2/repository/net/minidev/json-smart/2.4.10/json-smart-2.4.10.jar:/home/runner/.m2/repository/net/minidev/accessors-smart/2.4.9/accessors-smart-2.4.9.jar:/home/runner/.m2/repository/org/ow2/asm/asm/9.7.1/asm-9.7.1.jar:/home/runner/.m2/repository/net/sf/jopt-simple/jopt-simple/5.0.4/jopt-simple-5.0.4.jar:/home/runner/.m2/repository/com/github/jknack/handlebars/4.3.1/handlebars-4.3.1.jar:/home/runner/.m2/repository/com/github/jknack/handlebars-helpers/4.3.1/handlebars-helpers-4.3.1.jar:/home/runner/.m2/repository/commons-fileupload/commons-fileupload/1.5/commons-fileupload-1.5.jar:/home/runner/.m2/repository/com/networknt/json-schema-validator/1.5.8/json-schema-validator-1.5.8.jar:/home/runner/.m2/repository/com/ethlo/time/itu/1.10.3/itu-1.10.3.jar:/home/runner/.m2/repository/io/quarkus/quarkus-smallrye-jwt-build/3.20.2/quarkus-smallrye-jwt-build-3.20.2.jar:/home/runner/.m2/repository/io/smallrye/smallrye-jwt-build/4.6.2/smallrye-jwt-build-4.6.2.jar:/home/runner/.m2/repository/org/eclipse/microprofile/jwt/microprofile-jwt-auth-api/2.1/microprofile-jwt-auth-api-2.1.jar:/home/runner/.m2/repository/org/bitbucket/b_c/jose4j/0.9.6/jose4j-0.9.6.jar:/home/runner/.m2/repository/io/smallrye/smallrye-jwt-common/4.6.2/smallrye-jwt-common-4.6.2.jar:/home/runner/.m2/repository/io/quarkus/quarkus-jsonp/3.20.2/quarkus-jsonp-3.20.2.jar:/home/runner/.m2/repository/io/quarkus/quarkus-arc/3.20.2/quarkus-arc-3.20.2.jar:/home/runner/.m2/repository/io/quarkus/arc/arc/3.20.2/arc-3.20.2.jar:/home/runner/.m2/repository/jakarta/transaction/jakarta.transaction-api/2.0.1/jakarta.transaction-api-2.0.1.jar:/home/runner/.m2/repository/io/smallrye/reactive/mutiny/2.9.2/mutiny-2.9.2.jar:/home/runner/.m2/repository/org/jctools/jctools-core/4.0.5/jctools-core-4.0.5.jar:/home/runner/.m2/repository/org/eclipse/microprofile/context-propagation/microprofile-context-propagation-api/1.3/microprofile-context-propagation-api-1.3.jar:/home/runner/.m2/repository/io/apicurio/apicurio-common-rest-client-common/0.1.18.Final/apicurio-common-rest-client-common-0.1.18.Final.jar:/home/runner/work/apicurio-testing/apicurio-testing/clusters/ci419/namespaces/mysql/tests/integration/apicurio-registry/utils/maven-plugin/target/apicurio-registry-maven-plugin-3.0.15.jar:/home/runner/.m2/repository/com/fasterxml/jackson/core/jackson-databind/2.18.2/jackson-databind-2.18.2.jar:/home/runner/.m2/repository/org/apache/avro/avro/1.12.0/avro-1.12.0.jar:/home/runner/.m2/repository/com/google/protobuf/protobuf-java/4.32.1/protobuf-java-4.32.1.jar:/home/runner/.m2/repository/com/google/protobuf/protobuf-java-util/4.32.1/protobuf-java-util-4.32.1.jar:/home/runner/.m2/repository/com/google/code/findbugs/jsr305/3.0.2/jsr305-3.0.2.jar:/home/runner/.m2/repository/com/google/code/gson/gson/2.12.1/gson-2.12.1.jar:/home/runner/.m2/repository/com/google/errorprone/error_prone_annotations/2.36.0/error_prone_annotations-2.36.0.jar:/home/runner/.m2/repository/com/google/j2objc/j2objc-annotations/2.8/j2objc-annotations-2.8.jar:/home/runner/work/apicurio-testing/apicurio-testing/clusters/ci419/namespaces/mysql/tests/integration/apicurio-registry/schema-util/util-provider/target/apicurio-registry-schema-util-provider-3.0.15.jar:/home/runner/work/apicurio-testing/apicurio-testing/clusters/ci419/namespaces/mysql/tests/integration/apicurio-registry/schema-util/common/target/apicurio-registry-schema-util-common-3.0.15.jar:/home/runner/.m2/repository/com/fasterxml/jackson/module/jackson-module-parameter-names/2.18.2/jackson-module-parameter-names-2.18.2.jar:/home/runner/.m2/repository/com/fasterxml/jackson/datatype/jackson-datatype-json-org/2.18.2/jackson-datatype-json-org-2.18.2.jar:/home/runner/work/apicurio-testing/apicurio-testing/clusters/ci419/namespaces/mysql/tests/integration/apicurio-registry/schema-util/json/target/apicurio-registry-schema-util-json-3.0.15.jar:/home/runner/.m2/repository/com/github/erosb/everit-json-schema/1.14.5/everit-json-schema-1.14.5.jar:/home/runner/.m2/repository/commons-validator/commons-validator/1.9.0/commons-validator-1.9.0.jar:/home/runner/.m2/repository/commons-digester/commons-digester/2.1/commons-digester-2.1.jar:/home/runner/.m2/repository/commons-collections/commons-collections/3.2.2/commons-collections-3.2.2.jar:/home/runner/.m2/repository/com/damnhandy/handy-uri-templates/2.1.8/handy-uri-templates-2.1.8.jar:/home/runner/.m2/repository/joda-time/joda-time/2.10.2/joda-time-2.10.2.jar:/home/runner/.m2/repository/com/github/erosb/json-sKema/0.20.0/json-sKema-0.20.0.jar:/home/runner/.m2/repository/io/vertx/vertx-json-schema/4.5.16/vertx-json-schema-4.5.16.jar:/home/runner/work/apicurio-testing/apicurio-testing/clusters/ci419/namespaces/mysql/tests/integration/apicurio-registry/schema-util/protobuf/target/apicurio-registry-schema-util-protobuf-3.0.15.jar:/home/runner/work/apicurio-testing/apicurio-testing/clusters/ci419/namespaces/mysql/tests/integration/apicurio-registry/utils/protobuf-schema-utilities/target/apicurio-registry-protobuf-schema-utilities-3.0.15.jar:/home/runner/.m2/repository/com/google/api/grpc/proto-google-common-protos/2.52.0/proto-google-common-protos-2.52.0.jar:/home/runner/.m2/repository/com/squareup/wire/wire-schema-jvm/5.3.3/wire-schema-jvm-5.3.3.jar:/home/runner/.m2/repository/com/palantir/javapoet/javapoet/0.6.0/javapoet-0.6.0.jar:/home/runner/.m2/repository/com/squareup/kotlinpoet-jvm/2.0.0/kotlinpoet-jvm-2.0.0.jar:/home/runner/.m2/repository/org/jetbrains/kotlin/kotlin-reflect/2.0.21/kotlin-reflect-2.0.21.jar:/home/runner/.m2/repository/com/squareup/wire/wire-runtime-jvm/5.3.3/wire-runtime-jvm-5.3.3.jar:/home/runner/.m2/repository/com/ibm/icu/icu4j/76.1/icu4j-76.1.jar:/home/runner/.m2/repository/com/squareup/okio/okio-fakefilesystem/3.10.2/okio-fakefilesystem-3.10.2.jar:/home/runner/.m2/repository/com/squareup/okio/okio-fakefilesystem-jvm/3.10.2/okio-fakefilesystem-jvm-3.10.2.jar:/home/runner/.m2/repository/org/jetbrains/kotlinx/kotlinx-datetime-jvm/0.6.1/kotlinx-datetime-jvm-0.6.1.jar:/home/runner/work/apicurio-testing/apicurio-testing/clusters/ci419/namespaces/mysql/tests/integration/apicurio-registry/schema-util/asyncapi/target/apicurio-registry-schema-util-asyncapi-3.0.15.jar:/home/runner/work/apicurio-testing/apicurio-testing/clusters/ci419/namespaces/mysql/tests/integration/apicurio-registry/schema-util/avro/target/apicurio-registry-schema-util-avro-3.0.15.jar:/home/runner/work/apicurio-testing/apicurio-testing/clusters/ci419/namespaces/mysql/tests/integration/apicurio-registry/schema-util/graphql/target/apicurio-registry-schema-util-graphql-3.0.15.jar:/home/runner/.m2/repository/com/graphql-java/graphql-java/22.4/graphql-java-22.4.jar:/home/runner/.m2/repository/com/graphql-java/java-dataloader/3.3.0/java-dataloader-3.3.0.jar:/home/runner/work/apicurio-testing/apicurio-testing/clusters/ci419/namespaces/mysql/tests/integration/apicurio-registry/schema-util/kconnect/target/apicurio-registry-schema-util-kconnect-3.0.15.jar:/home/runner/work/apicurio-testing/apicurio-testing/clusters/ci419/namespaces/mysql/tests/integration/apicurio-registry/schema-util/openapi/target/apicurio-registry-schema-util-openapi-3.0.15.jar:/home/runner/.m2/repository/io/apicurio/apicurio-data-models/2.2.2/apicurio-data-models-2.2.2.jar:/home/runner/.m2/repository/org/slf4j/jcl-over-slf4j/2.0.6/jcl-over-slf4j-2.0.6.jar:/home/runner/.m2/repository/org/openapitools/openapidiff/openapi-diff-core/2.1.2/openapi-diff-core-2.1.2.jar:/home/runner/.m2/repository/io/swagger/parser/v3/swagger-parser/2.1.28/swagger-parser-2.1.28.jar:/home/runner/.m2/repository/io/swagger/parser/v3/swagger-parser-v2-converter/2.1.28/swagger-parser-v2-converter-2.1.28.jar:/home/runner/.m2/repository/io/swagger/swagger-core/1.6.16/swagger-core-1.6.16.jar:/home/runner/.m2/repository/io/swagger/swagger-models/1.6.16/swagger-models-1.6.16.jar:/home/runner/.m2/repository/io/swagger/swagger-annotations/1.6.16/swagger-annotations-1.6.16.jar:/home/runner/.m2/repository/io/swagger/swagger-parser/1.0.75/swagger-parser-1.0.75.jar:/home/runner/.m2/repository/io/swagger/swagger-parser-safe-url-resolver/1.0.75/swagger-parser-safe-url-resolver-1.0.75.jar:/home/runner/.m2/repository/io/swagger/swagger-compat-spec-parser/1.0.75/swagger-compat-spec-parser-1.0.75.jar:/home/runner/.m2/repository/com/github/java-json-tools/json-schema-validator/2.2.14/json-schema-validator-2.2.14.jar:/home/runner/.m2/repository/com/github/java-json-tools/jackson-coreutils-equivalence/1.0/jackson-coreutils-equivalence-1.0.jar:/home/runner/.m2/repository/com/github/java-json-tools/json-schema-core/1.2.14/json-schema-core-1.2.14.jar:/home/runner/.m2/repository/com/github/java-json-tools/uri-template/0.10/uri-template-0.10.jar:/home/runner/.m2/repository/com/googlecode/libphonenumber/libphonenumber/8.11.1/libphonenumber-8.11.1.jar:/home/runner/.m2/repository/com/j2html/j2html/1.6.0/j2html-1.6.0.jar:/home/runner/.m2/repository/org/apache/commons/commons-collections4/4.5.0/commons-collections4-4.5.0.jar:/home/runner/.m2/repository/io/swagger/parser/v3/swagger-parser-v3/2.1.31/swagger-parser-v3-2.1.31.jar:/home/runner/.m2/repository/io/swagger/core/v3/swagger-models/2.2.34/swagger-models-2.2.34.jar:/home/runner/.m2/repository/io/swagger/core/v3/swagger-core/2.2.34/swagger-core-2.2.34.jar:/home/runner/.m2/repository/io/swagger/parser/v3/swagger-parser-core/2.1.31/swagger-parser-core-2.1.31.jar:/home/runner/.m2/repository/io/swagger/parser/v3/swagger-parser-safe-url-resolver/2.1.31/swagger-parser-safe-url-resolver-2.1.31.jar:/home/runner/work/apicurio-testing/apicurio-testing/clusters/ci419/namespaces/mysql/tests/integration/apicurio-registry/schema-util/wsdl/target/apicurio-registry-schema-util-wsdl-3.0.15.jar:/home/runner/.m2/repository/wsdl4j/wsdl4j/1.6.3/wsdl4j-1.6.3.jar:/home/runner/work/apicurio-testing/apicurio-testing/clusters/ci419/namespaces/mysql/tests/integration/apicurio-registry/schema-util/xml/target/apicurio-registry-schema-util-xml-3.0.15.jar:/home/runner/.m2/repository/org/apache/santuario/xmlsec/4.0.4/xmlsec-4.0.4.jar:/home/runner/.m2/repository/com/fasterxml/woodstox/woodstox-core/7.1.1/woodstox-core-7.1.1.jar:/home/runner/.m2/repository/org/codehaus/woodstox/stax2-api/4.2.2/stax2-api-4.2.2.jar:/home/runner/work/apicurio-testing/apicurio-testing/clusters/ci419/namespaces/mysql/tests/integration/apicurio-registry/schema-util/xsd/target/apicurio-registry-schema-util-xsd-3.0.15.jar:/home/runner/work/apicurio-testing/apicurio-testing/clusters/ci419/namespaces/mysql/tests/integration/apicurio-registry/serdes/kafka/jsonschema-serde/target/apicurio-registry-jsonschema-serde-kafka-3.0.15.jar:/home/runner/work/apicurio-testing/apicurio-testing/clusters/ci419/namespaces/mysql/tests/integration/apicurio-registry/serdes/kafka/serde-kafka-common/target/apicurio-registry-serde-kafka-common-3.0.15.jar:/home/runner/work/apicurio-testing/apicurio-testing/clusters/ci419/namespaces/mysql/tests/integration/apicurio-registry/serdes/generic/serde-common/target/apicurio-registry-serde-common-3.0.15.jar:/home/runner/work/apicurio-testing/apicurio-testing/clusters/ci419/namespaces/mysql/tests/integration/apicurio-registry/serdes/generic/serde-common-jsonschema/target/apicurio-registry-serde-common-jsonschema-3.0.15.jar:/home/runner/.m2/repository/org/json/json/20250107/json-20250107.jar:/home/runner/work/apicurio-testing/apicurio-testing/clusters/ci419/namespaces/mysql/tests/integration/apicurio-registry/serdes/kafka/avro-serde/target/apicurio-registry-avro-serde-kafka-3.0.15.jar:/home/runner/work/apicurio-testing/apicurio-testing/clusters/ci419/namespaces/mysql/tests/integration/apicurio-registry/serdes/generic/serde-common-avro/target/apicurio-registry-serde-common-avro-3.0.15.jar:/home/runner/work/apicurio-testing/apicurio-testing/clusters/ci419/namespaces/mysql/tests/integration/apicurio-registry/serdes/kafka/protobuf-serde/target/apicurio-registry-protobuf-serde-kafka-3.0.15.jar:/home/runner/work/apicurio-testing/apicurio-testing/clusters/ci419/namespaces/mysql/tests/integration/apicurio-registry/serdes/generic/serde-common-protobuf/target/apicurio-registry-serde-common-protobuf-3.0.15.jar:/home/runner/.m2/repository/com/squareup/wire/wire-schema/5.3.3/wire-schema-5.3.3.jar:/home/runner/.m2/repository/com/squareup/wire/wire-runtime/5.3.3/wire-runtime-5.3.3.jar:/home/runner/work/apicurio-testing/apicurio-testing/clusters/ci419/namespaces/mysql/tests/integration/apicurio-registry/serdes/pulsar/avro-serde/target/apicurio-registry-avro-serde-pulsar-3.0.15.jar:/home/runner/.m2/repository/org/apache/pulsar/pulsar-functions-api/3.3.8/pulsar-functions-api-3.3.8.jar:/home/runner/work/apicurio-testing/apicurio-testing/clusters/ci419/namespaces/mysql/tests/integration/apicurio-registry/serdes/nats/avro-serde/target/apicurio-registry-avro-serde-nats-3.0.15.jar:/home/runner/.m2/repository/io/nats/jnats/2.21.4/jnats-2.21.4.jar:/home/runner/.m2/repository/org/bouncycastle/bcprov-lts8on/2.73.7/bcprov-lts8on-2.73.7.jar:/home/runner/.m2/repository/org/jetbrains/annotations/26.0.2/annotations-26.0.2.jar:/home/runner/work/apicurio-testing/apicurio-testing/clusters/ci419/namespaces/mysql/tests/integration/apicurio-registry/utils/converter/target/apicurio-registry-utils-converter-3.0.15.jar:/home/runner/work/apicurio-testing/apicurio-testing/clusters/ci419/namespaces/mysql/tests/integration/apicurio-registry/schema-resolver/target/apicurio-registry-schema-resolver-3.0.15.jar:/home/runner/.m2/repository/org/apache/kafka/connect-api/3.9.1/connect-api-3.9.1.jar:/home/runner/.m2/repository/javax/ws/rs/javax.ws.rs-api/2.1.1/javax.ws.rs-api-2.1.1.jar:/home/runner/.m2/repository/org/apache/kafka/connect-json/3.9.1/connect-json-3.9.1.jar:/home/runner/.m2/repository/com/fasterxml/jackson/datatype/jackson-datatype-jdk8/2.18.2/jackson-datatype-jdk8-2.18.2.jar:/home/runner/.m2/repository/com/fasterxml/jackson/module/jackson-module-afterburner/2.18.2/jackson-module-afterburner-2.18.2.jar:/home/runner/work/apicurio-testing/apicurio-testing/clusters/ci419/namespaces/mysql/tests/integration/apicurio-registry/utils/kafka/target/apicurio-registry-utils-kafka-3.0.15.jar:/home/runner/.m2/repository/org/apache/pulsar/pulsar-client/3.3.8/pulsar-client-3.3.8.jar:/home/runner/.m2/repository/org/apache/pulsar/pulsar-client-api/3.3.8/pulsar-client-api-3.3.8.jar:/home/runner/.m2/repository/org/apache/pulsar/pulsar-client-admin-api/3.3.8/pulsar-client-admin-api-3.3.8.jar:/home/runner/.m2/repository/org/apache/pulsar/bouncy-castle-bc/3.3.8/bouncy-castle-bc-3.3.8-pkg.jar:/home/runner/.m2/repository/org/bouncycastle/bcpkix-jdk18on/1.81/bcpkix-jdk18on-1.81.jar:/home/runner/.m2/repository/org/bouncycastle/bcutil-jdk18on/1.81/bcutil-jdk18on-1.81.jar:/home/runner/.m2/repository/org/bouncycastle/bcprov-jdk18on/1.81/bcprov-jdk18on-1.81.jar:/home/runner/.m2/repository/io/opentelemetry/opentelemetry-api/1.44.1/opentelemetry-api-1.44.1.jar:/home/runner/.m2/repository/io/opentelemetry/opentelemetry-context/1.44.1/opentelemetry-context-1.44.1.jar:/home/runner/.m2/repository/io/opentelemetry/opentelemetry-api-incubator/1.44.1-alpha/opentelemetry-api-incubator-1.44.1-alpha.jar:/home/runner/.m2/repository/com/fasterxml/jackson/core/jackson-annotations/2.18.2/jackson-annotations-2.18.2.jar:/home/runner/.m2/repository/javax/validation/validation-api/1.1.0.Final/validation-api-1.1.0.Final.jar:/home/runner/.m2/repository/org/jspecify/jspecify/1.0.0/jspecify-1.0.0.jar:/home/runner/.m2/repository/org/apache/commons/commons-configuration2/2.12.0/commons-configuration2-2.12.0.jar:/home/runner/.m2/repository/commons-logging/commons-logging/1.3.5/commons-logging-1.3.5.jar:/home/runner/.m2/repository/org/apache/commons/commons-text/1.13.0/commons-text-1.13.0.jar:/home/runner/.m2/repository/io/confluent/kafka-avro-serializer/8.0.0/kafka-avro-serializer-8.0.0.jar:/home/runner/.m2/repository/org/apache/commons/commons-compress/1.27.1/commons-compress-1.27.1.jar:/home/runner/.m2/repository/io/confluent/kafka-schema-serializer/8.0.0/kafka-schema-serializer-8.0.0.jar:/home/runner/.m2/repository/com/fasterxml/jackson/dataformat/jackson-dataformat-csv/2.18.2/jackson-dataformat-csv-2.18.2.jar:/home/runner/.m2/repository/io/confluent/kafka-schema-registry-client/8.0.0/kafka-schema-registry-client-8.0.0.jar:/home/runner/.m2/repository/org/yaml/snakeyaml/2.3/snakeyaml-2.3.jar:/home/runner/.m2/repository/io/swagger/core/v3/swagger-annotations/2.2.29/swagger-annotations-2.2.29.jar:/home/runner/.m2/repository/com/google/guava/guava/33.4.0-jre/guava-33.4.0-jre.jar:/home/runner/.m2/repository/com/google/guava/failureaccess/1.0.1/failureaccess-1.0.1.jar:/home/runner/.m2/repository/org/checkerframework/checker-qual/3.49.0/checker-qual-3.49.0.jar:/home/runner/.m2/repository/io/confluent/logredactor/1.0.13/logredactor-1.0.13.jar:/home/runner/.m2/repository/com/google/re2j/re2j/1.6/re2j-1.6.jar:/home/runner/.m2/repository/io/confluent/logredactor-metrics/1.0.13/logredactor-metrics-1.0.13.jar:/home/runner/.m2/repository/com/eclipsesource/minimal-json/minimal-json/0.9.5/minimal-json-0.9.5.jar:/home/runner/.m2/repository/io/confluent/common-utils/8.0.0/common-utils-8.0.0.jar:/home/runner/.m2/repository/io/confluent/kafka-connect-avro-converter/8.0.0/kafka-connect-avro-converter-8.0.0.jar:/home/runner/.m2/repository/io/confluent/kafka-connect-avro-data/8.0.0/kafka-connect-avro-data-8.0.0.jar:/home/runner/.m2/repository/io/confluent/kafka-schema-converter/8.0.0/kafka-schema-converter-8.0.0.jar:/home/runner/.m2/repository/io/rest-assured/rest-assured/5.5.1/rest-assured-5.5.1.jar:/home/runner/.m2/repository/org/apache/groovy/groovy/4.0.22/groovy-4.0.22.jar:/home/runner/.m2/repository/org/apache/groovy/groovy-xml/4.0.22/groovy-xml-4.0.22.jar:/home/runner/.m2/repository/org/apache/httpcomponents/httpclient/4.5.14/httpclient-4.5.14.jar:/home/runner/.m2/repository/org/apache/httpcomponents/httpcore/4.4.16/httpcore-4.4.16.jar:/home/runner/.m2/repository/org/apache/httpcomponents/httpmime/4.5.14/httpmime-4.5.14.jar:/home/runner/.m2/repository/org/hamcrest/hamcrest/2.2/hamcrest-2.2.jar:/home/runner/.m2/repository/org/ccil/cowan/tagsoup/tagsoup/1.2.1/tagsoup-1.2.1.jar:/home/runner/.m2/repository/io/rest-assured/json-path/5.5.1/json-path-5.5.1.jar:/home/runner/.m2/repository/org/apache/groovy/groovy-json/4.0.22/groovy-json-4.0.22.jar:/home/runner/.m2/repository/io/rest-assured/rest-assured-common/5.5.1/rest-assured-common-5.5.1.jar:/home/runner/.m2/repository/io/rest-assured/xml-path/5.5.1/xml-path-5.5.1.jar:/home/runner/.m2/repository/io/zonky/test/embedded-postgres/2.1.0/embedded-postgres-2.1.0.jar:/home/runner/.m2/repository/io/zonky/test/postgres/embedded-postgres-binaries-windows-amd64/14.15.0/embedded-postgres-binaries-windows-amd64-14.15.0.jar:/home/runner/.m2/repository/io/zonky/test/postgres/embedded-postgres-binaries-darwin-amd64/14.15.0/embedded-postgres-binaries-darwin-amd64-14.15.0.jar:/home/runner/.m2/repository/io/zonky/test/postgres/embedded-postgres-binaries-linux-amd64/14.15.0/embedded-postgres-binaries-linux-amd64-14.15.0.jar:/home/runner/.m2/repository/io/zonky/test/postgres/embedded-postgres-binaries-linux-amd64-alpine/14.15.0/embedded-postgres-binaries-linux-amd64-alpine-14.15.0.jar:/home/runner/.m2/repository/org/apache/commons/commons-lang3/3.17.0/commons-lang3-3.17.0.jar:/home/runner/.m2/repository/org/tukaani/xz/1.10/xz-1.10.jar:/home/runner/.m2/repository/commons-codec/commons-codec/1.19.0/commons-codec-1.19.0.jar:/home/runner/.m2/repository/org/postgresql/postgresql/42.7.7/postgresql-42.7.7.jar:/home/runner/.m2/repository/commons-io/commons-io/2.18.0/commons-io-2.18.0.jar:/home/runner/work/apicurio-testing/apicurio-testing/clusters/ci419/namespaces/mysql/tests/integration/apicurio-registry/utils/importexport/target/apicurio-registry-utils-import-export-3.0.15.jar:/home/runner/.m2/repository/io/vertx/vertx-core/4.5.16/vertx-core-4.5.16.jar:/home/runner/.m2/repository/io/netty/netty-common/4.1.121.Final/netty-common-4.1.121.Final.jar:/home/runner/.m2/repository/io/netty/netty-buffer/4.1.121.Final/netty-buffer-4.1.121.Final.jar:/home/runner/.m2/repository/io/netty/netty-transport/4.1.121.Final/netty-transport-4.1.121.Final.jar:/home/runner/.m2/repository/io/netty/netty-handler/4.1.121.Final/netty-handler-4.1.121.Final.jar:/home/runner/.m2/repository/io/netty/netty-transport-native-unix-common/4.1.121.Final/netty-transport-native-unix-common-4.1.121.Final.jar:/home/runner/.m2/repository/io/netty/netty-codec/4.1.121.Final/netty-codec-4.1.121.Final.jar:/home/runner/.m2/repository/io/netty/netty-handler-proxy/4.1.121.Final/netty-handler-proxy-4.1.121.Final.jar:/home/runner/.m2/repository/io/netty/netty-codec-socks/4.1.121.Final/netty-codec-socks-4.1.121.Final.jar:/home/runner/.m2/repository/io/netty/netty-codec-http/4.1.121.Final/netty-codec-http-4.1.121.Final.jar:/home/runner/.m2/repository/io/netty/netty-codec-http2/4.1.121.Final/netty-codec-http2-4.1.121.Final.jar:/home/runner/.m2/repository/io/netty/netty-resolver/4.1.121.Final/netty-resolver-4.1.121.Final.jar:/home/runner/.m2/repository/io/netty/netty-resolver-dns/4.1.121.Final/netty-resolver-dns-4.1.121.Final.jar:/home/runner/.m2/repository/io/netty/netty-codec-dns/4.1.121.Final/netty-codec-dns-4.1.121.Final.jar:/home/runner/.m2/repository/com/fasterxml/jackson/core/jackson-core/2.18.2/jackson-core-2.18.2.jar:"/>
    <property name="java.vm.vendor" value="Eclipse Adoptium"/>
    <property name="maven.javadoc.skip" value="true"/>
    <property name="sun.arch.data.model" value="64"/>
    <property name="java.vendor.url" value="https://adoptium.net/"/>
    <property name="user.timezone" value="Etc/UTC"/>
    <property name="os.name" value="Linux"/>
    <property name="java.vm.specification.version" value="17"/>
    <property name="sun.java.launcher" value="SUN_STANDARD"/>
    <property name="quarkus.http.test-port" value="80"/>
    <property name="sun.boot.library.path" value="/usr/lib/jvm/temurin-17-jdk-amd64/lib"/>
    <property name="sun.java.command" value="/home/runner/work/apicurio-testing/apicurio-testing/clusters/ci419/namespaces/mysql/tests/integration/apicurio-registry/integration-tests/target/surefire/surefirebooter-20250928171937312_3.jar /home/runner/work/apicurio-testing/apicurio-testing/clusters/ci419/namespaces/mysql/tests/integration/apicurio-registry/integration-tests/target/surefire 2025-09-28T17-19-37_259-jvmRun1 surefire-20250928171937312_1tmp surefire_0-20250928171937312_2tmp"/>
    <property name="maven.home" value="/home/runner/.m2/wrapper/dists/apache-maven-3.9.8-bin/4fnp1ql35bgk2a0p7m31ovbgb0/apache-maven-3.9.8"/>
    <property name="jdk.debug" value="release"/>
    <property name="surefire.test.class.path" value="/home/runner/work/apicurio-testing/apicurio-testing/clusters/ci419/namespaces/mysql/tests/integration/apicurio-registry/integration-tests/target/test-classes:/home/runner/work/apicurio-testing/apicurio-testing/clusters/ci419/namespaces/mysql/tests/integration/apicurio-registry/integration-tests/target/apicurio-registry-integration-tests-3.0.15.jar:/home/runner/.m2/repository/io/quarkus/quarkus-junit5/3.20.2/quarkus-junit5-3.20.2.jar:/home/runner/.m2/repository/io/quarkus/quarkus-bootstrap-core/3.20.2/quarkus-bootstrap-core-3.20.2.jar:/home/runner/.m2/repository/io/quarkus/quarkus-classloader-commons/3.20.2/quarkus-classloader-commons-3.20.2.jar:/home/runner/.m2/repository/io/quarkus/quarkus-bootstrap-app-model/3.20.2/quarkus-bootstrap-app-model-3.20.2.jar:/home/runner/.m2/repository/io/smallrye/common/smallrye-common-io/2.12.0/smallrye-common-io-2.12.0.jar:/home/runner/.m2/repository/org/eclipse/sisu/org.eclipse.sisu.inject/0.9.0.M3/org.eclipse.sisu.inject-0.9.0.M3.jar:/home/runner/.m2/repository/io/quarkus/quarkus-test-common/3.20.2/quarkus-test-common-3.20.2.jar:/home/runner/.m2/repository/io/quarkus/quarkus-core-deployment/3.20.2/quarkus-core-deployment-3.20.2.jar:/home/runner/.m2/repository/org/aesh/readline/2.6/readline-2.6.jar:/home/runner/.m2/repository/org/fusesource/jansi/jansi/2.4.0/jansi-2.4.0.jar:/home/runner/.m2/repository/org/aesh/aesh/2.8.2/aesh-2.8.2.jar:/home/runner/.m2/repository/io/quarkus/gizmo/gizmo/1.8.0/gizmo-1.8.0.jar:/home/runner/.m2/repository/org/ow2/asm/asm-util/9.7.1/asm-util-9.7.1.jar:/home/runner/.m2/repository/org/ow2/asm/asm-analysis/9.7.1/asm-analysis-9.7.1.jar:/home/runner/.m2/repository/org/ow2/asm/asm-commons/9.7.1/asm-commons-9.7.1.jar:/home/runner/.m2/repository/org/ow2/asm/asm-tree/9.7.1/asm-tree-9.7.1.jar:/home/runner/.m2/repository/io/quarkus/quarkus-hibernate-validator-spi/3.20.2/quarkus-hibernate-validator-spi-3.20.2.jar:/home/runner/.m2/repository/io/quarkus/quarkus-class-change-agent/3.20.2/quarkus-class-change-agent-3.20.2.jar:/home/runner/.m2/repository/io/quarkus/quarkus-devtools-utilities/3.20.2/quarkus-devtools-utilities-3.20.2.jar:/home/runner/.m2/repository/io/quarkus/quarkus-builder/3.20.2/quarkus-builder-3.20.2.jar:/home/runner/.m2/repository/org/graalvm/sdk/nativeimage/23.1.2/nativeimage-23.1.2.jar:/home/runner/.m2/repository/org/graalvm/sdk/word/23.1.2/word-23.1.2.jar:/home/runner/.m2/repository/io/quarkus/quarkus-bootstrap-maven-resolver/3.20.2/quarkus-bootstrap-maven-resolver-3.20.2.jar:/home/runner/.m2/repository/io/smallrye/beanbag/smallrye-beanbag-maven/1.5.2/smallrye-beanbag-maven-1.5.2.jar:/home/runner/.m2/repository/io/smallrye/beanbag/smallrye-beanbag-sisu/1.5.2/smallrye-beanbag-sisu-1.5.2.jar:/home/runner/.m2/repository/io/smallrye/beanbag/smallrye-beanbag/1.5.2/smallrye-beanbag-1.5.2.jar:/home/runner/.m2/repository/javax/inject/javax.inject/1/javax.inject-1.jar:/home/runner/.m2/repository/org/apache/maven/maven-artifact/3.9.9/maven-artifact-3.9.9.jar:/home/runner/.m2/repository/org/apache/maven/maven-builder-support/3.9.9/maven-builder-support-3.9.9.jar:/home/runner/.m2/repository/org/apache/maven/maven-model/3.9.9/maven-model-3.9.9.jar:/home/runner/.m2/repository/org/apache/maven/maven-model-builder/3.9.9/maven-model-builder-3.9.9.jar:/home/runner/.m2/repository/org/apache/maven/maven-repository-metadata/3.9.9/maven-repository-metadata-3.9.9.jar:/home/runner/.m2/repository/org/apache/maven/maven-settings/3.9.9/maven-settings-3.9.9.jar:/home/runner/.m2/repository/org/apache/maven/resolver/maven-resolver-api/1.9.22/maven-resolver-api-1.9.22.jar:/home/runner/.m2/repository/org/apache/maven/resolver/maven-resolver-impl/1.9.22/maven-resolver-impl-1.9.22.jar:/home/runner/.m2/repository/org/apache/maven/resolver/maven-resolver-named-locks/1.9.22/maven-resolver-named-locks-1.9.22.jar:/home/runner/.m2/repository/org/apache/maven/resolver/maven-resolver-spi/1.9.22/maven-resolver-spi-1.9.22.jar:/home/runner/.m2/repository/org/apache/maven/resolver/maven-resolver-util/1.9.22/maven-resolver-util-1.9.22.jar:/home/runner/.m2/repository/org/apache/maven/resolver/maven-resolver-transport-http/1.9.20/maven-resolver-transport-http-1.9.20.jar:/home/runner/.m2/repository/org/apache/maven/wagon/wagon-provider-api/3.5.3/wagon-provider-api-3.5.3.jar:/home/runner/.m2/repository/org/apache/maven/wagon/wagon-http-shared/3.5.3/wagon-http-shared-3.5.3.jar:/home/runner/.m2/repository/org/codehaus/plexus/plexus-interpolation/1.26/plexus-interpolation-1.26.jar:/home/runner/.m2/repository/org/codehaus/plexus/plexus-utils/3.5.1/plexus-utils-3.5.1.jar:/home/runner/.m2/repository/org/codehaus/plexus/plexus-xml/4.0.1/plexus-xml-4.0.1.jar:/home/runner/.m2/repository/org/apache/maven/maven-xml-impl/4.0.0-alpha-5/maven-xml-impl-4.0.0-alpha-5.jar:/home/runner/.m2/repository/org/apache/maven/maven-api-xml/4.0.0-alpha-5/maven-api-xml-4.0.0-alpha-5.jar:/home/runner/.m2/repository/org/apache/maven/maven-api-meta/4.0.0-alpha-5/maven-api-meta-4.0.0-alpha-5.jar:/home/runner/.m2/repository/org/codehaus/plexus/plexus-cipher/2.0/plexus-cipher-2.0.jar:/home/runner/.m2/repository/org/codehaus/plexus/plexus-sec-dispatcher/2.0/plexus-sec-dispatcher-2.0.jar:/home/runner/.m2/repository/org/apache/maven/maven-embedder/3.9.9/maven-embedder-3.9.9.jar:/home/runner/.m2/repository/org/apache/maven/maven-core/3.9.9/maven-core-3.9.9.jar:/home/runner/.m2/repository/org/codehaus/plexus/plexus-component-annotations/2.1.0/plexus-component-annotations-2.1.0.jar:/home/runner/.m2/repository/org/apache/maven/maven-plugin-api/3.9.9/maven-plugin-api-3.9.9.jar:/home/runner/.m2/repository/org/apache/maven/shared/maven-shared-utils/3.4.2/maven-shared-utils-3.4.2.jar:/home/runner/.m2/repository/com/google/inject/guice/5.1.0/guice-5.1.0.jar:/home/runner/.m2/repository/aopalliance/aopalliance/1.0/aopalliance-1.0.jar:/home/runner/.m2/repository/org/codehaus/plexus/plexus-classworlds/2.6.0/plexus-classworlds-2.6.0.jar:/home/runner/.m2/repository/commons-cli/commons-cli/1.8.0/commons-cli-1.8.0.jar:/home/runner/.m2/repository/org/eclipse/sisu/org.eclipse.sisu.plexus/0.9.0.M3/org.eclipse.sisu.plexus-0.9.0.M3.jar:/home/runner/.m2/repository/org/apache/maven/maven-settings-builder/3.9.9/maven-settings-builder-3.9.9.jar:/home/runner/.m2/repository/org/apache/maven/maven-resolver-provider/3.9.9/maven-resolver-provider-3.9.9.jar:/home/runner/.m2/repository/org/apache/maven/resolver/maven-resolver-connector-basic/1.9.22/maven-resolver-connector-basic-1.9.22.jar:/home/runner/.m2/repository/org/apache/maven/resolver/maven-resolver-transport-wagon/1.9.22/maven-resolver-transport-wagon-1.9.22.jar:/home/runner/.m2/repository/org/apache/maven/wagon/wagon-http/3.5.3/wagon-http-3.5.3.jar:/home/runner/.m2/repository/org/apache/maven/wagon/wagon-file/3.5.3/wagon-file-3.5.3.jar:/home/runner/.m2/repository/io/quarkus/quarkus-bootstrap-gradle-resolver/3.20.2/quarkus-bootstrap-gradle-resolver-3.20.2.jar:/home/runner/.m2/repository/io/smallrye/jandex/3.3.0/jandex-3.3.0.jar:/home/runner/.m2/repository/org/jboss/logging/commons-logging-jboss-logging/1.0.0.Final/commons-logging-jboss-logging-1.0.0.Final.jar:/home/runner/.m2/repository/io/quarkus/quarkus-junit5-config/3.20.2/quarkus-junit5-config-3.20.2.jar:/home/runner/.m2/repository/org/junit/jupiter/junit-jupiter-api/5.12.1/junit-jupiter-api-5.12.1.jar:/home/runner/.m2/repository/io/smallrye/config/smallrye-config/3.11.4/smallrye-config-3.11.4.jar:/home/runner/.m2/repository/io/smallrye/config/smallrye-config-core/3.11.4/smallrye-config-core-3.11.4.jar:/home/runner/.m2/repository/io/smallrye/common/smallrye-common-classloader/2.12.0/smallrye-common-classloader-2.12.0.jar:/home/runner/.m2/repository/io/smallrye/config/smallrye-config-common/3.11.4/smallrye-config-common-3.11.4.jar:/home/runner/.m2/repository/org/junit/jupiter/junit-jupiter/5.12.1/junit-jupiter-5.12.1.jar:/home/runner/.m2/repository/org/junit/jupiter/junit-jupiter-params/5.12.1/junit-jupiter-params-5.12.1.jar:/home/runner/.m2/repository/org/junit/jupiter/junit-jupiter-engine/5.12.1/junit-jupiter-engine-5.12.1.jar:/home/runner/.m2/repository/io/quarkus/quarkus-core/3.20.2/quarkus-core-3.20.2.jar:/home/runner/.m2/repository/jakarta/enterprise/jakarta.enterprise.cdi-api/4.1.0/jakarta.enterprise.cdi-api-4.1.0.jar:/home/runner/.m2/repository/jakarta/enterprise/jakarta.enterprise.lang-model/4.1.0/jakarta.enterprise.lang-model-4.1.0.jar:/home/runner/.m2/repository/jakarta/el/jakarta.el-api/5.0.1/jakarta.el-api-5.0.1.jar:/home/runner/.m2/repository/jakarta/interceptor/jakarta.interceptor-api/2.2.0/jakarta.interceptor-api-2.2.0.jar:/home/runner/.m2/repository/jakarta/inject/jakarta.inject-api/2.0.1/jakarta.inject-api-2.0.1.jar:/home/runner/.m2/repository/io/smallrye/common/smallrye-common-os/2.12.0/smallrye-common-os-2.12.0.jar:/home/runner/.m2/repository/io/quarkus/quarkus-ide-launcher/3.20.2/quarkus-ide-launcher-3.20.2.jar:/home/runner/.m2/repository/io/quarkus/quarkus-development-mode-spi/3.20.2/quarkus-development-mode-spi-3.20.2.jar:/home/runner/.m2/repository/org/jboss/logging/jboss-logging/3.6.1.Final/jboss-logging-3.6.1.Final.jar:/home/runner/.m2/repository/org/jboss/logmanager/jboss-logmanager/3.1.2.Final/jboss-logmanager-3.1.2.Final.jar:/home/runner/.m2/repository/io/smallrye/common/smallrye-common-constraint/2.12.0/smallrye-common-constraint-2.12.0.jar:/home/runner/.m2/repository/io/smallrye/common/smallrye-common-cpu/2.12.0/smallrye-common-cpu-2.12.0.jar:/home/runner/.m2/repository/io/smallrye/common/smallrye-common-expression/2.12.0/smallrye-common-expression-2.12.0.jar:/home/runner/.m2/repository/io/smallrye/common/smallrye-common-net/2.12.0/smallrye-common-net-2.12.0.jar:/home/runner/.m2/repository/io/smallrye/common/smallrye-common-ref/2.12.0/smallrye-common-ref-2.12.0.jar:/home/runner/.m2/repository/jakarta/json/jakarta.json-api/2.1.3/jakarta.json-api-2.1.3.jar:/home/runner/.m2/repository/org/eclipse/parsson/parsson/1.1.7/parsson-1.1.7.jar:/home/runner/.m2/repository/org/jboss/logging/jboss-logging-annotations/3.0.4.Final/jboss-logging-annotations-3.0.4.Final.jar:/home/runner/.m2/repository/org/jboss/threads/jboss-threads/3.8.0.Final/jboss-threads-3.8.0.Final.jar:/home/runner/.m2/repository/io/smallrye/common/smallrye-common-annotation/2.12.0/smallrye-common-annotation-2.12.0.jar:/home/runner/.m2/repository/io/smallrye/common/smallrye-common-function/2.12.0/smallrye-common-function-2.12.0.jar:/home/runner/.m2/repository/org/jboss/slf4j/slf4j-jboss-logmanager/2.0.0.Final/slf4j-jboss-logmanager-2.0.0.Final.jar:/home/runner/.m2/repository/org/wildfly/common/wildfly-common/2.0.1/wildfly-common-2.0.1.jar:/home/runner/.m2/repository/io/quarkus/quarkus-bootstrap-runner/3.20.2/quarkus-bootstrap-runner-3.20.2.jar:/home/runner/.m2/repository/io/github/crac/org-crac/0.1.3/org-crac-0.1.3.jar:/home/runner/.m2/repository/io/quarkus/quarkus-fs-util/0.0.10/quarkus-fs-util-0.0.10.jar:/home/runner/.m2/repository/org/jboss/marshalling/jboss-marshalling/2.2.2.Final/jboss-marshalling-2.2.2.Final.jar:/home/runner/.m2/repository/io/fabric8/kubernetes-client/7.1.0/kubernetes-client-7.1.0.jar:/home/runner/.m2/repository/io/fabric8/kubernetes-client-api/7.1.0/kubernetes-client-api-7.1.0.jar:/home/runner/.m2/repository/io/fabric8/kubernetes-model-core/7.1.0/kubernetes-model-core-7.1.0.jar:/home/runner/.m2/repository/io/fabric8/kubernetes-model-common/7.1.0/kubernetes-model-common-7.1.0.jar:/home/runner/.m2/repository/javax/annotation/javax.annotation-api/1.3.2/javax.annotation-api-1.3.2.jar:/home/runner/.m2/repository/io/fabric8/kubernetes-model-gatewayapi/7.1.0/kubernetes-model-gatewayapi-7.1.0.jar:/home/runner/.m2/repository/io/fabric8/kubernetes-model-resource/7.1.0/kubernetes-model-resource-7.1.0.jar:/home/runner/.m2/repository/io/fabric8/kubernetes-model-rbac/7.1.0/kubernetes-model-rbac-7.1.0.jar:/home/runner/.m2/repository/io/fabric8/kubernetes-model-admissionregistration/7.1.0/kubernetes-model-admissionregistration-7.1.0.jar:/home/runner/.m2/repository/io/fabric8/kubernetes-model-apps/7.1.0/kubernetes-model-apps-7.1.0.jar:/home/runner/.m2/repository/io/fabric8/kubernetes-model-autoscaling/7.1.0/kubernetes-model-autoscaling-7.1.0.jar:/home/runner/.m2/repository/io/fabric8/kubernetes-model-apiextensions/7.1.0/kubernetes-model-apiextensions-7.1.0.jar:/home/runner/.m2/repository/io/fabric8/kubernetes-model-batch/7.1.0/kubernetes-model-batch-7.1.0.jar:/home/runner/.m2/repository/io/fabric8/kubernetes-model-certificates/7.1.0/kubernetes-model-certificates-7.1.0.jar:/home/runner/.m2/repository/io/fabric8/kubernetes-model-coordination/7.1.0/kubernetes-model-coordination-7.1.0.jar:/home/runner/.m2/repository/io/fabric8/kubernetes-model-discovery/7.1.0/kubernetes-model-discovery-7.1.0.jar:/home/runner/.m2/repository/io/fabric8/kubernetes-model-events/7.1.0/kubernetes-model-events-7.1.0.jar:/home/runner/.m2/repository/io/fabric8/kubernetes-model-extensions/7.1.0/kubernetes-model-extensions-7.1.0.jar:/home/runner/.m2/repository/io/fabric8/kubernetes-model-flowcontrol/7.1.0/kubernetes-model-flowcontrol-7.1.0.jar:/home/runner/.m2/repository/io/fabric8/kubernetes-model-networking/7.1.0/kubernetes-model-networking-7.1.0.jar:/home/runner/.m2/repository/io/fabric8/kubernetes-model-metrics/7.1.0/kubernetes-model-metrics-7.1.0.jar:/home/runner/.m2/repository/io/fabric8/kubernetes-model-policy/7.1.0/kubernetes-model-policy-7.1.0.jar:/home/runner/.m2/repository/io/fabric8/kubernetes-model-scheduling/7.1.0/kubernetes-model-scheduling-7.1.0.jar:/home/runner/.m2/repository/io/fabric8/kubernetes-model-storageclass/7.1.0/kubernetes-model-storageclass-7.1.0.jar:/home/runner/.m2/repository/io/fabric8/kubernetes-model-node/7.1.0/kubernetes-model-node-7.1.0.jar:/home/runner/.m2/repository/org/snakeyaml/snakeyaml-engine/2.9/snakeyaml-engine-2.9.jar:/home/runner/.m2/repository/com/fasterxml/jackson/dataformat/jackson-dataformat-yaml/2.18.2/jackson-dataformat-yaml-2.18.2.jar:/home/runner/.m2/repository/com/fasterxml/jackson/datatype/jackson-datatype-jsr310/2.18.2/jackson-datatype-jsr310-2.18.2.jar:/home/runner/.m2/repository/io/fabric8/zjsonpatch/7.1.0/zjsonpatch-7.1.0.jar:/home/runner/.m2/repository/io/fabric8/kubernetes-httpclient-vertx/7.1.0/kubernetes-httpclient-vertx-7.1.0.jar:/home/runner/.m2/repository/io/vertx/vertx-web-client/4.5.16/vertx-web-client-4.5.16.jar:/home/runner/.m2/repository/io/vertx/vertx-web-common/4.5.16/vertx-web-common-4.5.16.jar:/home/runner/.m2/repository/io/vertx/vertx-auth-common/4.5.16/vertx-auth-common-4.5.16.jar:/home/runner/.m2/repository/io/vertx/vertx-uri-template/4.5.16/vertx-uri-template-4.5.16.jar:/home/runner/.m2/repository/io/fabric8/openshift-client/7.1.0/openshift-client-7.1.0.jar:/home/runner/.m2/repository/io/fabric8/openshift-client-api/7.1.0/openshift-client-api-7.1.0.jar:/home/runner/.m2/repository/io/fabric8/openshift-model/7.1.0/openshift-model-7.1.0.jar:/home/runner/.m2/repository/io/fabric8/openshift-model-autoscaling/7.1.0/openshift-model-autoscaling-7.1.0.jar:/home/runner/.m2/repository/io/fabric8/openshift-model-operator/7.1.0/openshift-model-operator-7.1.0.jar:/home/runner/.m2/repository/io/fabric8/openshift-model-operatorhub/7.1.0/openshift-model-operatorhub-7.1.0.jar:/home/runner/.m2/repository/io/fabric8/openshift-model-machine/7.1.0/openshift-model-machine-7.1.0.jar:/home/runner/.m2/repository/io/fabric8/openshift-model-whereabouts/7.1.0/openshift-model-whereabouts-7.1.0.jar:/home/runner/.m2/repository/io/fabric8/openshift-model-monitoring/7.1.0/openshift-model-monitoring-7.1.0.jar:/home/runner/.m2/repository/io/fabric8/openshift-model-storageversionmigrator/7.1.0/openshift-model-storageversionmigrator-7.1.0.jar:/home/runner/.m2/repository/io/fabric8/openshift-model-tuned/7.1.0/openshift-model-tuned-7.1.0.jar:/home/runner/.m2/repository/io/fabric8/openshift-model-console/7.1.0/openshift-model-console-7.1.0.jar:/home/runner/.m2/repository/io/fabric8/openshift-model-config/7.1.0/openshift-model-config-7.1.0.jar:/home/runner/.m2/repository/io/fabric8/openshift-model-machineconfiguration/7.1.0/openshift-model-machineconfiguration-7.1.0.jar:/home/runner/.m2/repository/io/fabric8/openshift-model-miscellaneous/7.1.0/openshift-model-miscellaneous-7.1.0.jar:/home/runner/.m2/repository/io/fabric8/openshift-model-hive/7.1.0/openshift-model-hive-7.1.0.jar:/home/runner/.m2/repository/io/fabric8/openshift-model-installer/7.1.0/openshift-model-installer-7.1.0.jar:/home/runner/.m2/repository/org/junit/platform/junit-platform-launcher/1.12.1/junit-platform-launcher-1.12.1.jar:/home/runner/.m2/repository/org/junit/platform/junit-platform-engine/1.12.1/junit-platform-engine-1.12.1.jar:/home/runner/.m2/repository/org/opentest4j/opentest4j/1.3.0/opentest4j-1.3.0.jar:/home/runner/.m2/repository/org/junit/platform/junit-platform-commons/1.12.1/junit-platform-commons-1.12.1.jar:/home/runner/.m2/repository/org/apiguardian/apiguardian-api/1.1.2/apiguardian-api-1.1.2.jar:/home/runner/.m2/repository/jakarta/ws/rs/jakarta.ws.rs-api/3.1.0/jakarta.ws.rs-api-3.1.0.jar:/home/runner/work/apicurio-testing/apicurio-testing/clusters/ci419/namespaces/mysql/tests/integration/apicurio-registry/java-sdk/target/apicurio-registry-java-sdk-3.0.15.jar:/home/runner/.m2/repository/com/microsoft/kiota/microsoft-kiota-abstractions/1.8.10/microsoft-kiota-abstractions-1.8.10.jar:/home/runner/.m2/repository/io/github/std-uritemplate/std-uritemplate/2.0.0/std-uritemplate-2.0.0.jar:/home/runner/.m2/repository/io/kiota/kiota-http-jdk/0.0.29/kiota-http-jdk-0.0.29.jar:/home/runner/.m2/repository/io/kiota/kiota-http-vertx/0.0.29/kiota-http-vertx-0.0.29.jar:/home/runner/.m2/repository/io/kiota/kiota-serialization-jackson/0.0.29/kiota-serialization-jackson-0.0.29.jar:/home/runner/.m2/repository/com/microsoft/kiota/microsoft-kiota-serialization-text/1.8.10/microsoft-kiota-serialization-text-1.8.10.jar:/home/runner/.m2/repository/com/microsoft/kiota/microsoft-kiota-serialization-form/1.8.10/microsoft-kiota-serialization-form-1.8.10.jar:/home/runner/.m2/repository/com/microsoft/kiota/microsoft-kiota-serialization-multipart/1.8.10/microsoft-kiota-serialization-multipart-1.8.10.jar:/home/runner/.m2/repository/jakarta/annotation/jakarta.annotation-api/3.0.0/jakarta.annotation-api-3.0.0.jar:/home/runner/.m2/repository/io/vertx/vertx-auth-oauth2/4.5.16/vertx-auth-oauth2-4.5.16.jar:/home/runner/work/apicurio-testing/apicurio-testing/clusters/ci419/namespaces/mysql/tests/integration/apicurio-registry/java-sdk-v2/target/apicurio-registry-v2-java-sdk-3.0.15.jar:/home/runner/work/apicurio-testing/apicurio-testing/clusters/ci419/namespaces/mysql/tests/integration/apicurio-registry/utils/kafka/target/apicurio-registry-utils-kafka-3.0.15-tests.jar:/home/runner/.m2/repository/org/eclipse/microprofile/config/microprofile-config-api/3.1/microprofile-config-api-3.1.jar:/home/runner/.m2/repository/org/apache/kafka/kafka-clients/3.9.1/kafka-clients-3.9.1.jar:/home/runner/.m2/repository/com/github/luben/zstd-jni/1.5.6-4/zstd-jni-1.5.6-4.jar:/home/runner/.m2/repository/org/lz4/lz4-java/1.8.0/lz4-java-1.8.0.jar:/home/runner/.m2/repository/org/xerial/snappy/snappy-java/1.1.10.5/snappy-java-1.1.10.5.jar:/home/runner/.m2/repository/org/slf4j/slf4j-api/2.0.6/slf4j-api-2.0.6.jar:/home/runner/work/apicurio-testing/apicurio-testing/clusters/ci419/namespaces/mysql/tests/integration/apicurio-registry/utils/tests/target/apicurio-registry-utils-tests-3.0.15.jar:/home/runner/work/apicurio-testing/apicurio-testing/clusters/ci419/namespaces/mysql/tests/integration/apicurio-registry/common/target/apicurio-registry-common-3.0.15.jar:/home/runner/.m2/repository/jakarta/validation/jakarta.validation-api/3.0.2/jakarta.validation-api-3.0.2.jar:/home/runner/.m2/repository/com/github/dasniko/testcontainers-keycloak/3.8.0/testcontainers-keycloak-3.8.0.jar:/home/runner/.m2/repository/org/testcontainers/testcontainers/1.20.6/testcontainers-1.20.6.jar:/home/runner/.m2/repository/org/rnorth/duct-tape/duct-tape/1.0.8/duct-tape-1.0.8.jar:/home/runner/.m2/repository/com/github/docker-java/docker-java-transport-zerodep/3.4.1/docker-java-transport-zerodep-3.4.1.jar:/home/runner/.m2/repository/com/github/docker-java/docker-java-transport/3.4.1/docker-java-transport-3.4.1.jar:/home/runner/.m2/repository/net/java/dev/jna/jna/5.8.0/jna-5.8.0.jar:/home/runner/.m2/repository/io/quarkus/quarkus-junit4-mock/3.20.2/quarkus-junit4-mock-3.20.2.jar:/home/runner/.m2/repository/org/jboss/shrinkwrap/shrinkwrap-api/2.0.0-beta-2/shrinkwrap-api-2.0.0-beta-2.jar:/home/runner/.m2/repository/org/jboss/shrinkwrap/shrinkwrap-impl-base/2.0.0-beta-2/shrinkwrap-impl-base-2.0.0-beta-2.jar:/home/runner/.m2/repository/org/jboss/shrinkwrap/shrinkwrap-spi/2.0.0-beta-2/shrinkwrap-spi-2.0.0-beta-2.jar:/home/runner/.m2/repository/org/keycloak/keycloak-admin-client/26.0.4/keycloak-admin-client-26.0.4.jar:/home/runner/.m2/repository/org/keycloak/keycloak-client-common-synced/26.0.4/keycloak-client-common-synced-26.0.4.jar:/home/runner/.m2/repository/jakarta/activation/jakarta.activation-api/2.1.3/jakarta.activation-api-2.1.3.jar:/home/runner/.m2/repository/org/eclipse/microprofile/openapi/microprofile-openapi-api/4.0.2/microprofile-openapi-api-4.0.2.jar:/home/runner/.m2/repository/org/jboss/resteasy/resteasy-client/6.2.12.Final/resteasy-client-6.2.12.Final.jar:/home/runner/.m2/repository/org/jboss/resteasy/resteasy-client-api/6.2.12.Final/resteasy-client-api-6.2.12.Final.jar:/home/runner/.m2/repository/org/jboss/resteasy/resteasy-core-spi/6.2.12.Final/resteasy-core-spi-6.2.12.Final.jar:/home/runner/.m2/repository/org/jboss/resteasy/resteasy-core/6.2.12.Final/resteasy-core-6.2.12.Final.jar:/home/runner/.m2/repository/org/eclipse/angus/angus-activation/2.0.2/angus-activation-2.0.2.jar:/home/runner/.m2/repository/com/ibm/async/asyncutil/0.1.0/asyncutil-0.1.0.jar:/home/runner/.m2/repository/org/reactivestreams/reactive-streams/1.0.4/reactive-streams-1.0.4.jar:/home/runner/.m2/repository/org/jboss/resteasy/resteasy-multipart-provider/6.2.12.Final/resteasy-multipart-provider-6.2.12.Final.jar:/home/runner/.m2/repository/jakarta/mail/jakarta.mail-api/2.1.3/jakarta.mail-api-2.1.3.jar:/home/runner/.m2/repository/org/eclipse/angus/angus-mail/2.0.3/angus-mail-2.0.3.jar:/home/runner/.m2/repository/org/apache/james/apache-mime4j-dom/0.8.12/apache-mime4j-dom-0.8.12.jar:/home/runner/.m2/repository/org/apache/james/apache-mime4j-core/0.8.12/apache-mime4j-core-0.8.12.jar:/home/runner/.m2/repository/org/apache/james/apache-mime4j-storage/0.8.12/apache-mime4j-storage-0.8.12.jar:/home/runner/.m2/repository/org/jboss/resteasy/resteasy-jackson2-provider/6.2.12.Final/resteasy-jackson2-provider-6.2.12.Final.jar:/home/runner/.m2/repository/com/fasterxml/jackson/jakarta/rs/jackson-jakarta-rs-base/2.18.2/jackson-jakarta-rs-base-2.18.2.jar:/home/runner/.m2/repository/com/fasterxml/jackson/jakarta/rs/jackson-jakarta-rs-json-provider/2.18.2/jackson-jakarta-rs-json-provider-2.18.2.jar:/home/runner/.m2/repository/com/fasterxml/jackson/module/jackson-module-jakarta-xmlbind-annotations/2.18.2/jackson-module-jakarta-xmlbind-annotations-2.18.2.jar:/home/runner/.m2/repository/com/github/java-json-tools/json-patch/1.13/json-patch-1.13.jar:/home/runner/.m2/repository/com/github/java-json-tools/msg-simple/1.2/msg-simple-1.2.jar:/home/runner/.m2/repository/com/github/java-json-tools/btf/1.3/btf-1.3.jar:/home/runner/.m2/repository/com/github/java-json-tools/jackson-coreutils/2.0/jackson-coreutils-2.0.jar:/home/runner/.m2/repository/org/jboss/resteasy/resteasy-jaxb-provider/6.2.12.Final/resteasy-jaxb-provider-6.2.12.Final.jar:/home/runner/.m2/repository/org/glassfish/jaxb/codemodel/4.0.5/codemodel-4.0.5.jar:/home/runner/.m2/repository/org/glassfish/jaxb/jaxb-core/4.0.5/jaxb-core-4.0.5.jar:/home/runner/.m2/repository/org/glassfish/jaxb/jaxb-jxc/4.0.5/jaxb-jxc-4.0.5.jar:/home/runner/.m2/repository/org/glassfish/jaxb/jaxb-runtime/4.0.5/jaxb-runtime-4.0.5.jar:/home/runner/.m2/repository/org/glassfish/jaxb/txw2/4.0.5/txw2-4.0.5.jar:/home/runner/.m2/repository/org/glassfish/jaxb/jaxb-xjc/4.0.5/jaxb-xjc-4.0.5.jar:/home/runner/.m2/repository/org/glassfish/jaxb/xsom/4.0.5/xsom-4.0.5.jar:/home/runner/.m2/repository/com/sun/istack/istack-commons-runtime/4.1.2/istack-commons-runtime-4.1.2.jar:/home/runner/.m2/repository/com/sun/istack/istack-commons-tools/4.1.2/istack-commons-tools-4.1.2.jar:/home/runner/.m2/repository/com/sun/xml/bind/external/relaxng-datatype/4.0.5/relaxng-datatype-4.0.5.jar:/home/runner/.m2/repository/com/sun/xml/bind/external/rngom/4.0.5/rngom-4.0.5.jar:/home/runner/.m2/repository/org/testcontainers/mssqlserver/1.20.6/mssqlserver-1.20.6.jar:/home/runner/.m2/repository/org/testcontainers/jdbc/1.20.6/jdbc-1.20.6.jar:/home/runner/.m2/repository/org/testcontainers/database-commons/1.20.6/database-commons-1.20.6.jar:/home/runner/.m2/repository/org/testcontainers/mysql/1.20.6/mysql-1.20.6.jar:/home/runner/.m2/repository/io/strimzi/strimzi-test-container/0.112.0/strimzi-test-container-0.112.0.jar:/home/runner/.m2/repository/org/testcontainers/toxiproxy/1.20.6/toxiproxy-1.20.6.jar:/home/runner/.m2/repository/com/github/docker-java/docker-java-api/3.4.1/docker-java-api-3.4.1.jar:/home/runner/.m2/repository/org/apache/logging/log4j/log4j-slf4j-impl/2.19.0/log4j-slf4j-impl-2.19.0.jar:/home/runner/.m2/repository/org/apache/logging/log4j/log4j-api/2.24.3/log4j-api-2.24.3.jar:/home/runner/.m2/repository/org/apache/logging/log4j/log4j-core/2.19.0/log4j-core-2.19.0.jar:/home/runner/.m2/repository/eu/rekawek/toxiproxy/toxiproxy-java/2.1.7/toxiproxy-java-2.1.7.jar:/home/runner/.m2/repository/org/testcontainers/pulsar/1.21.3/pulsar-1.21.3.jar:/home/runner/.m2/repository/io/debezium/debezium-testing-testcontainers/2.7.4.Final/debezium-testing-testcontainers-2.7.4.Final.jar:/home/runner/.m2/repository/org/testcontainers/kafka/1.20.6/kafka-1.20.6.jar:/home/runner/.m2/repository/com/squareup/okhttp3/okhttp/4.8.1/okhttp-4.8.1.jar:/home/runner/.m2/repository/com/squareup/okio/okio/3.10.2/okio-3.10.2.jar:/home/runner/.m2/repository/com/squareup/okio/okio-jvm/3.10.2/okio-jvm-3.10.2.jar:/home/runner/.m2/repository/org/jetbrains/kotlin/kotlin-stdlib/2.0.21/kotlin-stdlib-2.0.21.jar:/home/runner/.m2/repository/org/awaitility/awaitility/4.3.0/awaitility-4.3.0.jar:/home/runner/.m2/repository/org/testcontainers/mongodb/1.20.6/mongodb-1.20.6.jar:/home/runner/.m2/repository/org/testcontainers/mariadb/1.20.6/mariadb-1.20.6.jar:/home/runner/.m2/repository/org/testcontainers/oracle-xe/1.20.6/oracle-xe-1.20.6.jar:/home/runner/.m2/repository/org/testcontainers/postgresql/1.20.6/postgresql-1.20.6.jar:/home/runner/.m2/repository/org/wiremock/wiremock/3.0.1/wiremock-3.0.1.jar:/home/runner/.m2/repository/org/eclipse/jetty/jetty-server/11.0.15/jetty-server-11.0.15.jar:/home/runner/.m2/repository/org/eclipse/jetty/toolchain/jetty-jakarta-servlet-api/5.0.2/jetty-jakarta-servlet-api-5.0.2.jar:/home/runner/.m2/repository/org/eclipse/jetty/jetty-http/11.0.15/jetty-http-11.0.15.jar:/home/runner/.m2/repository/org/eclipse/jetty/jetty-io/11.0.15/jetty-io-11.0.15.jar:/home/runner/.m2/repository/org/eclipse/jetty/jetty-servlet/11.0.15/jetty-servlet-11.0.15.jar:/home/runner/.m2/repository/org/eclipse/jetty/jetty-security/11.0.15/jetty-security-11.0.15.jar:/home/runner/.m2/repository/org/eclipse/jetty/jetty-servlets/11.0.15/jetty-servlets-11.0.15.jar:/home/runner/.m2/repository/org/eclipse/jetty/jetty-util/11.0.15/jetty-util-11.0.15.jar:/home/runner/.m2/repository/org/eclipse/jetty/jetty-webapp/11.0.15/jetty-webapp-11.0.15.jar:/home/runner/.m2/repository/org/eclipse/jetty/jetty-xml/11.0.15/jetty-xml-11.0.15.jar:/home/runner/.m2/repository/org/eclipse/jetty/jetty-proxy/11.0.15/jetty-proxy-11.0.15.jar:/home/runner/.m2/repository/org/eclipse/jetty/jetty-client/11.0.15/jetty-client-11.0.15.jar:/home/runner/.m2/repository/org/eclipse/jetty/http2/http2-server/11.0.15/http2-server-11.0.15.jar:/home/runner/.m2/repository/org/eclipse/jetty/http2/http2-common/11.0.15/http2-common-11.0.15.jar:/home/runner/.m2/repository/org/eclipse/jetty/http2/http2-hpack/11.0.15/http2-hpack-11.0.15.jar:/home/runner/.m2/repository/org/eclipse/jetty/jetty-alpn-server/11.0.15/jetty-alpn-server-11.0.15.jar:/home/runner/.m2/repository/org/eclipse/jetty/jetty-alpn-java-server/11.0.15/jetty-alpn-java-server-11.0.15.jar:/home/runner/.m2/repository/org/eclipse/jetty/jetty-alpn-java-client/11.0.15/jetty-alpn-java-client-11.0.15.jar:/home/runner/.m2/repository/org/eclipse/jetty/jetty-alpn-client/11.0.15/jetty-alpn-client-11.0.15.jar:/home/runner/.m2/repository/org/apache/httpcomponents/client5/httpclient5/5.2.1/httpclient5-5.2.1.jar:/home/runner/.m2/repository/org/apache/httpcomponents/core5/httpcore5/5.2/httpcore5-5.2.jar:/home/runner/.m2/repository/org/apache/httpcomponents/core5/httpcore5-h2/5.2/httpcore5-h2-5.2.jar:/home/runner/.m2/repository/org/xmlunit/xmlunit-core/2.9.1/xmlunit-core-2.9.1.jar:/home/runner/.m2/repository/jakarta/xml/bind/jakarta.xml.bind-api/4.0.2/jakarta.xml.bind-api-4.0.2.jar:/home/runner/.m2/repository/org/xmlunit/xmlunit-legacy/2.9.1/xmlunit-legacy-2.9.1.jar:/home/runner/.m2/repository/org/xmlunit/xmlunit-placeholders/2.9.1/xmlunit-placeholders-2.9.1.jar:/home/runner/.m2/repository/net/javacrumbs/json-unit/json-unit-core/2.38.0/json-unit-core-2.38.0.jar:/home/runner/.m2/repository/org/hamcrest/hamcrest-core/2.2/hamcrest-core-2.2.jar:/home/runner/.m2/repository/com/jayway/jsonpath/json-path/2.8.0/json-path-2.8.0.jar:/home/runner/.m2/repository/net/minidev/json-smart/2.4.10/json-smart-2.4.10.jar:/home/runner/.m2/repository/net/minidev/accessors-smart/2.4.9/accessors-smart-2.4.9.jar:/home/runner/.m2/repository/org/ow2/asm/asm/9.7.1/asm-9.7.1.jar:/home/runner/.m2/repository/net/sf/jopt-simple/jopt-simple/5.0.4/jopt-simple-5.0.4.jar:/home/runner/.m2/repository/com/github/jknack/handlebars/4.3.1/handlebars-4.3.1.jar:/home/runner/.m2/repository/com/github/jknack/handlebars-helpers/4.3.1/handlebars-helpers-4.3.1.jar:/home/runner/.m2/repository/commons-fileupload/commons-fileupload/1.5/commons-fileupload-1.5.jar:/home/runner/.m2/repository/com/networknt/json-schema-validator/1.5.8/json-schema-validator-1.5.8.jar:/home/runner/.m2/repository/com/ethlo/time/itu/1.10.3/itu-1.10.3.jar:/home/runner/.m2/repository/io/quarkus/quarkus-smallrye-jwt-build/3.20.2/quarkus-smallrye-jwt-build-3.20.2.jar:/home/runner/.m2/repository/io/smallrye/smallrye-jwt-build/4.6.2/smallrye-jwt-build-4.6.2.jar:/home/runner/.m2/repository/org/eclipse/microprofile/jwt/microprofile-jwt-auth-api/2.1/microprofile-jwt-auth-api-2.1.jar:/home/runner/.m2/repository/org/bitbucket/b_c/jose4j/0.9.6/jose4j-0.9.6.jar:/home/runner/.m2/repository/io/smallrye/smallrye-jwt-common/4.6.2/smallrye-jwt-common-4.6.2.jar:/home/runner/.m2/repository/io/quarkus/quarkus-jsonp/3.20.2/quarkus-jsonp-3.20.2.jar:/home/runner/.m2/repository/io/quarkus/quarkus-arc/3.20.2/quarkus-arc-3.20.2.jar:/home/runner/.m2/repository/io/quarkus/arc/arc/3.20.2/arc-3.20.2.jar:/home/runner/.m2/repository/jakarta/transaction/jakarta.transaction-api/2.0.1/jakarta.transaction-api-2.0.1.jar:/home/runner/.m2/repository/io/smallrye/reactive/mutiny/2.9.2/mutiny-2.9.2.jar:/home/runner/.m2/repository/org/jctools/jctools-core/4.0.5/jctools-core-4.0.5.jar:/home/runner/.m2/repository/org/eclipse/microprofile/context-propagation/microprofile-context-propagation-api/1.3/microprofile-context-propagation-api-1.3.jar:/home/runner/.m2/repository/io/apicurio/apicurio-common-rest-client-common/0.1.18.Final/apicurio-common-rest-client-common-0.1.18.Final.jar:/home/runner/work/apicurio-testing/apicurio-testing/clusters/ci419/namespaces/mysql/tests/integration/apicurio-registry/utils/maven-plugin/target/apicurio-registry-maven-plugin-3.0.15.jar:/home/runner/.m2/repository/com/fasterxml/jackson/core/jackson-databind/2.18.2/jackson-databind-2.18.2.jar:/home/runner/.m2/repository/org/apache/avro/avro/1.12.0/avro-1.12.0.jar:/home/runner/.m2/repository/com/google/protobuf/protobuf-java/4.32.1/protobuf-java-4.32.1.jar:/home/runner/.m2/repository/com/google/protobuf/protobuf-java-util/4.32.1/protobuf-java-util-4.32.1.jar:/home/runner/.m2/repository/com/google/code/findbugs/jsr305/3.0.2/jsr305-3.0.2.jar:/home/runner/.m2/repository/com/google/code/gson/gson/2.12.1/gson-2.12.1.jar:/home/runner/.m2/repository/com/google/errorprone/error_prone_annotations/2.36.0/error_prone_annotations-2.36.0.jar:/home/runner/.m2/repository/com/google/j2objc/j2objc-annotations/2.8/j2objc-annotations-2.8.jar:/home/runner/work/apicurio-testing/apicurio-testing/clusters/ci419/namespaces/mysql/tests/integration/apicurio-registry/schema-util/util-provider/target/apicurio-registry-schema-util-provider-3.0.15.jar:/home/runner/work/apicurio-testing/apicurio-testing/clusters/ci419/namespaces/mysql/tests/integration/apicurio-registry/schema-util/common/target/apicurio-registry-schema-util-common-3.0.15.jar:/home/runner/.m2/repository/com/fasterxml/jackson/module/jackson-module-parameter-names/2.18.2/jackson-module-parameter-names-2.18.2.jar:/home/runner/.m2/repository/com/fasterxml/jackson/datatype/jackson-datatype-json-org/2.18.2/jackson-datatype-json-org-2.18.2.jar:/home/runner/work/apicurio-testing/apicurio-testing/clusters/ci419/namespaces/mysql/tests/integration/apicurio-registry/schema-util/json/target/apicurio-registry-schema-util-json-3.0.15.jar:/home/runner/.m2/repository/com/github/erosb/everit-json-schema/1.14.5/everit-json-schema-1.14.5.jar:/home/runner/.m2/repository/commons-validator/commons-validator/1.9.0/commons-validator-1.9.0.jar:/home/runner/.m2/repository/commons-digester/commons-digester/2.1/commons-digester-2.1.jar:/home/runner/.m2/repository/commons-collections/commons-collections/3.2.2/commons-collections-3.2.2.jar:/home/runner/.m2/repository/com/damnhandy/handy-uri-templates/2.1.8/handy-uri-templates-2.1.8.jar:/home/runner/.m2/repository/joda-time/joda-time/2.10.2/joda-time-2.10.2.jar:/home/runner/.m2/repository/com/github/erosb/json-sKema/0.20.0/json-sKema-0.20.0.jar:/home/runner/.m2/repository/io/vertx/vertx-json-schema/4.5.16/vertx-json-schema-4.5.16.jar:/home/runner/work/apicurio-testing/apicurio-testing/clusters/ci419/namespaces/mysql/tests/integration/apicurio-registry/schema-util/protobuf/target/apicurio-registry-schema-util-protobuf-3.0.15.jar:/home/runner/work/apicurio-testing/apicurio-testing/clusters/ci419/namespaces/mysql/tests/integration/apicurio-registry/utils/protobuf-schema-utilities/target/apicurio-registry-protobuf-schema-utilities-3.0.15.jar:/home/runner/.m2/repository/com/google/api/grpc/proto-google-common-protos/2.52.0/proto-google-common-protos-2.52.0.jar:/home/runner/.m2/repository/com/squareup/wire/wire-schema-jvm/5.3.3/wire-schema-jvm-5.3.3.jar:/home/runner/.m2/repository/com/palantir/javapoet/javapoet/0.6.0/javapoet-0.6.0.jar:/home/runner/.m2/repository/com/squareup/kotlinpoet-jvm/2.0.0/kotlinpoet-jvm-2.0.0.jar:/home/runner/.m2/repository/org/jetbrains/kotlin/kotlin-reflect/2.0.21/kotlin-reflect-2.0.21.jar:/home/runner/.m2/repository/com/squareup/wire/wire-runtime-jvm/5.3.3/wire-runtime-jvm-5.3.3.jar:/home/runner/.m2/repository/com/ibm/icu/icu4j/76.1/icu4j-76.1.jar:/home/runner/.m2/repository/com/squareup/okio/okio-fakefilesystem/3.10.2/okio-fakefilesystem-3.10.2.jar:/home/runner/.m2/repository/com/squareup/okio/okio-fakefilesystem-jvm/3.10.2/okio-fakefilesystem-jvm-3.10.2.jar:/home/runner/.m2/repository/org/jetbrains/kotlinx/kotlinx-datetime-jvm/0.6.1/kotlinx-datetime-jvm-0.6.1.jar:/home/runner/work/apicurio-testing/apicurio-testing/clusters/ci419/namespaces/mysql/tests/integration/apicurio-registry/schema-util/asyncapi/target/apicurio-registry-schema-util-asyncapi-3.0.15.jar:/home/runner/work/apicurio-testing/apicurio-testing/clusters/ci419/namespaces/mysql/tests/integration/apicurio-registry/schema-util/avro/target/apicurio-registry-schema-util-avro-3.0.15.jar:/home/runner/work/apicurio-testing/apicurio-testing/clusters/ci419/namespaces/mysql/tests/integration/apicurio-registry/schema-util/graphql/target/apicurio-registry-schema-util-graphql-3.0.15.jar:/home/runner/.m2/repository/com/graphql-java/graphql-java/22.4/graphql-java-22.4.jar:/home/runner/.m2/repository/com/graphql-java/java-dataloader/3.3.0/java-dataloader-3.3.0.jar:/home/runner/work/apicurio-testing/apicurio-testing/clusters/ci419/namespaces/mysql/tests/integration/apicurio-registry/schema-util/kconnect/target/apicurio-registry-schema-util-kconnect-3.0.15.jar:/home/runner/work/apicurio-testing/apicurio-testing/clusters/ci419/namespaces/mysql/tests/integration/apicurio-registry/schema-util/openapi/target/apicurio-registry-schema-util-openapi-3.0.15.jar:/home/runner/.m2/repository/io/apicurio/apicurio-data-models/2.2.2/apicurio-data-models-2.2.2.jar:/home/runner/.m2/repository/org/slf4j/jcl-over-slf4j/2.0.6/jcl-over-slf4j-2.0.6.jar:/home/runner/.m2/repository/org/openapitools/openapidiff/openapi-diff-core/2.1.2/openapi-diff-core-2.1.2.jar:/home/runner/.m2/repository/io/swagger/parser/v3/swagger-parser/2.1.28/swagger-parser-2.1.28.jar:/home/runner/.m2/repository/io/swagger/parser/v3/swagger-parser-v2-converter/2.1.28/swagger-parser-v2-converter-2.1.28.jar:/home/runner/.m2/repository/io/swagger/swagger-core/1.6.16/swagger-core-1.6.16.jar:/home/runner/.m2/repository/io/swagger/swagger-models/1.6.16/swagger-models-1.6.16.jar:/home/runner/.m2/repository/io/swagger/swagger-annotations/1.6.16/swagger-annotations-1.6.16.jar:/home/runner/.m2/repository/io/swagger/swagger-parser/1.0.75/swagger-parser-1.0.75.jar:/home/runner/.m2/repository/io/swagger/swagger-parser-safe-url-resolver/1.0.75/swagger-parser-safe-url-resolver-1.0.75.jar:/home/runner/.m2/repository/io/swagger/swagger-compat-spec-parser/1.0.75/swagger-compat-spec-parser-1.0.75.jar:/home/runner/.m2/repository/com/github/java-json-tools/json-schema-validator/2.2.14/json-schema-validator-2.2.14.jar:/home/runner/.m2/repository/com/github/java-json-tools/jackson-coreutils-equivalence/1.0/jackson-coreutils-equivalence-1.0.jar:/home/runner/.m2/repository/com/github/java-json-tools/json-schema-core/1.2.14/json-schema-core-1.2.14.jar:/home/runner/.m2/repository/com/github/java-json-tools/uri-template/0.10/uri-template-0.10.jar:/home/runner/.m2/repository/com/googlecode/libphonenumber/libphonenumber/8.11.1/libphonenumber-8.11.1.jar:/home/runner/.m2/repository/com/j2html/j2html/1.6.0/j2html-1.6.0.jar:/home/runner/.m2/repository/org/apache/commons/commons-collections4/4.5.0/commons-collections4-4.5.0.jar:/home/runner/.m2/repository/io/swagger/parser/v3/swagger-parser-v3/2.1.31/swagger-parser-v3-2.1.31.jar:/home/runner/.m2/repository/io/swagger/core/v3/swagger-models/2.2.34/swagger-models-2.2.34.jar:/home/runner/.m2/repository/io/swagger/core/v3/swagger-core/2.2.34/swagger-core-2.2.34.jar:/home/runner/.m2/repository/io/swagger/parser/v3/swagger-parser-core/2.1.31/swagger-parser-core-2.1.31.jar:/home/runner/.m2/repository/io/swagger/parser/v3/swagger-parser-safe-url-resolver/2.1.31/swagger-parser-safe-url-resolver-2.1.31.jar:/home/runner/work/apicurio-testing/apicurio-testing/clusters/ci419/namespaces/mysql/tests/integration/apicurio-registry/schema-util/wsdl/target/apicurio-registry-schema-util-wsdl-3.0.15.jar:/home/runner/.m2/repository/wsdl4j/wsdl4j/1.6.3/wsdl4j-1.6.3.jar:/home/runner/work/apicurio-testing/apicurio-testing/clusters/ci419/namespaces/mysql/tests/integration/apicurio-registry/schema-util/xml/target/apicurio-registry-schema-util-xml-3.0.15.jar:/home/runner/.m2/repository/org/apache/santuario/xmlsec/4.0.4/xmlsec-4.0.4.jar:/home/runner/.m2/repository/com/fasterxml/woodstox/woodstox-core/7.1.1/woodstox-core-7.1.1.jar:/home/runner/.m2/repository/org/codehaus/woodstox/stax2-api/4.2.2/stax2-api-4.2.2.jar:/home/runner/work/apicurio-testing/apicurio-testing/clusters/ci419/namespaces/mysql/tests/integration/apicurio-registry/schema-util/xsd/target/apicurio-registry-schema-util-xsd-3.0.15.jar:/home/runner/work/apicurio-testing/apicurio-testing/clusters/ci419/namespaces/mysql/tests/integration/apicurio-registry/serdes/kafka/jsonschema-serde/target/apicurio-registry-jsonschema-serde-kafka-3.0.15.jar:/home/runner/work/apicurio-testing/apicurio-testing/clusters/ci419/namespaces/mysql/tests/integration/apicurio-registry/serdes/kafka/serde-kafka-common/target/apicurio-registry-serde-kafka-common-3.0.15.jar:/home/runner/work/apicurio-testing/apicurio-testing/clusters/ci419/namespaces/mysql/tests/integration/apicurio-registry/serdes/generic/serde-common/target/apicurio-registry-serde-common-3.0.15.jar:/home/runner/work/apicurio-testing/apicurio-testing/clusters/ci419/namespaces/mysql/tests/integration/apicurio-registry/serdes/generic/serde-common-jsonschema/target/apicurio-registry-serde-common-jsonschema-3.0.15.jar:/home/runner/.m2/repository/org/json/json/20250107/json-20250107.jar:/home/runner/work/apicurio-testing/apicurio-testing/clusters/ci419/namespaces/mysql/tests/integration/apicurio-registry/serdes/kafka/avro-serde/target/apicurio-registry-avro-serde-kafka-3.0.15.jar:/home/runner/work/apicurio-testing/apicurio-testing/clusters/ci419/namespaces/mysql/tests/integration/apicurio-registry/serdes/generic/serde-common-avro/target/apicurio-registry-serde-common-avro-3.0.15.jar:/home/runner/work/apicurio-testing/apicurio-testing/clusters/ci419/namespaces/mysql/tests/integration/apicurio-registry/serdes/kafka/protobuf-serde/target/apicurio-registry-protobuf-serde-kafka-3.0.15.jar:/home/runner/work/apicurio-testing/apicurio-testing/clusters/ci419/namespaces/mysql/tests/integration/apicurio-registry/serdes/generic/serde-common-protobuf/target/apicurio-registry-serde-common-protobuf-3.0.15.jar:/home/runner/.m2/repository/com/squareup/wire/wire-schema/5.3.3/wire-schema-5.3.3.jar:/home/runner/.m2/repository/com/squareup/wire/wire-runtime/5.3.3/wire-runtime-5.3.3.jar:/home/runner/work/apicurio-testing/apicurio-testing/clusters/ci419/namespaces/mysql/tests/integration/apicurio-registry/serdes/pulsar/avro-serde/target/apicurio-registry-avro-serde-pulsar-3.0.15.jar:/home/runner/.m2/repository/org/apache/pulsar/pulsar-functions-api/3.3.8/pulsar-functions-api-3.3.8.jar:/home/runner/work/apicurio-testing/apicurio-testing/clusters/ci419/namespaces/mysql/tests/integration/apicurio-registry/serdes/nats/avro-serde/target/apicurio-registry-avro-serde-nats-3.0.15.jar:/home/runner/.m2/repository/io/nats/jnats/2.21.4/jnats-2.21.4.jar:/home/runner/.m2/repository/org/bouncycastle/bcprov-lts8on/2.73.7/bcprov-lts8on-2.73.7.jar:/home/runner/.m2/repository/org/jetbrains/annotations/26.0.2/annotations-26.0.2.jar:/home/runner/work/apicurio-testing/apicurio-testing/clusters/ci419/namespaces/mysql/tests/integration/apicurio-registry/utils/converter/target/apicurio-registry-utils-converter-3.0.15.jar:/home/runner/work/apicurio-testing/apicurio-testing/clusters/ci419/namespaces/mysql/tests/integration/apicurio-registry/schema-resolver/target/apicurio-registry-schema-resolver-3.0.15.jar:/home/runner/.m2/repository/org/apache/kafka/connect-api/3.9.1/connect-api-3.9.1.jar:/home/runner/.m2/repository/javax/ws/rs/javax.ws.rs-api/2.1.1/javax.ws.rs-api-2.1.1.jar:/home/runner/.m2/repository/org/apache/kafka/connect-json/3.9.1/connect-json-3.9.1.jar:/home/runner/.m2/repository/com/fasterxml/jackson/datatype/jackson-datatype-jdk8/2.18.2/jackson-datatype-jdk8-2.18.2.jar:/home/runner/.m2/repository/com/fasterxml/jackson/module/jackson-module-afterburner/2.18.2/jackson-module-afterburner-2.18.2.jar:/home/runner/work/apicurio-testing/apicurio-testing/clusters/ci419/namespaces/mysql/tests/integration/apicurio-registry/utils/kafka/target/apicurio-registry-utils-kafka-3.0.15.jar:/home/runner/.m2/repository/org/apache/pulsar/pulsar-client/3.3.8/pulsar-client-3.3.8.jar:/home/runner/.m2/repository/org/apache/pulsar/pulsar-client-api/3.3.8/pulsar-client-api-3.3.8.jar:/home/runner/.m2/repository/org/apache/pulsar/pulsar-client-admin-api/3.3.8/pulsar-client-admin-api-3.3.8.jar:/home/runner/.m2/repository/org/apache/pulsar/bouncy-castle-bc/3.3.8/bouncy-castle-bc-3.3.8-pkg.jar:/home/runner/.m2/repository/org/bouncycastle/bcpkix-jdk18on/1.81/bcpkix-jdk18on-1.81.jar:/home/runner/.m2/repository/org/bouncycastle/bcutil-jdk18on/1.81/bcutil-jdk18on-1.81.jar:/home/runner/.m2/repository/org/bouncycastle/bcprov-jdk18on/1.81/bcprov-jdk18on-1.81.jar:/home/runner/.m2/repository/io/opentelemetry/opentelemetry-api/1.44.1/opentelemetry-api-1.44.1.jar:/home/runner/.m2/repository/io/opentelemetry/opentelemetry-context/1.44.1/opentelemetry-context-1.44.1.jar:/home/runner/.m2/repository/io/opentelemetry/opentelemetry-api-incubator/1.44.1-alpha/opentelemetry-api-incubator-1.44.1-alpha.jar:/home/runner/.m2/repository/com/fasterxml/jackson/core/jackson-annotations/2.18.2/jackson-annotations-2.18.2.jar:/home/runner/.m2/repository/javax/validation/validation-api/1.1.0.Final/validation-api-1.1.0.Final.jar:/home/runner/.m2/repository/org/jspecify/jspecify/1.0.0/jspecify-1.0.0.jar:/home/runner/.m2/repository/org/apache/commons/commons-configuration2/2.12.0/commons-configuration2-2.12.0.jar:/home/runner/.m2/repository/commons-logging/commons-logging/1.3.5/commons-logging-1.3.5.jar:/home/runner/.m2/repository/org/apache/commons/commons-text/1.13.0/commons-text-1.13.0.jar:/home/runner/.m2/repository/io/confluent/kafka-avro-serializer/8.0.0/kafka-avro-serializer-8.0.0.jar:/home/runner/.m2/repository/org/apache/commons/commons-compress/1.27.1/commons-compress-1.27.1.jar:/home/runner/.m2/repository/io/confluent/kafka-schema-serializer/8.0.0/kafka-schema-serializer-8.0.0.jar:/home/runner/.m2/repository/com/fasterxml/jackson/dataformat/jackson-dataformat-csv/2.18.2/jackson-dataformat-csv-2.18.2.jar:/home/runner/.m2/repository/io/confluent/kafka-schema-registry-client/8.0.0/kafka-schema-registry-client-8.0.0.jar:/home/runner/.m2/repository/org/yaml/snakeyaml/2.3/snakeyaml-2.3.jar:/home/runner/.m2/repository/io/swagger/core/v3/swagger-annotations/2.2.29/swagger-annotations-2.2.29.jar:/home/runner/.m2/repository/com/google/guava/guava/33.4.0-jre/guava-33.4.0-jre.jar:/home/runner/.m2/repository/com/google/guava/failureaccess/1.0.1/failureaccess-1.0.1.jar:/home/runner/.m2/repository/org/checkerframework/checker-qual/3.49.0/checker-qual-3.49.0.jar:/home/runner/.m2/repository/io/confluent/logredactor/1.0.13/logredactor-1.0.13.jar:/home/runner/.m2/repository/com/google/re2j/re2j/1.6/re2j-1.6.jar:/home/runner/.m2/repository/io/confluent/logredactor-metrics/1.0.13/logredactor-metrics-1.0.13.jar:/home/runner/.m2/repository/com/eclipsesource/minimal-json/minimal-json/0.9.5/minimal-json-0.9.5.jar:/home/runner/.m2/repository/io/confluent/common-utils/8.0.0/common-utils-8.0.0.jar:/home/runner/.m2/repository/io/confluent/kafka-connect-avro-converter/8.0.0/kafka-connect-avro-converter-8.0.0.jar:/home/runner/.m2/repository/io/confluent/kafka-connect-avro-data/8.0.0/kafka-connect-avro-data-8.0.0.jar:/home/runner/.m2/repository/io/confluent/kafka-schema-converter/8.0.0/kafka-schema-converter-8.0.0.jar:/home/runner/.m2/repository/io/rest-assured/rest-assured/5.5.1/rest-assured-5.5.1.jar:/home/runner/.m2/repository/org/apache/groovy/groovy/4.0.22/groovy-4.0.22.jar:/home/runner/.m2/repository/org/apache/groovy/groovy-xml/4.0.22/groovy-xml-4.0.22.jar:/home/runner/.m2/repository/org/apache/httpcomponents/httpclient/4.5.14/httpclient-4.5.14.jar:/home/runner/.m2/repository/org/apache/httpcomponents/httpcore/4.4.16/httpcore-4.4.16.jar:/home/runner/.m2/repository/org/apache/httpcomponents/httpmime/4.5.14/httpmime-4.5.14.jar:/home/runner/.m2/repository/org/hamcrest/hamcrest/2.2/hamcrest-2.2.jar:/home/runner/.m2/repository/org/ccil/cowan/tagsoup/tagsoup/1.2.1/tagsoup-1.2.1.jar:/home/runner/.m2/repository/io/rest-assured/json-path/5.5.1/json-path-5.5.1.jar:/home/runner/.m2/repository/org/apache/groovy/groovy-json/4.0.22/groovy-json-4.0.22.jar:/home/runner/.m2/repository/io/rest-assured/rest-assured-common/5.5.1/rest-assured-common-5.5.1.jar:/home/runner/.m2/repository/io/rest-assured/xml-path/5.5.1/xml-path-5.5.1.jar:/home/runner/.m2/repository/io/zonky/test/embedded-postgres/2.1.0/embedded-postgres-2.1.0.jar:/home/runner/.m2/repository/io/zonky/test/postgres/embedded-postgres-binaries-windows-amd64/14.15.0/embedded-postgres-binaries-windows-amd64-14.15.0.jar:/home/runner/.m2/repository/io/zonky/test/postgres/embedded-postgres-binaries-darwin-amd64/14.15.0/embedded-postgres-binaries-darwin-amd64-14.15.0.jar:/home/runner/.m2/repository/io/zonky/test/postgres/embedded-postgres-binaries-linux-amd64/14.15.0/embedded-postgres-binaries-linux-amd64-14.15.0.jar:/home/runner/.m2/repository/io/zonky/test/postgres/embedded-postgres-binaries-linux-amd64-alpine/14.15.0/embedded-postgres-binaries-linux-amd64-alpine-14.15.0.jar:/home/runner/.m2/repository/org/apache/commons/commons-lang3/3.17.0/commons-lang3-3.17.0.jar:/home/runner/.m2/repository/org/tukaani/xz/1.10/xz-1.10.jar:/home/runner/.m2/repository/commons-codec/commons-codec/1.19.0/commons-codec-1.19.0.jar:/home/runner/.m2/repository/org/postgresql/postgresql/42.7.7/postgresql-42.7.7.jar:/home/runner/.m2/repository/commons-io/commons-io/2.18.0/commons-io-2.18.0.jar:/home/runner/work/apicurio-testing/apicurio-testing/clusters/ci419/namespaces/mysql/tests/integration/apicurio-registry/utils/importexport/target/apicurio-registry-utils-import-export-3.0.15.jar:/home/runner/.m2/repository/io/vertx/vertx-core/4.5.16/vertx-core-4.5.16.jar:/home/runner/.m2/repository/io/netty/netty-common/4.1.121.Final/netty-common-4.1.121.Final.jar:/home/runner/.m2/repository/io/netty/netty-buffer/4.1.121.Final/netty-buffer-4.1.121.Final.jar:/home/runner/.m2/repository/io/netty/netty-transport/4.1.121.Final/netty-transport-4.1.121.Final.jar:/home/runner/.m2/repository/io/netty/netty-handler/4.1.121.Final/netty-handler-4.1.121.Final.jar:/home/runner/.m2/repository/io/netty/netty-transport-native-unix-common/4.1.121.Final/netty-transport-native-unix-common-4.1.121.Final.jar:/home/runner/.m2/repository/io/netty/netty-codec/4.1.121.Final/netty-codec-4.1.121.Final.jar:/home/runner/.m2/repository/io/netty/netty-handler-proxy/4.1.121.Final/netty-handler-proxy-4.1.121.Final.jar:/home/runner/.m2/repository/io/netty/netty-codec-socks/4.1.121.Final/netty-codec-socks-4.1.121.Final.jar:/home/runner/.m2/repository/io/netty/netty-codec-http/4.1.121.Final/netty-codec-http-4.1.121.Final.jar:/home/runner/.m2/repository/io/netty/netty-codec-http2/4.1.121.Final/netty-codec-http2-4.1.121.Final.jar:/home/runner/.m2/repository/io/netty/netty-resolver/4.1.121.Final/netty-resolver-4.1.121.Final.jar:/home/runner/.m2/repository/io/netty/netty-resolver-dns/4.1.121.Final/netty-resolver-dns-4.1.121.Final.jar:/home/runner/.m2/repository/io/netty/netty-codec-dns/4.1.121.Final/netty-codec-dns-4.1.121.Final.jar:/home/runner/.m2/repository/com/fasterxml/jackson/core/jackson-core/2.18.2/jackson-core-2.18.2.jar:"/>
    <property name="sun.cpu.endian" value="little"/>
    <property name="user.home" value="/home/runner"/>
    <property name="user.language" value="en"/>
    <property name="jboss.log-version" value="false"/>
    <property name="java.specification.vendor" value="Oracle Corporation"/>
    <property name="java.version.date" value="2025-07-15"/>
    <property name="java.home" value="/usr/lib/jvm/temurin-17-jdk-amd64"/>
    <property name="file.separator" value="/"/>
    <property name="basedir" value="/home/runner/work/apicurio-testing/apicurio-testing/clusters/ci419/namespaces/mysql/tests/integration/apicurio-registry/integration-tests"/>
    <property name="java.vm.compressedOopsMode" value="Zero based"/>
    <property name="line.separator" value="&#10;"/>
    <property name="java.specification.name" value="Java Platform API Specification"/>
    <property name="java.vm.specification.vendor" value="Oracle Corporation"/>
    <property name="quarkus.http.test-host" value="registry-app-mysql.apps.ci419.apicurio-testing.org"/>
    <property name="surefire.real.class.path" value="/home/runner/work/apicurio-testing/apicurio-testing/clusters/ci419/namespaces/mysql/tests/integration/apicurio-registry/integration-tests/target/surefire/surefirebooter-20250928171937312_3.jar"/>
    <property name="sun.management.compiler" value="HotSpot 64-Bit Tiered Compilers"/>
    <property name="org.eclipse.jetty.http.HttpGenerator.STRICT" value="true"/>
    <property name="java.runtime.version" value="17.0.16+8"/>
    <property name="user.name" value="runner"/>
    <property name="path.separator" value=":"/>
    <property name="os.version" value="6.11.0-1018-azure"/>
    <property name="java.runtime.name" value="OpenJDK Runtime Environment"/>
    <property name="file.encoding" value="UTF-8"/>
    <property name="jnidispatch.path" value="/home/runner/.cache/JNA/temp/jna3340948776998932102.tmp"/>
    <property name="java.vm.name" value="OpenJDK 64-Bit Server VM"/>
    <property name="jna.platform.library.path" value="/usr/lib/x86_64-linux-gnu:/lib/x86_64-linux-gnu:/usr/lib64:/lib64:/usr/lib:/lib:/lib32:/usr/local/lib:/usr/lib/x86_64-linux-gnu/libfakeroot"/>
    <property name="java.vendor.version" value="Temurin-17.0.16+8"/>
    <property name="quarkus.oidc.token-path" value="https://keycloak-mysql.apps.ci419.apicurio-testing.org/realms/registry/protocol/openid-connect/token"/>
    <property name="quarkus.http.host" value="registry-app-mysql.apps.ci419.apicurio-testing.org"/>
    <property name="localRepository" value="/home/runner/.m2/repository"/>
    <property name="javax.xml.xpath.XPathFactory:http://java.sun.com/jaxp/xpath/dom" value="com.sun.org.apache.xpath.internal.jaxp.XPathFactoryImpl"/>
    <property name="jna.loaded" value="true"/>
    <property name="java.vendor.url.bug" value="https://github.com/adoptium/adoptium-support/issues"/>
    <property name="jetty.git.hash" value="5bc5e562c8d05c5862505aebe5cf83a61bdbcb96"/>
    <property name="java.io.tmpdir" value="/tmp"/>
    <property name="quarkus.http.test-protocol" value="http"/>
    <property name="java.version" value="17.0.16"/>
    <property name="user.dir" value="/home/runner/work/apicurio-testing/apicurio-testing/clusters/ci419/namespaces/mysql/tests/integration/apicurio-registry/integration-tests"/>
    <property name="os.arch" value="amd64"/>
    <property name="groups" value="( smoke | serdes | acceptance | ui)"/>
    <property name="java.vm.specification.name" value="Java Virtual Machine Specification"/>
    <property name="native.encoding" value="UTF-8"/>
    <property name="java.util.logging.manager" value="org.jboss.logmanager.LogManager"/>
    <property name="java.library.path" value="/usr/java/packages/lib:/usr/lib64:/lib64:/lib:/usr/lib"/>
    <property name="jdk.console" value="java.base"/>
    <property name="java.vm.info" value="mixed mode, sharing"/>
    <property name="java.vendor" value="Eclipse Adoptium"/>
    <property name="java.vm.version" value="17.0.16+8"/>
    <property name="java.specification.maintenance.version" value="1"/>
    <property name="sun.io.unicode.encoding" value="UnicodeLittle"/>
    <property name="javax.xml.transform.TransformerFactory" value="com.sun.org.apache.xalan.internal.xsltc.trax.TransformerFactoryImpl"/>
    <property name="java.class.version" value="61.0"/>
  </properties>
  <testcase name="testGlobalIdInHeaders" classname="io.apicurio.tests.serdes.apicurio.AvroSerdeIT" time="5.107">
    <system-out><![CDATA[**** Registry Base URL: http://registry-app-mysql.apps.ci419.apicurio-testing.org:80
**** Registry Base URL: http://registry-app-mysql.apps.ci419.apicurio-testing.org:80
2025-09-28 17:19:45,645 INFO  [io.api.tes.ser.api.AvroSerdeIT] (main) RestAssured configured with http://registry-app-mysql.apps.ci419.apicurio-testing.org:80/apis/registry/v3
2025-09-28 17:19:45,677 INFO  [io.api.tes.uti.KafkaFacade] (main) Starting kafka container
2025-09-28 17:19:45,719 INFO  [org.tes.ima.PullPolicy] (main) Image pull policy will be performed by: DefaultPullPolicy()
2025-09-28 17:19:45,722 INFO  [org.tes.uti.ImageNameSubstitutor] (main) Image name substitution will be performed by: DefaultImageNameSubstitutor (composite of 'ConfigurationFileImageNameSubstitutor' and 'PrefixingImageNameSubstitutor')
2025-09-28 17:19:45,732 INFO  [org.tes.DockerClientFactory] (main) Testcontainers version: 1.20.6
2025-09-28 17:19:46,174 INFO  [org.tes.doc.DockerClientProviderStrategy] (main) Found Docker environment with local Unix socket (unix:///var/run/docker.sock)
2025-09-28 17:19:46,182 INFO  [org.tes.DockerClientFactory] (main) Docker host IP address is localhost
2025-09-28 17:19:46,198 INFO  [org.tes.DockerClientFactory] (main) Connected to docker: 
  Server Version: 28.0.4
  API Version: 1.48
  Operating System: Ubuntu 24.04.3 LTS
  Total Memory: 15995 MB
2025-09-28 17:19:46,228 INFO  [tc.tes.11.0] (main) Pulling docker image: testcontainers/ryuk:0.11.0. Please be patient; this may take some time but only needs to be done once.
2025-09-28 17:19:46,492 INFO  [tc.tes.11.0] (docker-java-stream--1295187651) Starting to pull image
2025-09-28 17:19:46,512 INFO  [tc.tes.11.0] (docker-java-stream--1295187651) Pulling image layers:  0 pending,  0 downloaded,  0 extracted, (0 bytes/0 bytes)
2025-09-28 17:19:46,690 INFO  [tc.tes.11.0] (docker-java-stream--1295187651) Pulling image layers:  2 pending,  1 downloaded,  0 extracted, (44 KB/? MB)
2025-09-28 17:19:46,696 INFO  [tc.tes.11.0] (docker-java-stream--1295187651) Pulling image layers:  1 pending,  2 downloaded,  0 extracted, (44 KB/? MB)
2025-09-28 17:19:46,813 INFO  [tc.tes.11.0] (docker-java-stream--1295187651) Pulling image layers:  1 pending,  2 downloaded,  1 extracted, (8 MB/? MB)
2025-09-28 17:19:46,814 INFO  [tc.tes.11.0] (docker-java-stream--1295187651) Pulling image layers:  0 pending,  3 downloaded,  1 extracted, (8 MB/10 MB)
2025-09-28 17:19:47,191 INFO  [tc.tes.11.0] (docker-java-stream--1295187651) Pulling image layers:  0 pending,  3 downloaded,  2 extracted, (9 MB/10 MB)
2025-09-28 17:19:47,287 INFO  [tc.tes.11.0] (docker-java-stream--1295187651) Pulling image layers:  0 pending,  3 downloaded,  3 extracted, (10 MB/10 MB)
2025-09-28 17:19:47,294 INFO  [tc.tes.11.0] (main) Image testcontainers/ryuk:0.11.0 pull took PT1.065190345S
2025-09-28 17:19:47,308 INFO  [tc.tes.11.0] (main) Creating container for image: testcontainers/ryuk:0.11.0
2025-09-28 17:19:47,362 INFO  [tc.tes.11.0] (main) Container testcontainers/ryuk:0.11.0 is starting: 47a29d1c3e76a36398b9455e9a4825458d757c1050a2227d69af9536cebe4120
2025-09-28 17:19:48,229 INFO  [tc.tes.11.0] (main) Container testcontainers/ryuk:0.11.0 started in PT0.920389761S
2025-09-28 17:19:48,236 INFO  [org.tes.uti.RyukResourceReaper] (main) Ryuk started - will monitor and terminate Testcontainers containers on JVM exit
2025-09-28 17:19:48,236 INFO  [org.tes.DockerClientFactory] (main) Checking the system...
2025-09-28 17:19:48,237 INFO  [org.tes.DockerClientFactory] (main) ✔︎ Docker server version should be at least 1.6.0
2025-09-28 17:19:48,239 INFO  [io.str.tes.con.KafkaVersionService] (main) Latest release of Kafka is:LogicalKafkaVersionEntity{version='4.1.0', image='quay.io/strimzi-test-container/test-container:0.112.0-kafka-4.1.0'}
2025-09-28 17:19:48,239 INFO  [io.str.tes.con.KafkaVersionService] (main) Latest release of Kafka is:LogicalKafkaVersionEntity{version='4.1.0', image='quay.io/strimzi-test-container/test-container:0.112.0-kafka-4.1.0'}
2025-09-28 17:19:48,239 INFO  [io.str.tes.con.KafkaVersionService] (main) No Kafka version specified. Using latest release: 4.1.0
2025-09-28 17:19:48,242 INFO  [tc.qua.io/.112.0-k.1.0] (main) Pulling docker image: quay.io/strimzi-test-container/test-container:0.112.0-kafka-4.1.0. Please be patient; this may take some time but only needs to be done once.
2025-09-28 17:19:48,597 INFO  [tc.qua.io/.112.0-k.1.0] (docker-java-stream--1807218272) Starting to pull image
2025-09-28 17:19:48,598 INFO  [tc.qua.io/.112.0-k.1.0] (docker-java-stream--1807218272) Pulling image layers:  0 pending,  0 downloaded,  0 extracted, (0 bytes/0 bytes)
2025-09-28 17:19:49,042 INFO  [tc.qua.io/.112.0-k.1.0] (docker-java-stream--1807218272) Pulling image layers:  6 pending,  1 downloaded,  0 extracted, (9 MB/? MB)
2025-09-28 17:19:49,226 INFO  [tc.qua.io/.112.0-k.1.0] (docker-java-stream--1807218272) Pulling image layers:  5 pending,  2 downloaded,  0 extracted, (16 MB/? MB)
2025-09-28 17:19:50,981 INFO  [tc.qua.io/.112.0-k.1.0] (docker-java-stream--1807218272) Pulling image layers:  4 pending,  3 downloaded,  0 extracted, (123 MB/? MB)
2025-09-28 17:19:51,254 INFO  [tc.qua.io/.112.0-k.1.0] (docker-java-stream--1807218272) Pulling image layers:  3 pending,  4 downloaded,  0 extracted, (143 MB/? MB)
2025-09-28 17:19:51,311 INFO  [tc.qua.io/.112.0-k.1.0] (docker-java-stream--1807218272) Pulling image layers:  2 pending,  5 downloaded,  0 extracted, (146 MB/? MB)
2025-09-28 17:19:51,912 INFO  [tc.qua.io/.112.0-k.1.0] (docker-java-stream--1807218272) Pulling image layers:  2 pending,  5 downloaded,  1 extracted, (178 MB/? MB)
2025-09-28 17:19:52,035 INFO  [tc.qua.io/.112.0-k.1.0] (docker-java-stream--1807218272) Pulling image layers:  1 pending,  6 downloaded,  1 extracted, (189 MB/? MB)
2025-09-28 17:19:54,509 INFO  [tc.qua.io/.112.0-k.1.0] (docker-java-stream--1807218272) Pulling image layers:  0 pending,  7 downloaded,  1 extracted, (249 MB/250 MB)
2025-09-28 17:19:54,788 INFO  [tc.qua.io/.112.0-k.1.0] (docker-java-stream--1807218272) Pulling image layers:  0 pending,  7 downloaded,  2 extracted, (249 MB/250 MB)
2025-09-28 17:19:54,816 INFO  [tc.qua.io/.112.0-k.1.0] (docker-java-stream--1807218272) Pulling image layers:  0 pending,  7 downloaded,  3 extracted, (249 MB/250 MB)
2025-09-28 17:19:54,834 INFO  [tc.qua.io/.112.0-k.1.0] (docker-java-stream--1807218272) Pulling image layers:  0 pending,  7 downloaded,  4 extracted, (249 MB/250 MB)
2025-09-28 17:19:55,417 INFO  [tc.qua.io/.112.0-k.1.0] (docker-java-stream--1807218272) Pulling image layers:  0 pending,  7 downloaded,  5 extracted, (250 MB/250 MB)
2025-09-28 17:19:55,445 INFO  [tc.qua.io/.112.0-k.1.0] (docker-java-stream--1807218272) Pulling image layers:  0 pending,  7 downloaded,  6 extracted, (250 MB/250 MB)
2025-09-28 17:19:55,455 INFO  [tc.qua.io/.112.0-k.1.0] (docker-java-stream--1807218272) Pulling image layers:  0 pending,  7 downloaded,  7 extracted, (250 MB/250 MB)
2025-09-28 17:19:55,461 INFO  [tc.qua.io/.112.0-k.1.0] (main) Image quay.io/strimzi-test-container/test-container:0.112.0-kafka-4.1.0 pull took PT7.218377644S
2025-09-28 17:19:55,461 INFO  [tc.qua.io/.112.0-k.1.0] (docker-java-stream--1807218272) Pull complete. 7 layers, pulled in 6s (downloaded 250 MB at 41 MB/s)
2025-09-28 17:19:55,464 INFO  [tc.qua.io/.112.0-k.1.0] (main) Creating container for image: quay.io/strimzi-test-container/test-container:0.112.0-kafka-4.1.0
2025-09-28 17:19:55,518 INFO  [tc.qua.io/.112.0-k.1.0] (main) Container quay.io/strimzi-test-container/test-container:0.112.0-kafka-4.1.0 is starting: ed7d3b57d3551e92a519d6de36c412d2efc7a244b7b8aad85d243a596a0a3802
2025-09-28 17:19:55,665 INFO  [io.str.tes.con.StrimziKafkaContainer] (main) Mapped port: 32769
2025-09-28 17:19:55,665 WARN  [io.str.tes.con.StrimziKafkaContainer] (main) Node ID is not set. Using broker ID 0 as the default node ID.
2025-09-28 17:19:55,666 INFO  [io.str.tes.con.StrimziKafkaContainer] (main) This is all advertised listeners for Kafka PLAINTEXT://localhost:32769,BROKER1://172.18.0.2:9091,CONTROLLER://broker-0:9094
2025-09-28 17:19:55,687 INFO  [io.str.tes.con.StrimziKafkaContainer] (main) New `cluster.id` has been generated: 3eubY_ZwQSCXVgI5PuowEg
2025-09-28 17:19:55,688 INFO  [io.str.tes.con.StrimziKafkaContainer] (main) Copying command to 'STARTER_SCRIPT' script.
2025-09-28 17:19:59,820 INFO  [tc.qua.io/.112.0-k.1.0] (main) Container quay.io/strimzi-test-container/test-container:0.112.0-kafka-4.1.0 started in PT4.356358604S
2025-09-28 17:19:59,821 INFO  [io.api.tes.uti.TestSeparator] (main) ############################################################################
2025-09-28 17:19:59,822 INFO  [io.api.tes.uti.TestSeparator] (main) io.apicurio.tests.serdes.apicurio.AvroSerdeIT.testGlobalIdInHeaders-STARTED
2025-09-28 17:19:59,828 INFO  [org.apa.kaf.cli.adm.AdminClientConfig] (main) AdminClientConfig values: 
	auto.include.jmx.reporter = true
	bootstrap.controllers = []
	bootstrap.servers = [PLAINTEXT://localhost:32769]
	client.dns.lookup = use_all_dns_ips
	client.id = 
	connections.max.idle.ms = 10000
	default.api.timeout.ms = 60000
	enable.metrics.push = true
	metadata.max.age.ms = 300000
	metadata.recovery.strategy = none
	metric.reporters = []
	metrics.num.samples = 2
	metrics.recording.level = INFO
	metrics.sample.window.ms = 30000
	receive.buffer.bytes = 65536
	reconnect.backoff.max.ms = 1000
	reconnect.backoff.ms = 50
	request.timeout.ms = 5000
	retries = 2147483647
	retry.backoff.max.ms = 1000
	retry.backoff.ms = 100
	sasl.client.callback.handler.class = null
	sasl.jaas.config = null
	sasl.kerberos.kinit.cmd = /usr/bin/kinit
	sasl.kerberos.min.time.before.relogin = 60000
	sasl.kerberos.service.name = null
	sasl.kerberos.ticket.renew.jitter = 0.05
	sasl.kerberos.ticket.renew.window.factor = 0.8
	sasl.login.callback.handler.class = null
	sasl.login.class = null
	sasl.login.connect.timeout.ms = null
	sasl.login.read.timeout.ms = null
	sasl.login.refresh.buffer.seconds = 300
	sasl.login.refresh.min.period.seconds = 60
	sasl.login.refresh.window.factor = 0.8
	sasl.login.refresh.window.jitter = 0.05
	sasl.login.retry.backoff.max.ms = 10000
	sasl.login.retry.backoff.ms = 100
	sasl.mechanism = GSSAPI
	sasl.oauthbearer.clock.skew.seconds = 30
	sasl.oauthbearer.expected.audience = null
	sasl.oauthbearer.expected.issuer = null
	sasl.oauthbearer.header.urlencode = false
	sasl.oauthbearer.jwks.endpoint.refresh.ms = 3600000
	sasl.oauthbearer.jwks.endpoint.retry.backoff.max.ms = 10000
	sasl.oauthbearer.jwks.endpoint.retry.backoff.ms = 100
	sasl.oauthbearer.jwks.endpoint.url = null
	sasl.oauthbearer.scope.claim.name = scope
	sasl.oauthbearer.sub.claim.name = sub
	sasl.oauthbearer.token.endpoint.url = null
	security.protocol = PLAINTEXT
	security.providers = null
	send.buffer.bytes = 131072
	socket.connection.setup.timeout.max.ms = 30000
	socket.connection.setup.timeout.ms = 10000
	ssl.cipher.suites = null
	ssl.enabled.protocols = [TLSv1.2, TLSv1.3]
	ssl.endpoint.identification.algorithm = https
	ssl.engine.factory.class = null
	ssl.key.password = null
	ssl.keymanager.algorithm = SunX509
	ssl.keystore.certificate.chain = null
	ssl.keystore.key = null
	ssl.keystore.location = null
	ssl.keystore.password = null
	ssl.keystore.type = JKS
	ssl.protocol = TLSv1.3
	ssl.provider = null
	ssl.secure.random.implementation = null
	ssl.trustmanager.algorithm = PKIX
	ssl.truststore.certificates = null
	ssl.truststore.location = null
	ssl.truststore.password = null
	ssl.truststore.type = JKS

2025-09-28 17:20:00,174 INFO  [org.apa.kaf.com.uti.AppInfoParser] (main) Kafka version: 3.9.1
2025-09-28 17:20:00,174 INFO  [org.apa.kaf.com.uti.AppInfoParser] (main) Kafka commitId: f745dfdcee2b9851
2025-09-28 17:20:00,174 INFO  [org.apa.kaf.com.uti.AppInfoParser] (main) Kafka startTimeMs: 1759080000173
**** Registry Base URL: http://registry-app-mysql.apps.ci419.apicurio-testing.org:80
2025-09-28 17:20:00,195 INFO  [org.apa.kaf.cli.pro.ProducerConfig] (main) ProducerConfig values: 
	acks = -1
	auto.include.jmx.reporter = true
	batch.size = 16384
	bootstrap.servers = [PLAINTEXT://localhost:32769]
	buffer.memory = 33554432
	client.dns.lookup = use_all_dns_ips
	client.id = Producer-topic-ff08a364_7311_45d7_a935_911ab65a9b8c
	compression.gzip.level = -1
	compression.lz4.level = 9
	compression.type = none
	compression.zstd.level = 3
	connections.max.idle.ms = 10000
	delivery.timeout.ms = 120000
	enable.idempotence = true
	enable.metrics.push = true
	interceptor.classes = []
	key.serializer = class org.apache.kafka.common.serialization.StringSerializer
	linger.ms = 0
	max.block.ms = 60000
	max.in.flight.requests.per.connection = 5
	max.request.size = 1048576
	metadata.max.age.ms = 300000
	metadata.max.idle.ms = 300000
	metadata.recovery.strategy = none
	metric.reporters = []
	metrics.num.samples = 2
	metrics.recording.level = INFO
	metrics.sample.window.ms = 30000
	partitioner.adaptive.partitioning.enable = true
	partitioner.availability.timeout.ms = 0
	partitioner.class = null
	partitioner.ignore.keys = false
	receive.buffer.bytes = 32768
	reconnect.backoff.max.ms = 1000
	reconnect.backoff.ms = 50
	request.timeout.ms = 5000
	retries = 2147483647
	retry.backoff.max.ms = 1000
	retry.backoff.ms = 100
	sasl.client.callback.handler.class = null
	sasl.jaas.config = null
	sasl.kerberos.kinit.cmd = /usr/bin/kinit
	sasl.kerberos.min.time.before.relogin = 60000
	sasl.kerberos.service.name = null
	sasl.kerberos.ticket.renew.jitter = 0.05
	sasl.kerberos.ticket.renew.window.factor = 0.8
	sasl.login.callback.handler.class = null
	sasl.login.class = null
	sasl.login.connect.timeout.ms = null
	sasl.login.read.timeout.ms = null
	sasl.login.refresh.buffer.seconds = 300
	sasl.login.refresh.min.period.seconds = 60
	sasl.login.refresh.window.factor = 0.8
	sasl.login.refresh.window.jitter = 0.05
	sasl.login.retry.backoff.max.ms = 10000
	sasl.login.retry.backoff.ms = 100
	sasl.mechanism = GSSAPI
	sasl.oauthbearer.clock.skew.seconds = 30
	sasl.oauthbearer.expected.audience = null
	sasl.oauthbearer.expected.issuer = null
	sasl.oauthbearer.header.urlencode = false
	sasl.oauthbearer.jwks.endpoint.refresh.ms = 3600000
	sasl.oauthbearer.jwks.endpoint.retry.backoff.max.ms = 10000
	sasl.oauthbearer.jwks.endpoint.retry.backoff.ms = 100
	sasl.oauthbearer.jwks.endpoint.url = null
	sasl.oauthbearer.scope.claim.name = scope
	sasl.oauthbearer.sub.claim.name = sub
	sasl.oauthbearer.token.endpoint.url = null
	security.protocol = PLAINTEXT
	security.providers = null
	send.buffer.bytes = 131072
	socket.connection.setup.timeout.max.ms = 30000
	socket.connection.setup.timeout.ms = 10000
	ssl.cipher.suites = null
	ssl.enabled.protocols = [TLSv1.2, TLSv1.3]
	ssl.endpoint.identification.algorithm = https
	ssl.engine.factory.class = null
	ssl.key.password = null
	ssl.keymanager.algorithm = SunX509
	ssl.keystore.certificate.chain = null
	ssl.keystore.key = null
	ssl.keystore.location = null
	ssl.keystore.password = null
	ssl.keystore.type = JKS
	ssl.protocol = TLSv1.3
	ssl.provider = null
	ssl.secure.random.implementation = null
	ssl.trustmanager.algorithm = PKIX
	ssl.truststore.certificates = null
	ssl.truststore.location = null
	ssl.truststore.password = null
	ssl.truststore.type = JKS
	transaction.timeout.ms = 60000
	transactional.id = null
	value.serializer = class io.apicurio.registry.serde.avro.AvroKafkaSerializer

2025-09-28 17:20:00,218 INFO  [org.apa.kaf.com.tel.int.KafkaMetricsCollector] (main) initializing Kafka metrics collector
2025-09-28 17:20:00,231 INFO  [org.apa.kaf.cli.pro.KafkaProducer] (main) [Producer clientId=Producer-topic-ff08a364_7311_45d7_a935_911ab65a9b8c] Instantiated an idempotent producer.
2025-09-28 17:20:00,255 INFO  [org.apa.kaf.cli.pro.ProducerConfig] (main) These configurations '[apicurio.registry.url, apicurio.registry.auto-register, apicurio.registry.use-id, apicurio.registry.artifact-resolver-strategy]' were supplied but are not used yet.
2025-09-28 17:20:00,256 INFO  [org.apa.kaf.com.uti.AppInfoParser] (main) Kafka version: 3.9.1
2025-09-28 17:20:00,256 INFO  [org.apa.kaf.com.uti.AppInfoParser] (main) Kafka commitId: f745dfdcee2b9851
2025-09-28 17:20:00,256 INFO  [org.apa.kaf.com.uti.AppInfoParser] (main) Kafka startTimeMs: 1759080000255
2025-09-28 17:20:00,256 INFO  [io.api.tes.ser.api.SimpleSerdesTesterBuilder$SimpleSerdesTester] (main) Using producer configuration: {apicurio.registry.url=http://registry-app-mysql.apps.ci419.apicurio-testing.org:80/apis/registry/v3, apicurio.registry.auto-register=true, apicurio.registry.use-id=globalId, apicurio.registry.artifact-resolver-strategy=io.apicurio.registry.serde.strategy.TopicIdStrategy, value.serializer=io.apicurio.registry.serde.avro.AvroKafkaSerializer, request.timeout.ms=5000, acks=all, bootstrap.servers=PLAINTEXT://localhost:32769, connections.max.idle.ms=10000, key.serializer=org.apache.kafka.common.serialization.StringSerializer, client.id=Producer-topic-ff08a364_7311_45d7_a935_911ab65a9b8c}
2025-09-28 17:20:00,256 INFO  [io.api.tes.ser.api.SimpleSerdesTesterBuilder$SimpleSerdesTester] (main) Using consumer configuration: {apicurio.registry.use-id=globalId}
2025-09-28 17:20:00,261 INFO  [io.api.tes.ser.api.KafkaSerdesTester] (ForkJoinPool.commonPool-worker-3) Sending message {"key11759080000186": "value-0"} to topic topic-ff08a364_7311_45d7_a935_911ab65a9b8c
2025-09-28 17:20:00,490 WARN  [org.apa.kaf.cli.NetworkClient] (kafka-producer-network-thread | Producer-topic-ff08a364_7311_45d7_a935_911ab65a9b8c) [Producer clientId=Producer-topic-ff08a364_7311_45d7_a935_911ab65a9b8c] The metadata response from the cluster reported a recoverable issue with correlation id 1 : {topic-ff08a364_7311_45d7_a935_911ab65a9b8c=UNKNOWN_TOPIC_OR_PARTITION}
2025-09-28 17:20:00,491 INFO  [org.apa.kaf.cli.Metadata] (kafka-producer-network-thread | Producer-topic-ff08a364_7311_45d7_a935_911ab65a9b8c) [Producer clientId=Producer-topic-ff08a364_7311_45d7_a935_911ab65a9b8c] Cluster ID: 3eubY_ZwQSCXVgI5PuowEg
2025-09-28 17:20:00,603 INFO  [org.apa.kaf.cli.pro.int.TransactionManager] (kafka-producer-network-thread | Producer-topic-ff08a364_7311_45d7_a935_911ab65a9b8c) [Producer clientId=Producer-topic-ff08a364_7311_45d7_a935_911ab65a9b8c] ProducerId set to 0 with epoch 0
2025-09-28 17:20:00,701 INFO  [io.api.tes.ser.api.KafkaSerdesTester] (ForkJoinPool.commonPool-worker-3) Sending message {"key11759080000186": "value-1"} to topic topic-ff08a364_7311_45d7_a935_911ab65a9b8c
2025-09-28 17:20:00,706 INFO  [io.api.tes.ser.api.KafkaSerdesTester] (ForkJoinPool.commonPool-worker-3) Sending message {"key11759080000186": "value-2"} to topic topic-ff08a364_7311_45d7_a935_911ab65a9b8c
2025-09-28 17:20:00,709 INFO  [io.api.tes.ser.api.KafkaSerdesTester] (ForkJoinPool.commonPool-worker-3) Sending message {"key11759080000186": "value-3"} to topic topic-ff08a364_7311_45d7_a935_911ab65a9b8c
2025-09-28 17:20:00,712 INFO  [io.api.tes.ser.api.KafkaSerdesTester] (ForkJoinPool.commonPool-worker-3) Sending message {"key11759080000186": "value-4"} to topic topic-ff08a364_7311_45d7_a935_911ab65a9b8c
2025-09-28 17:20:00,715 INFO  [io.api.tes.ser.api.KafkaSerdesTester] (ForkJoinPool.commonPool-worker-3) Sending message {"key11759080000186": "value-5"} to topic topic-ff08a364_7311_45d7_a935_911ab65a9b8c
2025-09-28 17:20:00,718 INFO  [io.api.tes.ser.api.KafkaSerdesTester] (ForkJoinPool.commonPool-worker-3) Sending message {"key11759080000186": "value-6"} to topic topic-ff08a364_7311_45d7_a935_911ab65a9b8c
2025-09-28 17:20:00,721 INFO  [io.api.tes.ser.api.KafkaSerdesTester] (ForkJoinPool.commonPool-worker-3) Sending message {"key11759080000186": "value-7"} to topic topic-ff08a364_7311_45d7_a935_911ab65a9b8c
2025-09-28 17:20:00,724 INFO  [io.api.tes.ser.api.KafkaSerdesTester] (ForkJoinPool.commonPool-worker-3) Sending message {"key11759080000186": "value-8"} to topic topic-ff08a364_7311_45d7_a935_911ab65a9b8c
2025-09-28 17:20:00,727 INFO  [io.api.tes.ser.api.KafkaSerdesTester] (ForkJoinPool.commonPool-worker-3) Sending message {"key11759080000186": "value-9"} to topic topic-ff08a364_7311_45d7_a935_911ab65a9b8c
2025-09-28 17:20:00,730 INFO  [io.api.tes.ser.api.KafkaSerdesTester] (ForkJoinPool.commonPool-worker-3) Produced 10 messages
2025-09-28 17:20:00,731 INFO  [org.apa.kaf.cli.pro.KafkaProducer] (ForkJoinPool.commonPool-worker-3) [Producer clientId=Producer-topic-ff08a364_7311_45d7_a935_911ab65a9b8c] Closing the Kafka producer with timeoutMillis = 9223372036854775807 ms.
2025-09-28 17:20:00,740 INFO  [org.apa.kaf.com.met.Metrics] (ForkJoinPool.commonPool-worker-3) Metrics scheduler closed
2025-09-28 17:20:00,740 INFO  [org.apa.kaf.com.met.Metrics] (ForkJoinPool.commonPool-worker-3) Closing reporter org.apache.kafka.common.metrics.JmxReporter
2025-09-28 17:20:00,740 INFO  [org.apa.kaf.com.met.Metrics] (ForkJoinPool.commonPool-worker-3) Closing reporter org.apache.kafka.common.telemetry.internals.ClientTelemetryReporter
2025-09-28 17:20:00,741 INFO  [org.apa.kaf.com.met.Metrics] (ForkJoinPool.commonPool-worker-3) Metrics reporters closed
2025-09-28 17:20:00,742 INFO  [org.apa.kaf.com.uti.AppInfoParser] (ForkJoinPool.commonPool-worker-3) App info kafka.producer for Producer-topic-ff08a364_7311_45d7_a935_911ab65a9b8c unregistered
**** Registry Base URL: http://registry-app-mysql.apps.ci419.apicurio-testing.org:80
2025-09-28 17:20:00,782 INFO  [org.apa.kaf.cli.con.ConsumerConfig] (main) ConsumerConfig values: 
	allow.auto.create.topics = true
	auto.commit.interval.ms = 500
	auto.include.jmx.reporter = true
	auto.offset.reset = earliest
	bootstrap.servers = [PLAINTEXT://localhost:32769]
	check.crcs = true
	client.dns.lookup = use_all_dns_ips
	client.id = consumer-Consumer-topic-ff08a364_7311_45d7_a935_911ab65a9b8c-1
	client.rack = 
	connections.max.idle.ms = 10000
	default.api.timeout.ms = 60000
	enable.auto.commit = true
	enable.metrics.push = true
	exclude.internal.topics = true
	fetch.max.bytes = 52428800
	fetch.max.wait.ms = 500
	fetch.min.bytes = 1
	group.id = Consumer-topic-ff08a364_7311_45d7_a935_911ab65a9b8c
	group.instance.id = null
	group.protocol = classic
	group.remote.assignor = null
	heartbeat.interval.ms = 3000
	interceptor.classes = []
	internal.leave.group.on.close = true
	internal.throw.on.fetch.stable.offset.unsupported = false
	isolation.level = read_uncommitted
	key.deserializer = class org.apache.kafka.common.serialization.StringDeserializer
	max.partition.fetch.bytes = 1048576
	max.poll.interval.ms = 300000
	max.poll.records = 500
	metadata.max.age.ms = 300000
	metadata.recovery.strategy = none
	metric.reporters = []
	metrics.num.samples = 2
	metrics.recording.level = INFO
	metrics.sample.window.ms = 30000
	partition.assignment.strategy = [class org.apache.kafka.clients.consumer.RangeAssignor, class org.apache.kafka.clients.consumer.CooperativeStickyAssignor]
	receive.buffer.bytes = 65536
	reconnect.backoff.max.ms = 1000
	reconnect.backoff.ms = 50
	request.timeout.ms = 5000
	retry.backoff.max.ms = 1000
	retry.backoff.ms = 100
	sasl.client.callback.handler.class = null
	sasl.jaas.config = null
	sasl.kerberos.kinit.cmd = /usr/bin/kinit
	sasl.kerberos.min.time.before.relogin = 60000
	sasl.kerberos.service.name = null
	sasl.kerberos.ticket.renew.jitter = 0.05
	sasl.kerberos.ticket.renew.window.factor = 0.8
	sasl.login.callback.handler.class = null
	sasl.login.class = null
	sasl.login.connect.timeout.ms = null
	sasl.login.read.timeout.ms = null
	sasl.login.refresh.buffer.seconds = 300
	sasl.login.refresh.min.period.seconds = 60
	sasl.login.refresh.window.factor = 0.8
	sasl.login.refresh.window.jitter = 0.05
	sasl.login.retry.backoff.max.ms = 10000
	sasl.login.retry.backoff.ms = 100
	sasl.mechanism = GSSAPI
	sasl.oauthbearer.clock.skew.seconds = 30
	sasl.oauthbearer.expected.audience = null
	sasl.oauthbearer.expected.issuer = null
	sasl.oauthbearer.header.urlencode = false
	sasl.oauthbearer.jwks.endpoint.refresh.ms = 3600000
	sasl.oauthbearer.jwks.endpoint.retry.backoff.max.ms = 10000
	sasl.oauthbearer.jwks.endpoint.retry.backoff.ms = 100
	sasl.oauthbearer.jwks.endpoint.url = null
	sasl.oauthbearer.scope.claim.name = scope
	sasl.oauthbearer.sub.claim.name = sub
	sasl.oauthbearer.token.endpoint.url = null
	security.protocol = PLAINTEXT
	security.providers = null
	send.buffer.bytes = 131072
	session.timeout.ms = 45000
	socket.connection.setup.timeout.max.ms = 30000
	socket.connection.setup.timeout.ms = 10000
	ssl.cipher.suites = null
	ssl.enabled.protocols = [TLSv1.2, TLSv1.3]
	ssl.endpoint.identification.algorithm = https
	ssl.engine.factory.class = null
	ssl.key.password = null
	ssl.keymanager.algorithm = SunX509
	ssl.keystore.certificate.chain = null
	ssl.keystore.key = null
	ssl.keystore.location = null
	ssl.keystore.password = null
	ssl.keystore.type = JKS
	ssl.protocol = TLSv1.3
	ssl.provider = null
	ssl.secure.random.implementation = null
	ssl.trustmanager.algorithm = PKIX
	ssl.truststore.certificates = null
	ssl.truststore.location = null
	ssl.truststore.password = null
	ssl.truststore.type = JKS
	value.deserializer = class io.apicurio.registry.serde.avro.AvroKafkaDeserializer

2025-09-28 17:20:00,789 INFO  [org.apa.kaf.com.tel.int.KafkaMetricsCollector] (main) initializing Kafka metrics collector
2025-09-28 17:20:00,826 INFO  [org.apa.kaf.cli.con.ConsumerConfig] (main) These configurations '[apicurio.registry.url, apicurio.registry.use-id]' were supplied but are not used yet.
2025-09-28 17:20:00,826 INFO  [org.apa.kaf.com.uti.AppInfoParser] (main) Kafka version: 3.9.1
2025-09-28 17:20:00,826 INFO  [org.apa.kaf.com.uti.AppInfoParser] (main) Kafka commitId: f745dfdcee2b9851
2025-09-28 17:20:00,826 INFO  [org.apa.kaf.com.uti.AppInfoParser] (main) Kafka startTimeMs: 1759080000826
2025-09-28 17:20:00,828 INFO  [org.apa.kaf.cli.con.int.ClassicKafkaConsumer] (ForkJoinPool.commonPool-worker-3) [Consumer clientId=consumer-Consumer-topic-ff08a364_7311_45d7_a935_911ab65a9b8c-1, groupId=Consumer-topic-ff08a364_7311_45d7_a935_911ab65a9b8c] Subscribed to topic(s): topic-ff08a364_7311_45d7_a935_911ab65a9b8c
2025-09-28 17:20:00,836 INFO  [org.apa.kaf.cli.Metadata] (ForkJoinPool.commonPool-worker-3) [Consumer clientId=consumer-Consumer-topic-ff08a364_7311_45d7_a935_911ab65a9b8c-1, groupId=Consumer-topic-ff08a364_7311_45d7_a935_911ab65a9b8c] Cluster ID: 3eubY_ZwQSCXVgI5PuowEg
2025-09-28 17:20:00,969 INFO  [org.apa.kaf.cli.con.int.ConsumerCoordinator] (ForkJoinPool.commonPool-worker-3) [Consumer clientId=consumer-Consumer-topic-ff08a364_7311_45d7_a935_911ab65a9b8c-1, groupId=Consumer-topic-ff08a364_7311_45d7_a935_911ab65a9b8c] Discovered group coordinator localhost:32769 (id: 2147483647 rack: null)
2025-09-28 17:20:00,981 INFO  [org.apa.kaf.cli.con.int.ConsumerCoordinator] (ForkJoinPool.commonPool-worker-3) [Consumer clientId=consumer-Consumer-topic-ff08a364_7311_45d7_a935_911ab65a9b8c-1, groupId=Consumer-topic-ff08a364_7311_45d7_a935_911ab65a9b8c] (Re-)joining group
2025-09-28 17:20:01,001 INFO  [org.apa.kaf.cli.con.int.ConsumerCoordinator] (ForkJoinPool.commonPool-worker-3) [Consumer clientId=consumer-Consumer-topic-ff08a364_7311_45d7_a935_911ab65a9b8c-1, groupId=Consumer-topic-ff08a364_7311_45d7_a935_911ab65a9b8c] Group coordinator localhost:32769 (id: 2147483647 rack: null) is unavailable or invalid due to cause: error response NOT_COORDINATOR. isDisconnected: false. Rediscovery will be attempted.
2025-09-28 17:20:01,001 INFO  [org.apa.kaf.cli.con.int.ConsumerCoordinator] (ForkJoinPool.commonPool-worker-3) [Consumer clientId=consumer-Consumer-topic-ff08a364_7311_45d7_a935_911ab65a9b8c-1, groupId=Consumer-topic-ff08a364_7311_45d7_a935_911ab65a9b8c] Requesting disconnect from last known coordinator localhost:32769 (id: 2147483647 rack: null)
2025-09-28 17:20:01,002 INFO  [org.apa.kaf.cli.con.int.ConsumerCoordinator] (ForkJoinPool.commonPool-worker-3) [Consumer clientId=consumer-Consumer-topic-ff08a364_7311_45d7_a935_911ab65a9b8c-1, groupId=Consumer-topic-ff08a364_7311_45d7_a935_911ab65a9b8c] JoinGroup failed: This is not the correct coordinator. Marking coordinator unknown. Sent generation was Generation{generationId=-1, memberId='', protocol='null'}
2025-09-28 17:20:01,002 INFO  [org.apa.kaf.cli.NetworkClient] (ForkJoinPool.commonPool-worker-3) [Consumer clientId=consumer-Consumer-topic-ff08a364_7311_45d7_a935_911ab65a9b8c-1, groupId=Consumer-topic-ff08a364_7311_45d7_a935_911ab65a9b8c] Client requested disconnect from node 2147483647
2025-09-28 17:20:01,006 INFO  [org.apa.kaf.cli.con.int.ConsumerCoordinator] (ForkJoinPool.commonPool-worker-3) [Consumer clientId=consumer-Consumer-topic-ff08a364_7311_45d7_a935_911ab65a9b8c-1, groupId=Consumer-topic-ff08a364_7311_45d7_a935_911ab65a9b8c] Discovered group coordinator localhost:32769 (id: 2147483647 rack: null)
2025-09-28 17:20:01,006 INFO  [org.apa.kaf.cli.con.int.ConsumerCoordinator] (ForkJoinPool.commonPool-worker-3) [Consumer clientId=consumer-Consumer-topic-ff08a364_7311_45d7_a935_911ab65a9b8c-1, groupId=Consumer-topic-ff08a364_7311_45d7_a935_911ab65a9b8c] Group coordinator localhost:32769 (id: 2147483647 rack: null) is unavailable or invalid due to cause: coordinator unavailable. isDisconnected: false. Rediscovery will be attempted.
2025-09-28 17:20:01,006 INFO  [org.apa.kaf.cli.con.int.ConsumerCoordinator] (ForkJoinPool.commonPool-worker-3) [Consumer clientId=consumer-Consumer-topic-ff08a364_7311_45d7_a935_911ab65a9b8c-1, groupId=Consumer-topic-ff08a364_7311_45d7_a935_911ab65a9b8c] Requesting disconnect from last known coordinator localhost:32769 (id: 2147483647 rack: null)
2025-09-28 17:20:01,106 INFO  [org.apa.kaf.cli.con.int.ConsumerCoordinator] (ForkJoinPool.commonPool-worker-3) [Consumer clientId=consumer-Consumer-topic-ff08a364_7311_45d7_a935_911ab65a9b8c-1, groupId=Consumer-topic-ff08a364_7311_45d7_a935_911ab65a9b8c] Discovered group coordinator localhost:32769 (id: 2147483647 rack: null)
2025-09-28 17:20:01,107 INFO  [org.apa.kaf.cli.con.int.ConsumerCoordinator] (ForkJoinPool.commonPool-worker-3) [Consumer clientId=consumer-Consumer-topic-ff08a364_7311_45d7_a935_911ab65a9b8c-1, groupId=Consumer-topic-ff08a364_7311_45d7_a935_911ab65a9b8c] Request joining group due to: rebalance failed due to 'This is not the correct coordinator.' (NotCoordinatorException)
2025-09-28 17:20:01,108 INFO  [org.apa.kaf.cli.con.int.ConsumerCoordinator] (ForkJoinPool.commonPool-worker-3) [Consumer clientId=consumer-Consumer-topic-ff08a364_7311_45d7_a935_911ab65a9b8c-1, groupId=Consumer-topic-ff08a364_7311_45d7_a935_911ab65a9b8c] (Re-)joining group
2025-09-28 17:20:01,114 INFO  [org.apa.kaf.cli.con.int.ConsumerCoordinator] (ForkJoinPool.commonPool-worker-3) [Consumer clientId=consumer-Consumer-topic-ff08a364_7311_45d7_a935_911ab65a9b8c-1, groupId=Consumer-topic-ff08a364_7311_45d7_a935_911ab65a9b8c] Group coordinator localhost:32769 (id: 2147483647 rack: null) is unavailable or invalid due to cause: error response NOT_COORDINATOR. isDisconnected: false. Rediscovery will be attempted.
2025-09-28 17:20:01,114 INFO  [org.apa.kaf.cli.con.int.ConsumerCoordinator] (ForkJoinPool.commonPool-worker-3) [Consumer clientId=consumer-Consumer-topic-ff08a364_7311_45d7_a935_911ab65a9b8c-1, groupId=Consumer-topic-ff08a364_7311_45d7_a935_911ab65a9b8c] Requesting disconnect from last known coordinator localhost:32769 (id: 2147483647 rack: null)
2025-09-28 17:20:01,114 INFO  [org.apa.kaf.cli.con.int.ConsumerCoordinator] (ForkJoinPool.commonPool-worker-3) [Consumer clientId=consumer-Consumer-topic-ff08a364_7311_45d7_a935_911ab65a9b8c-1, groupId=Consumer-topic-ff08a364_7311_45d7_a935_911ab65a9b8c] JoinGroup failed: This is not the correct coordinator. Marking coordinator unknown. Sent generation was Generation{generationId=-1, memberId='', protocol='null'}
2025-09-28 17:20:01,114 INFO  [org.apa.kaf.cli.NetworkClient] (ForkJoinPool.commonPool-worker-3) [Consumer clientId=consumer-Consumer-topic-ff08a364_7311_45d7_a935_911ab65a9b8c-1, groupId=Consumer-topic-ff08a364_7311_45d7_a935_911ab65a9b8c] Client requested disconnect from node 2147483647
2025-09-28 17:20:01,117 INFO  [org.apa.kaf.cli.con.int.ConsumerCoordinator] (ForkJoinPool.commonPool-worker-3) [Consumer clientId=consumer-Consumer-topic-ff08a364_7311_45d7_a935_911ab65a9b8c-1, groupId=Consumer-topic-ff08a364_7311_45d7_a935_911ab65a9b8c] Discovered group coordinator localhost:32769 (id: 2147483647 rack: null)
2025-09-28 17:20:01,117 INFO  [org.apa.kaf.cli.con.int.ConsumerCoordinator] (ForkJoinPool.commonPool-worker-3) [Consumer clientId=consumer-Consumer-topic-ff08a364_7311_45d7_a935_911ab65a9b8c-1, groupId=Consumer-topic-ff08a364_7311_45d7_a935_911ab65a9b8c] Group coordinator localhost:32769 (id: 2147483647 rack: null) is unavailable or invalid due to cause: coordinator unavailable. isDisconnected: false. Rediscovery will be attempted.
2025-09-28 17:20:01,117 INFO  [org.apa.kaf.cli.con.int.ConsumerCoordinator] (ForkJoinPool.commonPool-worker-3) [Consumer clientId=consumer-Consumer-topic-ff08a364_7311_45d7_a935_911ab65a9b8c-1, groupId=Consumer-topic-ff08a364_7311_45d7_a935_911ab65a9b8c] Requesting disconnect from last known coordinator localhost:32769 (id: 2147483647 rack: null)
2025-09-28 17:20:01,235 INFO  [org.apa.kaf.cli.con.int.ConsumerCoordinator] (ForkJoinPool.commonPool-worker-3) [Consumer clientId=consumer-Consumer-topic-ff08a364_7311_45d7_a935_911ab65a9b8c-1, groupId=Consumer-topic-ff08a364_7311_45d7_a935_911ab65a9b8c] Discovered group coordinator localhost:32769 (id: 2147483647 rack: null)
2025-09-28 17:20:01,237 INFO  [org.apa.kaf.cli.con.int.ConsumerCoordinator] (ForkJoinPool.commonPool-worker-3) [Consumer clientId=consumer-Consumer-topic-ff08a364_7311_45d7_a935_911ab65a9b8c-1, groupId=Consumer-topic-ff08a364_7311_45d7_a935_911ab65a9b8c] Request joining group due to: rebalance failed due to 'This is not the correct coordinator.' (NotCoordinatorException)
2025-09-28 17:20:01,237 INFO  [org.apa.kaf.cli.con.int.ConsumerCoordinator] (ForkJoinPool.commonPool-worker-3) [Consumer clientId=consumer-Consumer-topic-ff08a364_7311_45d7_a935_911ab65a9b8c-1, groupId=Consumer-topic-ff08a364_7311_45d7_a935_911ab65a9b8c] (Re-)joining group
2025-09-28 17:20:01,246 INFO  [org.apa.kaf.cli.con.int.ConsumerCoordinator] (ForkJoinPool.commonPool-worker-3) [Consumer clientId=consumer-Consumer-topic-ff08a364_7311_45d7_a935_911ab65a9b8c-1, groupId=Consumer-topic-ff08a364_7311_45d7_a935_911ab65a9b8c] Request joining group due to: need to re-join with the given member-id: consumer-Consumer-topic-ff08a364_7311_45d7_a935_911ab65a9b8c-1-3bb510d0-2504-4c86-aa2c-adeb84d61d15
2025-09-28 17:20:01,247 INFO  [org.apa.kaf.cli.con.int.ConsumerCoordinator] (ForkJoinPool.commonPool-worker-3) [Consumer clientId=consumer-Consumer-topic-ff08a364_7311_45d7_a935_911ab65a9b8c-1, groupId=Consumer-topic-ff08a364_7311_45d7_a935_911ab65a9b8c] (Re-)joining group
2025-09-28 17:20:01,829 INFO  [io.api.tes.ser.api.KafkaSerdesTester] (ForkJoinPool.commonPool-worker-3) None found
2025-09-28 17:20:02,829 INFO  [io.api.tes.ser.api.KafkaSerdesTester] (ForkJoinPool.commonPool-worker-3) None found
2025-09-28 17:20:03,831 INFO  [io.api.tes.ser.api.KafkaSerdesTester] (ForkJoinPool.commonPool-worker-3) None found
2025-09-28 17:20:04,260 INFO  [org.apa.kaf.cli.con.int.ConsumerCoordinator] (ForkJoinPool.commonPool-worker-3) [Consumer clientId=consumer-Consumer-topic-ff08a364_7311_45d7_a935_911ab65a9b8c-1, groupId=Consumer-topic-ff08a364_7311_45d7_a935_911ab65a9b8c] Successfully joined group with generation Generation{generationId=1, memberId='consumer-Consumer-topic-ff08a364_7311_45d7_a935_911ab65a9b8c-1-3bb510d0-2504-4c86-aa2c-adeb84d61d15', protocol='range'}
2025-09-28 17:20:04,265 INFO  [org.apa.kaf.cli.con.int.ConsumerCoordinator] (ForkJoinPool.commonPool-worker-3) [Consumer clientId=consumer-Consumer-topic-ff08a364_7311_45d7_a935_911ab65a9b8c-1, groupId=Consumer-topic-ff08a364_7311_45d7_a935_911ab65a9b8c] Finished assignment for group at generation 1: {consumer-Consumer-topic-ff08a364_7311_45d7_a935_911ab65a9b8c-1-3bb510d0-2504-4c86-aa2c-adeb84d61d15=Assignment(partitions=[topic-ff08a364_7311_45d7_a935_911ab65a9b8c-0])}
2025-09-28 17:20:04,279 INFO  [org.apa.kaf.cli.con.int.ConsumerCoordinator] (ForkJoinPool.commonPool-worker-3) [Consumer clientId=consumer-Consumer-topic-ff08a364_7311_45d7_a935_911ab65a9b8c-1, groupId=Consumer-topic-ff08a364_7311_45d7_a935_911ab65a9b8c] Successfully synced group in generation Generation{generationId=1, memberId='consumer-Consumer-topic-ff08a364_7311_45d7_a935_911ab65a9b8c-1-3bb510d0-2504-4c86-aa2c-adeb84d61d15', protocol='range'}
2025-09-28 17:20:04,280 INFO  [org.apa.kaf.cli.con.int.ConsumerCoordinator] (ForkJoinPool.commonPool-worker-3) [Consumer clientId=consumer-Consumer-topic-ff08a364_7311_45d7_a935_911ab65a9b8c-1, groupId=Consumer-topic-ff08a364_7311_45d7_a935_911ab65a9b8c] Notifying assignor about the new Assignment(partitions=[topic-ff08a364_7311_45d7_a935_911ab65a9b8c-0])
2025-09-28 17:20:04,282 INFO  [org.apa.kaf.cli.con.int.ConsumerRebalanceListenerInvoker] (ForkJoinPool.commonPool-worker-3) [Consumer clientId=consumer-Consumer-topic-ff08a364_7311_45d7_a935_911ab65a9b8c-1, groupId=Consumer-topic-ff08a364_7311_45d7_a935_911ab65a9b8c] Adding newly assigned partitions: topic-ff08a364_7311_45d7_a935_911ab65a9b8c-0
2025-09-28 17:20:04,294 INFO  [org.apa.kaf.cli.con.int.ConsumerCoordinator] (ForkJoinPool.commonPool-worker-3) [Consumer clientId=consumer-Consumer-topic-ff08a364_7311_45d7_a935_911ab65a9b8c-1, groupId=Consumer-topic-ff08a364_7311_45d7_a935_911ab65a9b8c] Found no committed offset for partition topic-ff08a364_7311_45d7_a935_911ab65a9b8c-0
2025-09-28 17:20:04,306 INFO  [org.apa.kaf.cli.con.int.SubscriptionState] (ForkJoinPool.commonPool-worker-3) [Consumer clientId=consumer-Consumer-topic-ff08a364_7311_45d7_a935_911ab65a9b8c-1, groupId=Consumer-topic-ff08a364_7311_45d7_a935_911ab65a9b8c] Resetting offset for partition topic-ff08a364_7311_45d7_a935_911ab65a9b8c-0 to position FetchPosition{offset=0, offsetEpoch=Optional.empty, currentLeader=LeaderAndEpoch{leader=Optional[localhost:32769 (id: 0 rack: null)], epoch=0}}.
2025-09-28 17:20:04,411 INFO  [io.api.tes.ser.api.KafkaSerdesTester] (ForkJoinPool.commonPool-worker-3) topic-ff08a364_7311_45d7_a935_911ab65a9b8c 0 0 {"key11759080000186": "value-0"}
2025-09-28 17:20:04,411 INFO  [io.api.tes.ser.api.KafkaSerdesTester] (ForkJoinPool.commonPool-worker-3) topic-ff08a364_7311_45d7_a935_911ab65a9b8c 0 1 {"key11759080000186": "value-1"}
2025-09-28 17:20:04,411 INFO  [io.api.tes.ser.api.KafkaSerdesTester] (ForkJoinPool.commonPool-worker-3) topic-ff08a364_7311_45d7_a935_911ab65a9b8c 0 2 {"key11759080000186": "value-2"}
2025-09-28 17:20:04,411 INFO  [io.api.tes.ser.api.KafkaSerdesTester] (ForkJoinPool.commonPool-worker-3) topic-ff08a364_7311_45d7_a935_911ab65a9b8c 0 3 {"key11759080000186": "value-3"}
2025-09-28 17:20:04,411 INFO  [io.api.tes.ser.api.KafkaSerdesTester] (ForkJoinPool.commonPool-worker-3) topic-ff08a364_7311_45d7_a935_911ab65a9b8c 0 4 {"key11759080000186": "value-4"}
2025-09-28 17:20:04,411 INFO  [io.api.tes.ser.api.KafkaSerdesTester] (ForkJoinPool.commonPool-worker-3) topic-ff08a364_7311_45d7_a935_911ab65a9b8c 0 5 {"key11759080000186": "value-5"}
2025-09-28 17:20:04,412 INFO  [io.api.tes.ser.api.KafkaSerdesTester] (ForkJoinPool.commonPool-worker-3) topic-ff08a364_7311_45d7_a935_911ab65a9b8c 0 6 {"key11759080000186": "value-6"}
2025-09-28 17:20:04,412 INFO  [io.api.tes.ser.api.KafkaSerdesTester] (ForkJoinPool.commonPool-worker-3) topic-ff08a364_7311_45d7_a935_911ab65a9b8c 0 7 {"key11759080000186": "value-7"}
2025-09-28 17:20:04,412 INFO  [io.api.tes.ser.api.KafkaSerdesTester] (ForkJoinPool.commonPool-worker-3) topic-ff08a364_7311_45d7_a935_911ab65a9b8c 0 8 {"key11759080000186": "value-8"}
2025-09-28 17:20:04,412 INFO  [io.api.tes.ser.api.KafkaSerdesTester] (ForkJoinPool.commonPool-worker-3) topic-ff08a364_7311_45d7_a935_911ab65a9b8c 0 9 {"key11759080000186": "value-9"}
2025-09-28 17:20:04,412 INFO  [io.api.tes.ser.api.KafkaSerdesTester] (ForkJoinPool.commonPool-worker-3) Consumed 10 messages
2025-09-28 17:20:04,431 INFO  [org.apa.kaf.cli.con.int.ConsumerRebalanceListenerInvoker] (ForkJoinPool.commonPool-worker-3) [Consumer clientId=consumer-Consumer-topic-ff08a364_7311_45d7_a935_911ab65a9b8c-1, groupId=Consumer-topic-ff08a364_7311_45d7_a935_911ab65a9b8c] Revoke previously assigned partitions topic-ff08a364_7311_45d7_a935_911ab65a9b8c-0
2025-09-28 17:20:04,431 INFO  [org.apa.kaf.cli.con.int.ConsumerCoordinator] (ForkJoinPool.commonPool-worker-3) [Consumer clientId=consumer-Consumer-topic-ff08a364_7311_45d7_a935_911ab65a9b8c-1, groupId=Consumer-topic-ff08a364_7311_45d7_a935_911ab65a9b8c] Member consumer-Consumer-topic-ff08a364_7311_45d7_a935_911ab65a9b8c-1-3bb510d0-2504-4c86-aa2c-adeb84d61d15 sending LeaveGroup request to coordinator localhost:32769 (id: 2147483647 rack: null) due to the consumer is being closed
2025-09-28 17:20:04,432 INFO  [org.apa.kaf.cli.con.int.ConsumerCoordinator] (ForkJoinPool.commonPool-worker-3) [Consumer clientId=consumer-Consumer-topic-ff08a364_7311_45d7_a935_911ab65a9b8c-1, groupId=Consumer-topic-ff08a364_7311_45d7_a935_911ab65a9b8c] Resetting generation and member id due to: consumer pro-actively leaving the group
2025-09-28 17:20:04,432 INFO  [org.apa.kaf.cli.con.int.ConsumerCoordinator] (ForkJoinPool.commonPool-worker-3) [Consumer clientId=consumer-Consumer-topic-ff08a364_7311_45d7_a935_911ab65a9b8c-1, groupId=Consumer-topic-ff08a364_7311_45d7_a935_911ab65a9b8c] Request joining group due to: consumer pro-actively leaving the group
2025-09-28 17:20:04,922 INFO  [org.apa.kaf.com.met.Metrics] (ForkJoinPool.commonPool-worker-3) Metrics scheduler closed
2025-09-28 17:20:04,922 INFO  [org.apa.kaf.com.met.Metrics] (ForkJoinPool.commonPool-worker-3) Closing reporter org.apache.kafka.common.metrics.JmxReporter
2025-09-28 17:20:04,922 INFO  [org.apa.kaf.com.met.Metrics] (ForkJoinPool.commonPool-worker-3) Closing reporter org.apache.kafka.common.telemetry.internals.ClientTelemetryReporter
2025-09-28 17:20:04,922 INFO  [org.apa.kaf.com.met.Metrics] (ForkJoinPool.commonPool-worker-3) Metrics reporters closed
2025-09-28 17:20:04,927 INFO  [org.apa.kaf.com.uti.AppInfoParser] (ForkJoinPool.commonPool-worker-3) App info kafka.consumer for consumer-Consumer-topic-ff08a364_7311_45d7_a935_911ab65a9b8c-1 unregistered
2025-09-28 17:20:04,928 INFO  [io.api.tes.uti.TestSeparator] (main) io.apicurio.tests.serdes.apicurio.AvroSerdeIT.testGlobalIdInHeaders-FINISHED
2025-09-28 17:20:04,928 INFO  [io.api.tes.uti.TestSeparator] (main) ############################################################################
Test passed: testGlobalIdInHeaders
]]></system-out>
  </testcase>
  <testcase name="testSimpleTopicIdStrategyFindLatest" classname="io.apicurio.tests.serdes.apicurio.AvroSerdeIT" time="4.759">
    <system-out><![CDATA[2025-09-28 17:20:04,930 INFO  [io.api.tes.uti.TestSeparator] (main) ############################################################################
2025-09-28 17:20:04,930 INFO  [io.api.tes.uti.TestSeparator] (main) io.apicurio.tests.serdes.apicurio.AvroSerdeIT.testSimpleTopicIdStrategyFindLatest-STARTED
2025-09-28 17:20:04,930 INFO  [io.api.tes.ser.api.AvroSerdeIT] (main) Registering Avro Schema: {"type":"record","name":"myrecordapicurio1","fields":[{"name":"key11759080004930","type":"string"}]}
**** Registry Base URL: http://registry-app-mysql.apps.ci419.apicurio-testing.org:80
2025-09-28 17:20:05,991 INFO  [org.apa.kaf.cli.pro.ProducerConfig] (main) ProducerConfig values: 
	acks = -1
	auto.include.jmx.reporter = true
	batch.size = 16384
	bootstrap.servers = [PLAINTEXT://localhost:32769]
	buffer.memory = 33554432
	client.dns.lookup = use_all_dns_ips
	client.id = Producer-topic-86b9881a_e0b7_4563_84b4_883f467a4b95
	compression.gzip.level = -1
	compression.lz4.level = 9
	compression.type = none
	compression.zstd.level = 3
	connections.max.idle.ms = 10000
	delivery.timeout.ms = 120000
	enable.idempotence = true
	enable.metrics.push = true
	interceptor.classes = []
	key.serializer = class org.apache.kafka.common.serialization.StringSerializer
	linger.ms = 0
	max.block.ms = 60000
	max.in.flight.requests.per.connection = 5
	max.request.size = 1048576
	metadata.max.age.ms = 300000
	metadata.max.idle.ms = 300000
	metadata.recovery.strategy = none
	metric.reporters = []
	metrics.num.samples = 2
	metrics.recording.level = INFO
	metrics.sample.window.ms = 30000
	partitioner.adaptive.partitioning.enable = true
	partitioner.availability.timeout.ms = 0
	partitioner.class = null
	partitioner.ignore.keys = false
	receive.buffer.bytes = 32768
	reconnect.backoff.max.ms = 1000
	reconnect.backoff.ms = 50
	request.timeout.ms = 5000
	retries = 2147483647
	retry.backoff.max.ms = 1000
	retry.backoff.ms = 100
	sasl.client.callback.handler.class = null
	sasl.jaas.config = null
	sasl.kerberos.kinit.cmd = /usr/bin/kinit
	sasl.kerberos.min.time.before.relogin = 60000
	sasl.kerberos.service.name = null
	sasl.kerberos.ticket.renew.jitter = 0.05
	sasl.kerberos.ticket.renew.window.factor = 0.8
	sasl.login.callback.handler.class = null
	sasl.login.class = null
	sasl.login.connect.timeout.ms = null
	sasl.login.read.timeout.ms = null
	sasl.login.refresh.buffer.seconds = 300
	sasl.login.refresh.min.period.seconds = 60
	sasl.login.refresh.window.factor = 0.8
	sasl.login.refresh.window.jitter = 0.05
	sasl.login.retry.backoff.max.ms = 10000
	sasl.login.retry.backoff.ms = 100
	sasl.mechanism = GSSAPI
	sasl.oauthbearer.clock.skew.seconds = 30
	sasl.oauthbearer.expected.audience = null
	sasl.oauthbearer.expected.issuer = null
	sasl.oauthbearer.header.urlencode = false
	sasl.oauthbearer.jwks.endpoint.refresh.ms = 3600000
	sasl.oauthbearer.jwks.endpoint.retry.backoff.max.ms = 10000
	sasl.oauthbearer.jwks.endpoint.retry.backoff.ms = 100
	sasl.oauthbearer.jwks.endpoint.url = null
	sasl.oauthbearer.scope.claim.name = scope
	sasl.oauthbearer.sub.claim.name = sub
	sasl.oauthbearer.token.endpoint.url = null
	security.protocol = PLAINTEXT
	security.providers = null
	send.buffer.bytes = 131072
	socket.connection.setup.timeout.max.ms = 30000
	socket.connection.setup.timeout.ms = 10000
	ssl.cipher.suites = null
	ssl.enabled.protocols = [TLSv1.2, TLSv1.3]
	ssl.endpoint.identification.algorithm = https
	ssl.engine.factory.class = null
	ssl.key.password = null
	ssl.keymanager.algorithm = SunX509
	ssl.keystore.certificate.chain = null
	ssl.keystore.key = null
	ssl.keystore.location = null
	ssl.keystore.password = null
	ssl.keystore.type = JKS
	ssl.protocol = TLSv1.3
	ssl.provider = null
	ssl.secure.random.implementation = null
	ssl.trustmanager.algorithm = PKIX
	ssl.truststore.certificates = null
	ssl.truststore.location = null
	ssl.truststore.password = null
	ssl.truststore.type = JKS
	transaction.timeout.ms = 60000
	transactional.id = null
	value.serializer = class io.apicurio.registry.serde.avro.AvroKafkaSerializer

2025-09-28 17:20:05,992 INFO  [org.apa.kaf.com.tel.int.KafkaMetricsCollector] (main) initializing Kafka metrics collector
2025-09-28 17:20:05,996 INFO  [org.apa.kaf.cli.pro.KafkaProducer] (main) [Producer clientId=Producer-topic-86b9881a_e0b7_4563_84b4_883f467a4b95] Instantiated an idempotent producer.
2025-09-28 17:20:06,000 INFO  [org.apa.kaf.cli.pro.ProducerConfig] (main) These configurations '[apicurio.registry.find-latest, apicurio.registry.artifact.group-id, apicurio.registry.url, apicurio.registry.artifact-resolver-strategy]' were supplied but are not used yet.
2025-09-28 17:20:06,000 INFO  [org.apa.kaf.com.uti.AppInfoParser] (main) Kafka version: 3.9.1
2025-09-28 17:20:06,000 INFO  [org.apa.kaf.com.uti.AppInfoParser] (main) Kafka commitId: f745dfdcee2b9851
2025-09-28 17:20:06,000 INFO  [org.apa.kaf.com.uti.AppInfoParser] (main) Kafka startTimeMs: 1759080006000
2025-09-28 17:20:06,001 INFO  [io.api.tes.ser.api.SimpleSerdesTesterBuilder$SimpleSerdesTester] (main) Using producer configuration: {apicurio.registry.find-latest=true, apicurio.registry.artifact.group-id=topic-86b9881a_e0b7_4563_84b4_883f467a4b95, apicurio.registry.url=http://registry-app-mysql.apps.ci419.apicurio-testing.org:80/apis/registry/v3, apicurio.registry.artifact-resolver-strategy=io.apicurio.registry.serde.strategy.SimpleTopicIdStrategy, value.serializer=io.apicurio.registry.serde.avro.AvroKafkaSerializer, request.timeout.ms=5000, acks=all, bootstrap.servers=PLAINTEXT://localhost:32769, connections.max.idle.ms=10000, key.serializer=org.apache.kafka.common.serialization.StringSerializer, client.id=Producer-topic-86b9881a_e0b7_4563_84b4_883f467a4b95}
2025-09-28 17:20:06,001 INFO  [io.api.tes.ser.api.SimpleSerdesTesterBuilder$SimpleSerdesTester] (main) Using consumer configuration: {}
2025-09-28 17:20:06,002 INFO  [io.api.tes.ser.api.KafkaSerdesTester] (ForkJoinPool.commonPool-worker-3) Sending message {"key11759080004930": "value-0"} to topic topic-86b9881a_e0b7_4563_84b4_883f467a4b95
2025-09-28 17:20:06,007 INFO  [org.apa.kaf.cli.Metadata] (kafka-producer-network-thread | Producer-topic-86b9881a_e0b7_4563_84b4_883f467a4b95) [Producer clientId=Producer-topic-86b9881a_e0b7_4563_84b4_883f467a4b95] Cluster ID: 3eubY_ZwQSCXVgI5PuowEg
2025-09-28 17:20:06,007 INFO  [org.apa.kaf.cli.pro.int.TransactionManager] (kafka-producer-network-thread | Producer-topic-86b9881a_e0b7_4563_84b4_883f467a4b95) [Producer clientId=Producer-topic-86b9881a_e0b7_4563_84b4_883f467a4b95] ProducerId set to 1 with epoch 0
2025-09-28 17:20:06,068 INFO  [io.api.tes.ser.api.KafkaSerdesTester] (ForkJoinPool.commonPool-worker-3) Sending message {"key11759080004930": "value-1"} to topic topic-86b9881a_e0b7_4563_84b4_883f467a4b95
2025-09-28 17:20:06,070 INFO  [io.api.tes.ser.api.KafkaSerdesTester] (ForkJoinPool.commonPool-worker-3) Sending message {"key11759080004930": "value-2"} to topic topic-86b9881a_e0b7_4563_84b4_883f467a4b95
2025-09-28 17:20:06,072 INFO  [io.api.tes.ser.api.KafkaSerdesTester] (ForkJoinPool.commonPool-worker-3) Sending message {"key11759080004930": "value-3"} to topic topic-86b9881a_e0b7_4563_84b4_883f467a4b95
2025-09-28 17:20:06,076 INFO  [io.api.tes.ser.api.KafkaSerdesTester] (ForkJoinPool.commonPool-worker-3) Sending message {"key11759080004930": "value-4"} to topic topic-86b9881a_e0b7_4563_84b4_883f467a4b95
2025-09-28 17:20:06,079 INFO  [io.api.tes.ser.api.KafkaSerdesTester] (ForkJoinPool.commonPool-worker-3) Sending message {"key11759080004930": "value-5"} to topic topic-86b9881a_e0b7_4563_84b4_883f467a4b95
2025-09-28 17:20:06,081 INFO  [io.api.tes.ser.api.KafkaSerdesTester] (ForkJoinPool.commonPool-worker-3) Sending message {"key11759080004930": "value-6"} to topic topic-86b9881a_e0b7_4563_84b4_883f467a4b95
2025-09-28 17:20:06,085 INFO  [io.api.tes.ser.api.KafkaSerdesTester] (ForkJoinPool.commonPool-worker-3) Sending message {"key11759080004930": "value-7"} to topic topic-86b9881a_e0b7_4563_84b4_883f467a4b95
2025-09-28 17:20:06,088 INFO  [io.api.tes.ser.api.KafkaSerdesTester] (ForkJoinPool.commonPool-worker-3) Sending message {"key11759080004930": "value-8"} to topic topic-86b9881a_e0b7_4563_84b4_883f467a4b95
2025-09-28 17:20:06,090 INFO  [io.api.tes.ser.api.KafkaSerdesTester] (ForkJoinPool.commonPool-worker-3) Sending message {"key11759080004930": "value-9"} to topic topic-86b9881a_e0b7_4563_84b4_883f467a4b95
2025-09-28 17:20:06,093 INFO  [io.api.tes.ser.api.KafkaSerdesTester] (ForkJoinPool.commonPool-worker-3) Produced 10 messages
2025-09-28 17:20:06,093 INFO  [org.apa.kaf.cli.pro.KafkaProducer] (ForkJoinPool.commonPool-worker-3) [Producer clientId=Producer-topic-86b9881a_e0b7_4563_84b4_883f467a4b95] Closing the Kafka producer with timeoutMillis = 9223372036854775807 ms.
2025-09-28 17:20:06,097 INFO  [org.apa.kaf.com.met.Metrics] (ForkJoinPool.commonPool-worker-3) Metrics scheduler closed
2025-09-28 17:20:06,097 INFO  [org.apa.kaf.com.met.Metrics] (ForkJoinPool.commonPool-worker-3) Closing reporter org.apache.kafka.common.metrics.JmxReporter
2025-09-28 17:20:06,097 INFO  [org.apa.kaf.com.met.Metrics] (ForkJoinPool.commonPool-worker-3) Closing reporter org.apache.kafka.common.telemetry.internals.ClientTelemetryReporter
2025-09-28 17:20:06,097 INFO  [org.apa.kaf.com.met.Metrics] (ForkJoinPool.commonPool-worker-3) Metrics reporters closed
2025-09-28 17:20:06,098 INFO  [org.apa.kaf.com.uti.AppInfoParser] (ForkJoinPool.commonPool-worker-3) App info kafka.producer for Producer-topic-86b9881a_e0b7_4563_84b4_883f467a4b95 unregistered
**** Registry Base URL: http://registry-app-mysql.apps.ci419.apicurio-testing.org:80
2025-09-28 17:20:06,098 INFO  [org.apa.kaf.cli.con.ConsumerConfig] (main) ConsumerConfig values: 
	allow.auto.create.topics = true
	auto.commit.interval.ms = 500
	auto.include.jmx.reporter = true
	auto.offset.reset = earliest
	bootstrap.servers = [PLAINTEXT://localhost:32769]
	check.crcs = true
	client.dns.lookup = use_all_dns_ips
	client.id = consumer-Consumer-topic-86b9881a_e0b7_4563_84b4_883f467a4b95-2
	client.rack = 
	connections.max.idle.ms = 10000
	default.api.timeout.ms = 60000
	enable.auto.commit = true
	enable.metrics.push = true
	exclude.internal.topics = true
	fetch.max.bytes = 52428800
	fetch.max.wait.ms = 500
	fetch.min.bytes = 1
	group.id = Consumer-topic-86b9881a_e0b7_4563_84b4_883f467a4b95
	group.instance.id = null
	group.protocol = classic
	group.remote.assignor = null
	heartbeat.interval.ms = 3000
	interceptor.classes = []
	internal.leave.group.on.close = true
	internal.throw.on.fetch.stable.offset.unsupported = false
	isolation.level = read_uncommitted
	key.deserializer = class org.apache.kafka.common.serialization.StringDeserializer
	max.partition.fetch.bytes = 1048576
	max.poll.interval.ms = 300000
	max.poll.records = 500
	metadata.max.age.ms = 300000
	metadata.recovery.strategy = none
	metric.reporters = []
	metrics.num.samples = 2
	metrics.recording.level = INFO
	metrics.sample.window.ms = 30000
	partition.assignment.strategy = [class org.apache.kafka.clients.consumer.RangeAssignor, class org.apache.kafka.clients.consumer.CooperativeStickyAssignor]
	receive.buffer.bytes = 65536
	reconnect.backoff.max.ms = 1000
	reconnect.backoff.ms = 50
	request.timeout.ms = 5000
	retry.backoff.max.ms = 1000
	retry.backoff.ms = 100
	sasl.client.callback.handler.class = null
	sasl.jaas.config = null
	sasl.kerberos.kinit.cmd = /usr/bin/kinit
	sasl.kerberos.min.time.before.relogin = 60000
	sasl.kerberos.service.name = null
	sasl.kerberos.ticket.renew.jitter = 0.05
	sasl.kerberos.ticket.renew.window.factor = 0.8
	sasl.login.callback.handler.class = null
	sasl.login.class = null
	sasl.login.connect.timeout.ms = null
	sasl.login.read.timeout.ms = null
	sasl.login.refresh.buffer.seconds = 300
	sasl.login.refresh.min.period.seconds = 60
	sasl.login.refresh.window.factor = 0.8
	sasl.login.refresh.window.jitter = 0.05
	sasl.login.retry.backoff.max.ms = 10000
	sasl.login.retry.backoff.ms = 100
	sasl.mechanism = GSSAPI
	sasl.oauthbearer.clock.skew.seconds = 30
	sasl.oauthbearer.expected.audience = null
	sasl.oauthbearer.expected.issuer = null
	sasl.oauthbearer.header.urlencode = false
	sasl.oauthbearer.jwks.endpoint.refresh.ms = 3600000
	sasl.oauthbearer.jwks.endpoint.retry.backoff.max.ms = 10000
	sasl.oauthbearer.jwks.endpoint.retry.backoff.ms = 100
	sasl.oauthbearer.jwks.endpoint.url = null
	sasl.oauthbearer.scope.claim.name = scope
	sasl.oauthbearer.sub.claim.name = sub
	sasl.oauthbearer.token.endpoint.url = null
	security.protocol = PLAINTEXT
	security.providers = null
	send.buffer.bytes = 131072
	session.timeout.ms = 45000
	socket.connection.setup.timeout.max.ms = 30000
	socket.connection.setup.timeout.ms = 10000
	ssl.cipher.suites = null
	ssl.enabled.protocols = [TLSv1.2, TLSv1.3]
	ssl.endpoint.identification.algorithm = https
	ssl.engine.factory.class = null
	ssl.key.password = null
	ssl.keymanager.algorithm = SunX509
	ssl.keystore.certificate.chain = null
	ssl.keystore.key = null
	ssl.keystore.location = null
	ssl.keystore.password = null
	ssl.keystore.type = JKS
	ssl.protocol = TLSv1.3
	ssl.provider = null
	ssl.secure.random.implementation = null
	ssl.trustmanager.algorithm = PKIX
	ssl.truststore.certificates = null
	ssl.truststore.location = null
	ssl.truststore.password = null
	ssl.truststore.type = JKS
	value.deserializer = class io.apicurio.registry.serde.avro.AvroKafkaDeserializer

2025-09-28 17:20:06,099 INFO  [org.apa.kaf.com.tel.int.KafkaMetricsCollector] (main) initializing Kafka metrics collector
2025-09-28 17:20:06,106 INFO  [org.apa.kaf.cli.con.ConsumerConfig] (main) These configurations '[apicurio.registry.url]' were supplied but are not used yet.
2025-09-28 17:20:06,107 INFO  [org.apa.kaf.com.uti.AppInfoParser] (main) Kafka version: 3.9.1
2025-09-28 17:20:06,107 INFO  [org.apa.kaf.com.uti.AppInfoParser] (main) Kafka commitId: f745dfdcee2b9851
2025-09-28 17:20:06,107 INFO  [org.apa.kaf.com.uti.AppInfoParser] (main) Kafka startTimeMs: 1759080006107
2025-09-28 17:20:06,107 INFO  [org.apa.kaf.cli.con.int.ClassicKafkaConsumer] (ForkJoinPool.commonPool-worker-3) [Consumer clientId=consumer-Consumer-topic-86b9881a_e0b7_4563_84b4_883f467a4b95-2, groupId=Consumer-topic-86b9881a_e0b7_4563_84b4_883f467a4b95] Subscribed to topic(s): topic-86b9881a_e0b7_4563_84b4_883f467a4b95
2025-09-28 17:20:06,112 INFO  [org.apa.kaf.cli.Metadata] (ForkJoinPool.commonPool-worker-3) [Consumer clientId=consumer-Consumer-topic-86b9881a_e0b7_4563_84b4_883f467a4b95-2, groupId=Consumer-topic-86b9881a_e0b7_4563_84b4_883f467a4b95] Cluster ID: 3eubY_ZwQSCXVgI5PuowEg
2025-09-28 17:20:06,113 INFO  [org.apa.kaf.cli.con.int.ConsumerCoordinator] (ForkJoinPool.commonPool-worker-3) [Consumer clientId=consumer-Consumer-topic-86b9881a_e0b7_4563_84b4_883f467a4b95-2, groupId=Consumer-topic-86b9881a_e0b7_4563_84b4_883f467a4b95] Discovered group coordinator localhost:32769 (id: 2147483647 rack: null)
2025-09-28 17:20:06,114 INFO  [org.apa.kaf.cli.con.int.ConsumerCoordinator] (ForkJoinPool.commonPool-worker-3) [Consumer clientId=consumer-Consumer-topic-86b9881a_e0b7_4563_84b4_883f467a4b95-2, groupId=Consumer-topic-86b9881a_e0b7_4563_84b4_883f467a4b95] (Re-)joining group
2025-09-28 17:20:06,117 INFO  [org.apa.kaf.cli.con.int.ConsumerCoordinator] (ForkJoinPool.commonPool-worker-3) [Consumer clientId=consumer-Consumer-topic-86b9881a_e0b7_4563_84b4_883f467a4b95-2, groupId=Consumer-topic-86b9881a_e0b7_4563_84b4_883f467a4b95] Request joining group due to: need to re-join with the given member-id: consumer-Consumer-topic-86b9881a_e0b7_4563_84b4_883f467a4b95-2-57239cff-dd37-48c0-8728-b7642d592698
2025-09-28 17:20:06,117 INFO  [org.apa.kaf.cli.con.int.ConsumerCoordinator] (ForkJoinPool.commonPool-worker-3) [Consumer clientId=consumer-Consumer-topic-86b9881a_e0b7_4563_84b4_883f467a4b95-2, groupId=Consumer-topic-86b9881a_e0b7_4563_84b4_883f467a4b95] (Re-)joining group
2025-09-28 17:20:07,107 INFO  [io.api.tes.ser.api.KafkaSerdesTester] (ForkJoinPool.commonPool-worker-3) None found
2025-09-28 17:20:08,107 INFO  [io.api.tes.ser.api.KafkaSerdesTester] (ForkJoinPool.commonPool-worker-3) None found
2025-09-28 17:20:09,107 INFO  [io.api.tes.ser.api.KafkaSerdesTester] (ForkJoinPool.commonPool-worker-3) None found
2025-09-28 17:20:09,119 INFO  [org.apa.kaf.cli.con.int.ConsumerCoordinator] (ForkJoinPool.commonPool-worker-3) [Consumer clientId=consumer-Consumer-topic-86b9881a_e0b7_4563_84b4_883f467a4b95-2, groupId=Consumer-topic-86b9881a_e0b7_4563_84b4_883f467a4b95] Successfully joined group with generation Generation{generationId=1, memberId='consumer-Consumer-topic-86b9881a_e0b7_4563_84b4_883f467a4b95-2-57239cff-dd37-48c0-8728-b7642d592698', protocol='range'}
2025-09-28 17:20:09,120 INFO  [org.apa.kaf.cli.con.int.ConsumerCoordinator] (ForkJoinPool.commonPool-worker-3) [Consumer clientId=consumer-Consumer-topic-86b9881a_e0b7_4563_84b4_883f467a4b95-2, groupId=Consumer-topic-86b9881a_e0b7_4563_84b4_883f467a4b95] Finished assignment for group at generation 1: {consumer-Consumer-topic-86b9881a_e0b7_4563_84b4_883f467a4b95-2-57239cff-dd37-48c0-8728-b7642d592698=Assignment(partitions=[topic-86b9881a_e0b7_4563_84b4_883f467a4b95-0])}
2025-09-28 17:20:09,127 INFO  [org.apa.kaf.cli.con.int.ConsumerCoordinator] (ForkJoinPool.commonPool-worker-3) [Consumer clientId=consumer-Consumer-topic-86b9881a_e0b7_4563_84b4_883f467a4b95-2, groupId=Consumer-topic-86b9881a_e0b7_4563_84b4_883f467a4b95] Successfully synced group in generation Generation{generationId=1, memberId='consumer-Consumer-topic-86b9881a_e0b7_4563_84b4_883f467a4b95-2-57239cff-dd37-48c0-8728-b7642d592698', protocol='range'}
2025-09-28 17:20:09,128 INFO  [org.apa.kaf.cli.con.int.ConsumerCoordinator] (ForkJoinPool.commonPool-worker-3) [Consumer clientId=consumer-Consumer-topic-86b9881a_e0b7_4563_84b4_883f467a4b95-2, groupId=Consumer-topic-86b9881a_e0b7_4563_84b4_883f467a4b95] Notifying assignor about the new Assignment(partitions=[topic-86b9881a_e0b7_4563_84b4_883f467a4b95-0])
2025-09-28 17:20:09,128 INFO  [org.apa.kaf.cli.con.int.ConsumerRebalanceListenerInvoker] (ForkJoinPool.commonPool-worker-3) [Consumer clientId=consumer-Consumer-topic-86b9881a_e0b7_4563_84b4_883f467a4b95-2, groupId=Consumer-topic-86b9881a_e0b7_4563_84b4_883f467a4b95] Adding newly assigned partitions: topic-86b9881a_e0b7_4563_84b4_883f467a4b95-0
2025-09-28 17:20:09,129 INFO  [org.apa.kaf.cli.con.int.ConsumerCoordinator] (ForkJoinPool.commonPool-worker-3) [Consumer clientId=consumer-Consumer-topic-86b9881a_e0b7_4563_84b4_883f467a4b95-2, groupId=Consumer-topic-86b9881a_e0b7_4563_84b4_883f467a4b95] Found no committed offset for partition topic-86b9881a_e0b7_4563_84b4_883f467a4b95-0
2025-09-28 17:20:09,133 INFO  [org.apa.kaf.cli.con.int.SubscriptionState] (ForkJoinPool.commonPool-worker-3) [Consumer clientId=consumer-Consumer-topic-86b9881a_e0b7_4563_84b4_883f467a4b95-2, groupId=Consumer-topic-86b9881a_e0b7_4563_84b4_883f467a4b95] Resetting offset for partition topic-86b9881a_e0b7_4563_84b4_883f467a4b95-0 to position FetchPosition{offset=0, offsetEpoch=Optional.empty, currentLeader=LeaderAndEpoch{leader=Optional[localhost:32769 (id: 0 rack: null)], epoch=0}}.
2025-09-28 17:20:09,179 INFO  [io.api.tes.ser.api.KafkaSerdesTester] (ForkJoinPool.commonPool-worker-3) topic-86b9881a_e0b7_4563_84b4_883f467a4b95 0 0 {"key11759080004930": "value-0"}
2025-09-28 17:20:09,180 INFO  [io.api.tes.ser.api.KafkaSerdesTester] (ForkJoinPool.commonPool-worker-3) topic-86b9881a_e0b7_4563_84b4_883f467a4b95 0 1 {"key11759080004930": "value-1"}
2025-09-28 17:20:09,180 INFO  [io.api.tes.ser.api.KafkaSerdesTester] (ForkJoinPool.commonPool-worker-3) topic-86b9881a_e0b7_4563_84b4_883f467a4b95 0 2 {"key11759080004930": "value-2"}
2025-09-28 17:20:09,180 INFO  [io.api.tes.ser.api.KafkaSerdesTester] (ForkJoinPool.commonPool-worker-3) topic-86b9881a_e0b7_4563_84b4_883f467a4b95 0 3 {"key11759080004930": "value-3"}
2025-09-28 17:20:09,180 INFO  [io.api.tes.ser.api.KafkaSerdesTester] (ForkJoinPool.commonPool-worker-3) topic-86b9881a_e0b7_4563_84b4_883f467a4b95 0 4 {"key11759080004930": "value-4"}
2025-09-28 17:20:09,180 INFO  [io.api.tes.ser.api.KafkaSerdesTester] (ForkJoinPool.commonPool-worker-3) topic-86b9881a_e0b7_4563_84b4_883f467a4b95 0 5 {"key11759080004930": "value-5"}
2025-09-28 17:20:09,180 INFO  [io.api.tes.ser.api.KafkaSerdesTester] (ForkJoinPool.commonPool-worker-3) topic-86b9881a_e0b7_4563_84b4_883f467a4b95 0 6 {"key11759080004930": "value-6"}
2025-09-28 17:20:09,180 INFO  [io.api.tes.ser.api.KafkaSerdesTester] (ForkJoinPool.commonPool-worker-3) topic-86b9881a_e0b7_4563_84b4_883f467a4b95 0 7 {"key11759080004930": "value-7"}
2025-09-28 17:20:09,180 INFO  [io.api.tes.ser.api.KafkaSerdesTester] (ForkJoinPool.commonPool-worker-3) topic-86b9881a_e0b7_4563_84b4_883f467a4b95 0 8 {"key11759080004930": "value-8"}
2025-09-28 17:20:09,180 INFO  [io.api.tes.ser.api.KafkaSerdesTester] (ForkJoinPool.commonPool-worker-3) topic-86b9881a_e0b7_4563_84b4_883f467a4b95 0 9 {"key11759080004930": "value-9"}
2025-09-28 17:20:09,181 INFO  [io.api.tes.ser.api.KafkaSerdesTester] (ForkJoinPool.commonPool-worker-3) Consumed 10 messages
2025-09-28 17:20:09,188 INFO  [org.apa.kaf.cli.con.int.ConsumerRebalanceListenerInvoker] (ForkJoinPool.commonPool-worker-3) [Consumer clientId=consumer-Consumer-topic-86b9881a_e0b7_4563_84b4_883f467a4b95-2, groupId=Consumer-topic-86b9881a_e0b7_4563_84b4_883f467a4b95] Revoke previously assigned partitions topic-86b9881a_e0b7_4563_84b4_883f467a4b95-0
2025-09-28 17:20:09,189 INFO  [org.apa.kaf.cli.con.int.ConsumerCoordinator] (ForkJoinPool.commonPool-worker-3) [Consumer clientId=consumer-Consumer-topic-86b9881a_e0b7_4563_84b4_883f467a4b95-2, groupId=Consumer-topic-86b9881a_e0b7_4563_84b4_883f467a4b95] Member consumer-Consumer-topic-86b9881a_e0b7_4563_84b4_883f467a4b95-2-57239cff-dd37-48c0-8728-b7642d592698 sending LeaveGroup request to coordinator localhost:32769 (id: 2147483647 rack: null) due to the consumer is being closed
2025-09-28 17:20:09,189 INFO  [org.apa.kaf.cli.con.int.ConsumerCoordinator] (ForkJoinPool.commonPool-worker-3) [Consumer clientId=consumer-Consumer-topic-86b9881a_e0b7_4563_84b4_883f467a4b95-2, groupId=Consumer-topic-86b9881a_e0b7_4563_84b4_883f467a4b95] Resetting generation and member id due to: consumer pro-actively leaving the group
2025-09-28 17:20:09,189 INFO  [org.apa.kaf.cli.con.int.ConsumerCoordinator] (ForkJoinPool.commonPool-worker-3) [Consumer clientId=consumer-Consumer-topic-86b9881a_e0b7_4563_84b4_883f467a4b95-2, groupId=Consumer-topic-86b9881a_e0b7_4563_84b4_883f467a4b95] Request joining group due to: consumer pro-actively leaving the group
2025-09-28 17:20:09,683 INFO  [org.apa.kaf.com.met.Metrics] (ForkJoinPool.commonPool-worker-3) Metrics scheduler closed
2025-09-28 17:20:09,684 INFO  [org.apa.kaf.com.met.Metrics] (ForkJoinPool.commonPool-worker-3) Closing reporter org.apache.kafka.common.metrics.JmxReporter
2025-09-28 17:20:09,684 INFO  [org.apa.kaf.com.met.Metrics] (ForkJoinPool.commonPool-worker-3) Closing reporter org.apache.kafka.common.telemetry.internals.ClientTelemetryReporter
2025-09-28 17:20:09,684 INFO  [org.apa.kaf.com.met.Metrics] (ForkJoinPool.commonPool-worker-3) Metrics reporters closed
2025-09-28 17:20:09,687 INFO  [org.apa.kaf.com.uti.AppInfoParser] (ForkJoinPool.commonPool-worker-3) App info kafka.consumer for consumer-Consumer-topic-86b9881a_e0b7_4563_84b4_883f467a4b95-2 unregistered
2025-09-28 17:20:09,687 INFO  [io.api.tes.uti.TestSeparator] (main) io.apicurio.tests.serdes.apicurio.AvroSerdeIT.testSimpleTopicIdStrategyFindLatest-FINISHED
2025-09-28 17:20:09,687 INFO  [io.api.tes.uti.TestSeparator] (main) ############################################################################
Test passed: testSimpleTopicIdStrategyFindLatest
]]></system-out>
  </testcase>
  <testcase name="testWrongSchema" classname="io.apicurio.tests.serdes.apicurio.AvroSerdeIT" time="1.143">
    <system-out><![CDATA[2025-09-28 17:20:09,691 INFO  [io.api.tes.uti.TestSeparator] (main) ############################################################################
2025-09-28 17:20:09,691 INFO  [io.api.tes.uti.TestSeparator] (main) io.apicurio.tests.serdes.apicurio.AvroSerdeIT.testWrongSchema-STARTED
**** Registry Base URL: http://registry-app-mysql.apps.ci419.apicurio-testing.org:80
2025-09-28 17:20:10,756 INFO  [org.apa.kaf.cli.pro.ProducerConfig] (main) ProducerConfig values: 
	acks = -1
	auto.include.jmx.reporter = true
	batch.size = 16384
	bootstrap.servers = [PLAINTEXT://localhost:32769]
	buffer.memory = 33554432
	client.dns.lookup = use_all_dns_ips
	client.id = Producer-s3b28e8f8xaf07x45b8xbad7xef8cf7524e94
	compression.gzip.level = -1
	compression.lz4.level = 9
	compression.type = none
	compression.zstd.level = 3
	connections.max.idle.ms = 10000
	delivery.timeout.ms = 120000
	enable.idempotence = true
	enable.metrics.push = true
	interceptor.classes = []
	key.serializer = class org.apache.kafka.common.serialization.StringSerializer
	linger.ms = 0
	max.block.ms = 60000
	max.in.flight.requests.per.connection = 5
	max.request.size = 1048576
	metadata.max.age.ms = 300000
	metadata.max.idle.ms = 300000
	metadata.recovery.strategy = none
	metric.reporters = []
	metrics.num.samples = 2
	metrics.recording.level = INFO
	metrics.sample.window.ms = 30000
	partitioner.adaptive.partitioning.enable = true
	partitioner.availability.timeout.ms = 0
	partitioner.class = null
	partitioner.ignore.keys = false
	receive.buffer.bytes = 32768
	reconnect.backoff.max.ms = 1000
	reconnect.backoff.ms = 50
	request.timeout.ms = 5000
	retries = 2147483647
	retry.backoff.max.ms = 1000
	retry.backoff.ms = 100
	sasl.client.callback.handler.class = null
	sasl.jaas.config = null
	sasl.kerberos.kinit.cmd = /usr/bin/kinit
	sasl.kerberos.min.time.before.relogin = 60000
	sasl.kerberos.service.name = null
	sasl.kerberos.ticket.renew.jitter = 0.05
	sasl.kerberos.ticket.renew.window.factor = 0.8
	sasl.login.callback.handler.class = null
	sasl.login.class = null
	sasl.login.connect.timeout.ms = null
	sasl.login.read.timeout.ms = null
	sasl.login.refresh.buffer.seconds = 300
	sasl.login.refresh.min.period.seconds = 60
	sasl.login.refresh.window.factor = 0.8
	sasl.login.refresh.window.jitter = 0.05
	sasl.login.retry.backoff.max.ms = 10000
	sasl.login.retry.backoff.ms = 100
	sasl.mechanism = GSSAPI
	sasl.oauthbearer.clock.skew.seconds = 30
	sasl.oauthbearer.expected.audience = null
	sasl.oauthbearer.expected.issuer = null
	sasl.oauthbearer.header.urlencode = false
	sasl.oauthbearer.jwks.endpoint.refresh.ms = 3600000
	sasl.oauthbearer.jwks.endpoint.retry.backoff.max.ms = 10000
	sasl.oauthbearer.jwks.endpoint.retry.backoff.ms = 100
	sasl.oauthbearer.jwks.endpoint.url = null
	sasl.oauthbearer.scope.claim.name = scope
	sasl.oauthbearer.sub.claim.name = sub
	sasl.oauthbearer.token.endpoint.url = null
	security.protocol = PLAINTEXT
	security.providers = null
	send.buffer.bytes = 131072
	socket.connection.setup.timeout.max.ms = 30000
	socket.connection.setup.timeout.ms = 10000
	ssl.cipher.suites = null
	ssl.enabled.protocols = [TLSv1.2, TLSv1.3]
	ssl.endpoint.identification.algorithm = https
	ssl.engine.factory.class = null
	ssl.key.password = null
	ssl.keymanager.algorithm = SunX509
	ssl.keystore.certificate.chain = null
	ssl.keystore.key = null
	ssl.keystore.location = null
	ssl.keystore.password = null
	ssl.keystore.type = JKS
	ssl.protocol = TLSv1.3
	ssl.provider = null
	ssl.secure.random.implementation = null
	ssl.trustmanager.algorithm = PKIX
	ssl.truststore.certificates = null
	ssl.truststore.location = null
	ssl.truststore.password = null
	ssl.truststore.type = JKS
	transaction.timeout.ms = 60000
	transactional.id = null
	value.serializer = class io.apicurio.registry.serde.avro.AvroKafkaSerializer

2025-09-28 17:20:10,756 INFO  [org.apa.kaf.com.tel.int.KafkaMetricsCollector] (main) initializing Kafka metrics collector
2025-09-28 17:20:10,760 INFO  [org.apa.kaf.cli.pro.KafkaProducer] (main) [Producer clientId=Producer-s3b28e8f8xaf07x45b8xbad7xef8cf7524e94] Instantiated an idempotent producer.
2025-09-28 17:20:10,762 INFO  [org.apa.kaf.cli.pro.ProducerConfig] (main) These configurations '[apicurio.registry.find-latest, apicurio.registry.url, apicurio.registry.artifact-resolver-strategy]' were supplied but are not used yet.
2025-09-28 17:20:10,762 INFO  [org.apa.kaf.com.uti.AppInfoParser] (main) Kafka version: 3.9.1
2025-09-28 17:20:10,762 INFO  [org.apa.kaf.com.uti.AppInfoParser] (main) Kafka commitId: f745dfdcee2b9851
2025-09-28 17:20:10,762 INFO  [org.apa.kaf.com.uti.AppInfoParser] (main) Kafka startTimeMs: 1759080010762
2025-09-28 17:20:10,763 INFO  [io.api.tes.ser.api.KafkaSerdesTester] (ForkJoinPool.commonPool-worker-3) Sending message {"keyB": "value-0"} to topic s3b28e8f8xaf07x45b8xbad7xef8cf7524e94
2025-09-28 17:20:10,766 INFO  [org.apa.kaf.cli.Metadata] (kafka-producer-network-thread | Producer-s3b28e8f8xaf07x45b8xbad7xef8cf7524e94) [Producer clientId=Producer-s3b28e8f8xaf07x45b8xbad7xef8cf7524e94] Cluster ID: 3eubY_ZwQSCXVgI5PuowEg
2025-09-28 17:20:10,767 INFO  [org.apa.kaf.cli.pro.int.TransactionManager] (kafka-producer-network-thread | Producer-s3b28e8f8xaf07x45b8xbad7xef8cf7524e94) [Producer clientId=Producer-s3b28e8f8xaf07x45b8xbad7xef8cf7524e94] ProducerId set to 2 with epoch 0
2025-09-28 17:20:10,823 INFO  [org.apa.kaf.cli.pro.KafkaProducer] (ForkJoinPool.commonPool-worker-3) [Producer clientId=Producer-s3b28e8f8xaf07x45b8xbad7xef8cf7524e94] Closing the Kafka producer with timeoutMillis = 9223372036854775807 ms.
2025-09-28 17:20:10,829 INFO  [org.apa.kaf.com.met.Metrics] (ForkJoinPool.commonPool-worker-3) Metrics scheduler closed
2025-09-28 17:20:10,830 INFO  [org.apa.kaf.com.met.Metrics] (ForkJoinPool.commonPool-worker-3) Closing reporter org.apache.kafka.common.metrics.JmxReporter
2025-09-28 17:20:10,830 INFO  [org.apa.kaf.com.met.Metrics] (ForkJoinPool.commonPool-worker-3) Closing reporter org.apache.kafka.common.telemetry.internals.ClientTelemetryReporter
2025-09-28 17:20:10,830 INFO  [org.apa.kaf.com.met.Metrics] (ForkJoinPool.commonPool-worker-3) Metrics reporters closed
2025-09-28 17:20:10,830 INFO  [org.apa.kaf.com.uti.AppInfoParser] (ForkJoinPool.commonPool-worker-3) App info kafka.producer for Producer-s3b28e8f8xaf07x45b8xbad7xef8cf7524e94 unregistered
2025-09-28 17:20:10,831 INFO  [io.api.tes.uti.TestSeparator] (main) io.apicurio.tests.serdes.apicurio.AvroSerdeIT.testWrongSchema-FINISHED
2025-09-28 17:20:10,831 INFO  [io.api.tes.uti.TestSeparator] (main) ############################################################################
Test passed: testWrongSchema
]]></system-out>
    <system-err><![CDATA[io.apicurio.registry.rest.client.models.ProblemDetails
	at io.apicurio.registry.rest.client.models.ProblemDetails.createFromDiscriminatorValue(ProblemDetails.java:58)
	at io.kiota.serialization.json.JsonParseNode.getObjectValue(JsonParseNode.java:247)
	at io.kiota.http.vertx.VertXRequestAdapter.lambda$throwIfFailedResponse$0(VertXRequestAdapter.java:400)
	at com.microsoft.kiota.ApiExceptionBuilder.<init>(ApiExceptionBuilder.java:26)
	at io.kiota.http.vertx.VertXRequestAdapter.throwIfFailedResponse(VertXRequestAdapter.java:399)
	at io.kiota.http.vertx.VertXRequestAdapter.send(VertXRequestAdapter.java:170)
	at jdk.internal.reflect.GeneratedMethodAccessor33.invoke(Unknown Source)
	at java.base/jdk.internal.reflect.DelegatingMethodAccessorImpl.invoke(DelegatingMethodAccessorImpl.java:43)
	at java.base/java.lang.reflect.Method.invoke(Method.java:569)
	at io.apicurio.registry.client.RegistryClientFactory$RetryInvocationHandler.invoke(RegistryClientFactory.java:146)
	at jdk.proxy2/jdk.proxy2.$Proxy65.send(Unknown Source)
	at io.apicurio.registry.rest.client.groups.item.artifacts.item.versions.item.WithVersionExpressionItemRequestBuilder.get(WithVersionExpressionItemRequestBuilder.java:128)
	at io.apicurio.registry.rest.client.groups.item.artifacts.item.versions.item.WithVersionExpressionItemRequestBuilder.get(WithVersionExpressionItemRequestBuilder.java:111)
	at io.apicurio.registry.resolver.client.RegistryClientFacadeImpl.getVersionCoordinatesByGAV(RegistryClientFacadeImpl.java:159)
	at io.apicurio.registry.resolver.DefaultSchemaResolver.resolveByCoordinates(DefaultSchemaResolver.java:352)
	at io.apicurio.registry.resolver.DefaultSchemaResolver.lambda$resolveSchemaByArtifactReferenceCached$6(DefaultSchemaResolver.java:340)
	at io.apicurio.registry.resolver.cache.ERCache.lambda$getValue$0(ERCache.java:174)
	at io.apicurio.registry.resolver.cache.ERCache.retry(ERCache.java:227)
	at io.apicurio.registry.resolver.cache.ERCache.getValue(ERCache.java:173)
	at io.apicurio.registry.resolver.cache.ERCache.getByArtifactCoordinates(ERCache.java:158)
	at io.apicurio.registry.resolver.DefaultSchemaResolver.resolveSchemaByArtifactReferenceCached(DefaultSchemaResolver.java:338)
	at io.apicurio.registry.resolver.DefaultSchemaResolver.resolveSchemaByCoordinates(DefaultSchemaResolver.java:193)
	at io.apicurio.registry.resolver.DefaultSchemaResolver.getSchemaFromRegistry(DefaultSchemaResolver.java:130)
	at io.apicurio.registry.resolver.DefaultSchemaResolver.lambda$resolveSchema$0(DefaultSchemaResolver.java:84)
	at java.base/java.util.Optional.orElseGet(Optional.java:364)
	at io.apicurio.registry.resolver.DefaultSchemaResolver.resolveSchema(DefaultSchemaResolver.java:84)
	at io.apicurio.registry.serde.AbstractSerializer.serializeData(AbstractSerializer.java:62)
	at io.apicurio.registry.serde.KafkaSerializer.serialize(KafkaSerializer.java:77)
	at org.apache.kafka.clients.producer.KafkaProducer.doSend(KafkaProducer.java:1046)
	at org.apache.kafka.clients.producer.KafkaProducer.send(KafkaProducer.java:993)
	at org.apache.kafka.clients.producer.KafkaProducer.send(KafkaProducer.java:875)
	at io.apicurio.tests.serdes.apicurio.KafkaSerdesTester.lambda$produceMessages$3(KafkaSerdesTester.java:138)
	at java.base/java.util.concurrent.CompletableFuture$AsyncSupply.run(CompletableFuture.java:1768)
	at java.base/java.util.concurrent.CompletableFuture$AsyncSupply.exec(CompletableFuture.java:1760)
	at java.base/java.util.concurrent.ForkJoinTask.doExec(ForkJoinTask.java:373)
	at java.base/java.util.concurrent.ForkJoinPool$WorkQueue.topLevelExec(ForkJoinPool.java:1182)
	at java.base/java.util.concurrent.ForkJoinPool.scan(ForkJoinPool.java:1655)
	at java.base/java.util.concurrent.ForkJoinPool.runWorker(ForkJoinPool.java:1622)
	at java.base/java.util.concurrent.ForkJoinWorkerThread.run(ForkJoinWorkerThread.java:165)
]]></system-err>
  </testcase>
  <testcase name="testAvroJSON" classname="io.apicurio.tests.serdes.apicurio.AvroSerdeIT" time="3.872">
    <system-out><![CDATA[2025-09-28 17:20:10,832 INFO  [io.api.tes.uti.TestSeparator] (main) ############################################################################
2025-09-28 17:20:10,832 INFO  [io.api.tes.uti.TestSeparator] (main) io.apicurio.tests.serdes.apicurio.AvroSerdeIT.testAvroJSON-STARTED
**** Registry Base URL: http://registry-app-mysql.apps.ci419.apicurio-testing.org:80
2025-09-28 17:20:10,844 INFO  [org.apa.kaf.cli.pro.ProducerConfig] (main) ProducerConfig values: 
	acks = -1
	auto.include.jmx.reporter = true
	batch.size = 16384
	bootstrap.servers = [PLAINTEXT://localhost:32769]
	buffer.memory = 33554432
	client.dns.lookup = use_all_dns_ips
	client.id = Producer-topic-9586a4bc_8488_46cd_ac4e_baaf369300a1
	compression.gzip.level = -1
	compression.lz4.level = 9
	compression.type = none
	compression.zstd.level = 3
	connections.max.idle.ms = 10000
	delivery.timeout.ms = 120000
	enable.idempotence = true
	enable.metrics.push = true
	interceptor.classes = []
	key.serializer = class org.apache.kafka.common.serialization.StringSerializer
	linger.ms = 0
	max.block.ms = 60000
	max.in.flight.requests.per.connection = 5
	max.request.size = 1048576
	metadata.max.age.ms = 300000
	metadata.max.idle.ms = 300000
	metadata.recovery.strategy = none
	metric.reporters = []
	metrics.num.samples = 2
	metrics.recording.level = INFO
	metrics.sample.window.ms = 30000
	partitioner.adaptive.partitioning.enable = true
	partitioner.availability.timeout.ms = 0
	partitioner.class = null
	partitioner.ignore.keys = false
	receive.buffer.bytes = 32768
	reconnect.backoff.max.ms = 1000
	reconnect.backoff.ms = 50
	request.timeout.ms = 5000
	retries = 2147483647
	retry.backoff.max.ms = 1000
	retry.backoff.ms = 100
	sasl.client.callback.handler.class = null
	sasl.jaas.config = null
	sasl.kerberos.kinit.cmd = /usr/bin/kinit
	sasl.kerberos.min.time.before.relogin = 60000
	sasl.kerberos.service.name = null
	sasl.kerberos.ticket.renew.jitter = 0.05
	sasl.kerberos.ticket.renew.window.factor = 0.8
	sasl.login.callback.handler.class = null
	sasl.login.class = null
	sasl.login.connect.timeout.ms = null
	sasl.login.read.timeout.ms = null
	sasl.login.refresh.buffer.seconds = 300
	sasl.login.refresh.min.period.seconds = 60
	sasl.login.refresh.window.factor = 0.8
	sasl.login.refresh.window.jitter = 0.05
	sasl.login.retry.backoff.max.ms = 10000
	sasl.login.retry.backoff.ms = 100
	sasl.mechanism = GSSAPI
	sasl.oauthbearer.clock.skew.seconds = 30
	sasl.oauthbearer.expected.audience = null
	sasl.oauthbearer.expected.issuer = null
	sasl.oauthbearer.header.urlencode = false
	sasl.oauthbearer.jwks.endpoint.refresh.ms = 3600000
	sasl.oauthbearer.jwks.endpoint.retry.backoff.max.ms = 10000
	sasl.oauthbearer.jwks.endpoint.retry.backoff.ms = 100
	sasl.oauthbearer.jwks.endpoint.url = null
	sasl.oauthbearer.scope.claim.name = scope
	sasl.oauthbearer.sub.claim.name = sub
	sasl.oauthbearer.token.endpoint.url = null
	security.protocol = PLAINTEXT
	security.providers = null
	send.buffer.bytes = 131072
	socket.connection.setup.timeout.max.ms = 30000
	socket.connection.setup.timeout.ms = 10000
	ssl.cipher.suites = null
	ssl.enabled.protocols = [TLSv1.2, TLSv1.3]
	ssl.endpoint.identification.algorithm = https
	ssl.engine.factory.class = null
	ssl.key.password = null
	ssl.keymanager.algorithm = SunX509
	ssl.keystore.certificate.chain = null
	ssl.keystore.key = null
	ssl.keystore.location = null
	ssl.keystore.password = null
	ssl.keystore.type = JKS
	ssl.protocol = TLSv1.3
	ssl.provider = null
	ssl.secure.random.implementation = null
	ssl.trustmanager.algorithm = PKIX
	ssl.truststore.certificates = null
	ssl.truststore.location = null
	ssl.truststore.password = null
	ssl.truststore.type = JKS
	transaction.timeout.ms = 60000
	transactional.id = null
	value.serializer = class io.apicurio.registry.serde.avro.AvroKafkaSerializer

2025-09-28 17:20:10,845 INFO  [org.apa.kaf.com.tel.int.KafkaMetricsCollector] (main) initializing Kafka metrics collector
2025-09-28 17:20:10,850 INFO  [org.apa.kaf.cli.pro.KafkaProducer] (main) [Producer clientId=Producer-topic-9586a4bc_8488_46cd_ac4e_baaf369300a1] Instantiated an idempotent producer.
2025-09-28 17:20:10,852 INFO  [org.apa.kaf.cli.pro.ProducerConfig] (main) These configurations '[apicurio.registry.avro.encoding, apicurio.registry.url, apicurio.registry.auto-register, apicurio.registry.artifact-resolver-strategy]' were supplied but are not used yet.
2025-09-28 17:20:10,852 INFO  [org.apa.kaf.com.uti.AppInfoParser] (main) Kafka version: 3.9.1
2025-09-28 17:20:10,852 INFO  [org.apa.kaf.com.uti.AppInfoParser] (main) Kafka commitId: f745dfdcee2b9851
2025-09-28 17:20:10,852 INFO  [org.apa.kaf.com.uti.AppInfoParser] (main) Kafka startTimeMs: 1759080010852
2025-09-28 17:20:10,853 INFO  [io.api.tes.ser.api.SimpleSerdesTesterBuilder$SimpleSerdesTester] (main) Using producer configuration: {apicurio.registry.avro.encoding=JSON, apicurio.registry.url=http://registry-app-mysql.apps.ci419.apicurio-testing.org:80/apis/registry/v3, apicurio.registry.auto-register=true, apicurio.registry.artifact-resolver-strategy=io.apicurio.registry.serde.strategy.TopicIdStrategy, value.serializer=io.apicurio.registry.serde.avro.AvroKafkaSerializer, request.timeout.ms=5000, acks=all, bootstrap.servers=PLAINTEXT://localhost:32769, connections.max.idle.ms=10000, key.serializer=org.apache.kafka.common.serialization.StringSerializer, client.id=Producer-topic-9586a4bc_8488_46cd_ac4e_baaf369300a1}
2025-09-28 17:20:10,853 INFO  [io.api.tes.ser.api.SimpleSerdesTesterBuilder$SimpleSerdesTester] (main) Using consumer configuration: {apicurio.registry.avro.encoding=JSON}
2025-09-28 17:20:10,853 INFO  [io.api.tes.ser.api.KafkaSerdesTester] (ForkJoinPool.commonPool-worker-3) Sending message {"bar": "value-0"} to topic topic-9586a4bc_8488_46cd_ac4e_baaf369300a1
2025-09-28 17:20:10,857 WARN  [org.apa.kaf.cli.NetworkClient] (kafka-producer-network-thread | Producer-topic-9586a4bc_8488_46cd_ac4e_baaf369300a1) [Producer clientId=Producer-topic-9586a4bc_8488_46cd_ac4e_baaf369300a1] The metadata response from the cluster reported a recoverable issue with correlation id 1 : {topic-9586a4bc_8488_46cd_ac4e_baaf369300a1=UNKNOWN_TOPIC_OR_PARTITION}
2025-09-28 17:20:10,858 INFO  [org.apa.kaf.cli.Metadata] (kafka-producer-network-thread | Producer-topic-9586a4bc_8488_46cd_ac4e_baaf369300a1) [Producer clientId=Producer-topic-9586a4bc_8488_46cd_ac4e_baaf369300a1] Cluster ID: 3eubY_ZwQSCXVgI5PuowEg
2025-09-28 17:20:10,858 INFO  [org.apa.kaf.cli.pro.int.TransactionManager] (kafka-producer-network-thread | Producer-topic-9586a4bc_8488_46cd_ac4e_baaf369300a1) [Producer clientId=Producer-topic-9586a4bc_8488_46cd_ac4e_baaf369300a1] ProducerId set to 3 with epoch 0
2025-09-28 17:20:11,025 INFO  [io.api.tes.ser.api.KafkaSerdesTester] (ForkJoinPool.commonPool-worker-3) Sending message {"bar": "value-1"} to topic topic-9586a4bc_8488_46cd_ac4e_baaf369300a1
2025-09-28 17:20:11,027 INFO  [io.api.tes.ser.api.KafkaSerdesTester] (ForkJoinPool.commonPool-worker-3) Sending message {"bar": "value-2"} to topic topic-9586a4bc_8488_46cd_ac4e_baaf369300a1
2025-09-28 17:20:11,029 INFO  [io.api.tes.ser.api.KafkaSerdesTester] (ForkJoinPool.commonPool-worker-3) Sending message {"bar": "value-3"} to topic topic-9586a4bc_8488_46cd_ac4e_baaf369300a1
2025-09-28 17:20:11,031 INFO  [io.api.tes.ser.api.KafkaSerdesTester] (ForkJoinPool.commonPool-worker-3) Sending message {"bar": "value-4"} to topic topic-9586a4bc_8488_46cd_ac4e_baaf369300a1
2025-09-28 17:20:11,033 INFO  [io.api.tes.ser.api.KafkaSerdesTester] (ForkJoinPool.commonPool-worker-3) Sending message {"bar": "value-5"} to topic topic-9586a4bc_8488_46cd_ac4e_baaf369300a1
2025-09-28 17:20:11,035 INFO  [io.api.tes.ser.api.KafkaSerdesTester] (ForkJoinPool.commonPool-worker-3) Sending message {"bar": "value-6"} to topic topic-9586a4bc_8488_46cd_ac4e_baaf369300a1
2025-09-28 17:20:11,037 INFO  [io.api.tes.ser.api.KafkaSerdesTester] (ForkJoinPool.commonPool-worker-3) Sending message {"bar": "value-7"} to topic topic-9586a4bc_8488_46cd_ac4e_baaf369300a1
2025-09-28 17:20:11,039 INFO  [io.api.tes.ser.api.KafkaSerdesTester] (ForkJoinPool.commonPool-worker-3) Sending message {"bar": "value-8"} to topic topic-9586a4bc_8488_46cd_ac4e_baaf369300a1
2025-09-28 17:20:11,041 INFO  [io.api.tes.ser.api.KafkaSerdesTester] (ForkJoinPool.commonPool-worker-3) Sending message {"bar": "value-9"} to topic topic-9586a4bc_8488_46cd_ac4e_baaf369300a1
2025-09-28 17:20:11,043 INFO  [io.api.tes.ser.api.KafkaSerdesTester] (ForkJoinPool.commonPool-worker-3) Produced 10 messages
2025-09-28 17:20:11,043 INFO  [org.apa.kaf.cli.pro.KafkaProducer] (ForkJoinPool.commonPool-worker-3) [Producer clientId=Producer-topic-9586a4bc_8488_46cd_ac4e_baaf369300a1] Closing the Kafka producer with timeoutMillis = 9223372036854775807 ms.
2025-09-28 17:20:11,045 INFO  [org.apa.kaf.com.met.Metrics] (ForkJoinPool.commonPool-worker-3) Metrics scheduler closed
2025-09-28 17:20:11,045 INFO  [org.apa.kaf.com.met.Metrics] (ForkJoinPool.commonPool-worker-3) Closing reporter org.apache.kafka.common.metrics.JmxReporter
2025-09-28 17:20:11,045 INFO  [org.apa.kaf.com.met.Metrics] (ForkJoinPool.commonPool-worker-3) Closing reporter org.apache.kafka.common.telemetry.internals.ClientTelemetryReporter
2025-09-28 17:20:11,045 INFO  [org.apa.kaf.com.met.Metrics] (ForkJoinPool.commonPool-worker-3) Metrics reporters closed
2025-09-28 17:20:11,046 INFO  [org.apa.kaf.com.uti.AppInfoParser] (ForkJoinPool.commonPool-worker-3) App info kafka.producer for Producer-topic-9586a4bc_8488_46cd_ac4e_baaf369300a1 unregistered
**** Registry Base URL: http://registry-app-mysql.apps.ci419.apicurio-testing.org:80
2025-09-28 17:20:11,080 INFO  [org.apa.kaf.cli.con.ConsumerConfig] (main) ConsumerConfig values: 
	allow.auto.create.topics = true
	auto.commit.interval.ms = 500
	auto.include.jmx.reporter = true
	auto.offset.reset = earliest
	bootstrap.servers = [PLAINTEXT://localhost:32769]
	check.crcs = true
	client.dns.lookup = use_all_dns_ips
	client.id = consumer-Consumer-topic-9586a4bc_8488_46cd_ac4e_baaf369300a1-3
	client.rack = 
	connections.max.idle.ms = 10000
	default.api.timeout.ms = 60000
	enable.auto.commit = true
	enable.metrics.push = true
	exclude.internal.topics = true
	fetch.max.bytes = 52428800
	fetch.max.wait.ms = 500
	fetch.min.bytes = 1
	group.id = Consumer-topic-9586a4bc_8488_46cd_ac4e_baaf369300a1
	group.instance.id = null
	group.protocol = classic
	group.remote.assignor = null
	heartbeat.interval.ms = 3000
	interceptor.classes = []
	internal.leave.group.on.close = true
	internal.throw.on.fetch.stable.offset.unsupported = false
	isolation.level = read_uncommitted
	key.deserializer = class org.apache.kafka.common.serialization.StringDeserializer
	max.partition.fetch.bytes = 1048576
	max.poll.interval.ms = 300000
	max.poll.records = 500
	metadata.max.age.ms = 300000
	metadata.recovery.strategy = none
	metric.reporters = []
	metrics.num.samples = 2
	metrics.recording.level = INFO
	metrics.sample.window.ms = 30000
	partition.assignment.strategy = [class org.apache.kafka.clients.consumer.RangeAssignor, class org.apache.kafka.clients.consumer.CooperativeStickyAssignor]
	receive.buffer.bytes = 65536
	reconnect.backoff.max.ms = 1000
	reconnect.backoff.ms = 50
	request.timeout.ms = 5000
	retry.backoff.max.ms = 1000
	retry.backoff.ms = 100
	sasl.client.callback.handler.class = null
	sasl.jaas.config = null
	sasl.kerberos.kinit.cmd = /usr/bin/kinit
	sasl.kerberos.min.time.before.relogin = 60000
	sasl.kerberos.service.name = null
	sasl.kerberos.ticket.renew.jitter = 0.05
	sasl.kerberos.ticket.renew.window.factor = 0.8
	sasl.login.callback.handler.class = null
	sasl.login.class = null
	sasl.login.connect.timeout.ms = null
	sasl.login.read.timeout.ms = null
	sasl.login.refresh.buffer.seconds = 300
	sasl.login.refresh.min.period.seconds = 60
	sasl.login.refresh.window.factor = 0.8
	sasl.login.refresh.window.jitter = 0.05
	sasl.login.retry.backoff.max.ms = 10000
	sasl.login.retry.backoff.ms = 100
	sasl.mechanism = GSSAPI
	sasl.oauthbearer.clock.skew.seconds = 30
	sasl.oauthbearer.expected.audience = null
	sasl.oauthbearer.expected.issuer = null
	sasl.oauthbearer.header.urlencode = false
	sasl.oauthbearer.jwks.endpoint.refresh.ms = 3600000
	sasl.oauthbearer.jwks.endpoint.retry.backoff.max.ms = 10000
	sasl.oauthbearer.jwks.endpoint.retry.backoff.ms = 100
	sasl.oauthbearer.jwks.endpoint.url = null
	sasl.oauthbearer.scope.claim.name = scope
	sasl.oauthbearer.sub.claim.name = sub
	sasl.oauthbearer.token.endpoint.url = null
	security.protocol = PLAINTEXT
	security.providers = null
	send.buffer.bytes = 131072
	session.timeout.ms = 45000
	socket.connection.setup.timeout.max.ms = 30000
	socket.connection.setup.timeout.ms = 10000
	ssl.cipher.suites = null
	ssl.enabled.protocols = [TLSv1.2, TLSv1.3]
	ssl.endpoint.identification.algorithm = https
	ssl.engine.factory.class = null
	ssl.key.password = null
	ssl.keymanager.algorithm = SunX509
	ssl.keystore.certificate.chain = null
	ssl.keystore.key = null
	ssl.keystore.location = null
	ssl.keystore.password = null
	ssl.keystore.type = JKS
	ssl.protocol = TLSv1.3
	ssl.provider = null
	ssl.secure.random.implementation = null
	ssl.trustmanager.algorithm = PKIX
	ssl.truststore.certificates = null
	ssl.truststore.location = null
	ssl.truststore.password = null
	ssl.truststore.type = JKS
	value.deserializer = class io.apicurio.registry.serde.avro.AvroKafkaDeserializer

2025-09-28 17:20:11,080 INFO  [org.apa.kaf.com.tel.int.KafkaMetricsCollector] (main) initializing Kafka metrics collector
2025-09-28 17:20:11,087 INFO  [org.apa.kaf.cli.con.ConsumerConfig] (main) These configurations '[apicurio.registry.avro.encoding, apicurio.registry.url]' were supplied but are not used yet.
2025-09-28 17:20:11,087 INFO  [org.apa.kaf.com.uti.AppInfoParser] (main) Kafka version: 3.9.1
2025-09-28 17:20:11,087 INFO  [org.apa.kaf.com.uti.AppInfoParser] (main) Kafka commitId: f745dfdcee2b9851
2025-09-28 17:20:11,088 INFO  [org.apa.kaf.com.uti.AppInfoParser] (main) Kafka startTimeMs: 1759080011087
2025-09-28 17:20:11,088 INFO  [org.apa.kaf.cli.con.int.ClassicKafkaConsumer] (ForkJoinPool.commonPool-worker-3) [Consumer clientId=consumer-Consumer-topic-9586a4bc_8488_46cd_ac4e_baaf369300a1-3, groupId=Consumer-topic-9586a4bc_8488_46cd_ac4e_baaf369300a1] Subscribed to topic(s): topic-9586a4bc_8488_46cd_ac4e_baaf369300a1
2025-09-28 17:20:11,094 INFO  [org.apa.kaf.cli.Metadata] (ForkJoinPool.commonPool-worker-3) [Consumer clientId=consumer-Consumer-topic-9586a4bc_8488_46cd_ac4e_baaf369300a1-3, groupId=Consumer-topic-9586a4bc_8488_46cd_ac4e_baaf369300a1] Cluster ID: 3eubY_ZwQSCXVgI5PuowEg
2025-09-28 17:20:11,095 INFO  [org.apa.kaf.cli.con.int.ConsumerCoordinator] (ForkJoinPool.commonPool-worker-3) [Consumer clientId=consumer-Consumer-topic-9586a4bc_8488_46cd_ac4e_baaf369300a1-3, groupId=Consumer-topic-9586a4bc_8488_46cd_ac4e_baaf369300a1] Discovered group coordinator localhost:32769 (id: 2147483647 rack: null)
2025-09-28 17:20:11,096 INFO  [org.apa.kaf.cli.con.int.ConsumerCoordinator] (ForkJoinPool.commonPool-worker-3) [Consumer clientId=consumer-Consumer-topic-9586a4bc_8488_46cd_ac4e_baaf369300a1-3, groupId=Consumer-topic-9586a4bc_8488_46cd_ac4e_baaf369300a1] (Re-)joining group
2025-09-28 17:20:11,099 INFO  [org.apa.kaf.cli.con.int.ConsumerCoordinator] (ForkJoinPool.commonPool-worker-3) [Consumer clientId=consumer-Consumer-topic-9586a4bc_8488_46cd_ac4e_baaf369300a1-3, groupId=Consumer-topic-9586a4bc_8488_46cd_ac4e_baaf369300a1] Request joining group due to: need to re-join with the given member-id: consumer-Consumer-topic-9586a4bc_8488_46cd_ac4e_baaf369300a1-3-ee49fa19-cdc0-4788-b2bf-aef92b6e66ce
2025-09-28 17:20:11,099 INFO  [org.apa.kaf.cli.con.int.ConsumerCoordinator] (ForkJoinPool.commonPool-worker-3) [Consumer clientId=consumer-Consumer-topic-9586a4bc_8488_46cd_ac4e_baaf369300a1-3, groupId=Consumer-topic-9586a4bc_8488_46cd_ac4e_baaf369300a1] (Re-)joining group
2025-09-28 17:20:12,089 INFO  [io.api.tes.ser.api.KafkaSerdesTester] (ForkJoinPool.commonPool-worker-3) None found
2025-09-28 17:20:13,089 INFO  [io.api.tes.ser.api.KafkaSerdesTester] (ForkJoinPool.commonPool-worker-3) None found
2025-09-28 17:20:14,089 INFO  [io.api.tes.ser.api.KafkaSerdesTester] (ForkJoinPool.commonPool-worker-3) None found
2025-09-28 17:20:14,101 INFO  [org.apa.kaf.cli.con.int.ConsumerCoordinator] (ForkJoinPool.commonPool-worker-3) [Consumer clientId=consumer-Consumer-topic-9586a4bc_8488_46cd_ac4e_baaf369300a1-3, groupId=Consumer-topic-9586a4bc_8488_46cd_ac4e_baaf369300a1] Successfully joined group with generation Generation{generationId=1, memberId='consumer-Consumer-topic-9586a4bc_8488_46cd_ac4e_baaf369300a1-3-ee49fa19-cdc0-4788-b2bf-aef92b6e66ce', protocol='range'}
2025-09-28 17:20:14,101 INFO  [org.apa.kaf.cli.con.int.ConsumerCoordinator] (ForkJoinPool.commonPool-worker-3) [Consumer clientId=consumer-Consumer-topic-9586a4bc_8488_46cd_ac4e_baaf369300a1-3, groupId=Consumer-topic-9586a4bc_8488_46cd_ac4e_baaf369300a1] Finished assignment for group at generation 1: {consumer-Consumer-topic-9586a4bc_8488_46cd_ac4e_baaf369300a1-3-ee49fa19-cdc0-4788-b2bf-aef92b6e66ce=Assignment(partitions=[topic-9586a4bc_8488_46cd_ac4e_baaf369300a1-0])}
2025-09-28 17:20:14,108 INFO  [org.apa.kaf.cli.con.int.ConsumerCoordinator] (ForkJoinPool.commonPool-worker-3) [Consumer clientId=consumer-Consumer-topic-9586a4bc_8488_46cd_ac4e_baaf369300a1-3, groupId=Consumer-topic-9586a4bc_8488_46cd_ac4e_baaf369300a1] Successfully synced group in generation Generation{generationId=1, memberId='consumer-Consumer-topic-9586a4bc_8488_46cd_ac4e_baaf369300a1-3-ee49fa19-cdc0-4788-b2bf-aef92b6e66ce', protocol='range'}
2025-09-28 17:20:14,108 INFO  [org.apa.kaf.cli.con.int.ConsumerCoordinator] (ForkJoinPool.commonPool-worker-3) [Consumer clientId=consumer-Consumer-topic-9586a4bc_8488_46cd_ac4e_baaf369300a1-3, groupId=Consumer-topic-9586a4bc_8488_46cd_ac4e_baaf369300a1] Notifying assignor about the new Assignment(partitions=[topic-9586a4bc_8488_46cd_ac4e_baaf369300a1-0])
2025-09-28 17:20:14,109 INFO  [org.apa.kaf.cli.con.int.ConsumerRebalanceListenerInvoker] (ForkJoinPool.commonPool-worker-3) [Consumer clientId=consumer-Consumer-topic-9586a4bc_8488_46cd_ac4e_baaf369300a1-3, groupId=Consumer-topic-9586a4bc_8488_46cd_ac4e_baaf369300a1] Adding newly assigned partitions: topic-9586a4bc_8488_46cd_ac4e_baaf369300a1-0
2025-09-28 17:20:14,110 INFO  [org.apa.kaf.cli.con.int.ConsumerCoordinator] (ForkJoinPool.commonPool-worker-3) [Consumer clientId=consumer-Consumer-topic-9586a4bc_8488_46cd_ac4e_baaf369300a1-3, groupId=Consumer-topic-9586a4bc_8488_46cd_ac4e_baaf369300a1] Found no committed offset for partition topic-9586a4bc_8488_46cd_ac4e_baaf369300a1-0
2025-09-28 17:20:14,113 INFO  [org.apa.kaf.cli.con.int.SubscriptionState] (ForkJoinPool.commonPool-worker-3) [Consumer clientId=consumer-Consumer-topic-9586a4bc_8488_46cd_ac4e_baaf369300a1-3, groupId=Consumer-topic-9586a4bc_8488_46cd_ac4e_baaf369300a1] Resetting offset for partition topic-9586a4bc_8488_46cd_ac4e_baaf369300a1-0 to position FetchPosition{offset=0, offsetEpoch=Optional.empty, currentLeader=LeaderAndEpoch{leader=Optional[localhost:32769 (id: 0 rack: null)], epoch=0}}.
2025-09-28 17:20:14,197 INFO  [io.api.tes.ser.api.KafkaSerdesTester] (ForkJoinPool.commonPool-worker-3) topic-9586a4bc_8488_46cd_ac4e_baaf369300a1 0 0 {"bar": "value-0"}
2025-09-28 17:20:14,197 INFO  [io.api.tes.ser.api.KafkaSerdesTester] (ForkJoinPool.commonPool-worker-3) topic-9586a4bc_8488_46cd_ac4e_baaf369300a1 0 1 {"bar": "value-1"}
2025-09-28 17:20:14,197 INFO  [io.api.tes.ser.api.KafkaSerdesTester] (ForkJoinPool.commonPool-worker-3) topic-9586a4bc_8488_46cd_ac4e_baaf369300a1 0 2 {"bar": "value-2"}
2025-09-28 17:20:14,197 INFO  [io.api.tes.ser.api.KafkaSerdesTester] (ForkJoinPool.commonPool-worker-3) topic-9586a4bc_8488_46cd_ac4e_baaf369300a1 0 3 {"bar": "value-3"}
2025-09-28 17:20:14,197 INFO  [io.api.tes.ser.api.KafkaSerdesTester] (ForkJoinPool.commonPool-worker-3) topic-9586a4bc_8488_46cd_ac4e_baaf369300a1 0 4 {"bar": "value-4"}
2025-09-28 17:20:14,197 INFO  [io.api.tes.ser.api.KafkaSerdesTester] (ForkJoinPool.commonPool-worker-3) topic-9586a4bc_8488_46cd_ac4e_baaf369300a1 0 5 {"bar": "value-5"}
2025-09-28 17:20:14,198 INFO  [io.api.tes.ser.api.KafkaSerdesTester] (ForkJoinPool.commonPool-worker-3) topic-9586a4bc_8488_46cd_ac4e_baaf369300a1 0 6 {"bar": "value-6"}
2025-09-28 17:20:14,198 INFO  [io.api.tes.ser.api.KafkaSerdesTester] (ForkJoinPool.commonPool-worker-3) topic-9586a4bc_8488_46cd_ac4e_baaf369300a1 0 7 {"bar": "value-7"}
2025-09-28 17:20:14,198 INFO  [io.api.tes.ser.api.KafkaSerdesTester] (ForkJoinPool.commonPool-worker-3) topic-9586a4bc_8488_46cd_ac4e_baaf369300a1 0 8 {"bar": "value-8"}
2025-09-28 17:20:14,198 INFO  [io.api.tes.ser.api.KafkaSerdesTester] (ForkJoinPool.commonPool-worker-3) topic-9586a4bc_8488_46cd_ac4e_baaf369300a1 0 9 {"bar": "value-9"}
2025-09-28 17:20:14,198 INFO  [io.api.tes.ser.api.KafkaSerdesTester] (ForkJoinPool.commonPool-worker-3) Consumed 10 messages
2025-09-28 17:20:14,205 INFO  [org.apa.kaf.cli.con.int.ConsumerRebalanceListenerInvoker] (ForkJoinPool.commonPool-worker-3) [Consumer clientId=consumer-Consumer-topic-9586a4bc_8488_46cd_ac4e_baaf369300a1-3, groupId=Consumer-topic-9586a4bc_8488_46cd_ac4e_baaf369300a1] Revoke previously assigned partitions topic-9586a4bc_8488_46cd_ac4e_baaf369300a1-0
2025-09-28 17:20:14,205 INFO  [org.apa.kaf.cli.con.int.ConsumerCoordinator] (ForkJoinPool.commonPool-worker-3) [Consumer clientId=consumer-Consumer-topic-9586a4bc_8488_46cd_ac4e_baaf369300a1-3, groupId=Consumer-topic-9586a4bc_8488_46cd_ac4e_baaf369300a1] Member consumer-Consumer-topic-9586a4bc_8488_46cd_ac4e_baaf369300a1-3-ee49fa19-cdc0-4788-b2bf-aef92b6e66ce sending LeaveGroup request to coordinator localhost:32769 (id: 2147483647 rack: null) due to the consumer is being closed
2025-09-28 17:20:14,206 INFO  [org.apa.kaf.cli.con.int.ConsumerCoordinator] (ForkJoinPool.commonPool-worker-3) [Consumer clientId=consumer-Consumer-topic-9586a4bc_8488_46cd_ac4e_baaf369300a1-3, groupId=Consumer-topic-9586a4bc_8488_46cd_ac4e_baaf369300a1] Resetting generation and member id due to: consumer pro-actively leaving the group
2025-09-28 17:20:14,206 INFO  [org.apa.kaf.cli.con.int.ConsumerCoordinator] (ForkJoinPool.commonPool-worker-3) [Consumer clientId=consumer-Consumer-topic-9586a4bc_8488_46cd_ac4e_baaf369300a1-3, groupId=Consumer-topic-9586a4bc_8488_46cd_ac4e_baaf369300a1] Request joining group due to: consumer pro-actively leaving the group
2025-09-28 17:20:14,699 INFO  [org.apa.kaf.com.met.Metrics] (ForkJoinPool.commonPool-worker-3) Metrics scheduler closed
2025-09-28 17:20:14,700 INFO  [org.apa.kaf.com.met.Metrics] (ForkJoinPool.commonPool-worker-3) Closing reporter org.apache.kafka.common.metrics.JmxReporter
2025-09-28 17:20:14,700 INFO  [org.apa.kaf.com.met.Metrics] (ForkJoinPool.commonPool-worker-3) Closing reporter org.apache.kafka.common.telemetry.internals.ClientTelemetryReporter
2025-09-28 17:20:14,700 INFO  [org.apa.kaf.com.met.Metrics] (ForkJoinPool.commonPool-worker-3) Metrics reporters closed
2025-09-28 17:20:14,702 INFO  [org.apa.kaf.com.uti.AppInfoParser] (ForkJoinPool.commonPool-worker-3) App info kafka.consumer for consumer-Consumer-topic-9586a4bc_8488_46cd_ac4e_baaf369300a1-3 unregistered
2025-09-28 17:20:14,703 INFO  [io.api.tes.uti.TestSeparator] (main) io.apicurio.tests.serdes.apicurio.AvroSerdeIT.testAvroJSON-FINISHED
2025-09-28 17:20:14,703 INFO  [io.api.tes.uti.TestSeparator] (main) ############################################################################
Test passed: testAvroJSON
]]></system-out>
  </testcase>
  <testcase name="testTopicIdStrategyAutoRegister" classname="io.apicurio.tests.serdes.apicurio.AvroSerdeIT" time="3.867">
    <system-out><![CDATA[2025-09-28 17:20:14,705 INFO  [io.api.tes.uti.TestSeparator] (main) ############################################################################
2025-09-28 17:20:14,705 INFO  [io.api.tes.uti.TestSeparator] (main) io.apicurio.tests.serdes.apicurio.AvroSerdeIT.testTopicIdStrategyAutoRegister-STARTED
**** Registry Base URL: http://registry-app-mysql.apps.ci419.apicurio-testing.org:80
2025-09-28 17:20:14,707 INFO  [org.apa.kaf.cli.pro.ProducerConfig] (main) ProducerConfig values: 
	acks = -1
	auto.include.jmx.reporter = true
	batch.size = 16384
	bootstrap.servers = [PLAINTEXT://localhost:32769]
	buffer.memory = 33554432
	client.dns.lookup = use_all_dns_ips
	client.id = Producer-topic-c6d0bc97_2e41_4aa3_bbd5_77c686ed2640
	compression.gzip.level = -1
	compression.lz4.level = 9
	compression.type = none
	compression.zstd.level = 3
	connections.max.idle.ms = 10000
	delivery.timeout.ms = 120000
	enable.idempotence = true
	enable.metrics.push = true
	interceptor.classes = []
	key.serializer = class org.apache.kafka.common.serialization.StringSerializer
	linger.ms = 0
	max.block.ms = 60000
	max.in.flight.requests.per.connection = 5
	max.request.size = 1048576
	metadata.max.age.ms = 300000
	metadata.max.idle.ms = 300000
	metadata.recovery.strategy = none
	metric.reporters = []
	metrics.num.samples = 2
	metrics.recording.level = INFO
	metrics.sample.window.ms = 30000
	partitioner.adaptive.partitioning.enable = true
	partitioner.availability.timeout.ms = 0
	partitioner.class = null
	partitioner.ignore.keys = false
	receive.buffer.bytes = 32768
	reconnect.backoff.max.ms = 1000
	reconnect.backoff.ms = 50
	request.timeout.ms = 5000
	retries = 2147483647
	retry.backoff.max.ms = 1000
	retry.backoff.ms = 100
	sasl.client.callback.handler.class = null
	sasl.jaas.config = null
	sasl.kerberos.kinit.cmd = /usr/bin/kinit
	sasl.kerberos.min.time.before.relogin = 60000
	sasl.kerberos.service.name = null
	sasl.kerberos.ticket.renew.jitter = 0.05
	sasl.kerberos.ticket.renew.window.factor = 0.8
	sasl.login.callback.handler.class = null
	sasl.login.class = null
	sasl.login.connect.timeout.ms = null
	sasl.login.read.timeout.ms = null
	sasl.login.refresh.buffer.seconds = 300
	sasl.login.refresh.min.period.seconds = 60
	sasl.login.refresh.window.factor = 0.8
	sasl.login.refresh.window.jitter = 0.05
	sasl.login.retry.backoff.max.ms = 10000
	sasl.login.retry.backoff.ms = 100
	sasl.mechanism = GSSAPI
	sasl.oauthbearer.clock.skew.seconds = 30
	sasl.oauthbearer.expected.audience = null
	sasl.oauthbearer.expected.issuer = null
	sasl.oauthbearer.header.urlencode = false
	sasl.oauthbearer.jwks.endpoint.refresh.ms = 3600000
	sasl.oauthbearer.jwks.endpoint.retry.backoff.max.ms = 10000
	sasl.oauthbearer.jwks.endpoint.retry.backoff.ms = 100
	sasl.oauthbearer.jwks.endpoint.url = null
	sasl.oauthbearer.scope.claim.name = scope
	sasl.oauthbearer.sub.claim.name = sub
	sasl.oauthbearer.token.endpoint.url = null
	security.protocol = PLAINTEXT
	security.providers = null
	send.buffer.bytes = 131072
	socket.connection.setup.timeout.max.ms = 30000
	socket.connection.setup.timeout.ms = 10000
	ssl.cipher.suites = null
	ssl.enabled.protocols = [TLSv1.2, TLSv1.3]
	ssl.endpoint.identification.algorithm = https
	ssl.engine.factory.class = null
	ssl.key.password = null
	ssl.keymanager.algorithm = SunX509
	ssl.keystore.certificate.chain = null
	ssl.keystore.key = null
	ssl.keystore.location = null
	ssl.keystore.password = null
	ssl.keystore.type = JKS
	ssl.protocol = TLSv1.3
	ssl.provider = null
	ssl.secure.random.implementation = null
	ssl.trustmanager.algorithm = PKIX
	ssl.truststore.certificates = null
	ssl.truststore.location = null
	ssl.truststore.password = null
	ssl.truststore.type = JKS
	transaction.timeout.ms = 60000
	transactional.id = null
	value.serializer = class io.apicurio.registry.serde.avro.AvroKafkaSerializer

2025-09-28 17:20:14,707 INFO  [org.apa.kaf.com.tel.int.KafkaMetricsCollector] (main) initializing Kafka metrics collector
2025-09-28 17:20:14,715 INFO  [org.apa.kaf.cli.pro.KafkaProducer] (main) [Producer clientId=Producer-topic-c6d0bc97_2e41_4aa3_bbd5_77c686ed2640] Instantiated an idempotent producer.
2025-09-28 17:20:14,719 INFO  [org.apa.kaf.cli.pro.ProducerConfig] (main) These configurations '[apicurio.registry.url, apicurio.registry.auto-register, apicurio.registry.artifact-resolver-strategy]' were supplied but are not used yet.
2025-09-28 17:20:14,719 INFO  [org.apa.kaf.com.uti.AppInfoParser] (main) Kafka version: 3.9.1
2025-09-28 17:20:14,719 INFO  [org.apa.kaf.com.uti.AppInfoParser] (main) Kafka commitId: f745dfdcee2b9851
2025-09-28 17:20:14,719 INFO  [org.apa.kaf.com.uti.AppInfoParser] (main) Kafka startTimeMs: 1759080014719
2025-09-28 17:20:14,720 INFO  [io.api.tes.ser.api.SimpleSerdesTesterBuilder$SimpleSerdesTester] (main) Using producer configuration: {apicurio.registry.url=http://registry-app-mysql.apps.ci419.apicurio-testing.org:80/apis/registry/v3, apicurio.registry.auto-register=true, apicurio.registry.artifact-resolver-strategy=io.apicurio.registry.serde.strategy.TopicIdStrategy, value.serializer=io.apicurio.registry.serde.avro.AvroKafkaSerializer, request.timeout.ms=5000, acks=all, bootstrap.servers=PLAINTEXT://localhost:32769, connections.max.idle.ms=10000, key.serializer=org.apache.kafka.common.serialization.StringSerializer, client.id=Producer-topic-c6d0bc97_2e41_4aa3_bbd5_77c686ed2640}
2025-09-28 17:20:14,720 INFO  [io.api.tes.ser.api.SimpleSerdesTesterBuilder$SimpleSerdesTester] (main) Using consumer configuration: {}
2025-09-28 17:20:14,721 INFO  [io.api.tes.ser.api.KafkaSerdesTester] (ForkJoinPool.commonPool-worker-3) Sending message {"key11759080014705": "value-0"} to topic topic-c6d0bc97_2e41_4aa3_bbd5_77c686ed2640
2025-09-28 17:20:14,725 WARN  [org.apa.kaf.cli.NetworkClient] (kafka-producer-network-thread | Producer-topic-c6d0bc97_2e41_4aa3_bbd5_77c686ed2640) [Producer clientId=Producer-topic-c6d0bc97_2e41_4aa3_bbd5_77c686ed2640] The metadata response from the cluster reported a recoverable issue with correlation id 1 : {topic-c6d0bc97_2e41_4aa3_bbd5_77c686ed2640=UNKNOWN_TOPIC_OR_PARTITION}
2025-09-28 17:20:14,725 INFO  [org.apa.kaf.cli.Metadata] (kafka-producer-network-thread | Producer-topic-c6d0bc97_2e41_4aa3_bbd5_77c686ed2640) [Producer clientId=Producer-topic-c6d0bc97_2e41_4aa3_bbd5_77c686ed2640] Cluster ID: 3eubY_ZwQSCXVgI5PuowEg
2025-09-28 17:20:14,725 INFO  [org.apa.kaf.cli.pro.int.TransactionManager] (kafka-producer-network-thread | Producer-topic-c6d0bc97_2e41_4aa3_bbd5_77c686ed2640) [Producer clientId=Producer-topic-c6d0bc97_2e41_4aa3_bbd5_77c686ed2640] ProducerId set to 4 with epoch 0
2025-09-28 17:20:14,905 INFO  [io.api.tes.ser.api.KafkaSerdesTester] (ForkJoinPool.commonPool-worker-3) Sending message {"key11759080014705": "value-1"} to topic topic-c6d0bc97_2e41_4aa3_bbd5_77c686ed2640
2025-09-28 17:20:14,907 INFO  [io.api.tes.ser.api.KafkaSerdesTester] (ForkJoinPool.commonPool-worker-3) Sending message {"key11759080014705": "value-2"} to topic topic-c6d0bc97_2e41_4aa3_bbd5_77c686ed2640
2025-09-28 17:20:14,910 INFO  [io.api.tes.ser.api.KafkaSerdesTester] (ForkJoinPool.commonPool-worker-3) Sending message {"key11759080014705": "value-3"} to topic topic-c6d0bc97_2e41_4aa3_bbd5_77c686ed2640
2025-09-28 17:20:14,912 INFO  [io.api.tes.ser.api.KafkaSerdesTester] (ForkJoinPool.commonPool-worker-3) Sending message {"key11759080014705": "value-4"} to topic topic-c6d0bc97_2e41_4aa3_bbd5_77c686ed2640
2025-09-28 17:20:14,914 INFO  [io.api.tes.ser.api.KafkaSerdesTester] (ForkJoinPool.commonPool-worker-3) Sending message {"key11759080014705": "value-5"} to topic topic-c6d0bc97_2e41_4aa3_bbd5_77c686ed2640
2025-09-28 17:20:14,916 INFO  [io.api.tes.ser.api.KafkaSerdesTester] (ForkJoinPool.commonPool-worker-3) Sending message {"key11759080014705": "value-6"} to topic topic-c6d0bc97_2e41_4aa3_bbd5_77c686ed2640
2025-09-28 17:20:14,918 INFO  [io.api.tes.ser.api.KafkaSerdesTester] (ForkJoinPool.commonPool-worker-3) Sending message {"key11759080014705": "value-7"} to topic topic-c6d0bc97_2e41_4aa3_bbd5_77c686ed2640
2025-09-28 17:20:14,919 INFO  [io.api.tes.ser.api.KafkaSerdesTester] (ForkJoinPool.commonPool-worker-3) Sending message {"key11759080014705": "value-8"} to topic topic-c6d0bc97_2e41_4aa3_bbd5_77c686ed2640
2025-09-28 17:20:14,921 INFO  [io.api.tes.ser.api.KafkaSerdesTester] (ForkJoinPool.commonPool-worker-3) Sending message {"key11759080014705": "value-9"} to topic topic-c6d0bc97_2e41_4aa3_bbd5_77c686ed2640
2025-09-28 17:20:14,922 INFO  [io.api.tes.ser.api.KafkaSerdesTester] (ForkJoinPool.commonPool-worker-3) Produced 10 messages
2025-09-28 17:20:14,922 INFO  [org.apa.kaf.cli.pro.KafkaProducer] (ForkJoinPool.commonPool-worker-3) [Producer clientId=Producer-topic-c6d0bc97_2e41_4aa3_bbd5_77c686ed2640] Closing the Kafka producer with timeoutMillis = 9223372036854775807 ms.
2025-09-28 17:20:14,924 INFO  [org.apa.kaf.com.met.Metrics] (ForkJoinPool.commonPool-worker-3) Metrics scheduler closed
2025-09-28 17:20:14,924 INFO  [org.apa.kaf.com.met.Metrics] (ForkJoinPool.commonPool-worker-3) Closing reporter org.apache.kafka.common.metrics.JmxReporter
2025-09-28 17:20:14,924 INFO  [org.apa.kaf.com.met.Metrics] (ForkJoinPool.commonPool-worker-3) Closing reporter org.apache.kafka.common.telemetry.internals.ClientTelemetryReporter
2025-09-28 17:20:14,924 INFO  [org.apa.kaf.com.met.Metrics] (ForkJoinPool.commonPool-worker-3) Metrics reporters closed
2025-09-28 17:20:14,925 INFO  [org.apa.kaf.com.uti.AppInfoParser] (ForkJoinPool.commonPool-worker-3) App info kafka.producer for Producer-topic-c6d0bc97_2e41_4aa3_bbd5_77c686ed2640 unregistered
**** Registry Base URL: http://registry-app-mysql.apps.ci419.apicurio-testing.org:80
2025-09-28 17:20:14,959 INFO  [org.apa.kaf.cli.con.ConsumerConfig] (main) ConsumerConfig values: 
	allow.auto.create.topics = true
	auto.commit.interval.ms = 500
	auto.include.jmx.reporter = true
	auto.offset.reset = earliest
	bootstrap.servers = [PLAINTEXT://localhost:32769]
	check.crcs = true
	client.dns.lookup = use_all_dns_ips
	client.id = consumer-Consumer-topic-c6d0bc97_2e41_4aa3_bbd5_77c686ed2640-4
	client.rack = 
	connections.max.idle.ms = 10000
	default.api.timeout.ms = 60000
	enable.auto.commit = true
	enable.metrics.push = true
	exclude.internal.topics = true
	fetch.max.bytes = 52428800
	fetch.max.wait.ms = 500
	fetch.min.bytes = 1
	group.id = Consumer-topic-c6d0bc97_2e41_4aa3_bbd5_77c686ed2640
	group.instance.id = null
	group.protocol = classic
	group.remote.assignor = null
	heartbeat.interval.ms = 3000
	interceptor.classes = []
	internal.leave.group.on.close = true
	internal.throw.on.fetch.stable.offset.unsupported = false
	isolation.level = read_uncommitted
	key.deserializer = class org.apache.kafka.common.serialization.StringDeserializer
	max.partition.fetch.bytes = 1048576
	max.poll.interval.ms = 300000
	max.poll.records = 500
	metadata.max.age.ms = 300000
	metadata.recovery.strategy = none
	metric.reporters = []
	metrics.num.samples = 2
	metrics.recording.level = INFO
	metrics.sample.window.ms = 30000
	partition.assignment.strategy = [class org.apache.kafka.clients.consumer.RangeAssignor, class org.apache.kafka.clients.consumer.CooperativeStickyAssignor]
	receive.buffer.bytes = 65536
	reconnect.backoff.max.ms = 1000
	reconnect.backoff.ms = 50
	request.timeout.ms = 5000
	retry.backoff.max.ms = 1000
	retry.backoff.ms = 100
	sasl.client.callback.handler.class = null
	sasl.jaas.config = null
	sasl.kerberos.kinit.cmd = /usr/bin/kinit
	sasl.kerberos.min.time.before.relogin = 60000
	sasl.kerberos.service.name = null
	sasl.kerberos.ticket.renew.jitter = 0.05
	sasl.kerberos.ticket.renew.window.factor = 0.8
	sasl.login.callback.handler.class = null
	sasl.login.class = null
	sasl.login.connect.timeout.ms = null
	sasl.login.read.timeout.ms = null
	sasl.login.refresh.buffer.seconds = 300
	sasl.login.refresh.min.period.seconds = 60
	sasl.login.refresh.window.factor = 0.8
	sasl.login.refresh.window.jitter = 0.05
	sasl.login.retry.backoff.max.ms = 10000
	sasl.login.retry.backoff.ms = 100
	sasl.mechanism = GSSAPI
	sasl.oauthbearer.clock.skew.seconds = 30
	sasl.oauthbearer.expected.audience = null
	sasl.oauthbearer.expected.issuer = null
	sasl.oauthbearer.header.urlencode = false
	sasl.oauthbearer.jwks.endpoint.refresh.ms = 3600000
	sasl.oauthbearer.jwks.endpoint.retry.backoff.max.ms = 10000
	sasl.oauthbearer.jwks.endpoint.retry.backoff.ms = 100
	sasl.oauthbearer.jwks.endpoint.url = null
	sasl.oauthbearer.scope.claim.name = scope
	sasl.oauthbearer.sub.claim.name = sub
	sasl.oauthbearer.token.endpoint.url = null
	security.protocol = PLAINTEXT
	security.providers = null
	send.buffer.bytes = 131072
	session.timeout.ms = 45000
	socket.connection.setup.timeout.max.ms = 30000
	socket.connection.setup.timeout.ms = 10000
	ssl.cipher.suites = null
	ssl.enabled.protocols = [TLSv1.2, TLSv1.3]
	ssl.endpoint.identification.algorithm = https
	ssl.engine.factory.class = null
	ssl.key.password = null
	ssl.keymanager.algorithm = SunX509
	ssl.keystore.certificate.chain = null
	ssl.keystore.key = null
	ssl.keystore.location = null
	ssl.keystore.password = null
	ssl.keystore.type = JKS
	ssl.protocol = TLSv1.3
	ssl.provider = null
	ssl.secure.random.implementation = null
	ssl.trustmanager.algorithm = PKIX
	ssl.truststore.certificates = null
	ssl.truststore.location = null
	ssl.truststore.password = null
	ssl.truststore.type = JKS
	value.deserializer = class io.apicurio.registry.serde.avro.AvroKafkaDeserializer

2025-09-28 17:20:14,959 INFO  [org.apa.kaf.com.tel.int.KafkaMetricsCollector] (main) initializing Kafka metrics collector
2025-09-28 17:20:14,965 INFO  [org.apa.kaf.cli.con.ConsumerConfig] (main) These configurations '[apicurio.registry.url]' were supplied but are not used yet.
2025-09-28 17:20:14,965 INFO  [org.apa.kaf.com.uti.AppInfoParser] (main) Kafka version: 3.9.1
2025-09-28 17:20:14,965 INFO  [org.apa.kaf.com.uti.AppInfoParser] (main) Kafka commitId: f745dfdcee2b9851
2025-09-28 17:20:14,965 INFO  [org.apa.kaf.com.uti.AppInfoParser] (main) Kafka startTimeMs: 1759080014965
2025-09-28 17:20:14,966 INFO  [org.apa.kaf.cli.con.int.ClassicKafkaConsumer] (ForkJoinPool.commonPool-worker-3) [Consumer clientId=consumer-Consumer-topic-c6d0bc97_2e41_4aa3_bbd5_77c686ed2640-4, groupId=Consumer-topic-c6d0bc97_2e41_4aa3_bbd5_77c686ed2640] Subscribed to topic(s): topic-c6d0bc97_2e41_4aa3_bbd5_77c686ed2640
2025-09-28 17:20:14,970 INFO  [org.apa.kaf.cli.Metadata] (ForkJoinPool.commonPool-worker-3) [Consumer clientId=consumer-Consumer-topic-c6d0bc97_2e41_4aa3_bbd5_77c686ed2640-4, groupId=Consumer-topic-c6d0bc97_2e41_4aa3_bbd5_77c686ed2640] Cluster ID: 3eubY_ZwQSCXVgI5PuowEg
2025-09-28 17:20:14,971 INFO  [org.apa.kaf.cli.con.int.ConsumerCoordinator] (ForkJoinPool.commonPool-worker-3) [Consumer clientId=consumer-Consumer-topic-c6d0bc97_2e41_4aa3_bbd5_77c686ed2640-4, groupId=Consumer-topic-c6d0bc97_2e41_4aa3_bbd5_77c686ed2640] Discovered group coordinator localhost:32769 (id: 2147483647 rack: null)
2025-09-28 17:20:14,972 INFO  [org.apa.kaf.cli.con.int.ConsumerCoordinator] (ForkJoinPool.commonPool-worker-3) [Consumer clientId=consumer-Consumer-topic-c6d0bc97_2e41_4aa3_bbd5_77c686ed2640-4, groupId=Consumer-topic-c6d0bc97_2e41_4aa3_bbd5_77c686ed2640] (Re-)joining group
2025-09-28 17:20:14,974 INFO  [org.apa.kaf.cli.con.int.ConsumerCoordinator] (ForkJoinPool.commonPool-worker-3) [Consumer clientId=consumer-Consumer-topic-c6d0bc97_2e41_4aa3_bbd5_77c686ed2640-4, groupId=Consumer-topic-c6d0bc97_2e41_4aa3_bbd5_77c686ed2640] Request joining group due to: need to re-join with the given member-id: consumer-Consumer-topic-c6d0bc97_2e41_4aa3_bbd5_77c686ed2640-4-9c5ea8d1-fa58-48e3-8343-f3cb141b6a8f
2025-09-28 17:20:14,975 INFO  [org.apa.kaf.cli.con.int.ConsumerCoordinator] (ForkJoinPool.commonPool-worker-3) [Consumer clientId=consumer-Consumer-topic-c6d0bc97_2e41_4aa3_bbd5_77c686ed2640-4, groupId=Consumer-topic-c6d0bc97_2e41_4aa3_bbd5_77c686ed2640] (Re-)joining group
2025-09-28 17:20:15,967 INFO  [io.api.tes.ser.api.KafkaSerdesTester] (ForkJoinPool.commonPool-worker-3) None found
2025-09-28 17:20:16,967 INFO  [io.api.tes.ser.api.KafkaSerdesTester] (ForkJoinPool.commonPool-worker-3) None found
2025-09-28 17:20:17,969 INFO  [io.api.tes.ser.api.KafkaSerdesTester] (ForkJoinPool.commonPool-worker-3) None found
2025-09-28 17:20:17,977 INFO  [org.apa.kaf.cli.con.int.ConsumerCoordinator] (ForkJoinPool.commonPool-worker-3) [Consumer clientId=consumer-Consumer-topic-c6d0bc97_2e41_4aa3_bbd5_77c686ed2640-4, groupId=Consumer-topic-c6d0bc97_2e41_4aa3_bbd5_77c686ed2640] Successfully joined group with generation Generation{generationId=1, memberId='consumer-Consumer-topic-c6d0bc97_2e41_4aa3_bbd5_77c686ed2640-4-9c5ea8d1-fa58-48e3-8343-f3cb141b6a8f', protocol='range'}
2025-09-28 17:20:17,978 INFO  [org.apa.kaf.cli.con.int.ConsumerCoordinator] (ForkJoinPool.commonPool-worker-3) [Consumer clientId=consumer-Consumer-topic-c6d0bc97_2e41_4aa3_bbd5_77c686ed2640-4, groupId=Consumer-topic-c6d0bc97_2e41_4aa3_bbd5_77c686ed2640] Finished assignment for group at generation 1: {consumer-Consumer-topic-c6d0bc97_2e41_4aa3_bbd5_77c686ed2640-4-9c5ea8d1-fa58-48e3-8343-f3cb141b6a8f=Assignment(partitions=[topic-c6d0bc97_2e41_4aa3_bbd5_77c686ed2640-0])}
2025-09-28 17:20:17,985 INFO  [org.apa.kaf.cli.con.int.ConsumerCoordinator] (ForkJoinPool.commonPool-worker-3) [Consumer clientId=consumer-Consumer-topic-c6d0bc97_2e41_4aa3_bbd5_77c686ed2640-4, groupId=Consumer-topic-c6d0bc97_2e41_4aa3_bbd5_77c686ed2640] Successfully synced group in generation Generation{generationId=1, memberId='consumer-Consumer-topic-c6d0bc97_2e41_4aa3_bbd5_77c686ed2640-4-9c5ea8d1-fa58-48e3-8343-f3cb141b6a8f', protocol='range'}
2025-09-28 17:20:17,985 INFO  [org.apa.kaf.cli.con.int.ConsumerCoordinator] (ForkJoinPool.commonPool-worker-3) [Consumer clientId=consumer-Consumer-topic-c6d0bc97_2e41_4aa3_bbd5_77c686ed2640-4, groupId=Consumer-topic-c6d0bc97_2e41_4aa3_bbd5_77c686ed2640] Notifying assignor about the new Assignment(partitions=[topic-c6d0bc97_2e41_4aa3_bbd5_77c686ed2640-0])
2025-09-28 17:20:17,985 INFO  [org.apa.kaf.cli.con.int.ConsumerRebalanceListenerInvoker] (ForkJoinPool.commonPool-worker-3) [Consumer clientId=consumer-Consumer-topic-c6d0bc97_2e41_4aa3_bbd5_77c686ed2640-4, groupId=Consumer-topic-c6d0bc97_2e41_4aa3_bbd5_77c686ed2640] Adding newly assigned partitions: topic-c6d0bc97_2e41_4aa3_bbd5_77c686ed2640-0
2025-09-28 17:20:17,986 INFO  [org.apa.kaf.cli.con.int.ConsumerCoordinator] (ForkJoinPool.commonPool-worker-3) [Consumer clientId=consumer-Consumer-topic-c6d0bc97_2e41_4aa3_bbd5_77c686ed2640-4, groupId=Consumer-topic-c6d0bc97_2e41_4aa3_bbd5_77c686ed2640] Found no committed offset for partition topic-c6d0bc97_2e41_4aa3_bbd5_77c686ed2640-0
2025-09-28 17:20:17,990 INFO  [org.apa.kaf.cli.con.int.SubscriptionState] (ForkJoinPool.commonPool-worker-3) [Consumer clientId=consumer-Consumer-topic-c6d0bc97_2e41_4aa3_bbd5_77c686ed2640-4, groupId=Consumer-topic-c6d0bc97_2e41_4aa3_bbd5_77c686ed2640] Resetting offset for partition topic-c6d0bc97_2e41_4aa3_bbd5_77c686ed2640-0 to position FetchPosition{offset=0, offsetEpoch=Optional.empty, currentLeader=LeaderAndEpoch{leader=Optional[localhost:32769 (id: 0 rack: null)], epoch=0}}.
2025-09-28 17:20:18,035 INFO  [io.api.tes.ser.api.KafkaSerdesTester] (ForkJoinPool.commonPool-worker-3) topic-c6d0bc97_2e41_4aa3_bbd5_77c686ed2640 0 0 {"key11759080014705": "value-0"}
2025-09-28 17:20:18,036 INFO  [io.api.tes.ser.api.KafkaSerdesTester] (ForkJoinPool.commonPool-worker-3) topic-c6d0bc97_2e41_4aa3_bbd5_77c686ed2640 0 1 {"key11759080014705": "value-1"}
2025-09-28 17:20:18,036 INFO  [io.api.tes.ser.api.KafkaSerdesTester] (ForkJoinPool.commonPool-worker-3) topic-c6d0bc97_2e41_4aa3_bbd5_77c686ed2640 0 2 {"key11759080014705": "value-2"}
2025-09-28 17:20:18,036 INFO  [io.api.tes.ser.api.KafkaSerdesTester] (ForkJoinPool.commonPool-worker-3) topic-c6d0bc97_2e41_4aa3_bbd5_77c686ed2640 0 3 {"key11759080014705": "value-3"}
2025-09-28 17:20:18,036 INFO  [io.api.tes.ser.api.KafkaSerdesTester] (ForkJoinPool.commonPool-worker-3) topic-c6d0bc97_2e41_4aa3_bbd5_77c686ed2640 0 4 {"key11759080014705": "value-4"}
2025-09-28 17:20:18,036 INFO  [io.api.tes.ser.api.KafkaSerdesTester] (ForkJoinPool.commonPool-worker-3) topic-c6d0bc97_2e41_4aa3_bbd5_77c686ed2640 0 5 {"key11759080014705": "value-5"}
2025-09-28 17:20:18,036 INFO  [io.api.tes.ser.api.KafkaSerdesTester] (ForkJoinPool.commonPool-worker-3) topic-c6d0bc97_2e41_4aa3_bbd5_77c686ed2640 0 6 {"key11759080014705": "value-6"}
2025-09-28 17:20:18,036 INFO  [io.api.tes.ser.api.KafkaSerdesTester] (ForkJoinPool.commonPool-worker-3) topic-c6d0bc97_2e41_4aa3_bbd5_77c686ed2640 0 7 {"key11759080014705": "value-7"}
2025-09-28 17:20:18,036 INFO  [io.api.tes.ser.api.KafkaSerdesTester] (ForkJoinPool.commonPool-worker-3) topic-c6d0bc97_2e41_4aa3_bbd5_77c686ed2640 0 8 {"key11759080014705": "value-8"}
2025-09-28 17:20:18,036 INFO  [io.api.tes.ser.api.KafkaSerdesTester] (ForkJoinPool.commonPool-worker-3) topic-c6d0bc97_2e41_4aa3_bbd5_77c686ed2640 0 9 {"key11759080014705": "value-9"}
2025-09-28 17:20:18,037 INFO  [io.api.tes.ser.api.KafkaSerdesTester] (ForkJoinPool.commonPool-worker-3) Consumed 10 messages
2025-09-28 17:20:18,044 INFO  [org.apa.kaf.cli.con.int.ConsumerRebalanceListenerInvoker] (ForkJoinPool.commonPool-worker-3) [Consumer clientId=consumer-Consumer-topic-c6d0bc97_2e41_4aa3_bbd5_77c686ed2640-4, groupId=Consumer-topic-c6d0bc97_2e41_4aa3_bbd5_77c686ed2640] Revoke previously assigned partitions topic-c6d0bc97_2e41_4aa3_bbd5_77c686ed2640-0
2025-09-28 17:20:18,044 INFO  [org.apa.kaf.cli.con.int.ConsumerCoordinator] (ForkJoinPool.commonPool-worker-3) [Consumer clientId=consumer-Consumer-topic-c6d0bc97_2e41_4aa3_bbd5_77c686ed2640-4, groupId=Consumer-topic-c6d0bc97_2e41_4aa3_bbd5_77c686ed2640] Member consumer-Consumer-topic-c6d0bc97_2e41_4aa3_bbd5_77c686ed2640-4-9c5ea8d1-fa58-48e3-8343-f3cb141b6a8f sending LeaveGroup request to coordinator localhost:32769 (id: 2147483647 rack: null) due to the consumer is being closed
2025-09-28 17:20:18,045 INFO  [org.apa.kaf.cli.con.int.ConsumerCoordinator] (ForkJoinPool.commonPool-worker-3) [Consumer clientId=consumer-Consumer-topic-c6d0bc97_2e41_4aa3_bbd5_77c686ed2640-4, groupId=Consumer-topic-c6d0bc97_2e41_4aa3_bbd5_77c686ed2640] Resetting generation and member id due to: consumer pro-actively leaving the group
2025-09-28 17:20:18,045 INFO  [org.apa.kaf.cli.con.int.ConsumerCoordinator] (ForkJoinPool.commonPool-worker-3) [Consumer clientId=consumer-Consumer-topic-c6d0bc97_2e41_4aa3_bbd5_77c686ed2640-4, groupId=Consumer-topic-c6d0bc97_2e41_4aa3_bbd5_77c686ed2640] Request joining group due to: consumer pro-actively leaving the group
2025-09-28 17:20:18,538 INFO  [org.apa.kaf.com.met.Metrics] (ForkJoinPool.commonPool-worker-3) Metrics scheduler closed
2025-09-28 17:20:18,539 INFO  [org.apa.kaf.com.met.Metrics] (ForkJoinPool.commonPool-worker-3) Closing reporter org.apache.kafka.common.metrics.JmxReporter
2025-09-28 17:20:18,539 INFO  [org.apa.kaf.com.met.Metrics] (ForkJoinPool.commonPool-worker-3) Closing reporter org.apache.kafka.common.telemetry.internals.ClientTelemetryReporter
2025-09-28 17:20:18,539 INFO  [org.apa.kaf.com.met.Metrics] (ForkJoinPool.commonPool-worker-3) Metrics reporters closed
2025-09-28 17:20:18,541 INFO  [org.apa.kaf.com.uti.AppInfoParser] (ForkJoinPool.commonPool-worker-3) App info kafka.consumer for consumer-Consumer-topic-c6d0bc97_2e41_4aa3_bbd5_77c686ed2640-4 unregistered
2025-09-28 17:20:18,571 INFO  [io.api.tes.uti.TestSeparator] (main) io.apicurio.tests.serdes.apicurio.AvroSerdeIT.testTopicIdStrategyAutoRegister-FINISHED
2025-09-28 17:20:18,571 INFO  [io.api.tes.uti.TestSeparator] (main) ############################################################################
Test passed: testTopicIdStrategyAutoRegister
]]></system-out>
  </testcase>
  <testcase name="testRecordIdStrategydFindLatest" classname="io.apicurio.tests.serdes.apicurio.AvroSerdeIT" time="4.75">
    <system-out><![CDATA[2025-09-28 17:20:18,572 INFO  [io.api.tes.uti.TestSeparator] (main) ############################################################################
2025-09-28 17:20:18,572 INFO  [io.api.tes.uti.TestSeparator] (main) io.apicurio.tests.serdes.apicurio.AvroSerdeIT.testRecordIdStrategydFindLatest-STARTED
2025-09-28 17:20:18,573 INFO  [io.api.tes.ser.api.AvroSerdeIT] (main) Registering Avro Schema: {"type":"record","name":"sf804522dx67a3x4473xb99exc2025d57b554","namespace":"s05953cd9x52e4x496bx9da8x91caec8bf5f2","fields":[{"name":"key11759080018573","type":"string"}]}
**** Registry Base URL: http://registry-app-mysql.apps.ci419.apicurio-testing.org:80
2025-09-28 17:20:19,626 INFO  [org.apa.kaf.cli.pro.ProducerConfig] (main) ProducerConfig values: 
	acks = -1
	auto.include.jmx.reporter = true
	batch.size = 16384
	bootstrap.servers = [PLAINTEXT://localhost:32769]
	buffer.memory = 33554432
	client.dns.lookup = use_all_dns_ips
	client.id = Producer-topic-9e80f237_2971_4754_b15a_728061ca9443
	compression.gzip.level = -1
	compression.lz4.level = 9
	compression.type = none
	compression.zstd.level = 3
	connections.max.idle.ms = 10000
	delivery.timeout.ms = 120000
	enable.idempotence = true
	enable.metrics.push = true
	interceptor.classes = []
	key.serializer = class org.apache.kafka.common.serialization.StringSerializer
	linger.ms = 0
	max.block.ms = 60000
	max.in.flight.requests.per.connection = 5
	max.request.size = 1048576
	metadata.max.age.ms = 300000
	metadata.max.idle.ms = 300000
	metadata.recovery.strategy = none
	metric.reporters = []
	metrics.num.samples = 2
	metrics.recording.level = INFO
	metrics.sample.window.ms = 30000
	partitioner.adaptive.partitioning.enable = true
	partitioner.availability.timeout.ms = 0
	partitioner.class = null
	partitioner.ignore.keys = false
	receive.buffer.bytes = 32768
	reconnect.backoff.max.ms = 1000
	reconnect.backoff.ms = 50
	request.timeout.ms = 5000
	retries = 2147483647
	retry.backoff.max.ms = 1000
	retry.backoff.ms = 100
	sasl.client.callback.handler.class = null
	sasl.jaas.config = null
	sasl.kerberos.kinit.cmd = /usr/bin/kinit
	sasl.kerberos.min.time.before.relogin = 60000
	sasl.kerberos.service.name = null
	sasl.kerberos.ticket.renew.jitter = 0.05
	sasl.kerberos.ticket.renew.window.factor = 0.8
	sasl.login.callback.handler.class = null
	sasl.login.class = null
	sasl.login.connect.timeout.ms = null
	sasl.login.read.timeout.ms = null
	sasl.login.refresh.buffer.seconds = 300
	sasl.login.refresh.min.period.seconds = 60
	sasl.login.refresh.window.factor = 0.8
	sasl.login.refresh.window.jitter = 0.05
	sasl.login.retry.backoff.max.ms = 10000
	sasl.login.retry.backoff.ms = 100
	sasl.mechanism = GSSAPI
	sasl.oauthbearer.clock.skew.seconds = 30
	sasl.oauthbearer.expected.audience = null
	sasl.oauthbearer.expected.issuer = null
	sasl.oauthbearer.header.urlencode = false
	sasl.oauthbearer.jwks.endpoint.refresh.ms = 3600000
	sasl.oauthbearer.jwks.endpoint.retry.backoff.max.ms = 10000
	sasl.oauthbearer.jwks.endpoint.retry.backoff.ms = 100
	sasl.oauthbearer.jwks.endpoint.url = null
	sasl.oauthbearer.scope.claim.name = scope
	sasl.oauthbearer.sub.claim.name = sub
	sasl.oauthbearer.token.endpoint.url = null
	security.protocol = PLAINTEXT
	security.providers = null
	send.buffer.bytes = 131072
	socket.connection.setup.timeout.max.ms = 30000
	socket.connection.setup.timeout.ms = 10000
	ssl.cipher.suites = null
	ssl.enabled.protocols = [TLSv1.2, TLSv1.3]
	ssl.endpoint.identification.algorithm = https
	ssl.engine.factory.class = null
	ssl.key.password = null
	ssl.keymanager.algorithm = SunX509
	ssl.keystore.certificate.chain = null
	ssl.keystore.key = null
	ssl.keystore.location = null
	ssl.keystore.password = null
	ssl.keystore.type = JKS
	ssl.protocol = TLSv1.3
	ssl.provider = null
	ssl.secure.random.implementation = null
	ssl.trustmanager.algorithm = PKIX
	ssl.truststore.certificates = null
	ssl.truststore.location = null
	ssl.truststore.password = null
	ssl.truststore.type = JKS
	transaction.timeout.ms = 60000
	transactional.id = null
	value.serializer = class io.apicurio.registry.serde.avro.AvroKafkaSerializer

2025-09-28 17:20:19,627 INFO  [org.apa.kaf.com.tel.int.KafkaMetricsCollector] (main) initializing Kafka metrics collector
2025-09-28 17:20:19,629 INFO  [org.apa.kaf.cli.pro.KafkaProducer] (main) [Producer clientId=Producer-topic-9e80f237_2971_4754_b15a_728061ca9443] Instantiated an idempotent producer.
2025-09-28 17:20:19,631 INFO  [org.apa.kaf.cli.pro.ProducerConfig] (main) These configurations '[apicurio.registry.find-latest, apicurio.registry.url, apicurio.registry.artifact-resolver-strategy]' were supplied but are not used yet.
2025-09-28 17:20:19,631 INFO  [org.apa.kaf.com.uti.AppInfoParser] (main) Kafka version: 3.9.1
2025-09-28 17:20:19,631 INFO  [org.apa.kaf.com.uti.AppInfoParser] (main) Kafka commitId: f745dfdcee2b9851
2025-09-28 17:20:19,631 INFO  [org.apa.kaf.com.uti.AppInfoParser] (main) Kafka startTimeMs: 1759080019631
2025-09-28 17:20:19,631 INFO  [io.api.tes.ser.api.SimpleSerdesTesterBuilder$SimpleSerdesTester] (main) Using producer configuration: {apicurio.registry.find-latest=true, apicurio.registry.url=http://registry-app-mysql.apps.ci419.apicurio-testing.org:80/apis/registry/v3, apicurio.registry.artifact-resolver-strategy=io.apicurio.registry.serde.avro.strategy.RecordIdStrategy, value.serializer=io.apicurio.registry.serde.avro.AvroKafkaSerializer, request.timeout.ms=5000, acks=all, bootstrap.servers=PLAINTEXT://localhost:32769, connections.max.idle.ms=10000, key.serializer=org.apache.kafka.common.serialization.StringSerializer, client.id=Producer-topic-9e80f237_2971_4754_b15a_728061ca9443}
2025-09-28 17:20:19,631 INFO  [io.api.tes.ser.api.SimpleSerdesTesterBuilder$SimpleSerdesTester] (main) Using consumer configuration: {}
2025-09-28 17:20:19,632 INFO  [io.api.tes.ser.api.KafkaSerdesTester] (ForkJoinPool.commonPool-worker-3) Sending message {"key11759080018573": "value-0"} to topic topic-9e80f237_2971_4754_b15a_728061ca9443
2025-09-28 17:20:19,635 INFO  [org.apa.kaf.cli.Metadata] (kafka-producer-network-thread | Producer-topic-9e80f237_2971_4754_b15a_728061ca9443) [Producer clientId=Producer-topic-9e80f237_2971_4754_b15a_728061ca9443] Cluster ID: 3eubY_ZwQSCXVgI5PuowEg
2025-09-28 17:20:19,635 INFO  [org.apa.kaf.cli.pro.int.TransactionManager] (kafka-producer-network-thread | Producer-topic-9e80f237_2971_4754_b15a_728061ca9443) [Producer clientId=Producer-topic-9e80f237_2971_4754_b15a_728061ca9443] ProducerId set to 5 with epoch 0
2025-09-28 17:20:19,695 INFO  [io.api.tes.ser.api.KafkaSerdesTester] (ForkJoinPool.commonPool-worker-3) Sending message {"key11759080018573": "value-1"} to topic topic-9e80f237_2971_4754_b15a_728061ca9443
2025-09-28 17:20:19,697 INFO  [io.api.tes.ser.api.KafkaSerdesTester] (ForkJoinPool.commonPool-worker-3) Sending message {"key11759080018573": "value-2"} to topic topic-9e80f237_2971_4754_b15a_728061ca9443
2025-09-28 17:20:19,699 INFO  [io.api.tes.ser.api.KafkaSerdesTester] (ForkJoinPool.commonPool-worker-3) Sending message {"key11759080018573": "value-3"} to topic topic-9e80f237_2971_4754_b15a_728061ca9443
2025-09-28 17:20:19,701 INFO  [io.api.tes.ser.api.KafkaSerdesTester] (ForkJoinPool.commonPool-worker-3) Sending message {"key11759080018573": "value-4"} to topic topic-9e80f237_2971_4754_b15a_728061ca9443
2025-09-28 17:20:19,703 INFO  [io.api.tes.ser.api.KafkaSerdesTester] (ForkJoinPool.commonPool-worker-3) Sending message {"key11759080018573": "value-5"} to topic topic-9e80f237_2971_4754_b15a_728061ca9443
2025-09-28 17:20:19,704 INFO  [io.api.tes.ser.api.KafkaSerdesTester] (ForkJoinPool.commonPool-worker-3) Sending message {"key11759080018573": "value-6"} to topic topic-9e80f237_2971_4754_b15a_728061ca9443
2025-09-28 17:20:19,706 INFO  [io.api.tes.ser.api.KafkaSerdesTester] (ForkJoinPool.commonPool-worker-3) Sending message {"key11759080018573": "value-7"} to topic topic-9e80f237_2971_4754_b15a_728061ca9443
2025-09-28 17:20:19,707 INFO  [io.api.tes.ser.api.KafkaSerdesTester] (ForkJoinPool.commonPool-worker-3) Sending message {"key11759080018573": "value-8"} to topic topic-9e80f237_2971_4754_b15a_728061ca9443
2025-09-28 17:20:19,709 INFO  [io.api.tes.ser.api.KafkaSerdesTester] (ForkJoinPool.commonPool-worker-3) Sending message {"key11759080018573": "value-9"} to topic topic-9e80f237_2971_4754_b15a_728061ca9443
2025-09-28 17:20:19,711 INFO  [io.api.tes.ser.api.KafkaSerdesTester] (ForkJoinPool.commonPool-worker-3) Produced 10 messages
2025-09-28 17:20:19,711 INFO  [org.apa.kaf.cli.pro.KafkaProducer] (ForkJoinPool.commonPool-worker-3) [Producer clientId=Producer-topic-9e80f237_2971_4754_b15a_728061ca9443] Closing the Kafka producer with timeoutMillis = 9223372036854775807 ms.
2025-09-28 17:20:19,713 INFO  [org.apa.kaf.com.met.Metrics] (ForkJoinPool.commonPool-worker-3) Metrics scheduler closed
2025-09-28 17:20:19,713 INFO  [org.apa.kaf.com.met.Metrics] (ForkJoinPool.commonPool-worker-3) Closing reporter org.apache.kafka.common.metrics.JmxReporter
2025-09-28 17:20:19,713 INFO  [org.apa.kaf.com.met.Metrics] (ForkJoinPool.commonPool-worker-3) Closing reporter org.apache.kafka.common.telemetry.internals.ClientTelemetryReporter
2025-09-28 17:20:19,713 INFO  [org.apa.kaf.com.met.Metrics] (ForkJoinPool.commonPool-worker-3) Metrics reporters closed
2025-09-28 17:20:19,713 INFO  [org.apa.kaf.com.uti.AppInfoParser] (ForkJoinPool.commonPool-worker-3) App info kafka.producer for Producer-topic-9e80f237_2971_4754_b15a_728061ca9443 unregistered
**** Registry Base URL: http://registry-app-mysql.apps.ci419.apicurio-testing.org:80
2025-09-28 17:20:19,714 INFO  [org.apa.kaf.cli.con.ConsumerConfig] (main) ConsumerConfig values: 
	allow.auto.create.topics = true
	auto.commit.interval.ms = 500
	auto.include.jmx.reporter = true
	auto.offset.reset = earliest
	bootstrap.servers = [PLAINTEXT://localhost:32769]
	check.crcs = true
	client.dns.lookup = use_all_dns_ips
	client.id = consumer-Consumer-topic-9e80f237_2971_4754_b15a_728061ca9443-5
	client.rack = 
	connections.max.idle.ms = 10000
	default.api.timeout.ms = 60000
	enable.auto.commit = true
	enable.metrics.push = true
	exclude.internal.topics = true
	fetch.max.bytes = 52428800
	fetch.max.wait.ms = 500
	fetch.min.bytes = 1
	group.id = Consumer-topic-9e80f237_2971_4754_b15a_728061ca9443
	group.instance.id = null
	group.protocol = classic
	group.remote.assignor = null
	heartbeat.interval.ms = 3000
	interceptor.classes = []
	internal.leave.group.on.close = true
	internal.throw.on.fetch.stable.offset.unsupported = false
	isolation.level = read_uncommitted
	key.deserializer = class org.apache.kafka.common.serialization.StringDeserializer
	max.partition.fetch.bytes = 1048576
	max.poll.interval.ms = 300000
	max.poll.records = 500
	metadata.max.age.ms = 300000
	metadata.recovery.strategy = none
	metric.reporters = []
	metrics.num.samples = 2
	metrics.recording.level = INFO
	metrics.sample.window.ms = 30000
	partition.assignment.strategy = [class org.apache.kafka.clients.consumer.RangeAssignor, class org.apache.kafka.clients.consumer.CooperativeStickyAssignor]
	receive.buffer.bytes = 65536
	reconnect.backoff.max.ms = 1000
	reconnect.backoff.ms = 50
	request.timeout.ms = 5000
	retry.backoff.max.ms = 1000
	retry.backoff.ms = 100
	sasl.client.callback.handler.class = null
	sasl.jaas.config = null
	sasl.kerberos.kinit.cmd = /usr/bin/kinit
	sasl.kerberos.min.time.before.relogin = 60000
	sasl.kerberos.service.name = null
	sasl.kerberos.ticket.renew.jitter = 0.05
	sasl.kerberos.ticket.renew.window.factor = 0.8
	sasl.login.callback.handler.class = null
	sasl.login.class = null
	sasl.login.connect.timeout.ms = null
	sasl.login.read.timeout.ms = null
	sasl.login.refresh.buffer.seconds = 300
	sasl.login.refresh.min.period.seconds = 60
	sasl.login.refresh.window.factor = 0.8
	sasl.login.refresh.window.jitter = 0.05
	sasl.login.retry.backoff.max.ms = 10000
	sasl.login.retry.backoff.ms = 100
	sasl.mechanism = GSSAPI
	sasl.oauthbearer.clock.skew.seconds = 30
	sasl.oauthbearer.expected.audience = null
	sasl.oauthbearer.expected.issuer = null
	sasl.oauthbearer.header.urlencode = false
	sasl.oauthbearer.jwks.endpoint.refresh.ms = 3600000
	sasl.oauthbearer.jwks.endpoint.retry.backoff.max.ms = 10000
	sasl.oauthbearer.jwks.endpoint.retry.backoff.ms = 100
	sasl.oauthbearer.jwks.endpoint.url = null
	sasl.oauthbearer.scope.claim.name = scope
	sasl.oauthbearer.sub.claim.name = sub
	sasl.oauthbearer.token.endpoint.url = null
	security.protocol = PLAINTEXT
	security.providers = null
	send.buffer.bytes = 131072
	session.timeout.ms = 45000
	socket.connection.setup.timeout.max.ms = 30000
	socket.connection.setup.timeout.ms = 10000
	ssl.cipher.suites = null
	ssl.enabled.protocols = [TLSv1.2, TLSv1.3]
	ssl.endpoint.identification.algorithm = https
	ssl.engine.factory.class = null
	ssl.key.password = null
	ssl.keymanager.algorithm = SunX509
	ssl.keystore.certificate.chain = null
	ssl.keystore.key = null
	ssl.keystore.location = null
	ssl.keystore.password = null
	ssl.keystore.type = JKS
	ssl.protocol = TLSv1.3
	ssl.provider = null
	ssl.secure.random.implementation = null
	ssl.trustmanager.algorithm = PKIX
	ssl.truststore.certificates = null
	ssl.truststore.location = null
	ssl.truststore.password = null
	ssl.truststore.type = JKS
	value.deserializer = class io.apicurio.registry.serde.avro.AvroKafkaDeserializer

2025-09-28 17:20:19,714 INFO  [org.apa.kaf.com.tel.int.KafkaMetricsCollector] (main) initializing Kafka metrics collector
2025-09-28 17:20:19,722 INFO  [org.apa.kaf.cli.con.ConsumerConfig] (main) These configurations '[apicurio.registry.url]' were supplied but are not used yet.
2025-09-28 17:20:19,722 INFO  [org.apa.kaf.com.uti.AppInfoParser] (main) Kafka version: 3.9.1
2025-09-28 17:20:19,722 INFO  [org.apa.kaf.com.uti.AppInfoParser] (main) Kafka commitId: f745dfdcee2b9851
2025-09-28 17:20:19,722 INFO  [org.apa.kaf.com.uti.AppInfoParser] (main) Kafka startTimeMs: 1759080019722
2025-09-28 17:20:19,722 INFO  [org.apa.kaf.cli.con.int.ClassicKafkaConsumer] (ForkJoinPool.commonPool-worker-3) [Consumer clientId=consumer-Consumer-topic-9e80f237_2971_4754_b15a_728061ca9443-5, groupId=Consumer-topic-9e80f237_2971_4754_b15a_728061ca9443] Subscribed to topic(s): topic-9e80f237_2971_4754_b15a_728061ca9443
2025-09-28 17:20:19,727 INFO  [org.apa.kaf.cli.Metadata] (ForkJoinPool.commonPool-worker-3) [Consumer clientId=consumer-Consumer-topic-9e80f237_2971_4754_b15a_728061ca9443-5, groupId=Consumer-topic-9e80f237_2971_4754_b15a_728061ca9443] Cluster ID: 3eubY_ZwQSCXVgI5PuowEg
2025-09-28 17:20:19,728 INFO  [org.apa.kaf.cli.con.int.ConsumerCoordinator] (ForkJoinPool.commonPool-worker-3) [Consumer clientId=consumer-Consumer-topic-9e80f237_2971_4754_b15a_728061ca9443-5, groupId=Consumer-topic-9e80f237_2971_4754_b15a_728061ca9443] Discovered group coordinator localhost:32769 (id: 2147483647 rack: null)
2025-09-28 17:20:19,730 INFO  [org.apa.kaf.cli.con.int.ConsumerCoordinator] (ForkJoinPool.commonPool-worker-3) [Consumer clientId=consumer-Consumer-topic-9e80f237_2971_4754_b15a_728061ca9443-5, groupId=Consumer-topic-9e80f237_2971_4754_b15a_728061ca9443] (Re-)joining group
2025-09-28 17:20:19,732 INFO  [org.apa.kaf.cli.con.int.ConsumerCoordinator] (ForkJoinPool.commonPool-worker-3) [Consumer clientId=consumer-Consumer-topic-9e80f237_2971_4754_b15a_728061ca9443-5, groupId=Consumer-topic-9e80f237_2971_4754_b15a_728061ca9443] Request joining group due to: need to re-join with the given member-id: consumer-Consumer-topic-9e80f237_2971_4754_b15a_728061ca9443-5-d92241fa-ff27-4567-8f99-9c1ccbc579fd
2025-09-28 17:20:19,732 INFO  [org.apa.kaf.cli.con.int.ConsumerCoordinator] (ForkJoinPool.commonPool-worker-3) [Consumer clientId=consumer-Consumer-topic-9e80f237_2971_4754_b15a_728061ca9443-5, groupId=Consumer-topic-9e80f237_2971_4754_b15a_728061ca9443] (Re-)joining group
2025-09-28 17:20:20,722 INFO  [io.api.tes.ser.api.KafkaSerdesTester] (ForkJoinPool.commonPool-worker-3) None found
2025-09-28 17:20:21,722 INFO  [io.api.tes.ser.api.KafkaSerdesTester] (ForkJoinPool.commonPool-worker-3) None found
2025-09-28 17:20:22,722 INFO  [io.api.tes.ser.api.KafkaSerdesTester] (ForkJoinPool.commonPool-worker-3) None found
2025-09-28 17:20:22,735 INFO  [org.apa.kaf.cli.con.int.ConsumerCoordinator] (ForkJoinPool.commonPool-worker-3) [Consumer clientId=consumer-Consumer-topic-9e80f237_2971_4754_b15a_728061ca9443-5, groupId=Consumer-topic-9e80f237_2971_4754_b15a_728061ca9443] Successfully joined group with generation Generation{generationId=1, memberId='consumer-Consumer-topic-9e80f237_2971_4754_b15a_728061ca9443-5-d92241fa-ff27-4567-8f99-9c1ccbc579fd', protocol='range'}
2025-09-28 17:20:22,736 INFO  [org.apa.kaf.cli.con.int.ConsumerCoordinator] (ForkJoinPool.commonPool-worker-3) [Consumer clientId=consumer-Consumer-topic-9e80f237_2971_4754_b15a_728061ca9443-5, groupId=Consumer-topic-9e80f237_2971_4754_b15a_728061ca9443] Finished assignment for group at generation 1: {consumer-Consumer-topic-9e80f237_2971_4754_b15a_728061ca9443-5-d92241fa-ff27-4567-8f99-9c1ccbc579fd=Assignment(partitions=[topic-9e80f237_2971_4754_b15a_728061ca9443-0])}
2025-09-28 17:20:22,743 INFO  [org.apa.kaf.cli.con.int.ConsumerCoordinator] (ForkJoinPool.commonPool-worker-3) [Consumer clientId=consumer-Consumer-topic-9e80f237_2971_4754_b15a_728061ca9443-5, groupId=Consumer-topic-9e80f237_2971_4754_b15a_728061ca9443] Successfully synced group in generation Generation{generationId=1, memberId='consumer-Consumer-topic-9e80f237_2971_4754_b15a_728061ca9443-5-d92241fa-ff27-4567-8f99-9c1ccbc579fd', protocol='range'}
2025-09-28 17:20:22,743 INFO  [org.apa.kaf.cli.con.int.ConsumerCoordinator] (ForkJoinPool.commonPool-worker-3) [Consumer clientId=consumer-Consumer-topic-9e80f237_2971_4754_b15a_728061ca9443-5, groupId=Consumer-topic-9e80f237_2971_4754_b15a_728061ca9443] Notifying assignor about the new Assignment(partitions=[topic-9e80f237_2971_4754_b15a_728061ca9443-0])
2025-09-28 17:20:22,743 INFO  [org.apa.kaf.cli.con.int.ConsumerRebalanceListenerInvoker] (ForkJoinPool.commonPool-worker-3) [Consumer clientId=consumer-Consumer-topic-9e80f237_2971_4754_b15a_728061ca9443-5, groupId=Consumer-topic-9e80f237_2971_4754_b15a_728061ca9443] Adding newly assigned partitions: topic-9e80f237_2971_4754_b15a_728061ca9443-0
2025-09-28 17:20:22,744 INFO  [org.apa.kaf.cli.con.int.ConsumerCoordinator] (ForkJoinPool.commonPool-worker-3) [Consumer clientId=consumer-Consumer-topic-9e80f237_2971_4754_b15a_728061ca9443-5, groupId=Consumer-topic-9e80f237_2971_4754_b15a_728061ca9443] Found no committed offset for partition topic-9e80f237_2971_4754_b15a_728061ca9443-0
2025-09-28 17:20:22,748 INFO  [org.apa.kaf.cli.con.int.SubscriptionState] (ForkJoinPool.commonPool-worker-3) [Consumer clientId=consumer-Consumer-topic-9e80f237_2971_4754_b15a_728061ca9443-5, groupId=Consumer-topic-9e80f237_2971_4754_b15a_728061ca9443] Resetting offset for partition topic-9e80f237_2971_4754_b15a_728061ca9443-0 to position FetchPosition{offset=0, offsetEpoch=Optional.empty, currentLeader=LeaderAndEpoch{leader=Optional[localhost:32769 (id: 0 rack: null)], epoch=0}}.
2025-09-28 17:20:22,817 INFO  [io.api.tes.ser.api.KafkaSerdesTester] (ForkJoinPool.commonPool-worker-3) topic-9e80f237_2971_4754_b15a_728061ca9443 0 0 {"key11759080018573": "value-0"}
2025-09-28 17:20:22,817 INFO  [io.api.tes.ser.api.KafkaSerdesTester] (ForkJoinPool.commonPool-worker-3) topic-9e80f237_2971_4754_b15a_728061ca9443 0 1 {"key11759080018573": "value-1"}
2025-09-28 17:20:22,817 INFO  [io.api.tes.ser.api.KafkaSerdesTester] (ForkJoinPool.commonPool-worker-3) topic-9e80f237_2971_4754_b15a_728061ca9443 0 2 {"key11759080018573": "value-2"}
2025-09-28 17:20:22,817 INFO  [io.api.tes.ser.api.KafkaSerdesTester] (ForkJoinPool.commonPool-worker-3) topic-9e80f237_2971_4754_b15a_728061ca9443 0 3 {"key11759080018573": "value-3"}
2025-09-28 17:20:22,818 INFO  [io.api.tes.ser.api.KafkaSerdesTester] (ForkJoinPool.commonPool-worker-3) topic-9e80f237_2971_4754_b15a_728061ca9443 0 4 {"key11759080018573": "value-4"}
2025-09-28 17:20:22,818 INFO  [io.api.tes.ser.api.KafkaSerdesTester] (ForkJoinPool.commonPool-worker-3) topic-9e80f237_2971_4754_b15a_728061ca9443 0 5 {"key11759080018573": "value-5"}
2025-09-28 17:20:22,818 INFO  [io.api.tes.ser.api.KafkaSerdesTester] (ForkJoinPool.commonPool-worker-3) topic-9e80f237_2971_4754_b15a_728061ca9443 0 6 {"key11759080018573": "value-6"}
2025-09-28 17:20:22,818 INFO  [io.api.tes.ser.api.KafkaSerdesTester] (ForkJoinPool.commonPool-worker-3) topic-9e80f237_2971_4754_b15a_728061ca9443 0 7 {"key11759080018573": "value-7"}
2025-09-28 17:20:22,818 INFO  [io.api.tes.ser.api.KafkaSerdesTester] (ForkJoinPool.commonPool-worker-3) topic-9e80f237_2971_4754_b15a_728061ca9443 0 8 {"key11759080018573": "value-8"}
2025-09-28 17:20:22,818 INFO  [io.api.tes.ser.api.KafkaSerdesTester] (ForkJoinPool.commonPool-worker-3) topic-9e80f237_2971_4754_b15a_728061ca9443 0 9 {"key11759080018573": "value-9"}
2025-09-28 17:20:22,818 INFO  [io.api.tes.ser.api.KafkaSerdesTester] (ForkJoinPool.commonPool-worker-3) Consumed 10 messages
2025-09-28 17:20:22,826 INFO  [org.apa.kaf.cli.con.int.ConsumerRebalanceListenerInvoker] (ForkJoinPool.commonPool-worker-3) [Consumer clientId=consumer-Consumer-topic-9e80f237_2971_4754_b15a_728061ca9443-5, groupId=Consumer-topic-9e80f237_2971_4754_b15a_728061ca9443] Revoke previously assigned partitions topic-9e80f237_2971_4754_b15a_728061ca9443-0
2025-09-28 17:20:22,826 INFO  [org.apa.kaf.cli.con.int.ConsumerCoordinator] (ForkJoinPool.commonPool-worker-3) [Consumer clientId=consumer-Consumer-topic-9e80f237_2971_4754_b15a_728061ca9443-5, groupId=Consumer-topic-9e80f237_2971_4754_b15a_728061ca9443] Member consumer-Consumer-topic-9e80f237_2971_4754_b15a_728061ca9443-5-d92241fa-ff27-4567-8f99-9c1ccbc579fd sending LeaveGroup request to coordinator localhost:32769 (id: 2147483647 rack: null) due to the consumer is being closed
2025-09-28 17:20:22,826 INFO  [org.apa.kaf.cli.con.int.ConsumerCoordinator] (ForkJoinPool.commonPool-worker-3) [Consumer clientId=consumer-Consumer-topic-9e80f237_2971_4754_b15a_728061ca9443-5, groupId=Consumer-topic-9e80f237_2971_4754_b15a_728061ca9443] Resetting generation and member id due to: consumer pro-actively leaving the group
2025-09-28 17:20:22,826 INFO  [org.apa.kaf.cli.con.int.ConsumerCoordinator] (ForkJoinPool.commonPool-worker-3) [Consumer clientId=consumer-Consumer-topic-9e80f237_2971_4754_b15a_728061ca9443-5, groupId=Consumer-topic-9e80f237_2971_4754_b15a_728061ca9443] Request joining group due to: consumer pro-actively leaving the group
2025-09-28 17:20:23,320 INFO  [org.apa.kaf.com.met.Metrics] (ForkJoinPool.commonPool-worker-3) Metrics scheduler closed
2025-09-28 17:20:23,320 INFO  [org.apa.kaf.com.met.Metrics] (ForkJoinPool.commonPool-worker-3) Closing reporter org.apache.kafka.common.metrics.JmxReporter
2025-09-28 17:20:23,320 INFO  [org.apa.kaf.com.met.Metrics] (ForkJoinPool.commonPool-worker-3) Closing reporter org.apache.kafka.common.telemetry.internals.ClientTelemetryReporter
2025-09-28 17:20:23,320 INFO  [org.apa.kaf.com.met.Metrics] (ForkJoinPool.commonPool-worker-3) Metrics reporters closed
2025-09-28 17:20:23,322 INFO  [org.apa.kaf.com.uti.AppInfoParser] (ForkJoinPool.commonPool-worker-3) App info kafka.consumer for consumer-Consumer-topic-9e80f237_2971_4754_b15a_728061ca9443-5 unregistered
2025-09-28 17:20:23,322 INFO  [io.api.tes.uti.TestSeparator] (main) io.apicurio.tests.serdes.apicurio.AvroSerdeIT.testRecordIdStrategydFindLatest-FINISHED
2025-09-28 17:20:23,322 INFO  [io.api.tes.uti.TestSeparator] (main) ############################################################################
Test passed: testRecordIdStrategydFindLatest
]]></system-out>
  </testcase>
  <testcase name="testReflectAutoRegister" classname="io.apicurio.tests.serdes.apicurio.AvroSerdeIT" time="3.817">
    <system-out><![CDATA[2025-09-28 17:20:23,324 INFO  [io.api.tes.uti.TestSeparator] (main) ############################################################################
2025-09-28 17:20:23,324 INFO  [io.api.tes.uti.TestSeparator] (main) io.apicurio.tests.serdes.apicurio.AvroSerdeIT.testReflectAutoRegister-STARTED
**** Registry Base URL: http://registry-app-mysql.apps.ci419.apicurio-testing.org:80
2025-09-28 17:20:23,326 INFO  [org.apa.kaf.cli.pro.ProducerConfig] (main) ProducerConfig values: 
	acks = -1
	auto.include.jmx.reporter = true
	batch.size = 16384
	bootstrap.servers = [PLAINTEXT://localhost:32769]
	buffer.memory = 33554432
	client.dns.lookup = use_all_dns_ips
	client.id = Producer-topic-3e3cba3c_ce2f_4888_b75f_f0e4c5061f0a
	compression.gzip.level = -1
	compression.lz4.level = 9
	compression.type = none
	compression.zstd.level = 3
	connections.max.idle.ms = 10000
	delivery.timeout.ms = 120000
	enable.idempotence = true
	enable.metrics.push = true
	interceptor.classes = []
	key.serializer = class org.apache.kafka.common.serialization.StringSerializer
	linger.ms = 0
	max.block.ms = 60000
	max.in.flight.requests.per.connection = 5
	max.request.size = 1048576
	metadata.max.age.ms = 300000
	metadata.max.idle.ms = 300000
	metadata.recovery.strategy = none
	metric.reporters = []
	metrics.num.samples = 2
	metrics.recording.level = INFO
	metrics.sample.window.ms = 30000
	partitioner.adaptive.partitioning.enable = true
	partitioner.availability.timeout.ms = 0
	partitioner.class = null
	partitioner.ignore.keys = false
	receive.buffer.bytes = 32768
	reconnect.backoff.max.ms = 1000
	reconnect.backoff.ms = 50
	request.timeout.ms = 5000
	retries = 2147483647
	retry.backoff.max.ms = 1000
	retry.backoff.ms = 100
	sasl.client.callback.handler.class = null
	sasl.jaas.config = null
	sasl.kerberos.kinit.cmd = /usr/bin/kinit
	sasl.kerberos.min.time.before.relogin = 60000
	sasl.kerberos.service.name = null
	sasl.kerberos.ticket.renew.jitter = 0.05
	sasl.kerberos.ticket.renew.window.factor = 0.8
	sasl.login.callback.handler.class = null
	sasl.login.class = null
	sasl.login.connect.timeout.ms = null
	sasl.login.read.timeout.ms = null
	sasl.login.refresh.buffer.seconds = 300
	sasl.login.refresh.min.period.seconds = 60
	sasl.login.refresh.window.factor = 0.8
	sasl.login.refresh.window.jitter = 0.05
	sasl.login.retry.backoff.max.ms = 10000
	sasl.login.retry.backoff.ms = 100
	sasl.mechanism = GSSAPI
	sasl.oauthbearer.clock.skew.seconds = 30
	sasl.oauthbearer.expected.audience = null
	sasl.oauthbearer.expected.issuer = null
	sasl.oauthbearer.header.urlencode = false
	sasl.oauthbearer.jwks.endpoint.refresh.ms = 3600000
	sasl.oauthbearer.jwks.endpoint.retry.backoff.max.ms = 10000
	sasl.oauthbearer.jwks.endpoint.retry.backoff.ms = 100
	sasl.oauthbearer.jwks.endpoint.url = null
	sasl.oauthbearer.scope.claim.name = scope
	sasl.oauthbearer.sub.claim.name = sub
	sasl.oauthbearer.token.endpoint.url = null
	security.protocol = PLAINTEXT
	security.providers = null
	send.buffer.bytes = 131072
	socket.connection.setup.timeout.max.ms = 30000
	socket.connection.setup.timeout.ms = 10000
	ssl.cipher.suites = null
	ssl.enabled.protocols = [TLSv1.2, TLSv1.3]
	ssl.endpoint.identification.algorithm = https
	ssl.engine.factory.class = null
	ssl.key.password = null
	ssl.keymanager.algorithm = SunX509
	ssl.keystore.certificate.chain = null
	ssl.keystore.key = null
	ssl.keystore.location = null
	ssl.keystore.password = null
	ssl.keystore.type = JKS
	ssl.protocol = TLSv1.3
	ssl.provider = null
	ssl.secure.random.implementation = null
	ssl.trustmanager.algorithm = PKIX
	ssl.truststore.certificates = null
	ssl.truststore.location = null
	ssl.truststore.password = null
	ssl.truststore.type = JKS
	transaction.timeout.ms = 60000
	transactional.id = null
	value.serializer = class io.apicurio.registry.serde.avro.AvroKafkaSerializer

2025-09-28 17:20:23,327 INFO  [org.apa.kaf.com.tel.int.KafkaMetricsCollector] (main) initializing Kafka metrics collector
2025-09-28 17:20:23,335 INFO  [org.apa.kaf.cli.pro.KafkaProducer] (main) [Producer clientId=Producer-topic-3e3cba3c_ce2f_4888_b75f_f0e4c5061f0a] Instantiated an idempotent producer.
2025-09-28 17:20:23,337 INFO  [org.apa.kaf.cli.pro.ProducerConfig] (main) These configurations '[apicurio.registry.url, apicurio.registry.auto-register, apicurio.registry.artifact-resolver-strategy, apicurio.registry.avro-datum-provider]' were supplied but are not used yet.
2025-09-28 17:20:23,337 INFO  [org.apa.kaf.com.uti.AppInfoParser] (main) Kafka version: 3.9.1
2025-09-28 17:20:23,337 INFO  [org.apa.kaf.com.uti.AppInfoParser] (main) Kafka commitId: f745dfdcee2b9851
2025-09-28 17:20:23,337 INFO  [org.apa.kaf.com.uti.AppInfoParser] (main) Kafka startTimeMs: 1759080023337
2025-09-28 17:20:23,337 INFO  [io.api.tes.ser.api.SimpleSerdesTesterBuilder$SimpleSerdesTester] (main) Using producer configuration: {apicurio.registry.url=http://registry-app-mysql.apps.ci419.apicurio-testing.org:80/apis/registry/v3, apicurio.registry.auto-register=true, apicurio.registry.artifact-resolver-strategy=io.apicurio.registry.serde.strategy.TopicIdStrategy, value.serializer=io.apicurio.registry.serde.avro.AvroKafkaSerializer, request.timeout.ms=5000, acks=all, bootstrap.servers=PLAINTEXT://localhost:32769, connections.max.idle.ms=10000, key.serializer=org.apache.kafka.common.serialization.StringSerializer, apicurio.registry.avro-datum-provider=io.apicurio.registry.serde.avro.ReflectAvroDatumProvider, client.id=Producer-topic-3e3cba3c_ce2f_4888_b75f_f0e4c5061f0a}
2025-09-28 17:20:23,337 INFO  [io.api.tes.ser.api.SimpleSerdesTesterBuilder$SimpleSerdesTester] (main) Using consumer configuration: {apicurio.registry.avro-datum-provider=io.apicurio.registry.serde.avro.ReflectAvroDatumProvider}
2025-09-28 17:20:23,338 INFO  [io.api.tes.ser.api.KafkaSerdesTester] (ForkJoinPool.commonPool-worker-3) Sending message io.apicurio.tests.common.serdes.TestObject@3dbd29cb to topic topic-3e3cba3c_ce2f_4888_b75f_f0e4c5061f0a
2025-09-28 17:20:23,341 WARN  [org.apa.kaf.cli.NetworkClient] (kafka-producer-network-thread | Producer-topic-3e3cba3c_ce2f_4888_b75f_f0e4c5061f0a) [Producer clientId=Producer-topic-3e3cba3c_ce2f_4888_b75f_f0e4c5061f0a] The metadata response from the cluster reported a recoverable issue with correlation id 1 : {topic-3e3cba3c_ce2f_4888_b75f_f0e4c5061f0a=UNKNOWN_TOPIC_OR_PARTITION}
2025-09-28 17:20:23,341 INFO  [org.apa.kaf.cli.Metadata] (kafka-producer-network-thread | Producer-topic-3e3cba3c_ce2f_4888_b75f_f0e4c5061f0a) [Producer clientId=Producer-topic-3e3cba3c_ce2f_4888_b75f_f0e4c5061f0a] Cluster ID: 3eubY_ZwQSCXVgI5PuowEg
2025-09-28 17:20:23,341 INFO  [org.apa.kaf.cli.pro.int.TransactionManager] (kafka-producer-network-thread | Producer-topic-3e3cba3c_ce2f_4888_b75f_f0e4c5061f0a) [Producer clientId=Producer-topic-3e3cba3c_ce2f_4888_b75f_f0e4c5061f0a] ProducerId set to 6 with epoch 0
2025-09-28 17:20:23,511 INFO  [io.api.tes.ser.api.KafkaSerdesTester] (ForkJoinPool.commonPool-worker-3) Sending message io.apicurio.tests.common.serdes.TestObject@3dbd29cb to topic topic-3e3cba3c_ce2f_4888_b75f_f0e4c5061f0a
2025-09-28 17:20:23,513 INFO  [io.api.tes.ser.api.KafkaSerdesTester] (ForkJoinPool.commonPool-worker-3) Sending message io.apicurio.tests.common.serdes.TestObject@3dbd29cb to topic topic-3e3cba3c_ce2f_4888_b75f_f0e4c5061f0a
2025-09-28 17:20:23,515 INFO  [io.api.tes.ser.api.KafkaSerdesTester] (ForkJoinPool.commonPool-worker-3) Sending message io.apicurio.tests.common.serdes.TestObject@3dbd29cb to topic topic-3e3cba3c_ce2f_4888_b75f_f0e4c5061f0a
2025-09-28 17:20:23,516 INFO  [io.api.tes.ser.api.KafkaSerdesTester] (ForkJoinPool.commonPool-worker-3) Sending message io.apicurio.tests.common.serdes.TestObject@3dbd29cb to topic topic-3e3cba3c_ce2f_4888_b75f_f0e4c5061f0a
2025-09-28 17:20:23,518 INFO  [io.api.tes.ser.api.KafkaSerdesTester] (ForkJoinPool.commonPool-worker-3) Sending message io.apicurio.tests.common.serdes.TestObject@3dbd29cb to topic topic-3e3cba3c_ce2f_4888_b75f_f0e4c5061f0a
2025-09-28 17:20:23,519 INFO  [io.api.tes.ser.api.KafkaSerdesTester] (ForkJoinPool.commonPool-worker-3) Sending message io.apicurio.tests.common.serdes.TestObject@3dbd29cb to topic topic-3e3cba3c_ce2f_4888_b75f_f0e4c5061f0a
2025-09-28 17:20:23,521 INFO  [io.api.tes.ser.api.KafkaSerdesTester] (ForkJoinPool.commonPool-worker-3) Sending message io.apicurio.tests.common.serdes.TestObject@3dbd29cb to topic topic-3e3cba3c_ce2f_4888_b75f_f0e4c5061f0a
2025-09-28 17:20:23,522 INFO  [io.api.tes.ser.api.KafkaSerdesTester] (ForkJoinPool.commonPool-worker-3) Sending message io.apicurio.tests.common.serdes.TestObject@3dbd29cb to topic topic-3e3cba3c_ce2f_4888_b75f_f0e4c5061f0a
2025-09-28 17:20:23,524 INFO  [io.api.tes.ser.api.KafkaSerdesTester] (ForkJoinPool.commonPool-worker-3) Sending message io.apicurio.tests.common.serdes.TestObject@3dbd29cb to topic topic-3e3cba3c_ce2f_4888_b75f_f0e4c5061f0a
2025-09-28 17:20:23,526 INFO  [io.api.tes.ser.api.KafkaSerdesTester] (ForkJoinPool.commonPool-worker-3) Produced 10 messages
2025-09-28 17:20:23,526 INFO  [org.apa.kaf.cli.pro.KafkaProducer] (ForkJoinPool.commonPool-worker-3) [Producer clientId=Producer-topic-3e3cba3c_ce2f_4888_b75f_f0e4c5061f0a] Closing the Kafka producer with timeoutMillis = 9223372036854775807 ms.
2025-09-28 17:20:23,528 INFO  [org.apa.kaf.com.met.Metrics] (ForkJoinPool.commonPool-worker-3) Metrics scheduler closed
2025-09-28 17:20:23,528 INFO  [org.apa.kaf.com.met.Metrics] (ForkJoinPool.commonPool-worker-3) Closing reporter org.apache.kafka.common.metrics.JmxReporter
2025-09-28 17:20:23,528 INFO  [org.apa.kaf.com.met.Metrics] (ForkJoinPool.commonPool-worker-3) Closing reporter org.apache.kafka.common.telemetry.internals.ClientTelemetryReporter
2025-09-28 17:20:23,528 INFO  [org.apa.kaf.com.met.Metrics] (ForkJoinPool.commonPool-worker-3) Metrics reporters closed
2025-09-28 17:20:23,528 INFO  [org.apa.kaf.com.uti.AppInfoParser] (ForkJoinPool.commonPool-worker-3) App info kafka.producer for Producer-topic-3e3cba3c_ce2f_4888_b75f_f0e4c5061f0a unregistered
**** Registry Base URL: http://registry-app-mysql.apps.ci419.apicurio-testing.org:80
2025-09-28 17:20:23,561 INFO  [org.apa.kaf.cli.con.ConsumerConfig] (main) ConsumerConfig values: 
	allow.auto.create.topics = true
	auto.commit.interval.ms = 500
	auto.include.jmx.reporter = true
	auto.offset.reset = earliest
	bootstrap.servers = [PLAINTEXT://localhost:32769]
	check.crcs = true
	client.dns.lookup = use_all_dns_ips
	client.id = consumer-Consumer-topic-3e3cba3c_ce2f_4888_b75f_f0e4c5061f0a-6
	client.rack = 
	connections.max.idle.ms = 10000
	default.api.timeout.ms = 60000
	enable.auto.commit = true
	enable.metrics.push = true
	exclude.internal.topics = true
	fetch.max.bytes = 52428800
	fetch.max.wait.ms = 500
	fetch.min.bytes = 1
	group.id = Consumer-topic-3e3cba3c_ce2f_4888_b75f_f0e4c5061f0a
	group.instance.id = null
	group.protocol = classic
	group.remote.assignor = null
	heartbeat.interval.ms = 3000
	interceptor.classes = []
	internal.leave.group.on.close = true
	internal.throw.on.fetch.stable.offset.unsupported = false
	isolation.level = read_uncommitted
	key.deserializer = class org.apache.kafka.common.serialization.StringDeserializer
	max.partition.fetch.bytes = 1048576
	max.poll.interval.ms = 300000
	max.poll.records = 500
	metadata.max.age.ms = 300000
	metadata.recovery.strategy = none
	metric.reporters = []
	metrics.num.samples = 2
	metrics.recording.level = INFO
	metrics.sample.window.ms = 30000
	partition.assignment.strategy = [class org.apache.kafka.clients.consumer.RangeAssignor, class org.apache.kafka.clients.consumer.CooperativeStickyAssignor]
	receive.buffer.bytes = 65536
	reconnect.backoff.max.ms = 1000
	reconnect.backoff.ms = 50
	request.timeout.ms = 5000
	retry.backoff.max.ms = 1000
	retry.backoff.ms = 100
	sasl.client.callback.handler.class = null
	sasl.jaas.config = null
	sasl.kerberos.kinit.cmd = /usr/bin/kinit
	sasl.kerberos.min.time.before.relogin = 60000
	sasl.kerberos.service.name = null
	sasl.kerberos.ticket.renew.jitter = 0.05
	sasl.kerberos.ticket.renew.window.factor = 0.8
	sasl.login.callback.handler.class = null
	sasl.login.class = null
	sasl.login.connect.timeout.ms = null
	sasl.login.read.timeout.ms = null
	sasl.login.refresh.buffer.seconds = 300
	sasl.login.refresh.min.period.seconds = 60
	sasl.login.refresh.window.factor = 0.8
	sasl.login.refresh.window.jitter = 0.05
	sasl.login.retry.backoff.max.ms = 10000
	sasl.login.retry.backoff.ms = 100
	sasl.mechanism = GSSAPI
	sasl.oauthbearer.clock.skew.seconds = 30
	sasl.oauthbearer.expected.audience = null
	sasl.oauthbearer.expected.issuer = null
	sasl.oauthbearer.header.urlencode = false
	sasl.oauthbearer.jwks.endpoint.refresh.ms = 3600000
	sasl.oauthbearer.jwks.endpoint.retry.backoff.max.ms = 10000
	sasl.oauthbearer.jwks.endpoint.retry.backoff.ms = 100
	sasl.oauthbearer.jwks.endpoint.url = null
	sasl.oauthbearer.scope.claim.name = scope
	sasl.oauthbearer.sub.claim.name = sub
	sasl.oauthbearer.token.endpoint.url = null
	security.protocol = PLAINTEXT
	security.providers = null
	send.buffer.bytes = 131072
	session.timeout.ms = 45000
	socket.connection.setup.timeout.max.ms = 30000
	socket.connection.setup.timeout.ms = 10000
	ssl.cipher.suites = null
	ssl.enabled.protocols = [TLSv1.2, TLSv1.3]
	ssl.endpoint.identification.algorithm = https
	ssl.engine.factory.class = null
	ssl.key.password = null
	ssl.keymanager.algorithm = SunX509
	ssl.keystore.certificate.chain = null
	ssl.keystore.key = null
	ssl.keystore.location = null
	ssl.keystore.password = null
	ssl.keystore.type = JKS
	ssl.protocol = TLSv1.3
	ssl.provider = null
	ssl.secure.random.implementation = null
	ssl.trustmanager.algorithm = PKIX
	ssl.truststore.certificates = null
	ssl.truststore.location = null
	ssl.truststore.password = null
	ssl.truststore.type = JKS
	value.deserializer = class io.apicurio.registry.serde.avro.AvroKafkaDeserializer

2025-09-28 17:20:23,561 INFO  [org.apa.kaf.com.tel.int.KafkaMetricsCollector] (main) initializing Kafka metrics collector
2025-09-28 17:20:23,565 INFO  [org.apa.kaf.cli.con.ConsumerConfig] (main) These configurations '[apicurio.registry.url, apicurio.registry.avro-datum-provider]' were supplied but are not used yet.
2025-09-28 17:20:23,565 INFO  [org.apa.kaf.com.uti.AppInfoParser] (main) Kafka version: 3.9.1
2025-09-28 17:20:23,565 INFO  [org.apa.kaf.com.uti.AppInfoParser] (main) Kafka commitId: f745dfdcee2b9851
2025-09-28 17:20:23,565 INFO  [org.apa.kaf.com.uti.AppInfoParser] (main) Kafka startTimeMs: 1759080023565
2025-09-28 17:20:23,566 INFO  [org.apa.kaf.cli.con.int.ClassicKafkaConsumer] (ForkJoinPool.commonPool-worker-3) [Consumer clientId=consumer-Consumer-topic-3e3cba3c_ce2f_4888_b75f_f0e4c5061f0a-6, groupId=Consumer-topic-3e3cba3c_ce2f_4888_b75f_f0e4c5061f0a] Subscribed to topic(s): topic-3e3cba3c_ce2f_4888_b75f_f0e4c5061f0a
2025-09-28 17:20:23,570 INFO  [org.apa.kaf.cli.Metadata] (ForkJoinPool.commonPool-worker-3) [Consumer clientId=consumer-Consumer-topic-3e3cba3c_ce2f_4888_b75f_f0e4c5061f0a-6, groupId=Consumer-topic-3e3cba3c_ce2f_4888_b75f_f0e4c5061f0a] Cluster ID: 3eubY_ZwQSCXVgI5PuowEg
2025-09-28 17:20:23,571 INFO  [org.apa.kaf.cli.con.int.ConsumerCoordinator] (ForkJoinPool.commonPool-worker-3) [Consumer clientId=consumer-Consumer-topic-3e3cba3c_ce2f_4888_b75f_f0e4c5061f0a-6, groupId=Consumer-topic-3e3cba3c_ce2f_4888_b75f_f0e4c5061f0a] Discovered group coordinator localhost:32769 (id: 2147483647 rack: null)
2025-09-28 17:20:23,573 INFO  [org.apa.kaf.cli.con.int.ConsumerCoordinator] (ForkJoinPool.commonPool-worker-3) [Consumer clientId=consumer-Consumer-topic-3e3cba3c_ce2f_4888_b75f_f0e4c5061f0a-6, groupId=Consumer-topic-3e3cba3c_ce2f_4888_b75f_f0e4c5061f0a] (Re-)joining group
2025-09-28 17:20:23,575 INFO  [org.apa.kaf.cli.con.int.ConsumerCoordinator] (ForkJoinPool.commonPool-worker-3) [Consumer clientId=consumer-Consumer-topic-3e3cba3c_ce2f_4888_b75f_f0e4c5061f0a-6, groupId=Consumer-topic-3e3cba3c_ce2f_4888_b75f_f0e4c5061f0a] Request joining group due to: need to re-join with the given member-id: consumer-Consumer-topic-3e3cba3c_ce2f_4888_b75f_f0e4c5061f0a-6-08035694-5874-4be5-ac33-17549bbb3adf
2025-09-28 17:20:23,575 INFO  [org.apa.kaf.cli.con.int.ConsumerCoordinator] (ForkJoinPool.commonPool-worker-3) [Consumer clientId=consumer-Consumer-topic-3e3cba3c_ce2f_4888_b75f_f0e4c5061f0a-6, groupId=Consumer-topic-3e3cba3c_ce2f_4888_b75f_f0e4c5061f0a] (Re-)joining group
2025-09-28 17:20:24,567 INFO  [io.api.tes.ser.api.KafkaSerdesTester] (ForkJoinPool.commonPool-worker-3) None found
2025-09-28 17:20:25,567 INFO  [io.api.tes.ser.api.KafkaSerdesTester] (ForkJoinPool.commonPool-worker-3) None found
2025-09-28 17:20:26,568 INFO  [io.api.tes.ser.api.KafkaSerdesTester] (ForkJoinPool.commonPool-worker-3) None found
2025-09-28 17:20:26,577 INFO  [org.apa.kaf.cli.con.int.ConsumerCoordinator] (ForkJoinPool.commonPool-worker-3) [Consumer clientId=consumer-Consumer-topic-3e3cba3c_ce2f_4888_b75f_f0e4c5061f0a-6, groupId=Consumer-topic-3e3cba3c_ce2f_4888_b75f_f0e4c5061f0a] Successfully joined group with generation Generation{generationId=1, memberId='consumer-Consumer-topic-3e3cba3c_ce2f_4888_b75f_f0e4c5061f0a-6-08035694-5874-4be5-ac33-17549bbb3adf', protocol='range'}
2025-09-28 17:20:26,577 INFO  [org.apa.kaf.cli.con.int.ConsumerCoordinator] (ForkJoinPool.commonPool-worker-3) [Consumer clientId=consumer-Consumer-topic-3e3cba3c_ce2f_4888_b75f_f0e4c5061f0a-6, groupId=Consumer-topic-3e3cba3c_ce2f_4888_b75f_f0e4c5061f0a] Finished assignment for group at generation 1: {consumer-Consumer-topic-3e3cba3c_ce2f_4888_b75f_f0e4c5061f0a-6-08035694-5874-4be5-ac33-17549bbb3adf=Assignment(partitions=[topic-3e3cba3c_ce2f_4888_b75f_f0e4c5061f0a-0])}
2025-09-28 17:20:26,584 INFO  [org.apa.kaf.cli.con.int.ConsumerCoordinator] (ForkJoinPool.commonPool-worker-3) [Consumer clientId=consumer-Consumer-topic-3e3cba3c_ce2f_4888_b75f_f0e4c5061f0a-6, groupId=Consumer-topic-3e3cba3c_ce2f_4888_b75f_f0e4c5061f0a] Successfully synced group in generation Generation{generationId=1, memberId='consumer-Consumer-topic-3e3cba3c_ce2f_4888_b75f_f0e4c5061f0a-6-08035694-5874-4be5-ac33-17549bbb3adf', protocol='range'}
2025-09-28 17:20:26,584 INFO  [org.apa.kaf.cli.con.int.ConsumerCoordinator] (ForkJoinPool.commonPool-worker-3) [Consumer clientId=consumer-Consumer-topic-3e3cba3c_ce2f_4888_b75f_f0e4c5061f0a-6, groupId=Consumer-topic-3e3cba3c_ce2f_4888_b75f_f0e4c5061f0a] Notifying assignor about the new Assignment(partitions=[topic-3e3cba3c_ce2f_4888_b75f_f0e4c5061f0a-0])
2025-09-28 17:20:26,584 INFO  [org.apa.kaf.cli.con.int.ConsumerRebalanceListenerInvoker] (ForkJoinPool.commonPool-worker-3) [Consumer clientId=consumer-Consumer-topic-3e3cba3c_ce2f_4888_b75f_f0e4c5061f0a-6, groupId=Consumer-topic-3e3cba3c_ce2f_4888_b75f_f0e4c5061f0a] Adding newly assigned partitions: topic-3e3cba3c_ce2f_4888_b75f_f0e4c5061f0a-0
2025-09-28 17:20:26,585 INFO  [org.apa.kaf.cli.con.int.ConsumerCoordinator] (ForkJoinPool.commonPool-worker-3) [Consumer clientId=consumer-Consumer-topic-3e3cba3c_ce2f_4888_b75f_f0e4c5061f0a-6, groupId=Consumer-topic-3e3cba3c_ce2f_4888_b75f_f0e4c5061f0a] Found no committed offset for partition topic-3e3cba3c_ce2f_4888_b75f_f0e4c5061f0a-0
2025-09-28 17:20:26,588 INFO  [org.apa.kaf.cli.con.int.SubscriptionState] (ForkJoinPool.commonPool-worker-3) [Consumer clientId=consumer-Consumer-topic-3e3cba3c_ce2f_4888_b75f_f0e4c5061f0a-6, groupId=Consumer-topic-3e3cba3c_ce2f_4888_b75f_f0e4c5061f0a] Resetting offset for partition topic-3e3cba3c_ce2f_4888_b75f_f0e4c5061f0a-0 to position FetchPosition{offset=0, offsetEpoch=Optional.empty, currentLeader=LeaderAndEpoch{leader=Optional[localhost:32769 (id: 0 rack: null)], epoch=0}}.
2025-09-28 17:20:26,635 INFO  [io.api.tes.ser.api.KafkaSerdesTester] (ForkJoinPool.commonPool-worker-3) topic-3e3cba3c_ce2f_4888_b75f_f0e4c5061f0a 0 0 io.apicurio.tests.common.serdes.TestObject@3dbd29cb
2025-09-28 17:20:26,635 INFO  [io.api.tes.ser.api.KafkaSerdesTester] (ForkJoinPool.commonPool-worker-3) topic-3e3cba3c_ce2f_4888_b75f_f0e4c5061f0a 0 1 io.apicurio.tests.common.serdes.TestObject@3dbd29cb
2025-09-28 17:20:26,635 INFO  [io.api.tes.ser.api.KafkaSerdesTester] (ForkJoinPool.commonPool-worker-3) topic-3e3cba3c_ce2f_4888_b75f_f0e4c5061f0a 0 2 io.apicurio.tests.common.serdes.TestObject@3dbd29cb
2025-09-28 17:20:26,635 INFO  [io.api.tes.ser.api.KafkaSerdesTester] (ForkJoinPool.commonPool-worker-3) topic-3e3cba3c_ce2f_4888_b75f_f0e4c5061f0a 0 3 io.apicurio.tests.common.serdes.TestObject@3dbd29cb
2025-09-28 17:20:26,635 INFO  [io.api.tes.ser.api.KafkaSerdesTester] (ForkJoinPool.commonPool-worker-3) topic-3e3cba3c_ce2f_4888_b75f_f0e4c5061f0a 0 4 io.apicurio.tests.common.serdes.TestObject@3dbd29cb
2025-09-28 17:20:26,635 INFO  [io.api.tes.ser.api.KafkaSerdesTester] (ForkJoinPool.commonPool-worker-3) topic-3e3cba3c_ce2f_4888_b75f_f0e4c5061f0a 0 5 io.apicurio.tests.common.serdes.TestObject@3dbd29cb
2025-09-28 17:20:26,635 INFO  [io.api.tes.ser.api.KafkaSerdesTester] (ForkJoinPool.commonPool-worker-3) topic-3e3cba3c_ce2f_4888_b75f_f0e4c5061f0a 0 6 io.apicurio.tests.common.serdes.TestObject@3dbd29cb
2025-09-28 17:20:26,635 INFO  [io.api.tes.ser.api.KafkaSerdesTester] (ForkJoinPool.commonPool-worker-3) topic-3e3cba3c_ce2f_4888_b75f_f0e4c5061f0a 0 7 io.apicurio.tests.common.serdes.TestObject@3dbd29cb
2025-09-28 17:20:26,635 INFO  [io.api.tes.ser.api.KafkaSerdesTester] (ForkJoinPool.commonPool-worker-3) topic-3e3cba3c_ce2f_4888_b75f_f0e4c5061f0a 0 8 io.apicurio.tests.common.serdes.TestObject@3dbd29cb
2025-09-28 17:20:26,635 INFO  [io.api.tes.ser.api.KafkaSerdesTester] (ForkJoinPool.commonPool-worker-3) topic-3e3cba3c_ce2f_4888_b75f_f0e4c5061f0a 0 9 io.apicurio.tests.common.serdes.TestObject@3dbd29cb
2025-09-28 17:20:26,635 INFO  [io.api.tes.ser.api.KafkaSerdesTester] (ForkJoinPool.commonPool-worker-3) Consumed 10 messages
2025-09-28 17:20:26,642 INFO  [org.apa.kaf.cli.con.int.ConsumerRebalanceListenerInvoker] (ForkJoinPool.commonPool-worker-3) [Consumer clientId=consumer-Consumer-topic-3e3cba3c_ce2f_4888_b75f_f0e4c5061f0a-6, groupId=Consumer-topic-3e3cba3c_ce2f_4888_b75f_f0e4c5061f0a] Revoke previously assigned partitions topic-3e3cba3c_ce2f_4888_b75f_f0e4c5061f0a-0
2025-09-28 17:20:26,643 INFO  [org.apa.kaf.cli.con.int.ConsumerCoordinator] (ForkJoinPool.commonPool-worker-3) [Consumer clientId=consumer-Consumer-topic-3e3cba3c_ce2f_4888_b75f_f0e4c5061f0a-6, groupId=Consumer-topic-3e3cba3c_ce2f_4888_b75f_f0e4c5061f0a] Member consumer-Consumer-topic-3e3cba3c_ce2f_4888_b75f_f0e4c5061f0a-6-08035694-5874-4be5-ac33-17549bbb3adf sending LeaveGroup request to coordinator localhost:32769 (id: 2147483647 rack: null) due to the consumer is being closed
2025-09-28 17:20:26,643 INFO  [org.apa.kaf.cli.con.int.ConsumerCoordinator] (ForkJoinPool.commonPool-worker-3) [Consumer clientId=consumer-Consumer-topic-3e3cba3c_ce2f_4888_b75f_f0e4c5061f0a-6, groupId=Consumer-topic-3e3cba3c_ce2f_4888_b75f_f0e4c5061f0a] Resetting generation and member id due to: consumer pro-actively leaving the group
2025-09-28 17:20:26,643 INFO  [org.apa.kaf.cli.con.int.ConsumerCoordinator] (ForkJoinPool.commonPool-worker-3) [Consumer clientId=consumer-Consumer-topic-3e3cba3c_ce2f_4888_b75f_f0e4c5061f0a-6, groupId=Consumer-topic-3e3cba3c_ce2f_4888_b75f_f0e4c5061f0a] Request joining group due to: consumer pro-actively leaving the group
2025-09-28 17:20:27,137 INFO  [org.apa.kaf.com.met.Metrics] (ForkJoinPool.commonPool-worker-3) Metrics scheduler closed
2025-09-28 17:20:27,137 INFO  [org.apa.kaf.com.met.Metrics] (ForkJoinPool.commonPool-worker-3) Closing reporter org.apache.kafka.common.metrics.JmxReporter
2025-09-28 17:20:27,137 INFO  [org.apa.kaf.com.met.Metrics] (ForkJoinPool.commonPool-worker-3) Closing reporter org.apache.kafka.common.telemetry.internals.ClientTelemetryReporter
2025-09-28 17:20:27,137 INFO  [org.apa.kaf.com.met.Metrics] (ForkJoinPool.commonPool-worker-3) Metrics reporters closed
2025-09-28 17:20:27,139 INFO  [org.apa.kaf.com.uti.AppInfoParser] (ForkJoinPool.commonPool-worker-3) App info kafka.consumer for consumer-Consumer-topic-3e3cba3c_ce2f_4888_b75f_f0e4c5061f0a-6 unregistered
2025-09-28 17:20:27,140 INFO  [io.api.tes.uti.TestSeparator] (main) io.apicurio.tests.serdes.apicurio.AvroSerdeIT.testReflectAutoRegister-FINISHED
2025-09-28 17:20:27,140 INFO  [io.api.tes.uti.TestSeparator] (main) ############################################################################
Test passed: testReflectAutoRegister
]]></system-out>
  </testcase>
  <testcase name="testArtifactNotFound" classname="io.apicurio.tests.serdes.apicurio.AvroSerdeIT" time="0.217">
    <system-out><![CDATA[2025-09-28 17:20:27,141 INFO  [io.api.tes.uti.TestSeparator] (main) ############################################################################
2025-09-28 17:20:27,141 INFO  [io.api.tes.uti.TestSeparator] (main) io.apicurio.tests.serdes.apicurio.AvroSerdeIT.testArtifactNotFound-STARTED
**** Registry Base URL: http://registry-app-mysql.apps.ci419.apicurio-testing.org:80
2025-09-28 17:20:27,143 INFO  [org.apa.kaf.cli.pro.ProducerConfig] (main) ProducerConfig values: 
	acks = -1
	auto.include.jmx.reporter = true
	batch.size = 16384
	bootstrap.servers = [PLAINTEXT://localhost:32769]
	buffer.memory = 33554432
	client.dns.lookup = use_all_dns_ips
	client.id = Producer-sfe6ab73ax29acx463dxb13fx4536e5a8f4d3
	compression.gzip.level = -1
	compression.lz4.level = 9
	compression.type = none
	compression.zstd.level = 3
	connections.max.idle.ms = 10000
	delivery.timeout.ms = 120000
	enable.idempotence = true
	enable.metrics.push = true
	interceptor.classes = []
	key.serializer = class org.apache.kafka.common.serialization.StringSerializer
	linger.ms = 0
	max.block.ms = 60000
	max.in.flight.requests.per.connection = 5
	max.request.size = 1048576
	metadata.max.age.ms = 300000
	metadata.max.idle.ms = 300000
	metadata.recovery.strategy = none
	metric.reporters = []
	metrics.num.samples = 2
	metrics.recording.level = INFO
	metrics.sample.window.ms = 30000
	partitioner.adaptive.partitioning.enable = true
	partitioner.availability.timeout.ms = 0
	partitioner.class = null
	partitioner.ignore.keys = false
	receive.buffer.bytes = 32768
	reconnect.backoff.max.ms = 1000
	reconnect.backoff.ms = 50
	request.timeout.ms = 5000
	retries = 2147483647
	retry.backoff.max.ms = 1000
	retry.backoff.ms = 100
	sasl.client.callback.handler.class = null
	sasl.jaas.config = null
	sasl.kerberos.kinit.cmd = /usr/bin/kinit
	sasl.kerberos.min.time.before.relogin = 60000
	sasl.kerberos.service.name = null
	sasl.kerberos.ticket.renew.jitter = 0.05
	sasl.kerberos.ticket.renew.window.factor = 0.8
	sasl.login.callback.handler.class = null
	sasl.login.class = null
	sasl.login.connect.timeout.ms = null
	sasl.login.read.timeout.ms = null
	sasl.login.refresh.buffer.seconds = 300
	sasl.login.refresh.min.period.seconds = 60
	sasl.login.refresh.window.factor = 0.8
	sasl.login.refresh.window.jitter = 0.05
	sasl.login.retry.backoff.max.ms = 10000
	sasl.login.retry.backoff.ms = 100
	sasl.mechanism = GSSAPI
	sasl.oauthbearer.clock.skew.seconds = 30
	sasl.oauthbearer.expected.audience = null
	sasl.oauthbearer.expected.issuer = null
	sasl.oauthbearer.header.urlencode = false
	sasl.oauthbearer.jwks.endpoint.refresh.ms = 3600000
	sasl.oauthbearer.jwks.endpoint.retry.backoff.max.ms = 10000
	sasl.oauthbearer.jwks.endpoint.retry.backoff.ms = 100
	sasl.oauthbearer.jwks.endpoint.url = null
	sasl.oauthbearer.scope.claim.name = scope
	sasl.oauthbearer.sub.claim.name = sub
	sasl.oauthbearer.token.endpoint.url = null
	security.protocol = PLAINTEXT
	security.providers = null
	send.buffer.bytes = 131072
	socket.connection.setup.timeout.max.ms = 30000
	socket.connection.setup.timeout.ms = 10000
	ssl.cipher.suites = null
	ssl.enabled.protocols = [TLSv1.2, TLSv1.3]
	ssl.endpoint.identification.algorithm = https
	ssl.engine.factory.class = null
	ssl.key.password = null
	ssl.keymanager.algorithm = SunX509
	ssl.keystore.certificate.chain = null
	ssl.keystore.key = null
	ssl.keystore.location = null
	ssl.keystore.password = null
	ssl.keystore.type = JKS
	ssl.protocol = TLSv1.3
	ssl.provider = null
	ssl.secure.random.implementation = null
	ssl.trustmanager.algorithm = PKIX
	ssl.truststore.certificates = null
	ssl.truststore.location = null
	ssl.truststore.password = null
	ssl.truststore.type = JKS
	transaction.timeout.ms = 60000
	transactional.id = null
	value.serializer = class io.apicurio.registry.serde.avro.AvroKafkaSerializer

2025-09-28 17:20:27,143 INFO  [org.apa.kaf.com.tel.int.KafkaMetricsCollector] (main) initializing Kafka metrics collector
2025-09-28 17:20:27,146 INFO  [org.apa.kaf.cli.pro.KafkaProducer] (main) [Producer clientId=Producer-sfe6ab73ax29acx463dxb13fx4536e5a8f4d3] Instantiated an idempotent producer.
2025-09-28 17:20:27,147 INFO  [org.apa.kaf.cli.pro.ProducerConfig] (main) These configurations '[apicurio.registry.url, apicurio.registry.artifact-resolver-strategy]' were supplied but are not used yet.
2025-09-28 17:20:27,147 INFO  [org.apa.kaf.com.uti.AppInfoParser] (main) Kafka version: 3.9.1
2025-09-28 17:20:27,147 INFO  [org.apa.kaf.com.uti.AppInfoParser] (main) Kafka commitId: f745dfdcee2b9851
2025-09-28 17:20:27,147 INFO  [org.apa.kaf.com.uti.AppInfoParser] (main) Kafka startTimeMs: 1759080027147
2025-09-28 17:20:27,148 INFO  [io.api.tes.ser.api.KafkaSerdesTester] (ForkJoinPool.commonPool-worker-3) Sending message {"keyB": "value-0"} to topic sfe6ab73ax29acx463dxb13fx4536e5a8f4d3
2025-09-28 17:20:27,151 WARN  [org.apa.kaf.cli.NetworkClient] (kafka-producer-network-thread | Producer-sfe6ab73ax29acx463dxb13fx4536e5a8f4d3) [Producer clientId=Producer-sfe6ab73ax29acx463dxb13fx4536e5a8f4d3] The metadata response from the cluster reported a recoverable issue with correlation id 1 : {sfe6ab73ax29acx463dxb13fx4536e5a8f4d3=UNKNOWN_TOPIC_OR_PARTITION}
2025-09-28 17:20:27,151 INFO  [org.apa.kaf.cli.Metadata] (kafka-producer-network-thread | Producer-sfe6ab73ax29acx463dxb13fx4536e5a8f4d3) [Producer clientId=Producer-sfe6ab73ax29acx463dxb13fx4536e5a8f4d3] Cluster ID: 3eubY_ZwQSCXVgI5PuowEg
2025-09-28 17:20:27,151 INFO  [org.apa.kaf.cli.pro.int.TransactionManager] (kafka-producer-network-thread | Producer-sfe6ab73ax29acx463dxb13fx4536e5a8f4d3) [Producer clientId=Producer-sfe6ab73ax29acx463dxb13fx4536e5a8f4d3] ProducerId set to 7 with epoch 0
2025-09-28 17:20:27,270 INFO  [DefaultSchemaResolver] (ForkJoinPool.commonPool-worker-3) Retrieving schema content using string: {"type":"record","name":"myrecord","namespace":"mygroup","fields":[{"name":"keyB","type":"string"}]}
2025-09-28 17:20:27,354 INFO  [org.apa.kaf.cli.pro.KafkaProducer] (ForkJoinPool.commonPool-worker-3) [Producer clientId=Producer-sfe6ab73ax29acx463dxb13fx4536e5a8f4d3] Closing the Kafka producer with timeoutMillis = 9223372036854775807 ms.
2025-09-28 17:20:27,356 INFO  [org.apa.kaf.com.met.Metrics] (ForkJoinPool.commonPool-worker-3) Metrics scheduler closed
2025-09-28 17:20:27,356 INFO  [org.apa.kaf.com.met.Metrics] (ForkJoinPool.commonPool-worker-3) Closing reporter org.apache.kafka.common.metrics.JmxReporter
2025-09-28 17:20:27,356 INFO  [org.apa.kaf.com.met.Metrics] (ForkJoinPool.commonPool-worker-3) Closing reporter org.apache.kafka.common.telemetry.internals.ClientTelemetryReporter
2025-09-28 17:20:27,356 INFO  [org.apa.kaf.com.met.Metrics] (ForkJoinPool.commonPool-worker-3) Metrics reporters closed
2025-09-28 17:20:27,356 INFO  [org.apa.kaf.com.uti.AppInfoParser] (ForkJoinPool.commonPool-worker-3) App info kafka.producer for Producer-sfe6ab73ax29acx463dxb13fx4536e5a8f4d3 unregistered
2025-09-28 17:20:27,357 INFO  [io.api.tes.uti.TestSeparator] (main) io.apicurio.tests.serdes.apicurio.AvroSerdeIT.testArtifactNotFound-FINISHED
2025-09-28 17:20:27,357 INFO  [io.api.tes.uti.TestSeparator] (main) ############################################################################
Test passed: testArtifactNotFound
]]></system-out>
    <system-err><![CDATA[java.lang.RuntimeException: Could not resolve artifact reference by content: {"type":"record","name":"myrecord","namespace":"mygroup","fields":[{"name":"keyB","type":"string"}]}&ArtifactReference [groupId=default, artifactId=sfe6ab73ax29acx463dxb13fx4536e5a8f4d3-value, version=null, globalId=null, contentId=null, contentHash=null]
	at io.apicurio.registry.resolver.DefaultSchemaResolver.lambda$handleResolveSchemaByContent$3(DefaultSchemaResolver.java:265)
	at io.apicurio.registry.resolver.cache.ERCache.lambda$getValue$0(ERCache.java:174)
	at io.apicurio.registry.resolver.cache.ERCache.retry(ERCache.java:227)
	at io.apicurio.registry.resolver.cache.ERCache.getValue(ERCache.java:173)
	at io.apicurio.registry.resolver.cache.ERCache.getByContent(ERCache.java:147)
	at io.apicurio.registry.resolver.DefaultSchemaResolver.handleResolveSchemaByContent(DefaultSchemaResolver.java:253)
	at io.apicurio.registry.resolver.DefaultSchemaResolver.getSchemaFromRegistry(DefaultSchemaResolver.java:138)
	at io.apicurio.registry.resolver.DefaultSchemaResolver.lambda$resolveSchema$0(DefaultSchemaResolver.java:84)
	at java.base/java.util.Optional.orElseGet(Optional.java:364)
	at io.apicurio.registry.resolver.DefaultSchemaResolver.resolveSchema(DefaultSchemaResolver.java:84)
	at io.apicurio.registry.serde.AbstractSerializer.serializeData(AbstractSerializer.java:62)
	at io.apicurio.registry.serde.KafkaSerializer.serialize(KafkaSerializer.java:77)
	at org.apache.kafka.clients.producer.KafkaProducer.doSend(KafkaProducer.java:1046)
	at org.apache.kafka.clients.producer.KafkaProducer.send(KafkaProducer.java:993)
	at org.apache.kafka.clients.producer.KafkaProducer.send(KafkaProducer.java:875)
	at io.apicurio.tests.serdes.apicurio.KafkaSerdesTester.lambda$produceMessages$3(KafkaSerdesTester.java:138)
	at java.base/java.util.concurrent.CompletableFuture$AsyncSupply.run(CompletableFuture.java:1768)
	at java.base/java.util.concurrent.CompletableFuture$AsyncSupply.exec(CompletableFuture.java:1760)
	at java.base/java.util.concurrent.ForkJoinTask.doExec(ForkJoinTask.java:373)
	at java.base/java.util.concurrent.ForkJoinPool$WorkQueue.topLevelExec(ForkJoinPool.java:1182)
	at java.base/java.util.concurrent.ForkJoinPool.scan(ForkJoinPool.java:1655)
	at java.base/java.util.concurrent.ForkJoinPool.runWorker(ForkJoinPool.java:1622)
	at java.base/java.util.concurrent.ForkJoinWorkerThread.run(ForkJoinWorkerThread.java:165)
]]></system-err>
  </testcase>
  <testcase name="testAvroSerDesFailDifferentSchemaByRecordName" classname="io.apicurio.tests.serdes.apicurio.AvroSerdeIT" time="1.094">
    <system-out><![CDATA[2025-09-28 17:20:27,358 INFO  [io.api.tes.uti.TestSeparator] (main) ############################################################################
2025-09-28 17:20:27,358 INFO  [io.api.tes.uti.TestSeparator] (main) io.apicurio.tests.serdes.apicurio.AvroSerdeIT.testAvroSerDesFailDifferentSchemaByRecordName-STARTED
**** Registry Base URL: http://registry-app-mysql.apps.ci419.apicurio-testing.org:80
2025-09-28 17:20:28,416 INFO  [org.apa.kaf.cli.pro.ProducerConfig] (main) ProducerConfig values: 
	acks = -1
	auto.include.jmx.reporter = true
	batch.size = 16384
	bootstrap.servers = [PLAINTEXT://localhost:32769]
	buffer.memory = 33554432
	client.dns.lookup = use_all_dns_ips
	client.id = Producer-topic-fdcb159e_7e8f_4330_afa4_04a09cb0b3f3
	compression.gzip.level = -1
	compression.lz4.level = 9
	compression.type = none
	compression.zstd.level = 3
	connections.max.idle.ms = 10000
	delivery.timeout.ms = 120000
	enable.idempotence = true
	enable.metrics.push = true
	interceptor.classes = []
	key.serializer = class org.apache.kafka.common.serialization.StringSerializer
	linger.ms = 0
	max.block.ms = 60000
	max.in.flight.requests.per.connection = 5
	max.request.size = 1048576
	metadata.max.age.ms = 300000
	metadata.max.idle.ms = 300000
	metadata.recovery.strategy = none
	metric.reporters = []
	metrics.num.samples = 2
	metrics.recording.level = INFO
	metrics.sample.window.ms = 30000
	partitioner.adaptive.partitioning.enable = true
	partitioner.availability.timeout.ms = 0
	partitioner.class = null
	partitioner.ignore.keys = false
	receive.buffer.bytes = 32768
	reconnect.backoff.max.ms = 1000
	reconnect.backoff.ms = 50
	request.timeout.ms = 5000
	retries = 2147483647
	retry.backoff.max.ms = 1000
	retry.backoff.ms = 100
	sasl.client.callback.handler.class = null
	sasl.jaas.config = null
	sasl.kerberos.kinit.cmd = /usr/bin/kinit
	sasl.kerberos.min.time.before.relogin = 60000
	sasl.kerberos.service.name = null
	sasl.kerberos.ticket.renew.jitter = 0.05
	sasl.kerberos.ticket.renew.window.factor = 0.8
	sasl.login.callback.handler.class = null
	sasl.login.class = null
	sasl.login.connect.timeout.ms = null
	sasl.login.read.timeout.ms = null
	sasl.login.refresh.buffer.seconds = 300
	sasl.login.refresh.min.period.seconds = 60
	sasl.login.refresh.window.factor = 0.8
	sasl.login.refresh.window.jitter = 0.05
	sasl.login.retry.backoff.max.ms = 10000
	sasl.login.retry.backoff.ms = 100
	sasl.mechanism = GSSAPI
	sasl.oauthbearer.clock.skew.seconds = 30
	sasl.oauthbearer.expected.audience = null
	sasl.oauthbearer.expected.issuer = null
	sasl.oauthbearer.header.urlencode = false
	sasl.oauthbearer.jwks.endpoint.refresh.ms = 3600000
	sasl.oauthbearer.jwks.endpoint.retry.backoff.max.ms = 10000
	sasl.oauthbearer.jwks.endpoint.retry.backoff.ms = 100
	sasl.oauthbearer.jwks.endpoint.url = null
	sasl.oauthbearer.scope.claim.name = scope
	sasl.oauthbearer.sub.claim.name = sub
	sasl.oauthbearer.token.endpoint.url = null
	security.protocol = PLAINTEXT
	security.providers = null
	send.buffer.bytes = 131072
	socket.connection.setup.timeout.max.ms = 30000
	socket.connection.setup.timeout.ms = 10000
	ssl.cipher.suites = null
	ssl.enabled.protocols = [TLSv1.2, TLSv1.3]
	ssl.endpoint.identification.algorithm = https
	ssl.engine.factory.class = null
	ssl.key.password = null
	ssl.keymanager.algorithm = SunX509
	ssl.keystore.certificate.chain = null
	ssl.keystore.key = null
	ssl.keystore.location = null
	ssl.keystore.password = null
	ssl.keystore.type = JKS
	ssl.protocol = TLSv1.3
	ssl.provider = null
	ssl.secure.random.implementation = null
	ssl.trustmanager.algorithm = PKIX
	ssl.truststore.certificates = null
	ssl.truststore.location = null
	ssl.truststore.password = null
	ssl.truststore.type = JKS
	transaction.timeout.ms = 60000
	transactional.id = null
	value.serializer = class io.apicurio.registry.serde.avro.AvroKafkaSerializer

2025-09-28 17:20:28,416 INFO  [org.apa.kaf.com.tel.int.KafkaMetricsCollector] (main) initializing Kafka metrics collector
2025-09-28 17:20:28,419 INFO  [org.apa.kaf.cli.pro.KafkaProducer] (main) [Producer clientId=Producer-topic-fdcb159e_7e8f_4330_afa4_04a09cb0b3f3] Instantiated an idempotent producer.
2025-09-28 17:20:28,422 INFO  [org.apa.kaf.cli.pro.ProducerConfig] (main) These configurations '[apicurio.registry.find-latest, apicurio.registry.url, apicurio.registry.artifact-resolver-strategy]' were supplied but are not used yet.
2025-09-28 17:20:28,422 INFO  [org.apa.kaf.com.uti.AppInfoParser] (main) Kafka version: 3.9.1
2025-09-28 17:20:28,422 INFO  [org.apa.kaf.com.uti.AppInfoParser] (main) Kafka commitId: f745dfdcee2b9851
2025-09-28 17:20:28,422 INFO  [org.apa.kaf.com.uti.AppInfoParser] (main) Kafka startTimeMs: 1759080028422
2025-09-28 17:20:28,422 INFO  [io.api.tes.ser.api.KafkaSerdesTester] (ForkJoinPool.commonPool-worker-3) Sending message {"keyB": "value-0"} to topic topic-fdcb159e_7e8f_4330_afa4_04a09cb0b3f3
2025-09-28 17:20:28,426 INFO  [org.apa.kaf.cli.Metadata] (kafka-producer-network-thread | Producer-topic-fdcb159e_7e8f_4330_afa4_04a09cb0b3f3) [Producer clientId=Producer-topic-fdcb159e_7e8f_4330_afa4_04a09cb0b3f3] Cluster ID: 3eubY_ZwQSCXVgI5PuowEg
2025-09-28 17:20:28,427 INFO  [org.apa.kaf.cli.pro.int.TransactionManager] (kafka-producer-network-thread | Producer-topic-fdcb159e_7e8f_4330_afa4_04a09cb0b3f3) [Producer clientId=Producer-topic-fdcb159e_7e8f_4330_afa4_04a09cb0b3f3] ProducerId set to 8 with epoch 0
2025-09-28 17:20:28,450 INFO  [org.apa.kaf.cli.pro.KafkaProducer] (ForkJoinPool.commonPool-worker-3) [Producer clientId=Producer-topic-fdcb159e_7e8f_4330_afa4_04a09cb0b3f3] Closing the Kafka producer with timeoutMillis = 9223372036854775807 ms.
2025-09-28 17:20:28,451 INFO  [org.apa.kaf.com.met.Metrics] (ForkJoinPool.commonPool-worker-3) Metrics scheduler closed
2025-09-28 17:20:28,451 INFO  [org.apa.kaf.com.met.Metrics] (ForkJoinPool.commonPool-worker-3) Closing reporter org.apache.kafka.common.metrics.JmxReporter
2025-09-28 17:20:28,451 INFO  [org.apa.kaf.com.met.Metrics] (ForkJoinPool.commonPool-worker-3) Closing reporter org.apache.kafka.common.telemetry.internals.ClientTelemetryReporter
2025-09-28 17:20:28,451 INFO  [org.apa.kaf.com.met.Metrics] (ForkJoinPool.commonPool-worker-3) Metrics reporters closed
2025-09-28 17:20:28,452 INFO  [org.apa.kaf.com.uti.AppInfoParser] (ForkJoinPool.commonPool-worker-3) App info kafka.producer for Producer-topic-fdcb159e_7e8f_4330_afa4_04a09cb0b3f3 unregistered
2025-09-28 17:20:28,452 INFO  [io.api.tes.uti.TestSeparator] (main) io.apicurio.tests.serdes.apicurio.AvroSerdeIT.testAvroSerDesFailDifferentSchemaByRecordName-FINISHED
2025-09-28 17:20:28,452 INFO  [io.api.tes.uti.TestSeparator] (main) ############################################################################
Test passed: testAvroSerDesFailDifferentSchemaByRecordName
]]></system-out>
    <system-err><![CDATA[io.apicurio.registry.rest.client.models.ProblemDetails
	at io.apicurio.registry.rest.client.models.ProblemDetails.createFromDiscriminatorValue(ProblemDetails.java:58)
	at io.kiota.serialization.json.JsonParseNode.getObjectValue(JsonParseNode.java:247)
	at io.kiota.http.vertx.VertXRequestAdapter.lambda$throwIfFailedResponse$0(VertXRequestAdapter.java:400)
	at com.microsoft.kiota.ApiExceptionBuilder.<init>(ApiExceptionBuilder.java:26)
	at io.kiota.http.vertx.VertXRequestAdapter.throwIfFailedResponse(VertXRequestAdapter.java:399)
	at io.kiota.http.vertx.VertXRequestAdapter.send(VertXRequestAdapter.java:170)
	at jdk.internal.reflect.GeneratedMethodAccessor33.invoke(Unknown Source)
	at java.base/jdk.internal.reflect.DelegatingMethodAccessorImpl.invoke(DelegatingMethodAccessorImpl.java:43)
	at java.base/java.lang.reflect.Method.invoke(Method.java:569)
	at io.apicurio.registry.client.RegistryClientFactory$RetryInvocationHandler.invoke(RegistryClientFactory.java:146)
	at jdk.proxy2/jdk.proxy2.$Proxy65.send(Unknown Source)
	at io.apicurio.registry.rest.client.groups.item.artifacts.item.versions.item.WithVersionExpressionItemRequestBuilder.get(WithVersionExpressionItemRequestBuilder.java:128)
	at io.apicurio.registry.rest.client.groups.item.artifacts.item.versions.item.WithVersionExpressionItemRequestBuilder.get(WithVersionExpressionItemRequestBuilder.java:111)
	at io.apicurio.registry.resolver.client.RegistryClientFacadeImpl.getVersionCoordinatesByGAV(RegistryClientFacadeImpl.java:159)
	at io.apicurio.registry.resolver.DefaultSchemaResolver.resolveByCoordinates(DefaultSchemaResolver.java:352)
	at io.apicurio.registry.resolver.DefaultSchemaResolver.lambda$resolveSchemaByArtifactReferenceCached$6(DefaultSchemaResolver.java:340)
	at io.apicurio.registry.resolver.cache.ERCache.lambda$getValue$0(ERCache.java:174)
	at io.apicurio.registry.resolver.cache.ERCache.retry(ERCache.java:227)
	at io.apicurio.registry.resolver.cache.ERCache.getValue(ERCache.java:173)
	at io.apicurio.registry.resolver.cache.ERCache.getByArtifactCoordinates(ERCache.java:158)
	at io.apicurio.registry.resolver.DefaultSchemaResolver.resolveSchemaByArtifactReferenceCached(DefaultSchemaResolver.java:338)
	at io.apicurio.registry.resolver.DefaultSchemaResolver.resolveSchemaByCoordinates(DefaultSchemaResolver.java:193)
	at io.apicurio.registry.resolver.DefaultSchemaResolver.getSchemaFromRegistry(DefaultSchemaResolver.java:130)
	at io.apicurio.registry.resolver.DefaultSchemaResolver.lambda$resolveSchema$0(DefaultSchemaResolver.java:84)
	at java.base/java.util.Optional.orElseGet(Optional.java:364)
	at io.apicurio.registry.resolver.DefaultSchemaResolver.resolveSchema(DefaultSchemaResolver.java:84)
	at io.apicurio.registry.serde.AbstractSerializer.serializeData(AbstractSerializer.java:62)
	at io.apicurio.registry.serde.KafkaSerializer.serialize(KafkaSerializer.java:77)
	at org.apache.kafka.clients.producer.KafkaProducer.doSend(KafkaProducer.java:1046)
	at org.apache.kafka.clients.producer.KafkaProducer.send(KafkaProducer.java:993)
	at org.apache.kafka.clients.producer.KafkaProducer.send(KafkaProducer.java:875)
	at io.apicurio.tests.serdes.apicurio.KafkaSerdesTester.lambda$produceMessages$3(KafkaSerdesTester.java:138)
	at java.base/java.util.concurrent.CompletableFuture$AsyncSupply.run(CompletableFuture.java:1768)
	at java.base/java.util.concurrent.CompletableFuture$AsyncSupply.exec(CompletableFuture.java:1760)
	at java.base/java.util.concurrent.ForkJoinTask.doExec(ForkJoinTask.java:373)
	at java.base/java.util.concurrent.ForkJoinPool$WorkQueue.topLevelExec(ForkJoinPool.java:1182)
	at java.base/java.util.concurrent.ForkJoinPool.scan(ForkJoinPool.java:1655)
	at java.base/java.util.concurrent.ForkJoinPool.runWorker(ForkJoinPool.java:1622)
	at java.base/java.util.concurrent.ForkJoinWorkerThread.run(ForkJoinWorkerThread.java:165)
]]></system-err>
  </testcase>
  <testcase name="testTopicIdStrategyFindLatest" classname="io.apicurio.tests.serdes.apicurio.AvroSerdeIT" time="4.765">
    <system-out><![CDATA[2025-09-28 17:20:28,453 INFO  [io.api.tes.uti.TestSeparator] (main) ############################################################################
2025-09-28 17:20:28,453 INFO  [io.api.tes.uti.TestSeparator] (main) io.apicurio.tests.serdes.apicurio.AvroSerdeIT.testTopicIdStrategyFindLatest-STARTED
2025-09-28 17:20:28,456 INFO  [io.api.tes.ser.api.AvroSerdeIT] (main) Registering Avro Schema: {"type":"record","name":"myrecordapicurio1","fields":[{"name":"key11759080028454","type":"string"}]}
**** Registry Base URL: http://registry-app-mysql.apps.ci419.apicurio-testing.org:80
2025-09-28 17:20:29,510 INFO  [org.apa.kaf.cli.pro.ProducerConfig] (main) ProducerConfig values: 
	acks = -1
	auto.include.jmx.reporter = true
	batch.size = 16384
	bootstrap.servers = [PLAINTEXT://localhost:32769]
	buffer.memory = 33554432
	client.dns.lookup = use_all_dns_ips
	client.id = Producer-topic-3765985d_cf78_4f68_84b9_fab1cfe91b45
	compression.gzip.level = -1
	compression.lz4.level = 9
	compression.type = none
	compression.zstd.level = 3
	connections.max.idle.ms = 10000
	delivery.timeout.ms = 120000
	enable.idempotence = true
	enable.metrics.push = true
	interceptor.classes = []
	key.serializer = class org.apache.kafka.common.serialization.StringSerializer
	linger.ms = 0
	max.block.ms = 60000
	max.in.flight.requests.per.connection = 5
	max.request.size = 1048576
	metadata.max.age.ms = 300000
	metadata.max.idle.ms = 300000
	metadata.recovery.strategy = none
	metric.reporters = []
	metrics.num.samples = 2
	metrics.recording.level = INFO
	metrics.sample.window.ms = 30000
	partitioner.adaptive.partitioning.enable = true
	partitioner.availability.timeout.ms = 0
	partitioner.class = null
	partitioner.ignore.keys = false
	receive.buffer.bytes = 32768
	reconnect.backoff.max.ms = 1000
	reconnect.backoff.ms = 50
	request.timeout.ms = 5000
	retries = 2147483647
	retry.backoff.max.ms = 1000
	retry.backoff.ms = 100
	sasl.client.callback.handler.class = null
	sasl.jaas.config = null
	sasl.kerberos.kinit.cmd = /usr/bin/kinit
	sasl.kerberos.min.time.before.relogin = 60000
	sasl.kerberos.service.name = null
	sasl.kerberos.ticket.renew.jitter = 0.05
	sasl.kerberos.ticket.renew.window.factor = 0.8
	sasl.login.callback.handler.class = null
	sasl.login.class = null
	sasl.login.connect.timeout.ms = null
	sasl.login.read.timeout.ms = null
	sasl.login.refresh.buffer.seconds = 300
	sasl.login.refresh.min.period.seconds = 60
	sasl.login.refresh.window.factor = 0.8
	sasl.login.refresh.window.jitter = 0.05
	sasl.login.retry.backoff.max.ms = 10000
	sasl.login.retry.backoff.ms = 100
	sasl.mechanism = GSSAPI
	sasl.oauthbearer.clock.skew.seconds = 30
	sasl.oauthbearer.expected.audience = null
	sasl.oauthbearer.expected.issuer = null
	sasl.oauthbearer.header.urlencode = false
	sasl.oauthbearer.jwks.endpoint.refresh.ms = 3600000
	sasl.oauthbearer.jwks.endpoint.retry.backoff.max.ms = 10000
	sasl.oauthbearer.jwks.endpoint.retry.backoff.ms = 100
	sasl.oauthbearer.jwks.endpoint.url = null
	sasl.oauthbearer.scope.claim.name = scope
	sasl.oauthbearer.sub.claim.name = sub
	sasl.oauthbearer.token.endpoint.url = null
	security.protocol = PLAINTEXT
	security.providers = null
	send.buffer.bytes = 131072
	socket.connection.setup.timeout.max.ms = 30000
	socket.connection.setup.timeout.ms = 10000
	ssl.cipher.suites = null
	ssl.enabled.protocols = [TLSv1.2, TLSv1.3]
	ssl.endpoint.identification.algorithm = https
	ssl.engine.factory.class = null
	ssl.key.password = null
	ssl.keymanager.algorithm = SunX509
	ssl.keystore.certificate.chain = null
	ssl.keystore.key = null
	ssl.keystore.location = null
	ssl.keystore.password = null
	ssl.keystore.type = JKS
	ssl.protocol = TLSv1.3
	ssl.provider = null
	ssl.secure.random.implementation = null
	ssl.trustmanager.algorithm = PKIX
	ssl.truststore.certificates = null
	ssl.truststore.location = null
	ssl.truststore.password = null
	ssl.truststore.type = JKS
	transaction.timeout.ms = 60000
	transactional.id = null
	value.serializer = class io.apicurio.registry.serde.avro.AvroKafkaSerializer

2025-09-28 17:20:29,510 INFO  [org.apa.kaf.com.tel.int.KafkaMetricsCollector] (main) initializing Kafka metrics collector
2025-09-28 17:20:29,513 INFO  [org.apa.kaf.cli.pro.KafkaProducer] (main) [Producer clientId=Producer-topic-3765985d_cf78_4f68_84b9_fab1cfe91b45] Instantiated an idempotent producer.
2025-09-28 17:20:29,514 INFO  [org.apa.kaf.cli.pro.ProducerConfig] (main) These configurations '[apicurio.registry.find-latest, apicurio.registry.url, apicurio.registry.artifact-resolver-strategy]' were supplied but are not used yet.
2025-09-28 17:20:29,514 INFO  [org.apa.kaf.com.uti.AppInfoParser] (main) Kafka version: 3.9.1
2025-09-28 17:20:29,514 INFO  [org.apa.kaf.com.uti.AppInfoParser] (main) Kafka commitId: f745dfdcee2b9851
2025-09-28 17:20:29,514 INFO  [org.apa.kaf.com.uti.AppInfoParser] (main) Kafka startTimeMs: 1759080029514
2025-09-28 17:20:29,514 INFO  [io.api.tes.ser.api.SimpleSerdesTesterBuilder$SimpleSerdesTester] (main) Using producer configuration: {apicurio.registry.find-latest=true, apicurio.registry.url=http://registry-app-mysql.apps.ci419.apicurio-testing.org:80/apis/registry/v3, apicurio.registry.artifact-resolver-strategy=io.apicurio.registry.serde.strategy.TopicIdStrategy, value.serializer=io.apicurio.registry.serde.avro.AvroKafkaSerializer, request.timeout.ms=5000, acks=all, bootstrap.servers=PLAINTEXT://localhost:32769, connections.max.idle.ms=10000, key.serializer=org.apache.kafka.common.serialization.StringSerializer, client.id=Producer-topic-3765985d_cf78_4f68_84b9_fab1cfe91b45}
2025-09-28 17:20:29,515 INFO  [io.api.tes.ser.api.SimpleSerdesTesterBuilder$SimpleSerdesTester] (main) Using consumer configuration: {}
2025-09-28 17:20:29,515 INFO  [io.api.tes.ser.api.KafkaSerdesTester] (ForkJoinPool.commonPool-worker-3) Sending message {"key11759080028454": "value-0"} to topic topic-3765985d_cf78_4f68_84b9_fab1cfe91b45
2025-09-28 17:20:29,518 INFO  [org.apa.kaf.cli.Metadata] (kafka-producer-network-thread | Producer-topic-3765985d_cf78_4f68_84b9_fab1cfe91b45) [Producer clientId=Producer-topic-3765985d_cf78_4f68_84b9_fab1cfe91b45] Cluster ID: 3eubY_ZwQSCXVgI5PuowEg
2025-09-28 17:20:29,518 INFO  [org.apa.kaf.cli.pro.int.TransactionManager] (kafka-producer-network-thread | Producer-topic-3765985d_cf78_4f68_84b9_fab1cfe91b45) [Producer clientId=Producer-topic-3765985d_cf78_4f68_84b9_fab1cfe91b45] ProducerId set to 9 with epoch 0
2025-09-28 17:20:29,579 INFO  [io.api.tes.ser.api.KafkaSerdesTester] (ForkJoinPool.commonPool-worker-3) Sending message {"key11759080028454": "value-1"} to topic topic-3765985d_cf78_4f68_84b9_fab1cfe91b45
2025-09-28 17:20:29,581 INFO  [io.api.tes.ser.api.KafkaSerdesTester] (ForkJoinPool.commonPool-worker-3) Sending message {"key11759080028454": "value-2"} to topic topic-3765985d_cf78_4f68_84b9_fab1cfe91b45
2025-09-28 17:20:29,583 INFO  [io.api.tes.ser.api.KafkaSerdesTester] (ForkJoinPool.commonPool-worker-3) Sending message {"key11759080028454": "value-3"} to topic topic-3765985d_cf78_4f68_84b9_fab1cfe91b45
2025-09-28 17:20:29,585 INFO  [io.api.tes.ser.api.KafkaSerdesTester] (ForkJoinPool.commonPool-worker-3) Sending message {"key11759080028454": "value-4"} to topic topic-3765985d_cf78_4f68_84b9_fab1cfe91b45
2025-09-28 17:20:29,586 INFO  [io.api.tes.ser.api.KafkaSerdesTester] (ForkJoinPool.commonPool-worker-3) Sending message {"key11759080028454": "value-5"} to topic topic-3765985d_cf78_4f68_84b9_fab1cfe91b45
2025-09-28 17:20:29,588 INFO  [io.api.tes.ser.api.KafkaSerdesTester] (ForkJoinPool.commonPool-worker-3) Sending message {"key11759080028454": "value-6"} to topic topic-3765985d_cf78_4f68_84b9_fab1cfe91b45
2025-09-28 17:20:29,589 INFO  [io.api.tes.ser.api.KafkaSerdesTester] (ForkJoinPool.commonPool-worker-3) Sending message {"key11759080028454": "value-7"} to topic topic-3765985d_cf78_4f68_84b9_fab1cfe91b45
2025-09-28 17:20:29,591 INFO  [io.api.tes.ser.api.KafkaSerdesTester] (ForkJoinPool.commonPool-worker-3) Sending message {"key11759080028454": "value-8"} to topic topic-3765985d_cf78_4f68_84b9_fab1cfe91b45
2025-09-28 17:20:29,592 INFO  [io.api.tes.ser.api.KafkaSerdesTester] (ForkJoinPool.commonPool-worker-3) Sending message {"key11759080028454": "value-9"} to topic topic-3765985d_cf78_4f68_84b9_fab1cfe91b45
2025-09-28 17:20:29,593 INFO  [io.api.tes.ser.api.KafkaSerdesTester] (ForkJoinPool.commonPool-worker-3) Produced 10 messages
2025-09-28 17:20:29,593 INFO  [org.apa.kaf.cli.pro.KafkaProducer] (ForkJoinPool.commonPool-worker-3) [Producer clientId=Producer-topic-3765985d_cf78_4f68_84b9_fab1cfe91b45] Closing the Kafka producer with timeoutMillis = 9223372036854775807 ms.
2025-09-28 17:20:29,595 INFO  [org.apa.kaf.com.met.Metrics] (ForkJoinPool.commonPool-worker-3) Metrics scheduler closed
2025-09-28 17:20:29,595 INFO  [org.apa.kaf.com.met.Metrics] (ForkJoinPool.commonPool-worker-3) Closing reporter org.apache.kafka.common.metrics.JmxReporter
2025-09-28 17:20:29,595 INFO  [org.apa.kaf.com.met.Metrics] (ForkJoinPool.commonPool-worker-3) Closing reporter org.apache.kafka.common.telemetry.internals.ClientTelemetryReporter
2025-09-28 17:20:29,595 INFO  [org.apa.kaf.com.met.Metrics] (ForkJoinPool.commonPool-worker-3) Metrics reporters closed
2025-09-28 17:20:29,595 INFO  [org.apa.kaf.com.uti.AppInfoParser] (ForkJoinPool.commonPool-worker-3) App info kafka.producer for Producer-topic-3765985d_cf78_4f68_84b9_fab1cfe91b45 unregistered
**** Registry Base URL: http://registry-app-mysql.apps.ci419.apicurio-testing.org:80
2025-09-28 17:20:29,596 INFO  [org.apa.kaf.cli.con.ConsumerConfig] (main) ConsumerConfig values: 
	allow.auto.create.topics = true
	auto.commit.interval.ms = 500
	auto.include.jmx.reporter = true
	auto.offset.reset = earliest
	bootstrap.servers = [PLAINTEXT://localhost:32769]
	check.crcs = true
	client.dns.lookup = use_all_dns_ips
	client.id = consumer-Consumer-topic-3765985d_cf78_4f68_84b9_fab1cfe91b45-7
	client.rack = 
	connections.max.idle.ms = 10000
	default.api.timeout.ms = 60000
	enable.auto.commit = true
	enable.metrics.push = true
	exclude.internal.topics = true
	fetch.max.bytes = 52428800
	fetch.max.wait.ms = 500
	fetch.min.bytes = 1
	group.id = Consumer-topic-3765985d_cf78_4f68_84b9_fab1cfe91b45
	group.instance.id = null
	group.protocol = classic
	group.remote.assignor = null
	heartbeat.interval.ms = 3000
	interceptor.classes = []
	internal.leave.group.on.close = true
	internal.throw.on.fetch.stable.offset.unsupported = false
	isolation.level = read_uncommitted
	key.deserializer = class org.apache.kafka.common.serialization.StringDeserializer
	max.partition.fetch.bytes = 1048576
	max.poll.interval.ms = 300000
	max.poll.records = 500
	metadata.max.age.ms = 300000
	metadata.recovery.strategy = none
	metric.reporters = []
	metrics.num.samples = 2
	metrics.recording.level = INFO
	metrics.sample.window.ms = 30000
	partition.assignment.strategy = [class org.apache.kafka.clients.consumer.RangeAssignor, class org.apache.kafka.clients.consumer.CooperativeStickyAssignor]
	receive.buffer.bytes = 65536
	reconnect.backoff.max.ms = 1000
	reconnect.backoff.ms = 50
	request.timeout.ms = 5000
	retry.backoff.max.ms = 1000
	retry.backoff.ms = 100
	sasl.client.callback.handler.class = null
	sasl.jaas.config = null
	sasl.kerberos.kinit.cmd = /usr/bin/kinit
	sasl.kerberos.min.time.before.relogin = 60000
	sasl.kerberos.service.name = null
	sasl.kerberos.ticket.renew.jitter = 0.05
	sasl.kerberos.ticket.renew.window.factor = 0.8
	sasl.login.callback.handler.class = null
	sasl.login.class = null
	sasl.login.connect.timeout.ms = null
	sasl.login.read.timeout.ms = null
	sasl.login.refresh.buffer.seconds = 300
	sasl.login.refresh.min.period.seconds = 60
	sasl.login.refresh.window.factor = 0.8
	sasl.login.refresh.window.jitter = 0.05
	sasl.login.retry.backoff.max.ms = 10000
	sasl.login.retry.backoff.ms = 100
	sasl.mechanism = GSSAPI
	sasl.oauthbearer.clock.skew.seconds = 30
	sasl.oauthbearer.expected.audience = null
	sasl.oauthbearer.expected.issuer = null
	sasl.oauthbearer.header.urlencode = false
	sasl.oauthbearer.jwks.endpoint.refresh.ms = 3600000
	sasl.oauthbearer.jwks.endpoint.retry.backoff.max.ms = 10000
	sasl.oauthbearer.jwks.endpoint.retry.backoff.ms = 100
	sasl.oauthbearer.jwks.endpoint.url = null
	sasl.oauthbearer.scope.claim.name = scope
	sasl.oauthbearer.sub.claim.name = sub
	sasl.oauthbearer.token.endpoint.url = null
	security.protocol = PLAINTEXT
	security.providers = null
	send.buffer.bytes = 131072
	session.timeout.ms = 45000
	socket.connection.setup.timeout.max.ms = 30000
	socket.connection.setup.timeout.ms = 10000
	ssl.cipher.suites = null
	ssl.enabled.protocols = [TLSv1.2, TLSv1.3]
	ssl.endpoint.identification.algorithm = https
	ssl.engine.factory.class = null
	ssl.key.password = null
	ssl.keymanager.algorithm = SunX509
	ssl.keystore.certificate.chain = null
	ssl.keystore.key = null
	ssl.keystore.location = null
	ssl.keystore.password = null
	ssl.keystore.type = JKS
	ssl.protocol = TLSv1.3
	ssl.provider = null
	ssl.secure.random.implementation = null
	ssl.trustmanager.algorithm = PKIX
	ssl.truststore.certificates = null
	ssl.truststore.location = null
	ssl.truststore.password = null
	ssl.truststore.type = JKS
	value.deserializer = class io.apicurio.registry.serde.avro.AvroKafkaDeserializer

2025-09-28 17:20:29,596 INFO  [org.apa.kaf.com.tel.int.KafkaMetricsCollector] (main) initializing Kafka metrics collector
2025-09-28 17:20:29,602 INFO  [org.apa.kaf.cli.con.ConsumerConfig] (main) These configurations '[apicurio.registry.url]' were supplied but are not used yet.
2025-09-28 17:20:29,602 INFO  [org.apa.kaf.com.uti.AppInfoParser] (main) Kafka version: 3.9.1
2025-09-28 17:20:29,602 INFO  [org.apa.kaf.com.uti.AppInfoParser] (main) Kafka commitId: f745dfdcee2b9851
2025-09-28 17:20:29,602 INFO  [org.apa.kaf.com.uti.AppInfoParser] (main) Kafka startTimeMs: 1759080029602
2025-09-28 17:20:29,603 INFO  [org.apa.kaf.cli.con.int.ClassicKafkaConsumer] (ForkJoinPool.commonPool-worker-3) [Consumer clientId=consumer-Consumer-topic-3765985d_cf78_4f68_84b9_fab1cfe91b45-7, groupId=Consumer-topic-3765985d_cf78_4f68_84b9_fab1cfe91b45] Subscribed to topic(s): topic-3765985d_cf78_4f68_84b9_fab1cfe91b45
2025-09-28 17:20:29,607 INFO  [org.apa.kaf.cli.Metadata] (ForkJoinPool.commonPool-worker-3) [Consumer clientId=consumer-Consumer-topic-3765985d_cf78_4f68_84b9_fab1cfe91b45-7, groupId=Consumer-topic-3765985d_cf78_4f68_84b9_fab1cfe91b45] Cluster ID: 3eubY_ZwQSCXVgI5PuowEg
2025-09-28 17:20:29,608 INFO  [org.apa.kaf.cli.con.int.ConsumerCoordinator] (ForkJoinPool.commonPool-worker-3) [Consumer clientId=consumer-Consumer-topic-3765985d_cf78_4f68_84b9_fab1cfe91b45-7, groupId=Consumer-topic-3765985d_cf78_4f68_84b9_fab1cfe91b45] Discovered group coordinator localhost:32769 (id: 2147483647 rack: null)
2025-09-28 17:20:29,609 INFO  [org.apa.kaf.cli.con.int.ConsumerCoordinator] (ForkJoinPool.commonPool-worker-3) [Consumer clientId=consumer-Consumer-topic-3765985d_cf78_4f68_84b9_fab1cfe91b45-7, groupId=Consumer-topic-3765985d_cf78_4f68_84b9_fab1cfe91b45] (Re-)joining group
2025-09-28 17:20:29,613 INFO  [org.apa.kaf.cli.con.int.ConsumerCoordinator] (ForkJoinPool.commonPool-worker-3) [Consumer clientId=consumer-Consumer-topic-3765985d_cf78_4f68_84b9_fab1cfe91b45-7, groupId=Consumer-topic-3765985d_cf78_4f68_84b9_fab1cfe91b45] Request joining group due to: need to re-join with the given member-id: consumer-Consumer-topic-3765985d_cf78_4f68_84b9_fab1cfe91b45-7-8e2772a7-ad47-419b-94e4-eedc50929eb6
2025-09-28 17:20:29,613 INFO  [org.apa.kaf.cli.con.int.ConsumerCoordinator] (ForkJoinPool.commonPool-worker-3) [Consumer clientId=consumer-Consumer-topic-3765985d_cf78_4f68_84b9_fab1cfe91b45-7, groupId=Consumer-topic-3765985d_cf78_4f68_84b9_fab1cfe91b45] (Re-)joining group
2025-09-28 17:20:30,603 INFO  [io.api.tes.ser.api.KafkaSerdesTester] (ForkJoinPool.commonPool-worker-3) None found
2025-09-28 17:20:31,603 INFO  [io.api.tes.ser.api.KafkaSerdesTester] (ForkJoinPool.commonPool-worker-3) None found
2025-09-28 17:20:32,603 INFO  [io.api.tes.ser.api.KafkaSerdesTester] (ForkJoinPool.commonPool-worker-3) None found
2025-09-28 17:20:32,616 INFO  [org.apa.kaf.cli.con.int.ConsumerCoordinator] (ForkJoinPool.commonPool-worker-3) [Consumer clientId=consumer-Consumer-topic-3765985d_cf78_4f68_84b9_fab1cfe91b45-7, groupId=Consumer-topic-3765985d_cf78_4f68_84b9_fab1cfe91b45] Successfully joined group with generation Generation{generationId=1, memberId='consumer-Consumer-topic-3765985d_cf78_4f68_84b9_fab1cfe91b45-7-8e2772a7-ad47-419b-94e4-eedc50929eb6', protocol='range'}
2025-09-28 17:20:32,617 INFO  [org.apa.kaf.cli.con.int.ConsumerCoordinator] (ForkJoinPool.commonPool-worker-3) [Consumer clientId=consumer-Consumer-topic-3765985d_cf78_4f68_84b9_fab1cfe91b45-7, groupId=Consumer-topic-3765985d_cf78_4f68_84b9_fab1cfe91b45] Finished assignment for group at generation 1: {consumer-Consumer-topic-3765985d_cf78_4f68_84b9_fab1cfe91b45-7-8e2772a7-ad47-419b-94e4-eedc50929eb6=Assignment(partitions=[topic-3765985d_cf78_4f68_84b9_fab1cfe91b45-0])}
2025-09-28 17:20:32,624 INFO  [org.apa.kaf.cli.con.int.ConsumerCoordinator] (ForkJoinPool.commonPool-worker-3) [Consumer clientId=consumer-Consumer-topic-3765985d_cf78_4f68_84b9_fab1cfe91b45-7, groupId=Consumer-topic-3765985d_cf78_4f68_84b9_fab1cfe91b45] Successfully synced group in generation Generation{generationId=1, memberId='consumer-Consumer-topic-3765985d_cf78_4f68_84b9_fab1cfe91b45-7-8e2772a7-ad47-419b-94e4-eedc50929eb6', protocol='range'}
2025-09-28 17:20:32,624 INFO  [org.apa.kaf.cli.con.int.ConsumerCoordinator] (ForkJoinPool.commonPool-worker-3) [Consumer clientId=consumer-Consumer-topic-3765985d_cf78_4f68_84b9_fab1cfe91b45-7, groupId=Consumer-topic-3765985d_cf78_4f68_84b9_fab1cfe91b45] Notifying assignor about the new Assignment(partitions=[topic-3765985d_cf78_4f68_84b9_fab1cfe91b45-0])
2025-09-28 17:20:32,624 INFO  [org.apa.kaf.cli.con.int.ConsumerRebalanceListenerInvoker] (ForkJoinPool.commonPool-worker-3) [Consumer clientId=consumer-Consumer-topic-3765985d_cf78_4f68_84b9_fab1cfe91b45-7, groupId=Consumer-topic-3765985d_cf78_4f68_84b9_fab1cfe91b45] Adding newly assigned partitions: topic-3765985d_cf78_4f68_84b9_fab1cfe91b45-0
2025-09-28 17:20:32,625 INFO  [org.apa.kaf.cli.con.int.ConsumerCoordinator] (ForkJoinPool.commonPool-worker-3) [Consumer clientId=consumer-Consumer-topic-3765985d_cf78_4f68_84b9_fab1cfe91b45-7, groupId=Consumer-topic-3765985d_cf78_4f68_84b9_fab1cfe91b45] Found no committed offset for partition topic-3765985d_cf78_4f68_84b9_fab1cfe91b45-0
2025-09-28 17:20:32,629 INFO  [org.apa.kaf.cli.con.int.SubscriptionState] (ForkJoinPool.commonPool-worker-3) [Consumer clientId=consumer-Consumer-topic-3765985d_cf78_4f68_84b9_fab1cfe91b45-7, groupId=Consumer-topic-3765985d_cf78_4f68_84b9_fab1cfe91b45] Resetting offset for partition topic-3765985d_cf78_4f68_84b9_fab1cfe91b45-0 to position FetchPosition{offset=0, offsetEpoch=Optional.empty, currentLeader=LeaderAndEpoch{leader=Optional[localhost:32769 (id: 0 rack: null)], epoch=0}}.
2025-09-28 17:20:32,713 INFO  [io.api.tes.ser.api.KafkaSerdesTester] (ForkJoinPool.commonPool-worker-3) topic-3765985d_cf78_4f68_84b9_fab1cfe91b45 0 0 {"key11759080028454": "value-0"}
2025-09-28 17:20:32,713 INFO  [io.api.tes.ser.api.KafkaSerdesTester] (ForkJoinPool.commonPool-worker-3) topic-3765985d_cf78_4f68_84b9_fab1cfe91b45 0 1 {"key11759080028454": "value-1"}
2025-09-28 17:20:32,713 INFO  [io.api.tes.ser.api.KafkaSerdesTester] (ForkJoinPool.commonPool-worker-3) topic-3765985d_cf78_4f68_84b9_fab1cfe91b45 0 2 {"key11759080028454": "value-2"}
2025-09-28 17:20:32,713 INFO  [io.api.tes.ser.api.KafkaSerdesTester] (ForkJoinPool.commonPool-worker-3) topic-3765985d_cf78_4f68_84b9_fab1cfe91b45 0 3 {"key11759080028454": "value-3"}
2025-09-28 17:20:32,713 INFO  [io.api.tes.ser.api.KafkaSerdesTester] (ForkJoinPool.commonPool-worker-3) topic-3765985d_cf78_4f68_84b9_fab1cfe91b45 0 4 {"key11759080028454": "value-4"}
2025-09-28 17:20:32,713 INFO  [io.api.tes.ser.api.KafkaSerdesTester] (ForkJoinPool.commonPool-worker-3) topic-3765985d_cf78_4f68_84b9_fab1cfe91b45 0 5 {"key11759080028454": "value-5"}
2025-09-28 17:20:32,713 INFO  [io.api.tes.ser.api.KafkaSerdesTester] (ForkJoinPool.commonPool-worker-3) topic-3765985d_cf78_4f68_84b9_fab1cfe91b45 0 6 {"key11759080028454": "value-6"}
2025-09-28 17:20:32,713 INFO  [io.api.tes.ser.api.KafkaSerdesTester] (ForkJoinPool.commonPool-worker-3) topic-3765985d_cf78_4f68_84b9_fab1cfe91b45 0 7 {"key11759080028454": "value-7"}
2025-09-28 17:20:32,713 INFO  [io.api.tes.ser.api.KafkaSerdesTester] (ForkJoinPool.commonPool-worker-3) topic-3765985d_cf78_4f68_84b9_fab1cfe91b45 0 8 {"key11759080028454": "value-8"}
2025-09-28 17:20:32,713 INFO  [io.api.tes.ser.api.KafkaSerdesTester] (ForkJoinPool.commonPool-worker-3) topic-3765985d_cf78_4f68_84b9_fab1cfe91b45 0 9 {"key11759080028454": "value-9"}
2025-09-28 17:20:32,713 INFO  [io.api.tes.ser.api.KafkaSerdesTester] (ForkJoinPool.commonPool-worker-3) Consumed 10 messages
2025-09-28 17:20:32,721 INFO  [org.apa.kaf.cli.con.int.ConsumerRebalanceListenerInvoker] (ForkJoinPool.commonPool-worker-3) [Consumer clientId=consumer-Consumer-topic-3765985d_cf78_4f68_84b9_fab1cfe91b45-7, groupId=Consumer-topic-3765985d_cf78_4f68_84b9_fab1cfe91b45] Revoke previously assigned partitions topic-3765985d_cf78_4f68_84b9_fab1cfe91b45-0
2025-09-28 17:20:32,721 INFO  [org.apa.kaf.cli.con.int.ConsumerCoordinator] (ForkJoinPool.commonPool-worker-3) [Consumer clientId=consumer-Consumer-topic-3765985d_cf78_4f68_84b9_fab1cfe91b45-7, groupId=Consumer-topic-3765985d_cf78_4f68_84b9_fab1cfe91b45] Member consumer-Consumer-topic-3765985d_cf78_4f68_84b9_fab1cfe91b45-7-8e2772a7-ad47-419b-94e4-eedc50929eb6 sending LeaveGroup request to coordinator localhost:32769 (id: 2147483647 rack: null) due to the consumer is being closed
2025-09-28 17:20:32,721 INFO  [org.apa.kaf.cli.con.int.ConsumerCoordinator] (ForkJoinPool.commonPool-worker-3) [Consumer clientId=consumer-Consumer-topic-3765985d_cf78_4f68_84b9_fab1cfe91b45-7, groupId=Consumer-topic-3765985d_cf78_4f68_84b9_fab1cfe91b45] Resetting generation and member id due to: consumer pro-actively leaving the group
2025-09-28 17:20:32,721 INFO  [org.apa.kaf.cli.con.int.ConsumerCoordinator] (ForkJoinPool.commonPool-worker-3) [Consumer clientId=consumer-Consumer-topic-3765985d_cf78_4f68_84b9_fab1cfe91b45-7, groupId=Consumer-topic-3765985d_cf78_4f68_84b9_fab1cfe91b45] Request joining group due to: consumer pro-actively leaving the group
2025-09-28 17:20:33,215 INFO  [org.apa.kaf.com.met.Metrics] (ForkJoinPool.commonPool-worker-3) Metrics scheduler closed
2025-09-28 17:20:33,215 INFO  [org.apa.kaf.com.met.Metrics] (ForkJoinPool.commonPool-worker-3) Closing reporter org.apache.kafka.common.metrics.JmxReporter
2025-09-28 17:20:33,215 INFO  [org.apa.kaf.com.met.Metrics] (ForkJoinPool.commonPool-worker-3) Closing reporter org.apache.kafka.common.telemetry.internals.ClientTelemetryReporter
2025-09-28 17:20:33,215 INFO  [org.apa.kaf.com.met.Metrics] (ForkJoinPool.commonPool-worker-3) Metrics reporters closed
2025-09-28 17:20:33,217 INFO  [org.apa.kaf.com.uti.AppInfoParser] (ForkJoinPool.commonPool-worker-3) App info kafka.consumer for consumer-Consumer-topic-3765985d_cf78_4f68_84b9_fab1cfe91b45-7 unregistered
2025-09-28 17:20:33,217 INFO  [io.api.tes.uti.TestSeparator] (main) io.apicurio.tests.serdes.apicurio.AvroSerdeIT.testTopicIdStrategyFindLatest-FINISHED
2025-09-28 17:20:33,217 INFO  [io.api.tes.uti.TestSeparator] (main) ############################################################################
Test passed: testTopicIdStrategyFindLatest
]]></system-out>
  </testcase>
  <testcase name="testAvroUnionWithSpecificReader" classname="io.apicurio.tests.serdes.apicurio.AvroSerdeIT" time="3.968">
    <system-out><![CDATA[2025-09-28 17:20:33,219 INFO  [io.api.tes.uti.TestSeparator] (main) ############################################################################
2025-09-28 17:20:33,219 INFO  [io.api.tes.uti.TestSeparator] (main) io.apicurio.tests.serdes.apicurio.AvroSerdeIT.testAvroUnionWithSpecificReader-STARTED
**** Registry Base URL: http://registry-app-mysql.apps.ci419.apicurio-testing.org:80
2025-09-28 17:20:33,223 INFO  [org.apa.kaf.cli.pro.ProducerConfig] (main) ProducerConfig values: 
	acks = -1
	auto.include.jmx.reporter = true
	batch.size = 16384
	bootstrap.servers = [PLAINTEXT://localhost:32769]
	buffer.memory = 33554432
	client.dns.lookup = use_all_dns_ips
	client.id = Producer-topic-d992b144_803f_4d5a_928d_f6ee205d4826
	compression.gzip.level = -1
	compression.lz4.level = 9
	compression.type = none
	compression.zstd.level = 3
	connections.max.idle.ms = 10000
	delivery.timeout.ms = 120000
	enable.idempotence = true
	enable.metrics.push = true
	interceptor.classes = []
	key.serializer = class org.apache.kafka.common.serialization.StringSerializer
	linger.ms = 0
	max.block.ms = 60000
	max.in.flight.requests.per.connection = 5
	max.request.size = 1048576
	metadata.max.age.ms = 300000
	metadata.max.idle.ms = 300000
	metadata.recovery.strategy = none
	metric.reporters = []
	metrics.num.samples = 2
	metrics.recording.level = INFO
	metrics.sample.window.ms = 30000
	partitioner.adaptive.partitioning.enable = true
	partitioner.availability.timeout.ms = 0
	partitioner.class = null
	partitioner.ignore.keys = false
	receive.buffer.bytes = 32768
	reconnect.backoff.max.ms = 1000
	reconnect.backoff.ms = 50
	request.timeout.ms = 5000
	retries = 2147483647
	retry.backoff.max.ms = 1000
	retry.backoff.ms = 100
	sasl.client.callback.handler.class = null
	sasl.jaas.config = null
	sasl.kerberos.kinit.cmd = /usr/bin/kinit
	sasl.kerberos.min.time.before.relogin = 60000
	sasl.kerberos.service.name = null
	sasl.kerberos.ticket.renew.jitter = 0.05
	sasl.kerberos.ticket.renew.window.factor = 0.8
	sasl.login.callback.handler.class = null
	sasl.login.class = null
	sasl.login.connect.timeout.ms = null
	sasl.login.read.timeout.ms = null
	sasl.login.refresh.buffer.seconds = 300
	sasl.login.refresh.min.period.seconds = 60
	sasl.login.refresh.window.factor = 0.8
	sasl.login.refresh.window.jitter = 0.05
	sasl.login.retry.backoff.max.ms = 10000
	sasl.login.retry.backoff.ms = 100
	sasl.mechanism = GSSAPI
	sasl.oauthbearer.clock.skew.seconds = 30
	sasl.oauthbearer.expected.audience = null
	sasl.oauthbearer.expected.issuer = null
	sasl.oauthbearer.header.urlencode = false
	sasl.oauthbearer.jwks.endpoint.refresh.ms = 3600000
	sasl.oauthbearer.jwks.endpoint.retry.backoff.max.ms = 10000
	sasl.oauthbearer.jwks.endpoint.retry.backoff.ms = 100
	sasl.oauthbearer.jwks.endpoint.url = null
	sasl.oauthbearer.scope.claim.name = scope
	sasl.oauthbearer.sub.claim.name = sub
	sasl.oauthbearer.token.endpoint.url = null
	security.protocol = PLAINTEXT
	security.providers = null
	send.buffer.bytes = 131072
	socket.connection.setup.timeout.max.ms = 30000
	socket.connection.setup.timeout.ms = 10000
	ssl.cipher.suites = null
	ssl.enabled.protocols = [TLSv1.2, TLSv1.3]
	ssl.endpoint.identification.algorithm = https
	ssl.engine.factory.class = null
	ssl.key.password = null
	ssl.keymanager.algorithm = SunX509
	ssl.keystore.certificate.chain = null
	ssl.keystore.key = null
	ssl.keystore.location = null
	ssl.keystore.password = null
	ssl.keystore.type = JKS
	ssl.protocol = TLSv1.3
	ssl.provider = null
	ssl.secure.random.implementation = null
	ssl.trustmanager.algorithm = PKIX
	ssl.truststore.certificates = null
	ssl.truststore.location = null
	ssl.truststore.password = null
	ssl.truststore.type = JKS
	transaction.timeout.ms = 60000
	transactional.id = null
	value.serializer = class io.apicurio.registry.serde.avro.AvroKafkaSerializer

2025-09-28 17:20:33,223 INFO  [org.apa.kaf.com.tel.int.KafkaMetricsCollector] (main) initializing Kafka metrics collector
2025-09-28 17:20:33,226 INFO  [org.apa.kaf.cli.pro.KafkaProducer] (main) [Producer clientId=Producer-topic-d992b144_803f_4d5a_928d_f6ee205d4826] Instantiated an idempotent producer.
2025-09-28 17:20:33,228 INFO  [org.apa.kaf.cli.pro.ProducerConfig] (main) These configurations '[apicurio.registry.url, apicurio.registry.auto-register, apicurio.registry.artifact-resolver-strategy]' were supplied but are not used yet.
2025-09-28 17:20:33,228 INFO  [org.apa.kaf.com.uti.AppInfoParser] (main) Kafka version: 3.9.1
2025-09-28 17:20:33,228 INFO  [org.apa.kaf.com.uti.AppInfoParser] (main) Kafka commitId: f745dfdcee2b9851
2025-09-28 17:20:33,228 INFO  [org.apa.kaf.com.uti.AppInfoParser] (main) Kafka startTimeMs: 1759080033228
2025-09-28 17:20:33,228 INFO  [io.api.tes.ser.api.SimpleSerdesTesterBuilder$SimpleSerdesTester] (main) Using producer configuration: {apicurio.registry.url=http://registry-app-mysql.apps.ci419.apicurio-testing.org:80/apis/registry/v3, apicurio.registry.auto-register=true, apicurio.registry.artifact-resolver-strategy=io.apicurio.registry.serde.strategy.TopicIdStrategy, value.serializer=io.apicurio.registry.serde.avro.AvroKafkaSerializer, request.timeout.ms=5000, acks=all, bootstrap.servers=PLAINTEXT://localhost:32769, connections.max.idle.ms=10000, key.serializer=org.apache.kafka.common.serialization.StringSerializer, client.id=Producer-topic-d992b144_803f_4d5a_928d_f6ee205d4826}
2025-09-28 17:20:33,229 INFO  [io.api.tes.ser.api.SimpleSerdesTesterBuilder$SimpleSerdesTester] (main) Using consumer configuration: {}
2025-09-28 17:20:33,229 INFO  [io.api.tes.ser.api.KafkaSerdesTester] (ForkJoinPool.commonPool-worker-3) Sending message {"id": "record-0"} to topic topic-d992b144_803f_4d5a_928d_f6ee205d4826
2025-09-28 17:20:33,232 WARN  [org.apa.kaf.cli.NetworkClient] (kafka-producer-network-thread | Producer-topic-d992b144_803f_4d5a_928d_f6ee205d4826) [Producer clientId=Producer-topic-d992b144_803f_4d5a_928d_f6ee205d4826] The metadata response from the cluster reported a recoverable issue with correlation id 1 : {topic-d992b144_803f_4d5a_928d_f6ee205d4826=UNKNOWN_TOPIC_OR_PARTITION}
2025-09-28 17:20:33,232 INFO  [org.apa.kaf.cli.Metadata] (kafka-producer-network-thread | Producer-topic-d992b144_803f_4d5a_928d_f6ee205d4826) [Producer clientId=Producer-topic-d992b144_803f_4d5a_928d_f6ee205d4826] Cluster ID: 3eubY_ZwQSCXVgI5PuowEg
2025-09-28 17:20:33,232 INFO  [org.apa.kaf.cli.pro.int.TransactionManager] (kafka-producer-network-thread | Producer-topic-d992b144_803f_4d5a_928d_f6ee205d4826) [Producer clientId=Producer-topic-d992b144_803f_4d5a_928d_f6ee205d4826] ProducerId set to 10 with epoch 0
2025-09-28 17:20:33,392 INFO  [io.api.tes.ser.api.KafkaSerdesTester] (ForkJoinPool.commonPool-worker-3) Sending message {"value": 1} to topic topic-d992b144_803f_4d5a_928d_f6ee205d4826
2025-09-28 17:20:33,456 INFO  [io.api.tes.ser.api.KafkaSerdesTester] (ForkJoinPool.commonPool-worker-3) Sending message {"active": true} to topic topic-d992b144_803f_4d5a_928d_f6ee205d4826
2025-09-28 17:20:33,535 INFO  [io.api.tes.ser.api.KafkaSerdesTester] (ForkJoinPool.commonPool-worker-3) Sending message {"id": "record-3"} to topic topic-d992b144_803f_4d5a_928d_f6ee205d4826
2025-09-28 17:20:33,536 INFO  [io.api.tes.ser.api.KafkaSerdesTester] (ForkJoinPool.commonPool-worker-3) Sending message {"value": 4} to topic topic-d992b144_803f_4d5a_928d_f6ee205d4826
2025-09-28 17:20:33,538 INFO  [io.api.tes.ser.api.KafkaSerdesTester] (ForkJoinPool.commonPool-worker-3) Sending message {"active": false} to topic topic-d992b144_803f_4d5a_928d_f6ee205d4826
2025-09-28 17:20:33,539 INFO  [io.api.tes.ser.api.KafkaSerdesTester] (ForkJoinPool.commonPool-worker-3) Sending message {"id": "record-6"} to topic topic-d992b144_803f_4d5a_928d_f6ee205d4826
2025-09-28 17:20:33,541 INFO  [io.api.tes.ser.api.KafkaSerdesTester] (ForkJoinPool.commonPool-worker-3) Sending message {"value": 7} to topic topic-d992b144_803f_4d5a_928d_f6ee205d4826
2025-09-28 17:20:33,542 INFO  [io.api.tes.ser.api.KafkaSerdesTester] (ForkJoinPool.commonPool-worker-3) Sending message {"active": true} to topic topic-d992b144_803f_4d5a_928d_f6ee205d4826
2025-09-28 17:20:33,543 INFO  [io.api.tes.ser.api.KafkaSerdesTester] (ForkJoinPool.commonPool-worker-3) Sending message {"id": "record-9"} to topic topic-d992b144_803f_4d5a_928d_f6ee205d4826
2025-09-28 17:20:33,544 INFO  [io.api.tes.ser.api.KafkaSerdesTester] (ForkJoinPool.commonPool-worker-3) Produced 10 messages
2025-09-28 17:20:33,545 INFO  [org.apa.kaf.cli.pro.KafkaProducer] (ForkJoinPool.commonPool-worker-3) [Producer clientId=Producer-topic-d992b144_803f_4d5a_928d_f6ee205d4826] Closing the Kafka producer with timeoutMillis = 9223372036854775807 ms.
2025-09-28 17:20:33,550 INFO  [org.apa.kaf.com.met.Metrics] (ForkJoinPool.commonPool-worker-3) Metrics scheduler closed
2025-09-28 17:20:33,550 INFO  [org.apa.kaf.com.met.Metrics] (ForkJoinPool.commonPool-worker-3) Closing reporter org.apache.kafka.common.metrics.JmxReporter
2025-09-28 17:20:33,550 INFO  [org.apa.kaf.com.met.Metrics] (ForkJoinPool.commonPool-worker-3) Closing reporter org.apache.kafka.common.telemetry.internals.ClientTelemetryReporter
2025-09-28 17:20:33,550 INFO  [org.apa.kaf.com.met.Metrics] (ForkJoinPool.commonPool-worker-3) Metrics reporters closed
2025-09-28 17:20:33,550 INFO  [org.apa.kaf.com.uti.AppInfoParser] (ForkJoinPool.commonPool-worker-3) App info kafka.producer for Producer-topic-d992b144_803f_4d5a_928d_f6ee205d4826 unregistered
2025-09-28 17:20:33,567 INFO  [io.api.tes.ser.api.AvroSerdeIT] (main) Artifact topic-d992b144_803f_4d5a_928d_f6ee205d4826-value found in registry with globalId 25
**** Registry Base URL: http://registry-app-mysql.apps.ci419.apicurio-testing.org:80
2025-09-28 17:20:33,568 INFO  [org.apa.kaf.cli.con.ConsumerConfig] (main) ConsumerConfig values: 
	allow.auto.create.topics = true
	auto.commit.interval.ms = 500
	auto.include.jmx.reporter = true
	auto.offset.reset = earliest
	bootstrap.servers = [PLAINTEXT://localhost:32769]
	check.crcs = true
	client.dns.lookup = use_all_dns_ips
	client.id = consumer-Consumer-topic-d992b144_803f_4d5a_928d_f6ee205d4826-8
	client.rack = 
	connections.max.idle.ms = 10000
	default.api.timeout.ms = 60000
	enable.auto.commit = true
	enable.metrics.push = true
	exclude.internal.topics = true
	fetch.max.bytes = 52428800
	fetch.max.wait.ms = 500
	fetch.min.bytes = 1
	group.id = Consumer-topic-d992b144_803f_4d5a_928d_f6ee205d4826
	group.instance.id = null
	group.protocol = classic
	group.remote.assignor = null
	heartbeat.interval.ms = 3000
	interceptor.classes = []
	internal.leave.group.on.close = true
	internal.throw.on.fetch.stable.offset.unsupported = false
	isolation.level = read_uncommitted
	key.deserializer = class org.apache.kafka.common.serialization.StringDeserializer
	max.partition.fetch.bytes = 1048576
	max.poll.interval.ms = 300000
	max.poll.records = 500
	metadata.max.age.ms = 300000
	metadata.recovery.strategy = none
	metric.reporters = []
	metrics.num.samples = 2
	metrics.recording.level = INFO
	metrics.sample.window.ms = 30000
	partition.assignment.strategy = [class org.apache.kafka.clients.consumer.RangeAssignor, class org.apache.kafka.clients.consumer.CooperativeStickyAssignor]
	receive.buffer.bytes = 65536
	reconnect.backoff.max.ms = 1000
	reconnect.backoff.ms = 50
	request.timeout.ms = 5000
	retry.backoff.max.ms = 1000
	retry.backoff.ms = 100
	sasl.client.callback.handler.class = null
	sasl.jaas.config = null
	sasl.kerberos.kinit.cmd = /usr/bin/kinit
	sasl.kerberos.min.time.before.relogin = 60000
	sasl.kerberos.service.name = null
	sasl.kerberos.ticket.renew.jitter = 0.05
	sasl.kerberos.ticket.renew.window.factor = 0.8
	sasl.login.callback.handler.class = null
	sasl.login.class = null
	sasl.login.connect.timeout.ms = null
	sasl.login.read.timeout.ms = null
	sasl.login.refresh.buffer.seconds = 300
	sasl.login.refresh.min.period.seconds = 60
	sasl.login.refresh.window.factor = 0.8
	sasl.login.refresh.window.jitter = 0.05
	sasl.login.retry.backoff.max.ms = 10000
	sasl.login.retry.backoff.ms = 100
	sasl.mechanism = GSSAPI
	sasl.oauthbearer.clock.skew.seconds = 30
	sasl.oauthbearer.expected.audience = null
	sasl.oauthbearer.expected.issuer = null
	sasl.oauthbearer.header.urlencode = false
	sasl.oauthbearer.jwks.endpoint.refresh.ms = 3600000
	sasl.oauthbearer.jwks.endpoint.retry.backoff.max.ms = 10000
	sasl.oauthbearer.jwks.endpoint.retry.backoff.ms = 100
	sasl.oauthbearer.jwks.endpoint.url = null
	sasl.oauthbearer.scope.claim.name = scope
	sasl.oauthbearer.sub.claim.name = sub
	sasl.oauthbearer.token.endpoint.url = null
	security.protocol = PLAINTEXT
	security.providers = null
	send.buffer.bytes = 131072
	session.timeout.ms = 45000
	socket.connection.setup.timeout.max.ms = 30000
	socket.connection.setup.timeout.ms = 10000
	ssl.cipher.suites = null
	ssl.enabled.protocols = [TLSv1.2, TLSv1.3]
	ssl.endpoint.identification.algorithm = https
	ssl.engine.factory.class = null
	ssl.key.password = null
	ssl.keymanager.algorithm = SunX509
	ssl.keystore.certificate.chain = null
	ssl.keystore.key = null
	ssl.keystore.location = null
	ssl.keystore.password = null
	ssl.keystore.type = JKS
	ssl.protocol = TLSv1.3
	ssl.provider = null
	ssl.secure.random.implementation = null
	ssl.trustmanager.algorithm = PKIX
	ssl.truststore.certificates = null
	ssl.truststore.location = null
	ssl.truststore.password = null
	ssl.truststore.type = JKS
	value.deserializer = class io.apicurio.registry.serde.avro.AvroKafkaDeserializer

2025-09-28 17:20:33,568 INFO  [org.apa.kaf.com.tel.int.KafkaMetricsCollector] (main) initializing Kafka metrics collector
2025-09-28 17:20:33,572 INFO  [org.apa.kaf.cli.con.ConsumerConfig] (main) These configurations '[apicurio.registry.url]' were supplied but are not used yet.
2025-09-28 17:20:33,572 INFO  [org.apa.kaf.com.uti.AppInfoParser] (main) Kafka version: 3.9.1
2025-09-28 17:20:33,572 INFO  [org.apa.kaf.com.uti.AppInfoParser] (main) Kafka commitId: f745dfdcee2b9851
2025-09-28 17:20:33,572 INFO  [org.apa.kaf.com.uti.AppInfoParser] (main) Kafka startTimeMs: 1759080033572
2025-09-28 17:20:33,572 INFO  [org.apa.kaf.cli.con.int.ClassicKafkaConsumer] (ForkJoinPool.commonPool-worker-3) [Consumer clientId=consumer-Consumer-topic-d992b144_803f_4d5a_928d_f6ee205d4826-8, groupId=Consumer-topic-d992b144_803f_4d5a_928d_f6ee205d4826] Subscribed to topic(s): topic-d992b144_803f_4d5a_928d_f6ee205d4826
2025-09-28 17:20:33,575 INFO  [org.apa.kaf.cli.Metadata] (ForkJoinPool.commonPool-worker-3) [Consumer clientId=consumer-Consumer-topic-d992b144_803f_4d5a_928d_f6ee205d4826-8, groupId=Consumer-topic-d992b144_803f_4d5a_928d_f6ee205d4826] Cluster ID: 3eubY_ZwQSCXVgI5PuowEg
2025-09-28 17:20:33,576 INFO  [org.apa.kaf.cli.con.int.ConsumerCoordinator] (ForkJoinPool.commonPool-worker-3) [Consumer clientId=consumer-Consumer-topic-d992b144_803f_4d5a_928d_f6ee205d4826-8, groupId=Consumer-topic-d992b144_803f_4d5a_928d_f6ee205d4826] Discovered group coordinator localhost:32769 (id: 2147483647 rack: null)
2025-09-28 17:20:33,577 INFO  [org.apa.kaf.cli.con.int.ConsumerCoordinator] (ForkJoinPool.commonPool-worker-3) [Consumer clientId=consumer-Consumer-topic-d992b144_803f_4d5a_928d_f6ee205d4826-8, groupId=Consumer-topic-d992b144_803f_4d5a_928d_f6ee205d4826] (Re-)joining group
2025-09-28 17:20:33,579 INFO  [org.apa.kaf.cli.con.int.ConsumerCoordinator] (ForkJoinPool.commonPool-worker-3) [Consumer clientId=consumer-Consumer-topic-d992b144_803f_4d5a_928d_f6ee205d4826-8, groupId=Consumer-topic-d992b144_803f_4d5a_928d_f6ee205d4826] Request joining group due to: need to re-join with the given member-id: consumer-Consumer-topic-d992b144_803f_4d5a_928d_f6ee205d4826-8-b957aa5e-c62b-40a3-b3ff-29df40fe2322
2025-09-28 17:20:33,579 INFO  [org.apa.kaf.cli.con.int.ConsumerCoordinator] (ForkJoinPool.commonPool-worker-3) [Consumer clientId=consumer-Consumer-topic-d992b144_803f_4d5a_928d_f6ee205d4826-8, groupId=Consumer-topic-d992b144_803f_4d5a_928d_f6ee205d4826] (Re-)joining group
2025-09-28 17:20:34,572 INFO  [io.api.tes.ser.api.KafkaSerdesTester] (ForkJoinPool.commonPool-worker-3) None found
2025-09-28 17:20:35,574 INFO  [io.api.tes.ser.api.KafkaSerdesTester] (ForkJoinPool.commonPool-worker-3) None found
2025-09-28 17:20:36,574 INFO  [io.api.tes.ser.api.KafkaSerdesTester] (ForkJoinPool.commonPool-worker-3) None found
2025-09-28 17:20:36,581 INFO  [org.apa.kaf.cli.con.int.ConsumerCoordinator] (ForkJoinPool.commonPool-worker-3) [Consumer clientId=consumer-Consumer-topic-d992b144_803f_4d5a_928d_f6ee205d4826-8, groupId=Consumer-topic-d992b144_803f_4d5a_928d_f6ee205d4826] Successfully joined group with generation Generation{generationId=1, memberId='consumer-Consumer-topic-d992b144_803f_4d5a_928d_f6ee205d4826-8-b957aa5e-c62b-40a3-b3ff-29df40fe2322', protocol='range'}
2025-09-28 17:20:36,581 INFO  [org.apa.kaf.cli.con.int.ConsumerCoordinator] (ForkJoinPool.commonPool-worker-3) [Consumer clientId=consumer-Consumer-topic-d992b144_803f_4d5a_928d_f6ee205d4826-8, groupId=Consumer-topic-d992b144_803f_4d5a_928d_f6ee205d4826] Finished assignment for group at generation 1: {consumer-Consumer-topic-d992b144_803f_4d5a_928d_f6ee205d4826-8-b957aa5e-c62b-40a3-b3ff-29df40fe2322=Assignment(partitions=[topic-d992b144_803f_4d5a_928d_f6ee205d4826-0])}
2025-09-28 17:20:36,588 INFO  [org.apa.kaf.cli.con.int.ConsumerCoordinator] (ForkJoinPool.commonPool-worker-3) [Consumer clientId=consumer-Consumer-topic-d992b144_803f_4d5a_928d_f6ee205d4826-8, groupId=Consumer-topic-d992b144_803f_4d5a_928d_f6ee205d4826] Successfully synced group in generation Generation{generationId=1, memberId='consumer-Consumer-topic-d992b144_803f_4d5a_928d_f6ee205d4826-8-b957aa5e-c62b-40a3-b3ff-29df40fe2322', protocol='range'}
2025-09-28 17:20:36,588 INFO  [org.apa.kaf.cli.con.int.ConsumerCoordinator] (ForkJoinPool.commonPool-worker-3) [Consumer clientId=consumer-Consumer-topic-d992b144_803f_4d5a_928d_f6ee205d4826-8, groupId=Consumer-topic-d992b144_803f_4d5a_928d_f6ee205d4826] Notifying assignor about the new Assignment(partitions=[topic-d992b144_803f_4d5a_928d_f6ee205d4826-0])
2025-09-28 17:20:36,588 INFO  [org.apa.kaf.cli.con.int.ConsumerRebalanceListenerInvoker] (ForkJoinPool.commonPool-worker-3) [Consumer clientId=consumer-Consumer-topic-d992b144_803f_4d5a_928d_f6ee205d4826-8, groupId=Consumer-topic-d992b144_803f_4d5a_928d_f6ee205d4826] Adding newly assigned partitions: topic-d992b144_803f_4d5a_928d_f6ee205d4826-0
2025-09-28 17:20:36,589 INFO  [org.apa.kaf.cli.con.int.ConsumerCoordinator] (ForkJoinPool.commonPool-worker-3) [Consumer clientId=consumer-Consumer-topic-d992b144_803f_4d5a_928d_f6ee205d4826-8, groupId=Consumer-topic-d992b144_803f_4d5a_928d_f6ee205d4826] Found no committed offset for partition topic-d992b144_803f_4d5a_928d_f6ee205d4826-0
2025-09-28 17:20:36,593 INFO  [org.apa.kaf.cli.con.int.SubscriptionState] (ForkJoinPool.commonPool-worker-3) [Consumer clientId=consumer-Consumer-topic-d992b144_803f_4d5a_928d_f6ee205d4826-8, groupId=Consumer-topic-d992b144_803f_4d5a_928d_f6ee205d4826] Resetting offset for partition topic-d992b144_803f_4d5a_928d_f6ee205d4826-0 to position FetchPosition{offset=0, offsetEpoch=Optional.empty, currentLeader=LeaderAndEpoch{leader=Optional[localhost:32769 (id: 0 rack: null)], epoch=0}}.
2025-09-28 17:20:36,682 INFO  [io.api.tes.ser.api.KafkaSerdesTester] (ForkJoinPool.commonPool-worker-3) topic-d992b144_803f_4d5a_928d_f6ee205d4826 0 0 {"id": "record-0"}
2025-09-28 17:20:36,682 INFO  [io.api.tes.ser.api.KafkaSerdesTester] (ForkJoinPool.commonPool-worker-3) topic-d992b144_803f_4d5a_928d_f6ee205d4826 0 1 {"value": 1}
2025-09-28 17:20:36,682 INFO  [io.api.tes.ser.api.KafkaSerdesTester] (ForkJoinPool.commonPool-worker-3) topic-d992b144_803f_4d5a_928d_f6ee205d4826 0 2 {"active": true}
2025-09-28 17:20:36,682 INFO  [io.api.tes.ser.api.KafkaSerdesTester] (ForkJoinPool.commonPool-worker-3) topic-d992b144_803f_4d5a_928d_f6ee205d4826 0 3 {"id": "record-3"}
2025-09-28 17:20:36,682 INFO  [io.api.tes.ser.api.KafkaSerdesTester] (ForkJoinPool.commonPool-worker-3) topic-d992b144_803f_4d5a_928d_f6ee205d4826 0 4 {"value": 4}
2025-09-28 17:20:36,682 INFO  [io.api.tes.ser.api.KafkaSerdesTester] (ForkJoinPool.commonPool-worker-3) topic-d992b144_803f_4d5a_928d_f6ee205d4826 0 5 {"active": false}
2025-09-28 17:20:36,682 INFO  [io.api.tes.ser.api.KafkaSerdesTester] (ForkJoinPool.commonPool-worker-3) topic-d992b144_803f_4d5a_928d_f6ee205d4826 0 6 {"id": "record-6"}
2025-09-28 17:20:36,682 INFO  [io.api.tes.ser.api.KafkaSerdesTester] (ForkJoinPool.commonPool-worker-3) topic-d992b144_803f_4d5a_928d_f6ee205d4826 0 7 {"value": 7}
2025-09-28 17:20:36,682 INFO  [io.api.tes.ser.api.KafkaSerdesTester] (ForkJoinPool.commonPool-worker-3) topic-d992b144_803f_4d5a_928d_f6ee205d4826 0 8 {"active": true}
2025-09-28 17:20:36,682 INFO  [io.api.tes.ser.api.KafkaSerdesTester] (ForkJoinPool.commonPool-worker-3) topic-d992b144_803f_4d5a_928d_f6ee205d4826 0 9 {"id": "record-9"}
2025-09-28 17:20:36,682 INFO  [io.api.tes.ser.api.KafkaSerdesTester] (ForkJoinPool.commonPool-worker-3) Consumed 10 messages
2025-09-28 17:20:36,689 INFO  [org.apa.kaf.cli.con.int.ConsumerRebalanceListenerInvoker] (ForkJoinPool.commonPool-worker-3) [Consumer clientId=consumer-Consumer-topic-d992b144_803f_4d5a_928d_f6ee205d4826-8, groupId=Consumer-topic-d992b144_803f_4d5a_928d_f6ee205d4826] Revoke previously assigned partitions topic-d992b144_803f_4d5a_928d_f6ee205d4826-0
2025-09-28 17:20:36,690 INFO  [org.apa.kaf.cli.con.int.ConsumerCoordinator] (ForkJoinPool.commonPool-worker-3) [Consumer clientId=consumer-Consumer-topic-d992b144_803f_4d5a_928d_f6ee205d4826-8, groupId=Consumer-topic-d992b144_803f_4d5a_928d_f6ee205d4826] Member consumer-Consumer-topic-d992b144_803f_4d5a_928d_f6ee205d4826-8-b957aa5e-c62b-40a3-b3ff-29df40fe2322 sending LeaveGroup request to coordinator localhost:32769 (id: 2147483647 rack: null) due to the consumer is being closed
2025-09-28 17:20:36,690 INFO  [org.apa.kaf.cli.con.int.ConsumerCoordinator] (ForkJoinPool.commonPool-worker-3) [Consumer clientId=consumer-Consumer-topic-d992b144_803f_4d5a_928d_f6ee205d4826-8, groupId=Consumer-topic-d992b144_803f_4d5a_928d_f6ee205d4826] Resetting generation and member id due to: consumer pro-actively leaving the group
2025-09-28 17:20:36,690 INFO  [org.apa.kaf.cli.con.int.ConsumerCoordinator] (ForkJoinPool.commonPool-worker-3) [Consumer clientId=consumer-Consumer-topic-d992b144_803f_4d5a_928d_f6ee205d4826-8, groupId=Consumer-topic-d992b144_803f_4d5a_928d_f6ee205d4826] Request joining group due to: consumer pro-actively leaving the group
2025-09-28 17:20:37,184 INFO  [org.apa.kaf.com.met.Metrics] (ForkJoinPool.commonPool-worker-3) Metrics scheduler closed
2025-09-28 17:20:37,184 INFO  [org.apa.kaf.com.met.Metrics] (ForkJoinPool.commonPool-worker-3) Closing reporter org.apache.kafka.common.metrics.JmxReporter
2025-09-28 17:20:37,184 INFO  [org.apa.kaf.com.met.Metrics] (ForkJoinPool.commonPool-worker-3) Closing reporter org.apache.kafka.common.telemetry.internals.ClientTelemetryReporter
2025-09-28 17:20:37,184 INFO  [org.apa.kaf.com.met.Metrics] (ForkJoinPool.commonPool-worker-3) Metrics reporters closed
2025-09-28 17:20:37,186 INFO  [org.apa.kaf.com.uti.AppInfoParser] (ForkJoinPool.commonPool-worker-3) App info kafka.consumer for consumer-Consumer-topic-d992b144_803f_4d5a_928d_f6ee205d4826-8 unregistered
2025-09-28 17:20:37,186 INFO  [io.api.tes.uti.TestSeparator] (main) io.apicurio.tests.serdes.apicurio.AvroSerdeIT.testAvroUnionWithSpecificReader-FINISHED
2025-09-28 17:20:37,186 INFO  [io.api.tes.uti.TestSeparator] (main) ############################################################################
Test passed: testAvroUnionWithSpecificReader
]]></system-out>
  </testcase>
  <testcase name="testEvolveAvroApicurioReusingClient" classname="io.apicurio.tests.serdes.apicurio.AvroSerdeIT" time="7.016">
    <system-out><![CDATA[2025-09-28 17:20:37,188 INFO  [io.api.tes.uti.TestSeparator] (main) ############################################################################
2025-09-28 17:20:37,188 INFO  [io.api.tes.uti.TestSeparator] (main) io.apicurio.tests.serdes.apicurio.AvroSerdeIT.testEvolveAvroApicurioReusingClient-STARTED
2025-09-28 17:20:37,189 INFO  [io.api.tes.ser.api.AvroSerdeIT] (main) Registering Avro Schema: {"type":"record","name":"sdd878a68x9b84x4a57x88aex2aa4918257e4","namespace":"ns_3c15e7ef_68b3_4ee9_b618_3e3dfc33fb98","fields":[{"name":"key11759080037189","type":"string"}]}
**** Registry Base URL: http://registry-app-mysql.apps.ci419.apicurio-testing.org:80
2025-09-28 17:20:38,241 INFO  [org.apa.kaf.cli.pro.ProducerConfig] (main) ProducerConfig values: 
	acks = -1
	auto.include.jmx.reporter = true
	batch.size = 16384
	bootstrap.servers = [PLAINTEXT://localhost:32769]
	buffer.memory = 33554432
	client.dns.lookup = use_all_dns_ips
	client.id = Producer-topic-de3f3513_14a5_49a8_bf6e_dda33a270178
	compression.gzip.level = -1
	compression.lz4.level = 9
	compression.type = none
	compression.zstd.level = 3
	connections.max.idle.ms = 10000
	delivery.timeout.ms = 120000
	enable.idempotence = true
	enable.metrics.push = true
	interceptor.classes = []
	key.serializer = class org.apache.kafka.common.serialization.StringSerializer
	linger.ms = 0
	max.block.ms = 60000
	max.in.flight.requests.per.connection = 5
	max.request.size = 1048576
	metadata.max.age.ms = 300000
	metadata.max.idle.ms = 300000
	metadata.recovery.strategy = none
	metric.reporters = []
	metrics.num.samples = 2
	metrics.recording.level = INFO
	metrics.sample.window.ms = 30000
	partitioner.adaptive.partitioning.enable = true
	partitioner.availability.timeout.ms = 0
	partitioner.class = null
	partitioner.ignore.keys = false
	receive.buffer.bytes = 32768
	reconnect.backoff.max.ms = 1000
	reconnect.backoff.ms = 50
	request.timeout.ms = 5000
	retries = 2147483647
	retry.backoff.max.ms = 1000
	retry.backoff.ms = 100
	sasl.client.callback.handler.class = null
	sasl.jaas.config = null
	sasl.kerberos.kinit.cmd = /usr/bin/kinit
	sasl.kerberos.min.time.before.relogin = 60000
	sasl.kerberos.service.name = null
	sasl.kerberos.ticket.renew.jitter = 0.05
	sasl.kerberos.ticket.renew.window.factor = 0.8
	sasl.login.callback.handler.class = null
	sasl.login.class = null
	sasl.login.connect.timeout.ms = null
	sasl.login.read.timeout.ms = null
	sasl.login.refresh.buffer.seconds = 300
	sasl.login.refresh.min.period.seconds = 60
	sasl.login.refresh.window.factor = 0.8
	sasl.login.refresh.window.jitter = 0.05
	sasl.login.retry.backoff.max.ms = 10000
	sasl.login.retry.backoff.ms = 100
	sasl.mechanism = GSSAPI
	sasl.oauthbearer.clock.skew.seconds = 30
	sasl.oauthbearer.expected.audience = null
	sasl.oauthbearer.expected.issuer = null
	sasl.oauthbearer.header.urlencode = false
	sasl.oauthbearer.jwks.endpoint.refresh.ms = 3600000
	sasl.oauthbearer.jwks.endpoint.retry.backoff.max.ms = 10000
	sasl.oauthbearer.jwks.endpoint.retry.backoff.ms = 100
	sasl.oauthbearer.jwks.endpoint.url = null
	sasl.oauthbearer.scope.claim.name = scope
	sasl.oauthbearer.sub.claim.name = sub
	sasl.oauthbearer.token.endpoint.url = null
	security.protocol = PLAINTEXT
	security.providers = null
	send.buffer.bytes = 131072
	socket.connection.setup.timeout.max.ms = 30000
	socket.connection.setup.timeout.ms = 10000
	ssl.cipher.suites = null
	ssl.enabled.protocols = [TLSv1.2, TLSv1.3]
	ssl.endpoint.identification.algorithm = https
	ssl.engine.factory.class = null
	ssl.key.password = null
	ssl.keymanager.algorithm = SunX509
	ssl.keystore.certificate.chain = null
	ssl.keystore.key = null
	ssl.keystore.location = null
	ssl.keystore.password = null
	ssl.keystore.type = JKS
	ssl.protocol = TLSv1.3
	ssl.provider = null
	ssl.secure.random.implementation = null
	ssl.trustmanager.algorithm = PKIX
	ssl.truststore.certificates = null
	ssl.truststore.location = null
	ssl.truststore.password = null
	ssl.truststore.type = JKS
	transaction.timeout.ms = 60000
	transactional.id = null
	value.serializer = class io.apicurio.registry.serde.avro.AvroKafkaSerializer

2025-09-28 17:20:38,241 INFO  [org.apa.kaf.com.tel.int.KafkaMetricsCollector] (main) initializing Kafka metrics collector
2025-09-28 17:20:38,244 INFO  [org.apa.kaf.cli.pro.KafkaProducer] (main) [Producer clientId=Producer-topic-de3f3513_14a5_49a8_bf6e_dda33a270178] Instantiated an idempotent producer.
2025-09-28 17:20:38,245 INFO  [org.apa.kaf.cli.pro.ProducerConfig] (main) These configurations '[apicurio.registry.url, apicurio.registry.artifact-resolver-strategy]' were supplied but are not used yet.
2025-09-28 17:20:38,245 INFO  [org.apa.kaf.com.uti.AppInfoParser] (main) Kafka version: 3.9.1
2025-09-28 17:20:38,245 INFO  [org.apa.kaf.com.uti.AppInfoParser] (main) Kafka commitId: f745dfdcee2b9851
2025-09-28 17:20:38,245 INFO  [org.apa.kaf.com.uti.AppInfoParser] (main) Kafka startTimeMs: 1759080038245
**** Registry Base URL: http://registry-app-mysql.apps.ci419.apicurio-testing.org:80
2025-09-28 17:20:38,246 INFO  [org.apa.kaf.cli.con.ConsumerConfig] (main) ConsumerConfig values: 
	allow.auto.create.topics = true
	auto.commit.interval.ms = 500
	auto.include.jmx.reporter = true
	auto.offset.reset = earliest
	bootstrap.servers = [PLAINTEXT://localhost:32769]
	check.crcs = true
	client.dns.lookup = use_all_dns_ips
	client.id = consumer-Consumer-topic-de3f3513_14a5_49a8_bf6e_dda33a270178-9
	client.rack = 
	connections.max.idle.ms = 10000
	default.api.timeout.ms = 60000
	enable.auto.commit = true
	enable.metrics.push = true
	exclude.internal.topics = true
	fetch.max.bytes = 52428800
	fetch.max.wait.ms = 500
	fetch.min.bytes = 1
	group.id = Consumer-topic-de3f3513_14a5_49a8_bf6e_dda33a270178
	group.instance.id = null
	group.protocol = classic
	group.remote.assignor = null
	heartbeat.interval.ms = 3000
	interceptor.classes = []
	internal.leave.group.on.close = true
	internal.throw.on.fetch.stable.offset.unsupported = false
	isolation.level = read_uncommitted
	key.deserializer = class org.apache.kafka.common.serialization.StringDeserializer
	max.partition.fetch.bytes = 1048576
	max.poll.interval.ms = 300000
	max.poll.records = 500
	metadata.max.age.ms = 300000
	metadata.recovery.strategy = none
	metric.reporters = []
	metrics.num.samples = 2
	metrics.recording.level = INFO
	metrics.sample.window.ms = 30000
	partition.assignment.strategy = [class org.apache.kafka.clients.consumer.RangeAssignor, class org.apache.kafka.clients.consumer.CooperativeStickyAssignor]
	receive.buffer.bytes = 65536
	reconnect.backoff.max.ms = 1000
	reconnect.backoff.ms = 50
	request.timeout.ms = 5000
	retry.backoff.max.ms = 1000
	retry.backoff.ms = 100
	sasl.client.callback.handler.class = null
	sasl.jaas.config = null
	sasl.kerberos.kinit.cmd = /usr/bin/kinit
	sasl.kerberos.min.time.before.relogin = 60000
	sasl.kerberos.service.name = null
	sasl.kerberos.ticket.renew.jitter = 0.05
	sasl.kerberos.ticket.renew.window.factor = 0.8
	sasl.login.callback.handler.class = null
	sasl.login.class = null
	sasl.login.connect.timeout.ms = null
	sasl.login.read.timeout.ms = null
	sasl.login.refresh.buffer.seconds = 300
	sasl.login.refresh.min.period.seconds = 60
	sasl.login.refresh.window.factor = 0.8
	sasl.login.refresh.window.jitter = 0.05
	sasl.login.retry.backoff.max.ms = 10000
	sasl.login.retry.backoff.ms = 100
	sasl.mechanism = GSSAPI
	sasl.oauthbearer.clock.skew.seconds = 30
	sasl.oauthbearer.expected.audience = null
	sasl.oauthbearer.expected.issuer = null
	sasl.oauthbearer.header.urlencode = false
	sasl.oauthbearer.jwks.endpoint.refresh.ms = 3600000
	sasl.oauthbearer.jwks.endpoint.retry.backoff.max.ms = 10000
	sasl.oauthbearer.jwks.endpoint.retry.backoff.ms = 100
	sasl.oauthbearer.jwks.endpoint.url = null
	sasl.oauthbearer.scope.claim.name = scope
	sasl.oauthbearer.sub.claim.name = sub
	sasl.oauthbearer.token.endpoint.url = null
	security.protocol = PLAINTEXT
	security.providers = null
	send.buffer.bytes = 131072
	session.timeout.ms = 45000
	socket.connection.setup.timeout.max.ms = 30000
	socket.connection.setup.timeout.ms = 10000
	ssl.cipher.suites = null
	ssl.enabled.protocols = [TLSv1.2, TLSv1.3]
	ssl.endpoint.identification.algorithm = https
	ssl.engine.factory.class = null
	ssl.key.password = null
	ssl.keymanager.algorithm = SunX509
	ssl.keystore.certificate.chain = null
	ssl.keystore.key = null
	ssl.keystore.location = null
	ssl.keystore.password = null
	ssl.keystore.type = JKS
	ssl.protocol = TLSv1.3
	ssl.provider = null
	ssl.secure.random.implementation = null
	ssl.trustmanager.algorithm = PKIX
	ssl.truststore.certificates = null
	ssl.truststore.location = null
	ssl.truststore.password = null
	ssl.truststore.type = JKS
	value.deserializer = class io.apicurio.registry.serde.avro.AvroKafkaDeserializer

2025-09-28 17:20:38,246 INFO  [org.apa.kaf.com.tel.int.KafkaMetricsCollector] (main) initializing Kafka metrics collector
2025-09-28 17:20:38,249 INFO  [org.apa.kaf.cli.Metadata] (kafka-producer-network-thread | Producer-topic-de3f3513_14a5_49a8_bf6e_dda33a270178) [Producer clientId=Producer-topic-de3f3513_14a5_49a8_bf6e_dda33a270178] Cluster ID: 3eubY_ZwQSCXVgI5PuowEg
2025-09-28 17:20:38,249 INFO  [org.apa.kaf.cli.pro.int.TransactionManager] (kafka-producer-network-thread | Producer-topic-de3f3513_14a5_49a8_bf6e_dda33a270178) [Producer clientId=Producer-topic-de3f3513_14a5_49a8_bf6e_dda33a270178] ProducerId set to 11 with epoch 0
2025-09-28 17:20:38,251 INFO  [org.apa.kaf.cli.con.ConsumerConfig] (main) These configurations '[apicurio.registry.url]' were supplied but are not used yet.
2025-09-28 17:20:38,251 INFO  [org.apa.kaf.com.uti.AppInfoParser] (main) Kafka version: 3.9.1
2025-09-28 17:20:38,251 INFO  [org.apa.kaf.com.uti.AppInfoParser] (main) Kafka commitId: f745dfdcee2b9851
2025-09-28 17:20:38,251 INFO  [org.apa.kaf.com.uti.AppInfoParser] (main) Kafka startTimeMs: 1759080038251
2025-09-28 17:20:38,253 INFO  [io.api.tes.ser.api.KafkaSerdesTester] (ForkJoinPool.commonPool-worker-3) Sending message {"key11759080037189": "value-0"} to topic topic-de3f3513_14a5_49a8_bf6e_dda33a270178
2025-09-28 17:20:38,257 INFO  [DefaultSchemaResolver] (ForkJoinPool.commonPool-worker-3) Retrieving schema content using string: {"type":"record","name":"sdd878a68x9b84x4a57x88aex2aa4918257e4","namespace":"ns_3c15e7ef_68b3_4ee9_b618_3e3dfc33fb98","fields":[{"name":"key11759080037189","type":"string"}]}
2025-09-28 17:20:38,313 INFO  [io.api.tes.ser.api.KafkaSerdesTester] (ForkJoinPool.commonPool-worker-3) Sending message {"key11759080037189": "value-1"} to topic topic-de3f3513_14a5_49a8_bf6e_dda33a270178
2025-09-28 17:20:38,315 INFO  [io.api.tes.ser.api.KafkaSerdesTester] (ForkJoinPool.commonPool-worker-3) Sending message {"key11759080037189": "value-2"} to topic topic-de3f3513_14a5_49a8_bf6e_dda33a270178
2025-09-28 17:20:38,317 INFO  [io.api.tes.ser.api.KafkaSerdesTester] (ForkJoinPool.commonPool-worker-3) Sending message {"key11759080037189": "value-3"} to topic topic-de3f3513_14a5_49a8_bf6e_dda33a270178
2025-09-28 17:20:38,319 INFO  [io.api.tes.ser.api.KafkaSerdesTester] (ForkJoinPool.commonPool-worker-3) Sending message {"key11759080037189": "value-4"} to topic topic-de3f3513_14a5_49a8_bf6e_dda33a270178
2025-09-28 17:20:38,320 INFO  [io.api.tes.ser.api.KafkaSerdesTester] (ForkJoinPool.commonPool-worker-3) Sending message {"key11759080037189": "value-5"} to topic topic-de3f3513_14a5_49a8_bf6e_dda33a270178
2025-09-28 17:20:38,322 INFO  [io.api.tes.ser.api.KafkaSerdesTester] (ForkJoinPool.commonPool-worker-3) Sending message {"key11759080037189": "value-6"} to topic topic-de3f3513_14a5_49a8_bf6e_dda33a270178
2025-09-28 17:20:38,323 INFO  [io.api.tes.ser.api.KafkaSerdesTester] (ForkJoinPool.commonPool-worker-3) Sending message {"key11759080037189": "value-7"} to topic topic-de3f3513_14a5_49a8_bf6e_dda33a270178
2025-09-28 17:20:38,324 INFO  [io.api.tes.ser.api.KafkaSerdesTester] (ForkJoinPool.commonPool-worker-3) Sending message {"key11759080037189": "value-8"} to topic topic-de3f3513_14a5_49a8_bf6e_dda33a270178
2025-09-28 17:20:38,326 INFO  [io.api.tes.ser.api.KafkaSerdesTester] (ForkJoinPool.commonPool-worker-3) Sending message {"key11759080037189": "value-9"} to topic topic-de3f3513_14a5_49a8_bf6e_dda33a270178
2025-09-28 17:20:38,327 INFO  [io.api.tes.ser.api.KafkaSerdesTester] (ForkJoinPool.commonPool-worker-3) Produced 10 messages
2025-09-28 17:20:38,328 INFO  [org.apa.kaf.cli.con.int.ClassicKafkaConsumer] (ForkJoinPool.commonPool-worker-3) [Consumer clientId=consumer-Consumer-topic-de3f3513_14a5_49a8_bf6e_dda33a270178-9, groupId=Consumer-topic-de3f3513_14a5_49a8_bf6e_dda33a270178] Subscribed to topic(s): topic-de3f3513_14a5_49a8_bf6e_dda33a270178
2025-09-28 17:20:38,331 INFO  [org.apa.kaf.cli.Metadata] (ForkJoinPool.commonPool-worker-3) [Consumer clientId=consumer-Consumer-topic-de3f3513_14a5_49a8_bf6e_dda33a270178-9, groupId=Consumer-topic-de3f3513_14a5_49a8_bf6e_dda33a270178] Cluster ID: 3eubY_ZwQSCXVgI5PuowEg
2025-09-28 17:20:38,331 INFO  [org.apa.kaf.cli.con.int.ConsumerCoordinator] (ForkJoinPool.commonPool-worker-3) [Consumer clientId=consumer-Consumer-topic-de3f3513_14a5_49a8_bf6e_dda33a270178-9, groupId=Consumer-topic-de3f3513_14a5_49a8_bf6e_dda33a270178] Discovered group coordinator localhost:32769 (id: 2147483647 rack: null)
2025-09-28 17:20:38,332 INFO  [org.apa.kaf.cli.con.int.ConsumerCoordinator] (ForkJoinPool.commonPool-worker-3) [Consumer clientId=consumer-Consumer-topic-de3f3513_14a5_49a8_bf6e_dda33a270178-9, groupId=Consumer-topic-de3f3513_14a5_49a8_bf6e_dda33a270178] (Re-)joining group
2025-09-28 17:20:38,334 INFO  [org.apa.kaf.cli.con.int.ConsumerCoordinator] (ForkJoinPool.commonPool-worker-3) [Consumer clientId=consumer-Consumer-topic-de3f3513_14a5_49a8_bf6e_dda33a270178-9, groupId=Consumer-topic-de3f3513_14a5_49a8_bf6e_dda33a270178] Request joining group due to: need to re-join with the given member-id: consumer-Consumer-topic-de3f3513_14a5_49a8_bf6e_dda33a270178-9-30bfa109-5947-4f71-8548-1ff78ded742f
2025-09-28 17:20:38,334 INFO  [org.apa.kaf.cli.con.int.ConsumerCoordinator] (ForkJoinPool.commonPool-worker-3) [Consumer clientId=consumer-Consumer-topic-de3f3513_14a5_49a8_bf6e_dda33a270178-9, groupId=Consumer-topic-de3f3513_14a5_49a8_bf6e_dda33a270178] (Re-)joining group
2025-09-28 17:20:39,328 INFO  [io.api.tes.ser.api.KafkaSerdesTester] (ForkJoinPool.commonPool-worker-3) None found
2025-09-28 17:20:40,328 INFO  [io.api.tes.ser.api.KafkaSerdesTester] (ForkJoinPool.commonPool-worker-3) None found
2025-09-28 17:20:41,329 INFO  [io.api.tes.ser.api.KafkaSerdesTester] (ForkJoinPool.commonPool-worker-3) None found
2025-09-28 17:20:41,335 INFO  [org.apa.kaf.cli.con.int.ConsumerCoordinator] (ForkJoinPool.commonPool-worker-3) [Consumer clientId=consumer-Consumer-topic-de3f3513_14a5_49a8_bf6e_dda33a270178-9, groupId=Consumer-topic-de3f3513_14a5_49a8_bf6e_dda33a270178] Successfully joined group with generation Generation{generationId=1, memberId='consumer-Consumer-topic-de3f3513_14a5_49a8_bf6e_dda33a270178-9-30bfa109-5947-4f71-8548-1ff78ded742f', protocol='range'}
2025-09-28 17:20:41,336 INFO  [org.apa.kaf.cli.con.int.ConsumerCoordinator] (ForkJoinPool.commonPool-worker-3) [Consumer clientId=consumer-Consumer-topic-de3f3513_14a5_49a8_bf6e_dda33a270178-9, groupId=Consumer-topic-de3f3513_14a5_49a8_bf6e_dda33a270178] Finished assignment for group at generation 1: {consumer-Consumer-topic-de3f3513_14a5_49a8_bf6e_dda33a270178-9-30bfa109-5947-4f71-8548-1ff78ded742f=Assignment(partitions=[topic-de3f3513_14a5_49a8_bf6e_dda33a270178-0])}
2025-09-28 17:20:41,343 INFO  [org.apa.kaf.cli.con.int.ConsumerCoordinator] (ForkJoinPool.commonPool-worker-3) [Consumer clientId=consumer-Consumer-topic-de3f3513_14a5_49a8_bf6e_dda33a270178-9, groupId=Consumer-topic-de3f3513_14a5_49a8_bf6e_dda33a270178] Successfully synced group in generation Generation{generationId=1, memberId='consumer-Consumer-topic-de3f3513_14a5_49a8_bf6e_dda33a270178-9-30bfa109-5947-4f71-8548-1ff78ded742f', protocol='range'}
2025-09-28 17:20:41,343 INFO  [org.apa.kaf.cli.con.int.ConsumerCoordinator] (ForkJoinPool.commonPool-worker-3) [Consumer clientId=consumer-Consumer-topic-de3f3513_14a5_49a8_bf6e_dda33a270178-9, groupId=Consumer-topic-de3f3513_14a5_49a8_bf6e_dda33a270178] Notifying assignor about the new Assignment(partitions=[topic-de3f3513_14a5_49a8_bf6e_dda33a270178-0])
2025-09-28 17:20:41,343 INFO  [org.apa.kaf.cli.con.int.ConsumerRebalanceListenerInvoker] (ForkJoinPool.commonPool-worker-3) [Consumer clientId=consumer-Consumer-topic-de3f3513_14a5_49a8_bf6e_dda33a270178-9, groupId=Consumer-topic-de3f3513_14a5_49a8_bf6e_dda33a270178] Adding newly assigned partitions: topic-de3f3513_14a5_49a8_bf6e_dda33a270178-0
2025-09-28 17:20:41,344 INFO  [org.apa.kaf.cli.con.int.ConsumerCoordinator] (ForkJoinPool.commonPool-worker-3) [Consumer clientId=consumer-Consumer-topic-de3f3513_14a5_49a8_bf6e_dda33a270178-9, groupId=Consumer-topic-de3f3513_14a5_49a8_bf6e_dda33a270178] Found no committed offset for partition topic-de3f3513_14a5_49a8_bf6e_dda33a270178-0
2025-09-28 17:20:41,346 INFO  [org.apa.kaf.cli.con.int.SubscriptionState] (ForkJoinPool.commonPool-worker-3) [Consumer clientId=consumer-Consumer-topic-de3f3513_14a5_49a8_bf6e_dda33a270178-9, groupId=Consumer-topic-de3f3513_14a5_49a8_bf6e_dda33a270178] Resetting offset for partition topic-de3f3513_14a5_49a8_bf6e_dda33a270178-0 to position FetchPosition{offset=0, offsetEpoch=Optional.empty, currentLeader=LeaderAndEpoch{leader=Optional[localhost:32769 (id: 0 rack: null)], epoch=0}}.
2025-09-28 17:20:41,389 INFO  [io.api.tes.ser.api.KafkaSerdesTester] (ForkJoinPool.commonPool-worker-3) topic-de3f3513_14a5_49a8_bf6e_dda33a270178 0 0 {"key11759080037189": "value-0"}
2025-09-28 17:20:41,389 INFO  [io.api.tes.ser.api.KafkaSerdesTester] (ForkJoinPool.commonPool-worker-3) topic-de3f3513_14a5_49a8_bf6e_dda33a270178 0 1 {"key11759080037189": "value-1"}
2025-09-28 17:20:41,389 INFO  [io.api.tes.ser.api.KafkaSerdesTester] (ForkJoinPool.commonPool-worker-3) topic-de3f3513_14a5_49a8_bf6e_dda33a270178 0 2 {"key11759080037189": "value-2"}
2025-09-28 17:20:41,389 INFO  [io.api.tes.ser.api.KafkaSerdesTester] (ForkJoinPool.commonPool-worker-3) topic-de3f3513_14a5_49a8_bf6e_dda33a270178 0 3 {"key11759080037189": "value-3"}
2025-09-28 17:20:41,389 INFO  [io.api.tes.ser.api.KafkaSerdesTester] (ForkJoinPool.commonPool-worker-3) topic-de3f3513_14a5_49a8_bf6e_dda33a270178 0 4 {"key11759080037189": "value-4"}
2025-09-28 17:20:41,389 INFO  [io.api.tes.ser.api.KafkaSerdesTester] (ForkJoinPool.commonPool-worker-3) topic-de3f3513_14a5_49a8_bf6e_dda33a270178 0 5 {"key11759080037189": "value-5"}
2025-09-28 17:20:41,389 INFO  [io.api.tes.ser.api.KafkaSerdesTester] (ForkJoinPool.commonPool-worker-3) topic-de3f3513_14a5_49a8_bf6e_dda33a270178 0 6 {"key11759080037189": "value-6"}
2025-09-28 17:20:41,389 INFO  [io.api.tes.ser.api.KafkaSerdesTester] (ForkJoinPool.commonPool-worker-3) topic-de3f3513_14a5_49a8_bf6e_dda33a270178 0 7 {"key11759080037189": "value-7"}
2025-09-28 17:20:41,389 INFO  [io.api.tes.ser.api.KafkaSerdesTester] (ForkJoinPool.commonPool-worker-3) topic-de3f3513_14a5_49a8_bf6e_dda33a270178 0 8 {"key11759080037189": "value-8"}
2025-09-28 17:20:41,389 INFO  [io.api.tes.ser.api.KafkaSerdesTester] (ForkJoinPool.commonPool-worker-3) topic-de3f3513_14a5_49a8_bf6e_dda33a270178 0 9 {"key11759080037189": "value-9"}
2025-09-28 17:20:41,389 INFO  [io.api.tes.ser.api.KafkaSerdesTester] (ForkJoinPool.commonPool-worker-3) Consumed 10 messages
2025-09-28 17:20:41,390 INFO  [io.api.tes.ser.api.AvroSerdeIT] (main) Registering Avro Schema 2: {"type":"record","name":"sdd878a68x9b84x4a57x88aex2aa4918257e4","namespace":"ns_3c15e7ef_68b3_4ee9_b618_3e3dfc33fb98","fields":[{"name":"key11759080037189","type":"string"},{"name":"key21759080041390","type":"string"}]}
2025-09-28 17:20:42,443 INFO  [io.api.tes.ser.api.KafkaSerdesTester] (ForkJoinPool.commonPool-worker-3) Sending message {"key11759080037189": "value-0", "key21759080041390": "value-0"} to topic topic-de3f3513_14a5_49a8_bf6e_dda33a270178
2025-09-28 17:20:42,444 INFO  [DefaultSchemaResolver] (ForkJoinPool.commonPool-worker-3) Retrieving schema content using string: {"type":"record","name":"sdd878a68x9b84x4a57x88aex2aa4918257e4","namespace":"ns_3c15e7ef_68b3_4ee9_b618_3e3dfc33fb98","fields":[{"name":"key11759080037189","type":"string"},{"name":"key21759080041390","type":"string"}]}
2025-09-28 17:20:42,477 INFO  [io.api.tes.ser.api.KafkaSerdesTester] (ForkJoinPool.commonPool-worker-3) Sending message {"key11759080037189": "value-1", "key21759080041390": "value-1"} to topic topic-de3f3513_14a5_49a8_bf6e_dda33a270178
2025-09-28 17:20:42,479 INFO  [io.api.tes.ser.api.KafkaSerdesTester] (ForkJoinPool.commonPool-worker-3) Sending message {"key11759080037189": "value-2", "key21759080041390": "value-2"} to topic topic-de3f3513_14a5_49a8_bf6e_dda33a270178
2025-09-28 17:20:42,480 INFO  [io.api.tes.ser.api.KafkaSerdesTester] (ForkJoinPool.commonPool-worker-3) Sending message {"key11759080037189": "value-3", "key21759080041390": "value-3"} to topic topic-de3f3513_14a5_49a8_bf6e_dda33a270178
2025-09-28 17:20:42,481 INFO  [io.api.tes.ser.api.KafkaSerdesTester] (ForkJoinPool.commonPool-worker-3) Sending message {"key11759080037189": "value-4", "key21759080041390": "value-4"} to topic topic-de3f3513_14a5_49a8_bf6e_dda33a270178
2025-09-28 17:20:42,483 INFO  [io.api.tes.ser.api.KafkaSerdesTester] (ForkJoinPool.commonPool-worker-3) Sending message {"key11759080037189": "value-5", "key21759080041390": "value-5"} to topic topic-de3f3513_14a5_49a8_bf6e_dda33a270178
2025-09-28 17:20:42,484 INFO  [io.api.tes.ser.api.KafkaSerdesTester] (ForkJoinPool.commonPool-worker-3) Sending message {"key11759080037189": "value-6", "key21759080041390": "value-6"} to topic topic-de3f3513_14a5_49a8_bf6e_dda33a270178
2025-09-28 17:20:42,486 INFO  [io.api.tes.ser.api.KafkaSerdesTester] (ForkJoinPool.commonPool-worker-3) Sending message {"key11759080037189": "value-7", "key21759080041390": "value-7"} to topic topic-de3f3513_14a5_49a8_bf6e_dda33a270178
2025-09-28 17:20:42,487 INFO  [io.api.tes.ser.api.KafkaSerdesTester] (ForkJoinPool.commonPool-worker-3) Sending message {"key11759080037189": "value-8", "key21759080041390": "value-8"} to topic topic-de3f3513_14a5_49a8_bf6e_dda33a270178
2025-09-28 17:20:42,489 INFO  [io.api.tes.ser.api.KafkaSerdesTester] (ForkJoinPool.commonPool-worker-3) Sending message {"key11759080037189": "value-9", "key21759080041390": "value-9"} to topic topic-de3f3513_14a5_49a8_bf6e_dda33a270178
2025-09-28 17:20:42,490 INFO  [io.api.tes.ser.api.KafkaSerdesTester] (ForkJoinPool.commonPool-worker-3) Produced 10 messages
2025-09-28 17:20:42,491 INFO  [io.api.tes.ser.api.KafkaSerdesTester] (ForkJoinPool.commonPool-worker-3) Sending message {"key11759080037189": "value-0"} to topic topic-de3f3513_14a5_49a8_bf6e_dda33a270178
2025-09-28 17:20:42,492 INFO  [io.api.tes.ser.api.KafkaSerdesTester] (ForkJoinPool.commonPool-worker-3) Sending message {"key11759080037189": "value-1"} to topic topic-de3f3513_14a5_49a8_bf6e_dda33a270178
2025-09-28 17:20:42,494 INFO  [io.api.tes.ser.api.KafkaSerdesTester] (ForkJoinPool.commonPool-worker-3) Sending message {"key11759080037189": "value-2"} to topic topic-de3f3513_14a5_49a8_bf6e_dda33a270178
2025-09-28 17:20:42,495 INFO  [io.api.tes.ser.api.KafkaSerdesTester] (ForkJoinPool.commonPool-worker-3) Sending message {"key11759080037189": "value-3"} to topic topic-de3f3513_14a5_49a8_bf6e_dda33a270178
2025-09-28 17:20:42,497 INFO  [io.api.tes.ser.api.KafkaSerdesTester] (ForkJoinPool.commonPool-worker-3) Sending message {"key11759080037189": "value-4"} to topic topic-de3f3513_14a5_49a8_bf6e_dda33a270178
2025-09-28 17:20:42,498 INFO  [io.api.tes.ser.api.KafkaSerdesTester] (ForkJoinPool.commonPool-worker-3) Sending message {"key11759080037189": "value-5"} to topic topic-de3f3513_14a5_49a8_bf6e_dda33a270178
2025-09-28 17:20:42,499 INFO  [io.api.tes.ser.api.KafkaSerdesTester] (ForkJoinPool.commonPool-worker-3) Sending message {"key11759080037189": "value-6"} to topic topic-de3f3513_14a5_49a8_bf6e_dda33a270178
2025-09-28 17:20:42,501 INFO  [io.api.tes.ser.api.KafkaSerdesTester] (ForkJoinPool.commonPool-worker-3) Sending message {"key11759080037189": "value-7"} to topic topic-de3f3513_14a5_49a8_bf6e_dda33a270178
2025-09-28 17:20:42,502 INFO  [io.api.tes.ser.api.KafkaSerdesTester] (ForkJoinPool.commonPool-worker-3) Sending message {"key11759080037189": "value-8"} to topic topic-de3f3513_14a5_49a8_bf6e_dda33a270178
2025-09-28 17:20:42,503 INFO  [io.api.tes.ser.api.KafkaSerdesTester] (ForkJoinPool.commonPool-worker-3) Sending message {"key11759080037189": "value-9"} to topic topic-de3f3513_14a5_49a8_bf6e_dda33a270178
2025-09-28 17:20:42,504 INFO  [io.api.tes.ser.api.KafkaSerdesTester] (ForkJoinPool.commonPool-worker-3) Produced 10 messages
2025-09-28 17:20:42,505 INFO  [org.apa.kaf.cli.con.int.ClassicKafkaConsumer] (ForkJoinPool.commonPool-worker-3) [Consumer clientId=consumer-Consumer-topic-de3f3513_14a5_49a8_bf6e_dda33a270178-9, groupId=Consumer-topic-de3f3513_14a5_49a8_bf6e_dda33a270178] Subscribed to topic(s): topic-de3f3513_14a5_49a8_bf6e_dda33a270178
2025-09-28 17:20:42,539 INFO  [io.api.tes.ser.api.KafkaSerdesTester] (ForkJoinPool.commonPool-worker-3) topic-de3f3513_14a5_49a8_bf6e_dda33a270178 0 10 {"key11759080037189": "value-0", "key21759080041390": "value-0"}
2025-09-28 17:20:42,539 INFO  [io.api.tes.ser.api.KafkaSerdesTester] (ForkJoinPool.commonPool-worker-3) topic-de3f3513_14a5_49a8_bf6e_dda33a270178 0 11 {"key11759080037189": "value-1", "key21759080041390": "value-1"}
2025-09-28 17:20:42,539 INFO  [io.api.tes.ser.api.KafkaSerdesTester] (ForkJoinPool.commonPool-worker-3) topic-de3f3513_14a5_49a8_bf6e_dda33a270178 0 12 {"key11759080037189": "value-2", "key21759080041390": "value-2"}
2025-09-28 17:20:42,540 INFO  [io.api.tes.ser.api.KafkaSerdesTester] (ForkJoinPool.commonPool-worker-3) topic-de3f3513_14a5_49a8_bf6e_dda33a270178 0 13 {"key11759080037189": "value-3", "key21759080041390": "value-3"}
2025-09-28 17:20:42,540 INFO  [io.api.tes.ser.api.KafkaSerdesTester] (ForkJoinPool.commonPool-worker-3) topic-de3f3513_14a5_49a8_bf6e_dda33a270178 0 14 {"key11759080037189": "value-4", "key21759080041390": "value-4"}
2025-09-28 17:20:42,540 INFO  [io.api.tes.ser.api.KafkaSerdesTester] (ForkJoinPool.commonPool-worker-3) topic-de3f3513_14a5_49a8_bf6e_dda33a270178 0 15 {"key11759080037189": "value-5", "key21759080041390": "value-5"}
2025-09-28 17:20:42,540 INFO  [io.api.tes.ser.api.KafkaSerdesTester] (ForkJoinPool.commonPool-worker-3) topic-de3f3513_14a5_49a8_bf6e_dda33a270178 0 16 {"key11759080037189": "value-6", "key21759080041390": "value-6"}
2025-09-28 17:20:42,540 INFO  [io.api.tes.ser.api.KafkaSerdesTester] (ForkJoinPool.commonPool-worker-3) topic-de3f3513_14a5_49a8_bf6e_dda33a270178 0 17 {"key11759080037189": "value-7", "key21759080041390": "value-7"}
2025-09-28 17:20:42,540 INFO  [io.api.tes.ser.api.KafkaSerdesTester] (ForkJoinPool.commonPool-worker-3) topic-de3f3513_14a5_49a8_bf6e_dda33a270178 0 18 {"key11759080037189": "value-8", "key21759080041390": "value-8"}
2025-09-28 17:20:42,540 INFO  [io.api.tes.ser.api.KafkaSerdesTester] (ForkJoinPool.commonPool-worker-3) topic-de3f3513_14a5_49a8_bf6e_dda33a270178 0 19 {"key11759080037189": "value-9", "key21759080041390": "value-9"}
2025-09-28 17:20:42,540 INFO  [io.api.tes.ser.api.KafkaSerdesTester] (ForkJoinPool.commonPool-worker-3) topic-de3f3513_14a5_49a8_bf6e_dda33a270178 0 20 {"key11759080037189": "value-0"}
2025-09-28 17:20:42,540 INFO  [io.api.tes.ser.api.KafkaSerdesTester] (ForkJoinPool.commonPool-worker-3) topic-de3f3513_14a5_49a8_bf6e_dda33a270178 0 21 {"key11759080037189": "value-1"}
2025-09-28 17:20:42,540 INFO  [io.api.tes.ser.api.KafkaSerdesTester] (ForkJoinPool.commonPool-worker-3) topic-de3f3513_14a5_49a8_bf6e_dda33a270178 0 22 {"key11759080037189": "value-2"}
2025-09-28 17:20:42,540 INFO  [io.api.tes.ser.api.KafkaSerdesTester] (ForkJoinPool.commonPool-worker-3) topic-de3f3513_14a5_49a8_bf6e_dda33a270178 0 23 {"key11759080037189": "value-3"}
2025-09-28 17:20:42,541 INFO  [io.api.tes.ser.api.KafkaSerdesTester] (ForkJoinPool.commonPool-worker-3) topic-de3f3513_14a5_49a8_bf6e_dda33a270178 0 24 {"key11759080037189": "value-4"}
2025-09-28 17:20:42,541 INFO  [io.api.tes.ser.api.KafkaSerdesTester] (ForkJoinPool.commonPool-worker-3) topic-de3f3513_14a5_49a8_bf6e_dda33a270178 0 25 {"key11759080037189": "value-5"}
2025-09-28 17:20:42,541 INFO  [io.api.tes.ser.api.KafkaSerdesTester] (ForkJoinPool.commonPool-worker-3) topic-de3f3513_14a5_49a8_bf6e_dda33a270178 0 26 {"key11759080037189": "value-6"}
2025-09-28 17:20:42,541 INFO  [io.api.tes.ser.api.KafkaSerdesTester] (ForkJoinPool.commonPool-worker-3) topic-de3f3513_14a5_49a8_bf6e_dda33a270178 0 27 {"key11759080037189": "value-7"}
2025-09-28 17:20:42,541 INFO  [io.api.tes.ser.api.KafkaSerdesTester] (ForkJoinPool.commonPool-worker-3) topic-de3f3513_14a5_49a8_bf6e_dda33a270178 0 28 {"key11759080037189": "value-8"}
2025-09-28 17:20:42,541 INFO  [io.api.tes.ser.api.KafkaSerdesTester] (ForkJoinPool.commonPool-worker-3) topic-de3f3513_14a5_49a8_bf6e_dda33a270178 0 29 {"key11759080037189": "value-9"}
2025-09-28 17:20:42,541 INFO  [io.api.tes.ser.api.KafkaSerdesTester] (ForkJoinPool.commonPool-worker-3) Consumed 20 messages
2025-09-28 17:20:42,541 INFO  [io.api.tes.ser.api.AvroSerdeIT] (main) Registering Avro Schema 3: {"type":"record","name":"sdd878a68x9b84x4a57x88aex2aa4918257e4","namespace":"ns_3c15e7ef_68b3_4ee9_b618_3e3dfc33fb98","fields":[{"name":"key11759080037189","type":"string"},{"name":"key21759080041390","type":"string"},{"name":"key31759080042541","type":"string"}]}
2025-09-28 17:20:43,592 INFO  [io.api.tes.ser.api.KafkaSerdesTester] (ForkJoinPool.commonPool-worker-3) Sending message {"key11759080037189": "value-0", "key21759080041390": "value-0", "key31759080042541": "value-0"} to topic topic-de3f3513_14a5_49a8_bf6e_dda33a270178
2025-09-28 17:20:43,592 INFO  [DefaultSchemaResolver] (ForkJoinPool.commonPool-worker-3) Retrieving schema content using string: {"type":"record","name":"sdd878a68x9b84x4a57x88aex2aa4918257e4","namespace":"ns_3c15e7ef_68b3_4ee9_b618_3e3dfc33fb98","fields":[{"name":"key11759080037189","type":"string"},{"name":"key21759080041390","type":"string"},{"name":"key31759080042541","type":"string"}]}
2025-09-28 17:20:43,625 INFO  [io.api.tes.ser.api.KafkaSerdesTester] (ForkJoinPool.commonPool-worker-3) Sending message {"key11759080037189": "value-1", "key21759080041390": "value-1", "key31759080042541": "value-1"} to topic topic-de3f3513_14a5_49a8_bf6e_dda33a270178
2025-09-28 17:20:43,626 INFO  [io.api.tes.ser.api.KafkaSerdesTester] (ForkJoinPool.commonPool-worker-3) Sending message {"key11759080037189": "value-2", "key21759080041390": "value-2", "key31759080042541": "value-2"} to topic topic-de3f3513_14a5_49a8_bf6e_dda33a270178
2025-09-28 17:20:43,628 INFO  [io.api.tes.ser.api.KafkaSerdesTester] (ForkJoinPool.commonPool-worker-3) Sending message {"key11759080037189": "value-3", "key21759080041390": "value-3", "key31759080042541": "value-3"} to topic topic-de3f3513_14a5_49a8_bf6e_dda33a270178
2025-09-28 17:20:43,629 INFO  [io.api.tes.ser.api.KafkaSerdesTester] (ForkJoinPool.commonPool-worker-3) Sending message {"key11759080037189": "value-4", "key21759080041390": "value-4", "key31759080042541": "value-4"} to topic topic-de3f3513_14a5_49a8_bf6e_dda33a270178
2025-09-28 17:20:43,630 INFO  [io.api.tes.ser.api.KafkaSerdesTester] (ForkJoinPool.commonPool-worker-3) Sending message {"key11759080037189": "value-5", "key21759080041390": "value-5", "key31759080042541": "value-5"} to topic topic-de3f3513_14a5_49a8_bf6e_dda33a270178
2025-09-28 17:20:43,631 INFO  [io.api.tes.ser.api.KafkaSerdesTester] (ForkJoinPool.commonPool-worker-3) Sending message {"key11759080037189": "value-6", "key21759080041390": "value-6", "key31759080042541": "value-6"} to topic topic-de3f3513_14a5_49a8_bf6e_dda33a270178
2025-09-28 17:20:43,633 INFO  [io.api.tes.ser.api.KafkaSerdesTester] (ForkJoinPool.commonPool-worker-3) Sending message {"key11759080037189": "value-7", "key21759080041390": "value-7", "key31759080042541": "value-7"} to topic topic-de3f3513_14a5_49a8_bf6e_dda33a270178
2025-09-28 17:20:43,635 INFO  [io.api.tes.ser.api.KafkaSerdesTester] (ForkJoinPool.commonPool-worker-3) Sending message {"key11759080037189": "value-8", "key21759080041390": "value-8", "key31759080042541": "value-8"} to topic topic-de3f3513_14a5_49a8_bf6e_dda33a270178
2025-09-28 17:20:43,637 INFO  [io.api.tes.ser.api.KafkaSerdesTester] (ForkJoinPool.commonPool-worker-3) Sending message {"key11759080037189": "value-9", "key21759080041390": "value-9", "key31759080042541": "value-9"} to topic topic-de3f3513_14a5_49a8_bf6e_dda33a270178
2025-09-28 17:20:43,638 INFO  [io.api.tes.ser.api.KafkaSerdesTester] (ForkJoinPool.commonPool-worker-3) Produced 10 messages
2025-09-28 17:20:43,638 INFO  [io.api.tes.ser.api.KafkaSerdesTester] (ForkJoinPool.commonPool-worker-3) Sending message {"key11759080037189": "value-0", "key21759080041390": "value-0"} to topic topic-de3f3513_14a5_49a8_bf6e_dda33a270178
2025-09-28 17:20:43,640 INFO  [io.api.tes.ser.api.KafkaSerdesTester] (ForkJoinPool.commonPool-worker-3) Sending message {"key11759080037189": "value-1", "key21759080041390": "value-1"} to topic topic-de3f3513_14a5_49a8_bf6e_dda33a270178
2025-09-28 17:20:43,641 INFO  [io.api.tes.ser.api.KafkaSerdesTester] (ForkJoinPool.commonPool-worker-3) Sending message {"key11759080037189": "value-2", "key21759080041390": "value-2"} to topic topic-de3f3513_14a5_49a8_bf6e_dda33a270178
2025-09-28 17:20:43,642 INFO  [io.api.tes.ser.api.KafkaSerdesTester] (ForkJoinPool.commonPool-worker-3) Sending message {"key11759080037189": "value-3", "key21759080041390": "value-3"} to topic topic-de3f3513_14a5_49a8_bf6e_dda33a270178
2025-09-28 17:20:43,643 INFO  [io.api.tes.ser.api.KafkaSerdesTester] (ForkJoinPool.commonPool-worker-3) Sending message {"key11759080037189": "value-4", "key21759080041390": "value-4"} to topic topic-de3f3513_14a5_49a8_bf6e_dda33a270178
2025-09-28 17:20:43,644 INFO  [io.api.tes.ser.api.KafkaSerdesTester] (ForkJoinPool.commonPool-worker-3) Sending message {"key11759080037189": "value-5", "key21759080041390": "value-5"} to topic topic-de3f3513_14a5_49a8_bf6e_dda33a270178
2025-09-28 17:20:43,646 INFO  [io.api.tes.ser.api.KafkaSerdesTester] (ForkJoinPool.commonPool-worker-3) Sending message {"key11759080037189": "value-6", "key21759080041390": "value-6"} to topic topic-de3f3513_14a5_49a8_bf6e_dda33a270178
2025-09-28 17:20:43,647 INFO  [io.api.tes.ser.api.KafkaSerdesTester] (ForkJoinPool.commonPool-worker-3) Sending message {"key11759080037189": "value-7", "key21759080041390": "value-7"} to topic topic-de3f3513_14a5_49a8_bf6e_dda33a270178
2025-09-28 17:20:43,649 INFO  [io.api.tes.ser.api.KafkaSerdesTester] (ForkJoinPool.commonPool-worker-3) Sending message {"key11759080037189": "value-8", "key21759080041390": "value-8"} to topic topic-de3f3513_14a5_49a8_bf6e_dda33a270178
2025-09-28 17:20:43,650 INFO  [io.api.tes.ser.api.KafkaSerdesTester] (ForkJoinPool.commonPool-worker-3) Sending message {"key11759080037189": "value-9", "key21759080041390": "value-9"} to topic topic-de3f3513_14a5_49a8_bf6e_dda33a270178
2025-09-28 17:20:43,651 INFO  [io.api.tes.ser.api.KafkaSerdesTester] (ForkJoinPool.commonPool-worker-3) Produced 10 messages
2025-09-28 17:20:43,652 INFO  [io.api.tes.ser.api.KafkaSerdesTester] (ForkJoinPool.commonPool-worker-3) Sending message {"key11759080037189": "value-0"} to topic topic-de3f3513_14a5_49a8_bf6e_dda33a270178
2025-09-28 17:20:43,653 INFO  [io.api.tes.ser.api.KafkaSerdesTester] (ForkJoinPool.commonPool-worker-3) Sending message {"key11759080037189": "value-1"} to topic topic-de3f3513_14a5_49a8_bf6e_dda33a270178
2025-09-28 17:20:43,654 INFO  [io.api.tes.ser.api.KafkaSerdesTester] (ForkJoinPool.commonPool-worker-3) Sending message {"key11759080037189": "value-2"} to topic topic-de3f3513_14a5_49a8_bf6e_dda33a270178
2025-09-28 17:20:43,655 INFO  [io.api.tes.ser.api.KafkaSerdesTester] (ForkJoinPool.commonPool-worker-3) Sending message {"key11759080037189": "value-3"} to topic topic-de3f3513_14a5_49a8_bf6e_dda33a270178
2025-09-28 17:20:43,657 INFO  [io.api.tes.ser.api.KafkaSerdesTester] (ForkJoinPool.commonPool-worker-3) Sending message {"key11759080037189": "value-4"} to topic topic-de3f3513_14a5_49a8_bf6e_dda33a270178
2025-09-28 17:20:43,658 INFO  [io.api.tes.ser.api.KafkaSerdesTester] (ForkJoinPool.commonPool-worker-3) Sending message {"key11759080037189": "value-5"} to topic topic-de3f3513_14a5_49a8_bf6e_dda33a270178
2025-09-28 17:20:43,659 INFO  [io.api.tes.ser.api.KafkaSerdesTester] (ForkJoinPool.commonPool-worker-3) Sending message {"key11759080037189": "value-6"} to topic topic-de3f3513_14a5_49a8_bf6e_dda33a270178
2025-09-28 17:20:43,661 INFO  [io.api.tes.ser.api.KafkaSerdesTester] (ForkJoinPool.commonPool-worker-3) Sending message {"key11759080037189": "value-7"} to topic topic-de3f3513_14a5_49a8_bf6e_dda33a270178
2025-09-28 17:20:43,662 INFO  [io.api.tes.ser.api.KafkaSerdesTester] (ForkJoinPool.commonPool-worker-3) Sending message {"key11759080037189": "value-8"} to topic topic-de3f3513_14a5_49a8_bf6e_dda33a270178
2025-09-28 17:20:43,663 INFO  [io.api.tes.ser.api.KafkaSerdesTester] (ForkJoinPool.commonPool-worker-3) Sending message {"key11759080037189": "value-9"} to topic topic-de3f3513_14a5_49a8_bf6e_dda33a270178
2025-09-28 17:20:43,664 INFO  [io.api.tes.ser.api.KafkaSerdesTester] (ForkJoinPool.commonPool-worker-3) Produced 10 messages
2025-09-28 17:20:43,665 INFO  [org.apa.kaf.cli.con.int.ClassicKafkaConsumer] (ForkJoinPool.commonPool-worker-3) [Consumer clientId=consumer-Consumer-topic-de3f3513_14a5_49a8_bf6e_dda33a270178-9, groupId=Consumer-topic-de3f3513_14a5_49a8_bf6e_dda33a270178] Subscribed to topic(s): topic-de3f3513_14a5_49a8_bf6e_dda33a270178
2025-09-28 17:20:43,698 INFO  [io.api.tes.ser.api.KafkaSerdesTester] (ForkJoinPool.commonPool-worker-3) topic-de3f3513_14a5_49a8_bf6e_dda33a270178 0 30 {"key11759080037189": "value-0", "key21759080041390": "value-0", "key31759080042541": "value-0"}
2025-09-28 17:20:43,698 INFO  [io.api.tes.ser.api.KafkaSerdesTester] (ForkJoinPool.commonPool-worker-3) topic-de3f3513_14a5_49a8_bf6e_dda33a270178 0 31 {"key11759080037189": "value-1", "key21759080041390": "value-1", "key31759080042541": "value-1"}
2025-09-28 17:20:43,698 INFO  [io.api.tes.ser.api.KafkaSerdesTester] (ForkJoinPool.commonPool-worker-3) topic-de3f3513_14a5_49a8_bf6e_dda33a270178 0 32 {"key11759080037189": "value-2", "key21759080041390": "value-2", "key31759080042541": "value-2"}
2025-09-28 17:20:43,698 INFO  [io.api.tes.ser.api.KafkaSerdesTester] (ForkJoinPool.commonPool-worker-3) topic-de3f3513_14a5_49a8_bf6e_dda33a270178 0 33 {"key11759080037189": "value-3", "key21759080041390": "value-3", "key31759080042541": "value-3"}
2025-09-28 17:20:43,698 INFO  [io.api.tes.ser.api.KafkaSerdesTester] (ForkJoinPool.commonPool-worker-3) topic-de3f3513_14a5_49a8_bf6e_dda33a270178 0 34 {"key11759080037189": "value-4", "key21759080041390": "value-4", "key31759080042541": "value-4"}
2025-09-28 17:20:43,699 INFO  [io.api.tes.ser.api.KafkaSerdesTester] (ForkJoinPool.commonPool-worker-3) topic-de3f3513_14a5_49a8_bf6e_dda33a270178 0 35 {"key11759080037189": "value-5", "key21759080041390": "value-5", "key31759080042541": "value-5"}
2025-09-28 17:20:43,699 INFO  [io.api.tes.ser.api.KafkaSerdesTester] (ForkJoinPool.commonPool-worker-3) topic-de3f3513_14a5_49a8_bf6e_dda33a270178 0 36 {"key11759080037189": "value-6", "key21759080041390": "value-6", "key31759080042541": "value-6"}
2025-09-28 17:20:43,699 INFO  [io.api.tes.ser.api.KafkaSerdesTester] (ForkJoinPool.commonPool-worker-3) topic-de3f3513_14a5_49a8_bf6e_dda33a270178 0 37 {"key11759080037189": "value-7", "key21759080041390": "value-7", "key31759080042541": "value-7"}
2025-09-28 17:20:43,699 INFO  [io.api.tes.ser.api.KafkaSerdesTester] (ForkJoinPool.commonPool-worker-3) topic-de3f3513_14a5_49a8_bf6e_dda33a270178 0 38 {"key11759080037189": "value-8", "key21759080041390": "value-8", "key31759080042541": "value-8"}
2025-09-28 17:20:43,699 INFO  [io.api.tes.ser.api.KafkaSerdesTester] (ForkJoinPool.commonPool-worker-3) topic-de3f3513_14a5_49a8_bf6e_dda33a270178 0 39 {"key11759080037189": "value-9", "key21759080041390": "value-9", "key31759080042541": "value-9"}
2025-09-28 17:20:43,699 INFO  [io.api.tes.ser.api.KafkaSerdesTester] (ForkJoinPool.commonPool-worker-3) topic-de3f3513_14a5_49a8_bf6e_dda33a270178 0 40 {"key11759080037189": "value-0", "key21759080041390": "value-0"}
2025-09-28 17:20:43,699 INFO  [io.api.tes.ser.api.KafkaSerdesTester] (ForkJoinPool.commonPool-worker-3) topic-de3f3513_14a5_49a8_bf6e_dda33a270178 0 41 {"key11759080037189": "value-1", "key21759080041390": "value-1"}
2025-09-28 17:20:43,699 INFO  [io.api.tes.ser.api.KafkaSerdesTester] (ForkJoinPool.commonPool-worker-3) topic-de3f3513_14a5_49a8_bf6e_dda33a270178 0 42 {"key11759080037189": "value-2", "key21759080041390": "value-2"}
2025-09-28 17:20:43,699 INFO  [io.api.tes.ser.api.KafkaSerdesTester] (ForkJoinPool.commonPool-worker-3) topic-de3f3513_14a5_49a8_bf6e_dda33a270178 0 43 {"key11759080037189": "value-3", "key21759080041390": "value-3"}
2025-09-28 17:20:43,699 INFO  [io.api.tes.ser.api.KafkaSerdesTester] (ForkJoinPool.commonPool-worker-3) topic-de3f3513_14a5_49a8_bf6e_dda33a270178 0 44 {"key11759080037189": "value-4", "key21759080041390": "value-4"}
2025-09-28 17:20:43,699 INFO  [io.api.tes.ser.api.KafkaSerdesTester] (ForkJoinPool.commonPool-worker-3) topic-de3f3513_14a5_49a8_bf6e_dda33a270178 0 45 {"key11759080037189": "value-5", "key21759080041390": "value-5"}
2025-09-28 17:20:43,699 INFO  [io.api.tes.ser.api.KafkaSerdesTester] (ForkJoinPool.commonPool-worker-3) topic-de3f3513_14a5_49a8_bf6e_dda33a270178 0 46 {"key11759080037189": "value-6", "key21759080041390": "value-6"}
2025-09-28 17:20:43,699 INFO  [io.api.tes.ser.api.KafkaSerdesTester] (ForkJoinPool.commonPool-worker-3) topic-de3f3513_14a5_49a8_bf6e_dda33a270178 0 47 {"key11759080037189": "value-7", "key21759080041390": "value-7"}
2025-09-28 17:20:43,699 INFO  [io.api.tes.ser.api.KafkaSerdesTester] (ForkJoinPool.commonPool-worker-3) topic-de3f3513_14a5_49a8_bf6e_dda33a270178 0 48 {"key11759080037189": "value-8", "key21759080041390": "value-8"}
2025-09-28 17:20:43,699 INFO  [io.api.tes.ser.api.KafkaSerdesTester] (ForkJoinPool.commonPool-worker-3) topic-de3f3513_14a5_49a8_bf6e_dda33a270178 0 49 {"key11759080037189": "value-9", "key21759080041390": "value-9"}
2025-09-28 17:20:43,699 INFO  [io.api.tes.ser.api.KafkaSerdesTester] (ForkJoinPool.commonPool-worker-3) topic-de3f3513_14a5_49a8_bf6e_dda33a270178 0 50 {"key11759080037189": "value-0"}
2025-09-28 17:20:43,699 INFO  [io.api.tes.ser.api.KafkaSerdesTester] (ForkJoinPool.commonPool-worker-3) topic-de3f3513_14a5_49a8_bf6e_dda33a270178 0 51 {"key11759080037189": "value-1"}
2025-09-28 17:20:43,699 INFO  [io.api.tes.ser.api.KafkaSerdesTester] (ForkJoinPool.commonPool-worker-3) topic-de3f3513_14a5_49a8_bf6e_dda33a270178 0 52 {"key11759080037189": "value-2"}
2025-09-28 17:20:43,699 INFO  [io.api.tes.ser.api.KafkaSerdesTester] (ForkJoinPool.commonPool-worker-3) topic-de3f3513_14a5_49a8_bf6e_dda33a270178 0 53 {"key11759080037189": "value-3"}
2025-09-28 17:20:43,700 INFO  [io.api.tes.ser.api.KafkaSerdesTester] (ForkJoinPool.commonPool-worker-3) topic-de3f3513_14a5_49a8_bf6e_dda33a270178 0 54 {"key11759080037189": "value-4"}
2025-09-28 17:20:43,700 INFO  [io.api.tes.ser.api.KafkaSerdesTester] (ForkJoinPool.commonPool-worker-3) topic-de3f3513_14a5_49a8_bf6e_dda33a270178 0 55 {"key11759080037189": "value-5"}
2025-09-28 17:20:43,700 INFO  [io.api.tes.ser.api.KafkaSerdesTester] (ForkJoinPool.commonPool-worker-3) topic-de3f3513_14a5_49a8_bf6e_dda33a270178 0 56 {"key11759080037189": "value-6"}
2025-09-28 17:20:43,700 INFO  [io.api.tes.ser.api.KafkaSerdesTester] (ForkJoinPool.commonPool-worker-3) topic-de3f3513_14a5_49a8_bf6e_dda33a270178 0 57 {"key11759080037189": "value-7"}
2025-09-28 17:20:43,700 INFO  [io.api.tes.ser.api.KafkaSerdesTester] (ForkJoinPool.commonPool-worker-3) topic-de3f3513_14a5_49a8_bf6e_dda33a270178 0 58 {"key11759080037189": "value-8"}
2025-09-28 17:20:43,700 INFO  [io.api.tes.ser.api.KafkaSerdesTester] (ForkJoinPool.commonPool-worker-3) topic-de3f3513_14a5_49a8_bf6e_dda33a270178 0 59 {"key11759080037189": "value-9"}
2025-09-28 17:20:43,700 INFO  [io.api.tes.ser.api.KafkaSerdesTester] (ForkJoinPool.commonPool-worker-3) Consumed 30 messages
2025-09-28 17:20:43,700 INFO  [org.apa.kaf.cli.pro.KafkaProducer] (main) [Producer clientId=Producer-topic-de3f3513_14a5_49a8_bf6e_dda33a270178] Closing the Kafka producer with timeoutMillis = 9223372036854775807 ms.
2025-09-28 17:20:43,701 INFO  [org.apa.kaf.com.met.Metrics] (main) Metrics scheduler closed
2025-09-28 17:20:43,701 INFO  [org.apa.kaf.com.met.Metrics] (main) Closing reporter org.apache.kafka.common.metrics.JmxReporter
2025-09-28 17:20:43,701 INFO  [org.apa.kaf.com.met.Metrics] (main) Closing reporter org.apache.kafka.common.telemetry.internals.ClientTelemetryReporter
2025-09-28 17:20:43,701 INFO  [org.apa.kaf.com.met.Metrics] (main) Metrics reporters closed
2025-09-28 17:20:43,702 INFO  [org.apa.kaf.com.uti.AppInfoParser] (main) App info kafka.producer for Producer-topic-de3f3513_14a5_49a8_bf6e_dda33a270178 unregistered
2025-09-28 17:20:43,709 INFO  [org.apa.kaf.cli.con.int.ConsumerRebalanceListenerInvoker] (main) [Consumer clientId=consumer-Consumer-topic-de3f3513_14a5_49a8_bf6e_dda33a270178-9, groupId=Consumer-topic-de3f3513_14a5_49a8_bf6e_dda33a270178] Revoke previously assigned partitions topic-de3f3513_14a5_49a8_bf6e_dda33a270178-0
2025-09-28 17:20:43,709 INFO  [org.apa.kaf.cli.con.int.ConsumerCoordinator] (main) [Consumer clientId=consumer-Consumer-topic-de3f3513_14a5_49a8_bf6e_dda33a270178-9, groupId=Consumer-topic-de3f3513_14a5_49a8_bf6e_dda33a270178] Member consumer-Consumer-topic-de3f3513_14a5_49a8_bf6e_dda33a270178-9-30bfa109-5947-4f71-8548-1ff78ded742f sending LeaveGroup request to coordinator localhost:32769 (id: 2147483647 rack: null) due to the consumer is being closed
2025-09-28 17:20:43,709 INFO  [org.apa.kaf.cli.con.int.ConsumerCoordinator] (main) [Consumer clientId=consumer-Consumer-topic-de3f3513_14a5_49a8_bf6e_dda33a270178-9, groupId=Consumer-topic-de3f3513_14a5_49a8_bf6e_dda33a270178] Resetting generation and member id due to: consumer pro-actively leaving the group
2025-09-28 17:20:43,709 INFO  [org.apa.kaf.cli.con.int.ConsumerCoordinator] (main) [Consumer clientId=consumer-Consumer-topic-de3f3513_14a5_49a8_bf6e_dda33a270178-9, groupId=Consumer-topic-de3f3513_14a5_49a8_bf6e_dda33a270178] Request joining group due to: consumer pro-actively leaving the group
2025-09-28 17:20:44,201 INFO  [org.apa.kaf.com.met.Metrics] (main) Metrics scheduler closed
2025-09-28 17:20:44,201 INFO  [org.apa.kaf.com.met.Metrics] (main) Closing reporter org.apache.kafka.common.metrics.JmxReporter
2025-09-28 17:20:44,201 INFO  [org.apa.kaf.com.met.Metrics] (main) Closing reporter org.apache.kafka.common.telemetry.internals.ClientTelemetryReporter
2025-09-28 17:20:44,201 INFO  [org.apa.kaf.com.met.Metrics] (main) Metrics reporters closed
2025-09-28 17:20:44,203 INFO  [org.apa.kaf.com.uti.AppInfoParser] (main) App info kafka.consumer for consumer-Consumer-topic-de3f3513_14a5_49a8_bf6e_dda33a270178-9 unregistered
2025-09-28 17:20:44,203 INFO  [io.api.tes.uti.TestSeparator] (main) io.apicurio.tests.serdes.apicurio.AvroSerdeIT.testEvolveAvroApicurioReusingClient-FINISHED
2025-09-28 17:20:44,203 INFO  [io.api.tes.uti.TestSeparator] (main) ############################################################################
Test passed: testEvolveAvroApicurioReusingClient
]]></system-out>
  </testcase>
  <testcase name="testProducerUsesDefaultConsumerUsesGlobalId" classname="io.apicurio.tests.serdes.apicurio.AvroSerdeIT" time="0.0">
    <skipped message="void io.apicurio.tests.serdes.apicurio.AvroSerdeIT.testProducerUsesDefaultConsumerUsesGlobalId() throws java.lang.Exception is @Disabled"/>
  </testcase>
  <testcase name="testEvolveAvroApicurio" classname="io.apicurio.tests.serdes.apicurio.AvroSerdeIT" time="14.557">
    <system-out><![CDATA[2025-09-28 17:20:44,206 INFO  [io.api.tes.uti.TestSeparator] (main) ############################################################################
2025-09-28 17:20:44,206 INFO  [io.api.tes.uti.TestSeparator] (main) io.apicurio.tests.serdes.apicurio.AvroSerdeIT.testEvolveAvroApicurio-STARTED
2025-09-28 17:20:44,207 INFO  [io.api.tes.ser.api.AvroSerdeIT] (main) Registering Avro Schema: {"type":"record","name":"s989c3258xe2fcx44a5xb7d2x961558d23dea","namespace":"ns_e614a87d_ff5c_43f2_86e3_88500b58763d","fields":[{"name":"key11759080044206","type":"string"}]}
**** Registry Base URL: http://registry-app-mysql.apps.ci419.apicurio-testing.org:80
2025-09-28 17:20:45,263 INFO  [org.apa.kaf.cli.pro.ProducerConfig] (main) ProducerConfig values: 
	acks = -1
	auto.include.jmx.reporter = true
	batch.size = 16384
	bootstrap.servers = [PLAINTEXT://localhost:32769]
	buffer.memory = 33554432
	client.dns.lookup = use_all_dns_ips
	client.id = Producer-topic-a68b344f_5af6_4948_9687_a8745f15911c
	compression.gzip.level = -1
	compression.lz4.level = 9
	compression.type = none
	compression.zstd.level = 3
	connections.max.idle.ms = 10000
	delivery.timeout.ms = 120000
	enable.idempotence = true
	enable.metrics.push = true
	interceptor.classes = []
	key.serializer = class org.apache.kafka.common.serialization.StringSerializer
	linger.ms = 0
	max.block.ms = 60000
	max.in.flight.requests.per.connection = 5
	max.request.size = 1048576
	metadata.max.age.ms = 300000
	metadata.max.idle.ms = 300000
	metadata.recovery.strategy = none
	metric.reporters = []
	metrics.num.samples = 2
	metrics.recording.level = INFO
	metrics.sample.window.ms = 30000
	partitioner.adaptive.partitioning.enable = true
	partitioner.availability.timeout.ms = 0
	partitioner.class = null
	partitioner.ignore.keys = false
	receive.buffer.bytes = 32768
	reconnect.backoff.max.ms = 1000
	reconnect.backoff.ms = 50
	request.timeout.ms = 5000
	retries = 2147483647
	retry.backoff.max.ms = 1000
	retry.backoff.ms = 100
	sasl.client.callback.handler.class = null
	sasl.jaas.config = null
	sasl.kerberos.kinit.cmd = /usr/bin/kinit
	sasl.kerberos.min.time.before.relogin = 60000
	sasl.kerberos.service.name = null
	sasl.kerberos.ticket.renew.jitter = 0.05
	sasl.kerberos.ticket.renew.window.factor = 0.8
	sasl.login.callback.handler.class = null
	sasl.login.class = null
	sasl.login.connect.timeout.ms = null
	sasl.login.read.timeout.ms = null
	sasl.login.refresh.buffer.seconds = 300
	sasl.login.refresh.min.period.seconds = 60
	sasl.login.refresh.window.factor = 0.8
	sasl.login.refresh.window.jitter = 0.05
	sasl.login.retry.backoff.max.ms = 10000
	sasl.login.retry.backoff.ms = 100
	sasl.mechanism = GSSAPI
	sasl.oauthbearer.clock.skew.seconds = 30
	sasl.oauthbearer.expected.audience = null
	sasl.oauthbearer.expected.issuer = null
	sasl.oauthbearer.header.urlencode = false
	sasl.oauthbearer.jwks.endpoint.refresh.ms = 3600000
	sasl.oauthbearer.jwks.endpoint.retry.backoff.max.ms = 10000
	sasl.oauthbearer.jwks.endpoint.retry.backoff.ms = 100
	sasl.oauthbearer.jwks.endpoint.url = null
	sasl.oauthbearer.scope.claim.name = scope
	sasl.oauthbearer.sub.claim.name = sub
	sasl.oauthbearer.token.endpoint.url = null
	security.protocol = PLAINTEXT
	security.providers = null
	send.buffer.bytes = 131072
	socket.connection.setup.timeout.max.ms = 30000
	socket.connection.setup.timeout.ms = 10000
	ssl.cipher.suites = null
	ssl.enabled.protocols = [TLSv1.2, TLSv1.3]
	ssl.endpoint.identification.algorithm = https
	ssl.engine.factory.class = null
	ssl.key.password = null
	ssl.keymanager.algorithm = SunX509
	ssl.keystore.certificate.chain = null
	ssl.keystore.key = null
	ssl.keystore.location = null
	ssl.keystore.password = null
	ssl.keystore.type = JKS
	ssl.protocol = TLSv1.3
	ssl.provider = null
	ssl.secure.random.implementation = null
	ssl.trustmanager.algorithm = PKIX
	ssl.truststore.certificates = null
	ssl.truststore.location = null
	ssl.truststore.password = null
	ssl.truststore.type = JKS
	transaction.timeout.ms = 60000
	transactional.id = null
	value.serializer = class io.apicurio.registry.serde.avro.AvroKafkaSerializer

2025-09-28 17:20:45,263 INFO  [org.apa.kaf.com.tel.int.KafkaMetricsCollector] (main) initializing Kafka metrics collector
2025-09-28 17:20:45,266 INFO  [org.apa.kaf.cli.pro.KafkaProducer] (main) [Producer clientId=Producer-topic-a68b344f_5af6_4948_9687_a8745f15911c] Instantiated an idempotent producer.
2025-09-28 17:20:45,268 INFO  [org.apa.kaf.cli.pro.ProducerConfig] (main) These configurations '[apicurio.registry.url, apicurio.registry.artifact-resolver-strategy]' were supplied but are not used yet.
2025-09-28 17:20:45,268 INFO  [org.apa.kaf.com.uti.AppInfoParser] (main) Kafka version: 3.9.1
2025-09-28 17:20:45,268 INFO  [org.apa.kaf.com.uti.AppInfoParser] (main) Kafka commitId: f745dfdcee2b9851
2025-09-28 17:20:45,268 INFO  [org.apa.kaf.com.uti.AppInfoParser] (main) Kafka startTimeMs: 1759080045268
**** Registry Base URL: http://registry-app-mysql.apps.ci419.apicurio-testing.org:80
2025-09-28 17:20:45,268 INFO  [org.apa.kaf.cli.con.ConsumerConfig] (main) ConsumerConfig values: 
	allow.auto.create.topics = true
	auto.commit.interval.ms = 500
	auto.include.jmx.reporter = true
	auto.offset.reset = earliest
	bootstrap.servers = [PLAINTEXT://localhost:32769]
	check.crcs = true
	client.dns.lookup = use_all_dns_ips
	client.id = consumer-Consumer-topic-a68b344f_5af6_4948_9687_a8745f15911c-10
	client.rack = 
	connections.max.idle.ms = 10000
	default.api.timeout.ms = 60000
	enable.auto.commit = true
	enable.metrics.push = true
	exclude.internal.topics = true
	fetch.max.bytes = 52428800
	fetch.max.wait.ms = 500
	fetch.min.bytes = 1
	group.id = Consumer-topic-a68b344f_5af6_4948_9687_a8745f15911c
	group.instance.id = null
	group.protocol = classic
	group.remote.assignor = null
	heartbeat.interval.ms = 3000
	interceptor.classes = []
	internal.leave.group.on.close = true
	internal.throw.on.fetch.stable.offset.unsupported = false
	isolation.level = read_uncommitted
	key.deserializer = class org.apache.kafka.common.serialization.StringDeserializer
	max.partition.fetch.bytes = 1048576
	max.poll.interval.ms = 300000
	max.poll.records = 500
	metadata.max.age.ms = 300000
	metadata.recovery.strategy = none
	metric.reporters = []
	metrics.num.samples = 2
	metrics.recording.level = INFO
	metrics.sample.window.ms = 30000
	partition.assignment.strategy = [class org.apache.kafka.clients.consumer.RangeAssignor, class org.apache.kafka.clients.consumer.CooperativeStickyAssignor]
	receive.buffer.bytes = 65536
	reconnect.backoff.max.ms = 1000
	reconnect.backoff.ms = 50
	request.timeout.ms = 5000
	retry.backoff.max.ms = 1000
	retry.backoff.ms = 100
	sasl.client.callback.handler.class = null
	sasl.jaas.config = null
	sasl.kerberos.kinit.cmd = /usr/bin/kinit
	sasl.kerberos.min.time.before.relogin = 60000
	sasl.kerberos.service.name = null
	sasl.kerberos.ticket.renew.jitter = 0.05
	sasl.kerberos.ticket.renew.window.factor = 0.8
	sasl.login.callback.handler.class = null
	sasl.login.class = null
	sasl.login.connect.timeout.ms = null
	sasl.login.read.timeout.ms = null
	sasl.login.refresh.buffer.seconds = 300
	sasl.login.refresh.min.period.seconds = 60
	sasl.login.refresh.window.factor = 0.8
	sasl.login.refresh.window.jitter = 0.05
	sasl.login.retry.backoff.max.ms = 10000
	sasl.login.retry.backoff.ms = 100
	sasl.mechanism = GSSAPI
	sasl.oauthbearer.clock.skew.seconds = 30
	sasl.oauthbearer.expected.audience = null
	sasl.oauthbearer.expected.issuer = null
	sasl.oauthbearer.header.urlencode = false
	sasl.oauthbearer.jwks.endpoint.refresh.ms = 3600000
	sasl.oauthbearer.jwks.endpoint.retry.backoff.max.ms = 10000
	sasl.oauthbearer.jwks.endpoint.retry.backoff.ms = 100
	sasl.oauthbearer.jwks.endpoint.url = null
	sasl.oauthbearer.scope.claim.name = scope
	sasl.oauthbearer.sub.claim.name = sub
	sasl.oauthbearer.token.endpoint.url = null
	security.protocol = PLAINTEXT
	security.providers = null
	send.buffer.bytes = 131072
	session.timeout.ms = 45000
	socket.connection.setup.timeout.max.ms = 30000
	socket.connection.setup.timeout.ms = 10000
	ssl.cipher.suites = null
	ssl.enabled.protocols = [TLSv1.2, TLSv1.3]
	ssl.endpoint.identification.algorithm = https
	ssl.engine.factory.class = null
	ssl.key.password = null
	ssl.keymanager.algorithm = SunX509
	ssl.keystore.certificate.chain = null
	ssl.keystore.key = null
	ssl.keystore.location = null
	ssl.keystore.password = null
	ssl.keystore.type = JKS
	ssl.protocol = TLSv1.3
	ssl.provider = null
	ssl.secure.random.implementation = null
	ssl.trustmanager.algorithm = PKIX
	ssl.truststore.certificates = null
	ssl.truststore.location = null
	ssl.truststore.password = null
	ssl.truststore.type = JKS
	value.deserializer = class io.apicurio.registry.serde.avro.AvroKafkaDeserializer

2025-09-28 17:20:45,268 INFO  [org.apa.kaf.com.tel.int.KafkaMetricsCollector] (main) initializing Kafka metrics collector
2025-09-28 17:20:45,271 INFO  [org.apa.kaf.cli.Metadata] (kafka-producer-network-thread | Producer-topic-a68b344f_5af6_4948_9687_a8745f15911c) [Producer clientId=Producer-topic-a68b344f_5af6_4948_9687_a8745f15911c] Cluster ID: 3eubY_ZwQSCXVgI5PuowEg
2025-09-28 17:20:45,271 INFO  [org.apa.kaf.cli.pro.int.TransactionManager] (kafka-producer-network-thread | Producer-topic-a68b344f_5af6_4948_9687_a8745f15911c) [Producer clientId=Producer-topic-a68b344f_5af6_4948_9687_a8745f15911c] ProducerId set to 12 with epoch 0
2025-09-28 17:20:45,273 INFO  [org.apa.kaf.cli.con.ConsumerConfig] (main) These configurations '[apicurio.registry.url]' were supplied but are not used yet.
2025-09-28 17:20:45,273 INFO  [org.apa.kaf.com.uti.AppInfoParser] (main) Kafka version: 3.9.1
2025-09-28 17:20:45,273 INFO  [org.apa.kaf.com.uti.AppInfoParser] (main) Kafka commitId: f745dfdcee2b9851
2025-09-28 17:20:45,273 INFO  [org.apa.kaf.com.uti.AppInfoParser] (main) Kafka startTimeMs: 1759080045273
2025-09-28 17:20:45,273 INFO  [io.api.tes.ser.api.KafkaSerdesTester] (ForkJoinPool.commonPool-worker-3) Sending message {"key11759080044206": "value-0"} to topic topic-a68b344f_5af6_4948_9687_a8745f15911c
2025-09-28 17:20:45,276 INFO  [DefaultSchemaResolver] (ForkJoinPool.commonPool-worker-3) Retrieving schema content using string: {"type":"record","name":"s989c3258xe2fcx44a5xb7d2x961558d23dea","namespace":"ns_e614a87d_ff5c_43f2_86e3_88500b58763d","fields":[{"name":"key11759080044206","type":"string"}]}
2025-09-28 17:20:45,499 INFO  [io.api.tes.ser.api.KafkaSerdesTester] (ForkJoinPool.commonPool-worker-3) Sending message {"key11759080044206": "value-1"} to topic topic-a68b344f_5af6_4948_9687_a8745f15911c
2025-09-28 17:20:45,500 INFO  [io.api.tes.ser.api.KafkaSerdesTester] (ForkJoinPool.commonPool-worker-3) Sending message {"key11759080044206": "value-2"} to topic topic-a68b344f_5af6_4948_9687_a8745f15911c
2025-09-28 17:20:45,502 INFO  [io.api.tes.ser.api.KafkaSerdesTester] (ForkJoinPool.commonPool-worker-3) Sending message {"key11759080044206": "value-3"} to topic topic-a68b344f_5af6_4948_9687_a8745f15911c
2025-09-28 17:20:45,503 INFO  [io.api.tes.ser.api.KafkaSerdesTester] (ForkJoinPool.commonPool-worker-3) Sending message {"key11759080044206": "value-4"} to topic topic-a68b344f_5af6_4948_9687_a8745f15911c
2025-09-28 17:20:45,504 INFO  [io.api.tes.ser.api.KafkaSerdesTester] (ForkJoinPool.commonPool-worker-3) Sending message {"key11759080044206": "value-5"} to topic topic-a68b344f_5af6_4948_9687_a8745f15911c
2025-09-28 17:20:45,505 INFO  [io.api.tes.ser.api.KafkaSerdesTester] (ForkJoinPool.commonPool-worker-3) Sending message {"key11759080044206": "value-6"} to topic topic-a68b344f_5af6_4948_9687_a8745f15911c
2025-09-28 17:20:45,506 INFO  [io.api.tes.ser.api.KafkaSerdesTester] (ForkJoinPool.commonPool-worker-3) Sending message {"key11759080044206": "value-7"} to topic topic-a68b344f_5af6_4948_9687_a8745f15911c
2025-09-28 17:20:45,508 INFO  [io.api.tes.ser.api.KafkaSerdesTester] (ForkJoinPool.commonPool-worker-3) Sending message {"key11759080044206": "value-8"} to topic topic-a68b344f_5af6_4948_9687_a8745f15911c
2025-09-28 17:20:45,509 INFO  [io.api.tes.ser.api.KafkaSerdesTester] (ForkJoinPool.commonPool-worker-3) Sending message {"key11759080044206": "value-9"} to topic topic-a68b344f_5af6_4948_9687_a8745f15911c
2025-09-28 17:20:45,510 INFO  [io.api.tes.ser.api.KafkaSerdesTester] (ForkJoinPool.commonPool-worker-3) Produced 10 messages
2025-09-28 17:20:45,510 INFO  [org.apa.kaf.cli.pro.KafkaProducer] (ForkJoinPool.commonPool-worker-3) [Producer clientId=Producer-topic-a68b344f_5af6_4948_9687_a8745f15911c] Closing the Kafka producer with timeoutMillis = 9223372036854775807 ms.
2025-09-28 17:20:45,511 INFO  [org.apa.kaf.com.met.Metrics] (ForkJoinPool.commonPool-worker-3) Metrics scheduler closed
2025-09-28 17:20:45,511 INFO  [org.apa.kaf.com.met.Metrics] (ForkJoinPool.commonPool-worker-3) Closing reporter org.apache.kafka.common.metrics.JmxReporter
2025-09-28 17:20:45,511 INFO  [org.apa.kaf.com.met.Metrics] (ForkJoinPool.commonPool-worker-3) Closing reporter org.apache.kafka.common.telemetry.internals.ClientTelemetryReporter
2025-09-28 17:20:45,511 INFO  [org.apa.kaf.com.met.Metrics] (ForkJoinPool.commonPool-worker-3) Metrics reporters closed
2025-09-28 17:20:45,512 INFO  [org.apa.kaf.com.uti.AppInfoParser] (ForkJoinPool.commonPool-worker-3) App info kafka.producer for Producer-topic-a68b344f_5af6_4948_9687_a8745f15911c unregistered
2025-09-28 17:20:45,512 INFO  [org.apa.kaf.cli.con.int.ClassicKafkaConsumer] (ForkJoinPool.commonPool-worker-3) [Consumer clientId=consumer-Consumer-topic-a68b344f_5af6_4948_9687_a8745f15911c-10, groupId=Consumer-topic-a68b344f_5af6_4948_9687_a8745f15911c] Subscribed to topic(s): topic-a68b344f_5af6_4948_9687_a8745f15911c
2025-09-28 17:20:45,516 INFO  [org.apa.kaf.cli.Metadata] (ForkJoinPool.commonPool-worker-3) [Consumer clientId=consumer-Consumer-topic-a68b344f_5af6_4948_9687_a8745f15911c-10, groupId=Consumer-topic-a68b344f_5af6_4948_9687_a8745f15911c] Cluster ID: 3eubY_ZwQSCXVgI5PuowEg
2025-09-28 17:20:45,516 INFO  [org.apa.kaf.cli.con.int.ConsumerCoordinator] (ForkJoinPool.commonPool-worker-3) [Consumer clientId=consumer-Consumer-topic-a68b344f_5af6_4948_9687_a8745f15911c-10, groupId=Consumer-topic-a68b344f_5af6_4948_9687_a8745f15911c] Discovered group coordinator localhost:32769 (id: 2147483647 rack: null)
2025-09-28 17:20:45,517 INFO  [org.apa.kaf.cli.con.int.ConsumerCoordinator] (ForkJoinPool.commonPool-worker-3) [Consumer clientId=consumer-Consumer-topic-a68b344f_5af6_4948_9687_a8745f15911c-10, groupId=Consumer-topic-a68b344f_5af6_4948_9687_a8745f15911c] (Re-)joining group
2025-09-28 17:20:45,520 INFO  [org.apa.kaf.cli.con.int.ConsumerCoordinator] (ForkJoinPool.commonPool-worker-3) [Consumer clientId=consumer-Consumer-topic-a68b344f_5af6_4948_9687_a8745f15911c-10, groupId=Consumer-topic-a68b344f_5af6_4948_9687_a8745f15911c] Request joining group due to: need to re-join with the given member-id: consumer-Consumer-topic-a68b344f_5af6_4948_9687_a8745f15911c-10-7d3a8bf3-f444-4dd0-b1d5-af88cb2f3b0e
2025-09-28 17:20:45,520 INFO  [org.apa.kaf.cli.con.int.ConsumerCoordinator] (ForkJoinPool.commonPool-worker-3) [Consumer clientId=consumer-Consumer-topic-a68b344f_5af6_4948_9687_a8745f15911c-10, groupId=Consumer-topic-a68b344f_5af6_4948_9687_a8745f15911c] (Re-)joining group
2025-09-28 17:20:46,512 INFO  [io.api.tes.ser.api.KafkaSerdesTester] (ForkJoinPool.commonPool-worker-3) None found
2025-09-28 17:20:47,512 INFO  [io.api.tes.ser.api.KafkaSerdesTester] (ForkJoinPool.commonPool-worker-3) None found
2025-09-28 17:20:48,512 INFO  [io.api.tes.ser.api.KafkaSerdesTester] (ForkJoinPool.commonPool-worker-3) None found
2025-09-28 17:20:48,522 INFO  [org.apa.kaf.cli.con.int.ConsumerCoordinator] (ForkJoinPool.commonPool-worker-3) [Consumer clientId=consumer-Consumer-topic-a68b344f_5af6_4948_9687_a8745f15911c-10, groupId=Consumer-topic-a68b344f_5af6_4948_9687_a8745f15911c] Successfully joined group with generation Generation{generationId=1, memberId='consumer-Consumer-topic-a68b344f_5af6_4948_9687_a8745f15911c-10-7d3a8bf3-f444-4dd0-b1d5-af88cb2f3b0e', protocol='range'}
2025-09-28 17:20:48,522 INFO  [org.apa.kaf.cli.con.int.ConsumerCoordinator] (ForkJoinPool.commonPool-worker-3) [Consumer clientId=consumer-Consumer-topic-a68b344f_5af6_4948_9687_a8745f15911c-10, groupId=Consumer-topic-a68b344f_5af6_4948_9687_a8745f15911c] Finished assignment for group at generation 1: {consumer-Consumer-topic-a68b344f_5af6_4948_9687_a8745f15911c-10-7d3a8bf3-f444-4dd0-b1d5-af88cb2f3b0e=Assignment(partitions=[topic-a68b344f_5af6_4948_9687_a8745f15911c-0])}
2025-09-28 17:20:48,529 INFO  [org.apa.kaf.cli.con.int.ConsumerCoordinator] (ForkJoinPool.commonPool-worker-3) [Consumer clientId=consumer-Consumer-topic-a68b344f_5af6_4948_9687_a8745f15911c-10, groupId=Consumer-topic-a68b344f_5af6_4948_9687_a8745f15911c] Successfully synced group in generation Generation{generationId=1, memberId='consumer-Consumer-topic-a68b344f_5af6_4948_9687_a8745f15911c-10-7d3a8bf3-f444-4dd0-b1d5-af88cb2f3b0e', protocol='range'}
2025-09-28 17:20:48,529 INFO  [org.apa.kaf.cli.con.int.ConsumerCoordinator] (ForkJoinPool.commonPool-worker-3) [Consumer clientId=consumer-Consumer-topic-a68b344f_5af6_4948_9687_a8745f15911c-10, groupId=Consumer-topic-a68b344f_5af6_4948_9687_a8745f15911c] Notifying assignor about the new Assignment(partitions=[topic-a68b344f_5af6_4948_9687_a8745f15911c-0])
2025-09-28 17:20:48,529 INFO  [org.apa.kaf.cli.con.int.ConsumerRebalanceListenerInvoker] (ForkJoinPool.commonPool-worker-3) [Consumer clientId=consumer-Consumer-topic-a68b344f_5af6_4948_9687_a8745f15911c-10, groupId=Consumer-topic-a68b344f_5af6_4948_9687_a8745f15911c] Adding newly assigned partitions: topic-a68b344f_5af6_4948_9687_a8745f15911c-0
2025-09-28 17:20:48,530 INFO  [org.apa.kaf.cli.con.int.ConsumerCoordinator] (ForkJoinPool.commonPool-worker-3) [Consumer clientId=consumer-Consumer-topic-a68b344f_5af6_4948_9687_a8745f15911c-10, groupId=Consumer-topic-a68b344f_5af6_4948_9687_a8745f15911c] Found no committed offset for partition topic-a68b344f_5af6_4948_9687_a8745f15911c-0
2025-09-28 17:20:48,533 INFO  [org.apa.kaf.cli.con.int.SubscriptionState] (ForkJoinPool.commonPool-worker-3) [Consumer clientId=consumer-Consumer-topic-a68b344f_5af6_4948_9687_a8745f15911c-10, groupId=Consumer-topic-a68b344f_5af6_4948_9687_a8745f15911c] Resetting offset for partition topic-a68b344f_5af6_4948_9687_a8745f15911c-0 to position FetchPosition{offset=0, offsetEpoch=Optional.empty, currentLeader=LeaderAndEpoch{leader=Optional[localhost:32769 (id: 0 rack: null)], epoch=0}}.
2025-09-28 17:20:48,597 INFO  [io.api.tes.ser.api.KafkaSerdesTester] (ForkJoinPool.commonPool-worker-3) topic-a68b344f_5af6_4948_9687_a8745f15911c 0 0 {"key11759080044206": "value-0"}
2025-09-28 17:20:48,597 INFO  [io.api.tes.ser.api.KafkaSerdesTester] (ForkJoinPool.commonPool-worker-3) topic-a68b344f_5af6_4948_9687_a8745f15911c 0 1 {"key11759080044206": "value-1"}
2025-09-28 17:20:48,598 INFO  [io.api.tes.ser.api.KafkaSerdesTester] (ForkJoinPool.commonPool-worker-3) topic-a68b344f_5af6_4948_9687_a8745f15911c 0 2 {"key11759080044206": "value-2"}
2025-09-28 17:20:48,598 INFO  [io.api.tes.ser.api.KafkaSerdesTester] (ForkJoinPool.commonPool-worker-3) topic-a68b344f_5af6_4948_9687_a8745f15911c 0 3 {"key11759080044206": "value-3"}
2025-09-28 17:20:48,598 INFO  [io.api.tes.ser.api.KafkaSerdesTester] (ForkJoinPool.commonPool-worker-3) topic-a68b344f_5af6_4948_9687_a8745f15911c 0 4 {"key11759080044206": "value-4"}
2025-09-28 17:20:48,598 INFO  [io.api.tes.ser.api.KafkaSerdesTester] (ForkJoinPool.commonPool-worker-3) topic-a68b344f_5af6_4948_9687_a8745f15911c 0 5 {"key11759080044206": "value-5"}
2025-09-28 17:20:48,598 INFO  [io.api.tes.ser.api.KafkaSerdesTester] (ForkJoinPool.commonPool-worker-3) topic-a68b344f_5af6_4948_9687_a8745f15911c 0 6 {"key11759080044206": "value-6"}
2025-09-28 17:20:48,598 INFO  [io.api.tes.ser.api.KafkaSerdesTester] (ForkJoinPool.commonPool-worker-3) topic-a68b344f_5af6_4948_9687_a8745f15911c 0 7 {"key11759080044206": "value-7"}
2025-09-28 17:20:48,598 INFO  [io.api.tes.ser.api.KafkaSerdesTester] (ForkJoinPool.commonPool-worker-3) topic-a68b344f_5af6_4948_9687_a8745f15911c 0 8 {"key11759080044206": "value-8"}
2025-09-28 17:20:48,598 INFO  [io.api.tes.ser.api.KafkaSerdesTester] (ForkJoinPool.commonPool-worker-3) topic-a68b344f_5af6_4948_9687_a8745f15911c 0 9 {"key11759080044206": "value-9"}
2025-09-28 17:20:48,598 INFO  [io.api.tes.ser.api.KafkaSerdesTester] (ForkJoinPool.commonPool-worker-3) Consumed 10 messages
2025-09-28 17:20:48,605 INFO  [org.apa.kaf.cli.con.int.ConsumerRebalanceListenerInvoker] (ForkJoinPool.commonPool-worker-3) [Consumer clientId=consumer-Consumer-topic-a68b344f_5af6_4948_9687_a8745f15911c-10, groupId=Consumer-topic-a68b344f_5af6_4948_9687_a8745f15911c] Revoke previously assigned partitions topic-a68b344f_5af6_4948_9687_a8745f15911c-0
2025-09-28 17:20:48,605 INFO  [org.apa.kaf.cli.con.int.ConsumerCoordinator] (ForkJoinPool.commonPool-worker-3) [Consumer clientId=consumer-Consumer-topic-a68b344f_5af6_4948_9687_a8745f15911c-10, groupId=Consumer-topic-a68b344f_5af6_4948_9687_a8745f15911c] Member consumer-Consumer-topic-a68b344f_5af6_4948_9687_a8745f15911c-10-7d3a8bf3-f444-4dd0-b1d5-af88cb2f3b0e sending LeaveGroup request to coordinator localhost:32769 (id: 2147483647 rack: null) due to the consumer is being closed
2025-09-28 17:20:48,605 INFO  [org.apa.kaf.cli.con.int.ConsumerCoordinator] (ForkJoinPool.commonPool-worker-3) [Consumer clientId=consumer-Consumer-topic-a68b344f_5af6_4948_9687_a8745f15911c-10, groupId=Consumer-topic-a68b344f_5af6_4948_9687_a8745f15911c] Resetting generation and member id due to: consumer pro-actively leaving the group
2025-09-28 17:20:48,605 INFO  [org.apa.kaf.cli.con.int.ConsumerCoordinator] (ForkJoinPool.commonPool-worker-3) [Consumer clientId=consumer-Consumer-topic-a68b344f_5af6_4948_9687_a8745f15911c-10, groupId=Consumer-topic-a68b344f_5af6_4948_9687_a8745f15911c] Request joining group due to: consumer pro-actively leaving the group
2025-09-28 17:20:49,100 INFO  [org.apa.kaf.com.met.Metrics] (ForkJoinPool.commonPool-worker-3) Metrics scheduler closed
2025-09-28 17:20:49,100 INFO  [org.apa.kaf.com.met.Metrics] (ForkJoinPool.commonPool-worker-3) Closing reporter org.apache.kafka.common.metrics.JmxReporter
2025-09-28 17:20:49,100 INFO  [org.apa.kaf.com.met.Metrics] (ForkJoinPool.commonPool-worker-3) Closing reporter org.apache.kafka.common.telemetry.internals.ClientTelemetryReporter
2025-09-28 17:20:49,100 INFO  [org.apa.kaf.com.met.Metrics] (ForkJoinPool.commonPool-worker-3) Metrics reporters closed
2025-09-28 17:20:49,102 INFO  [org.apa.kaf.com.uti.AppInfoParser] (ForkJoinPool.commonPool-worker-3) App info kafka.consumer for consumer-Consumer-topic-a68b344f_5af6_4948_9687_a8745f15911c-10 unregistered
2025-09-28 17:20:49,102 INFO  [io.api.tes.ser.api.AvroSerdeIT] (main) Registering Avro Schema 2: {"type":"record","name":"s989c3258xe2fcx44a5xb7d2x961558d23dea","namespace":"ns_e614a87d_ff5c_43f2_86e3_88500b58763d","fields":[{"name":"key11759080044206","type":"string"},{"name":"key21759080049102","type":"string"}]}
**** Registry Base URL: http://registry-app-mysql.apps.ci419.apicurio-testing.org:80
2025-09-28 17:20:50,158 INFO  [org.apa.kaf.cli.pro.ProducerConfig] (main) ProducerConfig values: 
	acks = -1
	auto.include.jmx.reporter = true
	batch.size = 16384
	bootstrap.servers = [PLAINTEXT://localhost:32769]
	buffer.memory = 33554432
	client.dns.lookup = use_all_dns_ips
	client.id = Producer-topic-a68b344f_5af6_4948_9687_a8745f15911c
	compression.gzip.level = -1
	compression.lz4.level = 9
	compression.type = none
	compression.zstd.level = 3
	connections.max.idle.ms = 10000
	delivery.timeout.ms = 120000
	enable.idempotence = true
	enable.metrics.push = true
	interceptor.classes = []
	key.serializer = class org.apache.kafka.common.serialization.StringSerializer
	linger.ms = 0
	max.block.ms = 60000
	max.in.flight.requests.per.connection = 5
	max.request.size = 1048576
	metadata.max.age.ms = 300000
	metadata.max.idle.ms = 300000
	metadata.recovery.strategy = none
	metric.reporters = []
	metrics.num.samples = 2
	metrics.recording.level = INFO
	metrics.sample.window.ms = 30000
	partitioner.adaptive.partitioning.enable = true
	partitioner.availability.timeout.ms = 0
	partitioner.class = null
	partitioner.ignore.keys = false
	receive.buffer.bytes = 32768
	reconnect.backoff.max.ms = 1000
	reconnect.backoff.ms = 50
	request.timeout.ms = 5000
	retries = 2147483647
	retry.backoff.max.ms = 1000
	retry.backoff.ms = 100
	sasl.client.callback.handler.class = null
	sasl.jaas.config = null
	sasl.kerberos.kinit.cmd = /usr/bin/kinit
	sasl.kerberos.min.time.before.relogin = 60000
	sasl.kerberos.service.name = null
	sasl.kerberos.ticket.renew.jitter = 0.05
	sasl.kerberos.ticket.renew.window.factor = 0.8
	sasl.login.callback.handler.class = null
	sasl.login.class = null
	sasl.login.connect.timeout.ms = null
	sasl.login.read.timeout.ms = null
	sasl.login.refresh.buffer.seconds = 300
	sasl.login.refresh.min.period.seconds = 60
	sasl.login.refresh.window.factor = 0.8
	sasl.login.refresh.window.jitter = 0.05
	sasl.login.retry.backoff.max.ms = 10000
	sasl.login.retry.backoff.ms = 100
	sasl.mechanism = GSSAPI
	sasl.oauthbearer.clock.skew.seconds = 30
	sasl.oauthbearer.expected.audience = null
	sasl.oauthbearer.expected.issuer = null
	sasl.oauthbearer.header.urlencode = false
	sasl.oauthbearer.jwks.endpoint.refresh.ms = 3600000
	sasl.oauthbearer.jwks.endpoint.retry.backoff.max.ms = 10000
	sasl.oauthbearer.jwks.endpoint.retry.backoff.ms = 100
	sasl.oauthbearer.jwks.endpoint.url = null
	sasl.oauthbearer.scope.claim.name = scope
	sasl.oauthbearer.sub.claim.name = sub
	sasl.oauthbearer.token.endpoint.url = null
	security.protocol = PLAINTEXT
	security.providers = null
	send.buffer.bytes = 131072
	socket.connection.setup.timeout.max.ms = 30000
	socket.connection.setup.timeout.ms = 10000
	ssl.cipher.suites = null
	ssl.enabled.protocols = [TLSv1.2, TLSv1.3]
	ssl.endpoint.identification.algorithm = https
	ssl.engine.factory.class = null
	ssl.key.password = null
	ssl.keymanager.algorithm = SunX509
	ssl.keystore.certificate.chain = null
	ssl.keystore.key = null
	ssl.keystore.location = null
	ssl.keystore.password = null
	ssl.keystore.type = JKS
	ssl.protocol = TLSv1.3
	ssl.provider = null
	ssl.secure.random.implementation = null
	ssl.trustmanager.algorithm = PKIX
	ssl.truststore.certificates = null
	ssl.truststore.location = null
	ssl.truststore.password = null
	ssl.truststore.type = JKS
	transaction.timeout.ms = 60000
	transactional.id = null
	value.serializer = class io.apicurio.registry.serde.avro.AvroKafkaSerializer

2025-09-28 17:20:50,158 INFO  [org.apa.kaf.com.tel.int.KafkaMetricsCollector] (main) initializing Kafka metrics collector
2025-09-28 17:20:50,161 INFO  [org.apa.kaf.cli.pro.KafkaProducer] (main) [Producer clientId=Producer-topic-a68b344f_5af6_4948_9687_a8745f15911c] Instantiated an idempotent producer.
2025-09-28 17:20:50,163 INFO  [org.apa.kaf.cli.pro.ProducerConfig] (main) These configurations '[apicurio.registry.url, apicurio.registry.artifact-resolver-strategy]' were supplied but are not used yet.
2025-09-28 17:20:50,163 INFO  [org.apa.kaf.com.uti.AppInfoParser] (main) Kafka version: 3.9.1
2025-09-28 17:20:50,163 INFO  [org.apa.kaf.com.uti.AppInfoParser] (main) Kafka commitId: f745dfdcee2b9851
2025-09-28 17:20:50,163 INFO  [org.apa.kaf.com.uti.AppInfoParser] (main) Kafka startTimeMs: 1759080050163
2025-09-28 17:20:50,163 INFO  [io.api.tes.ser.api.KafkaSerdesTester] (ForkJoinPool.commonPool-worker-3) Sending message {"key11759080044206": "value-0", "key21759080049102": "value-0"} to topic topic-a68b344f_5af6_4948_9687_a8745f15911c
2025-09-28 17:20:50,166 INFO  [org.apa.kaf.cli.Metadata] (kafka-producer-network-thread | Producer-topic-a68b344f_5af6_4948_9687_a8745f15911c) [Producer clientId=Producer-topic-a68b344f_5af6_4948_9687_a8745f15911c] Cluster ID: 3eubY_ZwQSCXVgI5PuowEg
2025-09-28 17:20:50,166 INFO  [org.apa.kaf.cli.pro.int.TransactionManager] (kafka-producer-network-thread | Producer-topic-a68b344f_5af6_4948_9687_a8745f15911c) [Producer clientId=Producer-topic-a68b344f_5af6_4948_9687_a8745f15911c] ProducerId set to 13 with epoch 0
2025-09-28 17:20:50,166 INFO  [DefaultSchemaResolver] (ForkJoinPool.commonPool-worker-3) Retrieving schema content using string: {"type":"record","name":"s989c3258xe2fcx44a5xb7d2x961558d23dea","namespace":"ns_e614a87d_ff5c_43f2_86e3_88500b58763d","fields":[{"name":"key11759080044206","type":"string"},{"name":"key21759080049102","type":"string"}]}
2025-09-28 17:20:50,194 INFO  [io.api.tes.ser.api.KafkaSerdesTester] (ForkJoinPool.commonPool-worker-3) Sending message {"key11759080044206": "value-1", "key21759080049102": "value-1"} to topic topic-a68b344f_5af6_4948_9687_a8745f15911c
2025-09-28 17:20:50,195 INFO  [io.api.tes.ser.api.KafkaSerdesTester] (ForkJoinPool.commonPool-worker-3) Sending message {"key11759080044206": "value-2", "key21759080049102": "value-2"} to topic topic-a68b344f_5af6_4948_9687_a8745f15911c
2025-09-28 17:20:50,197 INFO  [io.api.tes.ser.api.KafkaSerdesTester] (ForkJoinPool.commonPool-worker-3) Sending message {"key11759080044206": "value-3", "key21759080049102": "value-3"} to topic topic-a68b344f_5af6_4948_9687_a8745f15911c
2025-09-28 17:20:50,198 INFO  [io.api.tes.ser.api.KafkaSerdesTester] (ForkJoinPool.commonPool-worker-3) Sending message {"key11759080044206": "value-4", "key21759080049102": "value-4"} to topic topic-a68b344f_5af6_4948_9687_a8745f15911c
2025-09-28 17:20:50,199 INFO  [io.api.tes.ser.api.KafkaSerdesTester] (ForkJoinPool.commonPool-worker-3) Sending message {"key11759080044206": "value-5", "key21759080049102": "value-5"} to topic topic-a68b344f_5af6_4948_9687_a8745f15911c
2025-09-28 17:20:50,200 INFO  [io.api.tes.ser.api.KafkaSerdesTester] (ForkJoinPool.commonPool-worker-3) Sending message {"key11759080044206": "value-6", "key21759080049102": "value-6"} to topic topic-a68b344f_5af6_4948_9687_a8745f15911c
2025-09-28 17:20:50,201 INFO  [io.api.tes.ser.api.KafkaSerdesTester] (ForkJoinPool.commonPool-worker-3) Sending message {"key11759080044206": "value-7", "key21759080049102": "value-7"} to topic topic-a68b344f_5af6_4948_9687_a8745f15911c
2025-09-28 17:20:50,202 INFO  [io.api.tes.ser.api.KafkaSerdesTester] (ForkJoinPool.commonPool-worker-3) Sending message {"key11759080044206": "value-8", "key21759080049102": "value-8"} to topic topic-a68b344f_5af6_4948_9687_a8745f15911c
2025-09-28 17:20:50,203 INFO  [io.api.tes.ser.api.KafkaSerdesTester] (ForkJoinPool.commonPool-worker-3) Sending message {"key11759080044206": "value-9", "key21759080049102": "value-9"} to topic topic-a68b344f_5af6_4948_9687_a8745f15911c
2025-09-28 17:20:50,204 INFO  [io.api.tes.ser.api.KafkaSerdesTester] (ForkJoinPool.commonPool-worker-3) Produced 10 messages
2025-09-28 17:20:50,204 INFO  [org.apa.kaf.cli.pro.KafkaProducer] (ForkJoinPool.commonPool-worker-3) [Producer clientId=Producer-topic-a68b344f_5af6_4948_9687_a8745f15911c] Closing the Kafka producer with timeoutMillis = 9223372036854775807 ms.
2025-09-28 17:20:50,206 INFO  [org.apa.kaf.com.met.Metrics] (ForkJoinPool.commonPool-worker-3) Metrics scheduler closed
2025-09-28 17:20:50,206 INFO  [org.apa.kaf.com.met.Metrics] (ForkJoinPool.commonPool-worker-3) Closing reporter org.apache.kafka.common.metrics.JmxReporter
2025-09-28 17:20:50,206 INFO  [org.apa.kaf.com.met.Metrics] (ForkJoinPool.commonPool-worker-3) Closing reporter org.apache.kafka.common.telemetry.internals.ClientTelemetryReporter
2025-09-28 17:20:50,206 INFO  [org.apa.kaf.com.met.Metrics] (ForkJoinPool.commonPool-worker-3) Metrics reporters closed
2025-09-28 17:20:50,206 INFO  [org.apa.kaf.com.uti.AppInfoParser] (ForkJoinPool.commonPool-worker-3) App info kafka.producer for Producer-topic-a68b344f_5af6_4948_9687_a8745f15911c unregistered
**** Registry Base URL: http://registry-app-mysql.apps.ci419.apicurio-testing.org:80
2025-09-28 17:20:50,206 INFO  [org.apa.kaf.cli.pro.ProducerConfig] (main) ProducerConfig values: 
	acks = -1
	auto.include.jmx.reporter = true
	batch.size = 16384
	bootstrap.servers = [PLAINTEXT://localhost:32769]
	buffer.memory = 33554432
	client.dns.lookup = use_all_dns_ips
	client.id = Producer-topic-a68b344f_5af6_4948_9687_a8745f15911c
	compression.gzip.level = -1
	compression.lz4.level = 9
	compression.type = none
	compression.zstd.level = 3
	connections.max.idle.ms = 10000
	delivery.timeout.ms = 120000
	enable.idempotence = true
	enable.metrics.push = true
	interceptor.classes = []
	key.serializer = class org.apache.kafka.common.serialization.StringSerializer
	linger.ms = 0
	max.block.ms = 60000
	max.in.flight.requests.per.connection = 5
	max.request.size = 1048576
	metadata.max.age.ms = 300000
	metadata.max.idle.ms = 300000
	metadata.recovery.strategy = none
	metric.reporters = []
	metrics.num.samples = 2
	metrics.recording.level = INFO
	metrics.sample.window.ms = 30000
	partitioner.adaptive.partitioning.enable = true
	partitioner.availability.timeout.ms = 0
	partitioner.class = null
	partitioner.ignore.keys = false
	receive.buffer.bytes = 32768
	reconnect.backoff.max.ms = 1000
	reconnect.backoff.ms = 50
	request.timeout.ms = 5000
	retries = 2147483647
	retry.backoff.max.ms = 1000
	retry.backoff.ms = 100
	sasl.client.callback.handler.class = null
	sasl.jaas.config = null
	sasl.kerberos.kinit.cmd = /usr/bin/kinit
	sasl.kerberos.min.time.before.relogin = 60000
	sasl.kerberos.service.name = null
	sasl.kerberos.ticket.renew.jitter = 0.05
	sasl.kerberos.ticket.renew.window.factor = 0.8
	sasl.login.callback.handler.class = null
	sasl.login.class = null
	sasl.login.connect.timeout.ms = null
	sasl.login.read.timeout.ms = null
	sasl.login.refresh.buffer.seconds = 300
	sasl.login.refresh.min.period.seconds = 60
	sasl.login.refresh.window.factor = 0.8
	sasl.login.refresh.window.jitter = 0.05
	sasl.login.retry.backoff.max.ms = 10000
	sasl.login.retry.backoff.ms = 100
	sasl.mechanism = GSSAPI
	sasl.oauthbearer.clock.skew.seconds = 30
	sasl.oauthbearer.expected.audience = null
	sasl.oauthbearer.expected.issuer = null
	sasl.oauthbearer.header.urlencode = false
	sasl.oauthbearer.jwks.endpoint.refresh.ms = 3600000
	sasl.oauthbearer.jwks.endpoint.retry.backoff.max.ms = 10000
	sasl.oauthbearer.jwks.endpoint.retry.backoff.ms = 100
	sasl.oauthbearer.jwks.endpoint.url = null
	sasl.oauthbearer.scope.claim.name = scope
	sasl.oauthbearer.sub.claim.name = sub
	sasl.oauthbearer.token.endpoint.url = null
	security.protocol = PLAINTEXT
	security.providers = null
	send.buffer.bytes = 131072
	socket.connection.setup.timeout.max.ms = 30000
	socket.connection.setup.timeout.ms = 10000
	ssl.cipher.suites = null
	ssl.enabled.protocols = [TLSv1.2, TLSv1.3]
	ssl.endpoint.identification.algorithm = https
	ssl.engine.factory.class = null
	ssl.key.password = null
	ssl.keymanager.algorithm = SunX509
	ssl.keystore.certificate.chain = null
	ssl.keystore.key = null
	ssl.keystore.location = null
	ssl.keystore.password = null
	ssl.keystore.type = JKS
	ssl.protocol = TLSv1.3
	ssl.provider = null
	ssl.secure.random.implementation = null
	ssl.trustmanager.algorithm = PKIX
	ssl.truststore.certificates = null
	ssl.truststore.location = null
	ssl.truststore.password = null
	ssl.truststore.type = JKS
	transaction.timeout.ms = 60000
	transactional.id = null
	value.serializer = class io.apicurio.registry.serde.avro.AvroKafkaSerializer

2025-09-28 17:20:50,207 INFO  [org.apa.kaf.com.tel.int.KafkaMetricsCollector] (main) initializing Kafka metrics collector
2025-09-28 17:20:50,210 INFO  [org.apa.kaf.cli.pro.KafkaProducer] (main) [Producer clientId=Producer-topic-a68b344f_5af6_4948_9687_a8745f15911c] Instantiated an idempotent producer.
2025-09-28 17:20:50,211 INFO  [org.apa.kaf.cli.pro.ProducerConfig] (main) These configurations '[apicurio.registry.url, apicurio.registry.artifact-resolver-strategy]' were supplied but are not used yet.
2025-09-28 17:20:50,211 INFO  [org.apa.kaf.com.uti.AppInfoParser] (main) Kafka version: 3.9.1
2025-09-28 17:20:50,211 INFO  [org.apa.kaf.com.uti.AppInfoParser] (main) Kafka commitId: f745dfdcee2b9851
2025-09-28 17:20:50,211 INFO  [org.apa.kaf.com.uti.AppInfoParser] (main) Kafka startTimeMs: 1759080050211
2025-09-28 17:20:50,211 INFO  [io.api.tes.ser.api.KafkaSerdesTester] (ForkJoinPool.commonPool-worker-3) Sending message {"key11759080044206": "value-0"} to topic topic-a68b344f_5af6_4948_9687_a8745f15911c
2025-09-28 17:20:50,215 INFO  [org.apa.kaf.cli.Metadata] (kafka-producer-network-thread | Producer-topic-a68b344f_5af6_4948_9687_a8745f15911c) [Producer clientId=Producer-topic-a68b344f_5af6_4948_9687_a8745f15911c] Cluster ID: 3eubY_ZwQSCXVgI5PuowEg
2025-09-28 17:20:50,215 INFO  [org.apa.kaf.cli.pro.int.TransactionManager] (kafka-producer-network-thread | Producer-topic-a68b344f_5af6_4948_9687_a8745f15911c) [Producer clientId=Producer-topic-a68b344f_5af6_4948_9687_a8745f15911c] ProducerId set to 14 with epoch 0
2025-09-28 17:20:50,215 INFO  [DefaultSchemaResolver] (ForkJoinPool.commonPool-worker-3) Retrieving schema content using string: {"type":"record","name":"s989c3258xe2fcx44a5xb7d2x961558d23dea","namespace":"ns_e614a87d_ff5c_43f2_86e3_88500b58763d","fields":[{"name":"key11759080044206","type":"string"}]}
2025-09-28 17:20:50,246 INFO  [io.api.tes.ser.api.KafkaSerdesTester] (ForkJoinPool.commonPool-worker-3) Sending message {"key11759080044206": "value-1"} to topic topic-a68b344f_5af6_4948_9687_a8745f15911c
2025-09-28 17:20:50,247 INFO  [io.api.tes.ser.api.KafkaSerdesTester] (ForkJoinPool.commonPool-worker-3) Sending message {"key11759080044206": "value-2"} to topic topic-a68b344f_5af6_4948_9687_a8745f15911c
2025-09-28 17:20:50,248 INFO  [io.api.tes.ser.api.KafkaSerdesTester] (ForkJoinPool.commonPool-worker-3) Sending message {"key11759080044206": "value-3"} to topic topic-a68b344f_5af6_4948_9687_a8745f15911c
2025-09-28 17:20:50,250 INFO  [io.api.tes.ser.api.KafkaSerdesTester] (ForkJoinPool.commonPool-worker-3) Sending message {"key11759080044206": "value-4"} to topic topic-a68b344f_5af6_4948_9687_a8745f15911c
2025-09-28 17:20:50,252 INFO  [io.api.tes.ser.api.KafkaSerdesTester] (ForkJoinPool.commonPool-worker-3) Sending message {"key11759080044206": "value-5"} to topic topic-a68b344f_5af6_4948_9687_a8745f15911c
2025-09-28 17:20:50,253 INFO  [io.api.tes.ser.api.KafkaSerdesTester] (ForkJoinPool.commonPool-worker-3) Sending message {"key11759080044206": "value-6"} to topic topic-a68b344f_5af6_4948_9687_a8745f15911c
2025-09-28 17:20:50,254 INFO  [io.api.tes.ser.api.KafkaSerdesTester] (ForkJoinPool.commonPool-worker-3) Sending message {"key11759080044206": "value-7"} to topic topic-a68b344f_5af6_4948_9687_a8745f15911c
2025-09-28 17:20:50,255 INFO  [io.api.tes.ser.api.KafkaSerdesTester] (ForkJoinPool.commonPool-worker-3) Sending message {"key11759080044206": "value-8"} to topic topic-a68b344f_5af6_4948_9687_a8745f15911c
2025-09-28 17:20:50,256 INFO  [io.api.tes.ser.api.KafkaSerdesTester] (ForkJoinPool.commonPool-worker-3) Sending message {"key11759080044206": "value-9"} to topic topic-a68b344f_5af6_4948_9687_a8745f15911c
2025-09-28 17:20:50,258 INFO  [io.api.tes.ser.api.KafkaSerdesTester] (ForkJoinPool.commonPool-worker-3) Produced 10 messages
2025-09-28 17:20:50,258 INFO  [org.apa.kaf.cli.pro.KafkaProducer] (ForkJoinPool.commonPool-worker-3) [Producer clientId=Producer-topic-a68b344f_5af6_4948_9687_a8745f15911c] Closing the Kafka producer with timeoutMillis = 9223372036854775807 ms.
2025-09-28 17:20:50,259 INFO  [org.apa.kaf.com.met.Metrics] (ForkJoinPool.commonPool-worker-3) Metrics scheduler closed
2025-09-28 17:20:50,259 INFO  [org.apa.kaf.com.met.Metrics] (ForkJoinPool.commonPool-worker-3) Closing reporter org.apache.kafka.common.metrics.JmxReporter
2025-09-28 17:20:50,259 INFO  [org.apa.kaf.com.met.Metrics] (ForkJoinPool.commonPool-worker-3) Closing reporter org.apache.kafka.common.telemetry.internals.ClientTelemetryReporter
2025-09-28 17:20:50,259 INFO  [org.apa.kaf.com.met.Metrics] (ForkJoinPool.commonPool-worker-3) Metrics reporters closed
2025-09-28 17:20:50,259 INFO  [org.apa.kaf.com.uti.AppInfoParser] (ForkJoinPool.commonPool-worker-3) App info kafka.producer for Producer-topic-a68b344f_5af6_4948_9687_a8745f15911c unregistered
**** Registry Base URL: http://registry-app-mysql.apps.ci419.apicurio-testing.org:80
2025-09-28 17:20:50,260 INFO  [org.apa.kaf.cli.con.ConsumerConfig] (main) ConsumerConfig values: 
	allow.auto.create.topics = true
	auto.commit.interval.ms = 500
	auto.include.jmx.reporter = true
	auto.offset.reset = earliest
	bootstrap.servers = [PLAINTEXT://localhost:32769]
	check.crcs = true
	client.dns.lookup = use_all_dns_ips
	client.id = consumer-Consumer-topic-a68b344f_5af6_4948_9687_a8745f15911c-11
	client.rack = 
	connections.max.idle.ms = 10000
	default.api.timeout.ms = 60000
	enable.auto.commit = true
	enable.metrics.push = true
	exclude.internal.topics = true
	fetch.max.bytes = 52428800
	fetch.max.wait.ms = 500
	fetch.min.bytes = 1
	group.id = Consumer-topic-a68b344f_5af6_4948_9687_a8745f15911c
	group.instance.id = null
	group.protocol = classic
	group.remote.assignor = null
	heartbeat.interval.ms = 3000
	interceptor.classes = []
	internal.leave.group.on.close = true
	internal.throw.on.fetch.stable.offset.unsupported = false
	isolation.level = read_uncommitted
	key.deserializer = class org.apache.kafka.common.serialization.StringDeserializer
	max.partition.fetch.bytes = 1048576
	max.poll.interval.ms = 300000
	max.poll.records = 500
	metadata.max.age.ms = 300000
	metadata.recovery.strategy = none
	metric.reporters = []
	metrics.num.samples = 2
	metrics.recording.level = INFO
	metrics.sample.window.ms = 30000
	partition.assignment.strategy = [class org.apache.kafka.clients.consumer.RangeAssignor, class org.apache.kafka.clients.consumer.CooperativeStickyAssignor]
	receive.buffer.bytes = 65536
	reconnect.backoff.max.ms = 1000
	reconnect.backoff.ms = 50
	request.timeout.ms = 5000
	retry.backoff.max.ms = 1000
	retry.backoff.ms = 100
	sasl.client.callback.handler.class = null
	sasl.jaas.config = null
	sasl.kerberos.kinit.cmd = /usr/bin/kinit
	sasl.kerberos.min.time.before.relogin = 60000
	sasl.kerberos.service.name = null
	sasl.kerberos.ticket.renew.jitter = 0.05
	sasl.kerberos.ticket.renew.window.factor = 0.8
	sasl.login.callback.handler.class = null
	sasl.login.class = null
	sasl.login.connect.timeout.ms = null
	sasl.login.read.timeout.ms = null
	sasl.login.refresh.buffer.seconds = 300
	sasl.login.refresh.min.period.seconds = 60
	sasl.login.refresh.window.factor = 0.8
	sasl.login.refresh.window.jitter = 0.05
	sasl.login.retry.backoff.max.ms = 10000
	sasl.login.retry.backoff.ms = 100
	sasl.mechanism = GSSAPI
	sasl.oauthbearer.clock.skew.seconds = 30
	sasl.oauthbearer.expected.audience = null
	sasl.oauthbearer.expected.issuer = null
	sasl.oauthbearer.header.urlencode = false
	sasl.oauthbearer.jwks.endpoint.refresh.ms = 3600000
	sasl.oauthbearer.jwks.endpoint.retry.backoff.max.ms = 10000
	sasl.oauthbearer.jwks.endpoint.retry.backoff.ms = 100
	sasl.oauthbearer.jwks.endpoint.url = null
	sasl.oauthbearer.scope.claim.name = scope
	sasl.oauthbearer.sub.claim.name = sub
	sasl.oauthbearer.token.endpoint.url = null
	security.protocol = PLAINTEXT
	security.providers = null
	send.buffer.bytes = 131072
	session.timeout.ms = 45000
	socket.connection.setup.timeout.max.ms = 30000
	socket.connection.setup.timeout.ms = 10000
	ssl.cipher.suites = null
	ssl.enabled.protocols = [TLSv1.2, TLSv1.3]
	ssl.endpoint.identification.algorithm = https
	ssl.engine.factory.class = null
	ssl.key.password = null
	ssl.keymanager.algorithm = SunX509
	ssl.keystore.certificate.chain = null
	ssl.keystore.key = null
	ssl.keystore.location = null
	ssl.keystore.password = null
	ssl.keystore.type = JKS
	ssl.protocol = TLSv1.3
	ssl.provider = null
	ssl.secure.random.implementation = null
	ssl.trustmanager.algorithm = PKIX
	ssl.truststore.certificates = null
	ssl.truststore.location = null
	ssl.truststore.password = null
	ssl.truststore.type = JKS
	value.deserializer = class io.apicurio.registry.serde.avro.AvroKafkaDeserializer

2025-09-28 17:20:50,260 INFO  [org.apa.kaf.com.tel.int.KafkaMetricsCollector] (main) initializing Kafka metrics collector
2025-09-28 17:20:50,264 INFO  [org.apa.kaf.cli.con.ConsumerConfig] (main) These configurations '[apicurio.registry.url]' were supplied but are not used yet.
2025-09-28 17:20:50,264 INFO  [org.apa.kaf.com.uti.AppInfoParser] (main) Kafka version: 3.9.1
2025-09-28 17:20:50,264 INFO  [org.apa.kaf.com.uti.AppInfoParser] (main) Kafka commitId: f745dfdcee2b9851
2025-09-28 17:20:50,264 INFO  [org.apa.kaf.com.uti.AppInfoParser] (main) Kafka startTimeMs: 1759080050264
2025-09-28 17:20:50,264 INFO  [org.apa.kaf.cli.con.int.ClassicKafkaConsumer] (ForkJoinPool.commonPool-worker-3) [Consumer clientId=consumer-Consumer-topic-a68b344f_5af6_4948_9687_a8745f15911c-11, groupId=Consumer-topic-a68b344f_5af6_4948_9687_a8745f15911c] Subscribed to topic(s): topic-a68b344f_5af6_4948_9687_a8745f15911c
2025-09-28 17:20:50,267 INFO  [org.apa.kaf.cli.Metadata] (ForkJoinPool.commonPool-worker-3) [Consumer clientId=consumer-Consumer-topic-a68b344f_5af6_4948_9687_a8745f15911c-11, groupId=Consumer-topic-a68b344f_5af6_4948_9687_a8745f15911c] Cluster ID: 3eubY_ZwQSCXVgI5PuowEg
2025-09-28 17:20:50,267 INFO  [org.apa.kaf.cli.con.int.ConsumerCoordinator] (ForkJoinPool.commonPool-worker-3) [Consumer clientId=consumer-Consumer-topic-a68b344f_5af6_4948_9687_a8745f15911c-11, groupId=Consumer-topic-a68b344f_5af6_4948_9687_a8745f15911c] Discovered group coordinator localhost:32769 (id: 2147483647 rack: null)
2025-09-28 17:20:50,268 INFO  [org.apa.kaf.cli.con.int.ConsumerCoordinator] (ForkJoinPool.commonPool-worker-3) [Consumer clientId=consumer-Consumer-topic-a68b344f_5af6_4948_9687_a8745f15911c-11, groupId=Consumer-topic-a68b344f_5af6_4948_9687_a8745f15911c] (Re-)joining group
2025-09-28 17:20:50,270 INFO  [org.apa.kaf.cli.con.int.ConsumerCoordinator] (ForkJoinPool.commonPool-worker-3) [Consumer clientId=consumer-Consumer-topic-a68b344f_5af6_4948_9687_a8745f15911c-11, groupId=Consumer-topic-a68b344f_5af6_4948_9687_a8745f15911c] Request joining group due to: need to re-join with the given member-id: consumer-Consumer-topic-a68b344f_5af6_4948_9687_a8745f15911c-11-80394ba9-f3b6-46fa-b49c-94b038c4f60b
2025-09-28 17:20:50,270 INFO  [org.apa.kaf.cli.con.int.ConsumerCoordinator] (ForkJoinPool.commonPool-worker-3) [Consumer clientId=consumer-Consumer-topic-a68b344f_5af6_4948_9687_a8745f15911c-11, groupId=Consumer-topic-a68b344f_5af6_4948_9687_a8745f15911c] (Re-)joining group
2025-09-28 17:20:51,264 INFO  [io.api.tes.ser.api.KafkaSerdesTester] (ForkJoinPool.commonPool-worker-3) None found
2025-09-28 17:20:52,264 INFO  [io.api.tes.ser.api.KafkaSerdesTester] (ForkJoinPool.commonPool-worker-3) None found
2025-09-28 17:20:53,265 INFO  [io.api.tes.ser.api.KafkaSerdesTester] (ForkJoinPool.commonPool-worker-3) None found
2025-09-28 17:20:53,272 INFO  [org.apa.kaf.cli.con.int.ConsumerCoordinator] (ForkJoinPool.commonPool-worker-3) [Consumer clientId=consumer-Consumer-topic-a68b344f_5af6_4948_9687_a8745f15911c-11, groupId=Consumer-topic-a68b344f_5af6_4948_9687_a8745f15911c] Successfully joined group with generation Generation{generationId=3, memberId='consumer-Consumer-topic-a68b344f_5af6_4948_9687_a8745f15911c-11-80394ba9-f3b6-46fa-b49c-94b038c4f60b', protocol='range'}
2025-09-28 17:20:53,272 INFO  [org.apa.kaf.cli.con.int.ConsumerCoordinator] (ForkJoinPool.commonPool-worker-3) [Consumer clientId=consumer-Consumer-topic-a68b344f_5af6_4948_9687_a8745f15911c-11, groupId=Consumer-topic-a68b344f_5af6_4948_9687_a8745f15911c] Finished assignment for group at generation 3: {consumer-Consumer-topic-a68b344f_5af6_4948_9687_a8745f15911c-11-80394ba9-f3b6-46fa-b49c-94b038c4f60b=Assignment(partitions=[topic-a68b344f_5af6_4948_9687_a8745f15911c-0])}
2025-09-28 17:20:53,279 INFO  [org.apa.kaf.cli.con.int.ConsumerCoordinator] (ForkJoinPool.commonPool-worker-3) [Consumer clientId=consumer-Consumer-topic-a68b344f_5af6_4948_9687_a8745f15911c-11, groupId=Consumer-topic-a68b344f_5af6_4948_9687_a8745f15911c] Successfully synced group in generation Generation{generationId=3, memberId='consumer-Consumer-topic-a68b344f_5af6_4948_9687_a8745f15911c-11-80394ba9-f3b6-46fa-b49c-94b038c4f60b', protocol='range'}
2025-09-28 17:20:53,279 INFO  [org.apa.kaf.cli.con.int.ConsumerCoordinator] (ForkJoinPool.commonPool-worker-3) [Consumer clientId=consumer-Consumer-topic-a68b344f_5af6_4948_9687_a8745f15911c-11, groupId=Consumer-topic-a68b344f_5af6_4948_9687_a8745f15911c] Notifying assignor about the new Assignment(partitions=[topic-a68b344f_5af6_4948_9687_a8745f15911c-0])
2025-09-28 17:20:53,279 INFO  [org.apa.kaf.cli.con.int.ConsumerRebalanceListenerInvoker] (ForkJoinPool.commonPool-worker-3) [Consumer clientId=consumer-Consumer-topic-a68b344f_5af6_4948_9687_a8745f15911c-11, groupId=Consumer-topic-a68b344f_5af6_4948_9687_a8745f15911c] Adding newly assigned partitions: topic-a68b344f_5af6_4948_9687_a8745f15911c-0
2025-09-28 17:20:53,281 INFO  [org.apa.kaf.cli.con.int.ConsumerUtils] (ForkJoinPool.commonPool-worker-3) Setting offset for partition topic-a68b344f_5af6_4948_9687_a8745f15911c-0 to the committed offset FetchPosition{offset=10, offsetEpoch=Optional[0], currentLeader=LeaderAndEpoch{leader=Optional[localhost:32769 (id: 0 rack: null)], epoch=0}}
2025-09-28 17:20:53,416 INFO  [io.api.tes.ser.api.KafkaSerdesTester] (ForkJoinPool.commonPool-worker-3) topic-a68b344f_5af6_4948_9687_a8745f15911c 0 10 {"key11759080044206": "value-0", "key21759080049102": "value-0"}
2025-09-28 17:20:53,416 INFO  [io.api.tes.ser.api.KafkaSerdesTester] (ForkJoinPool.commonPool-worker-3) topic-a68b344f_5af6_4948_9687_a8745f15911c 0 11 {"key11759080044206": "value-1", "key21759080049102": "value-1"}
2025-09-28 17:20:53,416 INFO  [io.api.tes.ser.api.KafkaSerdesTester] (ForkJoinPool.commonPool-worker-3) topic-a68b344f_5af6_4948_9687_a8745f15911c 0 12 {"key11759080044206": "value-2", "key21759080049102": "value-2"}
2025-09-28 17:20:53,416 INFO  [io.api.tes.ser.api.KafkaSerdesTester] (ForkJoinPool.commonPool-worker-3) topic-a68b344f_5af6_4948_9687_a8745f15911c 0 13 {"key11759080044206": "value-3", "key21759080049102": "value-3"}
2025-09-28 17:20:53,416 INFO  [io.api.tes.ser.api.KafkaSerdesTester] (ForkJoinPool.commonPool-worker-3) topic-a68b344f_5af6_4948_9687_a8745f15911c 0 14 {"key11759080044206": "value-4", "key21759080049102": "value-4"}
2025-09-28 17:20:53,416 INFO  [io.api.tes.ser.api.KafkaSerdesTester] (ForkJoinPool.commonPool-worker-3) topic-a68b344f_5af6_4948_9687_a8745f15911c 0 15 {"key11759080044206": "value-5", "key21759080049102": "value-5"}
2025-09-28 17:20:53,416 INFO  [io.api.tes.ser.api.KafkaSerdesTester] (ForkJoinPool.commonPool-worker-3) topic-a68b344f_5af6_4948_9687_a8745f15911c 0 16 {"key11759080044206": "value-6", "key21759080049102": "value-6"}
2025-09-28 17:20:53,416 INFO  [io.api.tes.ser.api.KafkaSerdesTester] (ForkJoinPool.commonPool-worker-3) topic-a68b344f_5af6_4948_9687_a8745f15911c 0 17 {"key11759080044206": "value-7", "key21759080049102": "value-7"}
2025-09-28 17:20:53,416 INFO  [io.api.tes.ser.api.KafkaSerdesTester] (ForkJoinPool.commonPool-worker-3) topic-a68b344f_5af6_4948_9687_a8745f15911c 0 18 {"key11759080044206": "value-8", "key21759080049102": "value-8"}
2025-09-28 17:20:53,416 INFO  [io.api.tes.ser.api.KafkaSerdesTester] (ForkJoinPool.commonPool-worker-3) topic-a68b344f_5af6_4948_9687_a8745f15911c 0 19 {"key11759080044206": "value-9", "key21759080049102": "value-9"}
2025-09-28 17:20:53,417 INFO  [io.api.tes.ser.api.KafkaSerdesTester] (ForkJoinPool.commonPool-worker-3) topic-a68b344f_5af6_4948_9687_a8745f15911c 0 20 {"key11759080044206": "value-0"}
2025-09-28 17:20:53,417 INFO  [io.api.tes.ser.api.KafkaSerdesTester] (ForkJoinPool.commonPool-worker-3) topic-a68b344f_5af6_4948_9687_a8745f15911c 0 21 {"key11759080044206": "value-1"}
2025-09-28 17:20:53,417 INFO  [io.api.tes.ser.api.KafkaSerdesTester] (ForkJoinPool.commonPool-worker-3) topic-a68b344f_5af6_4948_9687_a8745f15911c 0 22 {"key11759080044206": "value-2"}
2025-09-28 17:20:53,417 INFO  [io.api.tes.ser.api.KafkaSerdesTester] (ForkJoinPool.commonPool-worker-3) topic-a68b344f_5af6_4948_9687_a8745f15911c 0 23 {"key11759080044206": "value-3"}
2025-09-28 17:20:53,417 INFO  [io.api.tes.ser.api.KafkaSerdesTester] (ForkJoinPool.commonPool-worker-3) topic-a68b344f_5af6_4948_9687_a8745f15911c 0 24 {"key11759080044206": "value-4"}
2025-09-28 17:20:53,417 INFO  [io.api.tes.ser.api.KafkaSerdesTester] (ForkJoinPool.commonPool-worker-3) topic-a68b344f_5af6_4948_9687_a8745f15911c 0 25 {"key11759080044206": "value-5"}
2025-09-28 17:20:53,417 INFO  [io.api.tes.ser.api.KafkaSerdesTester] (ForkJoinPool.commonPool-worker-3) topic-a68b344f_5af6_4948_9687_a8745f15911c 0 26 {"key11759080044206": "value-6"}
2025-09-28 17:20:53,417 INFO  [io.api.tes.ser.api.KafkaSerdesTester] (ForkJoinPool.commonPool-worker-3) topic-a68b344f_5af6_4948_9687_a8745f15911c 0 27 {"key11759080044206": "value-7"}
2025-09-28 17:20:53,417 INFO  [io.api.tes.ser.api.KafkaSerdesTester] (ForkJoinPool.commonPool-worker-3) topic-a68b344f_5af6_4948_9687_a8745f15911c 0 28 {"key11759080044206": "value-8"}
2025-09-28 17:20:53,417 INFO  [io.api.tes.ser.api.KafkaSerdesTester] (ForkJoinPool.commonPool-worker-3) topic-a68b344f_5af6_4948_9687_a8745f15911c 0 29 {"key11759080044206": "value-9"}
2025-09-28 17:20:53,417 INFO  [io.api.tes.ser.api.KafkaSerdesTester] (ForkJoinPool.commonPool-worker-3) Consumed 20 messages
2025-09-28 17:20:53,424 INFO  [org.apa.kaf.cli.con.int.ConsumerRebalanceListenerInvoker] (ForkJoinPool.commonPool-worker-3) [Consumer clientId=consumer-Consumer-topic-a68b344f_5af6_4948_9687_a8745f15911c-11, groupId=Consumer-topic-a68b344f_5af6_4948_9687_a8745f15911c] Revoke previously assigned partitions topic-a68b344f_5af6_4948_9687_a8745f15911c-0
2025-09-28 17:20:53,424 INFO  [org.apa.kaf.cli.con.int.ConsumerCoordinator] (ForkJoinPool.commonPool-worker-3) [Consumer clientId=consumer-Consumer-topic-a68b344f_5af6_4948_9687_a8745f15911c-11, groupId=Consumer-topic-a68b344f_5af6_4948_9687_a8745f15911c] Member consumer-Consumer-topic-a68b344f_5af6_4948_9687_a8745f15911c-11-80394ba9-f3b6-46fa-b49c-94b038c4f60b sending LeaveGroup request to coordinator localhost:32769 (id: 2147483647 rack: null) due to the consumer is being closed
2025-09-28 17:20:53,424 INFO  [org.apa.kaf.cli.con.int.ConsumerCoordinator] (ForkJoinPool.commonPool-worker-3) [Consumer clientId=consumer-Consumer-topic-a68b344f_5af6_4948_9687_a8745f15911c-11, groupId=Consumer-topic-a68b344f_5af6_4948_9687_a8745f15911c] Resetting generation and member id due to: consumer pro-actively leaving the group
2025-09-28 17:20:53,424 INFO  [org.apa.kaf.cli.con.int.ConsumerCoordinator] (ForkJoinPool.commonPool-worker-3) [Consumer clientId=consumer-Consumer-topic-a68b344f_5af6_4948_9687_a8745f15911c-11, groupId=Consumer-topic-a68b344f_5af6_4948_9687_a8745f15911c] Request joining group due to: consumer pro-actively leaving the group
2025-09-28 17:20:53,918 INFO  [org.apa.kaf.com.met.Metrics] (ForkJoinPool.commonPool-worker-3) Metrics scheduler closed
2025-09-28 17:20:53,918 INFO  [org.apa.kaf.com.met.Metrics] (ForkJoinPool.commonPool-worker-3) Closing reporter org.apache.kafka.common.metrics.JmxReporter
2025-09-28 17:20:53,918 INFO  [org.apa.kaf.com.met.Metrics] (ForkJoinPool.commonPool-worker-3) Closing reporter org.apache.kafka.common.telemetry.internals.ClientTelemetryReporter
2025-09-28 17:20:53,918 INFO  [org.apa.kaf.com.met.Metrics] (ForkJoinPool.commonPool-worker-3) Metrics reporters closed
2025-09-28 17:20:53,920 INFO  [org.apa.kaf.com.uti.AppInfoParser] (ForkJoinPool.commonPool-worker-3) App info kafka.consumer for consumer-Consumer-topic-a68b344f_5af6_4948_9687_a8745f15911c-11 unregistered
2025-09-28 17:20:53,921 INFO  [io.api.tes.ser.api.AvroSerdeIT] (main) Registering Avro Schema 3: {"type":"record","name":"s989c3258xe2fcx44a5xb7d2x961558d23dea","namespace":"ns_e614a87d_ff5c_43f2_86e3_88500b58763d","fields":[{"name":"key11759080044206","type":"string"},{"name":"key21759080049102","type":"string"},{"name":"key31759080053920","type":"string"}]}
**** Registry Base URL: http://registry-app-mysql.apps.ci419.apicurio-testing.org:80
2025-09-28 17:20:54,972 INFO  [org.apa.kaf.cli.pro.ProducerConfig] (main) ProducerConfig values: 
	acks = -1
	auto.include.jmx.reporter = true
	batch.size = 16384
	bootstrap.servers = [PLAINTEXT://localhost:32769]
	buffer.memory = 33554432
	client.dns.lookup = use_all_dns_ips
	client.id = Producer-topic-a68b344f_5af6_4948_9687_a8745f15911c
	compression.gzip.level = -1
	compression.lz4.level = 9
	compression.type = none
	compression.zstd.level = 3
	connections.max.idle.ms = 10000
	delivery.timeout.ms = 120000
	enable.idempotence = true
	enable.metrics.push = true
	interceptor.classes = []
	key.serializer = class org.apache.kafka.common.serialization.StringSerializer
	linger.ms = 0
	max.block.ms = 60000
	max.in.flight.requests.per.connection = 5
	max.request.size = 1048576
	metadata.max.age.ms = 300000
	metadata.max.idle.ms = 300000
	metadata.recovery.strategy = none
	metric.reporters = []
	metrics.num.samples = 2
	metrics.recording.level = INFO
	metrics.sample.window.ms = 30000
	partitioner.adaptive.partitioning.enable = true
	partitioner.availability.timeout.ms = 0
	partitioner.class = null
	partitioner.ignore.keys = false
	receive.buffer.bytes = 32768
	reconnect.backoff.max.ms = 1000
	reconnect.backoff.ms = 50
	request.timeout.ms = 5000
	retries = 2147483647
	retry.backoff.max.ms = 1000
	retry.backoff.ms = 100
	sasl.client.callback.handler.class = null
	sasl.jaas.config = null
	sasl.kerberos.kinit.cmd = /usr/bin/kinit
	sasl.kerberos.min.time.before.relogin = 60000
	sasl.kerberos.service.name = null
	sasl.kerberos.ticket.renew.jitter = 0.05
	sasl.kerberos.ticket.renew.window.factor = 0.8
	sasl.login.callback.handler.class = null
	sasl.login.class = null
	sasl.login.connect.timeout.ms = null
	sasl.login.read.timeout.ms = null
	sasl.login.refresh.buffer.seconds = 300
	sasl.login.refresh.min.period.seconds = 60
	sasl.login.refresh.window.factor = 0.8
	sasl.login.refresh.window.jitter = 0.05
	sasl.login.retry.backoff.max.ms = 10000
	sasl.login.retry.backoff.ms = 100
	sasl.mechanism = GSSAPI
	sasl.oauthbearer.clock.skew.seconds = 30
	sasl.oauthbearer.expected.audience = null
	sasl.oauthbearer.expected.issuer = null
	sasl.oauthbearer.header.urlencode = false
	sasl.oauthbearer.jwks.endpoint.refresh.ms = 3600000
	sasl.oauthbearer.jwks.endpoint.retry.backoff.max.ms = 10000
	sasl.oauthbearer.jwks.endpoint.retry.backoff.ms = 100
	sasl.oauthbearer.jwks.endpoint.url = null
	sasl.oauthbearer.scope.claim.name = scope
	sasl.oauthbearer.sub.claim.name = sub
	sasl.oauthbearer.token.endpoint.url = null
	security.protocol = PLAINTEXT
	security.providers = null
	send.buffer.bytes = 131072
	socket.connection.setup.timeout.max.ms = 30000
	socket.connection.setup.timeout.ms = 10000
	ssl.cipher.suites = null
	ssl.enabled.protocols = [TLSv1.2, TLSv1.3]
	ssl.endpoint.identification.algorithm = https
	ssl.engine.factory.class = null
	ssl.key.password = null
	ssl.keymanager.algorithm = SunX509
	ssl.keystore.certificate.chain = null
	ssl.keystore.key = null
	ssl.keystore.location = null
	ssl.keystore.password = null
	ssl.keystore.type = JKS
	ssl.protocol = TLSv1.3
	ssl.provider = null
	ssl.secure.random.implementation = null
	ssl.trustmanager.algorithm = PKIX
	ssl.truststore.certificates = null
	ssl.truststore.location = null
	ssl.truststore.password = null
	ssl.truststore.type = JKS
	transaction.timeout.ms = 60000
	transactional.id = null
	value.serializer = class io.apicurio.registry.serde.avro.AvroKafkaSerializer

2025-09-28 17:20:54,972 INFO  [org.apa.kaf.com.tel.int.KafkaMetricsCollector] (main) initializing Kafka metrics collector
2025-09-28 17:20:54,975 INFO  [org.apa.kaf.cli.pro.KafkaProducer] (main) [Producer clientId=Producer-topic-a68b344f_5af6_4948_9687_a8745f15911c] Instantiated an idempotent producer.
2025-09-28 17:20:54,977 INFO  [org.apa.kaf.cli.pro.ProducerConfig] (main) These configurations '[apicurio.registry.url, apicurio.registry.artifact-resolver-strategy]' were supplied but are not used yet.
2025-09-28 17:20:54,977 INFO  [org.apa.kaf.com.uti.AppInfoParser] (main) Kafka version: 3.9.1
2025-09-28 17:20:54,977 INFO  [org.apa.kaf.com.uti.AppInfoParser] (main) Kafka commitId: f745dfdcee2b9851
2025-09-28 17:20:54,977 INFO  [org.apa.kaf.com.uti.AppInfoParser] (main) Kafka startTimeMs: 1759080054977
2025-09-28 17:20:54,977 INFO  [io.api.tes.ser.api.KafkaSerdesTester] (ForkJoinPool.commonPool-worker-3) Sending message {"key11759080044206": "value-0", "key21759080049102": "value-0", "key31759080053920": "value-0"} to topic topic-a68b344f_5af6_4948_9687_a8745f15911c
2025-09-28 17:20:54,980 INFO  [org.apa.kaf.cli.Metadata] (kafka-producer-network-thread | Producer-topic-a68b344f_5af6_4948_9687_a8745f15911c) [Producer clientId=Producer-topic-a68b344f_5af6_4948_9687_a8745f15911c] Cluster ID: 3eubY_ZwQSCXVgI5PuowEg
2025-09-28 17:20:54,980 INFO  [org.apa.kaf.cli.pro.int.TransactionManager] (kafka-producer-network-thread | Producer-topic-a68b344f_5af6_4948_9687_a8745f15911c) [Producer clientId=Producer-topic-a68b344f_5af6_4948_9687_a8745f15911c] ProducerId set to 15 with epoch 0
2025-09-28 17:20:54,980 INFO  [DefaultSchemaResolver] (ForkJoinPool.commonPool-worker-3) Retrieving schema content using string: {"type":"record","name":"s989c3258xe2fcx44a5xb7d2x961558d23dea","namespace":"ns_e614a87d_ff5c_43f2_86e3_88500b58763d","fields":[{"name":"key11759080044206","type":"string"},{"name":"key21759080049102","type":"string"},{"name":"key31759080053920","type":"string"}]}
2025-09-28 17:20:55,011 INFO  [io.api.tes.ser.api.KafkaSerdesTester] (ForkJoinPool.commonPool-worker-3) Sending message {"key11759080044206": "value-1", "key21759080049102": "value-1", "key31759080053920": "value-1"} to topic topic-a68b344f_5af6_4948_9687_a8745f15911c
2025-09-28 17:20:55,013 INFO  [io.api.tes.ser.api.KafkaSerdesTester] (ForkJoinPool.commonPool-worker-3) Sending message {"key11759080044206": "value-2", "key21759080049102": "value-2", "key31759080053920": "value-2"} to topic topic-a68b344f_5af6_4948_9687_a8745f15911c
2025-09-28 17:20:55,014 INFO  [io.api.tes.ser.api.KafkaSerdesTester] (ForkJoinPool.commonPool-worker-3) Sending message {"key11759080044206": "value-3", "key21759080049102": "value-3", "key31759080053920": "value-3"} to topic topic-a68b344f_5af6_4948_9687_a8745f15911c
2025-09-28 17:20:55,016 INFO  [io.api.tes.ser.api.KafkaSerdesTester] (ForkJoinPool.commonPool-worker-3) Sending message {"key11759080044206": "value-4", "key21759080049102": "value-4", "key31759080053920": "value-4"} to topic topic-a68b344f_5af6_4948_9687_a8745f15911c
2025-09-28 17:20:55,017 INFO  [io.api.tes.ser.api.KafkaSerdesTester] (ForkJoinPool.commonPool-worker-3) Sending message {"key11759080044206": "value-5", "key21759080049102": "value-5", "key31759080053920": "value-5"} to topic topic-a68b344f_5af6_4948_9687_a8745f15911c
2025-09-28 17:20:55,018 INFO  [io.api.tes.ser.api.KafkaSerdesTester] (ForkJoinPool.commonPool-worker-3) Sending message {"key11759080044206": "value-6", "key21759080049102": "value-6", "key31759080053920": "value-6"} to topic topic-a68b344f_5af6_4948_9687_a8745f15911c
2025-09-28 17:20:55,019 INFO  [io.api.tes.ser.api.KafkaSerdesTester] (ForkJoinPool.commonPool-worker-3) Sending message {"key11759080044206": "value-7", "key21759080049102": "value-7", "key31759080053920": "value-7"} to topic topic-a68b344f_5af6_4948_9687_a8745f15911c
2025-09-28 17:20:55,021 INFO  [io.api.tes.ser.api.KafkaSerdesTester] (ForkJoinPool.commonPool-worker-3) Sending message {"key11759080044206": "value-8", "key21759080049102": "value-8", "key31759080053920": "value-8"} to topic topic-a68b344f_5af6_4948_9687_a8745f15911c
2025-09-28 17:20:55,022 INFO  [io.api.tes.ser.api.KafkaSerdesTester] (ForkJoinPool.commonPool-worker-3) Sending message {"key11759080044206": "value-9", "key21759080049102": "value-9", "key31759080053920": "value-9"} to topic topic-a68b344f_5af6_4948_9687_a8745f15911c
2025-09-28 17:20:55,023 INFO  [io.api.tes.ser.api.KafkaSerdesTester] (ForkJoinPool.commonPool-worker-3) Produced 10 messages
2025-09-28 17:20:55,023 INFO  [org.apa.kaf.cli.pro.KafkaProducer] (ForkJoinPool.commonPool-worker-3) [Producer clientId=Producer-topic-a68b344f_5af6_4948_9687_a8745f15911c] Closing the Kafka producer with timeoutMillis = 9223372036854775807 ms.
2025-09-28 17:20:55,024 INFO  [org.apa.kaf.com.met.Metrics] (ForkJoinPool.commonPool-worker-3) Metrics scheduler closed
2025-09-28 17:20:55,024 INFO  [org.apa.kaf.com.met.Metrics] (ForkJoinPool.commonPool-worker-3) Closing reporter org.apache.kafka.common.metrics.JmxReporter
2025-09-28 17:20:55,024 INFO  [org.apa.kaf.com.met.Metrics] (ForkJoinPool.commonPool-worker-3) Closing reporter org.apache.kafka.common.telemetry.internals.ClientTelemetryReporter
2025-09-28 17:20:55,024 INFO  [org.apa.kaf.com.met.Metrics] (ForkJoinPool.commonPool-worker-3) Metrics reporters closed
2025-09-28 17:20:55,025 INFO  [org.apa.kaf.com.uti.AppInfoParser] (ForkJoinPool.commonPool-worker-3) App info kafka.producer for Producer-topic-a68b344f_5af6_4948_9687_a8745f15911c unregistered
**** Registry Base URL: http://registry-app-mysql.apps.ci419.apicurio-testing.org:80
2025-09-28 17:20:55,025 INFO  [org.apa.kaf.cli.pro.ProducerConfig] (main) ProducerConfig values: 
	acks = -1
	auto.include.jmx.reporter = true
	batch.size = 16384
	bootstrap.servers = [PLAINTEXT://localhost:32769]
	buffer.memory = 33554432
	client.dns.lookup = use_all_dns_ips
	client.id = Producer-topic-a68b344f_5af6_4948_9687_a8745f15911c
	compression.gzip.level = -1
	compression.lz4.level = 9
	compression.type = none
	compression.zstd.level = 3
	connections.max.idle.ms = 10000
	delivery.timeout.ms = 120000
	enable.idempotence = true
	enable.metrics.push = true
	interceptor.classes = []
	key.serializer = class org.apache.kafka.common.serialization.StringSerializer
	linger.ms = 0
	max.block.ms = 60000
	max.in.flight.requests.per.connection = 5
	max.request.size = 1048576
	metadata.max.age.ms = 300000
	metadata.max.idle.ms = 300000
	metadata.recovery.strategy = none
	metric.reporters = []
	metrics.num.samples = 2
	metrics.recording.level = INFO
	metrics.sample.window.ms = 30000
	partitioner.adaptive.partitioning.enable = true
	partitioner.availability.timeout.ms = 0
	partitioner.class = null
	partitioner.ignore.keys = false
	receive.buffer.bytes = 32768
	reconnect.backoff.max.ms = 1000
	reconnect.backoff.ms = 50
	request.timeout.ms = 5000
	retries = 2147483647
	retry.backoff.max.ms = 1000
	retry.backoff.ms = 100
	sasl.client.callback.handler.class = null
	sasl.jaas.config = null
	sasl.kerberos.kinit.cmd = /usr/bin/kinit
	sasl.kerberos.min.time.before.relogin = 60000
	sasl.kerberos.service.name = null
	sasl.kerberos.ticket.renew.jitter = 0.05
	sasl.kerberos.ticket.renew.window.factor = 0.8
	sasl.login.callback.handler.class = null
	sasl.login.class = null
	sasl.login.connect.timeout.ms = null
	sasl.login.read.timeout.ms = null
	sasl.login.refresh.buffer.seconds = 300
	sasl.login.refresh.min.period.seconds = 60
	sasl.login.refresh.window.factor = 0.8
	sasl.login.refresh.window.jitter = 0.05
	sasl.login.retry.backoff.max.ms = 10000
	sasl.login.retry.backoff.ms = 100
	sasl.mechanism = GSSAPI
	sasl.oauthbearer.clock.skew.seconds = 30
	sasl.oauthbearer.expected.audience = null
	sasl.oauthbearer.expected.issuer = null
	sasl.oauthbearer.header.urlencode = false
	sasl.oauthbearer.jwks.endpoint.refresh.ms = 3600000
	sasl.oauthbearer.jwks.endpoint.retry.backoff.max.ms = 10000
	sasl.oauthbearer.jwks.endpoint.retry.backoff.ms = 100
	sasl.oauthbearer.jwks.endpoint.url = null
	sasl.oauthbearer.scope.claim.name = scope
	sasl.oauthbearer.sub.claim.name = sub
	sasl.oauthbearer.token.endpoint.url = null
	security.protocol = PLAINTEXT
	security.providers = null
	send.buffer.bytes = 131072
	socket.connection.setup.timeout.max.ms = 30000
	socket.connection.setup.timeout.ms = 10000
	ssl.cipher.suites = null
	ssl.enabled.protocols = [TLSv1.2, TLSv1.3]
	ssl.endpoint.identification.algorithm = https
	ssl.engine.factory.class = null
	ssl.key.password = null
	ssl.keymanager.algorithm = SunX509
	ssl.keystore.certificate.chain = null
	ssl.keystore.key = null
	ssl.keystore.location = null
	ssl.keystore.password = null
	ssl.keystore.type = JKS
	ssl.protocol = TLSv1.3
	ssl.provider = null
	ssl.secure.random.implementation = null
	ssl.trustmanager.algorithm = PKIX
	ssl.truststore.certificates = null
	ssl.truststore.location = null
	ssl.truststore.password = null
	ssl.truststore.type = JKS
	transaction.timeout.ms = 60000
	transactional.id = null
	value.serializer = class io.apicurio.registry.serde.avro.AvroKafkaSerializer

2025-09-28 17:20:55,026 INFO  [org.apa.kaf.com.tel.int.KafkaMetricsCollector] (main) initializing Kafka metrics collector
2025-09-28 17:20:55,029 INFO  [org.apa.kaf.cli.pro.KafkaProducer] (main) [Producer clientId=Producer-topic-a68b344f_5af6_4948_9687_a8745f15911c] Instantiated an idempotent producer.
2025-09-28 17:20:55,031 INFO  [org.apa.kaf.cli.pro.ProducerConfig] (main) These configurations '[apicurio.registry.url, apicurio.registry.artifact-resolver-strategy]' were supplied but are not used yet.
2025-09-28 17:20:55,031 INFO  [org.apa.kaf.com.uti.AppInfoParser] (main) Kafka version: 3.9.1
2025-09-28 17:20:55,031 INFO  [org.apa.kaf.com.uti.AppInfoParser] (main) Kafka commitId: f745dfdcee2b9851
2025-09-28 17:20:55,031 INFO  [org.apa.kaf.com.uti.AppInfoParser] (main) Kafka startTimeMs: 1759080055031
2025-09-28 17:20:55,032 INFO  [io.api.tes.ser.api.KafkaSerdesTester] (ForkJoinPool.commonPool-worker-3) Sending message {"key11759080044206": "value-0", "key21759080049102": "value-0"} to topic topic-a68b344f_5af6_4948_9687_a8745f15911c
2025-09-28 17:20:55,036 INFO  [org.apa.kaf.cli.Metadata] (kafka-producer-network-thread | Producer-topic-a68b344f_5af6_4948_9687_a8745f15911c) [Producer clientId=Producer-topic-a68b344f_5af6_4948_9687_a8745f15911c] Cluster ID: 3eubY_ZwQSCXVgI5PuowEg
2025-09-28 17:20:55,037 INFO  [org.apa.kaf.cli.pro.int.TransactionManager] (kafka-producer-network-thread | Producer-topic-a68b344f_5af6_4948_9687_a8745f15911c) [Producer clientId=Producer-topic-a68b344f_5af6_4948_9687_a8745f15911c] ProducerId set to 16 with epoch 0
2025-09-28 17:20:55,037 INFO  [DefaultSchemaResolver] (ForkJoinPool.commonPool-worker-3) Retrieving schema content using string: {"type":"record","name":"s989c3258xe2fcx44a5xb7d2x961558d23dea","namespace":"ns_e614a87d_ff5c_43f2_86e3_88500b58763d","fields":[{"name":"key11759080044206","type":"string"},{"name":"key21759080049102","type":"string"}]}
2025-09-28 17:20:55,082 INFO  [io.api.tes.ser.api.KafkaSerdesTester] (ForkJoinPool.commonPool-worker-3) Sending message {"key11759080044206": "value-1", "key21759080049102": "value-1"} to topic topic-a68b344f_5af6_4948_9687_a8745f15911c
2025-09-28 17:20:55,084 INFO  [io.api.tes.ser.api.KafkaSerdesTester] (ForkJoinPool.commonPool-worker-3) Sending message {"key11759080044206": "value-2", "key21759080049102": "value-2"} to topic topic-a68b344f_5af6_4948_9687_a8745f15911c
2025-09-28 17:20:55,085 INFO  [io.api.tes.ser.api.KafkaSerdesTester] (ForkJoinPool.commonPool-worker-3) Sending message {"key11759080044206": "value-3", "key21759080049102": "value-3"} to topic topic-a68b344f_5af6_4948_9687_a8745f15911c
2025-09-28 17:20:55,086 INFO  [io.api.tes.ser.api.KafkaSerdesTester] (ForkJoinPool.commonPool-worker-3) Sending message {"key11759080044206": "value-4", "key21759080049102": "value-4"} to topic topic-a68b344f_5af6_4948_9687_a8745f15911c
2025-09-28 17:20:55,087 INFO  [io.api.tes.ser.api.KafkaSerdesTester] (ForkJoinPool.commonPool-worker-3) Sending message {"key11759080044206": "value-5", "key21759080049102": "value-5"} to topic topic-a68b344f_5af6_4948_9687_a8745f15911c
2025-09-28 17:20:55,088 INFO  [io.api.tes.ser.api.KafkaSerdesTester] (ForkJoinPool.commonPool-worker-3) Sending message {"key11759080044206": "value-6", "key21759080049102": "value-6"} to topic topic-a68b344f_5af6_4948_9687_a8745f15911c
2025-09-28 17:20:55,089 INFO  [io.api.tes.ser.api.KafkaSerdesTester] (ForkJoinPool.commonPool-worker-3) Sending message {"key11759080044206": "value-7", "key21759080049102": "value-7"} to topic topic-a68b344f_5af6_4948_9687_a8745f15911c
2025-09-28 17:20:55,091 INFO  [io.api.tes.ser.api.KafkaSerdesTester] (ForkJoinPool.commonPool-worker-3) Sending message {"key11759080044206": "value-8", "key21759080049102": "value-8"} to topic topic-a68b344f_5af6_4948_9687_a8745f15911c
2025-09-28 17:20:55,092 INFO  [io.api.tes.ser.api.KafkaSerdesTester] (ForkJoinPool.commonPool-worker-3) Sending message {"key11759080044206": "value-9", "key21759080049102": "value-9"} to topic topic-a68b344f_5af6_4948_9687_a8745f15911c
2025-09-28 17:20:55,093 INFO  [io.api.tes.ser.api.KafkaSerdesTester] (ForkJoinPool.commonPool-worker-3) Produced 10 messages
2025-09-28 17:20:55,093 INFO  [org.apa.kaf.cli.pro.KafkaProducer] (ForkJoinPool.commonPool-worker-3) [Producer clientId=Producer-topic-a68b344f_5af6_4948_9687_a8745f15911c] Closing the Kafka producer with timeoutMillis = 9223372036854775807 ms.
2025-09-28 17:20:55,095 INFO  [org.apa.kaf.com.met.Metrics] (ForkJoinPool.commonPool-worker-3) Metrics scheduler closed
2025-09-28 17:20:55,095 INFO  [org.apa.kaf.com.met.Metrics] (ForkJoinPool.commonPool-worker-3) Closing reporter org.apache.kafka.common.metrics.JmxReporter
2025-09-28 17:20:55,095 INFO  [org.apa.kaf.com.met.Metrics] (ForkJoinPool.commonPool-worker-3) Closing reporter org.apache.kafka.common.telemetry.internals.ClientTelemetryReporter
2025-09-28 17:20:55,095 INFO  [org.apa.kaf.com.met.Metrics] (ForkJoinPool.commonPool-worker-3) Metrics reporters closed
2025-09-28 17:20:55,095 INFO  [org.apa.kaf.com.uti.AppInfoParser] (ForkJoinPool.commonPool-worker-3) App info kafka.producer for Producer-topic-a68b344f_5af6_4948_9687_a8745f15911c unregistered
**** Registry Base URL: http://registry-app-mysql.apps.ci419.apicurio-testing.org:80
2025-09-28 17:20:55,096 INFO  [org.apa.kaf.cli.pro.ProducerConfig] (main) ProducerConfig values: 
	acks = -1
	auto.include.jmx.reporter = true
	batch.size = 16384
	bootstrap.servers = [PLAINTEXT://localhost:32769]
	buffer.memory = 33554432
	client.dns.lookup = use_all_dns_ips
	client.id = Producer-topic-a68b344f_5af6_4948_9687_a8745f15911c
	compression.gzip.level = -1
	compression.lz4.level = 9
	compression.type = none
	compression.zstd.level = 3
	connections.max.idle.ms = 10000
	delivery.timeout.ms = 120000
	enable.idempotence = true
	enable.metrics.push = true
	interceptor.classes = []
	key.serializer = class org.apache.kafka.common.serialization.StringSerializer
	linger.ms = 0
	max.block.ms = 60000
	max.in.flight.requests.per.connection = 5
	max.request.size = 1048576
	metadata.max.age.ms = 300000
	metadata.max.idle.ms = 300000
	metadata.recovery.strategy = none
	metric.reporters = []
	metrics.num.samples = 2
	metrics.recording.level = INFO
	metrics.sample.window.ms = 30000
	partitioner.adaptive.partitioning.enable = true
	partitioner.availability.timeout.ms = 0
	partitioner.class = null
	partitioner.ignore.keys = false
	receive.buffer.bytes = 32768
	reconnect.backoff.max.ms = 1000
	reconnect.backoff.ms = 50
	request.timeout.ms = 5000
	retries = 2147483647
	retry.backoff.max.ms = 1000
	retry.backoff.ms = 100
	sasl.client.callback.handler.class = null
	sasl.jaas.config = null
	sasl.kerberos.kinit.cmd = /usr/bin/kinit
	sasl.kerberos.min.time.before.relogin = 60000
	sasl.kerberos.service.name = null
	sasl.kerberos.ticket.renew.jitter = 0.05
	sasl.kerberos.ticket.renew.window.factor = 0.8
	sasl.login.callback.handler.class = null
	sasl.login.class = null
	sasl.login.connect.timeout.ms = null
	sasl.login.read.timeout.ms = null
	sasl.login.refresh.buffer.seconds = 300
	sasl.login.refresh.min.period.seconds = 60
	sasl.login.refresh.window.factor = 0.8
	sasl.login.refresh.window.jitter = 0.05
	sasl.login.retry.backoff.max.ms = 10000
	sasl.login.retry.backoff.ms = 100
	sasl.mechanism = GSSAPI
	sasl.oauthbearer.clock.skew.seconds = 30
	sasl.oauthbearer.expected.audience = null
	sasl.oauthbearer.expected.issuer = null
	sasl.oauthbearer.header.urlencode = false
	sasl.oauthbearer.jwks.endpoint.refresh.ms = 3600000
	sasl.oauthbearer.jwks.endpoint.retry.backoff.max.ms = 10000
	sasl.oauthbearer.jwks.endpoint.retry.backoff.ms = 100
	sasl.oauthbearer.jwks.endpoint.url = null
	sasl.oauthbearer.scope.claim.name = scope
	sasl.oauthbearer.sub.claim.name = sub
	sasl.oauthbearer.token.endpoint.url = null
	security.protocol = PLAINTEXT
	security.providers = null
	send.buffer.bytes = 131072
	socket.connection.setup.timeout.max.ms = 30000
	socket.connection.setup.timeout.ms = 10000
	ssl.cipher.suites = null
	ssl.enabled.protocols = [TLSv1.2, TLSv1.3]
	ssl.endpoint.identification.algorithm = https
	ssl.engine.factory.class = null
	ssl.key.password = null
	ssl.keymanager.algorithm = SunX509
	ssl.keystore.certificate.chain = null
	ssl.keystore.key = null
	ssl.keystore.location = null
	ssl.keystore.password = null
	ssl.keystore.type = JKS
	ssl.protocol = TLSv1.3
	ssl.provider = null
	ssl.secure.random.implementation = null
	ssl.trustmanager.algorithm = PKIX
	ssl.truststore.certificates = null
	ssl.truststore.location = null
	ssl.truststore.password = null
	ssl.truststore.type = JKS
	transaction.timeout.ms = 60000
	transactional.id = null
	value.serializer = class io.apicurio.registry.serde.avro.AvroKafkaSerializer

2025-09-28 17:20:55,096 INFO  [org.apa.kaf.com.tel.int.KafkaMetricsCollector] (main) initializing Kafka metrics collector
2025-09-28 17:20:55,099 INFO  [org.apa.kaf.cli.pro.KafkaProducer] (main) [Producer clientId=Producer-topic-a68b344f_5af6_4948_9687_a8745f15911c] Instantiated an idempotent producer.
2025-09-28 17:20:55,101 INFO  [org.apa.kaf.cli.pro.ProducerConfig] (main) These configurations '[apicurio.registry.url, apicurio.registry.artifact-resolver-strategy]' were supplied but are not used yet.
2025-09-28 17:20:55,102 INFO  [org.apa.kaf.com.uti.AppInfoParser] (main) Kafka version: 3.9.1
2025-09-28 17:20:55,102 INFO  [org.apa.kaf.com.uti.AppInfoParser] (main) Kafka commitId: f745dfdcee2b9851
2025-09-28 17:20:55,102 INFO  [org.apa.kaf.com.uti.AppInfoParser] (main) Kafka startTimeMs: 1759080055101
2025-09-28 17:20:55,102 INFO  [io.api.tes.ser.api.KafkaSerdesTester] (ForkJoinPool.commonPool-worker-3) Sending message {"key11759080044206": "value-0"} to topic topic-a68b344f_5af6_4948_9687_a8745f15911c
2025-09-28 17:20:55,104 INFO  [org.apa.kaf.cli.Metadata] (kafka-producer-network-thread | Producer-topic-a68b344f_5af6_4948_9687_a8745f15911c) [Producer clientId=Producer-topic-a68b344f_5af6_4948_9687_a8745f15911c] Cluster ID: 3eubY_ZwQSCXVgI5PuowEg
2025-09-28 17:20:55,104 INFO  [org.apa.kaf.cli.pro.int.TransactionManager] (kafka-producer-network-thread | Producer-topic-a68b344f_5af6_4948_9687_a8745f15911c) [Producer clientId=Producer-topic-a68b344f_5af6_4948_9687_a8745f15911c] ProducerId set to 17 with epoch 0
2025-09-28 17:20:55,105 INFO  [DefaultSchemaResolver] (ForkJoinPool.commonPool-worker-3) Retrieving schema content using string: {"type":"record","name":"s989c3258xe2fcx44a5xb7d2x961558d23dea","namespace":"ns_e614a87d_ff5c_43f2_86e3_88500b58763d","fields":[{"name":"key11759080044206","type":"string"}]}
2025-09-28 17:20:55,132 INFO  [io.api.tes.ser.api.KafkaSerdesTester] (ForkJoinPool.commonPool-worker-3) Sending message {"key11759080044206": "value-1"} to topic topic-a68b344f_5af6_4948_9687_a8745f15911c
2025-09-28 17:20:55,134 INFO  [io.api.tes.ser.api.KafkaSerdesTester] (ForkJoinPool.commonPool-worker-3) Sending message {"key11759080044206": "value-2"} to topic topic-a68b344f_5af6_4948_9687_a8745f15911c
2025-09-28 17:20:55,135 INFO  [io.api.tes.ser.api.KafkaSerdesTester] (ForkJoinPool.commonPool-worker-3) Sending message {"key11759080044206": "value-3"} to topic topic-a68b344f_5af6_4948_9687_a8745f15911c
2025-09-28 17:20:55,136 INFO  [io.api.tes.ser.api.KafkaSerdesTester] (ForkJoinPool.commonPool-worker-3) Sending message {"key11759080044206": "value-4"} to topic topic-a68b344f_5af6_4948_9687_a8745f15911c
2025-09-28 17:20:55,137 INFO  [io.api.tes.ser.api.KafkaSerdesTester] (ForkJoinPool.commonPool-worker-3) Sending message {"key11759080044206": "value-5"} to topic topic-a68b344f_5af6_4948_9687_a8745f15911c
2025-09-28 17:20:55,138 INFO  [io.api.tes.ser.api.KafkaSerdesTester] (ForkJoinPool.commonPool-worker-3) Sending message {"key11759080044206": "value-6"} to topic topic-a68b344f_5af6_4948_9687_a8745f15911c
2025-09-28 17:20:55,139 INFO  [io.api.tes.ser.api.KafkaSerdesTester] (ForkJoinPool.commonPool-worker-3) Sending message {"key11759080044206": "value-7"} to topic topic-a68b344f_5af6_4948_9687_a8745f15911c
2025-09-28 17:20:55,140 INFO  [io.api.tes.ser.api.KafkaSerdesTester] (ForkJoinPool.commonPool-worker-3) Sending message {"key11759080044206": "value-8"} to topic topic-a68b344f_5af6_4948_9687_a8745f15911c
2025-09-28 17:20:55,141 INFO  [io.api.tes.ser.api.KafkaSerdesTester] (ForkJoinPool.commonPool-worker-3) Sending message {"key11759080044206": "value-9"} to topic topic-a68b344f_5af6_4948_9687_a8745f15911c
2025-09-28 17:20:55,142 INFO  [io.api.tes.ser.api.KafkaSerdesTester] (ForkJoinPool.commonPool-worker-3) Produced 10 messages
2025-09-28 17:20:55,142 INFO  [org.apa.kaf.cli.pro.KafkaProducer] (ForkJoinPool.commonPool-worker-3) [Producer clientId=Producer-topic-a68b344f_5af6_4948_9687_a8745f15911c] Closing the Kafka producer with timeoutMillis = 9223372036854775807 ms.
2025-09-28 17:20:55,144 INFO  [org.apa.kaf.com.met.Metrics] (ForkJoinPool.commonPool-worker-3) Metrics scheduler closed
2025-09-28 17:20:55,144 INFO  [org.apa.kaf.com.met.Metrics] (ForkJoinPool.commonPool-worker-3) Closing reporter org.apache.kafka.common.metrics.JmxReporter
2025-09-28 17:20:55,144 INFO  [org.apa.kaf.com.met.Metrics] (ForkJoinPool.commonPool-worker-3) Closing reporter org.apache.kafka.common.telemetry.internals.ClientTelemetryReporter
2025-09-28 17:20:55,144 INFO  [org.apa.kaf.com.met.Metrics] (ForkJoinPool.commonPool-worker-3) Metrics reporters closed
2025-09-28 17:20:55,144 INFO  [org.apa.kaf.com.uti.AppInfoParser] (ForkJoinPool.commonPool-worker-3) App info kafka.producer for Producer-topic-a68b344f_5af6_4948_9687_a8745f15911c unregistered
**** Registry Base URL: http://registry-app-mysql.apps.ci419.apicurio-testing.org:80
2025-09-28 17:20:55,144 INFO  [org.apa.kaf.cli.con.ConsumerConfig] (main) ConsumerConfig values: 
	allow.auto.create.topics = true
	auto.commit.interval.ms = 500
	auto.include.jmx.reporter = true
	auto.offset.reset = earliest
	bootstrap.servers = [PLAINTEXT://localhost:32769]
	check.crcs = true
	client.dns.lookup = use_all_dns_ips
	client.id = consumer-Consumer-topic-a68b344f_5af6_4948_9687_a8745f15911c-12
	client.rack = 
	connections.max.idle.ms = 10000
	default.api.timeout.ms = 60000
	enable.auto.commit = true
	enable.metrics.push = true
	exclude.internal.topics = true
	fetch.max.bytes = 52428800
	fetch.max.wait.ms = 500
	fetch.min.bytes = 1
	group.id = Consumer-topic-a68b344f_5af6_4948_9687_a8745f15911c
	group.instance.id = null
	group.protocol = classic
	group.remote.assignor = null
	heartbeat.interval.ms = 3000
	interceptor.classes = []
	internal.leave.group.on.close = true
	internal.throw.on.fetch.stable.offset.unsupported = false
	isolation.level = read_uncommitted
	key.deserializer = class org.apache.kafka.common.serialization.StringDeserializer
	max.partition.fetch.bytes = 1048576
	max.poll.interval.ms = 300000
	max.poll.records = 500
	metadata.max.age.ms = 300000
	metadata.recovery.strategy = none
	metric.reporters = []
	metrics.num.samples = 2
	metrics.recording.level = INFO
	metrics.sample.window.ms = 30000
	partition.assignment.strategy = [class org.apache.kafka.clients.consumer.RangeAssignor, class org.apache.kafka.clients.consumer.CooperativeStickyAssignor]
	receive.buffer.bytes = 65536
	reconnect.backoff.max.ms = 1000
	reconnect.backoff.ms = 50
	request.timeout.ms = 5000
	retry.backoff.max.ms = 1000
	retry.backoff.ms = 100
	sasl.client.callback.handler.class = null
	sasl.jaas.config = null
	sasl.kerberos.kinit.cmd = /usr/bin/kinit
	sasl.kerberos.min.time.before.relogin = 60000
	sasl.kerberos.service.name = null
	sasl.kerberos.ticket.renew.jitter = 0.05
	sasl.kerberos.ticket.renew.window.factor = 0.8
	sasl.login.callback.handler.class = null
	sasl.login.class = null
	sasl.login.connect.timeout.ms = null
	sasl.login.read.timeout.ms = null
	sasl.login.refresh.buffer.seconds = 300
	sasl.login.refresh.min.period.seconds = 60
	sasl.login.refresh.window.factor = 0.8
	sasl.login.refresh.window.jitter = 0.05
	sasl.login.retry.backoff.max.ms = 10000
	sasl.login.retry.backoff.ms = 100
	sasl.mechanism = GSSAPI
	sasl.oauthbearer.clock.skew.seconds = 30
	sasl.oauthbearer.expected.audience = null
	sasl.oauthbearer.expected.issuer = null
	sasl.oauthbearer.header.urlencode = false
	sasl.oauthbearer.jwks.endpoint.refresh.ms = 3600000
	sasl.oauthbearer.jwks.endpoint.retry.backoff.max.ms = 10000
	sasl.oauthbearer.jwks.endpoint.retry.backoff.ms = 100
	sasl.oauthbearer.jwks.endpoint.url = null
	sasl.oauthbearer.scope.claim.name = scope
	sasl.oauthbearer.sub.claim.name = sub
	sasl.oauthbearer.token.endpoint.url = null
	security.protocol = PLAINTEXT
	security.providers = null
	send.buffer.bytes = 131072
	session.timeout.ms = 45000
	socket.connection.setup.timeout.max.ms = 30000
	socket.connection.setup.timeout.ms = 10000
	ssl.cipher.suites = null
	ssl.enabled.protocols = [TLSv1.2, TLSv1.3]
	ssl.endpoint.identification.algorithm = https
	ssl.engine.factory.class = null
	ssl.key.password = null
	ssl.keymanager.algorithm = SunX509
	ssl.keystore.certificate.chain = null
	ssl.keystore.key = null
	ssl.keystore.location = null
	ssl.keystore.password = null
	ssl.keystore.type = JKS
	ssl.protocol = TLSv1.3
	ssl.provider = null
	ssl.secure.random.implementation = null
	ssl.trustmanager.algorithm = PKIX
	ssl.truststore.certificates = null
	ssl.truststore.location = null
	ssl.truststore.password = null
	ssl.truststore.type = JKS
	value.deserializer = class io.apicurio.registry.serde.avro.AvroKafkaDeserializer

2025-09-28 17:20:55,145 INFO  [org.apa.kaf.com.tel.int.KafkaMetricsCollector] (main) initializing Kafka metrics collector
2025-09-28 17:20:55,149 INFO  [org.apa.kaf.cli.con.ConsumerConfig] (main) These configurations '[apicurio.registry.url]' were supplied but are not used yet.
2025-09-28 17:20:55,149 INFO  [org.apa.kaf.com.uti.AppInfoParser] (main) Kafka version: 3.9.1
2025-09-28 17:20:55,149 INFO  [org.apa.kaf.com.uti.AppInfoParser] (main) Kafka commitId: f745dfdcee2b9851
2025-09-28 17:20:55,149 INFO  [org.apa.kaf.com.uti.AppInfoParser] (main) Kafka startTimeMs: 1759080055149
2025-09-28 17:20:55,149 INFO  [org.apa.kaf.cli.con.int.ClassicKafkaConsumer] (ForkJoinPool.commonPool-worker-3) [Consumer clientId=consumer-Consumer-topic-a68b344f_5af6_4948_9687_a8745f15911c-12, groupId=Consumer-topic-a68b344f_5af6_4948_9687_a8745f15911c] Subscribed to topic(s): topic-a68b344f_5af6_4948_9687_a8745f15911c
2025-09-28 17:20:55,152 INFO  [org.apa.kaf.cli.Metadata] (ForkJoinPool.commonPool-worker-3) [Consumer clientId=consumer-Consumer-topic-a68b344f_5af6_4948_9687_a8745f15911c-12, groupId=Consumer-topic-a68b344f_5af6_4948_9687_a8745f15911c] Cluster ID: 3eubY_ZwQSCXVgI5PuowEg
2025-09-28 17:20:55,152 INFO  [org.apa.kaf.cli.con.int.ConsumerCoordinator] (ForkJoinPool.commonPool-worker-3) [Consumer clientId=consumer-Consumer-topic-a68b344f_5af6_4948_9687_a8745f15911c-12, groupId=Consumer-topic-a68b344f_5af6_4948_9687_a8745f15911c] Discovered group coordinator localhost:32769 (id: 2147483647 rack: null)
2025-09-28 17:20:55,153 INFO  [org.apa.kaf.cli.con.int.ConsumerCoordinator] (ForkJoinPool.commonPool-worker-3) [Consumer clientId=consumer-Consumer-topic-a68b344f_5af6_4948_9687_a8745f15911c-12, groupId=Consumer-topic-a68b344f_5af6_4948_9687_a8745f15911c] (Re-)joining group
2025-09-28 17:20:55,154 INFO  [org.apa.kaf.cli.con.int.ConsumerCoordinator] (ForkJoinPool.commonPool-worker-3) [Consumer clientId=consumer-Consumer-topic-a68b344f_5af6_4948_9687_a8745f15911c-12, groupId=Consumer-topic-a68b344f_5af6_4948_9687_a8745f15911c] Request joining group due to: need to re-join with the given member-id: consumer-Consumer-topic-a68b344f_5af6_4948_9687_a8745f15911c-12-623b58ed-4afa-4f8d-aa1e-a5fd81064af4
2025-09-28 17:20:55,154 INFO  [org.apa.kaf.cli.con.int.ConsumerCoordinator] (ForkJoinPool.commonPool-worker-3) [Consumer clientId=consumer-Consumer-topic-a68b344f_5af6_4948_9687_a8745f15911c-12, groupId=Consumer-topic-a68b344f_5af6_4948_9687_a8745f15911c] (Re-)joining group
2025-09-28 17:20:56,149 INFO  [io.api.tes.ser.api.KafkaSerdesTester] (ForkJoinPool.commonPool-worker-3) None found
2025-09-28 17:20:57,151 INFO  [io.api.tes.ser.api.KafkaSerdesTester] (ForkJoinPool.commonPool-worker-3) None found
2025-09-28 17:20:58,152 INFO  [io.api.tes.ser.api.KafkaSerdesTester] (ForkJoinPool.commonPool-worker-3) None found
2025-09-28 17:20:58,155 INFO  [org.apa.kaf.cli.con.int.ConsumerCoordinator] (ForkJoinPool.commonPool-worker-3) [Consumer clientId=consumer-Consumer-topic-a68b344f_5af6_4948_9687_a8745f15911c-12, groupId=Consumer-topic-a68b344f_5af6_4948_9687_a8745f15911c] Successfully joined group with generation Generation{generationId=5, memberId='consumer-Consumer-topic-a68b344f_5af6_4948_9687_a8745f15911c-12-623b58ed-4afa-4f8d-aa1e-a5fd81064af4', protocol='range'}
2025-09-28 17:20:58,156 INFO  [org.apa.kaf.cli.con.int.ConsumerCoordinator] (ForkJoinPool.commonPool-worker-3) [Consumer clientId=consumer-Consumer-topic-a68b344f_5af6_4948_9687_a8745f15911c-12, groupId=Consumer-topic-a68b344f_5af6_4948_9687_a8745f15911c] Finished assignment for group at generation 5: {consumer-Consumer-topic-a68b344f_5af6_4948_9687_a8745f15911c-12-623b58ed-4afa-4f8d-aa1e-a5fd81064af4=Assignment(partitions=[topic-a68b344f_5af6_4948_9687_a8745f15911c-0])}
2025-09-28 17:20:58,162 INFO  [org.apa.kaf.cli.con.int.ConsumerCoordinator] (ForkJoinPool.commonPool-worker-3) [Consumer clientId=consumer-Consumer-topic-a68b344f_5af6_4948_9687_a8745f15911c-12, groupId=Consumer-topic-a68b344f_5af6_4948_9687_a8745f15911c] Successfully synced group in generation Generation{generationId=5, memberId='consumer-Consumer-topic-a68b344f_5af6_4948_9687_a8745f15911c-12-623b58ed-4afa-4f8d-aa1e-a5fd81064af4', protocol='range'}
2025-09-28 17:20:58,162 INFO  [org.apa.kaf.cli.con.int.ConsumerCoordinator] (ForkJoinPool.commonPool-worker-3) [Consumer clientId=consumer-Consumer-topic-a68b344f_5af6_4948_9687_a8745f15911c-12, groupId=Consumer-topic-a68b344f_5af6_4948_9687_a8745f15911c] Notifying assignor about the new Assignment(partitions=[topic-a68b344f_5af6_4948_9687_a8745f15911c-0])
2025-09-28 17:20:58,162 INFO  [org.apa.kaf.cli.con.int.ConsumerRebalanceListenerInvoker] (ForkJoinPool.commonPool-worker-3) [Consumer clientId=consumer-Consumer-topic-a68b344f_5af6_4948_9687_a8745f15911c-12, groupId=Consumer-topic-a68b344f_5af6_4948_9687_a8745f15911c] Adding newly assigned partitions: topic-a68b344f_5af6_4948_9687_a8745f15911c-0
2025-09-28 17:20:58,163 INFO  [org.apa.kaf.cli.con.int.ConsumerUtils] (ForkJoinPool.commonPool-worker-3) Setting offset for partition topic-a68b344f_5af6_4948_9687_a8745f15911c-0 to the committed offset FetchPosition{offset=30, offsetEpoch=Optional[0], currentLeader=LeaderAndEpoch{leader=Optional[localhost:32769 (id: 0 rack: null)], epoch=0}}
2025-09-28 17:20:58,259 INFO  [io.api.tes.ser.api.KafkaSerdesTester] (ForkJoinPool.commonPool-worker-3) topic-a68b344f_5af6_4948_9687_a8745f15911c 0 30 {"key11759080044206": "value-0", "key21759080049102": "value-0", "key31759080053920": "value-0"}
2025-09-28 17:20:58,259 INFO  [io.api.tes.ser.api.KafkaSerdesTester] (ForkJoinPool.commonPool-worker-3) topic-a68b344f_5af6_4948_9687_a8745f15911c 0 31 {"key11759080044206": "value-1", "key21759080049102": "value-1", "key31759080053920": "value-1"}
2025-09-28 17:20:58,259 INFO  [io.api.tes.ser.api.KafkaSerdesTester] (ForkJoinPool.commonPool-worker-3) topic-a68b344f_5af6_4948_9687_a8745f15911c 0 32 {"key11759080044206": "value-2", "key21759080049102": "value-2", "key31759080053920": "value-2"}
2025-09-28 17:20:58,259 INFO  [io.api.tes.ser.api.KafkaSerdesTester] (ForkJoinPool.commonPool-worker-3) topic-a68b344f_5af6_4948_9687_a8745f15911c 0 33 {"key11759080044206": "value-3", "key21759080049102": "value-3", "key31759080053920": "value-3"}
2025-09-28 17:20:58,259 INFO  [io.api.tes.ser.api.KafkaSerdesTester] (ForkJoinPool.commonPool-worker-3) topic-a68b344f_5af6_4948_9687_a8745f15911c 0 34 {"key11759080044206": "value-4", "key21759080049102": "value-4", "key31759080053920": "value-4"}
2025-09-28 17:20:58,259 INFO  [io.api.tes.ser.api.KafkaSerdesTester] (ForkJoinPool.commonPool-worker-3) topic-a68b344f_5af6_4948_9687_a8745f15911c 0 35 {"key11759080044206": "value-5", "key21759080049102": "value-5", "key31759080053920": "value-5"}
2025-09-28 17:20:58,259 INFO  [io.api.tes.ser.api.KafkaSerdesTester] (ForkJoinPool.commonPool-worker-3) topic-a68b344f_5af6_4948_9687_a8745f15911c 0 36 {"key11759080044206": "value-6", "key21759080049102": "value-6", "key31759080053920": "value-6"}
2025-09-28 17:20:58,259 INFO  [io.api.tes.ser.api.KafkaSerdesTester] (ForkJoinPool.commonPool-worker-3) topic-a68b344f_5af6_4948_9687_a8745f15911c 0 37 {"key11759080044206": "value-7", "key21759080049102": "value-7", "key31759080053920": "value-7"}
2025-09-28 17:20:58,259 INFO  [io.api.tes.ser.api.KafkaSerdesTester] (ForkJoinPool.commonPool-worker-3) topic-a68b344f_5af6_4948_9687_a8745f15911c 0 38 {"key11759080044206": "value-8", "key21759080049102": "value-8", "key31759080053920": "value-8"}
2025-09-28 17:20:58,259 INFO  [io.api.tes.ser.api.KafkaSerdesTester] (ForkJoinPool.commonPool-worker-3) topic-a68b344f_5af6_4948_9687_a8745f15911c 0 39 {"key11759080044206": "value-9", "key21759080049102": "value-9", "key31759080053920": "value-9"}
2025-09-28 17:20:58,259 INFO  [io.api.tes.ser.api.KafkaSerdesTester] (ForkJoinPool.commonPool-worker-3) topic-a68b344f_5af6_4948_9687_a8745f15911c 0 40 {"key11759080044206": "value-0", "key21759080049102": "value-0"}
2025-09-28 17:20:58,259 INFO  [io.api.tes.ser.api.KafkaSerdesTester] (ForkJoinPool.commonPool-worker-3) topic-a68b344f_5af6_4948_9687_a8745f15911c 0 41 {"key11759080044206": "value-1", "key21759080049102": "value-1"}
2025-09-28 17:20:58,259 INFO  [io.api.tes.ser.api.KafkaSerdesTester] (ForkJoinPool.commonPool-worker-3) topic-a68b344f_5af6_4948_9687_a8745f15911c 0 42 {"key11759080044206": "value-2", "key21759080049102": "value-2"}
2025-09-28 17:20:58,259 INFO  [io.api.tes.ser.api.KafkaSerdesTester] (ForkJoinPool.commonPool-worker-3) topic-a68b344f_5af6_4948_9687_a8745f15911c 0 43 {"key11759080044206": "value-3", "key21759080049102": "value-3"}
2025-09-28 17:20:58,259 INFO  [io.api.tes.ser.api.KafkaSerdesTester] (ForkJoinPool.commonPool-worker-3) topic-a68b344f_5af6_4948_9687_a8745f15911c 0 44 {"key11759080044206": "value-4", "key21759080049102": "value-4"}
2025-09-28 17:20:58,259 INFO  [io.api.tes.ser.api.KafkaSerdesTester] (ForkJoinPool.commonPool-worker-3) topic-a68b344f_5af6_4948_9687_a8745f15911c 0 45 {"key11759080044206": "value-5", "key21759080049102": "value-5"}
2025-09-28 17:20:58,259 INFO  [io.api.tes.ser.api.KafkaSerdesTester] (ForkJoinPool.commonPool-worker-3) topic-a68b344f_5af6_4948_9687_a8745f15911c 0 46 {"key11759080044206": "value-6", "key21759080049102": "value-6"}
2025-09-28 17:20:58,259 INFO  [io.api.tes.ser.api.KafkaSerdesTester] (ForkJoinPool.commonPool-worker-3) topic-a68b344f_5af6_4948_9687_a8745f15911c 0 47 {"key11759080044206": "value-7", "key21759080049102": "value-7"}
2025-09-28 17:20:58,259 INFO  [io.api.tes.ser.api.KafkaSerdesTester] (ForkJoinPool.commonPool-worker-3) topic-a68b344f_5af6_4948_9687_a8745f15911c 0 48 {"key11759080044206": "value-8", "key21759080049102": "value-8"}
2025-09-28 17:20:58,259 INFO  [io.api.tes.ser.api.KafkaSerdesTester] (ForkJoinPool.commonPool-worker-3) topic-a68b344f_5af6_4948_9687_a8745f15911c 0 49 {"key11759080044206": "value-9", "key21759080049102": "value-9"}
2025-09-28 17:20:58,259 INFO  [io.api.tes.ser.api.KafkaSerdesTester] (ForkJoinPool.commonPool-worker-3) topic-a68b344f_5af6_4948_9687_a8745f15911c 0 50 {"key11759080044206": "value-0"}
2025-09-28 17:20:58,259 INFO  [io.api.tes.ser.api.KafkaSerdesTester] (ForkJoinPool.commonPool-worker-3) topic-a68b344f_5af6_4948_9687_a8745f15911c 0 51 {"key11759080044206": "value-1"}
2025-09-28 17:20:58,259 INFO  [io.api.tes.ser.api.KafkaSerdesTester] (ForkJoinPool.commonPool-worker-3) topic-a68b344f_5af6_4948_9687_a8745f15911c 0 52 {"key11759080044206": "value-2"}
2025-09-28 17:20:58,259 INFO  [io.api.tes.ser.api.KafkaSerdesTester] (ForkJoinPool.commonPool-worker-3) topic-a68b344f_5af6_4948_9687_a8745f15911c 0 53 {"key11759080044206": "value-3"}
2025-09-28 17:20:58,259 INFO  [io.api.tes.ser.api.KafkaSerdesTester] (ForkJoinPool.commonPool-worker-3) topic-a68b344f_5af6_4948_9687_a8745f15911c 0 54 {"key11759080044206": "value-4"}
2025-09-28 17:20:58,260 INFO  [io.api.tes.ser.api.KafkaSerdesTester] (ForkJoinPool.commonPool-worker-3) topic-a68b344f_5af6_4948_9687_a8745f15911c 0 55 {"key11759080044206": "value-5"}
2025-09-28 17:20:58,260 INFO  [io.api.tes.ser.api.KafkaSerdesTester] (ForkJoinPool.commonPool-worker-3) topic-a68b344f_5af6_4948_9687_a8745f15911c 0 56 {"key11759080044206": "value-6"}
2025-09-28 17:20:58,260 INFO  [io.api.tes.ser.api.KafkaSerdesTester] (ForkJoinPool.commonPool-worker-3) topic-a68b344f_5af6_4948_9687_a8745f15911c 0 57 {"key11759080044206": "value-7"}
2025-09-28 17:20:58,260 INFO  [io.api.tes.ser.api.KafkaSerdesTester] (ForkJoinPool.commonPool-worker-3) topic-a68b344f_5af6_4948_9687_a8745f15911c 0 58 {"key11759080044206": "value-8"}
2025-09-28 17:20:58,260 INFO  [io.api.tes.ser.api.KafkaSerdesTester] (ForkJoinPool.commonPool-worker-3) topic-a68b344f_5af6_4948_9687_a8745f15911c 0 59 {"key11759080044206": "value-9"}
2025-09-28 17:20:58,260 INFO  [io.api.tes.ser.api.KafkaSerdesTester] (ForkJoinPool.commonPool-worker-3) Consumed 30 messages
2025-09-28 17:20:58,266 INFO  [org.apa.kaf.cli.con.int.ConsumerRebalanceListenerInvoker] (ForkJoinPool.commonPool-worker-3) [Consumer clientId=consumer-Consumer-topic-a68b344f_5af6_4948_9687_a8745f15911c-12, groupId=Consumer-topic-a68b344f_5af6_4948_9687_a8745f15911c] Revoke previously assigned partitions topic-a68b344f_5af6_4948_9687_a8745f15911c-0
2025-09-28 17:20:58,266 INFO  [org.apa.kaf.cli.con.int.ConsumerCoordinator] (ForkJoinPool.commonPool-worker-3) [Consumer clientId=consumer-Consumer-topic-a68b344f_5af6_4948_9687_a8745f15911c-12, groupId=Consumer-topic-a68b344f_5af6_4948_9687_a8745f15911c] Member consumer-Consumer-topic-a68b344f_5af6_4948_9687_a8745f15911c-12-623b58ed-4afa-4f8d-aa1e-a5fd81064af4 sending LeaveGroup request to coordinator localhost:32769 (id: 2147483647 rack: null) due to the consumer is being closed
2025-09-28 17:20:58,267 INFO  [org.apa.kaf.cli.con.int.ConsumerCoordinator] (ForkJoinPool.commonPool-worker-3) [Consumer clientId=consumer-Consumer-topic-a68b344f_5af6_4948_9687_a8745f15911c-12, groupId=Consumer-topic-a68b344f_5af6_4948_9687_a8745f15911c] Resetting generation and member id due to: consumer pro-actively leaving the group
2025-09-28 17:20:58,267 INFO  [org.apa.kaf.cli.con.int.ConsumerCoordinator] (ForkJoinPool.commonPool-worker-3) [Consumer clientId=consumer-Consumer-topic-a68b344f_5af6_4948_9687_a8745f15911c-12, groupId=Consumer-topic-a68b344f_5af6_4948_9687_a8745f15911c] Request joining group due to: consumer pro-actively leaving the group
2025-09-28 17:20:58,760 INFO  [org.apa.kaf.com.met.Metrics] (ForkJoinPool.commonPool-worker-3) Metrics scheduler closed
2025-09-28 17:20:58,760 INFO  [org.apa.kaf.com.met.Metrics] (ForkJoinPool.commonPool-worker-3) Closing reporter org.apache.kafka.common.metrics.JmxReporter
2025-09-28 17:20:58,760 INFO  [org.apa.kaf.com.met.Metrics] (ForkJoinPool.commonPool-worker-3) Closing reporter org.apache.kafka.common.telemetry.internals.ClientTelemetryReporter
2025-09-28 17:20:58,760 INFO  [org.apa.kaf.com.met.Metrics] (ForkJoinPool.commonPool-worker-3) Metrics reporters closed
2025-09-28 17:20:58,761 INFO  [org.apa.kaf.com.uti.AppInfoParser] (ForkJoinPool.commonPool-worker-3) App info kafka.consumer for consumer-Consumer-topic-a68b344f_5af6_4948_9687_a8745f15911c-12 unregistered
2025-09-28 17:20:58,762 INFO  [org.apa.kaf.cli.pro.KafkaProducer] (main) [Producer clientId=Producer-topic-a68b344f_5af6_4948_9687_a8745f15911c] Closing the Kafka producer with timeoutMillis = 9223372036854775807 ms.
2025-09-28 17:20:58,762 INFO  [org.apa.kaf.com.met.Metrics] (main) Metrics scheduler closed
2025-09-28 17:20:58,762 INFO  [org.apa.kaf.com.met.Metrics] (main) Closing reporter org.apache.kafka.common.metrics.JmxReporter
2025-09-28 17:20:58,762 INFO  [org.apa.kaf.com.met.Metrics] (main) Closing reporter org.apache.kafka.common.telemetry.internals.ClientTelemetryReporter
2025-09-28 17:20:58,762 INFO  [org.apa.kaf.com.met.Metrics] (main) Metrics reporters closed
2025-09-28 17:20:58,762 INFO  [org.apa.kaf.com.uti.AppInfoParser] (main) App info kafka.producer for Producer-topic-a68b344f_5af6_4948_9687_a8745f15911c unregistered
2025-09-28 17:20:58,762 INFO  [io.api.tes.uti.TestSeparator] (main) io.apicurio.tests.serdes.apicurio.AvroSerdeIT.testEvolveAvroApicurio-FINISHED
2025-09-28 17:20:58,762 INFO  [io.api.tes.uti.TestSeparator] (main) ############################################################################
Test passed: testEvolveAvroApicurio
]]></system-out>
  </testcase>
  <testcase name="testTopicRecordIdStrategydFindLatest" classname="io.apicurio.tests.serdes.apicurio.AvroSerdeIT" time="4.784">
    <system-out><![CDATA[2025-09-28 17:20:58,763 INFO  [io.api.tes.uti.TestSeparator] (main) ############################################################################
2025-09-28 17:20:58,763 INFO  [io.api.tes.uti.TestSeparator] (main) io.apicurio.tests.serdes.apicurio.AvroSerdeIT.testTopicRecordIdStrategydFindLatest-STARTED
2025-09-28 17:20:58,765 INFO  [io.api.tes.ser.api.AvroSerdeIT] (main) Registering Avro Schema: {"type":"record","name":"s024bb753xc51ex440bx9851xdd64b2c75e91","namespace":"s799ad6d8xa903x4b50x8f19x4c41be1ea50e","fields":[{"name":"key11759080058764","type":"string"}]}
**** Registry Base URL: http://registry-app-mysql.apps.ci419.apicurio-testing.org:80
2025-09-28 17:20:59,820 INFO  [org.apa.kaf.cli.pro.ProducerConfig] (main) ProducerConfig values: 
	acks = -1
	auto.include.jmx.reporter = true
	batch.size = 16384
	bootstrap.servers = [PLAINTEXT://localhost:32769]
	buffer.memory = 33554432
	client.dns.lookup = use_all_dns_ips
	client.id = Producer-topic-2b0e8641_7880_4fad_af37_d9b9d5fefd4d
	compression.gzip.level = -1
	compression.lz4.level = 9
	compression.type = none
	compression.zstd.level = 3
	connections.max.idle.ms = 10000
	delivery.timeout.ms = 120000
	enable.idempotence = true
	enable.metrics.push = true
	interceptor.classes = []
	key.serializer = class org.apache.kafka.common.serialization.StringSerializer
	linger.ms = 0
	max.block.ms = 60000
	max.in.flight.requests.per.connection = 5
	max.request.size = 1048576
	metadata.max.age.ms = 300000
	metadata.max.idle.ms = 300000
	metadata.recovery.strategy = none
	metric.reporters = []
	metrics.num.samples = 2
	metrics.recording.level = INFO
	metrics.sample.window.ms = 30000
	partitioner.adaptive.partitioning.enable = true
	partitioner.availability.timeout.ms = 0
	partitioner.class = null
	partitioner.ignore.keys = false
	receive.buffer.bytes = 32768
	reconnect.backoff.max.ms = 1000
	reconnect.backoff.ms = 50
	request.timeout.ms = 5000
	retries = 2147483647
	retry.backoff.max.ms = 1000
	retry.backoff.ms = 100
	sasl.client.callback.handler.class = null
	sasl.jaas.config = null
	sasl.kerberos.kinit.cmd = /usr/bin/kinit
	sasl.kerberos.min.time.before.relogin = 60000
	sasl.kerberos.service.name = null
	sasl.kerberos.ticket.renew.jitter = 0.05
	sasl.kerberos.ticket.renew.window.factor = 0.8
	sasl.login.callback.handler.class = null
	sasl.login.class = null
	sasl.login.connect.timeout.ms = null
	sasl.login.read.timeout.ms = null
	sasl.login.refresh.buffer.seconds = 300
	sasl.login.refresh.min.period.seconds = 60
	sasl.login.refresh.window.factor = 0.8
	sasl.login.refresh.window.jitter = 0.05
	sasl.login.retry.backoff.max.ms = 10000
	sasl.login.retry.backoff.ms = 100
	sasl.mechanism = GSSAPI
	sasl.oauthbearer.clock.skew.seconds = 30
	sasl.oauthbearer.expected.audience = null
	sasl.oauthbearer.expected.issuer = null
	sasl.oauthbearer.header.urlencode = false
	sasl.oauthbearer.jwks.endpoint.refresh.ms = 3600000
	sasl.oauthbearer.jwks.endpoint.retry.backoff.max.ms = 10000
	sasl.oauthbearer.jwks.endpoint.retry.backoff.ms = 100
	sasl.oauthbearer.jwks.endpoint.url = null
	sasl.oauthbearer.scope.claim.name = scope
	sasl.oauthbearer.sub.claim.name = sub
	sasl.oauthbearer.token.endpoint.url = null
	security.protocol = PLAINTEXT
	security.providers = null
	send.buffer.bytes = 131072
	socket.connection.setup.timeout.max.ms = 30000
	socket.connection.setup.timeout.ms = 10000
	ssl.cipher.suites = null
	ssl.enabled.protocols = [TLSv1.2, TLSv1.3]
	ssl.endpoint.identification.algorithm = https
	ssl.engine.factory.class = null
	ssl.key.password = null
	ssl.keymanager.algorithm = SunX509
	ssl.keystore.certificate.chain = null
	ssl.keystore.key = null
	ssl.keystore.location = null
	ssl.keystore.password = null
	ssl.keystore.type = JKS
	ssl.protocol = TLSv1.3
	ssl.provider = null
	ssl.secure.random.implementation = null
	ssl.trustmanager.algorithm = PKIX
	ssl.truststore.certificates = null
	ssl.truststore.location = null
	ssl.truststore.password = null
	ssl.truststore.type = JKS
	transaction.timeout.ms = 60000
	transactional.id = null
	value.serializer = class io.apicurio.registry.serde.avro.AvroKafkaSerializer

2025-09-28 17:20:59,820 INFO  [org.apa.kaf.com.tel.int.KafkaMetricsCollector] (main) initializing Kafka metrics collector
2025-09-28 17:20:59,823 INFO  [org.apa.kaf.cli.pro.KafkaProducer] (main) [Producer clientId=Producer-topic-2b0e8641_7880_4fad_af37_d9b9d5fefd4d] Instantiated an idempotent producer.
2025-09-28 17:20:59,824 INFO  [org.apa.kaf.cli.pro.ProducerConfig] (main) These configurations '[apicurio.registry.find-latest, apicurio.registry.url, apicurio.registry.artifact-resolver-strategy]' were supplied but are not used yet.
2025-09-28 17:20:59,824 INFO  [org.apa.kaf.com.uti.AppInfoParser] (main) Kafka version: 3.9.1
2025-09-28 17:20:59,824 INFO  [org.apa.kaf.com.uti.AppInfoParser] (main) Kafka commitId: f745dfdcee2b9851
2025-09-28 17:20:59,824 INFO  [org.apa.kaf.com.uti.AppInfoParser] (main) Kafka startTimeMs: 1759080059824
2025-09-28 17:20:59,824 INFO  [io.api.tes.ser.api.SimpleSerdesTesterBuilder$SimpleSerdesTester] (main) Using producer configuration: {apicurio.registry.find-latest=true, apicurio.registry.url=http://registry-app-mysql.apps.ci419.apicurio-testing.org:80/apis/registry/v3, apicurio.registry.artifact-resolver-strategy=io.apicurio.registry.serde.avro.strategy.TopicRecordIdStrategy, value.serializer=io.apicurio.registry.serde.avro.AvroKafkaSerializer, request.timeout.ms=5000, acks=all, bootstrap.servers=PLAINTEXT://localhost:32769, connections.max.idle.ms=10000, key.serializer=org.apache.kafka.common.serialization.StringSerializer, client.id=Producer-topic-2b0e8641_7880_4fad_af37_d9b9d5fefd4d}
2025-09-28 17:20:59,824 INFO  [io.api.tes.ser.api.SimpleSerdesTesterBuilder$SimpleSerdesTester] (main) Using consumer configuration: {}
2025-09-28 17:20:59,824 INFO  [io.api.tes.ser.api.KafkaSerdesTester] (ForkJoinPool.commonPool-worker-3) Sending message {"key11759080058764": "value-0"} to topic topic-2b0e8641_7880_4fad_af37_d9b9d5fefd4d
2025-09-28 17:20:59,827 INFO  [org.apa.kaf.cli.Metadata] (kafka-producer-network-thread | Producer-topic-2b0e8641_7880_4fad_af37_d9b9d5fefd4d) [Producer clientId=Producer-topic-2b0e8641_7880_4fad_af37_d9b9d5fefd4d] Cluster ID: 3eubY_ZwQSCXVgI5PuowEg
2025-09-28 17:20:59,827 INFO  [org.apa.kaf.cli.pro.int.TransactionManager] (kafka-producer-network-thread | Producer-topic-2b0e8641_7880_4fad_af37_d9b9d5fefd4d) [Producer clientId=Producer-topic-2b0e8641_7880_4fad_af37_d9b9d5fefd4d] ProducerId set to 18 with epoch 0
2025-09-28 17:20:59,939 INFO  [io.api.tes.ser.api.KafkaSerdesTester] (ForkJoinPool.commonPool-worker-3) Sending message {"key11759080058764": "value-1"} to topic topic-2b0e8641_7880_4fad_af37_d9b9d5fefd4d
2025-09-28 17:20:59,940 INFO  [io.api.tes.ser.api.KafkaSerdesTester] (ForkJoinPool.commonPool-worker-3) Sending message {"key11759080058764": "value-2"} to topic topic-2b0e8641_7880_4fad_af37_d9b9d5fefd4d
2025-09-28 17:20:59,941 INFO  [io.api.tes.ser.api.KafkaSerdesTester] (ForkJoinPool.commonPool-worker-3) Sending message {"key11759080058764": "value-3"} to topic topic-2b0e8641_7880_4fad_af37_d9b9d5fefd4d
2025-09-28 17:20:59,942 INFO  [io.api.tes.ser.api.KafkaSerdesTester] (ForkJoinPool.commonPool-worker-3) Sending message {"key11759080058764": "value-4"} to topic topic-2b0e8641_7880_4fad_af37_d9b9d5fefd4d
2025-09-28 17:20:59,943 INFO  [io.api.tes.ser.api.KafkaSerdesTester] (ForkJoinPool.commonPool-worker-3) Sending message {"key11759080058764": "value-5"} to topic topic-2b0e8641_7880_4fad_af37_d9b9d5fefd4d
2025-09-28 17:20:59,944 INFO  [io.api.tes.ser.api.KafkaSerdesTester] (ForkJoinPool.commonPool-worker-3) Sending message {"key11759080058764": "value-6"} to topic topic-2b0e8641_7880_4fad_af37_d9b9d5fefd4d
2025-09-28 17:20:59,946 INFO  [io.api.tes.ser.api.KafkaSerdesTester] (ForkJoinPool.commonPool-worker-3) Sending message {"key11759080058764": "value-7"} to topic topic-2b0e8641_7880_4fad_af37_d9b9d5fefd4d
2025-09-28 17:20:59,947 INFO  [io.api.tes.ser.api.KafkaSerdesTester] (ForkJoinPool.commonPool-worker-3) Sending message {"key11759080058764": "value-8"} to topic topic-2b0e8641_7880_4fad_af37_d9b9d5fefd4d
2025-09-28 17:20:59,948 INFO  [io.api.tes.ser.api.KafkaSerdesTester] (ForkJoinPool.commonPool-worker-3) Sending message {"key11759080058764": "value-9"} to topic topic-2b0e8641_7880_4fad_af37_d9b9d5fefd4d
2025-09-28 17:20:59,949 INFO  [io.api.tes.ser.api.KafkaSerdesTester] (ForkJoinPool.commonPool-worker-3) Produced 10 messages
2025-09-28 17:20:59,949 INFO  [org.apa.kaf.cli.pro.KafkaProducer] (ForkJoinPool.commonPool-worker-3) [Producer clientId=Producer-topic-2b0e8641_7880_4fad_af37_d9b9d5fefd4d] Closing the Kafka producer with timeoutMillis = 9223372036854775807 ms.
2025-09-28 17:20:59,951 INFO  [org.apa.kaf.com.met.Metrics] (ForkJoinPool.commonPool-worker-3) Metrics scheduler closed
2025-09-28 17:20:59,951 INFO  [org.apa.kaf.com.met.Metrics] (ForkJoinPool.commonPool-worker-3) Closing reporter org.apache.kafka.common.metrics.JmxReporter
2025-09-28 17:20:59,951 INFO  [org.apa.kaf.com.met.Metrics] (ForkJoinPool.commonPool-worker-3) Closing reporter org.apache.kafka.common.telemetry.internals.ClientTelemetryReporter
2025-09-28 17:20:59,951 INFO  [org.apa.kaf.com.met.Metrics] (ForkJoinPool.commonPool-worker-3) Metrics reporters closed
2025-09-28 17:20:59,951 INFO  [org.apa.kaf.com.uti.AppInfoParser] (ForkJoinPool.commonPool-worker-3) App info kafka.producer for Producer-topic-2b0e8641_7880_4fad_af37_d9b9d5fefd4d unregistered
**** Registry Base URL: http://registry-app-mysql.apps.ci419.apicurio-testing.org:80
2025-09-28 17:20:59,952 INFO  [org.apa.kaf.cli.con.ConsumerConfig] (main) ConsumerConfig values: 
	allow.auto.create.topics = true
	auto.commit.interval.ms = 500
	auto.include.jmx.reporter = true
	auto.offset.reset = earliest
	bootstrap.servers = [PLAINTEXT://localhost:32769]
	check.crcs = true
	client.dns.lookup = use_all_dns_ips
	client.id = consumer-Consumer-topic-2b0e8641_7880_4fad_af37_d9b9d5fefd4d-13
	client.rack = 
	connections.max.idle.ms = 10000
	default.api.timeout.ms = 60000
	enable.auto.commit = true
	enable.metrics.push = true
	exclude.internal.topics = true
	fetch.max.bytes = 52428800
	fetch.max.wait.ms = 500
	fetch.min.bytes = 1
	group.id = Consumer-topic-2b0e8641_7880_4fad_af37_d9b9d5fefd4d
	group.instance.id = null
	group.protocol = classic
	group.remote.assignor = null
	heartbeat.interval.ms = 3000
	interceptor.classes = []
	internal.leave.group.on.close = true
	internal.throw.on.fetch.stable.offset.unsupported = false
	isolation.level = read_uncommitted
	key.deserializer = class org.apache.kafka.common.serialization.StringDeserializer
	max.partition.fetch.bytes = 1048576
	max.poll.interval.ms = 300000
	max.poll.records = 500
	metadata.max.age.ms = 300000
	metadata.recovery.strategy = none
	metric.reporters = []
	metrics.num.samples = 2
	metrics.recording.level = INFO
	metrics.sample.window.ms = 30000
	partition.assignment.strategy = [class org.apache.kafka.clients.consumer.RangeAssignor, class org.apache.kafka.clients.consumer.CooperativeStickyAssignor]
	receive.buffer.bytes = 65536
	reconnect.backoff.max.ms = 1000
	reconnect.backoff.ms = 50
	request.timeout.ms = 5000
	retry.backoff.max.ms = 1000
	retry.backoff.ms = 100
	sasl.client.callback.handler.class = null
	sasl.jaas.config = null
	sasl.kerberos.kinit.cmd = /usr/bin/kinit
	sasl.kerberos.min.time.before.relogin = 60000
	sasl.kerberos.service.name = null
	sasl.kerberos.ticket.renew.jitter = 0.05
	sasl.kerberos.ticket.renew.window.factor = 0.8
	sasl.login.callback.handler.class = null
	sasl.login.class = null
	sasl.login.connect.timeout.ms = null
	sasl.login.read.timeout.ms = null
	sasl.login.refresh.buffer.seconds = 300
	sasl.login.refresh.min.period.seconds = 60
	sasl.login.refresh.window.factor = 0.8
	sasl.login.refresh.window.jitter = 0.05
	sasl.login.retry.backoff.max.ms = 10000
	sasl.login.retry.backoff.ms = 100
	sasl.mechanism = GSSAPI
	sasl.oauthbearer.clock.skew.seconds = 30
	sasl.oauthbearer.expected.audience = null
	sasl.oauthbearer.expected.issuer = null
	sasl.oauthbearer.header.urlencode = false
	sasl.oauthbearer.jwks.endpoint.refresh.ms = 3600000
	sasl.oauthbearer.jwks.endpoint.retry.backoff.max.ms = 10000
	sasl.oauthbearer.jwks.endpoint.retry.backoff.ms = 100
	sasl.oauthbearer.jwks.endpoint.url = null
	sasl.oauthbearer.scope.claim.name = scope
	sasl.oauthbearer.sub.claim.name = sub
	sasl.oauthbearer.token.endpoint.url = null
	security.protocol = PLAINTEXT
	security.providers = null
	send.buffer.bytes = 131072
	session.timeout.ms = 45000
	socket.connection.setup.timeout.max.ms = 30000
	socket.connection.setup.timeout.ms = 10000
	ssl.cipher.suites = null
	ssl.enabled.protocols = [TLSv1.2, TLSv1.3]
	ssl.endpoint.identification.algorithm = https
	ssl.engine.factory.class = null
	ssl.key.password = null
	ssl.keymanager.algorithm = SunX509
	ssl.keystore.certificate.chain = null
	ssl.keystore.key = null
	ssl.keystore.location = null
	ssl.keystore.password = null
	ssl.keystore.type = JKS
	ssl.protocol = TLSv1.3
	ssl.provider = null
	ssl.secure.random.implementation = null
	ssl.trustmanager.algorithm = PKIX
	ssl.truststore.certificates = null
	ssl.truststore.location = null
	ssl.truststore.password = null
	ssl.truststore.type = JKS
	value.deserializer = class io.apicurio.registry.serde.avro.AvroKafkaDeserializer

2025-09-28 17:20:59,953 INFO  [org.apa.kaf.com.tel.int.KafkaMetricsCollector] (main) initializing Kafka metrics collector
2025-09-28 17:20:59,958 INFO  [org.apa.kaf.cli.con.ConsumerConfig] (main) These configurations '[apicurio.registry.url]' were supplied but are not used yet.
2025-09-28 17:20:59,958 INFO  [org.apa.kaf.com.uti.AppInfoParser] (main) Kafka version: 3.9.1
2025-09-28 17:20:59,958 INFO  [org.apa.kaf.com.uti.AppInfoParser] (main) Kafka commitId: f745dfdcee2b9851
2025-09-28 17:20:59,958 INFO  [org.apa.kaf.com.uti.AppInfoParser] (main) Kafka startTimeMs: 1759080059958
2025-09-28 17:20:59,959 INFO  [org.apa.kaf.cli.con.int.ClassicKafkaConsumer] (ForkJoinPool.commonPool-worker-3) [Consumer clientId=consumer-Consumer-topic-2b0e8641_7880_4fad_af37_d9b9d5fefd4d-13, groupId=Consumer-topic-2b0e8641_7880_4fad_af37_d9b9d5fefd4d] Subscribed to topic(s): topic-2b0e8641_7880_4fad_af37_d9b9d5fefd4d
2025-09-28 17:20:59,961 INFO  [org.apa.kaf.cli.Metadata] (ForkJoinPool.commonPool-worker-3) [Consumer clientId=consumer-Consumer-topic-2b0e8641_7880_4fad_af37_d9b9d5fefd4d-13, groupId=Consumer-topic-2b0e8641_7880_4fad_af37_d9b9d5fefd4d] Cluster ID: 3eubY_ZwQSCXVgI5PuowEg
2025-09-28 17:20:59,962 INFO  [org.apa.kaf.cli.con.int.ConsumerCoordinator] (ForkJoinPool.commonPool-worker-3) [Consumer clientId=consumer-Consumer-topic-2b0e8641_7880_4fad_af37_d9b9d5fefd4d-13, groupId=Consumer-topic-2b0e8641_7880_4fad_af37_d9b9d5fefd4d] Discovered group coordinator localhost:32769 (id: 2147483647 rack: null)
2025-09-28 17:20:59,963 INFO  [org.apa.kaf.cli.con.int.ConsumerCoordinator] (ForkJoinPool.commonPool-worker-3) [Consumer clientId=consumer-Consumer-topic-2b0e8641_7880_4fad_af37_d9b9d5fefd4d-13, groupId=Consumer-topic-2b0e8641_7880_4fad_af37_d9b9d5fefd4d] (Re-)joining group
2025-09-28 17:20:59,965 INFO  [org.apa.kaf.cli.con.int.ConsumerCoordinator] (ForkJoinPool.commonPool-worker-3) [Consumer clientId=consumer-Consumer-topic-2b0e8641_7880_4fad_af37_d9b9d5fefd4d-13, groupId=Consumer-topic-2b0e8641_7880_4fad_af37_d9b9d5fefd4d] Request joining group due to: need to re-join with the given member-id: consumer-Consumer-topic-2b0e8641_7880_4fad_af37_d9b9d5fefd4d-13-42e20900-d13c-4f1a-9b68-72574f5d6a85
2025-09-28 17:20:59,965 INFO  [org.apa.kaf.cli.con.int.ConsumerCoordinator] (ForkJoinPool.commonPool-worker-3) [Consumer clientId=consumer-Consumer-topic-2b0e8641_7880_4fad_af37_d9b9d5fefd4d-13, groupId=Consumer-topic-2b0e8641_7880_4fad_af37_d9b9d5fefd4d] (Re-)joining group
2025-09-28 17:21:00,959 INFO  [io.api.tes.ser.api.KafkaSerdesTester] (ForkJoinPool.commonPool-worker-3) None found
2025-09-28 17:21:01,960 INFO  [io.api.tes.ser.api.KafkaSerdesTester] (ForkJoinPool.commonPool-worker-3) None found
2025-09-28 17:21:02,961 INFO  [io.api.tes.ser.api.KafkaSerdesTester] (ForkJoinPool.commonPool-worker-3) None found
2025-09-28 17:21:02,967 INFO  [org.apa.kaf.cli.con.int.ConsumerCoordinator] (ForkJoinPool.commonPool-worker-3) [Consumer clientId=consumer-Consumer-topic-2b0e8641_7880_4fad_af37_d9b9d5fefd4d-13, groupId=Consumer-topic-2b0e8641_7880_4fad_af37_d9b9d5fefd4d] Successfully joined group with generation Generation{generationId=1, memberId='consumer-Consumer-topic-2b0e8641_7880_4fad_af37_d9b9d5fefd4d-13-42e20900-d13c-4f1a-9b68-72574f5d6a85', protocol='range'}
2025-09-28 17:21:02,967 INFO  [org.apa.kaf.cli.con.int.ConsumerCoordinator] (ForkJoinPool.commonPool-worker-3) [Consumer clientId=consumer-Consumer-topic-2b0e8641_7880_4fad_af37_d9b9d5fefd4d-13, groupId=Consumer-topic-2b0e8641_7880_4fad_af37_d9b9d5fefd4d] Finished assignment for group at generation 1: {consumer-Consumer-topic-2b0e8641_7880_4fad_af37_d9b9d5fefd4d-13-42e20900-d13c-4f1a-9b68-72574f5d6a85=Assignment(partitions=[topic-2b0e8641_7880_4fad_af37_d9b9d5fefd4d-0])}
2025-09-28 17:21:02,974 INFO  [org.apa.kaf.cli.con.int.ConsumerCoordinator] (ForkJoinPool.commonPool-worker-3) [Consumer clientId=consumer-Consumer-topic-2b0e8641_7880_4fad_af37_d9b9d5fefd4d-13, groupId=Consumer-topic-2b0e8641_7880_4fad_af37_d9b9d5fefd4d] Successfully synced group in generation Generation{generationId=1, memberId='consumer-Consumer-topic-2b0e8641_7880_4fad_af37_d9b9d5fefd4d-13-42e20900-d13c-4f1a-9b68-72574f5d6a85', protocol='range'}
2025-09-28 17:21:02,974 INFO  [org.apa.kaf.cli.con.int.ConsumerCoordinator] (ForkJoinPool.commonPool-worker-3) [Consumer clientId=consumer-Consumer-topic-2b0e8641_7880_4fad_af37_d9b9d5fefd4d-13, groupId=Consumer-topic-2b0e8641_7880_4fad_af37_d9b9d5fefd4d] Notifying assignor about the new Assignment(partitions=[topic-2b0e8641_7880_4fad_af37_d9b9d5fefd4d-0])
2025-09-28 17:21:02,974 INFO  [org.apa.kaf.cli.con.int.ConsumerRebalanceListenerInvoker] (ForkJoinPool.commonPool-worker-3) [Consumer clientId=consumer-Consumer-topic-2b0e8641_7880_4fad_af37_d9b9d5fefd4d-13, groupId=Consumer-topic-2b0e8641_7880_4fad_af37_d9b9d5fefd4d] Adding newly assigned partitions: topic-2b0e8641_7880_4fad_af37_d9b9d5fefd4d-0
2025-09-28 17:21:02,975 INFO  [org.apa.kaf.cli.con.int.ConsumerCoordinator] (ForkJoinPool.commonPool-worker-3) [Consumer clientId=consumer-Consumer-topic-2b0e8641_7880_4fad_af37_d9b9d5fefd4d-13, groupId=Consumer-topic-2b0e8641_7880_4fad_af37_d9b9d5fefd4d] Found no committed offset for partition topic-2b0e8641_7880_4fad_af37_d9b9d5fefd4d-0
2025-09-28 17:21:02,978 INFO  [org.apa.kaf.cli.con.int.SubscriptionState] (ForkJoinPool.commonPool-worker-3) [Consumer clientId=consumer-Consumer-topic-2b0e8641_7880_4fad_af37_d9b9d5fefd4d-13, groupId=Consumer-topic-2b0e8641_7880_4fad_af37_d9b9d5fefd4d] Resetting offset for partition topic-2b0e8641_7880_4fad_af37_d9b9d5fefd4d-0 to position FetchPosition{offset=0, offsetEpoch=Optional.empty, currentLeader=LeaderAndEpoch{leader=Optional[localhost:32769 (id: 0 rack: null)], epoch=0}}.
2025-09-28 17:21:03,043 INFO  [io.api.tes.ser.api.KafkaSerdesTester] (ForkJoinPool.commonPool-worker-3) topic-2b0e8641_7880_4fad_af37_d9b9d5fefd4d 0 0 {"key11759080058764": "value-0"}
2025-09-28 17:21:03,043 INFO  [io.api.tes.ser.api.KafkaSerdesTester] (ForkJoinPool.commonPool-worker-3) topic-2b0e8641_7880_4fad_af37_d9b9d5fefd4d 0 1 {"key11759080058764": "value-1"}
2025-09-28 17:21:03,043 INFO  [io.api.tes.ser.api.KafkaSerdesTester] (ForkJoinPool.commonPool-worker-3) topic-2b0e8641_7880_4fad_af37_d9b9d5fefd4d 0 2 {"key11759080058764": "value-2"}
2025-09-28 17:21:03,043 INFO  [io.api.tes.ser.api.KafkaSerdesTester] (ForkJoinPool.commonPool-worker-3) topic-2b0e8641_7880_4fad_af37_d9b9d5fefd4d 0 3 {"key11759080058764": "value-3"}
2025-09-28 17:21:03,043 INFO  [io.api.tes.ser.api.KafkaSerdesTester] (ForkJoinPool.commonPool-worker-3) topic-2b0e8641_7880_4fad_af37_d9b9d5fefd4d 0 4 {"key11759080058764": "value-4"}
2025-09-28 17:21:03,043 INFO  [io.api.tes.ser.api.KafkaSerdesTester] (ForkJoinPool.commonPool-worker-3) topic-2b0e8641_7880_4fad_af37_d9b9d5fefd4d 0 5 {"key11759080058764": "value-5"}
2025-09-28 17:21:03,043 INFO  [io.api.tes.ser.api.KafkaSerdesTester] (ForkJoinPool.commonPool-worker-3) topic-2b0e8641_7880_4fad_af37_d9b9d5fefd4d 0 6 {"key11759080058764": "value-6"}
2025-09-28 17:21:03,043 INFO  [io.api.tes.ser.api.KafkaSerdesTester] (ForkJoinPool.commonPool-worker-3) topic-2b0e8641_7880_4fad_af37_d9b9d5fefd4d 0 7 {"key11759080058764": "value-7"}
2025-09-28 17:21:03,043 INFO  [io.api.tes.ser.api.KafkaSerdesTester] (ForkJoinPool.commonPool-worker-3) topic-2b0e8641_7880_4fad_af37_d9b9d5fefd4d 0 8 {"key11759080058764": "value-8"}
2025-09-28 17:21:03,043 INFO  [io.api.tes.ser.api.KafkaSerdesTester] (ForkJoinPool.commonPool-worker-3) topic-2b0e8641_7880_4fad_af37_d9b9d5fefd4d 0 9 {"key11759080058764": "value-9"}
2025-09-28 17:21:03,043 INFO  [io.api.tes.ser.api.KafkaSerdesTester] (ForkJoinPool.commonPool-worker-3) Consumed 10 messages
2025-09-28 17:21:03,050 INFO  [org.apa.kaf.cli.con.int.ConsumerRebalanceListenerInvoker] (ForkJoinPool.commonPool-worker-3) [Consumer clientId=consumer-Consumer-topic-2b0e8641_7880_4fad_af37_d9b9d5fefd4d-13, groupId=Consumer-topic-2b0e8641_7880_4fad_af37_d9b9d5fefd4d] Revoke previously assigned partitions topic-2b0e8641_7880_4fad_af37_d9b9d5fefd4d-0
2025-09-28 17:21:03,050 INFO  [org.apa.kaf.cli.con.int.ConsumerCoordinator] (ForkJoinPool.commonPool-worker-3) [Consumer clientId=consumer-Consumer-topic-2b0e8641_7880_4fad_af37_d9b9d5fefd4d-13, groupId=Consumer-topic-2b0e8641_7880_4fad_af37_d9b9d5fefd4d] Member consumer-Consumer-topic-2b0e8641_7880_4fad_af37_d9b9d5fefd4d-13-42e20900-d13c-4f1a-9b68-72574f5d6a85 sending LeaveGroup request to coordinator localhost:32769 (id: 2147483647 rack: null) due to the consumer is being closed
2025-09-28 17:21:03,050 INFO  [org.apa.kaf.cli.con.int.ConsumerCoordinator] (ForkJoinPool.commonPool-worker-3) [Consumer clientId=consumer-Consumer-topic-2b0e8641_7880_4fad_af37_d9b9d5fefd4d-13, groupId=Consumer-topic-2b0e8641_7880_4fad_af37_d9b9d5fefd4d] Resetting generation and member id due to: consumer pro-actively leaving the group
2025-09-28 17:21:03,050 INFO  [org.apa.kaf.cli.con.int.ConsumerCoordinator] (ForkJoinPool.commonPool-worker-3) [Consumer clientId=consumer-Consumer-topic-2b0e8641_7880_4fad_af37_d9b9d5fefd4d-13, groupId=Consumer-topic-2b0e8641_7880_4fad_af37_d9b9d5fefd4d] Request joining group due to: consumer pro-actively leaving the group
2025-09-28 17:21:03,545 INFO  [org.apa.kaf.com.met.Metrics] (ForkJoinPool.commonPool-worker-3) Metrics scheduler closed
2025-09-28 17:21:03,545 INFO  [org.apa.kaf.com.met.Metrics] (ForkJoinPool.commonPool-worker-3) Closing reporter org.apache.kafka.common.metrics.JmxReporter
2025-09-28 17:21:03,545 INFO  [org.apa.kaf.com.met.Metrics] (ForkJoinPool.commonPool-worker-3) Closing reporter org.apache.kafka.common.telemetry.internals.ClientTelemetryReporter
2025-09-28 17:21:03,545 INFO  [org.apa.kaf.com.met.Metrics] (ForkJoinPool.commonPool-worker-3) Metrics reporters closed
2025-09-28 17:21:03,546 INFO  [org.apa.kaf.com.uti.AppInfoParser] (ForkJoinPool.commonPool-worker-3) App info kafka.consumer for consumer-Consumer-topic-2b0e8641_7880_4fad_af37_d9b9d5fefd4d-13 unregistered
2025-09-28 17:21:03,547 INFO  [io.api.tes.uti.TestSeparator] (main) io.apicurio.tests.serdes.apicurio.AvroSerdeIT.testTopicRecordIdStrategydFindLatest-FINISHED
2025-09-28 17:21:03,547 INFO  [io.api.tes.uti.TestSeparator] (main) ############################################################################
Test passed: testTopicRecordIdStrategydFindLatest
]]></system-out>
  </testcase>
  <testcase name="testAvroConfluentForMultipleTopics" classname="io.apicurio.tests.serdes.apicurio.AvroSerdeIT" time="11.932">
    <system-out><![CDATA[2025-09-28 17:21:03,548 INFO  [io.api.tes.uti.TestSeparator] (main) ############################################################################
2025-09-28 17:21:03,548 INFO  [io.api.tes.uti.TestSeparator] (main) io.apicurio.tests.serdes.apicurio.AvroSerdeIT.testAvroConfluentForMultipleTopics-STARTED
2025-09-28 17:21:03,549 INFO  [io.api.tes.ser.api.AvroSerdeIT] (main) Registering Avro Schema: {"type":"record","name":"myrecordconfluent","fields":[{"name":"key11759080063548","type":"string"}]}
**** Registry Base URL: http://registry-app-mysql.apps.ci419.apicurio-testing.org:80
2025-09-28 17:21:04,596 INFO  [org.apa.kaf.cli.pro.ProducerConfig] (main) ProducerConfig values: 
	acks = -1
	auto.include.jmx.reporter = true
	batch.size = 16384
	bootstrap.servers = [PLAINTEXT://localhost:32769]
	buffer.memory = 33554432
	client.dns.lookup = use_all_dns_ips
	client.id = Producer-topic-f2b25c6b_2f3c_470d_a676_2c2c026029cc
	compression.gzip.level = -1
	compression.lz4.level = 9
	compression.type = none
	compression.zstd.level = 3
	connections.max.idle.ms = 10000
	delivery.timeout.ms = 120000
	enable.idempotence = true
	enable.metrics.push = true
	interceptor.classes = []
	key.serializer = class org.apache.kafka.common.serialization.StringSerializer
	linger.ms = 0
	max.block.ms = 60000
	max.in.flight.requests.per.connection = 5
	max.request.size = 1048576
	metadata.max.age.ms = 300000
	metadata.max.idle.ms = 300000
	metadata.recovery.strategy = none
	metric.reporters = []
	metrics.num.samples = 2
	metrics.recording.level = INFO
	metrics.sample.window.ms = 30000
	partitioner.adaptive.partitioning.enable = true
	partitioner.availability.timeout.ms = 0
	partitioner.class = null
	partitioner.ignore.keys = false
	receive.buffer.bytes = 32768
	reconnect.backoff.max.ms = 1000
	reconnect.backoff.ms = 50
	request.timeout.ms = 5000
	retries = 2147483647
	retry.backoff.max.ms = 1000
	retry.backoff.ms = 100
	sasl.client.callback.handler.class = null
	sasl.jaas.config = null
	sasl.kerberos.kinit.cmd = /usr/bin/kinit
	sasl.kerberos.min.time.before.relogin = 60000
	sasl.kerberos.service.name = null
	sasl.kerberos.ticket.renew.jitter = 0.05
	sasl.kerberos.ticket.renew.window.factor = 0.8
	sasl.login.callback.handler.class = null
	sasl.login.class = null
	sasl.login.connect.timeout.ms = null
	sasl.login.read.timeout.ms = null
	sasl.login.refresh.buffer.seconds = 300
	sasl.login.refresh.min.period.seconds = 60
	sasl.login.refresh.window.factor = 0.8
	sasl.login.refresh.window.jitter = 0.05
	sasl.login.retry.backoff.max.ms = 10000
	sasl.login.retry.backoff.ms = 100
	sasl.mechanism = GSSAPI
	sasl.oauthbearer.clock.skew.seconds = 30
	sasl.oauthbearer.expected.audience = null
	sasl.oauthbearer.expected.issuer = null
	sasl.oauthbearer.header.urlencode = false
	sasl.oauthbearer.jwks.endpoint.refresh.ms = 3600000
	sasl.oauthbearer.jwks.endpoint.retry.backoff.max.ms = 10000
	sasl.oauthbearer.jwks.endpoint.retry.backoff.ms = 100
	sasl.oauthbearer.jwks.endpoint.url = null
	sasl.oauthbearer.scope.claim.name = scope
	sasl.oauthbearer.sub.claim.name = sub
	sasl.oauthbearer.token.endpoint.url = null
	security.protocol = PLAINTEXT
	security.providers = null
	send.buffer.bytes = 131072
	socket.connection.setup.timeout.max.ms = 30000
	socket.connection.setup.timeout.ms = 10000
	ssl.cipher.suites = null
	ssl.enabled.protocols = [TLSv1.2, TLSv1.3]
	ssl.endpoint.identification.algorithm = https
	ssl.engine.factory.class = null
	ssl.key.password = null
	ssl.keymanager.algorithm = SunX509
	ssl.keystore.certificate.chain = null
	ssl.keystore.key = null
	ssl.keystore.location = null
	ssl.keystore.password = null
	ssl.keystore.type = JKS
	ssl.protocol = TLSv1.3
	ssl.provider = null
	ssl.secure.random.implementation = null
	ssl.trustmanager.algorithm = PKIX
	ssl.truststore.certificates = null
	ssl.truststore.location = null
	ssl.truststore.password = null
	ssl.truststore.type = JKS
	transaction.timeout.ms = 60000
	transactional.id = null
	value.serializer = class io.apicurio.registry.serde.avro.AvroKafkaSerializer

2025-09-28 17:21:04,597 INFO  [org.apa.kaf.com.tel.int.KafkaMetricsCollector] (main) initializing Kafka metrics collector
2025-09-28 17:21:04,599 INFO  [org.apa.kaf.cli.pro.KafkaProducer] (main) [Producer clientId=Producer-topic-f2b25c6b_2f3c_470d_a676_2c2c026029cc] Instantiated an idempotent producer.
2025-09-28 17:21:04,601 INFO  [org.apa.kaf.cli.pro.ProducerConfig] (main) These configurations '[apicurio.registry.url, apicurio.registry.artifact-resolver-strategy]' were supplied but are not used yet.
2025-09-28 17:21:04,601 INFO  [org.apa.kaf.com.uti.AppInfoParser] (main) Kafka version: 3.9.1
2025-09-28 17:21:04,601 INFO  [org.apa.kaf.com.uti.AppInfoParser] (main) Kafka commitId: f745dfdcee2b9851
2025-09-28 17:21:04,601 INFO  [org.apa.kaf.com.uti.AppInfoParser] (main) Kafka startTimeMs: 1759080064601
**** Registry Base URL: http://registry-app-mysql.apps.ci419.apicurio-testing.org:80
2025-09-28 17:21:04,601 INFO  [org.apa.kaf.cli.pro.ProducerConfig] (main) ProducerConfig values: 
	acks = -1
	auto.include.jmx.reporter = true
	batch.size = 16384
	bootstrap.servers = [PLAINTEXT://localhost:32769]
	buffer.memory = 33554432
	client.dns.lookup = use_all_dns_ips
	client.id = Producer-topic-f0ef2b00_4244_4d30_af40_dbb90c28a778
	compression.gzip.level = -1
	compression.lz4.level = 9
	compression.type = none
	compression.zstd.level = 3
	connections.max.idle.ms = 10000
	delivery.timeout.ms = 120000
	enable.idempotence = true
	enable.metrics.push = true
	interceptor.classes = []
	key.serializer = class org.apache.kafka.common.serialization.StringSerializer
	linger.ms = 0
	max.block.ms = 60000
	max.in.flight.requests.per.connection = 5
	max.request.size = 1048576
	metadata.max.age.ms = 300000
	metadata.max.idle.ms = 300000
	metadata.recovery.strategy = none
	metric.reporters = []
	metrics.num.samples = 2
	metrics.recording.level = INFO
	metrics.sample.window.ms = 30000
	partitioner.adaptive.partitioning.enable = true
	partitioner.availability.timeout.ms = 0
	partitioner.class = null
	partitioner.ignore.keys = false
	receive.buffer.bytes = 32768
	reconnect.backoff.max.ms = 1000
	reconnect.backoff.ms = 50
	request.timeout.ms = 5000
	retries = 2147483647
	retry.backoff.max.ms = 1000
	retry.backoff.ms = 100
	sasl.client.callback.handler.class = null
	sasl.jaas.config = null
	sasl.kerberos.kinit.cmd = /usr/bin/kinit
	sasl.kerberos.min.time.before.relogin = 60000
	sasl.kerberos.service.name = null
	sasl.kerberos.ticket.renew.jitter = 0.05
	sasl.kerberos.ticket.renew.window.factor = 0.8
	sasl.login.callback.handler.class = null
	sasl.login.class = null
	sasl.login.connect.timeout.ms = null
	sasl.login.read.timeout.ms = null
	sasl.login.refresh.buffer.seconds = 300
	sasl.login.refresh.min.period.seconds = 60
	sasl.login.refresh.window.factor = 0.8
	sasl.login.refresh.window.jitter = 0.05
	sasl.login.retry.backoff.max.ms = 10000
	sasl.login.retry.backoff.ms = 100
	sasl.mechanism = GSSAPI
	sasl.oauthbearer.clock.skew.seconds = 30
	sasl.oauthbearer.expected.audience = null
	sasl.oauthbearer.expected.issuer = null
	sasl.oauthbearer.header.urlencode = false
	sasl.oauthbearer.jwks.endpoint.refresh.ms = 3600000
	sasl.oauthbearer.jwks.endpoint.retry.backoff.max.ms = 10000
	sasl.oauthbearer.jwks.endpoint.retry.backoff.ms = 100
	sasl.oauthbearer.jwks.endpoint.url = null
	sasl.oauthbearer.scope.claim.name = scope
	sasl.oauthbearer.sub.claim.name = sub
	sasl.oauthbearer.token.endpoint.url = null
	security.protocol = PLAINTEXT
	security.providers = null
	send.buffer.bytes = 131072
	socket.connection.setup.timeout.max.ms = 30000
	socket.connection.setup.timeout.ms = 10000
	ssl.cipher.suites = null
	ssl.enabled.protocols = [TLSv1.2, TLSv1.3]
	ssl.endpoint.identification.algorithm = https
	ssl.engine.factory.class = null
	ssl.key.password = null
	ssl.keymanager.algorithm = SunX509
	ssl.keystore.certificate.chain = null
	ssl.keystore.key = null
	ssl.keystore.location = null
	ssl.keystore.password = null
	ssl.keystore.type = JKS
	ssl.protocol = TLSv1.3
	ssl.provider = null
	ssl.secure.random.implementation = null
	ssl.trustmanager.algorithm = PKIX
	ssl.truststore.certificates = null
	ssl.truststore.location = null
	ssl.truststore.password = null
	ssl.truststore.type = JKS
	transaction.timeout.ms = 60000
	transactional.id = null
	value.serializer = class io.apicurio.registry.serde.avro.AvroKafkaSerializer

2025-09-28 17:21:04,602 INFO  [org.apa.kaf.com.tel.int.KafkaMetricsCollector] (main) initializing Kafka metrics collector
2025-09-28 17:21:04,604 INFO  [org.apa.kaf.cli.pro.KafkaProducer] (main) [Producer clientId=Producer-topic-f0ef2b00_4244_4d30_af40_dbb90c28a778] Instantiated an idempotent producer.
2025-09-28 17:21:04,605 INFO  [org.apa.kaf.cli.Metadata] (kafka-producer-network-thread | Producer-topic-f2b25c6b_2f3c_470d_a676_2c2c026029cc) [Producer clientId=Producer-topic-f2b25c6b_2f3c_470d_a676_2c2c026029cc] Cluster ID: 3eubY_ZwQSCXVgI5PuowEg
2025-09-28 17:21:04,606 INFO  [org.apa.kaf.cli.pro.int.TransactionManager] (kafka-producer-network-thread | Producer-topic-f2b25c6b_2f3c_470d_a676_2c2c026029cc) [Producer clientId=Producer-topic-f2b25c6b_2f3c_470d_a676_2c2c026029cc] ProducerId set to 19 with epoch 0
2025-09-28 17:21:04,606 INFO  [org.apa.kaf.cli.pro.ProducerConfig] (main) These configurations '[apicurio.registry.url, apicurio.registry.artifact-resolver-strategy]' were supplied but are not used yet.
2025-09-28 17:21:04,606 INFO  [org.apa.kaf.com.uti.AppInfoParser] (main) Kafka version: 3.9.1
2025-09-28 17:21:04,606 INFO  [org.apa.kaf.com.uti.AppInfoParser] (main) Kafka commitId: f745dfdcee2b9851
2025-09-28 17:21:04,606 INFO  [org.apa.kaf.com.uti.AppInfoParser] (main) Kafka startTimeMs: 1759080064606
**** Registry Base URL: http://registry-app-mysql.apps.ci419.apicurio-testing.org:80
2025-09-28 17:21:04,607 INFO  [org.apa.kaf.cli.pro.ProducerConfig] (main) ProducerConfig values: 
	acks = -1
	auto.include.jmx.reporter = true
	batch.size = 16384
	bootstrap.servers = [PLAINTEXT://localhost:32769]
	buffer.memory = 33554432
	client.dns.lookup = use_all_dns_ips
	client.id = Producer-topic-c78b543d_21d1_4ec3_a466_00c8f0285426
	compression.gzip.level = -1
	compression.lz4.level = 9
	compression.type = none
	compression.zstd.level = 3
	connections.max.idle.ms = 10000
	delivery.timeout.ms = 120000
	enable.idempotence = true
	enable.metrics.push = true
	interceptor.classes = []
	key.serializer = class org.apache.kafka.common.serialization.StringSerializer
	linger.ms = 0
	max.block.ms = 60000
	max.in.flight.requests.per.connection = 5
	max.request.size = 1048576
	metadata.max.age.ms = 300000
	metadata.max.idle.ms = 300000
	metadata.recovery.strategy = none
	metric.reporters = []
	metrics.num.samples = 2
	metrics.recording.level = INFO
	metrics.sample.window.ms = 30000
	partitioner.adaptive.partitioning.enable = true
	partitioner.availability.timeout.ms = 0
	partitioner.class = null
	partitioner.ignore.keys = false
	receive.buffer.bytes = 32768
	reconnect.backoff.max.ms = 1000
	reconnect.backoff.ms = 50
	request.timeout.ms = 5000
	retries = 2147483647
	retry.backoff.max.ms = 1000
	retry.backoff.ms = 100
	sasl.client.callback.handler.class = null
	sasl.jaas.config = null
	sasl.kerberos.kinit.cmd = /usr/bin/kinit
	sasl.kerberos.min.time.before.relogin = 60000
	sasl.kerberos.service.name = null
	sasl.kerberos.ticket.renew.jitter = 0.05
	sasl.kerberos.ticket.renew.window.factor = 0.8
	sasl.login.callback.handler.class = null
	sasl.login.class = null
	sasl.login.connect.timeout.ms = null
	sasl.login.read.timeout.ms = null
	sasl.login.refresh.buffer.seconds = 300
	sasl.login.refresh.min.period.seconds = 60
	sasl.login.refresh.window.factor = 0.8
	sasl.login.refresh.window.jitter = 0.05
	sasl.login.retry.backoff.max.ms = 10000
	sasl.login.retry.backoff.ms = 100
	sasl.mechanism = GSSAPI
	sasl.oauthbearer.clock.skew.seconds = 30
	sasl.oauthbearer.expected.audience = null
	sasl.oauthbearer.expected.issuer = null
	sasl.oauthbearer.header.urlencode = false
	sasl.oauthbearer.jwks.endpoint.refresh.ms = 3600000
	sasl.oauthbearer.jwks.endpoint.retry.backoff.max.ms = 10000
	sasl.oauthbearer.jwks.endpoint.retry.backoff.ms = 100
	sasl.oauthbearer.jwks.endpoint.url = null
	sasl.oauthbearer.scope.claim.name = scope
	sasl.oauthbearer.sub.claim.name = sub
	sasl.oauthbearer.token.endpoint.url = null
	security.protocol = PLAINTEXT
	security.providers = null
	send.buffer.bytes = 131072
	socket.connection.setup.timeout.max.ms = 30000
	socket.connection.setup.timeout.ms = 10000
	ssl.cipher.suites = null
	ssl.enabled.protocols = [TLSv1.2, TLSv1.3]
	ssl.endpoint.identification.algorithm = https
	ssl.engine.factory.class = null
	ssl.key.password = null
	ssl.keymanager.algorithm = SunX509
	ssl.keystore.certificate.chain = null
	ssl.keystore.key = null
	ssl.keystore.location = null
	ssl.keystore.password = null
	ssl.keystore.type = JKS
	ssl.protocol = TLSv1.3
	ssl.provider = null
	ssl.secure.random.implementation = null
	ssl.trustmanager.algorithm = PKIX
	ssl.truststore.certificates = null
	ssl.truststore.location = null
	ssl.truststore.password = null
	ssl.truststore.type = JKS
	transaction.timeout.ms = 60000
	transactional.id = null
	value.serializer = class io.apicurio.registry.serde.avro.AvroKafkaSerializer

2025-09-28 17:21:04,607 INFO  [org.apa.kaf.com.tel.int.KafkaMetricsCollector] (main) initializing Kafka metrics collector
2025-09-28 17:21:04,609 INFO  [org.apa.kaf.cli.pro.KafkaProducer] (main) [Producer clientId=Producer-topic-c78b543d_21d1_4ec3_a466_00c8f0285426] Instantiated an idempotent producer.
2025-09-28 17:21:04,610 INFO  [org.apa.kaf.cli.pro.ProducerConfig] (main) These configurations '[apicurio.registry.url, apicurio.registry.artifact-resolver-strategy]' were supplied but are not used yet.
2025-09-28 17:21:04,610 INFO  [org.apa.kaf.com.uti.AppInfoParser] (main) Kafka version: 3.9.1
2025-09-28 17:21:04,610 INFO  [org.apa.kaf.com.uti.AppInfoParser] (main) Kafka commitId: f745dfdcee2b9851
2025-09-28 17:21:04,610 INFO  [org.apa.kaf.com.uti.AppInfoParser] (main) Kafka startTimeMs: 1759080064610
**** Registry Base URL: http://registry-app-mysql.apps.ci419.apicurio-testing.org:80
2025-09-28 17:21:04,611 INFO  [org.apa.kaf.cli.con.ConsumerConfig] (main) ConsumerConfig values: 
	allow.auto.create.topics = true
	auto.commit.interval.ms = 500
	auto.include.jmx.reporter = true
	auto.offset.reset = earliest
	bootstrap.servers = [PLAINTEXT://localhost:32769]
	check.crcs = true
	client.dns.lookup = use_all_dns_ips
	client.id = consumer-Consumer-topic-f2b25c6b_2f3c_470d_a676_2c2c026029cc-14
	client.rack = 
	connections.max.idle.ms = 10000
	default.api.timeout.ms = 60000
	enable.auto.commit = true
	enable.metrics.push = true
	exclude.internal.topics = true
	fetch.max.bytes = 52428800
	fetch.max.wait.ms = 500
	fetch.min.bytes = 1
	group.id = Consumer-topic-f2b25c6b_2f3c_470d_a676_2c2c026029cc
	group.instance.id = null
	group.protocol = classic
	group.remote.assignor = null
	heartbeat.interval.ms = 3000
	interceptor.classes = []
	internal.leave.group.on.close = true
	internal.throw.on.fetch.stable.offset.unsupported = false
	isolation.level = read_uncommitted
	key.deserializer = class org.apache.kafka.common.serialization.StringDeserializer
	max.partition.fetch.bytes = 1048576
	max.poll.interval.ms = 300000
	max.poll.records = 500
	metadata.max.age.ms = 300000
	metadata.recovery.strategy = none
	metric.reporters = []
	metrics.num.samples = 2
	metrics.recording.level = INFO
	metrics.sample.window.ms = 30000
	partition.assignment.strategy = [class org.apache.kafka.clients.consumer.RangeAssignor, class org.apache.kafka.clients.consumer.CooperativeStickyAssignor]
	receive.buffer.bytes = 65536
	reconnect.backoff.max.ms = 1000
	reconnect.backoff.ms = 50
	request.timeout.ms = 5000
	retry.backoff.max.ms = 1000
	retry.backoff.ms = 100
	sasl.client.callback.handler.class = null
	sasl.jaas.config = null
	sasl.kerberos.kinit.cmd = /usr/bin/kinit
	sasl.kerberos.min.time.before.relogin = 60000
	sasl.kerberos.service.name = null
	sasl.kerberos.ticket.renew.jitter = 0.05
	sasl.kerberos.ticket.renew.window.factor = 0.8
	sasl.login.callback.handler.class = null
	sasl.login.class = null
	sasl.login.connect.timeout.ms = null
	sasl.login.read.timeout.ms = null
	sasl.login.refresh.buffer.seconds = 300
	sasl.login.refresh.min.period.seconds = 60
	sasl.login.refresh.window.factor = 0.8
	sasl.login.refresh.window.jitter = 0.05
	sasl.login.retry.backoff.max.ms = 10000
	sasl.login.retry.backoff.ms = 100
	sasl.mechanism = GSSAPI
	sasl.oauthbearer.clock.skew.seconds = 30
	sasl.oauthbearer.expected.audience = null
	sasl.oauthbearer.expected.issuer = null
	sasl.oauthbearer.header.urlencode = false
	sasl.oauthbearer.jwks.endpoint.refresh.ms = 3600000
	sasl.oauthbearer.jwks.endpoint.retry.backoff.max.ms = 10000
	sasl.oauthbearer.jwks.endpoint.retry.backoff.ms = 100
	sasl.oauthbearer.jwks.endpoint.url = null
	sasl.oauthbearer.scope.claim.name = scope
	sasl.oauthbearer.sub.claim.name = sub
	sasl.oauthbearer.token.endpoint.url = null
	security.protocol = PLAINTEXT
	security.providers = null
	send.buffer.bytes = 131072
	session.timeout.ms = 45000
	socket.connection.setup.timeout.max.ms = 30000
	socket.connection.setup.timeout.ms = 10000
	ssl.cipher.suites = null
	ssl.enabled.protocols = [TLSv1.2, TLSv1.3]
	ssl.endpoint.identification.algorithm = https
	ssl.engine.factory.class = null
	ssl.key.password = null
	ssl.keymanager.algorithm = SunX509
	ssl.keystore.certificate.chain = null
	ssl.keystore.key = null
	ssl.keystore.location = null
	ssl.keystore.password = null
	ssl.keystore.type = JKS
	ssl.protocol = TLSv1.3
	ssl.provider = null
	ssl.secure.random.implementation = null
	ssl.trustmanager.algorithm = PKIX
	ssl.truststore.certificates = null
	ssl.truststore.location = null
	ssl.truststore.password = null
	ssl.truststore.type = JKS
	value.deserializer = class io.apicurio.registry.serde.avro.AvroKafkaDeserializer

2025-09-28 17:21:04,611 INFO  [org.apa.kaf.com.tel.int.KafkaMetricsCollector] (main) initializing Kafka metrics collector
2025-09-28 17:21:04,615 INFO  [org.apa.kaf.cli.Metadata] (kafka-producer-network-thread | Producer-topic-f0ef2b00_4244_4d30_af40_dbb90c28a778) [Producer clientId=Producer-topic-f0ef2b00_4244_4d30_af40_dbb90c28a778] Cluster ID: 3eubY_ZwQSCXVgI5PuowEg
2025-09-28 17:21:04,615 INFO  [org.apa.kaf.cli.pro.int.TransactionManager] (kafka-producer-network-thread | Producer-topic-f0ef2b00_4244_4d30_af40_dbb90c28a778) [Producer clientId=Producer-topic-f0ef2b00_4244_4d30_af40_dbb90c28a778] ProducerId set to 20 with epoch 0
2025-09-28 17:21:04,616 INFO  [org.apa.kaf.cli.con.ConsumerConfig] (main) These configurations '[apicurio.registry.url]' were supplied but are not used yet.
2025-09-28 17:21:04,616 INFO  [org.apa.kaf.com.uti.AppInfoParser] (main) Kafka version: 3.9.1
2025-09-28 17:21:04,616 INFO  [org.apa.kaf.com.uti.AppInfoParser] (main) Kafka commitId: f745dfdcee2b9851
2025-09-28 17:21:04,616 INFO  [org.apa.kaf.com.uti.AppInfoParser] (main) Kafka startTimeMs: 1759080064616
**** Registry Base URL: http://registry-app-mysql.apps.ci419.apicurio-testing.org:80
2025-09-28 17:21:04,616 INFO  [org.apa.kaf.cli.con.ConsumerConfig] (main) ConsumerConfig values: 
	allow.auto.create.topics = true
	auto.commit.interval.ms = 500
	auto.include.jmx.reporter = true
	auto.offset.reset = earliest
	bootstrap.servers = [PLAINTEXT://localhost:32769]
	check.crcs = true
	client.dns.lookup = use_all_dns_ips
	client.id = consumer-Consumer-topic-f0ef2b00_4244_4d30_af40_dbb90c28a778-15
	client.rack = 
	connections.max.idle.ms = 10000
	default.api.timeout.ms = 60000
	enable.auto.commit = true
	enable.metrics.push = true
	exclude.internal.topics = true
	fetch.max.bytes = 52428800
	fetch.max.wait.ms = 500
	fetch.min.bytes = 1
	group.id = Consumer-topic-f0ef2b00_4244_4d30_af40_dbb90c28a778
	group.instance.id = null
	group.protocol = classic
	group.remote.assignor = null
	heartbeat.interval.ms = 3000
	interceptor.classes = []
	internal.leave.group.on.close = true
	internal.throw.on.fetch.stable.offset.unsupported = false
	isolation.level = read_uncommitted
	key.deserializer = class org.apache.kafka.common.serialization.StringDeserializer
	max.partition.fetch.bytes = 1048576
	max.poll.interval.ms = 300000
	max.poll.records = 500
	metadata.max.age.ms = 300000
	metadata.recovery.strategy = none
	metric.reporters = []
	metrics.num.samples = 2
	metrics.recording.level = INFO
	metrics.sample.window.ms = 30000
	partition.assignment.strategy = [class org.apache.kafka.clients.consumer.RangeAssignor, class org.apache.kafka.clients.consumer.CooperativeStickyAssignor]
	receive.buffer.bytes = 65536
	reconnect.backoff.max.ms = 1000
	reconnect.backoff.ms = 50
	request.timeout.ms = 5000
	retry.backoff.max.ms = 1000
	retry.backoff.ms = 100
	sasl.client.callback.handler.class = null
	sasl.jaas.config = null
	sasl.kerberos.kinit.cmd = /usr/bin/kinit
	sasl.kerberos.min.time.before.relogin = 60000
	sasl.kerberos.service.name = null
	sasl.kerberos.ticket.renew.jitter = 0.05
	sasl.kerberos.ticket.renew.window.factor = 0.8
	sasl.login.callback.handler.class = null
	sasl.login.class = null
	sasl.login.connect.timeout.ms = null
	sasl.login.read.timeout.ms = null
	sasl.login.refresh.buffer.seconds = 300
	sasl.login.refresh.min.period.seconds = 60
	sasl.login.refresh.window.factor = 0.8
	sasl.login.refresh.window.jitter = 0.05
	sasl.login.retry.backoff.max.ms = 10000
	sasl.login.retry.backoff.ms = 100
	sasl.mechanism = GSSAPI
	sasl.oauthbearer.clock.skew.seconds = 30
	sasl.oauthbearer.expected.audience = null
	sasl.oauthbearer.expected.issuer = null
	sasl.oauthbearer.header.urlencode = false
	sasl.oauthbearer.jwks.endpoint.refresh.ms = 3600000
	sasl.oauthbearer.jwks.endpoint.retry.backoff.max.ms = 10000
	sasl.oauthbearer.jwks.endpoint.retry.backoff.ms = 100
	sasl.oauthbearer.jwks.endpoint.url = null
	sasl.oauthbearer.scope.claim.name = scope
	sasl.oauthbearer.sub.claim.name = sub
	sasl.oauthbearer.token.endpoint.url = null
	security.protocol = PLAINTEXT
	security.providers = null
	send.buffer.bytes = 131072
	session.timeout.ms = 45000
	socket.connection.setup.timeout.max.ms = 30000
	socket.connection.setup.timeout.ms = 10000
	ssl.cipher.suites = null
	ssl.enabled.protocols = [TLSv1.2, TLSv1.3]
	ssl.endpoint.identification.algorithm = https
	ssl.engine.factory.class = null
	ssl.key.password = null
	ssl.keymanager.algorithm = SunX509
	ssl.keystore.certificate.chain = null
	ssl.keystore.key = null
	ssl.keystore.location = null
	ssl.keystore.password = null
	ssl.keystore.type = JKS
	ssl.protocol = TLSv1.3
	ssl.provider = null
	ssl.secure.random.implementation = null
	ssl.trustmanager.algorithm = PKIX
	ssl.truststore.certificates = null
	ssl.truststore.location = null
	ssl.truststore.password = null
	ssl.truststore.type = JKS
	value.deserializer = class io.apicurio.registry.serde.avro.AvroKafkaDeserializer

2025-09-28 17:21:04,616 INFO  [org.apa.kaf.com.tel.int.KafkaMetricsCollector] (main) initializing Kafka metrics collector
2025-09-28 17:21:04,616 INFO  [org.apa.kaf.cli.Metadata] (kafka-producer-network-thread | Producer-topic-c78b543d_21d1_4ec3_a466_00c8f0285426) [Producer clientId=Producer-topic-c78b543d_21d1_4ec3_a466_00c8f0285426] Cluster ID: 3eubY_ZwQSCXVgI5PuowEg
2025-09-28 17:21:04,616 INFO  [org.apa.kaf.cli.pro.int.TransactionManager] (kafka-producer-network-thread | Producer-topic-c78b543d_21d1_4ec3_a466_00c8f0285426) [Producer clientId=Producer-topic-c78b543d_21d1_4ec3_a466_00c8f0285426] ProducerId set to 21 with epoch 0
2025-09-28 17:21:04,620 INFO  [org.apa.kaf.cli.con.ConsumerConfig] (main) These configurations '[apicurio.registry.url]' were supplied but are not used yet.
2025-09-28 17:21:04,620 INFO  [org.apa.kaf.com.uti.AppInfoParser] (main) Kafka version: 3.9.1
2025-09-28 17:21:04,620 INFO  [org.apa.kaf.com.uti.AppInfoParser] (main) Kafka commitId: f745dfdcee2b9851
2025-09-28 17:21:04,620 INFO  [org.apa.kaf.com.uti.AppInfoParser] (main) Kafka startTimeMs: 1759080064620
**** Registry Base URL: http://registry-app-mysql.apps.ci419.apicurio-testing.org:80
2025-09-28 17:21:04,621 INFO  [org.apa.kaf.cli.con.ConsumerConfig] (main) ConsumerConfig values: 
	allow.auto.create.topics = true
	auto.commit.interval.ms = 500
	auto.include.jmx.reporter = true
	auto.offset.reset = earliest
	bootstrap.servers = [PLAINTEXT://localhost:32769]
	check.crcs = true
	client.dns.lookup = use_all_dns_ips
	client.id = consumer-Consumer-topic-c78b543d_21d1_4ec3_a466_00c8f0285426-16
	client.rack = 
	connections.max.idle.ms = 10000
	default.api.timeout.ms = 60000
	enable.auto.commit = true
	enable.metrics.push = true
	exclude.internal.topics = true
	fetch.max.bytes = 52428800
	fetch.max.wait.ms = 500
	fetch.min.bytes = 1
	group.id = Consumer-topic-c78b543d_21d1_4ec3_a466_00c8f0285426
	group.instance.id = null
	group.protocol = classic
	group.remote.assignor = null
	heartbeat.interval.ms = 3000
	interceptor.classes = []
	internal.leave.group.on.close = true
	internal.throw.on.fetch.stable.offset.unsupported = false
	isolation.level = read_uncommitted
	key.deserializer = class org.apache.kafka.common.serialization.StringDeserializer
	max.partition.fetch.bytes = 1048576
	max.poll.interval.ms = 300000
	max.poll.records = 500
	metadata.max.age.ms = 300000
	metadata.recovery.strategy = none
	metric.reporters = []
	metrics.num.samples = 2
	metrics.recording.level = INFO
	metrics.sample.window.ms = 30000
	partition.assignment.strategy = [class org.apache.kafka.clients.consumer.RangeAssignor, class org.apache.kafka.clients.consumer.CooperativeStickyAssignor]
	receive.buffer.bytes = 65536
	reconnect.backoff.max.ms = 1000
	reconnect.backoff.ms = 50
	request.timeout.ms = 5000
	retry.backoff.max.ms = 1000
	retry.backoff.ms = 100
	sasl.client.callback.handler.class = null
	sasl.jaas.config = null
	sasl.kerberos.kinit.cmd = /usr/bin/kinit
	sasl.kerberos.min.time.before.relogin = 60000
	sasl.kerberos.service.name = null
	sasl.kerberos.ticket.renew.jitter = 0.05
	sasl.kerberos.ticket.renew.window.factor = 0.8
	sasl.login.callback.handler.class = null
	sasl.login.class = null
	sasl.login.connect.timeout.ms = null
	sasl.login.read.timeout.ms = null
	sasl.login.refresh.buffer.seconds = 300
	sasl.login.refresh.min.period.seconds = 60
	sasl.login.refresh.window.factor = 0.8
	sasl.login.refresh.window.jitter = 0.05
	sasl.login.retry.backoff.max.ms = 10000
	sasl.login.retry.backoff.ms = 100
	sasl.mechanism = GSSAPI
	sasl.oauthbearer.clock.skew.seconds = 30
	sasl.oauthbearer.expected.audience = null
	sasl.oauthbearer.expected.issuer = null
	sasl.oauthbearer.header.urlencode = false
	sasl.oauthbearer.jwks.endpoint.refresh.ms = 3600000
	sasl.oauthbearer.jwks.endpoint.retry.backoff.max.ms = 10000
	sasl.oauthbearer.jwks.endpoint.retry.backoff.ms = 100
	sasl.oauthbearer.jwks.endpoint.url = null
	sasl.oauthbearer.scope.claim.name = scope
	sasl.oauthbearer.sub.claim.name = sub
	sasl.oauthbearer.token.endpoint.url = null
	security.protocol = PLAINTEXT
	security.providers = null
	send.buffer.bytes = 131072
	session.timeout.ms = 45000
	socket.connection.setup.timeout.max.ms = 30000
	socket.connection.setup.timeout.ms = 10000
	ssl.cipher.suites = null
	ssl.enabled.protocols = [TLSv1.2, TLSv1.3]
	ssl.endpoint.identification.algorithm = https
	ssl.engine.factory.class = null
	ssl.key.password = null
	ssl.keymanager.algorithm = SunX509
	ssl.keystore.certificate.chain = null
	ssl.keystore.key = null
	ssl.keystore.location = null
	ssl.keystore.password = null
	ssl.keystore.type = JKS
	ssl.protocol = TLSv1.3
	ssl.provider = null
	ssl.secure.random.implementation = null
	ssl.trustmanager.algorithm = PKIX
	ssl.truststore.certificates = null
	ssl.truststore.location = null
	ssl.truststore.password = null
	ssl.truststore.type = JKS
	value.deserializer = class io.apicurio.registry.serde.avro.AvroKafkaDeserializer

2025-09-28 17:21:04,621 INFO  [org.apa.kaf.com.tel.int.KafkaMetricsCollector] (main) initializing Kafka metrics collector
2025-09-28 17:21:04,626 INFO  [org.apa.kaf.cli.con.ConsumerConfig] (main) These configurations '[apicurio.registry.url]' were supplied but are not used yet.
2025-09-28 17:21:04,626 INFO  [org.apa.kaf.com.uti.AppInfoParser] (main) Kafka version: 3.9.1
2025-09-28 17:21:04,626 INFO  [org.apa.kaf.com.uti.AppInfoParser] (main) Kafka commitId: f745dfdcee2b9851
2025-09-28 17:21:04,626 INFO  [org.apa.kaf.com.uti.AppInfoParser] (main) Kafka startTimeMs: 1759080064626
2025-09-28 17:21:04,626 INFO  [io.api.tes.ser.api.KafkaSerdesTester] (ForkJoinPool.commonPool-worker-3) Sending message {"key11759080063548": "value-0"} to topic topic-f2b25c6b_2f3c_470d_a676_2c2c026029cc
2025-09-28 17:21:04,629 INFO  [DefaultSchemaResolver] (ForkJoinPool.commonPool-worker-3) Retrieving schema content using string: {"type":"record","name":"myrecordconfluent","fields":[{"name":"key11759080063548","type":"string"}]}
2025-09-28 17:21:04,655 INFO  [io.api.tes.ser.api.KafkaSerdesTester] (ForkJoinPool.commonPool-worker-3) Sending message {"key11759080063548": "value-1"} to topic topic-f2b25c6b_2f3c_470d_a676_2c2c026029cc
2025-09-28 17:21:04,657 INFO  [io.api.tes.ser.api.KafkaSerdesTester] (ForkJoinPool.commonPool-worker-3) Sending message {"key11759080063548": "value-2"} to topic topic-f2b25c6b_2f3c_470d_a676_2c2c026029cc
2025-09-28 17:21:04,658 INFO  [io.api.tes.ser.api.KafkaSerdesTester] (ForkJoinPool.commonPool-worker-3) Sending message {"key11759080063548": "value-3"} to topic topic-f2b25c6b_2f3c_470d_a676_2c2c026029cc
2025-09-28 17:21:04,659 INFO  [io.api.tes.ser.api.KafkaSerdesTester] (ForkJoinPool.commonPool-worker-3) Sending message {"key11759080063548": "value-4"} to topic topic-f2b25c6b_2f3c_470d_a676_2c2c026029cc
2025-09-28 17:21:04,660 INFO  [io.api.tes.ser.api.KafkaSerdesTester] (ForkJoinPool.commonPool-worker-3) Sending message {"key11759080063548": "value-5"} to topic topic-f2b25c6b_2f3c_470d_a676_2c2c026029cc
2025-09-28 17:21:04,661 INFO  [io.api.tes.ser.api.KafkaSerdesTester] (ForkJoinPool.commonPool-worker-3) Sending message {"key11759080063548": "value-6"} to topic topic-f2b25c6b_2f3c_470d_a676_2c2c026029cc
2025-09-28 17:21:04,662 INFO  [io.api.tes.ser.api.KafkaSerdesTester] (ForkJoinPool.commonPool-worker-3) Sending message {"key11759080063548": "value-7"} to topic topic-f2b25c6b_2f3c_470d_a676_2c2c026029cc
2025-09-28 17:21:04,663 INFO  [io.api.tes.ser.api.KafkaSerdesTester] (ForkJoinPool.commonPool-worker-3) Sending message {"key11759080063548": "value-8"} to topic topic-f2b25c6b_2f3c_470d_a676_2c2c026029cc
2025-09-28 17:21:04,663 INFO  [io.api.tes.ser.api.KafkaSerdesTester] (ForkJoinPool.commonPool-worker-3) Sending message {"key11759080063548": "value-9"} to topic topic-f2b25c6b_2f3c_470d_a676_2c2c026029cc
2025-09-28 17:21:04,665 INFO  [io.api.tes.ser.api.KafkaSerdesTester] (ForkJoinPool.commonPool-worker-3) Produced 10 messages
2025-09-28 17:21:04,665 INFO  [org.apa.kaf.cli.pro.KafkaProducer] (ForkJoinPool.commonPool-worker-3) [Producer clientId=Producer-topic-f2b25c6b_2f3c_470d_a676_2c2c026029cc] Closing the Kafka producer with timeoutMillis = 9223372036854775807 ms.
2025-09-28 17:21:04,666 INFO  [org.apa.kaf.com.met.Metrics] (ForkJoinPool.commonPool-worker-3) Metrics scheduler closed
2025-09-28 17:21:04,666 INFO  [org.apa.kaf.com.met.Metrics] (ForkJoinPool.commonPool-worker-3) Closing reporter org.apache.kafka.common.metrics.JmxReporter
2025-09-28 17:21:04,666 INFO  [org.apa.kaf.com.met.Metrics] (ForkJoinPool.commonPool-worker-3) Closing reporter org.apache.kafka.common.telemetry.internals.ClientTelemetryReporter
2025-09-28 17:21:04,666 INFO  [org.apa.kaf.com.met.Metrics] (ForkJoinPool.commonPool-worker-3) Metrics reporters closed
2025-09-28 17:21:04,667 INFO  [org.apa.kaf.com.uti.AppInfoParser] (ForkJoinPool.commonPool-worker-3) App info kafka.producer for Producer-topic-f2b25c6b_2f3c_470d_a676_2c2c026029cc unregistered
2025-09-28 17:21:04,667 INFO  [io.api.tes.ser.api.KafkaSerdesTester] (ForkJoinPool.commonPool-worker-3) Sending message {"key11759080063548": "value-0"} to topic topic-f0ef2b00_4244_4d30_af40_dbb90c28a778
2025-09-28 17:21:04,671 INFO  [DefaultSchemaResolver] (ForkJoinPool.commonPool-worker-3) Retrieving schema content using string: {"type":"record","name":"myrecordconfluent","fields":[{"name":"key11759080063548","type":"string"}]}
2025-09-28 17:21:04,723 INFO  [io.api.tes.ser.api.KafkaSerdesTester] (ForkJoinPool.commonPool-worker-3) Sending message {"key11759080063548": "value-1"} to topic topic-f0ef2b00_4244_4d30_af40_dbb90c28a778
2025-09-28 17:21:04,725 INFO  [io.api.tes.ser.api.KafkaSerdesTester] (ForkJoinPool.commonPool-worker-3) Sending message {"key11759080063548": "value-2"} to topic topic-f0ef2b00_4244_4d30_af40_dbb90c28a778
2025-09-28 17:21:04,726 INFO  [io.api.tes.ser.api.KafkaSerdesTester] (ForkJoinPool.commonPool-worker-3) Sending message {"key11759080063548": "value-3"} to topic topic-f0ef2b00_4244_4d30_af40_dbb90c28a778
2025-09-28 17:21:04,727 INFO  [io.api.tes.ser.api.KafkaSerdesTester] (ForkJoinPool.commonPool-worker-3) Sending message {"key11759080063548": "value-4"} to topic topic-f0ef2b00_4244_4d30_af40_dbb90c28a778
2025-09-28 17:21:04,728 INFO  [io.api.tes.ser.api.KafkaSerdesTester] (ForkJoinPool.commonPool-worker-3) Sending message {"key11759080063548": "value-5"} to topic topic-f0ef2b00_4244_4d30_af40_dbb90c28a778
2025-09-28 17:21:04,729 INFO  [io.api.tes.ser.api.KafkaSerdesTester] (ForkJoinPool.commonPool-worker-3) Sending message {"key11759080063548": "value-6"} to topic topic-f0ef2b00_4244_4d30_af40_dbb90c28a778
2025-09-28 17:21:04,730 INFO  [io.api.tes.ser.api.KafkaSerdesTester] (ForkJoinPool.commonPool-worker-3) Sending message {"key11759080063548": "value-7"} to topic topic-f0ef2b00_4244_4d30_af40_dbb90c28a778
2025-09-28 17:21:04,731 INFO  [io.api.tes.ser.api.KafkaSerdesTester] (ForkJoinPool.commonPool-worker-3) Sending message {"key11759080063548": "value-8"} to topic topic-f0ef2b00_4244_4d30_af40_dbb90c28a778
2025-09-28 17:21:04,732 INFO  [io.api.tes.ser.api.KafkaSerdesTester] (ForkJoinPool.commonPool-worker-3) Sending message {"key11759080063548": "value-9"} to topic topic-f0ef2b00_4244_4d30_af40_dbb90c28a778
2025-09-28 17:21:04,733 INFO  [io.api.tes.ser.api.KafkaSerdesTester] (ForkJoinPool.commonPool-worker-3) Produced 10 messages
2025-09-28 17:21:04,733 INFO  [org.apa.kaf.cli.pro.KafkaProducer] (ForkJoinPool.commonPool-worker-3) [Producer clientId=Producer-topic-f0ef2b00_4244_4d30_af40_dbb90c28a778] Closing the Kafka producer with timeoutMillis = 9223372036854775807 ms.
2025-09-28 17:21:04,734 INFO  [org.apa.kaf.com.met.Metrics] (ForkJoinPool.commonPool-worker-3) Metrics scheduler closed
2025-09-28 17:21:04,734 INFO  [org.apa.kaf.com.met.Metrics] (ForkJoinPool.commonPool-worker-3) Closing reporter org.apache.kafka.common.metrics.JmxReporter
2025-09-28 17:21:04,734 INFO  [org.apa.kaf.com.met.Metrics] (ForkJoinPool.commonPool-worker-3) Closing reporter org.apache.kafka.common.telemetry.internals.ClientTelemetryReporter
2025-09-28 17:21:04,734 INFO  [org.apa.kaf.com.met.Metrics] (ForkJoinPool.commonPool-worker-3) Metrics reporters closed
2025-09-28 17:21:04,735 INFO  [org.apa.kaf.com.uti.AppInfoParser] (ForkJoinPool.commonPool-worker-3) App info kafka.producer for Producer-topic-f0ef2b00_4244_4d30_af40_dbb90c28a778 unregistered
2025-09-28 17:21:04,735 INFO  [io.api.tes.ser.api.KafkaSerdesTester] (ForkJoinPool.commonPool-worker-3) Sending message {"key11759080063548": "value-0"} to topic topic-c78b543d_21d1_4ec3_a466_00c8f0285426
2025-09-28 17:21:04,739 INFO  [DefaultSchemaResolver] (ForkJoinPool.commonPool-worker-3) Retrieving schema content using string: {"type":"record","name":"myrecordconfluent","fields":[{"name":"key11759080063548","type":"string"}]}
2025-09-28 17:21:04,767 INFO  [io.api.tes.ser.api.KafkaSerdesTester] (ForkJoinPool.commonPool-worker-3) Sending message {"key11759080063548": "value-1"} to topic topic-c78b543d_21d1_4ec3_a466_00c8f0285426
2025-09-28 17:21:04,768 INFO  [io.api.tes.ser.api.KafkaSerdesTester] (ForkJoinPool.commonPool-worker-3) Sending message {"key11759080063548": "value-2"} to topic topic-c78b543d_21d1_4ec3_a466_00c8f0285426
2025-09-28 17:21:04,769 INFO  [io.api.tes.ser.api.KafkaSerdesTester] (ForkJoinPool.commonPool-worker-3) Sending message {"key11759080063548": "value-3"} to topic topic-c78b543d_21d1_4ec3_a466_00c8f0285426
2025-09-28 17:21:04,770 INFO  [io.api.tes.ser.api.KafkaSerdesTester] (ForkJoinPool.commonPool-worker-3) Sending message {"key11759080063548": "value-4"} to topic topic-c78b543d_21d1_4ec3_a466_00c8f0285426
2025-09-28 17:21:04,771 INFO  [io.api.tes.ser.api.KafkaSerdesTester] (ForkJoinPool.commonPool-worker-3) Sending message {"key11759080063548": "value-5"} to topic topic-c78b543d_21d1_4ec3_a466_00c8f0285426
2025-09-28 17:21:04,772 INFO  [io.api.tes.ser.api.KafkaSerdesTester] (ForkJoinPool.commonPool-worker-3) Sending message {"key11759080063548": "value-6"} to topic topic-c78b543d_21d1_4ec3_a466_00c8f0285426
2025-09-28 17:21:04,773 INFO  [io.api.tes.ser.api.KafkaSerdesTester] (ForkJoinPool.commonPool-worker-3) Sending message {"key11759080063548": "value-7"} to topic topic-c78b543d_21d1_4ec3_a466_00c8f0285426
2025-09-28 17:21:04,774 INFO  [io.api.tes.ser.api.KafkaSerdesTester] (ForkJoinPool.commonPool-worker-3) Sending message {"key11759080063548": "value-8"} to topic topic-c78b543d_21d1_4ec3_a466_00c8f0285426
2025-09-28 17:21:04,775 INFO  [io.api.tes.ser.api.KafkaSerdesTester] (ForkJoinPool.commonPool-worker-3) Sending message {"key11759080063548": "value-9"} to topic topic-c78b543d_21d1_4ec3_a466_00c8f0285426
2025-09-28 17:21:04,776 INFO  [io.api.tes.ser.api.KafkaSerdesTester] (ForkJoinPool.commonPool-worker-3) Produced 10 messages
2025-09-28 17:21:04,776 INFO  [org.apa.kaf.cli.pro.KafkaProducer] (ForkJoinPool.commonPool-worker-3) [Producer clientId=Producer-topic-c78b543d_21d1_4ec3_a466_00c8f0285426] Closing the Kafka producer with timeoutMillis = 9223372036854775807 ms.
2025-09-28 17:21:04,778 INFO  [org.apa.kaf.com.met.Metrics] (ForkJoinPool.commonPool-worker-3) Metrics scheduler closed
2025-09-28 17:21:04,778 INFO  [org.apa.kaf.com.met.Metrics] (ForkJoinPool.commonPool-worker-3) Closing reporter org.apache.kafka.common.metrics.JmxReporter
2025-09-28 17:21:04,778 INFO  [org.apa.kaf.com.met.Metrics] (ForkJoinPool.commonPool-worker-3) Closing reporter org.apache.kafka.common.telemetry.internals.ClientTelemetryReporter
2025-09-28 17:21:04,778 INFO  [org.apa.kaf.com.met.Metrics] (ForkJoinPool.commonPool-worker-3) Metrics reporters closed
2025-09-28 17:21:04,778 INFO  [org.apa.kaf.com.uti.AppInfoParser] (ForkJoinPool.commonPool-worker-3) App info kafka.producer for Producer-topic-c78b543d_21d1_4ec3_a466_00c8f0285426 unregistered
2025-09-28 17:21:04,778 INFO  [org.apa.kaf.cli.con.int.ClassicKafkaConsumer] (ForkJoinPool.commonPool-worker-3) [Consumer clientId=consumer-Consumer-topic-f2b25c6b_2f3c_470d_a676_2c2c026029cc-14, groupId=Consumer-topic-f2b25c6b_2f3c_470d_a676_2c2c026029cc] Subscribed to topic(s): topic-f2b25c6b_2f3c_470d_a676_2c2c026029cc
2025-09-28 17:21:04,781 INFO  [org.apa.kaf.cli.Metadata] (ForkJoinPool.commonPool-worker-3) [Consumer clientId=consumer-Consumer-topic-f2b25c6b_2f3c_470d_a676_2c2c026029cc-14, groupId=Consumer-topic-f2b25c6b_2f3c_470d_a676_2c2c026029cc] Cluster ID: 3eubY_ZwQSCXVgI5PuowEg
2025-09-28 17:21:04,782 INFO  [org.apa.kaf.cli.con.int.ConsumerCoordinator] (ForkJoinPool.commonPool-worker-3) [Consumer clientId=consumer-Consumer-topic-f2b25c6b_2f3c_470d_a676_2c2c026029cc-14, groupId=Consumer-topic-f2b25c6b_2f3c_470d_a676_2c2c026029cc] Discovered group coordinator localhost:32769 (id: 2147483647 rack: null)
2025-09-28 17:21:04,782 INFO  [org.apa.kaf.cli.con.int.ConsumerCoordinator] (ForkJoinPool.commonPool-worker-3) [Consumer clientId=consumer-Consumer-topic-f2b25c6b_2f3c_470d_a676_2c2c026029cc-14, groupId=Consumer-topic-f2b25c6b_2f3c_470d_a676_2c2c026029cc] (Re-)joining group
2025-09-28 17:21:04,784 INFO  [org.apa.kaf.cli.con.int.ConsumerCoordinator] (ForkJoinPool.commonPool-worker-3) [Consumer clientId=consumer-Consumer-topic-f2b25c6b_2f3c_470d_a676_2c2c026029cc-14, groupId=Consumer-topic-f2b25c6b_2f3c_470d_a676_2c2c026029cc] Request joining group due to: need to re-join with the given member-id: consumer-Consumer-topic-f2b25c6b_2f3c_470d_a676_2c2c026029cc-14-84fcd492-7c5e-41e4-a25c-9b4d647aca11
2025-09-28 17:21:04,784 INFO  [org.apa.kaf.cli.con.int.ConsumerCoordinator] (ForkJoinPool.commonPool-worker-3) [Consumer clientId=consumer-Consumer-topic-f2b25c6b_2f3c_470d_a676_2c2c026029cc-14, groupId=Consumer-topic-f2b25c6b_2f3c_470d_a676_2c2c026029cc] (Re-)joining group
2025-09-28 17:21:05,778 INFO  [io.api.tes.ser.api.KafkaSerdesTester] (ForkJoinPool.commonPool-worker-3) None found
2025-09-28 17:21:06,778 INFO  [io.api.tes.ser.api.KafkaSerdesTester] (ForkJoinPool.commonPool-worker-3) None found
2025-09-28 17:21:07,779 INFO  [io.api.tes.ser.api.KafkaSerdesTester] (ForkJoinPool.commonPool-worker-3) None found
2025-09-28 17:21:07,786 INFO  [org.apa.kaf.cli.con.int.ConsumerCoordinator] (ForkJoinPool.commonPool-worker-3) [Consumer clientId=consumer-Consumer-topic-f2b25c6b_2f3c_470d_a676_2c2c026029cc-14, groupId=Consumer-topic-f2b25c6b_2f3c_470d_a676_2c2c026029cc] Successfully joined group with generation Generation{generationId=1, memberId='consumer-Consumer-topic-f2b25c6b_2f3c_470d_a676_2c2c026029cc-14-84fcd492-7c5e-41e4-a25c-9b4d647aca11', protocol='range'}
2025-09-28 17:21:07,786 INFO  [org.apa.kaf.cli.con.int.ConsumerCoordinator] (ForkJoinPool.commonPool-worker-3) [Consumer clientId=consumer-Consumer-topic-f2b25c6b_2f3c_470d_a676_2c2c026029cc-14, groupId=Consumer-topic-f2b25c6b_2f3c_470d_a676_2c2c026029cc] Finished assignment for group at generation 1: {consumer-Consumer-topic-f2b25c6b_2f3c_470d_a676_2c2c026029cc-14-84fcd492-7c5e-41e4-a25c-9b4d647aca11=Assignment(partitions=[topic-f2b25c6b_2f3c_470d_a676_2c2c026029cc-0])}
2025-09-28 17:21:07,793 INFO  [org.apa.kaf.cli.con.int.ConsumerCoordinator] (ForkJoinPool.commonPool-worker-3) [Consumer clientId=consumer-Consumer-topic-f2b25c6b_2f3c_470d_a676_2c2c026029cc-14, groupId=Consumer-topic-f2b25c6b_2f3c_470d_a676_2c2c026029cc] Successfully synced group in generation Generation{generationId=1, memberId='consumer-Consumer-topic-f2b25c6b_2f3c_470d_a676_2c2c026029cc-14-84fcd492-7c5e-41e4-a25c-9b4d647aca11', protocol='range'}
2025-09-28 17:21:07,793 INFO  [org.apa.kaf.cli.con.int.ConsumerCoordinator] (ForkJoinPool.commonPool-worker-3) [Consumer clientId=consumer-Consumer-topic-f2b25c6b_2f3c_470d_a676_2c2c026029cc-14, groupId=Consumer-topic-f2b25c6b_2f3c_470d_a676_2c2c026029cc] Notifying assignor about the new Assignment(partitions=[topic-f2b25c6b_2f3c_470d_a676_2c2c026029cc-0])
2025-09-28 17:21:07,793 INFO  [org.apa.kaf.cli.con.int.ConsumerRebalanceListenerInvoker] (ForkJoinPool.commonPool-worker-3) [Consumer clientId=consumer-Consumer-topic-f2b25c6b_2f3c_470d_a676_2c2c026029cc-14, groupId=Consumer-topic-f2b25c6b_2f3c_470d_a676_2c2c026029cc] Adding newly assigned partitions: topic-f2b25c6b_2f3c_470d_a676_2c2c026029cc-0
2025-09-28 17:21:07,794 INFO  [org.apa.kaf.cli.con.int.ConsumerCoordinator] (ForkJoinPool.commonPool-worker-3) [Consumer clientId=consumer-Consumer-topic-f2b25c6b_2f3c_470d_a676_2c2c026029cc-14, groupId=Consumer-topic-f2b25c6b_2f3c_470d_a676_2c2c026029cc] Found no committed offset for partition topic-f2b25c6b_2f3c_470d_a676_2c2c026029cc-0
2025-09-28 17:21:07,796 INFO  [org.apa.kaf.cli.con.int.SubscriptionState] (ForkJoinPool.commonPool-worker-3) [Consumer clientId=consumer-Consumer-topic-f2b25c6b_2f3c_470d_a676_2c2c026029cc-14, groupId=Consumer-topic-f2b25c6b_2f3c_470d_a676_2c2c026029cc] Resetting offset for partition topic-f2b25c6b_2f3c_470d_a676_2c2c026029cc-0 to position FetchPosition{offset=0, offsetEpoch=Optional.empty, currentLeader=LeaderAndEpoch{leader=Optional[localhost:32769 (id: 0 rack: null)], epoch=0}}.
2025-09-28 17:21:07,830 INFO  [io.api.tes.ser.api.KafkaSerdesTester] (ForkJoinPool.commonPool-worker-3) topic-f2b25c6b_2f3c_470d_a676_2c2c026029cc 0 0 {"key11759080063548": "value-0"}
2025-09-28 17:21:07,830 INFO  [io.api.tes.ser.api.KafkaSerdesTester] (ForkJoinPool.commonPool-worker-3) topic-f2b25c6b_2f3c_470d_a676_2c2c026029cc 0 1 {"key11759080063548": "value-1"}
2025-09-28 17:21:07,830 INFO  [io.api.tes.ser.api.KafkaSerdesTester] (ForkJoinPool.commonPool-worker-3) topic-f2b25c6b_2f3c_470d_a676_2c2c026029cc 0 2 {"key11759080063548": "value-2"}
2025-09-28 17:21:07,830 INFO  [io.api.tes.ser.api.KafkaSerdesTester] (ForkJoinPool.commonPool-worker-3) topic-f2b25c6b_2f3c_470d_a676_2c2c026029cc 0 3 {"key11759080063548": "value-3"}
2025-09-28 17:21:07,830 INFO  [io.api.tes.ser.api.KafkaSerdesTester] (ForkJoinPool.commonPool-worker-3) topic-f2b25c6b_2f3c_470d_a676_2c2c026029cc 0 4 {"key11759080063548": "value-4"}
2025-09-28 17:21:07,830 INFO  [io.api.tes.ser.api.KafkaSerdesTester] (ForkJoinPool.commonPool-worker-3) topic-f2b25c6b_2f3c_470d_a676_2c2c026029cc 0 5 {"key11759080063548": "value-5"}
2025-09-28 17:21:07,830 INFO  [io.api.tes.ser.api.KafkaSerdesTester] (ForkJoinPool.commonPool-worker-3) topic-f2b25c6b_2f3c_470d_a676_2c2c026029cc 0 6 {"key11759080063548": "value-6"}
2025-09-28 17:21:07,830 INFO  [io.api.tes.ser.api.KafkaSerdesTester] (ForkJoinPool.commonPool-worker-3) topic-f2b25c6b_2f3c_470d_a676_2c2c026029cc 0 7 {"key11759080063548": "value-7"}
2025-09-28 17:21:07,830 INFO  [io.api.tes.ser.api.KafkaSerdesTester] (ForkJoinPool.commonPool-worker-3) topic-f2b25c6b_2f3c_470d_a676_2c2c026029cc 0 8 {"key11759080063548": "value-8"}
2025-09-28 17:21:07,830 INFO  [io.api.tes.ser.api.KafkaSerdesTester] (ForkJoinPool.commonPool-worker-3) topic-f2b25c6b_2f3c_470d_a676_2c2c026029cc 0 9 {"key11759080063548": "value-9"}
2025-09-28 17:21:07,830 INFO  [io.api.tes.ser.api.KafkaSerdesTester] (ForkJoinPool.commonPool-worker-3) Consumed 10 messages
2025-09-28 17:21:07,837 INFO  [org.apa.kaf.cli.con.int.ConsumerRebalanceListenerInvoker] (ForkJoinPool.commonPool-worker-3) [Consumer clientId=consumer-Consumer-topic-f2b25c6b_2f3c_470d_a676_2c2c026029cc-14, groupId=Consumer-topic-f2b25c6b_2f3c_470d_a676_2c2c026029cc] Revoke previously assigned partitions topic-f2b25c6b_2f3c_470d_a676_2c2c026029cc-0
2025-09-28 17:21:07,837 INFO  [org.apa.kaf.cli.con.int.ConsumerCoordinator] (ForkJoinPool.commonPool-worker-3) [Consumer clientId=consumer-Consumer-topic-f2b25c6b_2f3c_470d_a676_2c2c026029cc-14, groupId=Consumer-topic-f2b25c6b_2f3c_470d_a676_2c2c026029cc] Member consumer-Consumer-topic-f2b25c6b_2f3c_470d_a676_2c2c026029cc-14-84fcd492-7c5e-41e4-a25c-9b4d647aca11 sending LeaveGroup request to coordinator localhost:32769 (id: 2147483647 rack: null) due to the consumer is being closed
2025-09-28 17:21:07,837 INFO  [org.apa.kaf.cli.con.int.ConsumerCoordinator] (ForkJoinPool.commonPool-worker-3) [Consumer clientId=consumer-Consumer-topic-f2b25c6b_2f3c_470d_a676_2c2c026029cc-14, groupId=Consumer-topic-f2b25c6b_2f3c_470d_a676_2c2c026029cc] Resetting generation and member id due to: consumer pro-actively leaving the group
2025-09-28 17:21:07,837 INFO  [org.apa.kaf.cli.con.int.ConsumerCoordinator] (ForkJoinPool.commonPool-worker-3) [Consumer clientId=consumer-Consumer-topic-f2b25c6b_2f3c_470d_a676_2c2c026029cc-14, groupId=Consumer-topic-f2b25c6b_2f3c_470d_a676_2c2c026029cc] Request joining group due to: consumer pro-actively leaving the group
2025-09-28 17:21:08,333 INFO  [org.apa.kaf.com.met.Metrics] (ForkJoinPool.commonPool-worker-3) Metrics scheduler closed
2025-09-28 17:21:08,333 INFO  [org.apa.kaf.com.met.Metrics] (ForkJoinPool.commonPool-worker-3) Closing reporter org.apache.kafka.common.metrics.JmxReporter
2025-09-28 17:21:08,333 INFO  [org.apa.kaf.com.met.Metrics] (ForkJoinPool.commonPool-worker-3) Closing reporter org.apache.kafka.common.telemetry.internals.ClientTelemetryReporter
2025-09-28 17:21:08,333 INFO  [org.apa.kaf.com.met.Metrics] (ForkJoinPool.commonPool-worker-3) Metrics reporters closed
2025-09-28 17:21:08,335 INFO  [org.apa.kaf.com.uti.AppInfoParser] (ForkJoinPool.commonPool-worker-3) App info kafka.consumer for consumer-Consumer-topic-f2b25c6b_2f3c_470d_a676_2c2c026029cc-14 unregistered
2025-09-28 17:21:08,335 INFO  [org.apa.kaf.cli.con.int.ClassicKafkaConsumer] (ForkJoinPool.commonPool-worker-3) [Consumer clientId=consumer-Consumer-topic-f0ef2b00_4244_4d30_af40_dbb90c28a778-15, groupId=Consumer-topic-f0ef2b00_4244_4d30_af40_dbb90c28a778] Subscribed to topic(s): topic-f0ef2b00_4244_4d30_af40_dbb90c28a778
2025-09-28 17:21:08,338 INFO  [org.apa.kaf.cli.Metadata] (ForkJoinPool.commonPool-worker-3) [Consumer clientId=consumer-Consumer-topic-f0ef2b00_4244_4d30_af40_dbb90c28a778-15, groupId=Consumer-topic-f0ef2b00_4244_4d30_af40_dbb90c28a778] Cluster ID: 3eubY_ZwQSCXVgI5PuowEg
2025-09-28 17:21:08,339 INFO  [org.apa.kaf.cli.con.int.ConsumerCoordinator] (ForkJoinPool.commonPool-worker-3) [Consumer clientId=consumer-Consumer-topic-f0ef2b00_4244_4d30_af40_dbb90c28a778-15, groupId=Consumer-topic-f0ef2b00_4244_4d30_af40_dbb90c28a778] Discovered group coordinator localhost:32769 (id: 2147483647 rack: null)
2025-09-28 17:21:08,339 INFO  [org.apa.kaf.cli.con.int.ConsumerCoordinator] (ForkJoinPool.commonPool-worker-3) [Consumer clientId=consumer-Consumer-topic-f0ef2b00_4244_4d30_af40_dbb90c28a778-15, groupId=Consumer-topic-f0ef2b00_4244_4d30_af40_dbb90c28a778] (Re-)joining group
2025-09-28 17:21:08,341 INFO  [org.apa.kaf.cli.con.int.ConsumerCoordinator] (ForkJoinPool.commonPool-worker-3) [Consumer clientId=consumer-Consumer-topic-f0ef2b00_4244_4d30_af40_dbb90c28a778-15, groupId=Consumer-topic-f0ef2b00_4244_4d30_af40_dbb90c28a778] Request joining group due to: need to re-join with the given member-id: consumer-Consumer-topic-f0ef2b00_4244_4d30_af40_dbb90c28a778-15-b7d64248-2fe6-4b41-8c16-bf06b5dddcf0
2025-09-28 17:21:08,341 INFO  [org.apa.kaf.cli.con.int.ConsumerCoordinator] (ForkJoinPool.commonPool-worker-3) [Consumer clientId=consumer-Consumer-topic-f0ef2b00_4244_4d30_af40_dbb90c28a778-15, groupId=Consumer-topic-f0ef2b00_4244_4d30_af40_dbb90c28a778] (Re-)joining group
2025-09-28 17:21:09,335 INFO  [io.api.tes.ser.api.KafkaSerdesTester] (ForkJoinPool.commonPool-worker-3) None found
2025-09-28 17:21:10,335 INFO  [io.api.tes.ser.api.KafkaSerdesTester] (ForkJoinPool.commonPool-worker-3) None found
2025-09-28 17:21:11,335 INFO  [io.api.tes.ser.api.KafkaSerdesTester] (ForkJoinPool.commonPool-worker-3) None found
2025-09-28 17:21:11,343 INFO  [org.apa.kaf.cli.con.int.ConsumerCoordinator] (ForkJoinPool.commonPool-worker-3) [Consumer clientId=consumer-Consumer-topic-f0ef2b00_4244_4d30_af40_dbb90c28a778-15, groupId=Consumer-topic-f0ef2b00_4244_4d30_af40_dbb90c28a778] Successfully joined group with generation Generation{generationId=1, memberId='consumer-Consumer-topic-f0ef2b00_4244_4d30_af40_dbb90c28a778-15-b7d64248-2fe6-4b41-8c16-bf06b5dddcf0', protocol='range'}
2025-09-28 17:21:11,343 INFO  [org.apa.kaf.cli.con.int.ConsumerCoordinator] (ForkJoinPool.commonPool-worker-3) [Consumer clientId=consumer-Consumer-topic-f0ef2b00_4244_4d30_af40_dbb90c28a778-15, groupId=Consumer-topic-f0ef2b00_4244_4d30_af40_dbb90c28a778] Finished assignment for group at generation 1: {consumer-Consumer-topic-f0ef2b00_4244_4d30_af40_dbb90c28a778-15-b7d64248-2fe6-4b41-8c16-bf06b5dddcf0=Assignment(partitions=[topic-f0ef2b00_4244_4d30_af40_dbb90c28a778-0])}
2025-09-28 17:21:11,349 INFO  [org.apa.kaf.cli.con.int.ConsumerCoordinator] (ForkJoinPool.commonPool-worker-3) [Consumer clientId=consumer-Consumer-topic-f0ef2b00_4244_4d30_af40_dbb90c28a778-15, groupId=Consumer-topic-f0ef2b00_4244_4d30_af40_dbb90c28a778] Successfully synced group in generation Generation{generationId=1, memberId='consumer-Consumer-topic-f0ef2b00_4244_4d30_af40_dbb90c28a778-15-b7d64248-2fe6-4b41-8c16-bf06b5dddcf0', protocol='range'}
2025-09-28 17:21:11,350 INFO  [org.apa.kaf.cli.con.int.ConsumerCoordinator] (ForkJoinPool.commonPool-worker-3) [Consumer clientId=consumer-Consumer-topic-f0ef2b00_4244_4d30_af40_dbb90c28a778-15, groupId=Consumer-topic-f0ef2b00_4244_4d30_af40_dbb90c28a778] Notifying assignor about the new Assignment(partitions=[topic-f0ef2b00_4244_4d30_af40_dbb90c28a778-0])
2025-09-28 17:21:11,350 INFO  [org.apa.kaf.cli.con.int.ConsumerRebalanceListenerInvoker] (ForkJoinPool.commonPool-worker-3) [Consumer clientId=consumer-Consumer-topic-f0ef2b00_4244_4d30_af40_dbb90c28a778-15, groupId=Consumer-topic-f0ef2b00_4244_4d30_af40_dbb90c28a778] Adding newly assigned partitions: topic-f0ef2b00_4244_4d30_af40_dbb90c28a778-0
2025-09-28 17:21:11,351 INFO  [org.apa.kaf.cli.con.int.ConsumerCoordinator] (ForkJoinPool.commonPool-worker-3) [Consumer clientId=consumer-Consumer-topic-f0ef2b00_4244_4d30_af40_dbb90c28a778-15, groupId=Consumer-topic-f0ef2b00_4244_4d30_af40_dbb90c28a778] Found no committed offset for partition topic-f0ef2b00_4244_4d30_af40_dbb90c28a778-0
2025-09-28 17:21:11,353 INFO  [org.apa.kaf.cli.con.int.SubscriptionState] (ForkJoinPool.commonPool-worker-3) [Consumer clientId=consumer-Consumer-topic-f0ef2b00_4244_4d30_af40_dbb90c28a778-15, groupId=Consumer-topic-f0ef2b00_4244_4d30_af40_dbb90c28a778] Resetting offset for partition topic-f0ef2b00_4244_4d30_af40_dbb90c28a778-0 to position FetchPosition{offset=0, offsetEpoch=Optional.empty, currentLeader=LeaderAndEpoch{leader=Optional[localhost:32769 (id: 0 rack: null)], epoch=0}}.
2025-09-28 17:21:11,416 INFO  [io.api.tes.ser.api.KafkaSerdesTester] (ForkJoinPool.commonPool-worker-3) topic-f0ef2b00_4244_4d30_af40_dbb90c28a778 0 0 {"key11759080063548": "value-0"}
2025-09-28 17:21:11,416 INFO  [io.api.tes.ser.api.KafkaSerdesTester] (ForkJoinPool.commonPool-worker-3) topic-f0ef2b00_4244_4d30_af40_dbb90c28a778 0 1 {"key11759080063548": "value-1"}
2025-09-28 17:21:11,416 INFO  [io.api.tes.ser.api.KafkaSerdesTester] (ForkJoinPool.commonPool-worker-3) topic-f0ef2b00_4244_4d30_af40_dbb90c28a778 0 2 {"key11759080063548": "value-2"}
2025-09-28 17:21:11,416 INFO  [io.api.tes.ser.api.KafkaSerdesTester] (ForkJoinPool.commonPool-worker-3) topic-f0ef2b00_4244_4d30_af40_dbb90c28a778 0 3 {"key11759080063548": "value-3"}
2025-09-28 17:21:11,416 INFO  [io.api.tes.ser.api.KafkaSerdesTester] (ForkJoinPool.commonPool-worker-3) topic-f0ef2b00_4244_4d30_af40_dbb90c28a778 0 4 {"key11759080063548": "value-4"}
2025-09-28 17:21:11,416 INFO  [io.api.tes.ser.api.KafkaSerdesTester] (ForkJoinPool.commonPool-worker-3) topic-f0ef2b00_4244_4d30_af40_dbb90c28a778 0 5 {"key11759080063548": "value-5"}
2025-09-28 17:21:11,416 INFO  [io.api.tes.ser.api.KafkaSerdesTester] (ForkJoinPool.commonPool-worker-3) topic-f0ef2b00_4244_4d30_af40_dbb90c28a778 0 6 {"key11759080063548": "value-6"}
2025-09-28 17:21:11,416 INFO  [io.api.tes.ser.api.KafkaSerdesTester] (ForkJoinPool.commonPool-worker-3) topic-f0ef2b00_4244_4d30_af40_dbb90c28a778 0 7 {"key11759080063548": "value-7"}
2025-09-28 17:21:11,416 INFO  [io.api.tes.ser.api.KafkaSerdesTester] (ForkJoinPool.commonPool-worker-3) topic-f0ef2b00_4244_4d30_af40_dbb90c28a778 0 8 {"key11759080063548": "value-8"}
2025-09-28 17:21:11,416 INFO  [io.api.tes.ser.api.KafkaSerdesTester] (ForkJoinPool.commonPool-worker-3) topic-f0ef2b00_4244_4d30_af40_dbb90c28a778 0 9 {"key11759080063548": "value-9"}
2025-09-28 17:21:11,416 INFO  [io.api.tes.ser.api.KafkaSerdesTester] (ForkJoinPool.commonPool-worker-3) Consumed 10 messages
2025-09-28 17:21:11,423 INFO  [org.apa.kaf.cli.con.int.ConsumerRebalanceListenerInvoker] (ForkJoinPool.commonPool-worker-3) [Consumer clientId=consumer-Consumer-topic-f0ef2b00_4244_4d30_af40_dbb90c28a778-15, groupId=Consumer-topic-f0ef2b00_4244_4d30_af40_dbb90c28a778] Revoke previously assigned partitions topic-f0ef2b00_4244_4d30_af40_dbb90c28a778-0
2025-09-28 17:21:11,423 INFO  [org.apa.kaf.cli.con.int.ConsumerCoordinator] (ForkJoinPool.commonPool-worker-3) [Consumer clientId=consumer-Consumer-topic-f0ef2b00_4244_4d30_af40_dbb90c28a778-15, groupId=Consumer-topic-f0ef2b00_4244_4d30_af40_dbb90c28a778] Member consumer-Consumer-topic-f0ef2b00_4244_4d30_af40_dbb90c28a778-15-b7d64248-2fe6-4b41-8c16-bf06b5dddcf0 sending LeaveGroup request to coordinator localhost:32769 (id: 2147483647 rack: null) due to the consumer is being closed
2025-09-28 17:21:11,423 INFO  [org.apa.kaf.cli.con.int.ConsumerCoordinator] (ForkJoinPool.commonPool-worker-3) [Consumer clientId=consumer-Consumer-topic-f0ef2b00_4244_4d30_af40_dbb90c28a778-15, groupId=Consumer-topic-f0ef2b00_4244_4d30_af40_dbb90c28a778] Resetting generation and member id due to: consumer pro-actively leaving the group
2025-09-28 17:21:11,423 INFO  [org.apa.kaf.cli.con.int.ConsumerCoordinator] (ForkJoinPool.commonPool-worker-3) [Consumer clientId=consumer-Consumer-topic-f0ef2b00_4244_4d30_af40_dbb90c28a778-15, groupId=Consumer-topic-f0ef2b00_4244_4d30_af40_dbb90c28a778] Request joining group due to: consumer pro-actively leaving the group
2025-09-28 17:21:11,919 INFO  [org.apa.kaf.com.met.Metrics] (ForkJoinPool.commonPool-worker-3) Metrics scheduler closed
2025-09-28 17:21:11,919 INFO  [org.apa.kaf.com.met.Metrics] (ForkJoinPool.commonPool-worker-3) Closing reporter org.apache.kafka.common.metrics.JmxReporter
2025-09-28 17:21:11,919 INFO  [org.apa.kaf.com.met.Metrics] (ForkJoinPool.commonPool-worker-3) Closing reporter org.apache.kafka.common.telemetry.internals.ClientTelemetryReporter
2025-09-28 17:21:11,919 INFO  [org.apa.kaf.com.met.Metrics] (ForkJoinPool.commonPool-worker-3) Metrics reporters closed
2025-09-28 17:21:11,920 INFO  [org.apa.kaf.com.uti.AppInfoParser] (ForkJoinPool.commonPool-worker-3) App info kafka.consumer for consumer-Consumer-topic-f0ef2b00_4244_4d30_af40_dbb90c28a778-15 unregistered
2025-09-28 17:21:11,921 INFO  [org.apa.kaf.cli.con.int.ClassicKafkaConsumer] (ForkJoinPool.commonPool-worker-3) [Consumer clientId=consumer-Consumer-topic-c78b543d_21d1_4ec3_a466_00c8f0285426-16, groupId=Consumer-topic-c78b543d_21d1_4ec3_a466_00c8f0285426] Subscribed to topic(s): topic-c78b543d_21d1_4ec3_a466_00c8f0285426
2025-09-28 17:21:11,924 INFO  [org.apa.kaf.cli.Metadata] (ForkJoinPool.commonPool-worker-3) [Consumer clientId=consumer-Consumer-topic-c78b543d_21d1_4ec3_a466_00c8f0285426-16, groupId=Consumer-topic-c78b543d_21d1_4ec3_a466_00c8f0285426] Cluster ID: 3eubY_ZwQSCXVgI5PuowEg
2025-09-28 17:21:11,925 INFO  [org.apa.kaf.cli.con.int.ConsumerCoordinator] (ForkJoinPool.commonPool-worker-3) [Consumer clientId=consumer-Consumer-topic-c78b543d_21d1_4ec3_a466_00c8f0285426-16, groupId=Consumer-topic-c78b543d_21d1_4ec3_a466_00c8f0285426] Discovered group coordinator localhost:32769 (id: 2147483647 rack: null)
2025-09-28 17:21:11,926 INFO  [org.apa.kaf.cli.con.int.ConsumerCoordinator] (ForkJoinPool.commonPool-worker-3) [Consumer clientId=consumer-Consumer-topic-c78b543d_21d1_4ec3_a466_00c8f0285426-16, groupId=Consumer-topic-c78b543d_21d1_4ec3_a466_00c8f0285426] (Re-)joining group
2025-09-28 17:21:11,928 INFO  [org.apa.kaf.cli.con.int.ConsumerCoordinator] (ForkJoinPool.commonPool-worker-3) [Consumer clientId=consumer-Consumer-topic-c78b543d_21d1_4ec3_a466_00c8f0285426-16, groupId=Consumer-topic-c78b543d_21d1_4ec3_a466_00c8f0285426] Request joining group due to: need to re-join with the given member-id: consumer-Consumer-topic-c78b543d_21d1_4ec3_a466_00c8f0285426-16-43c0307c-2cb1-4c22-8d78-477780bf9ef0
2025-09-28 17:21:11,928 INFO  [org.apa.kaf.cli.con.int.ConsumerCoordinator] (ForkJoinPool.commonPool-worker-3) [Consumer clientId=consumer-Consumer-topic-c78b543d_21d1_4ec3_a466_00c8f0285426-16, groupId=Consumer-topic-c78b543d_21d1_4ec3_a466_00c8f0285426] (Re-)joining group
2025-09-28 17:21:12,921 INFO  [io.api.tes.ser.api.KafkaSerdesTester] (ForkJoinPool.commonPool-worker-3) None found
2025-09-28 17:21:13,922 INFO  [io.api.tes.ser.api.KafkaSerdesTester] (ForkJoinPool.commonPool-worker-3) None found
2025-09-28 17:21:14,924 INFO  [io.api.tes.ser.api.KafkaSerdesTester] (ForkJoinPool.commonPool-worker-3) None found
2025-09-28 17:21:14,929 INFO  [org.apa.kaf.cli.con.int.ConsumerCoordinator] (ForkJoinPool.commonPool-worker-3) [Consumer clientId=consumer-Consumer-topic-c78b543d_21d1_4ec3_a466_00c8f0285426-16, groupId=Consumer-topic-c78b543d_21d1_4ec3_a466_00c8f0285426] Successfully joined group with generation Generation{generationId=1, memberId='consumer-Consumer-topic-c78b543d_21d1_4ec3_a466_00c8f0285426-16-43c0307c-2cb1-4c22-8d78-477780bf9ef0', protocol='range'}
2025-09-28 17:21:14,930 INFO  [org.apa.kaf.cli.con.int.ConsumerCoordinator] (ForkJoinPool.commonPool-worker-3) [Consumer clientId=consumer-Consumer-topic-c78b543d_21d1_4ec3_a466_00c8f0285426-16, groupId=Consumer-topic-c78b543d_21d1_4ec3_a466_00c8f0285426] Finished assignment for group at generation 1: {consumer-Consumer-topic-c78b543d_21d1_4ec3_a466_00c8f0285426-16-43c0307c-2cb1-4c22-8d78-477780bf9ef0=Assignment(partitions=[topic-c78b543d_21d1_4ec3_a466_00c8f0285426-0])}
2025-09-28 17:21:14,935 INFO  [org.apa.kaf.cli.con.int.ConsumerCoordinator] (ForkJoinPool.commonPool-worker-3) [Consumer clientId=consumer-Consumer-topic-c78b543d_21d1_4ec3_a466_00c8f0285426-16, groupId=Consumer-topic-c78b543d_21d1_4ec3_a466_00c8f0285426] Successfully synced group in generation Generation{generationId=1, memberId='consumer-Consumer-topic-c78b543d_21d1_4ec3_a466_00c8f0285426-16-43c0307c-2cb1-4c22-8d78-477780bf9ef0', protocol='range'}
2025-09-28 17:21:14,935 INFO  [org.apa.kaf.cli.con.int.ConsumerCoordinator] (ForkJoinPool.commonPool-worker-3) [Consumer clientId=consumer-Consumer-topic-c78b543d_21d1_4ec3_a466_00c8f0285426-16, groupId=Consumer-topic-c78b543d_21d1_4ec3_a466_00c8f0285426] Notifying assignor about the new Assignment(partitions=[topic-c78b543d_21d1_4ec3_a466_00c8f0285426-0])
2025-09-28 17:21:14,935 INFO  [org.apa.kaf.cli.con.int.ConsumerRebalanceListenerInvoker] (ForkJoinPool.commonPool-worker-3) [Consumer clientId=consumer-Consumer-topic-c78b543d_21d1_4ec3_a466_00c8f0285426-16, groupId=Consumer-topic-c78b543d_21d1_4ec3_a466_00c8f0285426] Adding newly assigned partitions: topic-c78b543d_21d1_4ec3_a466_00c8f0285426-0
2025-09-28 17:21:14,936 INFO  [org.apa.kaf.cli.con.int.ConsumerCoordinator] (ForkJoinPool.commonPool-worker-3) [Consumer clientId=consumer-Consumer-topic-c78b543d_21d1_4ec3_a466_00c8f0285426-16, groupId=Consumer-topic-c78b543d_21d1_4ec3_a466_00c8f0285426] Found no committed offset for partition topic-c78b543d_21d1_4ec3_a466_00c8f0285426-0
2025-09-28 17:21:14,938 INFO  [org.apa.kaf.cli.con.int.SubscriptionState] (ForkJoinPool.commonPool-worker-3) [Consumer clientId=consumer-Consumer-topic-c78b543d_21d1_4ec3_a466_00c8f0285426-16, groupId=Consumer-topic-c78b543d_21d1_4ec3_a466_00c8f0285426] Resetting offset for partition topic-c78b543d_21d1_4ec3_a466_00c8f0285426-0 to position FetchPosition{offset=0, offsetEpoch=Optional.empty, currentLeader=LeaderAndEpoch{leader=Optional[localhost:32769 (id: 0 rack: null)], epoch=0}}.
2025-09-28 17:21:14,974 INFO  [io.api.tes.ser.api.KafkaSerdesTester] (ForkJoinPool.commonPool-worker-3) topic-c78b543d_21d1_4ec3_a466_00c8f0285426 0 0 {"key11759080063548": "value-0"}
2025-09-28 17:21:14,974 INFO  [io.api.tes.ser.api.KafkaSerdesTester] (ForkJoinPool.commonPool-worker-3) topic-c78b543d_21d1_4ec3_a466_00c8f0285426 0 1 {"key11759080063548": "value-1"}
2025-09-28 17:21:14,974 INFO  [io.api.tes.ser.api.KafkaSerdesTester] (ForkJoinPool.commonPool-worker-3) topic-c78b543d_21d1_4ec3_a466_00c8f0285426 0 2 {"key11759080063548": "value-2"}
2025-09-28 17:21:14,974 INFO  [io.api.tes.ser.api.KafkaSerdesTester] (ForkJoinPool.commonPool-worker-3) topic-c78b543d_21d1_4ec3_a466_00c8f0285426 0 3 {"key11759080063548": "value-3"}
2025-09-28 17:21:14,974 INFO  [io.api.tes.ser.api.KafkaSerdesTester] (ForkJoinPool.commonPool-worker-3) topic-c78b543d_21d1_4ec3_a466_00c8f0285426 0 4 {"key11759080063548": "value-4"}
2025-09-28 17:21:14,974 INFO  [io.api.tes.ser.api.KafkaSerdesTester] (ForkJoinPool.commonPool-worker-3) topic-c78b543d_21d1_4ec3_a466_00c8f0285426 0 5 {"key11759080063548": "value-5"}
2025-09-28 17:21:14,974 INFO  [io.api.tes.ser.api.KafkaSerdesTester] (ForkJoinPool.commonPool-worker-3) topic-c78b543d_21d1_4ec3_a466_00c8f0285426 0 6 {"key11759080063548": "value-6"}
2025-09-28 17:21:14,974 INFO  [io.api.tes.ser.api.KafkaSerdesTester] (ForkJoinPool.commonPool-worker-3) topic-c78b543d_21d1_4ec3_a466_00c8f0285426 0 7 {"key11759080063548": "value-7"}
2025-09-28 17:21:14,974 INFO  [io.api.tes.ser.api.KafkaSerdesTester] (ForkJoinPool.commonPool-worker-3) topic-c78b543d_21d1_4ec3_a466_00c8f0285426 0 8 {"key11759080063548": "value-8"}
2025-09-28 17:21:14,974 INFO  [io.api.tes.ser.api.KafkaSerdesTester] (ForkJoinPool.commonPool-worker-3) topic-c78b543d_21d1_4ec3_a466_00c8f0285426 0 9 {"key11759080063548": "value-9"}
2025-09-28 17:21:14,974 INFO  [io.api.tes.ser.api.KafkaSerdesTester] (ForkJoinPool.commonPool-worker-3) Consumed 10 messages
2025-09-28 17:21:14,981 INFO  [org.apa.kaf.cli.con.int.ConsumerRebalanceListenerInvoker] (ForkJoinPool.commonPool-worker-3) [Consumer clientId=consumer-Consumer-topic-c78b543d_21d1_4ec3_a466_00c8f0285426-16, groupId=Consumer-topic-c78b543d_21d1_4ec3_a466_00c8f0285426] Revoke previously assigned partitions topic-c78b543d_21d1_4ec3_a466_00c8f0285426-0
2025-09-28 17:21:14,981 INFO  [org.apa.kaf.cli.con.int.ConsumerCoordinator] (ForkJoinPool.commonPool-worker-3) [Consumer clientId=consumer-Consumer-topic-c78b543d_21d1_4ec3_a466_00c8f0285426-16, groupId=Consumer-topic-c78b543d_21d1_4ec3_a466_00c8f0285426] Member consumer-Consumer-topic-c78b543d_21d1_4ec3_a466_00c8f0285426-16-43c0307c-2cb1-4c22-8d78-477780bf9ef0 sending LeaveGroup request to coordinator localhost:32769 (id: 2147483647 rack: null) due to the consumer is being closed
2025-09-28 17:21:14,981 INFO  [org.apa.kaf.cli.con.int.ConsumerCoordinator] (ForkJoinPool.commonPool-worker-3) [Consumer clientId=consumer-Consumer-topic-c78b543d_21d1_4ec3_a466_00c8f0285426-16, groupId=Consumer-topic-c78b543d_21d1_4ec3_a466_00c8f0285426] Resetting generation and member id due to: consumer pro-actively leaving the group
2025-09-28 17:21:14,981 INFO  [org.apa.kaf.cli.con.int.ConsumerCoordinator] (ForkJoinPool.commonPool-worker-3) [Consumer clientId=consumer-Consumer-topic-c78b543d_21d1_4ec3_a466_00c8f0285426-16, groupId=Consumer-topic-c78b543d_21d1_4ec3_a466_00c8f0285426] Request joining group due to: consumer pro-actively leaving the group
2025-09-28 17:21:15,477 INFO  [org.apa.kaf.com.met.Metrics] (ForkJoinPool.commonPool-worker-3) Metrics scheduler closed
2025-09-28 17:21:15,477 INFO  [org.apa.kaf.com.met.Metrics] (ForkJoinPool.commonPool-worker-3) Closing reporter org.apache.kafka.common.metrics.JmxReporter
2025-09-28 17:21:15,477 INFO  [org.apa.kaf.com.met.Metrics] (ForkJoinPool.commonPool-worker-3) Closing reporter org.apache.kafka.common.telemetry.internals.ClientTelemetryReporter
2025-09-28 17:21:15,477 INFO  [org.apa.kaf.com.met.Metrics] (ForkJoinPool.commonPool-worker-3) Metrics reporters closed
2025-09-28 17:21:15,478 INFO  [org.apa.kaf.com.uti.AppInfoParser] (ForkJoinPool.commonPool-worker-3) App info kafka.consumer for consumer-Consumer-topic-c78b543d_21d1_4ec3_a466_00c8f0285426-16 unregistered
2025-09-28 17:21:15,479 INFO  [io.api.tes.uti.TestSeparator] (main) io.apicurio.tests.serdes.apicurio.AvroSerdeIT.testAvroConfluentForMultipleTopics-FINISHED
2025-09-28 17:21:15,479 INFO  [io.api.tes.uti.TestSeparator] (main) ############################################################################
Test passed: testAvroConfluentForMultipleTopics
]]></system-out>
  </testcase>
  <testcase name="testFirstRequestFailsRateLimited" classname="io.apicurio.tests.serdes.apicurio.AvroSerdeIT" time="0.741">
    <system-out><![CDATA[2025-09-28 17:21:15,480 INFO  [io.api.tes.uti.TestSeparator] (main) ############################################################################
2025-09-28 17:21:15,480 INFO  [io.api.tes.uti.TestSeparator] (main) io.apicurio.tests.serdes.apicurio.AvroSerdeIT.testFirstRequestFailsRateLimited-STARTED
2025-09-28 17:21:15,916 INFO  [org.ecl.jet.ser.Server] (main) jetty-11.0.15; built: 2023-04-11T18:37:53.775Z; git: 5bc5e562c8d05c5862505aebe5cf83a61bdbcb96; jvm 17.0.16+8
2025-09-28 17:21:15,934 INFO  [org.ecl.jet.ser.han.ContextHandler] (main) Started o.e.j.s.ServletContextHandler@ef3bc19{/__admin,null,AVAILABLE}
2025-09-28 17:21:15,941 INFO  [org.ecl.jet.ser.han.Con.ROOT] (main) RequestHandlerClass from context returned com.github.tomakehurst.wiremock.http.StubRequestHandler. Normalized mapped under returned 'null'
2025-09-28 17:21:15,941 INFO  [org.ecl.jet.ser.han.ContextHandler] (main) Started o.e.j.s.ServletContextHandler@6c73d88c{/,null,AVAILABLE}
2025-09-28 17:21:15,948 INFO  [org.ecl.jet.ser.AbstractConnector] (main) Started NetworkTrafficServerConnector@746a671{HTTP/1.1, (http/1.1, h2c)}{0.0.0.0:39281}
2025-09-28 17:21:15,949 INFO  [org.ecl.jet.ser.Server] (main) Started Server@fcdad9a{STARTING}[11.0.15,sto=1000] @98589ms
**** Registry Base URL: http://registry-app-mysql.apps.ci419.apicurio-testing.org:80
2025-09-28 17:21:15,957 INFO  [org.apa.kaf.cli.pro.ProducerConfig] (main) ProducerConfig values: 
	acks = -1
	auto.include.jmx.reporter = true
	batch.size = 16384
	bootstrap.servers = [PLAINTEXT://localhost:32769]
	buffer.memory = 33554432
	client.dns.lookup = use_all_dns_ips
	client.id = Producer-topic-18a9cba3_ea63_4160_9544_ce97e4659c52
	compression.gzip.level = -1
	compression.lz4.level = 9
	compression.type = none
	compression.zstd.level = 3
	connections.max.idle.ms = 10000
	delivery.timeout.ms = 120000
	enable.idempotence = true
	enable.metrics.push = true
	interceptor.classes = []
	key.serializer = class org.apache.kafka.common.serialization.StringSerializer
	linger.ms = 0
	max.block.ms = 60000
	max.in.flight.requests.per.connection = 5
	max.request.size = 1048576
	metadata.max.age.ms = 300000
	metadata.max.idle.ms = 300000
	metadata.recovery.strategy = none
	metric.reporters = []
	metrics.num.samples = 2
	metrics.recording.level = INFO
	metrics.sample.window.ms = 30000
	partitioner.adaptive.partitioning.enable = true
	partitioner.availability.timeout.ms = 0
	partitioner.class = null
	partitioner.ignore.keys = false
	receive.buffer.bytes = 32768
	reconnect.backoff.max.ms = 1000
	reconnect.backoff.ms = 50
	request.timeout.ms = 5000
	retries = 2147483647
	retry.backoff.max.ms = 1000
	retry.backoff.ms = 100
	sasl.client.callback.handler.class = null
	sasl.jaas.config = null
	sasl.kerberos.kinit.cmd = /usr/bin/kinit
	sasl.kerberos.min.time.before.relogin = 60000
	sasl.kerberos.service.name = null
	sasl.kerberos.ticket.renew.jitter = 0.05
	sasl.kerberos.ticket.renew.window.factor = 0.8
	sasl.login.callback.handler.class = null
	sasl.login.class = null
	sasl.login.connect.timeout.ms = null
	sasl.login.read.timeout.ms = null
	sasl.login.refresh.buffer.seconds = 300
	sasl.login.refresh.min.period.seconds = 60
	sasl.login.refresh.window.factor = 0.8
	sasl.login.refresh.window.jitter = 0.05
	sasl.login.retry.backoff.max.ms = 10000
	sasl.login.retry.backoff.ms = 100
	sasl.mechanism = GSSAPI
	sasl.oauthbearer.clock.skew.seconds = 30
	sasl.oauthbearer.expected.audience = null
	sasl.oauthbearer.expected.issuer = null
	sasl.oauthbearer.header.urlencode = false
	sasl.oauthbearer.jwks.endpoint.refresh.ms = 3600000
	sasl.oauthbearer.jwks.endpoint.retry.backoff.max.ms = 10000
	sasl.oauthbearer.jwks.endpoint.retry.backoff.ms = 100
	sasl.oauthbearer.jwks.endpoint.url = null
	sasl.oauthbearer.scope.claim.name = scope
	sasl.oauthbearer.sub.claim.name = sub
	sasl.oauthbearer.token.endpoint.url = null
	security.protocol = PLAINTEXT
	security.providers = null
	send.buffer.bytes = 131072
	socket.connection.setup.timeout.max.ms = 30000
	socket.connection.setup.timeout.ms = 10000
	ssl.cipher.suites = null
	ssl.enabled.protocols = [TLSv1.2, TLSv1.3]
	ssl.endpoint.identification.algorithm = https
	ssl.engine.factory.class = null
	ssl.key.password = null
	ssl.keymanager.algorithm = SunX509
	ssl.keystore.certificate.chain = null
	ssl.keystore.key = null
	ssl.keystore.location = null
	ssl.keystore.password = null
	ssl.keystore.type = JKS
	ssl.protocol = TLSv1.3
	ssl.provider = null
	ssl.secure.random.implementation = null
	ssl.trustmanager.algorithm = PKIX
	ssl.truststore.certificates = null
	ssl.truststore.location = null
	ssl.truststore.password = null
	ssl.truststore.type = JKS
	transaction.timeout.ms = 60000
	transactional.id = null
	value.serializer = class io.apicurio.registry.serde.avro.AvroKafkaSerializer

2025-09-28 17:21:15,958 INFO  [org.apa.kaf.com.tel.int.KafkaMetricsCollector] (main) initializing Kafka metrics collector
2025-09-28 17:21:15,960 INFO  [org.apa.kaf.cli.pro.KafkaProducer] (main) [Producer clientId=Producer-topic-18a9cba3_ea63_4160_9544_ce97e4659c52] Instantiated an idempotent producer.
2025-09-28 17:21:15,962 INFO  [org.apa.kaf.cli.pro.ProducerConfig] (main) These configurations '[apicurio.registry.url, apicurio.registry.artifact-resolver-strategy]' were supplied but are not used yet.
2025-09-28 17:21:15,963 INFO  [org.apa.kaf.com.uti.AppInfoParser] (main) Kafka version: 3.9.1
2025-09-28 17:21:15,963 INFO  [org.apa.kaf.com.uti.AppInfoParser] (main) Kafka commitId: f745dfdcee2b9851
2025-09-28 17:21:15,963 INFO  [org.apa.kaf.com.uti.AppInfoParser] (main) Kafka startTimeMs: 1759080075963
2025-09-28 17:21:15,963 INFO  [io.api.tes.ser.api.KafkaSerdesTester] (ForkJoinPool.commonPool-worker-3) Sending message {"keyB": "value-0"} to topic topic-18a9cba3_ea63_4160_9544_ce97e4659c52
2025-09-28 17:21:15,969 WARN  [org.apa.kaf.cli.NetworkClient] (kafka-producer-network-thread | Producer-topic-18a9cba3_ea63_4160_9544_ce97e4659c52) [Producer clientId=Producer-topic-18a9cba3_ea63_4160_9544_ce97e4659c52] The metadata response from the cluster reported a recoverable issue with correlation id 1 : {topic-18a9cba3_ea63_4160_9544_ce97e4659c52=UNKNOWN_TOPIC_OR_PARTITION}
2025-09-28 17:21:15,969 INFO  [org.apa.kaf.cli.Metadata] (kafka-producer-network-thread | Producer-topic-18a9cba3_ea63_4160_9544_ce97e4659c52) [Producer clientId=Producer-topic-18a9cba3_ea63_4160_9544_ce97e4659c52] Cluster ID: 3eubY_ZwQSCXVgI5PuowEg
2025-09-28 17:21:15,969 INFO  [org.apa.kaf.cli.pro.int.TransactionManager] (kafka-producer-network-thread | Producer-topic-18a9cba3_ea63_4160_9544_ce97e4659c52) [Producer clientId=Producer-topic-18a9cba3_ea63_4160_9544_ce97e4659c52] ProducerId set to 22 with epoch 0
2025-09-28 17:21:16,089 INFO  [DefaultSchemaResolver] (ForkJoinPool.commonPool-worker-3) Retrieving schema content using string: {"type":"record","name":"myrecord","namespace":"mygroup","fields":[{"name":"keyB","type":"string"}]}
2025-09-28 17:21:16,209 INFO  [org.apa.kaf.cli.pro.KafkaProducer] (ForkJoinPool.commonPool-worker-3) [Producer clientId=Producer-topic-18a9cba3_ea63_4160_9544_ce97e4659c52] Closing the Kafka producer with timeoutMillis = 9223372036854775807 ms.
2025-09-28 17:21:16,212 INFO  [org.apa.kaf.com.met.Metrics] (ForkJoinPool.commonPool-worker-3) Metrics scheduler closed
2025-09-28 17:21:16,212 INFO  [org.apa.kaf.com.met.Metrics] (ForkJoinPool.commonPool-worker-3) Closing reporter org.apache.kafka.common.metrics.JmxReporter
2025-09-28 17:21:16,212 INFO  [org.apa.kaf.com.met.Metrics] (ForkJoinPool.commonPool-worker-3) Closing reporter org.apache.kafka.common.telemetry.internals.ClientTelemetryReporter
2025-09-28 17:21:16,212 INFO  [org.apa.kaf.com.met.Metrics] (ForkJoinPool.commonPool-worker-3) Metrics reporters closed
2025-09-28 17:21:16,212 INFO  [org.apa.kaf.com.uti.AppInfoParser] (ForkJoinPool.commonPool-worker-3) App info kafka.producer for Producer-topic-18a9cba3_ea63_4160_9544_ce97e4659c52 unregistered
2025-09-28 17:21:16,213 INFO  [org.ecl.jet.ser.Server] (main) Stopped Server@fcdad9a{STOPPING}[11.0.15,sto=1000]
2025-09-28 17:21:16,213 INFO  [org.ecl.jet.ser.Server] (main) Shutdown Server@fcdad9a{STOPPING}[11.0.15,sto=1000]
2025-09-28 17:21:16,216 INFO  [org.ecl.jet.ser.AbstractConnector] (main) Stopped NetworkTrafficServerConnector@746a671{HTTP/1.1, (http/1.1, h2c)}{0.0.0.0:0}
2025-09-28 17:21:16,218 INFO  [org.ecl.jet.ser.han.ContextHandler] (main) Stopped o.e.j.s.ServletContextHandler@6c73d88c{/,null,STOPPED}
2025-09-28 17:21:16,218 INFO  [org.ecl.jet.ser.han.ContextHandler] (main) Stopped o.e.j.s.ServletContextHandler@ef3bc19{/__admin,null,STOPPED}
2025-09-28 17:21:16,220 INFO  [io.api.tes.uti.TestSeparator] (main) io.apicurio.tests.serdes.apicurio.AvroSerdeIT.testFirstRequestFailsRateLimited-FINISHED
2025-09-28 17:21:16,220 INFO  [io.api.tes.uti.TestSeparator] (main) ############################################################################
Test passed: testFirstRequestFailsRateLimited
]]></system-out>
    <system-err><![CDATA[com.microsoft.kiota.ApiException: the server returned an unexpected status code and no error class is registered for this code 429
	at com.microsoft.kiota.ApiExceptionBuilder.withMessage(ApiExceptionBuilder.java:45)
	at io.kiota.http.vertx.VertXRequestAdapter.throwIfFailedResponse(VertXRequestAdapter.java:370)
	at io.kiota.http.vertx.VertXRequestAdapter.send(VertXRequestAdapter.java:170)
	at jdk.internal.reflect.GeneratedMethodAccessor33.invoke(Unknown Source)
	at java.base/jdk.internal.reflect.DelegatingMethodAccessorImpl.invoke(DelegatingMethodAccessorImpl.java:43)
	at java.base/java.lang.reflect.Method.invoke(Method.java:569)
	at io.apicurio.registry.client.RegistryClientFactory$RetryInvocationHandler.invoke(RegistryClientFactory.java:146)
	at jdk.proxy2/jdk.proxy2.$Proxy65.send(Unknown Source)
	at io.apicurio.registry.rest.client.search.versions.VersionsRequestBuilder.post(VersionsRequestBuilder.java:94)
	at io.apicurio.registry.resolver.client.RegistryClientFacadeImpl.searchVersionsByContent(RegistryClientFacadeImpl.java:106)
	at io.apicurio.registry.resolver.DefaultSchemaResolver.lambda$handleResolveSchemaByContent$3(DefaultSchemaResolver.java:258)
	at io.apicurio.registry.resolver.cache.ERCache.lambda$getValue$0(ERCache.java:174)
	at io.apicurio.registry.resolver.cache.ERCache.retry(ERCache.java:227)
	at io.apicurio.registry.resolver.cache.ERCache.getValue(ERCache.java:173)
	at io.apicurio.registry.resolver.cache.ERCache.getByContent(ERCache.java:147)
	at io.apicurio.registry.resolver.DefaultSchemaResolver.handleResolveSchemaByContent(DefaultSchemaResolver.java:253)
	at io.apicurio.registry.resolver.DefaultSchemaResolver.getSchemaFromRegistry(DefaultSchemaResolver.java:138)
	at io.apicurio.registry.resolver.DefaultSchemaResolver.lambda$resolveSchema$0(DefaultSchemaResolver.java:84)
	at java.base/java.util.Optional.orElseGet(Optional.java:364)
	at io.apicurio.registry.resolver.DefaultSchemaResolver.resolveSchema(DefaultSchemaResolver.java:84)
	at io.apicurio.registry.serde.AbstractSerializer.serializeData(AbstractSerializer.java:62)
	at io.apicurio.registry.serde.KafkaSerializer.serialize(KafkaSerializer.java:77)
	at org.apache.kafka.clients.producer.KafkaProducer.doSend(KafkaProducer.java:1046)
	at org.apache.kafka.clients.producer.KafkaProducer.send(KafkaProducer.java:993)
	at org.apache.kafka.clients.producer.KafkaProducer.send(KafkaProducer.java:875)
	at io.apicurio.tests.serdes.apicurio.KafkaSerdesTester.lambda$produceMessages$3(KafkaSerdesTester.java:138)
	at java.base/java.util.concurrent.CompletableFuture$AsyncSupply.run(CompletableFuture.java:1768)
	at java.base/java.util.concurrent.CompletableFuture$AsyncSupply.exec(CompletableFuture.java:1760)
	at java.base/java.util.concurrent.ForkJoinTask.doExec(ForkJoinTask.java:373)
	at java.base/java.util.concurrent.ForkJoinPool$WorkQueue.topLevelExec(ForkJoinPool.java:1182)
	at java.base/java.util.concurrent.ForkJoinPool.scan(ForkJoinPool.java:1655)
	at java.base/java.util.concurrent.ForkJoinPool.runWorker(ForkJoinPool.java:1622)
	at java.base/java.util.concurrent.ForkJoinWorkerThread.run(ForkJoinWorkerThread.java:165)
]]></system-err>
  </testcase>
  <testcase name="testFirstEmptyFieldConfusedAsMagicByte" classname="io.apicurio.tests.serdes.apicurio.AvroSerdeIT" time="3.787">
    <system-out><![CDATA[2025-09-28 17:21:16,222 INFO  [io.api.tes.uti.TestSeparator] (main) ############################################################################
2025-09-28 17:21:16,222 INFO  [io.api.tes.uti.TestSeparator] (main) io.apicurio.tests.serdes.apicurio.AvroSerdeIT.testFirstEmptyFieldConfusedAsMagicByte-STARTED
**** Registry Base URL: http://registry-app-mysql.apps.ci419.apicurio-testing.org:80
2025-09-28 17:21:16,224 INFO  [org.apa.kaf.cli.pro.ProducerConfig] (main) ProducerConfig values: 
	acks = -1
	auto.include.jmx.reporter = true
	batch.size = 16384
	bootstrap.servers = [PLAINTEXT://localhost:32769]
	buffer.memory = 33554432
	client.dns.lookup = use_all_dns_ips
	client.id = Producer-topic-94cbf390_1fbd_46c5_b172_0912cccc6626
	compression.gzip.level = -1
	compression.lz4.level = 9
	compression.type = none
	compression.zstd.level = 3
	connections.max.idle.ms = 10000
	delivery.timeout.ms = 120000
	enable.idempotence = true
	enable.metrics.push = true
	interceptor.classes = []
	key.serializer = class org.apache.kafka.common.serialization.StringSerializer
	linger.ms = 0
	max.block.ms = 60000
	max.in.flight.requests.per.connection = 5
	max.request.size = 1048576
	metadata.max.age.ms = 300000
	metadata.max.idle.ms = 300000
	metadata.recovery.strategy = none
	metric.reporters = []
	metrics.num.samples = 2
	metrics.recording.level = INFO
	metrics.sample.window.ms = 30000
	partitioner.adaptive.partitioning.enable = true
	partitioner.availability.timeout.ms = 0
	partitioner.class = null
	partitioner.ignore.keys = false
	receive.buffer.bytes = 32768
	reconnect.backoff.max.ms = 1000
	reconnect.backoff.ms = 50
	request.timeout.ms = 5000
	retries = 2147483647
	retry.backoff.max.ms = 1000
	retry.backoff.ms = 100
	sasl.client.callback.handler.class = null
	sasl.jaas.config = null
	sasl.kerberos.kinit.cmd = /usr/bin/kinit
	sasl.kerberos.min.time.before.relogin = 60000
	sasl.kerberos.service.name = null
	sasl.kerberos.ticket.renew.jitter = 0.05
	sasl.kerberos.ticket.renew.window.factor = 0.8
	sasl.login.callback.handler.class = null
	sasl.login.class = null
	sasl.login.connect.timeout.ms = null
	sasl.login.read.timeout.ms = null
	sasl.login.refresh.buffer.seconds = 300
	sasl.login.refresh.min.period.seconds = 60
	sasl.login.refresh.window.factor = 0.8
	sasl.login.refresh.window.jitter = 0.05
	sasl.login.retry.backoff.max.ms = 10000
	sasl.login.retry.backoff.ms = 100
	sasl.mechanism = GSSAPI
	sasl.oauthbearer.clock.skew.seconds = 30
	sasl.oauthbearer.expected.audience = null
	sasl.oauthbearer.expected.issuer = null
	sasl.oauthbearer.header.urlencode = false
	sasl.oauthbearer.jwks.endpoint.refresh.ms = 3600000
	sasl.oauthbearer.jwks.endpoint.retry.backoff.max.ms = 10000
	sasl.oauthbearer.jwks.endpoint.retry.backoff.ms = 100
	sasl.oauthbearer.jwks.endpoint.url = null
	sasl.oauthbearer.scope.claim.name = scope
	sasl.oauthbearer.sub.claim.name = sub
	sasl.oauthbearer.token.endpoint.url = null
	security.protocol = PLAINTEXT
	security.providers = null
	send.buffer.bytes = 131072
	socket.connection.setup.timeout.max.ms = 30000
	socket.connection.setup.timeout.ms = 10000
	ssl.cipher.suites = null
	ssl.enabled.protocols = [TLSv1.2, TLSv1.3]
	ssl.endpoint.identification.algorithm = https
	ssl.engine.factory.class = null
	ssl.key.password = null
	ssl.keymanager.algorithm = SunX509
	ssl.keystore.certificate.chain = null
	ssl.keystore.key = null
	ssl.keystore.location = null
	ssl.keystore.password = null
	ssl.keystore.type = JKS
	ssl.protocol = TLSv1.3
	ssl.provider = null
	ssl.secure.random.implementation = null
	ssl.trustmanager.algorithm = PKIX
	ssl.truststore.certificates = null
	ssl.truststore.location = null
	ssl.truststore.password = null
	ssl.truststore.type = JKS
	transaction.timeout.ms = 60000
	transactional.id = null
	value.serializer = class io.apicurio.registry.serde.avro.AvroKafkaSerializer

2025-09-28 17:21:16,225 INFO  [org.apa.kaf.com.tel.int.KafkaMetricsCollector] (main) initializing Kafka metrics collector
2025-09-28 17:21:16,229 INFO  [org.apa.kaf.cli.pro.KafkaProducer] (main) [Producer clientId=Producer-topic-94cbf390_1fbd_46c5_b172_0912cccc6626] Instantiated an idempotent producer.
2025-09-28 17:21:16,233 INFO  [org.apa.kaf.cli.pro.ProducerConfig] (main) These configurations '[apicurio.registry.url, apicurio.registry.auto-register, apicurio.registry.artifact-resolver-strategy]' were supplied but are not used yet.
2025-09-28 17:21:16,233 INFO  [org.apa.kaf.com.uti.AppInfoParser] (main) Kafka version: 3.9.1
2025-09-28 17:21:16,233 INFO  [org.apa.kaf.com.uti.AppInfoParser] (main) Kafka commitId: f745dfdcee2b9851
2025-09-28 17:21:16,233 INFO  [org.apa.kaf.com.uti.AppInfoParser] (main) Kafka startTimeMs: 1759080076233
2025-09-28 17:21:16,233 INFO  [io.api.tes.ser.api.SimpleSerdesTesterBuilder$SimpleSerdesTester] (main) Using producer configuration: {apicurio.registry.url=http://registry-app-mysql.apps.ci419.apicurio-testing.org:80/apis/registry/v3, apicurio.registry.auto-register=true, apicurio.registry.artifact-resolver-strategy=io.apicurio.registry.serde.strategy.SimpleTopicIdStrategy, value.serializer=io.apicurio.registry.serde.avro.AvroKafkaSerializer, request.timeout.ms=5000, acks=all, bootstrap.servers=PLAINTEXT://localhost:32769, connections.max.idle.ms=10000, key.serializer=org.apache.kafka.common.serialization.StringSerializer, client.id=Producer-topic-94cbf390_1fbd_46c5_b172_0912cccc6626}
2025-09-28 17:21:16,233 INFO  [io.api.tes.ser.api.SimpleSerdesTesterBuilder$SimpleSerdesTester] (main) Using consumer configuration: {}
2025-09-28 17:21:16,234 INFO  [io.api.tes.ser.api.KafkaSerdesTester] (ForkJoinPool.commonPool-worker-3) Sending message {"username": null} to topic topic-94cbf390_1fbd_46c5_b172_0912cccc6626
2025-09-28 17:21:16,236 WARN  [org.apa.kaf.cli.NetworkClient] (kafka-producer-network-thread | Producer-topic-94cbf390_1fbd_46c5_b172_0912cccc6626) [Producer clientId=Producer-topic-94cbf390_1fbd_46c5_b172_0912cccc6626] The metadata response from the cluster reported a recoverable issue with correlation id 1 : {topic-94cbf390_1fbd_46c5_b172_0912cccc6626=UNKNOWN_TOPIC_OR_PARTITION}
2025-09-28 17:21:16,236 INFO  [org.apa.kaf.cli.Metadata] (kafka-producer-network-thread | Producer-topic-94cbf390_1fbd_46c5_b172_0912cccc6626) [Producer clientId=Producer-topic-94cbf390_1fbd_46c5_b172_0912cccc6626] Cluster ID: 3eubY_ZwQSCXVgI5PuowEg
2025-09-28 17:21:16,237 INFO  [org.apa.kaf.cli.pro.int.TransactionManager] (kafka-producer-network-thread | Producer-topic-94cbf390_1fbd_46c5_b172_0912cccc6626) [Producer clientId=Producer-topic-94cbf390_1fbd_46c5_b172_0912cccc6626] ProducerId set to 23 with epoch 0
2025-09-28 17:21:16,401 INFO  [io.api.tes.ser.api.KafkaSerdesTester] (ForkJoinPool.commonPool-worker-3) Sending message {"username": null} to topic topic-94cbf390_1fbd_46c5_b172_0912cccc6626
2025-09-28 17:21:16,403 INFO  [io.api.tes.ser.api.KafkaSerdesTester] (ForkJoinPool.commonPool-worker-3) Sending message {"username": "value-2"} to topic topic-94cbf390_1fbd_46c5_b172_0912cccc6626
2025-09-28 17:21:16,404 INFO  [io.api.tes.ser.api.KafkaSerdesTester] (ForkJoinPool.commonPool-worker-3) Sending message {"username": null} to topic topic-94cbf390_1fbd_46c5_b172_0912cccc6626
2025-09-28 17:21:16,405 INFO  [io.api.tes.ser.api.KafkaSerdesTester] (ForkJoinPool.commonPool-worker-3) Sending message {"username": "value-4"} to topic topic-94cbf390_1fbd_46c5_b172_0912cccc6626
2025-09-28 17:21:16,406 INFO  [io.api.tes.ser.api.KafkaSerdesTester] (ForkJoinPool.commonPool-worker-3) Sending message {"username": null} to topic topic-94cbf390_1fbd_46c5_b172_0912cccc6626
2025-09-28 17:21:16,407 INFO  [io.api.tes.ser.api.KafkaSerdesTester] (ForkJoinPool.commonPool-worker-3) Sending message {"username": "value-6"} to topic topic-94cbf390_1fbd_46c5_b172_0912cccc6626
2025-09-28 17:21:16,409 INFO  [io.api.tes.ser.api.KafkaSerdesTester] (ForkJoinPool.commonPool-worker-3) Sending message {"username": null} to topic topic-94cbf390_1fbd_46c5_b172_0912cccc6626
2025-09-28 17:21:16,410 INFO  [io.api.tes.ser.api.KafkaSerdesTester] (ForkJoinPool.commonPool-worker-3) Sending message {"username": "value-8"} to topic topic-94cbf390_1fbd_46c5_b172_0912cccc6626
2025-09-28 17:21:16,411 INFO  [io.api.tes.ser.api.KafkaSerdesTester] (ForkJoinPool.commonPool-worker-3) Sending message {"username": null} to topic topic-94cbf390_1fbd_46c5_b172_0912cccc6626
2025-09-28 17:21:16,412 INFO  [io.api.tes.ser.api.KafkaSerdesTester] (ForkJoinPool.commonPool-worker-3) Produced 10 messages
2025-09-28 17:21:16,412 INFO  [org.apa.kaf.cli.pro.KafkaProducer] (ForkJoinPool.commonPool-worker-3) [Producer clientId=Producer-topic-94cbf390_1fbd_46c5_b172_0912cccc6626] Closing the Kafka producer with timeoutMillis = 9223372036854775807 ms.
2025-09-28 17:21:16,414 INFO  [org.apa.kaf.com.met.Metrics] (ForkJoinPool.commonPool-worker-3) Metrics scheduler closed
2025-09-28 17:21:16,414 INFO  [org.apa.kaf.com.met.Metrics] (ForkJoinPool.commonPool-worker-3) Closing reporter org.apache.kafka.common.metrics.JmxReporter
2025-09-28 17:21:16,414 INFO  [org.apa.kaf.com.met.Metrics] (ForkJoinPool.commonPool-worker-3) Closing reporter org.apache.kafka.common.telemetry.internals.ClientTelemetryReporter
2025-09-28 17:21:16,414 INFO  [org.apa.kaf.com.met.Metrics] (ForkJoinPool.commonPool-worker-3) Metrics reporters closed
2025-09-28 17:21:16,414 INFO  [org.apa.kaf.com.uti.AppInfoParser] (ForkJoinPool.commonPool-worker-3) App info kafka.producer for Producer-topic-94cbf390_1fbd_46c5_b172_0912cccc6626 unregistered
**** Registry Base URL: http://registry-app-mysql.apps.ci419.apicurio-testing.org:80
2025-09-28 17:21:16,442 INFO  [org.apa.kaf.cli.con.ConsumerConfig] (main) ConsumerConfig values: 
	allow.auto.create.topics = true
	auto.commit.interval.ms = 500
	auto.include.jmx.reporter = true
	auto.offset.reset = earliest
	bootstrap.servers = [PLAINTEXT://localhost:32769]
	check.crcs = true
	client.dns.lookup = use_all_dns_ips
	client.id = consumer-Consumer-topic-94cbf390_1fbd_46c5_b172_0912cccc6626-17
	client.rack = 
	connections.max.idle.ms = 10000
	default.api.timeout.ms = 60000
	enable.auto.commit = true
	enable.metrics.push = true
	exclude.internal.topics = true
	fetch.max.bytes = 52428800
	fetch.max.wait.ms = 500
	fetch.min.bytes = 1
	group.id = Consumer-topic-94cbf390_1fbd_46c5_b172_0912cccc6626
	group.instance.id = null
	group.protocol = classic
	group.remote.assignor = null
	heartbeat.interval.ms = 3000
	interceptor.classes = []
	internal.leave.group.on.close = true
	internal.throw.on.fetch.stable.offset.unsupported = false
	isolation.level = read_uncommitted
	key.deserializer = class org.apache.kafka.common.serialization.StringDeserializer
	max.partition.fetch.bytes = 1048576
	max.poll.interval.ms = 300000
	max.poll.records = 500
	metadata.max.age.ms = 300000
	metadata.recovery.strategy = none
	metric.reporters = []
	metrics.num.samples = 2
	metrics.recording.level = INFO
	metrics.sample.window.ms = 30000
	partition.assignment.strategy = [class org.apache.kafka.clients.consumer.RangeAssignor, class org.apache.kafka.clients.consumer.CooperativeStickyAssignor]
	receive.buffer.bytes = 65536
	reconnect.backoff.max.ms = 1000
	reconnect.backoff.ms = 50
	request.timeout.ms = 5000
	retry.backoff.max.ms = 1000
	retry.backoff.ms = 100
	sasl.client.callback.handler.class = null
	sasl.jaas.config = null
	sasl.kerberos.kinit.cmd = /usr/bin/kinit
	sasl.kerberos.min.time.before.relogin = 60000
	sasl.kerberos.service.name = null
	sasl.kerberos.ticket.renew.jitter = 0.05
	sasl.kerberos.ticket.renew.window.factor = 0.8
	sasl.login.callback.handler.class = null
	sasl.login.class = null
	sasl.login.connect.timeout.ms = null
	sasl.login.read.timeout.ms = null
	sasl.login.refresh.buffer.seconds = 300
	sasl.login.refresh.min.period.seconds = 60
	sasl.login.refresh.window.factor = 0.8
	sasl.login.refresh.window.jitter = 0.05
	sasl.login.retry.backoff.max.ms = 10000
	sasl.login.retry.backoff.ms = 100
	sasl.mechanism = GSSAPI
	sasl.oauthbearer.clock.skew.seconds = 30
	sasl.oauthbearer.expected.audience = null
	sasl.oauthbearer.expected.issuer = null
	sasl.oauthbearer.header.urlencode = false
	sasl.oauthbearer.jwks.endpoint.refresh.ms = 3600000
	sasl.oauthbearer.jwks.endpoint.retry.backoff.max.ms = 10000
	sasl.oauthbearer.jwks.endpoint.retry.backoff.ms = 100
	sasl.oauthbearer.jwks.endpoint.url = null
	sasl.oauthbearer.scope.claim.name = scope
	sasl.oauthbearer.sub.claim.name = sub
	sasl.oauthbearer.token.endpoint.url = null
	security.protocol = PLAINTEXT
	security.providers = null
	send.buffer.bytes = 131072
	session.timeout.ms = 45000
	socket.connection.setup.timeout.max.ms = 30000
	socket.connection.setup.timeout.ms = 10000
	ssl.cipher.suites = null
	ssl.enabled.protocols = [TLSv1.2, TLSv1.3]
	ssl.endpoint.identification.algorithm = https
	ssl.engine.factory.class = null
	ssl.key.password = null
	ssl.keymanager.algorithm = SunX509
	ssl.keystore.certificate.chain = null
	ssl.keystore.key = null
	ssl.keystore.location = null
	ssl.keystore.password = null
	ssl.keystore.type = JKS
	ssl.protocol = TLSv1.3
	ssl.provider = null
	ssl.secure.random.implementation = null
	ssl.trustmanager.algorithm = PKIX
	ssl.truststore.certificates = null
	ssl.truststore.location = null
	ssl.truststore.password = null
	ssl.truststore.type = JKS
	value.deserializer = class io.apicurio.registry.serde.avro.AvroKafkaDeserializer

2025-09-28 17:21:16,442 INFO  [org.apa.kaf.com.tel.int.KafkaMetricsCollector] (main) initializing Kafka metrics collector
2025-09-28 17:21:16,446 INFO  [org.apa.kaf.cli.con.ConsumerConfig] (main) These configurations '[apicurio.registry.url]' were supplied but are not used yet.
2025-09-28 17:21:16,446 INFO  [org.apa.kaf.com.uti.AppInfoParser] (main) Kafka version: 3.9.1
2025-09-28 17:21:16,446 INFO  [org.apa.kaf.com.uti.AppInfoParser] (main) Kafka commitId: f745dfdcee2b9851
2025-09-28 17:21:16,446 INFO  [org.apa.kaf.com.uti.AppInfoParser] (main) Kafka startTimeMs: 1759080076446
2025-09-28 17:21:16,446 INFO  [org.apa.kaf.cli.con.int.ClassicKafkaConsumer] (ForkJoinPool.commonPool-worker-3) [Consumer clientId=consumer-Consumer-topic-94cbf390_1fbd_46c5_b172_0912cccc6626-17, groupId=Consumer-topic-94cbf390_1fbd_46c5_b172_0912cccc6626] Subscribed to topic(s): topic-94cbf390_1fbd_46c5_b172_0912cccc6626
2025-09-28 17:21:16,449 INFO  [org.apa.kaf.cli.Metadata] (ForkJoinPool.commonPool-worker-3) [Consumer clientId=consumer-Consumer-topic-94cbf390_1fbd_46c5_b172_0912cccc6626-17, groupId=Consumer-topic-94cbf390_1fbd_46c5_b172_0912cccc6626] Cluster ID: 3eubY_ZwQSCXVgI5PuowEg
2025-09-28 17:21:16,449 INFO  [org.apa.kaf.cli.con.int.ConsumerCoordinator] (ForkJoinPool.commonPool-worker-3) [Consumer clientId=consumer-Consumer-topic-94cbf390_1fbd_46c5_b172_0912cccc6626-17, groupId=Consumer-topic-94cbf390_1fbd_46c5_b172_0912cccc6626] Discovered group coordinator localhost:32769 (id: 2147483647 rack: null)
2025-09-28 17:21:16,450 INFO  [org.apa.kaf.cli.con.int.ConsumerCoordinator] (ForkJoinPool.commonPool-worker-3) [Consumer clientId=consumer-Consumer-topic-94cbf390_1fbd_46c5_b172_0912cccc6626-17, groupId=Consumer-topic-94cbf390_1fbd_46c5_b172_0912cccc6626] (Re-)joining group
2025-09-28 17:21:16,451 INFO  [org.apa.kaf.cli.con.int.ConsumerCoordinator] (ForkJoinPool.commonPool-worker-3) [Consumer clientId=consumer-Consumer-topic-94cbf390_1fbd_46c5_b172_0912cccc6626-17, groupId=Consumer-topic-94cbf390_1fbd_46c5_b172_0912cccc6626] Request joining group due to: need to re-join with the given member-id: consumer-Consumer-topic-94cbf390_1fbd_46c5_b172_0912cccc6626-17-0ebd48c7-af3d-4e44-b128-c50eaa713184
2025-09-28 17:21:16,451 INFO  [org.apa.kaf.cli.con.int.ConsumerCoordinator] (ForkJoinPool.commonPool-worker-3) [Consumer clientId=consumer-Consumer-topic-94cbf390_1fbd_46c5_b172_0912cccc6626-17, groupId=Consumer-topic-94cbf390_1fbd_46c5_b172_0912cccc6626] (Re-)joining group
2025-09-28 17:21:17,446 INFO  [io.api.tes.ser.api.KafkaSerdesTester] (ForkJoinPool.commonPool-worker-3) None found
2025-09-28 17:21:18,446 INFO  [io.api.tes.ser.api.KafkaSerdesTester] (ForkJoinPool.commonPool-worker-3) None found
2025-09-28 17:21:19,446 INFO  [io.api.tes.ser.api.KafkaSerdesTester] (ForkJoinPool.commonPool-worker-3) None found
2025-09-28 17:21:19,453 INFO  [org.apa.kaf.cli.con.int.ConsumerCoordinator] (ForkJoinPool.commonPool-worker-3) [Consumer clientId=consumer-Consumer-topic-94cbf390_1fbd_46c5_b172_0912cccc6626-17, groupId=Consumer-topic-94cbf390_1fbd_46c5_b172_0912cccc6626] Successfully joined group with generation Generation{generationId=1, memberId='consumer-Consumer-topic-94cbf390_1fbd_46c5_b172_0912cccc6626-17-0ebd48c7-af3d-4e44-b128-c50eaa713184', protocol='range'}
2025-09-28 17:21:19,453 INFO  [org.apa.kaf.cli.con.int.ConsumerCoordinator] (ForkJoinPool.commonPool-worker-3) [Consumer clientId=consumer-Consumer-topic-94cbf390_1fbd_46c5_b172_0912cccc6626-17, groupId=Consumer-topic-94cbf390_1fbd_46c5_b172_0912cccc6626] Finished assignment for group at generation 1: {consumer-Consumer-topic-94cbf390_1fbd_46c5_b172_0912cccc6626-17-0ebd48c7-af3d-4e44-b128-c50eaa713184=Assignment(partitions=[topic-94cbf390_1fbd_46c5_b172_0912cccc6626-0])}
2025-09-28 17:21:19,460 INFO  [org.apa.kaf.cli.con.int.ConsumerCoordinator] (ForkJoinPool.commonPool-worker-3) [Consumer clientId=consumer-Consumer-topic-94cbf390_1fbd_46c5_b172_0912cccc6626-17, groupId=Consumer-topic-94cbf390_1fbd_46c5_b172_0912cccc6626] Successfully synced group in generation Generation{generationId=1, memberId='consumer-Consumer-topic-94cbf390_1fbd_46c5_b172_0912cccc6626-17-0ebd48c7-af3d-4e44-b128-c50eaa713184', protocol='range'}
2025-09-28 17:21:19,460 INFO  [org.apa.kaf.cli.con.int.ConsumerCoordinator] (ForkJoinPool.commonPool-worker-3) [Consumer clientId=consumer-Consumer-topic-94cbf390_1fbd_46c5_b172_0912cccc6626-17, groupId=Consumer-topic-94cbf390_1fbd_46c5_b172_0912cccc6626] Notifying assignor about the new Assignment(partitions=[topic-94cbf390_1fbd_46c5_b172_0912cccc6626-0])
2025-09-28 17:21:19,460 INFO  [org.apa.kaf.cli.con.int.ConsumerRebalanceListenerInvoker] (ForkJoinPool.commonPool-worker-3) [Consumer clientId=consumer-Consumer-topic-94cbf390_1fbd_46c5_b172_0912cccc6626-17, groupId=Consumer-topic-94cbf390_1fbd_46c5_b172_0912cccc6626] Adding newly assigned partitions: topic-94cbf390_1fbd_46c5_b172_0912cccc6626-0
2025-09-28 17:21:19,461 INFO  [org.apa.kaf.cli.con.int.ConsumerCoordinator] (ForkJoinPool.commonPool-worker-3) [Consumer clientId=consumer-Consumer-topic-94cbf390_1fbd_46c5_b172_0912cccc6626-17, groupId=Consumer-topic-94cbf390_1fbd_46c5_b172_0912cccc6626] Found no committed offset for partition topic-94cbf390_1fbd_46c5_b172_0912cccc6626-0
2025-09-28 17:21:19,464 INFO  [org.apa.kaf.cli.con.int.SubscriptionState] (ForkJoinPool.commonPool-worker-3) [Consumer clientId=consumer-Consumer-topic-94cbf390_1fbd_46c5_b172_0912cccc6626-17, groupId=Consumer-topic-94cbf390_1fbd_46c5_b172_0912cccc6626] Resetting offset for partition topic-94cbf390_1fbd_46c5_b172_0912cccc6626-0 to position FetchPosition{offset=0, offsetEpoch=Optional.empty, currentLeader=LeaderAndEpoch{leader=Optional[localhost:32769 (id: 0 rack: null)], epoch=0}}.
2025-09-28 17:21:19,504 INFO  [io.api.tes.ser.api.KafkaSerdesTester] (ForkJoinPool.commonPool-worker-3) topic-94cbf390_1fbd_46c5_b172_0912cccc6626 0 0 {"username": null}
2025-09-28 17:21:19,504 INFO  [io.api.tes.ser.api.KafkaSerdesTester] (ForkJoinPool.commonPool-worker-3) topic-94cbf390_1fbd_46c5_b172_0912cccc6626 0 1 {"username": null}
2025-09-28 17:21:19,504 INFO  [io.api.tes.ser.api.KafkaSerdesTester] (ForkJoinPool.commonPool-worker-3) topic-94cbf390_1fbd_46c5_b172_0912cccc6626 0 2 {"username": "value-2"}
2025-09-28 17:21:19,504 INFO  [io.api.tes.ser.api.KafkaSerdesTester] (ForkJoinPool.commonPool-worker-3) topic-94cbf390_1fbd_46c5_b172_0912cccc6626 0 3 {"username": null}
2025-09-28 17:21:19,504 INFO  [io.api.tes.ser.api.KafkaSerdesTester] (ForkJoinPool.commonPool-worker-3) topic-94cbf390_1fbd_46c5_b172_0912cccc6626 0 4 {"username": "value-4"}
2025-09-28 17:21:19,504 INFO  [io.api.tes.ser.api.KafkaSerdesTester] (ForkJoinPool.commonPool-worker-3) topic-94cbf390_1fbd_46c5_b172_0912cccc6626 0 5 {"username": null}
2025-09-28 17:21:19,504 INFO  [io.api.tes.ser.api.KafkaSerdesTester] (ForkJoinPool.commonPool-worker-3) topic-94cbf390_1fbd_46c5_b172_0912cccc6626 0 6 {"username": "value-6"}
2025-09-28 17:21:19,504 INFO  [io.api.tes.ser.api.KafkaSerdesTester] (ForkJoinPool.commonPool-worker-3) topic-94cbf390_1fbd_46c5_b172_0912cccc6626 0 7 {"username": null}
2025-09-28 17:21:19,504 INFO  [io.api.tes.ser.api.KafkaSerdesTester] (ForkJoinPool.commonPool-worker-3) topic-94cbf390_1fbd_46c5_b172_0912cccc6626 0 8 {"username": "value-8"}
2025-09-28 17:21:19,504 INFO  [io.api.tes.ser.api.KafkaSerdesTester] (ForkJoinPool.commonPool-worker-3) topic-94cbf390_1fbd_46c5_b172_0912cccc6626 0 9 {"username": null}
2025-09-28 17:21:19,504 INFO  [io.api.tes.ser.api.KafkaSerdesTester] (ForkJoinPool.commonPool-worker-3) Consumed 10 messages
2025-09-28 17:21:19,511 INFO  [org.apa.kaf.cli.con.int.ConsumerRebalanceListenerInvoker] (ForkJoinPool.commonPool-worker-3) [Consumer clientId=consumer-Consumer-topic-94cbf390_1fbd_46c5_b172_0912cccc6626-17, groupId=Consumer-topic-94cbf390_1fbd_46c5_b172_0912cccc6626] Revoke previously assigned partitions topic-94cbf390_1fbd_46c5_b172_0912cccc6626-0
2025-09-28 17:21:19,511 INFO  [org.apa.kaf.cli.con.int.ConsumerCoordinator] (ForkJoinPool.commonPool-worker-3) [Consumer clientId=consumer-Consumer-topic-94cbf390_1fbd_46c5_b172_0912cccc6626-17, groupId=Consumer-topic-94cbf390_1fbd_46c5_b172_0912cccc6626] Member consumer-Consumer-topic-94cbf390_1fbd_46c5_b172_0912cccc6626-17-0ebd48c7-af3d-4e44-b128-c50eaa713184 sending LeaveGroup request to coordinator localhost:32769 (id: 2147483647 rack: null) due to the consumer is being closed
2025-09-28 17:21:19,511 INFO  [org.apa.kaf.cli.con.int.ConsumerCoordinator] (ForkJoinPool.commonPool-worker-3) [Consumer clientId=consumer-Consumer-topic-94cbf390_1fbd_46c5_b172_0912cccc6626-17, groupId=Consumer-topic-94cbf390_1fbd_46c5_b172_0912cccc6626] Resetting generation and member id due to: consumer pro-actively leaving the group
2025-09-28 17:21:19,511 INFO  [org.apa.kaf.cli.con.int.ConsumerCoordinator] (ForkJoinPool.commonPool-worker-3) [Consumer clientId=consumer-Consumer-topic-94cbf390_1fbd_46c5_b172_0912cccc6626-17, groupId=Consumer-topic-94cbf390_1fbd_46c5_b172_0912cccc6626] Request joining group due to: consumer pro-actively leaving the group
2025-09-28 17:21:20,006 INFO  [org.apa.kaf.com.met.Metrics] (ForkJoinPool.commonPool-worker-3) Metrics scheduler closed
2025-09-28 17:21:20,007 INFO  [org.apa.kaf.com.met.Metrics] (ForkJoinPool.commonPool-worker-3) Closing reporter org.apache.kafka.common.metrics.JmxReporter
2025-09-28 17:21:20,007 INFO  [org.apa.kaf.com.met.Metrics] (ForkJoinPool.commonPool-worker-3) Closing reporter org.apache.kafka.common.telemetry.internals.ClientTelemetryReporter
2025-09-28 17:21:20,007 INFO  [org.apa.kaf.com.met.Metrics] (ForkJoinPool.commonPool-worker-3) Metrics reporters closed
2025-09-28 17:21:20,008 INFO  [org.apa.kaf.com.uti.AppInfoParser] (ForkJoinPool.commonPool-worker-3) App info kafka.consumer for consumer-Consumer-topic-94cbf390_1fbd_46c5_b172_0912cccc6626-17 unregistered
2025-09-28 17:21:20,008 INFO  [io.api.tes.uti.TestSeparator] (main) io.apicurio.tests.serdes.apicurio.AvroSerdeIT.testFirstEmptyFieldConfusedAsMagicByte-FINISHED
2025-09-28 17:21:20,008 INFO  [io.api.tes.uti.TestSeparator] (main) ############################################################################
Test passed: testFirstEmptyFieldConfusedAsMagicByte
]]></system-out>
  </testcase>
  <testcase name="testAvroSerDesFailDifferentSchemaByContent" classname="io.apicurio.tests.serdes.apicurio.AvroSerdeIT" time="1.13">
    <system-out><![CDATA[2025-09-28 17:21:20,010 INFO  [io.api.tes.uti.TestSeparator] (main) ############################################################################
2025-09-28 17:21:20,010 INFO  [io.api.tes.uti.TestSeparator] (main) io.apicurio.tests.serdes.apicurio.AvroSerdeIT.testAvroSerDesFailDifferentSchemaByContent-STARTED
**** Registry Base URL: http://registry-app-mysql.apps.ci419.apicurio-testing.org:80
2025-09-28 17:21:21,066 INFO  [org.apa.kaf.cli.pro.ProducerConfig] (main) ProducerConfig values: 
	acks = -1
	auto.include.jmx.reporter = true
	batch.size = 16384
	bootstrap.servers = [PLAINTEXT://localhost:32769]
	buffer.memory = 33554432
	client.dns.lookup = use_all_dns_ips
	client.id = Producer-topic-a2d8e9a8_0724_43a0_8fea_70e71fdf2900
	compression.gzip.level = -1
	compression.lz4.level = 9
	compression.type = none
	compression.zstd.level = 3
	connections.max.idle.ms = 10000
	delivery.timeout.ms = 120000
	enable.idempotence = true
	enable.metrics.push = true
	interceptor.classes = []
	key.serializer = class org.apache.kafka.common.serialization.StringSerializer
	linger.ms = 0
	max.block.ms = 60000
	max.in.flight.requests.per.connection = 5
	max.request.size = 1048576
	metadata.max.age.ms = 300000
	metadata.max.idle.ms = 300000
	metadata.recovery.strategy = none
	metric.reporters = []
	metrics.num.samples = 2
	metrics.recording.level = INFO
	metrics.sample.window.ms = 30000
	partitioner.adaptive.partitioning.enable = true
	partitioner.availability.timeout.ms = 0
	partitioner.class = null
	partitioner.ignore.keys = false
	receive.buffer.bytes = 32768
	reconnect.backoff.max.ms = 1000
	reconnect.backoff.ms = 50
	request.timeout.ms = 5000
	retries = 2147483647
	retry.backoff.max.ms = 1000
	retry.backoff.ms = 100
	sasl.client.callback.handler.class = null
	sasl.jaas.config = null
	sasl.kerberos.kinit.cmd = /usr/bin/kinit
	sasl.kerberos.min.time.before.relogin = 60000
	sasl.kerberos.service.name = null
	sasl.kerberos.ticket.renew.jitter = 0.05
	sasl.kerberos.ticket.renew.window.factor = 0.8
	sasl.login.callback.handler.class = null
	sasl.login.class = null
	sasl.login.connect.timeout.ms = null
	sasl.login.read.timeout.ms = null
	sasl.login.refresh.buffer.seconds = 300
	sasl.login.refresh.min.period.seconds = 60
	sasl.login.refresh.window.factor = 0.8
	sasl.login.refresh.window.jitter = 0.05
	sasl.login.retry.backoff.max.ms = 10000
	sasl.login.retry.backoff.ms = 100
	sasl.mechanism = GSSAPI
	sasl.oauthbearer.clock.skew.seconds = 30
	sasl.oauthbearer.expected.audience = null
	sasl.oauthbearer.expected.issuer = null
	sasl.oauthbearer.header.urlencode = false
	sasl.oauthbearer.jwks.endpoint.refresh.ms = 3600000
	sasl.oauthbearer.jwks.endpoint.retry.backoff.max.ms = 10000
	sasl.oauthbearer.jwks.endpoint.retry.backoff.ms = 100
	sasl.oauthbearer.jwks.endpoint.url = null
	sasl.oauthbearer.scope.claim.name = scope
	sasl.oauthbearer.sub.claim.name = sub
	sasl.oauthbearer.token.endpoint.url = null
	security.protocol = PLAINTEXT
	security.providers = null
	send.buffer.bytes = 131072
	socket.connection.setup.timeout.max.ms = 30000
	socket.connection.setup.timeout.ms = 10000
	ssl.cipher.suites = null
	ssl.enabled.protocols = [TLSv1.2, TLSv1.3]
	ssl.endpoint.identification.algorithm = https
	ssl.engine.factory.class = null
	ssl.key.password = null
	ssl.keymanager.algorithm = SunX509
	ssl.keystore.certificate.chain = null
	ssl.keystore.key = null
	ssl.keystore.location = null
	ssl.keystore.password = null
	ssl.keystore.type = JKS
	ssl.protocol = TLSv1.3
	ssl.provider = null
	ssl.secure.random.implementation = null
	ssl.trustmanager.algorithm = PKIX
	ssl.truststore.certificates = null
	ssl.truststore.location = null
	ssl.truststore.password = null
	ssl.truststore.type = JKS
	transaction.timeout.ms = 60000
	transactional.id = null
	value.serializer = class io.apicurio.registry.serde.avro.AvroKafkaSerializer

2025-09-28 17:21:21,066 INFO  [org.apa.kaf.com.tel.int.KafkaMetricsCollector] (main) initializing Kafka metrics collector
2025-09-28 17:21:21,069 INFO  [org.apa.kaf.cli.pro.KafkaProducer] (main) [Producer clientId=Producer-topic-a2d8e9a8_0724_43a0_8fea_70e71fdf2900] Instantiated an idempotent producer.
2025-09-28 17:21:21,070 INFO  [org.apa.kaf.cli.pro.ProducerConfig] (main) These configurations '[apicurio.registry.url, apicurio.registry.artifact-resolver-strategy]' were supplied but are not used yet.
2025-09-28 17:21:21,070 INFO  [org.apa.kaf.com.uti.AppInfoParser] (main) Kafka version: 3.9.1
2025-09-28 17:21:21,070 INFO  [org.apa.kaf.com.uti.AppInfoParser] (main) Kafka commitId: f745dfdcee2b9851
2025-09-28 17:21:21,070 INFO  [org.apa.kaf.com.uti.AppInfoParser] (main) Kafka startTimeMs: 1759080081070
2025-09-28 17:21:21,070 INFO  [io.api.tes.ser.api.KafkaSerdesTester] (ForkJoinPool.commonPool-worker-3) Sending message {"keyB": "value-0"} to topic topic-a2d8e9a8_0724_43a0_8fea_70e71fdf2900
2025-09-28 17:21:21,073 INFO  [org.apa.kaf.cli.Metadata] (kafka-producer-network-thread | Producer-topic-a2d8e9a8_0724_43a0_8fea_70e71fdf2900) [Producer clientId=Producer-topic-a2d8e9a8_0724_43a0_8fea_70e71fdf2900] Cluster ID: 3eubY_ZwQSCXVgI5PuowEg
2025-09-28 17:21:21,073 INFO  [org.apa.kaf.cli.pro.int.TransactionManager] (kafka-producer-network-thread | Producer-topic-a2d8e9a8_0724_43a0_8fea_70e71fdf2900) [Producer clientId=Producer-topic-a2d8e9a8_0724_43a0_8fea_70e71fdf2900] ProducerId set to 24 with epoch 0
2025-09-28 17:21:21,073 INFO  [DefaultSchemaResolver] (ForkJoinPool.commonPool-worker-3) Retrieving schema content using string: {"type":"record","name":"se960ba1ex91edx48bbx9b58xf9f61b74978d","namespace":"sa88ef210xc229x4740x814fxaedfeac46a89","fields":[{"name":"keyB","type":"string"}]}
2025-09-28 17:21:21,137 INFO  [org.apa.kaf.cli.pro.KafkaProducer] (ForkJoinPool.commonPool-worker-3) [Producer clientId=Producer-topic-a2d8e9a8_0724_43a0_8fea_70e71fdf2900] Closing the Kafka producer with timeoutMillis = 9223372036854775807 ms.
2025-09-28 17:21:21,138 INFO  [org.apa.kaf.com.met.Metrics] (ForkJoinPool.commonPool-worker-3) Metrics scheduler closed
2025-09-28 17:21:21,138 INFO  [org.apa.kaf.com.met.Metrics] (ForkJoinPool.commonPool-worker-3) Closing reporter org.apache.kafka.common.metrics.JmxReporter
2025-09-28 17:21:21,138 INFO  [org.apa.kaf.com.met.Metrics] (ForkJoinPool.commonPool-worker-3) Closing reporter org.apache.kafka.common.telemetry.internals.ClientTelemetryReporter
2025-09-28 17:21:21,138 INFO  [org.apa.kaf.com.met.Metrics] (ForkJoinPool.commonPool-worker-3) Metrics reporters closed
2025-09-28 17:21:21,138 INFO  [org.apa.kaf.com.uti.AppInfoParser] (ForkJoinPool.commonPool-worker-3) App info kafka.producer for Producer-topic-a2d8e9a8_0724_43a0_8fea_70e71fdf2900 unregistered
2025-09-28 17:21:21,138 INFO  [io.api.tes.uti.TestSeparator] (main) io.apicurio.tests.serdes.apicurio.AvroSerdeIT.testAvroSerDesFailDifferentSchemaByContent-FINISHED
2025-09-28 17:21:21,139 INFO  [io.api.tes.uti.TestSeparator] (main) ############################################################################
Test passed: testAvroSerDesFailDifferentSchemaByContent
]]></system-out>
    <system-err><![CDATA[java.lang.RuntimeException: Could not resolve artifact reference by content: {"type":"record","name":"se960ba1ex91edx48bbx9b58xf9f61b74978d","namespace":"sa88ef210xc229x4740x814fxaedfeac46a89","fields":[{"name":"keyB","type":"string"}]}&ArtifactReference [groupId=sa88ef210xc229x4740x814fxaedfeac46a89, artifactId=se960ba1ex91edx48bbx9b58xf9f61b74978d, version=null, globalId=null, contentId=null, contentHash=null]
	at io.apicurio.registry.resolver.DefaultSchemaResolver.lambda$handleResolveSchemaByContent$3(DefaultSchemaResolver.java:265)
	at io.apicurio.registry.resolver.cache.ERCache.lambda$getValue$0(ERCache.java:174)
	at io.apicurio.registry.resolver.cache.ERCache.retry(ERCache.java:227)
	at io.apicurio.registry.resolver.cache.ERCache.getValue(ERCache.java:173)
	at io.apicurio.registry.resolver.cache.ERCache.getByContent(ERCache.java:147)
	at io.apicurio.registry.resolver.DefaultSchemaResolver.handleResolveSchemaByContent(DefaultSchemaResolver.java:253)
	at io.apicurio.registry.resolver.DefaultSchemaResolver.getSchemaFromRegistry(DefaultSchemaResolver.java:138)
	at io.apicurio.registry.resolver.DefaultSchemaResolver.lambda$resolveSchema$0(DefaultSchemaResolver.java:84)
	at java.base/java.util.Optional.orElseGet(Optional.java:364)
	at io.apicurio.registry.resolver.DefaultSchemaResolver.resolveSchema(DefaultSchemaResolver.java:84)
	at io.apicurio.registry.serde.AbstractSerializer.serializeData(AbstractSerializer.java:62)
	at io.apicurio.registry.serde.KafkaSerializer.serialize(KafkaSerializer.java:77)
	at org.apache.kafka.clients.producer.KafkaProducer.doSend(KafkaProducer.java:1046)
	at org.apache.kafka.clients.producer.KafkaProducer.send(KafkaProducer.java:993)
	at org.apache.kafka.clients.producer.KafkaProducer.send(KafkaProducer.java:875)
	at io.apicurio.tests.serdes.apicurio.KafkaSerdesTester.lambda$produceMessages$3(KafkaSerdesTester.java:138)
	at java.base/java.util.concurrent.CompletableFuture$AsyncSupply.run(CompletableFuture.java:1768)
	at java.base/java.util.concurrent.CompletableFuture$AsyncSupply.exec(CompletableFuture.java:1760)
	at java.base/java.util.concurrent.ForkJoinTask.doExec(ForkJoinTask.java:373)
	at java.base/java.util.concurrent.ForkJoinPool$WorkQueue.topLevelExec(ForkJoinPool.java:1182)
	at java.base/java.util.concurrent.ForkJoinPool.scan(ForkJoinPool.java:1655)
	at java.base/java.util.concurrent.ForkJoinPool.runWorker(ForkJoinPool.java:1622)
	at java.base/java.util.concurrent.ForkJoinWorkerThread.run(ForkJoinWorkerThread.java:165)
]]></system-err>
  </testcase>
  <testcase name="testGlobalIdInBody" classname="io.apicurio.tests.serdes.apicurio.AvroSerdeIT" time="3.825">
    <system-out><![CDATA[2025-09-28 17:21:21,140 INFO  [io.api.tes.uti.TestSeparator] (main) ############################################################################
2025-09-28 17:21:21,140 INFO  [io.api.tes.uti.TestSeparator] (main) io.apicurio.tests.serdes.apicurio.AvroSerdeIT.testGlobalIdInBody-STARTED
**** Registry Base URL: http://registry-app-mysql.apps.ci419.apicurio-testing.org:80
2025-09-28 17:21:21,143 INFO  [org.apa.kaf.cli.pro.ProducerConfig] (main) ProducerConfig values: 
	acks = -1
	auto.include.jmx.reporter = true
	batch.size = 16384
	bootstrap.servers = [PLAINTEXT://localhost:32769]
	buffer.memory = 33554432
	client.dns.lookup = use_all_dns_ips
	client.id = Producer-topic-d77eeede_da9a_438b_aa33_94a5f195a7f0
	compression.gzip.level = -1
	compression.lz4.level = 9
	compression.type = none
	compression.zstd.level = 3
	connections.max.idle.ms = 10000
	delivery.timeout.ms = 120000
	enable.idempotence = true
	enable.metrics.push = true
	interceptor.classes = []
	key.serializer = class org.apache.kafka.common.serialization.StringSerializer
	linger.ms = 0
	max.block.ms = 60000
	max.in.flight.requests.per.connection = 5
	max.request.size = 1048576
	metadata.max.age.ms = 300000
	metadata.max.idle.ms = 300000
	metadata.recovery.strategy = none
	metric.reporters = []
	metrics.num.samples = 2
	metrics.recording.level = INFO
	metrics.sample.window.ms = 30000
	partitioner.adaptive.partitioning.enable = true
	partitioner.availability.timeout.ms = 0
	partitioner.class = null
	partitioner.ignore.keys = false
	receive.buffer.bytes = 32768
	reconnect.backoff.max.ms = 1000
	reconnect.backoff.ms = 50
	request.timeout.ms = 5000
	retries = 2147483647
	retry.backoff.max.ms = 1000
	retry.backoff.ms = 100
	sasl.client.callback.handler.class = null
	sasl.jaas.config = null
	sasl.kerberos.kinit.cmd = /usr/bin/kinit
	sasl.kerberos.min.time.before.relogin = 60000
	sasl.kerberos.service.name = null
	sasl.kerberos.ticket.renew.jitter = 0.05
	sasl.kerberos.ticket.renew.window.factor = 0.8
	sasl.login.callback.handler.class = null
	sasl.login.class = null
	sasl.login.connect.timeout.ms = null
	sasl.login.read.timeout.ms = null
	sasl.login.refresh.buffer.seconds = 300
	sasl.login.refresh.min.period.seconds = 60
	sasl.login.refresh.window.factor = 0.8
	sasl.login.refresh.window.jitter = 0.05
	sasl.login.retry.backoff.max.ms = 10000
	sasl.login.retry.backoff.ms = 100
	sasl.mechanism = GSSAPI
	sasl.oauthbearer.clock.skew.seconds = 30
	sasl.oauthbearer.expected.audience = null
	sasl.oauthbearer.expected.issuer = null
	sasl.oauthbearer.header.urlencode = false
	sasl.oauthbearer.jwks.endpoint.refresh.ms = 3600000
	sasl.oauthbearer.jwks.endpoint.retry.backoff.max.ms = 10000
	sasl.oauthbearer.jwks.endpoint.retry.backoff.ms = 100
	sasl.oauthbearer.jwks.endpoint.url = null
	sasl.oauthbearer.scope.claim.name = scope
	sasl.oauthbearer.sub.claim.name = sub
	sasl.oauthbearer.token.endpoint.url = null
	security.protocol = PLAINTEXT
	security.providers = null
	send.buffer.bytes = 131072
	socket.connection.setup.timeout.max.ms = 30000
	socket.connection.setup.timeout.ms = 10000
	ssl.cipher.suites = null
	ssl.enabled.protocols = [TLSv1.2, TLSv1.3]
	ssl.endpoint.identification.algorithm = https
	ssl.engine.factory.class = null
	ssl.key.password = null
	ssl.keymanager.algorithm = SunX509
	ssl.keystore.certificate.chain = null
	ssl.keystore.key = null
	ssl.keystore.location = null
	ssl.keystore.password = null
	ssl.keystore.type = JKS
	ssl.protocol = TLSv1.3
	ssl.provider = null
	ssl.secure.random.implementation = null
	ssl.trustmanager.algorithm = PKIX
	ssl.truststore.certificates = null
	ssl.truststore.location = null
	ssl.truststore.password = null
	ssl.truststore.type = JKS
	transaction.timeout.ms = 60000
	transactional.id = null
	value.serializer = class io.apicurio.registry.serde.avro.AvroKafkaSerializer

2025-09-28 17:21:21,143 INFO  [org.apa.kaf.com.tel.int.KafkaMetricsCollector] (main) initializing Kafka metrics collector
2025-09-28 17:21:21,146 INFO  [org.apa.kaf.cli.pro.KafkaProducer] (main) [Producer clientId=Producer-topic-d77eeede_da9a_438b_aa33_94a5f195a7f0] Instantiated an idempotent producer.
2025-09-28 17:21:21,147 INFO  [org.apa.kaf.cli.pro.ProducerConfig] (main) These configurations '[apicurio.registry.url, apicurio.registry.auto-register, apicurio.registry.use-id, apicurio.registry.artifact-resolver-strategy]' were supplied but are not used yet.
2025-09-28 17:21:21,147 INFO  [org.apa.kaf.com.uti.AppInfoParser] (main) Kafka version: 3.9.1
2025-09-28 17:21:21,147 INFO  [org.apa.kaf.com.uti.AppInfoParser] (main) Kafka commitId: f745dfdcee2b9851
2025-09-28 17:21:21,147 INFO  [org.apa.kaf.com.uti.AppInfoParser] (main) Kafka startTimeMs: 1759080081147
2025-09-28 17:21:21,147 INFO  [io.api.tes.ser.api.SimpleSerdesTesterBuilder$SimpleSerdesTester] (main) Using producer configuration: {apicurio.registry.url=http://registry-app-mysql.apps.ci419.apicurio-testing.org:80/apis/registry/v3, apicurio.registry.auto-register=true, apicurio.registry.use-id=globalId, apicurio.registry.artifact-resolver-strategy=io.apicurio.registry.serde.strategy.TopicIdStrategy, value.serializer=io.apicurio.registry.serde.avro.AvroKafkaSerializer, request.timeout.ms=5000, acks=all, bootstrap.servers=PLAINTEXT://localhost:32769, connections.max.idle.ms=10000, key.serializer=org.apache.kafka.common.serialization.StringSerializer, client.id=Producer-topic-d77eeede_da9a_438b_aa33_94a5f195a7f0}
2025-09-28 17:21:21,147 INFO  [io.api.tes.ser.api.SimpleSerdesTesterBuilder$SimpleSerdesTester] (main) Using consumer configuration: {apicurio.registry.use-id=globalId}
2025-09-28 17:21:21,147 INFO  [io.api.tes.ser.api.KafkaSerdesTester] (ForkJoinPool.commonPool-worker-3) Sending message {"key11759080081141": "value-0"} to topic topic-d77eeede_da9a_438b_aa33_94a5f195a7f0
2025-09-28 17:21:21,150 WARN  [org.apa.kaf.cli.NetworkClient] (kafka-producer-network-thread | Producer-topic-d77eeede_da9a_438b_aa33_94a5f195a7f0) [Producer clientId=Producer-topic-d77eeede_da9a_438b_aa33_94a5f195a7f0] The metadata response from the cluster reported a recoverable issue with correlation id 1 : {topic-d77eeede_da9a_438b_aa33_94a5f195a7f0=UNKNOWN_TOPIC_OR_PARTITION}
2025-09-28 17:21:21,150 INFO  [org.apa.kaf.cli.Metadata] (kafka-producer-network-thread | Producer-topic-d77eeede_da9a_438b_aa33_94a5f195a7f0) [Producer clientId=Producer-topic-d77eeede_da9a_438b_aa33_94a5f195a7f0] Cluster ID: 3eubY_ZwQSCXVgI5PuowEg
2025-09-28 17:21:21,150 INFO  [org.apa.kaf.cli.pro.int.TransactionManager] (kafka-producer-network-thread | Producer-topic-d77eeede_da9a_438b_aa33_94a5f195a7f0) [Producer clientId=Producer-topic-d77eeede_da9a_438b_aa33_94a5f195a7f0] ProducerId set to 25 with epoch 0
2025-09-28 17:21:21,310 INFO  [io.api.tes.ser.api.KafkaSerdesTester] (ForkJoinPool.commonPool-worker-3) Sending message {"key11759080081141": "value-1"} to topic topic-d77eeede_da9a_438b_aa33_94a5f195a7f0
2025-09-28 17:21:21,311 INFO  [io.api.tes.ser.api.KafkaSerdesTester] (ForkJoinPool.commonPool-worker-3) Sending message {"key11759080081141": "value-2"} to topic topic-d77eeede_da9a_438b_aa33_94a5f195a7f0
2025-09-28 17:21:21,313 INFO  [io.api.tes.ser.api.KafkaSerdesTester] (ForkJoinPool.commonPool-worker-3) Sending message {"key11759080081141": "value-3"} to topic topic-d77eeede_da9a_438b_aa33_94a5f195a7f0
2025-09-28 17:21:21,314 INFO  [io.api.tes.ser.api.KafkaSerdesTester] (ForkJoinPool.commonPool-worker-3) Sending message {"key11759080081141": "value-4"} to topic topic-d77eeede_da9a_438b_aa33_94a5f195a7f0
2025-09-28 17:21:21,315 INFO  [io.api.tes.ser.api.KafkaSerdesTester] (ForkJoinPool.commonPool-worker-3) Sending message {"key11759080081141": "value-5"} to topic topic-d77eeede_da9a_438b_aa33_94a5f195a7f0
2025-09-28 17:21:21,316 INFO  [io.api.tes.ser.api.KafkaSerdesTester] (ForkJoinPool.commonPool-worker-3) Sending message {"key11759080081141": "value-6"} to topic topic-d77eeede_da9a_438b_aa33_94a5f195a7f0
2025-09-28 17:21:21,318 INFO  [io.api.tes.ser.api.KafkaSerdesTester] (ForkJoinPool.commonPool-worker-3) Sending message {"key11759080081141": "value-7"} to topic topic-d77eeede_da9a_438b_aa33_94a5f195a7f0
2025-09-28 17:21:21,319 INFO  [io.api.tes.ser.api.KafkaSerdesTester] (ForkJoinPool.commonPool-worker-3) Sending message {"key11759080081141": "value-8"} to topic topic-d77eeede_da9a_438b_aa33_94a5f195a7f0
2025-09-28 17:21:21,320 INFO  [io.api.tes.ser.api.KafkaSerdesTester] (ForkJoinPool.commonPool-worker-3) Sending message {"key11759080081141": "value-9"} to topic topic-d77eeede_da9a_438b_aa33_94a5f195a7f0
2025-09-28 17:21:21,324 INFO  [io.api.tes.ser.api.KafkaSerdesTester] (ForkJoinPool.commonPool-worker-3) Produced 10 messages
2025-09-28 17:21:21,324 INFO  [org.apa.kaf.cli.pro.KafkaProducer] (ForkJoinPool.commonPool-worker-3) [Producer clientId=Producer-topic-d77eeede_da9a_438b_aa33_94a5f195a7f0] Closing the Kafka producer with timeoutMillis = 9223372036854775807 ms.
2025-09-28 17:21:21,326 INFO  [org.apa.kaf.com.met.Metrics] (ForkJoinPool.commonPool-worker-3) Metrics scheduler closed
2025-09-28 17:21:21,326 INFO  [org.apa.kaf.com.met.Metrics] (ForkJoinPool.commonPool-worker-3) Closing reporter org.apache.kafka.common.metrics.JmxReporter
2025-09-28 17:21:21,326 INFO  [org.apa.kaf.com.met.Metrics] (ForkJoinPool.commonPool-worker-3) Closing reporter org.apache.kafka.common.telemetry.internals.ClientTelemetryReporter
2025-09-28 17:21:21,326 INFO  [org.apa.kaf.com.met.Metrics] (ForkJoinPool.commonPool-worker-3) Metrics reporters closed
2025-09-28 17:21:21,327 INFO  [org.apa.kaf.com.uti.AppInfoParser] (ForkJoinPool.commonPool-worker-3) App info kafka.producer for Producer-topic-d77eeede_da9a_438b_aa33_94a5f195a7f0 unregistered
**** Registry Base URL: http://registry-app-mysql.apps.ci419.apicurio-testing.org:80
2025-09-28 17:21:21,357 INFO  [org.apa.kaf.cli.con.ConsumerConfig] (main) ConsumerConfig values: 
	allow.auto.create.topics = true
	auto.commit.interval.ms = 500
	auto.include.jmx.reporter = true
	auto.offset.reset = earliest
	bootstrap.servers = [PLAINTEXT://localhost:32769]
	check.crcs = true
	client.dns.lookup = use_all_dns_ips
	client.id = consumer-Consumer-topic-d77eeede_da9a_438b_aa33_94a5f195a7f0-18
	client.rack = 
	connections.max.idle.ms = 10000
	default.api.timeout.ms = 60000
	enable.auto.commit = true
	enable.metrics.push = true
	exclude.internal.topics = true
	fetch.max.bytes = 52428800
	fetch.max.wait.ms = 500
	fetch.min.bytes = 1
	group.id = Consumer-topic-d77eeede_da9a_438b_aa33_94a5f195a7f0
	group.instance.id = null
	group.protocol = classic
	group.remote.assignor = null
	heartbeat.interval.ms = 3000
	interceptor.classes = []
	internal.leave.group.on.close = true
	internal.throw.on.fetch.stable.offset.unsupported = false
	isolation.level = read_uncommitted
	key.deserializer = class org.apache.kafka.common.serialization.StringDeserializer
	max.partition.fetch.bytes = 1048576
	max.poll.interval.ms = 300000
	max.poll.records = 500
	metadata.max.age.ms = 300000
	metadata.recovery.strategy = none
	metric.reporters = []
	metrics.num.samples = 2
	metrics.recording.level = INFO
	metrics.sample.window.ms = 30000
	partition.assignment.strategy = [class org.apache.kafka.clients.consumer.RangeAssignor, class org.apache.kafka.clients.consumer.CooperativeStickyAssignor]
	receive.buffer.bytes = 65536
	reconnect.backoff.max.ms = 1000
	reconnect.backoff.ms = 50
	request.timeout.ms = 5000
	retry.backoff.max.ms = 1000
	retry.backoff.ms = 100
	sasl.client.callback.handler.class = null
	sasl.jaas.config = null
	sasl.kerberos.kinit.cmd = /usr/bin/kinit
	sasl.kerberos.min.time.before.relogin = 60000
	sasl.kerberos.service.name = null
	sasl.kerberos.ticket.renew.jitter = 0.05
	sasl.kerberos.ticket.renew.window.factor = 0.8
	sasl.login.callback.handler.class = null
	sasl.login.class = null
	sasl.login.connect.timeout.ms = null
	sasl.login.read.timeout.ms = null
	sasl.login.refresh.buffer.seconds = 300
	sasl.login.refresh.min.period.seconds = 60
	sasl.login.refresh.window.factor = 0.8
	sasl.login.refresh.window.jitter = 0.05
	sasl.login.retry.backoff.max.ms = 10000
	sasl.login.retry.backoff.ms = 100
	sasl.mechanism = GSSAPI
	sasl.oauthbearer.clock.skew.seconds = 30
	sasl.oauthbearer.expected.audience = null
	sasl.oauthbearer.expected.issuer = null
	sasl.oauthbearer.header.urlencode = false
	sasl.oauthbearer.jwks.endpoint.refresh.ms = 3600000
	sasl.oauthbearer.jwks.endpoint.retry.backoff.max.ms = 10000
	sasl.oauthbearer.jwks.endpoint.retry.backoff.ms = 100
	sasl.oauthbearer.jwks.endpoint.url = null
	sasl.oauthbearer.scope.claim.name = scope
	sasl.oauthbearer.sub.claim.name = sub
	sasl.oauthbearer.token.endpoint.url = null
	security.protocol = PLAINTEXT
	security.providers = null
	send.buffer.bytes = 131072
	session.timeout.ms = 45000
	socket.connection.setup.timeout.max.ms = 30000
	socket.connection.setup.timeout.ms = 10000
	ssl.cipher.suites = null
	ssl.enabled.protocols = [TLSv1.2, TLSv1.3]
	ssl.endpoint.identification.algorithm = https
	ssl.engine.factory.class = null
	ssl.key.password = null
	ssl.keymanager.algorithm = SunX509
	ssl.keystore.certificate.chain = null
	ssl.keystore.key = null
	ssl.keystore.location = null
	ssl.keystore.password = null
	ssl.keystore.type = JKS
	ssl.protocol = TLSv1.3
	ssl.provider = null
	ssl.secure.random.implementation = null
	ssl.trustmanager.algorithm = PKIX
	ssl.truststore.certificates = null
	ssl.truststore.location = null
	ssl.truststore.password = null
	ssl.truststore.type = JKS
	value.deserializer = class io.apicurio.registry.serde.avro.AvroKafkaDeserializer

2025-09-28 17:21:21,358 INFO  [org.apa.kaf.com.tel.int.KafkaMetricsCollector] (main) initializing Kafka metrics collector
2025-09-28 17:21:21,363 INFO  [org.apa.kaf.cli.con.ConsumerConfig] (main) These configurations '[apicurio.registry.url, apicurio.registry.use-id]' were supplied but are not used yet.
2025-09-28 17:21:21,363 INFO  [org.apa.kaf.com.uti.AppInfoParser] (main) Kafka version: 3.9.1
2025-09-28 17:21:21,363 INFO  [org.apa.kaf.com.uti.AppInfoParser] (main) Kafka commitId: f745dfdcee2b9851
2025-09-28 17:21:21,363 INFO  [org.apa.kaf.com.uti.AppInfoParser] (main) Kafka startTimeMs: 1759080081363
2025-09-28 17:21:21,363 INFO  [org.apa.kaf.cli.con.int.ClassicKafkaConsumer] (ForkJoinPool.commonPool-worker-3) [Consumer clientId=consumer-Consumer-topic-d77eeede_da9a_438b_aa33_94a5f195a7f0-18, groupId=Consumer-topic-d77eeede_da9a_438b_aa33_94a5f195a7f0] Subscribed to topic(s): topic-d77eeede_da9a_438b_aa33_94a5f195a7f0
2025-09-28 17:21:21,366 INFO  [org.apa.kaf.cli.Metadata] (ForkJoinPool.commonPool-worker-3) [Consumer clientId=consumer-Consumer-topic-d77eeede_da9a_438b_aa33_94a5f195a7f0-18, groupId=Consumer-topic-d77eeede_da9a_438b_aa33_94a5f195a7f0] Cluster ID: 3eubY_ZwQSCXVgI5PuowEg
2025-09-28 17:21:21,367 INFO  [org.apa.kaf.cli.con.int.ConsumerCoordinator] (ForkJoinPool.commonPool-worker-3) [Consumer clientId=consumer-Consumer-topic-d77eeede_da9a_438b_aa33_94a5f195a7f0-18, groupId=Consumer-topic-d77eeede_da9a_438b_aa33_94a5f195a7f0] Discovered group coordinator localhost:32769 (id: 2147483647 rack: null)
2025-09-28 17:21:21,367 INFO  [org.apa.kaf.cli.con.int.ConsumerCoordinator] (ForkJoinPool.commonPool-worker-3) [Consumer clientId=consumer-Consumer-topic-d77eeede_da9a_438b_aa33_94a5f195a7f0-18, groupId=Consumer-topic-d77eeede_da9a_438b_aa33_94a5f195a7f0] (Re-)joining group
2025-09-28 17:21:21,370 INFO  [org.apa.kaf.cli.con.int.ConsumerCoordinator] (ForkJoinPool.commonPool-worker-3) [Consumer clientId=consumer-Consumer-topic-d77eeede_da9a_438b_aa33_94a5f195a7f0-18, groupId=Consumer-topic-d77eeede_da9a_438b_aa33_94a5f195a7f0] Request joining group due to: need to re-join with the given member-id: consumer-Consumer-topic-d77eeede_da9a_438b_aa33_94a5f195a7f0-18-0262ee56-76eb-46bb-9635-650bee1fc4b6
2025-09-28 17:21:21,370 INFO  [org.apa.kaf.cli.con.int.ConsumerCoordinator] (ForkJoinPool.commonPool-worker-3) [Consumer clientId=consumer-Consumer-topic-d77eeede_da9a_438b_aa33_94a5f195a7f0-18, groupId=Consumer-topic-d77eeede_da9a_438b_aa33_94a5f195a7f0] (Re-)joining group
2025-09-28 17:21:22,363 INFO  [io.api.tes.ser.api.KafkaSerdesTester] (ForkJoinPool.commonPool-worker-3) None found
2025-09-28 17:21:23,364 INFO  [io.api.tes.ser.api.KafkaSerdesTester] (ForkJoinPool.commonPool-worker-3) None found
2025-09-28 17:21:24,364 INFO  [io.api.tes.ser.api.KafkaSerdesTester] (ForkJoinPool.commonPool-worker-3) None found
2025-09-28 17:21:24,373 INFO  [org.apa.kaf.cli.con.int.ConsumerCoordinator] (ForkJoinPool.commonPool-worker-3) [Consumer clientId=consumer-Consumer-topic-d77eeede_da9a_438b_aa33_94a5f195a7f0-18, groupId=Consumer-topic-d77eeede_da9a_438b_aa33_94a5f195a7f0] Successfully joined group with generation Generation{generationId=1, memberId='consumer-Consumer-topic-d77eeede_da9a_438b_aa33_94a5f195a7f0-18-0262ee56-76eb-46bb-9635-650bee1fc4b6', protocol='range'}
2025-09-28 17:21:24,373 INFO  [org.apa.kaf.cli.con.int.ConsumerCoordinator] (ForkJoinPool.commonPool-worker-3) [Consumer clientId=consumer-Consumer-topic-d77eeede_da9a_438b_aa33_94a5f195a7f0-18, groupId=Consumer-topic-d77eeede_da9a_438b_aa33_94a5f195a7f0] Finished assignment for group at generation 1: {consumer-Consumer-topic-d77eeede_da9a_438b_aa33_94a5f195a7f0-18-0262ee56-76eb-46bb-9635-650bee1fc4b6=Assignment(partitions=[topic-d77eeede_da9a_438b_aa33_94a5f195a7f0-0])}
2025-09-28 17:21:24,380 INFO  [org.apa.kaf.cli.con.int.ConsumerCoordinator] (ForkJoinPool.commonPool-worker-3) [Consumer clientId=consumer-Consumer-topic-d77eeede_da9a_438b_aa33_94a5f195a7f0-18, groupId=Consumer-topic-d77eeede_da9a_438b_aa33_94a5f195a7f0] Successfully synced group in generation Generation{generationId=1, memberId='consumer-Consumer-topic-d77eeede_da9a_438b_aa33_94a5f195a7f0-18-0262ee56-76eb-46bb-9635-650bee1fc4b6', protocol='range'}
2025-09-28 17:21:24,380 INFO  [org.apa.kaf.cli.con.int.ConsumerCoordinator] (ForkJoinPool.commonPool-worker-3) [Consumer clientId=consumer-Consumer-topic-d77eeede_da9a_438b_aa33_94a5f195a7f0-18, groupId=Consumer-topic-d77eeede_da9a_438b_aa33_94a5f195a7f0] Notifying assignor about the new Assignment(partitions=[topic-d77eeede_da9a_438b_aa33_94a5f195a7f0-0])
2025-09-28 17:21:24,380 INFO  [org.apa.kaf.cli.con.int.ConsumerRebalanceListenerInvoker] (ForkJoinPool.commonPool-worker-3) [Consumer clientId=consumer-Consumer-topic-d77eeede_da9a_438b_aa33_94a5f195a7f0-18, groupId=Consumer-topic-d77eeede_da9a_438b_aa33_94a5f195a7f0] Adding newly assigned partitions: topic-d77eeede_da9a_438b_aa33_94a5f195a7f0-0
2025-09-28 17:21:24,380 INFO  [org.apa.kaf.cli.con.int.ConsumerCoordinator] (ForkJoinPool.commonPool-worker-3) [Consumer clientId=consumer-Consumer-topic-d77eeede_da9a_438b_aa33_94a5f195a7f0-18, groupId=Consumer-topic-d77eeede_da9a_438b_aa33_94a5f195a7f0] Found no committed offset for partition topic-d77eeede_da9a_438b_aa33_94a5f195a7f0-0
2025-09-28 17:21:24,383 INFO  [org.apa.kaf.cli.con.int.SubscriptionState] (ForkJoinPool.commonPool-worker-3) [Consumer clientId=consumer-Consumer-topic-d77eeede_da9a_438b_aa33_94a5f195a7f0-18, groupId=Consumer-topic-d77eeede_da9a_438b_aa33_94a5f195a7f0] Resetting offset for partition topic-d77eeede_da9a_438b_aa33_94a5f195a7f0-0 to position FetchPosition{offset=0, offsetEpoch=Optional.empty, currentLeader=LeaderAndEpoch{leader=Optional[localhost:32769 (id: 0 rack: null)], epoch=0}}.
2025-09-28 17:21:24,460 INFO  [io.api.tes.ser.api.KafkaSerdesTester] (ForkJoinPool.commonPool-worker-3) topic-d77eeede_da9a_438b_aa33_94a5f195a7f0 0 0 {"key11759080081141": "value-0"}
2025-09-28 17:21:24,460 INFO  [io.api.tes.ser.api.KafkaSerdesTester] (ForkJoinPool.commonPool-worker-3) topic-d77eeede_da9a_438b_aa33_94a5f195a7f0 0 1 {"key11759080081141": "value-1"}
2025-09-28 17:21:24,460 INFO  [io.api.tes.ser.api.KafkaSerdesTester] (ForkJoinPool.commonPool-worker-3) topic-d77eeede_da9a_438b_aa33_94a5f195a7f0 0 2 {"key11759080081141": "value-2"}
2025-09-28 17:21:24,460 INFO  [io.api.tes.ser.api.KafkaSerdesTester] (ForkJoinPool.commonPool-worker-3) topic-d77eeede_da9a_438b_aa33_94a5f195a7f0 0 3 {"key11759080081141": "value-3"}
2025-09-28 17:21:24,460 INFO  [io.api.tes.ser.api.KafkaSerdesTester] (ForkJoinPool.commonPool-worker-3) topic-d77eeede_da9a_438b_aa33_94a5f195a7f0 0 4 {"key11759080081141": "value-4"}
2025-09-28 17:21:24,461 INFO  [io.api.tes.ser.api.KafkaSerdesTester] (ForkJoinPool.commonPool-worker-3) topic-d77eeede_da9a_438b_aa33_94a5f195a7f0 0 5 {"key11759080081141": "value-5"}
2025-09-28 17:21:24,461 INFO  [io.api.tes.ser.api.KafkaSerdesTester] (ForkJoinPool.commonPool-worker-3) topic-d77eeede_da9a_438b_aa33_94a5f195a7f0 0 6 {"key11759080081141": "value-6"}
2025-09-28 17:21:24,461 INFO  [io.api.tes.ser.api.KafkaSerdesTester] (ForkJoinPool.commonPool-worker-3) topic-d77eeede_da9a_438b_aa33_94a5f195a7f0 0 7 {"key11759080081141": "value-7"}
2025-09-28 17:21:24,461 INFO  [io.api.tes.ser.api.KafkaSerdesTester] (ForkJoinPool.commonPool-worker-3) topic-d77eeede_da9a_438b_aa33_94a5f195a7f0 0 8 {"key11759080081141": "value-8"}
2025-09-28 17:21:24,461 INFO  [io.api.tes.ser.api.KafkaSerdesTester] (ForkJoinPool.commonPool-worker-3) topic-d77eeede_da9a_438b_aa33_94a5f195a7f0 0 9 {"key11759080081141": "value-9"}
2025-09-28 17:21:24,461 INFO  [io.api.tes.ser.api.KafkaSerdesTester] (ForkJoinPool.commonPool-worker-3) Consumed 10 messages
2025-09-28 17:21:24,467 INFO  [org.apa.kaf.cli.con.int.ConsumerRebalanceListenerInvoker] (ForkJoinPool.commonPool-worker-3) [Consumer clientId=consumer-Consumer-topic-d77eeede_da9a_438b_aa33_94a5f195a7f0-18, groupId=Consumer-topic-d77eeede_da9a_438b_aa33_94a5f195a7f0] Revoke previously assigned partitions topic-d77eeede_da9a_438b_aa33_94a5f195a7f0-0
2025-09-28 17:21:24,468 INFO  [org.apa.kaf.cli.con.int.ConsumerCoordinator] (ForkJoinPool.commonPool-worker-3) [Consumer clientId=consumer-Consumer-topic-d77eeede_da9a_438b_aa33_94a5f195a7f0-18, groupId=Consumer-topic-d77eeede_da9a_438b_aa33_94a5f195a7f0] Member consumer-Consumer-topic-d77eeede_da9a_438b_aa33_94a5f195a7f0-18-0262ee56-76eb-46bb-9635-650bee1fc4b6 sending LeaveGroup request to coordinator localhost:32769 (id: 2147483647 rack: null) due to the consumer is being closed
2025-09-28 17:21:24,468 INFO  [org.apa.kaf.cli.con.int.ConsumerCoordinator] (ForkJoinPool.commonPool-worker-3) [Consumer clientId=consumer-Consumer-topic-d77eeede_da9a_438b_aa33_94a5f195a7f0-18, groupId=Consumer-topic-d77eeede_da9a_438b_aa33_94a5f195a7f0] Resetting generation and member id due to: consumer pro-actively leaving the group
2025-09-28 17:21:24,468 INFO  [org.apa.kaf.cli.con.int.ConsumerCoordinator] (ForkJoinPool.commonPool-worker-3) [Consumer clientId=consumer-Consumer-topic-d77eeede_da9a_438b_aa33_94a5f195a7f0-18, groupId=Consumer-topic-d77eeede_da9a_438b_aa33_94a5f195a7f0] Request joining group due to: consumer pro-actively leaving the group
2025-09-28 17:21:24,962 INFO  [org.apa.kaf.com.met.Metrics] (ForkJoinPool.commonPool-worker-3) Metrics scheduler closed
2025-09-28 17:21:24,962 INFO  [org.apa.kaf.com.met.Metrics] (ForkJoinPool.commonPool-worker-3) Closing reporter org.apache.kafka.common.metrics.JmxReporter
2025-09-28 17:21:24,962 INFO  [org.apa.kaf.com.met.Metrics] (ForkJoinPool.commonPool-worker-3) Closing reporter org.apache.kafka.common.telemetry.internals.ClientTelemetryReporter
2025-09-28 17:21:24,962 INFO  [org.apa.kaf.com.met.Metrics] (ForkJoinPool.commonPool-worker-3) Metrics reporters closed
2025-09-28 17:21:24,963 INFO  [org.apa.kaf.com.uti.AppInfoParser] (ForkJoinPool.commonPool-worker-3) App info kafka.consumer for consumer-Consumer-topic-d77eeede_da9a_438b_aa33_94a5f195a7f0-18 unregistered
2025-09-28 17:21:24,964 INFO  [io.api.tes.uti.TestSeparator] (main) io.apicurio.tests.serdes.apicurio.AvroSerdeIT.testGlobalIdInBody-FINISHED
2025-09-28 17:21:24,964 INFO  [io.api.tes.uti.TestSeparator] (main) ############################################################################
Test passed: testGlobalIdInBody
]]></system-out>
  </testcase>
  <testcase name="testProducerUsesGlobalIdConsumerUsesDefault" classname="io.apicurio.tests.serdes.apicurio.AvroSerdeIT" time="0.0">
    <skipped message="void io.apicurio.tests.serdes.apicurio.AvroSerdeIT.testProducerUsesGlobalIdConsumerUsesDefault() throws java.lang.Exception is @Disabled"/>
  </testcase>
</testsuite>