<?xml version="1.0" encoding="UTF-8"?>
<testsuite xmlns:xsi="http://www.w3.org/2001/XMLSchema-instance" xsi:noNamespaceSchemaLocation="https://maven.apache.org/surefire/maven-failsafe-plugin/xsd/failsafe-test-report.xsd" version="3.0.2" name="io.apicurio.tests.serdes.apicurio.AvroSerdeIT" time="99.512" tests="21" errors="0" skipped="2" failures="0">
  <properties>
    <property name="java.specification.version" value="17"/>
    <property name="sun.jnu.encoding" value="UTF-8"/>
    <property name="java.class.path" value="/home/runner/work/apicurio-testing/apicurio-testing/clusters/ci419/namespaces/inmemory/tests/integration/apicurio-registry/integration-tests/target/test-classes:/home/runner/work/apicurio-testing/apicurio-testing/clusters/ci419/namespaces/inmemory/tests/integration/apicurio-registry/integration-tests/target/apicurio-registry-integration-tests-3.0.12-SNAPSHOT.jar:/home/runner/.m2/repository/io/quarkus/quarkus-junit5/3.20.2/quarkus-junit5-3.20.2.jar:/home/runner/.m2/repository/io/quarkus/quarkus-bootstrap-core/3.20.2/quarkus-bootstrap-core-3.20.2.jar:/home/runner/.m2/repository/io/quarkus/quarkus-classloader-commons/3.20.2/quarkus-classloader-commons-3.20.2.jar:/home/runner/.m2/repository/io/quarkus/quarkus-bootstrap-app-model/3.20.2/quarkus-bootstrap-app-model-3.20.2.jar:/home/runner/.m2/repository/io/smallrye/common/smallrye-common-io/2.12.0/smallrye-common-io-2.12.0.jar:/home/runner/.m2/repository/org/eclipse/sisu/org.eclipse.sisu.inject/0.9.0.M3/org.eclipse.sisu.inject-0.9.0.M3.jar:/home/runner/.m2/repository/io/quarkus/quarkus-test-common/3.20.2/quarkus-test-common-3.20.2.jar:/home/runner/.m2/repository/io/quarkus/quarkus-core-deployment/3.20.2/quarkus-core-deployment-3.20.2.jar:/home/runner/.m2/repository/org/aesh/readline/2.6/readline-2.6.jar:/home/runner/.m2/repository/org/fusesource/jansi/jansi/2.4.0/jansi-2.4.0.jar:/home/runner/.m2/repository/org/aesh/aesh/2.8.2/aesh-2.8.2.jar:/home/runner/.m2/repository/io/quarkus/gizmo/gizmo/1.8.0/gizmo-1.8.0.jar:/home/runner/.m2/repository/org/ow2/asm/asm-util/9.7.1/asm-util-9.7.1.jar:/home/runner/.m2/repository/org/ow2/asm/asm-analysis/9.7.1/asm-analysis-9.7.1.jar:/home/runner/.m2/repository/org/ow2/asm/asm-commons/9.7.1/asm-commons-9.7.1.jar:/home/runner/.m2/repository/org/ow2/asm/asm-tree/9.7.1/asm-tree-9.7.1.jar:/home/runner/.m2/repository/io/quarkus/quarkus-hibernate-validator-spi/3.20.2/quarkus-hibernate-validator-spi-3.20.2.jar:/home/runner/.m2/repository/io/quarkus/quarkus-class-change-agent/3.20.2/quarkus-class-change-agent-3.20.2.jar:/home/runner/.m2/repository/io/quarkus/quarkus-devtools-utilities/3.20.2/quarkus-devtools-utilities-3.20.2.jar:/home/runner/.m2/repository/io/quarkus/quarkus-builder/3.20.2/quarkus-builder-3.20.2.jar:/home/runner/.m2/repository/org/graalvm/sdk/nativeimage/23.1.2/nativeimage-23.1.2.jar:/home/runner/.m2/repository/org/graalvm/sdk/word/23.1.2/word-23.1.2.jar:/home/runner/.m2/repository/io/quarkus/quarkus-bootstrap-maven-resolver/3.20.2/quarkus-bootstrap-maven-resolver-3.20.2.jar:/home/runner/.m2/repository/io/smallrye/beanbag/smallrye-beanbag-maven/1.5.2/smallrye-beanbag-maven-1.5.2.jar:/home/runner/.m2/repository/io/smallrye/beanbag/smallrye-beanbag-sisu/1.5.2/smallrye-beanbag-sisu-1.5.2.jar:/home/runner/.m2/repository/io/smallrye/beanbag/smallrye-beanbag/1.5.2/smallrye-beanbag-1.5.2.jar:/home/runner/.m2/repository/javax/inject/javax.inject/1/javax.inject-1.jar:/home/runner/.m2/repository/org/apache/maven/maven-artifact/3.9.9/maven-artifact-3.9.9.jar:/home/runner/.m2/repository/org/apache/maven/maven-builder-support/3.9.9/maven-builder-support-3.9.9.jar:/home/runner/.m2/repository/org/apache/maven/maven-model/3.9.9/maven-model-3.9.9.jar:/home/runner/.m2/repository/org/apache/maven/maven-model-builder/3.9.9/maven-model-builder-3.9.9.jar:/home/runner/.m2/repository/org/apache/maven/maven-repository-metadata/3.9.9/maven-repository-metadata-3.9.9.jar:/home/runner/.m2/repository/org/apache/maven/maven-settings/3.9.9/maven-settings-3.9.9.jar:/home/runner/.m2/repository/org/apache/maven/resolver/maven-resolver-api/1.9.22/maven-resolver-api-1.9.22.jar:/home/runner/.m2/repository/org/apache/maven/resolver/maven-resolver-impl/1.9.22/maven-resolver-impl-1.9.22.jar:/home/runner/.m2/repository/org/apache/maven/resolver/maven-resolver-named-locks/1.9.22/maven-resolver-named-locks-1.9.22.jar:/home/runner/.m2/repository/org/apache/maven/resolver/maven-resolver-spi/1.9.22/maven-resolver-spi-1.9.22.jar:/home/runner/.m2/repository/org/apache/maven/resolver/maven-resolver-util/1.9.22/maven-resolver-util-1.9.22.jar:/home/runner/.m2/repository/org/apache/maven/resolver/maven-resolver-transport-http/1.9.20/maven-resolver-transport-http-1.9.20.jar:/home/runner/.m2/repository/org/apache/maven/wagon/wagon-provider-api/3.5.3/wagon-provider-api-3.5.3.jar:/home/runner/.m2/repository/org/apache/maven/wagon/wagon-http-shared/3.5.3/wagon-http-shared-3.5.3.jar:/home/runner/.m2/repository/org/codehaus/plexus/plexus-interpolation/1.26/plexus-interpolation-1.26.jar:/home/runner/.m2/repository/org/codehaus/plexus/plexus-utils/3.5.1/plexus-utils-3.5.1.jar:/home/runner/.m2/repository/org/codehaus/plexus/plexus-xml/4.0.1/plexus-xml-4.0.1.jar:/home/runner/.m2/repository/org/apache/maven/maven-xml-impl/4.0.0-alpha-5/maven-xml-impl-4.0.0-alpha-5.jar:/home/runner/.m2/repository/org/apache/maven/maven-api-xml/4.0.0-alpha-5/maven-api-xml-4.0.0-alpha-5.jar:/home/runner/.m2/repository/org/apache/maven/maven-api-meta/4.0.0-alpha-5/maven-api-meta-4.0.0-alpha-5.jar:/home/runner/.m2/repository/org/codehaus/plexus/plexus-cipher/2.0/plexus-cipher-2.0.jar:/home/runner/.m2/repository/org/codehaus/plexus/plexus-sec-dispatcher/2.0/plexus-sec-dispatcher-2.0.jar:/home/runner/.m2/repository/org/apache/maven/maven-embedder/3.9.9/maven-embedder-3.9.9.jar:/home/runner/.m2/repository/org/apache/maven/maven-core/3.9.9/maven-core-3.9.9.jar:/home/runner/.m2/repository/org/codehaus/plexus/plexus-component-annotations/2.1.0/plexus-component-annotations-2.1.0.jar:/home/runner/.m2/repository/org/apache/maven/maven-plugin-api/3.9.9/maven-plugin-api-3.9.9.jar:/home/runner/.m2/repository/org/apache/maven/shared/maven-shared-utils/3.4.2/maven-shared-utils-3.4.2.jar:/home/runner/.m2/repository/com/google/inject/guice/5.1.0/guice-5.1.0.jar:/home/runner/.m2/repository/aopalliance/aopalliance/1.0/aopalliance-1.0.jar:/home/runner/.m2/repository/org/codehaus/plexus/plexus-classworlds/2.6.0/plexus-classworlds-2.6.0.jar:/home/runner/.m2/repository/commons-cli/commons-cli/1.8.0/commons-cli-1.8.0.jar:/home/runner/.m2/repository/org/eclipse/sisu/org.eclipse.sisu.plexus/0.9.0.M3/org.eclipse.sisu.plexus-0.9.0.M3.jar:/home/runner/.m2/repository/org/apache/maven/maven-settings-builder/3.9.9/maven-settings-builder-3.9.9.jar:/home/runner/.m2/repository/org/apache/maven/maven-resolver-provider/3.9.9/maven-resolver-provider-3.9.9.jar:/home/runner/.m2/repository/org/apache/maven/resolver/maven-resolver-connector-basic/1.9.22/maven-resolver-connector-basic-1.9.22.jar:/home/runner/.m2/repository/org/apache/maven/resolver/maven-resolver-transport-wagon/1.9.22/maven-resolver-transport-wagon-1.9.22.jar:/home/runner/.m2/repository/org/apache/maven/wagon/wagon-http/3.5.3/wagon-http-3.5.3.jar:/home/runner/.m2/repository/org/apache/maven/wagon/wagon-file/3.5.3/wagon-file-3.5.3.jar:/home/runner/.m2/repository/io/quarkus/quarkus-bootstrap-gradle-resolver/3.20.2/quarkus-bootstrap-gradle-resolver-3.20.2.jar:/home/runner/.m2/repository/io/smallrye/jandex/3.3.0/jandex-3.3.0.jar:/home/runner/.m2/repository/org/jboss/logging/commons-logging-jboss-logging/1.0.0.Final/commons-logging-jboss-logging-1.0.0.Final.jar:/home/runner/.m2/repository/io/quarkus/quarkus-junit5-config/3.20.2/quarkus-junit5-config-3.20.2.jar:/home/runner/.m2/repository/org/junit/jupiter/junit-jupiter-api/5.12.1/junit-jupiter-api-5.12.1.jar:/home/runner/.m2/repository/io/smallrye/config/smallrye-config/3.11.4/smallrye-config-3.11.4.jar:/home/runner/.m2/repository/io/smallrye/config/smallrye-config-core/3.11.4/smallrye-config-core-3.11.4.jar:/home/runner/.m2/repository/io/smallrye/common/smallrye-common-classloader/2.12.0/smallrye-common-classloader-2.12.0.jar:/home/runner/.m2/repository/io/smallrye/config/smallrye-config-common/3.11.4/smallrye-config-common-3.11.4.jar:/home/runner/.m2/repository/org/junit/jupiter/junit-jupiter/5.12.1/junit-jupiter-5.12.1.jar:/home/runner/.m2/repository/org/junit/jupiter/junit-jupiter-params/5.12.1/junit-jupiter-params-5.12.1.jar:/home/runner/.m2/repository/org/junit/jupiter/junit-jupiter-engine/5.12.1/junit-jupiter-engine-5.12.1.jar:/home/runner/.m2/repository/io/quarkus/quarkus-core/3.20.2/quarkus-core-3.20.2.jar:/home/runner/.m2/repository/jakarta/enterprise/jakarta.enterprise.cdi-api/4.1.0/jakarta.enterprise.cdi-api-4.1.0.jar:/home/runner/.m2/repository/jakarta/enterprise/jakarta.enterprise.lang-model/4.1.0/jakarta.enterprise.lang-model-4.1.0.jar:/home/runner/.m2/repository/jakarta/el/jakarta.el-api/5.0.1/jakarta.el-api-5.0.1.jar:/home/runner/.m2/repository/jakarta/interceptor/jakarta.interceptor-api/2.2.0/jakarta.interceptor-api-2.2.0.jar:/home/runner/.m2/repository/jakarta/inject/jakarta.inject-api/2.0.1/jakarta.inject-api-2.0.1.jar:/home/runner/.m2/repository/io/smallrye/common/smallrye-common-os/2.12.0/smallrye-common-os-2.12.0.jar:/home/runner/.m2/repository/io/quarkus/quarkus-ide-launcher/3.20.2/quarkus-ide-launcher-3.20.2.jar:/home/runner/.m2/repository/io/quarkus/quarkus-development-mode-spi/3.20.2/quarkus-development-mode-spi-3.20.2.jar:/home/runner/.m2/repository/org/jboss/logging/jboss-logging/3.6.1.Final/jboss-logging-3.6.1.Final.jar:/home/runner/.m2/repository/org/jboss/logmanager/jboss-logmanager/3.1.2.Final/jboss-logmanager-3.1.2.Final.jar:/home/runner/.m2/repository/io/smallrye/common/smallrye-common-constraint/2.12.0/smallrye-common-constraint-2.12.0.jar:/home/runner/.m2/repository/io/smallrye/common/smallrye-common-cpu/2.12.0/smallrye-common-cpu-2.12.0.jar:/home/runner/.m2/repository/io/smallrye/common/smallrye-common-expression/2.12.0/smallrye-common-expression-2.12.0.jar:/home/runner/.m2/repository/io/smallrye/common/smallrye-common-net/2.12.0/smallrye-common-net-2.12.0.jar:/home/runner/.m2/repository/io/smallrye/common/smallrye-common-ref/2.12.0/smallrye-common-ref-2.12.0.jar:/home/runner/.m2/repository/jakarta/json/jakarta.json-api/2.1.3/jakarta.json-api-2.1.3.jar:/home/runner/.m2/repository/org/eclipse/parsson/parsson/1.1.7/parsson-1.1.7.jar:/home/runner/.m2/repository/org/jboss/logging/jboss-logging-annotations/3.0.4.Final/jboss-logging-annotations-3.0.4.Final.jar:/home/runner/.m2/repository/org/jboss/threads/jboss-threads/3.8.0.Final/jboss-threads-3.8.0.Final.jar:/home/runner/.m2/repository/io/smallrye/common/smallrye-common-annotation/2.12.0/smallrye-common-annotation-2.12.0.jar:/home/runner/.m2/repository/io/smallrye/common/smallrye-common-function/2.12.0/smallrye-common-function-2.12.0.jar:/home/runner/.m2/repository/org/jboss/slf4j/slf4j-jboss-logmanager/2.0.0.Final/slf4j-jboss-logmanager-2.0.0.Final.jar:/home/runner/.m2/repository/org/wildfly/common/wildfly-common/2.0.1/wildfly-common-2.0.1.jar:/home/runner/.m2/repository/io/quarkus/quarkus-bootstrap-runner/3.20.2/quarkus-bootstrap-runner-3.20.2.jar:/home/runner/.m2/repository/io/github/crac/org-crac/0.1.3/org-crac-0.1.3.jar:/home/runner/.m2/repository/io/quarkus/quarkus-fs-util/0.0.10/quarkus-fs-util-0.0.10.jar:/home/runner/.m2/repository/org/jboss/marshalling/jboss-marshalling/2.2.2.Final/jboss-marshalling-2.2.2.Final.jar:/home/runner/.m2/repository/io/fabric8/kubernetes-client/7.1.0/kubernetes-client-7.1.0.jar:/home/runner/.m2/repository/io/fabric8/kubernetes-client-api/7.1.0/kubernetes-client-api-7.1.0.jar:/home/runner/.m2/repository/io/fabric8/kubernetes-model-core/7.1.0/kubernetes-model-core-7.1.0.jar:/home/runner/.m2/repository/io/fabric8/kubernetes-model-common/7.1.0/kubernetes-model-common-7.1.0.jar:/home/runner/.m2/repository/javax/annotation/javax.annotation-api/1.3.2/javax.annotation-api-1.3.2.jar:/home/runner/.m2/repository/io/fabric8/kubernetes-model-gatewayapi/7.1.0/kubernetes-model-gatewayapi-7.1.0.jar:/home/runner/.m2/repository/io/fabric8/kubernetes-model-resource/7.1.0/kubernetes-model-resource-7.1.0.jar:/home/runner/.m2/repository/io/fabric8/kubernetes-model-rbac/7.1.0/kubernetes-model-rbac-7.1.0.jar:/home/runner/.m2/repository/io/fabric8/kubernetes-model-admissionregistration/7.1.0/kubernetes-model-admissionregistration-7.1.0.jar:/home/runner/.m2/repository/io/fabric8/kubernetes-model-apps/7.1.0/kubernetes-model-apps-7.1.0.jar:/home/runner/.m2/repository/io/fabric8/kubernetes-model-autoscaling/7.1.0/kubernetes-model-autoscaling-7.1.0.jar:/home/runner/.m2/repository/io/fabric8/kubernetes-model-apiextensions/7.1.0/kubernetes-model-apiextensions-7.1.0.jar:/home/runner/.m2/repository/io/fabric8/kubernetes-model-batch/7.1.0/kubernetes-model-batch-7.1.0.jar:/home/runner/.m2/repository/io/fabric8/kubernetes-model-certificates/7.1.0/kubernetes-model-certificates-7.1.0.jar:/home/runner/.m2/repository/io/fabric8/kubernetes-model-coordination/7.1.0/kubernetes-model-coordination-7.1.0.jar:/home/runner/.m2/repository/io/fabric8/kubernetes-model-discovery/7.1.0/kubernetes-model-discovery-7.1.0.jar:/home/runner/.m2/repository/io/fabric8/kubernetes-model-events/7.1.0/kubernetes-model-events-7.1.0.jar:/home/runner/.m2/repository/io/fabric8/kubernetes-model-extensions/7.1.0/kubernetes-model-extensions-7.1.0.jar:/home/runner/.m2/repository/io/fabric8/kubernetes-model-flowcontrol/7.1.0/kubernetes-model-flowcontrol-7.1.0.jar:/home/runner/.m2/repository/io/fabric8/kubernetes-model-networking/7.1.0/kubernetes-model-networking-7.1.0.jar:/home/runner/.m2/repository/io/fabric8/kubernetes-model-metrics/7.1.0/kubernetes-model-metrics-7.1.0.jar:/home/runner/.m2/repository/io/fabric8/kubernetes-model-policy/7.1.0/kubernetes-model-policy-7.1.0.jar:/home/runner/.m2/repository/io/fabric8/kubernetes-model-scheduling/7.1.0/kubernetes-model-scheduling-7.1.0.jar:/home/runner/.m2/repository/io/fabric8/kubernetes-model-storageclass/7.1.0/kubernetes-model-storageclass-7.1.0.jar:/home/runner/.m2/repository/io/fabric8/kubernetes-model-node/7.1.0/kubernetes-model-node-7.1.0.jar:/home/runner/.m2/repository/org/snakeyaml/snakeyaml-engine/2.9/snakeyaml-engine-2.9.jar:/home/runner/.m2/repository/com/fasterxml/jackson/dataformat/jackson-dataformat-yaml/2.18.2/jackson-dataformat-yaml-2.18.2.jar:/home/runner/.m2/repository/com/fasterxml/jackson/datatype/jackson-datatype-jsr310/2.18.2/jackson-datatype-jsr310-2.18.2.jar:/home/runner/.m2/repository/io/fabric8/zjsonpatch/7.1.0/zjsonpatch-7.1.0.jar:/home/runner/.m2/repository/io/fabric8/kubernetes-httpclient-vertx/7.1.0/kubernetes-httpclient-vertx-7.1.0.jar:/home/runner/.m2/repository/io/vertx/vertx-web-client/4.5.16/vertx-web-client-4.5.16.jar:/home/runner/.m2/repository/io/vertx/vertx-web-common/4.5.16/vertx-web-common-4.5.16.jar:/home/runner/.m2/repository/io/vertx/vertx-auth-common/4.5.16/vertx-auth-common-4.5.16.jar:/home/runner/.m2/repository/io/vertx/vertx-uri-template/4.5.16/vertx-uri-template-4.5.16.jar:/home/runner/.m2/repository/io/fabric8/openshift-client/7.1.0/openshift-client-7.1.0.jar:/home/runner/.m2/repository/io/fabric8/openshift-client-api/7.1.0/openshift-client-api-7.1.0.jar:/home/runner/.m2/repository/io/fabric8/openshift-model/7.1.0/openshift-model-7.1.0.jar:/home/runner/.m2/repository/io/fabric8/openshift-model-autoscaling/7.1.0/openshift-model-autoscaling-7.1.0.jar:/home/runner/.m2/repository/io/fabric8/openshift-model-operator/7.1.0/openshift-model-operator-7.1.0.jar:/home/runner/.m2/repository/io/fabric8/openshift-model-operatorhub/7.1.0/openshift-model-operatorhub-7.1.0.jar:/home/runner/.m2/repository/io/fabric8/openshift-model-machine/7.1.0/openshift-model-machine-7.1.0.jar:/home/runner/.m2/repository/io/fabric8/openshift-model-whereabouts/7.1.0/openshift-model-whereabouts-7.1.0.jar:/home/runner/.m2/repository/io/fabric8/openshift-model-monitoring/7.1.0/openshift-model-monitoring-7.1.0.jar:/home/runner/.m2/repository/io/fabric8/openshift-model-storageversionmigrator/7.1.0/openshift-model-storageversionmigrator-7.1.0.jar:/home/runner/.m2/repository/io/fabric8/openshift-model-tuned/7.1.0/openshift-model-tuned-7.1.0.jar:/home/runner/.m2/repository/io/fabric8/openshift-model-console/7.1.0/openshift-model-console-7.1.0.jar:/home/runner/.m2/repository/io/fabric8/openshift-model-config/7.1.0/openshift-model-config-7.1.0.jar:/home/runner/.m2/repository/io/fabric8/openshift-model-machineconfiguration/7.1.0/openshift-model-machineconfiguration-7.1.0.jar:/home/runner/.m2/repository/io/fabric8/openshift-model-miscellaneous/7.1.0/openshift-model-miscellaneous-7.1.0.jar:/home/runner/.m2/repository/io/fabric8/openshift-model-hive/7.1.0/openshift-model-hive-7.1.0.jar:/home/runner/.m2/repository/io/fabric8/openshift-model-installer/7.1.0/openshift-model-installer-7.1.0.jar:/home/runner/.m2/repository/org/junit/platform/junit-platform-launcher/1.12.1/junit-platform-launcher-1.12.1.jar:/home/runner/.m2/repository/org/junit/platform/junit-platform-engine/1.12.1/junit-platform-engine-1.12.1.jar:/home/runner/.m2/repository/org/opentest4j/opentest4j/1.3.0/opentest4j-1.3.0.jar:/home/runner/.m2/repository/org/junit/platform/junit-platform-commons/1.12.1/junit-platform-commons-1.12.1.jar:/home/runner/.m2/repository/org/apiguardian/apiguardian-api/1.1.2/apiguardian-api-1.1.2.jar:/home/runner/.m2/repository/jakarta/ws/rs/jakarta.ws.rs-api/3.1.0/jakarta.ws.rs-api-3.1.0.jar:/home/runner/work/apicurio-testing/apicurio-testing/clusters/ci419/namespaces/inmemory/tests/integration/apicurio-registry/java-sdk/target/apicurio-registry-java-sdk-3.0.12-SNAPSHOT.jar:/home/runner/.m2/repository/com/microsoft/kiota/microsoft-kiota-abstractions/1.8.9/microsoft-kiota-abstractions-1.8.9.jar:/home/runner/.m2/repository/io/github/std-uritemplate/std-uritemplate/2.0.0/std-uritemplate-2.0.0.jar:/home/runner/.m2/repository/io/kiota/kiota-http-jdk/0.0.29/kiota-http-jdk-0.0.29.jar:/home/runner/.m2/repository/io/kiota/kiota-http-vertx/0.0.29/kiota-http-vertx-0.0.29.jar:/home/runner/.m2/repository/io/kiota/kiota-serialization-jackson/0.0.29/kiota-serialization-jackson-0.0.29.jar:/home/runner/.m2/repository/com/microsoft/kiota/microsoft-kiota-serialization-text/1.8.9/microsoft-kiota-serialization-text-1.8.9.jar:/home/runner/.m2/repository/com/microsoft/kiota/microsoft-kiota-serialization-form/1.8.9/microsoft-kiota-serialization-form-1.8.9.jar:/home/runner/.m2/repository/com/microsoft/kiota/microsoft-kiota-serialization-multipart/1.8.9/microsoft-kiota-serialization-multipart-1.8.9.jar:/home/runner/.m2/repository/jakarta/annotation/jakarta.annotation-api/3.0.0/jakarta.annotation-api-3.0.0.jar:/home/runner/.m2/repository/io/vertx/vertx-auth-oauth2/4.5.16/vertx-auth-oauth2-4.5.16.jar:/home/runner/work/apicurio-testing/apicurio-testing/clusters/ci419/namespaces/inmemory/tests/integration/apicurio-registry/java-sdk-v2/target/apicurio-registry-v2-java-sdk-3.0.12-SNAPSHOT.jar:/home/runner/work/apicurio-testing/apicurio-testing/clusters/ci419/namespaces/inmemory/tests/integration/apicurio-registry/utils/kafka/target/apicurio-registry-utils-kafka-3.0.12-SNAPSHOT-tests.jar:/home/runner/.m2/repository/org/eclipse/microprofile/config/microprofile-config-api/3.1/microprofile-config-api-3.1.jar:/home/runner/.m2/repository/org/apache/kafka/kafka-clients/3.9.1/kafka-clients-3.9.1.jar:/home/runner/.m2/repository/com/github/luben/zstd-jni/1.5.6-4/zstd-jni-1.5.6-4.jar:/home/runner/.m2/repository/org/lz4/lz4-java/1.8.0/lz4-java-1.8.0.jar:/home/runner/.m2/repository/org/xerial/snappy/snappy-java/1.1.10.5/snappy-java-1.1.10.5.jar:/home/runner/.m2/repository/org/slf4j/slf4j-api/2.0.6/slf4j-api-2.0.6.jar:/home/runner/work/apicurio-testing/apicurio-testing/clusters/ci419/namespaces/inmemory/tests/integration/apicurio-registry/utils/tests/target/apicurio-registry-utils-tests-3.0.12-SNAPSHOT.jar:/home/runner/work/apicurio-testing/apicurio-testing/clusters/ci419/namespaces/inmemory/tests/integration/apicurio-registry/common/target/apicurio-registry-common-3.0.12-SNAPSHOT.jar:/home/runner/.m2/repository/jakarta/validation/jakarta.validation-api/3.0.2/jakarta.validation-api-3.0.2.jar:/home/runner/.m2/repository/com/github/dasniko/testcontainers-keycloak/3.8.0/testcontainers-keycloak-3.8.0.jar:/home/runner/.m2/repository/org/testcontainers/testcontainers/1.20.6/testcontainers-1.20.6.jar:/home/runner/.m2/repository/org/rnorth/duct-tape/duct-tape/1.0.8/duct-tape-1.0.8.jar:/home/runner/.m2/repository/com/github/docker-java/docker-java-transport-zerodep/3.4.1/docker-java-transport-zerodep-3.4.1.jar:/home/runner/.m2/repository/com/github/docker-java/docker-java-transport/3.4.1/docker-java-transport-3.4.1.jar:/home/runner/.m2/repository/net/java/dev/jna/jna/5.8.0/jna-5.8.0.jar:/home/runner/.m2/repository/io/quarkus/quarkus-junit4-mock/3.20.2/quarkus-junit4-mock-3.20.2.jar:/home/runner/.m2/repository/org/jboss/shrinkwrap/shrinkwrap-api/2.0.0-beta-2/shrinkwrap-api-2.0.0-beta-2.jar:/home/runner/.m2/repository/org/jboss/shrinkwrap/shrinkwrap-impl-base/2.0.0-beta-2/shrinkwrap-impl-base-2.0.0-beta-2.jar:/home/runner/.m2/repository/org/jboss/shrinkwrap/shrinkwrap-spi/2.0.0-beta-2/shrinkwrap-spi-2.0.0-beta-2.jar:/home/runner/.m2/repository/org/keycloak/keycloak-admin-client/26.0.4/keycloak-admin-client-26.0.4.jar:/home/runner/.m2/repository/org/keycloak/keycloak-client-common-synced/26.0.4/keycloak-client-common-synced-26.0.4.jar:/home/runner/.m2/repository/jakarta/activation/jakarta.activation-api/2.1.3/jakarta.activation-api-2.1.3.jar:/home/runner/.m2/repository/org/eclipse/microprofile/openapi/microprofile-openapi-api/4.0.2/microprofile-openapi-api-4.0.2.jar:/home/runner/.m2/repository/org/jboss/resteasy/resteasy-client/6.2.12.Final/resteasy-client-6.2.12.Final.jar:/home/runner/.m2/repository/org/jboss/resteasy/resteasy-client-api/6.2.12.Final/resteasy-client-api-6.2.12.Final.jar:/home/runner/.m2/repository/org/jboss/resteasy/resteasy-core-spi/6.2.12.Final/resteasy-core-spi-6.2.12.Final.jar:/home/runner/.m2/repository/org/jboss/resteasy/resteasy-core/6.2.12.Final/resteasy-core-6.2.12.Final.jar:/home/runner/.m2/repository/org/eclipse/angus/angus-activation/2.0.2/angus-activation-2.0.2.jar:/home/runner/.m2/repository/com/ibm/async/asyncutil/0.1.0/asyncutil-0.1.0.jar:/home/runner/.m2/repository/org/reactivestreams/reactive-streams/1.0.4/reactive-streams-1.0.4.jar:/home/runner/.m2/repository/org/jboss/resteasy/resteasy-multipart-provider/6.2.12.Final/resteasy-multipart-provider-6.2.12.Final.jar:/home/runner/.m2/repository/jakarta/mail/jakarta.mail-api/2.1.3/jakarta.mail-api-2.1.3.jar:/home/runner/.m2/repository/org/eclipse/angus/angus-mail/2.0.3/angus-mail-2.0.3.jar:/home/runner/.m2/repository/org/apache/james/apache-mime4j-dom/0.8.12/apache-mime4j-dom-0.8.12.jar:/home/runner/.m2/repository/org/apache/james/apache-mime4j-core/0.8.12/apache-mime4j-core-0.8.12.jar:/home/runner/.m2/repository/org/apache/james/apache-mime4j-storage/0.8.12/apache-mime4j-storage-0.8.12.jar:/home/runner/.m2/repository/org/jboss/resteasy/resteasy-jackson2-provider/6.2.12.Final/resteasy-jackson2-provider-6.2.12.Final.jar:/home/runner/.m2/repository/com/fasterxml/jackson/jakarta/rs/jackson-jakarta-rs-base/2.18.2/jackson-jakarta-rs-base-2.18.2.jar:/home/runner/.m2/repository/com/fasterxml/jackson/jakarta/rs/jackson-jakarta-rs-json-provider/2.18.2/jackson-jakarta-rs-json-provider-2.18.2.jar:/home/runner/.m2/repository/com/fasterxml/jackson/module/jackson-module-jakarta-xmlbind-annotations/2.18.2/jackson-module-jakarta-xmlbind-annotations-2.18.2.jar:/home/runner/.m2/repository/com/github/java-json-tools/json-patch/1.13/json-patch-1.13.jar:/home/runner/.m2/repository/com/github/java-json-tools/msg-simple/1.2/msg-simple-1.2.jar:/home/runner/.m2/repository/com/github/java-json-tools/btf/1.3/btf-1.3.jar:/home/runner/.m2/repository/com/github/java-json-tools/jackson-coreutils/2.0/jackson-coreutils-2.0.jar:/home/runner/.m2/repository/org/jboss/resteasy/resteasy-jaxb-provider/6.2.12.Final/resteasy-jaxb-provider-6.2.12.Final.jar:/home/runner/.m2/repository/org/glassfish/jaxb/codemodel/4.0.5/codemodel-4.0.5.jar:/home/runner/.m2/repository/org/glassfish/jaxb/jaxb-core/4.0.5/jaxb-core-4.0.5.jar:/home/runner/.m2/repository/org/glassfish/jaxb/jaxb-jxc/4.0.5/jaxb-jxc-4.0.5.jar:/home/runner/.m2/repository/org/glassfish/jaxb/jaxb-runtime/4.0.5/jaxb-runtime-4.0.5.jar:/home/runner/.m2/repository/org/glassfish/jaxb/txw2/4.0.5/txw2-4.0.5.jar:/home/runner/.m2/repository/org/glassfish/jaxb/jaxb-xjc/4.0.5/jaxb-xjc-4.0.5.jar:/home/runner/.m2/repository/org/glassfish/jaxb/xsom/4.0.5/xsom-4.0.5.jar:/home/runner/.m2/repository/com/sun/istack/istack-commons-runtime/4.1.2/istack-commons-runtime-4.1.2.jar:/home/runner/.m2/repository/com/sun/istack/istack-commons-tools/4.1.2/istack-commons-tools-4.1.2.jar:/home/runner/.m2/repository/com/sun/xml/bind/external/relaxng-datatype/4.0.5/relaxng-datatype-4.0.5.jar:/home/runner/.m2/repository/com/sun/xml/bind/external/rngom/4.0.5/rngom-4.0.5.jar:/home/runner/.m2/repository/org/testcontainers/mssqlserver/1.20.6/mssqlserver-1.20.6.jar:/home/runner/.m2/repository/org/testcontainers/jdbc/1.20.6/jdbc-1.20.6.jar:/home/runner/.m2/repository/org/testcontainers/database-commons/1.20.6/database-commons-1.20.6.jar:/home/runner/.m2/repository/org/testcontainers/mysql/1.20.6/mysql-1.20.6.jar:/home/runner/.m2/repository/io/strimzi/strimzi-test-container/0.111.0/strimzi-test-container-0.111.0.jar:/home/runner/.m2/repository/org/testcontainers/toxiproxy/1.20.6/toxiproxy-1.20.6.jar:/home/runner/.m2/repository/com/github/docker-java/docker-java-api/3.4.1/docker-java-api-3.4.1.jar:/home/runner/.m2/repository/org/apache/logging/log4j/log4j-slf4j-impl/2.19.0/log4j-slf4j-impl-2.19.0.jar:/home/runner/.m2/repository/org/apache/logging/log4j/log4j-api/2.24.3/log4j-api-2.24.3.jar:/home/runner/.m2/repository/org/apache/logging/log4j/log4j-core/2.19.0/log4j-core-2.19.0.jar:/home/runner/.m2/repository/eu/rekawek/toxiproxy/toxiproxy-java/2.1.7/toxiproxy-java-2.1.7.jar:/home/runner/.m2/repository/org/testcontainers/pulsar/1.21.3/pulsar-1.21.3.jar:/home/runner/.m2/repository/io/debezium/debezium-testing-testcontainers/2.7.4.Final/debezium-testing-testcontainers-2.7.4.Final.jar:/home/runner/.m2/repository/org/testcontainers/kafka/1.20.6/kafka-1.20.6.jar:/home/runner/.m2/repository/com/squareup/okhttp3/okhttp/4.8.1/okhttp-4.8.1.jar:/home/runner/.m2/repository/com/squareup/okio/okio/3.10.2/okio-3.10.2.jar:/home/runner/.m2/repository/com/squareup/okio/okio-jvm/3.10.2/okio-jvm-3.10.2.jar:/home/runner/.m2/repository/org/jetbrains/kotlin/kotlin-stdlib/2.0.21/kotlin-stdlib-2.0.21.jar:/home/runner/.m2/repository/org/awaitility/awaitility/4.3.0/awaitility-4.3.0.jar:/home/runner/.m2/repository/org/testcontainers/mongodb/1.20.6/mongodb-1.20.6.jar:/home/runner/.m2/repository/org/testcontainers/mariadb/1.20.6/mariadb-1.20.6.jar:/home/runner/.m2/repository/org/testcontainers/oracle-xe/1.20.6/oracle-xe-1.20.6.jar:/home/runner/.m2/repository/org/testcontainers/postgresql/1.20.6/postgresql-1.20.6.jar:/home/runner/.m2/repository/org/wiremock/wiremock/3.0.1/wiremock-3.0.1.jar:/home/runner/.m2/repository/org/eclipse/jetty/jetty-server/11.0.15/jetty-server-11.0.15.jar:/home/runner/.m2/repository/org/eclipse/jetty/toolchain/jetty-jakarta-servlet-api/5.0.2/jetty-jakarta-servlet-api-5.0.2.jar:/home/runner/.m2/repository/org/eclipse/jetty/jetty-http/11.0.15/jetty-http-11.0.15.jar:/home/runner/.m2/repository/org/eclipse/jetty/jetty-io/11.0.15/jetty-io-11.0.15.jar:/home/runner/.m2/repository/org/eclipse/jetty/jetty-servlet/11.0.15/jetty-servlet-11.0.15.jar:/home/runner/.m2/repository/org/eclipse/jetty/jetty-security/11.0.15/jetty-security-11.0.15.jar:/home/runner/.m2/repository/org/eclipse/jetty/jetty-servlets/11.0.15/jetty-servlets-11.0.15.jar:/home/runner/.m2/repository/org/eclipse/jetty/jetty-util/11.0.15/jetty-util-11.0.15.jar:/home/runner/.m2/repository/org/eclipse/jetty/jetty-webapp/11.0.15/jetty-webapp-11.0.15.jar:/home/runner/.m2/repository/org/eclipse/jetty/jetty-xml/11.0.15/jetty-xml-11.0.15.jar:/home/runner/.m2/repository/org/eclipse/jetty/jetty-proxy/11.0.15/jetty-proxy-11.0.15.jar:/home/runner/.m2/repository/org/eclipse/jetty/jetty-client/11.0.15/jetty-client-11.0.15.jar:/home/runner/.m2/repository/org/eclipse/jetty/http2/http2-server/11.0.15/http2-server-11.0.15.jar:/home/runner/.m2/repository/org/eclipse/jetty/http2/http2-common/11.0.15/http2-common-11.0.15.jar:/home/runner/.m2/repository/org/eclipse/jetty/http2/http2-hpack/11.0.15/http2-hpack-11.0.15.jar:/home/runner/.m2/repository/org/eclipse/jetty/jetty-alpn-server/11.0.15/jetty-alpn-server-11.0.15.jar:/home/runner/.m2/repository/org/eclipse/jetty/jetty-alpn-java-server/11.0.15/jetty-alpn-java-server-11.0.15.jar:/home/runner/.m2/repository/org/eclipse/jetty/jetty-alpn-java-client/11.0.15/jetty-alpn-java-client-11.0.15.jar:/home/runner/.m2/repository/org/eclipse/jetty/jetty-alpn-client/11.0.15/jetty-alpn-client-11.0.15.jar:/home/runner/.m2/repository/org/apache/httpcomponents/client5/httpclient5/5.2.1/httpclient5-5.2.1.jar:/home/runner/.m2/repository/org/apache/httpcomponents/core5/httpcore5/5.2/httpcore5-5.2.jar:/home/runner/.m2/repository/org/apache/httpcomponents/core5/httpcore5-h2/5.2/httpcore5-h2-5.2.jar:/home/runner/.m2/repository/org/xmlunit/xmlunit-core/2.9.1/xmlunit-core-2.9.1.jar:/home/runner/.m2/repository/jakarta/xml/bind/jakarta.xml.bind-api/4.0.2/jakarta.xml.bind-api-4.0.2.jar:/home/runner/.m2/repository/org/xmlunit/xmlunit-legacy/2.9.1/xmlunit-legacy-2.9.1.jar:/home/runner/.m2/repository/org/xmlunit/xmlunit-placeholders/2.9.1/xmlunit-placeholders-2.9.1.jar:/home/runner/.m2/repository/net/javacrumbs/json-unit/json-unit-core/2.38.0/json-unit-core-2.38.0.jar:/home/runner/.m2/repository/org/hamcrest/hamcrest-core/2.2/hamcrest-core-2.2.jar:/home/runner/.m2/repository/com/jayway/jsonpath/json-path/2.8.0/json-path-2.8.0.jar:/home/runner/.m2/repository/net/minidev/json-smart/2.4.10/json-smart-2.4.10.jar:/home/runner/.m2/repository/net/minidev/accessors-smart/2.4.9/accessors-smart-2.4.9.jar:/home/runner/.m2/repository/org/ow2/asm/asm/9.7.1/asm-9.7.1.jar:/home/runner/.m2/repository/net/sf/jopt-simple/jopt-simple/5.0.4/jopt-simple-5.0.4.jar:/home/runner/.m2/repository/com/github/jknack/handlebars/4.3.1/handlebars-4.3.1.jar:/home/runner/.m2/repository/com/github/jknack/handlebars-helpers/4.3.1/handlebars-helpers-4.3.1.jar:/home/runner/.m2/repository/commons-fileupload/commons-fileupload/1.5/commons-fileupload-1.5.jar:/home/runner/.m2/repository/com/networknt/json-schema-validator/1.5.8/json-schema-validator-1.5.8.jar:/home/runner/.m2/repository/com/ethlo/time/itu/1.10.3/itu-1.10.3.jar:/home/runner/.m2/repository/io/quarkus/quarkus-smallrye-jwt-build/3.20.2/quarkus-smallrye-jwt-build-3.20.2.jar:/home/runner/.m2/repository/io/smallrye/smallrye-jwt-build/4.6.2/smallrye-jwt-build-4.6.2.jar:/home/runner/.m2/repository/org/eclipse/microprofile/jwt/microprofile-jwt-auth-api/2.1/microprofile-jwt-auth-api-2.1.jar:/home/runner/.m2/repository/org/bitbucket/b_c/jose4j/0.9.6/jose4j-0.9.6.jar:/home/runner/.m2/repository/io/smallrye/smallrye-jwt-common/4.6.2/smallrye-jwt-common-4.6.2.jar:/home/runner/.m2/repository/io/quarkus/quarkus-jsonp/3.20.2/quarkus-jsonp-3.20.2.jar:/home/runner/.m2/repository/io/quarkus/quarkus-arc/3.20.2/quarkus-arc-3.20.2.jar:/home/runner/.m2/repository/io/quarkus/arc/arc/3.20.2/arc-3.20.2.jar:/home/runner/.m2/repository/jakarta/transaction/jakarta.transaction-api/2.0.1/jakarta.transaction-api-2.0.1.jar:/home/runner/.m2/repository/io/smallrye/reactive/mutiny/2.9.2/mutiny-2.9.2.jar:/home/runner/.m2/repository/org/jctools/jctools-core/4.0.5/jctools-core-4.0.5.jar:/home/runner/.m2/repository/org/eclipse/microprofile/context-propagation/microprofile-context-propagation-api/1.3/microprofile-context-propagation-api-1.3.jar:/home/runner/.m2/repository/io/apicurio/apicurio-common-rest-client-common/0.1.18.Final/apicurio-common-rest-client-common-0.1.18.Final.jar:/home/runner/work/apicurio-testing/apicurio-testing/clusters/ci419/namespaces/inmemory/tests/integration/apicurio-registry/utils/maven-plugin/target/apicurio-registry-maven-plugin-3.0.12-SNAPSHOT.jar:/home/runner/.m2/repository/com/fasterxml/jackson/core/jackson-databind/2.18.2/jackson-databind-2.18.2.jar:/home/runner/.m2/repository/org/apache/avro/avro/1.12.0/avro-1.12.0.jar:/home/runner/.m2/repository/com/google/protobuf/protobuf-java/4.31.1/protobuf-java-4.31.1.jar:/home/runner/.m2/repository/com/google/protobuf/protobuf-java-util/4.31.1/protobuf-java-util-4.31.1.jar:/home/runner/.m2/repository/com/google/code/findbugs/jsr305/3.0.2/jsr305-3.0.2.jar:/home/runner/.m2/repository/com/google/code/gson/gson/2.12.1/gson-2.12.1.jar:/home/runner/.m2/repository/com/google/errorprone/error_prone_annotations/2.36.0/error_prone_annotations-2.36.0.jar:/home/runner/.m2/repository/com/google/j2objc/j2objc-annotations/2.8/j2objc-annotations-2.8.jar:/home/runner/work/apicurio-testing/apicurio-testing/clusters/ci419/namespaces/inmemory/tests/integration/apicurio-registry/schema-util/util-provider/target/apicurio-registry-schema-util-provider-3.0.12-SNAPSHOT.jar:/home/runner/work/apicurio-testing/apicurio-testing/clusters/ci419/namespaces/inmemory/tests/integration/apicurio-registry/schema-util/common/target/apicurio-registry-schema-util-common-3.0.12-SNAPSHOT.jar:/home/runner/.m2/repository/com/fasterxml/jackson/module/jackson-module-parameter-names/2.18.2/jackson-module-parameter-names-2.18.2.jar:/home/runner/.m2/repository/com/fasterxml/jackson/datatype/jackson-datatype-json-org/2.18.2/jackson-datatype-json-org-2.18.2.jar:/home/runner/work/apicurio-testing/apicurio-testing/clusters/ci419/namespaces/inmemory/tests/integration/apicurio-registry/schema-util/json/target/apicurio-registry-schema-util-json-3.0.12-SNAPSHOT.jar:/home/runner/.m2/repository/com/github/erosb/everit-json-schema/1.14.5/everit-json-schema-1.14.5.jar:/home/runner/.m2/repository/commons-validator/commons-validator/1.9.0/commons-validator-1.9.0.jar:/home/runner/.m2/repository/commons-digester/commons-digester/2.1/commons-digester-2.1.jar:/home/runner/.m2/repository/commons-collections/commons-collections/3.2.2/commons-collections-3.2.2.jar:/home/runner/.m2/repository/com/damnhandy/handy-uri-templates/2.1.8/handy-uri-templates-2.1.8.jar:/home/runner/.m2/repository/joda-time/joda-time/2.10.2/joda-time-2.10.2.jar:/home/runner/.m2/repository/com/github/erosb/json-sKema/0.20.0/json-sKema-0.20.0.jar:/home/runner/.m2/repository/io/vertx/vertx-json-schema/4.5.16/vertx-json-schema-4.5.16.jar:/home/runner/work/apicurio-testing/apicurio-testing/clusters/ci419/namespaces/inmemory/tests/integration/apicurio-registry/schema-util/protobuf/target/apicurio-registry-schema-util-protobuf-3.0.12-SNAPSHOT.jar:/home/runner/work/apicurio-testing/apicurio-testing/clusters/ci419/namespaces/inmemory/tests/integration/apicurio-registry/utils/protobuf-schema-utilities/target/apicurio-registry-protobuf-schema-utilities-3.0.12-SNAPSHOT.jar:/home/runner/.m2/repository/com/google/api/grpc/proto-google-common-protos/2.52.0/proto-google-common-protos-2.52.0.jar:/home/runner/.m2/repository/com/squareup/wire/wire-schema-jvm/5.3.3/wire-schema-jvm-5.3.3.jar:/home/runner/.m2/repository/com/palantir/javapoet/javapoet/0.6.0/javapoet-0.6.0.jar:/home/runner/.m2/repository/com/squareup/kotlinpoet-jvm/2.0.0/kotlinpoet-jvm-2.0.0.jar:/home/runner/.m2/repository/org/jetbrains/kotlin/kotlin-reflect/2.0.21/kotlin-reflect-2.0.21.jar:/home/runner/.m2/repository/com/squareup/wire/wire-runtime-jvm/5.3.3/wire-runtime-jvm-5.3.3.jar:/home/runner/.m2/repository/com/ibm/icu/icu4j/76.1/icu4j-76.1.jar:/home/runner/.m2/repository/com/squareup/okio/okio-fakefilesystem/3.10.2/okio-fakefilesystem-3.10.2.jar:/home/runner/.m2/repository/com/squareup/okio/okio-fakefilesystem-jvm/3.10.2/okio-fakefilesystem-jvm-3.10.2.jar:/home/runner/.m2/repository/org/jetbrains/kotlinx/kotlinx-datetime-jvm/0.6.1/kotlinx-datetime-jvm-0.6.1.jar:/home/runner/work/apicurio-testing/apicurio-testing/clusters/ci419/namespaces/inmemory/tests/integration/apicurio-registry/schema-util/asyncapi/target/apicurio-registry-schema-util-asyncapi-3.0.12-SNAPSHOT.jar:/home/runner/work/apicurio-testing/apicurio-testing/clusters/ci419/namespaces/inmemory/tests/integration/apicurio-registry/schema-util/avro/target/apicurio-registry-schema-util-avro-3.0.12-SNAPSHOT.jar:/home/runner/work/apicurio-testing/apicurio-testing/clusters/ci419/namespaces/inmemory/tests/integration/apicurio-registry/schema-util/graphql/target/apicurio-registry-schema-util-graphql-3.0.12-SNAPSHOT.jar:/home/runner/.m2/repository/com/graphql-java/graphql-java/22.4/graphql-java-22.4.jar:/home/runner/.m2/repository/com/graphql-java/java-dataloader/3.3.0/java-dataloader-3.3.0.jar:/home/runner/work/apicurio-testing/apicurio-testing/clusters/ci419/namespaces/inmemory/tests/integration/apicurio-registry/schema-util/kconnect/target/apicurio-registry-schema-util-kconnect-3.0.12-SNAPSHOT.jar:/home/runner/work/apicurio-testing/apicurio-testing/clusters/ci419/namespaces/inmemory/tests/integration/apicurio-registry/schema-util/openapi/target/apicurio-registry-schema-util-openapi-3.0.12-SNAPSHOT.jar:/home/runner/.m2/repository/io/apicurio/apicurio-data-models/2.2.2/apicurio-data-models-2.2.2.jar:/home/runner/.m2/repository/org/openapitools/openapidiff/openapi-diff-core/2.1.2/openapi-diff-core-2.1.2.jar:/home/runner/.m2/repository/io/swagger/parser/v3/swagger-parser/2.1.28/swagger-parser-2.1.28.jar:/home/runner/.m2/repository/io/swagger/parser/v3/swagger-parser-v2-converter/2.1.28/swagger-parser-v2-converter-2.1.28.jar:/home/runner/.m2/repository/io/swagger/swagger-core/1.6.16/swagger-core-1.6.16.jar:/home/runner/.m2/repository/io/swagger/swagger-models/1.6.16/swagger-models-1.6.16.jar:/home/runner/.m2/repository/io/swagger/swagger-annotations/1.6.16/swagger-annotations-1.6.16.jar:/home/runner/.m2/repository/io/swagger/swagger-parser/1.0.75/swagger-parser-1.0.75.jar:/home/runner/.m2/repository/io/swagger/swagger-parser-safe-url-resolver/1.0.75/swagger-parser-safe-url-resolver-1.0.75.jar:/home/runner/.m2/repository/io/swagger/swagger-compat-spec-parser/1.0.75/swagger-compat-spec-parser-1.0.75.jar:/home/runner/.m2/repository/com/github/java-json-tools/json-schema-validator/2.2.14/json-schema-validator-2.2.14.jar:/home/runner/.m2/repository/com/github/java-json-tools/jackson-coreutils-equivalence/1.0/jackson-coreutils-equivalence-1.0.jar:/home/runner/.m2/repository/com/github/java-json-tools/json-schema-core/1.2.14/json-schema-core-1.2.14.jar:/home/runner/.m2/repository/com/github/java-json-tools/uri-template/0.10/uri-template-0.10.jar:/home/runner/.m2/repository/com/googlecode/libphonenumber/libphonenumber/8.11.1/libphonenumber-8.11.1.jar:/home/runner/.m2/repository/com/j2html/j2html/1.6.0/j2html-1.6.0.jar:/home/runner/.m2/repository/org/apache/commons/commons-collections4/4.5.0/commons-collections4-4.5.0.jar:/home/runner/.m2/repository/org/slf4j/jcl-over-slf4j/2.0.17/jcl-over-slf4j-2.0.17.jar:/home/runner/.m2/repository/io/swagger/parser/v3/swagger-parser-v3/2.1.31/swagger-parser-v3-2.1.31.jar:/home/runner/.m2/repository/io/swagger/core/v3/swagger-models/2.2.34/swagger-models-2.2.34.jar:/home/runner/.m2/repository/io/swagger/core/v3/swagger-core/2.2.34/swagger-core-2.2.34.jar:/home/runner/.m2/repository/io/swagger/parser/v3/swagger-parser-core/2.1.31/swagger-parser-core-2.1.31.jar:/home/runner/.m2/repository/io/swagger/parser/v3/swagger-parser-safe-url-resolver/2.1.31/swagger-parser-safe-url-resolver-2.1.31.jar:/home/runner/work/apicurio-testing/apicurio-testing/clusters/ci419/namespaces/inmemory/tests/integration/apicurio-registry/schema-util/wsdl/target/apicurio-registry-schema-util-wsdl-3.0.12-SNAPSHOT.jar:/home/runner/.m2/repository/wsdl4j/wsdl4j/1.6.3/wsdl4j-1.6.3.jar:/home/runner/work/apicurio-testing/apicurio-testing/clusters/ci419/namespaces/inmemory/tests/integration/apicurio-registry/schema-util/xml/target/apicurio-registry-schema-util-xml-3.0.12-SNAPSHOT.jar:/home/runner/.m2/repository/org/apache/santuario/xmlsec/4.0.4/xmlsec-4.0.4.jar:/home/runner/.m2/repository/com/fasterxml/woodstox/woodstox-core/7.1.1/woodstox-core-7.1.1.jar:/home/runner/.m2/repository/org/codehaus/woodstox/stax2-api/4.2.2/stax2-api-4.2.2.jar:/home/runner/work/apicurio-testing/apicurio-testing/clusters/ci419/namespaces/inmemory/tests/integration/apicurio-registry/schema-util/xsd/target/apicurio-registry-schema-util-xsd-3.0.12-SNAPSHOT.jar:/home/runner/work/apicurio-testing/apicurio-testing/clusters/ci419/namespaces/inmemory/tests/integration/apicurio-registry/serdes/kafka/jsonschema-serde/target/apicurio-registry-jsonschema-serde-kafka-3.0.12-SNAPSHOT.jar:/home/runner/work/apicurio-testing/apicurio-testing/clusters/ci419/namespaces/inmemory/tests/integration/apicurio-registry/serdes/kafka/serde-kafka-common/target/apicurio-registry-serde-kafka-common-3.0.12-SNAPSHOT.jar:/home/runner/work/apicurio-testing/apicurio-testing/clusters/ci419/namespaces/inmemory/tests/integration/apicurio-registry/serdes/generic/serde-common/target/apicurio-registry-serde-common-3.0.12-SNAPSHOT.jar:/home/runner/work/apicurio-testing/apicurio-testing/clusters/ci419/namespaces/inmemory/tests/integration/apicurio-registry/serdes/generic/serde-common-jsonschema/target/apicurio-registry-serde-common-jsonschema-3.0.12-SNAPSHOT.jar:/home/runner/.m2/repository/org/json/json/20250107/json-20250107.jar:/home/runner/work/apicurio-testing/apicurio-testing/clusters/ci419/namespaces/inmemory/tests/integration/apicurio-registry/serdes/kafka/avro-serde/target/apicurio-registry-avro-serde-kafka-3.0.12-SNAPSHOT.jar:/home/runner/work/apicurio-testing/apicurio-testing/clusters/ci419/namespaces/inmemory/tests/integration/apicurio-registry/serdes/generic/serde-common-avro/target/apicurio-registry-serde-common-avro-3.0.12-SNAPSHOT.jar:/home/runner/work/apicurio-testing/apicurio-testing/clusters/ci419/namespaces/inmemory/tests/integration/apicurio-registry/serdes/kafka/protobuf-serde/target/apicurio-registry-protobuf-serde-kafka-3.0.12-SNAPSHOT.jar:/home/runner/work/apicurio-testing/apicurio-testing/clusters/ci419/namespaces/inmemory/tests/integration/apicurio-registry/serdes/generic/serde-common-protobuf/target/apicurio-registry-serde-common-protobuf-3.0.12-SNAPSHOT.jar:/home/runner/.m2/repository/com/squareup/wire/wire-schema/5.3.3/wire-schema-5.3.3.jar:/home/runner/.m2/repository/com/squareup/wire/wire-runtime/5.3.3/wire-runtime-5.3.3.jar:/home/runner/work/apicurio-testing/apicurio-testing/clusters/ci419/namespaces/inmemory/tests/integration/apicurio-registry/serdes/pulsar/avro-serde/target/apicurio-registry-avro-serde-pulsar-3.0.12-SNAPSHOT.jar:/home/runner/.m2/repository/org/apache/pulsar/pulsar-functions-api/3.3.8/pulsar-functions-api-3.3.8.jar:/home/runner/work/apicurio-testing/apicurio-testing/clusters/ci419/namespaces/inmemory/tests/integration/apicurio-registry/serdes/nats/avro-serde/target/apicurio-registry-avro-serde-nats-3.0.12-SNAPSHOT.jar:/home/runner/.m2/repository/io/nats/jnats/2.21.4/jnats-2.21.4.jar:/home/runner/.m2/repository/org/bouncycastle/bcprov-lts8on/2.73.7/bcprov-lts8on-2.73.7.jar:/home/runner/.m2/repository/org/jetbrains/annotations/26.0.2/annotations-26.0.2.jar:/home/runner/work/apicurio-testing/apicurio-testing/clusters/ci419/namespaces/inmemory/tests/integration/apicurio-registry/utils/converter/target/apicurio-registry-utils-converter-3.0.12-SNAPSHOT.jar:/home/runner/work/apicurio-testing/apicurio-testing/clusters/ci419/namespaces/inmemory/tests/integration/apicurio-registry/schema-resolver/target/apicurio-registry-schema-resolver-3.0.12-SNAPSHOT.jar:/home/runner/.m2/repository/org/apache/kafka/connect-api/3.9.1/connect-api-3.9.1.jar:/home/runner/.m2/repository/javax/ws/rs/javax.ws.rs-api/2.1.1/javax.ws.rs-api-2.1.1.jar:/home/runner/.m2/repository/org/apache/kafka/connect-json/3.9.1/connect-json-3.9.1.jar:/home/runner/.m2/repository/com/fasterxml/jackson/datatype/jackson-datatype-jdk8/2.18.2/jackson-datatype-jdk8-2.18.2.jar:/home/runner/.m2/repository/com/fasterxml/jackson/module/jackson-module-afterburner/2.18.2/jackson-module-afterburner-2.18.2.jar:/home/runner/work/apicurio-testing/apicurio-testing/clusters/ci419/namespaces/inmemory/tests/integration/apicurio-registry/utils/kafka/target/apicurio-registry-utils-kafka-3.0.12-SNAPSHOT.jar:/home/runner/.m2/repository/org/apache/pulsar/pulsar-client/3.3.8/pulsar-client-3.3.8.jar:/home/runner/.m2/repository/org/apache/pulsar/pulsar-client-api/3.3.8/pulsar-client-api-3.3.8.jar:/home/runner/.m2/repository/org/apache/pulsar/pulsar-client-admin-api/3.3.8/pulsar-client-admin-api-3.3.8.jar:/home/runner/.m2/repository/org/apache/pulsar/bouncy-castle-bc/3.3.8/bouncy-castle-bc-3.3.8-pkg.jar:/home/runner/.m2/repository/org/bouncycastle/bcpkix-jdk18on/1.81/bcpkix-jdk18on-1.81.jar:/home/runner/.m2/repository/org/bouncycastle/bcutil-jdk18on/1.81/bcutil-jdk18on-1.81.jar:/home/runner/.m2/repository/org/bouncycastle/bcprov-jdk18on/1.81/bcprov-jdk18on-1.81.jar:/home/runner/.m2/repository/io/opentelemetry/opentelemetry-api/1.44.1/opentelemetry-api-1.44.1.jar:/home/runner/.m2/repository/io/opentelemetry/opentelemetry-context/1.44.1/opentelemetry-context-1.44.1.jar:/home/runner/.m2/repository/io/opentelemetry/opentelemetry-api-incubator/1.44.1-alpha/opentelemetry-api-incubator-1.44.1-alpha.jar:/home/runner/.m2/repository/com/fasterxml/jackson/core/jackson-annotations/2.18.2/jackson-annotations-2.18.2.jar:/home/runner/.m2/repository/javax/validation/validation-api/1.1.0.Final/validation-api-1.1.0.Final.jar:/home/runner/.m2/repository/org/jspecify/jspecify/1.0.0/jspecify-1.0.0.jar:/home/runner/.m2/repository/org/apache/commons/commons-configuration2/2.12.0/commons-configuration2-2.12.0.jar:/home/runner/.m2/repository/commons-logging/commons-logging/1.3.5/commons-logging-1.3.5.jar:/home/runner/.m2/repository/org/apache/commons/commons-text/1.13.0/commons-text-1.13.0.jar:/home/runner/.m2/repository/io/confluent/kafka-avro-serializer/8.0.0/kafka-avro-serializer-8.0.0.jar:/home/runner/.m2/repository/org/apache/commons/commons-compress/1.27.1/commons-compress-1.27.1.jar:/home/runner/.m2/repository/io/confluent/kafka-schema-serializer/8.0.0/kafka-schema-serializer-8.0.0.jar:/home/runner/.m2/repository/com/fasterxml/jackson/dataformat/jackson-dataformat-csv/2.18.2/jackson-dataformat-csv-2.18.2.jar:/home/runner/.m2/repository/io/confluent/kafka-schema-registry-client/8.0.0/kafka-schema-registry-client-8.0.0.jar:/home/runner/.m2/repository/org/yaml/snakeyaml/2.3/snakeyaml-2.3.jar:/home/runner/.m2/repository/io/swagger/core/v3/swagger-annotations/2.2.29/swagger-annotations-2.2.29.jar:/home/runner/.m2/repository/com/google/guava/guava/33.4.0-jre/guava-33.4.0-jre.jar:/home/runner/.m2/repository/com/google/guava/failureaccess/1.0.1/failureaccess-1.0.1.jar:/home/runner/.m2/repository/org/checkerframework/checker-qual/3.49.0/checker-qual-3.49.0.jar:/home/runner/.m2/repository/io/confluent/logredactor/1.0.13/logredactor-1.0.13.jar:/home/runner/.m2/repository/com/google/re2j/re2j/1.6/re2j-1.6.jar:/home/runner/.m2/repository/io/confluent/logredactor-metrics/1.0.13/logredactor-metrics-1.0.13.jar:/home/runner/.m2/repository/com/eclipsesource/minimal-json/minimal-json/0.9.5/minimal-json-0.9.5.jar:/home/runner/.m2/repository/io/confluent/common-utils/8.0.0/common-utils-8.0.0.jar:/home/runner/.m2/repository/io/confluent/kafka-connect-avro-converter/8.0.0/kafka-connect-avro-converter-8.0.0.jar:/home/runner/.m2/repository/io/confluent/kafka-connect-avro-data/8.0.0/kafka-connect-avro-data-8.0.0.jar:/home/runner/.m2/repository/io/confluent/kafka-schema-converter/8.0.0/kafka-schema-converter-8.0.0.jar:/home/runner/.m2/repository/io/rest-assured/rest-assured/5.5.1/rest-assured-5.5.1.jar:/home/runner/.m2/repository/org/apache/groovy/groovy/4.0.22/groovy-4.0.22.jar:/home/runner/.m2/repository/org/apache/groovy/groovy-xml/4.0.22/groovy-xml-4.0.22.jar:/home/runner/.m2/repository/org/apache/httpcomponents/httpclient/4.5.14/httpclient-4.5.14.jar:/home/runner/.m2/repository/org/apache/httpcomponents/httpcore/4.4.16/httpcore-4.4.16.jar:/home/runner/.m2/repository/org/apache/httpcomponents/httpmime/4.5.14/httpmime-4.5.14.jar:/home/runner/.m2/repository/org/hamcrest/hamcrest/2.2/hamcrest-2.2.jar:/home/runner/.m2/repository/org/ccil/cowan/tagsoup/tagsoup/1.2.1/tagsoup-1.2.1.jar:/home/runner/.m2/repository/io/rest-assured/json-path/5.5.1/json-path-5.5.1.jar:/home/runner/.m2/repository/org/apache/groovy/groovy-json/4.0.22/groovy-json-4.0.22.jar:/home/runner/.m2/repository/io/rest-assured/rest-assured-common/5.5.1/rest-assured-common-5.5.1.jar:/home/runner/.m2/repository/io/rest-assured/xml-path/5.5.1/xml-path-5.5.1.jar:/home/runner/.m2/repository/io/zonky/test/embedded-postgres/2.1.0/embedded-postgres-2.1.0.jar:/home/runner/.m2/repository/io/zonky/test/postgres/embedded-postgres-binaries-windows-amd64/14.15.0/embedded-postgres-binaries-windows-amd64-14.15.0.jar:/home/runner/.m2/repository/io/zonky/test/postgres/embedded-postgres-binaries-darwin-amd64/14.15.0/embedded-postgres-binaries-darwin-amd64-14.15.0.jar:/home/runner/.m2/repository/io/zonky/test/postgres/embedded-postgres-binaries-linux-amd64/14.15.0/embedded-postgres-binaries-linux-amd64-14.15.0.jar:/home/runner/.m2/repository/io/zonky/test/postgres/embedded-postgres-binaries-linux-amd64-alpine/14.15.0/embedded-postgres-binaries-linux-amd64-alpine-14.15.0.jar:/home/runner/.m2/repository/org/apache/commons/commons-lang3/3.17.0/commons-lang3-3.17.0.jar:/home/runner/.m2/repository/org/tukaani/xz/1.10/xz-1.10.jar:/home/runner/.m2/repository/commons-codec/commons-codec/1.19.0/commons-codec-1.19.0.jar:/home/runner/.m2/repository/org/postgresql/postgresql/42.7.7/postgresql-42.7.7.jar:/home/runner/.m2/repository/commons-io/commons-io/2.18.0/commons-io-2.18.0.jar:/home/runner/work/apicurio-testing/apicurio-testing/clusters/ci419/namespaces/inmemory/tests/integration/apicurio-registry/utils/importexport/target/apicurio-registry-utils-import-export-3.0.12-SNAPSHOT.jar:/home/runner/.m2/repository/io/vertx/vertx-core/4.5.16/vertx-core-4.5.16.jar:/home/runner/.m2/repository/io/netty/netty-common/4.1.121.Final/netty-common-4.1.121.Final.jar:/home/runner/.m2/repository/io/netty/netty-buffer/4.1.121.Final/netty-buffer-4.1.121.Final.jar:/home/runner/.m2/repository/io/netty/netty-transport/4.1.121.Final/netty-transport-4.1.121.Final.jar:/home/runner/.m2/repository/io/netty/netty-handler/4.1.121.Final/netty-handler-4.1.121.Final.jar:/home/runner/.m2/repository/io/netty/netty-transport-native-unix-common/4.1.121.Final/netty-transport-native-unix-common-4.1.121.Final.jar:/home/runner/.m2/repository/io/netty/netty-codec/4.1.121.Final/netty-codec-4.1.121.Final.jar:/home/runner/.m2/repository/io/netty/netty-handler-proxy/4.1.121.Final/netty-handler-proxy-4.1.121.Final.jar:/home/runner/.m2/repository/io/netty/netty-codec-socks/4.1.121.Final/netty-codec-socks-4.1.121.Final.jar:/home/runner/.m2/repository/io/netty/netty-codec-http/4.1.121.Final/netty-codec-http-4.1.121.Final.jar:/home/runner/.m2/repository/io/netty/netty-codec-http2/4.1.121.Final/netty-codec-http2-4.1.121.Final.jar:/home/runner/.m2/repository/io/netty/netty-resolver/4.1.121.Final/netty-resolver-4.1.121.Final.jar:/home/runner/.m2/repository/io/netty/netty-resolver-dns/4.1.121.Final/netty-resolver-dns-4.1.121.Final.jar:/home/runner/.m2/repository/io/netty/netty-codec-dns/4.1.121.Final/netty-codec-dns-4.1.121.Final.jar:/home/runner/.m2/repository/com/fasterxml/jackson/core/jackson-core/2.18.2/jackson-core-2.18.2.jar:"/>
    <property name="java.vm.vendor" value="Eclipse Adoptium"/>
    <property name="maven.javadoc.skip" value="true"/>
    <property name="sun.arch.data.model" value="64"/>
    <property name="java.vendor.url" value="https://adoptium.net/"/>
    <property name="user.timezone" value="Etc/UTC"/>
    <property name="os.name" value="Linux"/>
    <property name="java.vm.specification.version" value="17"/>
    <property name="sun.java.launcher" value="SUN_STANDARD"/>
    <property name="quarkus.http.test-port" value="80"/>
    <property name="sun.boot.library.path" value="/usr/lib/jvm/temurin-17-jdk-amd64/lib"/>
    <property name="sun.java.command" value="/home/runner/work/apicurio-testing/apicurio-testing/clusters/ci419/namespaces/inmemory/tests/integration/apicurio-registry/integration-tests/target/surefire/surefirebooter-20250813201359982_3.jar /home/runner/work/apicurio-testing/apicurio-testing/clusters/ci419/namespaces/inmemory/tests/integration/apicurio-registry/integration-tests/target/surefire 2025-08-13T20-13-59_920-jvmRun1 surefire-20250813201359982_1tmp surefire_0-20250813201359982_2tmp"/>
    <property name="maven.home" value="/home/runner/.m2/wrapper/dists/apache-maven-3.9.8-bin/4fnp1ql35bgk2a0p7m31ovbgb0/apache-maven-3.9.8"/>
    <property name="jdk.debug" value="release"/>
    <property name="surefire.test.class.path" value="/home/runner/work/apicurio-testing/apicurio-testing/clusters/ci419/namespaces/inmemory/tests/integration/apicurio-registry/integration-tests/target/test-classes:/home/runner/work/apicurio-testing/apicurio-testing/clusters/ci419/namespaces/inmemory/tests/integration/apicurio-registry/integration-tests/target/apicurio-registry-integration-tests-3.0.12-SNAPSHOT.jar:/home/runner/.m2/repository/io/quarkus/quarkus-junit5/3.20.2/quarkus-junit5-3.20.2.jar:/home/runner/.m2/repository/io/quarkus/quarkus-bootstrap-core/3.20.2/quarkus-bootstrap-core-3.20.2.jar:/home/runner/.m2/repository/io/quarkus/quarkus-classloader-commons/3.20.2/quarkus-classloader-commons-3.20.2.jar:/home/runner/.m2/repository/io/quarkus/quarkus-bootstrap-app-model/3.20.2/quarkus-bootstrap-app-model-3.20.2.jar:/home/runner/.m2/repository/io/smallrye/common/smallrye-common-io/2.12.0/smallrye-common-io-2.12.0.jar:/home/runner/.m2/repository/org/eclipse/sisu/org.eclipse.sisu.inject/0.9.0.M3/org.eclipse.sisu.inject-0.9.0.M3.jar:/home/runner/.m2/repository/io/quarkus/quarkus-test-common/3.20.2/quarkus-test-common-3.20.2.jar:/home/runner/.m2/repository/io/quarkus/quarkus-core-deployment/3.20.2/quarkus-core-deployment-3.20.2.jar:/home/runner/.m2/repository/org/aesh/readline/2.6/readline-2.6.jar:/home/runner/.m2/repository/org/fusesource/jansi/jansi/2.4.0/jansi-2.4.0.jar:/home/runner/.m2/repository/org/aesh/aesh/2.8.2/aesh-2.8.2.jar:/home/runner/.m2/repository/io/quarkus/gizmo/gizmo/1.8.0/gizmo-1.8.0.jar:/home/runner/.m2/repository/org/ow2/asm/asm-util/9.7.1/asm-util-9.7.1.jar:/home/runner/.m2/repository/org/ow2/asm/asm-analysis/9.7.1/asm-analysis-9.7.1.jar:/home/runner/.m2/repository/org/ow2/asm/asm-commons/9.7.1/asm-commons-9.7.1.jar:/home/runner/.m2/repository/org/ow2/asm/asm-tree/9.7.1/asm-tree-9.7.1.jar:/home/runner/.m2/repository/io/quarkus/quarkus-hibernate-validator-spi/3.20.2/quarkus-hibernate-validator-spi-3.20.2.jar:/home/runner/.m2/repository/io/quarkus/quarkus-class-change-agent/3.20.2/quarkus-class-change-agent-3.20.2.jar:/home/runner/.m2/repository/io/quarkus/quarkus-devtools-utilities/3.20.2/quarkus-devtools-utilities-3.20.2.jar:/home/runner/.m2/repository/io/quarkus/quarkus-builder/3.20.2/quarkus-builder-3.20.2.jar:/home/runner/.m2/repository/org/graalvm/sdk/nativeimage/23.1.2/nativeimage-23.1.2.jar:/home/runner/.m2/repository/org/graalvm/sdk/word/23.1.2/word-23.1.2.jar:/home/runner/.m2/repository/io/quarkus/quarkus-bootstrap-maven-resolver/3.20.2/quarkus-bootstrap-maven-resolver-3.20.2.jar:/home/runner/.m2/repository/io/smallrye/beanbag/smallrye-beanbag-maven/1.5.2/smallrye-beanbag-maven-1.5.2.jar:/home/runner/.m2/repository/io/smallrye/beanbag/smallrye-beanbag-sisu/1.5.2/smallrye-beanbag-sisu-1.5.2.jar:/home/runner/.m2/repository/io/smallrye/beanbag/smallrye-beanbag/1.5.2/smallrye-beanbag-1.5.2.jar:/home/runner/.m2/repository/javax/inject/javax.inject/1/javax.inject-1.jar:/home/runner/.m2/repository/org/apache/maven/maven-artifact/3.9.9/maven-artifact-3.9.9.jar:/home/runner/.m2/repository/org/apache/maven/maven-builder-support/3.9.9/maven-builder-support-3.9.9.jar:/home/runner/.m2/repository/org/apache/maven/maven-model/3.9.9/maven-model-3.9.9.jar:/home/runner/.m2/repository/org/apache/maven/maven-model-builder/3.9.9/maven-model-builder-3.9.9.jar:/home/runner/.m2/repository/org/apache/maven/maven-repository-metadata/3.9.9/maven-repository-metadata-3.9.9.jar:/home/runner/.m2/repository/org/apache/maven/maven-settings/3.9.9/maven-settings-3.9.9.jar:/home/runner/.m2/repository/org/apache/maven/resolver/maven-resolver-api/1.9.22/maven-resolver-api-1.9.22.jar:/home/runner/.m2/repository/org/apache/maven/resolver/maven-resolver-impl/1.9.22/maven-resolver-impl-1.9.22.jar:/home/runner/.m2/repository/org/apache/maven/resolver/maven-resolver-named-locks/1.9.22/maven-resolver-named-locks-1.9.22.jar:/home/runner/.m2/repository/org/apache/maven/resolver/maven-resolver-spi/1.9.22/maven-resolver-spi-1.9.22.jar:/home/runner/.m2/repository/org/apache/maven/resolver/maven-resolver-util/1.9.22/maven-resolver-util-1.9.22.jar:/home/runner/.m2/repository/org/apache/maven/resolver/maven-resolver-transport-http/1.9.20/maven-resolver-transport-http-1.9.20.jar:/home/runner/.m2/repository/org/apache/maven/wagon/wagon-provider-api/3.5.3/wagon-provider-api-3.5.3.jar:/home/runner/.m2/repository/org/apache/maven/wagon/wagon-http-shared/3.5.3/wagon-http-shared-3.5.3.jar:/home/runner/.m2/repository/org/codehaus/plexus/plexus-interpolation/1.26/plexus-interpolation-1.26.jar:/home/runner/.m2/repository/org/codehaus/plexus/plexus-utils/3.5.1/plexus-utils-3.5.1.jar:/home/runner/.m2/repository/org/codehaus/plexus/plexus-xml/4.0.1/plexus-xml-4.0.1.jar:/home/runner/.m2/repository/org/apache/maven/maven-xml-impl/4.0.0-alpha-5/maven-xml-impl-4.0.0-alpha-5.jar:/home/runner/.m2/repository/org/apache/maven/maven-api-xml/4.0.0-alpha-5/maven-api-xml-4.0.0-alpha-5.jar:/home/runner/.m2/repository/org/apache/maven/maven-api-meta/4.0.0-alpha-5/maven-api-meta-4.0.0-alpha-5.jar:/home/runner/.m2/repository/org/codehaus/plexus/plexus-cipher/2.0/plexus-cipher-2.0.jar:/home/runner/.m2/repository/org/codehaus/plexus/plexus-sec-dispatcher/2.0/plexus-sec-dispatcher-2.0.jar:/home/runner/.m2/repository/org/apache/maven/maven-embedder/3.9.9/maven-embedder-3.9.9.jar:/home/runner/.m2/repository/org/apache/maven/maven-core/3.9.9/maven-core-3.9.9.jar:/home/runner/.m2/repository/org/codehaus/plexus/plexus-component-annotations/2.1.0/plexus-component-annotations-2.1.0.jar:/home/runner/.m2/repository/org/apache/maven/maven-plugin-api/3.9.9/maven-plugin-api-3.9.9.jar:/home/runner/.m2/repository/org/apache/maven/shared/maven-shared-utils/3.4.2/maven-shared-utils-3.4.2.jar:/home/runner/.m2/repository/com/google/inject/guice/5.1.0/guice-5.1.0.jar:/home/runner/.m2/repository/aopalliance/aopalliance/1.0/aopalliance-1.0.jar:/home/runner/.m2/repository/org/codehaus/plexus/plexus-classworlds/2.6.0/plexus-classworlds-2.6.0.jar:/home/runner/.m2/repository/commons-cli/commons-cli/1.8.0/commons-cli-1.8.0.jar:/home/runner/.m2/repository/org/eclipse/sisu/org.eclipse.sisu.plexus/0.9.0.M3/org.eclipse.sisu.plexus-0.9.0.M3.jar:/home/runner/.m2/repository/org/apache/maven/maven-settings-builder/3.9.9/maven-settings-builder-3.9.9.jar:/home/runner/.m2/repository/org/apache/maven/maven-resolver-provider/3.9.9/maven-resolver-provider-3.9.9.jar:/home/runner/.m2/repository/org/apache/maven/resolver/maven-resolver-connector-basic/1.9.22/maven-resolver-connector-basic-1.9.22.jar:/home/runner/.m2/repository/org/apache/maven/resolver/maven-resolver-transport-wagon/1.9.22/maven-resolver-transport-wagon-1.9.22.jar:/home/runner/.m2/repository/org/apache/maven/wagon/wagon-http/3.5.3/wagon-http-3.5.3.jar:/home/runner/.m2/repository/org/apache/maven/wagon/wagon-file/3.5.3/wagon-file-3.5.3.jar:/home/runner/.m2/repository/io/quarkus/quarkus-bootstrap-gradle-resolver/3.20.2/quarkus-bootstrap-gradle-resolver-3.20.2.jar:/home/runner/.m2/repository/io/smallrye/jandex/3.3.0/jandex-3.3.0.jar:/home/runner/.m2/repository/org/jboss/logging/commons-logging-jboss-logging/1.0.0.Final/commons-logging-jboss-logging-1.0.0.Final.jar:/home/runner/.m2/repository/io/quarkus/quarkus-junit5-config/3.20.2/quarkus-junit5-config-3.20.2.jar:/home/runner/.m2/repository/org/junit/jupiter/junit-jupiter-api/5.12.1/junit-jupiter-api-5.12.1.jar:/home/runner/.m2/repository/io/smallrye/config/smallrye-config/3.11.4/smallrye-config-3.11.4.jar:/home/runner/.m2/repository/io/smallrye/config/smallrye-config-core/3.11.4/smallrye-config-core-3.11.4.jar:/home/runner/.m2/repository/io/smallrye/common/smallrye-common-classloader/2.12.0/smallrye-common-classloader-2.12.0.jar:/home/runner/.m2/repository/io/smallrye/config/smallrye-config-common/3.11.4/smallrye-config-common-3.11.4.jar:/home/runner/.m2/repository/org/junit/jupiter/junit-jupiter/5.12.1/junit-jupiter-5.12.1.jar:/home/runner/.m2/repository/org/junit/jupiter/junit-jupiter-params/5.12.1/junit-jupiter-params-5.12.1.jar:/home/runner/.m2/repository/org/junit/jupiter/junit-jupiter-engine/5.12.1/junit-jupiter-engine-5.12.1.jar:/home/runner/.m2/repository/io/quarkus/quarkus-core/3.20.2/quarkus-core-3.20.2.jar:/home/runner/.m2/repository/jakarta/enterprise/jakarta.enterprise.cdi-api/4.1.0/jakarta.enterprise.cdi-api-4.1.0.jar:/home/runner/.m2/repository/jakarta/enterprise/jakarta.enterprise.lang-model/4.1.0/jakarta.enterprise.lang-model-4.1.0.jar:/home/runner/.m2/repository/jakarta/el/jakarta.el-api/5.0.1/jakarta.el-api-5.0.1.jar:/home/runner/.m2/repository/jakarta/interceptor/jakarta.interceptor-api/2.2.0/jakarta.interceptor-api-2.2.0.jar:/home/runner/.m2/repository/jakarta/inject/jakarta.inject-api/2.0.1/jakarta.inject-api-2.0.1.jar:/home/runner/.m2/repository/io/smallrye/common/smallrye-common-os/2.12.0/smallrye-common-os-2.12.0.jar:/home/runner/.m2/repository/io/quarkus/quarkus-ide-launcher/3.20.2/quarkus-ide-launcher-3.20.2.jar:/home/runner/.m2/repository/io/quarkus/quarkus-development-mode-spi/3.20.2/quarkus-development-mode-spi-3.20.2.jar:/home/runner/.m2/repository/org/jboss/logging/jboss-logging/3.6.1.Final/jboss-logging-3.6.1.Final.jar:/home/runner/.m2/repository/org/jboss/logmanager/jboss-logmanager/3.1.2.Final/jboss-logmanager-3.1.2.Final.jar:/home/runner/.m2/repository/io/smallrye/common/smallrye-common-constraint/2.12.0/smallrye-common-constraint-2.12.0.jar:/home/runner/.m2/repository/io/smallrye/common/smallrye-common-cpu/2.12.0/smallrye-common-cpu-2.12.0.jar:/home/runner/.m2/repository/io/smallrye/common/smallrye-common-expression/2.12.0/smallrye-common-expression-2.12.0.jar:/home/runner/.m2/repository/io/smallrye/common/smallrye-common-net/2.12.0/smallrye-common-net-2.12.0.jar:/home/runner/.m2/repository/io/smallrye/common/smallrye-common-ref/2.12.0/smallrye-common-ref-2.12.0.jar:/home/runner/.m2/repository/jakarta/json/jakarta.json-api/2.1.3/jakarta.json-api-2.1.3.jar:/home/runner/.m2/repository/org/eclipse/parsson/parsson/1.1.7/parsson-1.1.7.jar:/home/runner/.m2/repository/org/jboss/logging/jboss-logging-annotations/3.0.4.Final/jboss-logging-annotations-3.0.4.Final.jar:/home/runner/.m2/repository/org/jboss/threads/jboss-threads/3.8.0.Final/jboss-threads-3.8.0.Final.jar:/home/runner/.m2/repository/io/smallrye/common/smallrye-common-annotation/2.12.0/smallrye-common-annotation-2.12.0.jar:/home/runner/.m2/repository/io/smallrye/common/smallrye-common-function/2.12.0/smallrye-common-function-2.12.0.jar:/home/runner/.m2/repository/org/jboss/slf4j/slf4j-jboss-logmanager/2.0.0.Final/slf4j-jboss-logmanager-2.0.0.Final.jar:/home/runner/.m2/repository/org/wildfly/common/wildfly-common/2.0.1/wildfly-common-2.0.1.jar:/home/runner/.m2/repository/io/quarkus/quarkus-bootstrap-runner/3.20.2/quarkus-bootstrap-runner-3.20.2.jar:/home/runner/.m2/repository/io/github/crac/org-crac/0.1.3/org-crac-0.1.3.jar:/home/runner/.m2/repository/io/quarkus/quarkus-fs-util/0.0.10/quarkus-fs-util-0.0.10.jar:/home/runner/.m2/repository/org/jboss/marshalling/jboss-marshalling/2.2.2.Final/jboss-marshalling-2.2.2.Final.jar:/home/runner/.m2/repository/io/fabric8/kubernetes-client/7.1.0/kubernetes-client-7.1.0.jar:/home/runner/.m2/repository/io/fabric8/kubernetes-client-api/7.1.0/kubernetes-client-api-7.1.0.jar:/home/runner/.m2/repository/io/fabric8/kubernetes-model-core/7.1.0/kubernetes-model-core-7.1.0.jar:/home/runner/.m2/repository/io/fabric8/kubernetes-model-common/7.1.0/kubernetes-model-common-7.1.0.jar:/home/runner/.m2/repository/javax/annotation/javax.annotation-api/1.3.2/javax.annotation-api-1.3.2.jar:/home/runner/.m2/repository/io/fabric8/kubernetes-model-gatewayapi/7.1.0/kubernetes-model-gatewayapi-7.1.0.jar:/home/runner/.m2/repository/io/fabric8/kubernetes-model-resource/7.1.0/kubernetes-model-resource-7.1.0.jar:/home/runner/.m2/repository/io/fabric8/kubernetes-model-rbac/7.1.0/kubernetes-model-rbac-7.1.0.jar:/home/runner/.m2/repository/io/fabric8/kubernetes-model-admissionregistration/7.1.0/kubernetes-model-admissionregistration-7.1.0.jar:/home/runner/.m2/repository/io/fabric8/kubernetes-model-apps/7.1.0/kubernetes-model-apps-7.1.0.jar:/home/runner/.m2/repository/io/fabric8/kubernetes-model-autoscaling/7.1.0/kubernetes-model-autoscaling-7.1.0.jar:/home/runner/.m2/repository/io/fabric8/kubernetes-model-apiextensions/7.1.0/kubernetes-model-apiextensions-7.1.0.jar:/home/runner/.m2/repository/io/fabric8/kubernetes-model-batch/7.1.0/kubernetes-model-batch-7.1.0.jar:/home/runner/.m2/repository/io/fabric8/kubernetes-model-certificates/7.1.0/kubernetes-model-certificates-7.1.0.jar:/home/runner/.m2/repository/io/fabric8/kubernetes-model-coordination/7.1.0/kubernetes-model-coordination-7.1.0.jar:/home/runner/.m2/repository/io/fabric8/kubernetes-model-discovery/7.1.0/kubernetes-model-discovery-7.1.0.jar:/home/runner/.m2/repository/io/fabric8/kubernetes-model-events/7.1.0/kubernetes-model-events-7.1.0.jar:/home/runner/.m2/repository/io/fabric8/kubernetes-model-extensions/7.1.0/kubernetes-model-extensions-7.1.0.jar:/home/runner/.m2/repository/io/fabric8/kubernetes-model-flowcontrol/7.1.0/kubernetes-model-flowcontrol-7.1.0.jar:/home/runner/.m2/repository/io/fabric8/kubernetes-model-networking/7.1.0/kubernetes-model-networking-7.1.0.jar:/home/runner/.m2/repository/io/fabric8/kubernetes-model-metrics/7.1.0/kubernetes-model-metrics-7.1.0.jar:/home/runner/.m2/repository/io/fabric8/kubernetes-model-policy/7.1.0/kubernetes-model-policy-7.1.0.jar:/home/runner/.m2/repository/io/fabric8/kubernetes-model-scheduling/7.1.0/kubernetes-model-scheduling-7.1.0.jar:/home/runner/.m2/repository/io/fabric8/kubernetes-model-storageclass/7.1.0/kubernetes-model-storageclass-7.1.0.jar:/home/runner/.m2/repository/io/fabric8/kubernetes-model-node/7.1.0/kubernetes-model-node-7.1.0.jar:/home/runner/.m2/repository/org/snakeyaml/snakeyaml-engine/2.9/snakeyaml-engine-2.9.jar:/home/runner/.m2/repository/com/fasterxml/jackson/dataformat/jackson-dataformat-yaml/2.18.2/jackson-dataformat-yaml-2.18.2.jar:/home/runner/.m2/repository/com/fasterxml/jackson/datatype/jackson-datatype-jsr310/2.18.2/jackson-datatype-jsr310-2.18.2.jar:/home/runner/.m2/repository/io/fabric8/zjsonpatch/7.1.0/zjsonpatch-7.1.0.jar:/home/runner/.m2/repository/io/fabric8/kubernetes-httpclient-vertx/7.1.0/kubernetes-httpclient-vertx-7.1.0.jar:/home/runner/.m2/repository/io/vertx/vertx-web-client/4.5.16/vertx-web-client-4.5.16.jar:/home/runner/.m2/repository/io/vertx/vertx-web-common/4.5.16/vertx-web-common-4.5.16.jar:/home/runner/.m2/repository/io/vertx/vertx-auth-common/4.5.16/vertx-auth-common-4.5.16.jar:/home/runner/.m2/repository/io/vertx/vertx-uri-template/4.5.16/vertx-uri-template-4.5.16.jar:/home/runner/.m2/repository/io/fabric8/openshift-client/7.1.0/openshift-client-7.1.0.jar:/home/runner/.m2/repository/io/fabric8/openshift-client-api/7.1.0/openshift-client-api-7.1.0.jar:/home/runner/.m2/repository/io/fabric8/openshift-model/7.1.0/openshift-model-7.1.0.jar:/home/runner/.m2/repository/io/fabric8/openshift-model-autoscaling/7.1.0/openshift-model-autoscaling-7.1.0.jar:/home/runner/.m2/repository/io/fabric8/openshift-model-operator/7.1.0/openshift-model-operator-7.1.0.jar:/home/runner/.m2/repository/io/fabric8/openshift-model-operatorhub/7.1.0/openshift-model-operatorhub-7.1.0.jar:/home/runner/.m2/repository/io/fabric8/openshift-model-machine/7.1.0/openshift-model-machine-7.1.0.jar:/home/runner/.m2/repository/io/fabric8/openshift-model-whereabouts/7.1.0/openshift-model-whereabouts-7.1.0.jar:/home/runner/.m2/repository/io/fabric8/openshift-model-monitoring/7.1.0/openshift-model-monitoring-7.1.0.jar:/home/runner/.m2/repository/io/fabric8/openshift-model-storageversionmigrator/7.1.0/openshift-model-storageversionmigrator-7.1.0.jar:/home/runner/.m2/repository/io/fabric8/openshift-model-tuned/7.1.0/openshift-model-tuned-7.1.0.jar:/home/runner/.m2/repository/io/fabric8/openshift-model-console/7.1.0/openshift-model-console-7.1.0.jar:/home/runner/.m2/repository/io/fabric8/openshift-model-config/7.1.0/openshift-model-config-7.1.0.jar:/home/runner/.m2/repository/io/fabric8/openshift-model-machineconfiguration/7.1.0/openshift-model-machineconfiguration-7.1.0.jar:/home/runner/.m2/repository/io/fabric8/openshift-model-miscellaneous/7.1.0/openshift-model-miscellaneous-7.1.0.jar:/home/runner/.m2/repository/io/fabric8/openshift-model-hive/7.1.0/openshift-model-hive-7.1.0.jar:/home/runner/.m2/repository/io/fabric8/openshift-model-installer/7.1.0/openshift-model-installer-7.1.0.jar:/home/runner/.m2/repository/org/junit/platform/junit-platform-launcher/1.12.1/junit-platform-launcher-1.12.1.jar:/home/runner/.m2/repository/org/junit/platform/junit-platform-engine/1.12.1/junit-platform-engine-1.12.1.jar:/home/runner/.m2/repository/org/opentest4j/opentest4j/1.3.0/opentest4j-1.3.0.jar:/home/runner/.m2/repository/org/junit/platform/junit-platform-commons/1.12.1/junit-platform-commons-1.12.1.jar:/home/runner/.m2/repository/org/apiguardian/apiguardian-api/1.1.2/apiguardian-api-1.1.2.jar:/home/runner/.m2/repository/jakarta/ws/rs/jakarta.ws.rs-api/3.1.0/jakarta.ws.rs-api-3.1.0.jar:/home/runner/work/apicurio-testing/apicurio-testing/clusters/ci419/namespaces/inmemory/tests/integration/apicurio-registry/java-sdk/target/apicurio-registry-java-sdk-3.0.12-SNAPSHOT.jar:/home/runner/.m2/repository/com/microsoft/kiota/microsoft-kiota-abstractions/1.8.9/microsoft-kiota-abstractions-1.8.9.jar:/home/runner/.m2/repository/io/github/std-uritemplate/std-uritemplate/2.0.0/std-uritemplate-2.0.0.jar:/home/runner/.m2/repository/io/kiota/kiota-http-jdk/0.0.29/kiota-http-jdk-0.0.29.jar:/home/runner/.m2/repository/io/kiota/kiota-http-vertx/0.0.29/kiota-http-vertx-0.0.29.jar:/home/runner/.m2/repository/io/kiota/kiota-serialization-jackson/0.0.29/kiota-serialization-jackson-0.0.29.jar:/home/runner/.m2/repository/com/microsoft/kiota/microsoft-kiota-serialization-text/1.8.9/microsoft-kiota-serialization-text-1.8.9.jar:/home/runner/.m2/repository/com/microsoft/kiota/microsoft-kiota-serialization-form/1.8.9/microsoft-kiota-serialization-form-1.8.9.jar:/home/runner/.m2/repository/com/microsoft/kiota/microsoft-kiota-serialization-multipart/1.8.9/microsoft-kiota-serialization-multipart-1.8.9.jar:/home/runner/.m2/repository/jakarta/annotation/jakarta.annotation-api/3.0.0/jakarta.annotation-api-3.0.0.jar:/home/runner/.m2/repository/io/vertx/vertx-auth-oauth2/4.5.16/vertx-auth-oauth2-4.5.16.jar:/home/runner/work/apicurio-testing/apicurio-testing/clusters/ci419/namespaces/inmemory/tests/integration/apicurio-registry/java-sdk-v2/target/apicurio-registry-v2-java-sdk-3.0.12-SNAPSHOT.jar:/home/runner/work/apicurio-testing/apicurio-testing/clusters/ci419/namespaces/inmemory/tests/integration/apicurio-registry/utils/kafka/target/apicurio-registry-utils-kafka-3.0.12-SNAPSHOT-tests.jar:/home/runner/.m2/repository/org/eclipse/microprofile/config/microprofile-config-api/3.1/microprofile-config-api-3.1.jar:/home/runner/.m2/repository/org/apache/kafka/kafka-clients/3.9.1/kafka-clients-3.9.1.jar:/home/runner/.m2/repository/com/github/luben/zstd-jni/1.5.6-4/zstd-jni-1.5.6-4.jar:/home/runner/.m2/repository/org/lz4/lz4-java/1.8.0/lz4-java-1.8.0.jar:/home/runner/.m2/repository/org/xerial/snappy/snappy-java/1.1.10.5/snappy-java-1.1.10.5.jar:/home/runner/.m2/repository/org/slf4j/slf4j-api/2.0.6/slf4j-api-2.0.6.jar:/home/runner/work/apicurio-testing/apicurio-testing/clusters/ci419/namespaces/inmemory/tests/integration/apicurio-registry/utils/tests/target/apicurio-registry-utils-tests-3.0.12-SNAPSHOT.jar:/home/runner/work/apicurio-testing/apicurio-testing/clusters/ci419/namespaces/inmemory/tests/integration/apicurio-registry/common/target/apicurio-registry-common-3.0.12-SNAPSHOT.jar:/home/runner/.m2/repository/jakarta/validation/jakarta.validation-api/3.0.2/jakarta.validation-api-3.0.2.jar:/home/runner/.m2/repository/com/github/dasniko/testcontainers-keycloak/3.8.0/testcontainers-keycloak-3.8.0.jar:/home/runner/.m2/repository/org/testcontainers/testcontainers/1.20.6/testcontainers-1.20.6.jar:/home/runner/.m2/repository/org/rnorth/duct-tape/duct-tape/1.0.8/duct-tape-1.0.8.jar:/home/runner/.m2/repository/com/github/docker-java/docker-java-transport-zerodep/3.4.1/docker-java-transport-zerodep-3.4.1.jar:/home/runner/.m2/repository/com/github/docker-java/docker-java-transport/3.4.1/docker-java-transport-3.4.1.jar:/home/runner/.m2/repository/net/java/dev/jna/jna/5.8.0/jna-5.8.0.jar:/home/runner/.m2/repository/io/quarkus/quarkus-junit4-mock/3.20.2/quarkus-junit4-mock-3.20.2.jar:/home/runner/.m2/repository/org/jboss/shrinkwrap/shrinkwrap-api/2.0.0-beta-2/shrinkwrap-api-2.0.0-beta-2.jar:/home/runner/.m2/repository/org/jboss/shrinkwrap/shrinkwrap-impl-base/2.0.0-beta-2/shrinkwrap-impl-base-2.0.0-beta-2.jar:/home/runner/.m2/repository/org/jboss/shrinkwrap/shrinkwrap-spi/2.0.0-beta-2/shrinkwrap-spi-2.0.0-beta-2.jar:/home/runner/.m2/repository/org/keycloak/keycloak-admin-client/26.0.4/keycloak-admin-client-26.0.4.jar:/home/runner/.m2/repository/org/keycloak/keycloak-client-common-synced/26.0.4/keycloak-client-common-synced-26.0.4.jar:/home/runner/.m2/repository/jakarta/activation/jakarta.activation-api/2.1.3/jakarta.activation-api-2.1.3.jar:/home/runner/.m2/repository/org/eclipse/microprofile/openapi/microprofile-openapi-api/4.0.2/microprofile-openapi-api-4.0.2.jar:/home/runner/.m2/repository/org/jboss/resteasy/resteasy-client/6.2.12.Final/resteasy-client-6.2.12.Final.jar:/home/runner/.m2/repository/org/jboss/resteasy/resteasy-client-api/6.2.12.Final/resteasy-client-api-6.2.12.Final.jar:/home/runner/.m2/repository/org/jboss/resteasy/resteasy-core-spi/6.2.12.Final/resteasy-core-spi-6.2.12.Final.jar:/home/runner/.m2/repository/org/jboss/resteasy/resteasy-core/6.2.12.Final/resteasy-core-6.2.12.Final.jar:/home/runner/.m2/repository/org/eclipse/angus/angus-activation/2.0.2/angus-activation-2.0.2.jar:/home/runner/.m2/repository/com/ibm/async/asyncutil/0.1.0/asyncutil-0.1.0.jar:/home/runner/.m2/repository/org/reactivestreams/reactive-streams/1.0.4/reactive-streams-1.0.4.jar:/home/runner/.m2/repository/org/jboss/resteasy/resteasy-multipart-provider/6.2.12.Final/resteasy-multipart-provider-6.2.12.Final.jar:/home/runner/.m2/repository/jakarta/mail/jakarta.mail-api/2.1.3/jakarta.mail-api-2.1.3.jar:/home/runner/.m2/repository/org/eclipse/angus/angus-mail/2.0.3/angus-mail-2.0.3.jar:/home/runner/.m2/repository/org/apache/james/apache-mime4j-dom/0.8.12/apache-mime4j-dom-0.8.12.jar:/home/runner/.m2/repository/org/apache/james/apache-mime4j-core/0.8.12/apache-mime4j-core-0.8.12.jar:/home/runner/.m2/repository/org/apache/james/apache-mime4j-storage/0.8.12/apache-mime4j-storage-0.8.12.jar:/home/runner/.m2/repository/org/jboss/resteasy/resteasy-jackson2-provider/6.2.12.Final/resteasy-jackson2-provider-6.2.12.Final.jar:/home/runner/.m2/repository/com/fasterxml/jackson/jakarta/rs/jackson-jakarta-rs-base/2.18.2/jackson-jakarta-rs-base-2.18.2.jar:/home/runner/.m2/repository/com/fasterxml/jackson/jakarta/rs/jackson-jakarta-rs-json-provider/2.18.2/jackson-jakarta-rs-json-provider-2.18.2.jar:/home/runner/.m2/repository/com/fasterxml/jackson/module/jackson-module-jakarta-xmlbind-annotations/2.18.2/jackson-module-jakarta-xmlbind-annotations-2.18.2.jar:/home/runner/.m2/repository/com/github/java-json-tools/json-patch/1.13/json-patch-1.13.jar:/home/runner/.m2/repository/com/github/java-json-tools/msg-simple/1.2/msg-simple-1.2.jar:/home/runner/.m2/repository/com/github/java-json-tools/btf/1.3/btf-1.3.jar:/home/runner/.m2/repository/com/github/java-json-tools/jackson-coreutils/2.0/jackson-coreutils-2.0.jar:/home/runner/.m2/repository/org/jboss/resteasy/resteasy-jaxb-provider/6.2.12.Final/resteasy-jaxb-provider-6.2.12.Final.jar:/home/runner/.m2/repository/org/glassfish/jaxb/codemodel/4.0.5/codemodel-4.0.5.jar:/home/runner/.m2/repository/org/glassfish/jaxb/jaxb-core/4.0.5/jaxb-core-4.0.5.jar:/home/runner/.m2/repository/org/glassfish/jaxb/jaxb-jxc/4.0.5/jaxb-jxc-4.0.5.jar:/home/runner/.m2/repository/org/glassfish/jaxb/jaxb-runtime/4.0.5/jaxb-runtime-4.0.5.jar:/home/runner/.m2/repository/org/glassfish/jaxb/txw2/4.0.5/txw2-4.0.5.jar:/home/runner/.m2/repository/org/glassfish/jaxb/jaxb-xjc/4.0.5/jaxb-xjc-4.0.5.jar:/home/runner/.m2/repository/org/glassfish/jaxb/xsom/4.0.5/xsom-4.0.5.jar:/home/runner/.m2/repository/com/sun/istack/istack-commons-runtime/4.1.2/istack-commons-runtime-4.1.2.jar:/home/runner/.m2/repository/com/sun/istack/istack-commons-tools/4.1.2/istack-commons-tools-4.1.2.jar:/home/runner/.m2/repository/com/sun/xml/bind/external/relaxng-datatype/4.0.5/relaxng-datatype-4.0.5.jar:/home/runner/.m2/repository/com/sun/xml/bind/external/rngom/4.0.5/rngom-4.0.5.jar:/home/runner/.m2/repository/org/testcontainers/mssqlserver/1.20.6/mssqlserver-1.20.6.jar:/home/runner/.m2/repository/org/testcontainers/jdbc/1.20.6/jdbc-1.20.6.jar:/home/runner/.m2/repository/org/testcontainers/database-commons/1.20.6/database-commons-1.20.6.jar:/home/runner/.m2/repository/org/testcontainers/mysql/1.20.6/mysql-1.20.6.jar:/home/runner/.m2/repository/io/strimzi/strimzi-test-container/0.111.0/strimzi-test-container-0.111.0.jar:/home/runner/.m2/repository/org/testcontainers/toxiproxy/1.20.6/toxiproxy-1.20.6.jar:/home/runner/.m2/repository/com/github/docker-java/docker-java-api/3.4.1/docker-java-api-3.4.1.jar:/home/runner/.m2/repository/org/apache/logging/log4j/log4j-slf4j-impl/2.19.0/log4j-slf4j-impl-2.19.0.jar:/home/runner/.m2/repository/org/apache/logging/log4j/log4j-api/2.24.3/log4j-api-2.24.3.jar:/home/runner/.m2/repository/org/apache/logging/log4j/log4j-core/2.19.0/log4j-core-2.19.0.jar:/home/runner/.m2/repository/eu/rekawek/toxiproxy/toxiproxy-java/2.1.7/toxiproxy-java-2.1.7.jar:/home/runner/.m2/repository/org/testcontainers/pulsar/1.21.3/pulsar-1.21.3.jar:/home/runner/.m2/repository/io/debezium/debezium-testing-testcontainers/2.7.4.Final/debezium-testing-testcontainers-2.7.4.Final.jar:/home/runner/.m2/repository/org/testcontainers/kafka/1.20.6/kafka-1.20.6.jar:/home/runner/.m2/repository/com/squareup/okhttp3/okhttp/4.8.1/okhttp-4.8.1.jar:/home/runner/.m2/repository/com/squareup/okio/okio/3.10.2/okio-3.10.2.jar:/home/runner/.m2/repository/com/squareup/okio/okio-jvm/3.10.2/okio-jvm-3.10.2.jar:/home/runner/.m2/repository/org/jetbrains/kotlin/kotlin-stdlib/2.0.21/kotlin-stdlib-2.0.21.jar:/home/runner/.m2/repository/org/awaitility/awaitility/4.3.0/awaitility-4.3.0.jar:/home/runner/.m2/repository/org/testcontainers/mongodb/1.20.6/mongodb-1.20.6.jar:/home/runner/.m2/repository/org/testcontainers/mariadb/1.20.6/mariadb-1.20.6.jar:/home/runner/.m2/repository/org/testcontainers/oracle-xe/1.20.6/oracle-xe-1.20.6.jar:/home/runner/.m2/repository/org/testcontainers/postgresql/1.20.6/postgresql-1.20.6.jar:/home/runner/.m2/repository/org/wiremock/wiremock/3.0.1/wiremock-3.0.1.jar:/home/runner/.m2/repository/org/eclipse/jetty/jetty-server/11.0.15/jetty-server-11.0.15.jar:/home/runner/.m2/repository/org/eclipse/jetty/toolchain/jetty-jakarta-servlet-api/5.0.2/jetty-jakarta-servlet-api-5.0.2.jar:/home/runner/.m2/repository/org/eclipse/jetty/jetty-http/11.0.15/jetty-http-11.0.15.jar:/home/runner/.m2/repository/org/eclipse/jetty/jetty-io/11.0.15/jetty-io-11.0.15.jar:/home/runner/.m2/repository/org/eclipse/jetty/jetty-servlet/11.0.15/jetty-servlet-11.0.15.jar:/home/runner/.m2/repository/org/eclipse/jetty/jetty-security/11.0.15/jetty-security-11.0.15.jar:/home/runner/.m2/repository/org/eclipse/jetty/jetty-servlets/11.0.15/jetty-servlets-11.0.15.jar:/home/runner/.m2/repository/org/eclipse/jetty/jetty-util/11.0.15/jetty-util-11.0.15.jar:/home/runner/.m2/repository/org/eclipse/jetty/jetty-webapp/11.0.15/jetty-webapp-11.0.15.jar:/home/runner/.m2/repository/org/eclipse/jetty/jetty-xml/11.0.15/jetty-xml-11.0.15.jar:/home/runner/.m2/repository/org/eclipse/jetty/jetty-proxy/11.0.15/jetty-proxy-11.0.15.jar:/home/runner/.m2/repository/org/eclipse/jetty/jetty-client/11.0.15/jetty-client-11.0.15.jar:/home/runner/.m2/repository/org/eclipse/jetty/http2/http2-server/11.0.15/http2-server-11.0.15.jar:/home/runner/.m2/repository/org/eclipse/jetty/http2/http2-common/11.0.15/http2-common-11.0.15.jar:/home/runner/.m2/repository/org/eclipse/jetty/http2/http2-hpack/11.0.15/http2-hpack-11.0.15.jar:/home/runner/.m2/repository/org/eclipse/jetty/jetty-alpn-server/11.0.15/jetty-alpn-server-11.0.15.jar:/home/runner/.m2/repository/org/eclipse/jetty/jetty-alpn-java-server/11.0.15/jetty-alpn-java-server-11.0.15.jar:/home/runner/.m2/repository/org/eclipse/jetty/jetty-alpn-java-client/11.0.15/jetty-alpn-java-client-11.0.15.jar:/home/runner/.m2/repository/org/eclipse/jetty/jetty-alpn-client/11.0.15/jetty-alpn-client-11.0.15.jar:/home/runner/.m2/repository/org/apache/httpcomponents/client5/httpclient5/5.2.1/httpclient5-5.2.1.jar:/home/runner/.m2/repository/org/apache/httpcomponents/core5/httpcore5/5.2/httpcore5-5.2.jar:/home/runner/.m2/repository/org/apache/httpcomponents/core5/httpcore5-h2/5.2/httpcore5-h2-5.2.jar:/home/runner/.m2/repository/org/xmlunit/xmlunit-core/2.9.1/xmlunit-core-2.9.1.jar:/home/runner/.m2/repository/jakarta/xml/bind/jakarta.xml.bind-api/4.0.2/jakarta.xml.bind-api-4.0.2.jar:/home/runner/.m2/repository/org/xmlunit/xmlunit-legacy/2.9.1/xmlunit-legacy-2.9.1.jar:/home/runner/.m2/repository/org/xmlunit/xmlunit-placeholders/2.9.1/xmlunit-placeholders-2.9.1.jar:/home/runner/.m2/repository/net/javacrumbs/json-unit/json-unit-core/2.38.0/json-unit-core-2.38.0.jar:/home/runner/.m2/repository/org/hamcrest/hamcrest-core/2.2/hamcrest-core-2.2.jar:/home/runner/.m2/repository/com/jayway/jsonpath/json-path/2.8.0/json-path-2.8.0.jar:/home/runner/.m2/repository/net/minidev/json-smart/2.4.10/json-smart-2.4.10.jar:/home/runner/.m2/repository/net/minidev/accessors-smart/2.4.9/accessors-smart-2.4.9.jar:/home/runner/.m2/repository/org/ow2/asm/asm/9.7.1/asm-9.7.1.jar:/home/runner/.m2/repository/net/sf/jopt-simple/jopt-simple/5.0.4/jopt-simple-5.0.4.jar:/home/runner/.m2/repository/com/github/jknack/handlebars/4.3.1/handlebars-4.3.1.jar:/home/runner/.m2/repository/com/github/jknack/handlebars-helpers/4.3.1/handlebars-helpers-4.3.1.jar:/home/runner/.m2/repository/commons-fileupload/commons-fileupload/1.5/commons-fileupload-1.5.jar:/home/runner/.m2/repository/com/networknt/json-schema-validator/1.5.8/json-schema-validator-1.5.8.jar:/home/runner/.m2/repository/com/ethlo/time/itu/1.10.3/itu-1.10.3.jar:/home/runner/.m2/repository/io/quarkus/quarkus-smallrye-jwt-build/3.20.2/quarkus-smallrye-jwt-build-3.20.2.jar:/home/runner/.m2/repository/io/smallrye/smallrye-jwt-build/4.6.2/smallrye-jwt-build-4.6.2.jar:/home/runner/.m2/repository/org/eclipse/microprofile/jwt/microprofile-jwt-auth-api/2.1/microprofile-jwt-auth-api-2.1.jar:/home/runner/.m2/repository/org/bitbucket/b_c/jose4j/0.9.6/jose4j-0.9.6.jar:/home/runner/.m2/repository/io/smallrye/smallrye-jwt-common/4.6.2/smallrye-jwt-common-4.6.2.jar:/home/runner/.m2/repository/io/quarkus/quarkus-jsonp/3.20.2/quarkus-jsonp-3.20.2.jar:/home/runner/.m2/repository/io/quarkus/quarkus-arc/3.20.2/quarkus-arc-3.20.2.jar:/home/runner/.m2/repository/io/quarkus/arc/arc/3.20.2/arc-3.20.2.jar:/home/runner/.m2/repository/jakarta/transaction/jakarta.transaction-api/2.0.1/jakarta.transaction-api-2.0.1.jar:/home/runner/.m2/repository/io/smallrye/reactive/mutiny/2.9.2/mutiny-2.9.2.jar:/home/runner/.m2/repository/org/jctools/jctools-core/4.0.5/jctools-core-4.0.5.jar:/home/runner/.m2/repository/org/eclipse/microprofile/context-propagation/microprofile-context-propagation-api/1.3/microprofile-context-propagation-api-1.3.jar:/home/runner/.m2/repository/io/apicurio/apicurio-common-rest-client-common/0.1.18.Final/apicurio-common-rest-client-common-0.1.18.Final.jar:/home/runner/work/apicurio-testing/apicurio-testing/clusters/ci419/namespaces/inmemory/tests/integration/apicurio-registry/utils/maven-plugin/target/apicurio-registry-maven-plugin-3.0.12-SNAPSHOT.jar:/home/runner/.m2/repository/com/fasterxml/jackson/core/jackson-databind/2.18.2/jackson-databind-2.18.2.jar:/home/runner/.m2/repository/org/apache/avro/avro/1.12.0/avro-1.12.0.jar:/home/runner/.m2/repository/com/google/protobuf/protobuf-java/4.31.1/protobuf-java-4.31.1.jar:/home/runner/.m2/repository/com/google/protobuf/protobuf-java-util/4.31.1/protobuf-java-util-4.31.1.jar:/home/runner/.m2/repository/com/google/code/findbugs/jsr305/3.0.2/jsr305-3.0.2.jar:/home/runner/.m2/repository/com/google/code/gson/gson/2.12.1/gson-2.12.1.jar:/home/runner/.m2/repository/com/google/errorprone/error_prone_annotations/2.36.0/error_prone_annotations-2.36.0.jar:/home/runner/.m2/repository/com/google/j2objc/j2objc-annotations/2.8/j2objc-annotations-2.8.jar:/home/runner/work/apicurio-testing/apicurio-testing/clusters/ci419/namespaces/inmemory/tests/integration/apicurio-registry/schema-util/util-provider/target/apicurio-registry-schema-util-provider-3.0.12-SNAPSHOT.jar:/home/runner/work/apicurio-testing/apicurio-testing/clusters/ci419/namespaces/inmemory/tests/integration/apicurio-registry/schema-util/common/target/apicurio-registry-schema-util-common-3.0.12-SNAPSHOT.jar:/home/runner/.m2/repository/com/fasterxml/jackson/module/jackson-module-parameter-names/2.18.2/jackson-module-parameter-names-2.18.2.jar:/home/runner/.m2/repository/com/fasterxml/jackson/datatype/jackson-datatype-json-org/2.18.2/jackson-datatype-json-org-2.18.2.jar:/home/runner/work/apicurio-testing/apicurio-testing/clusters/ci419/namespaces/inmemory/tests/integration/apicurio-registry/schema-util/json/target/apicurio-registry-schema-util-json-3.0.12-SNAPSHOT.jar:/home/runner/.m2/repository/com/github/erosb/everit-json-schema/1.14.5/everit-json-schema-1.14.5.jar:/home/runner/.m2/repository/commons-validator/commons-validator/1.9.0/commons-validator-1.9.0.jar:/home/runner/.m2/repository/commons-digester/commons-digester/2.1/commons-digester-2.1.jar:/home/runner/.m2/repository/commons-collections/commons-collections/3.2.2/commons-collections-3.2.2.jar:/home/runner/.m2/repository/com/damnhandy/handy-uri-templates/2.1.8/handy-uri-templates-2.1.8.jar:/home/runner/.m2/repository/joda-time/joda-time/2.10.2/joda-time-2.10.2.jar:/home/runner/.m2/repository/com/github/erosb/json-sKema/0.20.0/json-sKema-0.20.0.jar:/home/runner/.m2/repository/io/vertx/vertx-json-schema/4.5.16/vertx-json-schema-4.5.16.jar:/home/runner/work/apicurio-testing/apicurio-testing/clusters/ci419/namespaces/inmemory/tests/integration/apicurio-registry/schema-util/protobuf/target/apicurio-registry-schema-util-protobuf-3.0.12-SNAPSHOT.jar:/home/runner/work/apicurio-testing/apicurio-testing/clusters/ci419/namespaces/inmemory/tests/integration/apicurio-registry/utils/protobuf-schema-utilities/target/apicurio-registry-protobuf-schema-utilities-3.0.12-SNAPSHOT.jar:/home/runner/.m2/repository/com/google/api/grpc/proto-google-common-protos/2.52.0/proto-google-common-protos-2.52.0.jar:/home/runner/.m2/repository/com/squareup/wire/wire-schema-jvm/5.3.3/wire-schema-jvm-5.3.3.jar:/home/runner/.m2/repository/com/palantir/javapoet/javapoet/0.6.0/javapoet-0.6.0.jar:/home/runner/.m2/repository/com/squareup/kotlinpoet-jvm/2.0.0/kotlinpoet-jvm-2.0.0.jar:/home/runner/.m2/repository/org/jetbrains/kotlin/kotlin-reflect/2.0.21/kotlin-reflect-2.0.21.jar:/home/runner/.m2/repository/com/squareup/wire/wire-runtime-jvm/5.3.3/wire-runtime-jvm-5.3.3.jar:/home/runner/.m2/repository/com/ibm/icu/icu4j/76.1/icu4j-76.1.jar:/home/runner/.m2/repository/com/squareup/okio/okio-fakefilesystem/3.10.2/okio-fakefilesystem-3.10.2.jar:/home/runner/.m2/repository/com/squareup/okio/okio-fakefilesystem-jvm/3.10.2/okio-fakefilesystem-jvm-3.10.2.jar:/home/runner/.m2/repository/org/jetbrains/kotlinx/kotlinx-datetime-jvm/0.6.1/kotlinx-datetime-jvm-0.6.1.jar:/home/runner/work/apicurio-testing/apicurio-testing/clusters/ci419/namespaces/inmemory/tests/integration/apicurio-registry/schema-util/asyncapi/target/apicurio-registry-schema-util-asyncapi-3.0.12-SNAPSHOT.jar:/home/runner/work/apicurio-testing/apicurio-testing/clusters/ci419/namespaces/inmemory/tests/integration/apicurio-registry/schema-util/avro/target/apicurio-registry-schema-util-avro-3.0.12-SNAPSHOT.jar:/home/runner/work/apicurio-testing/apicurio-testing/clusters/ci419/namespaces/inmemory/tests/integration/apicurio-registry/schema-util/graphql/target/apicurio-registry-schema-util-graphql-3.0.12-SNAPSHOT.jar:/home/runner/.m2/repository/com/graphql-java/graphql-java/22.4/graphql-java-22.4.jar:/home/runner/.m2/repository/com/graphql-java/java-dataloader/3.3.0/java-dataloader-3.3.0.jar:/home/runner/work/apicurio-testing/apicurio-testing/clusters/ci419/namespaces/inmemory/tests/integration/apicurio-registry/schema-util/kconnect/target/apicurio-registry-schema-util-kconnect-3.0.12-SNAPSHOT.jar:/home/runner/work/apicurio-testing/apicurio-testing/clusters/ci419/namespaces/inmemory/tests/integration/apicurio-registry/schema-util/openapi/target/apicurio-registry-schema-util-openapi-3.0.12-SNAPSHOT.jar:/home/runner/.m2/repository/io/apicurio/apicurio-data-models/2.2.2/apicurio-data-models-2.2.2.jar:/home/runner/.m2/repository/org/openapitools/openapidiff/openapi-diff-core/2.1.2/openapi-diff-core-2.1.2.jar:/home/runner/.m2/repository/io/swagger/parser/v3/swagger-parser/2.1.28/swagger-parser-2.1.28.jar:/home/runner/.m2/repository/io/swagger/parser/v3/swagger-parser-v2-converter/2.1.28/swagger-parser-v2-converter-2.1.28.jar:/home/runner/.m2/repository/io/swagger/swagger-core/1.6.16/swagger-core-1.6.16.jar:/home/runner/.m2/repository/io/swagger/swagger-models/1.6.16/swagger-models-1.6.16.jar:/home/runner/.m2/repository/io/swagger/swagger-annotations/1.6.16/swagger-annotations-1.6.16.jar:/home/runner/.m2/repository/io/swagger/swagger-parser/1.0.75/swagger-parser-1.0.75.jar:/home/runner/.m2/repository/io/swagger/swagger-parser-safe-url-resolver/1.0.75/swagger-parser-safe-url-resolver-1.0.75.jar:/home/runner/.m2/repository/io/swagger/swagger-compat-spec-parser/1.0.75/swagger-compat-spec-parser-1.0.75.jar:/home/runner/.m2/repository/com/github/java-json-tools/json-schema-validator/2.2.14/json-schema-validator-2.2.14.jar:/home/runner/.m2/repository/com/github/java-json-tools/jackson-coreutils-equivalence/1.0/jackson-coreutils-equivalence-1.0.jar:/home/runner/.m2/repository/com/github/java-json-tools/json-schema-core/1.2.14/json-schema-core-1.2.14.jar:/home/runner/.m2/repository/com/github/java-json-tools/uri-template/0.10/uri-template-0.10.jar:/home/runner/.m2/repository/com/googlecode/libphonenumber/libphonenumber/8.11.1/libphonenumber-8.11.1.jar:/home/runner/.m2/repository/com/j2html/j2html/1.6.0/j2html-1.6.0.jar:/home/runner/.m2/repository/org/apache/commons/commons-collections4/4.5.0/commons-collections4-4.5.0.jar:/home/runner/.m2/repository/org/slf4j/jcl-over-slf4j/2.0.17/jcl-over-slf4j-2.0.17.jar:/home/runner/.m2/repository/io/swagger/parser/v3/swagger-parser-v3/2.1.31/swagger-parser-v3-2.1.31.jar:/home/runner/.m2/repository/io/swagger/core/v3/swagger-models/2.2.34/swagger-models-2.2.34.jar:/home/runner/.m2/repository/io/swagger/core/v3/swagger-core/2.2.34/swagger-core-2.2.34.jar:/home/runner/.m2/repository/io/swagger/parser/v3/swagger-parser-core/2.1.31/swagger-parser-core-2.1.31.jar:/home/runner/.m2/repository/io/swagger/parser/v3/swagger-parser-safe-url-resolver/2.1.31/swagger-parser-safe-url-resolver-2.1.31.jar:/home/runner/work/apicurio-testing/apicurio-testing/clusters/ci419/namespaces/inmemory/tests/integration/apicurio-registry/schema-util/wsdl/target/apicurio-registry-schema-util-wsdl-3.0.12-SNAPSHOT.jar:/home/runner/.m2/repository/wsdl4j/wsdl4j/1.6.3/wsdl4j-1.6.3.jar:/home/runner/work/apicurio-testing/apicurio-testing/clusters/ci419/namespaces/inmemory/tests/integration/apicurio-registry/schema-util/xml/target/apicurio-registry-schema-util-xml-3.0.12-SNAPSHOT.jar:/home/runner/.m2/repository/org/apache/santuario/xmlsec/4.0.4/xmlsec-4.0.4.jar:/home/runner/.m2/repository/com/fasterxml/woodstox/woodstox-core/7.1.1/woodstox-core-7.1.1.jar:/home/runner/.m2/repository/org/codehaus/woodstox/stax2-api/4.2.2/stax2-api-4.2.2.jar:/home/runner/work/apicurio-testing/apicurio-testing/clusters/ci419/namespaces/inmemory/tests/integration/apicurio-registry/schema-util/xsd/target/apicurio-registry-schema-util-xsd-3.0.12-SNAPSHOT.jar:/home/runner/work/apicurio-testing/apicurio-testing/clusters/ci419/namespaces/inmemory/tests/integration/apicurio-registry/serdes/kafka/jsonschema-serde/target/apicurio-registry-jsonschema-serde-kafka-3.0.12-SNAPSHOT.jar:/home/runner/work/apicurio-testing/apicurio-testing/clusters/ci419/namespaces/inmemory/tests/integration/apicurio-registry/serdes/kafka/serde-kafka-common/target/apicurio-registry-serde-kafka-common-3.0.12-SNAPSHOT.jar:/home/runner/work/apicurio-testing/apicurio-testing/clusters/ci419/namespaces/inmemory/tests/integration/apicurio-registry/serdes/generic/serde-common/target/apicurio-registry-serde-common-3.0.12-SNAPSHOT.jar:/home/runner/work/apicurio-testing/apicurio-testing/clusters/ci419/namespaces/inmemory/tests/integration/apicurio-registry/serdes/generic/serde-common-jsonschema/target/apicurio-registry-serde-common-jsonschema-3.0.12-SNAPSHOT.jar:/home/runner/.m2/repository/org/json/json/20250107/json-20250107.jar:/home/runner/work/apicurio-testing/apicurio-testing/clusters/ci419/namespaces/inmemory/tests/integration/apicurio-registry/serdes/kafka/avro-serde/target/apicurio-registry-avro-serde-kafka-3.0.12-SNAPSHOT.jar:/home/runner/work/apicurio-testing/apicurio-testing/clusters/ci419/namespaces/inmemory/tests/integration/apicurio-registry/serdes/generic/serde-common-avro/target/apicurio-registry-serde-common-avro-3.0.12-SNAPSHOT.jar:/home/runner/work/apicurio-testing/apicurio-testing/clusters/ci419/namespaces/inmemory/tests/integration/apicurio-registry/serdes/kafka/protobuf-serde/target/apicurio-registry-protobuf-serde-kafka-3.0.12-SNAPSHOT.jar:/home/runner/work/apicurio-testing/apicurio-testing/clusters/ci419/namespaces/inmemory/tests/integration/apicurio-registry/serdes/generic/serde-common-protobuf/target/apicurio-registry-serde-common-protobuf-3.0.12-SNAPSHOT.jar:/home/runner/.m2/repository/com/squareup/wire/wire-schema/5.3.3/wire-schema-5.3.3.jar:/home/runner/.m2/repository/com/squareup/wire/wire-runtime/5.3.3/wire-runtime-5.3.3.jar:/home/runner/work/apicurio-testing/apicurio-testing/clusters/ci419/namespaces/inmemory/tests/integration/apicurio-registry/serdes/pulsar/avro-serde/target/apicurio-registry-avro-serde-pulsar-3.0.12-SNAPSHOT.jar:/home/runner/.m2/repository/org/apache/pulsar/pulsar-functions-api/3.3.8/pulsar-functions-api-3.3.8.jar:/home/runner/work/apicurio-testing/apicurio-testing/clusters/ci419/namespaces/inmemory/tests/integration/apicurio-registry/serdes/nats/avro-serde/target/apicurio-registry-avro-serde-nats-3.0.12-SNAPSHOT.jar:/home/runner/.m2/repository/io/nats/jnats/2.21.4/jnats-2.21.4.jar:/home/runner/.m2/repository/org/bouncycastle/bcprov-lts8on/2.73.7/bcprov-lts8on-2.73.7.jar:/home/runner/.m2/repository/org/jetbrains/annotations/26.0.2/annotations-26.0.2.jar:/home/runner/work/apicurio-testing/apicurio-testing/clusters/ci419/namespaces/inmemory/tests/integration/apicurio-registry/utils/converter/target/apicurio-registry-utils-converter-3.0.12-SNAPSHOT.jar:/home/runner/work/apicurio-testing/apicurio-testing/clusters/ci419/namespaces/inmemory/tests/integration/apicurio-registry/schema-resolver/target/apicurio-registry-schema-resolver-3.0.12-SNAPSHOT.jar:/home/runner/.m2/repository/org/apache/kafka/connect-api/3.9.1/connect-api-3.9.1.jar:/home/runner/.m2/repository/javax/ws/rs/javax.ws.rs-api/2.1.1/javax.ws.rs-api-2.1.1.jar:/home/runner/.m2/repository/org/apache/kafka/connect-json/3.9.1/connect-json-3.9.1.jar:/home/runner/.m2/repository/com/fasterxml/jackson/datatype/jackson-datatype-jdk8/2.18.2/jackson-datatype-jdk8-2.18.2.jar:/home/runner/.m2/repository/com/fasterxml/jackson/module/jackson-module-afterburner/2.18.2/jackson-module-afterburner-2.18.2.jar:/home/runner/work/apicurio-testing/apicurio-testing/clusters/ci419/namespaces/inmemory/tests/integration/apicurio-registry/utils/kafka/target/apicurio-registry-utils-kafka-3.0.12-SNAPSHOT.jar:/home/runner/.m2/repository/org/apache/pulsar/pulsar-client/3.3.8/pulsar-client-3.3.8.jar:/home/runner/.m2/repository/org/apache/pulsar/pulsar-client-api/3.3.8/pulsar-client-api-3.3.8.jar:/home/runner/.m2/repository/org/apache/pulsar/pulsar-client-admin-api/3.3.8/pulsar-client-admin-api-3.3.8.jar:/home/runner/.m2/repository/org/apache/pulsar/bouncy-castle-bc/3.3.8/bouncy-castle-bc-3.3.8-pkg.jar:/home/runner/.m2/repository/org/bouncycastle/bcpkix-jdk18on/1.81/bcpkix-jdk18on-1.81.jar:/home/runner/.m2/repository/org/bouncycastle/bcutil-jdk18on/1.81/bcutil-jdk18on-1.81.jar:/home/runner/.m2/repository/org/bouncycastle/bcprov-jdk18on/1.81/bcprov-jdk18on-1.81.jar:/home/runner/.m2/repository/io/opentelemetry/opentelemetry-api/1.44.1/opentelemetry-api-1.44.1.jar:/home/runner/.m2/repository/io/opentelemetry/opentelemetry-context/1.44.1/opentelemetry-context-1.44.1.jar:/home/runner/.m2/repository/io/opentelemetry/opentelemetry-api-incubator/1.44.1-alpha/opentelemetry-api-incubator-1.44.1-alpha.jar:/home/runner/.m2/repository/com/fasterxml/jackson/core/jackson-annotations/2.18.2/jackson-annotations-2.18.2.jar:/home/runner/.m2/repository/javax/validation/validation-api/1.1.0.Final/validation-api-1.1.0.Final.jar:/home/runner/.m2/repository/org/jspecify/jspecify/1.0.0/jspecify-1.0.0.jar:/home/runner/.m2/repository/org/apache/commons/commons-configuration2/2.12.0/commons-configuration2-2.12.0.jar:/home/runner/.m2/repository/commons-logging/commons-logging/1.3.5/commons-logging-1.3.5.jar:/home/runner/.m2/repository/org/apache/commons/commons-text/1.13.0/commons-text-1.13.0.jar:/home/runner/.m2/repository/io/confluent/kafka-avro-serializer/8.0.0/kafka-avro-serializer-8.0.0.jar:/home/runner/.m2/repository/org/apache/commons/commons-compress/1.27.1/commons-compress-1.27.1.jar:/home/runner/.m2/repository/io/confluent/kafka-schema-serializer/8.0.0/kafka-schema-serializer-8.0.0.jar:/home/runner/.m2/repository/com/fasterxml/jackson/dataformat/jackson-dataformat-csv/2.18.2/jackson-dataformat-csv-2.18.2.jar:/home/runner/.m2/repository/io/confluent/kafka-schema-registry-client/8.0.0/kafka-schema-registry-client-8.0.0.jar:/home/runner/.m2/repository/org/yaml/snakeyaml/2.3/snakeyaml-2.3.jar:/home/runner/.m2/repository/io/swagger/core/v3/swagger-annotations/2.2.29/swagger-annotations-2.2.29.jar:/home/runner/.m2/repository/com/google/guava/guava/33.4.0-jre/guava-33.4.0-jre.jar:/home/runner/.m2/repository/com/google/guava/failureaccess/1.0.1/failureaccess-1.0.1.jar:/home/runner/.m2/repository/org/checkerframework/checker-qual/3.49.0/checker-qual-3.49.0.jar:/home/runner/.m2/repository/io/confluent/logredactor/1.0.13/logredactor-1.0.13.jar:/home/runner/.m2/repository/com/google/re2j/re2j/1.6/re2j-1.6.jar:/home/runner/.m2/repository/io/confluent/logredactor-metrics/1.0.13/logredactor-metrics-1.0.13.jar:/home/runner/.m2/repository/com/eclipsesource/minimal-json/minimal-json/0.9.5/minimal-json-0.9.5.jar:/home/runner/.m2/repository/io/confluent/common-utils/8.0.0/common-utils-8.0.0.jar:/home/runner/.m2/repository/io/confluent/kafka-connect-avro-converter/8.0.0/kafka-connect-avro-converter-8.0.0.jar:/home/runner/.m2/repository/io/confluent/kafka-connect-avro-data/8.0.0/kafka-connect-avro-data-8.0.0.jar:/home/runner/.m2/repository/io/confluent/kafka-schema-converter/8.0.0/kafka-schema-converter-8.0.0.jar:/home/runner/.m2/repository/io/rest-assured/rest-assured/5.5.1/rest-assured-5.5.1.jar:/home/runner/.m2/repository/org/apache/groovy/groovy/4.0.22/groovy-4.0.22.jar:/home/runner/.m2/repository/org/apache/groovy/groovy-xml/4.0.22/groovy-xml-4.0.22.jar:/home/runner/.m2/repository/org/apache/httpcomponents/httpclient/4.5.14/httpclient-4.5.14.jar:/home/runner/.m2/repository/org/apache/httpcomponents/httpcore/4.4.16/httpcore-4.4.16.jar:/home/runner/.m2/repository/org/apache/httpcomponents/httpmime/4.5.14/httpmime-4.5.14.jar:/home/runner/.m2/repository/org/hamcrest/hamcrest/2.2/hamcrest-2.2.jar:/home/runner/.m2/repository/org/ccil/cowan/tagsoup/tagsoup/1.2.1/tagsoup-1.2.1.jar:/home/runner/.m2/repository/io/rest-assured/json-path/5.5.1/json-path-5.5.1.jar:/home/runner/.m2/repository/org/apache/groovy/groovy-json/4.0.22/groovy-json-4.0.22.jar:/home/runner/.m2/repository/io/rest-assured/rest-assured-common/5.5.1/rest-assured-common-5.5.1.jar:/home/runner/.m2/repository/io/rest-assured/xml-path/5.5.1/xml-path-5.5.1.jar:/home/runner/.m2/repository/io/zonky/test/embedded-postgres/2.1.0/embedded-postgres-2.1.0.jar:/home/runner/.m2/repository/io/zonky/test/postgres/embedded-postgres-binaries-windows-amd64/14.15.0/embedded-postgres-binaries-windows-amd64-14.15.0.jar:/home/runner/.m2/repository/io/zonky/test/postgres/embedded-postgres-binaries-darwin-amd64/14.15.0/embedded-postgres-binaries-darwin-amd64-14.15.0.jar:/home/runner/.m2/repository/io/zonky/test/postgres/embedded-postgres-binaries-linux-amd64/14.15.0/embedded-postgres-binaries-linux-amd64-14.15.0.jar:/home/runner/.m2/repository/io/zonky/test/postgres/embedded-postgres-binaries-linux-amd64-alpine/14.15.0/embedded-postgres-binaries-linux-amd64-alpine-14.15.0.jar:/home/runner/.m2/repository/org/apache/commons/commons-lang3/3.17.0/commons-lang3-3.17.0.jar:/home/runner/.m2/repository/org/tukaani/xz/1.10/xz-1.10.jar:/home/runner/.m2/repository/commons-codec/commons-codec/1.19.0/commons-codec-1.19.0.jar:/home/runner/.m2/repository/org/postgresql/postgresql/42.7.7/postgresql-42.7.7.jar:/home/runner/.m2/repository/commons-io/commons-io/2.18.0/commons-io-2.18.0.jar:/home/runner/work/apicurio-testing/apicurio-testing/clusters/ci419/namespaces/inmemory/tests/integration/apicurio-registry/utils/importexport/target/apicurio-registry-utils-import-export-3.0.12-SNAPSHOT.jar:/home/runner/.m2/repository/io/vertx/vertx-core/4.5.16/vertx-core-4.5.16.jar:/home/runner/.m2/repository/io/netty/netty-common/4.1.121.Final/netty-common-4.1.121.Final.jar:/home/runner/.m2/repository/io/netty/netty-buffer/4.1.121.Final/netty-buffer-4.1.121.Final.jar:/home/runner/.m2/repository/io/netty/netty-transport/4.1.121.Final/netty-transport-4.1.121.Final.jar:/home/runner/.m2/repository/io/netty/netty-handler/4.1.121.Final/netty-handler-4.1.121.Final.jar:/home/runner/.m2/repository/io/netty/netty-transport-native-unix-common/4.1.121.Final/netty-transport-native-unix-common-4.1.121.Final.jar:/home/runner/.m2/repository/io/netty/netty-codec/4.1.121.Final/netty-codec-4.1.121.Final.jar:/home/runner/.m2/repository/io/netty/netty-handler-proxy/4.1.121.Final/netty-handler-proxy-4.1.121.Final.jar:/home/runner/.m2/repository/io/netty/netty-codec-socks/4.1.121.Final/netty-codec-socks-4.1.121.Final.jar:/home/runner/.m2/repository/io/netty/netty-codec-http/4.1.121.Final/netty-codec-http-4.1.121.Final.jar:/home/runner/.m2/repository/io/netty/netty-codec-http2/4.1.121.Final/netty-codec-http2-4.1.121.Final.jar:/home/runner/.m2/repository/io/netty/netty-resolver/4.1.121.Final/netty-resolver-4.1.121.Final.jar:/home/runner/.m2/repository/io/netty/netty-resolver-dns/4.1.121.Final/netty-resolver-dns-4.1.121.Final.jar:/home/runner/.m2/repository/io/netty/netty-codec-dns/4.1.121.Final/netty-codec-dns-4.1.121.Final.jar:/home/runner/.m2/repository/com/fasterxml/jackson/core/jackson-core/2.18.2/jackson-core-2.18.2.jar:"/>
    <property name="sun.cpu.endian" value="little"/>
    <property name="user.home" value="/home/runner"/>
    <property name="user.language" value="en"/>
    <property name="jboss.log-version" value="false"/>
    <property name="java.specification.vendor" value="Oracle Corporation"/>
    <property name="java.version.date" value="2025-07-15"/>
    <property name="java.home" value="/usr/lib/jvm/temurin-17-jdk-amd64"/>
    <property name="file.separator" value="/"/>
    <property name="basedir" value="/home/runner/work/apicurio-testing/apicurio-testing/clusters/ci419/namespaces/inmemory/tests/integration/apicurio-registry/integration-tests"/>
    <property name="java.vm.compressedOopsMode" value="Zero based"/>
    <property name="line.separator" value="&#10;"/>
    <property name="java.specification.name" value="Java Platform API Specification"/>
    <property name="java.vm.specification.vendor" value="Oracle Corporation"/>
    <property name="quarkus.http.test-host" value="registry-app-inmemory.apps.ci419.apicurio-testing.org"/>
    <property name="surefire.real.class.path" value="/home/runner/work/apicurio-testing/apicurio-testing/clusters/ci419/namespaces/inmemory/tests/integration/apicurio-registry/integration-tests/target/surefire/surefirebooter-20250813201359982_3.jar"/>
    <property name="sun.management.compiler" value="HotSpot 64-Bit Tiered Compilers"/>
    <property name="org.eclipse.jetty.http.HttpGenerator.STRICT" value="true"/>
    <property name="java.runtime.version" value="17.0.16+8"/>
    <property name="user.name" value="runner"/>
    <property name="path.separator" value=":"/>
    <property name="os.version" value="6.8.0-1031-azure"/>
    <property name="java.runtime.name" value="OpenJDK Runtime Environment"/>
    <property name="file.encoding" value="UTF-8"/>
    <property name="jnidispatch.path" value="/home/runner/.cache/JNA/temp/jna18246258177913650330.tmp"/>
    <property name="java.vm.name" value="OpenJDK 64-Bit Server VM"/>
    <property name="jna.platform.library.path" value="/usr/lib/x86_64-linux-gnu:/lib/x86_64-linux-gnu:/usr/lib64:/lib64:/usr/lib:/lib:/lib32:/usr/local/lib:/usr/lib/x86_64-linux-gnu/libfakeroot"/>
    <property name="java.vendor.version" value="Temurin-17.0.16+8"/>
    <property name="quarkus.oidc.token-path" value="https://keycloak-inmemory.apps.ci419.apicurio-testing.org/realms/registry/protocol/openid-connect/token"/>
    <property name="quarkus.http.host" value="registry-app-inmemory.apps.ci419.apicurio-testing.org"/>
    <property name="localRepository" value="/home/runner/.m2/repository"/>
    <property name="javax.xml.xpath.XPathFactory:http://java.sun.com/jaxp/xpath/dom" value="com.sun.org.apache.xpath.internal.jaxp.XPathFactoryImpl"/>
    <property name="jna.loaded" value="true"/>
    <property name="java.vendor.url.bug" value="https://github.com/adoptium/adoptium-support/issues"/>
    <property name="jetty.git.hash" value="5bc5e562c8d05c5862505aebe5cf83a61bdbcb96"/>
    <property name="java.io.tmpdir" value="/tmp"/>
    <property name="quarkus.http.test-protocol" value="http"/>
    <property name="java.version" value="17.0.16"/>
    <property name="user.dir" value="/home/runner/work/apicurio-testing/apicurio-testing/clusters/ci419/namespaces/inmemory/tests/integration/apicurio-registry/integration-tests"/>
    <property name="os.arch" value="amd64"/>
    <property name="groups" value="( smoke | serdes | acceptance | ui)"/>
    <property name="java.vm.specification.name" value="Java Virtual Machine Specification"/>
    <property name="native.encoding" value="UTF-8"/>
    <property name="java.util.logging.manager" value="org.jboss.logmanager.LogManager"/>
    <property name="java.library.path" value="/usr/java/packages/lib:/usr/lib64:/lib64:/lib:/usr/lib"/>
    <property name="jdk.console" value="java.base"/>
    <property name="java.vm.info" value="mixed mode, sharing"/>
    <property name="java.vendor" value="Eclipse Adoptium"/>
    <property name="java.vm.version" value="17.0.16+8"/>
    <property name="java.specification.maintenance.version" value="1"/>
    <property name="sun.io.unicode.encoding" value="UnicodeLittle"/>
    <property name="javax.xml.transform.TransformerFactory" value="com.sun.org.apache.xalan.internal.xsltc.trax.TransformerFactoryImpl"/>
    <property name="java.class.version" value="61.0"/>
  </properties>
  <testcase name="testGlobalIdInHeaders" classname="io.apicurio.tests.serdes.apicurio.AvroSerdeIT" time="5.337">
    <system-out><![CDATA[**** Registry Base URL: http://registry-app-inmemory.apps.ci419.apicurio-testing.org:80
**** Registry Base URL: http://registry-app-inmemory.apps.ci419.apicurio-testing.org:80
2025-08-13 20:14:08,855 INFO  [io.api.tes.ser.api.AvroSerdeIT] (main) RestAssured configured with http://registry-app-inmemory.apps.ci419.apicurio-testing.org:80/apis/registry/v3
2025-08-13 20:14:08,903 INFO  [io.api.tes.uti.KafkaFacade] (main) Starting kafka container
2025-08-13 20:14:08,931 INFO  [org.tes.ima.PullPolicy] (main) Image pull policy will be performed by: DefaultPullPolicy()
2025-08-13 20:14:08,933 INFO  [org.tes.uti.ImageNameSubstitutor] (main) Image name substitution will be performed by: DefaultImageNameSubstitutor (composite of 'ConfigurationFileImageNameSubstitutor' and 'PrefixingImageNameSubstitutor')
2025-08-13 20:14:08,941 INFO  [org.tes.DockerClientFactory] (main) Testcontainers version: 1.20.6
2025-08-13 20:14:09,396 INFO  [org.tes.doc.DockerClientProviderStrategy] (main) Found Docker environment with local Unix socket (unix:///var/run/docker.sock)
2025-08-13 20:14:09,404 INFO  [org.tes.DockerClientFactory] (main) Docker host IP address is localhost
2025-08-13 20:14:09,419 INFO  [org.tes.DockerClientFactory] (main) Connected to docker: 
  Server Version: 28.0.4
  API Version: 1.48
  Operating System: Ubuntu 22.04.5 LTS
  Total Memory: 15995 MB
2025-08-13 20:14:09,454 INFO  [tc.tes.11.0] (main) Pulling docker image: testcontainers/ryuk:0.11.0. Please be patient; this may take some time but only needs to be done once.
2025-08-13 20:14:09,890 INFO  [tc.tes.11.0] (docker-java-stream--1295187651) Starting to pull image
2025-08-13 20:14:09,929 INFO  [tc.tes.11.0] (docker-java-stream--1295187651) Pulling image layers:  0 pending,  0 downloaded,  0 extracted, (0 bytes/0 bytes)
2025-08-13 20:14:10,125 INFO  [tc.tes.11.0] (docker-java-stream--1295187651) Pulling image layers:  2 pending,  1 downloaded,  0 extracted, (45 KB/? MB)
2025-08-13 20:14:10,159 INFO  [tc.tes.11.0] (docker-java-stream--1295187651) Pulling image layers:  1 pending,  2 downloaded,  0 extracted, (117 KB/? MB)
2025-08-13 20:14:10,188 INFO  [tc.tes.11.0] (docker-java-stream--1295187651) Pulling image layers:  0 pending,  3 downloaded,  0 extracted, (145 KB/10 MB)
2025-08-13 20:14:10,266 INFO  [tc.tes.11.0] (docker-java-stream--1295187651) Pulling image layers:  0 pending,  3 downloaded,  1 extracted, (3 MB/10 MB)
2025-08-13 20:14:10,677 INFO  [tc.tes.11.0] (docker-java-stream--1295187651) Pulling image layers:  0 pending,  3 downloaded,  2 extracted, (4 MB/10 MB)
2025-08-13 20:14:10,711 INFO  [tc.tes.11.0] (docker-java-stream--1295187651) Pulling image layers:  0 pending,  3 downloaded,  3 extracted, (10 MB/10 MB)
2025-08-13 20:14:10,718 INFO  [tc.tes.11.0] (main) Image testcontainers/ryuk:0.11.0 pull took PT1.263896302S
2025-08-13 20:14:10,732 INFO  [tc.tes.11.0] (main) Creating container for image: testcontainers/ryuk:0.11.0
2025-08-13 20:14:10,795 INFO  [tc.tes.11.0] (main) Container testcontainers/ryuk:0.11.0 is starting: da193876f842e18056412547afbd70fb36ece6f53e1fd580b5c1e6c0ed9dfcca
2025-08-13 20:14:11,088 INFO  [tc.tes.11.0] (main) Container testcontainers/ryuk:0.11.0 started in PT0.356469501S
2025-08-13 20:14:11,092 INFO  [org.tes.uti.RyukResourceReaper] (main) Ryuk started - will monitor and terminate Testcontainers containers on JVM exit
2025-08-13 20:14:11,093 INFO  [org.tes.DockerClientFactory] (main) Checking the system...
2025-08-13 20:14:11,093 INFO  [org.tes.DockerClientFactory] (main) ✔︎ Docker server version should be at least 1.6.0
2025-08-13 20:14:11,096 INFO  [io.str.tes.con.KafkaVersionService] (main) Latest release of Kafka is:LogicalKafkaVersionEntity{version='4.0.0', image='quay.io/strimzi-test-container/test-container:0.111.0-kafka-4.0.0'}
2025-08-13 20:14:11,096 INFO  [io.str.tes.con.KafkaVersionService] (main) Latest release of Kafka is:LogicalKafkaVersionEntity{version='4.0.0', image='quay.io/strimzi-test-container/test-container:0.111.0-kafka-4.0.0'}
2025-08-13 20:14:11,096 INFO  [io.str.tes.con.KafkaVersionService] (main) No Kafka version specified. Using latest release: 4.0.0
2025-08-13 20:14:11,100 INFO  [tc.qua.io/.111.0-k.0.0] (main) Pulling docker image: quay.io/strimzi-test-container/test-container:0.111.0-kafka-4.0.0. Please be patient; this may take some time but only needs to be done once.
2025-08-13 20:14:11,668 INFO  [tc.qua.io/.111.0-k.0.0] (docker-java-stream--29267298) Starting to pull image
2025-08-13 20:14:11,669 INFO  [tc.qua.io/.111.0-k.0.0] (docker-java-stream--29267298) Pulling image layers:  0 pending,  0 downloaded,  0 extracted, (0 bytes/0 bytes)
2025-08-13 20:14:12,080 INFO  [tc.qua.io/.111.0-k.0.0] (docker-java-stream--29267298) Pulling image layers:  6 pending,  1 downloaded,  0 extracted, (3 MB/? MB)
2025-08-13 20:14:12,233 INFO  [tc.qua.io/.111.0-k.0.0] (docker-java-stream--29267298) Pulling image layers:  5 pending,  2 downloaded,  0 extracted, (11 MB/? MB)
2025-08-13 20:14:12,458 INFO  [tc.qua.io/.111.0-k.0.0] (docker-java-stream--29267298) Pulling image layers:  4 pending,  3 downloaded,  0 extracted, (50 MB/? MB)
2025-08-13 20:14:12,792 INFO  [tc.qua.io/.111.0-k.0.0] (docker-java-stream--29267298) Pulling image layers:  3 pending,  4 downloaded,  0 extracted, (83 MB/? MB)
2025-08-13 20:14:12,939 INFO  [tc.qua.io/.111.0-k.0.0] (docker-java-stream--29267298) Pulling image layers:  2 pending,  5 downloaded,  0 extracted, (90 MB/? MB)
2025-08-13 20:14:13,379 INFO  [tc.qua.io/.111.0-k.0.0] (docker-java-stream--29267298) Pulling image layers:  2 pending,  5 downloaded,  1 extracted, (133 MB/? MB)
2025-08-13 20:14:13,633 INFO  [tc.qua.io/.111.0-k.0.0] (docker-java-stream--29267298) Pulling image layers:  1 pending,  6 downloaded,  1 extracted, (151 MB/? MB)
2025-08-13 20:14:16,578 INFO  [tc.qua.io/.111.0-k.0.0] (docker-java-stream--29267298) Pulling image layers:  1 pending,  6 downloaded,  2 extracted, (243 MB/? MB)
2025-08-13 20:14:16,604 INFO  [tc.qua.io/.111.0-k.0.0] (docker-java-stream--29267298) Pulling image layers:  1 pending,  6 downloaded,  3 extracted, (243 MB/? MB)
2025-08-13 20:14:16,620 INFO  [tc.qua.io/.111.0-k.0.0] (docker-java-stream--29267298) Pulling image layers:  1 pending,  6 downloaded,  4 extracted, (243 MB/? MB)
2025-08-13 20:14:17,219 INFO  [tc.qua.io/.111.0-k.0.0] (docker-java-stream--29267298) Pulling image layers:  1 pending,  6 downloaded,  5 extracted, (249 MB/? MB)
2025-08-13 20:14:17,243 INFO  [tc.qua.io/.111.0-k.0.0] (docker-java-stream--29267298) Pulling image layers:  1 pending,  6 downloaded,  6 extracted, (249 MB/? MB)
2025-08-13 20:14:17,264 INFO  [tc.qua.io/.111.0-k.0.0] (docker-java-stream--29267298) Pulling image layers:  1 pending,  6 downloaded,  7 extracted, (249 MB/? MB)
2025-08-13 20:14:17,270 INFO  [tc.qua.io/.111.0-k.0.0] (main) Image quay.io/strimzi-test-container/test-container:0.111.0-kafka-4.0.0 pull took PT6.169131025S
2025-08-13 20:14:17,270 INFO  [tc.qua.io/.111.0-k.0.0] (docker-java-stream--29267298) Pull complete. 7 layers, pulled in 5s (downloaded 249 MB at 49 MB/s)
2025-08-13 20:14:17,272 INFO  [tc.qua.io/.111.0-k.0.0] (main) Creating container for image: quay.io/strimzi-test-container/test-container:0.111.0-kafka-4.0.0
2025-08-13 20:14:17,334 INFO  [tc.qua.io/.111.0-k.0.0] (main) Container quay.io/strimzi-test-container/test-container:0.111.0-kafka-4.0.0 is starting: 022a66b97f7e568e9bbfcfdedf44ae2a43671ee928fc07c3b1d4ccb0feded786
2025-08-13 20:14:17,484 INFO  [io.str.tes.con.StrimziKafkaContainer] (main) Mapped port: 32769
2025-08-13 20:14:17,484 WARN  [io.str.tes.con.StrimziKafkaContainer] (main) Node ID is not set. Using broker ID 0 as the default node ID.
2025-08-13 20:14:17,485 INFO  [io.str.tes.con.StrimziKafkaContainer] (main) This is all advertised listeners for Kafka PLAINTEXT://localhost:32769,BROKER1://172.18.0.2:9091,CONTROLLER://broker-0:9094
2025-08-13 20:14:17,508 INFO  [io.str.tes.con.StrimziKafkaContainer] (main) New `cluster.id` has been generated: deU1wVjgTqiYBiPhrFjcdg
2025-08-13 20:14:17,510 INFO  [io.str.tes.con.StrimziKafkaContainer] (main) Copying command to 'STARTER_SCRIPT' script.
2025-08-13 20:14:21,700 INFO  [tc.qua.io/.111.0-k.0.0] (main) Container quay.io/strimzi-test-container/test-container:0.111.0-kafka-4.0.0 started in PT4.427488499S
2025-08-13 20:14:21,702 INFO  [io.api.tes.uti.TestSeparator] (main) ############################################################################
2025-08-13 20:14:21,702 INFO  [io.api.tes.uti.TestSeparator] (main) io.apicurio.tests.serdes.apicurio.AvroSerdeIT.testGlobalIdInHeaders-STARTED
2025-08-13 20:14:21,711 INFO  [org.apa.kaf.cli.adm.AdminClientConfig] (main) AdminClientConfig values: 
	auto.include.jmx.reporter = true
	bootstrap.controllers = []
	bootstrap.servers = [PLAINTEXT://localhost:32769]
	client.dns.lookup = use_all_dns_ips
	client.id = 
	connections.max.idle.ms = 10000
	default.api.timeout.ms = 60000
	enable.metrics.push = true
	metadata.max.age.ms = 300000
	metadata.recovery.strategy = none
	metric.reporters = []
	metrics.num.samples = 2
	metrics.recording.level = INFO
	metrics.sample.window.ms = 30000
	receive.buffer.bytes = 65536
	reconnect.backoff.max.ms = 1000
	reconnect.backoff.ms = 50
	request.timeout.ms = 5000
	retries = 2147483647
	retry.backoff.max.ms = 1000
	retry.backoff.ms = 100
	sasl.client.callback.handler.class = null
	sasl.jaas.config = null
	sasl.kerberos.kinit.cmd = /usr/bin/kinit
	sasl.kerberos.min.time.before.relogin = 60000
	sasl.kerberos.service.name = null
	sasl.kerberos.ticket.renew.jitter = 0.05
	sasl.kerberos.ticket.renew.window.factor = 0.8
	sasl.login.callback.handler.class = null
	sasl.login.class = null
	sasl.login.connect.timeout.ms = null
	sasl.login.read.timeout.ms = null
	sasl.login.refresh.buffer.seconds = 300
	sasl.login.refresh.min.period.seconds = 60
	sasl.login.refresh.window.factor = 0.8
	sasl.login.refresh.window.jitter = 0.05
	sasl.login.retry.backoff.max.ms = 10000
	sasl.login.retry.backoff.ms = 100
	sasl.mechanism = GSSAPI
	sasl.oauthbearer.clock.skew.seconds = 30
	sasl.oauthbearer.expected.audience = null
	sasl.oauthbearer.expected.issuer = null
	sasl.oauthbearer.header.urlencode = false
	sasl.oauthbearer.jwks.endpoint.refresh.ms = 3600000
	sasl.oauthbearer.jwks.endpoint.retry.backoff.max.ms = 10000
	sasl.oauthbearer.jwks.endpoint.retry.backoff.ms = 100
	sasl.oauthbearer.jwks.endpoint.url = null
	sasl.oauthbearer.scope.claim.name = scope
	sasl.oauthbearer.sub.claim.name = sub
	sasl.oauthbearer.token.endpoint.url = null
	security.protocol = PLAINTEXT
	security.providers = null
	send.buffer.bytes = 131072
	socket.connection.setup.timeout.max.ms = 30000
	socket.connection.setup.timeout.ms = 10000
	ssl.cipher.suites = null
	ssl.enabled.protocols = [TLSv1.2, TLSv1.3]
	ssl.endpoint.identification.algorithm = https
	ssl.engine.factory.class = null
	ssl.key.password = null
	ssl.keymanager.algorithm = SunX509
	ssl.keystore.certificate.chain = null
	ssl.keystore.key = null
	ssl.keystore.location = null
	ssl.keystore.password = null
	ssl.keystore.type = JKS
	ssl.protocol = TLSv1.3
	ssl.provider = null
	ssl.secure.random.implementation = null
	ssl.trustmanager.algorithm = PKIX
	ssl.truststore.certificates = null
	ssl.truststore.location = null
	ssl.truststore.password = null
	ssl.truststore.type = JKS

2025-08-13 20:14:22,082 INFO  [org.apa.kaf.com.uti.AppInfoParser] (main) Kafka version: 3.9.1
2025-08-13 20:14:22,082 INFO  [org.apa.kaf.com.uti.AppInfoParser] (main) Kafka commitId: f745dfdcee2b9851
2025-08-13 20:14:22,082 INFO  [org.apa.kaf.com.uti.AppInfoParser] (main) Kafka startTimeMs: 1755116062080
**** Registry Base URL: http://registry-app-inmemory.apps.ci419.apicurio-testing.org:80
2025-08-13 20:14:22,114 INFO  [org.apa.kaf.cli.pro.ProducerConfig] (main) ProducerConfig values: 
	acks = -1
	auto.include.jmx.reporter = true
	batch.size = 16384
	bootstrap.servers = [PLAINTEXT://localhost:32769]
	buffer.memory = 33554432
	client.dns.lookup = use_all_dns_ips
	client.id = Producer-topic-33c0ad83_e6a2_4d7a_8158_e2fa3d073dad
	compression.gzip.level = -1
	compression.lz4.level = 9
	compression.type = none
	compression.zstd.level = 3
	connections.max.idle.ms = 10000
	delivery.timeout.ms = 120000
	enable.idempotence = true
	enable.metrics.push = true
	interceptor.classes = []
	key.serializer = class org.apache.kafka.common.serialization.StringSerializer
	linger.ms = 0
	max.block.ms = 60000
	max.in.flight.requests.per.connection = 5
	max.request.size = 1048576
	metadata.max.age.ms = 300000
	metadata.max.idle.ms = 300000
	metadata.recovery.strategy = none
	metric.reporters = []
	metrics.num.samples = 2
	metrics.recording.level = INFO
	metrics.sample.window.ms = 30000
	partitioner.adaptive.partitioning.enable = true
	partitioner.availability.timeout.ms = 0
	partitioner.class = null
	partitioner.ignore.keys = false
	receive.buffer.bytes = 32768
	reconnect.backoff.max.ms = 1000
	reconnect.backoff.ms = 50
	request.timeout.ms = 5000
	retries = 2147483647
	retry.backoff.max.ms = 1000
	retry.backoff.ms = 100
	sasl.client.callback.handler.class = null
	sasl.jaas.config = null
	sasl.kerberos.kinit.cmd = /usr/bin/kinit
	sasl.kerberos.min.time.before.relogin = 60000
	sasl.kerberos.service.name = null
	sasl.kerberos.ticket.renew.jitter = 0.05
	sasl.kerberos.ticket.renew.window.factor = 0.8
	sasl.login.callback.handler.class = null
	sasl.login.class = null
	sasl.login.connect.timeout.ms = null
	sasl.login.read.timeout.ms = null
	sasl.login.refresh.buffer.seconds = 300
	sasl.login.refresh.min.period.seconds = 60
	sasl.login.refresh.window.factor = 0.8
	sasl.login.refresh.window.jitter = 0.05
	sasl.login.retry.backoff.max.ms = 10000
	sasl.login.retry.backoff.ms = 100
	sasl.mechanism = GSSAPI
	sasl.oauthbearer.clock.skew.seconds = 30
	sasl.oauthbearer.expected.audience = null
	sasl.oauthbearer.expected.issuer = null
	sasl.oauthbearer.header.urlencode = false
	sasl.oauthbearer.jwks.endpoint.refresh.ms = 3600000
	sasl.oauthbearer.jwks.endpoint.retry.backoff.max.ms = 10000
	sasl.oauthbearer.jwks.endpoint.retry.backoff.ms = 100
	sasl.oauthbearer.jwks.endpoint.url = null
	sasl.oauthbearer.scope.claim.name = scope
	sasl.oauthbearer.sub.claim.name = sub
	sasl.oauthbearer.token.endpoint.url = null
	security.protocol = PLAINTEXT
	security.providers = null
	send.buffer.bytes = 131072
	socket.connection.setup.timeout.max.ms = 30000
	socket.connection.setup.timeout.ms = 10000
	ssl.cipher.suites = null
	ssl.enabled.protocols = [TLSv1.2, TLSv1.3]
	ssl.endpoint.identification.algorithm = https
	ssl.engine.factory.class = null
	ssl.key.password = null
	ssl.keymanager.algorithm = SunX509
	ssl.keystore.certificate.chain = null
	ssl.keystore.key = null
	ssl.keystore.location = null
	ssl.keystore.password = null
	ssl.keystore.type = JKS
	ssl.protocol = TLSv1.3
	ssl.provider = null
	ssl.secure.random.implementation = null
	ssl.trustmanager.algorithm = PKIX
	ssl.truststore.certificates = null
	ssl.truststore.location = null
	ssl.truststore.password = null
	ssl.truststore.type = JKS
	transaction.timeout.ms = 60000
	transactional.id = null
	value.serializer = class io.apicurio.registry.serde.avro.AvroKafkaSerializer

2025-08-13 20:14:22,147 INFO  [org.apa.kaf.com.tel.int.KafkaMetricsCollector] (main) initializing Kafka metrics collector
2025-08-13 20:14:22,165 INFO  [org.apa.kaf.cli.pro.KafkaProducer] (main) [Producer clientId=Producer-topic-33c0ad83_e6a2_4d7a_8158_e2fa3d073dad] Instantiated an idempotent producer.
2025-08-13 20:14:22,189 INFO  [org.apa.kaf.cli.pro.ProducerConfig] (main) These configurations '[apicurio.registry.url, apicurio.registry.auto-register, apicurio.registry.use-id, apicurio.registry.artifact-resolver-strategy]' were supplied but are not used yet.
2025-08-13 20:14:22,189 INFO  [org.apa.kaf.com.uti.AppInfoParser] (main) Kafka version: 3.9.1
2025-08-13 20:14:22,189 INFO  [org.apa.kaf.com.uti.AppInfoParser] (main) Kafka commitId: f745dfdcee2b9851
2025-08-13 20:14:22,189 INFO  [org.apa.kaf.com.uti.AppInfoParser] (main) Kafka startTimeMs: 1755116062189
2025-08-13 20:14:22,190 INFO  [io.api.tes.ser.api.SimpleSerdesTesterBuilder$SimpleSerdesTester] (main) Using producer configuration: {apicurio.registry.url=http://registry-app-inmemory.apps.ci419.apicurio-testing.org:80/apis/registry/v3, apicurio.registry.auto-register=true, apicurio.registry.use-id=globalId, apicurio.registry.artifact-resolver-strategy=io.apicurio.registry.serde.strategy.TopicIdStrategy, value.serializer=io.apicurio.registry.serde.avro.AvroKafkaSerializer, request.timeout.ms=5000, acks=all, bootstrap.servers=PLAINTEXT://localhost:32769, connections.max.idle.ms=10000, key.serializer=org.apache.kafka.common.serialization.StringSerializer, client.id=Producer-topic-33c0ad83_e6a2_4d7a_8158_e2fa3d073dad}
2025-08-13 20:14:22,190 INFO  [io.api.tes.ser.api.SimpleSerdesTesterBuilder$SimpleSerdesTester] (main) Using consumer configuration: {apicurio.registry.use-id=globalId}
2025-08-13 20:14:22,194 INFO  [io.api.tes.ser.api.KafkaSerdesTester] (ForkJoinPool.commonPool-worker-1) Sending message {"key11755116062098": "value-0"} to topic topic-33c0ad83_e6a2_4d7a_8158_e2fa3d073dad
2025-08-13 20:14:22,391 WARN  [org.apa.kaf.cli.NetworkClient] (kafka-producer-network-thread | Producer-topic-33c0ad83_e6a2_4d7a_8158_e2fa3d073dad) [Producer clientId=Producer-topic-33c0ad83_e6a2_4d7a_8158_e2fa3d073dad] The metadata response from the cluster reported a recoverable issue with correlation id 1 : {topic-33c0ad83_e6a2_4d7a_8158_e2fa3d073dad=UNKNOWN_TOPIC_OR_PARTITION}
2025-08-13 20:14:22,392 INFO  [org.apa.kaf.cli.Metadata] (kafka-producer-network-thread | Producer-topic-33c0ad83_e6a2_4d7a_8158_e2fa3d073dad) [Producer clientId=Producer-topic-33c0ad83_e6a2_4d7a_8158_e2fa3d073dad] Cluster ID: deU1wVjgTqiYBiPhrFjcdg
2025-08-13 20:14:22,506 INFO  [org.apa.kaf.cli.pro.int.TransactionManager] (kafka-producer-network-thread | Producer-topic-33c0ad83_e6a2_4d7a_8158_e2fa3d073dad) [Producer clientId=Producer-topic-33c0ad83_e6a2_4d7a_8158_e2fa3d073dad] ProducerId set to 0 with epoch 0
2025-08-13 20:14:22,617 INFO  [io.api.tes.ser.api.KafkaSerdesTester] (ForkJoinPool.commonPool-worker-1) Sending message {"key11755116062098": "value-1"} to topic topic-33c0ad83_e6a2_4d7a_8158_e2fa3d073dad
2025-08-13 20:14:22,621 INFO  [io.api.tes.ser.api.KafkaSerdesTester] (ForkJoinPool.commonPool-worker-1) Sending message {"key11755116062098": "value-2"} to topic topic-33c0ad83_e6a2_4d7a_8158_e2fa3d073dad
2025-08-13 20:14:22,624 INFO  [io.api.tes.ser.api.KafkaSerdesTester] (ForkJoinPool.commonPool-worker-1) Sending message {"key11755116062098": "value-3"} to topic topic-33c0ad83_e6a2_4d7a_8158_e2fa3d073dad
2025-08-13 20:14:22,627 INFO  [io.api.tes.ser.api.KafkaSerdesTester] (ForkJoinPool.commonPool-worker-1) Sending message {"key11755116062098": "value-4"} to topic topic-33c0ad83_e6a2_4d7a_8158_e2fa3d073dad
2025-08-13 20:14:22,630 INFO  [io.api.tes.ser.api.KafkaSerdesTester] (ForkJoinPool.commonPool-worker-1) Sending message {"key11755116062098": "value-5"} to topic topic-33c0ad83_e6a2_4d7a_8158_e2fa3d073dad
2025-08-13 20:14:22,632 INFO  [io.api.tes.ser.api.KafkaSerdesTester] (ForkJoinPool.commonPool-worker-1) Sending message {"key11755116062098": "value-6"} to topic topic-33c0ad83_e6a2_4d7a_8158_e2fa3d073dad
2025-08-13 20:14:22,634 INFO  [io.api.tes.ser.api.KafkaSerdesTester] (ForkJoinPool.commonPool-worker-1) Sending message {"key11755116062098": "value-7"} to topic topic-33c0ad83_e6a2_4d7a_8158_e2fa3d073dad
2025-08-13 20:14:22,636 INFO  [io.api.tes.ser.api.KafkaSerdesTester] (ForkJoinPool.commonPool-worker-1) Sending message {"key11755116062098": "value-8"} to topic topic-33c0ad83_e6a2_4d7a_8158_e2fa3d073dad
2025-08-13 20:14:22,639 INFO  [io.api.tes.ser.api.KafkaSerdesTester] (ForkJoinPool.commonPool-worker-1) Sending message {"key11755116062098": "value-9"} to topic topic-33c0ad83_e6a2_4d7a_8158_e2fa3d073dad
2025-08-13 20:14:22,642 INFO  [io.api.tes.ser.api.KafkaSerdesTester] (ForkJoinPool.commonPool-worker-1) Produced 10 messages
2025-08-13 20:14:22,643 INFO  [org.apa.kaf.cli.pro.KafkaProducer] (ForkJoinPool.commonPool-worker-1) [Producer clientId=Producer-topic-33c0ad83_e6a2_4d7a_8158_e2fa3d073dad] Closing the Kafka producer with timeoutMillis = 9223372036854775807 ms.
2025-08-13 20:14:22,652 INFO  [org.apa.kaf.com.met.Metrics] (ForkJoinPool.commonPool-worker-1) Metrics scheduler closed
2025-08-13 20:14:22,652 INFO  [org.apa.kaf.com.met.Metrics] (ForkJoinPool.commonPool-worker-1) Closing reporter org.apache.kafka.common.metrics.JmxReporter
2025-08-13 20:14:22,652 INFO  [org.apa.kaf.com.met.Metrics] (ForkJoinPool.commonPool-worker-1) Closing reporter org.apache.kafka.common.telemetry.internals.ClientTelemetryReporter
2025-08-13 20:14:22,652 INFO  [org.apa.kaf.com.met.Metrics] (ForkJoinPool.commonPool-worker-1) Metrics reporters closed
2025-08-13 20:14:22,653 INFO  [org.apa.kaf.com.uti.AppInfoParser] (ForkJoinPool.commonPool-worker-1) App info kafka.producer for Producer-topic-33c0ad83_e6a2_4d7a_8158_e2fa3d073dad unregistered
**** Registry Base URL: http://registry-app-inmemory.apps.ci419.apicurio-testing.org:80
2025-08-13 20:14:22,714 INFO  [org.apa.kaf.cli.con.ConsumerConfig] (main) ConsumerConfig values: 
	allow.auto.create.topics = true
	auto.commit.interval.ms = 500
	auto.include.jmx.reporter = true
	auto.offset.reset = earliest
	bootstrap.servers = [PLAINTEXT://localhost:32769]
	check.crcs = true
	client.dns.lookup = use_all_dns_ips
	client.id = consumer-Consumer-topic-33c0ad83_e6a2_4d7a_8158_e2fa3d073dad-1
	client.rack = 
	connections.max.idle.ms = 10000
	default.api.timeout.ms = 60000
	enable.auto.commit = true
	enable.metrics.push = true
	exclude.internal.topics = true
	fetch.max.bytes = 52428800
	fetch.max.wait.ms = 500
	fetch.min.bytes = 1
	group.id = Consumer-topic-33c0ad83_e6a2_4d7a_8158_e2fa3d073dad
	group.instance.id = null
	group.protocol = classic
	group.remote.assignor = null
	heartbeat.interval.ms = 3000
	interceptor.classes = []
	internal.leave.group.on.close = true
	internal.throw.on.fetch.stable.offset.unsupported = false
	isolation.level = read_uncommitted
	key.deserializer = class org.apache.kafka.common.serialization.StringDeserializer
	max.partition.fetch.bytes = 1048576
	max.poll.interval.ms = 300000
	max.poll.records = 500
	metadata.max.age.ms = 300000
	metadata.recovery.strategy = none
	metric.reporters = []
	metrics.num.samples = 2
	metrics.recording.level = INFO
	metrics.sample.window.ms = 30000
	partition.assignment.strategy = [class org.apache.kafka.clients.consumer.RangeAssignor, class org.apache.kafka.clients.consumer.CooperativeStickyAssignor]
	receive.buffer.bytes = 65536
	reconnect.backoff.max.ms = 1000
	reconnect.backoff.ms = 50
	request.timeout.ms = 5000
	retry.backoff.max.ms = 1000
	retry.backoff.ms = 100
	sasl.client.callback.handler.class = null
	sasl.jaas.config = null
	sasl.kerberos.kinit.cmd = /usr/bin/kinit
	sasl.kerberos.min.time.before.relogin = 60000
	sasl.kerberos.service.name = null
	sasl.kerberos.ticket.renew.jitter = 0.05
	sasl.kerberos.ticket.renew.window.factor = 0.8
	sasl.login.callback.handler.class = null
	sasl.login.class = null
	sasl.login.connect.timeout.ms = null
	sasl.login.read.timeout.ms = null
	sasl.login.refresh.buffer.seconds = 300
	sasl.login.refresh.min.period.seconds = 60
	sasl.login.refresh.window.factor = 0.8
	sasl.login.refresh.window.jitter = 0.05
	sasl.login.retry.backoff.max.ms = 10000
	sasl.login.retry.backoff.ms = 100
	sasl.mechanism = GSSAPI
	sasl.oauthbearer.clock.skew.seconds = 30
	sasl.oauthbearer.expected.audience = null
	sasl.oauthbearer.expected.issuer = null
	sasl.oauthbearer.header.urlencode = false
	sasl.oauthbearer.jwks.endpoint.refresh.ms = 3600000
	sasl.oauthbearer.jwks.endpoint.retry.backoff.max.ms = 10000
	sasl.oauthbearer.jwks.endpoint.retry.backoff.ms = 100
	sasl.oauthbearer.jwks.endpoint.url = null
	sasl.oauthbearer.scope.claim.name = scope
	sasl.oauthbearer.sub.claim.name = sub
	sasl.oauthbearer.token.endpoint.url = null
	security.protocol = PLAINTEXT
	security.providers = null
	send.buffer.bytes = 131072
	session.timeout.ms = 45000
	socket.connection.setup.timeout.max.ms = 30000
	socket.connection.setup.timeout.ms = 10000
	ssl.cipher.suites = null
	ssl.enabled.protocols = [TLSv1.2, TLSv1.3]
	ssl.endpoint.identification.algorithm = https
	ssl.engine.factory.class = null
	ssl.key.password = null
	ssl.keymanager.algorithm = SunX509
	ssl.keystore.certificate.chain = null
	ssl.keystore.key = null
	ssl.keystore.location = null
	ssl.keystore.password = null
	ssl.keystore.type = JKS
	ssl.protocol = TLSv1.3
	ssl.provider = null
	ssl.secure.random.implementation = null
	ssl.trustmanager.algorithm = PKIX
	ssl.truststore.certificates = null
	ssl.truststore.location = null
	ssl.truststore.password = null
	ssl.truststore.type = JKS
	value.deserializer = class io.apicurio.registry.serde.avro.AvroKafkaDeserializer

2025-08-13 20:14:22,721 INFO  [org.apa.kaf.com.tel.int.KafkaMetricsCollector] (main) initializing Kafka metrics collector
2025-08-13 20:14:22,763 INFO  [org.apa.kaf.cli.con.ConsumerConfig] (main) These configurations '[apicurio.registry.url, apicurio.registry.use-id]' were supplied but are not used yet.
2025-08-13 20:14:22,764 INFO  [org.apa.kaf.com.uti.AppInfoParser] (main) Kafka version: 3.9.1
2025-08-13 20:14:22,764 INFO  [org.apa.kaf.com.uti.AppInfoParser] (main) Kafka commitId: f745dfdcee2b9851
2025-08-13 20:14:22,764 INFO  [org.apa.kaf.com.uti.AppInfoParser] (main) Kafka startTimeMs: 1755116062763
2025-08-13 20:14:22,765 INFO  [org.apa.kaf.cli.con.int.ClassicKafkaConsumer] (ForkJoinPool.commonPool-worker-1) [Consumer clientId=consumer-Consumer-topic-33c0ad83_e6a2_4d7a_8158_e2fa3d073dad-1, groupId=Consumer-topic-33c0ad83_e6a2_4d7a_8158_e2fa3d073dad] Subscribed to topic(s): topic-33c0ad83_e6a2_4d7a_8158_e2fa3d073dad
2025-08-13 20:14:22,777 INFO  [org.apa.kaf.cli.Metadata] (ForkJoinPool.commonPool-worker-1) [Consumer clientId=consumer-Consumer-topic-33c0ad83_e6a2_4d7a_8158_e2fa3d073dad-1, groupId=Consumer-topic-33c0ad83_e6a2_4d7a_8158_e2fa3d073dad] Cluster ID: deU1wVjgTqiYBiPhrFjcdg
2025-08-13 20:14:22,903 INFO  [org.apa.kaf.cli.con.int.ConsumerCoordinator] (ForkJoinPool.commonPool-worker-1) [Consumer clientId=consumer-Consumer-topic-33c0ad83_e6a2_4d7a_8158_e2fa3d073dad-1, groupId=Consumer-topic-33c0ad83_e6a2_4d7a_8158_e2fa3d073dad] Discovered group coordinator localhost:32769 (id: 2147483647 rack: null)
2025-08-13 20:14:22,914 INFO  [org.apa.kaf.cli.con.int.ConsumerCoordinator] (ForkJoinPool.commonPool-worker-1) [Consumer clientId=consumer-Consumer-topic-33c0ad83_e6a2_4d7a_8158_e2fa3d073dad-1, groupId=Consumer-topic-33c0ad83_e6a2_4d7a_8158_e2fa3d073dad] (Re-)joining group
2025-08-13 20:14:22,935 INFO  [org.apa.kaf.cli.con.int.ConsumerCoordinator] (ForkJoinPool.commonPool-worker-1) [Consumer clientId=consumer-Consumer-topic-33c0ad83_e6a2_4d7a_8158_e2fa3d073dad-1, groupId=Consumer-topic-33c0ad83_e6a2_4d7a_8158_e2fa3d073dad] Group coordinator localhost:32769 (id: 2147483647 rack: null) is unavailable or invalid due to cause: error response NOT_COORDINATOR. isDisconnected: false. Rediscovery will be attempted.
2025-08-13 20:14:22,935 INFO  [org.apa.kaf.cli.con.int.ConsumerCoordinator] (ForkJoinPool.commonPool-worker-1) [Consumer clientId=consumer-Consumer-topic-33c0ad83_e6a2_4d7a_8158_e2fa3d073dad-1, groupId=Consumer-topic-33c0ad83_e6a2_4d7a_8158_e2fa3d073dad] Requesting disconnect from last known coordinator localhost:32769 (id: 2147483647 rack: null)
2025-08-13 20:14:22,935 INFO  [org.apa.kaf.cli.con.int.ConsumerCoordinator] (ForkJoinPool.commonPool-worker-1) [Consumer clientId=consumer-Consumer-topic-33c0ad83_e6a2_4d7a_8158_e2fa3d073dad-1, groupId=Consumer-topic-33c0ad83_e6a2_4d7a_8158_e2fa3d073dad] JoinGroup failed: This is not the correct coordinator. Marking coordinator unknown. Sent generation was Generation{generationId=-1, memberId='', protocol='null'}
2025-08-13 20:14:22,936 INFO  [org.apa.kaf.cli.NetworkClient] (ForkJoinPool.commonPool-worker-1) [Consumer clientId=consumer-Consumer-topic-33c0ad83_e6a2_4d7a_8158_e2fa3d073dad-1, groupId=Consumer-topic-33c0ad83_e6a2_4d7a_8158_e2fa3d073dad] Client requested disconnect from node 2147483647
2025-08-13 20:14:22,942 INFO  [org.apa.kaf.cli.con.int.ConsumerCoordinator] (ForkJoinPool.commonPool-worker-1) [Consumer clientId=consumer-Consumer-topic-33c0ad83_e6a2_4d7a_8158_e2fa3d073dad-1, groupId=Consumer-topic-33c0ad83_e6a2_4d7a_8158_e2fa3d073dad] Discovered group coordinator localhost:32769 (id: 2147483647 rack: null)
2025-08-13 20:14:22,942 INFO  [org.apa.kaf.cli.con.int.ConsumerCoordinator] (ForkJoinPool.commonPool-worker-1) [Consumer clientId=consumer-Consumer-topic-33c0ad83_e6a2_4d7a_8158_e2fa3d073dad-1, groupId=Consumer-topic-33c0ad83_e6a2_4d7a_8158_e2fa3d073dad] Group coordinator localhost:32769 (id: 2147483647 rack: null) is unavailable or invalid due to cause: coordinator unavailable. isDisconnected: false. Rediscovery will be attempted.
2025-08-13 20:14:22,942 INFO  [org.apa.kaf.cli.con.int.ConsumerCoordinator] (ForkJoinPool.commonPool-worker-1) [Consumer clientId=consumer-Consumer-topic-33c0ad83_e6a2_4d7a_8158_e2fa3d073dad-1, groupId=Consumer-topic-33c0ad83_e6a2_4d7a_8158_e2fa3d073dad] Requesting disconnect from last known coordinator localhost:32769 (id: 2147483647 rack: null)
2025-08-13 20:14:23,059 INFO  [org.apa.kaf.cli.con.int.ConsumerCoordinator] (ForkJoinPool.commonPool-worker-1) [Consumer clientId=consumer-Consumer-topic-33c0ad83_e6a2_4d7a_8158_e2fa3d073dad-1, groupId=Consumer-topic-33c0ad83_e6a2_4d7a_8158_e2fa3d073dad] Discovered group coordinator localhost:32769 (id: 2147483647 rack: null)
2025-08-13 20:14:23,061 INFO  [org.apa.kaf.cli.con.int.ConsumerCoordinator] (ForkJoinPool.commonPool-worker-1) [Consumer clientId=consumer-Consumer-topic-33c0ad83_e6a2_4d7a_8158_e2fa3d073dad-1, groupId=Consumer-topic-33c0ad83_e6a2_4d7a_8158_e2fa3d073dad] Request joining group due to: rebalance failed due to 'This is not the correct coordinator.' (NotCoordinatorException)
2025-08-13 20:14:23,061 INFO  [org.apa.kaf.cli.con.int.ConsumerCoordinator] (ForkJoinPool.commonPool-worker-1) [Consumer clientId=consumer-Consumer-topic-33c0ad83_e6a2_4d7a_8158_e2fa3d073dad-1, groupId=Consumer-topic-33c0ad83_e6a2_4d7a_8158_e2fa3d073dad] (Re-)joining group
2025-08-13 20:14:23,068 INFO  [org.apa.kaf.cli.con.int.ConsumerCoordinator] (ForkJoinPool.commonPool-worker-1) [Consumer clientId=consumer-Consumer-topic-33c0ad83_e6a2_4d7a_8158_e2fa3d073dad-1, groupId=Consumer-topic-33c0ad83_e6a2_4d7a_8158_e2fa3d073dad] Group coordinator localhost:32769 (id: 2147483647 rack: null) is unavailable or invalid due to cause: error response NOT_COORDINATOR. isDisconnected: false. Rediscovery will be attempted.
2025-08-13 20:14:23,068 INFO  [org.apa.kaf.cli.con.int.ConsumerCoordinator] (ForkJoinPool.commonPool-worker-1) [Consumer clientId=consumer-Consumer-topic-33c0ad83_e6a2_4d7a_8158_e2fa3d073dad-1, groupId=Consumer-topic-33c0ad83_e6a2_4d7a_8158_e2fa3d073dad] Requesting disconnect from last known coordinator localhost:32769 (id: 2147483647 rack: null)
2025-08-13 20:14:23,069 INFO  [org.apa.kaf.cli.con.int.ConsumerCoordinator] (ForkJoinPool.commonPool-worker-1) [Consumer clientId=consumer-Consumer-topic-33c0ad83_e6a2_4d7a_8158_e2fa3d073dad-1, groupId=Consumer-topic-33c0ad83_e6a2_4d7a_8158_e2fa3d073dad] JoinGroup failed: This is not the correct coordinator. Marking coordinator unknown. Sent generation was Generation{generationId=-1, memberId='', protocol='null'}
2025-08-13 20:14:23,069 INFO  [org.apa.kaf.cli.NetworkClient] (ForkJoinPool.commonPool-worker-1) [Consumer clientId=consumer-Consumer-topic-33c0ad83_e6a2_4d7a_8158_e2fa3d073dad-1, groupId=Consumer-topic-33c0ad83_e6a2_4d7a_8158_e2fa3d073dad] Client requested disconnect from node 2147483647
2025-08-13 20:14:23,074 INFO  [org.apa.kaf.cli.con.int.ConsumerCoordinator] (ForkJoinPool.commonPool-worker-1) [Consumer clientId=consumer-Consumer-topic-33c0ad83_e6a2_4d7a_8158_e2fa3d073dad-1, groupId=Consumer-topic-33c0ad83_e6a2_4d7a_8158_e2fa3d073dad] Discovered group coordinator localhost:32769 (id: 2147483647 rack: null)
2025-08-13 20:14:23,074 INFO  [org.apa.kaf.cli.con.int.ConsumerCoordinator] (ForkJoinPool.commonPool-worker-1) [Consumer clientId=consumer-Consumer-topic-33c0ad83_e6a2_4d7a_8158_e2fa3d073dad-1, groupId=Consumer-topic-33c0ad83_e6a2_4d7a_8158_e2fa3d073dad] Group coordinator localhost:32769 (id: 2147483647 rack: null) is unavailable or invalid due to cause: coordinator unavailable. isDisconnected: false. Rediscovery will be attempted.
2025-08-13 20:14:23,074 INFO  [org.apa.kaf.cli.con.int.ConsumerCoordinator] (ForkJoinPool.commonPool-worker-1) [Consumer clientId=consumer-Consumer-topic-33c0ad83_e6a2_4d7a_8158_e2fa3d073dad-1, groupId=Consumer-topic-33c0ad83_e6a2_4d7a_8158_e2fa3d073dad] Requesting disconnect from last known coordinator localhost:32769 (id: 2147483647 rack: null)
2025-08-13 20:14:23,159 INFO  [org.apa.kaf.cli.con.int.ConsumerCoordinator] (ForkJoinPool.commonPool-worker-1) [Consumer clientId=consumer-Consumer-topic-33c0ad83_e6a2_4d7a_8158_e2fa3d073dad-1, groupId=Consumer-topic-33c0ad83_e6a2_4d7a_8158_e2fa3d073dad] Discovered group coordinator localhost:32769 (id: 2147483647 rack: null)
2025-08-13 20:14:23,160 INFO  [org.apa.kaf.cli.con.int.ConsumerCoordinator] (ForkJoinPool.commonPool-worker-1) [Consumer clientId=consumer-Consumer-topic-33c0ad83_e6a2_4d7a_8158_e2fa3d073dad-1, groupId=Consumer-topic-33c0ad83_e6a2_4d7a_8158_e2fa3d073dad] Request joining group due to: rebalance failed due to 'This is not the correct coordinator.' (NotCoordinatorException)
2025-08-13 20:14:23,161 INFO  [org.apa.kaf.cli.con.int.ConsumerCoordinator] (ForkJoinPool.commonPool-worker-1) [Consumer clientId=consumer-Consumer-topic-33c0ad83_e6a2_4d7a_8158_e2fa3d073dad-1, groupId=Consumer-topic-33c0ad83_e6a2_4d7a_8158_e2fa3d073dad] (Re-)joining group
2025-08-13 20:14:23,188 INFO  [org.apa.kaf.cli.con.int.ConsumerCoordinator] (ForkJoinPool.commonPool-worker-1) [Consumer clientId=consumer-Consumer-topic-33c0ad83_e6a2_4d7a_8158_e2fa3d073dad-1, groupId=Consumer-topic-33c0ad83_e6a2_4d7a_8158_e2fa3d073dad] Group coordinator localhost:32769 (id: 2147483647 rack: null) is unavailable or invalid due to cause: error response NOT_COORDINATOR. isDisconnected: false. Rediscovery will be attempted.
2025-08-13 20:14:23,188 INFO  [org.apa.kaf.cli.con.int.ConsumerCoordinator] (ForkJoinPool.commonPool-worker-1) [Consumer clientId=consumer-Consumer-topic-33c0ad83_e6a2_4d7a_8158_e2fa3d073dad-1, groupId=Consumer-topic-33c0ad83_e6a2_4d7a_8158_e2fa3d073dad] Requesting disconnect from last known coordinator localhost:32769 (id: 2147483647 rack: null)
2025-08-13 20:14:23,188 INFO  [org.apa.kaf.cli.con.int.ConsumerCoordinator] (ForkJoinPool.commonPool-worker-1) [Consumer clientId=consumer-Consumer-topic-33c0ad83_e6a2_4d7a_8158_e2fa3d073dad-1, groupId=Consumer-topic-33c0ad83_e6a2_4d7a_8158_e2fa3d073dad] JoinGroup failed: This is not the correct coordinator. Marking coordinator unknown. Sent generation was Generation{generationId=-1, memberId='', protocol='null'}
2025-08-13 20:14:23,189 INFO  [org.apa.kaf.cli.NetworkClient] (ForkJoinPool.commonPool-worker-1) [Consumer clientId=consumer-Consumer-topic-33c0ad83_e6a2_4d7a_8158_e2fa3d073dad-1, groupId=Consumer-topic-33c0ad83_e6a2_4d7a_8158_e2fa3d073dad] Client requested disconnect from node 2147483647
2025-08-13 20:14:23,194 INFO  [org.apa.kaf.cli.con.int.ConsumerCoordinator] (ForkJoinPool.commonPool-worker-1) [Consumer clientId=consumer-Consumer-topic-33c0ad83_e6a2_4d7a_8158_e2fa3d073dad-1, groupId=Consumer-topic-33c0ad83_e6a2_4d7a_8158_e2fa3d073dad] Discovered group coordinator localhost:32769 (id: 2147483647 rack: null)
2025-08-13 20:14:23,194 INFO  [org.apa.kaf.cli.con.int.ConsumerCoordinator] (ForkJoinPool.commonPool-worker-1) [Consumer clientId=consumer-Consumer-topic-33c0ad83_e6a2_4d7a_8158_e2fa3d073dad-1, groupId=Consumer-topic-33c0ad83_e6a2_4d7a_8158_e2fa3d073dad] Group coordinator localhost:32769 (id: 2147483647 rack: null) is unavailable or invalid due to cause: coordinator unavailable. isDisconnected: false. Rediscovery will be attempted.
2025-08-13 20:14:23,194 INFO  [org.apa.kaf.cli.con.int.ConsumerCoordinator] (ForkJoinPool.commonPool-worker-1) [Consumer clientId=consumer-Consumer-topic-33c0ad83_e6a2_4d7a_8158_e2fa3d073dad-1, groupId=Consumer-topic-33c0ad83_e6a2_4d7a_8158_e2fa3d073dad] Requesting disconnect from last known coordinator localhost:32769 (id: 2147483647 rack: null)
2025-08-13 20:14:23,312 INFO  [org.apa.kaf.cli.con.int.ConsumerCoordinator] (ForkJoinPool.commonPool-worker-1) [Consumer clientId=consumer-Consumer-topic-33c0ad83_e6a2_4d7a_8158_e2fa3d073dad-1, groupId=Consumer-topic-33c0ad83_e6a2_4d7a_8158_e2fa3d073dad] Discovered group coordinator localhost:32769 (id: 2147483647 rack: null)
2025-08-13 20:14:23,313 INFO  [org.apa.kaf.cli.con.int.ConsumerCoordinator] (ForkJoinPool.commonPool-worker-1) [Consumer clientId=consumer-Consumer-topic-33c0ad83_e6a2_4d7a_8158_e2fa3d073dad-1, groupId=Consumer-topic-33c0ad83_e6a2_4d7a_8158_e2fa3d073dad] Request joining group due to: rebalance failed due to 'This is not the correct coordinator.' (NotCoordinatorException)
2025-08-13 20:14:23,313 INFO  [org.apa.kaf.cli.con.int.ConsumerCoordinator] (ForkJoinPool.commonPool-worker-1) [Consumer clientId=consumer-Consumer-topic-33c0ad83_e6a2_4d7a_8158_e2fa3d073dad-1, groupId=Consumer-topic-33c0ad83_e6a2_4d7a_8158_e2fa3d073dad] (Re-)joining group
2025-08-13 20:14:23,320 INFO  [org.apa.kaf.cli.con.int.ConsumerCoordinator] (ForkJoinPool.commonPool-worker-1) [Consumer clientId=consumer-Consumer-topic-33c0ad83_e6a2_4d7a_8158_e2fa3d073dad-1, groupId=Consumer-topic-33c0ad83_e6a2_4d7a_8158_e2fa3d073dad] Request joining group due to: need to re-join with the given member-id: consumer-Consumer-topic-33c0ad83_e6a2_4d7a_8158_e2fa3d073dad-1-7170c618-d8b5-465e-9e7f-3f462b00cbd6
2025-08-13 20:14:23,320 INFO  [org.apa.kaf.cli.con.int.ConsumerCoordinator] (ForkJoinPool.commonPool-worker-1) [Consumer clientId=consumer-Consumer-topic-33c0ad83_e6a2_4d7a_8158_e2fa3d073dad-1, groupId=Consumer-topic-33c0ad83_e6a2_4d7a_8158_e2fa3d073dad] (Re-)joining group
2025-08-13 20:14:23,766 INFO  [io.api.tes.ser.api.KafkaSerdesTester] (ForkJoinPool.commonPool-worker-1) None found
2025-08-13 20:14:24,767 INFO  [io.api.tes.ser.api.KafkaSerdesTester] (ForkJoinPool.commonPool-worker-1) None found
2025-08-13 20:14:25,767 INFO  [io.api.tes.ser.api.KafkaSerdesTester] (ForkJoinPool.commonPool-worker-1) None found
2025-08-13 20:14:26,334 INFO  [org.apa.kaf.cli.con.int.ConsumerCoordinator] (ForkJoinPool.commonPool-worker-1) [Consumer clientId=consumer-Consumer-topic-33c0ad83_e6a2_4d7a_8158_e2fa3d073dad-1, groupId=Consumer-topic-33c0ad83_e6a2_4d7a_8158_e2fa3d073dad] Successfully joined group with generation Generation{generationId=1, memberId='consumer-Consumer-topic-33c0ad83_e6a2_4d7a_8158_e2fa3d073dad-1-7170c618-d8b5-465e-9e7f-3f462b00cbd6', protocol='range'}
2025-08-13 20:14:26,340 INFO  [org.apa.kaf.cli.con.int.ConsumerCoordinator] (ForkJoinPool.commonPool-worker-1) [Consumer clientId=consumer-Consumer-topic-33c0ad83_e6a2_4d7a_8158_e2fa3d073dad-1, groupId=Consumer-topic-33c0ad83_e6a2_4d7a_8158_e2fa3d073dad] Finished assignment for group at generation 1: {consumer-Consumer-topic-33c0ad83_e6a2_4d7a_8158_e2fa3d073dad-1-7170c618-d8b5-465e-9e7f-3f462b00cbd6=Assignment(partitions=[topic-33c0ad83_e6a2_4d7a_8158_e2fa3d073dad-0])}
2025-08-13 20:14:26,353 INFO  [org.apa.kaf.cli.con.int.ConsumerCoordinator] (ForkJoinPool.commonPool-worker-1) [Consumer clientId=consumer-Consumer-topic-33c0ad83_e6a2_4d7a_8158_e2fa3d073dad-1, groupId=Consumer-topic-33c0ad83_e6a2_4d7a_8158_e2fa3d073dad] Successfully synced group in generation Generation{generationId=1, memberId='consumer-Consumer-topic-33c0ad83_e6a2_4d7a_8158_e2fa3d073dad-1-7170c618-d8b5-465e-9e7f-3f462b00cbd6', protocol='range'}
2025-08-13 20:14:26,354 INFO  [org.apa.kaf.cli.con.int.ConsumerCoordinator] (ForkJoinPool.commonPool-worker-1) [Consumer clientId=consumer-Consumer-topic-33c0ad83_e6a2_4d7a_8158_e2fa3d073dad-1, groupId=Consumer-topic-33c0ad83_e6a2_4d7a_8158_e2fa3d073dad] Notifying assignor about the new Assignment(partitions=[topic-33c0ad83_e6a2_4d7a_8158_e2fa3d073dad-0])
2025-08-13 20:14:26,356 INFO  [org.apa.kaf.cli.con.int.ConsumerRebalanceListenerInvoker] (ForkJoinPool.commonPool-worker-1) [Consumer clientId=consumer-Consumer-topic-33c0ad83_e6a2_4d7a_8158_e2fa3d073dad-1, groupId=Consumer-topic-33c0ad83_e6a2_4d7a_8158_e2fa3d073dad] Adding newly assigned partitions: topic-33c0ad83_e6a2_4d7a_8158_e2fa3d073dad-0
2025-08-13 20:14:26,365 INFO  [org.apa.kaf.cli.con.int.ConsumerCoordinator] (ForkJoinPool.commonPool-worker-1) [Consumer clientId=consumer-Consumer-topic-33c0ad83_e6a2_4d7a_8158_e2fa3d073dad-1, groupId=Consumer-topic-33c0ad83_e6a2_4d7a_8158_e2fa3d073dad] Found no committed offset for partition topic-33c0ad83_e6a2_4d7a_8158_e2fa3d073dad-0
2025-08-13 20:14:26,379 INFO  [org.apa.kaf.cli.con.int.SubscriptionState] (ForkJoinPool.commonPool-worker-1) [Consumer clientId=consumer-Consumer-topic-33c0ad83_e6a2_4d7a_8158_e2fa3d073dad-1, groupId=Consumer-topic-33c0ad83_e6a2_4d7a_8158_e2fa3d073dad] Resetting offset for partition topic-33c0ad83_e6a2_4d7a_8158_e2fa3d073dad-0 to position FetchPosition{offset=0, offsetEpoch=Optional.empty, currentLeader=LeaderAndEpoch{leader=Optional[localhost:32769 (id: 0 rack: null)], epoch=0}}.
2025-08-13 20:14:26,517 INFO  [io.api.tes.ser.api.KafkaSerdesTester] (ForkJoinPool.commonPool-worker-1) topic-33c0ad83_e6a2_4d7a_8158_e2fa3d073dad 0 0 {"key11755116062098": "value-0"}
2025-08-13 20:14:26,517 INFO  [io.api.tes.ser.api.KafkaSerdesTester] (ForkJoinPool.commonPool-worker-1) topic-33c0ad83_e6a2_4d7a_8158_e2fa3d073dad 0 1 {"key11755116062098": "value-1"}
2025-08-13 20:14:26,517 INFO  [io.api.tes.ser.api.KafkaSerdesTester] (ForkJoinPool.commonPool-worker-1) topic-33c0ad83_e6a2_4d7a_8158_e2fa3d073dad 0 2 {"key11755116062098": "value-2"}
2025-08-13 20:14:26,517 INFO  [io.api.tes.ser.api.KafkaSerdesTester] (ForkJoinPool.commonPool-worker-1) topic-33c0ad83_e6a2_4d7a_8158_e2fa3d073dad 0 3 {"key11755116062098": "value-3"}
2025-08-13 20:14:26,517 INFO  [io.api.tes.ser.api.KafkaSerdesTester] (ForkJoinPool.commonPool-worker-1) topic-33c0ad83_e6a2_4d7a_8158_e2fa3d073dad 0 4 {"key11755116062098": "value-4"}
2025-08-13 20:14:26,518 INFO  [io.api.tes.ser.api.KafkaSerdesTester] (ForkJoinPool.commonPool-worker-1) topic-33c0ad83_e6a2_4d7a_8158_e2fa3d073dad 0 5 {"key11755116062098": "value-5"}
2025-08-13 20:14:26,518 INFO  [io.api.tes.ser.api.KafkaSerdesTester] (ForkJoinPool.commonPool-worker-1) topic-33c0ad83_e6a2_4d7a_8158_e2fa3d073dad 0 6 {"key11755116062098": "value-6"}
2025-08-13 20:14:26,518 INFO  [io.api.tes.ser.api.KafkaSerdesTester] (ForkJoinPool.commonPool-worker-1) topic-33c0ad83_e6a2_4d7a_8158_e2fa3d073dad 0 7 {"key11755116062098": "value-7"}
2025-08-13 20:14:26,518 INFO  [io.api.tes.ser.api.KafkaSerdesTester] (ForkJoinPool.commonPool-worker-1) topic-33c0ad83_e6a2_4d7a_8158_e2fa3d073dad 0 8 {"key11755116062098": "value-8"}
2025-08-13 20:14:26,518 INFO  [io.api.tes.ser.api.KafkaSerdesTester] (ForkJoinPool.commonPool-worker-1) topic-33c0ad83_e6a2_4d7a_8158_e2fa3d073dad 0 9 {"key11755116062098": "value-9"}
2025-08-13 20:14:26,518 INFO  [io.api.tes.ser.api.KafkaSerdesTester] (ForkJoinPool.commonPool-worker-1) Consumed 10 messages
2025-08-13 20:14:26,538 INFO  [org.apa.kaf.cli.con.int.ConsumerRebalanceListenerInvoker] (ForkJoinPool.commonPool-worker-1) [Consumer clientId=consumer-Consumer-topic-33c0ad83_e6a2_4d7a_8158_e2fa3d073dad-1, groupId=Consumer-topic-33c0ad83_e6a2_4d7a_8158_e2fa3d073dad] Revoke previously assigned partitions topic-33c0ad83_e6a2_4d7a_8158_e2fa3d073dad-0
2025-08-13 20:14:26,538 INFO  [org.apa.kaf.cli.con.int.ConsumerCoordinator] (ForkJoinPool.commonPool-worker-1) [Consumer clientId=consumer-Consumer-topic-33c0ad83_e6a2_4d7a_8158_e2fa3d073dad-1, groupId=Consumer-topic-33c0ad83_e6a2_4d7a_8158_e2fa3d073dad] Member consumer-Consumer-topic-33c0ad83_e6a2_4d7a_8158_e2fa3d073dad-1-7170c618-d8b5-465e-9e7f-3f462b00cbd6 sending LeaveGroup request to coordinator localhost:32769 (id: 2147483647 rack: null) due to the consumer is being closed
2025-08-13 20:14:26,539 INFO  [org.apa.kaf.cli.con.int.ConsumerCoordinator] (ForkJoinPool.commonPool-worker-1) [Consumer clientId=consumer-Consumer-topic-33c0ad83_e6a2_4d7a_8158_e2fa3d073dad-1, groupId=Consumer-topic-33c0ad83_e6a2_4d7a_8158_e2fa3d073dad] Resetting generation and member id due to: consumer pro-actively leaving the group
2025-08-13 20:14:26,539 INFO  [org.apa.kaf.cli.con.int.ConsumerCoordinator] (ForkJoinPool.commonPool-worker-1) [Consumer clientId=consumer-Consumer-topic-33c0ad83_e6a2_4d7a_8158_e2fa3d073dad-1, groupId=Consumer-topic-33c0ad83_e6a2_4d7a_8158_e2fa3d073dad] Request joining group due to: consumer pro-actively leaving the group
2025-08-13 20:14:27,030 INFO  [org.apa.kaf.com.met.Metrics] (ForkJoinPool.commonPool-worker-1) Metrics scheduler closed
2025-08-13 20:14:27,030 INFO  [org.apa.kaf.com.met.Metrics] (ForkJoinPool.commonPool-worker-1) Closing reporter org.apache.kafka.common.metrics.JmxReporter
2025-08-13 20:14:27,031 INFO  [org.apa.kaf.com.met.Metrics] (ForkJoinPool.commonPool-worker-1) Closing reporter org.apache.kafka.common.telemetry.internals.ClientTelemetryReporter
2025-08-13 20:14:27,031 INFO  [org.apa.kaf.com.met.Metrics] (ForkJoinPool.commonPool-worker-1) Metrics reporters closed
2025-08-13 20:14:27,036 INFO  [org.apa.kaf.com.uti.AppInfoParser] (ForkJoinPool.commonPool-worker-1) App info kafka.consumer for consumer-Consumer-topic-33c0ad83_e6a2_4d7a_8158_e2fa3d073dad-1 unregistered
2025-08-13 20:14:27,036 INFO  [io.api.tes.uti.TestSeparator] (main) io.apicurio.tests.serdes.apicurio.AvroSerdeIT.testGlobalIdInHeaders-FINISHED
2025-08-13 20:14:27,036 INFO  [io.api.tes.uti.TestSeparator] (main) ############################################################################
Test passed: testGlobalIdInHeaders
]]></system-out>
  </testcase>
  <testcase name="testSimpleTopicIdStrategyFindLatest" classname="io.apicurio.tests.serdes.apicurio.AvroSerdeIT" time="4.851">
    <system-out><![CDATA[2025-08-13 20:14:27,038 INFO  [io.api.tes.uti.TestSeparator] (main) ############################################################################
2025-08-13 20:14:27,038 INFO  [io.api.tes.uti.TestSeparator] (main) io.apicurio.tests.serdes.apicurio.AvroSerdeIT.testSimpleTopicIdStrategyFindLatest-STARTED
2025-08-13 20:14:27,039 INFO  [io.api.tes.ser.api.AvroSerdeIT] (main) Registering Avro Schema: {"type":"record","name":"myrecordapicurio1","fields":[{"name":"key11755116067039","type":"string"}]}
**** Registry Base URL: http://registry-app-inmemory.apps.ci419.apicurio-testing.org:80
2025-08-13 20:14:28,105 INFO  [org.apa.kaf.cli.pro.ProducerConfig] (main) ProducerConfig values: 
	acks = -1
	auto.include.jmx.reporter = true
	batch.size = 16384
	bootstrap.servers = [PLAINTEXT://localhost:32769]
	buffer.memory = 33554432
	client.dns.lookup = use_all_dns_ips
	client.id = Producer-topic-5fb7a1c9_17da_40aa_8a6b_26d95c1aade1
	compression.gzip.level = -1
	compression.lz4.level = 9
	compression.type = none
	compression.zstd.level = 3
	connections.max.idle.ms = 10000
	delivery.timeout.ms = 120000
	enable.idempotence = true
	enable.metrics.push = true
	interceptor.classes = []
	key.serializer = class org.apache.kafka.common.serialization.StringSerializer
	linger.ms = 0
	max.block.ms = 60000
	max.in.flight.requests.per.connection = 5
	max.request.size = 1048576
	metadata.max.age.ms = 300000
	metadata.max.idle.ms = 300000
	metadata.recovery.strategy = none
	metric.reporters = []
	metrics.num.samples = 2
	metrics.recording.level = INFO
	metrics.sample.window.ms = 30000
	partitioner.adaptive.partitioning.enable = true
	partitioner.availability.timeout.ms = 0
	partitioner.class = null
	partitioner.ignore.keys = false
	receive.buffer.bytes = 32768
	reconnect.backoff.max.ms = 1000
	reconnect.backoff.ms = 50
	request.timeout.ms = 5000
	retries = 2147483647
	retry.backoff.max.ms = 1000
	retry.backoff.ms = 100
	sasl.client.callback.handler.class = null
	sasl.jaas.config = null
	sasl.kerberos.kinit.cmd = /usr/bin/kinit
	sasl.kerberos.min.time.before.relogin = 60000
	sasl.kerberos.service.name = null
	sasl.kerberos.ticket.renew.jitter = 0.05
	sasl.kerberos.ticket.renew.window.factor = 0.8
	sasl.login.callback.handler.class = null
	sasl.login.class = null
	sasl.login.connect.timeout.ms = null
	sasl.login.read.timeout.ms = null
	sasl.login.refresh.buffer.seconds = 300
	sasl.login.refresh.min.period.seconds = 60
	sasl.login.refresh.window.factor = 0.8
	sasl.login.refresh.window.jitter = 0.05
	sasl.login.retry.backoff.max.ms = 10000
	sasl.login.retry.backoff.ms = 100
	sasl.mechanism = GSSAPI
	sasl.oauthbearer.clock.skew.seconds = 30
	sasl.oauthbearer.expected.audience = null
	sasl.oauthbearer.expected.issuer = null
	sasl.oauthbearer.header.urlencode = false
	sasl.oauthbearer.jwks.endpoint.refresh.ms = 3600000
	sasl.oauthbearer.jwks.endpoint.retry.backoff.max.ms = 10000
	sasl.oauthbearer.jwks.endpoint.retry.backoff.ms = 100
	sasl.oauthbearer.jwks.endpoint.url = null
	sasl.oauthbearer.scope.claim.name = scope
	sasl.oauthbearer.sub.claim.name = sub
	sasl.oauthbearer.token.endpoint.url = null
	security.protocol = PLAINTEXT
	security.providers = null
	send.buffer.bytes = 131072
	socket.connection.setup.timeout.max.ms = 30000
	socket.connection.setup.timeout.ms = 10000
	ssl.cipher.suites = null
	ssl.enabled.protocols = [TLSv1.2, TLSv1.3]
	ssl.endpoint.identification.algorithm = https
	ssl.engine.factory.class = null
	ssl.key.password = null
	ssl.keymanager.algorithm = SunX509
	ssl.keystore.certificate.chain = null
	ssl.keystore.key = null
	ssl.keystore.location = null
	ssl.keystore.password = null
	ssl.keystore.type = JKS
	ssl.protocol = TLSv1.3
	ssl.provider = null
	ssl.secure.random.implementation = null
	ssl.trustmanager.algorithm = PKIX
	ssl.truststore.certificates = null
	ssl.truststore.location = null
	ssl.truststore.password = null
	ssl.truststore.type = JKS
	transaction.timeout.ms = 60000
	transactional.id = null
	value.serializer = class io.apicurio.registry.serde.avro.AvroKafkaSerializer

2025-08-13 20:14:28,106 INFO  [org.apa.kaf.com.tel.int.KafkaMetricsCollector] (main) initializing Kafka metrics collector
2025-08-13 20:14:28,109 INFO  [org.apa.kaf.cli.pro.KafkaProducer] (main) [Producer clientId=Producer-topic-5fb7a1c9_17da_40aa_8a6b_26d95c1aade1] Instantiated an idempotent producer.
2025-08-13 20:14:28,113 INFO  [org.apa.kaf.cli.pro.ProducerConfig] (main) These configurations '[apicurio.registry.find-latest, apicurio.registry.artifact.group-id, apicurio.registry.url, apicurio.registry.artifact-resolver-strategy]' were supplied but are not used yet.
2025-08-13 20:14:28,113 INFO  [org.apa.kaf.com.uti.AppInfoParser] (main) Kafka version: 3.9.1
2025-08-13 20:14:28,113 INFO  [org.apa.kaf.com.uti.AppInfoParser] (main) Kafka commitId: f745dfdcee2b9851
2025-08-13 20:14:28,113 INFO  [org.apa.kaf.com.uti.AppInfoParser] (main) Kafka startTimeMs: 1755116068113
2025-08-13 20:14:28,114 INFO  [io.api.tes.ser.api.SimpleSerdesTesterBuilder$SimpleSerdesTester] (main) Using producer configuration: {apicurio.registry.find-latest=true, apicurio.registry.artifact.group-id=topic-5fb7a1c9_17da_40aa_8a6b_26d95c1aade1, apicurio.registry.url=http://registry-app-inmemory.apps.ci419.apicurio-testing.org:80/apis/registry/v3, apicurio.registry.artifact-resolver-strategy=io.apicurio.registry.serde.strategy.SimpleTopicIdStrategy, value.serializer=io.apicurio.registry.serde.avro.AvroKafkaSerializer, request.timeout.ms=5000, acks=all, bootstrap.servers=PLAINTEXT://localhost:32769, connections.max.idle.ms=10000, key.serializer=org.apache.kafka.common.serialization.StringSerializer, client.id=Producer-topic-5fb7a1c9_17da_40aa_8a6b_26d95c1aade1}
2025-08-13 20:14:28,114 INFO  [io.api.tes.ser.api.SimpleSerdesTesterBuilder$SimpleSerdesTester] (main) Using consumer configuration: {}
2025-08-13 20:14:28,114 INFO  [io.api.tes.ser.api.KafkaSerdesTester] (ForkJoinPool.commonPool-worker-1) Sending message {"key11755116067039": "value-0"} to topic topic-5fb7a1c9_17da_40aa_8a6b_26d95c1aade1
2025-08-13 20:14:28,118 INFO  [org.apa.kaf.cli.Metadata] (kafka-producer-network-thread | Producer-topic-5fb7a1c9_17da_40aa_8a6b_26d95c1aade1) [Producer clientId=Producer-topic-5fb7a1c9_17da_40aa_8a6b_26d95c1aade1] Cluster ID: deU1wVjgTqiYBiPhrFjcdg
2025-08-13 20:14:28,118 INFO  [org.apa.kaf.cli.pro.int.TransactionManager] (kafka-producer-network-thread | Producer-topic-5fb7a1c9_17da_40aa_8a6b_26d95c1aade1) [Producer clientId=Producer-topic-5fb7a1c9_17da_40aa_8a6b_26d95c1aade1] ProducerId set to 1 with epoch 0
2025-08-13 20:14:28,226 INFO  [io.api.tes.ser.api.KafkaSerdesTester] (ForkJoinPool.commonPool-worker-1) Sending message {"key11755116067039": "value-1"} to topic topic-5fb7a1c9_17da_40aa_8a6b_26d95c1aade1
2025-08-13 20:14:28,229 INFO  [io.api.tes.ser.api.KafkaSerdesTester] (ForkJoinPool.commonPool-worker-1) Sending message {"key11755116067039": "value-2"} to topic topic-5fb7a1c9_17da_40aa_8a6b_26d95c1aade1
2025-08-13 20:14:28,232 INFO  [io.api.tes.ser.api.KafkaSerdesTester] (ForkJoinPool.commonPool-worker-1) Sending message {"key11755116067039": "value-3"} to topic topic-5fb7a1c9_17da_40aa_8a6b_26d95c1aade1
2025-08-13 20:14:28,234 INFO  [io.api.tes.ser.api.KafkaSerdesTester] (ForkJoinPool.commonPool-worker-1) Sending message {"key11755116067039": "value-4"} to topic topic-5fb7a1c9_17da_40aa_8a6b_26d95c1aade1
2025-08-13 20:14:28,236 INFO  [io.api.tes.ser.api.KafkaSerdesTester] (ForkJoinPool.commonPool-worker-1) Sending message {"key11755116067039": "value-5"} to topic topic-5fb7a1c9_17da_40aa_8a6b_26d95c1aade1
2025-08-13 20:14:28,238 INFO  [io.api.tes.ser.api.KafkaSerdesTester] (ForkJoinPool.commonPool-worker-1) Sending message {"key11755116067039": "value-6"} to topic topic-5fb7a1c9_17da_40aa_8a6b_26d95c1aade1
2025-08-13 20:14:28,240 INFO  [io.api.tes.ser.api.KafkaSerdesTester] (ForkJoinPool.commonPool-worker-1) Sending message {"key11755116067039": "value-7"} to topic topic-5fb7a1c9_17da_40aa_8a6b_26d95c1aade1
2025-08-13 20:14:28,242 INFO  [io.api.tes.ser.api.KafkaSerdesTester] (ForkJoinPool.commonPool-worker-1) Sending message {"key11755116067039": "value-8"} to topic topic-5fb7a1c9_17da_40aa_8a6b_26d95c1aade1
2025-08-13 20:14:28,244 INFO  [io.api.tes.ser.api.KafkaSerdesTester] (ForkJoinPool.commonPool-worker-1) Sending message {"key11755116067039": "value-9"} to topic topic-5fb7a1c9_17da_40aa_8a6b_26d95c1aade1
2025-08-13 20:14:28,246 INFO  [io.api.tes.ser.api.KafkaSerdesTester] (ForkJoinPool.commonPool-worker-1) Produced 10 messages
2025-08-13 20:14:28,246 INFO  [org.apa.kaf.cli.pro.KafkaProducer] (ForkJoinPool.commonPool-worker-1) [Producer clientId=Producer-topic-5fb7a1c9_17da_40aa_8a6b_26d95c1aade1] Closing the Kafka producer with timeoutMillis = 9223372036854775807 ms.
2025-08-13 20:14:28,249 INFO  [org.apa.kaf.com.met.Metrics] (ForkJoinPool.commonPool-worker-1) Metrics scheduler closed
2025-08-13 20:14:28,249 INFO  [org.apa.kaf.com.met.Metrics] (ForkJoinPool.commonPool-worker-1) Closing reporter org.apache.kafka.common.metrics.JmxReporter
2025-08-13 20:14:28,250 INFO  [org.apa.kaf.com.met.Metrics] (ForkJoinPool.commonPool-worker-1) Closing reporter org.apache.kafka.common.telemetry.internals.ClientTelemetryReporter
2025-08-13 20:14:28,250 INFO  [org.apa.kaf.com.met.Metrics] (ForkJoinPool.commonPool-worker-1) Metrics reporters closed
2025-08-13 20:14:28,250 INFO  [org.apa.kaf.com.uti.AppInfoParser] (ForkJoinPool.commonPool-worker-1) App info kafka.producer for Producer-topic-5fb7a1c9_17da_40aa_8a6b_26d95c1aade1 unregistered
**** Registry Base URL: http://registry-app-inmemory.apps.ci419.apicurio-testing.org:80
2025-08-13 20:14:28,251 INFO  [org.apa.kaf.cli.con.ConsumerConfig] (main) ConsumerConfig values: 
	allow.auto.create.topics = true
	auto.commit.interval.ms = 500
	auto.include.jmx.reporter = true
	auto.offset.reset = earliest
	bootstrap.servers = [PLAINTEXT://localhost:32769]
	check.crcs = true
	client.dns.lookup = use_all_dns_ips
	client.id = consumer-Consumer-topic-5fb7a1c9_17da_40aa_8a6b_26d95c1aade1-2
	client.rack = 
	connections.max.idle.ms = 10000
	default.api.timeout.ms = 60000
	enable.auto.commit = true
	enable.metrics.push = true
	exclude.internal.topics = true
	fetch.max.bytes = 52428800
	fetch.max.wait.ms = 500
	fetch.min.bytes = 1
	group.id = Consumer-topic-5fb7a1c9_17da_40aa_8a6b_26d95c1aade1
	group.instance.id = null
	group.protocol = classic
	group.remote.assignor = null
	heartbeat.interval.ms = 3000
	interceptor.classes = []
	internal.leave.group.on.close = true
	internal.throw.on.fetch.stable.offset.unsupported = false
	isolation.level = read_uncommitted
	key.deserializer = class org.apache.kafka.common.serialization.StringDeserializer
	max.partition.fetch.bytes = 1048576
	max.poll.interval.ms = 300000
	max.poll.records = 500
	metadata.max.age.ms = 300000
	metadata.recovery.strategy = none
	metric.reporters = []
	metrics.num.samples = 2
	metrics.recording.level = INFO
	metrics.sample.window.ms = 30000
	partition.assignment.strategy = [class org.apache.kafka.clients.consumer.RangeAssignor, class org.apache.kafka.clients.consumer.CooperativeStickyAssignor]
	receive.buffer.bytes = 65536
	reconnect.backoff.max.ms = 1000
	reconnect.backoff.ms = 50
	request.timeout.ms = 5000
	retry.backoff.max.ms = 1000
	retry.backoff.ms = 100
	sasl.client.callback.handler.class = null
	sasl.jaas.config = null
	sasl.kerberos.kinit.cmd = /usr/bin/kinit
	sasl.kerberos.min.time.before.relogin = 60000
	sasl.kerberos.service.name = null
	sasl.kerberos.ticket.renew.jitter = 0.05
	sasl.kerberos.ticket.renew.window.factor = 0.8
	sasl.login.callback.handler.class = null
	sasl.login.class = null
	sasl.login.connect.timeout.ms = null
	sasl.login.read.timeout.ms = null
	sasl.login.refresh.buffer.seconds = 300
	sasl.login.refresh.min.period.seconds = 60
	sasl.login.refresh.window.factor = 0.8
	sasl.login.refresh.window.jitter = 0.05
	sasl.login.retry.backoff.max.ms = 10000
	sasl.login.retry.backoff.ms = 100
	sasl.mechanism = GSSAPI
	sasl.oauthbearer.clock.skew.seconds = 30
	sasl.oauthbearer.expected.audience = null
	sasl.oauthbearer.expected.issuer = null
	sasl.oauthbearer.header.urlencode = false
	sasl.oauthbearer.jwks.endpoint.refresh.ms = 3600000
	sasl.oauthbearer.jwks.endpoint.retry.backoff.max.ms = 10000
	sasl.oauthbearer.jwks.endpoint.retry.backoff.ms = 100
	sasl.oauthbearer.jwks.endpoint.url = null
	sasl.oauthbearer.scope.claim.name = scope
	sasl.oauthbearer.sub.claim.name = sub
	sasl.oauthbearer.token.endpoint.url = null
	security.protocol = PLAINTEXT
	security.providers = null
	send.buffer.bytes = 131072
	session.timeout.ms = 45000
	socket.connection.setup.timeout.max.ms = 30000
	socket.connection.setup.timeout.ms = 10000
	ssl.cipher.suites = null
	ssl.enabled.protocols = [TLSv1.2, TLSv1.3]
	ssl.endpoint.identification.algorithm = https
	ssl.engine.factory.class = null
	ssl.key.password = null
	ssl.keymanager.algorithm = SunX509
	ssl.keystore.certificate.chain = null
	ssl.keystore.key = null
	ssl.keystore.location = null
	ssl.keystore.password = null
	ssl.keystore.type = JKS
	ssl.protocol = TLSv1.3
	ssl.provider = null
	ssl.secure.random.implementation = null
	ssl.trustmanager.algorithm = PKIX
	ssl.truststore.certificates = null
	ssl.truststore.location = null
	ssl.truststore.password = null
	ssl.truststore.type = JKS
	value.deserializer = class io.apicurio.registry.serde.avro.AvroKafkaDeserializer

2025-08-13 20:14:28,251 INFO  [org.apa.kaf.com.tel.int.KafkaMetricsCollector] (main) initializing Kafka metrics collector
2025-08-13 20:14:28,262 INFO  [org.apa.kaf.cli.con.ConsumerConfig] (main) These configurations '[apicurio.registry.url]' were supplied but are not used yet.
2025-08-13 20:14:28,262 INFO  [org.apa.kaf.com.uti.AppInfoParser] (main) Kafka version: 3.9.1
2025-08-13 20:14:28,262 INFO  [org.apa.kaf.com.uti.AppInfoParser] (main) Kafka commitId: f745dfdcee2b9851
2025-08-13 20:14:28,263 INFO  [org.apa.kaf.com.uti.AppInfoParser] (main) Kafka startTimeMs: 1755116068262
2025-08-13 20:14:28,263 INFO  [org.apa.kaf.cli.con.int.ClassicKafkaConsumer] (ForkJoinPool.commonPool-worker-1) [Consumer clientId=consumer-Consumer-topic-5fb7a1c9_17da_40aa_8a6b_26d95c1aade1-2, groupId=Consumer-topic-5fb7a1c9_17da_40aa_8a6b_26d95c1aade1] Subscribed to topic(s): topic-5fb7a1c9_17da_40aa_8a6b_26d95c1aade1
2025-08-13 20:14:28,270 INFO  [org.apa.kaf.cli.Metadata] (ForkJoinPool.commonPool-worker-1) [Consumer clientId=consumer-Consumer-topic-5fb7a1c9_17da_40aa_8a6b_26d95c1aade1-2, groupId=Consumer-topic-5fb7a1c9_17da_40aa_8a6b_26d95c1aade1] Cluster ID: deU1wVjgTqiYBiPhrFjcdg
2025-08-13 20:14:28,271 INFO  [org.apa.kaf.cli.con.int.ConsumerCoordinator] (ForkJoinPool.commonPool-worker-1) [Consumer clientId=consumer-Consumer-topic-5fb7a1c9_17da_40aa_8a6b_26d95c1aade1-2, groupId=Consumer-topic-5fb7a1c9_17da_40aa_8a6b_26d95c1aade1] Discovered group coordinator localhost:32769 (id: 2147483647 rack: null)
2025-08-13 20:14:28,274 INFO  [org.apa.kaf.cli.con.int.ConsumerCoordinator] (ForkJoinPool.commonPool-worker-1) [Consumer clientId=consumer-Consumer-topic-5fb7a1c9_17da_40aa_8a6b_26d95c1aade1-2, groupId=Consumer-topic-5fb7a1c9_17da_40aa_8a6b_26d95c1aade1] (Re-)joining group
2025-08-13 20:14:28,278 INFO  [org.apa.kaf.cli.con.int.ConsumerCoordinator] (ForkJoinPool.commonPool-worker-1) [Consumer clientId=consumer-Consumer-topic-5fb7a1c9_17da_40aa_8a6b_26d95c1aade1-2, groupId=Consumer-topic-5fb7a1c9_17da_40aa_8a6b_26d95c1aade1] Request joining group due to: need to re-join with the given member-id: consumer-Consumer-topic-5fb7a1c9_17da_40aa_8a6b_26d95c1aade1-2-59825f27-2b13-4b16-a120-f121bb067010
2025-08-13 20:14:28,278 INFO  [org.apa.kaf.cli.con.int.ConsumerCoordinator] (ForkJoinPool.commonPool-worker-1) [Consumer clientId=consumer-Consumer-topic-5fb7a1c9_17da_40aa_8a6b_26d95c1aade1-2, groupId=Consumer-topic-5fb7a1c9_17da_40aa_8a6b_26d95c1aade1] (Re-)joining group
2025-08-13 20:14:29,263 INFO  [io.api.tes.ser.api.KafkaSerdesTester] (ForkJoinPool.commonPool-worker-1) None found
2025-08-13 20:14:30,263 INFO  [io.api.tes.ser.api.KafkaSerdesTester] (ForkJoinPool.commonPool-worker-1) None found
2025-08-13 20:14:31,264 INFO  [io.api.tes.ser.api.KafkaSerdesTester] (ForkJoinPool.commonPool-worker-1) None found
2025-08-13 20:14:31,281 INFO  [org.apa.kaf.cli.con.int.ConsumerCoordinator] (ForkJoinPool.commonPool-worker-1) [Consumer clientId=consumer-Consumer-topic-5fb7a1c9_17da_40aa_8a6b_26d95c1aade1-2, groupId=Consumer-topic-5fb7a1c9_17da_40aa_8a6b_26d95c1aade1] Successfully joined group with generation Generation{generationId=1, memberId='consumer-Consumer-topic-5fb7a1c9_17da_40aa_8a6b_26d95c1aade1-2-59825f27-2b13-4b16-a120-f121bb067010', protocol='range'}
2025-08-13 20:14:31,282 INFO  [org.apa.kaf.cli.con.int.ConsumerCoordinator] (ForkJoinPool.commonPool-worker-1) [Consumer clientId=consumer-Consumer-topic-5fb7a1c9_17da_40aa_8a6b_26d95c1aade1-2, groupId=Consumer-topic-5fb7a1c9_17da_40aa_8a6b_26d95c1aade1] Finished assignment for group at generation 1: {consumer-Consumer-topic-5fb7a1c9_17da_40aa_8a6b_26d95c1aade1-2-59825f27-2b13-4b16-a120-f121bb067010=Assignment(partitions=[topic-5fb7a1c9_17da_40aa_8a6b_26d95c1aade1-0])}
2025-08-13 20:14:31,290 INFO  [org.apa.kaf.cli.con.int.ConsumerCoordinator] (ForkJoinPool.commonPool-worker-1) [Consumer clientId=consumer-Consumer-topic-5fb7a1c9_17da_40aa_8a6b_26d95c1aade1-2, groupId=Consumer-topic-5fb7a1c9_17da_40aa_8a6b_26d95c1aade1] Successfully synced group in generation Generation{generationId=1, memberId='consumer-Consumer-topic-5fb7a1c9_17da_40aa_8a6b_26d95c1aade1-2-59825f27-2b13-4b16-a120-f121bb067010', protocol='range'}
2025-08-13 20:14:31,290 INFO  [org.apa.kaf.cli.con.int.ConsumerCoordinator] (ForkJoinPool.commonPool-worker-1) [Consumer clientId=consumer-Consumer-topic-5fb7a1c9_17da_40aa_8a6b_26d95c1aade1-2, groupId=Consumer-topic-5fb7a1c9_17da_40aa_8a6b_26d95c1aade1] Notifying assignor about the new Assignment(partitions=[topic-5fb7a1c9_17da_40aa_8a6b_26d95c1aade1-0])
2025-08-13 20:14:31,291 INFO  [org.apa.kaf.cli.con.int.ConsumerRebalanceListenerInvoker] (ForkJoinPool.commonPool-worker-1) [Consumer clientId=consumer-Consumer-topic-5fb7a1c9_17da_40aa_8a6b_26d95c1aade1-2, groupId=Consumer-topic-5fb7a1c9_17da_40aa_8a6b_26d95c1aade1] Adding newly assigned partitions: topic-5fb7a1c9_17da_40aa_8a6b_26d95c1aade1-0
2025-08-13 20:14:31,292 INFO  [org.apa.kaf.cli.con.int.ConsumerCoordinator] (ForkJoinPool.commonPool-worker-1) [Consumer clientId=consumer-Consumer-topic-5fb7a1c9_17da_40aa_8a6b_26d95c1aade1-2, groupId=Consumer-topic-5fb7a1c9_17da_40aa_8a6b_26d95c1aade1] Found no committed offset for partition topic-5fb7a1c9_17da_40aa_8a6b_26d95c1aade1-0
2025-08-13 20:14:31,297 INFO  [org.apa.kaf.cli.con.int.SubscriptionState] (ForkJoinPool.commonPool-worker-1) [Consumer clientId=consumer-Consumer-topic-5fb7a1c9_17da_40aa_8a6b_26d95c1aade1-2, groupId=Consumer-topic-5fb7a1c9_17da_40aa_8a6b_26d95c1aade1] Resetting offset for partition topic-5fb7a1c9_17da_40aa_8a6b_26d95c1aade1-0 to position FetchPosition{offset=0, offsetEpoch=Optional.empty, currentLeader=LeaderAndEpoch{leader=Optional[localhost:32769 (id: 0 rack: null)], epoch=0}}.
2025-08-13 20:14:31,379 INFO  [io.api.tes.ser.api.KafkaSerdesTester] (ForkJoinPool.commonPool-worker-1) topic-5fb7a1c9_17da_40aa_8a6b_26d95c1aade1 0 0 {"key11755116067039": "value-0"}
2025-08-13 20:14:31,379 INFO  [io.api.tes.ser.api.KafkaSerdesTester] (ForkJoinPool.commonPool-worker-1) topic-5fb7a1c9_17da_40aa_8a6b_26d95c1aade1 0 1 {"key11755116067039": "value-1"}
2025-08-13 20:14:31,379 INFO  [io.api.tes.ser.api.KafkaSerdesTester] (ForkJoinPool.commonPool-worker-1) topic-5fb7a1c9_17da_40aa_8a6b_26d95c1aade1 0 2 {"key11755116067039": "value-2"}
2025-08-13 20:14:31,379 INFO  [io.api.tes.ser.api.KafkaSerdesTester] (ForkJoinPool.commonPool-worker-1) topic-5fb7a1c9_17da_40aa_8a6b_26d95c1aade1 0 3 {"key11755116067039": "value-3"}
2025-08-13 20:14:31,380 INFO  [io.api.tes.ser.api.KafkaSerdesTester] (ForkJoinPool.commonPool-worker-1) topic-5fb7a1c9_17da_40aa_8a6b_26d95c1aade1 0 4 {"key11755116067039": "value-4"}
2025-08-13 20:14:31,380 INFO  [io.api.tes.ser.api.KafkaSerdesTester] (ForkJoinPool.commonPool-worker-1) topic-5fb7a1c9_17da_40aa_8a6b_26d95c1aade1 0 5 {"key11755116067039": "value-5"}
2025-08-13 20:14:31,380 INFO  [io.api.tes.ser.api.KafkaSerdesTester] (ForkJoinPool.commonPool-worker-1) topic-5fb7a1c9_17da_40aa_8a6b_26d95c1aade1 0 6 {"key11755116067039": "value-6"}
2025-08-13 20:14:31,380 INFO  [io.api.tes.ser.api.KafkaSerdesTester] (ForkJoinPool.commonPool-worker-1) topic-5fb7a1c9_17da_40aa_8a6b_26d95c1aade1 0 7 {"key11755116067039": "value-7"}
2025-08-13 20:14:31,380 INFO  [io.api.tes.ser.api.KafkaSerdesTester] (ForkJoinPool.commonPool-worker-1) topic-5fb7a1c9_17da_40aa_8a6b_26d95c1aade1 0 8 {"key11755116067039": "value-8"}
2025-08-13 20:14:31,380 INFO  [io.api.tes.ser.api.KafkaSerdesTester] (ForkJoinPool.commonPool-worker-1) topic-5fb7a1c9_17da_40aa_8a6b_26d95c1aade1 0 9 {"key11755116067039": "value-9"}
2025-08-13 20:14:31,380 INFO  [io.api.tes.ser.api.KafkaSerdesTester] (ForkJoinPool.commonPool-worker-1) Consumed 10 messages
2025-08-13 20:14:31,388 INFO  [org.apa.kaf.cli.con.int.ConsumerRebalanceListenerInvoker] (ForkJoinPool.commonPool-worker-1) [Consumer clientId=consumer-Consumer-topic-5fb7a1c9_17da_40aa_8a6b_26d95c1aade1-2, groupId=Consumer-topic-5fb7a1c9_17da_40aa_8a6b_26d95c1aade1] Revoke previously assigned partitions topic-5fb7a1c9_17da_40aa_8a6b_26d95c1aade1-0
2025-08-13 20:14:31,388 INFO  [org.apa.kaf.cli.con.int.ConsumerCoordinator] (ForkJoinPool.commonPool-worker-1) [Consumer clientId=consumer-Consumer-topic-5fb7a1c9_17da_40aa_8a6b_26d95c1aade1-2, groupId=Consumer-topic-5fb7a1c9_17da_40aa_8a6b_26d95c1aade1] Member consumer-Consumer-topic-5fb7a1c9_17da_40aa_8a6b_26d95c1aade1-2-59825f27-2b13-4b16-a120-f121bb067010 sending LeaveGroup request to coordinator localhost:32769 (id: 2147483647 rack: null) due to the consumer is being closed
2025-08-13 20:14:31,389 INFO  [org.apa.kaf.cli.con.int.ConsumerCoordinator] (ForkJoinPool.commonPool-worker-1) [Consumer clientId=consumer-Consumer-topic-5fb7a1c9_17da_40aa_8a6b_26d95c1aade1-2, groupId=Consumer-topic-5fb7a1c9_17da_40aa_8a6b_26d95c1aade1] Resetting generation and member id due to: consumer pro-actively leaving the group
2025-08-13 20:14:31,389 INFO  [org.apa.kaf.cli.con.int.ConsumerCoordinator] (ForkJoinPool.commonPool-worker-1) [Consumer clientId=consumer-Consumer-topic-5fb7a1c9_17da_40aa_8a6b_26d95c1aade1-2, groupId=Consumer-topic-5fb7a1c9_17da_40aa_8a6b_26d95c1aade1] Request joining group due to: consumer pro-actively leaving the group
2025-08-13 20:14:31,883 INFO  [org.apa.kaf.com.met.Metrics] (ForkJoinPool.commonPool-worker-1) Metrics scheduler closed
2025-08-13 20:14:31,883 INFO  [org.apa.kaf.com.met.Metrics] (ForkJoinPool.commonPool-worker-1) Closing reporter org.apache.kafka.common.metrics.JmxReporter
2025-08-13 20:14:31,883 INFO  [org.apa.kaf.com.met.Metrics] (ForkJoinPool.commonPool-worker-1) Closing reporter org.apache.kafka.common.telemetry.internals.ClientTelemetryReporter
2025-08-13 20:14:31,883 INFO  [org.apa.kaf.com.met.Metrics] (ForkJoinPool.commonPool-worker-1) Metrics reporters closed
2025-08-13 20:14:31,887 INFO  [org.apa.kaf.com.uti.AppInfoParser] (ForkJoinPool.commonPool-worker-1) App info kafka.consumer for consumer-Consumer-topic-5fb7a1c9_17da_40aa_8a6b_26d95c1aade1-2 unregistered
2025-08-13 20:14:31,888 INFO  [io.api.tes.uti.TestSeparator] (main) io.apicurio.tests.serdes.apicurio.AvroSerdeIT.testSimpleTopicIdStrategyFindLatest-FINISHED
2025-08-13 20:14:31,888 INFO  [io.api.tes.uti.TestSeparator] (main) ############################################################################
Test passed: testSimpleTopicIdStrategyFindLatest
]]></system-out>
  </testcase>
  <testcase name="testWrongSchema" classname="io.apicurio.tests.serdes.apicurio.AvroSerdeIT" time="1.146">
    <system-out><![CDATA[2025-08-13 20:14:31,890 INFO  [io.api.tes.uti.TestSeparator] (main) ############################################################################
2025-08-13 20:14:31,890 INFO  [io.api.tes.uti.TestSeparator] (main) io.apicurio.tests.serdes.apicurio.AvroSerdeIT.testWrongSchema-STARTED
**** Registry Base URL: http://registry-app-inmemory.apps.ci419.apicurio-testing.org:80
2025-08-13 20:14:32,955 INFO  [org.apa.kaf.cli.pro.ProducerConfig] (main) ProducerConfig values: 
	acks = -1
	auto.include.jmx.reporter = true
	batch.size = 16384
	bootstrap.servers = [PLAINTEXT://localhost:32769]
	buffer.memory = 33554432
	client.dns.lookup = use_all_dns_ips
	client.id = Producer-s63f6d071x7849x4099x972fxf2b043d90829
	compression.gzip.level = -1
	compression.lz4.level = 9
	compression.type = none
	compression.zstd.level = 3
	connections.max.idle.ms = 10000
	delivery.timeout.ms = 120000
	enable.idempotence = true
	enable.metrics.push = true
	interceptor.classes = []
	key.serializer = class org.apache.kafka.common.serialization.StringSerializer
	linger.ms = 0
	max.block.ms = 60000
	max.in.flight.requests.per.connection = 5
	max.request.size = 1048576
	metadata.max.age.ms = 300000
	metadata.max.idle.ms = 300000
	metadata.recovery.strategy = none
	metric.reporters = []
	metrics.num.samples = 2
	metrics.recording.level = INFO
	metrics.sample.window.ms = 30000
	partitioner.adaptive.partitioning.enable = true
	partitioner.availability.timeout.ms = 0
	partitioner.class = null
	partitioner.ignore.keys = false
	receive.buffer.bytes = 32768
	reconnect.backoff.max.ms = 1000
	reconnect.backoff.ms = 50
	request.timeout.ms = 5000
	retries = 2147483647
	retry.backoff.max.ms = 1000
	retry.backoff.ms = 100
	sasl.client.callback.handler.class = null
	sasl.jaas.config = null
	sasl.kerberos.kinit.cmd = /usr/bin/kinit
	sasl.kerberos.min.time.before.relogin = 60000
	sasl.kerberos.service.name = null
	sasl.kerberos.ticket.renew.jitter = 0.05
	sasl.kerberos.ticket.renew.window.factor = 0.8
	sasl.login.callback.handler.class = null
	sasl.login.class = null
	sasl.login.connect.timeout.ms = null
	sasl.login.read.timeout.ms = null
	sasl.login.refresh.buffer.seconds = 300
	sasl.login.refresh.min.period.seconds = 60
	sasl.login.refresh.window.factor = 0.8
	sasl.login.refresh.window.jitter = 0.05
	sasl.login.retry.backoff.max.ms = 10000
	sasl.login.retry.backoff.ms = 100
	sasl.mechanism = GSSAPI
	sasl.oauthbearer.clock.skew.seconds = 30
	sasl.oauthbearer.expected.audience = null
	sasl.oauthbearer.expected.issuer = null
	sasl.oauthbearer.header.urlencode = false
	sasl.oauthbearer.jwks.endpoint.refresh.ms = 3600000
	sasl.oauthbearer.jwks.endpoint.retry.backoff.max.ms = 10000
	sasl.oauthbearer.jwks.endpoint.retry.backoff.ms = 100
	sasl.oauthbearer.jwks.endpoint.url = null
	sasl.oauthbearer.scope.claim.name = scope
	sasl.oauthbearer.sub.claim.name = sub
	sasl.oauthbearer.token.endpoint.url = null
	security.protocol = PLAINTEXT
	security.providers = null
	send.buffer.bytes = 131072
	socket.connection.setup.timeout.max.ms = 30000
	socket.connection.setup.timeout.ms = 10000
	ssl.cipher.suites = null
	ssl.enabled.protocols = [TLSv1.2, TLSv1.3]
	ssl.endpoint.identification.algorithm = https
	ssl.engine.factory.class = null
	ssl.key.password = null
	ssl.keymanager.algorithm = SunX509
	ssl.keystore.certificate.chain = null
	ssl.keystore.key = null
	ssl.keystore.location = null
	ssl.keystore.password = null
	ssl.keystore.type = JKS
	ssl.protocol = TLSv1.3
	ssl.provider = null
	ssl.secure.random.implementation = null
	ssl.trustmanager.algorithm = PKIX
	ssl.truststore.certificates = null
	ssl.truststore.location = null
	ssl.truststore.password = null
	ssl.truststore.type = JKS
	transaction.timeout.ms = 60000
	transactional.id = null
	value.serializer = class io.apicurio.registry.serde.avro.AvroKafkaSerializer

2025-08-13 20:14:32,956 INFO  [org.apa.kaf.com.tel.int.KafkaMetricsCollector] (main) initializing Kafka metrics collector
2025-08-13 20:14:32,960 INFO  [org.apa.kaf.cli.pro.KafkaProducer] (main) [Producer clientId=Producer-s63f6d071x7849x4099x972fxf2b043d90829] Instantiated an idempotent producer.
2025-08-13 20:14:32,963 INFO  [org.apa.kaf.cli.pro.ProducerConfig] (main) These configurations '[apicurio.registry.find-latest, apicurio.registry.url, apicurio.registry.artifact-resolver-strategy]' were supplied but are not used yet.
2025-08-13 20:14:32,963 INFO  [org.apa.kaf.com.uti.AppInfoParser] (main) Kafka version: 3.9.1
2025-08-13 20:14:32,963 INFO  [org.apa.kaf.com.uti.AppInfoParser] (main) Kafka commitId: f745dfdcee2b9851
2025-08-13 20:14:32,963 INFO  [org.apa.kaf.com.uti.AppInfoParser] (main) Kafka startTimeMs: 1755116072963
2025-08-13 20:14:32,964 INFO  [io.api.tes.ser.api.KafkaSerdesTester] (ForkJoinPool.commonPool-worker-1) Sending message {"keyB": "value-0"} to topic s63f6d071x7849x4099x972fxf2b043d90829
2025-08-13 20:14:32,968 INFO  [org.apa.kaf.cli.Metadata] (kafka-producer-network-thread | Producer-s63f6d071x7849x4099x972fxf2b043d90829) [Producer clientId=Producer-s63f6d071x7849x4099x972fxf2b043d90829] Cluster ID: deU1wVjgTqiYBiPhrFjcdg
2025-08-13 20:14:32,968 INFO  [org.apa.kaf.cli.pro.int.TransactionManager] (kafka-producer-network-thread | Producer-s63f6d071x7849x4099x972fxf2b043d90829) [Producer clientId=Producer-s63f6d071x7849x4099x972fxf2b043d90829] ProducerId set to 2 with epoch 0
2025-08-13 20:14:33,031 INFO  [org.apa.kaf.cli.pro.KafkaProducer] (ForkJoinPool.commonPool-worker-1) [Producer clientId=Producer-s63f6d071x7849x4099x972fxf2b043d90829] Closing the Kafka producer with timeoutMillis = 9223372036854775807 ms.
2025-08-13 20:14:33,033 INFO  [org.apa.kaf.com.met.Metrics] (ForkJoinPool.commonPool-worker-1) Metrics scheduler closed
2025-08-13 20:14:33,034 INFO  [org.apa.kaf.com.met.Metrics] (ForkJoinPool.commonPool-worker-1) Closing reporter org.apache.kafka.common.metrics.JmxReporter
2025-08-13 20:14:33,034 INFO  [org.apa.kaf.com.met.Metrics] (ForkJoinPool.commonPool-worker-1) Closing reporter org.apache.kafka.common.telemetry.internals.ClientTelemetryReporter
2025-08-13 20:14:33,034 INFO  [org.apa.kaf.com.met.Metrics] (ForkJoinPool.commonPool-worker-1) Metrics reporters closed
2025-08-13 20:14:33,034 INFO  [org.apa.kaf.com.uti.AppInfoParser] (ForkJoinPool.commonPool-worker-1) App info kafka.producer for Producer-s63f6d071x7849x4099x972fxf2b043d90829 unregistered
2025-08-13 20:14:33,035 INFO  [io.api.tes.uti.TestSeparator] (main) io.apicurio.tests.serdes.apicurio.AvroSerdeIT.testWrongSchema-FINISHED
2025-08-13 20:14:33,035 INFO  [io.api.tes.uti.TestSeparator] (main) ############################################################################
Test passed: testWrongSchema
]]></system-out>
    <system-err><![CDATA[io.apicurio.registry.rest.client.models.ProblemDetails
	at io.apicurio.registry.rest.client.models.ProblemDetails.createFromDiscriminatorValue(ProblemDetails.java:58)
	at io.kiota.serialization.json.JsonParseNode.getObjectValue(JsonParseNode.java:247)
	at io.kiota.http.vertx.VertXRequestAdapter.lambda$throwIfFailedResponse$0(VertXRequestAdapter.java:400)
	at com.microsoft.kiota.ApiExceptionBuilder.<init>(ApiExceptionBuilder.java:26)
	at io.kiota.http.vertx.VertXRequestAdapter.throwIfFailedResponse(VertXRequestAdapter.java:399)
	at io.kiota.http.vertx.VertXRequestAdapter.send(VertXRequestAdapter.java:170)
	at io.apicurio.registry.rest.client.groups.item.artifacts.item.versions.item.WithVersionExpressionItemRequestBuilder.get(WithVersionExpressionItemRequestBuilder.java:128)
	at io.apicurio.registry.rest.client.groups.item.artifacts.item.versions.item.WithVersionExpressionItemRequestBuilder.get(WithVersionExpressionItemRequestBuilder.java:111)
	at io.apicurio.registry.resolver.client.RegistryClientFacadeImpl.getVersionCoordinatesByGAV(RegistryClientFacadeImpl.java:159)
	at io.apicurio.registry.resolver.DefaultSchemaResolver.resolveByCoordinates(DefaultSchemaResolver.java:352)
	at io.apicurio.registry.resolver.DefaultSchemaResolver.lambda$resolveSchemaByArtifactReferenceCached$6(DefaultSchemaResolver.java:340)
	at io.apicurio.registry.resolver.cache.ERCache.lambda$getValue$0(ERCache.java:174)
	at io.apicurio.registry.resolver.cache.ERCache.retry(ERCache.java:227)
	at io.apicurio.registry.resolver.cache.ERCache.getValue(ERCache.java:173)
	at io.apicurio.registry.resolver.cache.ERCache.getByArtifactCoordinates(ERCache.java:158)
	at io.apicurio.registry.resolver.DefaultSchemaResolver.resolveSchemaByArtifactReferenceCached(DefaultSchemaResolver.java:338)
	at io.apicurio.registry.resolver.DefaultSchemaResolver.resolveSchemaByCoordinates(DefaultSchemaResolver.java:193)
	at io.apicurio.registry.resolver.DefaultSchemaResolver.getSchemaFromRegistry(DefaultSchemaResolver.java:130)
	at io.apicurio.registry.resolver.DefaultSchemaResolver.lambda$resolveSchema$0(DefaultSchemaResolver.java:84)
	at java.base/java.util.Optional.orElseGet(Optional.java:364)
	at io.apicurio.registry.resolver.DefaultSchemaResolver.resolveSchema(DefaultSchemaResolver.java:84)
	at io.apicurio.registry.serde.AbstractSerializer.serializeData(AbstractSerializer.java:62)
	at io.apicurio.registry.serde.KafkaSerializer.serialize(KafkaSerializer.java:77)
	at org.apache.kafka.clients.producer.KafkaProducer.doSend(KafkaProducer.java:1046)
	at org.apache.kafka.clients.producer.KafkaProducer.send(KafkaProducer.java:993)
	at org.apache.kafka.clients.producer.KafkaProducer.send(KafkaProducer.java:875)
	at io.apicurio.tests.serdes.apicurio.KafkaSerdesTester.lambda$produceMessages$3(KafkaSerdesTester.java:138)
	at java.base/java.util.concurrent.CompletableFuture$AsyncSupply.run(CompletableFuture.java:1768)
	at java.base/java.util.concurrent.CompletableFuture$AsyncSupply.exec(CompletableFuture.java:1760)
	at java.base/java.util.concurrent.ForkJoinTask.doExec(ForkJoinTask.java:373)
	at java.base/java.util.concurrent.ForkJoinPool$WorkQueue.topLevelExec(ForkJoinPool.java:1182)
	at java.base/java.util.concurrent.ForkJoinPool.scan(ForkJoinPool.java:1655)
	at java.base/java.util.concurrent.ForkJoinPool.runWorker(ForkJoinPool.java:1622)
	at java.base/java.util.concurrent.ForkJoinWorkerThread.run(ForkJoinWorkerThread.java:165)
]]></system-err>
  </testcase>
  <testcase name="testAvroJSON" classname="io.apicurio.tests.serdes.apicurio.AvroSerdeIT" time="3.9">
    <system-out><![CDATA[2025-08-13 20:14:33,036 INFO  [io.api.tes.uti.TestSeparator] (main) ############################################################################
2025-08-13 20:14:33,037 INFO  [io.api.tes.uti.TestSeparator] (main) io.apicurio.tests.serdes.apicurio.AvroSerdeIT.testAvroJSON-STARTED
**** Registry Base URL: http://registry-app-inmemory.apps.ci419.apicurio-testing.org:80
2025-08-13 20:14:33,041 INFO  [org.apa.kaf.cli.pro.ProducerConfig] (main) ProducerConfig values: 
	acks = -1
	auto.include.jmx.reporter = true
	batch.size = 16384
	bootstrap.servers = [PLAINTEXT://localhost:32769]
	buffer.memory = 33554432
	client.dns.lookup = use_all_dns_ips
	client.id = Producer-topic-1bafa4b8_c36c_4393_8feb_7c3d3150fc18
	compression.gzip.level = -1
	compression.lz4.level = 9
	compression.type = none
	compression.zstd.level = 3
	connections.max.idle.ms = 10000
	delivery.timeout.ms = 120000
	enable.idempotence = true
	enable.metrics.push = true
	interceptor.classes = []
	key.serializer = class org.apache.kafka.common.serialization.StringSerializer
	linger.ms = 0
	max.block.ms = 60000
	max.in.flight.requests.per.connection = 5
	max.request.size = 1048576
	metadata.max.age.ms = 300000
	metadata.max.idle.ms = 300000
	metadata.recovery.strategy = none
	metric.reporters = []
	metrics.num.samples = 2
	metrics.recording.level = INFO
	metrics.sample.window.ms = 30000
	partitioner.adaptive.partitioning.enable = true
	partitioner.availability.timeout.ms = 0
	partitioner.class = null
	partitioner.ignore.keys = false
	receive.buffer.bytes = 32768
	reconnect.backoff.max.ms = 1000
	reconnect.backoff.ms = 50
	request.timeout.ms = 5000
	retries = 2147483647
	retry.backoff.max.ms = 1000
	retry.backoff.ms = 100
	sasl.client.callback.handler.class = null
	sasl.jaas.config = null
	sasl.kerberos.kinit.cmd = /usr/bin/kinit
	sasl.kerberos.min.time.before.relogin = 60000
	sasl.kerberos.service.name = null
	sasl.kerberos.ticket.renew.jitter = 0.05
	sasl.kerberos.ticket.renew.window.factor = 0.8
	sasl.login.callback.handler.class = null
	sasl.login.class = null
	sasl.login.connect.timeout.ms = null
	sasl.login.read.timeout.ms = null
	sasl.login.refresh.buffer.seconds = 300
	sasl.login.refresh.min.period.seconds = 60
	sasl.login.refresh.window.factor = 0.8
	sasl.login.refresh.window.jitter = 0.05
	sasl.login.retry.backoff.max.ms = 10000
	sasl.login.retry.backoff.ms = 100
	sasl.mechanism = GSSAPI
	sasl.oauthbearer.clock.skew.seconds = 30
	sasl.oauthbearer.expected.audience = null
	sasl.oauthbearer.expected.issuer = null
	sasl.oauthbearer.header.urlencode = false
	sasl.oauthbearer.jwks.endpoint.refresh.ms = 3600000
	sasl.oauthbearer.jwks.endpoint.retry.backoff.max.ms = 10000
	sasl.oauthbearer.jwks.endpoint.retry.backoff.ms = 100
	sasl.oauthbearer.jwks.endpoint.url = null
	sasl.oauthbearer.scope.claim.name = scope
	sasl.oauthbearer.sub.claim.name = sub
	sasl.oauthbearer.token.endpoint.url = null
	security.protocol = PLAINTEXT
	security.providers = null
	send.buffer.bytes = 131072
	socket.connection.setup.timeout.max.ms = 30000
	socket.connection.setup.timeout.ms = 10000
	ssl.cipher.suites = null
	ssl.enabled.protocols = [TLSv1.2, TLSv1.3]
	ssl.endpoint.identification.algorithm = https
	ssl.engine.factory.class = null
	ssl.key.password = null
	ssl.keymanager.algorithm = SunX509
	ssl.keystore.certificate.chain = null
	ssl.keystore.key = null
	ssl.keystore.location = null
	ssl.keystore.password = null
	ssl.keystore.type = JKS
	ssl.protocol = TLSv1.3
	ssl.provider = null
	ssl.secure.random.implementation = null
	ssl.trustmanager.algorithm = PKIX
	ssl.truststore.certificates = null
	ssl.truststore.location = null
	ssl.truststore.password = null
	ssl.truststore.type = JKS
	transaction.timeout.ms = 60000
	transactional.id = null
	value.serializer = class io.apicurio.registry.serde.avro.AvroKafkaSerializer

2025-08-13 20:14:33,041 INFO  [org.apa.kaf.com.tel.int.KafkaMetricsCollector] (main) initializing Kafka metrics collector
2025-08-13 20:14:33,045 INFO  [org.apa.kaf.cli.pro.KafkaProducer] (main) [Producer clientId=Producer-topic-1bafa4b8_c36c_4393_8feb_7c3d3150fc18] Instantiated an idempotent producer.
2025-08-13 20:14:33,048 INFO  [org.apa.kaf.cli.pro.ProducerConfig] (main) These configurations '[apicurio.registry.avro.encoding, apicurio.registry.url, apicurio.registry.auto-register, apicurio.registry.artifact-resolver-strategy]' were supplied but are not used yet.
2025-08-13 20:14:33,048 INFO  [org.apa.kaf.com.uti.AppInfoParser] (main) Kafka version: 3.9.1
2025-08-13 20:14:33,048 INFO  [org.apa.kaf.com.uti.AppInfoParser] (main) Kafka commitId: f745dfdcee2b9851
2025-08-13 20:14:33,049 INFO  [org.apa.kaf.com.uti.AppInfoParser] (main) Kafka startTimeMs: 1755116073048
2025-08-13 20:14:33,049 INFO  [io.api.tes.ser.api.SimpleSerdesTesterBuilder$SimpleSerdesTester] (main) Using producer configuration: {apicurio.registry.avro.encoding=JSON, apicurio.registry.url=http://registry-app-inmemory.apps.ci419.apicurio-testing.org:80/apis/registry/v3, apicurio.registry.auto-register=true, apicurio.registry.artifact-resolver-strategy=io.apicurio.registry.serde.strategy.TopicIdStrategy, value.serializer=io.apicurio.registry.serde.avro.AvroKafkaSerializer, request.timeout.ms=5000, acks=all, bootstrap.servers=PLAINTEXT://localhost:32769, connections.max.idle.ms=10000, key.serializer=org.apache.kafka.common.serialization.StringSerializer, client.id=Producer-topic-1bafa4b8_c36c_4393_8feb_7c3d3150fc18}
2025-08-13 20:14:33,049 INFO  [io.api.tes.ser.api.SimpleSerdesTesterBuilder$SimpleSerdesTester] (main) Using consumer configuration: {apicurio.registry.avro.encoding=JSON}
2025-08-13 20:14:33,049 INFO  [io.api.tes.ser.api.KafkaSerdesTester] (ForkJoinPool.commonPool-worker-1) Sending message {"bar": "value-0"} to topic topic-1bafa4b8_c36c_4393_8feb_7c3d3150fc18
2025-08-13 20:14:33,054 WARN  [org.apa.kaf.cli.NetworkClient] (kafka-producer-network-thread | Producer-topic-1bafa4b8_c36c_4393_8feb_7c3d3150fc18) [Producer clientId=Producer-topic-1bafa4b8_c36c_4393_8feb_7c3d3150fc18] The metadata response from the cluster reported a recoverable issue with correlation id 1 : {topic-1bafa4b8_c36c_4393_8feb_7c3d3150fc18=UNKNOWN_TOPIC_OR_PARTITION}
2025-08-13 20:14:33,055 INFO  [org.apa.kaf.cli.Metadata] (kafka-producer-network-thread | Producer-topic-1bafa4b8_c36c_4393_8feb_7c3d3150fc18) [Producer clientId=Producer-topic-1bafa4b8_c36c_4393_8feb_7c3d3150fc18] Cluster ID: deU1wVjgTqiYBiPhrFjcdg
2025-08-13 20:14:33,055 INFO  [org.apa.kaf.cli.pro.int.TransactionManager] (kafka-producer-network-thread | Producer-topic-1bafa4b8_c36c_4393_8feb_7c3d3150fc18) [Producer clientId=Producer-topic-1bafa4b8_c36c_4393_8feb_7c3d3150fc18] ProducerId set to 3 with epoch 0
2025-08-13 20:14:33,227 INFO  [io.api.tes.ser.api.KafkaSerdesTester] (ForkJoinPool.commonPool-worker-1) Sending message {"bar": "value-1"} to topic topic-1bafa4b8_c36c_4393_8feb_7c3d3150fc18
2025-08-13 20:14:33,229 INFO  [io.api.tes.ser.api.KafkaSerdesTester] (ForkJoinPool.commonPool-worker-1) Sending message {"bar": "value-2"} to topic topic-1bafa4b8_c36c_4393_8feb_7c3d3150fc18
2025-08-13 20:14:33,232 INFO  [io.api.tes.ser.api.KafkaSerdesTester] (ForkJoinPool.commonPool-worker-1) Sending message {"bar": "value-3"} to topic topic-1bafa4b8_c36c_4393_8feb_7c3d3150fc18
2025-08-13 20:14:33,235 INFO  [io.api.tes.ser.api.KafkaSerdesTester] (ForkJoinPool.commonPool-worker-1) Sending message {"bar": "value-4"} to topic topic-1bafa4b8_c36c_4393_8feb_7c3d3150fc18
2025-08-13 20:14:33,238 INFO  [io.api.tes.ser.api.KafkaSerdesTester] (ForkJoinPool.commonPool-worker-1) Sending message {"bar": "value-5"} to topic topic-1bafa4b8_c36c_4393_8feb_7c3d3150fc18
2025-08-13 20:14:33,240 INFO  [io.api.tes.ser.api.KafkaSerdesTester] (ForkJoinPool.commonPool-worker-1) Sending message {"bar": "value-6"} to topic topic-1bafa4b8_c36c_4393_8feb_7c3d3150fc18
2025-08-13 20:14:33,243 INFO  [io.api.tes.ser.api.KafkaSerdesTester] (ForkJoinPool.commonPool-worker-1) Sending message {"bar": "value-7"} to topic topic-1bafa4b8_c36c_4393_8feb_7c3d3150fc18
2025-08-13 20:14:33,246 INFO  [io.api.tes.ser.api.KafkaSerdesTester] (ForkJoinPool.commonPool-worker-1) Sending message {"bar": "value-8"} to topic topic-1bafa4b8_c36c_4393_8feb_7c3d3150fc18
2025-08-13 20:14:33,249 INFO  [io.api.tes.ser.api.KafkaSerdesTester] (ForkJoinPool.commonPool-worker-1) Sending message {"bar": "value-9"} to topic topic-1bafa4b8_c36c_4393_8feb_7c3d3150fc18
2025-08-13 20:14:33,251 INFO  [io.api.tes.ser.api.KafkaSerdesTester] (ForkJoinPool.commonPool-worker-1) Produced 10 messages
2025-08-13 20:14:33,252 INFO  [org.apa.kaf.cli.pro.KafkaProducer] (ForkJoinPool.commonPool-worker-1) [Producer clientId=Producer-topic-1bafa4b8_c36c_4393_8feb_7c3d3150fc18] Closing the Kafka producer with timeoutMillis = 9223372036854775807 ms.
2025-08-13 20:14:33,253 INFO  [org.apa.kaf.com.met.Metrics] (ForkJoinPool.commonPool-worker-1) Metrics scheduler closed
2025-08-13 20:14:33,254 INFO  [org.apa.kaf.com.met.Metrics] (ForkJoinPool.commonPool-worker-1) Closing reporter org.apache.kafka.common.metrics.JmxReporter
2025-08-13 20:14:33,254 INFO  [org.apa.kaf.com.met.Metrics] (ForkJoinPool.commonPool-worker-1) Closing reporter org.apache.kafka.common.telemetry.internals.ClientTelemetryReporter
2025-08-13 20:14:33,254 INFO  [org.apa.kaf.com.met.Metrics] (ForkJoinPool.commonPool-worker-1) Metrics reporters closed
2025-08-13 20:14:33,254 INFO  [org.apa.kaf.com.uti.AppInfoParser] (ForkJoinPool.commonPool-worker-1) App info kafka.producer for Producer-topic-1bafa4b8_c36c_4393_8feb_7c3d3150fc18 unregistered
**** Registry Base URL: http://registry-app-inmemory.apps.ci419.apicurio-testing.org:80
2025-08-13 20:14:33,313 INFO  [org.apa.kaf.cli.con.ConsumerConfig] (main) ConsumerConfig values: 
	allow.auto.create.topics = true
	auto.commit.interval.ms = 500
	auto.include.jmx.reporter = true
	auto.offset.reset = earliest
	bootstrap.servers = [PLAINTEXT://localhost:32769]
	check.crcs = true
	client.dns.lookup = use_all_dns_ips
	client.id = consumer-Consumer-topic-1bafa4b8_c36c_4393_8feb_7c3d3150fc18-3
	client.rack = 
	connections.max.idle.ms = 10000
	default.api.timeout.ms = 60000
	enable.auto.commit = true
	enable.metrics.push = true
	exclude.internal.topics = true
	fetch.max.bytes = 52428800
	fetch.max.wait.ms = 500
	fetch.min.bytes = 1
	group.id = Consumer-topic-1bafa4b8_c36c_4393_8feb_7c3d3150fc18
	group.instance.id = null
	group.protocol = classic
	group.remote.assignor = null
	heartbeat.interval.ms = 3000
	interceptor.classes = []
	internal.leave.group.on.close = true
	internal.throw.on.fetch.stable.offset.unsupported = false
	isolation.level = read_uncommitted
	key.deserializer = class org.apache.kafka.common.serialization.StringDeserializer
	max.partition.fetch.bytes = 1048576
	max.poll.interval.ms = 300000
	max.poll.records = 500
	metadata.max.age.ms = 300000
	metadata.recovery.strategy = none
	metric.reporters = []
	metrics.num.samples = 2
	metrics.recording.level = INFO
	metrics.sample.window.ms = 30000
	partition.assignment.strategy = [class org.apache.kafka.clients.consumer.RangeAssignor, class org.apache.kafka.clients.consumer.CooperativeStickyAssignor]
	receive.buffer.bytes = 65536
	reconnect.backoff.max.ms = 1000
	reconnect.backoff.ms = 50
	request.timeout.ms = 5000
	retry.backoff.max.ms = 1000
	retry.backoff.ms = 100
	sasl.client.callback.handler.class = null
	sasl.jaas.config = null
	sasl.kerberos.kinit.cmd = /usr/bin/kinit
	sasl.kerberos.min.time.before.relogin = 60000
	sasl.kerberos.service.name = null
	sasl.kerberos.ticket.renew.jitter = 0.05
	sasl.kerberos.ticket.renew.window.factor = 0.8
	sasl.login.callback.handler.class = null
	sasl.login.class = null
	sasl.login.connect.timeout.ms = null
	sasl.login.read.timeout.ms = null
	sasl.login.refresh.buffer.seconds = 300
	sasl.login.refresh.min.period.seconds = 60
	sasl.login.refresh.window.factor = 0.8
	sasl.login.refresh.window.jitter = 0.05
	sasl.login.retry.backoff.max.ms = 10000
	sasl.login.retry.backoff.ms = 100
	sasl.mechanism = GSSAPI
	sasl.oauthbearer.clock.skew.seconds = 30
	sasl.oauthbearer.expected.audience = null
	sasl.oauthbearer.expected.issuer = null
	sasl.oauthbearer.header.urlencode = false
	sasl.oauthbearer.jwks.endpoint.refresh.ms = 3600000
	sasl.oauthbearer.jwks.endpoint.retry.backoff.max.ms = 10000
	sasl.oauthbearer.jwks.endpoint.retry.backoff.ms = 100
	sasl.oauthbearer.jwks.endpoint.url = null
	sasl.oauthbearer.scope.claim.name = scope
	sasl.oauthbearer.sub.claim.name = sub
	sasl.oauthbearer.token.endpoint.url = null
	security.protocol = PLAINTEXT
	security.providers = null
	send.buffer.bytes = 131072
	session.timeout.ms = 45000
	socket.connection.setup.timeout.max.ms = 30000
	socket.connection.setup.timeout.ms = 10000
	ssl.cipher.suites = null
	ssl.enabled.protocols = [TLSv1.2, TLSv1.3]
	ssl.endpoint.identification.algorithm = https
	ssl.engine.factory.class = null
	ssl.key.password = null
	ssl.keymanager.algorithm = SunX509
	ssl.keystore.certificate.chain = null
	ssl.keystore.key = null
	ssl.keystore.location = null
	ssl.keystore.password = null
	ssl.keystore.type = JKS
	ssl.protocol = TLSv1.3
	ssl.provider = null
	ssl.secure.random.implementation = null
	ssl.trustmanager.algorithm = PKIX
	ssl.truststore.certificates = null
	ssl.truststore.location = null
	ssl.truststore.password = null
	ssl.truststore.type = JKS
	value.deserializer = class io.apicurio.registry.serde.avro.AvroKafkaDeserializer

2025-08-13 20:14:33,314 INFO  [org.apa.kaf.com.tel.int.KafkaMetricsCollector] (main) initializing Kafka metrics collector
2025-08-13 20:14:33,320 INFO  [org.apa.kaf.cli.con.ConsumerConfig] (main) These configurations '[apicurio.registry.avro.encoding, apicurio.registry.url]' were supplied but are not used yet.
2025-08-13 20:14:33,320 INFO  [org.apa.kaf.com.uti.AppInfoParser] (main) Kafka version: 3.9.1
2025-08-13 20:14:33,320 INFO  [org.apa.kaf.com.uti.AppInfoParser] (main) Kafka commitId: f745dfdcee2b9851
2025-08-13 20:14:33,320 INFO  [org.apa.kaf.com.uti.AppInfoParser] (main) Kafka startTimeMs: 1755116073320
2025-08-13 20:14:33,320 INFO  [org.apa.kaf.cli.con.int.ClassicKafkaConsumer] (ForkJoinPool.commonPool-worker-1) [Consumer clientId=consumer-Consumer-topic-1bafa4b8_c36c_4393_8feb_7c3d3150fc18-3, groupId=Consumer-topic-1bafa4b8_c36c_4393_8feb_7c3d3150fc18] Subscribed to topic(s): topic-1bafa4b8_c36c_4393_8feb_7c3d3150fc18
2025-08-13 20:14:33,325 INFO  [org.apa.kaf.cli.Metadata] (ForkJoinPool.commonPool-worker-1) [Consumer clientId=consumer-Consumer-topic-1bafa4b8_c36c_4393_8feb_7c3d3150fc18-3, groupId=Consumer-topic-1bafa4b8_c36c_4393_8feb_7c3d3150fc18] Cluster ID: deU1wVjgTqiYBiPhrFjcdg
2025-08-13 20:14:33,326 INFO  [org.apa.kaf.cli.con.int.ConsumerCoordinator] (ForkJoinPool.commonPool-worker-1) [Consumer clientId=consumer-Consumer-topic-1bafa4b8_c36c_4393_8feb_7c3d3150fc18-3, groupId=Consumer-topic-1bafa4b8_c36c_4393_8feb_7c3d3150fc18] Discovered group coordinator localhost:32769 (id: 2147483647 rack: null)
2025-08-13 20:14:33,328 INFO  [org.apa.kaf.cli.con.int.ConsumerCoordinator] (ForkJoinPool.commonPool-worker-1) [Consumer clientId=consumer-Consumer-topic-1bafa4b8_c36c_4393_8feb_7c3d3150fc18-3, groupId=Consumer-topic-1bafa4b8_c36c_4393_8feb_7c3d3150fc18] (Re-)joining group
2025-08-13 20:14:33,330 INFO  [org.apa.kaf.cli.con.int.ConsumerCoordinator] (ForkJoinPool.commonPool-worker-1) [Consumer clientId=consumer-Consumer-topic-1bafa4b8_c36c_4393_8feb_7c3d3150fc18-3, groupId=Consumer-topic-1bafa4b8_c36c_4393_8feb_7c3d3150fc18] Request joining group due to: need to re-join with the given member-id: consumer-Consumer-topic-1bafa4b8_c36c_4393_8feb_7c3d3150fc18-3-09f50c4e-0f68-4517-8e98-772ca70335fa
2025-08-13 20:14:33,331 INFO  [org.apa.kaf.cli.con.int.ConsumerCoordinator] (ForkJoinPool.commonPool-worker-1) [Consumer clientId=consumer-Consumer-topic-1bafa4b8_c36c_4393_8feb_7c3d3150fc18-3, groupId=Consumer-topic-1bafa4b8_c36c_4393_8feb_7c3d3150fc18] (Re-)joining group
2025-08-13 20:14:34,320 INFO  [io.api.tes.ser.api.KafkaSerdesTester] (ForkJoinPool.commonPool-worker-1) None found
2025-08-13 20:14:35,321 INFO  [io.api.tes.ser.api.KafkaSerdesTester] (ForkJoinPool.commonPool-worker-1) None found
2025-08-13 20:14:36,321 INFO  [io.api.tes.ser.api.KafkaSerdesTester] (ForkJoinPool.commonPool-worker-1) None found
2025-08-13 20:14:36,333 INFO  [org.apa.kaf.cli.con.int.ConsumerCoordinator] (ForkJoinPool.commonPool-worker-1) [Consumer clientId=consumer-Consumer-topic-1bafa4b8_c36c_4393_8feb_7c3d3150fc18-3, groupId=Consumer-topic-1bafa4b8_c36c_4393_8feb_7c3d3150fc18] Successfully joined group with generation Generation{generationId=1, memberId='consumer-Consumer-topic-1bafa4b8_c36c_4393_8feb_7c3d3150fc18-3-09f50c4e-0f68-4517-8e98-772ca70335fa', protocol='range'}
2025-08-13 20:14:36,333 INFO  [org.apa.kaf.cli.con.int.ConsumerCoordinator] (ForkJoinPool.commonPool-worker-1) [Consumer clientId=consumer-Consumer-topic-1bafa4b8_c36c_4393_8feb_7c3d3150fc18-3, groupId=Consumer-topic-1bafa4b8_c36c_4393_8feb_7c3d3150fc18] Finished assignment for group at generation 1: {consumer-Consumer-topic-1bafa4b8_c36c_4393_8feb_7c3d3150fc18-3-09f50c4e-0f68-4517-8e98-772ca70335fa=Assignment(partitions=[topic-1bafa4b8_c36c_4393_8feb_7c3d3150fc18-0])}
2025-08-13 20:14:36,341 INFO  [org.apa.kaf.cli.con.int.ConsumerCoordinator] (ForkJoinPool.commonPool-worker-1) [Consumer clientId=consumer-Consumer-topic-1bafa4b8_c36c_4393_8feb_7c3d3150fc18-3, groupId=Consumer-topic-1bafa4b8_c36c_4393_8feb_7c3d3150fc18] Successfully synced group in generation Generation{generationId=1, memberId='consumer-Consumer-topic-1bafa4b8_c36c_4393_8feb_7c3d3150fc18-3-09f50c4e-0f68-4517-8e98-772ca70335fa', protocol='range'}
2025-08-13 20:14:36,342 INFO  [org.apa.kaf.cli.con.int.ConsumerCoordinator] (ForkJoinPool.commonPool-worker-1) [Consumer clientId=consumer-Consumer-topic-1bafa4b8_c36c_4393_8feb_7c3d3150fc18-3, groupId=Consumer-topic-1bafa4b8_c36c_4393_8feb_7c3d3150fc18] Notifying assignor about the new Assignment(partitions=[topic-1bafa4b8_c36c_4393_8feb_7c3d3150fc18-0])
2025-08-13 20:14:36,342 INFO  [org.apa.kaf.cli.con.int.ConsumerRebalanceListenerInvoker] (ForkJoinPool.commonPool-worker-1) [Consumer clientId=consumer-Consumer-topic-1bafa4b8_c36c_4393_8feb_7c3d3150fc18-3, groupId=Consumer-topic-1bafa4b8_c36c_4393_8feb_7c3d3150fc18] Adding newly assigned partitions: topic-1bafa4b8_c36c_4393_8feb_7c3d3150fc18-0
2025-08-13 20:14:36,343 INFO  [org.apa.kaf.cli.con.int.ConsumerCoordinator] (ForkJoinPool.commonPool-worker-1) [Consumer clientId=consumer-Consumer-topic-1bafa4b8_c36c_4393_8feb_7c3d3150fc18-3, groupId=Consumer-topic-1bafa4b8_c36c_4393_8feb_7c3d3150fc18] Found no committed offset for partition topic-1bafa4b8_c36c_4393_8feb_7c3d3150fc18-0
2025-08-13 20:14:36,348 INFO  [org.apa.kaf.cli.con.int.SubscriptionState] (ForkJoinPool.commonPool-worker-1) [Consumer clientId=consumer-Consumer-topic-1bafa4b8_c36c_4393_8feb_7c3d3150fc18-3, groupId=Consumer-topic-1bafa4b8_c36c_4393_8feb_7c3d3150fc18] Resetting offset for partition topic-1bafa4b8_c36c_4393_8feb_7c3d3150fc18-0 to position FetchPosition{offset=0, offsetEpoch=Optional.empty, currentLeader=LeaderAndEpoch{leader=Optional[localhost:32769 (id: 0 rack: null)], epoch=0}}.
2025-08-13 20:14:36,428 INFO  [io.api.tes.ser.api.KafkaSerdesTester] (ForkJoinPool.commonPool-worker-1) topic-1bafa4b8_c36c_4393_8feb_7c3d3150fc18 0 0 {"bar": "value-0"}
2025-08-13 20:14:36,429 INFO  [io.api.tes.ser.api.KafkaSerdesTester] (ForkJoinPool.commonPool-worker-1) topic-1bafa4b8_c36c_4393_8feb_7c3d3150fc18 0 1 {"bar": "value-1"}
2025-08-13 20:14:36,429 INFO  [io.api.tes.ser.api.KafkaSerdesTester] (ForkJoinPool.commonPool-worker-1) topic-1bafa4b8_c36c_4393_8feb_7c3d3150fc18 0 2 {"bar": "value-2"}
2025-08-13 20:14:36,430 INFO  [io.api.tes.ser.api.KafkaSerdesTester] (ForkJoinPool.commonPool-worker-1) topic-1bafa4b8_c36c_4393_8feb_7c3d3150fc18 0 3 {"bar": "value-3"}
2025-08-13 20:14:36,430 INFO  [io.api.tes.ser.api.KafkaSerdesTester] (ForkJoinPool.commonPool-worker-1) topic-1bafa4b8_c36c_4393_8feb_7c3d3150fc18 0 4 {"bar": "value-4"}
2025-08-13 20:14:36,430 INFO  [io.api.tes.ser.api.KafkaSerdesTester] (ForkJoinPool.commonPool-worker-1) topic-1bafa4b8_c36c_4393_8feb_7c3d3150fc18 0 5 {"bar": "value-5"}
2025-08-13 20:14:36,430 INFO  [io.api.tes.ser.api.KafkaSerdesTester] (ForkJoinPool.commonPool-worker-1) topic-1bafa4b8_c36c_4393_8feb_7c3d3150fc18 0 6 {"bar": "value-6"}
2025-08-13 20:14:36,430 INFO  [io.api.tes.ser.api.KafkaSerdesTester] (ForkJoinPool.commonPool-worker-1) topic-1bafa4b8_c36c_4393_8feb_7c3d3150fc18 0 7 {"bar": "value-7"}
2025-08-13 20:14:36,430 INFO  [io.api.tes.ser.api.KafkaSerdesTester] (ForkJoinPool.commonPool-worker-1) topic-1bafa4b8_c36c_4393_8feb_7c3d3150fc18 0 8 {"bar": "value-8"}
2025-08-13 20:14:36,430 INFO  [io.api.tes.ser.api.KafkaSerdesTester] (ForkJoinPool.commonPool-worker-1) topic-1bafa4b8_c36c_4393_8feb_7c3d3150fc18 0 9 {"bar": "value-9"}
2025-08-13 20:14:36,430 INFO  [io.api.tes.ser.api.KafkaSerdesTester] (ForkJoinPool.commonPool-worker-1) Consumed 10 messages
2025-08-13 20:14:36,438 INFO  [org.apa.kaf.cli.con.int.ConsumerRebalanceListenerInvoker] (ForkJoinPool.commonPool-worker-1) [Consumer clientId=consumer-Consumer-topic-1bafa4b8_c36c_4393_8feb_7c3d3150fc18-3, groupId=Consumer-topic-1bafa4b8_c36c_4393_8feb_7c3d3150fc18] Revoke previously assigned partitions topic-1bafa4b8_c36c_4393_8feb_7c3d3150fc18-0
2025-08-13 20:14:36,438 INFO  [org.apa.kaf.cli.con.int.ConsumerCoordinator] (ForkJoinPool.commonPool-worker-1) [Consumer clientId=consumer-Consumer-topic-1bafa4b8_c36c_4393_8feb_7c3d3150fc18-3, groupId=Consumer-topic-1bafa4b8_c36c_4393_8feb_7c3d3150fc18] Member consumer-Consumer-topic-1bafa4b8_c36c_4393_8feb_7c3d3150fc18-3-09f50c4e-0f68-4517-8e98-772ca70335fa sending LeaveGroup request to coordinator localhost:32769 (id: 2147483647 rack: null) due to the consumer is being closed
2025-08-13 20:14:36,439 INFO  [org.apa.kaf.cli.con.int.ConsumerCoordinator] (ForkJoinPool.commonPool-worker-1) [Consumer clientId=consumer-Consumer-topic-1bafa4b8_c36c_4393_8feb_7c3d3150fc18-3, groupId=Consumer-topic-1bafa4b8_c36c_4393_8feb_7c3d3150fc18] Resetting generation and member id due to: consumer pro-actively leaving the group
2025-08-13 20:14:36,439 INFO  [org.apa.kaf.cli.con.int.ConsumerCoordinator] (ForkJoinPool.commonPool-worker-1) [Consumer clientId=consumer-Consumer-topic-1bafa4b8_c36c_4393_8feb_7c3d3150fc18-3, groupId=Consumer-topic-1bafa4b8_c36c_4393_8feb_7c3d3150fc18] Request joining group due to: consumer pro-actively leaving the group
2025-08-13 20:14:36,931 INFO  [org.apa.kaf.com.met.Metrics] (ForkJoinPool.commonPool-worker-1) Metrics scheduler closed
2025-08-13 20:14:36,931 INFO  [org.apa.kaf.com.met.Metrics] (ForkJoinPool.commonPool-worker-1) Closing reporter org.apache.kafka.common.metrics.JmxReporter
2025-08-13 20:14:36,932 INFO  [org.apa.kaf.com.met.Metrics] (ForkJoinPool.commonPool-worker-1) Closing reporter org.apache.kafka.common.telemetry.internals.ClientTelemetryReporter
2025-08-13 20:14:36,932 INFO  [org.apa.kaf.com.met.Metrics] (ForkJoinPool.commonPool-worker-1) Metrics reporters closed
2025-08-13 20:14:36,935 INFO  [org.apa.kaf.com.uti.AppInfoParser] (ForkJoinPool.commonPool-worker-1) App info kafka.consumer for consumer-Consumer-topic-1bafa4b8_c36c_4393_8feb_7c3d3150fc18-3 unregistered
2025-08-13 20:14:36,935 INFO  [io.api.tes.uti.TestSeparator] (main) io.apicurio.tests.serdes.apicurio.AvroSerdeIT.testAvroJSON-FINISHED
2025-08-13 20:14:36,935 INFO  [io.api.tes.uti.TestSeparator] (main) ############################################################################
Test passed: testAvroJSON
]]></system-out>
  </testcase>
  <testcase name="testTopicIdStrategyAutoRegister" classname="io.apicurio.tests.serdes.apicurio.AvroSerdeIT" time="3.949">
    <system-out><![CDATA[2025-08-13 20:14:36,938 INFO  [io.api.tes.uti.TestSeparator] (main) ############################################################################
2025-08-13 20:14:36,938 INFO  [io.api.tes.uti.TestSeparator] (main) io.apicurio.tests.serdes.apicurio.AvroSerdeIT.testTopicIdStrategyAutoRegister-STARTED
**** Registry Base URL: http://registry-app-inmemory.apps.ci419.apicurio-testing.org:80
2025-08-13 20:14:36,942 INFO  [org.apa.kaf.cli.pro.ProducerConfig] (main) ProducerConfig values: 
	acks = -1
	auto.include.jmx.reporter = true
	batch.size = 16384
	bootstrap.servers = [PLAINTEXT://localhost:32769]
	buffer.memory = 33554432
	client.dns.lookup = use_all_dns_ips
	client.id = Producer-topic-23acd07e_e8f3_4347_8f04_5994b4041333
	compression.gzip.level = -1
	compression.lz4.level = 9
	compression.type = none
	compression.zstd.level = 3
	connections.max.idle.ms = 10000
	delivery.timeout.ms = 120000
	enable.idempotence = true
	enable.metrics.push = true
	interceptor.classes = []
	key.serializer = class org.apache.kafka.common.serialization.StringSerializer
	linger.ms = 0
	max.block.ms = 60000
	max.in.flight.requests.per.connection = 5
	max.request.size = 1048576
	metadata.max.age.ms = 300000
	metadata.max.idle.ms = 300000
	metadata.recovery.strategy = none
	metric.reporters = []
	metrics.num.samples = 2
	metrics.recording.level = INFO
	metrics.sample.window.ms = 30000
	partitioner.adaptive.partitioning.enable = true
	partitioner.availability.timeout.ms = 0
	partitioner.class = null
	partitioner.ignore.keys = false
	receive.buffer.bytes = 32768
	reconnect.backoff.max.ms = 1000
	reconnect.backoff.ms = 50
	request.timeout.ms = 5000
	retries = 2147483647
	retry.backoff.max.ms = 1000
	retry.backoff.ms = 100
	sasl.client.callback.handler.class = null
	sasl.jaas.config = null
	sasl.kerberos.kinit.cmd = /usr/bin/kinit
	sasl.kerberos.min.time.before.relogin = 60000
	sasl.kerberos.service.name = null
	sasl.kerberos.ticket.renew.jitter = 0.05
	sasl.kerberos.ticket.renew.window.factor = 0.8
	sasl.login.callback.handler.class = null
	sasl.login.class = null
	sasl.login.connect.timeout.ms = null
	sasl.login.read.timeout.ms = null
	sasl.login.refresh.buffer.seconds = 300
	sasl.login.refresh.min.period.seconds = 60
	sasl.login.refresh.window.factor = 0.8
	sasl.login.refresh.window.jitter = 0.05
	sasl.login.retry.backoff.max.ms = 10000
	sasl.login.retry.backoff.ms = 100
	sasl.mechanism = GSSAPI
	sasl.oauthbearer.clock.skew.seconds = 30
	sasl.oauthbearer.expected.audience = null
	sasl.oauthbearer.expected.issuer = null
	sasl.oauthbearer.header.urlencode = false
	sasl.oauthbearer.jwks.endpoint.refresh.ms = 3600000
	sasl.oauthbearer.jwks.endpoint.retry.backoff.max.ms = 10000
	sasl.oauthbearer.jwks.endpoint.retry.backoff.ms = 100
	sasl.oauthbearer.jwks.endpoint.url = null
	sasl.oauthbearer.scope.claim.name = scope
	sasl.oauthbearer.sub.claim.name = sub
	sasl.oauthbearer.token.endpoint.url = null
	security.protocol = PLAINTEXT
	security.providers = null
	send.buffer.bytes = 131072
	socket.connection.setup.timeout.max.ms = 30000
	socket.connection.setup.timeout.ms = 10000
	ssl.cipher.suites = null
	ssl.enabled.protocols = [TLSv1.2, TLSv1.3]
	ssl.endpoint.identification.algorithm = https
	ssl.engine.factory.class = null
	ssl.key.password = null
	ssl.keymanager.algorithm = SunX509
	ssl.keystore.certificate.chain = null
	ssl.keystore.key = null
	ssl.keystore.location = null
	ssl.keystore.password = null
	ssl.keystore.type = JKS
	ssl.protocol = TLSv1.3
	ssl.provider = null
	ssl.secure.random.implementation = null
	ssl.trustmanager.algorithm = PKIX
	ssl.truststore.certificates = null
	ssl.truststore.location = null
	ssl.truststore.password = null
	ssl.truststore.type = JKS
	transaction.timeout.ms = 60000
	transactional.id = null
	value.serializer = class io.apicurio.registry.serde.avro.AvroKafkaSerializer

2025-08-13 20:14:36,942 INFO  [org.apa.kaf.com.tel.int.KafkaMetricsCollector] (main) initializing Kafka metrics collector
2025-08-13 20:14:36,946 INFO  [org.apa.kaf.cli.pro.KafkaProducer] (main) [Producer clientId=Producer-topic-23acd07e_e8f3_4347_8f04_5994b4041333] Instantiated an idempotent producer.
2025-08-13 20:14:36,948 INFO  [org.apa.kaf.cli.pro.ProducerConfig] (main) These configurations '[apicurio.registry.url, apicurio.registry.auto-register, apicurio.registry.artifact-resolver-strategy]' were supplied but are not used yet.
2025-08-13 20:14:36,948 INFO  [org.apa.kaf.com.uti.AppInfoParser] (main) Kafka version: 3.9.1
2025-08-13 20:14:36,948 INFO  [org.apa.kaf.com.uti.AppInfoParser] (main) Kafka commitId: f745dfdcee2b9851
2025-08-13 20:14:36,948 INFO  [org.apa.kaf.com.uti.AppInfoParser] (main) Kafka startTimeMs: 1755116076948
2025-08-13 20:14:36,948 INFO  [io.api.tes.ser.api.SimpleSerdesTesterBuilder$SimpleSerdesTester] (main) Using producer configuration: {apicurio.registry.url=http://registry-app-inmemory.apps.ci419.apicurio-testing.org:80/apis/registry/v3, apicurio.registry.auto-register=true, apicurio.registry.artifact-resolver-strategy=io.apicurio.registry.serde.strategy.TopicIdStrategy, value.serializer=io.apicurio.registry.serde.avro.AvroKafkaSerializer, request.timeout.ms=5000, acks=all, bootstrap.servers=PLAINTEXT://localhost:32769, connections.max.idle.ms=10000, key.serializer=org.apache.kafka.common.serialization.StringSerializer, client.id=Producer-topic-23acd07e_e8f3_4347_8f04_5994b4041333}
2025-08-13 20:14:36,948 INFO  [io.api.tes.ser.api.SimpleSerdesTesterBuilder$SimpleSerdesTester] (main) Using consumer configuration: {}
2025-08-13 20:14:36,949 INFO  [io.api.tes.ser.api.KafkaSerdesTester] (ForkJoinPool.commonPool-worker-1) Sending message {"key11755116076940": "value-0"} to topic topic-23acd07e_e8f3_4347_8f04_5994b4041333
2025-08-13 20:14:36,954 WARN  [org.apa.kaf.cli.NetworkClient] (kafka-producer-network-thread | Producer-topic-23acd07e_e8f3_4347_8f04_5994b4041333) [Producer clientId=Producer-topic-23acd07e_e8f3_4347_8f04_5994b4041333] The metadata response from the cluster reported a recoverable issue with correlation id 1 : {topic-23acd07e_e8f3_4347_8f04_5994b4041333=UNKNOWN_TOPIC_OR_PARTITION}
2025-08-13 20:14:36,954 INFO  [org.apa.kaf.cli.Metadata] (kafka-producer-network-thread | Producer-topic-23acd07e_e8f3_4347_8f04_5994b4041333) [Producer clientId=Producer-topic-23acd07e_e8f3_4347_8f04_5994b4041333] Cluster ID: deU1wVjgTqiYBiPhrFjcdg
2025-08-13 20:14:36,954 INFO  [org.apa.kaf.cli.pro.int.TransactionManager] (kafka-producer-network-thread | Producer-topic-23acd07e_e8f3_4347_8f04_5994b4041333) [Producer clientId=Producer-topic-23acd07e_e8f3_4347_8f04_5994b4041333] ProducerId set to 4 with epoch 0
2025-08-13 20:14:37,139 INFO  [io.api.tes.ser.api.KafkaSerdesTester] (ForkJoinPool.commonPool-worker-1) Sending message {"key11755116076940": "value-1"} to topic topic-23acd07e_e8f3_4347_8f04_5994b4041333
2025-08-13 20:14:37,142 INFO  [io.api.tes.ser.api.KafkaSerdesTester] (ForkJoinPool.commonPool-worker-1) Sending message {"key11755116076940": "value-2"} to topic topic-23acd07e_e8f3_4347_8f04_5994b4041333
2025-08-13 20:14:37,144 INFO  [io.api.tes.ser.api.KafkaSerdesTester] (ForkJoinPool.commonPool-worker-1) Sending message {"key11755116076940": "value-3"} to topic topic-23acd07e_e8f3_4347_8f04_5994b4041333
2025-08-13 20:14:37,146 INFO  [io.api.tes.ser.api.KafkaSerdesTester] (ForkJoinPool.commonPool-worker-1) Sending message {"key11755116076940": "value-4"} to topic topic-23acd07e_e8f3_4347_8f04_5994b4041333
2025-08-13 20:14:37,148 INFO  [io.api.tes.ser.api.KafkaSerdesTester] (ForkJoinPool.commonPool-worker-1) Sending message {"key11755116076940": "value-5"} to topic topic-23acd07e_e8f3_4347_8f04_5994b4041333
2025-08-13 20:14:37,150 INFO  [io.api.tes.ser.api.KafkaSerdesTester] (ForkJoinPool.commonPool-worker-1) Sending message {"key11755116076940": "value-6"} to topic topic-23acd07e_e8f3_4347_8f04_5994b4041333
2025-08-13 20:14:37,152 INFO  [io.api.tes.ser.api.KafkaSerdesTester] (ForkJoinPool.commonPool-worker-1) Sending message {"key11755116076940": "value-7"} to topic topic-23acd07e_e8f3_4347_8f04_5994b4041333
2025-08-13 20:14:37,154 INFO  [io.api.tes.ser.api.KafkaSerdesTester] (ForkJoinPool.commonPool-worker-1) Sending message {"key11755116076940": "value-8"} to topic topic-23acd07e_e8f3_4347_8f04_5994b4041333
2025-08-13 20:14:37,156 INFO  [io.api.tes.ser.api.KafkaSerdesTester] (ForkJoinPool.commonPool-worker-1) Sending message {"key11755116076940": "value-9"} to topic topic-23acd07e_e8f3_4347_8f04_5994b4041333
2025-08-13 20:14:37,159 INFO  [io.api.tes.ser.api.KafkaSerdesTester] (ForkJoinPool.commonPool-worker-1) Produced 10 messages
2025-08-13 20:14:37,159 INFO  [org.apa.kaf.cli.pro.KafkaProducer] (ForkJoinPool.commonPool-worker-1) [Producer clientId=Producer-topic-23acd07e_e8f3_4347_8f04_5994b4041333] Closing the Kafka producer with timeoutMillis = 9223372036854775807 ms.
2025-08-13 20:14:37,162 INFO  [org.apa.kaf.com.met.Metrics] (ForkJoinPool.commonPool-worker-1) Metrics scheduler closed
2025-08-13 20:14:37,162 INFO  [org.apa.kaf.com.met.Metrics] (ForkJoinPool.commonPool-worker-1) Closing reporter org.apache.kafka.common.metrics.JmxReporter
2025-08-13 20:14:37,162 INFO  [org.apa.kaf.com.met.Metrics] (ForkJoinPool.commonPool-worker-1) Closing reporter org.apache.kafka.common.telemetry.internals.ClientTelemetryReporter
2025-08-13 20:14:37,162 INFO  [org.apa.kaf.com.met.Metrics] (ForkJoinPool.commonPool-worker-1) Metrics reporters closed
2025-08-13 20:14:37,163 INFO  [org.apa.kaf.com.uti.AppInfoParser] (ForkJoinPool.commonPool-worker-1) App info kafka.producer for Producer-topic-23acd07e_e8f3_4347_8f04_5994b4041333 unregistered
**** Registry Base URL: http://registry-app-inmemory.apps.ci419.apicurio-testing.org:80
2025-08-13 20:14:37,214 INFO  [org.apa.kaf.cli.con.ConsumerConfig] (main) ConsumerConfig values: 
	allow.auto.create.topics = true
	auto.commit.interval.ms = 500
	auto.include.jmx.reporter = true
	auto.offset.reset = earliest
	bootstrap.servers = [PLAINTEXT://localhost:32769]
	check.crcs = true
	client.dns.lookup = use_all_dns_ips
	client.id = consumer-Consumer-topic-23acd07e_e8f3_4347_8f04_5994b4041333-4
	client.rack = 
	connections.max.idle.ms = 10000
	default.api.timeout.ms = 60000
	enable.auto.commit = true
	enable.metrics.push = true
	exclude.internal.topics = true
	fetch.max.bytes = 52428800
	fetch.max.wait.ms = 500
	fetch.min.bytes = 1
	group.id = Consumer-topic-23acd07e_e8f3_4347_8f04_5994b4041333
	group.instance.id = null
	group.protocol = classic
	group.remote.assignor = null
	heartbeat.interval.ms = 3000
	interceptor.classes = []
	internal.leave.group.on.close = true
	internal.throw.on.fetch.stable.offset.unsupported = false
	isolation.level = read_uncommitted
	key.deserializer = class org.apache.kafka.common.serialization.StringDeserializer
	max.partition.fetch.bytes = 1048576
	max.poll.interval.ms = 300000
	max.poll.records = 500
	metadata.max.age.ms = 300000
	metadata.recovery.strategy = none
	metric.reporters = []
	metrics.num.samples = 2
	metrics.recording.level = INFO
	metrics.sample.window.ms = 30000
	partition.assignment.strategy = [class org.apache.kafka.clients.consumer.RangeAssignor, class org.apache.kafka.clients.consumer.CooperativeStickyAssignor]
	receive.buffer.bytes = 65536
	reconnect.backoff.max.ms = 1000
	reconnect.backoff.ms = 50
	request.timeout.ms = 5000
	retry.backoff.max.ms = 1000
	retry.backoff.ms = 100
	sasl.client.callback.handler.class = null
	sasl.jaas.config = null
	sasl.kerberos.kinit.cmd = /usr/bin/kinit
	sasl.kerberos.min.time.before.relogin = 60000
	sasl.kerberos.service.name = null
	sasl.kerberos.ticket.renew.jitter = 0.05
	sasl.kerberos.ticket.renew.window.factor = 0.8
	sasl.login.callback.handler.class = null
	sasl.login.class = null
	sasl.login.connect.timeout.ms = null
	sasl.login.read.timeout.ms = null
	sasl.login.refresh.buffer.seconds = 300
	sasl.login.refresh.min.period.seconds = 60
	sasl.login.refresh.window.factor = 0.8
	sasl.login.refresh.window.jitter = 0.05
	sasl.login.retry.backoff.max.ms = 10000
	sasl.login.retry.backoff.ms = 100
	sasl.mechanism = GSSAPI
	sasl.oauthbearer.clock.skew.seconds = 30
	sasl.oauthbearer.expected.audience = null
	sasl.oauthbearer.expected.issuer = null
	sasl.oauthbearer.header.urlencode = false
	sasl.oauthbearer.jwks.endpoint.refresh.ms = 3600000
	sasl.oauthbearer.jwks.endpoint.retry.backoff.max.ms = 10000
	sasl.oauthbearer.jwks.endpoint.retry.backoff.ms = 100
	sasl.oauthbearer.jwks.endpoint.url = null
	sasl.oauthbearer.scope.claim.name = scope
	sasl.oauthbearer.sub.claim.name = sub
	sasl.oauthbearer.token.endpoint.url = null
	security.protocol = PLAINTEXT
	security.providers = null
	send.buffer.bytes = 131072
	session.timeout.ms = 45000
	socket.connection.setup.timeout.max.ms = 30000
	socket.connection.setup.timeout.ms = 10000
	ssl.cipher.suites = null
	ssl.enabled.protocols = [TLSv1.2, TLSv1.3]
	ssl.endpoint.identification.algorithm = https
	ssl.engine.factory.class = null
	ssl.key.password = null
	ssl.keymanager.algorithm = SunX509
	ssl.keystore.certificate.chain = null
	ssl.keystore.key = null
	ssl.keystore.location = null
	ssl.keystore.password = null
	ssl.keystore.type = JKS
	ssl.protocol = TLSv1.3
	ssl.provider = null
	ssl.secure.random.implementation = null
	ssl.trustmanager.algorithm = PKIX
	ssl.truststore.certificates = null
	ssl.truststore.location = null
	ssl.truststore.password = null
	ssl.truststore.type = JKS
	value.deserializer = class io.apicurio.registry.serde.avro.AvroKafkaDeserializer

2025-08-13 20:14:37,215 INFO  [org.apa.kaf.com.tel.int.KafkaMetricsCollector] (main) initializing Kafka metrics collector
2025-08-13 20:14:37,223 INFO  [org.apa.kaf.cli.con.ConsumerConfig] (main) These configurations '[apicurio.registry.url]' were supplied but are not used yet.
2025-08-13 20:14:37,224 INFO  [org.apa.kaf.com.uti.AppInfoParser] (main) Kafka version: 3.9.1
2025-08-13 20:14:37,224 INFO  [org.apa.kaf.com.uti.AppInfoParser] (main) Kafka commitId: f745dfdcee2b9851
2025-08-13 20:14:37,224 INFO  [org.apa.kaf.com.uti.AppInfoParser] (main) Kafka startTimeMs: 1755116077224
2025-08-13 20:14:37,224 INFO  [org.apa.kaf.cli.con.int.ClassicKafkaConsumer] (ForkJoinPool.commonPool-worker-1) [Consumer clientId=consumer-Consumer-topic-23acd07e_e8f3_4347_8f04_5994b4041333-4, groupId=Consumer-topic-23acd07e_e8f3_4347_8f04_5994b4041333] Subscribed to topic(s): topic-23acd07e_e8f3_4347_8f04_5994b4041333
2025-08-13 20:14:37,228 INFO  [org.apa.kaf.cli.Metadata] (ForkJoinPool.commonPool-worker-1) [Consumer clientId=consumer-Consumer-topic-23acd07e_e8f3_4347_8f04_5994b4041333-4, groupId=Consumer-topic-23acd07e_e8f3_4347_8f04_5994b4041333] Cluster ID: deU1wVjgTqiYBiPhrFjcdg
2025-08-13 20:14:37,229 INFO  [org.apa.kaf.cli.con.int.ConsumerCoordinator] (ForkJoinPool.commonPool-worker-1) [Consumer clientId=consumer-Consumer-topic-23acd07e_e8f3_4347_8f04_5994b4041333-4, groupId=Consumer-topic-23acd07e_e8f3_4347_8f04_5994b4041333] Discovered group coordinator localhost:32769 (id: 2147483647 rack: null)
2025-08-13 20:14:37,231 INFO  [org.apa.kaf.cli.con.int.ConsumerCoordinator] (ForkJoinPool.commonPool-worker-1) [Consumer clientId=consumer-Consumer-topic-23acd07e_e8f3_4347_8f04_5994b4041333-4, groupId=Consumer-topic-23acd07e_e8f3_4347_8f04_5994b4041333] (Re-)joining group
2025-08-13 20:14:37,234 INFO  [org.apa.kaf.cli.con.int.ConsumerCoordinator] (ForkJoinPool.commonPool-worker-1) [Consumer clientId=consumer-Consumer-topic-23acd07e_e8f3_4347_8f04_5994b4041333-4, groupId=Consumer-topic-23acd07e_e8f3_4347_8f04_5994b4041333] Request joining group due to: need to re-join with the given member-id: consumer-Consumer-topic-23acd07e_e8f3_4347_8f04_5994b4041333-4-e8639724-7e78-4bcf-ae9e-a244d5617ff1
2025-08-13 20:14:37,234 INFO  [org.apa.kaf.cli.con.int.ConsumerCoordinator] (ForkJoinPool.commonPool-worker-1) [Consumer clientId=consumer-Consumer-topic-23acd07e_e8f3_4347_8f04_5994b4041333-4, groupId=Consumer-topic-23acd07e_e8f3_4347_8f04_5994b4041333] (Re-)joining group
2025-08-13 20:14:38,224 INFO  [io.api.tes.ser.api.KafkaSerdesTester] (ForkJoinPool.commonPool-worker-1) None found
2025-08-13 20:14:39,225 INFO  [io.api.tes.ser.api.KafkaSerdesTester] (ForkJoinPool.commonPool-worker-1) None found
2025-08-13 20:14:40,225 INFO  [io.api.tes.ser.api.KafkaSerdesTester] (ForkJoinPool.commonPool-worker-1) None found
2025-08-13 20:14:40,236 INFO  [org.apa.kaf.cli.con.int.ConsumerCoordinator] (ForkJoinPool.commonPool-worker-1) [Consumer clientId=consumer-Consumer-topic-23acd07e_e8f3_4347_8f04_5994b4041333-4, groupId=Consumer-topic-23acd07e_e8f3_4347_8f04_5994b4041333] Successfully joined group with generation Generation{generationId=1, memberId='consumer-Consumer-topic-23acd07e_e8f3_4347_8f04_5994b4041333-4-e8639724-7e78-4bcf-ae9e-a244d5617ff1', protocol='range'}
2025-08-13 20:14:40,236 INFO  [org.apa.kaf.cli.con.int.ConsumerCoordinator] (ForkJoinPool.commonPool-worker-1) [Consumer clientId=consumer-Consumer-topic-23acd07e_e8f3_4347_8f04_5994b4041333-4, groupId=Consumer-topic-23acd07e_e8f3_4347_8f04_5994b4041333] Finished assignment for group at generation 1: {consumer-Consumer-topic-23acd07e_e8f3_4347_8f04_5994b4041333-4-e8639724-7e78-4bcf-ae9e-a244d5617ff1=Assignment(partitions=[topic-23acd07e_e8f3_4347_8f04_5994b4041333-0])}
2025-08-13 20:14:40,244 INFO  [org.apa.kaf.cli.con.int.ConsumerCoordinator] (ForkJoinPool.commonPool-worker-1) [Consumer clientId=consumer-Consumer-topic-23acd07e_e8f3_4347_8f04_5994b4041333-4, groupId=Consumer-topic-23acd07e_e8f3_4347_8f04_5994b4041333] Successfully synced group in generation Generation{generationId=1, memberId='consumer-Consumer-topic-23acd07e_e8f3_4347_8f04_5994b4041333-4-e8639724-7e78-4bcf-ae9e-a244d5617ff1', protocol='range'}
2025-08-13 20:14:40,244 INFO  [org.apa.kaf.cli.con.int.ConsumerCoordinator] (ForkJoinPool.commonPool-worker-1) [Consumer clientId=consumer-Consumer-topic-23acd07e_e8f3_4347_8f04_5994b4041333-4, groupId=Consumer-topic-23acd07e_e8f3_4347_8f04_5994b4041333] Notifying assignor about the new Assignment(partitions=[topic-23acd07e_e8f3_4347_8f04_5994b4041333-0])
2025-08-13 20:14:40,244 INFO  [org.apa.kaf.cli.con.int.ConsumerRebalanceListenerInvoker] (ForkJoinPool.commonPool-worker-1) [Consumer clientId=consumer-Consumer-topic-23acd07e_e8f3_4347_8f04_5994b4041333-4, groupId=Consumer-topic-23acd07e_e8f3_4347_8f04_5994b4041333] Adding newly assigned partitions: topic-23acd07e_e8f3_4347_8f04_5994b4041333-0
2025-08-13 20:14:40,246 INFO  [org.apa.kaf.cli.con.int.ConsumerCoordinator] (ForkJoinPool.commonPool-worker-1) [Consumer clientId=consumer-Consumer-topic-23acd07e_e8f3_4347_8f04_5994b4041333-4, groupId=Consumer-topic-23acd07e_e8f3_4347_8f04_5994b4041333] Found no committed offset for partition topic-23acd07e_e8f3_4347_8f04_5994b4041333-0
2025-08-13 20:14:40,250 INFO  [org.apa.kaf.cli.con.int.SubscriptionState] (ForkJoinPool.commonPool-worker-1) [Consumer clientId=consumer-Consumer-topic-23acd07e_e8f3_4347_8f04_5994b4041333-4, groupId=Consumer-topic-23acd07e_e8f3_4347_8f04_5994b4041333] Resetting offset for partition topic-23acd07e_e8f3_4347_8f04_5994b4041333-0 to position FetchPosition{offset=0, offsetEpoch=Optional.empty, currentLeader=LeaderAndEpoch{leader=Optional[localhost:32769 (id: 0 rack: null)], epoch=0}}.
2025-08-13 20:14:40,328 INFO  [io.api.tes.ser.api.KafkaSerdesTester] (ForkJoinPool.commonPool-worker-1) topic-23acd07e_e8f3_4347_8f04_5994b4041333 0 0 {"key11755116076940": "value-0"}
2025-08-13 20:14:40,328 INFO  [io.api.tes.ser.api.KafkaSerdesTester] (ForkJoinPool.commonPool-worker-1) topic-23acd07e_e8f3_4347_8f04_5994b4041333 0 1 {"key11755116076940": "value-1"}
2025-08-13 20:14:40,329 INFO  [io.api.tes.ser.api.KafkaSerdesTester] (ForkJoinPool.commonPool-worker-1) topic-23acd07e_e8f3_4347_8f04_5994b4041333 0 2 {"key11755116076940": "value-2"}
2025-08-13 20:14:40,329 INFO  [io.api.tes.ser.api.KafkaSerdesTester] (ForkJoinPool.commonPool-worker-1) topic-23acd07e_e8f3_4347_8f04_5994b4041333 0 3 {"key11755116076940": "value-3"}
2025-08-13 20:14:40,329 INFO  [io.api.tes.ser.api.KafkaSerdesTester] (ForkJoinPool.commonPool-worker-1) topic-23acd07e_e8f3_4347_8f04_5994b4041333 0 4 {"key11755116076940": "value-4"}
2025-08-13 20:14:40,329 INFO  [io.api.tes.ser.api.KafkaSerdesTester] (ForkJoinPool.commonPool-worker-1) topic-23acd07e_e8f3_4347_8f04_5994b4041333 0 5 {"key11755116076940": "value-5"}
2025-08-13 20:14:40,329 INFO  [io.api.tes.ser.api.KafkaSerdesTester] (ForkJoinPool.commonPool-worker-1) topic-23acd07e_e8f3_4347_8f04_5994b4041333 0 6 {"key11755116076940": "value-6"}
2025-08-13 20:14:40,329 INFO  [io.api.tes.ser.api.KafkaSerdesTester] (ForkJoinPool.commonPool-worker-1) topic-23acd07e_e8f3_4347_8f04_5994b4041333 0 7 {"key11755116076940": "value-7"}
2025-08-13 20:14:40,329 INFO  [io.api.tes.ser.api.KafkaSerdesTester] (ForkJoinPool.commonPool-worker-1) topic-23acd07e_e8f3_4347_8f04_5994b4041333 0 8 {"key11755116076940": "value-8"}
2025-08-13 20:14:40,329 INFO  [io.api.tes.ser.api.KafkaSerdesTester] (ForkJoinPool.commonPool-worker-1) topic-23acd07e_e8f3_4347_8f04_5994b4041333 0 9 {"key11755116076940": "value-9"}
2025-08-13 20:14:40,329 INFO  [io.api.tes.ser.api.KafkaSerdesTester] (ForkJoinPool.commonPool-worker-1) Consumed 10 messages
2025-08-13 20:14:40,337 INFO  [org.apa.kaf.cli.con.int.ConsumerRebalanceListenerInvoker] (ForkJoinPool.commonPool-worker-1) [Consumer clientId=consumer-Consumer-topic-23acd07e_e8f3_4347_8f04_5994b4041333-4, groupId=Consumer-topic-23acd07e_e8f3_4347_8f04_5994b4041333] Revoke previously assigned partitions topic-23acd07e_e8f3_4347_8f04_5994b4041333-0
2025-08-13 20:14:40,337 INFO  [org.apa.kaf.cli.con.int.ConsumerCoordinator] (ForkJoinPool.commonPool-worker-1) [Consumer clientId=consumer-Consumer-topic-23acd07e_e8f3_4347_8f04_5994b4041333-4, groupId=Consumer-topic-23acd07e_e8f3_4347_8f04_5994b4041333] Member consumer-Consumer-topic-23acd07e_e8f3_4347_8f04_5994b4041333-4-e8639724-7e78-4bcf-ae9e-a244d5617ff1 sending LeaveGroup request to coordinator localhost:32769 (id: 2147483647 rack: null) due to the consumer is being closed
2025-08-13 20:14:40,337 INFO  [org.apa.kaf.cli.con.int.ConsumerCoordinator] (ForkJoinPool.commonPool-worker-1) [Consumer clientId=consumer-Consumer-topic-23acd07e_e8f3_4347_8f04_5994b4041333-4, groupId=Consumer-topic-23acd07e_e8f3_4347_8f04_5994b4041333] Resetting generation and member id due to: consumer pro-actively leaving the group
2025-08-13 20:14:40,337 INFO  [org.apa.kaf.cli.con.int.ConsumerCoordinator] (ForkJoinPool.commonPool-worker-1) [Consumer clientId=consumer-Consumer-topic-23acd07e_e8f3_4347_8f04_5994b4041333-4, groupId=Consumer-topic-23acd07e_e8f3_4347_8f04_5994b4041333] Request joining group due to: consumer pro-actively leaving the group
2025-08-13 20:14:40,831 INFO  [org.apa.kaf.com.met.Metrics] (ForkJoinPool.commonPool-worker-1) Metrics scheduler closed
2025-08-13 20:14:40,831 INFO  [org.apa.kaf.com.met.Metrics] (ForkJoinPool.commonPool-worker-1) Closing reporter org.apache.kafka.common.metrics.JmxReporter
2025-08-13 20:14:40,831 INFO  [org.apa.kaf.com.met.Metrics] (ForkJoinPool.commonPool-worker-1) Closing reporter org.apache.kafka.common.telemetry.internals.ClientTelemetryReporter
2025-08-13 20:14:40,831 INFO  [org.apa.kaf.com.met.Metrics] (ForkJoinPool.commonPool-worker-1) Metrics reporters closed
2025-08-13 20:14:40,833 INFO  [org.apa.kaf.com.uti.AppInfoParser] (ForkJoinPool.commonPool-worker-1) App info kafka.consumer for consumer-Consumer-topic-23acd07e_e8f3_4347_8f04_5994b4041333-4 unregistered
2025-08-13 20:14:40,884 INFO  [io.api.tes.uti.TestSeparator] (main) io.apicurio.tests.serdes.apicurio.AvroSerdeIT.testTopicIdStrategyAutoRegister-FINISHED
2025-08-13 20:14:40,884 INFO  [io.api.tes.uti.TestSeparator] (main) ############################################################################
Test passed: testTopicIdStrategyAutoRegister
]]></system-out>
  </testcase>
  <testcase name="testRecordIdStrategydFindLatest" classname="io.apicurio.tests.serdes.apicurio.AvroSerdeIT" time="4.828">
    <system-out><![CDATA[2025-08-13 20:14:40,886 INFO  [io.api.tes.uti.TestSeparator] (main) ############################################################################
2025-08-13 20:14:40,886 INFO  [io.api.tes.uti.TestSeparator] (main) io.apicurio.tests.serdes.apicurio.AvroSerdeIT.testRecordIdStrategydFindLatest-STARTED
2025-08-13 20:14:40,887 INFO  [io.api.tes.ser.api.AvroSerdeIT] (main) Registering Avro Schema: {"type":"record","name":"sd1c74068x3f3ex44bdxa888x3e27cd15f786","namespace":"s7dccef62xe982x4b25x8eebx4833a4e3d2fb","fields":[{"name":"key11755116080886","type":"string"}]}
**** Registry Base URL: http://registry-app-inmemory.apps.ci419.apicurio-testing.org:80
2025-08-13 20:14:41,945 INFO  [org.apa.kaf.cli.pro.ProducerConfig] (main) ProducerConfig values: 
	acks = -1
	auto.include.jmx.reporter = true
	batch.size = 16384
	bootstrap.servers = [PLAINTEXT://localhost:32769]
	buffer.memory = 33554432
	client.dns.lookup = use_all_dns_ips
	client.id = Producer-topic-bd63e321_47b2_4e0c_ba03_e13a4fdce879
	compression.gzip.level = -1
	compression.lz4.level = 9
	compression.type = none
	compression.zstd.level = 3
	connections.max.idle.ms = 10000
	delivery.timeout.ms = 120000
	enable.idempotence = true
	enable.metrics.push = true
	interceptor.classes = []
	key.serializer = class org.apache.kafka.common.serialization.StringSerializer
	linger.ms = 0
	max.block.ms = 60000
	max.in.flight.requests.per.connection = 5
	max.request.size = 1048576
	metadata.max.age.ms = 300000
	metadata.max.idle.ms = 300000
	metadata.recovery.strategy = none
	metric.reporters = []
	metrics.num.samples = 2
	metrics.recording.level = INFO
	metrics.sample.window.ms = 30000
	partitioner.adaptive.partitioning.enable = true
	partitioner.availability.timeout.ms = 0
	partitioner.class = null
	partitioner.ignore.keys = false
	receive.buffer.bytes = 32768
	reconnect.backoff.max.ms = 1000
	reconnect.backoff.ms = 50
	request.timeout.ms = 5000
	retries = 2147483647
	retry.backoff.max.ms = 1000
	retry.backoff.ms = 100
	sasl.client.callback.handler.class = null
	sasl.jaas.config = null
	sasl.kerberos.kinit.cmd = /usr/bin/kinit
	sasl.kerberos.min.time.before.relogin = 60000
	sasl.kerberos.service.name = null
	sasl.kerberos.ticket.renew.jitter = 0.05
	sasl.kerberos.ticket.renew.window.factor = 0.8
	sasl.login.callback.handler.class = null
	sasl.login.class = null
	sasl.login.connect.timeout.ms = null
	sasl.login.read.timeout.ms = null
	sasl.login.refresh.buffer.seconds = 300
	sasl.login.refresh.min.period.seconds = 60
	sasl.login.refresh.window.factor = 0.8
	sasl.login.refresh.window.jitter = 0.05
	sasl.login.retry.backoff.max.ms = 10000
	sasl.login.retry.backoff.ms = 100
	sasl.mechanism = GSSAPI
	sasl.oauthbearer.clock.skew.seconds = 30
	sasl.oauthbearer.expected.audience = null
	sasl.oauthbearer.expected.issuer = null
	sasl.oauthbearer.header.urlencode = false
	sasl.oauthbearer.jwks.endpoint.refresh.ms = 3600000
	sasl.oauthbearer.jwks.endpoint.retry.backoff.max.ms = 10000
	sasl.oauthbearer.jwks.endpoint.retry.backoff.ms = 100
	sasl.oauthbearer.jwks.endpoint.url = null
	sasl.oauthbearer.scope.claim.name = scope
	sasl.oauthbearer.sub.claim.name = sub
	sasl.oauthbearer.token.endpoint.url = null
	security.protocol = PLAINTEXT
	security.providers = null
	send.buffer.bytes = 131072
	socket.connection.setup.timeout.max.ms = 30000
	socket.connection.setup.timeout.ms = 10000
	ssl.cipher.suites = null
	ssl.enabled.protocols = [TLSv1.2, TLSv1.3]
	ssl.endpoint.identification.algorithm = https
	ssl.engine.factory.class = null
	ssl.key.password = null
	ssl.keymanager.algorithm = SunX509
	ssl.keystore.certificate.chain = null
	ssl.keystore.key = null
	ssl.keystore.location = null
	ssl.keystore.password = null
	ssl.keystore.type = JKS
	ssl.protocol = TLSv1.3
	ssl.provider = null
	ssl.secure.random.implementation = null
	ssl.trustmanager.algorithm = PKIX
	ssl.truststore.certificates = null
	ssl.truststore.location = null
	ssl.truststore.password = null
	ssl.truststore.type = JKS
	transaction.timeout.ms = 60000
	transactional.id = null
	value.serializer = class io.apicurio.registry.serde.avro.AvroKafkaSerializer

2025-08-13 20:14:41,945 INFO  [org.apa.kaf.com.tel.int.KafkaMetricsCollector] (main) initializing Kafka metrics collector
2025-08-13 20:14:41,949 INFO  [org.apa.kaf.cli.pro.KafkaProducer] (main) [Producer clientId=Producer-topic-bd63e321_47b2_4e0c_ba03_e13a4fdce879] Instantiated an idempotent producer.
2025-08-13 20:14:41,951 INFO  [org.apa.kaf.cli.pro.ProducerConfig] (main) These configurations '[apicurio.registry.find-latest, apicurio.registry.url, apicurio.registry.artifact-resolver-strategy]' were supplied but are not used yet.
2025-08-13 20:14:41,951 INFO  [org.apa.kaf.com.uti.AppInfoParser] (main) Kafka version: 3.9.1
2025-08-13 20:14:41,951 INFO  [org.apa.kaf.com.uti.AppInfoParser] (main) Kafka commitId: f745dfdcee2b9851
2025-08-13 20:14:41,951 INFO  [org.apa.kaf.com.uti.AppInfoParser] (main) Kafka startTimeMs: 1755116081951
2025-08-13 20:14:41,951 INFO  [io.api.tes.ser.api.SimpleSerdesTesterBuilder$SimpleSerdesTester] (main) Using producer configuration: {apicurio.registry.find-latest=true, apicurio.registry.url=http://registry-app-inmemory.apps.ci419.apicurio-testing.org:80/apis/registry/v3, apicurio.registry.artifact-resolver-strategy=io.apicurio.registry.serde.avro.strategy.RecordIdStrategy, value.serializer=io.apicurio.registry.serde.avro.AvroKafkaSerializer, request.timeout.ms=5000, acks=all, bootstrap.servers=PLAINTEXT://localhost:32769, connections.max.idle.ms=10000, key.serializer=org.apache.kafka.common.serialization.StringSerializer, client.id=Producer-topic-bd63e321_47b2_4e0c_ba03_e13a4fdce879}
2025-08-13 20:14:41,952 INFO  [io.api.tes.ser.api.SimpleSerdesTesterBuilder$SimpleSerdesTester] (main) Using consumer configuration: {}
2025-08-13 20:14:41,952 INFO  [io.api.tes.ser.api.KafkaSerdesTester] (ForkJoinPool.commonPool-worker-1) Sending message {"key11755116080886": "value-0"} to topic topic-bd63e321_47b2_4e0c_ba03_e13a4fdce879
2025-08-13 20:14:41,956 INFO  [org.apa.kaf.cli.Metadata] (kafka-producer-network-thread | Producer-topic-bd63e321_47b2_4e0c_ba03_e13a4fdce879) [Producer clientId=Producer-topic-bd63e321_47b2_4e0c_ba03_e13a4fdce879] Cluster ID: deU1wVjgTqiYBiPhrFjcdg
2025-08-13 20:14:41,956 INFO  [org.apa.kaf.cli.pro.int.TransactionManager] (kafka-producer-network-thread | Producer-topic-bd63e321_47b2_4e0c_ba03_e13a4fdce879) [Producer clientId=Producer-topic-bd63e321_47b2_4e0c_ba03_e13a4fdce879] ProducerId set to 5 with epoch 0
2025-08-13 20:14:42,063 INFO  [io.api.tes.ser.api.KafkaSerdesTester] (ForkJoinPool.commonPool-worker-1) Sending message {"key11755116080886": "value-1"} to topic topic-bd63e321_47b2_4e0c_ba03_e13a4fdce879
2025-08-13 20:14:42,071 INFO  [io.api.tes.ser.api.KafkaSerdesTester] (ForkJoinPool.commonPool-worker-1) Sending message {"key11755116080886": "value-2"} to topic topic-bd63e321_47b2_4e0c_ba03_e13a4fdce879
2025-08-13 20:14:42,073 INFO  [io.api.tes.ser.api.KafkaSerdesTester] (ForkJoinPool.commonPool-worker-1) Sending message {"key11755116080886": "value-3"} to topic topic-bd63e321_47b2_4e0c_ba03_e13a4fdce879
2025-08-13 20:14:42,075 INFO  [io.api.tes.ser.api.KafkaSerdesTester] (ForkJoinPool.commonPool-worker-1) Sending message {"key11755116080886": "value-4"} to topic topic-bd63e321_47b2_4e0c_ba03_e13a4fdce879
2025-08-13 20:14:42,078 INFO  [io.api.tes.ser.api.KafkaSerdesTester] (ForkJoinPool.commonPool-worker-1) Sending message {"key11755116080886": "value-5"} to topic topic-bd63e321_47b2_4e0c_ba03_e13a4fdce879
2025-08-13 20:14:42,080 INFO  [io.api.tes.ser.api.KafkaSerdesTester] (ForkJoinPool.commonPool-worker-1) Sending message {"key11755116080886": "value-6"} to topic topic-bd63e321_47b2_4e0c_ba03_e13a4fdce879
2025-08-13 20:14:42,083 INFO  [io.api.tes.ser.api.KafkaSerdesTester] (ForkJoinPool.commonPool-worker-1) Sending message {"key11755116080886": "value-7"} to topic topic-bd63e321_47b2_4e0c_ba03_e13a4fdce879
2025-08-13 20:14:42,085 INFO  [io.api.tes.ser.api.KafkaSerdesTester] (ForkJoinPool.commonPool-worker-1) Sending message {"key11755116080886": "value-8"} to topic topic-bd63e321_47b2_4e0c_ba03_e13a4fdce879
2025-08-13 20:14:42,087 INFO  [io.api.tes.ser.api.KafkaSerdesTester] (ForkJoinPool.commonPool-worker-1) Sending message {"key11755116080886": "value-9"} to topic topic-bd63e321_47b2_4e0c_ba03_e13a4fdce879
2025-08-13 20:14:42,089 INFO  [io.api.tes.ser.api.KafkaSerdesTester] (ForkJoinPool.commonPool-worker-1) Produced 10 messages
2025-08-13 20:14:42,089 INFO  [org.apa.kaf.cli.pro.KafkaProducer] (ForkJoinPool.commonPool-worker-1) [Producer clientId=Producer-topic-bd63e321_47b2_4e0c_ba03_e13a4fdce879] Closing the Kafka producer with timeoutMillis = 9223372036854775807 ms.
2025-08-13 20:14:42,091 INFO  [org.apa.kaf.com.met.Metrics] (ForkJoinPool.commonPool-worker-1) Metrics scheduler closed
2025-08-13 20:14:42,091 INFO  [org.apa.kaf.com.met.Metrics] (ForkJoinPool.commonPool-worker-1) Closing reporter org.apache.kafka.common.metrics.JmxReporter
2025-08-13 20:14:42,091 INFO  [org.apa.kaf.com.met.Metrics] (ForkJoinPool.commonPool-worker-1) Closing reporter org.apache.kafka.common.telemetry.internals.ClientTelemetryReporter
2025-08-13 20:14:42,091 INFO  [org.apa.kaf.com.met.Metrics] (ForkJoinPool.commonPool-worker-1) Metrics reporters closed
2025-08-13 20:14:42,091 INFO  [org.apa.kaf.com.uti.AppInfoParser] (ForkJoinPool.commonPool-worker-1) App info kafka.producer for Producer-topic-bd63e321_47b2_4e0c_ba03_e13a4fdce879 unregistered
**** Registry Base URL: http://registry-app-inmemory.apps.ci419.apicurio-testing.org:80
2025-08-13 20:14:42,092 INFO  [org.apa.kaf.cli.con.ConsumerConfig] (main) ConsumerConfig values: 
	allow.auto.create.topics = true
	auto.commit.interval.ms = 500
	auto.include.jmx.reporter = true
	auto.offset.reset = earliest
	bootstrap.servers = [PLAINTEXT://localhost:32769]
	check.crcs = true
	client.dns.lookup = use_all_dns_ips
	client.id = consumer-Consumer-topic-bd63e321_47b2_4e0c_ba03_e13a4fdce879-5
	client.rack = 
	connections.max.idle.ms = 10000
	default.api.timeout.ms = 60000
	enable.auto.commit = true
	enable.metrics.push = true
	exclude.internal.topics = true
	fetch.max.bytes = 52428800
	fetch.max.wait.ms = 500
	fetch.min.bytes = 1
	group.id = Consumer-topic-bd63e321_47b2_4e0c_ba03_e13a4fdce879
	group.instance.id = null
	group.protocol = classic
	group.remote.assignor = null
	heartbeat.interval.ms = 3000
	interceptor.classes = []
	internal.leave.group.on.close = true
	internal.throw.on.fetch.stable.offset.unsupported = false
	isolation.level = read_uncommitted
	key.deserializer = class org.apache.kafka.common.serialization.StringDeserializer
	max.partition.fetch.bytes = 1048576
	max.poll.interval.ms = 300000
	max.poll.records = 500
	metadata.max.age.ms = 300000
	metadata.recovery.strategy = none
	metric.reporters = []
	metrics.num.samples = 2
	metrics.recording.level = INFO
	metrics.sample.window.ms = 30000
	partition.assignment.strategy = [class org.apache.kafka.clients.consumer.RangeAssignor, class org.apache.kafka.clients.consumer.CooperativeStickyAssignor]
	receive.buffer.bytes = 65536
	reconnect.backoff.max.ms = 1000
	reconnect.backoff.ms = 50
	request.timeout.ms = 5000
	retry.backoff.max.ms = 1000
	retry.backoff.ms = 100
	sasl.client.callback.handler.class = null
	sasl.jaas.config = null
	sasl.kerberos.kinit.cmd = /usr/bin/kinit
	sasl.kerberos.min.time.before.relogin = 60000
	sasl.kerberos.service.name = null
	sasl.kerberos.ticket.renew.jitter = 0.05
	sasl.kerberos.ticket.renew.window.factor = 0.8
	sasl.login.callback.handler.class = null
	sasl.login.class = null
	sasl.login.connect.timeout.ms = null
	sasl.login.read.timeout.ms = null
	sasl.login.refresh.buffer.seconds = 300
	sasl.login.refresh.min.period.seconds = 60
	sasl.login.refresh.window.factor = 0.8
	sasl.login.refresh.window.jitter = 0.05
	sasl.login.retry.backoff.max.ms = 10000
	sasl.login.retry.backoff.ms = 100
	sasl.mechanism = GSSAPI
	sasl.oauthbearer.clock.skew.seconds = 30
	sasl.oauthbearer.expected.audience = null
	sasl.oauthbearer.expected.issuer = null
	sasl.oauthbearer.header.urlencode = false
	sasl.oauthbearer.jwks.endpoint.refresh.ms = 3600000
	sasl.oauthbearer.jwks.endpoint.retry.backoff.max.ms = 10000
	sasl.oauthbearer.jwks.endpoint.retry.backoff.ms = 100
	sasl.oauthbearer.jwks.endpoint.url = null
	sasl.oauthbearer.scope.claim.name = scope
	sasl.oauthbearer.sub.claim.name = sub
	sasl.oauthbearer.token.endpoint.url = null
	security.protocol = PLAINTEXT
	security.providers = null
	send.buffer.bytes = 131072
	session.timeout.ms = 45000
	socket.connection.setup.timeout.max.ms = 30000
	socket.connection.setup.timeout.ms = 10000
	ssl.cipher.suites = null
	ssl.enabled.protocols = [TLSv1.2, TLSv1.3]
	ssl.endpoint.identification.algorithm = https
	ssl.engine.factory.class = null
	ssl.key.password = null
	ssl.keymanager.algorithm = SunX509
	ssl.keystore.certificate.chain = null
	ssl.keystore.key = null
	ssl.keystore.location = null
	ssl.keystore.password = null
	ssl.keystore.type = JKS
	ssl.protocol = TLSv1.3
	ssl.provider = null
	ssl.secure.random.implementation = null
	ssl.trustmanager.algorithm = PKIX
	ssl.truststore.certificates = null
	ssl.truststore.location = null
	ssl.truststore.password = null
	ssl.truststore.type = JKS
	value.deserializer = class io.apicurio.registry.serde.avro.AvroKafkaDeserializer

2025-08-13 20:14:42,092 INFO  [org.apa.kaf.com.tel.int.KafkaMetricsCollector] (main) initializing Kafka metrics collector
2025-08-13 20:14:42,099 INFO  [org.apa.kaf.cli.con.ConsumerConfig] (main) These configurations '[apicurio.registry.url]' were supplied but are not used yet.
2025-08-13 20:14:42,099 INFO  [org.apa.kaf.com.uti.AppInfoParser] (main) Kafka version: 3.9.1
2025-08-13 20:14:42,099 INFO  [org.apa.kaf.com.uti.AppInfoParser] (main) Kafka commitId: f745dfdcee2b9851
2025-08-13 20:14:42,099 INFO  [org.apa.kaf.com.uti.AppInfoParser] (main) Kafka startTimeMs: 1755116082099
2025-08-13 20:14:42,099 INFO  [org.apa.kaf.cli.con.int.ClassicKafkaConsumer] (ForkJoinPool.commonPool-worker-1) [Consumer clientId=consumer-Consumer-topic-bd63e321_47b2_4e0c_ba03_e13a4fdce879-5, groupId=Consumer-topic-bd63e321_47b2_4e0c_ba03_e13a4fdce879] Subscribed to topic(s): topic-bd63e321_47b2_4e0c_ba03_e13a4fdce879
2025-08-13 20:14:42,103 INFO  [org.apa.kaf.cli.Metadata] (ForkJoinPool.commonPool-worker-1) [Consumer clientId=consumer-Consumer-topic-bd63e321_47b2_4e0c_ba03_e13a4fdce879-5, groupId=Consumer-topic-bd63e321_47b2_4e0c_ba03_e13a4fdce879] Cluster ID: deU1wVjgTqiYBiPhrFjcdg
2025-08-13 20:14:42,104 INFO  [org.apa.kaf.cli.con.int.ConsumerCoordinator] (ForkJoinPool.commonPool-worker-1) [Consumer clientId=consumer-Consumer-topic-bd63e321_47b2_4e0c_ba03_e13a4fdce879-5, groupId=Consumer-topic-bd63e321_47b2_4e0c_ba03_e13a4fdce879] Discovered group coordinator localhost:32769 (id: 2147483647 rack: null)
2025-08-13 20:14:42,106 INFO  [org.apa.kaf.cli.con.int.ConsumerCoordinator] (ForkJoinPool.commonPool-worker-1) [Consumer clientId=consumer-Consumer-topic-bd63e321_47b2_4e0c_ba03_e13a4fdce879-5, groupId=Consumer-topic-bd63e321_47b2_4e0c_ba03_e13a4fdce879] (Re-)joining group
2025-08-13 20:14:42,109 INFO  [org.apa.kaf.cli.con.int.ConsumerCoordinator] (ForkJoinPool.commonPool-worker-1) [Consumer clientId=consumer-Consumer-topic-bd63e321_47b2_4e0c_ba03_e13a4fdce879-5, groupId=Consumer-topic-bd63e321_47b2_4e0c_ba03_e13a4fdce879] Request joining group due to: need to re-join with the given member-id: consumer-Consumer-topic-bd63e321_47b2_4e0c_ba03_e13a4fdce879-5-35eb2772-2c5e-46e4-ac39-89004700e192
2025-08-13 20:14:42,109 INFO  [org.apa.kaf.cli.con.int.ConsumerCoordinator] (ForkJoinPool.commonPool-worker-1) [Consumer clientId=consumer-Consumer-topic-bd63e321_47b2_4e0c_ba03_e13a4fdce879-5, groupId=Consumer-topic-bd63e321_47b2_4e0c_ba03_e13a4fdce879] (Re-)joining group
2025-08-13 20:14:43,099 INFO  [io.api.tes.ser.api.KafkaSerdesTester] (ForkJoinPool.commonPool-worker-1) None found
2025-08-13 20:14:44,100 INFO  [io.api.tes.ser.api.KafkaSerdesTester] (ForkJoinPool.commonPool-worker-1) None found
2025-08-13 20:14:45,100 INFO  [io.api.tes.ser.api.KafkaSerdesTester] (ForkJoinPool.commonPool-worker-1) None found
2025-08-13 20:14:45,111 INFO  [org.apa.kaf.cli.con.int.ConsumerCoordinator] (ForkJoinPool.commonPool-worker-1) [Consumer clientId=consumer-Consumer-topic-bd63e321_47b2_4e0c_ba03_e13a4fdce879-5, groupId=Consumer-topic-bd63e321_47b2_4e0c_ba03_e13a4fdce879] Successfully joined group with generation Generation{generationId=1, memberId='consumer-Consumer-topic-bd63e321_47b2_4e0c_ba03_e13a4fdce879-5-35eb2772-2c5e-46e4-ac39-89004700e192', protocol='range'}
2025-08-13 20:14:45,111 INFO  [org.apa.kaf.cli.con.int.ConsumerCoordinator] (ForkJoinPool.commonPool-worker-1) [Consumer clientId=consumer-Consumer-topic-bd63e321_47b2_4e0c_ba03_e13a4fdce879-5, groupId=Consumer-topic-bd63e321_47b2_4e0c_ba03_e13a4fdce879] Finished assignment for group at generation 1: {consumer-Consumer-topic-bd63e321_47b2_4e0c_ba03_e13a4fdce879-5-35eb2772-2c5e-46e4-ac39-89004700e192=Assignment(partitions=[topic-bd63e321_47b2_4e0c_ba03_e13a4fdce879-0])}
2025-08-13 20:14:45,119 INFO  [org.apa.kaf.cli.con.int.ConsumerCoordinator] (ForkJoinPool.commonPool-worker-1) [Consumer clientId=consumer-Consumer-topic-bd63e321_47b2_4e0c_ba03_e13a4fdce879-5, groupId=Consumer-topic-bd63e321_47b2_4e0c_ba03_e13a4fdce879] Successfully synced group in generation Generation{generationId=1, memberId='consumer-Consumer-topic-bd63e321_47b2_4e0c_ba03_e13a4fdce879-5-35eb2772-2c5e-46e4-ac39-89004700e192', protocol='range'}
2025-08-13 20:14:45,119 INFO  [org.apa.kaf.cli.con.int.ConsumerCoordinator] (ForkJoinPool.commonPool-worker-1) [Consumer clientId=consumer-Consumer-topic-bd63e321_47b2_4e0c_ba03_e13a4fdce879-5, groupId=Consumer-topic-bd63e321_47b2_4e0c_ba03_e13a4fdce879] Notifying assignor about the new Assignment(partitions=[topic-bd63e321_47b2_4e0c_ba03_e13a4fdce879-0])
2025-08-13 20:14:45,119 INFO  [org.apa.kaf.cli.con.int.ConsumerRebalanceListenerInvoker] (ForkJoinPool.commonPool-worker-1) [Consumer clientId=consumer-Consumer-topic-bd63e321_47b2_4e0c_ba03_e13a4fdce879-5, groupId=Consumer-topic-bd63e321_47b2_4e0c_ba03_e13a4fdce879] Adding newly assigned partitions: topic-bd63e321_47b2_4e0c_ba03_e13a4fdce879-0
2025-08-13 20:14:45,121 INFO  [org.apa.kaf.cli.con.int.ConsumerCoordinator] (ForkJoinPool.commonPool-worker-1) [Consumer clientId=consumer-Consumer-topic-bd63e321_47b2_4e0c_ba03_e13a4fdce879-5, groupId=Consumer-topic-bd63e321_47b2_4e0c_ba03_e13a4fdce879] Found no committed offset for partition topic-bd63e321_47b2_4e0c_ba03_e13a4fdce879-0
2025-08-13 20:14:45,125 INFO  [org.apa.kaf.cli.con.int.SubscriptionState] (ForkJoinPool.commonPool-worker-1) [Consumer clientId=consumer-Consumer-topic-bd63e321_47b2_4e0c_ba03_e13a4fdce879-5, groupId=Consumer-topic-bd63e321_47b2_4e0c_ba03_e13a4fdce879] Resetting offset for partition topic-bd63e321_47b2_4e0c_ba03_e13a4fdce879-0 to position FetchPosition{offset=0, offsetEpoch=Optional.empty, currentLeader=LeaderAndEpoch{leader=Optional[localhost:32769 (id: 0 rack: null)], epoch=0}}.
2025-08-13 20:14:45,207 INFO  [io.api.tes.ser.api.KafkaSerdesTester] (ForkJoinPool.commonPool-worker-1) topic-bd63e321_47b2_4e0c_ba03_e13a4fdce879 0 0 {"key11755116080886": "value-0"}
2025-08-13 20:14:45,207 INFO  [io.api.tes.ser.api.KafkaSerdesTester] (ForkJoinPool.commonPool-worker-1) topic-bd63e321_47b2_4e0c_ba03_e13a4fdce879 0 1 {"key11755116080886": "value-1"}
2025-08-13 20:14:45,207 INFO  [io.api.tes.ser.api.KafkaSerdesTester] (ForkJoinPool.commonPool-worker-1) topic-bd63e321_47b2_4e0c_ba03_e13a4fdce879 0 2 {"key11755116080886": "value-2"}
2025-08-13 20:14:45,207 INFO  [io.api.tes.ser.api.KafkaSerdesTester] (ForkJoinPool.commonPool-worker-1) topic-bd63e321_47b2_4e0c_ba03_e13a4fdce879 0 3 {"key11755116080886": "value-3"}
2025-08-13 20:14:45,207 INFO  [io.api.tes.ser.api.KafkaSerdesTester] (ForkJoinPool.commonPool-worker-1) topic-bd63e321_47b2_4e0c_ba03_e13a4fdce879 0 4 {"key11755116080886": "value-4"}
2025-08-13 20:14:45,207 INFO  [io.api.tes.ser.api.KafkaSerdesTester] (ForkJoinPool.commonPool-worker-1) topic-bd63e321_47b2_4e0c_ba03_e13a4fdce879 0 5 {"key11755116080886": "value-5"}
2025-08-13 20:14:45,208 INFO  [io.api.tes.ser.api.KafkaSerdesTester] (ForkJoinPool.commonPool-worker-1) topic-bd63e321_47b2_4e0c_ba03_e13a4fdce879 0 6 {"key11755116080886": "value-6"}
2025-08-13 20:14:45,208 INFO  [io.api.tes.ser.api.KafkaSerdesTester] (ForkJoinPool.commonPool-worker-1) topic-bd63e321_47b2_4e0c_ba03_e13a4fdce879 0 7 {"key11755116080886": "value-7"}
2025-08-13 20:14:45,208 INFO  [io.api.tes.ser.api.KafkaSerdesTester] (ForkJoinPool.commonPool-worker-1) topic-bd63e321_47b2_4e0c_ba03_e13a4fdce879 0 8 {"key11755116080886": "value-8"}
2025-08-13 20:14:45,208 INFO  [io.api.tes.ser.api.KafkaSerdesTester] (ForkJoinPool.commonPool-worker-1) topic-bd63e321_47b2_4e0c_ba03_e13a4fdce879 0 9 {"key11755116080886": "value-9"}
2025-08-13 20:14:45,208 INFO  [io.api.tes.ser.api.KafkaSerdesTester] (ForkJoinPool.commonPool-worker-1) Consumed 10 messages
2025-08-13 20:14:45,214 INFO  [org.apa.kaf.cli.con.int.ConsumerRebalanceListenerInvoker] (ForkJoinPool.commonPool-worker-1) [Consumer clientId=consumer-Consumer-topic-bd63e321_47b2_4e0c_ba03_e13a4fdce879-5, groupId=Consumer-topic-bd63e321_47b2_4e0c_ba03_e13a4fdce879] Revoke previously assigned partitions topic-bd63e321_47b2_4e0c_ba03_e13a4fdce879-0
2025-08-13 20:14:45,214 INFO  [org.apa.kaf.cli.con.int.ConsumerCoordinator] (ForkJoinPool.commonPool-worker-1) [Consumer clientId=consumer-Consumer-topic-bd63e321_47b2_4e0c_ba03_e13a4fdce879-5, groupId=Consumer-topic-bd63e321_47b2_4e0c_ba03_e13a4fdce879] Member consumer-Consumer-topic-bd63e321_47b2_4e0c_ba03_e13a4fdce879-5-35eb2772-2c5e-46e4-ac39-89004700e192 sending LeaveGroup request to coordinator localhost:32769 (id: 2147483647 rack: null) due to the consumer is being closed
2025-08-13 20:14:45,214 INFO  [org.apa.kaf.cli.con.int.ConsumerCoordinator] (ForkJoinPool.commonPool-worker-1) [Consumer clientId=consumer-Consumer-topic-bd63e321_47b2_4e0c_ba03_e13a4fdce879-5, groupId=Consumer-topic-bd63e321_47b2_4e0c_ba03_e13a4fdce879] Resetting generation and member id due to: consumer pro-actively leaving the group
2025-08-13 20:14:45,214 INFO  [org.apa.kaf.cli.con.int.ConsumerCoordinator] (ForkJoinPool.commonPool-worker-1) [Consumer clientId=consumer-Consumer-topic-bd63e321_47b2_4e0c_ba03_e13a4fdce879-5, groupId=Consumer-topic-bd63e321_47b2_4e0c_ba03_e13a4fdce879] Request joining group due to: consumer pro-actively leaving the group
2025-08-13 20:14:45,710 INFO  [org.apa.kaf.com.met.Metrics] (ForkJoinPool.commonPool-worker-1) Metrics scheduler closed
2025-08-13 20:14:45,710 INFO  [org.apa.kaf.com.met.Metrics] (ForkJoinPool.commonPool-worker-1) Closing reporter org.apache.kafka.common.metrics.JmxReporter
2025-08-13 20:14:45,710 INFO  [org.apa.kaf.com.met.Metrics] (ForkJoinPool.commonPool-worker-1) Closing reporter org.apache.kafka.common.telemetry.internals.ClientTelemetryReporter
2025-08-13 20:14:45,710 INFO  [org.apa.kaf.com.met.Metrics] (ForkJoinPool.commonPool-worker-1) Metrics reporters closed
2025-08-13 20:14:45,712 INFO  [org.apa.kaf.com.uti.AppInfoParser] (ForkJoinPool.commonPool-worker-1) App info kafka.consumer for consumer-Consumer-topic-bd63e321_47b2_4e0c_ba03_e13a4fdce879-5 unregistered
2025-08-13 20:14:45,712 INFO  [io.api.tes.uti.TestSeparator] (main) io.apicurio.tests.serdes.apicurio.AvroSerdeIT.testRecordIdStrategydFindLatest-FINISHED
2025-08-13 20:14:45,712 INFO  [io.api.tes.uti.TestSeparator] (main) ############################################################################
Test passed: testRecordIdStrategydFindLatest
]]></system-out>
  </testcase>
  <testcase name="testReflectAutoRegister" classname="io.apicurio.tests.serdes.apicurio.AvroSerdeIT" time="3.918">
    <system-out><![CDATA[2025-08-13 20:14:45,714 INFO  [io.api.tes.uti.TestSeparator] (main) ############################################################################
2025-08-13 20:14:45,714 INFO  [io.api.tes.uti.TestSeparator] (main) io.apicurio.tests.serdes.apicurio.AvroSerdeIT.testReflectAutoRegister-STARTED
**** Registry Base URL: http://registry-app-inmemory.apps.ci419.apicurio-testing.org:80
2025-08-13 20:14:45,718 INFO  [org.apa.kaf.cli.pro.ProducerConfig] (main) ProducerConfig values: 
	acks = -1
	auto.include.jmx.reporter = true
	batch.size = 16384
	bootstrap.servers = [PLAINTEXT://localhost:32769]
	buffer.memory = 33554432
	client.dns.lookup = use_all_dns_ips
	client.id = Producer-topic-bb8ddc0e_9a27_4adc_a300_a07268670c52
	compression.gzip.level = -1
	compression.lz4.level = 9
	compression.type = none
	compression.zstd.level = 3
	connections.max.idle.ms = 10000
	delivery.timeout.ms = 120000
	enable.idempotence = true
	enable.metrics.push = true
	interceptor.classes = []
	key.serializer = class org.apache.kafka.common.serialization.StringSerializer
	linger.ms = 0
	max.block.ms = 60000
	max.in.flight.requests.per.connection = 5
	max.request.size = 1048576
	metadata.max.age.ms = 300000
	metadata.max.idle.ms = 300000
	metadata.recovery.strategy = none
	metric.reporters = []
	metrics.num.samples = 2
	metrics.recording.level = INFO
	metrics.sample.window.ms = 30000
	partitioner.adaptive.partitioning.enable = true
	partitioner.availability.timeout.ms = 0
	partitioner.class = null
	partitioner.ignore.keys = false
	receive.buffer.bytes = 32768
	reconnect.backoff.max.ms = 1000
	reconnect.backoff.ms = 50
	request.timeout.ms = 5000
	retries = 2147483647
	retry.backoff.max.ms = 1000
	retry.backoff.ms = 100
	sasl.client.callback.handler.class = null
	sasl.jaas.config = null
	sasl.kerberos.kinit.cmd = /usr/bin/kinit
	sasl.kerberos.min.time.before.relogin = 60000
	sasl.kerberos.service.name = null
	sasl.kerberos.ticket.renew.jitter = 0.05
	sasl.kerberos.ticket.renew.window.factor = 0.8
	sasl.login.callback.handler.class = null
	sasl.login.class = null
	sasl.login.connect.timeout.ms = null
	sasl.login.read.timeout.ms = null
	sasl.login.refresh.buffer.seconds = 300
	sasl.login.refresh.min.period.seconds = 60
	sasl.login.refresh.window.factor = 0.8
	sasl.login.refresh.window.jitter = 0.05
	sasl.login.retry.backoff.max.ms = 10000
	sasl.login.retry.backoff.ms = 100
	sasl.mechanism = GSSAPI
	sasl.oauthbearer.clock.skew.seconds = 30
	sasl.oauthbearer.expected.audience = null
	sasl.oauthbearer.expected.issuer = null
	sasl.oauthbearer.header.urlencode = false
	sasl.oauthbearer.jwks.endpoint.refresh.ms = 3600000
	sasl.oauthbearer.jwks.endpoint.retry.backoff.max.ms = 10000
	sasl.oauthbearer.jwks.endpoint.retry.backoff.ms = 100
	sasl.oauthbearer.jwks.endpoint.url = null
	sasl.oauthbearer.scope.claim.name = scope
	sasl.oauthbearer.sub.claim.name = sub
	sasl.oauthbearer.token.endpoint.url = null
	security.protocol = PLAINTEXT
	security.providers = null
	send.buffer.bytes = 131072
	socket.connection.setup.timeout.max.ms = 30000
	socket.connection.setup.timeout.ms = 10000
	ssl.cipher.suites = null
	ssl.enabled.protocols = [TLSv1.2, TLSv1.3]
	ssl.endpoint.identification.algorithm = https
	ssl.engine.factory.class = null
	ssl.key.password = null
	ssl.keymanager.algorithm = SunX509
	ssl.keystore.certificate.chain = null
	ssl.keystore.key = null
	ssl.keystore.location = null
	ssl.keystore.password = null
	ssl.keystore.type = JKS
	ssl.protocol = TLSv1.3
	ssl.provider = null
	ssl.secure.random.implementation = null
	ssl.trustmanager.algorithm = PKIX
	ssl.truststore.certificates = null
	ssl.truststore.location = null
	ssl.truststore.password = null
	ssl.truststore.type = JKS
	transaction.timeout.ms = 60000
	transactional.id = null
	value.serializer = class io.apicurio.registry.serde.avro.AvroKafkaSerializer

2025-08-13 20:14:45,718 INFO  [org.apa.kaf.com.tel.int.KafkaMetricsCollector] (main) initializing Kafka metrics collector
2025-08-13 20:14:45,727 INFO  [org.apa.kaf.cli.pro.KafkaProducer] (main) [Producer clientId=Producer-topic-bb8ddc0e_9a27_4adc_a300_a07268670c52] Instantiated an idempotent producer.
2025-08-13 20:14:45,729 INFO  [org.apa.kaf.cli.pro.ProducerConfig] (main) These configurations '[apicurio.registry.url, apicurio.registry.auto-register, apicurio.registry.artifact-resolver-strategy, apicurio.registry.avro-datum-provider]' were supplied but are not used yet.
2025-08-13 20:14:45,729 INFO  [org.apa.kaf.com.uti.AppInfoParser] (main) Kafka version: 3.9.1
2025-08-13 20:14:45,729 INFO  [org.apa.kaf.com.uti.AppInfoParser] (main) Kafka commitId: f745dfdcee2b9851
2025-08-13 20:14:45,730 INFO  [org.apa.kaf.com.uti.AppInfoParser] (main) Kafka startTimeMs: 1755116085729
2025-08-13 20:14:45,730 INFO  [io.api.tes.ser.api.SimpleSerdesTesterBuilder$SimpleSerdesTester] (main) Using producer configuration: {apicurio.registry.url=http://registry-app-inmemory.apps.ci419.apicurio-testing.org:80/apis/registry/v3, apicurio.registry.auto-register=true, apicurio.registry.artifact-resolver-strategy=io.apicurio.registry.serde.strategy.TopicIdStrategy, value.serializer=io.apicurio.registry.serde.avro.AvroKafkaSerializer, request.timeout.ms=5000, acks=all, bootstrap.servers=PLAINTEXT://localhost:32769, connections.max.idle.ms=10000, key.serializer=org.apache.kafka.common.serialization.StringSerializer, apicurio.registry.avro-datum-provider=io.apicurio.registry.serde.avro.ReflectAvroDatumProvider, client.id=Producer-topic-bb8ddc0e_9a27_4adc_a300_a07268670c52}
2025-08-13 20:14:45,730 INFO  [io.api.tes.ser.api.SimpleSerdesTesterBuilder$SimpleSerdesTester] (main) Using consumer configuration: {apicurio.registry.avro-datum-provider=io.apicurio.registry.serde.avro.ReflectAvroDatumProvider}
2025-08-13 20:14:45,730 INFO  [io.api.tes.ser.api.KafkaSerdesTester] (ForkJoinPool.commonPool-worker-1) Sending message io.apicurio.tests.common.serdes.TestObject@3dbd29cb to topic topic-bb8ddc0e_9a27_4adc_a300_a07268670c52
2025-08-13 20:14:45,734 WARN  [org.apa.kaf.cli.NetworkClient] (kafka-producer-network-thread | Producer-topic-bb8ddc0e_9a27_4adc_a300_a07268670c52) [Producer clientId=Producer-topic-bb8ddc0e_9a27_4adc_a300_a07268670c52] The metadata response from the cluster reported a recoverable issue with correlation id 1 : {topic-bb8ddc0e_9a27_4adc_a300_a07268670c52=UNKNOWN_TOPIC_OR_PARTITION}
2025-08-13 20:14:45,734 INFO  [org.apa.kaf.cli.Metadata] (kafka-producer-network-thread | Producer-topic-bb8ddc0e_9a27_4adc_a300_a07268670c52) [Producer clientId=Producer-topic-bb8ddc0e_9a27_4adc_a300_a07268670c52] Cluster ID: deU1wVjgTqiYBiPhrFjcdg
2025-08-13 20:14:45,734 INFO  [org.apa.kaf.cli.pro.int.TransactionManager] (kafka-producer-network-thread | Producer-topic-bb8ddc0e_9a27_4adc_a300_a07268670c52) [Producer clientId=Producer-topic-bb8ddc0e_9a27_4adc_a300_a07268670c52] ProducerId set to 6 with epoch 0
2025-08-13 20:14:45,934 INFO  [io.api.tes.ser.api.KafkaSerdesTester] (ForkJoinPool.commonPool-worker-1) Sending message io.apicurio.tests.common.serdes.TestObject@3dbd29cb to topic topic-bb8ddc0e_9a27_4adc_a300_a07268670c52
2025-08-13 20:14:45,936 INFO  [io.api.tes.ser.api.KafkaSerdesTester] (ForkJoinPool.commonPool-worker-1) Sending message io.apicurio.tests.common.serdes.TestObject@3dbd29cb to topic topic-bb8ddc0e_9a27_4adc_a300_a07268670c52
2025-08-13 20:14:45,938 INFO  [io.api.tes.ser.api.KafkaSerdesTester] (ForkJoinPool.commonPool-worker-1) Sending message io.apicurio.tests.common.serdes.TestObject@3dbd29cb to topic topic-bb8ddc0e_9a27_4adc_a300_a07268670c52
2025-08-13 20:14:45,940 INFO  [io.api.tes.ser.api.KafkaSerdesTester] (ForkJoinPool.commonPool-worker-1) Sending message io.apicurio.tests.common.serdes.TestObject@3dbd29cb to topic topic-bb8ddc0e_9a27_4adc_a300_a07268670c52
2025-08-13 20:14:45,942 INFO  [io.api.tes.ser.api.KafkaSerdesTester] (ForkJoinPool.commonPool-worker-1) Sending message io.apicurio.tests.common.serdes.TestObject@3dbd29cb to topic topic-bb8ddc0e_9a27_4adc_a300_a07268670c52
2025-08-13 20:14:45,944 INFO  [io.api.tes.ser.api.KafkaSerdesTester] (ForkJoinPool.commonPool-worker-1) Sending message io.apicurio.tests.common.serdes.TestObject@3dbd29cb to topic topic-bb8ddc0e_9a27_4adc_a300_a07268670c52
2025-08-13 20:14:45,945 INFO  [io.api.tes.ser.api.KafkaSerdesTester] (ForkJoinPool.commonPool-worker-1) Sending message io.apicurio.tests.common.serdes.TestObject@3dbd29cb to topic topic-bb8ddc0e_9a27_4adc_a300_a07268670c52
2025-08-13 20:14:45,947 INFO  [io.api.tes.ser.api.KafkaSerdesTester] (ForkJoinPool.commonPool-worker-1) Sending message io.apicurio.tests.common.serdes.TestObject@3dbd29cb to topic topic-bb8ddc0e_9a27_4adc_a300_a07268670c52
2025-08-13 20:14:45,949 INFO  [io.api.tes.ser.api.KafkaSerdesTester] (ForkJoinPool.commonPool-worker-1) Sending message io.apicurio.tests.common.serdes.TestObject@3dbd29cb to topic topic-bb8ddc0e_9a27_4adc_a300_a07268670c52
2025-08-13 20:14:45,951 INFO  [io.api.tes.ser.api.KafkaSerdesTester] (ForkJoinPool.commonPool-worker-1) Produced 10 messages
2025-08-13 20:14:45,951 INFO  [org.apa.kaf.cli.pro.KafkaProducer] (ForkJoinPool.commonPool-worker-1) [Producer clientId=Producer-topic-bb8ddc0e_9a27_4adc_a300_a07268670c52] Closing the Kafka producer with timeoutMillis = 9223372036854775807 ms.
2025-08-13 20:14:45,953 INFO  [org.apa.kaf.com.met.Metrics] (ForkJoinPool.commonPool-worker-1) Metrics scheduler closed
2025-08-13 20:14:45,953 INFO  [org.apa.kaf.com.met.Metrics] (ForkJoinPool.commonPool-worker-1) Closing reporter org.apache.kafka.common.metrics.JmxReporter
2025-08-13 20:14:45,953 INFO  [org.apa.kaf.com.met.Metrics] (ForkJoinPool.commonPool-worker-1) Closing reporter org.apache.kafka.common.telemetry.internals.ClientTelemetryReporter
2025-08-13 20:14:45,953 INFO  [org.apa.kaf.com.met.Metrics] (ForkJoinPool.commonPool-worker-1) Metrics reporters closed
2025-08-13 20:14:45,953 INFO  [org.apa.kaf.com.uti.AppInfoParser] (ForkJoinPool.commonPool-worker-1) App info kafka.producer for Producer-topic-bb8ddc0e_9a27_4adc_a300_a07268670c52 unregistered
**** Registry Base URL: http://registry-app-inmemory.apps.ci419.apicurio-testing.org:80
2025-08-13 20:14:46,004 INFO  [org.apa.kaf.cli.con.ConsumerConfig] (main) ConsumerConfig values: 
	allow.auto.create.topics = true
	auto.commit.interval.ms = 500
	auto.include.jmx.reporter = true
	auto.offset.reset = earliest
	bootstrap.servers = [PLAINTEXT://localhost:32769]
	check.crcs = true
	client.dns.lookup = use_all_dns_ips
	client.id = consumer-Consumer-topic-bb8ddc0e_9a27_4adc_a300_a07268670c52-6
	client.rack = 
	connections.max.idle.ms = 10000
	default.api.timeout.ms = 60000
	enable.auto.commit = true
	enable.metrics.push = true
	exclude.internal.topics = true
	fetch.max.bytes = 52428800
	fetch.max.wait.ms = 500
	fetch.min.bytes = 1
	group.id = Consumer-topic-bb8ddc0e_9a27_4adc_a300_a07268670c52
	group.instance.id = null
	group.protocol = classic
	group.remote.assignor = null
	heartbeat.interval.ms = 3000
	interceptor.classes = []
	internal.leave.group.on.close = true
	internal.throw.on.fetch.stable.offset.unsupported = false
	isolation.level = read_uncommitted
	key.deserializer = class org.apache.kafka.common.serialization.StringDeserializer
	max.partition.fetch.bytes = 1048576
	max.poll.interval.ms = 300000
	max.poll.records = 500
	metadata.max.age.ms = 300000
	metadata.recovery.strategy = none
	metric.reporters = []
	metrics.num.samples = 2
	metrics.recording.level = INFO
	metrics.sample.window.ms = 30000
	partition.assignment.strategy = [class org.apache.kafka.clients.consumer.RangeAssignor, class org.apache.kafka.clients.consumer.CooperativeStickyAssignor]
	receive.buffer.bytes = 65536
	reconnect.backoff.max.ms = 1000
	reconnect.backoff.ms = 50
	request.timeout.ms = 5000
	retry.backoff.max.ms = 1000
	retry.backoff.ms = 100
	sasl.client.callback.handler.class = null
	sasl.jaas.config = null
	sasl.kerberos.kinit.cmd = /usr/bin/kinit
	sasl.kerberos.min.time.before.relogin = 60000
	sasl.kerberos.service.name = null
	sasl.kerberos.ticket.renew.jitter = 0.05
	sasl.kerberos.ticket.renew.window.factor = 0.8
	sasl.login.callback.handler.class = null
	sasl.login.class = null
	sasl.login.connect.timeout.ms = null
	sasl.login.read.timeout.ms = null
	sasl.login.refresh.buffer.seconds = 300
	sasl.login.refresh.min.period.seconds = 60
	sasl.login.refresh.window.factor = 0.8
	sasl.login.refresh.window.jitter = 0.05
	sasl.login.retry.backoff.max.ms = 10000
	sasl.login.retry.backoff.ms = 100
	sasl.mechanism = GSSAPI
	sasl.oauthbearer.clock.skew.seconds = 30
	sasl.oauthbearer.expected.audience = null
	sasl.oauthbearer.expected.issuer = null
	sasl.oauthbearer.header.urlencode = false
	sasl.oauthbearer.jwks.endpoint.refresh.ms = 3600000
	sasl.oauthbearer.jwks.endpoint.retry.backoff.max.ms = 10000
	sasl.oauthbearer.jwks.endpoint.retry.backoff.ms = 100
	sasl.oauthbearer.jwks.endpoint.url = null
	sasl.oauthbearer.scope.claim.name = scope
	sasl.oauthbearer.sub.claim.name = sub
	sasl.oauthbearer.token.endpoint.url = null
	security.protocol = PLAINTEXT
	security.providers = null
	send.buffer.bytes = 131072
	session.timeout.ms = 45000
	socket.connection.setup.timeout.max.ms = 30000
	socket.connection.setup.timeout.ms = 10000
	ssl.cipher.suites = null
	ssl.enabled.protocols = [TLSv1.2, TLSv1.3]
	ssl.endpoint.identification.algorithm = https
	ssl.engine.factory.class = null
	ssl.key.password = null
	ssl.keymanager.algorithm = SunX509
	ssl.keystore.certificate.chain = null
	ssl.keystore.key = null
	ssl.keystore.location = null
	ssl.keystore.password = null
	ssl.keystore.type = JKS
	ssl.protocol = TLSv1.3
	ssl.provider = null
	ssl.secure.random.implementation = null
	ssl.trustmanager.algorithm = PKIX
	ssl.truststore.certificates = null
	ssl.truststore.location = null
	ssl.truststore.password = null
	ssl.truststore.type = JKS
	value.deserializer = class io.apicurio.registry.serde.avro.AvroKafkaDeserializer

2025-08-13 20:14:46,005 INFO  [org.apa.kaf.com.tel.int.KafkaMetricsCollector] (main) initializing Kafka metrics collector
2025-08-13 20:14:46,015 INFO  [org.apa.kaf.cli.con.ConsumerConfig] (main) These configurations '[apicurio.registry.url, apicurio.registry.avro-datum-provider]' were supplied but are not used yet.
2025-08-13 20:14:46,015 INFO  [org.apa.kaf.com.uti.AppInfoParser] (main) Kafka version: 3.9.1
2025-08-13 20:14:46,015 INFO  [org.apa.kaf.com.uti.AppInfoParser] (main) Kafka commitId: f745dfdcee2b9851
2025-08-13 20:14:46,015 INFO  [org.apa.kaf.com.uti.AppInfoParser] (main) Kafka startTimeMs: 1755116086015
2025-08-13 20:14:46,016 INFO  [org.apa.kaf.cli.con.int.ClassicKafkaConsumer] (ForkJoinPool.commonPool-worker-1) [Consumer clientId=consumer-Consumer-topic-bb8ddc0e_9a27_4adc_a300_a07268670c52-6, groupId=Consumer-topic-bb8ddc0e_9a27_4adc_a300_a07268670c52] Subscribed to topic(s): topic-bb8ddc0e_9a27_4adc_a300_a07268670c52
2025-08-13 20:14:46,022 INFO  [org.apa.kaf.cli.Metadata] (ForkJoinPool.commonPool-worker-1) [Consumer clientId=consumer-Consumer-topic-bb8ddc0e_9a27_4adc_a300_a07268670c52-6, groupId=Consumer-topic-bb8ddc0e_9a27_4adc_a300_a07268670c52] Cluster ID: deU1wVjgTqiYBiPhrFjcdg
2025-08-13 20:14:46,023 INFO  [org.apa.kaf.cli.con.int.ConsumerCoordinator] (ForkJoinPool.commonPool-worker-1) [Consumer clientId=consumer-Consumer-topic-bb8ddc0e_9a27_4adc_a300_a07268670c52-6, groupId=Consumer-topic-bb8ddc0e_9a27_4adc_a300_a07268670c52] Discovered group coordinator localhost:32769 (id: 2147483647 rack: null)
2025-08-13 20:14:46,025 INFO  [org.apa.kaf.cli.con.int.ConsumerCoordinator] (ForkJoinPool.commonPool-worker-1) [Consumer clientId=consumer-Consumer-topic-bb8ddc0e_9a27_4adc_a300_a07268670c52-6, groupId=Consumer-topic-bb8ddc0e_9a27_4adc_a300_a07268670c52] (Re-)joining group
2025-08-13 20:14:46,030 INFO  [org.apa.kaf.cli.con.int.ConsumerCoordinator] (ForkJoinPool.commonPool-worker-1) [Consumer clientId=consumer-Consumer-topic-bb8ddc0e_9a27_4adc_a300_a07268670c52-6, groupId=Consumer-topic-bb8ddc0e_9a27_4adc_a300_a07268670c52] Request joining group due to: need to re-join with the given member-id: consumer-Consumer-topic-bb8ddc0e_9a27_4adc_a300_a07268670c52-6-dc9b39fe-765b-4940-812b-d0198822f164
2025-08-13 20:14:46,030 INFO  [org.apa.kaf.cli.con.int.ConsumerCoordinator] (ForkJoinPool.commonPool-worker-1) [Consumer clientId=consumer-Consumer-topic-bb8ddc0e_9a27_4adc_a300_a07268670c52-6, groupId=Consumer-topic-bb8ddc0e_9a27_4adc_a300_a07268670c52] (Re-)joining group
2025-08-13 20:14:47,016 INFO  [io.api.tes.ser.api.KafkaSerdesTester] (ForkJoinPool.commonPool-worker-1) None found
2025-08-13 20:14:48,016 INFO  [io.api.tes.ser.api.KafkaSerdesTester] (ForkJoinPool.commonPool-worker-1) None found
2025-08-13 20:14:49,016 INFO  [io.api.tes.ser.api.KafkaSerdesTester] (ForkJoinPool.commonPool-worker-1) None found
2025-08-13 20:14:49,033 INFO  [org.apa.kaf.cli.con.int.ConsumerCoordinator] (ForkJoinPool.commonPool-worker-1) [Consumer clientId=consumer-Consumer-topic-bb8ddc0e_9a27_4adc_a300_a07268670c52-6, groupId=Consumer-topic-bb8ddc0e_9a27_4adc_a300_a07268670c52] Successfully joined group with generation Generation{generationId=1, memberId='consumer-Consumer-topic-bb8ddc0e_9a27_4adc_a300_a07268670c52-6-dc9b39fe-765b-4940-812b-d0198822f164', protocol='range'}
2025-08-13 20:14:49,033 INFO  [org.apa.kaf.cli.con.int.ConsumerCoordinator] (ForkJoinPool.commonPool-worker-1) [Consumer clientId=consumer-Consumer-topic-bb8ddc0e_9a27_4adc_a300_a07268670c52-6, groupId=Consumer-topic-bb8ddc0e_9a27_4adc_a300_a07268670c52] Finished assignment for group at generation 1: {consumer-Consumer-topic-bb8ddc0e_9a27_4adc_a300_a07268670c52-6-dc9b39fe-765b-4940-812b-d0198822f164=Assignment(partitions=[topic-bb8ddc0e_9a27_4adc_a300_a07268670c52-0])}
2025-08-13 20:14:49,040 INFO  [org.apa.kaf.cli.con.int.ConsumerCoordinator] (ForkJoinPool.commonPool-worker-1) [Consumer clientId=consumer-Consumer-topic-bb8ddc0e_9a27_4adc_a300_a07268670c52-6, groupId=Consumer-topic-bb8ddc0e_9a27_4adc_a300_a07268670c52] Successfully synced group in generation Generation{generationId=1, memberId='consumer-Consumer-topic-bb8ddc0e_9a27_4adc_a300_a07268670c52-6-dc9b39fe-765b-4940-812b-d0198822f164', protocol='range'}
2025-08-13 20:14:49,040 INFO  [org.apa.kaf.cli.con.int.ConsumerCoordinator] (ForkJoinPool.commonPool-worker-1) [Consumer clientId=consumer-Consumer-topic-bb8ddc0e_9a27_4adc_a300_a07268670c52-6, groupId=Consumer-topic-bb8ddc0e_9a27_4adc_a300_a07268670c52] Notifying assignor about the new Assignment(partitions=[topic-bb8ddc0e_9a27_4adc_a300_a07268670c52-0])
2025-08-13 20:14:49,040 INFO  [org.apa.kaf.cli.con.int.ConsumerRebalanceListenerInvoker] (ForkJoinPool.commonPool-worker-1) [Consumer clientId=consumer-Consumer-topic-bb8ddc0e_9a27_4adc_a300_a07268670c52-6, groupId=Consumer-topic-bb8ddc0e_9a27_4adc_a300_a07268670c52] Adding newly assigned partitions: topic-bb8ddc0e_9a27_4adc_a300_a07268670c52-0
2025-08-13 20:14:49,041 INFO  [org.apa.kaf.cli.con.int.ConsumerCoordinator] (ForkJoinPool.commonPool-worker-1) [Consumer clientId=consumer-Consumer-topic-bb8ddc0e_9a27_4adc_a300_a07268670c52-6, groupId=Consumer-topic-bb8ddc0e_9a27_4adc_a300_a07268670c52] Found no committed offset for partition topic-bb8ddc0e_9a27_4adc_a300_a07268670c52-0
2025-08-13 20:14:49,044 INFO  [org.apa.kaf.cli.con.int.SubscriptionState] (ForkJoinPool.commonPool-worker-1) [Consumer clientId=consumer-Consumer-topic-bb8ddc0e_9a27_4adc_a300_a07268670c52-6, groupId=Consumer-topic-bb8ddc0e_9a27_4adc_a300_a07268670c52] Resetting offset for partition topic-bb8ddc0e_9a27_4adc_a300_a07268670c52-0 to position FetchPosition{offset=0, offsetEpoch=Optional.empty, currentLeader=LeaderAndEpoch{leader=Optional[localhost:32769 (id: 0 rack: null)], epoch=0}}.
2025-08-13 20:14:49,125 INFO  [io.api.tes.ser.api.KafkaSerdesTester] (ForkJoinPool.commonPool-worker-1) topic-bb8ddc0e_9a27_4adc_a300_a07268670c52 0 0 io.apicurio.tests.common.serdes.TestObject@3dbd29cb
2025-08-13 20:14:49,125 INFO  [io.api.tes.ser.api.KafkaSerdesTester] (ForkJoinPool.commonPool-worker-1) topic-bb8ddc0e_9a27_4adc_a300_a07268670c52 0 1 io.apicurio.tests.common.serdes.TestObject@3dbd29cb
2025-08-13 20:14:49,125 INFO  [io.api.tes.ser.api.KafkaSerdesTester] (ForkJoinPool.commonPool-worker-1) topic-bb8ddc0e_9a27_4adc_a300_a07268670c52 0 2 io.apicurio.tests.common.serdes.TestObject@3dbd29cb
2025-08-13 20:14:49,125 INFO  [io.api.tes.ser.api.KafkaSerdesTester] (ForkJoinPool.commonPool-worker-1) topic-bb8ddc0e_9a27_4adc_a300_a07268670c52 0 3 io.apicurio.tests.common.serdes.TestObject@3dbd29cb
2025-08-13 20:14:49,125 INFO  [io.api.tes.ser.api.KafkaSerdesTester] (ForkJoinPool.commonPool-worker-1) topic-bb8ddc0e_9a27_4adc_a300_a07268670c52 0 4 io.apicurio.tests.common.serdes.TestObject@3dbd29cb
2025-08-13 20:14:49,125 INFO  [io.api.tes.ser.api.KafkaSerdesTester] (ForkJoinPool.commonPool-worker-1) topic-bb8ddc0e_9a27_4adc_a300_a07268670c52 0 5 io.apicurio.tests.common.serdes.TestObject@3dbd29cb
2025-08-13 20:14:49,125 INFO  [io.api.tes.ser.api.KafkaSerdesTester] (ForkJoinPool.commonPool-worker-1) topic-bb8ddc0e_9a27_4adc_a300_a07268670c52 0 6 io.apicurio.tests.common.serdes.TestObject@3dbd29cb
2025-08-13 20:14:49,125 INFO  [io.api.tes.ser.api.KafkaSerdesTester] (ForkJoinPool.commonPool-worker-1) topic-bb8ddc0e_9a27_4adc_a300_a07268670c52 0 7 io.apicurio.tests.common.serdes.TestObject@3dbd29cb
2025-08-13 20:14:49,125 INFO  [io.api.tes.ser.api.KafkaSerdesTester] (ForkJoinPool.commonPool-worker-1) topic-bb8ddc0e_9a27_4adc_a300_a07268670c52 0 8 io.apicurio.tests.common.serdes.TestObject@3dbd29cb
2025-08-13 20:14:49,125 INFO  [io.api.tes.ser.api.KafkaSerdesTester] (ForkJoinPool.commonPool-worker-1) topic-bb8ddc0e_9a27_4adc_a300_a07268670c52 0 9 io.apicurio.tests.common.serdes.TestObject@3dbd29cb
2025-08-13 20:14:49,125 INFO  [io.api.tes.ser.api.KafkaSerdesTester] (ForkJoinPool.commonPool-worker-1) Consumed 10 messages
2025-08-13 20:14:49,133 INFO  [org.apa.kaf.cli.con.int.ConsumerRebalanceListenerInvoker] (ForkJoinPool.commonPool-worker-1) [Consumer clientId=consumer-Consumer-topic-bb8ddc0e_9a27_4adc_a300_a07268670c52-6, groupId=Consumer-topic-bb8ddc0e_9a27_4adc_a300_a07268670c52] Revoke previously assigned partitions topic-bb8ddc0e_9a27_4adc_a300_a07268670c52-0
2025-08-13 20:14:49,133 INFO  [org.apa.kaf.cli.con.int.ConsumerCoordinator] (ForkJoinPool.commonPool-worker-1) [Consumer clientId=consumer-Consumer-topic-bb8ddc0e_9a27_4adc_a300_a07268670c52-6, groupId=Consumer-topic-bb8ddc0e_9a27_4adc_a300_a07268670c52] Member consumer-Consumer-topic-bb8ddc0e_9a27_4adc_a300_a07268670c52-6-dc9b39fe-765b-4940-812b-d0198822f164 sending LeaveGroup request to coordinator localhost:32769 (id: 2147483647 rack: null) due to the consumer is being closed
2025-08-13 20:14:49,133 INFO  [org.apa.kaf.cli.con.int.ConsumerCoordinator] (ForkJoinPool.commonPool-worker-1) [Consumer clientId=consumer-Consumer-topic-bb8ddc0e_9a27_4adc_a300_a07268670c52-6, groupId=Consumer-topic-bb8ddc0e_9a27_4adc_a300_a07268670c52] Resetting generation and member id due to: consumer pro-actively leaving the group
2025-08-13 20:14:49,133 INFO  [org.apa.kaf.cli.con.int.ConsumerCoordinator] (ForkJoinPool.commonPool-worker-1) [Consumer clientId=consumer-Consumer-topic-bb8ddc0e_9a27_4adc_a300_a07268670c52-6, groupId=Consumer-topic-bb8ddc0e_9a27_4adc_a300_a07268670c52] Request joining group due to: consumer pro-actively leaving the group
2025-08-13 20:14:49,628 INFO  [org.apa.kaf.com.met.Metrics] (ForkJoinPool.commonPool-worker-1) Metrics scheduler closed
2025-08-13 20:14:49,628 INFO  [org.apa.kaf.com.met.Metrics] (ForkJoinPool.commonPool-worker-1) Closing reporter org.apache.kafka.common.metrics.JmxReporter
2025-08-13 20:14:49,628 INFO  [org.apa.kaf.com.met.Metrics] (ForkJoinPool.commonPool-worker-1) Closing reporter org.apache.kafka.common.telemetry.internals.ClientTelemetryReporter
2025-08-13 20:14:49,628 INFO  [org.apa.kaf.com.met.Metrics] (ForkJoinPool.commonPool-worker-1) Metrics reporters closed
2025-08-13 20:14:49,630 INFO  [org.apa.kaf.com.uti.AppInfoParser] (ForkJoinPool.commonPool-worker-1) App info kafka.consumer for consumer-Consumer-topic-bb8ddc0e_9a27_4adc_a300_a07268670c52-6 unregistered
2025-08-13 20:14:49,631 INFO  [io.api.tes.uti.TestSeparator] (main) io.apicurio.tests.serdes.apicurio.AvroSerdeIT.testReflectAutoRegister-FINISHED
2025-08-13 20:14:49,631 INFO  [io.api.tes.uti.TestSeparator] (main) ############################################################################
Test passed: testReflectAutoRegister
]]></system-out>
  </testcase>
  <testcase name="testArtifactNotFound" classname="io.apicurio.tests.serdes.apicurio.AvroSerdeIT" time="0.217">
    <system-out><![CDATA[2025-08-13 20:14:49,632 INFO  [io.api.tes.uti.TestSeparator] (main) ############################################################################
2025-08-13 20:14:49,632 INFO  [io.api.tes.uti.TestSeparator] (main) io.apicurio.tests.serdes.apicurio.AvroSerdeIT.testArtifactNotFound-STARTED
**** Registry Base URL: http://registry-app-inmemory.apps.ci419.apicurio-testing.org:80
2025-08-13 20:14:49,634 INFO  [org.apa.kaf.cli.pro.ProducerConfig] (main) ProducerConfig values: 
	acks = -1
	auto.include.jmx.reporter = true
	batch.size = 16384
	bootstrap.servers = [PLAINTEXT://localhost:32769]
	buffer.memory = 33554432
	client.dns.lookup = use_all_dns_ips
	client.id = Producer-sa6a6a80cxafd4x4172xa7caxd3d0a755eb49
	compression.gzip.level = -1
	compression.lz4.level = 9
	compression.type = none
	compression.zstd.level = 3
	connections.max.idle.ms = 10000
	delivery.timeout.ms = 120000
	enable.idempotence = true
	enable.metrics.push = true
	interceptor.classes = []
	key.serializer = class org.apache.kafka.common.serialization.StringSerializer
	linger.ms = 0
	max.block.ms = 60000
	max.in.flight.requests.per.connection = 5
	max.request.size = 1048576
	metadata.max.age.ms = 300000
	metadata.max.idle.ms = 300000
	metadata.recovery.strategy = none
	metric.reporters = []
	metrics.num.samples = 2
	metrics.recording.level = INFO
	metrics.sample.window.ms = 30000
	partitioner.adaptive.partitioning.enable = true
	partitioner.availability.timeout.ms = 0
	partitioner.class = null
	partitioner.ignore.keys = false
	receive.buffer.bytes = 32768
	reconnect.backoff.max.ms = 1000
	reconnect.backoff.ms = 50
	request.timeout.ms = 5000
	retries = 2147483647
	retry.backoff.max.ms = 1000
	retry.backoff.ms = 100
	sasl.client.callback.handler.class = null
	sasl.jaas.config = null
	sasl.kerberos.kinit.cmd = /usr/bin/kinit
	sasl.kerberos.min.time.before.relogin = 60000
	sasl.kerberos.service.name = null
	sasl.kerberos.ticket.renew.jitter = 0.05
	sasl.kerberos.ticket.renew.window.factor = 0.8
	sasl.login.callback.handler.class = null
	sasl.login.class = null
	sasl.login.connect.timeout.ms = null
	sasl.login.read.timeout.ms = null
	sasl.login.refresh.buffer.seconds = 300
	sasl.login.refresh.min.period.seconds = 60
	sasl.login.refresh.window.factor = 0.8
	sasl.login.refresh.window.jitter = 0.05
	sasl.login.retry.backoff.max.ms = 10000
	sasl.login.retry.backoff.ms = 100
	sasl.mechanism = GSSAPI
	sasl.oauthbearer.clock.skew.seconds = 30
	sasl.oauthbearer.expected.audience = null
	sasl.oauthbearer.expected.issuer = null
	sasl.oauthbearer.header.urlencode = false
	sasl.oauthbearer.jwks.endpoint.refresh.ms = 3600000
	sasl.oauthbearer.jwks.endpoint.retry.backoff.max.ms = 10000
	sasl.oauthbearer.jwks.endpoint.retry.backoff.ms = 100
	sasl.oauthbearer.jwks.endpoint.url = null
	sasl.oauthbearer.scope.claim.name = scope
	sasl.oauthbearer.sub.claim.name = sub
	sasl.oauthbearer.token.endpoint.url = null
	security.protocol = PLAINTEXT
	security.providers = null
	send.buffer.bytes = 131072
	socket.connection.setup.timeout.max.ms = 30000
	socket.connection.setup.timeout.ms = 10000
	ssl.cipher.suites = null
	ssl.enabled.protocols = [TLSv1.2, TLSv1.3]
	ssl.endpoint.identification.algorithm = https
	ssl.engine.factory.class = null
	ssl.key.password = null
	ssl.keymanager.algorithm = SunX509
	ssl.keystore.certificate.chain = null
	ssl.keystore.key = null
	ssl.keystore.location = null
	ssl.keystore.password = null
	ssl.keystore.type = JKS
	ssl.protocol = TLSv1.3
	ssl.provider = null
	ssl.secure.random.implementation = null
	ssl.trustmanager.algorithm = PKIX
	ssl.truststore.certificates = null
	ssl.truststore.location = null
	ssl.truststore.password = null
	ssl.truststore.type = JKS
	transaction.timeout.ms = 60000
	transactional.id = null
	value.serializer = class io.apicurio.registry.serde.avro.AvroKafkaSerializer

2025-08-13 20:14:49,634 INFO  [org.apa.kaf.com.tel.int.KafkaMetricsCollector] (main) initializing Kafka metrics collector
2025-08-13 20:14:49,637 INFO  [org.apa.kaf.cli.pro.KafkaProducer] (main) [Producer clientId=Producer-sa6a6a80cxafd4x4172xa7caxd3d0a755eb49] Instantiated an idempotent producer.
2025-08-13 20:14:49,639 INFO  [org.apa.kaf.cli.pro.ProducerConfig] (main) These configurations '[apicurio.registry.url, apicurio.registry.artifact-resolver-strategy]' were supplied but are not used yet.
2025-08-13 20:14:49,639 INFO  [org.apa.kaf.com.uti.AppInfoParser] (main) Kafka version: 3.9.1
2025-08-13 20:14:49,640 INFO  [org.apa.kaf.com.uti.AppInfoParser] (main) Kafka commitId: f745dfdcee2b9851
2025-08-13 20:14:49,640 INFO  [org.apa.kaf.com.uti.AppInfoParser] (main) Kafka startTimeMs: 1755116089639
2025-08-13 20:14:49,640 INFO  [io.api.tes.ser.api.KafkaSerdesTester] (ForkJoinPool.commonPool-worker-1) Sending message {"keyB": "value-0"} to topic sa6a6a80cxafd4x4172xa7caxd3d0a755eb49
2025-08-13 20:14:49,644 WARN  [org.apa.kaf.cli.NetworkClient] (kafka-producer-network-thread | Producer-sa6a6a80cxafd4x4172xa7caxd3d0a755eb49) [Producer clientId=Producer-sa6a6a80cxafd4x4172xa7caxd3d0a755eb49] The metadata response from the cluster reported a recoverable issue with correlation id 1 : {sa6a6a80cxafd4x4172xa7caxd3d0a755eb49=UNKNOWN_TOPIC_OR_PARTITION}
2025-08-13 20:14:49,644 INFO  [org.apa.kaf.cli.Metadata] (kafka-producer-network-thread | Producer-sa6a6a80cxafd4x4172xa7caxd3d0a755eb49) [Producer clientId=Producer-sa6a6a80cxafd4x4172xa7caxd3d0a755eb49] Cluster ID: deU1wVjgTqiYBiPhrFjcdg
2025-08-13 20:14:49,644 INFO  [org.apa.kaf.cli.pro.int.TransactionManager] (kafka-producer-network-thread | Producer-sa6a6a80cxafd4x4172xa7caxd3d0a755eb49) [Producer clientId=Producer-sa6a6a80cxafd4x4172xa7caxd3d0a755eb49] ProducerId set to 7 with epoch 0
2025-08-13 20:14:49,764 INFO  [DefaultSchemaResolver] (ForkJoinPool.commonPool-worker-1) Retrieving schema content using string: {"type":"record","name":"myrecord","namespace":"mygroup","fields":[{"name":"keyB","type":"string"}]}
2025-08-13 20:14:49,847 INFO  [org.apa.kaf.cli.pro.KafkaProducer] (ForkJoinPool.commonPool-worker-1) [Producer clientId=Producer-sa6a6a80cxafd4x4172xa7caxd3d0a755eb49] Closing the Kafka producer with timeoutMillis = 9223372036854775807 ms.
2025-08-13 20:14:49,848 INFO  [org.apa.kaf.com.met.Metrics] (ForkJoinPool.commonPool-worker-1) Metrics scheduler closed
2025-08-13 20:14:49,848 INFO  [org.apa.kaf.com.met.Metrics] (ForkJoinPool.commonPool-worker-1) Closing reporter org.apache.kafka.common.metrics.JmxReporter
2025-08-13 20:14:49,848 INFO  [org.apa.kaf.com.met.Metrics] (ForkJoinPool.commonPool-worker-1) Closing reporter org.apache.kafka.common.telemetry.internals.ClientTelemetryReporter
2025-08-13 20:14:49,848 INFO  [org.apa.kaf.com.met.Metrics] (ForkJoinPool.commonPool-worker-1) Metrics reporters closed
2025-08-13 20:14:49,849 INFO  [org.apa.kaf.com.uti.AppInfoParser] (ForkJoinPool.commonPool-worker-1) App info kafka.producer for Producer-sa6a6a80cxafd4x4172xa7caxd3d0a755eb49 unregistered
2025-08-13 20:14:49,849 INFO  [io.api.tes.uti.TestSeparator] (main) io.apicurio.tests.serdes.apicurio.AvroSerdeIT.testArtifactNotFound-FINISHED
2025-08-13 20:14:49,849 INFO  [io.api.tes.uti.TestSeparator] (main) ############################################################################
Test passed: testArtifactNotFound
]]></system-out>
    <system-err><![CDATA[java.lang.RuntimeException: Could not resolve artifact reference by content: {"type":"record","name":"myrecord","namespace":"mygroup","fields":[{"name":"keyB","type":"string"}]}&ArtifactReference [groupId=default, artifactId=sa6a6a80cxafd4x4172xa7caxd3d0a755eb49-value, version=null, globalId=null, contentId=null, contentHash=null]
	at io.apicurio.registry.resolver.DefaultSchemaResolver.lambda$handleResolveSchemaByContent$3(DefaultSchemaResolver.java:265)
	at io.apicurio.registry.resolver.cache.ERCache.lambda$getValue$0(ERCache.java:174)
	at io.apicurio.registry.resolver.cache.ERCache.retry(ERCache.java:227)
	at io.apicurio.registry.resolver.cache.ERCache.getValue(ERCache.java:173)
	at io.apicurio.registry.resolver.cache.ERCache.getByContent(ERCache.java:147)
	at io.apicurio.registry.resolver.DefaultSchemaResolver.handleResolveSchemaByContent(DefaultSchemaResolver.java:253)
	at io.apicurio.registry.resolver.DefaultSchemaResolver.getSchemaFromRegistry(DefaultSchemaResolver.java:138)
	at io.apicurio.registry.resolver.DefaultSchemaResolver.lambda$resolveSchema$0(DefaultSchemaResolver.java:84)
	at java.base/java.util.Optional.orElseGet(Optional.java:364)
	at io.apicurio.registry.resolver.DefaultSchemaResolver.resolveSchema(DefaultSchemaResolver.java:84)
	at io.apicurio.registry.serde.AbstractSerializer.serializeData(AbstractSerializer.java:62)
	at io.apicurio.registry.serde.KafkaSerializer.serialize(KafkaSerializer.java:77)
	at org.apache.kafka.clients.producer.KafkaProducer.doSend(KafkaProducer.java:1046)
	at org.apache.kafka.clients.producer.KafkaProducer.send(KafkaProducer.java:993)
	at org.apache.kafka.clients.producer.KafkaProducer.send(KafkaProducer.java:875)
	at io.apicurio.tests.serdes.apicurio.KafkaSerdesTester.lambda$produceMessages$3(KafkaSerdesTester.java:138)
	at java.base/java.util.concurrent.CompletableFuture$AsyncSupply.run(CompletableFuture.java:1768)
	at java.base/java.util.concurrent.CompletableFuture$AsyncSupply.exec(CompletableFuture.java:1760)
	at java.base/java.util.concurrent.ForkJoinTask.doExec(ForkJoinTask.java:373)
	at java.base/java.util.concurrent.ForkJoinPool$WorkQueue.topLevelExec(ForkJoinPool.java:1182)
	at java.base/java.util.concurrent.ForkJoinPool.scan(ForkJoinPool.java:1655)
	at java.base/java.util.concurrent.ForkJoinPool.runWorker(ForkJoinPool.java:1622)
	at java.base/java.util.concurrent.ForkJoinWorkerThread.run(ForkJoinWorkerThread.java:165)
]]></system-err>
  </testcase>
  <testcase name="testAvroSerDesFailDifferentSchemaByRecordName" classname="io.apicurio.tests.serdes.apicurio.AvroSerdeIT" time="1.125">
    <system-out><![CDATA[2025-08-13 20:14:49,851 INFO  [io.api.tes.uti.TestSeparator] (main) ############################################################################
2025-08-13 20:14:49,851 INFO  [io.api.tes.uti.TestSeparator] (main) io.apicurio.tests.serdes.apicurio.AvroSerdeIT.testAvroSerDesFailDifferentSchemaByRecordName-STARTED
**** Registry Base URL: http://registry-app-inmemory.apps.ci419.apicurio-testing.org:80
2025-08-13 20:14:50,910 INFO  [org.apa.kaf.cli.pro.ProducerConfig] (main) ProducerConfig values: 
	acks = -1
	auto.include.jmx.reporter = true
	batch.size = 16384
	bootstrap.servers = [PLAINTEXT://localhost:32769]
	buffer.memory = 33554432
	client.dns.lookup = use_all_dns_ips
	client.id = Producer-topic-95cf530b_414a_45ea_91ee_bdb0820f7663
	compression.gzip.level = -1
	compression.lz4.level = 9
	compression.type = none
	compression.zstd.level = 3
	connections.max.idle.ms = 10000
	delivery.timeout.ms = 120000
	enable.idempotence = true
	enable.metrics.push = true
	interceptor.classes = []
	key.serializer = class org.apache.kafka.common.serialization.StringSerializer
	linger.ms = 0
	max.block.ms = 60000
	max.in.flight.requests.per.connection = 5
	max.request.size = 1048576
	metadata.max.age.ms = 300000
	metadata.max.idle.ms = 300000
	metadata.recovery.strategy = none
	metric.reporters = []
	metrics.num.samples = 2
	metrics.recording.level = INFO
	metrics.sample.window.ms = 30000
	partitioner.adaptive.partitioning.enable = true
	partitioner.availability.timeout.ms = 0
	partitioner.class = null
	partitioner.ignore.keys = false
	receive.buffer.bytes = 32768
	reconnect.backoff.max.ms = 1000
	reconnect.backoff.ms = 50
	request.timeout.ms = 5000
	retries = 2147483647
	retry.backoff.max.ms = 1000
	retry.backoff.ms = 100
	sasl.client.callback.handler.class = null
	sasl.jaas.config = null
	sasl.kerberos.kinit.cmd = /usr/bin/kinit
	sasl.kerberos.min.time.before.relogin = 60000
	sasl.kerberos.service.name = null
	sasl.kerberos.ticket.renew.jitter = 0.05
	sasl.kerberos.ticket.renew.window.factor = 0.8
	sasl.login.callback.handler.class = null
	sasl.login.class = null
	sasl.login.connect.timeout.ms = null
	sasl.login.read.timeout.ms = null
	sasl.login.refresh.buffer.seconds = 300
	sasl.login.refresh.min.period.seconds = 60
	sasl.login.refresh.window.factor = 0.8
	sasl.login.refresh.window.jitter = 0.05
	sasl.login.retry.backoff.max.ms = 10000
	sasl.login.retry.backoff.ms = 100
	sasl.mechanism = GSSAPI
	sasl.oauthbearer.clock.skew.seconds = 30
	sasl.oauthbearer.expected.audience = null
	sasl.oauthbearer.expected.issuer = null
	sasl.oauthbearer.header.urlencode = false
	sasl.oauthbearer.jwks.endpoint.refresh.ms = 3600000
	sasl.oauthbearer.jwks.endpoint.retry.backoff.max.ms = 10000
	sasl.oauthbearer.jwks.endpoint.retry.backoff.ms = 100
	sasl.oauthbearer.jwks.endpoint.url = null
	sasl.oauthbearer.scope.claim.name = scope
	sasl.oauthbearer.sub.claim.name = sub
	sasl.oauthbearer.token.endpoint.url = null
	security.protocol = PLAINTEXT
	security.providers = null
	send.buffer.bytes = 131072
	socket.connection.setup.timeout.max.ms = 30000
	socket.connection.setup.timeout.ms = 10000
	ssl.cipher.suites = null
	ssl.enabled.protocols = [TLSv1.2, TLSv1.3]
	ssl.endpoint.identification.algorithm = https
	ssl.engine.factory.class = null
	ssl.key.password = null
	ssl.keymanager.algorithm = SunX509
	ssl.keystore.certificate.chain = null
	ssl.keystore.key = null
	ssl.keystore.location = null
	ssl.keystore.password = null
	ssl.keystore.type = JKS
	ssl.protocol = TLSv1.3
	ssl.provider = null
	ssl.secure.random.implementation = null
	ssl.trustmanager.algorithm = PKIX
	ssl.truststore.certificates = null
	ssl.truststore.location = null
	ssl.truststore.password = null
	ssl.truststore.type = JKS
	transaction.timeout.ms = 60000
	transactional.id = null
	value.serializer = class io.apicurio.registry.serde.avro.AvroKafkaSerializer

2025-08-13 20:14:50,911 INFO  [org.apa.kaf.com.tel.int.KafkaMetricsCollector] (main) initializing Kafka metrics collector
2025-08-13 20:14:50,914 INFO  [org.apa.kaf.cli.pro.KafkaProducer] (main) [Producer clientId=Producer-topic-95cf530b_414a_45ea_91ee_bdb0820f7663] Instantiated an idempotent producer.
2025-08-13 20:14:50,916 INFO  [org.apa.kaf.cli.pro.ProducerConfig] (main) These configurations '[apicurio.registry.find-latest, apicurio.registry.url, apicurio.registry.artifact-resolver-strategy]' were supplied but are not used yet.
2025-08-13 20:14:50,916 INFO  [org.apa.kaf.com.uti.AppInfoParser] (main) Kafka version: 3.9.1
2025-08-13 20:14:50,916 INFO  [org.apa.kaf.com.uti.AppInfoParser] (main) Kafka commitId: f745dfdcee2b9851
2025-08-13 20:14:50,916 INFO  [org.apa.kaf.com.uti.AppInfoParser] (main) Kafka startTimeMs: 1755116090916
2025-08-13 20:14:50,917 INFO  [io.api.tes.ser.api.KafkaSerdesTester] (ForkJoinPool.commonPool-worker-1) Sending message {"keyB": "value-0"} to topic topic-95cf530b_414a_45ea_91ee_bdb0820f7663
2025-08-13 20:14:50,921 INFO  [org.apa.kaf.cli.Metadata] (kafka-producer-network-thread | Producer-topic-95cf530b_414a_45ea_91ee_bdb0820f7663) [Producer clientId=Producer-topic-95cf530b_414a_45ea_91ee_bdb0820f7663] Cluster ID: deU1wVjgTqiYBiPhrFjcdg
2025-08-13 20:14:50,921 INFO  [org.apa.kaf.cli.pro.int.TransactionManager] (kafka-producer-network-thread | Producer-topic-95cf530b_414a_45ea_91ee_bdb0820f7663) [Producer clientId=Producer-topic-95cf530b_414a_45ea_91ee_bdb0820f7663] ProducerId set to 8 with epoch 0
2025-08-13 20:14:50,973 INFO  [org.apa.kaf.cli.pro.KafkaProducer] (ForkJoinPool.commonPool-worker-1) [Producer clientId=Producer-topic-95cf530b_414a_45ea_91ee_bdb0820f7663] Closing the Kafka producer with timeoutMillis = 9223372036854775807 ms.
2025-08-13 20:14:50,974 INFO  [org.apa.kaf.com.met.Metrics] (ForkJoinPool.commonPool-worker-1) Metrics scheduler closed
2025-08-13 20:14:50,974 INFO  [org.apa.kaf.com.met.Metrics] (ForkJoinPool.commonPool-worker-1) Closing reporter org.apache.kafka.common.metrics.JmxReporter
2025-08-13 20:14:50,974 INFO  [org.apa.kaf.com.met.Metrics] (ForkJoinPool.commonPool-worker-1) Closing reporter org.apache.kafka.common.telemetry.internals.ClientTelemetryReporter
2025-08-13 20:14:50,974 INFO  [org.apa.kaf.com.met.Metrics] (ForkJoinPool.commonPool-worker-1) Metrics reporters closed
2025-08-13 20:14:50,975 INFO  [org.apa.kaf.com.uti.AppInfoParser] (ForkJoinPool.commonPool-worker-1) App info kafka.producer for Producer-topic-95cf530b_414a_45ea_91ee_bdb0820f7663 unregistered
2025-08-13 20:14:50,975 INFO  [io.api.tes.uti.TestSeparator] (main) io.apicurio.tests.serdes.apicurio.AvroSerdeIT.testAvroSerDesFailDifferentSchemaByRecordName-FINISHED
2025-08-13 20:14:50,975 INFO  [io.api.tes.uti.TestSeparator] (main) ############################################################################
Test passed: testAvroSerDesFailDifferentSchemaByRecordName
]]></system-out>
    <system-err><![CDATA[io.apicurio.registry.rest.client.models.ProblemDetails
	at io.apicurio.registry.rest.client.models.ProblemDetails.createFromDiscriminatorValue(ProblemDetails.java:58)
	at io.kiota.serialization.json.JsonParseNode.getObjectValue(JsonParseNode.java:247)
	at io.kiota.http.vertx.VertXRequestAdapter.lambda$throwIfFailedResponse$0(VertXRequestAdapter.java:400)
	at com.microsoft.kiota.ApiExceptionBuilder.<init>(ApiExceptionBuilder.java:26)
	at io.kiota.http.vertx.VertXRequestAdapter.throwIfFailedResponse(VertXRequestAdapter.java:399)
	at io.kiota.http.vertx.VertXRequestAdapter.send(VertXRequestAdapter.java:170)
	at io.apicurio.registry.rest.client.groups.item.artifacts.item.versions.item.WithVersionExpressionItemRequestBuilder.get(WithVersionExpressionItemRequestBuilder.java:128)
	at io.apicurio.registry.rest.client.groups.item.artifacts.item.versions.item.WithVersionExpressionItemRequestBuilder.get(WithVersionExpressionItemRequestBuilder.java:111)
	at io.apicurio.registry.resolver.client.RegistryClientFacadeImpl.getVersionCoordinatesByGAV(RegistryClientFacadeImpl.java:159)
	at io.apicurio.registry.resolver.DefaultSchemaResolver.resolveByCoordinates(DefaultSchemaResolver.java:352)
	at io.apicurio.registry.resolver.DefaultSchemaResolver.lambda$resolveSchemaByArtifactReferenceCached$6(DefaultSchemaResolver.java:340)
	at io.apicurio.registry.resolver.cache.ERCache.lambda$getValue$0(ERCache.java:174)
	at io.apicurio.registry.resolver.cache.ERCache.retry(ERCache.java:227)
	at io.apicurio.registry.resolver.cache.ERCache.getValue(ERCache.java:173)
	at io.apicurio.registry.resolver.cache.ERCache.getByArtifactCoordinates(ERCache.java:158)
	at io.apicurio.registry.resolver.DefaultSchemaResolver.resolveSchemaByArtifactReferenceCached(DefaultSchemaResolver.java:338)
	at io.apicurio.registry.resolver.DefaultSchemaResolver.resolveSchemaByCoordinates(DefaultSchemaResolver.java:193)
	at io.apicurio.registry.resolver.DefaultSchemaResolver.getSchemaFromRegistry(DefaultSchemaResolver.java:130)
	at io.apicurio.registry.resolver.DefaultSchemaResolver.lambda$resolveSchema$0(DefaultSchemaResolver.java:84)
	at java.base/java.util.Optional.orElseGet(Optional.java:364)
	at io.apicurio.registry.resolver.DefaultSchemaResolver.resolveSchema(DefaultSchemaResolver.java:84)
	at io.apicurio.registry.serde.AbstractSerializer.serializeData(AbstractSerializer.java:62)
	at io.apicurio.registry.serde.KafkaSerializer.serialize(KafkaSerializer.java:77)
	at org.apache.kafka.clients.producer.KafkaProducer.doSend(KafkaProducer.java:1046)
	at org.apache.kafka.clients.producer.KafkaProducer.send(KafkaProducer.java:993)
	at org.apache.kafka.clients.producer.KafkaProducer.send(KafkaProducer.java:875)
	at io.apicurio.tests.serdes.apicurio.KafkaSerdesTester.lambda$produceMessages$3(KafkaSerdesTester.java:138)
	at java.base/java.util.concurrent.CompletableFuture$AsyncSupply.run(CompletableFuture.java:1768)
	at java.base/java.util.concurrent.CompletableFuture$AsyncSupply.exec(CompletableFuture.java:1760)
	at java.base/java.util.concurrent.ForkJoinTask.doExec(ForkJoinTask.java:373)
	at java.base/java.util.concurrent.ForkJoinPool$WorkQueue.topLevelExec(ForkJoinPool.java:1182)
	at java.base/java.util.concurrent.ForkJoinPool.scan(ForkJoinPool.java:1655)
	at java.base/java.util.concurrent.ForkJoinPool.runWorker(ForkJoinPool.java:1622)
	at java.base/java.util.concurrent.ForkJoinWorkerThread.run(ForkJoinWorkerThread.java:165)
]]></system-err>
  </testcase>
  <testcase name="testTopicIdStrategyFindLatest" classname="io.apicurio.tests.serdes.apicurio.AvroSerdeIT" time="4.798">
    <system-out><![CDATA[2025-08-13 20:14:50,977 INFO  [io.api.tes.uti.TestSeparator] (main) ############################################################################
2025-08-13 20:14:50,977 INFO  [io.api.tes.uti.TestSeparator] (main) io.apicurio.tests.serdes.apicurio.AvroSerdeIT.testTopicIdStrategyFindLatest-STARTED
2025-08-13 20:14:50,977 INFO  [io.api.tes.ser.api.AvroSerdeIT] (main) Registering Avro Schema: {"type":"record","name":"myrecordapicurio1","fields":[{"name":"key11755116090977","type":"string"}]}
**** Registry Base URL: http://registry-app-inmemory.apps.ci419.apicurio-testing.org:80
2025-08-13 20:14:52,034 INFO  [org.apa.kaf.cli.pro.ProducerConfig] (main) ProducerConfig values: 
	acks = -1
	auto.include.jmx.reporter = true
	batch.size = 16384
	bootstrap.servers = [PLAINTEXT://localhost:32769]
	buffer.memory = 33554432
	client.dns.lookup = use_all_dns_ips
	client.id = Producer-topic-9d2898eb_bef3_498f_b6c6_1239670e7e2a
	compression.gzip.level = -1
	compression.lz4.level = 9
	compression.type = none
	compression.zstd.level = 3
	connections.max.idle.ms = 10000
	delivery.timeout.ms = 120000
	enable.idempotence = true
	enable.metrics.push = true
	interceptor.classes = []
	key.serializer = class org.apache.kafka.common.serialization.StringSerializer
	linger.ms = 0
	max.block.ms = 60000
	max.in.flight.requests.per.connection = 5
	max.request.size = 1048576
	metadata.max.age.ms = 300000
	metadata.max.idle.ms = 300000
	metadata.recovery.strategy = none
	metric.reporters = []
	metrics.num.samples = 2
	metrics.recording.level = INFO
	metrics.sample.window.ms = 30000
	partitioner.adaptive.partitioning.enable = true
	partitioner.availability.timeout.ms = 0
	partitioner.class = null
	partitioner.ignore.keys = false
	receive.buffer.bytes = 32768
	reconnect.backoff.max.ms = 1000
	reconnect.backoff.ms = 50
	request.timeout.ms = 5000
	retries = 2147483647
	retry.backoff.max.ms = 1000
	retry.backoff.ms = 100
	sasl.client.callback.handler.class = null
	sasl.jaas.config = null
	sasl.kerberos.kinit.cmd = /usr/bin/kinit
	sasl.kerberos.min.time.before.relogin = 60000
	sasl.kerberos.service.name = null
	sasl.kerberos.ticket.renew.jitter = 0.05
	sasl.kerberos.ticket.renew.window.factor = 0.8
	sasl.login.callback.handler.class = null
	sasl.login.class = null
	sasl.login.connect.timeout.ms = null
	sasl.login.read.timeout.ms = null
	sasl.login.refresh.buffer.seconds = 300
	sasl.login.refresh.min.period.seconds = 60
	sasl.login.refresh.window.factor = 0.8
	sasl.login.refresh.window.jitter = 0.05
	sasl.login.retry.backoff.max.ms = 10000
	sasl.login.retry.backoff.ms = 100
	sasl.mechanism = GSSAPI
	sasl.oauthbearer.clock.skew.seconds = 30
	sasl.oauthbearer.expected.audience = null
	sasl.oauthbearer.expected.issuer = null
	sasl.oauthbearer.header.urlencode = false
	sasl.oauthbearer.jwks.endpoint.refresh.ms = 3600000
	sasl.oauthbearer.jwks.endpoint.retry.backoff.max.ms = 10000
	sasl.oauthbearer.jwks.endpoint.retry.backoff.ms = 100
	sasl.oauthbearer.jwks.endpoint.url = null
	sasl.oauthbearer.scope.claim.name = scope
	sasl.oauthbearer.sub.claim.name = sub
	sasl.oauthbearer.token.endpoint.url = null
	security.protocol = PLAINTEXT
	security.providers = null
	send.buffer.bytes = 131072
	socket.connection.setup.timeout.max.ms = 30000
	socket.connection.setup.timeout.ms = 10000
	ssl.cipher.suites = null
	ssl.enabled.protocols = [TLSv1.2, TLSv1.3]
	ssl.endpoint.identification.algorithm = https
	ssl.engine.factory.class = null
	ssl.key.password = null
	ssl.keymanager.algorithm = SunX509
	ssl.keystore.certificate.chain = null
	ssl.keystore.key = null
	ssl.keystore.location = null
	ssl.keystore.password = null
	ssl.keystore.type = JKS
	ssl.protocol = TLSv1.3
	ssl.provider = null
	ssl.secure.random.implementation = null
	ssl.trustmanager.algorithm = PKIX
	ssl.truststore.certificates = null
	ssl.truststore.location = null
	ssl.truststore.password = null
	ssl.truststore.type = JKS
	transaction.timeout.ms = 60000
	transactional.id = null
	value.serializer = class io.apicurio.registry.serde.avro.AvroKafkaSerializer

2025-08-13 20:14:52,035 INFO  [org.apa.kaf.com.tel.int.KafkaMetricsCollector] (main) initializing Kafka metrics collector
2025-08-13 20:14:52,037 INFO  [org.apa.kaf.cli.pro.KafkaProducer] (main) [Producer clientId=Producer-topic-9d2898eb_bef3_498f_b6c6_1239670e7e2a] Instantiated an idempotent producer.
2025-08-13 20:14:52,039 INFO  [org.apa.kaf.cli.pro.ProducerConfig] (main) These configurations '[apicurio.registry.find-latest, apicurio.registry.url, apicurio.registry.artifact-resolver-strategy]' were supplied but are not used yet.
2025-08-13 20:14:52,039 INFO  [org.apa.kaf.com.uti.AppInfoParser] (main) Kafka version: 3.9.1
2025-08-13 20:14:52,039 INFO  [org.apa.kaf.com.uti.AppInfoParser] (main) Kafka commitId: f745dfdcee2b9851
2025-08-13 20:14:52,039 INFO  [org.apa.kaf.com.uti.AppInfoParser] (main) Kafka startTimeMs: 1755116092039
2025-08-13 20:14:52,039 INFO  [io.api.tes.ser.api.SimpleSerdesTesterBuilder$SimpleSerdesTester] (main) Using producer configuration: {apicurio.registry.find-latest=true, apicurio.registry.url=http://registry-app-inmemory.apps.ci419.apicurio-testing.org:80/apis/registry/v3, apicurio.registry.artifact-resolver-strategy=io.apicurio.registry.serde.strategy.TopicIdStrategy, value.serializer=io.apicurio.registry.serde.avro.AvroKafkaSerializer, request.timeout.ms=5000, acks=all, bootstrap.servers=PLAINTEXT://localhost:32769, connections.max.idle.ms=10000, key.serializer=org.apache.kafka.common.serialization.StringSerializer, client.id=Producer-topic-9d2898eb_bef3_498f_b6c6_1239670e7e2a}
2025-08-13 20:14:52,039 INFO  [io.api.tes.ser.api.SimpleSerdesTesterBuilder$SimpleSerdesTester] (main) Using consumer configuration: {}
2025-08-13 20:14:52,039 INFO  [io.api.tes.ser.api.KafkaSerdesTester] (ForkJoinPool.commonPool-worker-1) Sending message {"key11755116090977": "value-0"} to topic topic-9d2898eb_bef3_498f_b6c6_1239670e7e2a
2025-08-13 20:14:52,043 INFO  [org.apa.kaf.cli.Metadata] (kafka-producer-network-thread | Producer-topic-9d2898eb_bef3_498f_b6c6_1239670e7e2a) [Producer clientId=Producer-topic-9d2898eb_bef3_498f_b6c6_1239670e7e2a] Cluster ID: deU1wVjgTqiYBiPhrFjcdg
2025-08-13 20:14:52,043 INFO  [org.apa.kaf.cli.pro.int.TransactionManager] (kafka-producer-network-thread | Producer-topic-9d2898eb_bef3_498f_b6c6_1239670e7e2a) [Producer clientId=Producer-topic-9d2898eb_bef3_498f_b6c6_1239670e7e2a] ProducerId set to 9 with epoch 0
2025-08-13 20:14:52,147 INFO  [io.api.tes.ser.api.KafkaSerdesTester] (ForkJoinPool.commonPool-worker-1) Sending message {"key11755116090977": "value-1"} to topic topic-9d2898eb_bef3_498f_b6c6_1239670e7e2a
2025-08-13 20:14:52,149 INFO  [io.api.tes.ser.api.KafkaSerdesTester] (ForkJoinPool.commonPool-worker-1) Sending message {"key11755116090977": "value-2"} to topic topic-9d2898eb_bef3_498f_b6c6_1239670e7e2a
2025-08-13 20:14:52,151 INFO  [io.api.tes.ser.api.KafkaSerdesTester] (ForkJoinPool.commonPool-worker-1) Sending message {"key11755116090977": "value-3"} to topic topic-9d2898eb_bef3_498f_b6c6_1239670e7e2a
2025-08-13 20:14:52,153 INFO  [io.api.tes.ser.api.KafkaSerdesTester] (ForkJoinPool.commonPool-worker-1) Sending message {"key11755116090977": "value-4"} to topic topic-9d2898eb_bef3_498f_b6c6_1239670e7e2a
2025-08-13 20:14:52,154 INFO  [io.api.tes.ser.api.KafkaSerdesTester] (ForkJoinPool.commonPool-worker-1) Sending message {"key11755116090977": "value-5"} to topic topic-9d2898eb_bef3_498f_b6c6_1239670e7e2a
2025-08-13 20:14:52,156 INFO  [io.api.tes.ser.api.KafkaSerdesTester] (ForkJoinPool.commonPool-worker-1) Sending message {"key11755116090977": "value-6"} to topic topic-9d2898eb_bef3_498f_b6c6_1239670e7e2a
2025-08-13 20:14:52,157 INFO  [io.api.tes.ser.api.KafkaSerdesTester] (ForkJoinPool.commonPool-worker-1) Sending message {"key11755116090977": "value-7"} to topic topic-9d2898eb_bef3_498f_b6c6_1239670e7e2a
2025-08-13 20:14:52,159 INFO  [io.api.tes.ser.api.KafkaSerdesTester] (ForkJoinPool.commonPool-worker-1) Sending message {"key11755116090977": "value-8"} to topic topic-9d2898eb_bef3_498f_b6c6_1239670e7e2a
2025-08-13 20:14:52,161 INFO  [io.api.tes.ser.api.KafkaSerdesTester] (ForkJoinPool.commonPool-worker-1) Sending message {"key11755116090977": "value-9"} to topic topic-9d2898eb_bef3_498f_b6c6_1239670e7e2a
2025-08-13 20:14:52,162 INFO  [io.api.tes.ser.api.KafkaSerdesTester] (ForkJoinPool.commonPool-worker-1) Produced 10 messages
2025-08-13 20:14:52,162 INFO  [org.apa.kaf.cli.pro.KafkaProducer] (ForkJoinPool.commonPool-worker-1) [Producer clientId=Producer-topic-9d2898eb_bef3_498f_b6c6_1239670e7e2a] Closing the Kafka producer with timeoutMillis = 9223372036854775807 ms.
2025-08-13 20:14:52,164 INFO  [org.apa.kaf.com.met.Metrics] (ForkJoinPool.commonPool-worker-1) Metrics scheduler closed
2025-08-13 20:14:52,164 INFO  [org.apa.kaf.com.met.Metrics] (ForkJoinPool.commonPool-worker-1) Closing reporter org.apache.kafka.common.metrics.JmxReporter
2025-08-13 20:14:52,164 INFO  [org.apa.kaf.com.met.Metrics] (ForkJoinPool.commonPool-worker-1) Closing reporter org.apache.kafka.common.telemetry.internals.ClientTelemetryReporter
2025-08-13 20:14:52,164 INFO  [org.apa.kaf.com.met.Metrics] (ForkJoinPool.commonPool-worker-1) Metrics reporters closed
2025-08-13 20:14:52,164 INFO  [org.apa.kaf.com.uti.AppInfoParser] (ForkJoinPool.commonPool-worker-1) App info kafka.producer for Producer-topic-9d2898eb_bef3_498f_b6c6_1239670e7e2a unregistered
**** Registry Base URL: http://registry-app-inmemory.apps.ci419.apicurio-testing.org:80
2025-08-13 20:14:52,165 INFO  [org.apa.kaf.cli.con.ConsumerConfig] (main) ConsumerConfig values: 
	allow.auto.create.topics = true
	auto.commit.interval.ms = 500
	auto.include.jmx.reporter = true
	auto.offset.reset = earliest
	bootstrap.servers = [PLAINTEXT://localhost:32769]
	check.crcs = true
	client.dns.lookup = use_all_dns_ips
	client.id = consumer-Consumer-topic-9d2898eb_bef3_498f_b6c6_1239670e7e2a-7
	client.rack = 
	connections.max.idle.ms = 10000
	default.api.timeout.ms = 60000
	enable.auto.commit = true
	enable.metrics.push = true
	exclude.internal.topics = true
	fetch.max.bytes = 52428800
	fetch.max.wait.ms = 500
	fetch.min.bytes = 1
	group.id = Consumer-topic-9d2898eb_bef3_498f_b6c6_1239670e7e2a
	group.instance.id = null
	group.protocol = classic
	group.remote.assignor = null
	heartbeat.interval.ms = 3000
	interceptor.classes = []
	internal.leave.group.on.close = true
	internal.throw.on.fetch.stable.offset.unsupported = false
	isolation.level = read_uncommitted
	key.deserializer = class org.apache.kafka.common.serialization.StringDeserializer
	max.partition.fetch.bytes = 1048576
	max.poll.interval.ms = 300000
	max.poll.records = 500
	metadata.max.age.ms = 300000
	metadata.recovery.strategy = none
	metric.reporters = []
	metrics.num.samples = 2
	metrics.recording.level = INFO
	metrics.sample.window.ms = 30000
	partition.assignment.strategy = [class org.apache.kafka.clients.consumer.RangeAssignor, class org.apache.kafka.clients.consumer.CooperativeStickyAssignor]
	receive.buffer.bytes = 65536
	reconnect.backoff.max.ms = 1000
	reconnect.backoff.ms = 50
	request.timeout.ms = 5000
	retry.backoff.max.ms = 1000
	retry.backoff.ms = 100
	sasl.client.callback.handler.class = null
	sasl.jaas.config = null
	sasl.kerberos.kinit.cmd = /usr/bin/kinit
	sasl.kerberos.min.time.before.relogin = 60000
	sasl.kerberos.service.name = null
	sasl.kerberos.ticket.renew.jitter = 0.05
	sasl.kerberos.ticket.renew.window.factor = 0.8
	sasl.login.callback.handler.class = null
	sasl.login.class = null
	sasl.login.connect.timeout.ms = null
	sasl.login.read.timeout.ms = null
	sasl.login.refresh.buffer.seconds = 300
	sasl.login.refresh.min.period.seconds = 60
	sasl.login.refresh.window.factor = 0.8
	sasl.login.refresh.window.jitter = 0.05
	sasl.login.retry.backoff.max.ms = 10000
	sasl.login.retry.backoff.ms = 100
	sasl.mechanism = GSSAPI
	sasl.oauthbearer.clock.skew.seconds = 30
	sasl.oauthbearer.expected.audience = null
	sasl.oauthbearer.expected.issuer = null
	sasl.oauthbearer.header.urlencode = false
	sasl.oauthbearer.jwks.endpoint.refresh.ms = 3600000
	sasl.oauthbearer.jwks.endpoint.retry.backoff.max.ms = 10000
	sasl.oauthbearer.jwks.endpoint.retry.backoff.ms = 100
	sasl.oauthbearer.jwks.endpoint.url = null
	sasl.oauthbearer.scope.claim.name = scope
	sasl.oauthbearer.sub.claim.name = sub
	sasl.oauthbearer.token.endpoint.url = null
	security.protocol = PLAINTEXT
	security.providers = null
	send.buffer.bytes = 131072
	session.timeout.ms = 45000
	socket.connection.setup.timeout.max.ms = 30000
	socket.connection.setup.timeout.ms = 10000
	ssl.cipher.suites = null
	ssl.enabled.protocols = [TLSv1.2, TLSv1.3]
	ssl.endpoint.identification.algorithm = https
	ssl.engine.factory.class = null
	ssl.key.password = null
	ssl.keymanager.algorithm = SunX509
	ssl.keystore.certificate.chain = null
	ssl.keystore.key = null
	ssl.keystore.location = null
	ssl.keystore.password = null
	ssl.keystore.type = JKS
	ssl.protocol = TLSv1.3
	ssl.provider = null
	ssl.secure.random.implementation = null
	ssl.trustmanager.algorithm = PKIX
	ssl.truststore.certificates = null
	ssl.truststore.location = null
	ssl.truststore.password = null
	ssl.truststore.type = JKS
	value.deserializer = class io.apicurio.registry.serde.avro.AvroKafkaDeserializer

2025-08-13 20:14:52,165 INFO  [org.apa.kaf.com.tel.int.KafkaMetricsCollector] (main) initializing Kafka metrics collector
2025-08-13 20:14:52,170 INFO  [org.apa.kaf.cli.con.ConsumerConfig] (main) These configurations '[apicurio.registry.url]' were supplied but are not used yet.
2025-08-13 20:14:52,170 INFO  [org.apa.kaf.com.uti.AppInfoParser] (main) Kafka version: 3.9.1
2025-08-13 20:14:52,170 INFO  [org.apa.kaf.com.uti.AppInfoParser] (main) Kafka commitId: f745dfdcee2b9851
2025-08-13 20:14:52,170 INFO  [org.apa.kaf.com.uti.AppInfoParser] (main) Kafka startTimeMs: 1755116092170
2025-08-13 20:14:52,170 INFO  [org.apa.kaf.cli.con.int.ClassicKafkaConsumer] (ForkJoinPool.commonPool-worker-1) [Consumer clientId=consumer-Consumer-topic-9d2898eb_bef3_498f_b6c6_1239670e7e2a-7, groupId=Consumer-topic-9d2898eb_bef3_498f_b6c6_1239670e7e2a] Subscribed to topic(s): topic-9d2898eb_bef3_498f_b6c6_1239670e7e2a
2025-08-13 20:14:52,174 INFO  [org.apa.kaf.cli.Metadata] (ForkJoinPool.commonPool-worker-1) [Consumer clientId=consumer-Consumer-topic-9d2898eb_bef3_498f_b6c6_1239670e7e2a-7, groupId=Consumer-topic-9d2898eb_bef3_498f_b6c6_1239670e7e2a] Cluster ID: deU1wVjgTqiYBiPhrFjcdg
2025-08-13 20:14:52,174 INFO  [org.apa.kaf.cli.con.int.ConsumerCoordinator] (ForkJoinPool.commonPool-worker-1) [Consumer clientId=consumer-Consumer-topic-9d2898eb_bef3_498f_b6c6_1239670e7e2a-7, groupId=Consumer-topic-9d2898eb_bef3_498f_b6c6_1239670e7e2a] Discovered group coordinator localhost:32769 (id: 2147483647 rack: null)
2025-08-13 20:14:52,175 INFO  [org.apa.kaf.cli.con.int.ConsumerCoordinator] (ForkJoinPool.commonPool-worker-1) [Consumer clientId=consumer-Consumer-topic-9d2898eb_bef3_498f_b6c6_1239670e7e2a-7, groupId=Consumer-topic-9d2898eb_bef3_498f_b6c6_1239670e7e2a] (Re-)joining group
2025-08-13 20:14:52,178 INFO  [org.apa.kaf.cli.con.int.ConsumerCoordinator] (ForkJoinPool.commonPool-worker-1) [Consumer clientId=consumer-Consumer-topic-9d2898eb_bef3_498f_b6c6_1239670e7e2a-7, groupId=Consumer-topic-9d2898eb_bef3_498f_b6c6_1239670e7e2a] Request joining group due to: need to re-join with the given member-id: consumer-Consumer-topic-9d2898eb_bef3_498f_b6c6_1239670e7e2a-7-797ce5f6-a019-4dfc-b5f7-feee90eef57d
2025-08-13 20:14:52,178 INFO  [org.apa.kaf.cli.con.int.ConsumerCoordinator] (ForkJoinPool.commonPool-worker-1) [Consumer clientId=consumer-Consumer-topic-9d2898eb_bef3_498f_b6c6_1239670e7e2a-7, groupId=Consumer-topic-9d2898eb_bef3_498f_b6c6_1239670e7e2a] (Re-)joining group
2025-08-13 20:14:53,170 INFO  [io.api.tes.ser.api.KafkaSerdesTester] (ForkJoinPool.commonPool-worker-1) None found
2025-08-13 20:14:54,170 INFO  [io.api.tes.ser.api.KafkaSerdesTester] (ForkJoinPool.commonPool-worker-1) None found
2025-08-13 20:14:55,171 INFO  [io.api.tes.ser.api.KafkaSerdesTester] (ForkJoinPool.commonPool-worker-1) None found
2025-08-13 20:14:55,181 INFO  [org.apa.kaf.cli.con.int.ConsumerCoordinator] (ForkJoinPool.commonPool-worker-1) [Consumer clientId=consumer-Consumer-topic-9d2898eb_bef3_498f_b6c6_1239670e7e2a-7, groupId=Consumer-topic-9d2898eb_bef3_498f_b6c6_1239670e7e2a] Successfully joined group with generation Generation{generationId=1, memberId='consumer-Consumer-topic-9d2898eb_bef3_498f_b6c6_1239670e7e2a-7-797ce5f6-a019-4dfc-b5f7-feee90eef57d', protocol='range'}
2025-08-13 20:14:55,181 INFO  [org.apa.kaf.cli.con.int.ConsumerCoordinator] (ForkJoinPool.commonPool-worker-1) [Consumer clientId=consumer-Consumer-topic-9d2898eb_bef3_498f_b6c6_1239670e7e2a-7, groupId=Consumer-topic-9d2898eb_bef3_498f_b6c6_1239670e7e2a] Finished assignment for group at generation 1: {consumer-Consumer-topic-9d2898eb_bef3_498f_b6c6_1239670e7e2a-7-797ce5f6-a019-4dfc-b5f7-feee90eef57d=Assignment(partitions=[topic-9d2898eb_bef3_498f_b6c6_1239670e7e2a-0])}
2025-08-13 20:14:55,188 INFO  [org.apa.kaf.cli.con.int.ConsumerCoordinator] (ForkJoinPool.commonPool-worker-1) [Consumer clientId=consumer-Consumer-topic-9d2898eb_bef3_498f_b6c6_1239670e7e2a-7, groupId=Consumer-topic-9d2898eb_bef3_498f_b6c6_1239670e7e2a] Successfully synced group in generation Generation{generationId=1, memberId='consumer-Consumer-topic-9d2898eb_bef3_498f_b6c6_1239670e7e2a-7-797ce5f6-a019-4dfc-b5f7-feee90eef57d', protocol='range'}
2025-08-13 20:14:55,188 INFO  [org.apa.kaf.cli.con.int.ConsumerCoordinator] (ForkJoinPool.commonPool-worker-1) [Consumer clientId=consumer-Consumer-topic-9d2898eb_bef3_498f_b6c6_1239670e7e2a-7, groupId=Consumer-topic-9d2898eb_bef3_498f_b6c6_1239670e7e2a] Notifying assignor about the new Assignment(partitions=[topic-9d2898eb_bef3_498f_b6c6_1239670e7e2a-0])
2025-08-13 20:14:55,188 INFO  [org.apa.kaf.cli.con.int.ConsumerRebalanceListenerInvoker] (ForkJoinPool.commonPool-worker-1) [Consumer clientId=consumer-Consumer-topic-9d2898eb_bef3_498f_b6c6_1239670e7e2a-7, groupId=Consumer-topic-9d2898eb_bef3_498f_b6c6_1239670e7e2a] Adding newly assigned partitions: topic-9d2898eb_bef3_498f_b6c6_1239670e7e2a-0
2025-08-13 20:14:55,189 INFO  [org.apa.kaf.cli.con.int.ConsumerCoordinator] (ForkJoinPool.commonPool-worker-1) [Consumer clientId=consumer-Consumer-topic-9d2898eb_bef3_498f_b6c6_1239670e7e2a-7, groupId=Consumer-topic-9d2898eb_bef3_498f_b6c6_1239670e7e2a] Found no committed offset for partition topic-9d2898eb_bef3_498f_b6c6_1239670e7e2a-0
2025-08-13 20:14:55,192 INFO  [org.apa.kaf.cli.con.int.SubscriptionState] (ForkJoinPool.commonPool-worker-1) [Consumer clientId=consumer-Consumer-topic-9d2898eb_bef3_498f_b6c6_1239670e7e2a-7, groupId=Consumer-topic-9d2898eb_bef3_498f_b6c6_1239670e7e2a] Resetting offset for partition topic-9d2898eb_bef3_498f_b6c6_1239670e7e2a-0 to position FetchPosition{offset=0, offsetEpoch=Optional.empty, currentLeader=LeaderAndEpoch{leader=Optional[localhost:32769 (id: 0 rack: null)], epoch=0}}.
2025-08-13 20:14:55,270 INFO  [io.api.tes.ser.api.KafkaSerdesTester] (ForkJoinPool.commonPool-worker-1) topic-9d2898eb_bef3_498f_b6c6_1239670e7e2a 0 0 {"key11755116090977": "value-0"}
2025-08-13 20:14:55,270 INFO  [io.api.tes.ser.api.KafkaSerdesTester] (ForkJoinPool.commonPool-worker-1) topic-9d2898eb_bef3_498f_b6c6_1239670e7e2a 0 1 {"key11755116090977": "value-1"}
2025-08-13 20:14:55,270 INFO  [io.api.tes.ser.api.KafkaSerdesTester] (ForkJoinPool.commonPool-worker-1) topic-9d2898eb_bef3_498f_b6c6_1239670e7e2a 0 2 {"key11755116090977": "value-2"}
2025-08-13 20:14:55,270 INFO  [io.api.tes.ser.api.KafkaSerdesTester] (ForkJoinPool.commonPool-worker-1) topic-9d2898eb_bef3_498f_b6c6_1239670e7e2a 0 3 {"key11755116090977": "value-3"}
2025-08-13 20:14:55,270 INFO  [io.api.tes.ser.api.KafkaSerdesTester] (ForkJoinPool.commonPool-worker-1) topic-9d2898eb_bef3_498f_b6c6_1239670e7e2a 0 4 {"key11755116090977": "value-4"}
2025-08-13 20:14:55,270 INFO  [io.api.tes.ser.api.KafkaSerdesTester] (ForkJoinPool.commonPool-worker-1) topic-9d2898eb_bef3_498f_b6c6_1239670e7e2a 0 5 {"key11755116090977": "value-5"}
2025-08-13 20:14:55,270 INFO  [io.api.tes.ser.api.KafkaSerdesTester] (ForkJoinPool.commonPool-worker-1) topic-9d2898eb_bef3_498f_b6c6_1239670e7e2a 0 6 {"key11755116090977": "value-6"}
2025-08-13 20:14:55,270 INFO  [io.api.tes.ser.api.KafkaSerdesTester] (ForkJoinPool.commonPool-worker-1) topic-9d2898eb_bef3_498f_b6c6_1239670e7e2a 0 7 {"key11755116090977": "value-7"}
2025-08-13 20:14:55,270 INFO  [io.api.tes.ser.api.KafkaSerdesTester] (ForkJoinPool.commonPool-worker-1) topic-9d2898eb_bef3_498f_b6c6_1239670e7e2a 0 8 {"key11755116090977": "value-8"}
2025-08-13 20:14:55,270 INFO  [io.api.tes.ser.api.KafkaSerdesTester] (ForkJoinPool.commonPool-worker-1) topic-9d2898eb_bef3_498f_b6c6_1239670e7e2a 0 9 {"key11755116090977": "value-9"}
2025-08-13 20:14:55,270 INFO  [io.api.tes.ser.api.KafkaSerdesTester] (ForkJoinPool.commonPool-worker-1) Consumed 10 messages
2025-08-13 20:14:55,277 INFO  [org.apa.kaf.cli.con.int.ConsumerRebalanceListenerInvoker] (ForkJoinPool.commonPool-worker-1) [Consumer clientId=consumer-Consumer-topic-9d2898eb_bef3_498f_b6c6_1239670e7e2a-7, groupId=Consumer-topic-9d2898eb_bef3_498f_b6c6_1239670e7e2a] Revoke previously assigned partitions topic-9d2898eb_bef3_498f_b6c6_1239670e7e2a-0
2025-08-13 20:14:55,277 INFO  [org.apa.kaf.cli.con.int.ConsumerCoordinator] (ForkJoinPool.commonPool-worker-1) [Consumer clientId=consumer-Consumer-topic-9d2898eb_bef3_498f_b6c6_1239670e7e2a-7, groupId=Consumer-topic-9d2898eb_bef3_498f_b6c6_1239670e7e2a] Member consumer-Consumer-topic-9d2898eb_bef3_498f_b6c6_1239670e7e2a-7-797ce5f6-a019-4dfc-b5f7-feee90eef57d sending LeaveGroup request to coordinator localhost:32769 (id: 2147483647 rack: null) due to the consumer is being closed
2025-08-13 20:14:55,278 INFO  [org.apa.kaf.cli.con.int.ConsumerCoordinator] (ForkJoinPool.commonPool-worker-1) [Consumer clientId=consumer-Consumer-topic-9d2898eb_bef3_498f_b6c6_1239670e7e2a-7, groupId=Consumer-topic-9d2898eb_bef3_498f_b6c6_1239670e7e2a] Resetting generation and member id due to: consumer pro-actively leaving the group
2025-08-13 20:14:55,278 INFO  [org.apa.kaf.cli.con.int.ConsumerCoordinator] (ForkJoinPool.commonPool-worker-1) [Consumer clientId=consumer-Consumer-topic-9d2898eb_bef3_498f_b6c6_1239670e7e2a-7, groupId=Consumer-topic-9d2898eb_bef3_498f_b6c6_1239670e7e2a] Request joining group due to: consumer pro-actively leaving the group
2025-08-13 20:14:55,771 INFO  [org.apa.kaf.com.met.Metrics] (ForkJoinPool.commonPool-worker-1) Metrics scheduler closed
2025-08-13 20:14:55,772 INFO  [org.apa.kaf.com.met.Metrics] (ForkJoinPool.commonPool-worker-1) Closing reporter org.apache.kafka.common.metrics.JmxReporter
2025-08-13 20:14:55,772 INFO  [org.apa.kaf.com.met.Metrics] (ForkJoinPool.commonPool-worker-1) Closing reporter org.apache.kafka.common.telemetry.internals.ClientTelemetryReporter
2025-08-13 20:14:55,772 INFO  [org.apa.kaf.com.met.Metrics] (ForkJoinPool.commonPool-worker-1) Metrics reporters closed
2025-08-13 20:14:55,773 INFO  [org.apa.kaf.com.uti.AppInfoParser] (ForkJoinPool.commonPool-worker-1) App info kafka.consumer for consumer-Consumer-topic-9d2898eb_bef3_498f_b6c6_1239670e7e2a-7 unregistered
2025-08-13 20:14:55,774 INFO  [io.api.tes.uti.TestSeparator] (main) io.apicurio.tests.serdes.apicurio.AvroSerdeIT.testTopicIdStrategyFindLatest-FINISHED
2025-08-13 20:14:55,774 INFO  [io.api.tes.uti.TestSeparator] (main) ############################################################################
Test passed: testTopicIdStrategyFindLatest
]]></system-out>
  </testcase>
  <testcase name="testAvroUnionWithSpecificReader" classname="io.apicurio.tests.serdes.apicurio.AvroSerdeIT" time="4.019">
    <system-out><![CDATA[2025-08-13 20:14:55,777 INFO  [io.api.tes.uti.TestSeparator] (main) ############################################################################
2025-08-13 20:14:55,777 INFO  [io.api.tes.uti.TestSeparator] (main) io.apicurio.tests.serdes.apicurio.AvroSerdeIT.testAvroUnionWithSpecificReader-STARTED
**** Registry Base URL: http://registry-app-inmemory.apps.ci419.apicurio-testing.org:80
2025-08-13 20:14:55,779 INFO  [org.apa.kaf.cli.pro.ProducerConfig] (main) ProducerConfig values: 
	acks = -1
	auto.include.jmx.reporter = true
	batch.size = 16384
	bootstrap.servers = [PLAINTEXT://localhost:32769]
	buffer.memory = 33554432
	client.dns.lookup = use_all_dns_ips
	client.id = Producer-topic-0f980edb_7aa4_47bb_befe_93ad9522034b
	compression.gzip.level = -1
	compression.lz4.level = 9
	compression.type = none
	compression.zstd.level = 3
	connections.max.idle.ms = 10000
	delivery.timeout.ms = 120000
	enable.idempotence = true
	enable.metrics.push = true
	interceptor.classes = []
	key.serializer = class org.apache.kafka.common.serialization.StringSerializer
	linger.ms = 0
	max.block.ms = 60000
	max.in.flight.requests.per.connection = 5
	max.request.size = 1048576
	metadata.max.age.ms = 300000
	metadata.max.idle.ms = 300000
	metadata.recovery.strategy = none
	metric.reporters = []
	metrics.num.samples = 2
	metrics.recording.level = INFO
	metrics.sample.window.ms = 30000
	partitioner.adaptive.partitioning.enable = true
	partitioner.availability.timeout.ms = 0
	partitioner.class = null
	partitioner.ignore.keys = false
	receive.buffer.bytes = 32768
	reconnect.backoff.max.ms = 1000
	reconnect.backoff.ms = 50
	request.timeout.ms = 5000
	retries = 2147483647
	retry.backoff.max.ms = 1000
	retry.backoff.ms = 100
	sasl.client.callback.handler.class = null
	sasl.jaas.config = null
	sasl.kerberos.kinit.cmd = /usr/bin/kinit
	sasl.kerberos.min.time.before.relogin = 60000
	sasl.kerberos.service.name = null
	sasl.kerberos.ticket.renew.jitter = 0.05
	sasl.kerberos.ticket.renew.window.factor = 0.8
	sasl.login.callback.handler.class = null
	sasl.login.class = null
	sasl.login.connect.timeout.ms = null
	sasl.login.read.timeout.ms = null
	sasl.login.refresh.buffer.seconds = 300
	sasl.login.refresh.min.period.seconds = 60
	sasl.login.refresh.window.factor = 0.8
	sasl.login.refresh.window.jitter = 0.05
	sasl.login.retry.backoff.max.ms = 10000
	sasl.login.retry.backoff.ms = 100
	sasl.mechanism = GSSAPI
	sasl.oauthbearer.clock.skew.seconds = 30
	sasl.oauthbearer.expected.audience = null
	sasl.oauthbearer.expected.issuer = null
	sasl.oauthbearer.header.urlencode = false
	sasl.oauthbearer.jwks.endpoint.refresh.ms = 3600000
	sasl.oauthbearer.jwks.endpoint.retry.backoff.max.ms = 10000
	sasl.oauthbearer.jwks.endpoint.retry.backoff.ms = 100
	sasl.oauthbearer.jwks.endpoint.url = null
	sasl.oauthbearer.scope.claim.name = scope
	sasl.oauthbearer.sub.claim.name = sub
	sasl.oauthbearer.token.endpoint.url = null
	security.protocol = PLAINTEXT
	security.providers = null
	send.buffer.bytes = 131072
	socket.connection.setup.timeout.max.ms = 30000
	socket.connection.setup.timeout.ms = 10000
	ssl.cipher.suites = null
	ssl.enabled.protocols = [TLSv1.2, TLSv1.3]
	ssl.endpoint.identification.algorithm = https
	ssl.engine.factory.class = null
	ssl.key.password = null
	ssl.keymanager.algorithm = SunX509
	ssl.keystore.certificate.chain = null
	ssl.keystore.key = null
	ssl.keystore.location = null
	ssl.keystore.password = null
	ssl.keystore.type = JKS
	ssl.protocol = TLSv1.3
	ssl.provider = null
	ssl.secure.random.implementation = null
	ssl.trustmanager.algorithm = PKIX
	ssl.truststore.certificates = null
	ssl.truststore.location = null
	ssl.truststore.password = null
	ssl.truststore.type = JKS
	transaction.timeout.ms = 60000
	transactional.id = null
	value.serializer = class io.apicurio.registry.serde.avro.AvroKafkaSerializer

2025-08-13 20:14:55,779 INFO  [org.apa.kaf.com.tel.int.KafkaMetricsCollector] (main) initializing Kafka metrics collector
2025-08-13 20:14:55,783 INFO  [org.apa.kaf.cli.pro.KafkaProducer] (main) [Producer clientId=Producer-topic-0f980edb_7aa4_47bb_befe_93ad9522034b] Instantiated an idempotent producer.
2025-08-13 20:14:55,785 INFO  [org.apa.kaf.cli.pro.ProducerConfig] (main) These configurations '[apicurio.registry.url, apicurio.registry.auto-register, apicurio.registry.artifact-resolver-strategy]' were supplied but are not used yet.
2025-08-13 20:14:55,785 INFO  [org.apa.kaf.com.uti.AppInfoParser] (main) Kafka version: 3.9.1
2025-08-13 20:14:55,785 INFO  [org.apa.kaf.com.uti.AppInfoParser] (main) Kafka commitId: f745dfdcee2b9851
2025-08-13 20:14:55,785 INFO  [org.apa.kaf.com.uti.AppInfoParser] (main) Kafka startTimeMs: 1755116095785
2025-08-13 20:14:55,785 INFO  [io.api.tes.ser.api.SimpleSerdesTesterBuilder$SimpleSerdesTester] (main) Using producer configuration: {apicurio.registry.url=http://registry-app-inmemory.apps.ci419.apicurio-testing.org:80/apis/registry/v3, apicurio.registry.auto-register=true, apicurio.registry.artifact-resolver-strategy=io.apicurio.registry.serde.strategy.TopicIdStrategy, value.serializer=io.apicurio.registry.serde.avro.AvroKafkaSerializer, request.timeout.ms=5000, acks=all, bootstrap.servers=PLAINTEXT://localhost:32769, connections.max.idle.ms=10000, key.serializer=org.apache.kafka.common.serialization.StringSerializer, client.id=Producer-topic-0f980edb_7aa4_47bb_befe_93ad9522034b}
2025-08-13 20:14:55,785 INFO  [io.api.tes.ser.api.SimpleSerdesTesterBuilder$SimpleSerdesTester] (main) Using consumer configuration: {}
2025-08-13 20:14:55,786 INFO  [io.api.tes.ser.api.KafkaSerdesTester] (ForkJoinPool.commonPool-worker-1) Sending message {"id": "record-0"} to topic topic-0f980edb_7aa4_47bb_befe_93ad9522034b
2025-08-13 20:14:55,790 WARN  [org.apa.kaf.cli.NetworkClient] (kafka-producer-network-thread | Producer-topic-0f980edb_7aa4_47bb_befe_93ad9522034b) [Producer clientId=Producer-topic-0f980edb_7aa4_47bb_befe_93ad9522034b] The metadata response from the cluster reported a recoverable issue with correlation id 1 : {topic-0f980edb_7aa4_47bb_befe_93ad9522034b=UNKNOWN_TOPIC_OR_PARTITION}
2025-08-13 20:14:55,790 INFO  [org.apa.kaf.cli.Metadata] (kafka-producer-network-thread | Producer-topic-0f980edb_7aa4_47bb_befe_93ad9522034b) [Producer clientId=Producer-topic-0f980edb_7aa4_47bb_befe_93ad9522034b] Cluster ID: deU1wVjgTqiYBiPhrFjcdg
2025-08-13 20:14:55,790 INFO  [org.apa.kaf.cli.pro.int.TransactionManager] (kafka-producer-network-thread | Producer-topic-0f980edb_7aa4_47bb_befe_93ad9522034b) [Producer clientId=Producer-topic-0f980edb_7aa4_47bb_befe_93ad9522034b] ProducerId set to 10 with epoch 0
2025-08-13 20:14:55,966 INFO  [io.api.tes.ser.api.KafkaSerdesTester] (ForkJoinPool.commonPool-worker-1) Sending message {"value": 1} to topic topic-0f980edb_7aa4_47bb_befe_93ad9522034b
2025-08-13 20:14:56,010 INFO  [io.api.tes.ser.api.KafkaSerdesTester] (ForkJoinPool.commonPool-worker-1) Sending message {"active": true} to topic topic-0f980edb_7aa4_47bb_befe_93ad9522034b
2025-08-13 20:14:56,045 INFO  [io.api.tes.ser.api.KafkaSerdesTester] (ForkJoinPool.commonPool-worker-1) Sending message {"id": "record-3"} to topic topic-0f980edb_7aa4_47bb_befe_93ad9522034b
2025-08-13 20:14:56,047 INFO  [io.api.tes.ser.api.KafkaSerdesTester] (ForkJoinPool.commonPool-worker-1) Sending message {"value": 4} to topic topic-0f980edb_7aa4_47bb_befe_93ad9522034b
2025-08-13 20:14:56,049 INFO  [io.api.tes.ser.api.KafkaSerdesTester] (ForkJoinPool.commonPool-worker-1) Sending message {"active": false} to topic topic-0f980edb_7aa4_47bb_befe_93ad9522034b
2025-08-13 20:14:56,050 INFO  [io.api.tes.ser.api.KafkaSerdesTester] (ForkJoinPool.commonPool-worker-1) Sending message {"id": "record-6"} to topic topic-0f980edb_7aa4_47bb_befe_93ad9522034b
2025-08-13 20:14:56,052 INFO  [io.api.tes.ser.api.KafkaSerdesTester] (ForkJoinPool.commonPool-worker-1) Sending message {"value": 7} to topic topic-0f980edb_7aa4_47bb_befe_93ad9522034b
2025-08-13 20:14:56,053 INFO  [io.api.tes.ser.api.KafkaSerdesTester] (ForkJoinPool.commonPool-worker-1) Sending message {"active": true} to topic topic-0f980edb_7aa4_47bb_befe_93ad9522034b
2025-08-13 20:14:56,055 INFO  [io.api.tes.ser.api.KafkaSerdesTester] (ForkJoinPool.commonPool-worker-1) Sending message {"id": "record-9"} to topic topic-0f980edb_7aa4_47bb_befe_93ad9522034b
2025-08-13 20:14:56,057 INFO  [io.api.tes.ser.api.KafkaSerdesTester] (ForkJoinPool.commonPool-worker-1) Produced 10 messages
2025-08-13 20:14:56,057 INFO  [org.apa.kaf.cli.pro.KafkaProducer] (ForkJoinPool.commonPool-worker-1) [Producer clientId=Producer-topic-0f980edb_7aa4_47bb_befe_93ad9522034b] Closing the Kafka producer with timeoutMillis = 9223372036854775807 ms.
2025-08-13 20:14:56,058 INFO  [org.apa.kaf.com.met.Metrics] (ForkJoinPool.commonPool-worker-1) Metrics scheduler closed
2025-08-13 20:14:56,058 INFO  [org.apa.kaf.com.met.Metrics] (ForkJoinPool.commonPool-worker-1) Closing reporter org.apache.kafka.common.metrics.JmxReporter
2025-08-13 20:14:56,058 INFO  [org.apa.kaf.com.met.Metrics] (ForkJoinPool.commonPool-worker-1) Closing reporter org.apache.kafka.common.telemetry.internals.ClientTelemetryReporter
2025-08-13 20:14:56,058 INFO  [org.apa.kaf.com.met.Metrics] (ForkJoinPool.commonPool-worker-1) Metrics reporters closed
2025-08-13 20:14:56,059 INFO  [org.apa.kaf.com.uti.AppInfoParser] (ForkJoinPool.commonPool-worker-1) App info kafka.producer for Producer-topic-0f980edb_7aa4_47bb_befe_93ad9522034b unregistered
2025-08-13 20:14:56,085 INFO  [io.api.tes.ser.api.AvroSerdeIT] (main) Artifact topic-0f980edb_7aa4_47bb_befe_93ad9522034b-value found in registry with globalId 25
**** Registry Base URL: http://registry-app-inmemory.apps.ci419.apicurio-testing.org:80
2025-08-13 20:14:56,086 INFO  [org.apa.kaf.cli.con.ConsumerConfig] (main) ConsumerConfig values: 
	allow.auto.create.topics = true
	auto.commit.interval.ms = 500
	auto.include.jmx.reporter = true
	auto.offset.reset = earliest
	bootstrap.servers = [PLAINTEXT://localhost:32769]
	check.crcs = true
	client.dns.lookup = use_all_dns_ips
	client.id = consumer-Consumer-topic-0f980edb_7aa4_47bb_befe_93ad9522034b-8
	client.rack = 
	connections.max.idle.ms = 10000
	default.api.timeout.ms = 60000
	enable.auto.commit = true
	enable.metrics.push = true
	exclude.internal.topics = true
	fetch.max.bytes = 52428800
	fetch.max.wait.ms = 500
	fetch.min.bytes = 1
	group.id = Consumer-topic-0f980edb_7aa4_47bb_befe_93ad9522034b
	group.instance.id = null
	group.protocol = classic
	group.remote.assignor = null
	heartbeat.interval.ms = 3000
	interceptor.classes = []
	internal.leave.group.on.close = true
	internal.throw.on.fetch.stable.offset.unsupported = false
	isolation.level = read_uncommitted
	key.deserializer = class org.apache.kafka.common.serialization.StringDeserializer
	max.partition.fetch.bytes = 1048576
	max.poll.interval.ms = 300000
	max.poll.records = 500
	metadata.max.age.ms = 300000
	metadata.recovery.strategy = none
	metric.reporters = []
	metrics.num.samples = 2
	metrics.recording.level = INFO
	metrics.sample.window.ms = 30000
	partition.assignment.strategy = [class org.apache.kafka.clients.consumer.RangeAssignor, class org.apache.kafka.clients.consumer.CooperativeStickyAssignor]
	receive.buffer.bytes = 65536
	reconnect.backoff.max.ms = 1000
	reconnect.backoff.ms = 50
	request.timeout.ms = 5000
	retry.backoff.max.ms = 1000
	retry.backoff.ms = 100
	sasl.client.callback.handler.class = null
	sasl.jaas.config = null
	sasl.kerberos.kinit.cmd = /usr/bin/kinit
	sasl.kerberos.min.time.before.relogin = 60000
	sasl.kerberos.service.name = null
	sasl.kerberos.ticket.renew.jitter = 0.05
	sasl.kerberos.ticket.renew.window.factor = 0.8
	sasl.login.callback.handler.class = null
	sasl.login.class = null
	sasl.login.connect.timeout.ms = null
	sasl.login.read.timeout.ms = null
	sasl.login.refresh.buffer.seconds = 300
	sasl.login.refresh.min.period.seconds = 60
	sasl.login.refresh.window.factor = 0.8
	sasl.login.refresh.window.jitter = 0.05
	sasl.login.retry.backoff.max.ms = 10000
	sasl.login.retry.backoff.ms = 100
	sasl.mechanism = GSSAPI
	sasl.oauthbearer.clock.skew.seconds = 30
	sasl.oauthbearer.expected.audience = null
	sasl.oauthbearer.expected.issuer = null
	sasl.oauthbearer.header.urlencode = false
	sasl.oauthbearer.jwks.endpoint.refresh.ms = 3600000
	sasl.oauthbearer.jwks.endpoint.retry.backoff.max.ms = 10000
	sasl.oauthbearer.jwks.endpoint.retry.backoff.ms = 100
	sasl.oauthbearer.jwks.endpoint.url = null
	sasl.oauthbearer.scope.claim.name = scope
	sasl.oauthbearer.sub.claim.name = sub
	sasl.oauthbearer.token.endpoint.url = null
	security.protocol = PLAINTEXT
	security.providers = null
	send.buffer.bytes = 131072
	session.timeout.ms = 45000
	socket.connection.setup.timeout.max.ms = 30000
	socket.connection.setup.timeout.ms = 10000
	ssl.cipher.suites = null
	ssl.enabled.protocols = [TLSv1.2, TLSv1.3]
	ssl.endpoint.identification.algorithm = https
	ssl.engine.factory.class = null
	ssl.key.password = null
	ssl.keymanager.algorithm = SunX509
	ssl.keystore.certificate.chain = null
	ssl.keystore.key = null
	ssl.keystore.location = null
	ssl.keystore.password = null
	ssl.keystore.type = JKS
	ssl.protocol = TLSv1.3
	ssl.provider = null
	ssl.secure.random.implementation = null
	ssl.trustmanager.algorithm = PKIX
	ssl.truststore.certificates = null
	ssl.truststore.location = null
	ssl.truststore.password = null
	ssl.truststore.type = JKS
	value.deserializer = class io.apicurio.registry.serde.avro.AvroKafkaDeserializer

2025-08-13 20:14:56,086 INFO  [org.apa.kaf.com.tel.int.KafkaMetricsCollector] (main) initializing Kafka metrics collector
2025-08-13 20:14:56,091 INFO  [org.apa.kaf.cli.con.ConsumerConfig] (main) These configurations '[apicurio.registry.url]' were supplied but are not used yet.
2025-08-13 20:14:56,091 INFO  [org.apa.kaf.com.uti.AppInfoParser] (main) Kafka version: 3.9.1
2025-08-13 20:14:56,091 INFO  [org.apa.kaf.com.uti.AppInfoParser] (main) Kafka commitId: f745dfdcee2b9851
2025-08-13 20:14:56,091 INFO  [org.apa.kaf.com.uti.AppInfoParser] (main) Kafka startTimeMs: 1755116096091
2025-08-13 20:14:56,091 INFO  [org.apa.kaf.cli.con.int.ClassicKafkaConsumer] (ForkJoinPool.commonPool-worker-1) [Consumer clientId=consumer-Consumer-topic-0f980edb_7aa4_47bb_befe_93ad9522034b-8, groupId=Consumer-topic-0f980edb_7aa4_47bb_befe_93ad9522034b] Subscribed to topic(s): topic-0f980edb_7aa4_47bb_befe_93ad9522034b
2025-08-13 20:14:56,095 INFO  [org.apa.kaf.cli.Metadata] (ForkJoinPool.commonPool-worker-1) [Consumer clientId=consumer-Consumer-topic-0f980edb_7aa4_47bb_befe_93ad9522034b-8, groupId=Consumer-topic-0f980edb_7aa4_47bb_befe_93ad9522034b] Cluster ID: deU1wVjgTqiYBiPhrFjcdg
2025-08-13 20:14:56,095 INFO  [org.apa.kaf.cli.con.int.ConsumerCoordinator] (ForkJoinPool.commonPool-worker-1) [Consumer clientId=consumer-Consumer-topic-0f980edb_7aa4_47bb_befe_93ad9522034b-8, groupId=Consumer-topic-0f980edb_7aa4_47bb_befe_93ad9522034b] Discovered group coordinator localhost:32769 (id: 2147483647 rack: null)
2025-08-13 20:14:56,097 INFO  [org.apa.kaf.cli.con.int.ConsumerCoordinator] (ForkJoinPool.commonPool-worker-1) [Consumer clientId=consumer-Consumer-topic-0f980edb_7aa4_47bb_befe_93ad9522034b-8, groupId=Consumer-topic-0f980edb_7aa4_47bb_befe_93ad9522034b] (Re-)joining group
2025-08-13 20:14:56,099 INFO  [org.apa.kaf.cli.con.int.ConsumerCoordinator] (ForkJoinPool.commonPool-worker-1) [Consumer clientId=consumer-Consumer-topic-0f980edb_7aa4_47bb_befe_93ad9522034b-8, groupId=Consumer-topic-0f980edb_7aa4_47bb_befe_93ad9522034b] Request joining group due to: need to re-join with the given member-id: consumer-Consumer-topic-0f980edb_7aa4_47bb_befe_93ad9522034b-8-e2cee8b3-404e-454d-96ae-74d7dec63a74
2025-08-13 20:14:56,099 INFO  [org.apa.kaf.cli.con.int.ConsumerCoordinator] (ForkJoinPool.commonPool-worker-1) [Consumer clientId=consumer-Consumer-topic-0f980edb_7aa4_47bb_befe_93ad9522034b-8, groupId=Consumer-topic-0f980edb_7aa4_47bb_befe_93ad9522034b] (Re-)joining group
2025-08-13 20:14:57,091 INFO  [io.api.tes.ser.api.KafkaSerdesTester] (ForkJoinPool.commonPool-worker-1) None found
2025-08-13 20:14:58,091 INFO  [io.api.tes.ser.api.KafkaSerdesTester] (ForkJoinPool.commonPool-worker-1) None found
2025-08-13 20:14:59,092 INFO  [io.api.tes.ser.api.KafkaSerdesTester] (ForkJoinPool.commonPool-worker-1) None found
2025-08-13 20:14:59,100 INFO  [org.apa.kaf.cli.con.int.ConsumerCoordinator] (ForkJoinPool.commonPool-worker-1) [Consumer clientId=consumer-Consumer-topic-0f980edb_7aa4_47bb_befe_93ad9522034b-8, groupId=Consumer-topic-0f980edb_7aa4_47bb_befe_93ad9522034b] Successfully joined group with generation Generation{generationId=1, memberId='consumer-Consumer-topic-0f980edb_7aa4_47bb_befe_93ad9522034b-8-e2cee8b3-404e-454d-96ae-74d7dec63a74', protocol='range'}
2025-08-13 20:14:59,101 INFO  [org.apa.kaf.cli.con.int.ConsumerCoordinator] (ForkJoinPool.commonPool-worker-1) [Consumer clientId=consumer-Consumer-topic-0f980edb_7aa4_47bb_befe_93ad9522034b-8, groupId=Consumer-topic-0f980edb_7aa4_47bb_befe_93ad9522034b] Finished assignment for group at generation 1: {consumer-Consumer-topic-0f980edb_7aa4_47bb_befe_93ad9522034b-8-e2cee8b3-404e-454d-96ae-74d7dec63a74=Assignment(partitions=[topic-0f980edb_7aa4_47bb_befe_93ad9522034b-0])}
2025-08-13 20:14:59,108 INFO  [org.apa.kaf.cli.con.int.ConsumerCoordinator] (ForkJoinPool.commonPool-worker-1) [Consumer clientId=consumer-Consumer-topic-0f980edb_7aa4_47bb_befe_93ad9522034b-8, groupId=Consumer-topic-0f980edb_7aa4_47bb_befe_93ad9522034b] Successfully synced group in generation Generation{generationId=1, memberId='consumer-Consumer-topic-0f980edb_7aa4_47bb_befe_93ad9522034b-8-e2cee8b3-404e-454d-96ae-74d7dec63a74', protocol='range'}
2025-08-13 20:14:59,108 INFO  [org.apa.kaf.cli.con.int.ConsumerCoordinator] (ForkJoinPool.commonPool-worker-1) [Consumer clientId=consumer-Consumer-topic-0f980edb_7aa4_47bb_befe_93ad9522034b-8, groupId=Consumer-topic-0f980edb_7aa4_47bb_befe_93ad9522034b] Notifying assignor about the new Assignment(partitions=[topic-0f980edb_7aa4_47bb_befe_93ad9522034b-0])
2025-08-13 20:14:59,108 INFO  [org.apa.kaf.cli.con.int.ConsumerRebalanceListenerInvoker] (ForkJoinPool.commonPool-worker-1) [Consumer clientId=consumer-Consumer-topic-0f980edb_7aa4_47bb_befe_93ad9522034b-8, groupId=Consumer-topic-0f980edb_7aa4_47bb_befe_93ad9522034b] Adding newly assigned partitions: topic-0f980edb_7aa4_47bb_befe_93ad9522034b-0
2025-08-13 20:14:59,109 INFO  [org.apa.kaf.cli.con.int.ConsumerCoordinator] (ForkJoinPool.commonPool-worker-1) [Consumer clientId=consumer-Consumer-topic-0f980edb_7aa4_47bb_befe_93ad9522034b-8, groupId=Consumer-topic-0f980edb_7aa4_47bb_befe_93ad9522034b] Found no committed offset for partition topic-0f980edb_7aa4_47bb_befe_93ad9522034b-0
2025-08-13 20:14:59,113 INFO  [org.apa.kaf.cli.con.int.SubscriptionState] (ForkJoinPool.commonPool-worker-1) [Consumer clientId=consumer-Consumer-topic-0f980edb_7aa4_47bb_befe_93ad9522034b-8, groupId=Consumer-topic-0f980edb_7aa4_47bb_befe_93ad9522034b] Resetting offset for partition topic-0f980edb_7aa4_47bb_befe_93ad9522034b-0 to position FetchPosition{offset=0, offsetEpoch=Optional.empty, currentLeader=LeaderAndEpoch{leader=Optional[localhost:32769 (id: 0 rack: null)], epoch=0}}.
2025-08-13 20:14:59,289 INFO  [io.api.tes.ser.api.KafkaSerdesTester] (ForkJoinPool.commonPool-worker-1) topic-0f980edb_7aa4_47bb_befe_93ad9522034b 0 0 {"id": "record-0"}
2025-08-13 20:14:59,289 INFO  [io.api.tes.ser.api.KafkaSerdesTester] (ForkJoinPool.commonPool-worker-1) topic-0f980edb_7aa4_47bb_befe_93ad9522034b 0 1 {"value": 1}
2025-08-13 20:14:59,289 INFO  [io.api.tes.ser.api.KafkaSerdesTester] (ForkJoinPool.commonPool-worker-1) topic-0f980edb_7aa4_47bb_befe_93ad9522034b 0 2 {"active": true}
2025-08-13 20:14:59,289 INFO  [io.api.tes.ser.api.KafkaSerdesTester] (ForkJoinPool.commonPool-worker-1) topic-0f980edb_7aa4_47bb_befe_93ad9522034b 0 3 {"id": "record-3"}
2025-08-13 20:14:59,289 INFO  [io.api.tes.ser.api.KafkaSerdesTester] (ForkJoinPool.commonPool-worker-1) topic-0f980edb_7aa4_47bb_befe_93ad9522034b 0 4 {"value": 4}
2025-08-13 20:14:59,289 INFO  [io.api.tes.ser.api.KafkaSerdesTester] (ForkJoinPool.commonPool-worker-1) topic-0f980edb_7aa4_47bb_befe_93ad9522034b 0 5 {"active": false}
2025-08-13 20:14:59,289 INFO  [io.api.tes.ser.api.KafkaSerdesTester] (ForkJoinPool.commonPool-worker-1) topic-0f980edb_7aa4_47bb_befe_93ad9522034b 0 6 {"id": "record-6"}
2025-08-13 20:14:59,289 INFO  [io.api.tes.ser.api.KafkaSerdesTester] (ForkJoinPool.commonPool-worker-1) topic-0f980edb_7aa4_47bb_befe_93ad9522034b 0 7 {"value": 7}
2025-08-13 20:14:59,289 INFO  [io.api.tes.ser.api.KafkaSerdesTester] (ForkJoinPool.commonPool-worker-1) topic-0f980edb_7aa4_47bb_befe_93ad9522034b 0 8 {"active": true}
2025-08-13 20:14:59,289 INFO  [io.api.tes.ser.api.KafkaSerdesTester] (ForkJoinPool.commonPool-worker-1) topic-0f980edb_7aa4_47bb_befe_93ad9522034b 0 9 {"id": "record-9"}
2025-08-13 20:14:59,290 INFO  [io.api.tes.ser.api.KafkaSerdesTester] (ForkJoinPool.commonPool-worker-1) Consumed 10 messages
2025-08-13 20:14:59,297 INFO  [org.apa.kaf.cli.con.int.ConsumerRebalanceListenerInvoker] (ForkJoinPool.commonPool-worker-1) [Consumer clientId=consumer-Consumer-topic-0f980edb_7aa4_47bb_befe_93ad9522034b-8, groupId=Consumer-topic-0f980edb_7aa4_47bb_befe_93ad9522034b] Revoke previously assigned partitions topic-0f980edb_7aa4_47bb_befe_93ad9522034b-0
2025-08-13 20:14:59,297 INFO  [org.apa.kaf.cli.con.int.ConsumerCoordinator] (ForkJoinPool.commonPool-worker-1) [Consumer clientId=consumer-Consumer-topic-0f980edb_7aa4_47bb_befe_93ad9522034b-8, groupId=Consumer-topic-0f980edb_7aa4_47bb_befe_93ad9522034b] Member consumer-Consumer-topic-0f980edb_7aa4_47bb_befe_93ad9522034b-8-e2cee8b3-404e-454d-96ae-74d7dec63a74 sending LeaveGroup request to coordinator localhost:32769 (id: 2147483647 rack: null) due to the consumer is being closed
2025-08-13 20:14:59,297 INFO  [org.apa.kaf.cli.con.int.ConsumerCoordinator] (ForkJoinPool.commonPool-worker-1) [Consumer clientId=consumer-Consumer-topic-0f980edb_7aa4_47bb_befe_93ad9522034b-8, groupId=Consumer-topic-0f980edb_7aa4_47bb_befe_93ad9522034b] Resetting generation and member id due to: consumer pro-actively leaving the group
2025-08-13 20:14:59,297 INFO  [org.apa.kaf.cli.con.int.ConsumerCoordinator] (ForkJoinPool.commonPool-worker-1) [Consumer clientId=consumer-Consumer-topic-0f980edb_7aa4_47bb_befe_93ad9522034b-8, groupId=Consumer-topic-0f980edb_7aa4_47bb_befe_93ad9522034b] Request joining group due to: consumer pro-actively leaving the group
2025-08-13 20:14:59,792 INFO  [org.apa.kaf.com.met.Metrics] (ForkJoinPool.commonPool-worker-1) Metrics scheduler closed
2025-08-13 20:14:59,792 INFO  [org.apa.kaf.com.met.Metrics] (ForkJoinPool.commonPool-worker-1) Closing reporter org.apache.kafka.common.metrics.JmxReporter
2025-08-13 20:14:59,792 INFO  [org.apa.kaf.com.met.Metrics] (ForkJoinPool.commonPool-worker-1) Closing reporter org.apache.kafka.common.telemetry.internals.ClientTelemetryReporter
2025-08-13 20:14:59,792 INFO  [org.apa.kaf.com.met.Metrics] (ForkJoinPool.commonPool-worker-1) Metrics reporters closed
2025-08-13 20:14:59,793 INFO  [org.apa.kaf.com.uti.AppInfoParser] (ForkJoinPool.commonPool-worker-1) App info kafka.consumer for consumer-Consumer-topic-0f980edb_7aa4_47bb_befe_93ad9522034b-8 unregistered
2025-08-13 20:14:59,794 INFO  [io.api.tes.uti.TestSeparator] (main) io.apicurio.tests.serdes.apicurio.AvroSerdeIT.testAvroUnionWithSpecificReader-FINISHED
2025-08-13 20:14:59,794 INFO  [io.api.tes.uti.TestSeparator] (main) ############################################################################
Test passed: testAvroUnionWithSpecificReader
]]></system-out>
  </testcase>
  <testcase name="testEvolveAvroApicurioReusingClient" classname="io.apicurio.tests.serdes.apicurio.AvroSerdeIT" time="7.138">
    <system-out><![CDATA[2025-08-13 20:14:59,795 INFO  [io.api.tes.uti.TestSeparator] (main) ############################################################################
2025-08-13 20:14:59,795 INFO  [io.api.tes.uti.TestSeparator] (main) io.apicurio.tests.serdes.apicurio.AvroSerdeIT.testEvolveAvroApicurioReusingClient-STARTED
2025-08-13 20:14:59,796 INFO  [io.api.tes.ser.api.AvroSerdeIT] (main) Registering Avro Schema: {"type":"record","name":"sf459ac3bx1873x472dx94f0xf8bba00b627c","namespace":"ns_79eccf11_2d84_4c49_a098_d0a0dbce823e","fields":[{"name":"key11755116099796","type":"string"}]}
**** Registry Base URL: http://registry-app-inmemory.apps.ci419.apicurio-testing.org:80
2025-08-13 20:15:00,858 INFO  [org.apa.kaf.cli.pro.ProducerConfig] (main) ProducerConfig values: 
	acks = -1
	auto.include.jmx.reporter = true
	batch.size = 16384
	bootstrap.servers = [PLAINTEXT://localhost:32769]
	buffer.memory = 33554432
	client.dns.lookup = use_all_dns_ips
	client.id = Producer-topic-4ca8c25a_3b58_4cf8_9e9e_198b684cb1fe
	compression.gzip.level = -1
	compression.lz4.level = 9
	compression.type = none
	compression.zstd.level = 3
	connections.max.idle.ms = 10000
	delivery.timeout.ms = 120000
	enable.idempotence = true
	enable.metrics.push = true
	interceptor.classes = []
	key.serializer = class org.apache.kafka.common.serialization.StringSerializer
	linger.ms = 0
	max.block.ms = 60000
	max.in.flight.requests.per.connection = 5
	max.request.size = 1048576
	metadata.max.age.ms = 300000
	metadata.max.idle.ms = 300000
	metadata.recovery.strategy = none
	metric.reporters = []
	metrics.num.samples = 2
	metrics.recording.level = INFO
	metrics.sample.window.ms = 30000
	partitioner.adaptive.partitioning.enable = true
	partitioner.availability.timeout.ms = 0
	partitioner.class = null
	partitioner.ignore.keys = false
	receive.buffer.bytes = 32768
	reconnect.backoff.max.ms = 1000
	reconnect.backoff.ms = 50
	request.timeout.ms = 5000
	retries = 2147483647
	retry.backoff.max.ms = 1000
	retry.backoff.ms = 100
	sasl.client.callback.handler.class = null
	sasl.jaas.config = null
	sasl.kerberos.kinit.cmd = /usr/bin/kinit
	sasl.kerberos.min.time.before.relogin = 60000
	sasl.kerberos.service.name = null
	sasl.kerberos.ticket.renew.jitter = 0.05
	sasl.kerberos.ticket.renew.window.factor = 0.8
	sasl.login.callback.handler.class = null
	sasl.login.class = null
	sasl.login.connect.timeout.ms = null
	sasl.login.read.timeout.ms = null
	sasl.login.refresh.buffer.seconds = 300
	sasl.login.refresh.min.period.seconds = 60
	sasl.login.refresh.window.factor = 0.8
	sasl.login.refresh.window.jitter = 0.05
	sasl.login.retry.backoff.max.ms = 10000
	sasl.login.retry.backoff.ms = 100
	sasl.mechanism = GSSAPI
	sasl.oauthbearer.clock.skew.seconds = 30
	sasl.oauthbearer.expected.audience = null
	sasl.oauthbearer.expected.issuer = null
	sasl.oauthbearer.header.urlencode = false
	sasl.oauthbearer.jwks.endpoint.refresh.ms = 3600000
	sasl.oauthbearer.jwks.endpoint.retry.backoff.max.ms = 10000
	sasl.oauthbearer.jwks.endpoint.retry.backoff.ms = 100
	sasl.oauthbearer.jwks.endpoint.url = null
	sasl.oauthbearer.scope.claim.name = scope
	sasl.oauthbearer.sub.claim.name = sub
	sasl.oauthbearer.token.endpoint.url = null
	security.protocol = PLAINTEXT
	security.providers = null
	send.buffer.bytes = 131072
	socket.connection.setup.timeout.max.ms = 30000
	socket.connection.setup.timeout.ms = 10000
	ssl.cipher.suites = null
	ssl.enabled.protocols = [TLSv1.2, TLSv1.3]
	ssl.endpoint.identification.algorithm = https
	ssl.engine.factory.class = null
	ssl.key.password = null
	ssl.keymanager.algorithm = SunX509
	ssl.keystore.certificate.chain = null
	ssl.keystore.key = null
	ssl.keystore.location = null
	ssl.keystore.password = null
	ssl.keystore.type = JKS
	ssl.protocol = TLSv1.3
	ssl.provider = null
	ssl.secure.random.implementation = null
	ssl.trustmanager.algorithm = PKIX
	ssl.truststore.certificates = null
	ssl.truststore.location = null
	ssl.truststore.password = null
	ssl.truststore.type = JKS
	transaction.timeout.ms = 60000
	transactional.id = null
	value.serializer = class io.apicurio.registry.serde.avro.AvroKafkaSerializer

2025-08-13 20:15:00,858 INFO  [org.apa.kaf.com.tel.int.KafkaMetricsCollector] (main) initializing Kafka metrics collector
2025-08-13 20:15:00,861 INFO  [org.apa.kaf.cli.pro.KafkaProducer] (main) [Producer clientId=Producer-topic-4ca8c25a_3b58_4cf8_9e9e_198b684cb1fe] Instantiated an idempotent producer.
2025-08-13 20:15:00,863 INFO  [org.apa.kaf.cli.pro.ProducerConfig] (main) These configurations '[apicurio.registry.url, apicurio.registry.artifact-resolver-strategy]' were supplied but are not used yet.
2025-08-13 20:15:00,863 INFO  [org.apa.kaf.com.uti.AppInfoParser] (main) Kafka version: 3.9.1
2025-08-13 20:15:00,863 INFO  [org.apa.kaf.com.uti.AppInfoParser] (main) Kafka commitId: f745dfdcee2b9851
2025-08-13 20:15:00,863 INFO  [org.apa.kaf.com.uti.AppInfoParser] (main) Kafka startTimeMs: 1755116100863
**** Registry Base URL: http://registry-app-inmemory.apps.ci419.apicurio-testing.org:80
2025-08-13 20:15:00,864 INFO  [org.apa.kaf.cli.con.ConsumerConfig] (main) ConsumerConfig values: 
	allow.auto.create.topics = true
	auto.commit.interval.ms = 500
	auto.include.jmx.reporter = true
	auto.offset.reset = earliest
	bootstrap.servers = [PLAINTEXT://localhost:32769]
	check.crcs = true
	client.dns.lookup = use_all_dns_ips
	client.id = consumer-Consumer-topic-4ca8c25a_3b58_4cf8_9e9e_198b684cb1fe-9
	client.rack = 
	connections.max.idle.ms = 10000
	default.api.timeout.ms = 60000
	enable.auto.commit = true
	enable.metrics.push = true
	exclude.internal.topics = true
	fetch.max.bytes = 52428800
	fetch.max.wait.ms = 500
	fetch.min.bytes = 1
	group.id = Consumer-topic-4ca8c25a_3b58_4cf8_9e9e_198b684cb1fe
	group.instance.id = null
	group.protocol = classic
	group.remote.assignor = null
	heartbeat.interval.ms = 3000
	interceptor.classes = []
	internal.leave.group.on.close = true
	internal.throw.on.fetch.stable.offset.unsupported = false
	isolation.level = read_uncommitted
	key.deserializer = class org.apache.kafka.common.serialization.StringDeserializer
	max.partition.fetch.bytes = 1048576
	max.poll.interval.ms = 300000
	max.poll.records = 500
	metadata.max.age.ms = 300000
	metadata.recovery.strategy = none
	metric.reporters = []
	metrics.num.samples = 2
	metrics.recording.level = INFO
	metrics.sample.window.ms = 30000
	partition.assignment.strategy = [class org.apache.kafka.clients.consumer.RangeAssignor, class org.apache.kafka.clients.consumer.CooperativeStickyAssignor]
	receive.buffer.bytes = 65536
	reconnect.backoff.max.ms = 1000
	reconnect.backoff.ms = 50
	request.timeout.ms = 5000
	retry.backoff.max.ms = 1000
	retry.backoff.ms = 100
	sasl.client.callback.handler.class = null
	sasl.jaas.config = null
	sasl.kerberos.kinit.cmd = /usr/bin/kinit
	sasl.kerberos.min.time.before.relogin = 60000
	sasl.kerberos.service.name = null
	sasl.kerberos.ticket.renew.jitter = 0.05
	sasl.kerberos.ticket.renew.window.factor = 0.8
	sasl.login.callback.handler.class = null
	sasl.login.class = null
	sasl.login.connect.timeout.ms = null
	sasl.login.read.timeout.ms = null
	sasl.login.refresh.buffer.seconds = 300
	sasl.login.refresh.min.period.seconds = 60
	sasl.login.refresh.window.factor = 0.8
	sasl.login.refresh.window.jitter = 0.05
	sasl.login.retry.backoff.max.ms = 10000
	sasl.login.retry.backoff.ms = 100
	sasl.mechanism = GSSAPI
	sasl.oauthbearer.clock.skew.seconds = 30
	sasl.oauthbearer.expected.audience = null
	sasl.oauthbearer.expected.issuer = null
	sasl.oauthbearer.header.urlencode = false
	sasl.oauthbearer.jwks.endpoint.refresh.ms = 3600000
	sasl.oauthbearer.jwks.endpoint.retry.backoff.max.ms = 10000
	sasl.oauthbearer.jwks.endpoint.retry.backoff.ms = 100
	sasl.oauthbearer.jwks.endpoint.url = null
	sasl.oauthbearer.scope.claim.name = scope
	sasl.oauthbearer.sub.claim.name = sub
	sasl.oauthbearer.token.endpoint.url = null
	security.protocol = PLAINTEXT
	security.providers = null
	send.buffer.bytes = 131072
	session.timeout.ms = 45000
	socket.connection.setup.timeout.max.ms = 30000
	socket.connection.setup.timeout.ms = 10000
	ssl.cipher.suites = null
	ssl.enabled.protocols = [TLSv1.2, TLSv1.3]
	ssl.endpoint.identification.algorithm = https
	ssl.engine.factory.class = null
	ssl.key.password = null
	ssl.keymanager.algorithm = SunX509
	ssl.keystore.certificate.chain = null
	ssl.keystore.key = null
	ssl.keystore.location = null
	ssl.keystore.password = null
	ssl.keystore.type = JKS
	ssl.protocol = TLSv1.3
	ssl.provider = null
	ssl.secure.random.implementation = null
	ssl.trustmanager.algorithm = PKIX
	ssl.truststore.certificates = null
	ssl.truststore.location = null
	ssl.truststore.password = null
	ssl.truststore.type = JKS
	value.deserializer = class io.apicurio.registry.serde.avro.AvroKafkaDeserializer

2025-08-13 20:15:00,864 INFO  [org.apa.kaf.com.tel.int.KafkaMetricsCollector] (main) initializing Kafka metrics collector
2025-08-13 20:15:00,866 INFO  [org.apa.kaf.cli.Metadata] (kafka-producer-network-thread | Producer-topic-4ca8c25a_3b58_4cf8_9e9e_198b684cb1fe) [Producer clientId=Producer-topic-4ca8c25a_3b58_4cf8_9e9e_198b684cb1fe] Cluster ID: deU1wVjgTqiYBiPhrFjcdg
2025-08-13 20:15:00,867 INFO  [org.apa.kaf.cli.pro.int.TransactionManager] (kafka-producer-network-thread | Producer-topic-4ca8c25a_3b58_4cf8_9e9e_198b684cb1fe) [Producer clientId=Producer-topic-4ca8c25a_3b58_4cf8_9e9e_198b684cb1fe] ProducerId set to 11 with epoch 0
2025-08-13 20:15:00,869 INFO  [org.apa.kaf.cli.con.ConsumerConfig] (main) These configurations '[apicurio.registry.url]' were supplied but are not used yet.
2025-08-13 20:15:00,869 INFO  [org.apa.kaf.com.uti.AppInfoParser] (main) Kafka version: 3.9.1
2025-08-13 20:15:00,869 INFO  [org.apa.kaf.com.uti.AppInfoParser] (main) Kafka commitId: f745dfdcee2b9851
2025-08-13 20:15:00,869 INFO  [org.apa.kaf.com.uti.AppInfoParser] (main) Kafka startTimeMs: 1755116100869
2025-08-13 20:15:00,871 INFO  [io.api.tes.ser.api.KafkaSerdesTester] (ForkJoinPool.commonPool-worker-1) Sending message {"key11755116099796": "value-0"} to topic topic-4ca8c25a_3b58_4cf8_9e9e_198b684cb1fe
2025-08-13 20:15:00,876 INFO  [DefaultSchemaResolver] (ForkJoinPool.commonPool-worker-1) Retrieving schema content using string: {"type":"record","name":"sf459ac3bx1873x472dx94f0xf8bba00b627c","namespace":"ns_79eccf11_2d84_4c49_a098_d0a0dbce823e","fields":[{"name":"key11755116099796","type":"string"}]}
2025-08-13 20:15:00,929 INFO  [io.api.tes.ser.api.KafkaSerdesTester] (ForkJoinPool.commonPool-worker-1) Sending message {"key11755116099796": "value-1"} to topic topic-4ca8c25a_3b58_4cf8_9e9e_198b684cb1fe
2025-08-13 20:15:00,930 INFO  [io.api.tes.ser.api.KafkaSerdesTester] (ForkJoinPool.commonPool-worker-1) Sending message {"key11755116099796": "value-2"} to topic topic-4ca8c25a_3b58_4cf8_9e9e_198b684cb1fe
2025-08-13 20:15:00,931 INFO  [io.api.tes.ser.api.KafkaSerdesTester] (ForkJoinPool.commonPool-worker-1) Sending message {"key11755116099796": "value-3"} to topic topic-4ca8c25a_3b58_4cf8_9e9e_198b684cb1fe
2025-08-13 20:15:00,933 INFO  [io.api.tes.ser.api.KafkaSerdesTester] (ForkJoinPool.commonPool-worker-1) Sending message {"key11755116099796": "value-4"} to topic topic-4ca8c25a_3b58_4cf8_9e9e_198b684cb1fe
2025-08-13 20:15:00,934 INFO  [io.api.tes.ser.api.KafkaSerdesTester] (ForkJoinPool.commonPool-worker-1) Sending message {"key11755116099796": "value-5"} to topic topic-4ca8c25a_3b58_4cf8_9e9e_198b684cb1fe
2025-08-13 20:15:00,935 INFO  [io.api.tes.ser.api.KafkaSerdesTester] (ForkJoinPool.commonPool-worker-1) Sending message {"key11755116099796": "value-6"} to topic topic-4ca8c25a_3b58_4cf8_9e9e_198b684cb1fe
2025-08-13 20:15:00,937 INFO  [io.api.tes.ser.api.KafkaSerdesTester] (ForkJoinPool.commonPool-worker-1) Sending message {"key11755116099796": "value-7"} to topic topic-4ca8c25a_3b58_4cf8_9e9e_198b684cb1fe
2025-08-13 20:15:00,938 INFO  [io.api.tes.ser.api.KafkaSerdesTester] (ForkJoinPool.commonPool-worker-1) Sending message {"key11755116099796": "value-8"} to topic topic-4ca8c25a_3b58_4cf8_9e9e_198b684cb1fe
2025-08-13 20:15:00,939 INFO  [io.api.tes.ser.api.KafkaSerdesTester] (ForkJoinPool.commonPool-worker-1) Sending message {"key11755116099796": "value-9"} to topic topic-4ca8c25a_3b58_4cf8_9e9e_198b684cb1fe
2025-08-13 20:15:00,940 INFO  [io.api.tes.ser.api.KafkaSerdesTester] (ForkJoinPool.commonPool-worker-1) Produced 10 messages
2025-08-13 20:15:00,941 INFO  [org.apa.kaf.cli.con.int.ClassicKafkaConsumer] (ForkJoinPool.commonPool-worker-1) [Consumer clientId=consumer-Consumer-topic-4ca8c25a_3b58_4cf8_9e9e_198b684cb1fe-9, groupId=Consumer-topic-4ca8c25a_3b58_4cf8_9e9e_198b684cb1fe] Subscribed to topic(s): topic-4ca8c25a_3b58_4cf8_9e9e_198b684cb1fe
2025-08-13 20:15:00,944 INFO  [org.apa.kaf.cli.Metadata] (ForkJoinPool.commonPool-worker-1) [Consumer clientId=consumer-Consumer-topic-4ca8c25a_3b58_4cf8_9e9e_198b684cb1fe-9, groupId=Consumer-topic-4ca8c25a_3b58_4cf8_9e9e_198b684cb1fe] Cluster ID: deU1wVjgTqiYBiPhrFjcdg
2025-08-13 20:15:00,945 INFO  [org.apa.kaf.cli.con.int.ConsumerCoordinator] (ForkJoinPool.commonPool-worker-1) [Consumer clientId=consumer-Consumer-topic-4ca8c25a_3b58_4cf8_9e9e_198b684cb1fe-9, groupId=Consumer-topic-4ca8c25a_3b58_4cf8_9e9e_198b684cb1fe] Discovered group coordinator localhost:32769 (id: 2147483647 rack: null)
2025-08-13 20:15:00,946 INFO  [org.apa.kaf.cli.con.int.ConsumerCoordinator] (ForkJoinPool.commonPool-worker-1) [Consumer clientId=consumer-Consumer-topic-4ca8c25a_3b58_4cf8_9e9e_198b684cb1fe-9, groupId=Consumer-topic-4ca8c25a_3b58_4cf8_9e9e_198b684cb1fe] (Re-)joining group
2025-08-13 20:15:00,947 INFO  [org.apa.kaf.cli.con.int.ConsumerCoordinator] (ForkJoinPool.commonPool-worker-1) [Consumer clientId=consumer-Consumer-topic-4ca8c25a_3b58_4cf8_9e9e_198b684cb1fe-9, groupId=Consumer-topic-4ca8c25a_3b58_4cf8_9e9e_198b684cb1fe] Request joining group due to: need to re-join with the given member-id: consumer-Consumer-topic-4ca8c25a_3b58_4cf8_9e9e_198b684cb1fe-9-d7662183-afb2-4a8e-80b1-9b5df1414b1a
2025-08-13 20:15:00,947 INFO  [org.apa.kaf.cli.con.int.ConsumerCoordinator] (ForkJoinPool.commonPool-worker-1) [Consumer clientId=consumer-Consumer-topic-4ca8c25a_3b58_4cf8_9e9e_198b684cb1fe-9, groupId=Consumer-topic-4ca8c25a_3b58_4cf8_9e9e_198b684cb1fe] (Re-)joining group
2025-08-13 20:15:01,942 INFO  [io.api.tes.ser.api.KafkaSerdesTester] (ForkJoinPool.commonPool-worker-1) None found
2025-08-13 20:15:02,942 INFO  [io.api.tes.ser.api.KafkaSerdesTester] (ForkJoinPool.commonPool-worker-1) None found
2025-08-13 20:15:03,943 INFO  [io.api.tes.ser.api.KafkaSerdesTester] (ForkJoinPool.commonPool-worker-1) None found
2025-08-13 20:15:03,949 INFO  [org.apa.kaf.cli.con.int.ConsumerCoordinator] (ForkJoinPool.commonPool-worker-1) [Consumer clientId=consumer-Consumer-topic-4ca8c25a_3b58_4cf8_9e9e_198b684cb1fe-9, groupId=Consumer-topic-4ca8c25a_3b58_4cf8_9e9e_198b684cb1fe] Successfully joined group with generation Generation{generationId=1, memberId='consumer-Consumer-topic-4ca8c25a_3b58_4cf8_9e9e_198b684cb1fe-9-d7662183-afb2-4a8e-80b1-9b5df1414b1a', protocol='range'}
2025-08-13 20:15:03,950 INFO  [org.apa.kaf.cli.con.int.ConsumerCoordinator] (ForkJoinPool.commonPool-worker-1) [Consumer clientId=consumer-Consumer-topic-4ca8c25a_3b58_4cf8_9e9e_198b684cb1fe-9, groupId=Consumer-topic-4ca8c25a_3b58_4cf8_9e9e_198b684cb1fe] Finished assignment for group at generation 1: {consumer-Consumer-topic-4ca8c25a_3b58_4cf8_9e9e_198b684cb1fe-9-d7662183-afb2-4a8e-80b1-9b5df1414b1a=Assignment(partitions=[topic-4ca8c25a_3b58_4cf8_9e9e_198b684cb1fe-0])}
2025-08-13 20:15:03,957 INFO  [org.apa.kaf.cli.con.int.ConsumerCoordinator] (ForkJoinPool.commonPool-worker-1) [Consumer clientId=consumer-Consumer-topic-4ca8c25a_3b58_4cf8_9e9e_198b684cb1fe-9, groupId=Consumer-topic-4ca8c25a_3b58_4cf8_9e9e_198b684cb1fe] Successfully synced group in generation Generation{generationId=1, memberId='consumer-Consumer-topic-4ca8c25a_3b58_4cf8_9e9e_198b684cb1fe-9-d7662183-afb2-4a8e-80b1-9b5df1414b1a', protocol='range'}
2025-08-13 20:15:03,957 INFO  [org.apa.kaf.cli.con.int.ConsumerCoordinator] (ForkJoinPool.commonPool-worker-1) [Consumer clientId=consumer-Consumer-topic-4ca8c25a_3b58_4cf8_9e9e_198b684cb1fe-9, groupId=Consumer-topic-4ca8c25a_3b58_4cf8_9e9e_198b684cb1fe] Notifying assignor about the new Assignment(partitions=[topic-4ca8c25a_3b58_4cf8_9e9e_198b684cb1fe-0])
2025-08-13 20:15:03,957 INFO  [org.apa.kaf.cli.con.int.ConsumerRebalanceListenerInvoker] (ForkJoinPool.commonPool-worker-1) [Consumer clientId=consumer-Consumer-topic-4ca8c25a_3b58_4cf8_9e9e_198b684cb1fe-9, groupId=Consumer-topic-4ca8c25a_3b58_4cf8_9e9e_198b684cb1fe] Adding newly assigned partitions: topic-4ca8c25a_3b58_4cf8_9e9e_198b684cb1fe-0
2025-08-13 20:15:03,958 INFO  [org.apa.kaf.cli.con.int.ConsumerCoordinator] (ForkJoinPool.commonPool-worker-1) [Consumer clientId=consumer-Consumer-topic-4ca8c25a_3b58_4cf8_9e9e_198b684cb1fe-9, groupId=Consumer-topic-4ca8c25a_3b58_4cf8_9e9e_198b684cb1fe] Found no committed offset for partition topic-4ca8c25a_3b58_4cf8_9e9e_198b684cb1fe-0
2025-08-13 20:15:03,962 INFO  [org.apa.kaf.cli.con.int.SubscriptionState] (ForkJoinPool.commonPool-worker-1) [Consumer clientId=consumer-Consumer-topic-4ca8c25a_3b58_4cf8_9e9e_198b684cb1fe-9, groupId=Consumer-topic-4ca8c25a_3b58_4cf8_9e9e_198b684cb1fe] Resetting offset for partition topic-4ca8c25a_3b58_4cf8_9e9e_198b684cb1fe-0 to position FetchPosition{offset=0, offsetEpoch=Optional.empty, currentLeader=LeaderAndEpoch{leader=Optional[localhost:32769 (id: 0 rack: null)], epoch=0}}.
2025-08-13 20:15:04,040 INFO  [io.api.tes.ser.api.KafkaSerdesTester] (ForkJoinPool.commonPool-worker-1) topic-4ca8c25a_3b58_4cf8_9e9e_198b684cb1fe 0 0 {"key11755116099796": "value-0"}
2025-08-13 20:15:04,040 INFO  [io.api.tes.ser.api.KafkaSerdesTester] (ForkJoinPool.commonPool-worker-1) topic-4ca8c25a_3b58_4cf8_9e9e_198b684cb1fe 0 1 {"key11755116099796": "value-1"}
2025-08-13 20:15:04,040 INFO  [io.api.tes.ser.api.KafkaSerdesTester] (ForkJoinPool.commonPool-worker-1) topic-4ca8c25a_3b58_4cf8_9e9e_198b684cb1fe 0 2 {"key11755116099796": "value-2"}
2025-08-13 20:15:04,040 INFO  [io.api.tes.ser.api.KafkaSerdesTester] (ForkJoinPool.commonPool-worker-1) topic-4ca8c25a_3b58_4cf8_9e9e_198b684cb1fe 0 3 {"key11755116099796": "value-3"}
2025-08-13 20:15:04,040 INFO  [io.api.tes.ser.api.KafkaSerdesTester] (ForkJoinPool.commonPool-worker-1) topic-4ca8c25a_3b58_4cf8_9e9e_198b684cb1fe 0 4 {"key11755116099796": "value-4"}
2025-08-13 20:15:04,041 INFO  [io.api.tes.ser.api.KafkaSerdesTester] (ForkJoinPool.commonPool-worker-1) topic-4ca8c25a_3b58_4cf8_9e9e_198b684cb1fe 0 5 {"key11755116099796": "value-5"}
2025-08-13 20:15:04,041 INFO  [io.api.tes.ser.api.KafkaSerdesTester] (ForkJoinPool.commonPool-worker-1) topic-4ca8c25a_3b58_4cf8_9e9e_198b684cb1fe 0 6 {"key11755116099796": "value-6"}
2025-08-13 20:15:04,041 INFO  [io.api.tes.ser.api.KafkaSerdesTester] (ForkJoinPool.commonPool-worker-1) topic-4ca8c25a_3b58_4cf8_9e9e_198b684cb1fe 0 7 {"key11755116099796": "value-7"}
2025-08-13 20:15:04,041 INFO  [io.api.tes.ser.api.KafkaSerdesTester] (ForkJoinPool.commonPool-worker-1) topic-4ca8c25a_3b58_4cf8_9e9e_198b684cb1fe 0 8 {"key11755116099796": "value-8"}
2025-08-13 20:15:04,041 INFO  [io.api.tes.ser.api.KafkaSerdesTester] (ForkJoinPool.commonPool-worker-1) topic-4ca8c25a_3b58_4cf8_9e9e_198b684cb1fe 0 9 {"key11755116099796": "value-9"}
2025-08-13 20:15:04,041 INFO  [io.api.tes.ser.api.KafkaSerdesTester] (ForkJoinPool.commonPool-worker-1) Consumed 10 messages
2025-08-13 20:15:04,041 INFO  [io.api.tes.ser.api.AvroSerdeIT] (main) Registering Avro Schema 2: {"type":"record","name":"sf459ac3bx1873x472dx94f0xf8bba00b627c","namespace":"ns_79eccf11_2d84_4c49_a098_d0a0dbce823e","fields":[{"name":"key11755116099796","type":"string"},{"name":"key21755116104041","type":"string"}]}
2025-08-13 20:15:05,101 INFO  [io.api.tes.ser.api.KafkaSerdesTester] (ForkJoinPool.commonPool-worker-1) Sending message {"key11755116099796": "value-0", "key21755116104041": "value-0"} to topic topic-4ca8c25a_3b58_4cf8_9e9e_198b684cb1fe
2025-08-13 20:15:05,101 INFO  [DefaultSchemaResolver] (ForkJoinPool.commonPool-worker-1) Retrieving schema content using string: {"type":"record","name":"sf459ac3bx1873x472dx94f0xf8bba00b627c","namespace":"ns_79eccf11_2d84_4c49_a098_d0a0dbce823e","fields":[{"name":"key11755116099796","type":"string"},{"name":"key21755116104041","type":"string"}]}
2025-08-13 20:15:05,134 INFO  [io.api.tes.ser.api.KafkaSerdesTester] (ForkJoinPool.commonPool-worker-1) Sending message {"key11755116099796": "value-1", "key21755116104041": "value-1"} to topic topic-4ca8c25a_3b58_4cf8_9e9e_198b684cb1fe
2025-08-13 20:15:05,136 INFO  [io.api.tes.ser.api.KafkaSerdesTester] (ForkJoinPool.commonPool-worker-1) Sending message {"key11755116099796": "value-2", "key21755116104041": "value-2"} to topic topic-4ca8c25a_3b58_4cf8_9e9e_198b684cb1fe
2025-08-13 20:15:05,138 INFO  [io.api.tes.ser.api.KafkaSerdesTester] (ForkJoinPool.commonPool-worker-1) Sending message {"key11755116099796": "value-3", "key21755116104041": "value-3"} to topic topic-4ca8c25a_3b58_4cf8_9e9e_198b684cb1fe
2025-08-13 20:15:05,140 INFO  [io.api.tes.ser.api.KafkaSerdesTester] (ForkJoinPool.commonPool-worker-1) Sending message {"key11755116099796": "value-4", "key21755116104041": "value-4"} to topic topic-4ca8c25a_3b58_4cf8_9e9e_198b684cb1fe
2025-08-13 20:15:05,143 INFO  [io.api.tes.ser.api.KafkaSerdesTester] (ForkJoinPool.commonPool-worker-1) Sending message {"key11755116099796": "value-5", "key21755116104041": "value-5"} to topic topic-4ca8c25a_3b58_4cf8_9e9e_198b684cb1fe
2025-08-13 20:15:05,145 INFO  [io.api.tes.ser.api.KafkaSerdesTester] (ForkJoinPool.commonPool-worker-1) Sending message {"key11755116099796": "value-6", "key21755116104041": "value-6"} to topic topic-4ca8c25a_3b58_4cf8_9e9e_198b684cb1fe
2025-08-13 20:15:05,147 INFO  [io.api.tes.ser.api.KafkaSerdesTester] (ForkJoinPool.commonPool-worker-1) Sending message {"key11755116099796": "value-7", "key21755116104041": "value-7"} to topic topic-4ca8c25a_3b58_4cf8_9e9e_198b684cb1fe
2025-08-13 20:15:05,149 INFO  [io.api.tes.ser.api.KafkaSerdesTester] (ForkJoinPool.commonPool-worker-1) Sending message {"key11755116099796": "value-8", "key21755116104041": "value-8"} to topic topic-4ca8c25a_3b58_4cf8_9e9e_198b684cb1fe
2025-08-13 20:15:05,151 INFO  [io.api.tes.ser.api.KafkaSerdesTester] (ForkJoinPool.commonPool-worker-1) Sending message {"key11755116099796": "value-9", "key21755116104041": "value-9"} to topic topic-4ca8c25a_3b58_4cf8_9e9e_198b684cb1fe
2025-08-13 20:15:05,153 INFO  [io.api.tes.ser.api.KafkaSerdesTester] (ForkJoinPool.commonPool-worker-1) Produced 10 messages
2025-08-13 20:15:05,153 INFO  [io.api.tes.ser.api.KafkaSerdesTester] (ForkJoinPool.commonPool-worker-1) Sending message {"key11755116099796": "value-0"} to topic topic-4ca8c25a_3b58_4cf8_9e9e_198b684cb1fe
2025-08-13 20:15:05,155 INFO  [io.api.tes.ser.api.KafkaSerdesTester] (ForkJoinPool.commonPool-worker-1) Sending message {"key11755116099796": "value-1"} to topic topic-4ca8c25a_3b58_4cf8_9e9e_198b684cb1fe
2025-08-13 20:15:05,156 INFO  [io.api.tes.ser.api.KafkaSerdesTester] (ForkJoinPool.commonPool-worker-1) Sending message {"key11755116099796": "value-2"} to topic topic-4ca8c25a_3b58_4cf8_9e9e_198b684cb1fe
2025-08-13 20:15:05,158 INFO  [io.api.tes.ser.api.KafkaSerdesTester] (ForkJoinPool.commonPool-worker-1) Sending message {"key11755116099796": "value-3"} to topic topic-4ca8c25a_3b58_4cf8_9e9e_198b684cb1fe
2025-08-13 20:15:05,159 INFO  [io.api.tes.ser.api.KafkaSerdesTester] (ForkJoinPool.commonPool-worker-1) Sending message {"key11755116099796": "value-4"} to topic topic-4ca8c25a_3b58_4cf8_9e9e_198b684cb1fe
2025-08-13 20:15:05,160 INFO  [io.api.tes.ser.api.KafkaSerdesTester] (ForkJoinPool.commonPool-worker-1) Sending message {"key11755116099796": "value-5"} to topic topic-4ca8c25a_3b58_4cf8_9e9e_198b684cb1fe
2025-08-13 20:15:05,162 INFO  [io.api.tes.ser.api.KafkaSerdesTester] (ForkJoinPool.commonPool-worker-1) Sending message {"key11755116099796": "value-6"} to topic topic-4ca8c25a_3b58_4cf8_9e9e_198b684cb1fe
2025-08-13 20:15:05,163 INFO  [io.api.tes.ser.api.KafkaSerdesTester] (ForkJoinPool.commonPool-worker-1) Sending message {"key11755116099796": "value-7"} to topic topic-4ca8c25a_3b58_4cf8_9e9e_198b684cb1fe
2025-08-13 20:15:05,164 INFO  [io.api.tes.ser.api.KafkaSerdesTester] (ForkJoinPool.commonPool-worker-1) Sending message {"key11755116099796": "value-8"} to topic topic-4ca8c25a_3b58_4cf8_9e9e_198b684cb1fe
2025-08-13 20:15:05,166 INFO  [io.api.tes.ser.api.KafkaSerdesTester] (ForkJoinPool.commonPool-worker-1) Sending message {"key11755116099796": "value-9"} to topic topic-4ca8c25a_3b58_4cf8_9e9e_198b684cb1fe
2025-08-13 20:15:05,167 INFO  [io.api.tes.ser.api.KafkaSerdesTester] (ForkJoinPool.commonPool-worker-1) Produced 10 messages
2025-08-13 20:15:05,168 INFO  [org.apa.kaf.cli.con.int.ClassicKafkaConsumer] (ForkJoinPool.commonPool-worker-1) [Consumer clientId=consumer-Consumer-topic-4ca8c25a_3b58_4cf8_9e9e_198b684cb1fe-9, groupId=Consumer-topic-4ca8c25a_3b58_4cf8_9e9e_198b684cb1fe] Subscribed to topic(s): topic-4ca8c25a_3b58_4cf8_9e9e_198b684cb1fe
2025-08-13 20:15:05,222 INFO  [io.api.tes.ser.api.KafkaSerdesTester] (ForkJoinPool.commonPool-worker-1) topic-4ca8c25a_3b58_4cf8_9e9e_198b684cb1fe 0 10 {"key11755116099796": "value-0", "key21755116104041": "value-0"}
2025-08-13 20:15:05,222 INFO  [io.api.tes.ser.api.KafkaSerdesTester] (ForkJoinPool.commonPool-worker-1) topic-4ca8c25a_3b58_4cf8_9e9e_198b684cb1fe 0 11 {"key11755116099796": "value-1", "key21755116104041": "value-1"}
2025-08-13 20:15:05,222 INFO  [io.api.tes.ser.api.KafkaSerdesTester] (ForkJoinPool.commonPool-worker-1) topic-4ca8c25a_3b58_4cf8_9e9e_198b684cb1fe 0 12 {"key11755116099796": "value-2", "key21755116104041": "value-2"}
2025-08-13 20:15:05,222 INFO  [io.api.tes.ser.api.KafkaSerdesTester] (ForkJoinPool.commonPool-worker-1) topic-4ca8c25a_3b58_4cf8_9e9e_198b684cb1fe 0 13 {"key11755116099796": "value-3", "key21755116104041": "value-3"}
2025-08-13 20:15:05,222 INFO  [io.api.tes.ser.api.KafkaSerdesTester] (ForkJoinPool.commonPool-worker-1) topic-4ca8c25a_3b58_4cf8_9e9e_198b684cb1fe 0 14 {"key11755116099796": "value-4", "key21755116104041": "value-4"}
2025-08-13 20:15:05,222 INFO  [io.api.tes.ser.api.KafkaSerdesTester] (ForkJoinPool.commonPool-worker-1) topic-4ca8c25a_3b58_4cf8_9e9e_198b684cb1fe 0 15 {"key11755116099796": "value-5", "key21755116104041": "value-5"}
2025-08-13 20:15:05,223 INFO  [io.api.tes.ser.api.KafkaSerdesTester] (ForkJoinPool.commonPool-worker-1) topic-4ca8c25a_3b58_4cf8_9e9e_198b684cb1fe 0 16 {"key11755116099796": "value-6", "key21755116104041": "value-6"}
2025-08-13 20:15:05,223 INFO  [io.api.tes.ser.api.KafkaSerdesTester] (ForkJoinPool.commonPool-worker-1) topic-4ca8c25a_3b58_4cf8_9e9e_198b684cb1fe 0 17 {"key11755116099796": "value-7", "key21755116104041": "value-7"}
2025-08-13 20:15:05,223 INFO  [io.api.tes.ser.api.KafkaSerdesTester] (ForkJoinPool.commonPool-worker-1) topic-4ca8c25a_3b58_4cf8_9e9e_198b684cb1fe 0 18 {"key11755116099796": "value-8", "key21755116104041": "value-8"}
2025-08-13 20:15:05,223 INFO  [io.api.tes.ser.api.KafkaSerdesTester] (ForkJoinPool.commonPool-worker-1) topic-4ca8c25a_3b58_4cf8_9e9e_198b684cb1fe 0 19 {"key11755116099796": "value-9", "key21755116104041": "value-9"}
2025-08-13 20:15:05,223 INFO  [io.api.tes.ser.api.KafkaSerdesTester] (ForkJoinPool.commonPool-worker-1) topic-4ca8c25a_3b58_4cf8_9e9e_198b684cb1fe 0 20 {"key11755116099796": "value-0"}
2025-08-13 20:15:05,223 INFO  [io.api.tes.ser.api.KafkaSerdesTester] (ForkJoinPool.commonPool-worker-1) topic-4ca8c25a_3b58_4cf8_9e9e_198b684cb1fe 0 21 {"key11755116099796": "value-1"}
2025-08-13 20:15:05,223 INFO  [io.api.tes.ser.api.KafkaSerdesTester] (ForkJoinPool.commonPool-worker-1) topic-4ca8c25a_3b58_4cf8_9e9e_198b684cb1fe 0 22 {"key11755116099796": "value-2"}
2025-08-13 20:15:05,223 INFO  [io.api.tes.ser.api.KafkaSerdesTester] (ForkJoinPool.commonPool-worker-1) topic-4ca8c25a_3b58_4cf8_9e9e_198b684cb1fe 0 23 {"key11755116099796": "value-3"}
2025-08-13 20:15:05,223 INFO  [io.api.tes.ser.api.KafkaSerdesTester] (ForkJoinPool.commonPool-worker-1) topic-4ca8c25a_3b58_4cf8_9e9e_198b684cb1fe 0 24 {"key11755116099796": "value-4"}
2025-08-13 20:15:05,223 INFO  [io.api.tes.ser.api.KafkaSerdesTester] (ForkJoinPool.commonPool-worker-1) topic-4ca8c25a_3b58_4cf8_9e9e_198b684cb1fe 0 25 {"key11755116099796": "value-5"}
2025-08-13 20:15:05,223 INFO  [io.api.tes.ser.api.KafkaSerdesTester] (ForkJoinPool.commonPool-worker-1) topic-4ca8c25a_3b58_4cf8_9e9e_198b684cb1fe 0 26 {"key11755116099796": "value-6"}
2025-08-13 20:15:05,223 INFO  [io.api.tes.ser.api.KafkaSerdesTester] (ForkJoinPool.commonPool-worker-1) topic-4ca8c25a_3b58_4cf8_9e9e_198b684cb1fe 0 27 {"key11755116099796": "value-7"}
2025-08-13 20:15:05,223 INFO  [io.api.tes.ser.api.KafkaSerdesTester] (ForkJoinPool.commonPool-worker-1) topic-4ca8c25a_3b58_4cf8_9e9e_198b684cb1fe 0 28 {"key11755116099796": "value-8"}
2025-08-13 20:15:05,223 INFO  [io.api.tes.ser.api.KafkaSerdesTester] (ForkJoinPool.commonPool-worker-1) topic-4ca8c25a_3b58_4cf8_9e9e_198b684cb1fe 0 29 {"key11755116099796": "value-9"}
2025-08-13 20:15:05,223 INFO  [io.api.tes.ser.api.KafkaSerdesTester] (ForkJoinPool.commonPool-worker-1) Consumed 20 messages
2025-08-13 20:15:05,224 INFO  [io.api.tes.ser.api.AvroSerdeIT] (main) Registering Avro Schema 3: {"type":"record","name":"sf459ac3bx1873x472dx94f0xf8bba00b627c","namespace":"ns_79eccf11_2d84_4c49_a098_d0a0dbce823e","fields":[{"name":"key11755116099796","type":"string"},{"name":"key21755116104041","type":"string"},{"name":"key31755116105223","type":"string"}]}
2025-08-13 20:15:06,280 INFO  [io.api.tes.ser.api.KafkaSerdesTester] (ForkJoinPool.commonPool-worker-1) Sending message {"key11755116099796": "value-0", "key21755116104041": "value-0", "key31755116105223": "value-0"} to topic topic-4ca8c25a_3b58_4cf8_9e9e_198b684cb1fe
2025-08-13 20:15:06,281 INFO  [DefaultSchemaResolver] (ForkJoinPool.commonPool-worker-1) Retrieving schema content using string: {"type":"record","name":"sf459ac3bx1873x472dx94f0xf8bba00b627c","namespace":"ns_79eccf11_2d84_4c49_a098_d0a0dbce823e","fields":[{"name":"key11755116099796","type":"string"},{"name":"key21755116104041","type":"string"},{"name":"key31755116105223","type":"string"}]}
2025-08-13 20:15:06,312 INFO  [io.api.tes.ser.api.KafkaSerdesTester] (ForkJoinPool.commonPool-worker-1) Sending message {"key11755116099796": "value-1", "key21755116104041": "value-1", "key31755116105223": "value-1"} to topic topic-4ca8c25a_3b58_4cf8_9e9e_198b684cb1fe
2025-08-13 20:15:06,315 INFO  [io.api.tes.ser.api.KafkaSerdesTester] (ForkJoinPool.commonPool-worker-1) Sending message {"key11755116099796": "value-2", "key21755116104041": "value-2", "key31755116105223": "value-2"} to topic topic-4ca8c25a_3b58_4cf8_9e9e_198b684cb1fe
2025-08-13 20:15:06,318 INFO  [io.api.tes.ser.api.KafkaSerdesTester] (ForkJoinPool.commonPool-worker-1) Sending message {"key11755116099796": "value-3", "key21755116104041": "value-3", "key31755116105223": "value-3"} to topic topic-4ca8c25a_3b58_4cf8_9e9e_198b684cb1fe
2025-08-13 20:15:06,320 INFO  [io.api.tes.ser.api.KafkaSerdesTester] (ForkJoinPool.commonPool-worker-1) Sending message {"key11755116099796": "value-4", "key21755116104041": "value-4", "key31755116105223": "value-4"} to topic topic-4ca8c25a_3b58_4cf8_9e9e_198b684cb1fe
2025-08-13 20:15:06,322 INFO  [io.api.tes.ser.api.KafkaSerdesTester] (ForkJoinPool.commonPool-worker-1) Sending message {"key11755116099796": "value-5", "key21755116104041": "value-5", "key31755116105223": "value-5"} to topic topic-4ca8c25a_3b58_4cf8_9e9e_198b684cb1fe
2025-08-13 20:15:06,325 INFO  [io.api.tes.ser.api.KafkaSerdesTester] (ForkJoinPool.commonPool-worker-1) Sending message {"key11755116099796": "value-6", "key21755116104041": "value-6", "key31755116105223": "value-6"} to topic topic-4ca8c25a_3b58_4cf8_9e9e_198b684cb1fe
2025-08-13 20:15:06,327 INFO  [io.api.tes.ser.api.KafkaSerdesTester] (ForkJoinPool.commonPool-worker-1) Sending message {"key11755116099796": "value-7", "key21755116104041": "value-7", "key31755116105223": "value-7"} to topic topic-4ca8c25a_3b58_4cf8_9e9e_198b684cb1fe
2025-08-13 20:15:06,329 INFO  [io.api.tes.ser.api.KafkaSerdesTester] (ForkJoinPool.commonPool-worker-1) Sending message {"key11755116099796": "value-8", "key21755116104041": "value-8", "key31755116105223": "value-8"} to topic topic-4ca8c25a_3b58_4cf8_9e9e_198b684cb1fe
2025-08-13 20:15:06,331 INFO  [io.api.tes.ser.api.KafkaSerdesTester] (ForkJoinPool.commonPool-worker-1) Sending message {"key11755116099796": "value-9", "key21755116104041": "value-9", "key31755116105223": "value-9"} to topic topic-4ca8c25a_3b58_4cf8_9e9e_198b684cb1fe
2025-08-13 20:15:06,333 INFO  [io.api.tes.ser.api.KafkaSerdesTester] (ForkJoinPool.commonPool-worker-1) Produced 10 messages
2025-08-13 20:15:06,334 INFO  [io.api.tes.ser.api.KafkaSerdesTester] (ForkJoinPool.commonPool-worker-1) Sending message {"key11755116099796": "value-0", "key21755116104041": "value-0"} to topic topic-4ca8c25a_3b58_4cf8_9e9e_198b684cb1fe
2025-08-13 20:15:06,336 INFO  [io.api.tes.ser.api.KafkaSerdesTester] (ForkJoinPool.commonPool-worker-1) Sending message {"key11755116099796": "value-1", "key21755116104041": "value-1"} to topic topic-4ca8c25a_3b58_4cf8_9e9e_198b684cb1fe
2025-08-13 20:15:06,338 INFO  [io.api.tes.ser.api.KafkaSerdesTester] (ForkJoinPool.commonPool-worker-1) Sending message {"key11755116099796": "value-2", "key21755116104041": "value-2"} to topic topic-4ca8c25a_3b58_4cf8_9e9e_198b684cb1fe
2025-08-13 20:15:06,340 INFO  [io.api.tes.ser.api.KafkaSerdesTester] (ForkJoinPool.commonPool-worker-1) Sending message {"key11755116099796": "value-3", "key21755116104041": "value-3"} to topic topic-4ca8c25a_3b58_4cf8_9e9e_198b684cb1fe
2025-08-13 20:15:06,342 INFO  [io.api.tes.ser.api.KafkaSerdesTester] (ForkJoinPool.commonPool-worker-1) Sending message {"key11755116099796": "value-4", "key21755116104041": "value-4"} to topic topic-4ca8c25a_3b58_4cf8_9e9e_198b684cb1fe
2025-08-13 20:15:06,344 INFO  [io.api.tes.ser.api.KafkaSerdesTester] (ForkJoinPool.commonPool-worker-1) Sending message {"key11755116099796": "value-5", "key21755116104041": "value-5"} to topic topic-4ca8c25a_3b58_4cf8_9e9e_198b684cb1fe
2025-08-13 20:15:06,345 INFO  [io.api.tes.ser.api.KafkaSerdesTester] (ForkJoinPool.commonPool-worker-1) Sending message {"key11755116099796": "value-6", "key21755116104041": "value-6"} to topic topic-4ca8c25a_3b58_4cf8_9e9e_198b684cb1fe
2025-08-13 20:15:06,347 INFO  [io.api.tes.ser.api.KafkaSerdesTester] (ForkJoinPool.commonPool-worker-1) Sending message {"key11755116099796": "value-7", "key21755116104041": "value-7"} to topic topic-4ca8c25a_3b58_4cf8_9e9e_198b684cb1fe
2025-08-13 20:15:06,350 INFO  [io.api.tes.ser.api.KafkaSerdesTester] (ForkJoinPool.commonPool-worker-1) Sending message {"key11755116099796": "value-8", "key21755116104041": "value-8"} to topic topic-4ca8c25a_3b58_4cf8_9e9e_198b684cb1fe
2025-08-13 20:15:06,353 INFO  [io.api.tes.ser.api.KafkaSerdesTester] (ForkJoinPool.commonPool-worker-1) Sending message {"key11755116099796": "value-9", "key21755116104041": "value-9"} to topic topic-4ca8c25a_3b58_4cf8_9e9e_198b684cb1fe
2025-08-13 20:15:06,354 INFO  [io.api.tes.ser.api.KafkaSerdesTester] (ForkJoinPool.commonPool-worker-1) Produced 10 messages
2025-08-13 20:15:06,354 INFO  [io.api.tes.ser.api.KafkaSerdesTester] (ForkJoinPool.commonPool-worker-1) Sending message {"key11755116099796": "value-0"} to topic topic-4ca8c25a_3b58_4cf8_9e9e_198b684cb1fe
2025-08-13 20:15:06,356 INFO  [io.api.tes.ser.api.KafkaSerdesTester] (ForkJoinPool.commonPool-worker-1) Sending message {"key11755116099796": "value-1"} to topic topic-4ca8c25a_3b58_4cf8_9e9e_198b684cb1fe
2025-08-13 20:15:06,358 INFO  [io.api.tes.ser.api.KafkaSerdesTester] (ForkJoinPool.commonPool-worker-1) Sending message {"key11755116099796": "value-2"} to topic topic-4ca8c25a_3b58_4cf8_9e9e_198b684cb1fe
2025-08-13 20:15:06,360 INFO  [io.api.tes.ser.api.KafkaSerdesTester] (ForkJoinPool.commonPool-worker-1) Sending message {"key11755116099796": "value-3"} to topic topic-4ca8c25a_3b58_4cf8_9e9e_198b684cb1fe
2025-08-13 20:15:06,362 INFO  [io.api.tes.ser.api.KafkaSerdesTester] (ForkJoinPool.commonPool-worker-1) Sending message {"key11755116099796": "value-4"} to topic topic-4ca8c25a_3b58_4cf8_9e9e_198b684cb1fe
2025-08-13 20:15:06,363 INFO  [io.api.tes.ser.api.KafkaSerdesTester] (ForkJoinPool.commonPool-worker-1) Sending message {"key11755116099796": "value-5"} to topic topic-4ca8c25a_3b58_4cf8_9e9e_198b684cb1fe
2025-08-13 20:15:06,364 INFO  [io.api.tes.ser.api.KafkaSerdesTester] (ForkJoinPool.commonPool-worker-1) Sending message {"key11755116099796": "value-6"} to topic topic-4ca8c25a_3b58_4cf8_9e9e_198b684cb1fe
2025-08-13 20:15:06,366 INFO  [io.api.tes.ser.api.KafkaSerdesTester] (ForkJoinPool.commonPool-worker-1) Sending message {"key11755116099796": "value-7"} to topic topic-4ca8c25a_3b58_4cf8_9e9e_198b684cb1fe
2025-08-13 20:15:06,367 INFO  [io.api.tes.ser.api.KafkaSerdesTester] (ForkJoinPool.commonPool-worker-1) Sending message {"key11755116099796": "value-8"} to topic topic-4ca8c25a_3b58_4cf8_9e9e_198b684cb1fe
2025-08-13 20:15:06,369 INFO  [io.api.tes.ser.api.KafkaSerdesTester] (ForkJoinPool.commonPool-worker-1) Sending message {"key11755116099796": "value-9"} to topic topic-4ca8c25a_3b58_4cf8_9e9e_198b684cb1fe
2025-08-13 20:15:06,370 INFO  [io.api.tes.ser.api.KafkaSerdesTester] (ForkJoinPool.commonPool-worker-1) Produced 10 messages
2025-08-13 20:15:06,372 INFO  [org.apa.kaf.cli.con.int.ClassicKafkaConsumer] (ForkJoinPool.commonPool-worker-1) [Consumer clientId=consumer-Consumer-topic-4ca8c25a_3b58_4cf8_9e9e_198b684cb1fe-9, groupId=Consumer-topic-4ca8c25a_3b58_4cf8_9e9e_198b684cb1fe] Subscribed to topic(s): topic-4ca8c25a_3b58_4cf8_9e9e_198b684cb1fe
2025-08-13 20:15:06,426 INFO  [io.api.tes.ser.api.KafkaSerdesTester] (ForkJoinPool.commonPool-worker-1) topic-4ca8c25a_3b58_4cf8_9e9e_198b684cb1fe 0 30 {"key11755116099796": "value-0", "key21755116104041": "value-0", "key31755116105223": "value-0"}
2025-08-13 20:15:06,426 INFO  [io.api.tes.ser.api.KafkaSerdesTester] (ForkJoinPool.commonPool-worker-1) topic-4ca8c25a_3b58_4cf8_9e9e_198b684cb1fe 0 31 {"key11755116099796": "value-1", "key21755116104041": "value-1", "key31755116105223": "value-1"}
2025-08-13 20:15:06,426 INFO  [io.api.tes.ser.api.KafkaSerdesTester] (ForkJoinPool.commonPool-worker-1) topic-4ca8c25a_3b58_4cf8_9e9e_198b684cb1fe 0 32 {"key11755116099796": "value-2", "key21755116104041": "value-2", "key31755116105223": "value-2"}
2025-08-13 20:15:06,426 INFO  [io.api.tes.ser.api.KafkaSerdesTester] (ForkJoinPool.commonPool-worker-1) topic-4ca8c25a_3b58_4cf8_9e9e_198b684cb1fe 0 33 {"key11755116099796": "value-3", "key21755116104041": "value-3", "key31755116105223": "value-3"}
2025-08-13 20:15:06,426 INFO  [io.api.tes.ser.api.KafkaSerdesTester] (ForkJoinPool.commonPool-worker-1) topic-4ca8c25a_3b58_4cf8_9e9e_198b684cb1fe 0 34 {"key11755116099796": "value-4", "key21755116104041": "value-4", "key31755116105223": "value-4"}
2025-08-13 20:15:06,426 INFO  [io.api.tes.ser.api.KafkaSerdesTester] (ForkJoinPool.commonPool-worker-1) topic-4ca8c25a_3b58_4cf8_9e9e_198b684cb1fe 0 35 {"key11755116099796": "value-5", "key21755116104041": "value-5", "key31755116105223": "value-5"}
2025-08-13 20:15:06,427 INFO  [io.api.tes.ser.api.KafkaSerdesTester] (ForkJoinPool.commonPool-worker-1) topic-4ca8c25a_3b58_4cf8_9e9e_198b684cb1fe 0 36 {"key11755116099796": "value-6", "key21755116104041": "value-6", "key31755116105223": "value-6"}
2025-08-13 20:15:06,427 INFO  [io.api.tes.ser.api.KafkaSerdesTester] (ForkJoinPool.commonPool-worker-1) topic-4ca8c25a_3b58_4cf8_9e9e_198b684cb1fe 0 37 {"key11755116099796": "value-7", "key21755116104041": "value-7", "key31755116105223": "value-7"}
2025-08-13 20:15:06,427 INFO  [io.api.tes.ser.api.KafkaSerdesTester] (ForkJoinPool.commonPool-worker-1) topic-4ca8c25a_3b58_4cf8_9e9e_198b684cb1fe 0 38 {"key11755116099796": "value-8", "key21755116104041": "value-8", "key31755116105223": "value-8"}
2025-08-13 20:15:06,427 INFO  [io.api.tes.ser.api.KafkaSerdesTester] (ForkJoinPool.commonPool-worker-1) topic-4ca8c25a_3b58_4cf8_9e9e_198b684cb1fe 0 39 {"key11755116099796": "value-9", "key21755116104041": "value-9", "key31755116105223": "value-9"}
2025-08-13 20:15:06,427 INFO  [io.api.tes.ser.api.KafkaSerdesTester] (ForkJoinPool.commonPool-worker-1) topic-4ca8c25a_3b58_4cf8_9e9e_198b684cb1fe 0 40 {"key11755116099796": "value-0", "key21755116104041": "value-0"}
2025-08-13 20:15:06,427 INFO  [io.api.tes.ser.api.KafkaSerdesTester] (ForkJoinPool.commonPool-worker-1) topic-4ca8c25a_3b58_4cf8_9e9e_198b684cb1fe 0 41 {"key11755116099796": "value-1", "key21755116104041": "value-1"}
2025-08-13 20:15:06,427 INFO  [io.api.tes.ser.api.KafkaSerdesTester] (ForkJoinPool.commonPool-worker-1) topic-4ca8c25a_3b58_4cf8_9e9e_198b684cb1fe 0 42 {"key11755116099796": "value-2", "key21755116104041": "value-2"}
2025-08-13 20:15:06,427 INFO  [io.api.tes.ser.api.KafkaSerdesTester] (ForkJoinPool.commonPool-worker-1) topic-4ca8c25a_3b58_4cf8_9e9e_198b684cb1fe 0 43 {"key11755116099796": "value-3", "key21755116104041": "value-3"}
2025-08-13 20:15:06,427 INFO  [io.api.tes.ser.api.KafkaSerdesTester] (ForkJoinPool.commonPool-worker-1) topic-4ca8c25a_3b58_4cf8_9e9e_198b684cb1fe 0 44 {"key11755116099796": "value-4", "key21755116104041": "value-4"}
2025-08-13 20:15:06,427 INFO  [io.api.tes.ser.api.KafkaSerdesTester] (ForkJoinPool.commonPool-worker-1) topic-4ca8c25a_3b58_4cf8_9e9e_198b684cb1fe 0 45 {"key11755116099796": "value-5", "key21755116104041": "value-5"}
2025-08-13 20:15:06,427 INFO  [io.api.tes.ser.api.KafkaSerdesTester] (ForkJoinPool.commonPool-worker-1) topic-4ca8c25a_3b58_4cf8_9e9e_198b684cb1fe 0 46 {"key11755116099796": "value-6", "key21755116104041": "value-6"}
2025-08-13 20:15:06,427 INFO  [io.api.tes.ser.api.KafkaSerdesTester] (ForkJoinPool.commonPool-worker-1) topic-4ca8c25a_3b58_4cf8_9e9e_198b684cb1fe 0 47 {"key11755116099796": "value-7", "key21755116104041": "value-7"}
2025-08-13 20:15:06,427 INFO  [io.api.tes.ser.api.KafkaSerdesTester] (ForkJoinPool.commonPool-worker-1) topic-4ca8c25a_3b58_4cf8_9e9e_198b684cb1fe 0 48 {"key11755116099796": "value-8", "key21755116104041": "value-8"}
2025-08-13 20:15:06,427 INFO  [io.api.tes.ser.api.KafkaSerdesTester] (ForkJoinPool.commonPool-worker-1) topic-4ca8c25a_3b58_4cf8_9e9e_198b684cb1fe 0 49 {"key11755116099796": "value-9", "key21755116104041": "value-9"}
2025-08-13 20:15:06,427 INFO  [io.api.tes.ser.api.KafkaSerdesTester] (ForkJoinPool.commonPool-worker-1) topic-4ca8c25a_3b58_4cf8_9e9e_198b684cb1fe 0 50 {"key11755116099796": "value-0"}
2025-08-13 20:15:06,427 INFO  [io.api.tes.ser.api.KafkaSerdesTester] (ForkJoinPool.commonPool-worker-1) topic-4ca8c25a_3b58_4cf8_9e9e_198b684cb1fe 0 51 {"key11755116099796": "value-1"}
2025-08-13 20:15:06,427 INFO  [io.api.tes.ser.api.KafkaSerdesTester] (ForkJoinPool.commonPool-worker-1) topic-4ca8c25a_3b58_4cf8_9e9e_198b684cb1fe 0 52 {"key11755116099796": "value-2"}
2025-08-13 20:15:06,427 INFO  [io.api.tes.ser.api.KafkaSerdesTester] (ForkJoinPool.commonPool-worker-1) topic-4ca8c25a_3b58_4cf8_9e9e_198b684cb1fe 0 53 {"key11755116099796": "value-3"}
2025-08-13 20:15:06,427 INFO  [io.api.tes.ser.api.KafkaSerdesTester] (ForkJoinPool.commonPool-worker-1) topic-4ca8c25a_3b58_4cf8_9e9e_198b684cb1fe 0 54 {"key11755116099796": "value-4"}
2025-08-13 20:15:06,427 INFO  [io.api.tes.ser.api.KafkaSerdesTester] (ForkJoinPool.commonPool-worker-1) topic-4ca8c25a_3b58_4cf8_9e9e_198b684cb1fe 0 55 {"key11755116099796": "value-5"}
2025-08-13 20:15:06,427 INFO  [io.api.tes.ser.api.KafkaSerdesTester] (ForkJoinPool.commonPool-worker-1) topic-4ca8c25a_3b58_4cf8_9e9e_198b684cb1fe 0 56 {"key11755116099796": "value-6"}
2025-08-13 20:15:06,427 INFO  [io.api.tes.ser.api.KafkaSerdesTester] (ForkJoinPool.commonPool-worker-1) topic-4ca8c25a_3b58_4cf8_9e9e_198b684cb1fe 0 57 {"key11755116099796": "value-7"}
2025-08-13 20:15:06,427 INFO  [io.api.tes.ser.api.KafkaSerdesTester] (ForkJoinPool.commonPool-worker-1) topic-4ca8c25a_3b58_4cf8_9e9e_198b684cb1fe 0 58 {"key11755116099796": "value-8"}
2025-08-13 20:15:06,427 INFO  [io.api.tes.ser.api.KafkaSerdesTester] (ForkJoinPool.commonPool-worker-1) topic-4ca8c25a_3b58_4cf8_9e9e_198b684cb1fe 0 59 {"key11755116099796": "value-9"}
2025-08-13 20:15:06,427 INFO  [io.api.tes.ser.api.KafkaSerdesTester] (ForkJoinPool.commonPool-worker-1) Consumed 30 messages
2025-08-13 20:15:06,427 INFO  [org.apa.kaf.cli.pro.KafkaProducer] (main) [Producer clientId=Producer-topic-4ca8c25a_3b58_4cf8_9e9e_198b684cb1fe] Closing the Kafka producer with timeoutMillis = 9223372036854775807 ms.
2025-08-13 20:15:06,429 INFO  [org.apa.kaf.com.met.Metrics] (main) Metrics scheduler closed
2025-08-13 20:15:06,429 INFO  [org.apa.kaf.com.met.Metrics] (main) Closing reporter org.apache.kafka.common.metrics.JmxReporter
2025-08-13 20:15:06,429 INFO  [org.apa.kaf.com.met.Metrics] (main) Closing reporter org.apache.kafka.common.telemetry.internals.ClientTelemetryReporter
2025-08-13 20:15:06,429 INFO  [org.apa.kaf.com.met.Metrics] (main) Metrics reporters closed
2025-08-13 20:15:06,429 INFO  [org.apa.kaf.com.uti.AppInfoParser] (main) App info kafka.producer for Producer-topic-4ca8c25a_3b58_4cf8_9e9e_198b684cb1fe unregistered
2025-08-13 20:15:06,437 INFO  [org.apa.kaf.cli.con.int.ConsumerRebalanceListenerInvoker] (main) [Consumer clientId=consumer-Consumer-topic-4ca8c25a_3b58_4cf8_9e9e_198b684cb1fe-9, groupId=Consumer-topic-4ca8c25a_3b58_4cf8_9e9e_198b684cb1fe] Revoke previously assigned partitions topic-4ca8c25a_3b58_4cf8_9e9e_198b684cb1fe-0
2025-08-13 20:15:06,437 INFO  [org.apa.kaf.cli.con.int.ConsumerCoordinator] (main) [Consumer clientId=consumer-Consumer-topic-4ca8c25a_3b58_4cf8_9e9e_198b684cb1fe-9, groupId=Consumer-topic-4ca8c25a_3b58_4cf8_9e9e_198b684cb1fe] Member consumer-Consumer-topic-4ca8c25a_3b58_4cf8_9e9e_198b684cb1fe-9-d7662183-afb2-4a8e-80b1-9b5df1414b1a sending LeaveGroup request to coordinator localhost:32769 (id: 2147483647 rack: null) due to the consumer is being closed
2025-08-13 20:15:06,437 INFO  [org.apa.kaf.cli.con.int.ConsumerCoordinator] (main) [Consumer clientId=consumer-Consumer-topic-4ca8c25a_3b58_4cf8_9e9e_198b684cb1fe-9, groupId=Consumer-topic-4ca8c25a_3b58_4cf8_9e9e_198b684cb1fe] Resetting generation and member id due to: consumer pro-actively leaving the group
2025-08-13 20:15:06,437 INFO  [org.apa.kaf.cli.con.int.ConsumerCoordinator] (main) [Consumer clientId=consumer-Consumer-topic-4ca8c25a_3b58_4cf8_9e9e_198b684cb1fe-9, groupId=Consumer-topic-4ca8c25a_3b58_4cf8_9e9e_198b684cb1fe] Request joining group due to: consumer pro-actively leaving the group
2025-08-13 20:15:06,929 INFO  [org.apa.kaf.com.met.Metrics] (main) Metrics scheduler closed
2025-08-13 20:15:06,929 INFO  [org.apa.kaf.com.met.Metrics] (main) Closing reporter org.apache.kafka.common.metrics.JmxReporter
2025-08-13 20:15:06,929 INFO  [org.apa.kaf.com.met.Metrics] (main) Closing reporter org.apache.kafka.common.telemetry.internals.ClientTelemetryReporter
2025-08-13 20:15:06,929 INFO  [org.apa.kaf.com.met.Metrics] (main) Metrics reporters closed
2025-08-13 20:15:06,932 INFO  [org.apa.kaf.com.uti.AppInfoParser] (main) App info kafka.consumer for consumer-Consumer-topic-4ca8c25a_3b58_4cf8_9e9e_198b684cb1fe-9 unregistered
2025-08-13 20:15:06,932 INFO  [io.api.tes.uti.TestSeparator] (main) io.apicurio.tests.serdes.apicurio.AvroSerdeIT.testEvolveAvroApicurioReusingClient-FINISHED
2025-08-13 20:15:06,932 INFO  [io.api.tes.uti.TestSeparator] (main) ############################################################################
Test passed: testEvolveAvroApicurioReusingClient
]]></system-out>
  </testcase>
  <testcase name="testProducerUsesDefaultConsumerUsesGlobalId" classname="io.apicurio.tests.serdes.apicurio.AvroSerdeIT" time="0.0">
    <skipped message="void io.apicurio.tests.serdes.apicurio.AvroSerdeIT.testProducerUsesDefaultConsumerUsesGlobalId() throws java.lang.Exception is @Disabled"/>
  </testcase>
  <testcase name="testEvolveAvroApicurio" classname="io.apicurio.tests.serdes.apicurio.AvroSerdeIT" time="14.862">
    <system-out><![CDATA[2025-08-13 20:15:06,935 INFO  [io.api.tes.uti.TestSeparator] (main) ############################################################################
2025-08-13 20:15:06,935 INFO  [io.api.tes.uti.TestSeparator] (main) io.apicurio.tests.serdes.apicurio.AvroSerdeIT.testEvolveAvroApicurio-STARTED
2025-08-13 20:15:06,936 INFO  [io.api.tes.ser.api.AvroSerdeIT] (main) Registering Avro Schema: {"type":"record","name":"s5686e373x2047x41ffx9ac6x3288c91d353f","namespace":"ns_0ddf0b7b_597a_4a9a_ae56_03721e07f813","fields":[{"name":"key11755116106936","type":"string"}]}
**** Registry Base URL: http://registry-app-inmemory.apps.ci419.apicurio-testing.org:80
2025-08-13 20:15:07,995 INFO  [org.apa.kaf.cli.pro.ProducerConfig] (main) ProducerConfig values: 
	acks = -1
	auto.include.jmx.reporter = true
	batch.size = 16384
	bootstrap.servers = [PLAINTEXT://localhost:32769]
	buffer.memory = 33554432
	client.dns.lookup = use_all_dns_ips
	client.id = Producer-topic-c327574a_ac6a_431f_9eda_d04abc5848e1
	compression.gzip.level = -1
	compression.lz4.level = 9
	compression.type = none
	compression.zstd.level = 3
	connections.max.idle.ms = 10000
	delivery.timeout.ms = 120000
	enable.idempotence = true
	enable.metrics.push = true
	interceptor.classes = []
	key.serializer = class org.apache.kafka.common.serialization.StringSerializer
	linger.ms = 0
	max.block.ms = 60000
	max.in.flight.requests.per.connection = 5
	max.request.size = 1048576
	metadata.max.age.ms = 300000
	metadata.max.idle.ms = 300000
	metadata.recovery.strategy = none
	metric.reporters = []
	metrics.num.samples = 2
	metrics.recording.level = INFO
	metrics.sample.window.ms = 30000
	partitioner.adaptive.partitioning.enable = true
	partitioner.availability.timeout.ms = 0
	partitioner.class = null
	partitioner.ignore.keys = false
	receive.buffer.bytes = 32768
	reconnect.backoff.max.ms = 1000
	reconnect.backoff.ms = 50
	request.timeout.ms = 5000
	retries = 2147483647
	retry.backoff.max.ms = 1000
	retry.backoff.ms = 100
	sasl.client.callback.handler.class = null
	sasl.jaas.config = null
	sasl.kerberos.kinit.cmd = /usr/bin/kinit
	sasl.kerberos.min.time.before.relogin = 60000
	sasl.kerberos.service.name = null
	sasl.kerberos.ticket.renew.jitter = 0.05
	sasl.kerberos.ticket.renew.window.factor = 0.8
	sasl.login.callback.handler.class = null
	sasl.login.class = null
	sasl.login.connect.timeout.ms = null
	sasl.login.read.timeout.ms = null
	sasl.login.refresh.buffer.seconds = 300
	sasl.login.refresh.min.period.seconds = 60
	sasl.login.refresh.window.factor = 0.8
	sasl.login.refresh.window.jitter = 0.05
	sasl.login.retry.backoff.max.ms = 10000
	sasl.login.retry.backoff.ms = 100
	sasl.mechanism = GSSAPI
	sasl.oauthbearer.clock.skew.seconds = 30
	sasl.oauthbearer.expected.audience = null
	sasl.oauthbearer.expected.issuer = null
	sasl.oauthbearer.header.urlencode = false
	sasl.oauthbearer.jwks.endpoint.refresh.ms = 3600000
	sasl.oauthbearer.jwks.endpoint.retry.backoff.max.ms = 10000
	sasl.oauthbearer.jwks.endpoint.retry.backoff.ms = 100
	sasl.oauthbearer.jwks.endpoint.url = null
	sasl.oauthbearer.scope.claim.name = scope
	sasl.oauthbearer.sub.claim.name = sub
	sasl.oauthbearer.token.endpoint.url = null
	security.protocol = PLAINTEXT
	security.providers = null
	send.buffer.bytes = 131072
	socket.connection.setup.timeout.max.ms = 30000
	socket.connection.setup.timeout.ms = 10000
	ssl.cipher.suites = null
	ssl.enabled.protocols = [TLSv1.2, TLSv1.3]
	ssl.endpoint.identification.algorithm = https
	ssl.engine.factory.class = null
	ssl.key.password = null
	ssl.keymanager.algorithm = SunX509
	ssl.keystore.certificate.chain = null
	ssl.keystore.key = null
	ssl.keystore.location = null
	ssl.keystore.password = null
	ssl.keystore.type = JKS
	ssl.protocol = TLSv1.3
	ssl.provider = null
	ssl.secure.random.implementation = null
	ssl.trustmanager.algorithm = PKIX
	ssl.truststore.certificates = null
	ssl.truststore.location = null
	ssl.truststore.password = null
	ssl.truststore.type = JKS
	transaction.timeout.ms = 60000
	transactional.id = null
	value.serializer = class io.apicurio.registry.serde.avro.AvroKafkaSerializer

2025-08-13 20:15:07,995 INFO  [org.apa.kaf.com.tel.int.KafkaMetricsCollector] (main) initializing Kafka metrics collector
2025-08-13 20:15:07,999 INFO  [org.apa.kaf.cli.pro.KafkaProducer] (main) [Producer clientId=Producer-topic-c327574a_ac6a_431f_9eda_d04abc5848e1] Instantiated an idempotent producer.
2025-08-13 20:15:08,000 INFO  [org.apa.kaf.cli.pro.ProducerConfig] (main) These configurations '[apicurio.registry.url, apicurio.registry.artifact-resolver-strategy]' were supplied but are not used yet.
2025-08-13 20:15:08,000 INFO  [org.apa.kaf.com.uti.AppInfoParser] (main) Kafka version: 3.9.1
2025-08-13 20:15:08,000 INFO  [org.apa.kaf.com.uti.AppInfoParser] (main) Kafka commitId: f745dfdcee2b9851
2025-08-13 20:15:08,000 INFO  [org.apa.kaf.com.uti.AppInfoParser] (main) Kafka startTimeMs: 1755116108000
**** Registry Base URL: http://registry-app-inmemory.apps.ci419.apicurio-testing.org:80
2025-08-13 20:15:08,001 INFO  [org.apa.kaf.cli.con.ConsumerConfig] (main) ConsumerConfig values: 
	allow.auto.create.topics = true
	auto.commit.interval.ms = 500
	auto.include.jmx.reporter = true
	auto.offset.reset = earliest
	bootstrap.servers = [PLAINTEXT://localhost:32769]
	check.crcs = true
	client.dns.lookup = use_all_dns_ips
	client.id = consumer-Consumer-topic-c327574a_ac6a_431f_9eda_d04abc5848e1-10
	client.rack = 
	connections.max.idle.ms = 10000
	default.api.timeout.ms = 60000
	enable.auto.commit = true
	enable.metrics.push = true
	exclude.internal.topics = true
	fetch.max.bytes = 52428800
	fetch.max.wait.ms = 500
	fetch.min.bytes = 1
	group.id = Consumer-topic-c327574a_ac6a_431f_9eda_d04abc5848e1
	group.instance.id = null
	group.protocol = classic
	group.remote.assignor = null
	heartbeat.interval.ms = 3000
	interceptor.classes = []
	internal.leave.group.on.close = true
	internal.throw.on.fetch.stable.offset.unsupported = false
	isolation.level = read_uncommitted
	key.deserializer = class org.apache.kafka.common.serialization.StringDeserializer
	max.partition.fetch.bytes = 1048576
	max.poll.interval.ms = 300000
	max.poll.records = 500
	metadata.max.age.ms = 300000
	metadata.recovery.strategy = none
	metric.reporters = []
	metrics.num.samples = 2
	metrics.recording.level = INFO
	metrics.sample.window.ms = 30000
	partition.assignment.strategy = [class org.apache.kafka.clients.consumer.RangeAssignor, class org.apache.kafka.clients.consumer.CooperativeStickyAssignor]
	receive.buffer.bytes = 65536
	reconnect.backoff.max.ms = 1000
	reconnect.backoff.ms = 50
	request.timeout.ms = 5000
	retry.backoff.max.ms = 1000
	retry.backoff.ms = 100
	sasl.client.callback.handler.class = null
	sasl.jaas.config = null
	sasl.kerberos.kinit.cmd = /usr/bin/kinit
	sasl.kerberos.min.time.before.relogin = 60000
	sasl.kerberos.service.name = null
	sasl.kerberos.ticket.renew.jitter = 0.05
	sasl.kerberos.ticket.renew.window.factor = 0.8
	sasl.login.callback.handler.class = null
	sasl.login.class = null
	sasl.login.connect.timeout.ms = null
	sasl.login.read.timeout.ms = null
	sasl.login.refresh.buffer.seconds = 300
	sasl.login.refresh.min.period.seconds = 60
	sasl.login.refresh.window.factor = 0.8
	sasl.login.refresh.window.jitter = 0.05
	sasl.login.retry.backoff.max.ms = 10000
	sasl.login.retry.backoff.ms = 100
	sasl.mechanism = GSSAPI
	sasl.oauthbearer.clock.skew.seconds = 30
	sasl.oauthbearer.expected.audience = null
	sasl.oauthbearer.expected.issuer = null
	sasl.oauthbearer.header.urlencode = false
	sasl.oauthbearer.jwks.endpoint.refresh.ms = 3600000
	sasl.oauthbearer.jwks.endpoint.retry.backoff.max.ms = 10000
	sasl.oauthbearer.jwks.endpoint.retry.backoff.ms = 100
	sasl.oauthbearer.jwks.endpoint.url = null
	sasl.oauthbearer.scope.claim.name = scope
	sasl.oauthbearer.sub.claim.name = sub
	sasl.oauthbearer.token.endpoint.url = null
	security.protocol = PLAINTEXT
	security.providers = null
	send.buffer.bytes = 131072
	session.timeout.ms = 45000
	socket.connection.setup.timeout.max.ms = 30000
	socket.connection.setup.timeout.ms = 10000
	ssl.cipher.suites = null
	ssl.enabled.protocols = [TLSv1.2, TLSv1.3]
	ssl.endpoint.identification.algorithm = https
	ssl.engine.factory.class = null
	ssl.key.password = null
	ssl.keymanager.algorithm = SunX509
	ssl.keystore.certificate.chain = null
	ssl.keystore.key = null
	ssl.keystore.location = null
	ssl.keystore.password = null
	ssl.keystore.type = JKS
	ssl.protocol = TLSv1.3
	ssl.provider = null
	ssl.secure.random.implementation = null
	ssl.trustmanager.algorithm = PKIX
	ssl.truststore.certificates = null
	ssl.truststore.location = null
	ssl.truststore.password = null
	ssl.truststore.type = JKS
	value.deserializer = class io.apicurio.registry.serde.avro.AvroKafkaDeserializer

2025-08-13 20:15:08,001 INFO  [org.apa.kaf.com.tel.int.KafkaMetricsCollector] (main) initializing Kafka metrics collector
2025-08-13 20:15:08,004 INFO  [org.apa.kaf.cli.Metadata] (kafka-producer-network-thread | Producer-topic-c327574a_ac6a_431f_9eda_d04abc5848e1) [Producer clientId=Producer-topic-c327574a_ac6a_431f_9eda_d04abc5848e1] Cluster ID: deU1wVjgTqiYBiPhrFjcdg
2025-08-13 20:15:08,004 INFO  [org.apa.kaf.cli.pro.int.TransactionManager] (kafka-producer-network-thread | Producer-topic-c327574a_ac6a_431f_9eda_d04abc5848e1) [Producer clientId=Producer-topic-c327574a_ac6a_431f_9eda_d04abc5848e1] ProducerId set to 12 with epoch 0
2025-08-13 20:15:08,008 INFO  [org.apa.kaf.cli.con.ConsumerConfig] (main) These configurations '[apicurio.registry.url]' were supplied but are not used yet.
2025-08-13 20:15:08,008 INFO  [org.apa.kaf.com.uti.AppInfoParser] (main) Kafka version: 3.9.1
2025-08-13 20:15:08,008 INFO  [org.apa.kaf.com.uti.AppInfoParser] (main) Kafka commitId: f745dfdcee2b9851
2025-08-13 20:15:08,008 INFO  [org.apa.kaf.com.uti.AppInfoParser] (main) Kafka startTimeMs: 1755116108008
2025-08-13 20:15:08,008 INFO  [io.api.tes.ser.api.KafkaSerdesTester] (ForkJoinPool.commonPool-worker-1) Sending message {"key11755116106936": "value-0"} to topic topic-c327574a_ac6a_431f_9eda_d04abc5848e1
2025-08-13 20:15:08,011 INFO  [DefaultSchemaResolver] (ForkJoinPool.commonPool-worker-1) Retrieving schema content using string: {"type":"record","name":"s5686e373x2047x41ffx9ac6x3288c91d353f","namespace":"ns_0ddf0b7b_597a_4a9a_ae56_03721e07f813","fields":[{"name":"key11755116106936","type":"string"}]}
2025-08-13 20:15:08,278 INFO  [io.api.tes.ser.api.KafkaSerdesTester] (ForkJoinPool.commonPool-worker-1) Sending message {"key11755116106936": "value-1"} to topic topic-c327574a_ac6a_431f_9eda_d04abc5848e1
2025-08-13 20:15:08,280 INFO  [io.api.tes.ser.api.KafkaSerdesTester] (ForkJoinPool.commonPool-worker-1) Sending message {"key11755116106936": "value-2"} to topic topic-c327574a_ac6a_431f_9eda_d04abc5848e1
2025-08-13 20:15:08,281 INFO  [io.api.tes.ser.api.KafkaSerdesTester] (ForkJoinPool.commonPool-worker-1) Sending message {"key11755116106936": "value-3"} to topic topic-c327574a_ac6a_431f_9eda_d04abc5848e1
2025-08-13 20:15:08,282 INFO  [io.api.tes.ser.api.KafkaSerdesTester] (ForkJoinPool.commonPool-worker-1) Sending message {"key11755116106936": "value-4"} to topic topic-c327574a_ac6a_431f_9eda_d04abc5848e1
2025-08-13 20:15:08,283 INFO  [io.api.tes.ser.api.KafkaSerdesTester] (ForkJoinPool.commonPool-worker-1) Sending message {"key11755116106936": "value-5"} to topic topic-c327574a_ac6a_431f_9eda_d04abc5848e1
2025-08-13 20:15:08,284 INFO  [io.api.tes.ser.api.KafkaSerdesTester] (ForkJoinPool.commonPool-worker-1) Sending message {"key11755116106936": "value-6"} to topic topic-c327574a_ac6a_431f_9eda_d04abc5848e1
2025-08-13 20:15:08,286 INFO  [io.api.tes.ser.api.KafkaSerdesTester] (ForkJoinPool.commonPool-worker-1) Sending message {"key11755116106936": "value-7"} to topic topic-c327574a_ac6a_431f_9eda_d04abc5848e1
2025-08-13 20:15:08,287 INFO  [io.api.tes.ser.api.KafkaSerdesTester] (ForkJoinPool.commonPool-worker-1) Sending message {"key11755116106936": "value-8"} to topic topic-c327574a_ac6a_431f_9eda_d04abc5848e1
2025-08-13 20:15:08,288 INFO  [io.api.tes.ser.api.KafkaSerdesTester] (ForkJoinPool.commonPool-worker-1) Sending message {"key11755116106936": "value-9"} to topic topic-c327574a_ac6a_431f_9eda_d04abc5848e1
2025-08-13 20:15:08,289 INFO  [io.api.tes.ser.api.KafkaSerdesTester] (ForkJoinPool.commonPool-worker-1) Produced 10 messages
2025-08-13 20:15:08,289 INFO  [org.apa.kaf.cli.pro.KafkaProducer] (ForkJoinPool.commonPool-worker-1) [Producer clientId=Producer-topic-c327574a_ac6a_431f_9eda_d04abc5848e1] Closing the Kafka producer with timeoutMillis = 9223372036854775807 ms.
2025-08-13 20:15:08,291 INFO  [org.apa.kaf.com.met.Metrics] (ForkJoinPool.commonPool-worker-1) Metrics scheduler closed
2025-08-13 20:15:08,291 INFO  [org.apa.kaf.com.met.Metrics] (ForkJoinPool.commonPool-worker-1) Closing reporter org.apache.kafka.common.metrics.JmxReporter
2025-08-13 20:15:08,291 INFO  [org.apa.kaf.com.met.Metrics] (ForkJoinPool.commonPool-worker-1) Closing reporter org.apache.kafka.common.telemetry.internals.ClientTelemetryReporter
2025-08-13 20:15:08,291 INFO  [org.apa.kaf.com.met.Metrics] (ForkJoinPool.commonPool-worker-1) Metrics reporters closed
2025-08-13 20:15:08,291 INFO  [org.apa.kaf.com.uti.AppInfoParser] (ForkJoinPool.commonPool-worker-1) App info kafka.producer for Producer-topic-c327574a_ac6a_431f_9eda_d04abc5848e1 unregistered
2025-08-13 20:15:08,292 INFO  [org.apa.kaf.cli.con.int.ClassicKafkaConsumer] (ForkJoinPool.commonPool-worker-1) [Consumer clientId=consumer-Consumer-topic-c327574a_ac6a_431f_9eda_d04abc5848e1-10, groupId=Consumer-topic-c327574a_ac6a_431f_9eda_d04abc5848e1] Subscribed to topic(s): topic-c327574a_ac6a_431f_9eda_d04abc5848e1
2025-08-13 20:15:08,295 INFO  [org.apa.kaf.cli.Metadata] (ForkJoinPool.commonPool-worker-1) [Consumer clientId=consumer-Consumer-topic-c327574a_ac6a_431f_9eda_d04abc5848e1-10, groupId=Consumer-topic-c327574a_ac6a_431f_9eda_d04abc5848e1] Cluster ID: deU1wVjgTqiYBiPhrFjcdg
2025-08-13 20:15:08,296 INFO  [org.apa.kaf.cli.con.int.ConsumerCoordinator] (ForkJoinPool.commonPool-worker-1) [Consumer clientId=consumer-Consumer-topic-c327574a_ac6a_431f_9eda_d04abc5848e1-10, groupId=Consumer-topic-c327574a_ac6a_431f_9eda_d04abc5848e1] Discovered group coordinator localhost:32769 (id: 2147483647 rack: null)
2025-08-13 20:15:08,297 INFO  [org.apa.kaf.cli.con.int.ConsumerCoordinator] (ForkJoinPool.commonPool-worker-1) [Consumer clientId=consumer-Consumer-topic-c327574a_ac6a_431f_9eda_d04abc5848e1-10, groupId=Consumer-topic-c327574a_ac6a_431f_9eda_d04abc5848e1] (Re-)joining group
2025-08-13 20:15:08,300 INFO  [org.apa.kaf.cli.con.int.ConsumerCoordinator] (ForkJoinPool.commonPool-worker-1) [Consumer clientId=consumer-Consumer-topic-c327574a_ac6a_431f_9eda_d04abc5848e1-10, groupId=Consumer-topic-c327574a_ac6a_431f_9eda_d04abc5848e1] Request joining group due to: need to re-join with the given member-id: consumer-Consumer-topic-c327574a_ac6a_431f_9eda_d04abc5848e1-10-ff9842c7-be5c-4823-ac7b-91dc6e8783d1
2025-08-13 20:15:08,300 INFO  [org.apa.kaf.cli.con.int.ConsumerCoordinator] (ForkJoinPool.commonPool-worker-1) [Consumer clientId=consumer-Consumer-topic-c327574a_ac6a_431f_9eda_d04abc5848e1-10, groupId=Consumer-topic-c327574a_ac6a_431f_9eda_d04abc5848e1] (Re-)joining group
2025-08-13 20:15:09,292 INFO  [io.api.tes.ser.api.KafkaSerdesTester] (ForkJoinPool.commonPool-worker-1) None found
2025-08-13 20:15:10,293 INFO  [io.api.tes.ser.api.KafkaSerdesTester] (ForkJoinPool.commonPool-worker-1) None found
2025-08-13 20:15:11,293 INFO  [io.api.tes.ser.api.KafkaSerdesTester] (ForkJoinPool.commonPool-worker-1) None found
2025-08-13 20:15:11,302 INFO  [org.apa.kaf.cli.con.int.ConsumerCoordinator] (ForkJoinPool.commonPool-worker-1) [Consumer clientId=consumer-Consumer-topic-c327574a_ac6a_431f_9eda_d04abc5848e1-10, groupId=Consumer-topic-c327574a_ac6a_431f_9eda_d04abc5848e1] Successfully joined group with generation Generation{generationId=1, memberId='consumer-Consumer-topic-c327574a_ac6a_431f_9eda_d04abc5848e1-10-ff9842c7-be5c-4823-ac7b-91dc6e8783d1', protocol='range'}
2025-08-13 20:15:11,302 INFO  [org.apa.kaf.cli.con.int.ConsumerCoordinator] (ForkJoinPool.commonPool-worker-1) [Consumer clientId=consumer-Consumer-topic-c327574a_ac6a_431f_9eda_d04abc5848e1-10, groupId=Consumer-topic-c327574a_ac6a_431f_9eda_d04abc5848e1] Finished assignment for group at generation 1: {consumer-Consumer-topic-c327574a_ac6a_431f_9eda_d04abc5848e1-10-ff9842c7-be5c-4823-ac7b-91dc6e8783d1=Assignment(partitions=[topic-c327574a_ac6a_431f_9eda_d04abc5848e1-0])}
2025-08-13 20:15:11,309 INFO  [org.apa.kaf.cli.con.int.ConsumerCoordinator] (ForkJoinPool.commonPool-worker-1) [Consumer clientId=consumer-Consumer-topic-c327574a_ac6a_431f_9eda_d04abc5848e1-10, groupId=Consumer-topic-c327574a_ac6a_431f_9eda_d04abc5848e1] Successfully synced group in generation Generation{generationId=1, memberId='consumer-Consumer-topic-c327574a_ac6a_431f_9eda_d04abc5848e1-10-ff9842c7-be5c-4823-ac7b-91dc6e8783d1', protocol='range'}
2025-08-13 20:15:11,309 INFO  [org.apa.kaf.cli.con.int.ConsumerCoordinator] (ForkJoinPool.commonPool-worker-1) [Consumer clientId=consumer-Consumer-topic-c327574a_ac6a_431f_9eda_d04abc5848e1-10, groupId=Consumer-topic-c327574a_ac6a_431f_9eda_d04abc5848e1] Notifying assignor about the new Assignment(partitions=[topic-c327574a_ac6a_431f_9eda_d04abc5848e1-0])
2025-08-13 20:15:11,309 INFO  [org.apa.kaf.cli.con.int.ConsumerRebalanceListenerInvoker] (ForkJoinPool.commonPool-worker-1) [Consumer clientId=consumer-Consumer-topic-c327574a_ac6a_431f_9eda_d04abc5848e1-10, groupId=Consumer-topic-c327574a_ac6a_431f_9eda_d04abc5848e1] Adding newly assigned partitions: topic-c327574a_ac6a_431f_9eda_d04abc5848e1-0
2025-08-13 20:15:11,310 INFO  [org.apa.kaf.cli.con.int.ConsumerCoordinator] (ForkJoinPool.commonPool-worker-1) [Consumer clientId=consumer-Consumer-topic-c327574a_ac6a_431f_9eda_d04abc5848e1-10, groupId=Consumer-topic-c327574a_ac6a_431f_9eda_d04abc5848e1] Found no committed offset for partition topic-c327574a_ac6a_431f_9eda_d04abc5848e1-0
2025-08-13 20:15:11,313 INFO  [org.apa.kaf.cli.con.int.SubscriptionState] (ForkJoinPool.commonPool-worker-1) [Consumer clientId=consumer-Consumer-topic-c327574a_ac6a_431f_9eda_d04abc5848e1-10, groupId=Consumer-topic-c327574a_ac6a_431f_9eda_d04abc5848e1] Resetting offset for partition topic-c327574a_ac6a_431f_9eda_d04abc5848e1-0 to position FetchPosition{offset=0, offsetEpoch=Optional.empty, currentLeader=LeaderAndEpoch{leader=Optional[localhost:32769 (id: 0 rack: null)], epoch=0}}.
2025-08-13 20:15:11,389 INFO  [io.api.tes.ser.api.KafkaSerdesTester] (ForkJoinPool.commonPool-worker-1) topic-c327574a_ac6a_431f_9eda_d04abc5848e1 0 0 {"key11755116106936": "value-0"}
2025-08-13 20:15:11,389 INFO  [io.api.tes.ser.api.KafkaSerdesTester] (ForkJoinPool.commonPool-worker-1) topic-c327574a_ac6a_431f_9eda_d04abc5848e1 0 1 {"key11755116106936": "value-1"}
2025-08-13 20:15:11,389 INFO  [io.api.tes.ser.api.KafkaSerdesTester] (ForkJoinPool.commonPool-worker-1) topic-c327574a_ac6a_431f_9eda_d04abc5848e1 0 2 {"key11755116106936": "value-2"}
2025-08-13 20:15:11,389 INFO  [io.api.tes.ser.api.KafkaSerdesTester] (ForkJoinPool.commonPool-worker-1) topic-c327574a_ac6a_431f_9eda_d04abc5848e1 0 3 {"key11755116106936": "value-3"}
2025-08-13 20:15:11,389 INFO  [io.api.tes.ser.api.KafkaSerdesTester] (ForkJoinPool.commonPool-worker-1) topic-c327574a_ac6a_431f_9eda_d04abc5848e1 0 4 {"key11755116106936": "value-4"}
2025-08-13 20:15:11,389 INFO  [io.api.tes.ser.api.KafkaSerdesTester] (ForkJoinPool.commonPool-worker-1) topic-c327574a_ac6a_431f_9eda_d04abc5848e1 0 5 {"key11755116106936": "value-5"}
2025-08-13 20:15:11,389 INFO  [io.api.tes.ser.api.KafkaSerdesTester] (ForkJoinPool.commonPool-worker-1) topic-c327574a_ac6a_431f_9eda_d04abc5848e1 0 6 {"key11755116106936": "value-6"}
2025-08-13 20:15:11,389 INFO  [io.api.tes.ser.api.KafkaSerdesTester] (ForkJoinPool.commonPool-worker-1) topic-c327574a_ac6a_431f_9eda_d04abc5848e1 0 7 {"key11755116106936": "value-7"}
2025-08-13 20:15:11,389 INFO  [io.api.tes.ser.api.KafkaSerdesTester] (ForkJoinPool.commonPool-worker-1) topic-c327574a_ac6a_431f_9eda_d04abc5848e1 0 8 {"key11755116106936": "value-8"}
2025-08-13 20:15:11,389 INFO  [io.api.tes.ser.api.KafkaSerdesTester] (ForkJoinPool.commonPool-worker-1) topic-c327574a_ac6a_431f_9eda_d04abc5848e1 0 9 {"key11755116106936": "value-9"}
2025-08-13 20:15:11,389 INFO  [io.api.tes.ser.api.KafkaSerdesTester] (ForkJoinPool.commonPool-worker-1) Consumed 10 messages
2025-08-13 20:15:11,396 INFO  [org.apa.kaf.cli.con.int.ConsumerRebalanceListenerInvoker] (ForkJoinPool.commonPool-worker-1) [Consumer clientId=consumer-Consumer-topic-c327574a_ac6a_431f_9eda_d04abc5848e1-10, groupId=Consumer-topic-c327574a_ac6a_431f_9eda_d04abc5848e1] Revoke previously assigned partitions topic-c327574a_ac6a_431f_9eda_d04abc5848e1-0
2025-08-13 20:15:11,397 INFO  [org.apa.kaf.cli.con.int.ConsumerCoordinator] (ForkJoinPool.commonPool-worker-1) [Consumer clientId=consumer-Consumer-topic-c327574a_ac6a_431f_9eda_d04abc5848e1-10, groupId=Consumer-topic-c327574a_ac6a_431f_9eda_d04abc5848e1] Member consumer-Consumer-topic-c327574a_ac6a_431f_9eda_d04abc5848e1-10-ff9842c7-be5c-4823-ac7b-91dc6e8783d1 sending LeaveGroup request to coordinator localhost:32769 (id: 2147483647 rack: null) due to the consumer is being closed
2025-08-13 20:15:11,397 INFO  [org.apa.kaf.cli.con.int.ConsumerCoordinator] (ForkJoinPool.commonPool-worker-1) [Consumer clientId=consumer-Consumer-topic-c327574a_ac6a_431f_9eda_d04abc5848e1-10, groupId=Consumer-topic-c327574a_ac6a_431f_9eda_d04abc5848e1] Resetting generation and member id due to: consumer pro-actively leaving the group
2025-08-13 20:15:11,397 INFO  [org.apa.kaf.cli.con.int.ConsumerCoordinator] (ForkJoinPool.commonPool-worker-1) [Consumer clientId=consumer-Consumer-topic-c327574a_ac6a_431f_9eda_d04abc5848e1-10, groupId=Consumer-topic-c327574a_ac6a_431f_9eda_d04abc5848e1] Request joining group due to: consumer pro-actively leaving the group
2025-08-13 20:15:11,892 INFO  [org.apa.kaf.com.met.Metrics] (ForkJoinPool.commonPool-worker-1) Metrics scheduler closed
2025-08-13 20:15:11,892 INFO  [org.apa.kaf.com.met.Metrics] (ForkJoinPool.commonPool-worker-1) Closing reporter org.apache.kafka.common.metrics.JmxReporter
2025-08-13 20:15:11,892 INFO  [org.apa.kaf.com.met.Metrics] (ForkJoinPool.commonPool-worker-1) Closing reporter org.apache.kafka.common.telemetry.internals.ClientTelemetryReporter
2025-08-13 20:15:11,892 INFO  [org.apa.kaf.com.met.Metrics] (ForkJoinPool.commonPool-worker-1) Metrics reporters closed
2025-08-13 20:15:11,893 INFO  [org.apa.kaf.com.uti.AppInfoParser] (ForkJoinPool.commonPool-worker-1) App info kafka.consumer for consumer-Consumer-topic-c327574a_ac6a_431f_9eda_d04abc5848e1-10 unregistered
2025-08-13 20:15:11,894 INFO  [io.api.tes.ser.api.AvroSerdeIT] (main) Registering Avro Schema 2: {"type":"record","name":"s5686e373x2047x41ffx9ac6x3288c91d353f","namespace":"ns_0ddf0b7b_597a_4a9a_ae56_03721e07f813","fields":[{"name":"key11755116106936","type":"string"},{"name":"key21755116111894","type":"string"}]}
**** Registry Base URL: http://registry-app-inmemory.apps.ci419.apicurio-testing.org:80
2025-08-13 20:15:12,951 INFO  [org.apa.kaf.cli.pro.ProducerConfig] (main) ProducerConfig values: 
	acks = -1
	auto.include.jmx.reporter = true
	batch.size = 16384
	bootstrap.servers = [PLAINTEXT://localhost:32769]
	buffer.memory = 33554432
	client.dns.lookup = use_all_dns_ips
	client.id = Producer-topic-c327574a_ac6a_431f_9eda_d04abc5848e1
	compression.gzip.level = -1
	compression.lz4.level = 9
	compression.type = none
	compression.zstd.level = 3
	connections.max.idle.ms = 10000
	delivery.timeout.ms = 120000
	enable.idempotence = true
	enable.metrics.push = true
	interceptor.classes = []
	key.serializer = class org.apache.kafka.common.serialization.StringSerializer
	linger.ms = 0
	max.block.ms = 60000
	max.in.flight.requests.per.connection = 5
	max.request.size = 1048576
	metadata.max.age.ms = 300000
	metadata.max.idle.ms = 300000
	metadata.recovery.strategy = none
	metric.reporters = []
	metrics.num.samples = 2
	metrics.recording.level = INFO
	metrics.sample.window.ms = 30000
	partitioner.adaptive.partitioning.enable = true
	partitioner.availability.timeout.ms = 0
	partitioner.class = null
	partitioner.ignore.keys = false
	receive.buffer.bytes = 32768
	reconnect.backoff.max.ms = 1000
	reconnect.backoff.ms = 50
	request.timeout.ms = 5000
	retries = 2147483647
	retry.backoff.max.ms = 1000
	retry.backoff.ms = 100
	sasl.client.callback.handler.class = null
	sasl.jaas.config = null
	sasl.kerberos.kinit.cmd = /usr/bin/kinit
	sasl.kerberos.min.time.before.relogin = 60000
	sasl.kerberos.service.name = null
	sasl.kerberos.ticket.renew.jitter = 0.05
	sasl.kerberos.ticket.renew.window.factor = 0.8
	sasl.login.callback.handler.class = null
	sasl.login.class = null
	sasl.login.connect.timeout.ms = null
	sasl.login.read.timeout.ms = null
	sasl.login.refresh.buffer.seconds = 300
	sasl.login.refresh.min.period.seconds = 60
	sasl.login.refresh.window.factor = 0.8
	sasl.login.refresh.window.jitter = 0.05
	sasl.login.retry.backoff.max.ms = 10000
	sasl.login.retry.backoff.ms = 100
	sasl.mechanism = GSSAPI
	sasl.oauthbearer.clock.skew.seconds = 30
	sasl.oauthbearer.expected.audience = null
	sasl.oauthbearer.expected.issuer = null
	sasl.oauthbearer.header.urlencode = false
	sasl.oauthbearer.jwks.endpoint.refresh.ms = 3600000
	sasl.oauthbearer.jwks.endpoint.retry.backoff.max.ms = 10000
	sasl.oauthbearer.jwks.endpoint.retry.backoff.ms = 100
	sasl.oauthbearer.jwks.endpoint.url = null
	sasl.oauthbearer.scope.claim.name = scope
	sasl.oauthbearer.sub.claim.name = sub
	sasl.oauthbearer.token.endpoint.url = null
	security.protocol = PLAINTEXT
	security.providers = null
	send.buffer.bytes = 131072
	socket.connection.setup.timeout.max.ms = 30000
	socket.connection.setup.timeout.ms = 10000
	ssl.cipher.suites = null
	ssl.enabled.protocols = [TLSv1.2, TLSv1.3]
	ssl.endpoint.identification.algorithm = https
	ssl.engine.factory.class = null
	ssl.key.password = null
	ssl.keymanager.algorithm = SunX509
	ssl.keystore.certificate.chain = null
	ssl.keystore.key = null
	ssl.keystore.location = null
	ssl.keystore.password = null
	ssl.keystore.type = JKS
	ssl.protocol = TLSv1.3
	ssl.provider = null
	ssl.secure.random.implementation = null
	ssl.trustmanager.algorithm = PKIX
	ssl.truststore.certificates = null
	ssl.truststore.location = null
	ssl.truststore.password = null
	ssl.truststore.type = JKS
	transaction.timeout.ms = 60000
	transactional.id = null
	value.serializer = class io.apicurio.registry.serde.avro.AvroKafkaSerializer

2025-08-13 20:15:12,951 INFO  [org.apa.kaf.com.tel.int.KafkaMetricsCollector] (main) initializing Kafka metrics collector
2025-08-13 20:15:12,954 INFO  [org.apa.kaf.cli.pro.KafkaProducer] (main) [Producer clientId=Producer-topic-c327574a_ac6a_431f_9eda_d04abc5848e1] Instantiated an idempotent producer.
2025-08-13 20:15:12,955 INFO  [org.apa.kaf.cli.pro.ProducerConfig] (main) These configurations '[apicurio.registry.url, apicurio.registry.artifact-resolver-strategy]' were supplied but are not used yet.
2025-08-13 20:15:12,955 INFO  [org.apa.kaf.com.uti.AppInfoParser] (main) Kafka version: 3.9.1
2025-08-13 20:15:12,956 INFO  [org.apa.kaf.com.uti.AppInfoParser] (main) Kafka commitId: f745dfdcee2b9851
2025-08-13 20:15:12,956 INFO  [org.apa.kaf.com.uti.AppInfoParser] (main) Kafka startTimeMs: 1755116112955
2025-08-13 20:15:12,956 INFO  [io.api.tes.ser.api.KafkaSerdesTester] (ForkJoinPool.commonPool-worker-1) Sending message {"key11755116106936": "value-0", "key21755116111894": "value-0"} to topic topic-c327574a_ac6a_431f_9eda_d04abc5848e1
2025-08-13 20:15:12,959 INFO  [org.apa.kaf.cli.Metadata] (kafka-producer-network-thread | Producer-topic-c327574a_ac6a_431f_9eda_d04abc5848e1) [Producer clientId=Producer-topic-c327574a_ac6a_431f_9eda_d04abc5848e1] Cluster ID: deU1wVjgTqiYBiPhrFjcdg
2025-08-13 20:15:12,959 INFO  [org.apa.kaf.cli.pro.int.TransactionManager] (kafka-producer-network-thread | Producer-topic-c327574a_ac6a_431f_9eda_d04abc5848e1) [Producer clientId=Producer-topic-c327574a_ac6a_431f_9eda_d04abc5848e1] ProducerId set to 13 with epoch 0
2025-08-13 20:15:12,959 INFO  [DefaultSchemaResolver] (ForkJoinPool.commonPool-worker-1) Retrieving schema content using string: {"type":"record","name":"s5686e373x2047x41ffx9ac6x3288c91d353f","namespace":"ns_0ddf0b7b_597a_4a9a_ae56_03721e07f813","fields":[{"name":"key11755116106936","type":"string"},{"name":"key21755116111894","type":"string"}]}
2025-08-13 20:15:13,016 INFO  [io.api.tes.ser.api.KafkaSerdesTester] (ForkJoinPool.commonPool-worker-1) Sending message {"key11755116106936": "value-1", "key21755116111894": "value-1"} to topic topic-c327574a_ac6a_431f_9eda_d04abc5848e1
2025-08-13 20:15:13,019 INFO  [io.api.tes.ser.api.KafkaSerdesTester] (ForkJoinPool.commonPool-worker-1) Sending message {"key11755116106936": "value-2", "key21755116111894": "value-2"} to topic topic-c327574a_ac6a_431f_9eda_d04abc5848e1
2025-08-13 20:15:13,021 INFO  [io.api.tes.ser.api.KafkaSerdesTester] (ForkJoinPool.commonPool-worker-1) Sending message {"key11755116106936": "value-3", "key21755116111894": "value-3"} to topic topic-c327574a_ac6a_431f_9eda_d04abc5848e1
2025-08-13 20:15:13,023 INFO  [io.api.tes.ser.api.KafkaSerdesTester] (ForkJoinPool.commonPool-worker-1) Sending message {"key11755116106936": "value-4", "key21755116111894": "value-4"} to topic topic-c327574a_ac6a_431f_9eda_d04abc5848e1
2025-08-13 20:15:13,025 INFO  [io.api.tes.ser.api.KafkaSerdesTester] (ForkJoinPool.commonPool-worker-1) Sending message {"key11755116106936": "value-5", "key21755116111894": "value-5"} to topic topic-c327574a_ac6a_431f_9eda_d04abc5848e1
2025-08-13 20:15:13,026 INFO  [io.api.tes.ser.api.KafkaSerdesTester] (ForkJoinPool.commonPool-worker-1) Sending message {"key11755116106936": "value-6", "key21755116111894": "value-6"} to topic topic-c327574a_ac6a_431f_9eda_d04abc5848e1
2025-08-13 20:15:13,028 INFO  [io.api.tes.ser.api.KafkaSerdesTester] (ForkJoinPool.commonPool-worker-1) Sending message {"key11755116106936": "value-7", "key21755116111894": "value-7"} to topic topic-c327574a_ac6a_431f_9eda_d04abc5848e1
2025-08-13 20:15:13,030 INFO  [io.api.tes.ser.api.KafkaSerdesTester] (ForkJoinPool.commonPool-worker-1) Sending message {"key11755116106936": "value-8", "key21755116111894": "value-8"} to topic topic-c327574a_ac6a_431f_9eda_d04abc5848e1
2025-08-13 20:15:13,031 INFO  [io.api.tes.ser.api.KafkaSerdesTester] (ForkJoinPool.commonPool-worker-1) Sending message {"key11755116106936": "value-9", "key21755116111894": "value-9"} to topic topic-c327574a_ac6a_431f_9eda_d04abc5848e1
2025-08-13 20:15:13,032 INFO  [io.api.tes.ser.api.KafkaSerdesTester] (ForkJoinPool.commonPool-worker-1) Produced 10 messages
2025-08-13 20:15:13,032 INFO  [org.apa.kaf.cli.pro.KafkaProducer] (ForkJoinPool.commonPool-worker-1) [Producer clientId=Producer-topic-c327574a_ac6a_431f_9eda_d04abc5848e1] Closing the Kafka producer with timeoutMillis = 9223372036854775807 ms.
2025-08-13 20:15:13,034 INFO  [org.apa.kaf.com.met.Metrics] (ForkJoinPool.commonPool-worker-1) Metrics scheduler closed
2025-08-13 20:15:13,034 INFO  [org.apa.kaf.com.met.Metrics] (ForkJoinPool.commonPool-worker-1) Closing reporter org.apache.kafka.common.metrics.JmxReporter
2025-08-13 20:15:13,034 INFO  [org.apa.kaf.com.met.Metrics] (ForkJoinPool.commonPool-worker-1) Closing reporter org.apache.kafka.common.telemetry.internals.ClientTelemetryReporter
2025-08-13 20:15:13,034 INFO  [org.apa.kaf.com.met.Metrics] (ForkJoinPool.commonPool-worker-1) Metrics reporters closed
2025-08-13 20:15:13,034 INFO  [org.apa.kaf.com.uti.AppInfoParser] (ForkJoinPool.commonPool-worker-1) App info kafka.producer for Producer-topic-c327574a_ac6a_431f_9eda_d04abc5848e1 unregistered
**** Registry Base URL: http://registry-app-inmemory.apps.ci419.apicurio-testing.org:80
2025-08-13 20:15:13,035 INFO  [org.apa.kaf.cli.pro.ProducerConfig] (main) ProducerConfig values: 
	acks = -1
	auto.include.jmx.reporter = true
	batch.size = 16384
	bootstrap.servers = [PLAINTEXT://localhost:32769]
	buffer.memory = 33554432
	client.dns.lookup = use_all_dns_ips
	client.id = Producer-topic-c327574a_ac6a_431f_9eda_d04abc5848e1
	compression.gzip.level = -1
	compression.lz4.level = 9
	compression.type = none
	compression.zstd.level = 3
	connections.max.idle.ms = 10000
	delivery.timeout.ms = 120000
	enable.idempotence = true
	enable.metrics.push = true
	interceptor.classes = []
	key.serializer = class org.apache.kafka.common.serialization.StringSerializer
	linger.ms = 0
	max.block.ms = 60000
	max.in.flight.requests.per.connection = 5
	max.request.size = 1048576
	metadata.max.age.ms = 300000
	metadata.max.idle.ms = 300000
	metadata.recovery.strategy = none
	metric.reporters = []
	metrics.num.samples = 2
	metrics.recording.level = INFO
	metrics.sample.window.ms = 30000
	partitioner.adaptive.partitioning.enable = true
	partitioner.availability.timeout.ms = 0
	partitioner.class = null
	partitioner.ignore.keys = false
	receive.buffer.bytes = 32768
	reconnect.backoff.max.ms = 1000
	reconnect.backoff.ms = 50
	request.timeout.ms = 5000
	retries = 2147483647
	retry.backoff.max.ms = 1000
	retry.backoff.ms = 100
	sasl.client.callback.handler.class = null
	sasl.jaas.config = null
	sasl.kerberos.kinit.cmd = /usr/bin/kinit
	sasl.kerberos.min.time.before.relogin = 60000
	sasl.kerberos.service.name = null
	sasl.kerberos.ticket.renew.jitter = 0.05
	sasl.kerberos.ticket.renew.window.factor = 0.8
	sasl.login.callback.handler.class = null
	sasl.login.class = null
	sasl.login.connect.timeout.ms = null
	sasl.login.read.timeout.ms = null
	sasl.login.refresh.buffer.seconds = 300
	sasl.login.refresh.min.period.seconds = 60
	sasl.login.refresh.window.factor = 0.8
	sasl.login.refresh.window.jitter = 0.05
	sasl.login.retry.backoff.max.ms = 10000
	sasl.login.retry.backoff.ms = 100
	sasl.mechanism = GSSAPI
	sasl.oauthbearer.clock.skew.seconds = 30
	sasl.oauthbearer.expected.audience = null
	sasl.oauthbearer.expected.issuer = null
	sasl.oauthbearer.header.urlencode = false
	sasl.oauthbearer.jwks.endpoint.refresh.ms = 3600000
	sasl.oauthbearer.jwks.endpoint.retry.backoff.max.ms = 10000
	sasl.oauthbearer.jwks.endpoint.retry.backoff.ms = 100
	sasl.oauthbearer.jwks.endpoint.url = null
	sasl.oauthbearer.scope.claim.name = scope
	sasl.oauthbearer.sub.claim.name = sub
	sasl.oauthbearer.token.endpoint.url = null
	security.protocol = PLAINTEXT
	security.providers = null
	send.buffer.bytes = 131072
	socket.connection.setup.timeout.max.ms = 30000
	socket.connection.setup.timeout.ms = 10000
	ssl.cipher.suites = null
	ssl.enabled.protocols = [TLSv1.2, TLSv1.3]
	ssl.endpoint.identification.algorithm = https
	ssl.engine.factory.class = null
	ssl.key.password = null
	ssl.keymanager.algorithm = SunX509
	ssl.keystore.certificate.chain = null
	ssl.keystore.key = null
	ssl.keystore.location = null
	ssl.keystore.password = null
	ssl.keystore.type = JKS
	ssl.protocol = TLSv1.3
	ssl.provider = null
	ssl.secure.random.implementation = null
	ssl.trustmanager.algorithm = PKIX
	ssl.truststore.certificates = null
	ssl.truststore.location = null
	ssl.truststore.password = null
	ssl.truststore.type = JKS
	transaction.timeout.ms = 60000
	transactional.id = null
	value.serializer = class io.apicurio.registry.serde.avro.AvroKafkaSerializer

2025-08-13 20:15:13,035 INFO  [org.apa.kaf.com.tel.int.KafkaMetricsCollector] (main) initializing Kafka metrics collector
2025-08-13 20:15:13,039 INFO  [org.apa.kaf.cli.pro.KafkaProducer] (main) [Producer clientId=Producer-topic-c327574a_ac6a_431f_9eda_d04abc5848e1] Instantiated an idempotent producer.
2025-08-13 20:15:13,041 INFO  [org.apa.kaf.cli.pro.ProducerConfig] (main) These configurations '[apicurio.registry.url, apicurio.registry.artifact-resolver-strategy]' were supplied but are not used yet.
2025-08-13 20:15:13,041 INFO  [org.apa.kaf.com.uti.AppInfoParser] (main) Kafka version: 3.9.1
2025-08-13 20:15:13,042 INFO  [org.apa.kaf.com.uti.AppInfoParser] (main) Kafka commitId: f745dfdcee2b9851
2025-08-13 20:15:13,042 INFO  [org.apa.kaf.com.uti.AppInfoParser] (main) Kafka startTimeMs: 1755116113041
2025-08-13 20:15:13,042 INFO  [io.api.tes.ser.api.KafkaSerdesTester] (ForkJoinPool.commonPool-worker-1) Sending message {"key11755116106936": "value-0"} to topic topic-c327574a_ac6a_431f_9eda_d04abc5848e1
2025-08-13 20:15:13,045 INFO  [org.apa.kaf.cli.Metadata] (kafka-producer-network-thread | Producer-topic-c327574a_ac6a_431f_9eda_d04abc5848e1) [Producer clientId=Producer-topic-c327574a_ac6a_431f_9eda_d04abc5848e1] Cluster ID: deU1wVjgTqiYBiPhrFjcdg
2025-08-13 20:15:13,045 INFO  [org.apa.kaf.cli.pro.int.TransactionManager] (kafka-producer-network-thread | Producer-topic-c327574a_ac6a_431f_9eda_d04abc5848e1) [Producer clientId=Producer-topic-c327574a_ac6a_431f_9eda_d04abc5848e1] ProducerId set to 14 with epoch 0
2025-08-13 20:15:13,045 INFO  [DefaultSchemaResolver] (ForkJoinPool.commonPool-worker-1) Retrieving schema content using string: {"type":"record","name":"s5686e373x2047x41ffx9ac6x3288c91d353f","namespace":"ns_0ddf0b7b_597a_4a9a_ae56_03721e07f813","fields":[{"name":"key11755116106936","type":"string"}]}
2025-08-13 20:15:13,098 INFO  [io.api.tes.ser.api.KafkaSerdesTester] (ForkJoinPool.commonPool-worker-1) Sending message {"key11755116106936": "value-1"} to topic topic-c327574a_ac6a_431f_9eda_d04abc5848e1
2025-08-13 20:15:13,099 INFO  [io.api.tes.ser.api.KafkaSerdesTester] (ForkJoinPool.commonPool-worker-1) Sending message {"key11755116106936": "value-2"} to topic topic-c327574a_ac6a_431f_9eda_d04abc5848e1
2025-08-13 20:15:13,101 INFO  [io.api.tes.ser.api.KafkaSerdesTester] (ForkJoinPool.commonPool-worker-1) Sending message {"key11755116106936": "value-3"} to topic topic-c327574a_ac6a_431f_9eda_d04abc5848e1
2025-08-13 20:15:13,102 INFO  [io.api.tes.ser.api.KafkaSerdesTester] (ForkJoinPool.commonPool-worker-1) Sending message {"key11755116106936": "value-4"} to topic topic-c327574a_ac6a_431f_9eda_d04abc5848e1
2025-08-13 20:15:13,103 INFO  [io.api.tes.ser.api.KafkaSerdesTester] (ForkJoinPool.commonPool-worker-1) Sending message {"key11755116106936": "value-5"} to topic topic-c327574a_ac6a_431f_9eda_d04abc5848e1
2025-08-13 20:15:13,105 INFO  [io.api.tes.ser.api.KafkaSerdesTester] (ForkJoinPool.commonPool-worker-1) Sending message {"key11755116106936": "value-6"} to topic topic-c327574a_ac6a_431f_9eda_d04abc5848e1
2025-08-13 20:15:13,106 INFO  [io.api.tes.ser.api.KafkaSerdesTester] (ForkJoinPool.commonPool-worker-1) Sending message {"key11755116106936": "value-7"} to topic topic-c327574a_ac6a_431f_9eda_d04abc5848e1
2025-08-13 20:15:13,107 INFO  [io.api.tes.ser.api.KafkaSerdesTester] (ForkJoinPool.commonPool-worker-1) Sending message {"key11755116106936": "value-8"} to topic topic-c327574a_ac6a_431f_9eda_d04abc5848e1
2025-08-13 20:15:13,108 INFO  [io.api.tes.ser.api.KafkaSerdesTester] (ForkJoinPool.commonPool-worker-1) Sending message {"key11755116106936": "value-9"} to topic topic-c327574a_ac6a_431f_9eda_d04abc5848e1
2025-08-13 20:15:13,110 INFO  [io.api.tes.ser.api.KafkaSerdesTester] (ForkJoinPool.commonPool-worker-1) Produced 10 messages
2025-08-13 20:15:13,110 INFO  [org.apa.kaf.cli.pro.KafkaProducer] (ForkJoinPool.commonPool-worker-1) [Producer clientId=Producer-topic-c327574a_ac6a_431f_9eda_d04abc5848e1] Closing the Kafka producer with timeoutMillis = 9223372036854775807 ms.
2025-08-13 20:15:13,112 INFO  [org.apa.kaf.com.met.Metrics] (ForkJoinPool.commonPool-worker-1) Metrics scheduler closed
2025-08-13 20:15:13,112 INFO  [org.apa.kaf.com.met.Metrics] (ForkJoinPool.commonPool-worker-1) Closing reporter org.apache.kafka.common.metrics.JmxReporter
2025-08-13 20:15:13,112 INFO  [org.apa.kaf.com.met.Metrics] (ForkJoinPool.commonPool-worker-1) Closing reporter org.apache.kafka.common.telemetry.internals.ClientTelemetryReporter
2025-08-13 20:15:13,112 INFO  [org.apa.kaf.com.met.Metrics] (ForkJoinPool.commonPool-worker-1) Metrics reporters closed
2025-08-13 20:15:13,112 INFO  [org.apa.kaf.com.uti.AppInfoParser] (ForkJoinPool.commonPool-worker-1) App info kafka.producer for Producer-topic-c327574a_ac6a_431f_9eda_d04abc5848e1 unregistered
**** Registry Base URL: http://registry-app-inmemory.apps.ci419.apicurio-testing.org:80
2025-08-13 20:15:13,113 INFO  [org.apa.kaf.cli.con.ConsumerConfig] (main) ConsumerConfig values: 
	allow.auto.create.topics = true
	auto.commit.interval.ms = 500
	auto.include.jmx.reporter = true
	auto.offset.reset = earliest
	bootstrap.servers = [PLAINTEXT://localhost:32769]
	check.crcs = true
	client.dns.lookup = use_all_dns_ips
	client.id = consumer-Consumer-topic-c327574a_ac6a_431f_9eda_d04abc5848e1-11
	client.rack = 
	connections.max.idle.ms = 10000
	default.api.timeout.ms = 60000
	enable.auto.commit = true
	enable.metrics.push = true
	exclude.internal.topics = true
	fetch.max.bytes = 52428800
	fetch.max.wait.ms = 500
	fetch.min.bytes = 1
	group.id = Consumer-topic-c327574a_ac6a_431f_9eda_d04abc5848e1
	group.instance.id = null
	group.protocol = classic
	group.remote.assignor = null
	heartbeat.interval.ms = 3000
	interceptor.classes = []
	internal.leave.group.on.close = true
	internal.throw.on.fetch.stable.offset.unsupported = false
	isolation.level = read_uncommitted
	key.deserializer = class org.apache.kafka.common.serialization.StringDeserializer
	max.partition.fetch.bytes = 1048576
	max.poll.interval.ms = 300000
	max.poll.records = 500
	metadata.max.age.ms = 300000
	metadata.recovery.strategy = none
	metric.reporters = []
	metrics.num.samples = 2
	metrics.recording.level = INFO
	metrics.sample.window.ms = 30000
	partition.assignment.strategy = [class org.apache.kafka.clients.consumer.RangeAssignor, class org.apache.kafka.clients.consumer.CooperativeStickyAssignor]
	receive.buffer.bytes = 65536
	reconnect.backoff.max.ms = 1000
	reconnect.backoff.ms = 50
	request.timeout.ms = 5000
	retry.backoff.max.ms = 1000
	retry.backoff.ms = 100
	sasl.client.callback.handler.class = null
	sasl.jaas.config = null
	sasl.kerberos.kinit.cmd = /usr/bin/kinit
	sasl.kerberos.min.time.before.relogin = 60000
	sasl.kerberos.service.name = null
	sasl.kerberos.ticket.renew.jitter = 0.05
	sasl.kerberos.ticket.renew.window.factor = 0.8
	sasl.login.callback.handler.class = null
	sasl.login.class = null
	sasl.login.connect.timeout.ms = null
	sasl.login.read.timeout.ms = null
	sasl.login.refresh.buffer.seconds = 300
	sasl.login.refresh.min.period.seconds = 60
	sasl.login.refresh.window.factor = 0.8
	sasl.login.refresh.window.jitter = 0.05
	sasl.login.retry.backoff.max.ms = 10000
	sasl.login.retry.backoff.ms = 100
	sasl.mechanism = GSSAPI
	sasl.oauthbearer.clock.skew.seconds = 30
	sasl.oauthbearer.expected.audience = null
	sasl.oauthbearer.expected.issuer = null
	sasl.oauthbearer.header.urlencode = false
	sasl.oauthbearer.jwks.endpoint.refresh.ms = 3600000
	sasl.oauthbearer.jwks.endpoint.retry.backoff.max.ms = 10000
	sasl.oauthbearer.jwks.endpoint.retry.backoff.ms = 100
	sasl.oauthbearer.jwks.endpoint.url = null
	sasl.oauthbearer.scope.claim.name = scope
	sasl.oauthbearer.sub.claim.name = sub
	sasl.oauthbearer.token.endpoint.url = null
	security.protocol = PLAINTEXT
	security.providers = null
	send.buffer.bytes = 131072
	session.timeout.ms = 45000
	socket.connection.setup.timeout.max.ms = 30000
	socket.connection.setup.timeout.ms = 10000
	ssl.cipher.suites = null
	ssl.enabled.protocols = [TLSv1.2, TLSv1.3]
	ssl.endpoint.identification.algorithm = https
	ssl.engine.factory.class = null
	ssl.key.password = null
	ssl.keymanager.algorithm = SunX509
	ssl.keystore.certificate.chain = null
	ssl.keystore.key = null
	ssl.keystore.location = null
	ssl.keystore.password = null
	ssl.keystore.type = JKS
	ssl.protocol = TLSv1.3
	ssl.provider = null
	ssl.secure.random.implementation = null
	ssl.trustmanager.algorithm = PKIX
	ssl.truststore.certificates = null
	ssl.truststore.location = null
	ssl.truststore.password = null
	ssl.truststore.type = JKS
	value.deserializer = class io.apicurio.registry.serde.avro.AvroKafkaDeserializer

2025-08-13 20:15:13,113 INFO  [org.apa.kaf.com.tel.int.KafkaMetricsCollector] (main) initializing Kafka metrics collector
2025-08-13 20:15:13,118 INFO  [org.apa.kaf.cli.con.ConsumerConfig] (main) These configurations '[apicurio.registry.url]' were supplied but are not used yet.
2025-08-13 20:15:13,118 INFO  [org.apa.kaf.com.uti.AppInfoParser] (main) Kafka version: 3.9.1
2025-08-13 20:15:13,118 INFO  [org.apa.kaf.com.uti.AppInfoParser] (main) Kafka commitId: f745dfdcee2b9851
2025-08-13 20:15:13,118 INFO  [org.apa.kaf.com.uti.AppInfoParser] (main) Kafka startTimeMs: 1755116113118
2025-08-13 20:15:13,118 INFO  [org.apa.kaf.cli.con.int.ClassicKafkaConsumer] (ForkJoinPool.commonPool-worker-1) [Consumer clientId=consumer-Consumer-topic-c327574a_ac6a_431f_9eda_d04abc5848e1-11, groupId=Consumer-topic-c327574a_ac6a_431f_9eda_d04abc5848e1] Subscribed to topic(s): topic-c327574a_ac6a_431f_9eda_d04abc5848e1
2025-08-13 20:15:13,122 INFO  [org.apa.kaf.cli.Metadata] (ForkJoinPool.commonPool-worker-1) [Consumer clientId=consumer-Consumer-topic-c327574a_ac6a_431f_9eda_d04abc5848e1-11, groupId=Consumer-topic-c327574a_ac6a_431f_9eda_d04abc5848e1] Cluster ID: deU1wVjgTqiYBiPhrFjcdg
2025-08-13 20:15:13,123 INFO  [org.apa.kaf.cli.con.int.ConsumerCoordinator] (ForkJoinPool.commonPool-worker-1) [Consumer clientId=consumer-Consumer-topic-c327574a_ac6a_431f_9eda_d04abc5848e1-11, groupId=Consumer-topic-c327574a_ac6a_431f_9eda_d04abc5848e1] Discovered group coordinator localhost:32769 (id: 2147483647 rack: null)
2025-08-13 20:15:13,124 INFO  [org.apa.kaf.cli.con.int.ConsumerCoordinator] (ForkJoinPool.commonPool-worker-1) [Consumer clientId=consumer-Consumer-topic-c327574a_ac6a_431f_9eda_d04abc5848e1-11, groupId=Consumer-topic-c327574a_ac6a_431f_9eda_d04abc5848e1] (Re-)joining group
2025-08-13 20:15:13,126 INFO  [org.apa.kaf.cli.con.int.ConsumerCoordinator] (ForkJoinPool.commonPool-worker-1) [Consumer clientId=consumer-Consumer-topic-c327574a_ac6a_431f_9eda_d04abc5848e1-11, groupId=Consumer-topic-c327574a_ac6a_431f_9eda_d04abc5848e1] Request joining group due to: need to re-join with the given member-id: consumer-Consumer-topic-c327574a_ac6a_431f_9eda_d04abc5848e1-11-cb43a760-6b20-4683-92a5-a8be90f8f524
2025-08-13 20:15:13,126 INFO  [org.apa.kaf.cli.con.int.ConsumerCoordinator] (ForkJoinPool.commonPool-worker-1) [Consumer clientId=consumer-Consumer-topic-c327574a_ac6a_431f_9eda_d04abc5848e1-11, groupId=Consumer-topic-c327574a_ac6a_431f_9eda_d04abc5848e1] (Re-)joining group
2025-08-13 20:15:14,118 INFO  [io.api.tes.ser.api.KafkaSerdesTester] (ForkJoinPool.commonPool-worker-1) None found
2025-08-13 20:15:15,118 INFO  [io.api.tes.ser.api.KafkaSerdesTester] (ForkJoinPool.commonPool-worker-1) None found
2025-08-13 20:15:16,119 INFO  [io.api.tes.ser.api.KafkaSerdesTester] (ForkJoinPool.commonPool-worker-1) None found
2025-08-13 20:15:16,129 INFO  [org.apa.kaf.cli.con.int.ConsumerCoordinator] (ForkJoinPool.commonPool-worker-1) [Consumer clientId=consumer-Consumer-topic-c327574a_ac6a_431f_9eda_d04abc5848e1-11, groupId=Consumer-topic-c327574a_ac6a_431f_9eda_d04abc5848e1] Successfully joined group with generation Generation{generationId=3, memberId='consumer-Consumer-topic-c327574a_ac6a_431f_9eda_d04abc5848e1-11-cb43a760-6b20-4683-92a5-a8be90f8f524', protocol='range'}
2025-08-13 20:15:16,129 INFO  [org.apa.kaf.cli.con.int.ConsumerCoordinator] (ForkJoinPool.commonPool-worker-1) [Consumer clientId=consumer-Consumer-topic-c327574a_ac6a_431f_9eda_d04abc5848e1-11, groupId=Consumer-topic-c327574a_ac6a_431f_9eda_d04abc5848e1] Finished assignment for group at generation 3: {consumer-Consumer-topic-c327574a_ac6a_431f_9eda_d04abc5848e1-11-cb43a760-6b20-4683-92a5-a8be90f8f524=Assignment(partitions=[topic-c327574a_ac6a_431f_9eda_d04abc5848e1-0])}
2025-08-13 20:15:16,136 INFO  [org.apa.kaf.cli.con.int.ConsumerCoordinator] (ForkJoinPool.commonPool-worker-1) [Consumer clientId=consumer-Consumer-topic-c327574a_ac6a_431f_9eda_d04abc5848e1-11, groupId=Consumer-topic-c327574a_ac6a_431f_9eda_d04abc5848e1] Successfully synced group in generation Generation{generationId=3, memberId='consumer-Consumer-topic-c327574a_ac6a_431f_9eda_d04abc5848e1-11-cb43a760-6b20-4683-92a5-a8be90f8f524', protocol='range'}
2025-08-13 20:15:16,136 INFO  [org.apa.kaf.cli.con.int.ConsumerCoordinator] (ForkJoinPool.commonPool-worker-1) [Consumer clientId=consumer-Consumer-topic-c327574a_ac6a_431f_9eda_d04abc5848e1-11, groupId=Consumer-topic-c327574a_ac6a_431f_9eda_d04abc5848e1] Notifying assignor about the new Assignment(partitions=[topic-c327574a_ac6a_431f_9eda_d04abc5848e1-0])
2025-08-13 20:15:16,136 INFO  [org.apa.kaf.cli.con.int.ConsumerRebalanceListenerInvoker] (ForkJoinPool.commonPool-worker-1) [Consumer clientId=consumer-Consumer-topic-c327574a_ac6a_431f_9eda_d04abc5848e1-11, groupId=Consumer-topic-c327574a_ac6a_431f_9eda_d04abc5848e1] Adding newly assigned partitions: topic-c327574a_ac6a_431f_9eda_d04abc5848e1-0
2025-08-13 20:15:16,138 INFO  [org.apa.kaf.cli.con.int.ConsumerUtils] (ForkJoinPool.commonPool-worker-1) Setting offset for partition topic-c327574a_ac6a_431f_9eda_d04abc5848e1-0 to the committed offset FetchPosition{offset=10, offsetEpoch=Optional[0], currentLeader=LeaderAndEpoch{leader=Optional[localhost:32769 (id: 0 rack: null)], epoch=0}}
2025-08-13 20:15:16,278 INFO  [io.api.tes.ser.api.KafkaSerdesTester] (ForkJoinPool.commonPool-worker-1) topic-c327574a_ac6a_431f_9eda_d04abc5848e1 0 10 {"key11755116106936": "value-0", "key21755116111894": "value-0"}
2025-08-13 20:15:16,278 INFO  [io.api.tes.ser.api.KafkaSerdesTester] (ForkJoinPool.commonPool-worker-1) topic-c327574a_ac6a_431f_9eda_d04abc5848e1 0 11 {"key11755116106936": "value-1", "key21755116111894": "value-1"}
2025-08-13 20:15:16,278 INFO  [io.api.tes.ser.api.KafkaSerdesTester] (ForkJoinPool.commonPool-worker-1) topic-c327574a_ac6a_431f_9eda_d04abc5848e1 0 12 {"key11755116106936": "value-2", "key21755116111894": "value-2"}
2025-08-13 20:15:16,278 INFO  [io.api.tes.ser.api.KafkaSerdesTester] (ForkJoinPool.commonPool-worker-1) topic-c327574a_ac6a_431f_9eda_d04abc5848e1 0 13 {"key11755116106936": "value-3", "key21755116111894": "value-3"}
2025-08-13 20:15:16,278 INFO  [io.api.tes.ser.api.KafkaSerdesTester] (ForkJoinPool.commonPool-worker-1) topic-c327574a_ac6a_431f_9eda_d04abc5848e1 0 14 {"key11755116106936": "value-4", "key21755116111894": "value-4"}
2025-08-13 20:15:16,278 INFO  [io.api.tes.ser.api.KafkaSerdesTester] (ForkJoinPool.commonPool-worker-1) topic-c327574a_ac6a_431f_9eda_d04abc5848e1 0 15 {"key11755116106936": "value-5", "key21755116111894": "value-5"}
2025-08-13 20:15:16,278 INFO  [io.api.tes.ser.api.KafkaSerdesTester] (ForkJoinPool.commonPool-worker-1) topic-c327574a_ac6a_431f_9eda_d04abc5848e1 0 16 {"key11755116106936": "value-6", "key21755116111894": "value-6"}
2025-08-13 20:15:16,278 INFO  [io.api.tes.ser.api.KafkaSerdesTester] (ForkJoinPool.commonPool-worker-1) topic-c327574a_ac6a_431f_9eda_d04abc5848e1 0 17 {"key11755116106936": "value-7", "key21755116111894": "value-7"}
2025-08-13 20:15:16,278 INFO  [io.api.tes.ser.api.KafkaSerdesTester] (ForkJoinPool.commonPool-worker-1) topic-c327574a_ac6a_431f_9eda_d04abc5848e1 0 18 {"key11755116106936": "value-8", "key21755116111894": "value-8"}
2025-08-13 20:15:16,278 INFO  [io.api.tes.ser.api.KafkaSerdesTester] (ForkJoinPool.commonPool-worker-1) topic-c327574a_ac6a_431f_9eda_d04abc5848e1 0 19 {"key11755116106936": "value-9", "key21755116111894": "value-9"}
2025-08-13 20:15:16,278 INFO  [io.api.tes.ser.api.KafkaSerdesTester] (ForkJoinPool.commonPool-worker-1) topic-c327574a_ac6a_431f_9eda_d04abc5848e1 0 20 {"key11755116106936": "value-0"}
2025-08-13 20:15:16,278 INFO  [io.api.tes.ser.api.KafkaSerdesTester] (ForkJoinPool.commonPool-worker-1) topic-c327574a_ac6a_431f_9eda_d04abc5848e1 0 21 {"key11755116106936": "value-1"}
2025-08-13 20:15:16,278 INFO  [io.api.tes.ser.api.KafkaSerdesTester] (ForkJoinPool.commonPool-worker-1) topic-c327574a_ac6a_431f_9eda_d04abc5848e1 0 22 {"key11755116106936": "value-2"}
2025-08-13 20:15:16,278 INFO  [io.api.tes.ser.api.KafkaSerdesTester] (ForkJoinPool.commonPool-worker-1) topic-c327574a_ac6a_431f_9eda_d04abc5848e1 0 23 {"key11755116106936": "value-3"}
2025-08-13 20:15:16,279 INFO  [io.api.tes.ser.api.KafkaSerdesTester] (ForkJoinPool.commonPool-worker-1) topic-c327574a_ac6a_431f_9eda_d04abc5848e1 0 24 {"key11755116106936": "value-4"}
2025-08-13 20:15:16,279 INFO  [io.api.tes.ser.api.KafkaSerdesTester] (ForkJoinPool.commonPool-worker-1) topic-c327574a_ac6a_431f_9eda_d04abc5848e1 0 25 {"key11755116106936": "value-5"}
2025-08-13 20:15:16,279 INFO  [io.api.tes.ser.api.KafkaSerdesTester] (ForkJoinPool.commonPool-worker-1) topic-c327574a_ac6a_431f_9eda_d04abc5848e1 0 26 {"key11755116106936": "value-6"}
2025-08-13 20:15:16,279 INFO  [io.api.tes.ser.api.KafkaSerdesTester] (ForkJoinPool.commonPool-worker-1) topic-c327574a_ac6a_431f_9eda_d04abc5848e1 0 27 {"key11755116106936": "value-7"}
2025-08-13 20:15:16,279 INFO  [io.api.tes.ser.api.KafkaSerdesTester] (ForkJoinPool.commonPool-worker-1) topic-c327574a_ac6a_431f_9eda_d04abc5848e1 0 28 {"key11755116106936": "value-8"}
2025-08-13 20:15:16,279 INFO  [io.api.tes.ser.api.KafkaSerdesTester] (ForkJoinPool.commonPool-worker-1) topic-c327574a_ac6a_431f_9eda_d04abc5848e1 0 29 {"key11755116106936": "value-9"}
2025-08-13 20:15:16,279 INFO  [io.api.tes.ser.api.KafkaSerdesTester] (ForkJoinPool.commonPool-worker-1) Consumed 20 messages
2025-08-13 20:15:16,286 INFO  [org.apa.kaf.cli.con.int.ConsumerRebalanceListenerInvoker] (ForkJoinPool.commonPool-worker-1) [Consumer clientId=consumer-Consumer-topic-c327574a_ac6a_431f_9eda_d04abc5848e1-11, groupId=Consumer-topic-c327574a_ac6a_431f_9eda_d04abc5848e1] Revoke previously assigned partitions topic-c327574a_ac6a_431f_9eda_d04abc5848e1-0
2025-08-13 20:15:16,286 INFO  [org.apa.kaf.cli.con.int.ConsumerCoordinator] (ForkJoinPool.commonPool-worker-1) [Consumer clientId=consumer-Consumer-topic-c327574a_ac6a_431f_9eda_d04abc5848e1-11, groupId=Consumer-topic-c327574a_ac6a_431f_9eda_d04abc5848e1] Member consumer-Consumer-topic-c327574a_ac6a_431f_9eda_d04abc5848e1-11-cb43a760-6b20-4683-92a5-a8be90f8f524 sending LeaveGroup request to coordinator localhost:32769 (id: 2147483647 rack: null) due to the consumer is being closed
2025-08-13 20:15:16,287 INFO  [org.apa.kaf.cli.con.int.ConsumerCoordinator] (ForkJoinPool.commonPool-worker-1) [Consumer clientId=consumer-Consumer-topic-c327574a_ac6a_431f_9eda_d04abc5848e1-11, groupId=Consumer-topic-c327574a_ac6a_431f_9eda_d04abc5848e1] Resetting generation and member id due to: consumer pro-actively leaving the group
2025-08-13 20:15:16,287 INFO  [org.apa.kaf.cli.con.int.ConsumerCoordinator] (ForkJoinPool.commonPool-worker-1) [Consumer clientId=consumer-Consumer-topic-c327574a_ac6a_431f_9eda_d04abc5848e1-11, groupId=Consumer-topic-c327574a_ac6a_431f_9eda_d04abc5848e1] Request joining group due to: consumer pro-actively leaving the group
2025-08-13 20:15:16,781 INFO  [org.apa.kaf.com.met.Metrics] (ForkJoinPool.commonPool-worker-1) Metrics scheduler closed
2025-08-13 20:15:16,781 INFO  [org.apa.kaf.com.met.Metrics] (ForkJoinPool.commonPool-worker-1) Closing reporter org.apache.kafka.common.metrics.JmxReporter
2025-08-13 20:15:16,781 INFO  [org.apa.kaf.com.met.Metrics] (ForkJoinPool.commonPool-worker-1) Closing reporter org.apache.kafka.common.telemetry.internals.ClientTelemetryReporter
2025-08-13 20:15:16,781 INFO  [org.apa.kaf.com.met.Metrics] (ForkJoinPool.commonPool-worker-1) Metrics reporters closed
2025-08-13 20:15:16,783 INFO  [org.apa.kaf.com.uti.AppInfoParser] (ForkJoinPool.commonPool-worker-1) App info kafka.consumer for consumer-Consumer-topic-c327574a_ac6a_431f_9eda_d04abc5848e1-11 unregistered
2025-08-13 20:15:16,784 INFO  [io.api.tes.ser.api.AvroSerdeIT] (main) Registering Avro Schema 3: {"type":"record","name":"s5686e373x2047x41ffx9ac6x3288c91d353f","namespace":"ns_0ddf0b7b_597a_4a9a_ae56_03721e07f813","fields":[{"name":"key11755116106936","type":"string"},{"name":"key21755116111894","type":"string"},{"name":"key31755116116783","type":"string"}]}
**** Registry Base URL: http://registry-app-inmemory.apps.ci419.apicurio-testing.org:80
2025-08-13 20:15:17,851 INFO  [org.apa.kaf.cli.pro.ProducerConfig] (main) ProducerConfig values: 
	acks = -1
	auto.include.jmx.reporter = true
	batch.size = 16384
	bootstrap.servers = [PLAINTEXT://localhost:32769]
	buffer.memory = 33554432
	client.dns.lookup = use_all_dns_ips
	client.id = Producer-topic-c327574a_ac6a_431f_9eda_d04abc5848e1
	compression.gzip.level = -1
	compression.lz4.level = 9
	compression.type = none
	compression.zstd.level = 3
	connections.max.idle.ms = 10000
	delivery.timeout.ms = 120000
	enable.idempotence = true
	enable.metrics.push = true
	interceptor.classes = []
	key.serializer = class org.apache.kafka.common.serialization.StringSerializer
	linger.ms = 0
	max.block.ms = 60000
	max.in.flight.requests.per.connection = 5
	max.request.size = 1048576
	metadata.max.age.ms = 300000
	metadata.max.idle.ms = 300000
	metadata.recovery.strategy = none
	metric.reporters = []
	metrics.num.samples = 2
	metrics.recording.level = INFO
	metrics.sample.window.ms = 30000
	partitioner.adaptive.partitioning.enable = true
	partitioner.availability.timeout.ms = 0
	partitioner.class = null
	partitioner.ignore.keys = false
	receive.buffer.bytes = 32768
	reconnect.backoff.max.ms = 1000
	reconnect.backoff.ms = 50
	request.timeout.ms = 5000
	retries = 2147483647
	retry.backoff.max.ms = 1000
	retry.backoff.ms = 100
	sasl.client.callback.handler.class = null
	sasl.jaas.config = null
	sasl.kerberos.kinit.cmd = /usr/bin/kinit
	sasl.kerberos.min.time.before.relogin = 60000
	sasl.kerberos.service.name = null
	sasl.kerberos.ticket.renew.jitter = 0.05
	sasl.kerberos.ticket.renew.window.factor = 0.8
	sasl.login.callback.handler.class = null
	sasl.login.class = null
	sasl.login.connect.timeout.ms = null
	sasl.login.read.timeout.ms = null
	sasl.login.refresh.buffer.seconds = 300
	sasl.login.refresh.min.period.seconds = 60
	sasl.login.refresh.window.factor = 0.8
	sasl.login.refresh.window.jitter = 0.05
	sasl.login.retry.backoff.max.ms = 10000
	sasl.login.retry.backoff.ms = 100
	sasl.mechanism = GSSAPI
	sasl.oauthbearer.clock.skew.seconds = 30
	sasl.oauthbearer.expected.audience = null
	sasl.oauthbearer.expected.issuer = null
	sasl.oauthbearer.header.urlencode = false
	sasl.oauthbearer.jwks.endpoint.refresh.ms = 3600000
	sasl.oauthbearer.jwks.endpoint.retry.backoff.max.ms = 10000
	sasl.oauthbearer.jwks.endpoint.retry.backoff.ms = 100
	sasl.oauthbearer.jwks.endpoint.url = null
	sasl.oauthbearer.scope.claim.name = scope
	sasl.oauthbearer.sub.claim.name = sub
	sasl.oauthbearer.token.endpoint.url = null
	security.protocol = PLAINTEXT
	security.providers = null
	send.buffer.bytes = 131072
	socket.connection.setup.timeout.max.ms = 30000
	socket.connection.setup.timeout.ms = 10000
	ssl.cipher.suites = null
	ssl.enabled.protocols = [TLSv1.2, TLSv1.3]
	ssl.endpoint.identification.algorithm = https
	ssl.engine.factory.class = null
	ssl.key.password = null
	ssl.keymanager.algorithm = SunX509
	ssl.keystore.certificate.chain = null
	ssl.keystore.key = null
	ssl.keystore.location = null
	ssl.keystore.password = null
	ssl.keystore.type = JKS
	ssl.protocol = TLSv1.3
	ssl.provider = null
	ssl.secure.random.implementation = null
	ssl.trustmanager.algorithm = PKIX
	ssl.truststore.certificates = null
	ssl.truststore.location = null
	ssl.truststore.password = null
	ssl.truststore.type = JKS
	transaction.timeout.ms = 60000
	transactional.id = null
	value.serializer = class io.apicurio.registry.serde.avro.AvroKafkaSerializer

2025-08-13 20:15:17,851 INFO  [org.apa.kaf.com.tel.int.KafkaMetricsCollector] (main) initializing Kafka metrics collector
2025-08-13 20:15:17,855 INFO  [org.apa.kaf.cli.pro.KafkaProducer] (main) [Producer clientId=Producer-topic-c327574a_ac6a_431f_9eda_d04abc5848e1] Instantiated an idempotent producer.
2025-08-13 20:15:17,856 INFO  [org.apa.kaf.cli.pro.ProducerConfig] (main) These configurations '[apicurio.registry.url, apicurio.registry.artifact-resolver-strategy]' were supplied but are not used yet.
2025-08-13 20:15:17,856 INFO  [org.apa.kaf.com.uti.AppInfoParser] (main) Kafka version: 3.9.1
2025-08-13 20:15:17,856 INFO  [org.apa.kaf.com.uti.AppInfoParser] (main) Kafka commitId: f745dfdcee2b9851
2025-08-13 20:15:17,856 INFO  [org.apa.kaf.com.uti.AppInfoParser] (main) Kafka startTimeMs: 1755116117856
2025-08-13 20:15:17,857 INFO  [io.api.tes.ser.api.KafkaSerdesTester] (ForkJoinPool.commonPool-worker-1) Sending message {"key11755116106936": "value-0", "key21755116111894": "value-0", "key31755116116783": "value-0"} to topic topic-c327574a_ac6a_431f_9eda_d04abc5848e1
2025-08-13 20:15:17,860 INFO  [org.apa.kaf.cli.Metadata] (kafka-producer-network-thread | Producer-topic-c327574a_ac6a_431f_9eda_d04abc5848e1) [Producer clientId=Producer-topic-c327574a_ac6a_431f_9eda_d04abc5848e1] Cluster ID: deU1wVjgTqiYBiPhrFjcdg
2025-08-13 20:15:17,860 INFO  [org.apa.kaf.cli.pro.int.TransactionManager] (kafka-producer-network-thread | Producer-topic-c327574a_ac6a_431f_9eda_d04abc5848e1) [Producer clientId=Producer-topic-c327574a_ac6a_431f_9eda_d04abc5848e1] ProducerId set to 15 with epoch 0
2025-08-13 20:15:17,861 INFO  [DefaultSchemaResolver] (ForkJoinPool.commonPool-worker-1) Retrieving schema content using string: {"type":"record","name":"s5686e373x2047x41ffx9ac6x3288c91d353f","namespace":"ns_0ddf0b7b_597a_4a9a_ae56_03721e07f813","fields":[{"name":"key11755116106936","type":"string"},{"name":"key21755116111894","type":"string"},{"name":"key31755116116783","type":"string"}]}
2025-08-13 20:15:17,915 INFO  [io.api.tes.ser.api.KafkaSerdesTester] (ForkJoinPool.commonPool-worker-1) Sending message {"key11755116106936": "value-1", "key21755116111894": "value-1", "key31755116116783": "value-1"} to topic topic-c327574a_ac6a_431f_9eda_d04abc5848e1
2025-08-13 20:15:17,917 INFO  [io.api.tes.ser.api.KafkaSerdesTester] (ForkJoinPool.commonPool-worker-1) Sending message {"key11755116106936": "value-2", "key21755116111894": "value-2", "key31755116116783": "value-2"} to topic topic-c327574a_ac6a_431f_9eda_d04abc5848e1
2025-08-13 20:15:17,918 INFO  [io.api.tes.ser.api.KafkaSerdesTester] (ForkJoinPool.commonPool-worker-1) Sending message {"key11755116106936": "value-3", "key21755116111894": "value-3", "key31755116116783": "value-3"} to topic topic-c327574a_ac6a_431f_9eda_d04abc5848e1
2025-08-13 20:15:17,919 INFO  [io.api.tes.ser.api.KafkaSerdesTester] (ForkJoinPool.commonPool-worker-1) Sending message {"key11755116106936": "value-4", "key21755116111894": "value-4", "key31755116116783": "value-4"} to topic topic-c327574a_ac6a_431f_9eda_d04abc5848e1
2025-08-13 20:15:17,920 INFO  [io.api.tes.ser.api.KafkaSerdesTester] (ForkJoinPool.commonPool-worker-1) Sending message {"key11755116106936": "value-5", "key21755116111894": "value-5", "key31755116116783": "value-5"} to topic topic-c327574a_ac6a_431f_9eda_d04abc5848e1
2025-08-13 20:15:17,922 INFO  [io.api.tes.ser.api.KafkaSerdesTester] (ForkJoinPool.commonPool-worker-1) Sending message {"key11755116106936": "value-6", "key21755116111894": "value-6", "key31755116116783": "value-6"} to topic topic-c327574a_ac6a_431f_9eda_d04abc5848e1
2025-08-13 20:15:17,923 INFO  [io.api.tes.ser.api.KafkaSerdesTester] (ForkJoinPool.commonPool-worker-1) Sending message {"key11755116106936": "value-7", "key21755116111894": "value-7", "key31755116116783": "value-7"} to topic topic-c327574a_ac6a_431f_9eda_d04abc5848e1
2025-08-13 20:15:17,924 INFO  [io.api.tes.ser.api.KafkaSerdesTester] (ForkJoinPool.commonPool-worker-1) Sending message {"key11755116106936": "value-8", "key21755116111894": "value-8", "key31755116116783": "value-8"} to topic topic-c327574a_ac6a_431f_9eda_d04abc5848e1
2025-08-13 20:15:17,925 INFO  [io.api.tes.ser.api.KafkaSerdesTester] (ForkJoinPool.commonPool-worker-1) Sending message {"key11755116106936": "value-9", "key21755116111894": "value-9", "key31755116116783": "value-9"} to topic topic-c327574a_ac6a_431f_9eda_d04abc5848e1
2025-08-13 20:15:17,927 INFO  [io.api.tes.ser.api.KafkaSerdesTester] (ForkJoinPool.commonPool-worker-1) Produced 10 messages
2025-08-13 20:15:17,927 INFO  [org.apa.kaf.cli.pro.KafkaProducer] (ForkJoinPool.commonPool-worker-1) [Producer clientId=Producer-topic-c327574a_ac6a_431f_9eda_d04abc5848e1] Closing the Kafka producer with timeoutMillis = 9223372036854775807 ms.
2025-08-13 20:15:17,928 INFO  [org.apa.kaf.com.met.Metrics] (ForkJoinPool.commonPool-worker-1) Metrics scheduler closed
2025-08-13 20:15:17,928 INFO  [org.apa.kaf.com.met.Metrics] (ForkJoinPool.commonPool-worker-1) Closing reporter org.apache.kafka.common.metrics.JmxReporter
2025-08-13 20:15:17,928 INFO  [org.apa.kaf.com.met.Metrics] (ForkJoinPool.commonPool-worker-1) Closing reporter org.apache.kafka.common.telemetry.internals.ClientTelemetryReporter
2025-08-13 20:15:17,928 INFO  [org.apa.kaf.com.met.Metrics] (ForkJoinPool.commonPool-worker-1) Metrics reporters closed
2025-08-13 20:15:17,928 INFO  [org.apa.kaf.com.uti.AppInfoParser] (ForkJoinPool.commonPool-worker-1) App info kafka.producer for Producer-topic-c327574a_ac6a_431f_9eda_d04abc5848e1 unregistered
**** Registry Base URL: http://registry-app-inmemory.apps.ci419.apicurio-testing.org:80
2025-08-13 20:15:17,929 INFO  [org.apa.kaf.cli.pro.ProducerConfig] (main) ProducerConfig values: 
	acks = -1
	auto.include.jmx.reporter = true
	batch.size = 16384
	bootstrap.servers = [PLAINTEXT://localhost:32769]
	buffer.memory = 33554432
	client.dns.lookup = use_all_dns_ips
	client.id = Producer-topic-c327574a_ac6a_431f_9eda_d04abc5848e1
	compression.gzip.level = -1
	compression.lz4.level = 9
	compression.type = none
	compression.zstd.level = 3
	connections.max.idle.ms = 10000
	delivery.timeout.ms = 120000
	enable.idempotence = true
	enable.metrics.push = true
	interceptor.classes = []
	key.serializer = class org.apache.kafka.common.serialization.StringSerializer
	linger.ms = 0
	max.block.ms = 60000
	max.in.flight.requests.per.connection = 5
	max.request.size = 1048576
	metadata.max.age.ms = 300000
	metadata.max.idle.ms = 300000
	metadata.recovery.strategy = none
	metric.reporters = []
	metrics.num.samples = 2
	metrics.recording.level = INFO
	metrics.sample.window.ms = 30000
	partitioner.adaptive.partitioning.enable = true
	partitioner.availability.timeout.ms = 0
	partitioner.class = null
	partitioner.ignore.keys = false
	receive.buffer.bytes = 32768
	reconnect.backoff.max.ms = 1000
	reconnect.backoff.ms = 50
	request.timeout.ms = 5000
	retries = 2147483647
	retry.backoff.max.ms = 1000
	retry.backoff.ms = 100
	sasl.client.callback.handler.class = null
	sasl.jaas.config = null
	sasl.kerberos.kinit.cmd = /usr/bin/kinit
	sasl.kerberos.min.time.before.relogin = 60000
	sasl.kerberos.service.name = null
	sasl.kerberos.ticket.renew.jitter = 0.05
	sasl.kerberos.ticket.renew.window.factor = 0.8
	sasl.login.callback.handler.class = null
	sasl.login.class = null
	sasl.login.connect.timeout.ms = null
	sasl.login.read.timeout.ms = null
	sasl.login.refresh.buffer.seconds = 300
	sasl.login.refresh.min.period.seconds = 60
	sasl.login.refresh.window.factor = 0.8
	sasl.login.refresh.window.jitter = 0.05
	sasl.login.retry.backoff.max.ms = 10000
	sasl.login.retry.backoff.ms = 100
	sasl.mechanism = GSSAPI
	sasl.oauthbearer.clock.skew.seconds = 30
	sasl.oauthbearer.expected.audience = null
	sasl.oauthbearer.expected.issuer = null
	sasl.oauthbearer.header.urlencode = false
	sasl.oauthbearer.jwks.endpoint.refresh.ms = 3600000
	sasl.oauthbearer.jwks.endpoint.retry.backoff.max.ms = 10000
	sasl.oauthbearer.jwks.endpoint.retry.backoff.ms = 100
	sasl.oauthbearer.jwks.endpoint.url = null
	sasl.oauthbearer.scope.claim.name = scope
	sasl.oauthbearer.sub.claim.name = sub
	sasl.oauthbearer.token.endpoint.url = null
	security.protocol = PLAINTEXT
	security.providers = null
	send.buffer.bytes = 131072
	socket.connection.setup.timeout.max.ms = 30000
	socket.connection.setup.timeout.ms = 10000
	ssl.cipher.suites = null
	ssl.enabled.protocols = [TLSv1.2, TLSv1.3]
	ssl.endpoint.identification.algorithm = https
	ssl.engine.factory.class = null
	ssl.key.password = null
	ssl.keymanager.algorithm = SunX509
	ssl.keystore.certificate.chain = null
	ssl.keystore.key = null
	ssl.keystore.location = null
	ssl.keystore.password = null
	ssl.keystore.type = JKS
	ssl.protocol = TLSv1.3
	ssl.provider = null
	ssl.secure.random.implementation = null
	ssl.trustmanager.algorithm = PKIX
	ssl.truststore.certificates = null
	ssl.truststore.location = null
	ssl.truststore.password = null
	ssl.truststore.type = JKS
	transaction.timeout.ms = 60000
	transactional.id = null
	value.serializer = class io.apicurio.registry.serde.avro.AvroKafkaSerializer

2025-08-13 20:15:17,929 INFO  [org.apa.kaf.com.tel.int.KafkaMetricsCollector] (main) initializing Kafka metrics collector
2025-08-13 20:15:17,935 INFO  [org.apa.kaf.cli.pro.KafkaProducer] (main) [Producer clientId=Producer-topic-c327574a_ac6a_431f_9eda_d04abc5848e1] Instantiated an idempotent producer.
2025-08-13 20:15:17,936 INFO  [org.apa.kaf.cli.pro.ProducerConfig] (main) These configurations '[apicurio.registry.url, apicurio.registry.artifact-resolver-strategy]' were supplied but are not used yet.
2025-08-13 20:15:17,936 INFO  [org.apa.kaf.com.uti.AppInfoParser] (main) Kafka version: 3.9.1
2025-08-13 20:15:17,936 INFO  [org.apa.kaf.com.uti.AppInfoParser] (main) Kafka commitId: f745dfdcee2b9851
2025-08-13 20:15:17,936 INFO  [org.apa.kaf.com.uti.AppInfoParser] (main) Kafka startTimeMs: 1755116117936
2025-08-13 20:15:17,937 INFO  [io.api.tes.ser.api.KafkaSerdesTester] (ForkJoinPool.commonPool-worker-1) Sending message {"key11755116106936": "value-0", "key21755116111894": "value-0"} to topic topic-c327574a_ac6a_431f_9eda_d04abc5848e1
2025-08-13 20:15:17,940 INFO  [org.apa.kaf.cli.Metadata] (kafka-producer-network-thread | Producer-topic-c327574a_ac6a_431f_9eda_d04abc5848e1) [Producer clientId=Producer-topic-c327574a_ac6a_431f_9eda_d04abc5848e1] Cluster ID: deU1wVjgTqiYBiPhrFjcdg
2025-08-13 20:15:17,940 INFO  [DefaultSchemaResolver] (ForkJoinPool.commonPool-worker-1) Retrieving schema content using string: {"type":"record","name":"s5686e373x2047x41ffx9ac6x3288c91d353f","namespace":"ns_0ddf0b7b_597a_4a9a_ae56_03721e07f813","fields":[{"name":"key11755116106936","type":"string"},{"name":"key21755116111894","type":"string"}]}
2025-08-13 20:15:17,940 INFO  [org.apa.kaf.cli.pro.int.TransactionManager] (kafka-producer-network-thread | Producer-topic-c327574a_ac6a_431f_9eda_d04abc5848e1) [Producer clientId=Producer-topic-c327574a_ac6a_431f_9eda_d04abc5848e1] ProducerId set to 16 with epoch 0
2025-08-13 20:15:17,994 INFO  [io.api.tes.ser.api.KafkaSerdesTester] (ForkJoinPool.commonPool-worker-1) Sending message {"key11755116106936": "value-1", "key21755116111894": "value-1"} to topic topic-c327574a_ac6a_431f_9eda_d04abc5848e1
2025-08-13 20:15:17,995 INFO  [io.api.tes.ser.api.KafkaSerdesTester] (ForkJoinPool.commonPool-worker-1) Sending message {"key11755116106936": "value-2", "key21755116111894": "value-2"} to topic topic-c327574a_ac6a_431f_9eda_d04abc5848e1
2025-08-13 20:15:17,997 INFO  [io.api.tes.ser.api.KafkaSerdesTester] (ForkJoinPool.commonPool-worker-1) Sending message {"key11755116106936": "value-3", "key21755116111894": "value-3"} to topic topic-c327574a_ac6a_431f_9eda_d04abc5848e1
2025-08-13 20:15:17,998 INFO  [io.api.tes.ser.api.KafkaSerdesTester] (ForkJoinPool.commonPool-worker-1) Sending message {"key11755116106936": "value-4", "key21755116111894": "value-4"} to topic topic-c327574a_ac6a_431f_9eda_d04abc5848e1
2025-08-13 20:15:18,000 INFO  [io.api.tes.ser.api.KafkaSerdesTester] (ForkJoinPool.commonPool-worker-1) Sending message {"key11755116106936": "value-5", "key21755116111894": "value-5"} to topic topic-c327574a_ac6a_431f_9eda_d04abc5848e1
2025-08-13 20:15:18,001 INFO  [io.api.tes.ser.api.KafkaSerdesTester] (ForkJoinPool.commonPool-worker-1) Sending message {"key11755116106936": "value-6", "key21755116111894": "value-6"} to topic topic-c327574a_ac6a_431f_9eda_d04abc5848e1
2025-08-13 20:15:18,002 INFO  [io.api.tes.ser.api.KafkaSerdesTester] (ForkJoinPool.commonPool-worker-1) Sending message {"key11755116106936": "value-7", "key21755116111894": "value-7"} to topic topic-c327574a_ac6a_431f_9eda_d04abc5848e1
2025-08-13 20:15:18,004 INFO  [io.api.tes.ser.api.KafkaSerdesTester] (ForkJoinPool.commonPool-worker-1) Sending message {"key11755116106936": "value-8", "key21755116111894": "value-8"} to topic topic-c327574a_ac6a_431f_9eda_d04abc5848e1
2025-08-13 20:15:18,005 INFO  [io.api.tes.ser.api.KafkaSerdesTester] (ForkJoinPool.commonPool-worker-1) Sending message {"key11755116106936": "value-9", "key21755116111894": "value-9"} to topic topic-c327574a_ac6a_431f_9eda_d04abc5848e1
2025-08-13 20:15:18,007 INFO  [io.api.tes.ser.api.KafkaSerdesTester] (ForkJoinPool.commonPool-worker-1) Produced 10 messages
2025-08-13 20:15:18,007 INFO  [org.apa.kaf.cli.pro.KafkaProducer] (ForkJoinPool.commonPool-worker-1) [Producer clientId=Producer-topic-c327574a_ac6a_431f_9eda_d04abc5848e1] Closing the Kafka producer with timeoutMillis = 9223372036854775807 ms.
2025-08-13 20:15:18,009 INFO  [org.apa.kaf.com.met.Metrics] (ForkJoinPool.commonPool-worker-1) Metrics scheduler closed
2025-08-13 20:15:18,009 INFO  [org.apa.kaf.com.met.Metrics] (ForkJoinPool.commonPool-worker-1) Closing reporter org.apache.kafka.common.metrics.JmxReporter
2025-08-13 20:15:18,009 INFO  [org.apa.kaf.com.met.Metrics] (ForkJoinPool.commonPool-worker-1) Closing reporter org.apache.kafka.common.telemetry.internals.ClientTelemetryReporter
2025-08-13 20:15:18,009 INFO  [org.apa.kaf.com.met.Metrics] (ForkJoinPool.commonPool-worker-1) Metrics reporters closed
2025-08-13 20:15:18,010 INFO  [org.apa.kaf.com.uti.AppInfoParser] (ForkJoinPool.commonPool-worker-1) App info kafka.producer for Producer-topic-c327574a_ac6a_431f_9eda_d04abc5848e1 unregistered
**** Registry Base URL: http://registry-app-inmemory.apps.ci419.apicurio-testing.org:80
2025-08-13 20:15:18,010 INFO  [org.apa.kaf.cli.pro.ProducerConfig] (main) ProducerConfig values: 
	acks = -1
	auto.include.jmx.reporter = true
	batch.size = 16384
	bootstrap.servers = [PLAINTEXT://localhost:32769]
	buffer.memory = 33554432
	client.dns.lookup = use_all_dns_ips
	client.id = Producer-topic-c327574a_ac6a_431f_9eda_d04abc5848e1
	compression.gzip.level = -1
	compression.lz4.level = 9
	compression.type = none
	compression.zstd.level = 3
	connections.max.idle.ms = 10000
	delivery.timeout.ms = 120000
	enable.idempotence = true
	enable.metrics.push = true
	interceptor.classes = []
	key.serializer = class org.apache.kafka.common.serialization.StringSerializer
	linger.ms = 0
	max.block.ms = 60000
	max.in.flight.requests.per.connection = 5
	max.request.size = 1048576
	metadata.max.age.ms = 300000
	metadata.max.idle.ms = 300000
	metadata.recovery.strategy = none
	metric.reporters = []
	metrics.num.samples = 2
	metrics.recording.level = INFO
	metrics.sample.window.ms = 30000
	partitioner.adaptive.partitioning.enable = true
	partitioner.availability.timeout.ms = 0
	partitioner.class = null
	partitioner.ignore.keys = false
	receive.buffer.bytes = 32768
	reconnect.backoff.max.ms = 1000
	reconnect.backoff.ms = 50
	request.timeout.ms = 5000
	retries = 2147483647
	retry.backoff.max.ms = 1000
	retry.backoff.ms = 100
	sasl.client.callback.handler.class = null
	sasl.jaas.config = null
	sasl.kerberos.kinit.cmd = /usr/bin/kinit
	sasl.kerberos.min.time.before.relogin = 60000
	sasl.kerberos.service.name = null
	sasl.kerberos.ticket.renew.jitter = 0.05
	sasl.kerberos.ticket.renew.window.factor = 0.8
	sasl.login.callback.handler.class = null
	sasl.login.class = null
	sasl.login.connect.timeout.ms = null
	sasl.login.read.timeout.ms = null
	sasl.login.refresh.buffer.seconds = 300
	sasl.login.refresh.min.period.seconds = 60
	sasl.login.refresh.window.factor = 0.8
	sasl.login.refresh.window.jitter = 0.05
	sasl.login.retry.backoff.max.ms = 10000
	sasl.login.retry.backoff.ms = 100
	sasl.mechanism = GSSAPI
	sasl.oauthbearer.clock.skew.seconds = 30
	sasl.oauthbearer.expected.audience = null
	sasl.oauthbearer.expected.issuer = null
	sasl.oauthbearer.header.urlencode = false
	sasl.oauthbearer.jwks.endpoint.refresh.ms = 3600000
	sasl.oauthbearer.jwks.endpoint.retry.backoff.max.ms = 10000
	sasl.oauthbearer.jwks.endpoint.retry.backoff.ms = 100
	sasl.oauthbearer.jwks.endpoint.url = null
	sasl.oauthbearer.scope.claim.name = scope
	sasl.oauthbearer.sub.claim.name = sub
	sasl.oauthbearer.token.endpoint.url = null
	security.protocol = PLAINTEXT
	security.providers = null
	send.buffer.bytes = 131072
	socket.connection.setup.timeout.max.ms = 30000
	socket.connection.setup.timeout.ms = 10000
	ssl.cipher.suites = null
	ssl.enabled.protocols = [TLSv1.2, TLSv1.3]
	ssl.endpoint.identification.algorithm = https
	ssl.engine.factory.class = null
	ssl.key.password = null
	ssl.keymanager.algorithm = SunX509
	ssl.keystore.certificate.chain = null
	ssl.keystore.key = null
	ssl.keystore.location = null
	ssl.keystore.password = null
	ssl.keystore.type = JKS
	ssl.protocol = TLSv1.3
	ssl.provider = null
	ssl.secure.random.implementation = null
	ssl.trustmanager.algorithm = PKIX
	ssl.truststore.certificates = null
	ssl.truststore.location = null
	ssl.truststore.password = null
	ssl.truststore.type = JKS
	transaction.timeout.ms = 60000
	transactional.id = null
	value.serializer = class io.apicurio.registry.serde.avro.AvroKafkaSerializer

2025-08-13 20:15:18,011 INFO  [org.apa.kaf.com.tel.int.KafkaMetricsCollector] (main) initializing Kafka metrics collector
2025-08-13 20:15:18,014 INFO  [org.apa.kaf.cli.pro.KafkaProducer] (main) [Producer clientId=Producer-topic-c327574a_ac6a_431f_9eda_d04abc5848e1] Instantiated an idempotent producer.
2025-08-13 20:15:18,017 INFO  [org.apa.kaf.cli.pro.ProducerConfig] (main) These configurations '[apicurio.registry.url, apicurio.registry.artifact-resolver-strategy]' were supplied but are not used yet.
2025-08-13 20:15:18,017 INFO  [org.apa.kaf.com.uti.AppInfoParser] (main) Kafka version: 3.9.1
2025-08-13 20:15:18,017 INFO  [org.apa.kaf.com.uti.AppInfoParser] (main) Kafka commitId: f745dfdcee2b9851
2025-08-13 20:15:18,017 INFO  [org.apa.kaf.com.uti.AppInfoParser] (main) Kafka startTimeMs: 1755116118017
2025-08-13 20:15:18,017 INFO  [io.api.tes.ser.api.KafkaSerdesTester] (ForkJoinPool.commonPool-worker-1) Sending message {"key11755116106936": "value-0"} to topic topic-c327574a_ac6a_431f_9eda_d04abc5848e1
2025-08-13 20:15:18,020 INFO  [org.apa.kaf.cli.Metadata] (kafka-producer-network-thread | Producer-topic-c327574a_ac6a_431f_9eda_d04abc5848e1) [Producer clientId=Producer-topic-c327574a_ac6a_431f_9eda_d04abc5848e1] Cluster ID: deU1wVjgTqiYBiPhrFjcdg
2025-08-13 20:15:18,021 INFO  [org.apa.kaf.cli.pro.int.TransactionManager] (kafka-producer-network-thread | Producer-topic-c327574a_ac6a_431f_9eda_d04abc5848e1) [Producer clientId=Producer-topic-c327574a_ac6a_431f_9eda_d04abc5848e1] ProducerId set to 17 with epoch 0
2025-08-13 20:15:18,021 INFO  [DefaultSchemaResolver] (ForkJoinPool.commonPool-worker-1) Retrieving schema content using string: {"type":"record","name":"s5686e373x2047x41ffx9ac6x3288c91d353f","namespace":"ns_0ddf0b7b_597a_4a9a_ae56_03721e07f813","fields":[{"name":"key11755116106936","type":"string"}]}
2025-08-13 20:15:18,074 INFO  [io.api.tes.ser.api.KafkaSerdesTester] (ForkJoinPool.commonPool-worker-1) Sending message {"key11755116106936": "value-1"} to topic topic-c327574a_ac6a_431f_9eda_d04abc5848e1
2025-08-13 20:15:18,077 INFO  [io.api.tes.ser.api.KafkaSerdesTester] (ForkJoinPool.commonPool-worker-1) Sending message {"key11755116106936": "value-2"} to topic topic-c327574a_ac6a_431f_9eda_d04abc5848e1
2025-08-13 20:15:18,079 INFO  [io.api.tes.ser.api.KafkaSerdesTester] (ForkJoinPool.commonPool-worker-1) Sending message {"key11755116106936": "value-3"} to topic topic-c327574a_ac6a_431f_9eda_d04abc5848e1
2025-08-13 20:15:18,081 INFO  [io.api.tes.ser.api.KafkaSerdesTester] (ForkJoinPool.commonPool-worker-1) Sending message {"key11755116106936": "value-4"} to topic topic-c327574a_ac6a_431f_9eda_d04abc5848e1
2025-08-13 20:15:18,083 INFO  [io.api.tes.ser.api.KafkaSerdesTester] (ForkJoinPool.commonPool-worker-1) Sending message {"key11755116106936": "value-5"} to topic topic-c327574a_ac6a_431f_9eda_d04abc5848e1
2025-08-13 20:15:18,085 INFO  [io.api.tes.ser.api.KafkaSerdesTester] (ForkJoinPool.commonPool-worker-1) Sending message {"key11755116106936": "value-6"} to topic topic-c327574a_ac6a_431f_9eda_d04abc5848e1
2025-08-13 20:15:18,086 INFO  [io.api.tes.ser.api.KafkaSerdesTester] (ForkJoinPool.commonPool-worker-1) Sending message {"key11755116106936": "value-7"} to topic topic-c327574a_ac6a_431f_9eda_d04abc5848e1
2025-08-13 20:15:18,088 INFO  [io.api.tes.ser.api.KafkaSerdesTester] (ForkJoinPool.commonPool-worker-1) Sending message {"key11755116106936": "value-8"} to topic topic-c327574a_ac6a_431f_9eda_d04abc5848e1
2025-08-13 20:15:18,089 INFO  [io.api.tes.ser.api.KafkaSerdesTester] (ForkJoinPool.commonPool-worker-1) Sending message {"key11755116106936": "value-9"} to topic topic-c327574a_ac6a_431f_9eda_d04abc5848e1
2025-08-13 20:15:18,091 INFO  [io.api.tes.ser.api.KafkaSerdesTester] (ForkJoinPool.commonPool-worker-1) Produced 10 messages
2025-08-13 20:15:18,091 INFO  [org.apa.kaf.cli.pro.KafkaProducer] (ForkJoinPool.commonPool-worker-1) [Producer clientId=Producer-topic-c327574a_ac6a_431f_9eda_d04abc5848e1] Closing the Kafka producer with timeoutMillis = 9223372036854775807 ms.
2025-08-13 20:15:18,093 INFO  [org.apa.kaf.com.met.Metrics] (ForkJoinPool.commonPool-worker-1) Metrics scheduler closed
2025-08-13 20:15:18,093 INFO  [org.apa.kaf.com.met.Metrics] (ForkJoinPool.commonPool-worker-1) Closing reporter org.apache.kafka.common.metrics.JmxReporter
2025-08-13 20:15:18,093 INFO  [org.apa.kaf.com.met.Metrics] (ForkJoinPool.commonPool-worker-1) Closing reporter org.apache.kafka.common.telemetry.internals.ClientTelemetryReporter
2025-08-13 20:15:18,093 INFO  [org.apa.kaf.com.met.Metrics] (ForkJoinPool.commonPool-worker-1) Metrics reporters closed
2025-08-13 20:15:18,093 INFO  [org.apa.kaf.com.uti.AppInfoParser] (ForkJoinPool.commonPool-worker-1) App info kafka.producer for Producer-topic-c327574a_ac6a_431f_9eda_d04abc5848e1 unregistered
**** Registry Base URL: http://registry-app-inmemory.apps.ci419.apicurio-testing.org:80
2025-08-13 20:15:18,094 INFO  [org.apa.kaf.cli.con.ConsumerConfig] (main) ConsumerConfig values: 
	allow.auto.create.topics = true
	auto.commit.interval.ms = 500
	auto.include.jmx.reporter = true
	auto.offset.reset = earliest
	bootstrap.servers = [PLAINTEXT://localhost:32769]
	check.crcs = true
	client.dns.lookup = use_all_dns_ips
	client.id = consumer-Consumer-topic-c327574a_ac6a_431f_9eda_d04abc5848e1-12
	client.rack = 
	connections.max.idle.ms = 10000
	default.api.timeout.ms = 60000
	enable.auto.commit = true
	enable.metrics.push = true
	exclude.internal.topics = true
	fetch.max.bytes = 52428800
	fetch.max.wait.ms = 500
	fetch.min.bytes = 1
	group.id = Consumer-topic-c327574a_ac6a_431f_9eda_d04abc5848e1
	group.instance.id = null
	group.protocol = classic
	group.remote.assignor = null
	heartbeat.interval.ms = 3000
	interceptor.classes = []
	internal.leave.group.on.close = true
	internal.throw.on.fetch.stable.offset.unsupported = false
	isolation.level = read_uncommitted
	key.deserializer = class org.apache.kafka.common.serialization.StringDeserializer
	max.partition.fetch.bytes = 1048576
	max.poll.interval.ms = 300000
	max.poll.records = 500
	metadata.max.age.ms = 300000
	metadata.recovery.strategy = none
	metric.reporters = []
	metrics.num.samples = 2
	metrics.recording.level = INFO
	metrics.sample.window.ms = 30000
	partition.assignment.strategy = [class org.apache.kafka.clients.consumer.RangeAssignor, class org.apache.kafka.clients.consumer.CooperativeStickyAssignor]
	receive.buffer.bytes = 65536
	reconnect.backoff.max.ms = 1000
	reconnect.backoff.ms = 50
	request.timeout.ms = 5000
	retry.backoff.max.ms = 1000
	retry.backoff.ms = 100
	sasl.client.callback.handler.class = null
	sasl.jaas.config = null
	sasl.kerberos.kinit.cmd = /usr/bin/kinit
	sasl.kerberos.min.time.before.relogin = 60000
	sasl.kerberos.service.name = null
	sasl.kerberos.ticket.renew.jitter = 0.05
	sasl.kerberos.ticket.renew.window.factor = 0.8
	sasl.login.callback.handler.class = null
	sasl.login.class = null
	sasl.login.connect.timeout.ms = null
	sasl.login.read.timeout.ms = null
	sasl.login.refresh.buffer.seconds = 300
	sasl.login.refresh.min.period.seconds = 60
	sasl.login.refresh.window.factor = 0.8
	sasl.login.refresh.window.jitter = 0.05
	sasl.login.retry.backoff.max.ms = 10000
	sasl.login.retry.backoff.ms = 100
	sasl.mechanism = GSSAPI
	sasl.oauthbearer.clock.skew.seconds = 30
	sasl.oauthbearer.expected.audience = null
	sasl.oauthbearer.expected.issuer = null
	sasl.oauthbearer.header.urlencode = false
	sasl.oauthbearer.jwks.endpoint.refresh.ms = 3600000
	sasl.oauthbearer.jwks.endpoint.retry.backoff.max.ms = 10000
	sasl.oauthbearer.jwks.endpoint.retry.backoff.ms = 100
	sasl.oauthbearer.jwks.endpoint.url = null
	sasl.oauthbearer.scope.claim.name = scope
	sasl.oauthbearer.sub.claim.name = sub
	sasl.oauthbearer.token.endpoint.url = null
	security.protocol = PLAINTEXT
	security.providers = null
	send.buffer.bytes = 131072
	session.timeout.ms = 45000
	socket.connection.setup.timeout.max.ms = 30000
	socket.connection.setup.timeout.ms = 10000
	ssl.cipher.suites = null
	ssl.enabled.protocols = [TLSv1.2, TLSv1.3]
	ssl.endpoint.identification.algorithm = https
	ssl.engine.factory.class = null
	ssl.key.password = null
	ssl.keymanager.algorithm = SunX509
	ssl.keystore.certificate.chain = null
	ssl.keystore.key = null
	ssl.keystore.location = null
	ssl.keystore.password = null
	ssl.keystore.type = JKS
	ssl.protocol = TLSv1.3
	ssl.provider = null
	ssl.secure.random.implementation = null
	ssl.trustmanager.algorithm = PKIX
	ssl.truststore.certificates = null
	ssl.truststore.location = null
	ssl.truststore.password = null
	ssl.truststore.type = JKS
	value.deserializer = class io.apicurio.registry.serde.avro.AvroKafkaDeserializer

2025-08-13 20:15:18,094 INFO  [org.apa.kaf.com.tel.int.KafkaMetricsCollector] (main) initializing Kafka metrics collector
2025-08-13 20:15:18,099 INFO  [org.apa.kaf.cli.con.ConsumerConfig] (main) These configurations '[apicurio.registry.url]' were supplied but are not used yet.
2025-08-13 20:15:18,099 INFO  [org.apa.kaf.com.uti.AppInfoParser] (main) Kafka version: 3.9.1
2025-08-13 20:15:18,099 INFO  [org.apa.kaf.com.uti.AppInfoParser] (main) Kafka commitId: f745dfdcee2b9851
2025-08-13 20:15:18,099 INFO  [org.apa.kaf.com.uti.AppInfoParser] (main) Kafka startTimeMs: 1755116118099
2025-08-13 20:15:18,100 INFO  [org.apa.kaf.cli.con.int.ClassicKafkaConsumer] (ForkJoinPool.commonPool-worker-1) [Consumer clientId=consumer-Consumer-topic-c327574a_ac6a_431f_9eda_d04abc5848e1-12, groupId=Consumer-topic-c327574a_ac6a_431f_9eda_d04abc5848e1] Subscribed to topic(s): topic-c327574a_ac6a_431f_9eda_d04abc5848e1
2025-08-13 20:15:18,104 INFO  [org.apa.kaf.cli.Metadata] (ForkJoinPool.commonPool-worker-1) [Consumer clientId=consumer-Consumer-topic-c327574a_ac6a_431f_9eda_d04abc5848e1-12, groupId=Consumer-topic-c327574a_ac6a_431f_9eda_d04abc5848e1] Cluster ID: deU1wVjgTqiYBiPhrFjcdg
2025-08-13 20:15:18,105 INFO  [org.apa.kaf.cli.con.int.ConsumerCoordinator] (ForkJoinPool.commonPool-worker-1) [Consumer clientId=consumer-Consumer-topic-c327574a_ac6a_431f_9eda_d04abc5848e1-12, groupId=Consumer-topic-c327574a_ac6a_431f_9eda_d04abc5848e1] Discovered group coordinator localhost:32769 (id: 2147483647 rack: null)
2025-08-13 20:15:18,106 INFO  [org.apa.kaf.cli.con.int.ConsumerCoordinator] (ForkJoinPool.commonPool-worker-1) [Consumer clientId=consumer-Consumer-topic-c327574a_ac6a_431f_9eda_d04abc5848e1-12, groupId=Consumer-topic-c327574a_ac6a_431f_9eda_d04abc5848e1] (Re-)joining group
2025-08-13 20:15:18,108 INFO  [org.apa.kaf.cli.con.int.ConsumerCoordinator] (ForkJoinPool.commonPool-worker-1) [Consumer clientId=consumer-Consumer-topic-c327574a_ac6a_431f_9eda_d04abc5848e1-12, groupId=Consumer-topic-c327574a_ac6a_431f_9eda_d04abc5848e1] Request joining group due to: need to re-join with the given member-id: consumer-Consumer-topic-c327574a_ac6a_431f_9eda_d04abc5848e1-12-af8162c3-3e03-4cc2-a1ad-5c28bbb54db6
2025-08-13 20:15:18,108 INFO  [org.apa.kaf.cli.con.int.ConsumerCoordinator] (ForkJoinPool.commonPool-worker-1) [Consumer clientId=consumer-Consumer-topic-c327574a_ac6a_431f_9eda_d04abc5848e1-12, groupId=Consumer-topic-c327574a_ac6a_431f_9eda_d04abc5848e1] (Re-)joining group
2025-08-13 20:15:19,100 INFO  [io.api.tes.ser.api.KafkaSerdesTester] (ForkJoinPool.commonPool-worker-1) None found
2025-08-13 20:15:20,101 INFO  [io.api.tes.ser.api.KafkaSerdesTester] (ForkJoinPool.commonPool-worker-1) None found
2025-08-13 20:15:21,101 INFO  [io.api.tes.ser.api.KafkaSerdesTester] (ForkJoinPool.commonPool-worker-1) None found
2025-08-13 20:15:21,111 INFO  [org.apa.kaf.cli.con.int.ConsumerCoordinator] (ForkJoinPool.commonPool-worker-1) [Consumer clientId=consumer-Consumer-topic-c327574a_ac6a_431f_9eda_d04abc5848e1-12, groupId=Consumer-topic-c327574a_ac6a_431f_9eda_d04abc5848e1] Successfully joined group with generation Generation{generationId=5, memberId='consumer-Consumer-topic-c327574a_ac6a_431f_9eda_d04abc5848e1-12-af8162c3-3e03-4cc2-a1ad-5c28bbb54db6', protocol='range'}
2025-08-13 20:15:21,111 INFO  [org.apa.kaf.cli.con.int.ConsumerCoordinator] (ForkJoinPool.commonPool-worker-1) [Consumer clientId=consumer-Consumer-topic-c327574a_ac6a_431f_9eda_d04abc5848e1-12, groupId=Consumer-topic-c327574a_ac6a_431f_9eda_d04abc5848e1] Finished assignment for group at generation 5: {consumer-Consumer-topic-c327574a_ac6a_431f_9eda_d04abc5848e1-12-af8162c3-3e03-4cc2-a1ad-5c28bbb54db6=Assignment(partitions=[topic-c327574a_ac6a_431f_9eda_d04abc5848e1-0])}
2025-08-13 20:15:21,118 INFO  [org.apa.kaf.cli.con.int.ConsumerCoordinator] (ForkJoinPool.commonPool-worker-1) [Consumer clientId=consumer-Consumer-topic-c327574a_ac6a_431f_9eda_d04abc5848e1-12, groupId=Consumer-topic-c327574a_ac6a_431f_9eda_d04abc5848e1] Successfully synced group in generation Generation{generationId=5, memberId='consumer-Consumer-topic-c327574a_ac6a_431f_9eda_d04abc5848e1-12-af8162c3-3e03-4cc2-a1ad-5c28bbb54db6', protocol='range'}
2025-08-13 20:15:21,118 INFO  [org.apa.kaf.cli.con.int.ConsumerCoordinator] (ForkJoinPool.commonPool-worker-1) [Consumer clientId=consumer-Consumer-topic-c327574a_ac6a_431f_9eda_d04abc5848e1-12, groupId=Consumer-topic-c327574a_ac6a_431f_9eda_d04abc5848e1] Notifying assignor about the new Assignment(partitions=[topic-c327574a_ac6a_431f_9eda_d04abc5848e1-0])
2025-08-13 20:15:21,119 INFO  [org.apa.kaf.cli.con.int.ConsumerRebalanceListenerInvoker] (ForkJoinPool.commonPool-worker-1) [Consumer clientId=consumer-Consumer-topic-c327574a_ac6a_431f_9eda_d04abc5848e1-12, groupId=Consumer-topic-c327574a_ac6a_431f_9eda_d04abc5848e1] Adding newly assigned partitions: topic-c327574a_ac6a_431f_9eda_d04abc5848e1-0
2025-08-13 20:15:21,119 INFO  [org.apa.kaf.cli.con.int.ConsumerUtils] (ForkJoinPool.commonPool-worker-1) Setting offset for partition topic-c327574a_ac6a_431f_9eda_d04abc5848e1-0 to the committed offset FetchPosition{offset=30, offsetEpoch=Optional[0], currentLeader=LeaderAndEpoch{leader=Optional[localhost:32769 (id: 0 rack: null)], epoch=0}}
2025-08-13 20:15:21,292 INFO  [io.api.tes.ser.api.KafkaSerdesTester] (ForkJoinPool.commonPool-worker-1) topic-c327574a_ac6a_431f_9eda_d04abc5848e1 0 30 {"key11755116106936": "value-0", "key21755116111894": "value-0", "key31755116116783": "value-0"}
2025-08-13 20:15:21,292 INFO  [io.api.tes.ser.api.KafkaSerdesTester] (ForkJoinPool.commonPool-worker-1) topic-c327574a_ac6a_431f_9eda_d04abc5848e1 0 31 {"key11755116106936": "value-1", "key21755116111894": "value-1", "key31755116116783": "value-1"}
2025-08-13 20:15:21,292 INFO  [io.api.tes.ser.api.KafkaSerdesTester] (ForkJoinPool.commonPool-worker-1) topic-c327574a_ac6a_431f_9eda_d04abc5848e1 0 32 {"key11755116106936": "value-2", "key21755116111894": "value-2", "key31755116116783": "value-2"}
2025-08-13 20:15:21,292 INFO  [io.api.tes.ser.api.KafkaSerdesTester] (ForkJoinPool.commonPool-worker-1) topic-c327574a_ac6a_431f_9eda_d04abc5848e1 0 33 {"key11755116106936": "value-3", "key21755116111894": "value-3", "key31755116116783": "value-3"}
2025-08-13 20:15:21,292 INFO  [io.api.tes.ser.api.KafkaSerdesTester] (ForkJoinPool.commonPool-worker-1) topic-c327574a_ac6a_431f_9eda_d04abc5848e1 0 34 {"key11755116106936": "value-4", "key21755116111894": "value-4", "key31755116116783": "value-4"}
2025-08-13 20:15:21,292 INFO  [io.api.tes.ser.api.KafkaSerdesTester] (ForkJoinPool.commonPool-worker-1) topic-c327574a_ac6a_431f_9eda_d04abc5848e1 0 35 {"key11755116106936": "value-5", "key21755116111894": "value-5", "key31755116116783": "value-5"}
2025-08-13 20:15:21,292 INFO  [io.api.tes.ser.api.KafkaSerdesTester] (ForkJoinPool.commonPool-worker-1) topic-c327574a_ac6a_431f_9eda_d04abc5848e1 0 36 {"key11755116106936": "value-6", "key21755116111894": "value-6", "key31755116116783": "value-6"}
2025-08-13 20:15:21,292 INFO  [io.api.tes.ser.api.KafkaSerdesTester] (ForkJoinPool.commonPool-worker-1) topic-c327574a_ac6a_431f_9eda_d04abc5848e1 0 37 {"key11755116106936": "value-7", "key21755116111894": "value-7", "key31755116116783": "value-7"}
2025-08-13 20:15:21,292 INFO  [io.api.tes.ser.api.KafkaSerdesTester] (ForkJoinPool.commonPool-worker-1) topic-c327574a_ac6a_431f_9eda_d04abc5848e1 0 38 {"key11755116106936": "value-8", "key21755116111894": "value-8", "key31755116116783": "value-8"}
2025-08-13 20:15:21,292 INFO  [io.api.tes.ser.api.KafkaSerdesTester] (ForkJoinPool.commonPool-worker-1) topic-c327574a_ac6a_431f_9eda_d04abc5848e1 0 39 {"key11755116106936": "value-9", "key21755116111894": "value-9", "key31755116116783": "value-9"}
2025-08-13 20:15:21,292 INFO  [io.api.tes.ser.api.KafkaSerdesTester] (ForkJoinPool.commonPool-worker-1) topic-c327574a_ac6a_431f_9eda_d04abc5848e1 0 40 {"key11755116106936": "value-0", "key21755116111894": "value-0"}
2025-08-13 20:15:21,293 INFO  [io.api.tes.ser.api.KafkaSerdesTester] (ForkJoinPool.commonPool-worker-1) topic-c327574a_ac6a_431f_9eda_d04abc5848e1 0 41 {"key11755116106936": "value-1", "key21755116111894": "value-1"}
2025-08-13 20:15:21,293 INFO  [io.api.tes.ser.api.KafkaSerdesTester] (ForkJoinPool.commonPool-worker-1) topic-c327574a_ac6a_431f_9eda_d04abc5848e1 0 42 {"key11755116106936": "value-2", "key21755116111894": "value-2"}
2025-08-13 20:15:21,293 INFO  [io.api.tes.ser.api.KafkaSerdesTester] (ForkJoinPool.commonPool-worker-1) topic-c327574a_ac6a_431f_9eda_d04abc5848e1 0 43 {"key11755116106936": "value-3", "key21755116111894": "value-3"}
2025-08-13 20:15:21,293 INFO  [io.api.tes.ser.api.KafkaSerdesTester] (ForkJoinPool.commonPool-worker-1) topic-c327574a_ac6a_431f_9eda_d04abc5848e1 0 44 {"key11755116106936": "value-4", "key21755116111894": "value-4"}
2025-08-13 20:15:21,293 INFO  [io.api.tes.ser.api.KafkaSerdesTester] (ForkJoinPool.commonPool-worker-1) topic-c327574a_ac6a_431f_9eda_d04abc5848e1 0 45 {"key11755116106936": "value-5", "key21755116111894": "value-5"}
2025-08-13 20:15:21,293 INFO  [io.api.tes.ser.api.KafkaSerdesTester] (ForkJoinPool.commonPool-worker-1) topic-c327574a_ac6a_431f_9eda_d04abc5848e1 0 46 {"key11755116106936": "value-6", "key21755116111894": "value-6"}
2025-08-13 20:15:21,293 INFO  [io.api.tes.ser.api.KafkaSerdesTester] (ForkJoinPool.commonPool-worker-1) topic-c327574a_ac6a_431f_9eda_d04abc5848e1 0 47 {"key11755116106936": "value-7", "key21755116111894": "value-7"}
2025-08-13 20:15:21,293 INFO  [io.api.tes.ser.api.KafkaSerdesTester] (ForkJoinPool.commonPool-worker-1) topic-c327574a_ac6a_431f_9eda_d04abc5848e1 0 48 {"key11755116106936": "value-8", "key21755116111894": "value-8"}
2025-08-13 20:15:21,293 INFO  [io.api.tes.ser.api.KafkaSerdesTester] (ForkJoinPool.commonPool-worker-1) topic-c327574a_ac6a_431f_9eda_d04abc5848e1 0 49 {"key11755116106936": "value-9", "key21755116111894": "value-9"}
2025-08-13 20:15:21,293 INFO  [io.api.tes.ser.api.KafkaSerdesTester] (ForkJoinPool.commonPool-worker-1) topic-c327574a_ac6a_431f_9eda_d04abc5848e1 0 50 {"key11755116106936": "value-0"}
2025-08-13 20:15:21,293 INFO  [io.api.tes.ser.api.KafkaSerdesTester] (ForkJoinPool.commonPool-worker-1) topic-c327574a_ac6a_431f_9eda_d04abc5848e1 0 51 {"key11755116106936": "value-1"}
2025-08-13 20:15:21,293 INFO  [io.api.tes.ser.api.KafkaSerdesTester] (ForkJoinPool.commonPool-worker-1) topic-c327574a_ac6a_431f_9eda_d04abc5848e1 0 52 {"key11755116106936": "value-2"}
2025-08-13 20:15:21,293 INFO  [io.api.tes.ser.api.KafkaSerdesTester] (ForkJoinPool.commonPool-worker-1) topic-c327574a_ac6a_431f_9eda_d04abc5848e1 0 53 {"key11755116106936": "value-3"}
2025-08-13 20:15:21,293 INFO  [io.api.tes.ser.api.KafkaSerdesTester] (ForkJoinPool.commonPool-worker-1) topic-c327574a_ac6a_431f_9eda_d04abc5848e1 0 54 {"key11755116106936": "value-4"}
2025-08-13 20:15:21,293 INFO  [io.api.tes.ser.api.KafkaSerdesTester] (ForkJoinPool.commonPool-worker-1) topic-c327574a_ac6a_431f_9eda_d04abc5848e1 0 55 {"key11755116106936": "value-5"}
2025-08-13 20:15:21,293 INFO  [io.api.tes.ser.api.KafkaSerdesTester] (ForkJoinPool.commonPool-worker-1) topic-c327574a_ac6a_431f_9eda_d04abc5848e1 0 56 {"key11755116106936": "value-6"}
2025-08-13 20:15:21,293 INFO  [io.api.tes.ser.api.KafkaSerdesTester] (ForkJoinPool.commonPool-worker-1) topic-c327574a_ac6a_431f_9eda_d04abc5848e1 0 57 {"key11755116106936": "value-7"}
2025-08-13 20:15:21,293 INFO  [io.api.tes.ser.api.KafkaSerdesTester] (ForkJoinPool.commonPool-worker-1) topic-c327574a_ac6a_431f_9eda_d04abc5848e1 0 58 {"key11755116106936": "value-8"}
2025-08-13 20:15:21,293 INFO  [io.api.tes.ser.api.KafkaSerdesTester] (ForkJoinPool.commonPool-worker-1) topic-c327574a_ac6a_431f_9eda_d04abc5848e1 0 59 {"key11755116106936": "value-9"}
2025-08-13 20:15:21,293 INFO  [io.api.tes.ser.api.KafkaSerdesTester] (ForkJoinPool.commonPool-worker-1) Consumed 30 messages
2025-08-13 20:15:21,300 INFO  [org.apa.kaf.cli.con.int.ConsumerRebalanceListenerInvoker] (ForkJoinPool.commonPool-worker-1) [Consumer clientId=consumer-Consumer-topic-c327574a_ac6a_431f_9eda_d04abc5848e1-12, groupId=Consumer-topic-c327574a_ac6a_431f_9eda_d04abc5848e1] Revoke previously assigned partitions topic-c327574a_ac6a_431f_9eda_d04abc5848e1-0
2025-08-13 20:15:21,301 INFO  [org.apa.kaf.cli.con.int.ConsumerCoordinator] (ForkJoinPool.commonPool-worker-1) [Consumer clientId=consumer-Consumer-topic-c327574a_ac6a_431f_9eda_d04abc5848e1-12, groupId=Consumer-topic-c327574a_ac6a_431f_9eda_d04abc5848e1] Member consumer-Consumer-topic-c327574a_ac6a_431f_9eda_d04abc5848e1-12-af8162c3-3e03-4cc2-a1ad-5c28bbb54db6 sending LeaveGroup request to coordinator localhost:32769 (id: 2147483647 rack: null) due to the consumer is being closed
2025-08-13 20:15:21,301 INFO  [org.apa.kaf.cli.con.int.ConsumerCoordinator] (ForkJoinPool.commonPool-worker-1) [Consumer clientId=consumer-Consumer-topic-c327574a_ac6a_431f_9eda_d04abc5848e1-12, groupId=Consumer-topic-c327574a_ac6a_431f_9eda_d04abc5848e1] Resetting generation and member id due to: consumer pro-actively leaving the group
2025-08-13 20:15:21,301 INFO  [org.apa.kaf.cli.con.int.ConsumerCoordinator] (ForkJoinPool.commonPool-worker-1) [Consumer clientId=consumer-Consumer-topic-c327574a_ac6a_431f_9eda_d04abc5848e1-12, groupId=Consumer-topic-c327574a_ac6a_431f_9eda_d04abc5848e1] Request joining group due to: consumer pro-actively leaving the group
2025-08-13 20:15:21,795 INFO  [org.apa.kaf.com.met.Metrics] (ForkJoinPool.commonPool-worker-1) Metrics scheduler closed
2025-08-13 20:15:21,795 INFO  [org.apa.kaf.com.met.Metrics] (ForkJoinPool.commonPool-worker-1) Closing reporter org.apache.kafka.common.metrics.JmxReporter
2025-08-13 20:15:21,795 INFO  [org.apa.kaf.com.met.Metrics] (ForkJoinPool.commonPool-worker-1) Closing reporter org.apache.kafka.common.telemetry.internals.ClientTelemetryReporter
2025-08-13 20:15:21,795 INFO  [org.apa.kaf.com.met.Metrics] (ForkJoinPool.commonPool-worker-1) Metrics reporters closed
2025-08-13 20:15:21,796 INFO  [org.apa.kaf.com.uti.AppInfoParser] (ForkJoinPool.commonPool-worker-1) App info kafka.consumer for consumer-Consumer-topic-c327574a_ac6a_431f_9eda_d04abc5848e1-12 unregistered
2025-08-13 20:15:21,796 INFO  [org.apa.kaf.cli.pro.KafkaProducer] (main) [Producer clientId=Producer-topic-c327574a_ac6a_431f_9eda_d04abc5848e1] Closing the Kafka producer with timeoutMillis = 9223372036854775807 ms.
2025-08-13 20:15:21,797 INFO  [org.apa.kaf.com.met.Metrics] (main) Metrics scheduler closed
2025-08-13 20:15:21,797 INFO  [org.apa.kaf.com.met.Metrics] (main) Closing reporter org.apache.kafka.common.metrics.JmxReporter
2025-08-13 20:15:21,797 INFO  [org.apa.kaf.com.met.Metrics] (main) Closing reporter org.apache.kafka.common.telemetry.internals.ClientTelemetryReporter
2025-08-13 20:15:21,797 INFO  [org.apa.kaf.com.met.Metrics] (main) Metrics reporters closed
2025-08-13 20:15:21,797 INFO  [org.apa.kaf.com.uti.AppInfoParser] (main) App info kafka.producer for Producer-topic-c327574a_ac6a_431f_9eda_d04abc5848e1 unregistered
2025-08-13 20:15:21,797 INFO  [io.api.tes.uti.TestSeparator] (main) io.apicurio.tests.serdes.apicurio.AvroSerdeIT.testEvolveAvroApicurio-FINISHED
2025-08-13 20:15:21,797 INFO  [io.api.tes.uti.TestSeparator] (main) ############################################################################
Test passed: testEvolveAvroApicurio
]]></system-out>
  </testcase>
  <testcase name="testTopicRecordIdStrategydFindLatest" classname="io.apicurio.tests.serdes.apicurio.AvroSerdeIT" time="4.789">
    <system-out><![CDATA[2025-08-13 20:15:21,798 INFO  [io.api.tes.uti.TestSeparator] (main) ############################################################################
2025-08-13 20:15:21,798 INFO  [io.api.tes.uti.TestSeparator] (main) io.apicurio.tests.serdes.apicurio.AvroSerdeIT.testTopicRecordIdStrategydFindLatest-STARTED
2025-08-13 20:15:21,799 INFO  [io.api.tes.ser.api.AvroSerdeIT] (main) Registering Avro Schema: {"type":"record","name":"sbc4443b7x09ebx4506x87c5x0cb372ea08f0","namespace":"sef86a24ax17b3x4accxbab6x876fec39937a","fields":[{"name":"key11755116121799","type":"string"}]}
**** Registry Base URL: http://registry-app-inmemory.apps.ci419.apicurio-testing.org:80
2025-08-13 20:15:22,856 INFO  [org.apa.kaf.cli.pro.ProducerConfig] (main) ProducerConfig values: 
	acks = -1
	auto.include.jmx.reporter = true
	batch.size = 16384
	bootstrap.servers = [PLAINTEXT://localhost:32769]
	buffer.memory = 33554432
	client.dns.lookup = use_all_dns_ips
	client.id = Producer-topic-243c0d0f_535d_44a3_aaac_7f3e358b6d97
	compression.gzip.level = -1
	compression.lz4.level = 9
	compression.type = none
	compression.zstd.level = 3
	connections.max.idle.ms = 10000
	delivery.timeout.ms = 120000
	enable.idempotence = true
	enable.metrics.push = true
	interceptor.classes = []
	key.serializer = class org.apache.kafka.common.serialization.StringSerializer
	linger.ms = 0
	max.block.ms = 60000
	max.in.flight.requests.per.connection = 5
	max.request.size = 1048576
	metadata.max.age.ms = 300000
	metadata.max.idle.ms = 300000
	metadata.recovery.strategy = none
	metric.reporters = []
	metrics.num.samples = 2
	metrics.recording.level = INFO
	metrics.sample.window.ms = 30000
	partitioner.adaptive.partitioning.enable = true
	partitioner.availability.timeout.ms = 0
	partitioner.class = null
	partitioner.ignore.keys = false
	receive.buffer.bytes = 32768
	reconnect.backoff.max.ms = 1000
	reconnect.backoff.ms = 50
	request.timeout.ms = 5000
	retries = 2147483647
	retry.backoff.max.ms = 1000
	retry.backoff.ms = 100
	sasl.client.callback.handler.class = null
	sasl.jaas.config = null
	sasl.kerberos.kinit.cmd = /usr/bin/kinit
	sasl.kerberos.min.time.before.relogin = 60000
	sasl.kerberos.service.name = null
	sasl.kerberos.ticket.renew.jitter = 0.05
	sasl.kerberos.ticket.renew.window.factor = 0.8
	sasl.login.callback.handler.class = null
	sasl.login.class = null
	sasl.login.connect.timeout.ms = null
	sasl.login.read.timeout.ms = null
	sasl.login.refresh.buffer.seconds = 300
	sasl.login.refresh.min.period.seconds = 60
	sasl.login.refresh.window.factor = 0.8
	sasl.login.refresh.window.jitter = 0.05
	sasl.login.retry.backoff.max.ms = 10000
	sasl.login.retry.backoff.ms = 100
	sasl.mechanism = GSSAPI
	sasl.oauthbearer.clock.skew.seconds = 30
	sasl.oauthbearer.expected.audience = null
	sasl.oauthbearer.expected.issuer = null
	sasl.oauthbearer.header.urlencode = false
	sasl.oauthbearer.jwks.endpoint.refresh.ms = 3600000
	sasl.oauthbearer.jwks.endpoint.retry.backoff.max.ms = 10000
	sasl.oauthbearer.jwks.endpoint.retry.backoff.ms = 100
	sasl.oauthbearer.jwks.endpoint.url = null
	sasl.oauthbearer.scope.claim.name = scope
	sasl.oauthbearer.sub.claim.name = sub
	sasl.oauthbearer.token.endpoint.url = null
	security.protocol = PLAINTEXT
	security.providers = null
	send.buffer.bytes = 131072
	socket.connection.setup.timeout.max.ms = 30000
	socket.connection.setup.timeout.ms = 10000
	ssl.cipher.suites = null
	ssl.enabled.protocols = [TLSv1.2, TLSv1.3]
	ssl.endpoint.identification.algorithm = https
	ssl.engine.factory.class = null
	ssl.key.password = null
	ssl.keymanager.algorithm = SunX509
	ssl.keystore.certificate.chain = null
	ssl.keystore.key = null
	ssl.keystore.location = null
	ssl.keystore.password = null
	ssl.keystore.type = JKS
	ssl.protocol = TLSv1.3
	ssl.provider = null
	ssl.secure.random.implementation = null
	ssl.trustmanager.algorithm = PKIX
	ssl.truststore.certificates = null
	ssl.truststore.location = null
	ssl.truststore.password = null
	ssl.truststore.type = JKS
	transaction.timeout.ms = 60000
	transactional.id = null
	value.serializer = class io.apicurio.registry.serde.avro.AvroKafkaSerializer

2025-08-13 20:15:22,856 INFO  [org.apa.kaf.com.tel.int.KafkaMetricsCollector] (main) initializing Kafka metrics collector
2025-08-13 20:15:22,859 INFO  [org.apa.kaf.cli.pro.KafkaProducer] (main) [Producer clientId=Producer-topic-243c0d0f_535d_44a3_aaac_7f3e358b6d97] Instantiated an idempotent producer.
2025-08-13 20:15:22,860 INFO  [org.apa.kaf.cli.pro.ProducerConfig] (main) These configurations '[apicurio.registry.find-latest, apicurio.registry.url, apicurio.registry.artifact-resolver-strategy]' were supplied but are not used yet.
2025-08-13 20:15:22,860 INFO  [org.apa.kaf.com.uti.AppInfoParser] (main) Kafka version: 3.9.1
2025-08-13 20:15:22,860 INFO  [org.apa.kaf.com.uti.AppInfoParser] (main) Kafka commitId: f745dfdcee2b9851
2025-08-13 20:15:22,860 INFO  [org.apa.kaf.com.uti.AppInfoParser] (main) Kafka startTimeMs: 1755116122860
2025-08-13 20:15:22,861 INFO  [io.api.tes.ser.api.SimpleSerdesTesterBuilder$SimpleSerdesTester] (main) Using producer configuration: {apicurio.registry.find-latest=true, apicurio.registry.url=http://registry-app-inmemory.apps.ci419.apicurio-testing.org:80/apis/registry/v3, apicurio.registry.artifact-resolver-strategy=io.apicurio.registry.serde.avro.strategy.TopicRecordIdStrategy, value.serializer=io.apicurio.registry.serde.avro.AvroKafkaSerializer, request.timeout.ms=5000, acks=all, bootstrap.servers=PLAINTEXT://localhost:32769, connections.max.idle.ms=10000, key.serializer=org.apache.kafka.common.serialization.StringSerializer, client.id=Producer-topic-243c0d0f_535d_44a3_aaac_7f3e358b6d97}
2025-08-13 20:15:22,861 INFO  [io.api.tes.ser.api.SimpleSerdesTesterBuilder$SimpleSerdesTester] (main) Using consumer configuration: {}
2025-08-13 20:15:22,861 INFO  [io.api.tes.ser.api.KafkaSerdesTester] (ForkJoinPool.commonPool-worker-1) Sending message {"key11755116121799": "value-0"} to topic topic-243c0d0f_535d_44a3_aaac_7f3e358b6d97
2025-08-13 20:15:22,864 INFO  [org.apa.kaf.cli.Metadata] (kafka-producer-network-thread | Producer-topic-243c0d0f_535d_44a3_aaac_7f3e358b6d97) [Producer clientId=Producer-topic-243c0d0f_535d_44a3_aaac_7f3e358b6d97] Cluster ID: deU1wVjgTqiYBiPhrFjcdg
2025-08-13 20:15:22,864 INFO  [org.apa.kaf.cli.pro.int.TransactionManager] (kafka-producer-network-thread | Producer-topic-243c0d0f_535d_44a3_aaac_7f3e358b6d97) [Producer clientId=Producer-topic-243c0d0f_535d_44a3_aaac_7f3e358b6d97] ProducerId set to 18 with epoch 0
2025-08-13 20:15:22,966 INFO  [io.api.tes.ser.api.KafkaSerdesTester] (ForkJoinPool.commonPool-worker-1) Sending message {"key11755116121799": "value-1"} to topic topic-243c0d0f_535d_44a3_aaac_7f3e358b6d97
2025-08-13 20:15:22,967 INFO  [io.api.tes.ser.api.KafkaSerdesTester] (ForkJoinPool.commonPool-worker-1) Sending message {"key11755116121799": "value-2"} to topic topic-243c0d0f_535d_44a3_aaac_7f3e358b6d97
2025-08-13 20:15:22,968 INFO  [io.api.tes.ser.api.KafkaSerdesTester] (ForkJoinPool.commonPool-worker-1) Sending message {"key11755116121799": "value-3"} to topic topic-243c0d0f_535d_44a3_aaac_7f3e358b6d97
2025-08-13 20:15:22,969 INFO  [io.api.tes.ser.api.KafkaSerdesTester] (ForkJoinPool.commonPool-worker-1) Sending message {"key11755116121799": "value-4"} to topic topic-243c0d0f_535d_44a3_aaac_7f3e358b6d97
2025-08-13 20:15:22,970 INFO  [io.api.tes.ser.api.KafkaSerdesTester] (ForkJoinPool.commonPool-worker-1) Sending message {"key11755116121799": "value-5"} to topic topic-243c0d0f_535d_44a3_aaac_7f3e358b6d97
2025-08-13 20:15:22,972 INFO  [io.api.tes.ser.api.KafkaSerdesTester] (ForkJoinPool.commonPool-worker-1) Sending message {"key11755116121799": "value-6"} to topic topic-243c0d0f_535d_44a3_aaac_7f3e358b6d97
2025-08-13 20:15:22,973 INFO  [io.api.tes.ser.api.KafkaSerdesTester] (ForkJoinPool.commonPool-worker-1) Sending message {"key11755116121799": "value-7"} to topic topic-243c0d0f_535d_44a3_aaac_7f3e358b6d97
2025-08-13 20:15:22,974 INFO  [io.api.tes.ser.api.KafkaSerdesTester] (ForkJoinPool.commonPool-worker-1) Sending message {"key11755116121799": "value-8"} to topic topic-243c0d0f_535d_44a3_aaac_7f3e358b6d97
2025-08-13 20:15:22,976 INFO  [io.api.tes.ser.api.KafkaSerdesTester] (ForkJoinPool.commonPool-worker-1) Sending message {"key11755116121799": "value-9"} to topic topic-243c0d0f_535d_44a3_aaac_7f3e358b6d97
2025-08-13 20:15:22,978 INFO  [io.api.tes.ser.api.KafkaSerdesTester] (ForkJoinPool.commonPool-worker-1) Produced 10 messages
2025-08-13 20:15:22,978 INFO  [org.apa.kaf.cli.pro.KafkaProducer] (ForkJoinPool.commonPool-worker-1) [Producer clientId=Producer-topic-243c0d0f_535d_44a3_aaac_7f3e358b6d97] Closing the Kafka producer with timeoutMillis = 9223372036854775807 ms.
2025-08-13 20:15:22,979 INFO  [org.apa.kaf.com.met.Metrics] (ForkJoinPool.commonPool-worker-1) Metrics scheduler closed
2025-08-13 20:15:22,979 INFO  [org.apa.kaf.com.met.Metrics] (ForkJoinPool.commonPool-worker-1) Closing reporter org.apache.kafka.common.metrics.JmxReporter
2025-08-13 20:15:22,979 INFO  [org.apa.kaf.com.met.Metrics] (ForkJoinPool.commonPool-worker-1) Closing reporter org.apache.kafka.common.telemetry.internals.ClientTelemetryReporter
2025-08-13 20:15:22,979 INFO  [org.apa.kaf.com.met.Metrics] (ForkJoinPool.commonPool-worker-1) Metrics reporters closed
2025-08-13 20:15:22,979 INFO  [org.apa.kaf.com.uti.AppInfoParser] (ForkJoinPool.commonPool-worker-1) App info kafka.producer for Producer-topic-243c0d0f_535d_44a3_aaac_7f3e358b6d97 unregistered
**** Registry Base URL: http://registry-app-inmemory.apps.ci419.apicurio-testing.org:80
2025-08-13 20:15:22,980 INFO  [org.apa.kaf.cli.con.ConsumerConfig] (main) ConsumerConfig values: 
	allow.auto.create.topics = true
	auto.commit.interval.ms = 500
	auto.include.jmx.reporter = true
	auto.offset.reset = earliest
	bootstrap.servers = [PLAINTEXT://localhost:32769]
	check.crcs = true
	client.dns.lookup = use_all_dns_ips
	client.id = consumer-Consumer-topic-243c0d0f_535d_44a3_aaac_7f3e358b6d97-13
	client.rack = 
	connections.max.idle.ms = 10000
	default.api.timeout.ms = 60000
	enable.auto.commit = true
	enable.metrics.push = true
	exclude.internal.topics = true
	fetch.max.bytes = 52428800
	fetch.max.wait.ms = 500
	fetch.min.bytes = 1
	group.id = Consumer-topic-243c0d0f_535d_44a3_aaac_7f3e358b6d97
	group.instance.id = null
	group.protocol = classic
	group.remote.assignor = null
	heartbeat.interval.ms = 3000
	interceptor.classes = []
	internal.leave.group.on.close = true
	internal.throw.on.fetch.stable.offset.unsupported = false
	isolation.level = read_uncommitted
	key.deserializer = class org.apache.kafka.common.serialization.StringDeserializer
	max.partition.fetch.bytes = 1048576
	max.poll.interval.ms = 300000
	max.poll.records = 500
	metadata.max.age.ms = 300000
	metadata.recovery.strategy = none
	metric.reporters = []
	metrics.num.samples = 2
	metrics.recording.level = INFO
	metrics.sample.window.ms = 30000
	partition.assignment.strategy = [class org.apache.kafka.clients.consumer.RangeAssignor, class org.apache.kafka.clients.consumer.CooperativeStickyAssignor]
	receive.buffer.bytes = 65536
	reconnect.backoff.max.ms = 1000
	reconnect.backoff.ms = 50
	request.timeout.ms = 5000
	retry.backoff.max.ms = 1000
	retry.backoff.ms = 100
	sasl.client.callback.handler.class = null
	sasl.jaas.config = null
	sasl.kerberos.kinit.cmd = /usr/bin/kinit
	sasl.kerberos.min.time.before.relogin = 60000
	sasl.kerberos.service.name = null
	sasl.kerberos.ticket.renew.jitter = 0.05
	sasl.kerberos.ticket.renew.window.factor = 0.8
	sasl.login.callback.handler.class = null
	sasl.login.class = null
	sasl.login.connect.timeout.ms = null
	sasl.login.read.timeout.ms = null
	sasl.login.refresh.buffer.seconds = 300
	sasl.login.refresh.min.period.seconds = 60
	sasl.login.refresh.window.factor = 0.8
	sasl.login.refresh.window.jitter = 0.05
	sasl.login.retry.backoff.max.ms = 10000
	sasl.login.retry.backoff.ms = 100
	sasl.mechanism = GSSAPI
	sasl.oauthbearer.clock.skew.seconds = 30
	sasl.oauthbearer.expected.audience = null
	sasl.oauthbearer.expected.issuer = null
	sasl.oauthbearer.header.urlencode = false
	sasl.oauthbearer.jwks.endpoint.refresh.ms = 3600000
	sasl.oauthbearer.jwks.endpoint.retry.backoff.max.ms = 10000
	sasl.oauthbearer.jwks.endpoint.retry.backoff.ms = 100
	sasl.oauthbearer.jwks.endpoint.url = null
	sasl.oauthbearer.scope.claim.name = scope
	sasl.oauthbearer.sub.claim.name = sub
	sasl.oauthbearer.token.endpoint.url = null
	security.protocol = PLAINTEXT
	security.providers = null
	send.buffer.bytes = 131072
	session.timeout.ms = 45000
	socket.connection.setup.timeout.max.ms = 30000
	socket.connection.setup.timeout.ms = 10000
	ssl.cipher.suites = null
	ssl.enabled.protocols = [TLSv1.2, TLSv1.3]
	ssl.endpoint.identification.algorithm = https
	ssl.engine.factory.class = null
	ssl.key.password = null
	ssl.keymanager.algorithm = SunX509
	ssl.keystore.certificate.chain = null
	ssl.keystore.key = null
	ssl.keystore.location = null
	ssl.keystore.password = null
	ssl.keystore.type = JKS
	ssl.protocol = TLSv1.3
	ssl.provider = null
	ssl.secure.random.implementation = null
	ssl.trustmanager.algorithm = PKIX
	ssl.truststore.certificates = null
	ssl.truststore.location = null
	ssl.truststore.password = null
	ssl.truststore.type = JKS
	value.deserializer = class io.apicurio.registry.serde.avro.AvroKafkaDeserializer

2025-08-13 20:15:22,980 INFO  [org.apa.kaf.com.tel.int.KafkaMetricsCollector] (main) initializing Kafka metrics collector
2025-08-13 20:15:22,985 INFO  [org.apa.kaf.cli.con.ConsumerConfig] (main) These configurations '[apicurio.registry.url]' were supplied but are not used yet.
2025-08-13 20:15:22,985 INFO  [org.apa.kaf.com.uti.AppInfoParser] (main) Kafka version: 3.9.1
2025-08-13 20:15:22,985 INFO  [org.apa.kaf.com.uti.AppInfoParser] (main) Kafka commitId: f745dfdcee2b9851
2025-08-13 20:15:22,985 INFO  [org.apa.kaf.com.uti.AppInfoParser] (main) Kafka startTimeMs: 1755116122985
2025-08-13 20:15:22,985 INFO  [org.apa.kaf.cli.con.int.ClassicKafkaConsumer] (ForkJoinPool.commonPool-worker-1) [Consumer clientId=consumer-Consumer-topic-243c0d0f_535d_44a3_aaac_7f3e358b6d97-13, groupId=Consumer-topic-243c0d0f_535d_44a3_aaac_7f3e358b6d97] Subscribed to topic(s): topic-243c0d0f_535d_44a3_aaac_7f3e358b6d97
2025-08-13 20:15:22,988 INFO  [org.apa.kaf.cli.Metadata] (ForkJoinPool.commonPool-worker-1) [Consumer clientId=consumer-Consumer-topic-243c0d0f_535d_44a3_aaac_7f3e358b6d97-13, groupId=Consumer-topic-243c0d0f_535d_44a3_aaac_7f3e358b6d97] Cluster ID: deU1wVjgTqiYBiPhrFjcdg
2025-08-13 20:15:22,988 INFO  [org.apa.kaf.cli.con.int.ConsumerCoordinator] (ForkJoinPool.commonPool-worker-1) [Consumer clientId=consumer-Consumer-topic-243c0d0f_535d_44a3_aaac_7f3e358b6d97-13, groupId=Consumer-topic-243c0d0f_535d_44a3_aaac_7f3e358b6d97] Discovered group coordinator localhost:32769 (id: 2147483647 rack: null)
2025-08-13 20:15:22,989 INFO  [org.apa.kaf.cli.con.int.ConsumerCoordinator] (ForkJoinPool.commonPool-worker-1) [Consumer clientId=consumer-Consumer-topic-243c0d0f_535d_44a3_aaac_7f3e358b6d97-13, groupId=Consumer-topic-243c0d0f_535d_44a3_aaac_7f3e358b6d97] (Re-)joining group
2025-08-13 20:15:22,991 INFO  [org.apa.kaf.cli.con.int.ConsumerCoordinator] (ForkJoinPool.commonPool-worker-1) [Consumer clientId=consumer-Consumer-topic-243c0d0f_535d_44a3_aaac_7f3e358b6d97-13, groupId=Consumer-topic-243c0d0f_535d_44a3_aaac_7f3e358b6d97] Request joining group due to: need to re-join with the given member-id: consumer-Consumer-topic-243c0d0f_535d_44a3_aaac_7f3e358b6d97-13-b8da1fcb-e53e-48f2-93b5-9e7475331b49
2025-08-13 20:15:22,991 INFO  [org.apa.kaf.cli.con.int.ConsumerCoordinator] (ForkJoinPool.commonPool-worker-1) [Consumer clientId=consumer-Consumer-topic-243c0d0f_535d_44a3_aaac_7f3e358b6d97-13, groupId=Consumer-topic-243c0d0f_535d_44a3_aaac_7f3e358b6d97] (Re-)joining group
2025-08-13 20:15:23,985 INFO  [io.api.tes.ser.api.KafkaSerdesTester] (ForkJoinPool.commonPool-worker-1) None found
2025-08-13 20:15:24,985 INFO  [io.api.tes.ser.api.KafkaSerdesTester] (ForkJoinPool.commonPool-worker-1) None found
2025-08-13 20:15:25,986 INFO  [io.api.tes.ser.api.KafkaSerdesTester] (ForkJoinPool.commonPool-worker-1) None found
2025-08-13 20:15:25,993 INFO  [org.apa.kaf.cli.con.int.ConsumerCoordinator] (ForkJoinPool.commonPool-worker-1) [Consumer clientId=consumer-Consumer-topic-243c0d0f_535d_44a3_aaac_7f3e358b6d97-13, groupId=Consumer-topic-243c0d0f_535d_44a3_aaac_7f3e358b6d97] Successfully joined group with generation Generation{generationId=1, memberId='consumer-Consumer-topic-243c0d0f_535d_44a3_aaac_7f3e358b6d97-13-b8da1fcb-e53e-48f2-93b5-9e7475331b49', protocol='range'}
2025-08-13 20:15:25,993 INFO  [org.apa.kaf.cli.con.int.ConsumerCoordinator] (ForkJoinPool.commonPool-worker-1) [Consumer clientId=consumer-Consumer-topic-243c0d0f_535d_44a3_aaac_7f3e358b6d97-13, groupId=Consumer-topic-243c0d0f_535d_44a3_aaac_7f3e358b6d97] Finished assignment for group at generation 1: {consumer-Consumer-topic-243c0d0f_535d_44a3_aaac_7f3e358b6d97-13-b8da1fcb-e53e-48f2-93b5-9e7475331b49=Assignment(partitions=[topic-243c0d0f_535d_44a3_aaac_7f3e358b6d97-0])}
2025-08-13 20:15:26,000 INFO  [org.apa.kaf.cli.con.int.ConsumerCoordinator] (ForkJoinPool.commonPool-worker-1) [Consumer clientId=consumer-Consumer-topic-243c0d0f_535d_44a3_aaac_7f3e358b6d97-13, groupId=Consumer-topic-243c0d0f_535d_44a3_aaac_7f3e358b6d97] Successfully synced group in generation Generation{generationId=1, memberId='consumer-Consumer-topic-243c0d0f_535d_44a3_aaac_7f3e358b6d97-13-b8da1fcb-e53e-48f2-93b5-9e7475331b49', protocol='range'}
2025-08-13 20:15:26,000 INFO  [org.apa.kaf.cli.con.int.ConsumerCoordinator] (ForkJoinPool.commonPool-worker-1) [Consumer clientId=consumer-Consumer-topic-243c0d0f_535d_44a3_aaac_7f3e358b6d97-13, groupId=Consumer-topic-243c0d0f_535d_44a3_aaac_7f3e358b6d97] Notifying assignor about the new Assignment(partitions=[topic-243c0d0f_535d_44a3_aaac_7f3e358b6d97-0])
2025-08-13 20:15:26,001 INFO  [org.apa.kaf.cli.con.int.ConsumerRebalanceListenerInvoker] (ForkJoinPool.commonPool-worker-1) [Consumer clientId=consumer-Consumer-topic-243c0d0f_535d_44a3_aaac_7f3e358b6d97-13, groupId=Consumer-topic-243c0d0f_535d_44a3_aaac_7f3e358b6d97] Adding newly assigned partitions: topic-243c0d0f_535d_44a3_aaac_7f3e358b6d97-0
2025-08-13 20:15:26,002 INFO  [org.apa.kaf.cli.con.int.ConsumerCoordinator] (ForkJoinPool.commonPool-worker-1) [Consumer clientId=consumer-Consumer-topic-243c0d0f_535d_44a3_aaac_7f3e358b6d97-13, groupId=Consumer-topic-243c0d0f_535d_44a3_aaac_7f3e358b6d97] Found no committed offset for partition topic-243c0d0f_535d_44a3_aaac_7f3e358b6d97-0
2025-08-13 20:15:26,004 INFO  [org.apa.kaf.cli.con.int.SubscriptionState] (ForkJoinPool.commonPool-worker-1) [Consumer clientId=consumer-Consumer-topic-243c0d0f_535d_44a3_aaac_7f3e358b6d97-13, groupId=Consumer-topic-243c0d0f_535d_44a3_aaac_7f3e358b6d97] Resetting offset for partition topic-243c0d0f_535d_44a3_aaac_7f3e358b6d97-0 to position FetchPosition{offset=0, offsetEpoch=Optional.empty, currentLeader=LeaderAndEpoch{leader=Optional[localhost:32769 (id: 0 rack: null)], epoch=0}}.
2025-08-13 20:15:26,083 INFO  [io.api.tes.ser.api.KafkaSerdesTester] (ForkJoinPool.commonPool-worker-1) topic-243c0d0f_535d_44a3_aaac_7f3e358b6d97 0 0 {"key11755116121799": "value-0"}
2025-08-13 20:15:26,083 INFO  [io.api.tes.ser.api.KafkaSerdesTester] (ForkJoinPool.commonPool-worker-1) topic-243c0d0f_535d_44a3_aaac_7f3e358b6d97 0 1 {"key11755116121799": "value-1"}
2025-08-13 20:15:26,083 INFO  [io.api.tes.ser.api.KafkaSerdesTester] (ForkJoinPool.commonPool-worker-1) topic-243c0d0f_535d_44a3_aaac_7f3e358b6d97 0 2 {"key11755116121799": "value-2"}
2025-08-13 20:15:26,083 INFO  [io.api.tes.ser.api.KafkaSerdesTester] (ForkJoinPool.commonPool-worker-1) topic-243c0d0f_535d_44a3_aaac_7f3e358b6d97 0 3 {"key11755116121799": "value-3"}
2025-08-13 20:15:26,083 INFO  [io.api.tes.ser.api.KafkaSerdesTester] (ForkJoinPool.commonPool-worker-1) topic-243c0d0f_535d_44a3_aaac_7f3e358b6d97 0 4 {"key11755116121799": "value-4"}
2025-08-13 20:15:26,083 INFO  [io.api.tes.ser.api.KafkaSerdesTester] (ForkJoinPool.commonPool-worker-1) topic-243c0d0f_535d_44a3_aaac_7f3e358b6d97 0 5 {"key11755116121799": "value-5"}
2025-08-13 20:15:26,083 INFO  [io.api.tes.ser.api.KafkaSerdesTester] (ForkJoinPool.commonPool-worker-1) topic-243c0d0f_535d_44a3_aaac_7f3e358b6d97 0 6 {"key11755116121799": "value-6"}
2025-08-13 20:15:26,083 INFO  [io.api.tes.ser.api.KafkaSerdesTester] (ForkJoinPool.commonPool-worker-1) topic-243c0d0f_535d_44a3_aaac_7f3e358b6d97 0 7 {"key11755116121799": "value-7"}
2025-08-13 20:15:26,083 INFO  [io.api.tes.ser.api.KafkaSerdesTester] (ForkJoinPool.commonPool-worker-1) topic-243c0d0f_535d_44a3_aaac_7f3e358b6d97 0 8 {"key11755116121799": "value-8"}
2025-08-13 20:15:26,083 INFO  [io.api.tes.ser.api.KafkaSerdesTester] (ForkJoinPool.commonPool-worker-1) topic-243c0d0f_535d_44a3_aaac_7f3e358b6d97 0 9 {"key11755116121799": "value-9"}
2025-08-13 20:15:26,083 INFO  [io.api.tes.ser.api.KafkaSerdesTester] (ForkJoinPool.commonPool-worker-1) Consumed 10 messages
2025-08-13 20:15:26,091 INFO  [org.apa.kaf.cli.con.int.ConsumerRebalanceListenerInvoker] (ForkJoinPool.commonPool-worker-1) [Consumer clientId=consumer-Consumer-topic-243c0d0f_535d_44a3_aaac_7f3e358b6d97-13, groupId=Consumer-topic-243c0d0f_535d_44a3_aaac_7f3e358b6d97] Revoke previously assigned partitions topic-243c0d0f_535d_44a3_aaac_7f3e358b6d97-0
2025-08-13 20:15:26,091 INFO  [org.apa.kaf.cli.con.int.ConsumerCoordinator] (ForkJoinPool.commonPool-worker-1) [Consumer clientId=consumer-Consumer-topic-243c0d0f_535d_44a3_aaac_7f3e358b6d97-13, groupId=Consumer-topic-243c0d0f_535d_44a3_aaac_7f3e358b6d97] Member consumer-Consumer-topic-243c0d0f_535d_44a3_aaac_7f3e358b6d97-13-b8da1fcb-e53e-48f2-93b5-9e7475331b49 sending LeaveGroup request to coordinator localhost:32769 (id: 2147483647 rack: null) due to the consumer is being closed
2025-08-13 20:15:26,091 INFO  [org.apa.kaf.cli.con.int.ConsumerCoordinator] (ForkJoinPool.commonPool-worker-1) [Consumer clientId=consumer-Consumer-topic-243c0d0f_535d_44a3_aaac_7f3e358b6d97-13, groupId=Consumer-topic-243c0d0f_535d_44a3_aaac_7f3e358b6d97] Resetting generation and member id due to: consumer pro-actively leaving the group
2025-08-13 20:15:26,091 INFO  [org.apa.kaf.cli.con.int.ConsumerCoordinator] (ForkJoinPool.commonPool-worker-1) [Consumer clientId=consumer-Consumer-topic-243c0d0f_535d_44a3_aaac_7f3e358b6d97-13, groupId=Consumer-topic-243c0d0f_535d_44a3_aaac_7f3e358b6d97] Request joining group due to: consumer pro-actively leaving the group
2025-08-13 20:15:26,585 INFO  [org.apa.kaf.com.met.Metrics] (ForkJoinPool.commonPool-worker-1) Metrics scheduler closed
2025-08-13 20:15:26,585 INFO  [org.apa.kaf.com.met.Metrics] (ForkJoinPool.commonPool-worker-1) Closing reporter org.apache.kafka.common.metrics.JmxReporter
2025-08-13 20:15:26,585 INFO  [org.apa.kaf.com.met.Metrics] (ForkJoinPool.commonPool-worker-1) Closing reporter org.apache.kafka.common.telemetry.internals.ClientTelemetryReporter
2025-08-13 20:15:26,585 INFO  [org.apa.kaf.com.met.Metrics] (ForkJoinPool.commonPool-worker-1) Metrics reporters closed
2025-08-13 20:15:26,587 INFO  [org.apa.kaf.com.uti.AppInfoParser] (ForkJoinPool.commonPool-worker-1) App info kafka.consumer for consumer-Consumer-topic-243c0d0f_535d_44a3_aaac_7f3e358b6d97-13 unregistered
2025-08-13 20:15:26,587 INFO  [io.api.tes.uti.TestSeparator] (main) io.apicurio.tests.serdes.apicurio.AvroSerdeIT.testTopicRecordIdStrategydFindLatest-FINISHED
2025-08-13 20:15:26,587 INFO  [io.api.tes.uti.TestSeparator] (main) ############################################################################
Test passed: testTopicRecordIdStrategydFindLatest
]]></system-out>
  </testcase>
  <testcase name="testAvroConfluentForMultipleTopics" classname="io.apicurio.tests.serdes.apicurio.AvroSerdeIT" time="12.098">
    <system-out><![CDATA[2025-08-13 20:15:26,588 INFO  [io.api.tes.uti.TestSeparator] (main) ############################################################################
2025-08-13 20:15:26,588 INFO  [io.api.tes.uti.TestSeparator] (main) io.apicurio.tests.serdes.apicurio.AvroSerdeIT.testAvroConfluentForMultipleTopics-STARTED
2025-08-13 20:15:26,589 INFO  [io.api.tes.ser.api.AvroSerdeIT] (main) Registering Avro Schema: {"type":"record","name":"myrecordconfluent","fields":[{"name":"key11755116126588","type":"string"}]}
**** Registry Base URL: http://registry-app-inmemory.apps.ci419.apicurio-testing.org:80
2025-08-13 20:15:27,650 INFO  [org.apa.kaf.cli.pro.ProducerConfig] (main) ProducerConfig values: 
	acks = -1
	auto.include.jmx.reporter = true
	batch.size = 16384
	bootstrap.servers = [PLAINTEXT://localhost:32769]
	buffer.memory = 33554432
	client.dns.lookup = use_all_dns_ips
	client.id = Producer-topic-097f1b5c_dede_451d_8ea0_6bf331284069
	compression.gzip.level = -1
	compression.lz4.level = 9
	compression.type = none
	compression.zstd.level = 3
	connections.max.idle.ms = 10000
	delivery.timeout.ms = 120000
	enable.idempotence = true
	enable.metrics.push = true
	interceptor.classes = []
	key.serializer = class org.apache.kafka.common.serialization.StringSerializer
	linger.ms = 0
	max.block.ms = 60000
	max.in.flight.requests.per.connection = 5
	max.request.size = 1048576
	metadata.max.age.ms = 300000
	metadata.max.idle.ms = 300000
	metadata.recovery.strategy = none
	metric.reporters = []
	metrics.num.samples = 2
	metrics.recording.level = INFO
	metrics.sample.window.ms = 30000
	partitioner.adaptive.partitioning.enable = true
	partitioner.availability.timeout.ms = 0
	partitioner.class = null
	partitioner.ignore.keys = false
	receive.buffer.bytes = 32768
	reconnect.backoff.max.ms = 1000
	reconnect.backoff.ms = 50
	request.timeout.ms = 5000
	retries = 2147483647
	retry.backoff.max.ms = 1000
	retry.backoff.ms = 100
	sasl.client.callback.handler.class = null
	sasl.jaas.config = null
	sasl.kerberos.kinit.cmd = /usr/bin/kinit
	sasl.kerberos.min.time.before.relogin = 60000
	sasl.kerberos.service.name = null
	sasl.kerberos.ticket.renew.jitter = 0.05
	sasl.kerberos.ticket.renew.window.factor = 0.8
	sasl.login.callback.handler.class = null
	sasl.login.class = null
	sasl.login.connect.timeout.ms = null
	sasl.login.read.timeout.ms = null
	sasl.login.refresh.buffer.seconds = 300
	sasl.login.refresh.min.period.seconds = 60
	sasl.login.refresh.window.factor = 0.8
	sasl.login.refresh.window.jitter = 0.05
	sasl.login.retry.backoff.max.ms = 10000
	sasl.login.retry.backoff.ms = 100
	sasl.mechanism = GSSAPI
	sasl.oauthbearer.clock.skew.seconds = 30
	sasl.oauthbearer.expected.audience = null
	sasl.oauthbearer.expected.issuer = null
	sasl.oauthbearer.header.urlencode = false
	sasl.oauthbearer.jwks.endpoint.refresh.ms = 3600000
	sasl.oauthbearer.jwks.endpoint.retry.backoff.max.ms = 10000
	sasl.oauthbearer.jwks.endpoint.retry.backoff.ms = 100
	sasl.oauthbearer.jwks.endpoint.url = null
	sasl.oauthbearer.scope.claim.name = scope
	sasl.oauthbearer.sub.claim.name = sub
	sasl.oauthbearer.token.endpoint.url = null
	security.protocol = PLAINTEXT
	security.providers = null
	send.buffer.bytes = 131072
	socket.connection.setup.timeout.max.ms = 30000
	socket.connection.setup.timeout.ms = 10000
	ssl.cipher.suites = null
	ssl.enabled.protocols = [TLSv1.2, TLSv1.3]
	ssl.endpoint.identification.algorithm = https
	ssl.engine.factory.class = null
	ssl.key.password = null
	ssl.keymanager.algorithm = SunX509
	ssl.keystore.certificate.chain = null
	ssl.keystore.key = null
	ssl.keystore.location = null
	ssl.keystore.password = null
	ssl.keystore.type = JKS
	ssl.protocol = TLSv1.3
	ssl.provider = null
	ssl.secure.random.implementation = null
	ssl.trustmanager.algorithm = PKIX
	ssl.truststore.certificates = null
	ssl.truststore.location = null
	ssl.truststore.password = null
	ssl.truststore.type = JKS
	transaction.timeout.ms = 60000
	transactional.id = null
	value.serializer = class io.apicurio.registry.serde.avro.AvroKafkaSerializer

2025-08-13 20:15:27,650 INFO  [org.apa.kaf.com.tel.int.KafkaMetricsCollector] (main) initializing Kafka metrics collector
2025-08-13 20:15:27,653 INFO  [org.apa.kaf.cli.pro.KafkaProducer] (main) [Producer clientId=Producer-topic-097f1b5c_dede_451d_8ea0_6bf331284069] Instantiated an idempotent producer.
2025-08-13 20:15:27,655 INFO  [org.apa.kaf.cli.pro.ProducerConfig] (main) These configurations '[apicurio.registry.url, apicurio.registry.artifact-resolver-strategy]' were supplied but are not used yet.
2025-08-13 20:15:27,655 INFO  [org.apa.kaf.com.uti.AppInfoParser] (main) Kafka version: 3.9.1
2025-08-13 20:15:27,655 INFO  [org.apa.kaf.com.uti.AppInfoParser] (main) Kafka commitId: f745dfdcee2b9851
2025-08-13 20:15:27,655 INFO  [org.apa.kaf.com.uti.AppInfoParser] (main) Kafka startTimeMs: 1755116127655
**** Registry Base URL: http://registry-app-inmemory.apps.ci419.apicurio-testing.org:80
2025-08-13 20:15:27,655 INFO  [org.apa.kaf.cli.pro.ProducerConfig] (main) ProducerConfig values: 
	acks = -1
	auto.include.jmx.reporter = true
	batch.size = 16384
	bootstrap.servers = [PLAINTEXT://localhost:32769]
	buffer.memory = 33554432
	client.dns.lookup = use_all_dns_ips
	client.id = Producer-topic-3eb23439_2d69_48c1_8fb3_27abc2783c36
	compression.gzip.level = -1
	compression.lz4.level = 9
	compression.type = none
	compression.zstd.level = 3
	connections.max.idle.ms = 10000
	delivery.timeout.ms = 120000
	enable.idempotence = true
	enable.metrics.push = true
	interceptor.classes = []
	key.serializer = class org.apache.kafka.common.serialization.StringSerializer
	linger.ms = 0
	max.block.ms = 60000
	max.in.flight.requests.per.connection = 5
	max.request.size = 1048576
	metadata.max.age.ms = 300000
	metadata.max.idle.ms = 300000
	metadata.recovery.strategy = none
	metric.reporters = []
	metrics.num.samples = 2
	metrics.recording.level = INFO
	metrics.sample.window.ms = 30000
	partitioner.adaptive.partitioning.enable = true
	partitioner.availability.timeout.ms = 0
	partitioner.class = null
	partitioner.ignore.keys = false
	receive.buffer.bytes = 32768
	reconnect.backoff.max.ms = 1000
	reconnect.backoff.ms = 50
	request.timeout.ms = 5000
	retries = 2147483647
	retry.backoff.max.ms = 1000
	retry.backoff.ms = 100
	sasl.client.callback.handler.class = null
	sasl.jaas.config = null
	sasl.kerberos.kinit.cmd = /usr/bin/kinit
	sasl.kerberos.min.time.before.relogin = 60000
	sasl.kerberos.service.name = null
	sasl.kerberos.ticket.renew.jitter = 0.05
	sasl.kerberos.ticket.renew.window.factor = 0.8
	sasl.login.callback.handler.class = null
	sasl.login.class = null
	sasl.login.connect.timeout.ms = null
	sasl.login.read.timeout.ms = null
	sasl.login.refresh.buffer.seconds = 300
	sasl.login.refresh.min.period.seconds = 60
	sasl.login.refresh.window.factor = 0.8
	sasl.login.refresh.window.jitter = 0.05
	sasl.login.retry.backoff.max.ms = 10000
	sasl.login.retry.backoff.ms = 100
	sasl.mechanism = GSSAPI
	sasl.oauthbearer.clock.skew.seconds = 30
	sasl.oauthbearer.expected.audience = null
	sasl.oauthbearer.expected.issuer = null
	sasl.oauthbearer.header.urlencode = false
	sasl.oauthbearer.jwks.endpoint.refresh.ms = 3600000
	sasl.oauthbearer.jwks.endpoint.retry.backoff.max.ms = 10000
	sasl.oauthbearer.jwks.endpoint.retry.backoff.ms = 100
	sasl.oauthbearer.jwks.endpoint.url = null
	sasl.oauthbearer.scope.claim.name = scope
	sasl.oauthbearer.sub.claim.name = sub
	sasl.oauthbearer.token.endpoint.url = null
	security.protocol = PLAINTEXT
	security.providers = null
	send.buffer.bytes = 131072
	socket.connection.setup.timeout.max.ms = 30000
	socket.connection.setup.timeout.ms = 10000
	ssl.cipher.suites = null
	ssl.enabled.protocols = [TLSv1.2, TLSv1.3]
	ssl.endpoint.identification.algorithm = https
	ssl.engine.factory.class = null
	ssl.key.password = null
	ssl.keymanager.algorithm = SunX509
	ssl.keystore.certificate.chain = null
	ssl.keystore.key = null
	ssl.keystore.location = null
	ssl.keystore.password = null
	ssl.keystore.type = JKS
	ssl.protocol = TLSv1.3
	ssl.provider = null
	ssl.secure.random.implementation = null
	ssl.trustmanager.algorithm = PKIX
	ssl.truststore.certificates = null
	ssl.truststore.location = null
	ssl.truststore.password = null
	ssl.truststore.type = JKS
	transaction.timeout.ms = 60000
	transactional.id = null
	value.serializer = class io.apicurio.registry.serde.avro.AvroKafkaSerializer

2025-08-13 20:15:27,656 INFO  [org.apa.kaf.com.tel.int.KafkaMetricsCollector] (main) initializing Kafka metrics collector
2025-08-13 20:15:27,659 INFO  [org.apa.kaf.cli.pro.KafkaProducer] (main) [Producer clientId=Producer-topic-3eb23439_2d69_48c1_8fb3_27abc2783c36] Instantiated an idempotent producer.
2025-08-13 20:15:27,659 INFO  [org.apa.kaf.cli.Metadata] (kafka-producer-network-thread | Producer-topic-097f1b5c_dede_451d_8ea0_6bf331284069) [Producer clientId=Producer-topic-097f1b5c_dede_451d_8ea0_6bf331284069] Cluster ID: deU1wVjgTqiYBiPhrFjcdg
2025-08-13 20:15:27,659 INFO  [org.apa.kaf.cli.pro.int.TransactionManager] (kafka-producer-network-thread | Producer-topic-097f1b5c_dede_451d_8ea0_6bf331284069) [Producer clientId=Producer-topic-097f1b5c_dede_451d_8ea0_6bf331284069] ProducerId set to 19 with epoch 0
2025-08-13 20:15:27,660 INFO  [org.apa.kaf.cli.pro.ProducerConfig] (main) These configurations '[apicurio.registry.url, apicurio.registry.artifact-resolver-strategy]' were supplied but are not used yet.
2025-08-13 20:15:27,660 INFO  [org.apa.kaf.com.uti.AppInfoParser] (main) Kafka version: 3.9.1
2025-08-13 20:15:27,660 INFO  [org.apa.kaf.com.uti.AppInfoParser] (main) Kafka commitId: f745dfdcee2b9851
2025-08-13 20:15:27,660 INFO  [org.apa.kaf.com.uti.AppInfoParser] (main) Kafka startTimeMs: 1755116127660
**** Registry Base URL: http://registry-app-inmemory.apps.ci419.apicurio-testing.org:80
2025-08-13 20:15:27,661 INFO  [org.apa.kaf.cli.pro.ProducerConfig] (main) ProducerConfig values: 
	acks = -1
	auto.include.jmx.reporter = true
	batch.size = 16384
	bootstrap.servers = [PLAINTEXT://localhost:32769]
	buffer.memory = 33554432
	client.dns.lookup = use_all_dns_ips
	client.id = Producer-topic-aee3d82d_cfc5_420b_8788_9ebb410d159c
	compression.gzip.level = -1
	compression.lz4.level = 9
	compression.type = none
	compression.zstd.level = 3
	connections.max.idle.ms = 10000
	delivery.timeout.ms = 120000
	enable.idempotence = true
	enable.metrics.push = true
	interceptor.classes = []
	key.serializer = class org.apache.kafka.common.serialization.StringSerializer
	linger.ms = 0
	max.block.ms = 60000
	max.in.flight.requests.per.connection = 5
	max.request.size = 1048576
	metadata.max.age.ms = 300000
	metadata.max.idle.ms = 300000
	metadata.recovery.strategy = none
	metric.reporters = []
	metrics.num.samples = 2
	metrics.recording.level = INFO
	metrics.sample.window.ms = 30000
	partitioner.adaptive.partitioning.enable = true
	partitioner.availability.timeout.ms = 0
	partitioner.class = null
	partitioner.ignore.keys = false
	receive.buffer.bytes = 32768
	reconnect.backoff.max.ms = 1000
	reconnect.backoff.ms = 50
	request.timeout.ms = 5000
	retries = 2147483647
	retry.backoff.max.ms = 1000
	retry.backoff.ms = 100
	sasl.client.callback.handler.class = null
	sasl.jaas.config = null
	sasl.kerberos.kinit.cmd = /usr/bin/kinit
	sasl.kerberos.min.time.before.relogin = 60000
	sasl.kerberos.service.name = null
	sasl.kerberos.ticket.renew.jitter = 0.05
	sasl.kerberos.ticket.renew.window.factor = 0.8
	sasl.login.callback.handler.class = null
	sasl.login.class = null
	sasl.login.connect.timeout.ms = null
	sasl.login.read.timeout.ms = null
	sasl.login.refresh.buffer.seconds = 300
	sasl.login.refresh.min.period.seconds = 60
	sasl.login.refresh.window.factor = 0.8
	sasl.login.refresh.window.jitter = 0.05
	sasl.login.retry.backoff.max.ms = 10000
	sasl.login.retry.backoff.ms = 100
	sasl.mechanism = GSSAPI
	sasl.oauthbearer.clock.skew.seconds = 30
	sasl.oauthbearer.expected.audience = null
	sasl.oauthbearer.expected.issuer = null
	sasl.oauthbearer.header.urlencode = false
	sasl.oauthbearer.jwks.endpoint.refresh.ms = 3600000
	sasl.oauthbearer.jwks.endpoint.retry.backoff.max.ms = 10000
	sasl.oauthbearer.jwks.endpoint.retry.backoff.ms = 100
	sasl.oauthbearer.jwks.endpoint.url = null
	sasl.oauthbearer.scope.claim.name = scope
	sasl.oauthbearer.sub.claim.name = sub
	sasl.oauthbearer.token.endpoint.url = null
	security.protocol = PLAINTEXT
	security.providers = null
	send.buffer.bytes = 131072
	socket.connection.setup.timeout.max.ms = 30000
	socket.connection.setup.timeout.ms = 10000
	ssl.cipher.suites = null
	ssl.enabled.protocols = [TLSv1.2, TLSv1.3]
	ssl.endpoint.identification.algorithm = https
	ssl.engine.factory.class = null
	ssl.key.password = null
	ssl.keymanager.algorithm = SunX509
	ssl.keystore.certificate.chain = null
	ssl.keystore.key = null
	ssl.keystore.location = null
	ssl.keystore.password = null
	ssl.keystore.type = JKS
	ssl.protocol = TLSv1.3
	ssl.provider = null
	ssl.secure.random.implementation = null
	ssl.trustmanager.algorithm = PKIX
	ssl.truststore.certificates = null
	ssl.truststore.location = null
	ssl.truststore.password = null
	ssl.truststore.type = JKS
	transaction.timeout.ms = 60000
	transactional.id = null
	value.serializer = class io.apicurio.registry.serde.avro.AvroKafkaSerializer

2025-08-13 20:15:27,661 INFO  [org.apa.kaf.com.tel.int.KafkaMetricsCollector] (main) initializing Kafka metrics collector
2025-08-13 20:15:27,664 INFO  [org.apa.kaf.cli.pro.KafkaProducer] (main) [Producer clientId=Producer-topic-aee3d82d_cfc5_420b_8788_9ebb410d159c] Instantiated an idempotent producer.
2025-08-13 20:15:27,665 INFO  [org.apa.kaf.cli.Metadata] (kafka-producer-network-thread | Producer-topic-3eb23439_2d69_48c1_8fb3_27abc2783c36) [Producer clientId=Producer-topic-3eb23439_2d69_48c1_8fb3_27abc2783c36] Cluster ID: deU1wVjgTqiYBiPhrFjcdg
2025-08-13 20:15:27,665 INFO  [org.apa.kaf.cli.pro.int.TransactionManager] (kafka-producer-network-thread | Producer-topic-3eb23439_2d69_48c1_8fb3_27abc2783c36) [Producer clientId=Producer-topic-3eb23439_2d69_48c1_8fb3_27abc2783c36] ProducerId set to 20 with epoch 0
2025-08-13 20:15:27,666 INFO  [org.apa.kaf.cli.pro.ProducerConfig] (main) These configurations '[apicurio.registry.url, apicurio.registry.artifact-resolver-strategy]' were supplied but are not used yet.
2025-08-13 20:15:27,666 INFO  [org.apa.kaf.com.uti.AppInfoParser] (main) Kafka version: 3.9.1
2025-08-13 20:15:27,666 INFO  [org.apa.kaf.com.uti.AppInfoParser] (main) Kafka commitId: f745dfdcee2b9851
2025-08-13 20:15:27,666 INFO  [org.apa.kaf.com.uti.AppInfoParser] (main) Kafka startTimeMs: 1755116127666
**** Registry Base URL: http://registry-app-inmemory.apps.ci419.apicurio-testing.org:80
2025-08-13 20:15:27,667 INFO  [org.apa.kaf.cli.con.ConsumerConfig] (main) ConsumerConfig values: 
	allow.auto.create.topics = true
	auto.commit.interval.ms = 500
	auto.include.jmx.reporter = true
	auto.offset.reset = earliest
	bootstrap.servers = [PLAINTEXT://localhost:32769]
	check.crcs = true
	client.dns.lookup = use_all_dns_ips
	client.id = consumer-Consumer-topic-097f1b5c_dede_451d_8ea0_6bf331284069-14
	client.rack = 
	connections.max.idle.ms = 10000
	default.api.timeout.ms = 60000
	enable.auto.commit = true
	enable.metrics.push = true
	exclude.internal.topics = true
	fetch.max.bytes = 52428800
	fetch.max.wait.ms = 500
	fetch.min.bytes = 1
	group.id = Consumer-topic-097f1b5c_dede_451d_8ea0_6bf331284069
	group.instance.id = null
	group.protocol = classic
	group.remote.assignor = null
	heartbeat.interval.ms = 3000
	interceptor.classes = []
	internal.leave.group.on.close = true
	internal.throw.on.fetch.stable.offset.unsupported = false
	isolation.level = read_uncommitted
	key.deserializer = class org.apache.kafka.common.serialization.StringDeserializer
	max.partition.fetch.bytes = 1048576
	max.poll.interval.ms = 300000
	max.poll.records = 500
	metadata.max.age.ms = 300000
	metadata.recovery.strategy = none
	metric.reporters = []
	metrics.num.samples = 2
	metrics.recording.level = INFO
	metrics.sample.window.ms = 30000
	partition.assignment.strategy = [class org.apache.kafka.clients.consumer.RangeAssignor, class org.apache.kafka.clients.consumer.CooperativeStickyAssignor]
	receive.buffer.bytes = 65536
	reconnect.backoff.max.ms = 1000
	reconnect.backoff.ms = 50
	request.timeout.ms = 5000
	retry.backoff.max.ms = 1000
	retry.backoff.ms = 100
	sasl.client.callback.handler.class = null
	sasl.jaas.config = null
	sasl.kerberos.kinit.cmd = /usr/bin/kinit
	sasl.kerberos.min.time.before.relogin = 60000
	sasl.kerberos.service.name = null
	sasl.kerberos.ticket.renew.jitter = 0.05
	sasl.kerberos.ticket.renew.window.factor = 0.8
	sasl.login.callback.handler.class = null
	sasl.login.class = null
	sasl.login.connect.timeout.ms = null
	sasl.login.read.timeout.ms = null
	sasl.login.refresh.buffer.seconds = 300
	sasl.login.refresh.min.period.seconds = 60
	sasl.login.refresh.window.factor = 0.8
	sasl.login.refresh.window.jitter = 0.05
	sasl.login.retry.backoff.max.ms = 10000
	sasl.login.retry.backoff.ms = 100
	sasl.mechanism = GSSAPI
	sasl.oauthbearer.clock.skew.seconds = 30
	sasl.oauthbearer.expected.audience = null
	sasl.oauthbearer.expected.issuer = null
	sasl.oauthbearer.header.urlencode = false
	sasl.oauthbearer.jwks.endpoint.refresh.ms = 3600000
	sasl.oauthbearer.jwks.endpoint.retry.backoff.max.ms = 10000
	sasl.oauthbearer.jwks.endpoint.retry.backoff.ms = 100
	sasl.oauthbearer.jwks.endpoint.url = null
	sasl.oauthbearer.scope.claim.name = scope
	sasl.oauthbearer.sub.claim.name = sub
	sasl.oauthbearer.token.endpoint.url = null
	security.protocol = PLAINTEXT
	security.providers = null
	send.buffer.bytes = 131072
	session.timeout.ms = 45000
	socket.connection.setup.timeout.max.ms = 30000
	socket.connection.setup.timeout.ms = 10000
	ssl.cipher.suites = null
	ssl.enabled.protocols = [TLSv1.2, TLSv1.3]
	ssl.endpoint.identification.algorithm = https
	ssl.engine.factory.class = null
	ssl.key.password = null
	ssl.keymanager.algorithm = SunX509
	ssl.keystore.certificate.chain = null
	ssl.keystore.key = null
	ssl.keystore.location = null
	ssl.keystore.password = null
	ssl.keystore.type = JKS
	ssl.protocol = TLSv1.3
	ssl.provider = null
	ssl.secure.random.implementation = null
	ssl.trustmanager.algorithm = PKIX
	ssl.truststore.certificates = null
	ssl.truststore.location = null
	ssl.truststore.password = null
	ssl.truststore.type = JKS
	value.deserializer = class io.apicurio.registry.serde.avro.AvroKafkaDeserializer

2025-08-13 20:15:27,667 INFO  [org.apa.kaf.com.tel.int.KafkaMetricsCollector] (main) initializing Kafka metrics collector
2025-08-13 20:15:27,669 INFO  [org.apa.kaf.cli.Metadata] (kafka-producer-network-thread | Producer-topic-aee3d82d_cfc5_420b_8788_9ebb410d159c) [Producer clientId=Producer-topic-aee3d82d_cfc5_420b_8788_9ebb410d159c] Cluster ID: deU1wVjgTqiYBiPhrFjcdg
2025-08-13 20:15:27,669 INFO  [org.apa.kaf.cli.pro.int.TransactionManager] (kafka-producer-network-thread | Producer-topic-aee3d82d_cfc5_420b_8788_9ebb410d159c) [Producer clientId=Producer-topic-aee3d82d_cfc5_420b_8788_9ebb410d159c] ProducerId set to 21 with epoch 0
2025-08-13 20:15:27,671 INFO  [org.apa.kaf.cli.con.ConsumerConfig] (main) These configurations '[apicurio.registry.url]' were supplied but are not used yet.
2025-08-13 20:15:27,671 INFO  [org.apa.kaf.com.uti.AppInfoParser] (main) Kafka version: 3.9.1
2025-08-13 20:15:27,671 INFO  [org.apa.kaf.com.uti.AppInfoParser] (main) Kafka commitId: f745dfdcee2b9851
2025-08-13 20:15:27,671 INFO  [org.apa.kaf.com.uti.AppInfoParser] (main) Kafka startTimeMs: 1755116127671
**** Registry Base URL: http://registry-app-inmemory.apps.ci419.apicurio-testing.org:80
2025-08-13 20:15:27,672 INFO  [org.apa.kaf.cli.con.ConsumerConfig] (main) ConsumerConfig values: 
	allow.auto.create.topics = true
	auto.commit.interval.ms = 500
	auto.include.jmx.reporter = true
	auto.offset.reset = earliest
	bootstrap.servers = [PLAINTEXT://localhost:32769]
	check.crcs = true
	client.dns.lookup = use_all_dns_ips
	client.id = consumer-Consumer-topic-3eb23439_2d69_48c1_8fb3_27abc2783c36-15
	client.rack = 
	connections.max.idle.ms = 10000
	default.api.timeout.ms = 60000
	enable.auto.commit = true
	enable.metrics.push = true
	exclude.internal.topics = true
	fetch.max.bytes = 52428800
	fetch.max.wait.ms = 500
	fetch.min.bytes = 1
	group.id = Consumer-topic-3eb23439_2d69_48c1_8fb3_27abc2783c36
	group.instance.id = null
	group.protocol = classic
	group.remote.assignor = null
	heartbeat.interval.ms = 3000
	interceptor.classes = []
	internal.leave.group.on.close = true
	internal.throw.on.fetch.stable.offset.unsupported = false
	isolation.level = read_uncommitted
	key.deserializer = class org.apache.kafka.common.serialization.StringDeserializer
	max.partition.fetch.bytes = 1048576
	max.poll.interval.ms = 300000
	max.poll.records = 500
	metadata.max.age.ms = 300000
	metadata.recovery.strategy = none
	metric.reporters = []
	metrics.num.samples = 2
	metrics.recording.level = INFO
	metrics.sample.window.ms = 30000
	partition.assignment.strategy = [class org.apache.kafka.clients.consumer.RangeAssignor, class org.apache.kafka.clients.consumer.CooperativeStickyAssignor]
	receive.buffer.bytes = 65536
	reconnect.backoff.max.ms = 1000
	reconnect.backoff.ms = 50
	request.timeout.ms = 5000
	retry.backoff.max.ms = 1000
	retry.backoff.ms = 100
	sasl.client.callback.handler.class = null
	sasl.jaas.config = null
	sasl.kerberos.kinit.cmd = /usr/bin/kinit
	sasl.kerberos.min.time.before.relogin = 60000
	sasl.kerberos.service.name = null
	sasl.kerberos.ticket.renew.jitter = 0.05
	sasl.kerberos.ticket.renew.window.factor = 0.8
	sasl.login.callback.handler.class = null
	sasl.login.class = null
	sasl.login.connect.timeout.ms = null
	sasl.login.read.timeout.ms = null
	sasl.login.refresh.buffer.seconds = 300
	sasl.login.refresh.min.period.seconds = 60
	sasl.login.refresh.window.factor = 0.8
	sasl.login.refresh.window.jitter = 0.05
	sasl.login.retry.backoff.max.ms = 10000
	sasl.login.retry.backoff.ms = 100
	sasl.mechanism = GSSAPI
	sasl.oauthbearer.clock.skew.seconds = 30
	sasl.oauthbearer.expected.audience = null
	sasl.oauthbearer.expected.issuer = null
	sasl.oauthbearer.header.urlencode = false
	sasl.oauthbearer.jwks.endpoint.refresh.ms = 3600000
	sasl.oauthbearer.jwks.endpoint.retry.backoff.max.ms = 10000
	sasl.oauthbearer.jwks.endpoint.retry.backoff.ms = 100
	sasl.oauthbearer.jwks.endpoint.url = null
	sasl.oauthbearer.scope.claim.name = scope
	sasl.oauthbearer.sub.claim.name = sub
	sasl.oauthbearer.token.endpoint.url = null
	security.protocol = PLAINTEXT
	security.providers = null
	send.buffer.bytes = 131072
	session.timeout.ms = 45000
	socket.connection.setup.timeout.max.ms = 30000
	socket.connection.setup.timeout.ms = 10000
	ssl.cipher.suites = null
	ssl.enabled.protocols = [TLSv1.2, TLSv1.3]
	ssl.endpoint.identification.algorithm = https
	ssl.engine.factory.class = null
	ssl.key.password = null
	ssl.keymanager.algorithm = SunX509
	ssl.keystore.certificate.chain = null
	ssl.keystore.key = null
	ssl.keystore.location = null
	ssl.keystore.password = null
	ssl.keystore.type = JKS
	ssl.protocol = TLSv1.3
	ssl.provider = null
	ssl.secure.random.implementation = null
	ssl.trustmanager.algorithm = PKIX
	ssl.truststore.certificates = null
	ssl.truststore.location = null
	ssl.truststore.password = null
	ssl.truststore.type = JKS
	value.deserializer = class io.apicurio.registry.serde.avro.AvroKafkaDeserializer

2025-08-13 20:15:27,672 INFO  [org.apa.kaf.com.tel.int.KafkaMetricsCollector] (main) initializing Kafka metrics collector
2025-08-13 20:15:27,675 INFO  [org.apa.kaf.cli.con.ConsumerConfig] (main) These configurations '[apicurio.registry.url]' were supplied but are not used yet.
2025-08-13 20:15:27,675 INFO  [org.apa.kaf.com.uti.AppInfoParser] (main) Kafka version: 3.9.1
2025-08-13 20:15:27,675 INFO  [org.apa.kaf.com.uti.AppInfoParser] (main) Kafka commitId: f745dfdcee2b9851
2025-08-13 20:15:27,675 INFO  [org.apa.kaf.com.uti.AppInfoParser] (main) Kafka startTimeMs: 1755116127675
**** Registry Base URL: http://registry-app-inmemory.apps.ci419.apicurio-testing.org:80
2025-08-13 20:15:27,676 INFO  [org.apa.kaf.cli.con.ConsumerConfig] (main) ConsumerConfig values: 
	allow.auto.create.topics = true
	auto.commit.interval.ms = 500
	auto.include.jmx.reporter = true
	auto.offset.reset = earliest
	bootstrap.servers = [PLAINTEXT://localhost:32769]
	check.crcs = true
	client.dns.lookup = use_all_dns_ips
	client.id = consumer-Consumer-topic-aee3d82d_cfc5_420b_8788_9ebb410d159c-16
	client.rack = 
	connections.max.idle.ms = 10000
	default.api.timeout.ms = 60000
	enable.auto.commit = true
	enable.metrics.push = true
	exclude.internal.topics = true
	fetch.max.bytes = 52428800
	fetch.max.wait.ms = 500
	fetch.min.bytes = 1
	group.id = Consumer-topic-aee3d82d_cfc5_420b_8788_9ebb410d159c
	group.instance.id = null
	group.protocol = classic
	group.remote.assignor = null
	heartbeat.interval.ms = 3000
	interceptor.classes = []
	internal.leave.group.on.close = true
	internal.throw.on.fetch.stable.offset.unsupported = false
	isolation.level = read_uncommitted
	key.deserializer = class org.apache.kafka.common.serialization.StringDeserializer
	max.partition.fetch.bytes = 1048576
	max.poll.interval.ms = 300000
	max.poll.records = 500
	metadata.max.age.ms = 300000
	metadata.recovery.strategy = none
	metric.reporters = []
	metrics.num.samples = 2
	metrics.recording.level = INFO
	metrics.sample.window.ms = 30000
	partition.assignment.strategy = [class org.apache.kafka.clients.consumer.RangeAssignor, class org.apache.kafka.clients.consumer.CooperativeStickyAssignor]
	receive.buffer.bytes = 65536
	reconnect.backoff.max.ms = 1000
	reconnect.backoff.ms = 50
	request.timeout.ms = 5000
	retry.backoff.max.ms = 1000
	retry.backoff.ms = 100
	sasl.client.callback.handler.class = null
	sasl.jaas.config = null
	sasl.kerberos.kinit.cmd = /usr/bin/kinit
	sasl.kerberos.min.time.before.relogin = 60000
	sasl.kerberos.service.name = null
	sasl.kerberos.ticket.renew.jitter = 0.05
	sasl.kerberos.ticket.renew.window.factor = 0.8
	sasl.login.callback.handler.class = null
	sasl.login.class = null
	sasl.login.connect.timeout.ms = null
	sasl.login.read.timeout.ms = null
	sasl.login.refresh.buffer.seconds = 300
	sasl.login.refresh.min.period.seconds = 60
	sasl.login.refresh.window.factor = 0.8
	sasl.login.refresh.window.jitter = 0.05
	sasl.login.retry.backoff.max.ms = 10000
	sasl.login.retry.backoff.ms = 100
	sasl.mechanism = GSSAPI
	sasl.oauthbearer.clock.skew.seconds = 30
	sasl.oauthbearer.expected.audience = null
	sasl.oauthbearer.expected.issuer = null
	sasl.oauthbearer.header.urlencode = false
	sasl.oauthbearer.jwks.endpoint.refresh.ms = 3600000
	sasl.oauthbearer.jwks.endpoint.retry.backoff.max.ms = 10000
	sasl.oauthbearer.jwks.endpoint.retry.backoff.ms = 100
	sasl.oauthbearer.jwks.endpoint.url = null
	sasl.oauthbearer.scope.claim.name = scope
	sasl.oauthbearer.sub.claim.name = sub
	sasl.oauthbearer.token.endpoint.url = null
	security.protocol = PLAINTEXT
	security.providers = null
	send.buffer.bytes = 131072
	session.timeout.ms = 45000
	socket.connection.setup.timeout.max.ms = 30000
	socket.connection.setup.timeout.ms = 10000
	ssl.cipher.suites = null
	ssl.enabled.protocols = [TLSv1.2, TLSv1.3]
	ssl.endpoint.identification.algorithm = https
	ssl.engine.factory.class = null
	ssl.key.password = null
	ssl.keymanager.algorithm = SunX509
	ssl.keystore.certificate.chain = null
	ssl.keystore.key = null
	ssl.keystore.location = null
	ssl.keystore.password = null
	ssl.keystore.type = JKS
	ssl.protocol = TLSv1.3
	ssl.provider = null
	ssl.secure.random.implementation = null
	ssl.trustmanager.algorithm = PKIX
	ssl.truststore.certificates = null
	ssl.truststore.location = null
	ssl.truststore.password = null
	ssl.truststore.type = JKS
	value.deserializer = class io.apicurio.registry.serde.avro.AvroKafkaDeserializer

2025-08-13 20:15:27,676 INFO  [org.apa.kaf.com.tel.int.KafkaMetricsCollector] (main) initializing Kafka metrics collector
2025-08-13 20:15:27,681 INFO  [org.apa.kaf.cli.con.ConsumerConfig] (main) These configurations '[apicurio.registry.url]' were supplied but are not used yet.
2025-08-13 20:15:27,681 INFO  [org.apa.kaf.com.uti.AppInfoParser] (main) Kafka version: 3.9.1
2025-08-13 20:15:27,681 INFO  [org.apa.kaf.com.uti.AppInfoParser] (main) Kafka commitId: f745dfdcee2b9851
2025-08-13 20:15:27,681 INFO  [org.apa.kaf.com.uti.AppInfoParser] (main) Kafka startTimeMs: 1755116127681
2025-08-13 20:15:27,682 INFO  [io.api.tes.ser.api.KafkaSerdesTester] (ForkJoinPool.commonPool-worker-1) Sending message {"key11755116126588": "value-0"} to topic topic-097f1b5c_dede_451d_8ea0_6bf331284069
2025-08-13 20:15:27,685 INFO  [DefaultSchemaResolver] (ForkJoinPool.commonPool-worker-1) Retrieving schema content using string: {"type":"record","name":"myrecordconfluent","fields":[{"name":"key11755116126588","type":"string"}]}
2025-08-13 20:15:27,738 INFO  [io.api.tes.ser.api.KafkaSerdesTester] (ForkJoinPool.commonPool-worker-1) Sending message {"key11755116126588": "value-1"} to topic topic-097f1b5c_dede_451d_8ea0_6bf331284069
2025-08-13 20:15:27,740 INFO  [io.api.tes.ser.api.KafkaSerdesTester] (ForkJoinPool.commonPool-worker-1) Sending message {"key11755116126588": "value-2"} to topic topic-097f1b5c_dede_451d_8ea0_6bf331284069
2025-08-13 20:15:27,741 INFO  [io.api.tes.ser.api.KafkaSerdesTester] (ForkJoinPool.commonPool-worker-1) Sending message {"key11755116126588": "value-3"} to topic topic-097f1b5c_dede_451d_8ea0_6bf331284069
2025-08-13 20:15:27,743 INFO  [io.api.tes.ser.api.KafkaSerdesTester] (ForkJoinPool.commonPool-worker-1) Sending message {"key11755116126588": "value-4"} to topic topic-097f1b5c_dede_451d_8ea0_6bf331284069
2025-08-13 20:15:27,744 INFO  [io.api.tes.ser.api.KafkaSerdesTester] (ForkJoinPool.commonPool-worker-1) Sending message {"key11755116126588": "value-5"} to topic topic-097f1b5c_dede_451d_8ea0_6bf331284069
2025-08-13 20:15:27,745 INFO  [io.api.tes.ser.api.KafkaSerdesTester] (ForkJoinPool.commonPool-worker-1) Sending message {"key11755116126588": "value-6"} to topic topic-097f1b5c_dede_451d_8ea0_6bf331284069
2025-08-13 20:15:27,747 INFO  [io.api.tes.ser.api.KafkaSerdesTester] (ForkJoinPool.commonPool-worker-1) Sending message {"key11755116126588": "value-7"} to topic topic-097f1b5c_dede_451d_8ea0_6bf331284069
2025-08-13 20:15:27,748 INFO  [io.api.tes.ser.api.KafkaSerdesTester] (ForkJoinPool.commonPool-worker-1) Sending message {"key11755116126588": "value-8"} to topic topic-097f1b5c_dede_451d_8ea0_6bf331284069
2025-08-13 20:15:27,749 INFO  [io.api.tes.ser.api.KafkaSerdesTester] (ForkJoinPool.commonPool-worker-1) Sending message {"key11755116126588": "value-9"} to topic topic-097f1b5c_dede_451d_8ea0_6bf331284069
2025-08-13 20:15:27,750 INFO  [io.api.tes.ser.api.KafkaSerdesTester] (ForkJoinPool.commonPool-worker-1) Produced 10 messages
2025-08-13 20:15:27,750 INFO  [org.apa.kaf.cli.pro.KafkaProducer] (ForkJoinPool.commonPool-worker-1) [Producer clientId=Producer-topic-097f1b5c_dede_451d_8ea0_6bf331284069] Closing the Kafka producer with timeoutMillis = 9223372036854775807 ms.
2025-08-13 20:15:27,752 INFO  [org.apa.kaf.com.met.Metrics] (ForkJoinPool.commonPool-worker-1) Metrics scheduler closed
2025-08-13 20:15:27,752 INFO  [org.apa.kaf.com.met.Metrics] (ForkJoinPool.commonPool-worker-1) Closing reporter org.apache.kafka.common.metrics.JmxReporter
2025-08-13 20:15:27,752 INFO  [org.apa.kaf.com.met.Metrics] (ForkJoinPool.commonPool-worker-1) Closing reporter org.apache.kafka.common.telemetry.internals.ClientTelemetryReporter
2025-08-13 20:15:27,752 INFO  [org.apa.kaf.com.met.Metrics] (ForkJoinPool.commonPool-worker-1) Metrics reporters closed
2025-08-13 20:15:27,752 INFO  [org.apa.kaf.com.uti.AppInfoParser] (ForkJoinPool.commonPool-worker-1) App info kafka.producer for Producer-topic-097f1b5c_dede_451d_8ea0_6bf331284069 unregistered
2025-08-13 20:15:27,753 INFO  [io.api.tes.ser.api.KafkaSerdesTester] (ForkJoinPool.commonPool-worker-1) Sending message {"key11755116126588": "value-0"} to topic topic-3eb23439_2d69_48c1_8fb3_27abc2783c36
2025-08-13 20:15:27,757 INFO  [DefaultSchemaResolver] (ForkJoinPool.commonPool-worker-1) Retrieving schema content using string: {"type":"record","name":"myrecordconfluent","fields":[{"name":"key11755116126588","type":"string"}]}
2025-08-13 20:15:27,810 INFO  [io.api.tes.ser.api.KafkaSerdesTester] (ForkJoinPool.commonPool-worker-1) Sending message {"key11755116126588": "value-1"} to topic topic-3eb23439_2d69_48c1_8fb3_27abc2783c36
2025-08-13 20:15:27,811 INFO  [io.api.tes.ser.api.KafkaSerdesTester] (ForkJoinPool.commonPool-worker-1) Sending message {"key11755116126588": "value-2"} to topic topic-3eb23439_2d69_48c1_8fb3_27abc2783c36
2025-08-13 20:15:27,812 INFO  [io.api.tes.ser.api.KafkaSerdesTester] (ForkJoinPool.commonPool-worker-1) Sending message {"key11755116126588": "value-3"} to topic topic-3eb23439_2d69_48c1_8fb3_27abc2783c36
2025-08-13 20:15:27,813 INFO  [io.api.tes.ser.api.KafkaSerdesTester] (ForkJoinPool.commonPool-worker-1) Sending message {"key11755116126588": "value-4"} to topic topic-3eb23439_2d69_48c1_8fb3_27abc2783c36
2025-08-13 20:15:27,814 INFO  [io.api.tes.ser.api.KafkaSerdesTester] (ForkJoinPool.commonPool-worker-1) Sending message {"key11755116126588": "value-5"} to topic topic-3eb23439_2d69_48c1_8fb3_27abc2783c36
2025-08-13 20:15:27,815 INFO  [io.api.tes.ser.api.KafkaSerdesTester] (ForkJoinPool.commonPool-worker-1) Sending message {"key11755116126588": "value-6"} to topic topic-3eb23439_2d69_48c1_8fb3_27abc2783c36
2025-08-13 20:15:27,816 INFO  [io.api.tes.ser.api.KafkaSerdesTester] (ForkJoinPool.commonPool-worker-1) Sending message {"key11755116126588": "value-7"} to topic topic-3eb23439_2d69_48c1_8fb3_27abc2783c36
2025-08-13 20:15:27,817 INFO  [io.api.tes.ser.api.KafkaSerdesTester] (ForkJoinPool.commonPool-worker-1) Sending message {"key11755116126588": "value-8"} to topic topic-3eb23439_2d69_48c1_8fb3_27abc2783c36
2025-08-13 20:15:27,818 INFO  [io.api.tes.ser.api.KafkaSerdesTester] (ForkJoinPool.commonPool-worker-1) Sending message {"key11755116126588": "value-9"} to topic topic-3eb23439_2d69_48c1_8fb3_27abc2783c36
2025-08-13 20:15:27,819 INFO  [io.api.tes.ser.api.KafkaSerdesTester] (ForkJoinPool.commonPool-worker-1) Produced 10 messages
2025-08-13 20:15:27,820 INFO  [org.apa.kaf.cli.pro.KafkaProducer] (ForkJoinPool.commonPool-worker-1) [Producer clientId=Producer-topic-3eb23439_2d69_48c1_8fb3_27abc2783c36] Closing the Kafka producer with timeoutMillis = 9223372036854775807 ms.
2025-08-13 20:15:27,821 INFO  [org.apa.kaf.com.met.Metrics] (ForkJoinPool.commonPool-worker-1) Metrics scheduler closed
2025-08-13 20:15:27,821 INFO  [org.apa.kaf.com.met.Metrics] (ForkJoinPool.commonPool-worker-1) Closing reporter org.apache.kafka.common.metrics.JmxReporter
2025-08-13 20:15:27,821 INFO  [org.apa.kaf.com.met.Metrics] (ForkJoinPool.commonPool-worker-1) Closing reporter org.apache.kafka.common.telemetry.internals.ClientTelemetryReporter
2025-08-13 20:15:27,821 INFO  [org.apa.kaf.com.met.Metrics] (ForkJoinPool.commonPool-worker-1) Metrics reporters closed
2025-08-13 20:15:27,821 INFO  [org.apa.kaf.com.uti.AppInfoParser] (ForkJoinPool.commonPool-worker-1) App info kafka.producer for Producer-topic-3eb23439_2d69_48c1_8fb3_27abc2783c36 unregistered
2025-08-13 20:15:27,822 INFO  [io.api.tes.ser.api.KafkaSerdesTester] (ForkJoinPool.commonPool-worker-3) Sending message {"key11755116126588": "value-0"} to topic topic-aee3d82d_cfc5_420b_8788_9ebb410d159c
2025-08-13 20:15:27,826 INFO  [DefaultSchemaResolver] (ForkJoinPool.commonPool-worker-3) Retrieving schema content using string: {"type":"record","name":"myrecordconfluent","fields":[{"name":"key11755116126588","type":"string"}]}
2025-08-13 20:15:27,876 INFO  [io.api.tes.ser.api.KafkaSerdesTester] (ForkJoinPool.commonPool-worker-3) Sending message {"key11755116126588": "value-1"} to topic topic-aee3d82d_cfc5_420b_8788_9ebb410d159c
2025-08-13 20:15:27,878 INFO  [io.api.tes.ser.api.KafkaSerdesTester] (ForkJoinPool.commonPool-worker-3) Sending message {"key11755116126588": "value-2"} to topic topic-aee3d82d_cfc5_420b_8788_9ebb410d159c
2025-08-13 20:15:27,879 INFO  [io.api.tes.ser.api.KafkaSerdesTester] (ForkJoinPool.commonPool-worker-3) Sending message {"key11755116126588": "value-3"} to topic topic-aee3d82d_cfc5_420b_8788_9ebb410d159c
2025-08-13 20:15:27,880 INFO  [io.api.tes.ser.api.KafkaSerdesTester] (ForkJoinPool.commonPool-worker-3) Sending message {"key11755116126588": "value-4"} to topic topic-aee3d82d_cfc5_420b_8788_9ebb410d159c
2025-08-13 20:15:27,882 INFO  [io.api.tes.ser.api.KafkaSerdesTester] (ForkJoinPool.commonPool-worker-3) Sending message {"key11755116126588": "value-5"} to topic topic-aee3d82d_cfc5_420b_8788_9ebb410d159c
2025-08-13 20:15:27,883 INFO  [io.api.tes.ser.api.KafkaSerdesTester] (ForkJoinPool.commonPool-worker-3) Sending message {"key11755116126588": "value-6"} to topic topic-aee3d82d_cfc5_420b_8788_9ebb410d159c
2025-08-13 20:15:27,884 INFO  [io.api.tes.ser.api.KafkaSerdesTester] (ForkJoinPool.commonPool-worker-3) Sending message {"key11755116126588": "value-7"} to topic topic-aee3d82d_cfc5_420b_8788_9ebb410d159c
2025-08-13 20:15:27,885 INFO  [io.api.tes.ser.api.KafkaSerdesTester] (ForkJoinPool.commonPool-worker-3) Sending message {"key11755116126588": "value-8"} to topic topic-aee3d82d_cfc5_420b_8788_9ebb410d159c
2025-08-13 20:15:27,886 INFO  [io.api.tes.ser.api.KafkaSerdesTester] (ForkJoinPool.commonPool-worker-3) Sending message {"key11755116126588": "value-9"} to topic topic-aee3d82d_cfc5_420b_8788_9ebb410d159c
2025-08-13 20:15:27,888 INFO  [io.api.tes.ser.api.KafkaSerdesTester] (ForkJoinPool.commonPool-worker-3) Produced 10 messages
2025-08-13 20:15:27,888 INFO  [org.apa.kaf.cli.pro.KafkaProducer] (ForkJoinPool.commonPool-worker-3) [Producer clientId=Producer-topic-aee3d82d_cfc5_420b_8788_9ebb410d159c] Closing the Kafka producer with timeoutMillis = 9223372036854775807 ms.
2025-08-13 20:15:27,889 INFO  [org.apa.kaf.com.met.Metrics] (ForkJoinPool.commonPool-worker-3) Metrics scheduler closed
2025-08-13 20:15:27,889 INFO  [org.apa.kaf.com.met.Metrics] (ForkJoinPool.commonPool-worker-3) Closing reporter org.apache.kafka.common.metrics.JmxReporter
2025-08-13 20:15:27,889 INFO  [org.apa.kaf.com.met.Metrics] (ForkJoinPool.commonPool-worker-3) Closing reporter org.apache.kafka.common.telemetry.internals.ClientTelemetryReporter
2025-08-13 20:15:27,889 INFO  [org.apa.kaf.com.met.Metrics] (ForkJoinPool.commonPool-worker-3) Metrics reporters closed
2025-08-13 20:15:27,889 INFO  [org.apa.kaf.com.uti.AppInfoParser] (ForkJoinPool.commonPool-worker-3) App info kafka.producer for Producer-topic-aee3d82d_cfc5_420b_8788_9ebb410d159c unregistered
2025-08-13 20:15:27,889 INFO  [org.apa.kaf.cli.con.int.ClassicKafkaConsumer] (ForkJoinPool.commonPool-worker-3) [Consumer clientId=consumer-Consumer-topic-097f1b5c_dede_451d_8ea0_6bf331284069-14, groupId=Consumer-topic-097f1b5c_dede_451d_8ea0_6bf331284069] Subscribed to topic(s): topic-097f1b5c_dede_451d_8ea0_6bf331284069
2025-08-13 20:15:27,893 INFO  [org.apa.kaf.cli.Metadata] (ForkJoinPool.commonPool-worker-3) [Consumer clientId=consumer-Consumer-topic-097f1b5c_dede_451d_8ea0_6bf331284069-14, groupId=Consumer-topic-097f1b5c_dede_451d_8ea0_6bf331284069] Cluster ID: deU1wVjgTqiYBiPhrFjcdg
2025-08-13 20:15:27,893 INFO  [org.apa.kaf.cli.con.int.ConsumerCoordinator] (ForkJoinPool.commonPool-worker-3) [Consumer clientId=consumer-Consumer-topic-097f1b5c_dede_451d_8ea0_6bf331284069-14, groupId=Consumer-topic-097f1b5c_dede_451d_8ea0_6bf331284069] Discovered group coordinator localhost:32769 (id: 2147483647 rack: null)
2025-08-13 20:15:27,894 INFO  [org.apa.kaf.cli.con.int.ConsumerCoordinator] (ForkJoinPool.commonPool-worker-3) [Consumer clientId=consumer-Consumer-topic-097f1b5c_dede_451d_8ea0_6bf331284069-14, groupId=Consumer-topic-097f1b5c_dede_451d_8ea0_6bf331284069] (Re-)joining group
2025-08-13 20:15:27,896 INFO  [org.apa.kaf.cli.con.int.ConsumerCoordinator] (ForkJoinPool.commonPool-worker-3) [Consumer clientId=consumer-Consumer-topic-097f1b5c_dede_451d_8ea0_6bf331284069-14, groupId=Consumer-topic-097f1b5c_dede_451d_8ea0_6bf331284069] Request joining group due to: need to re-join with the given member-id: consumer-Consumer-topic-097f1b5c_dede_451d_8ea0_6bf331284069-14-82257f71-913a-4eaf-a7bf-e14728d0739c
2025-08-13 20:15:27,896 INFO  [org.apa.kaf.cli.con.int.ConsumerCoordinator] (ForkJoinPool.commonPool-worker-3) [Consumer clientId=consumer-Consumer-topic-097f1b5c_dede_451d_8ea0_6bf331284069-14, groupId=Consumer-topic-097f1b5c_dede_451d_8ea0_6bf331284069] (Re-)joining group
2025-08-13 20:15:28,890 INFO  [io.api.tes.ser.api.KafkaSerdesTester] (ForkJoinPool.commonPool-worker-3) None found
2025-08-13 20:15:29,891 INFO  [io.api.tes.ser.api.KafkaSerdesTester] (ForkJoinPool.commonPool-worker-3) None found
2025-08-13 20:15:30,891 INFO  [io.api.tes.ser.api.KafkaSerdesTester] (ForkJoinPool.commonPool-worker-3) None found
2025-08-13 20:15:30,898 INFO  [org.apa.kaf.cli.con.int.ConsumerCoordinator] (ForkJoinPool.commonPool-worker-3) [Consumer clientId=consumer-Consumer-topic-097f1b5c_dede_451d_8ea0_6bf331284069-14, groupId=Consumer-topic-097f1b5c_dede_451d_8ea0_6bf331284069] Successfully joined group with generation Generation{generationId=1, memberId='consumer-Consumer-topic-097f1b5c_dede_451d_8ea0_6bf331284069-14-82257f71-913a-4eaf-a7bf-e14728d0739c', protocol='range'}
2025-08-13 20:15:30,898 INFO  [org.apa.kaf.cli.con.int.ConsumerCoordinator] (ForkJoinPool.commonPool-worker-3) [Consumer clientId=consumer-Consumer-topic-097f1b5c_dede_451d_8ea0_6bf331284069-14, groupId=Consumer-topic-097f1b5c_dede_451d_8ea0_6bf331284069] Finished assignment for group at generation 1: {consumer-Consumer-topic-097f1b5c_dede_451d_8ea0_6bf331284069-14-82257f71-913a-4eaf-a7bf-e14728d0739c=Assignment(partitions=[topic-097f1b5c_dede_451d_8ea0_6bf331284069-0])}
2025-08-13 20:15:30,905 INFO  [org.apa.kaf.cli.con.int.ConsumerCoordinator] (ForkJoinPool.commonPool-worker-3) [Consumer clientId=consumer-Consumer-topic-097f1b5c_dede_451d_8ea0_6bf331284069-14, groupId=Consumer-topic-097f1b5c_dede_451d_8ea0_6bf331284069] Successfully synced group in generation Generation{generationId=1, memberId='consumer-Consumer-topic-097f1b5c_dede_451d_8ea0_6bf331284069-14-82257f71-913a-4eaf-a7bf-e14728d0739c', protocol='range'}
2025-08-13 20:15:30,905 INFO  [org.apa.kaf.cli.con.int.ConsumerCoordinator] (ForkJoinPool.commonPool-worker-3) [Consumer clientId=consumer-Consumer-topic-097f1b5c_dede_451d_8ea0_6bf331284069-14, groupId=Consumer-topic-097f1b5c_dede_451d_8ea0_6bf331284069] Notifying assignor about the new Assignment(partitions=[topic-097f1b5c_dede_451d_8ea0_6bf331284069-0])
2025-08-13 20:15:30,905 INFO  [org.apa.kaf.cli.con.int.ConsumerRebalanceListenerInvoker] (ForkJoinPool.commonPool-worker-3) [Consumer clientId=consumer-Consumer-topic-097f1b5c_dede_451d_8ea0_6bf331284069-14, groupId=Consumer-topic-097f1b5c_dede_451d_8ea0_6bf331284069] Adding newly assigned partitions: topic-097f1b5c_dede_451d_8ea0_6bf331284069-0
2025-08-13 20:15:30,906 INFO  [org.apa.kaf.cli.con.int.ConsumerCoordinator] (ForkJoinPool.commonPool-worker-3) [Consumer clientId=consumer-Consumer-topic-097f1b5c_dede_451d_8ea0_6bf331284069-14, groupId=Consumer-topic-097f1b5c_dede_451d_8ea0_6bf331284069] Found no committed offset for partition topic-097f1b5c_dede_451d_8ea0_6bf331284069-0
2025-08-13 20:15:30,908 INFO  [org.apa.kaf.cli.con.int.SubscriptionState] (ForkJoinPool.commonPool-worker-3) [Consumer clientId=consumer-Consumer-topic-097f1b5c_dede_451d_8ea0_6bf331284069-14, groupId=Consumer-topic-097f1b5c_dede_451d_8ea0_6bf331284069] Resetting offset for partition topic-097f1b5c_dede_451d_8ea0_6bf331284069-0 to position FetchPosition{offset=0, offsetEpoch=Optional.empty, currentLeader=LeaderAndEpoch{leader=Optional[localhost:32769 (id: 0 rack: null)], epoch=0}}.
2025-08-13 20:15:30,982 INFO  [io.api.tes.ser.api.KafkaSerdesTester] (ForkJoinPool.commonPool-worker-3) topic-097f1b5c_dede_451d_8ea0_6bf331284069 0 0 {"key11755116126588": "value-0"}
2025-08-13 20:15:30,982 INFO  [io.api.tes.ser.api.KafkaSerdesTester] (ForkJoinPool.commonPool-worker-3) topic-097f1b5c_dede_451d_8ea0_6bf331284069 0 1 {"key11755116126588": "value-1"}
2025-08-13 20:15:30,982 INFO  [io.api.tes.ser.api.KafkaSerdesTester] (ForkJoinPool.commonPool-worker-3) topic-097f1b5c_dede_451d_8ea0_6bf331284069 0 2 {"key11755116126588": "value-2"}
2025-08-13 20:15:30,982 INFO  [io.api.tes.ser.api.KafkaSerdesTester] (ForkJoinPool.commonPool-worker-3) topic-097f1b5c_dede_451d_8ea0_6bf331284069 0 3 {"key11755116126588": "value-3"}
2025-08-13 20:15:30,982 INFO  [io.api.tes.ser.api.KafkaSerdesTester] (ForkJoinPool.commonPool-worker-3) topic-097f1b5c_dede_451d_8ea0_6bf331284069 0 4 {"key11755116126588": "value-4"}
2025-08-13 20:15:30,982 INFO  [io.api.tes.ser.api.KafkaSerdesTester] (ForkJoinPool.commonPool-worker-3) topic-097f1b5c_dede_451d_8ea0_6bf331284069 0 5 {"key11755116126588": "value-5"}
2025-08-13 20:15:30,982 INFO  [io.api.tes.ser.api.KafkaSerdesTester] (ForkJoinPool.commonPool-worker-3) topic-097f1b5c_dede_451d_8ea0_6bf331284069 0 6 {"key11755116126588": "value-6"}
2025-08-13 20:15:30,982 INFO  [io.api.tes.ser.api.KafkaSerdesTester] (ForkJoinPool.commonPool-worker-3) topic-097f1b5c_dede_451d_8ea0_6bf331284069 0 7 {"key11755116126588": "value-7"}
2025-08-13 20:15:30,982 INFO  [io.api.tes.ser.api.KafkaSerdesTester] (ForkJoinPool.commonPool-worker-3) topic-097f1b5c_dede_451d_8ea0_6bf331284069 0 8 {"key11755116126588": "value-8"}
2025-08-13 20:15:30,983 INFO  [io.api.tes.ser.api.KafkaSerdesTester] (ForkJoinPool.commonPool-worker-3) topic-097f1b5c_dede_451d_8ea0_6bf331284069 0 9 {"key11755116126588": "value-9"}
2025-08-13 20:15:30,983 INFO  [io.api.tes.ser.api.KafkaSerdesTester] (ForkJoinPool.commonPool-worker-3) Consumed 10 messages
2025-08-13 20:15:30,989 INFO  [org.apa.kaf.cli.con.int.ConsumerRebalanceListenerInvoker] (ForkJoinPool.commonPool-worker-3) [Consumer clientId=consumer-Consumer-topic-097f1b5c_dede_451d_8ea0_6bf331284069-14, groupId=Consumer-topic-097f1b5c_dede_451d_8ea0_6bf331284069] Revoke previously assigned partitions topic-097f1b5c_dede_451d_8ea0_6bf331284069-0
2025-08-13 20:15:30,989 INFO  [org.apa.kaf.cli.con.int.ConsumerCoordinator] (ForkJoinPool.commonPool-worker-3) [Consumer clientId=consumer-Consumer-topic-097f1b5c_dede_451d_8ea0_6bf331284069-14, groupId=Consumer-topic-097f1b5c_dede_451d_8ea0_6bf331284069] Member consumer-Consumer-topic-097f1b5c_dede_451d_8ea0_6bf331284069-14-82257f71-913a-4eaf-a7bf-e14728d0739c sending LeaveGroup request to coordinator localhost:32769 (id: 2147483647 rack: null) due to the consumer is being closed
2025-08-13 20:15:30,990 INFO  [org.apa.kaf.cli.con.int.ConsumerCoordinator] (ForkJoinPool.commonPool-worker-3) [Consumer clientId=consumer-Consumer-topic-097f1b5c_dede_451d_8ea0_6bf331284069-14, groupId=Consumer-topic-097f1b5c_dede_451d_8ea0_6bf331284069] Resetting generation and member id due to: consumer pro-actively leaving the group
2025-08-13 20:15:30,990 INFO  [org.apa.kaf.cli.con.int.ConsumerCoordinator] (ForkJoinPool.commonPool-worker-3) [Consumer clientId=consumer-Consumer-topic-097f1b5c_dede_451d_8ea0_6bf331284069-14, groupId=Consumer-topic-097f1b5c_dede_451d_8ea0_6bf331284069] Request joining group due to: consumer pro-actively leaving the group
2025-08-13 20:15:31,485 INFO  [org.apa.kaf.com.met.Metrics] (ForkJoinPool.commonPool-worker-3) Metrics scheduler closed
2025-08-13 20:15:31,485 INFO  [org.apa.kaf.com.met.Metrics] (ForkJoinPool.commonPool-worker-3) Closing reporter org.apache.kafka.common.metrics.JmxReporter
2025-08-13 20:15:31,485 INFO  [org.apa.kaf.com.met.Metrics] (ForkJoinPool.commonPool-worker-3) Closing reporter org.apache.kafka.common.telemetry.internals.ClientTelemetryReporter
2025-08-13 20:15:31,485 INFO  [org.apa.kaf.com.met.Metrics] (ForkJoinPool.commonPool-worker-3) Metrics reporters closed
2025-08-13 20:15:31,487 INFO  [org.apa.kaf.com.uti.AppInfoParser] (ForkJoinPool.commonPool-worker-3) App info kafka.consumer for consumer-Consumer-topic-097f1b5c_dede_451d_8ea0_6bf331284069-14 unregistered
2025-08-13 20:15:31,487 INFO  [org.apa.kaf.cli.con.int.ClassicKafkaConsumer] (ForkJoinPool.commonPool-worker-3) [Consumer clientId=consumer-Consumer-topic-3eb23439_2d69_48c1_8fb3_27abc2783c36-15, groupId=Consumer-topic-3eb23439_2d69_48c1_8fb3_27abc2783c36] Subscribed to topic(s): topic-3eb23439_2d69_48c1_8fb3_27abc2783c36
2025-08-13 20:15:31,491 INFO  [org.apa.kaf.cli.Metadata] (ForkJoinPool.commonPool-worker-3) [Consumer clientId=consumer-Consumer-topic-3eb23439_2d69_48c1_8fb3_27abc2783c36-15, groupId=Consumer-topic-3eb23439_2d69_48c1_8fb3_27abc2783c36] Cluster ID: deU1wVjgTqiYBiPhrFjcdg
2025-08-13 20:15:31,491 INFO  [org.apa.kaf.cli.con.int.ConsumerCoordinator] (ForkJoinPool.commonPool-worker-3) [Consumer clientId=consumer-Consumer-topic-3eb23439_2d69_48c1_8fb3_27abc2783c36-15, groupId=Consumer-topic-3eb23439_2d69_48c1_8fb3_27abc2783c36] Discovered group coordinator localhost:32769 (id: 2147483647 rack: null)
2025-08-13 20:15:31,492 INFO  [org.apa.kaf.cli.con.int.ConsumerCoordinator] (ForkJoinPool.commonPool-worker-3) [Consumer clientId=consumer-Consumer-topic-3eb23439_2d69_48c1_8fb3_27abc2783c36-15, groupId=Consumer-topic-3eb23439_2d69_48c1_8fb3_27abc2783c36] (Re-)joining group
2025-08-13 20:15:31,494 INFO  [org.apa.kaf.cli.con.int.ConsumerCoordinator] (ForkJoinPool.commonPool-worker-3) [Consumer clientId=consumer-Consumer-topic-3eb23439_2d69_48c1_8fb3_27abc2783c36-15, groupId=Consumer-topic-3eb23439_2d69_48c1_8fb3_27abc2783c36] Request joining group due to: need to re-join with the given member-id: consumer-Consumer-topic-3eb23439_2d69_48c1_8fb3_27abc2783c36-15-074b050a-4ca1-4c95-8635-29073e107f76
2025-08-13 20:15:31,494 INFO  [org.apa.kaf.cli.con.int.ConsumerCoordinator] (ForkJoinPool.commonPool-worker-3) [Consumer clientId=consumer-Consumer-topic-3eb23439_2d69_48c1_8fb3_27abc2783c36-15, groupId=Consumer-topic-3eb23439_2d69_48c1_8fb3_27abc2783c36] (Re-)joining group
2025-08-13 20:15:32,487 INFO  [io.api.tes.ser.api.KafkaSerdesTester] (ForkJoinPool.commonPool-worker-3) None found
2025-08-13 20:15:33,489 INFO  [io.api.tes.ser.api.KafkaSerdesTester] (ForkJoinPool.commonPool-worker-3) None found
2025-08-13 20:15:34,489 INFO  [io.api.tes.ser.api.KafkaSerdesTester] (ForkJoinPool.commonPool-worker-3) None found
2025-08-13 20:15:34,496 INFO  [org.apa.kaf.cli.con.int.ConsumerCoordinator] (ForkJoinPool.commonPool-worker-3) [Consumer clientId=consumer-Consumer-topic-3eb23439_2d69_48c1_8fb3_27abc2783c36-15, groupId=Consumer-topic-3eb23439_2d69_48c1_8fb3_27abc2783c36] Successfully joined group with generation Generation{generationId=1, memberId='consumer-Consumer-topic-3eb23439_2d69_48c1_8fb3_27abc2783c36-15-074b050a-4ca1-4c95-8635-29073e107f76', protocol='range'}
2025-08-13 20:15:34,496 INFO  [org.apa.kaf.cli.con.int.ConsumerCoordinator] (ForkJoinPool.commonPool-worker-3) [Consumer clientId=consumer-Consumer-topic-3eb23439_2d69_48c1_8fb3_27abc2783c36-15, groupId=Consumer-topic-3eb23439_2d69_48c1_8fb3_27abc2783c36] Finished assignment for group at generation 1: {consumer-Consumer-topic-3eb23439_2d69_48c1_8fb3_27abc2783c36-15-074b050a-4ca1-4c95-8635-29073e107f76=Assignment(partitions=[topic-3eb23439_2d69_48c1_8fb3_27abc2783c36-0])}
2025-08-13 20:15:34,503 INFO  [org.apa.kaf.cli.con.int.ConsumerCoordinator] (ForkJoinPool.commonPool-worker-3) [Consumer clientId=consumer-Consumer-topic-3eb23439_2d69_48c1_8fb3_27abc2783c36-15, groupId=Consumer-topic-3eb23439_2d69_48c1_8fb3_27abc2783c36] Successfully synced group in generation Generation{generationId=1, memberId='consumer-Consumer-topic-3eb23439_2d69_48c1_8fb3_27abc2783c36-15-074b050a-4ca1-4c95-8635-29073e107f76', protocol='range'}
2025-08-13 20:15:34,503 INFO  [org.apa.kaf.cli.con.int.ConsumerCoordinator] (ForkJoinPool.commonPool-worker-3) [Consumer clientId=consumer-Consumer-topic-3eb23439_2d69_48c1_8fb3_27abc2783c36-15, groupId=Consumer-topic-3eb23439_2d69_48c1_8fb3_27abc2783c36] Notifying assignor about the new Assignment(partitions=[topic-3eb23439_2d69_48c1_8fb3_27abc2783c36-0])
2025-08-13 20:15:34,503 INFO  [org.apa.kaf.cli.con.int.ConsumerRebalanceListenerInvoker] (ForkJoinPool.commonPool-worker-3) [Consumer clientId=consumer-Consumer-topic-3eb23439_2d69_48c1_8fb3_27abc2783c36-15, groupId=Consumer-topic-3eb23439_2d69_48c1_8fb3_27abc2783c36] Adding newly assigned partitions: topic-3eb23439_2d69_48c1_8fb3_27abc2783c36-0
2025-08-13 20:15:34,504 INFO  [org.apa.kaf.cli.con.int.ConsumerCoordinator] (ForkJoinPool.commonPool-worker-3) [Consumer clientId=consumer-Consumer-topic-3eb23439_2d69_48c1_8fb3_27abc2783c36-15, groupId=Consumer-topic-3eb23439_2d69_48c1_8fb3_27abc2783c36] Found no committed offset for partition topic-3eb23439_2d69_48c1_8fb3_27abc2783c36-0
2025-08-13 20:15:34,506 INFO  [org.apa.kaf.cli.con.int.SubscriptionState] (ForkJoinPool.commonPool-worker-3) [Consumer clientId=consumer-Consumer-topic-3eb23439_2d69_48c1_8fb3_27abc2783c36-15, groupId=Consumer-topic-3eb23439_2d69_48c1_8fb3_27abc2783c36] Resetting offset for partition topic-3eb23439_2d69_48c1_8fb3_27abc2783c36-0 to position FetchPosition{offset=0, offsetEpoch=Optional.empty, currentLeader=LeaderAndEpoch{leader=Optional[localhost:32769 (id: 0 rack: null)], epoch=0}}.
2025-08-13 20:15:34,580 INFO  [io.api.tes.ser.api.KafkaSerdesTester] (ForkJoinPool.commonPool-worker-3) topic-3eb23439_2d69_48c1_8fb3_27abc2783c36 0 0 {"key11755116126588": "value-0"}
2025-08-13 20:15:34,580 INFO  [io.api.tes.ser.api.KafkaSerdesTester] (ForkJoinPool.commonPool-worker-3) topic-3eb23439_2d69_48c1_8fb3_27abc2783c36 0 1 {"key11755116126588": "value-1"}
2025-08-13 20:15:34,580 INFO  [io.api.tes.ser.api.KafkaSerdesTester] (ForkJoinPool.commonPool-worker-3) topic-3eb23439_2d69_48c1_8fb3_27abc2783c36 0 2 {"key11755116126588": "value-2"}
2025-08-13 20:15:34,580 INFO  [io.api.tes.ser.api.KafkaSerdesTester] (ForkJoinPool.commonPool-worker-3) topic-3eb23439_2d69_48c1_8fb3_27abc2783c36 0 3 {"key11755116126588": "value-3"}
2025-08-13 20:15:34,581 INFO  [io.api.tes.ser.api.KafkaSerdesTester] (ForkJoinPool.commonPool-worker-3) topic-3eb23439_2d69_48c1_8fb3_27abc2783c36 0 4 {"key11755116126588": "value-4"}
2025-08-13 20:15:34,581 INFO  [io.api.tes.ser.api.KafkaSerdesTester] (ForkJoinPool.commonPool-worker-3) topic-3eb23439_2d69_48c1_8fb3_27abc2783c36 0 5 {"key11755116126588": "value-5"}
2025-08-13 20:15:34,581 INFO  [io.api.tes.ser.api.KafkaSerdesTester] (ForkJoinPool.commonPool-worker-3) topic-3eb23439_2d69_48c1_8fb3_27abc2783c36 0 6 {"key11755116126588": "value-6"}
2025-08-13 20:15:34,581 INFO  [io.api.tes.ser.api.KafkaSerdesTester] (ForkJoinPool.commonPool-worker-3) topic-3eb23439_2d69_48c1_8fb3_27abc2783c36 0 7 {"key11755116126588": "value-7"}
2025-08-13 20:15:34,581 INFO  [io.api.tes.ser.api.KafkaSerdesTester] (ForkJoinPool.commonPool-worker-3) topic-3eb23439_2d69_48c1_8fb3_27abc2783c36 0 8 {"key11755116126588": "value-8"}
2025-08-13 20:15:34,581 INFO  [io.api.tes.ser.api.KafkaSerdesTester] (ForkJoinPool.commonPool-worker-3) topic-3eb23439_2d69_48c1_8fb3_27abc2783c36 0 9 {"key11755116126588": "value-9"}
2025-08-13 20:15:34,581 INFO  [io.api.tes.ser.api.KafkaSerdesTester] (ForkJoinPool.commonPool-worker-3) Consumed 10 messages
2025-08-13 20:15:34,588 INFO  [org.apa.kaf.cli.con.int.ConsumerRebalanceListenerInvoker] (ForkJoinPool.commonPool-worker-3) [Consumer clientId=consumer-Consumer-topic-3eb23439_2d69_48c1_8fb3_27abc2783c36-15, groupId=Consumer-topic-3eb23439_2d69_48c1_8fb3_27abc2783c36] Revoke previously assigned partitions topic-3eb23439_2d69_48c1_8fb3_27abc2783c36-0
2025-08-13 20:15:34,588 INFO  [org.apa.kaf.cli.con.int.ConsumerCoordinator] (ForkJoinPool.commonPool-worker-3) [Consumer clientId=consumer-Consumer-topic-3eb23439_2d69_48c1_8fb3_27abc2783c36-15, groupId=Consumer-topic-3eb23439_2d69_48c1_8fb3_27abc2783c36] Member consumer-Consumer-topic-3eb23439_2d69_48c1_8fb3_27abc2783c36-15-074b050a-4ca1-4c95-8635-29073e107f76 sending LeaveGroup request to coordinator localhost:32769 (id: 2147483647 rack: null) due to the consumer is being closed
2025-08-13 20:15:34,588 INFO  [org.apa.kaf.cli.con.int.ConsumerCoordinator] (ForkJoinPool.commonPool-worker-3) [Consumer clientId=consumer-Consumer-topic-3eb23439_2d69_48c1_8fb3_27abc2783c36-15, groupId=Consumer-topic-3eb23439_2d69_48c1_8fb3_27abc2783c36] Resetting generation and member id due to: consumer pro-actively leaving the group
2025-08-13 20:15:34,588 INFO  [org.apa.kaf.cli.con.int.ConsumerCoordinator] (ForkJoinPool.commonPool-worker-3) [Consumer clientId=consumer-Consumer-topic-3eb23439_2d69_48c1_8fb3_27abc2783c36-15, groupId=Consumer-topic-3eb23439_2d69_48c1_8fb3_27abc2783c36] Request joining group due to: consumer pro-actively leaving the group
2025-08-13 20:15:35,083 INFO  [org.apa.kaf.com.met.Metrics] (ForkJoinPool.commonPool-worker-3) Metrics scheduler closed
2025-08-13 20:15:35,083 INFO  [org.apa.kaf.com.met.Metrics] (ForkJoinPool.commonPool-worker-3) Closing reporter org.apache.kafka.common.metrics.JmxReporter
2025-08-13 20:15:35,083 INFO  [org.apa.kaf.com.met.Metrics] (ForkJoinPool.commonPool-worker-3) Closing reporter org.apache.kafka.common.telemetry.internals.ClientTelemetryReporter
2025-08-13 20:15:35,083 INFO  [org.apa.kaf.com.met.Metrics] (ForkJoinPool.commonPool-worker-3) Metrics reporters closed
2025-08-13 20:15:35,084 INFO  [org.apa.kaf.com.uti.AppInfoParser] (ForkJoinPool.commonPool-worker-3) App info kafka.consumer for consumer-Consumer-topic-3eb23439_2d69_48c1_8fb3_27abc2783c36-15 unregistered
2025-08-13 20:15:35,085 INFO  [org.apa.kaf.cli.con.int.ClassicKafkaConsumer] (ForkJoinPool.commonPool-worker-3) [Consumer clientId=consumer-Consumer-topic-aee3d82d_cfc5_420b_8788_9ebb410d159c-16, groupId=Consumer-topic-aee3d82d_cfc5_420b_8788_9ebb410d159c] Subscribed to topic(s): topic-aee3d82d_cfc5_420b_8788_9ebb410d159c
2025-08-13 20:15:35,088 INFO  [org.apa.kaf.cli.Metadata] (ForkJoinPool.commonPool-worker-3) [Consumer clientId=consumer-Consumer-topic-aee3d82d_cfc5_420b_8788_9ebb410d159c-16, groupId=Consumer-topic-aee3d82d_cfc5_420b_8788_9ebb410d159c] Cluster ID: deU1wVjgTqiYBiPhrFjcdg
2025-08-13 20:15:35,089 INFO  [org.apa.kaf.cli.con.int.ConsumerCoordinator] (ForkJoinPool.commonPool-worker-3) [Consumer clientId=consumer-Consumer-topic-aee3d82d_cfc5_420b_8788_9ebb410d159c-16, groupId=Consumer-topic-aee3d82d_cfc5_420b_8788_9ebb410d159c] Discovered group coordinator localhost:32769 (id: 2147483647 rack: null)
2025-08-13 20:15:35,090 INFO  [org.apa.kaf.cli.con.int.ConsumerCoordinator] (ForkJoinPool.commonPool-worker-3) [Consumer clientId=consumer-Consumer-topic-aee3d82d_cfc5_420b_8788_9ebb410d159c-16, groupId=Consumer-topic-aee3d82d_cfc5_420b_8788_9ebb410d159c] (Re-)joining group
2025-08-13 20:15:35,092 INFO  [org.apa.kaf.cli.con.int.ConsumerCoordinator] (ForkJoinPool.commonPool-worker-3) [Consumer clientId=consumer-Consumer-topic-aee3d82d_cfc5_420b_8788_9ebb410d159c-16, groupId=Consumer-topic-aee3d82d_cfc5_420b_8788_9ebb410d159c] Request joining group due to: need to re-join with the given member-id: consumer-Consumer-topic-aee3d82d_cfc5_420b_8788_9ebb410d159c-16-daa454c2-9fd2-44c1-89f9-7d030903b616
2025-08-13 20:15:35,092 INFO  [org.apa.kaf.cli.con.int.ConsumerCoordinator] (ForkJoinPool.commonPool-worker-3) [Consumer clientId=consumer-Consumer-topic-aee3d82d_cfc5_420b_8788_9ebb410d159c-16, groupId=Consumer-topic-aee3d82d_cfc5_420b_8788_9ebb410d159c] (Re-)joining group
2025-08-13 20:15:36,085 INFO  [io.api.tes.ser.api.KafkaSerdesTester] (ForkJoinPool.commonPool-worker-3) None found
2025-08-13 20:15:37,086 INFO  [io.api.tes.ser.api.KafkaSerdesTester] (ForkJoinPool.commonPool-worker-3) None found
2025-08-13 20:15:38,086 INFO  [io.api.tes.ser.api.KafkaSerdesTester] (ForkJoinPool.commonPool-worker-3) None found
2025-08-13 20:15:38,093 INFO  [org.apa.kaf.cli.con.int.ConsumerCoordinator] (ForkJoinPool.commonPool-worker-3) [Consumer clientId=consumer-Consumer-topic-aee3d82d_cfc5_420b_8788_9ebb410d159c-16, groupId=Consumer-topic-aee3d82d_cfc5_420b_8788_9ebb410d159c] Successfully joined group with generation Generation{generationId=1, memberId='consumer-Consumer-topic-aee3d82d_cfc5_420b_8788_9ebb410d159c-16-daa454c2-9fd2-44c1-89f9-7d030903b616', protocol='range'}
2025-08-13 20:15:38,094 INFO  [org.apa.kaf.cli.con.int.ConsumerCoordinator] (ForkJoinPool.commonPool-worker-3) [Consumer clientId=consumer-Consumer-topic-aee3d82d_cfc5_420b_8788_9ebb410d159c-16, groupId=Consumer-topic-aee3d82d_cfc5_420b_8788_9ebb410d159c] Finished assignment for group at generation 1: {consumer-Consumer-topic-aee3d82d_cfc5_420b_8788_9ebb410d159c-16-daa454c2-9fd2-44c1-89f9-7d030903b616=Assignment(partitions=[topic-aee3d82d_cfc5_420b_8788_9ebb410d159c-0])}
2025-08-13 20:15:38,100 INFO  [org.apa.kaf.cli.con.int.ConsumerCoordinator] (ForkJoinPool.commonPool-worker-3) [Consumer clientId=consumer-Consumer-topic-aee3d82d_cfc5_420b_8788_9ebb410d159c-16, groupId=Consumer-topic-aee3d82d_cfc5_420b_8788_9ebb410d159c] Successfully synced group in generation Generation{generationId=1, memberId='consumer-Consumer-topic-aee3d82d_cfc5_420b_8788_9ebb410d159c-16-daa454c2-9fd2-44c1-89f9-7d030903b616', protocol='range'}
2025-08-13 20:15:38,101 INFO  [org.apa.kaf.cli.con.int.ConsumerCoordinator] (ForkJoinPool.commonPool-worker-3) [Consumer clientId=consumer-Consumer-topic-aee3d82d_cfc5_420b_8788_9ebb410d159c-16, groupId=Consumer-topic-aee3d82d_cfc5_420b_8788_9ebb410d159c] Notifying assignor about the new Assignment(partitions=[topic-aee3d82d_cfc5_420b_8788_9ebb410d159c-0])
2025-08-13 20:15:38,101 INFO  [org.apa.kaf.cli.con.int.ConsumerRebalanceListenerInvoker] (ForkJoinPool.commonPool-worker-3) [Consumer clientId=consumer-Consumer-topic-aee3d82d_cfc5_420b_8788_9ebb410d159c-16, groupId=Consumer-topic-aee3d82d_cfc5_420b_8788_9ebb410d159c] Adding newly assigned partitions: topic-aee3d82d_cfc5_420b_8788_9ebb410d159c-0
2025-08-13 20:15:38,102 INFO  [org.apa.kaf.cli.con.int.ConsumerCoordinator] (ForkJoinPool.commonPool-worker-3) [Consumer clientId=consumer-Consumer-topic-aee3d82d_cfc5_420b_8788_9ebb410d159c-16, groupId=Consumer-topic-aee3d82d_cfc5_420b_8788_9ebb410d159c] Found no committed offset for partition topic-aee3d82d_cfc5_420b_8788_9ebb410d159c-0
2025-08-13 20:15:38,105 INFO  [org.apa.kaf.cli.con.int.SubscriptionState] (ForkJoinPool.commonPool-worker-3) [Consumer clientId=consumer-Consumer-topic-aee3d82d_cfc5_420b_8788_9ebb410d159c-16, groupId=Consumer-topic-aee3d82d_cfc5_420b_8788_9ebb410d159c] Resetting offset for partition topic-aee3d82d_cfc5_420b_8788_9ebb410d159c-0 to position FetchPosition{offset=0, offsetEpoch=Optional.empty, currentLeader=LeaderAndEpoch{leader=Optional[localhost:32769 (id: 0 rack: null)], epoch=0}}.
2025-08-13 20:15:38,180 INFO  [io.api.tes.ser.api.KafkaSerdesTester] (ForkJoinPool.commonPool-worker-3) topic-aee3d82d_cfc5_420b_8788_9ebb410d159c 0 0 {"key11755116126588": "value-0"}
2025-08-13 20:15:38,180 INFO  [io.api.tes.ser.api.KafkaSerdesTester] (ForkJoinPool.commonPool-worker-3) topic-aee3d82d_cfc5_420b_8788_9ebb410d159c 0 1 {"key11755116126588": "value-1"}
2025-08-13 20:15:38,180 INFO  [io.api.tes.ser.api.KafkaSerdesTester] (ForkJoinPool.commonPool-worker-3) topic-aee3d82d_cfc5_420b_8788_9ebb410d159c 0 2 {"key11755116126588": "value-2"}
2025-08-13 20:15:38,180 INFO  [io.api.tes.ser.api.KafkaSerdesTester] (ForkJoinPool.commonPool-worker-3) topic-aee3d82d_cfc5_420b_8788_9ebb410d159c 0 3 {"key11755116126588": "value-3"}
2025-08-13 20:15:38,180 INFO  [io.api.tes.ser.api.KafkaSerdesTester] (ForkJoinPool.commonPool-worker-3) topic-aee3d82d_cfc5_420b_8788_9ebb410d159c 0 4 {"key11755116126588": "value-4"}
2025-08-13 20:15:38,180 INFO  [io.api.tes.ser.api.KafkaSerdesTester] (ForkJoinPool.commonPool-worker-3) topic-aee3d82d_cfc5_420b_8788_9ebb410d159c 0 5 {"key11755116126588": "value-5"}
2025-08-13 20:15:38,180 INFO  [io.api.tes.ser.api.KafkaSerdesTester] (ForkJoinPool.commonPool-worker-3) topic-aee3d82d_cfc5_420b_8788_9ebb410d159c 0 6 {"key11755116126588": "value-6"}
2025-08-13 20:15:38,180 INFO  [io.api.tes.ser.api.KafkaSerdesTester] (ForkJoinPool.commonPool-worker-3) topic-aee3d82d_cfc5_420b_8788_9ebb410d159c 0 7 {"key11755116126588": "value-7"}
2025-08-13 20:15:38,180 INFO  [io.api.tes.ser.api.KafkaSerdesTester] (ForkJoinPool.commonPool-worker-3) topic-aee3d82d_cfc5_420b_8788_9ebb410d159c 0 8 {"key11755116126588": "value-8"}
2025-08-13 20:15:38,180 INFO  [io.api.tes.ser.api.KafkaSerdesTester] (ForkJoinPool.commonPool-worker-3) topic-aee3d82d_cfc5_420b_8788_9ebb410d159c 0 9 {"key11755116126588": "value-9"}
2025-08-13 20:15:38,181 INFO  [io.api.tes.ser.api.KafkaSerdesTester] (ForkJoinPool.commonPool-worker-3) Consumed 10 messages
2025-08-13 20:15:38,188 INFO  [org.apa.kaf.cli.con.int.ConsumerRebalanceListenerInvoker] (ForkJoinPool.commonPool-worker-3) [Consumer clientId=consumer-Consumer-topic-aee3d82d_cfc5_420b_8788_9ebb410d159c-16, groupId=Consumer-topic-aee3d82d_cfc5_420b_8788_9ebb410d159c] Revoke previously assigned partitions topic-aee3d82d_cfc5_420b_8788_9ebb410d159c-0
2025-08-13 20:15:38,188 INFO  [org.apa.kaf.cli.con.int.ConsumerCoordinator] (ForkJoinPool.commonPool-worker-3) [Consumer clientId=consumer-Consumer-topic-aee3d82d_cfc5_420b_8788_9ebb410d159c-16, groupId=Consumer-topic-aee3d82d_cfc5_420b_8788_9ebb410d159c] Member consumer-Consumer-topic-aee3d82d_cfc5_420b_8788_9ebb410d159c-16-daa454c2-9fd2-44c1-89f9-7d030903b616 sending LeaveGroup request to coordinator localhost:32769 (id: 2147483647 rack: null) due to the consumer is being closed
2025-08-13 20:15:38,188 INFO  [org.apa.kaf.cli.con.int.ConsumerCoordinator] (ForkJoinPool.commonPool-worker-3) [Consumer clientId=consumer-Consumer-topic-aee3d82d_cfc5_420b_8788_9ebb410d159c-16, groupId=Consumer-topic-aee3d82d_cfc5_420b_8788_9ebb410d159c] Resetting generation and member id due to: consumer pro-actively leaving the group
2025-08-13 20:15:38,188 INFO  [org.apa.kaf.cli.con.int.ConsumerCoordinator] (ForkJoinPool.commonPool-worker-3) [Consumer clientId=consumer-Consumer-topic-aee3d82d_cfc5_420b_8788_9ebb410d159c-16, groupId=Consumer-topic-aee3d82d_cfc5_420b_8788_9ebb410d159c] Request joining group due to: consumer pro-actively leaving the group
2025-08-13 20:15:38,684 INFO  [org.apa.kaf.com.met.Metrics] (ForkJoinPool.commonPool-worker-3) Metrics scheduler closed
2025-08-13 20:15:38,684 INFO  [org.apa.kaf.com.met.Metrics] (ForkJoinPool.commonPool-worker-3) Closing reporter org.apache.kafka.common.metrics.JmxReporter
2025-08-13 20:15:38,684 INFO  [org.apa.kaf.com.met.Metrics] (ForkJoinPool.commonPool-worker-3) Closing reporter org.apache.kafka.common.telemetry.internals.ClientTelemetryReporter
2025-08-13 20:15:38,684 INFO  [org.apa.kaf.com.met.Metrics] (ForkJoinPool.commonPool-worker-3) Metrics reporters closed
2025-08-13 20:15:38,685 INFO  [org.apa.kaf.com.uti.AppInfoParser] (ForkJoinPool.commonPool-worker-3) App info kafka.consumer for consumer-Consumer-topic-aee3d82d_cfc5_420b_8788_9ebb410d159c-16 unregistered
2025-08-13 20:15:38,686 INFO  [io.api.tes.uti.TestSeparator] (main) io.apicurio.tests.serdes.apicurio.AvroSerdeIT.testAvroConfluentForMultipleTopics-FINISHED
2025-08-13 20:15:38,686 INFO  [io.api.tes.uti.TestSeparator] (main) ############################################################################
Test passed: testAvroConfluentForMultipleTopics
]]></system-out>
  </testcase>
  <testcase name="testFirstRequestFailsRateLimited" classname="io.apicurio.tests.serdes.apicurio.AvroSerdeIT" time="0.731">
    <system-out><![CDATA[2025-08-13 20:15:38,687 INFO  [io.api.tes.uti.TestSeparator] (main) ############################################################################
2025-08-13 20:15:38,687 INFO  [io.api.tes.uti.TestSeparator] (main) io.apicurio.tests.serdes.apicurio.AvroSerdeIT.testFirstRequestFailsRateLimited-STARTED
2025-08-13 20:15:39,106 INFO  [org.ecl.jet.ser.Server] (main) jetty-11.0.15; built: 2023-04-11T18:37:53.775Z; git: 5bc5e562c8d05c5862505aebe5cf83a61bdbcb96; jvm 17.0.16+8
2025-08-13 20:15:39,127 INFO  [org.ecl.jet.ser.han.ContextHandler] (main) Started o.e.j.s.ServletContextHandler@7a0eca26{/__admin,null,AVAILABLE}
2025-08-13 20:15:39,135 INFO  [org.ecl.jet.ser.han.Con.ROOT] (main) RequestHandlerClass from context returned com.github.tomakehurst.wiremock.http.StubRequestHandler. Normalized mapped under returned 'null'
2025-08-13 20:15:39,135 INFO  [org.ecl.jet.ser.han.ContextHandler] (main) Started o.e.j.s.ServletContextHandler@2d752f29{/,null,AVAILABLE}
2025-08-13 20:15:39,143 INFO  [org.ecl.jet.ser.AbstractConnector] (main) Started NetworkTrafficServerConnector@718d339f{HTTP/1.1, (http/1.1, h2c)}{0.0.0.0:38443}
2025-08-13 20:15:39,144 INFO  [org.ecl.jet.ser.Server] (main) Started Server@62e0fe3{STARTING}[11.0.15,sto=1000] @99102ms
**** Registry Base URL: http://registry-app-inmemory.apps.ci419.apicurio-testing.org:80
2025-08-13 20:15:39,153 INFO  [org.apa.kaf.cli.pro.ProducerConfig] (main) ProducerConfig values: 
	acks = -1
	auto.include.jmx.reporter = true
	batch.size = 16384
	bootstrap.servers = [PLAINTEXT://localhost:32769]
	buffer.memory = 33554432
	client.dns.lookup = use_all_dns_ips
	client.id = Producer-topic-31325fc1_51f3_4b3c_81e7_6fe081515025
	compression.gzip.level = -1
	compression.lz4.level = 9
	compression.type = none
	compression.zstd.level = 3
	connections.max.idle.ms = 10000
	delivery.timeout.ms = 120000
	enable.idempotence = true
	enable.metrics.push = true
	interceptor.classes = []
	key.serializer = class org.apache.kafka.common.serialization.StringSerializer
	linger.ms = 0
	max.block.ms = 60000
	max.in.flight.requests.per.connection = 5
	max.request.size = 1048576
	metadata.max.age.ms = 300000
	metadata.max.idle.ms = 300000
	metadata.recovery.strategy = none
	metric.reporters = []
	metrics.num.samples = 2
	metrics.recording.level = INFO
	metrics.sample.window.ms = 30000
	partitioner.adaptive.partitioning.enable = true
	partitioner.availability.timeout.ms = 0
	partitioner.class = null
	partitioner.ignore.keys = false
	receive.buffer.bytes = 32768
	reconnect.backoff.max.ms = 1000
	reconnect.backoff.ms = 50
	request.timeout.ms = 5000
	retries = 2147483647
	retry.backoff.max.ms = 1000
	retry.backoff.ms = 100
	sasl.client.callback.handler.class = null
	sasl.jaas.config = null
	sasl.kerberos.kinit.cmd = /usr/bin/kinit
	sasl.kerberos.min.time.before.relogin = 60000
	sasl.kerberos.service.name = null
	sasl.kerberos.ticket.renew.jitter = 0.05
	sasl.kerberos.ticket.renew.window.factor = 0.8
	sasl.login.callback.handler.class = null
	sasl.login.class = null
	sasl.login.connect.timeout.ms = null
	sasl.login.read.timeout.ms = null
	sasl.login.refresh.buffer.seconds = 300
	sasl.login.refresh.min.period.seconds = 60
	sasl.login.refresh.window.factor = 0.8
	sasl.login.refresh.window.jitter = 0.05
	sasl.login.retry.backoff.max.ms = 10000
	sasl.login.retry.backoff.ms = 100
	sasl.mechanism = GSSAPI
	sasl.oauthbearer.clock.skew.seconds = 30
	sasl.oauthbearer.expected.audience = null
	sasl.oauthbearer.expected.issuer = null
	sasl.oauthbearer.header.urlencode = false
	sasl.oauthbearer.jwks.endpoint.refresh.ms = 3600000
	sasl.oauthbearer.jwks.endpoint.retry.backoff.max.ms = 10000
	sasl.oauthbearer.jwks.endpoint.retry.backoff.ms = 100
	sasl.oauthbearer.jwks.endpoint.url = null
	sasl.oauthbearer.scope.claim.name = scope
	sasl.oauthbearer.sub.claim.name = sub
	sasl.oauthbearer.token.endpoint.url = null
	security.protocol = PLAINTEXT
	security.providers = null
	send.buffer.bytes = 131072
	socket.connection.setup.timeout.max.ms = 30000
	socket.connection.setup.timeout.ms = 10000
	ssl.cipher.suites = null
	ssl.enabled.protocols = [TLSv1.2, TLSv1.3]
	ssl.endpoint.identification.algorithm = https
	ssl.engine.factory.class = null
	ssl.key.password = null
	ssl.keymanager.algorithm = SunX509
	ssl.keystore.certificate.chain = null
	ssl.keystore.key = null
	ssl.keystore.location = null
	ssl.keystore.password = null
	ssl.keystore.type = JKS
	ssl.protocol = TLSv1.3
	ssl.provider = null
	ssl.secure.random.implementation = null
	ssl.trustmanager.algorithm = PKIX
	ssl.truststore.certificates = null
	ssl.truststore.location = null
	ssl.truststore.password = null
	ssl.truststore.type = JKS
	transaction.timeout.ms = 60000
	transactional.id = null
	value.serializer = class io.apicurio.registry.serde.avro.AvroKafkaSerializer

2025-08-13 20:15:39,154 INFO  [org.apa.kaf.com.tel.int.KafkaMetricsCollector] (main) initializing Kafka metrics collector
2025-08-13 20:15:39,157 INFO  [org.apa.kaf.cli.pro.KafkaProducer] (main) [Producer clientId=Producer-topic-31325fc1_51f3_4b3c_81e7_6fe081515025] Instantiated an idempotent producer.
2025-08-13 20:15:39,159 INFO  [org.apa.kaf.cli.pro.ProducerConfig] (main) These configurations '[apicurio.registry.url, apicurio.registry.artifact-resolver-strategy]' were supplied but are not used yet.
2025-08-13 20:15:39,159 INFO  [org.apa.kaf.com.uti.AppInfoParser] (main) Kafka version: 3.9.1
2025-08-13 20:15:39,159 INFO  [org.apa.kaf.com.uti.AppInfoParser] (main) Kafka commitId: f745dfdcee2b9851
2025-08-13 20:15:39,159 INFO  [org.apa.kaf.com.uti.AppInfoParser] (main) Kafka startTimeMs: 1755116139159
2025-08-13 20:15:39,159 INFO  [io.api.tes.ser.api.KafkaSerdesTester] (ForkJoinPool.commonPool-worker-3) Sending message {"keyB": "value-0"} to topic topic-31325fc1_51f3_4b3c_81e7_6fe081515025
2025-08-13 20:15:39,164 WARN  [org.apa.kaf.cli.NetworkClient] (kafka-producer-network-thread | Producer-topic-31325fc1_51f3_4b3c_81e7_6fe081515025) [Producer clientId=Producer-topic-31325fc1_51f3_4b3c_81e7_6fe081515025] The metadata response from the cluster reported a recoverable issue with correlation id 1 : {topic-31325fc1_51f3_4b3c_81e7_6fe081515025=UNKNOWN_TOPIC_OR_PARTITION}
2025-08-13 20:15:39,164 INFO  [org.apa.kaf.cli.Metadata] (kafka-producer-network-thread | Producer-topic-31325fc1_51f3_4b3c_81e7_6fe081515025) [Producer clientId=Producer-topic-31325fc1_51f3_4b3c_81e7_6fe081515025] Cluster ID: deU1wVjgTqiYBiPhrFjcdg
2025-08-13 20:15:39,164 INFO  [org.apa.kaf.cli.pro.int.TransactionManager] (kafka-producer-network-thread | Producer-topic-31325fc1_51f3_4b3c_81e7_6fe081515025) [Producer clientId=Producer-topic-31325fc1_51f3_4b3c_81e7_6fe081515025] ProducerId set to 22 with epoch 0
2025-08-13 20:15:39,284 INFO  [DefaultSchemaResolver] (ForkJoinPool.commonPool-worker-3) Retrieving schema content using string: {"type":"record","name":"myrecord","namespace":"mygroup","fields":[{"name":"keyB","type":"string"}]}
2025-08-13 20:15:39,407 INFO  [org.apa.kaf.cli.pro.KafkaProducer] (ForkJoinPool.commonPool-worker-3) [Producer clientId=Producer-topic-31325fc1_51f3_4b3c_81e7_6fe081515025] Closing the Kafka producer with timeoutMillis = 9223372036854775807 ms.
2025-08-13 20:15:39,409 INFO  [org.apa.kaf.com.met.Metrics] (ForkJoinPool.commonPool-worker-3) Metrics scheduler closed
2025-08-13 20:15:39,409 INFO  [org.apa.kaf.com.met.Metrics] (ForkJoinPool.commonPool-worker-3) Closing reporter org.apache.kafka.common.metrics.JmxReporter
2025-08-13 20:15:39,409 INFO  [org.apa.kaf.com.met.Metrics] (ForkJoinPool.commonPool-worker-3) Closing reporter org.apache.kafka.common.telemetry.internals.ClientTelemetryReporter
2025-08-13 20:15:39,409 INFO  [org.apa.kaf.com.met.Metrics] (ForkJoinPool.commonPool-worker-3) Metrics reporters closed
2025-08-13 20:15:39,409 INFO  [org.apa.kaf.com.uti.AppInfoParser] (ForkJoinPool.commonPool-worker-3) App info kafka.producer for Producer-topic-31325fc1_51f3_4b3c_81e7_6fe081515025 unregistered
2025-08-13 20:15:39,412 INFO  [org.ecl.jet.ser.Server] (main) Stopped Server@62e0fe3{STOPPING}[11.0.15,sto=1000]
2025-08-13 20:15:39,412 INFO  [org.ecl.jet.ser.Server] (main) Shutdown Server@62e0fe3{STOPPING}[11.0.15,sto=1000]
2025-08-13 20:15:39,414 INFO  [org.ecl.jet.ser.AbstractConnector] (main) Stopped NetworkTrafficServerConnector@718d339f{HTTP/1.1, (http/1.1, h2c)}{0.0.0.0:0}
2025-08-13 20:15:39,415 INFO  [org.ecl.jet.ser.han.ContextHandler] (main) Stopped o.e.j.s.ServletContextHandler@2d752f29{/,null,STOPPED}
2025-08-13 20:15:39,416 INFO  [org.ecl.jet.ser.han.ContextHandler] (main) Stopped o.e.j.s.ServletContextHandler@7a0eca26{/__admin,null,STOPPED}
2025-08-13 20:15:39,417 INFO  [io.api.tes.uti.TestSeparator] (main) io.apicurio.tests.serdes.apicurio.AvroSerdeIT.testFirstRequestFailsRateLimited-FINISHED
2025-08-13 20:15:39,417 INFO  [io.api.tes.uti.TestSeparator] (main) ############################################################################
Test passed: testFirstRequestFailsRateLimited
]]></system-out>
    <system-err><![CDATA[com.microsoft.kiota.ApiException: the server returned an unexpected status code and no error class is registered for this code 429
	at com.microsoft.kiota.ApiExceptionBuilder.withMessage(ApiExceptionBuilder.java:45)
	at io.kiota.http.vertx.VertXRequestAdapter.throwIfFailedResponse(VertXRequestAdapter.java:370)
	at io.kiota.http.vertx.VertXRequestAdapter.send(VertXRequestAdapter.java:170)
	at io.apicurio.registry.rest.client.search.versions.VersionsRequestBuilder.post(VersionsRequestBuilder.java:94)
	at io.apicurio.registry.resolver.client.RegistryClientFacadeImpl.searchVersionsByContent(RegistryClientFacadeImpl.java:106)
	at io.apicurio.registry.resolver.DefaultSchemaResolver.lambda$handleResolveSchemaByContent$3(DefaultSchemaResolver.java:258)
	at io.apicurio.registry.resolver.cache.ERCache.lambda$getValue$0(ERCache.java:174)
	at io.apicurio.registry.resolver.cache.ERCache.retry(ERCache.java:227)
	at io.apicurio.registry.resolver.cache.ERCache.getValue(ERCache.java:173)
	at io.apicurio.registry.resolver.cache.ERCache.getByContent(ERCache.java:147)
	at io.apicurio.registry.resolver.DefaultSchemaResolver.handleResolveSchemaByContent(DefaultSchemaResolver.java:253)
	at io.apicurio.registry.resolver.DefaultSchemaResolver.getSchemaFromRegistry(DefaultSchemaResolver.java:138)
	at io.apicurio.registry.resolver.DefaultSchemaResolver.lambda$resolveSchema$0(DefaultSchemaResolver.java:84)
	at java.base/java.util.Optional.orElseGet(Optional.java:364)
	at io.apicurio.registry.resolver.DefaultSchemaResolver.resolveSchema(DefaultSchemaResolver.java:84)
	at io.apicurio.registry.serde.AbstractSerializer.serializeData(AbstractSerializer.java:62)
	at io.apicurio.registry.serde.KafkaSerializer.serialize(KafkaSerializer.java:77)
	at org.apache.kafka.clients.producer.KafkaProducer.doSend(KafkaProducer.java:1046)
	at org.apache.kafka.clients.producer.KafkaProducer.send(KafkaProducer.java:993)
	at org.apache.kafka.clients.producer.KafkaProducer.send(KafkaProducer.java:875)
	at io.apicurio.tests.serdes.apicurio.KafkaSerdesTester.lambda$produceMessages$3(KafkaSerdesTester.java:138)
	at java.base/java.util.concurrent.CompletableFuture$AsyncSupply.run(CompletableFuture.java:1768)
	at java.base/java.util.concurrent.CompletableFuture$AsyncSupply.exec(CompletableFuture.java:1760)
	at java.base/java.util.concurrent.ForkJoinTask.doExec(ForkJoinTask.java:373)
	at java.base/java.util.concurrent.ForkJoinPool$WorkQueue.topLevelExec(ForkJoinPool.java:1182)
	at java.base/java.util.concurrent.ForkJoinPool.scan(ForkJoinPool.java:1655)
	at java.base/java.util.concurrent.ForkJoinPool.runWorker(ForkJoinPool.java:1622)
	at java.base/java.util.concurrent.ForkJoinWorkerThread.run(ForkJoinWorkerThread.java:165)
]]></system-err>
  </testcase>
  <testcase name="testFirstEmptyFieldConfusedAsMagicByte" classname="io.apicurio.tests.serdes.apicurio.AvroSerdeIT" time="3.869">
    <system-out><![CDATA[2025-08-13 20:15:39,418 INFO  [io.api.tes.uti.TestSeparator] (main) ############################################################################
2025-08-13 20:15:39,418 INFO  [io.api.tes.uti.TestSeparator] (main) io.apicurio.tests.serdes.apicurio.AvroSerdeIT.testFirstEmptyFieldConfusedAsMagicByte-STARTED
**** Registry Base URL: http://registry-app-inmemory.apps.ci419.apicurio-testing.org:80
2025-08-13 20:15:39,420 INFO  [org.apa.kaf.cli.pro.ProducerConfig] (main) ProducerConfig values: 
	acks = -1
	auto.include.jmx.reporter = true
	batch.size = 16384
	bootstrap.servers = [PLAINTEXT://localhost:32769]
	buffer.memory = 33554432
	client.dns.lookup = use_all_dns_ips
	client.id = Producer-topic-6e27dae1_6804_4df2_a21a_6acf98921c86
	compression.gzip.level = -1
	compression.lz4.level = 9
	compression.type = none
	compression.zstd.level = 3
	connections.max.idle.ms = 10000
	delivery.timeout.ms = 120000
	enable.idempotence = true
	enable.metrics.push = true
	interceptor.classes = []
	key.serializer = class org.apache.kafka.common.serialization.StringSerializer
	linger.ms = 0
	max.block.ms = 60000
	max.in.flight.requests.per.connection = 5
	max.request.size = 1048576
	metadata.max.age.ms = 300000
	metadata.max.idle.ms = 300000
	metadata.recovery.strategy = none
	metric.reporters = []
	metrics.num.samples = 2
	metrics.recording.level = INFO
	metrics.sample.window.ms = 30000
	partitioner.adaptive.partitioning.enable = true
	partitioner.availability.timeout.ms = 0
	partitioner.class = null
	partitioner.ignore.keys = false
	receive.buffer.bytes = 32768
	reconnect.backoff.max.ms = 1000
	reconnect.backoff.ms = 50
	request.timeout.ms = 5000
	retries = 2147483647
	retry.backoff.max.ms = 1000
	retry.backoff.ms = 100
	sasl.client.callback.handler.class = null
	sasl.jaas.config = null
	sasl.kerberos.kinit.cmd = /usr/bin/kinit
	sasl.kerberos.min.time.before.relogin = 60000
	sasl.kerberos.service.name = null
	sasl.kerberos.ticket.renew.jitter = 0.05
	sasl.kerberos.ticket.renew.window.factor = 0.8
	sasl.login.callback.handler.class = null
	sasl.login.class = null
	sasl.login.connect.timeout.ms = null
	sasl.login.read.timeout.ms = null
	sasl.login.refresh.buffer.seconds = 300
	sasl.login.refresh.min.period.seconds = 60
	sasl.login.refresh.window.factor = 0.8
	sasl.login.refresh.window.jitter = 0.05
	sasl.login.retry.backoff.max.ms = 10000
	sasl.login.retry.backoff.ms = 100
	sasl.mechanism = GSSAPI
	sasl.oauthbearer.clock.skew.seconds = 30
	sasl.oauthbearer.expected.audience = null
	sasl.oauthbearer.expected.issuer = null
	sasl.oauthbearer.header.urlencode = false
	sasl.oauthbearer.jwks.endpoint.refresh.ms = 3600000
	sasl.oauthbearer.jwks.endpoint.retry.backoff.max.ms = 10000
	sasl.oauthbearer.jwks.endpoint.retry.backoff.ms = 100
	sasl.oauthbearer.jwks.endpoint.url = null
	sasl.oauthbearer.scope.claim.name = scope
	sasl.oauthbearer.sub.claim.name = sub
	sasl.oauthbearer.token.endpoint.url = null
	security.protocol = PLAINTEXT
	security.providers = null
	send.buffer.bytes = 131072
	socket.connection.setup.timeout.max.ms = 30000
	socket.connection.setup.timeout.ms = 10000
	ssl.cipher.suites = null
	ssl.enabled.protocols = [TLSv1.2, TLSv1.3]
	ssl.endpoint.identification.algorithm = https
	ssl.engine.factory.class = null
	ssl.key.password = null
	ssl.keymanager.algorithm = SunX509
	ssl.keystore.certificate.chain = null
	ssl.keystore.key = null
	ssl.keystore.location = null
	ssl.keystore.password = null
	ssl.keystore.type = JKS
	ssl.protocol = TLSv1.3
	ssl.provider = null
	ssl.secure.random.implementation = null
	ssl.trustmanager.algorithm = PKIX
	ssl.truststore.certificates = null
	ssl.truststore.location = null
	ssl.truststore.password = null
	ssl.truststore.type = JKS
	transaction.timeout.ms = 60000
	transactional.id = null
	value.serializer = class io.apicurio.registry.serde.avro.AvroKafkaSerializer

2025-08-13 20:15:39,420 INFO  [org.apa.kaf.com.tel.int.KafkaMetricsCollector] (main) initializing Kafka metrics collector
2025-08-13 20:15:39,424 INFO  [org.apa.kaf.cli.pro.KafkaProducer] (main) [Producer clientId=Producer-topic-6e27dae1_6804_4df2_a21a_6acf98921c86] Instantiated an idempotent producer.
2025-08-13 20:15:39,425 INFO  [org.apa.kaf.cli.pro.ProducerConfig] (main) These configurations '[apicurio.registry.url, apicurio.registry.auto-register, apicurio.registry.artifact-resolver-strategy]' were supplied but are not used yet.
2025-08-13 20:15:39,425 INFO  [org.apa.kaf.com.uti.AppInfoParser] (main) Kafka version: 3.9.1
2025-08-13 20:15:39,425 INFO  [org.apa.kaf.com.uti.AppInfoParser] (main) Kafka commitId: f745dfdcee2b9851
2025-08-13 20:15:39,425 INFO  [org.apa.kaf.com.uti.AppInfoParser] (main) Kafka startTimeMs: 1755116139425
2025-08-13 20:15:39,425 INFO  [io.api.tes.ser.api.SimpleSerdesTesterBuilder$SimpleSerdesTester] (main) Using producer configuration: {apicurio.registry.url=http://registry-app-inmemory.apps.ci419.apicurio-testing.org:80/apis/registry/v3, apicurio.registry.auto-register=true, apicurio.registry.artifact-resolver-strategy=io.apicurio.registry.serde.strategy.SimpleTopicIdStrategy, value.serializer=io.apicurio.registry.serde.avro.AvroKafkaSerializer, request.timeout.ms=5000, acks=all, bootstrap.servers=PLAINTEXT://localhost:32769, connections.max.idle.ms=10000, key.serializer=org.apache.kafka.common.serialization.StringSerializer, client.id=Producer-topic-6e27dae1_6804_4df2_a21a_6acf98921c86}
2025-08-13 20:15:39,425 INFO  [io.api.tes.ser.api.SimpleSerdesTesterBuilder$SimpleSerdesTester] (main) Using consumer configuration: {}
2025-08-13 20:15:39,425 INFO  [io.api.tes.ser.api.KafkaSerdesTester] (ForkJoinPool.commonPool-worker-3) Sending message {"username": null} to topic topic-6e27dae1_6804_4df2_a21a_6acf98921c86
2025-08-13 20:15:39,431 WARN  [org.apa.kaf.cli.NetworkClient] (kafka-producer-network-thread | Producer-topic-6e27dae1_6804_4df2_a21a_6acf98921c86) [Producer clientId=Producer-topic-6e27dae1_6804_4df2_a21a_6acf98921c86] The metadata response from the cluster reported a recoverable issue with correlation id 1 : {topic-6e27dae1_6804_4df2_a21a_6acf98921c86=UNKNOWN_TOPIC_OR_PARTITION}
2025-08-13 20:15:39,431 INFO  [org.apa.kaf.cli.Metadata] (kafka-producer-network-thread | Producer-topic-6e27dae1_6804_4df2_a21a_6acf98921c86) [Producer clientId=Producer-topic-6e27dae1_6804_4df2_a21a_6acf98921c86] Cluster ID: deU1wVjgTqiYBiPhrFjcdg
2025-08-13 20:15:39,431 INFO  [org.apa.kaf.cli.pro.int.TransactionManager] (kafka-producer-network-thread | Producer-topic-6e27dae1_6804_4df2_a21a_6acf98921c86) [Producer clientId=Producer-topic-6e27dae1_6804_4df2_a21a_6acf98921c86] ProducerId set to 23 with epoch 0
2025-08-13 20:15:39,610 INFO  [io.api.tes.ser.api.KafkaSerdesTester] (ForkJoinPool.commonPool-worker-3) Sending message {"username": null} to topic topic-6e27dae1_6804_4df2_a21a_6acf98921c86
2025-08-13 20:15:39,612 INFO  [io.api.tes.ser.api.KafkaSerdesTester] (ForkJoinPool.commonPool-worker-3) Sending message {"username": "value-2"} to topic topic-6e27dae1_6804_4df2_a21a_6acf98921c86
2025-08-13 20:15:39,613 INFO  [io.api.tes.ser.api.KafkaSerdesTester] (ForkJoinPool.commonPool-worker-3) Sending message {"username": null} to topic topic-6e27dae1_6804_4df2_a21a_6acf98921c86
2025-08-13 20:15:39,614 INFO  [io.api.tes.ser.api.KafkaSerdesTester] (ForkJoinPool.commonPool-worker-3) Sending message {"username": "value-4"} to topic topic-6e27dae1_6804_4df2_a21a_6acf98921c86
2025-08-13 20:15:39,615 INFO  [io.api.tes.ser.api.KafkaSerdesTester] (ForkJoinPool.commonPool-worker-3) Sending message {"username": null} to topic topic-6e27dae1_6804_4df2_a21a_6acf98921c86
2025-08-13 20:15:39,617 INFO  [io.api.tes.ser.api.KafkaSerdesTester] (ForkJoinPool.commonPool-worker-3) Sending message {"username": "value-6"} to topic topic-6e27dae1_6804_4df2_a21a_6acf98921c86
2025-08-13 20:15:39,619 INFO  [io.api.tes.ser.api.KafkaSerdesTester] (ForkJoinPool.commonPool-worker-3) Sending message {"username": null} to topic topic-6e27dae1_6804_4df2_a21a_6acf98921c86
2025-08-13 20:15:39,621 INFO  [io.api.tes.ser.api.KafkaSerdesTester] (ForkJoinPool.commonPool-worker-3) Sending message {"username": "value-8"} to topic topic-6e27dae1_6804_4df2_a21a_6acf98921c86
2025-08-13 20:15:39,622 INFO  [io.api.tes.ser.api.KafkaSerdesTester] (ForkJoinPool.commonPool-worker-3) Sending message {"username": null} to topic topic-6e27dae1_6804_4df2_a21a_6acf98921c86
2025-08-13 20:15:39,624 INFO  [io.api.tes.ser.api.KafkaSerdesTester] (ForkJoinPool.commonPool-worker-3) Produced 10 messages
2025-08-13 20:15:39,624 INFO  [org.apa.kaf.cli.pro.KafkaProducer] (ForkJoinPool.commonPool-worker-3) [Producer clientId=Producer-topic-6e27dae1_6804_4df2_a21a_6acf98921c86] Closing the Kafka producer with timeoutMillis = 9223372036854775807 ms.
2025-08-13 20:15:39,625 INFO  [org.apa.kaf.com.met.Metrics] (ForkJoinPool.commonPool-worker-3) Metrics scheduler closed
2025-08-13 20:15:39,625 INFO  [org.apa.kaf.com.met.Metrics] (ForkJoinPool.commonPool-worker-3) Closing reporter org.apache.kafka.common.metrics.JmxReporter
2025-08-13 20:15:39,625 INFO  [org.apa.kaf.com.met.Metrics] (ForkJoinPool.commonPool-worker-3) Closing reporter org.apache.kafka.common.telemetry.internals.ClientTelemetryReporter
2025-08-13 20:15:39,625 INFO  [org.apa.kaf.com.met.Metrics] (ForkJoinPool.commonPool-worker-3) Metrics reporters closed
2025-08-13 20:15:39,625 INFO  [org.apa.kaf.com.uti.AppInfoParser] (ForkJoinPool.commonPool-worker-3) App info kafka.producer for Producer-topic-6e27dae1_6804_4df2_a21a_6acf98921c86 unregistered
**** Registry Base URL: http://registry-app-inmemory.apps.ci419.apicurio-testing.org:80
2025-08-13 20:15:39,676 INFO  [org.apa.kaf.cli.con.ConsumerConfig] (main) ConsumerConfig values: 
	allow.auto.create.topics = true
	auto.commit.interval.ms = 500
	auto.include.jmx.reporter = true
	auto.offset.reset = earliest
	bootstrap.servers = [PLAINTEXT://localhost:32769]
	check.crcs = true
	client.dns.lookup = use_all_dns_ips
	client.id = consumer-Consumer-topic-6e27dae1_6804_4df2_a21a_6acf98921c86-17
	client.rack = 
	connections.max.idle.ms = 10000
	default.api.timeout.ms = 60000
	enable.auto.commit = true
	enable.metrics.push = true
	exclude.internal.topics = true
	fetch.max.bytes = 52428800
	fetch.max.wait.ms = 500
	fetch.min.bytes = 1
	group.id = Consumer-topic-6e27dae1_6804_4df2_a21a_6acf98921c86
	group.instance.id = null
	group.protocol = classic
	group.remote.assignor = null
	heartbeat.interval.ms = 3000
	interceptor.classes = []
	internal.leave.group.on.close = true
	internal.throw.on.fetch.stable.offset.unsupported = false
	isolation.level = read_uncommitted
	key.deserializer = class org.apache.kafka.common.serialization.StringDeserializer
	max.partition.fetch.bytes = 1048576
	max.poll.interval.ms = 300000
	max.poll.records = 500
	metadata.max.age.ms = 300000
	metadata.recovery.strategy = none
	metric.reporters = []
	metrics.num.samples = 2
	metrics.recording.level = INFO
	metrics.sample.window.ms = 30000
	partition.assignment.strategy = [class org.apache.kafka.clients.consumer.RangeAssignor, class org.apache.kafka.clients.consumer.CooperativeStickyAssignor]
	receive.buffer.bytes = 65536
	reconnect.backoff.max.ms = 1000
	reconnect.backoff.ms = 50
	request.timeout.ms = 5000
	retry.backoff.max.ms = 1000
	retry.backoff.ms = 100
	sasl.client.callback.handler.class = null
	sasl.jaas.config = null
	sasl.kerberos.kinit.cmd = /usr/bin/kinit
	sasl.kerberos.min.time.before.relogin = 60000
	sasl.kerberos.service.name = null
	sasl.kerberos.ticket.renew.jitter = 0.05
	sasl.kerberos.ticket.renew.window.factor = 0.8
	sasl.login.callback.handler.class = null
	sasl.login.class = null
	sasl.login.connect.timeout.ms = null
	sasl.login.read.timeout.ms = null
	sasl.login.refresh.buffer.seconds = 300
	sasl.login.refresh.min.period.seconds = 60
	sasl.login.refresh.window.factor = 0.8
	sasl.login.refresh.window.jitter = 0.05
	sasl.login.retry.backoff.max.ms = 10000
	sasl.login.retry.backoff.ms = 100
	sasl.mechanism = GSSAPI
	sasl.oauthbearer.clock.skew.seconds = 30
	sasl.oauthbearer.expected.audience = null
	sasl.oauthbearer.expected.issuer = null
	sasl.oauthbearer.header.urlencode = false
	sasl.oauthbearer.jwks.endpoint.refresh.ms = 3600000
	sasl.oauthbearer.jwks.endpoint.retry.backoff.max.ms = 10000
	sasl.oauthbearer.jwks.endpoint.retry.backoff.ms = 100
	sasl.oauthbearer.jwks.endpoint.url = null
	sasl.oauthbearer.scope.claim.name = scope
	sasl.oauthbearer.sub.claim.name = sub
	sasl.oauthbearer.token.endpoint.url = null
	security.protocol = PLAINTEXT
	security.providers = null
	send.buffer.bytes = 131072
	session.timeout.ms = 45000
	socket.connection.setup.timeout.max.ms = 30000
	socket.connection.setup.timeout.ms = 10000
	ssl.cipher.suites = null
	ssl.enabled.protocols = [TLSv1.2, TLSv1.3]
	ssl.endpoint.identification.algorithm = https
	ssl.engine.factory.class = null
	ssl.key.password = null
	ssl.keymanager.algorithm = SunX509
	ssl.keystore.certificate.chain = null
	ssl.keystore.key = null
	ssl.keystore.location = null
	ssl.keystore.password = null
	ssl.keystore.type = JKS
	ssl.protocol = TLSv1.3
	ssl.provider = null
	ssl.secure.random.implementation = null
	ssl.trustmanager.algorithm = PKIX
	ssl.truststore.certificates = null
	ssl.truststore.location = null
	ssl.truststore.password = null
	ssl.truststore.type = JKS
	value.deserializer = class io.apicurio.registry.serde.avro.AvroKafkaDeserializer

2025-08-13 20:15:39,676 INFO  [org.apa.kaf.com.tel.int.KafkaMetricsCollector] (main) initializing Kafka metrics collector
2025-08-13 20:15:39,682 INFO  [org.apa.kaf.cli.con.ConsumerConfig] (main) These configurations '[apicurio.registry.url]' were supplied but are not used yet.
2025-08-13 20:15:39,682 INFO  [org.apa.kaf.com.uti.AppInfoParser] (main) Kafka version: 3.9.1
2025-08-13 20:15:39,682 INFO  [org.apa.kaf.com.uti.AppInfoParser] (main) Kafka commitId: f745dfdcee2b9851
2025-08-13 20:15:39,682 INFO  [org.apa.kaf.com.uti.AppInfoParser] (main) Kafka startTimeMs: 1755116139682
2025-08-13 20:15:39,682 INFO  [org.apa.kaf.cli.con.int.ClassicKafkaConsumer] (ForkJoinPool.commonPool-worker-3) [Consumer clientId=consumer-Consumer-topic-6e27dae1_6804_4df2_a21a_6acf98921c86-17, groupId=Consumer-topic-6e27dae1_6804_4df2_a21a_6acf98921c86] Subscribed to topic(s): topic-6e27dae1_6804_4df2_a21a_6acf98921c86
2025-08-13 20:15:39,685 INFO  [org.apa.kaf.cli.Metadata] (ForkJoinPool.commonPool-worker-3) [Consumer clientId=consumer-Consumer-topic-6e27dae1_6804_4df2_a21a_6acf98921c86-17, groupId=Consumer-topic-6e27dae1_6804_4df2_a21a_6acf98921c86] Cluster ID: deU1wVjgTqiYBiPhrFjcdg
2025-08-13 20:15:39,686 INFO  [org.apa.kaf.cli.con.int.ConsumerCoordinator] (ForkJoinPool.commonPool-worker-3) [Consumer clientId=consumer-Consumer-topic-6e27dae1_6804_4df2_a21a_6acf98921c86-17, groupId=Consumer-topic-6e27dae1_6804_4df2_a21a_6acf98921c86] Discovered group coordinator localhost:32769 (id: 2147483647 rack: null)
2025-08-13 20:15:39,687 INFO  [org.apa.kaf.cli.con.int.ConsumerCoordinator] (ForkJoinPool.commonPool-worker-3) [Consumer clientId=consumer-Consumer-topic-6e27dae1_6804_4df2_a21a_6acf98921c86-17, groupId=Consumer-topic-6e27dae1_6804_4df2_a21a_6acf98921c86] (Re-)joining group
2025-08-13 20:15:39,689 INFO  [org.apa.kaf.cli.con.int.ConsumerCoordinator] (ForkJoinPool.commonPool-worker-3) [Consumer clientId=consumer-Consumer-topic-6e27dae1_6804_4df2_a21a_6acf98921c86-17, groupId=Consumer-topic-6e27dae1_6804_4df2_a21a_6acf98921c86] Request joining group due to: need to re-join with the given member-id: consumer-Consumer-topic-6e27dae1_6804_4df2_a21a_6acf98921c86-17-d8486cc9-6121-4b97-b7ff-e1b2a2a2e36c
2025-08-13 20:15:39,689 INFO  [org.apa.kaf.cli.con.int.ConsumerCoordinator] (ForkJoinPool.commonPool-worker-3) [Consumer clientId=consumer-Consumer-topic-6e27dae1_6804_4df2_a21a_6acf98921c86-17, groupId=Consumer-topic-6e27dae1_6804_4df2_a21a_6acf98921c86] (Re-)joining group
2025-08-13 20:15:40,682 INFO  [io.api.tes.ser.api.KafkaSerdesTester] (ForkJoinPool.commonPool-worker-3) None found
2025-08-13 20:15:41,682 INFO  [io.api.tes.ser.api.KafkaSerdesTester] (ForkJoinPool.commonPool-worker-3) None found
2025-08-13 20:15:42,683 INFO  [io.api.tes.ser.api.KafkaSerdesTester] (ForkJoinPool.commonPool-worker-3) None found
2025-08-13 20:15:42,691 INFO  [org.apa.kaf.cli.con.int.ConsumerCoordinator] (ForkJoinPool.commonPool-worker-3) [Consumer clientId=consumer-Consumer-topic-6e27dae1_6804_4df2_a21a_6acf98921c86-17, groupId=Consumer-topic-6e27dae1_6804_4df2_a21a_6acf98921c86] Successfully joined group with generation Generation{generationId=1, memberId='consumer-Consumer-topic-6e27dae1_6804_4df2_a21a_6acf98921c86-17-d8486cc9-6121-4b97-b7ff-e1b2a2a2e36c', protocol='range'}
2025-08-13 20:15:42,691 INFO  [org.apa.kaf.cli.con.int.ConsumerCoordinator] (ForkJoinPool.commonPool-worker-3) [Consumer clientId=consumer-Consumer-topic-6e27dae1_6804_4df2_a21a_6acf98921c86-17, groupId=Consumer-topic-6e27dae1_6804_4df2_a21a_6acf98921c86] Finished assignment for group at generation 1: {consumer-Consumer-topic-6e27dae1_6804_4df2_a21a_6acf98921c86-17-d8486cc9-6121-4b97-b7ff-e1b2a2a2e36c=Assignment(partitions=[topic-6e27dae1_6804_4df2_a21a_6acf98921c86-0])}
2025-08-13 20:15:42,698 INFO  [org.apa.kaf.cli.con.int.ConsumerCoordinator] (ForkJoinPool.commonPool-worker-3) [Consumer clientId=consumer-Consumer-topic-6e27dae1_6804_4df2_a21a_6acf98921c86-17, groupId=Consumer-topic-6e27dae1_6804_4df2_a21a_6acf98921c86] Successfully synced group in generation Generation{generationId=1, memberId='consumer-Consumer-topic-6e27dae1_6804_4df2_a21a_6acf98921c86-17-d8486cc9-6121-4b97-b7ff-e1b2a2a2e36c', protocol='range'}
2025-08-13 20:15:42,699 INFO  [org.apa.kaf.cli.con.int.ConsumerCoordinator] (ForkJoinPool.commonPool-worker-3) [Consumer clientId=consumer-Consumer-topic-6e27dae1_6804_4df2_a21a_6acf98921c86-17, groupId=Consumer-topic-6e27dae1_6804_4df2_a21a_6acf98921c86] Notifying assignor about the new Assignment(partitions=[topic-6e27dae1_6804_4df2_a21a_6acf98921c86-0])
2025-08-13 20:15:42,699 INFO  [org.apa.kaf.cli.con.int.ConsumerRebalanceListenerInvoker] (ForkJoinPool.commonPool-worker-3) [Consumer clientId=consumer-Consumer-topic-6e27dae1_6804_4df2_a21a_6acf98921c86-17, groupId=Consumer-topic-6e27dae1_6804_4df2_a21a_6acf98921c86] Adding newly assigned partitions: topic-6e27dae1_6804_4df2_a21a_6acf98921c86-0
2025-08-13 20:15:42,700 INFO  [org.apa.kaf.cli.con.int.ConsumerCoordinator] (ForkJoinPool.commonPool-worker-3) [Consumer clientId=consumer-Consumer-topic-6e27dae1_6804_4df2_a21a_6acf98921c86-17, groupId=Consumer-topic-6e27dae1_6804_4df2_a21a_6acf98921c86] Found no committed offset for partition topic-6e27dae1_6804_4df2_a21a_6acf98921c86-0
2025-08-13 20:15:42,704 INFO  [org.apa.kaf.cli.con.int.SubscriptionState] (ForkJoinPool.commonPool-worker-3) [Consumer clientId=consumer-Consumer-topic-6e27dae1_6804_4df2_a21a_6acf98921c86-17, groupId=Consumer-topic-6e27dae1_6804_4df2_a21a_6acf98921c86] Resetting offset for partition topic-6e27dae1_6804_4df2_a21a_6acf98921c86-0 to position FetchPosition{offset=0, offsetEpoch=Optional.empty, currentLeader=LeaderAndEpoch{leader=Optional[localhost:32769 (id: 0 rack: null)], epoch=0}}.
2025-08-13 20:15:42,781 INFO  [io.api.tes.ser.api.KafkaSerdesTester] (ForkJoinPool.commonPool-worker-3) topic-6e27dae1_6804_4df2_a21a_6acf98921c86 0 0 {"username": null}
2025-08-13 20:15:42,781 INFO  [io.api.tes.ser.api.KafkaSerdesTester] (ForkJoinPool.commonPool-worker-3) topic-6e27dae1_6804_4df2_a21a_6acf98921c86 0 1 {"username": null}
2025-08-13 20:15:42,781 INFO  [io.api.tes.ser.api.KafkaSerdesTester] (ForkJoinPool.commonPool-worker-3) topic-6e27dae1_6804_4df2_a21a_6acf98921c86 0 2 {"username": "value-2"}
2025-08-13 20:15:42,781 INFO  [io.api.tes.ser.api.KafkaSerdesTester] (ForkJoinPool.commonPool-worker-3) topic-6e27dae1_6804_4df2_a21a_6acf98921c86 0 3 {"username": null}
2025-08-13 20:15:42,782 INFO  [io.api.tes.ser.api.KafkaSerdesTester] (ForkJoinPool.commonPool-worker-3) topic-6e27dae1_6804_4df2_a21a_6acf98921c86 0 4 {"username": "value-4"}
2025-08-13 20:15:42,782 INFO  [io.api.tes.ser.api.KafkaSerdesTester] (ForkJoinPool.commonPool-worker-3) topic-6e27dae1_6804_4df2_a21a_6acf98921c86 0 5 {"username": null}
2025-08-13 20:15:42,782 INFO  [io.api.tes.ser.api.KafkaSerdesTester] (ForkJoinPool.commonPool-worker-3) topic-6e27dae1_6804_4df2_a21a_6acf98921c86 0 6 {"username": "value-6"}
2025-08-13 20:15:42,782 INFO  [io.api.tes.ser.api.KafkaSerdesTester] (ForkJoinPool.commonPool-worker-3) topic-6e27dae1_6804_4df2_a21a_6acf98921c86 0 7 {"username": null}
2025-08-13 20:15:42,782 INFO  [io.api.tes.ser.api.KafkaSerdesTester] (ForkJoinPool.commonPool-worker-3) topic-6e27dae1_6804_4df2_a21a_6acf98921c86 0 8 {"username": "value-8"}
2025-08-13 20:15:42,782 INFO  [io.api.tes.ser.api.KafkaSerdesTester] (ForkJoinPool.commonPool-worker-3) topic-6e27dae1_6804_4df2_a21a_6acf98921c86 0 9 {"username": null}
2025-08-13 20:15:42,782 INFO  [io.api.tes.ser.api.KafkaSerdesTester] (ForkJoinPool.commonPool-worker-3) Consumed 10 messages
2025-08-13 20:15:42,789 INFO  [org.apa.kaf.cli.con.int.ConsumerRebalanceListenerInvoker] (ForkJoinPool.commonPool-worker-3) [Consumer clientId=consumer-Consumer-topic-6e27dae1_6804_4df2_a21a_6acf98921c86-17, groupId=Consumer-topic-6e27dae1_6804_4df2_a21a_6acf98921c86] Revoke previously assigned partitions topic-6e27dae1_6804_4df2_a21a_6acf98921c86-0
2025-08-13 20:15:42,789 INFO  [org.apa.kaf.cli.con.int.ConsumerCoordinator] (ForkJoinPool.commonPool-worker-3) [Consumer clientId=consumer-Consumer-topic-6e27dae1_6804_4df2_a21a_6acf98921c86-17, groupId=Consumer-topic-6e27dae1_6804_4df2_a21a_6acf98921c86] Member consumer-Consumer-topic-6e27dae1_6804_4df2_a21a_6acf98921c86-17-d8486cc9-6121-4b97-b7ff-e1b2a2a2e36c sending LeaveGroup request to coordinator localhost:32769 (id: 2147483647 rack: null) due to the consumer is being closed
2025-08-13 20:15:42,789 INFO  [org.apa.kaf.cli.con.int.ConsumerCoordinator] (ForkJoinPool.commonPool-worker-3) [Consumer clientId=consumer-Consumer-topic-6e27dae1_6804_4df2_a21a_6acf98921c86-17, groupId=Consumer-topic-6e27dae1_6804_4df2_a21a_6acf98921c86] Resetting generation and member id due to: consumer pro-actively leaving the group
2025-08-13 20:15:42,789 INFO  [org.apa.kaf.cli.con.int.ConsumerCoordinator] (ForkJoinPool.commonPool-worker-3) [Consumer clientId=consumer-Consumer-topic-6e27dae1_6804_4df2_a21a_6acf98921c86-17, groupId=Consumer-topic-6e27dae1_6804_4df2_a21a_6acf98921c86] Request joining group due to: consumer pro-actively leaving the group
2025-08-13 20:15:43,283 INFO  [org.apa.kaf.com.met.Metrics] (ForkJoinPool.commonPool-worker-3) Metrics scheduler closed
2025-08-13 20:15:43,283 INFO  [org.apa.kaf.com.met.Metrics] (ForkJoinPool.commonPool-worker-3) Closing reporter org.apache.kafka.common.metrics.JmxReporter
2025-08-13 20:15:43,283 INFO  [org.apa.kaf.com.met.Metrics] (ForkJoinPool.commonPool-worker-3) Closing reporter org.apache.kafka.common.telemetry.internals.ClientTelemetryReporter
2025-08-13 20:15:43,284 INFO  [org.apa.kaf.com.met.Metrics] (ForkJoinPool.commonPool-worker-3) Metrics reporters closed
2025-08-13 20:15:43,285 INFO  [org.apa.kaf.com.uti.AppInfoParser] (ForkJoinPool.commonPool-worker-3) App info kafka.consumer for consumer-Consumer-topic-6e27dae1_6804_4df2_a21a_6acf98921c86-17 unregistered
2025-08-13 20:15:43,285 INFO  [io.api.tes.uti.TestSeparator] (main) io.apicurio.tests.serdes.apicurio.AvroSerdeIT.testFirstEmptyFieldConfusedAsMagicByte-FINISHED
2025-08-13 20:15:43,285 INFO  [io.api.tes.uti.TestSeparator] (main) ############################################################################
Test passed: testFirstEmptyFieldConfusedAsMagicByte
]]></system-out>
  </testcase>
  <testcase name="testAvroSerDesFailDifferentSchemaByContent" classname="io.apicurio.tests.serdes.apicurio.AvroSerdeIT" time="1.152">
    <system-out><![CDATA[2025-08-13 20:15:43,287 INFO  [io.api.tes.uti.TestSeparator] (main) ############################################################################
2025-08-13 20:15:43,287 INFO  [io.api.tes.uti.TestSeparator] (main) io.apicurio.tests.serdes.apicurio.AvroSerdeIT.testAvroSerDesFailDifferentSchemaByContent-STARTED
**** Registry Base URL: http://registry-app-inmemory.apps.ci419.apicurio-testing.org:80
2025-08-13 20:15:44,347 INFO  [org.apa.kaf.cli.pro.ProducerConfig] (main) ProducerConfig values: 
	acks = -1
	auto.include.jmx.reporter = true
	batch.size = 16384
	bootstrap.servers = [PLAINTEXT://localhost:32769]
	buffer.memory = 33554432
	client.dns.lookup = use_all_dns_ips
	client.id = Producer-topic-34893ed4_31d1_4237_8ef5_9c1a28b1a00a
	compression.gzip.level = -1
	compression.lz4.level = 9
	compression.type = none
	compression.zstd.level = 3
	connections.max.idle.ms = 10000
	delivery.timeout.ms = 120000
	enable.idempotence = true
	enable.metrics.push = true
	interceptor.classes = []
	key.serializer = class org.apache.kafka.common.serialization.StringSerializer
	linger.ms = 0
	max.block.ms = 60000
	max.in.flight.requests.per.connection = 5
	max.request.size = 1048576
	metadata.max.age.ms = 300000
	metadata.max.idle.ms = 300000
	metadata.recovery.strategy = none
	metric.reporters = []
	metrics.num.samples = 2
	metrics.recording.level = INFO
	metrics.sample.window.ms = 30000
	partitioner.adaptive.partitioning.enable = true
	partitioner.availability.timeout.ms = 0
	partitioner.class = null
	partitioner.ignore.keys = false
	receive.buffer.bytes = 32768
	reconnect.backoff.max.ms = 1000
	reconnect.backoff.ms = 50
	request.timeout.ms = 5000
	retries = 2147483647
	retry.backoff.max.ms = 1000
	retry.backoff.ms = 100
	sasl.client.callback.handler.class = null
	sasl.jaas.config = null
	sasl.kerberos.kinit.cmd = /usr/bin/kinit
	sasl.kerberos.min.time.before.relogin = 60000
	sasl.kerberos.service.name = null
	sasl.kerberos.ticket.renew.jitter = 0.05
	sasl.kerberos.ticket.renew.window.factor = 0.8
	sasl.login.callback.handler.class = null
	sasl.login.class = null
	sasl.login.connect.timeout.ms = null
	sasl.login.read.timeout.ms = null
	sasl.login.refresh.buffer.seconds = 300
	sasl.login.refresh.min.period.seconds = 60
	sasl.login.refresh.window.factor = 0.8
	sasl.login.refresh.window.jitter = 0.05
	sasl.login.retry.backoff.max.ms = 10000
	sasl.login.retry.backoff.ms = 100
	sasl.mechanism = GSSAPI
	sasl.oauthbearer.clock.skew.seconds = 30
	sasl.oauthbearer.expected.audience = null
	sasl.oauthbearer.expected.issuer = null
	sasl.oauthbearer.header.urlencode = false
	sasl.oauthbearer.jwks.endpoint.refresh.ms = 3600000
	sasl.oauthbearer.jwks.endpoint.retry.backoff.max.ms = 10000
	sasl.oauthbearer.jwks.endpoint.retry.backoff.ms = 100
	sasl.oauthbearer.jwks.endpoint.url = null
	sasl.oauthbearer.scope.claim.name = scope
	sasl.oauthbearer.sub.claim.name = sub
	sasl.oauthbearer.token.endpoint.url = null
	security.protocol = PLAINTEXT
	security.providers = null
	send.buffer.bytes = 131072
	socket.connection.setup.timeout.max.ms = 30000
	socket.connection.setup.timeout.ms = 10000
	ssl.cipher.suites = null
	ssl.enabled.protocols = [TLSv1.2, TLSv1.3]
	ssl.endpoint.identification.algorithm = https
	ssl.engine.factory.class = null
	ssl.key.password = null
	ssl.keymanager.algorithm = SunX509
	ssl.keystore.certificate.chain = null
	ssl.keystore.key = null
	ssl.keystore.location = null
	ssl.keystore.password = null
	ssl.keystore.type = JKS
	ssl.protocol = TLSv1.3
	ssl.provider = null
	ssl.secure.random.implementation = null
	ssl.trustmanager.algorithm = PKIX
	ssl.truststore.certificates = null
	ssl.truststore.location = null
	ssl.truststore.password = null
	ssl.truststore.type = JKS
	transaction.timeout.ms = 60000
	transactional.id = null
	value.serializer = class io.apicurio.registry.serde.avro.AvroKafkaSerializer

2025-08-13 20:15:44,347 INFO  [org.apa.kaf.com.tel.int.KafkaMetricsCollector] (main) initializing Kafka metrics collector
2025-08-13 20:15:44,350 INFO  [org.apa.kaf.cli.pro.KafkaProducer] (main) [Producer clientId=Producer-topic-34893ed4_31d1_4237_8ef5_9c1a28b1a00a] Instantiated an idempotent producer.
2025-08-13 20:15:44,351 INFO  [org.apa.kaf.cli.pro.ProducerConfig] (main) These configurations '[apicurio.registry.url, apicurio.registry.artifact-resolver-strategy]' were supplied but are not used yet.
2025-08-13 20:15:44,351 INFO  [org.apa.kaf.com.uti.AppInfoParser] (main) Kafka version: 3.9.1
2025-08-13 20:15:44,351 INFO  [org.apa.kaf.com.uti.AppInfoParser] (main) Kafka commitId: f745dfdcee2b9851
2025-08-13 20:15:44,351 INFO  [org.apa.kaf.com.uti.AppInfoParser] (main) Kafka startTimeMs: 1755116144351
2025-08-13 20:15:44,352 INFO  [io.api.tes.ser.api.KafkaSerdesTester] (ForkJoinPool.commonPool-worker-3) Sending message {"keyB": "value-0"} to topic topic-34893ed4_31d1_4237_8ef5_9c1a28b1a00a
2025-08-13 20:15:44,354 INFO  [org.apa.kaf.cli.Metadata] (kafka-producer-network-thread | Producer-topic-34893ed4_31d1_4237_8ef5_9c1a28b1a00a) [Producer clientId=Producer-topic-34893ed4_31d1_4237_8ef5_9c1a28b1a00a] Cluster ID: deU1wVjgTqiYBiPhrFjcdg
2025-08-13 20:15:44,354 INFO  [org.apa.kaf.cli.pro.int.TransactionManager] (kafka-producer-network-thread | Producer-topic-34893ed4_31d1_4237_8ef5_9c1a28b1a00a) [Producer clientId=Producer-topic-34893ed4_31d1_4237_8ef5_9c1a28b1a00a] ProducerId set to 24 with epoch 0
2025-08-13 20:15:44,354 INFO  [DefaultSchemaResolver] (ForkJoinPool.commonPool-worker-3) Retrieving schema content using string: {"type":"record","name":"s139b7fe8x7754x4554xb1f1xa5e2ea8a3e3f","namespace":"s71ac3313x5e88x400dx9ac2x4262623d04c7","fields":[{"name":"keyB","type":"string"}]}
2025-08-13 20:15:44,436 INFO  [org.apa.kaf.cli.pro.KafkaProducer] (ForkJoinPool.commonPool-worker-3) [Producer clientId=Producer-topic-34893ed4_31d1_4237_8ef5_9c1a28b1a00a] Closing the Kafka producer with timeoutMillis = 9223372036854775807 ms.
2025-08-13 20:15:44,437 INFO  [org.apa.kaf.com.met.Metrics] (ForkJoinPool.commonPool-worker-3) Metrics scheduler closed
2025-08-13 20:15:44,437 INFO  [org.apa.kaf.com.met.Metrics] (ForkJoinPool.commonPool-worker-3) Closing reporter org.apache.kafka.common.metrics.JmxReporter
2025-08-13 20:15:44,437 INFO  [org.apa.kaf.com.met.Metrics] (ForkJoinPool.commonPool-worker-3) Closing reporter org.apache.kafka.common.telemetry.internals.ClientTelemetryReporter
2025-08-13 20:15:44,437 INFO  [org.apa.kaf.com.met.Metrics] (ForkJoinPool.commonPool-worker-3) Metrics reporters closed
2025-08-13 20:15:44,437 INFO  [org.apa.kaf.com.uti.AppInfoParser] (ForkJoinPool.commonPool-worker-3) App info kafka.producer for Producer-topic-34893ed4_31d1_4237_8ef5_9c1a28b1a00a unregistered
2025-08-13 20:15:44,438 INFO  [io.api.tes.uti.TestSeparator] (main) io.apicurio.tests.serdes.apicurio.AvroSerdeIT.testAvroSerDesFailDifferentSchemaByContent-FINISHED
2025-08-13 20:15:44,438 INFO  [io.api.tes.uti.TestSeparator] (main) ############################################################################
Test passed: testAvroSerDesFailDifferentSchemaByContent
]]></system-out>
    <system-err><![CDATA[java.lang.RuntimeException: Could not resolve artifact reference by content: {"type":"record","name":"s139b7fe8x7754x4554xb1f1xa5e2ea8a3e3f","namespace":"s71ac3313x5e88x400dx9ac2x4262623d04c7","fields":[{"name":"keyB","type":"string"}]}&ArtifactReference [groupId=s71ac3313x5e88x400dx9ac2x4262623d04c7, artifactId=s139b7fe8x7754x4554xb1f1xa5e2ea8a3e3f, version=null, globalId=null, contentId=null, contentHash=null]
	at io.apicurio.registry.resolver.DefaultSchemaResolver.lambda$handleResolveSchemaByContent$3(DefaultSchemaResolver.java:265)
	at io.apicurio.registry.resolver.cache.ERCache.lambda$getValue$0(ERCache.java:174)
	at io.apicurio.registry.resolver.cache.ERCache.retry(ERCache.java:227)
	at io.apicurio.registry.resolver.cache.ERCache.getValue(ERCache.java:173)
	at io.apicurio.registry.resolver.cache.ERCache.getByContent(ERCache.java:147)
	at io.apicurio.registry.resolver.DefaultSchemaResolver.handleResolveSchemaByContent(DefaultSchemaResolver.java:253)
	at io.apicurio.registry.resolver.DefaultSchemaResolver.getSchemaFromRegistry(DefaultSchemaResolver.java:138)
	at io.apicurio.registry.resolver.DefaultSchemaResolver.lambda$resolveSchema$0(DefaultSchemaResolver.java:84)
	at java.base/java.util.Optional.orElseGet(Optional.java:364)
	at io.apicurio.registry.resolver.DefaultSchemaResolver.resolveSchema(DefaultSchemaResolver.java:84)
	at io.apicurio.registry.serde.AbstractSerializer.serializeData(AbstractSerializer.java:62)
	at io.apicurio.registry.serde.KafkaSerializer.serialize(KafkaSerializer.java:77)
	at org.apache.kafka.clients.producer.KafkaProducer.doSend(KafkaProducer.java:1046)
	at org.apache.kafka.clients.producer.KafkaProducer.send(KafkaProducer.java:993)
	at org.apache.kafka.clients.producer.KafkaProducer.send(KafkaProducer.java:875)
	at io.apicurio.tests.serdes.apicurio.KafkaSerdesTester.lambda$produceMessages$3(KafkaSerdesTester.java:138)
	at java.base/java.util.concurrent.CompletableFuture$AsyncSupply.run(CompletableFuture.java:1768)
	at java.base/java.util.concurrent.CompletableFuture$AsyncSupply.exec(CompletableFuture.java:1760)
	at java.base/java.util.concurrent.ForkJoinTask.doExec(ForkJoinTask.java:373)
	at java.base/java.util.concurrent.ForkJoinPool$WorkQueue.topLevelExec(ForkJoinPool.java:1182)
	at java.base/java.util.concurrent.ForkJoinPool.scan(ForkJoinPool.java:1655)
	at java.base/java.util.concurrent.ForkJoinPool.runWorker(ForkJoinPool.java:1622)
	at java.base/java.util.concurrent.ForkJoinWorkerThread.run(ForkJoinWorkerThread.java:165)
]]></system-err>
  </testcase>
  <testcase name="testGlobalIdInBody" classname="io.apicurio.tests.serdes.apicurio.AvroSerdeIT" time="3.852">
    <system-out><![CDATA[2025-08-13 20:15:44,439 INFO  [io.api.tes.uti.TestSeparator] (main) ############################################################################
2025-08-13 20:15:44,439 INFO  [io.api.tes.uti.TestSeparator] (main) io.apicurio.tests.serdes.apicurio.AvroSerdeIT.testGlobalIdInBody-STARTED
**** Registry Base URL: http://registry-app-inmemory.apps.ci419.apicurio-testing.org:80
2025-08-13 20:15:44,441 INFO  [org.apa.kaf.cli.pro.ProducerConfig] (main) ProducerConfig values: 
	acks = -1
	auto.include.jmx.reporter = true
	batch.size = 16384
	bootstrap.servers = [PLAINTEXT://localhost:32769]
	buffer.memory = 33554432
	client.dns.lookup = use_all_dns_ips
	client.id = Producer-topic-ff90ae5e_57d9_411e_86e4_8a15b17d47b9
	compression.gzip.level = -1
	compression.lz4.level = 9
	compression.type = none
	compression.zstd.level = 3
	connections.max.idle.ms = 10000
	delivery.timeout.ms = 120000
	enable.idempotence = true
	enable.metrics.push = true
	interceptor.classes = []
	key.serializer = class org.apache.kafka.common.serialization.StringSerializer
	linger.ms = 0
	max.block.ms = 60000
	max.in.flight.requests.per.connection = 5
	max.request.size = 1048576
	metadata.max.age.ms = 300000
	metadata.max.idle.ms = 300000
	metadata.recovery.strategy = none
	metric.reporters = []
	metrics.num.samples = 2
	metrics.recording.level = INFO
	metrics.sample.window.ms = 30000
	partitioner.adaptive.partitioning.enable = true
	partitioner.availability.timeout.ms = 0
	partitioner.class = null
	partitioner.ignore.keys = false
	receive.buffer.bytes = 32768
	reconnect.backoff.max.ms = 1000
	reconnect.backoff.ms = 50
	request.timeout.ms = 5000
	retries = 2147483647
	retry.backoff.max.ms = 1000
	retry.backoff.ms = 100
	sasl.client.callback.handler.class = null
	sasl.jaas.config = null
	sasl.kerberos.kinit.cmd = /usr/bin/kinit
	sasl.kerberos.min.time.before.relogin = 60000
	sasl.kerberos.service.name = null
	sasl.kerberos.ticket.renew.jitter = 0.05
	sasl.kerberos.ticket.renew.window.factor = 0.8
	sasl.login.callback.handler.class = null
	sasl.login.class = null
	sasl.login.connect.timeout.ms = null
	sasl.login.read.timeout.ms = null
	sasl.login.refresh.buffer.seconds = 300
	sasl.login.refresh.min.period.seconds = 60
	sasl.login.refresh.window.factor = 0.8
	sasl.login.refresh.window.jitter = 0.05
	sasl.login.retry.backoff.max.ms = 10000
	sasl.login.retry.backoff.ms = 100
	sasl.mechanism = GSSAPI
	sasl.oauthbearer.clock.skew.seconds = 30
	sasl.oauthbearer.expected.audience = null
	sasl.oauthbearer.expected.issuer = null
	sasl.oauthbearer.header.urlencode = false
	sasl.oauthbearer.jwks.endpoint.refresh.ms = 3600000
	sasl.oauthbearer.jwks.endpoint.retry.backoff.max.ms = 10000
	sasl.oauthbearer.jwks.endpoint.retry.backoff.ms = 100
	sasl.oauthbearer.jwks.endpoint.url = null
	sasl.oauthbearer.scope.claim.name = scope
	sasl.oauthbearer.sub.claim.name = sub
	sasl.oauthbearer.token.endpoint.url = null
	security.protocol = PLAINTEXT
	security.providers = null
	send.buffer.bytes = 131072
	socket.connection.setup.timeout.max.ms = 30000
	socket.connection.setup.timeout.ms = 10000
	ssl.cipher.suites = null
	ssl.enabled.protocols = [TLSv1.2, TLSv1.3]
	ssl.endpoint.identification.algorithm = https
	ssl.engine.factory.class = null
	ssl.key.password = null
	ssl.keymanager.algorithm = SunX509
	ssl.keystore.certificate.chain = null
	ssl.keystore.key = null
	ssl.keystore.location = null
	ssl.keystore.password = null
	ssl.keystore.type = JKS
	ssl.protocol = TLSv1.3
	ssl.provider = null
	ssl.secure.random.implementation = null
	ssl.trustmanager.algorithm = PKIX
	ssl.truststore.certificates = null
	ssl.truststore.location = null
	ssl.truststore.password = null
	ssl.truststore.type = JKS
	transaction.timeout.ms = 60000
	transactional.id = null
	value.serializer = class io.apicurio.registry.serde.avro.AvroKafkaSerializer

2025-08-13 20:15:44,443 INFO  [org.apa.kaf.com.tel.int.KafkaMetricsCollector] (main) initializing Kafka metrics collector
2025-08-13 20:15:44,446 INFO  [org.apa.kaf.cli.pro.KafkaProducer] (main) [Producer clientId=Producer-topic-ff90ae5e_57d9_411e_86e4_8a15b17d47b9] Instantiated an idempotent producer.
2025-08-13 20:15:44,447 INFO  [org.apa.kaf.cli.pro.ProducerConfig] (main) These configurations '[apicurio.registry.url, apicurio.registry.auto-register, apicurio.registry.use-id, apicurio.registry.artifact-resolver-strategy]' were supplied but are not used yet.
2025-08-13 20:15:44,447 INFO  [org.apa.kaf.com.uti.AppInfoParser] (main) Kafka version: 3.9.1
2025-08-13 20:15:44,447 INFO  [org.apa.kaf.com.uti.AppInfoParser] (main) Kafka commitId: f745dfdcee2b9851
2025-08-13 20:15:44,447 INFO  [org.apa.kaf.com.uti.AppInfoParser] (main) Kafka startTimeMs: 1755116144447
2025-08-13 20:15:44,448 INFO  [io.api.tes.ser.api.SimpleSerdesTesterBuilder$SimpleSerdesTester] (main) Using producer configuration: {apicurio.registry.url=http://registry-app-inmemory.apps.ci419.apicurio-testing.org:80/apis/registry/v3, apicurio.registry.auto-register=true, apicurio.registry.use-id=globalId, apicurio.registry.artifact-resolver-strategy=io.apicurio.registry.serde.strategy.TopicIdStrategy, value.serializer=io.apicurio.registry.serde.avro.AvroKafkaSerializer, request.timeout.ms=5000, acks=all, bootstrap.servers=PLAINTEXT://localhost:32769, connections.max.idle.ms=10000, key.serializer=org.apache.kafka.common.serialization.StringSerializer, client.id=Producer-topic-ff90ae5e_57d9_411e_86e4_8a15b17d47b9}
2025-08-13 20:15:44,448 INFO  [io.api.tes.ser.api.SimpleSerdesTesterBuilder$SimpleSerdesTester] (main) Using consumer configuration: {apicurio.registry.use-id=globalId}
2025-08-13 20:15:44,448 INFO  [io.api.tes.ser.api.KafkaSerdesTester] (ForkJoinPool.commonPool-worker-3) Sending message {"key11755116144440": "value-0"} to topic topic-ff90ae5e_57d9_411e_86e4_8a15b17d47b9
2025-08-13 20:15:44,451 WARN  [org.apa.kaf.cli.NetworkClient] (kafka-producer-network-thread | Producer-topic-ff90ae5e_57d9_411e_86e4_8a15b17d47b9) [Producer clientId=Producer-topic-ff90ae5e_57d9_411e_86e4_8a15b17d47b9] The metadata response from the cluster reported a recoverable issue with correlation id 1 : {topic-ff90ae5e_57d9_411e_86e4_8a15b17d47b9=UNKNOWN_TOPIC_OR_PARTITION}
2025-08-13 20:15:44,451 INFO  [org.apa.kaf.cli.Metadata] (kafka-producer-network-thread | Producer-topic-ff90ae5e_57d9_411e_86e4_8a15b17d47b9) [Producer clientId=Producer-topic-ff90ae5e_57d9_411e_86e4_8a15b17d47b9] Cluster ID: deU1wVjgTqiYBiPhrFjcdg
2025-08-13 20:15:44,451 INFO  [org.apa.kaf.cli.pro.int.TransactionManager] (kafka-producer-network-thread | Producer-topic-ff90ae5e_57d9_411e_86e4_8a15b17d47b9) [Producer clientId=Producer-topic-ff90ae5e_57d9_411e_86e4_8a15b17d47b9] ProducerId set to 25 with epoch 0
2025-08-13 20:15:44,624 INFO  [io.api.tes.ser.api.KafkaSerdesTester] (ForkJoinPool.commonPool-worker-3) Sending message {"key11755116144440": "value-1"} to topic topic-ff90ae5e_57d9_411e_86e4_8a15b17d47b9
2025-08-13 20:15:44,625 INFO  [io.api.tes.ser.api.KafkaSerdesTester] (ForkJoinPool.commonPool-worker-3) Sending message {"key11755116144440": "value-2"} to topic topic-ff90ae5e_57d9_411e_86e4_8a15b17d47b9
2025-08-13 20:15:44,626 INFO  [io.api.tes.ser.api.KafkaSerdesTester] (ForkJoinPool.commonPool-worker-3) Sending message {"key11755116144440": "value-3"} to topic topic-ff90ae5e_57d9_411e_86e4_8a15b17d47b9
2025-08-13 20:15:44,628 INFO  [io.api.tes.ser.api.KafkaSerdesTester] (ForkJoinPool.commonPool-worker-3) Sending message {"key11755116144440": "value-4"} to topic topic-ff90ae5e_57d9_411e_86e4_8a15b17d47b9
2025-08-13 20:15:44,629 INFO  [io.api.tes.ser.api.KafkaSerdesTester] (ForkJoinPool.commonPool-worker-3) Sending message {"key11755116144440": "value-5"} to topic topic-ff90ae5e_57d9_411e_86e4_8a15b17d47b9
2025-08-13 20:15:44,631 INFO  [io.api.tes.ser.api.KafkaSerdesTester] (ForkJoinPool.commonPool-worker-3) Sending message {"key11755116144440": "value-6"} to topic topic-ff90ae5e_57d9_411e_86e4_8a15b17d47b9
2025-08-13 20:15:44,632 INFO  [io.api.tes.ser.api.KafkaSerdesTester] (ForkJoinPool.commonPool-worker-3) Sending message {"key11755116144440": "value-7"} to topic topic-ff90ae5e_57d9_411e_86e4_8a15b17d47b9
2025-08-13 20:15:44,633 INFO  [io.api.tes.ser.api.KafkaSerdesTester] (ForkJoinPool.commonPool-worker-3) Sending message {"key11755116144440": "value-8"} to topic topic-ff90ae5e_57d9_411e_86e4_8a15b17d47b9
2025-08-13 20:15:44,635 INFO  [io.api.tes.ser.api.KafkaSerdesTester] (ForkJoinPool.commonPool-worker-3) Sending message {"key11755116144440": "value-9"} to topic topic-ff90ae5e_57d9_411e_86e4_8a15b17d47b9
2025-08-13 20:15:44,636 INFO  [io.api.tes.ser.api.KafkaSerdesTester] (ForkJoinPool.commonPool-worker-3) Produced 10 messages
2025-08-13 20:15:44,636 INFO  [org.apa.kaf.cli.pro.KafkaProducer] (ForkJoinPool.commonPool-worker-3) [Producer clientId=Producer-topic-ff90ae5e_57d9_411e_86e4_8a15b17d47b9] Closing the Kafka producer with timeoutMillis = 9223372036854775807 ms.
2025-08-13 20:15:44,637 INFO  [org.apa.kaf.com.met.Metrics] (ForkJoinPool.commonPool-worker-3) Metrics scheduler closed
2025-08-13 20:15:44,637 INFO  [org.apa.kaf.com.met.Metrics] (ForkJoinPool.commonPool-worker-3) Closing reporter org.apache.kafka.common.metrics.JmxReporter
2025-08-13 20:15:44,637 INFO  [org.apa.kaf.com.met.Metrics] (ForkJoinPool.commonPool-worker-3) Closing reporter org.apache.kafka.common.telemetry.internals.ClientTelemetryReporter
2025-08-13 20:15:44,637 INFO  [org.apa.kaf.com.met.Metrics] (ForkJoinPool.commonPool-worker-3) Metrics reporters closed
2025-08-13 20:15:44,638 INFO  [org.apa.kaf.com.uti.AppInfoParser] (ForkJoinPool.commonPool-worker-3) App info kafka.producer for Producer-topic-ff90ae5e_57d9_411e_86e4_8a15b17d47b9 unregistered
**** Registry Base URL: http://registry-app-inmemory.apps.ci419.apicurio-testing.org:80
2025-08-13 20:15:44,688 INFO  [org.apa.kaf.cli.con.ConsumerConfig] (main) ConsumerConfig values: 
	allow.auto.create.topics = true
	auto.commit.interval.ms = 500
	auto.include.jmx.reporter = true
	auto.offset.reset = earliest
	bootstrap.servers = [PLAINTEXT://localhost:32769]
	check.crcs = true
	client.dns.lookup = use_all_dns_ips
	client.id = consumer-Consumer-topic-ff90ae5e_57d9_411e_86e4_8a15b17d47b9-18
	client.rack = 
	connections.max.idle.ms = 10000
	default.api.timeout.ms = 60000
	enable.auto.commit = true
	enable.metrics.push = true
	exclude.internal.topics = true
	fetch.max.bytes = 52428800
	fetch.max.wait.ms = 500
	fetch.min.bytes = 1
	group.id = Consumer-topic-ff90ae5e_57d9_411e_86e4_8a15b17d47b9
	group.instance.id = null
	group.protocol = classic
	group.remote.assignor = null
	heartbeat.interval.ms = 3000
	interceptor.classes = []
	internal.leave.group.on.close = true
	internal.throw.on.fetch.stable.offset.unsupported = false
	isolation.level = read_uncommitted
	key.deserializer = class org.apache.kafka.common.serialization.StringDeserializer
	max.partition.fetch.bytes = 1048576
	max.poll.interval.ms = 300000
	max.poll.records = 500
	metadata.max.age.ms = 300000
	metadata.recovery.strategy = none
	metric.reporters = []
	metrics.num.samples = 2
	metrics.recording.level = INFO
	metrics.sample.window.ms = 30000
	partition.assignment.strategy = [class org.apache.kafka.clients.consumer.RangeAssignor, class org.apache.kafka.clients.consumer.CooperativeStickyAssignor]
	receive.buffer.bytes = 65536
	reconnect.backoff.max.ms = 1000
	reconnect.backoff.ms = 50
	request.timeout.ms = 5000
	retry.backoff.max.ms = 1000
	retry.backoff.ms = 100
	sasl.client.callback.handler.class = null
	sasl.jaas.config = null
	sasl.kerberos.kinit.cmd = /usr/bin/kinit
	sasl.kerberos.min.time.before.relogin = 60000
	sasl.kerberos.service.name = null
	sasl.kerberos.ticket.renew.jitter = 0.05
	sasl.kerberos.ticket.renew.window.factor = 0.8
	sasl.login.callback.handler.class = null
	sasl.login.class = null
	sasl.login.connect.timeout.ms = null
	sasl.login.read.timeout.ms = null
	sasl.login.refresh.buffer.seconds = 300
	sasl.login.refresh.min.period.seconds = 60
	sasl.login.refresh.window.factor = 0.8
	sasl.login.refresh.window.jitter = 0.05
	sasl.login.retry.backoff.max.ms = 10000
	sasl.login.retry.backoff.ms = 100
	sasl.mechanism = GSSAPI
	sasl.oauthbearer.clock.skew.seconds = 30
	sasl.oauthbearer.expected.audience = null
	sasl.oauthbearer.expected.issuer = null
	sasl.oauthbearer.header.urlencode = false
	sasl.oauthbearer.jwks.endpoint.refresh.ms = 3600000
	sasl.oauthbearer.jwks.endpoint.retry.backoff.max.ms = 10000
	sasl.oauthbearer.jwks.endpoint.retry.backoff.ms = 100
	sasl.oauthbearer.jwks.endpoint.url = null
	sasl.oauthbearer.scope.claim.name = scope
	sasl.oauthbearer.sub.claim.name = sub
	sasl.oauthbearer.token.endpoint.url = null
	security.protocol = PLAINTEXT
	security.providers = null
	send.buffer.bytes = 131072
	session.timeout.ms = 45000
	socket.connection.setup.timeout.max.ms = 30000
	socket.connection.setup.timeout.ms = 10000
	ssl.cipher.suites = null
	ssl.enabled.protocols = [TLSv1.2, TLSv1.3]
	ssl.endpoint.identification.algorithm = https
	ssl.engine.factory.class = null
	ssl.key.password = null
	ssl.keymanager.algorithm = SunX509
	ssl.keystore.certificate.chain = null
	ssl.keystore.key = null
	ssl.keystore.location = null
	ssl.keystore.password = null
	ssl.keystore.type = JKS
	ssl.protocol = TLSv1.3
	ssl.provider = null
	ssl.secure.random.implementation = null
	ssl.trustmanager.algorithm = PKIX
	ssl.truststore.certificates = null
	ssl.truststore.location = null
	ssl.truststore.password = null
	ssl.truststore.type = JKS
	value.deserializer = class io.apicurio.registry.serde.avro.AvroKafkaDeserializer

2025-08-13 20:15:44,688 INFO  [org.apa.kaf.com.tel.int.KafkaMetricsCollector] (main) initializing Kafka metrics collector
2025-08-13 20:15:44,692 INFO  [org.apa.kaf.cli.con.ConsumerConfig] (main) These configurations '[apicurio.registry.url, apicurio.registry.use-id]' were supplied but are not used yet.
2025-08-13 20:15:44,692 INFO  [org.apa.kaf.com.uti.AppInfoParser] (main) Kafka version: 3.9.1
2025-08-13 20:15:44,693 INFO  [org.apa.kaf.com.uti.AppInfoParser] (main) Kafka commitId: f745dfdcee2b9851
2025-08-13 20:15:44,693 INFO  [org.apa.kaf.com.uti.AppInfoParser] (main) Kafka startTimeMs: 1755116144692
2025-08-13 20:15:44,693 INFO  [org.apa.kaf.cli.con.int.ClassicKafkaConsumer] (ForkJoinPool.commonPool-worker-3) [Consumer clientId=consumer-Consumer-topic-ff90ae5e_57d9_411e_86e4_8a15b17d47b9-18, groupId=Consumer-topic-ff90ae5e_57d9_411e_86e4_8a15b17d47b9] Subscribed to topic(s): topic-ff90ae5e_57d9_411e_86e4_8a15b17d47b9
2025-08-13 20:15:44,696 INFO  [org.apa.kaf.cli.Metadata] (ForkJoinPool.commonPool-worker-3) [Consumer clientId=consumer-Consumer-topic-ff90ae5e_57d9_411e_86e4_8a15b17d47b9-18, groupId=Consumer-topic-ff90ae5e_57d9_411e_86e4_8a15b17d47b9] Cluster ID: deU1wVjgTqiYBiPhrFjcdg
2025-08-13 20:15:44,696 INFO  [org.apa.kaf.cli.con.int.ConsumerCoordinator] (ForkJoinPool.commonPool-worker-3) [Consumer clientId=consumer-Consumer-topic-ff90ae5e_57d9_411e_86e4_8a15b17d47b9-18, groupId=Consumer-topic-ff90ae5e_57d9_411e_86e4_8a15b17d47b9] Discovered group coordinator localhost:32769 (id: 2147483647 rack: null)
2025-08-13 20:15:44,697 INFO  [org.apa.kaf.cli.con.int.ConsumerCoordinator] (ForkJoinPool.commonPool-worker-3) [Consumer clientId=consumer-Consumer-topic-ff90ae5e_57d9_411e_86e4_8a15b17d47b9-18, groupId=Consumer-topic-ff90ae5e_57d9_411e_86e4_8a15b17d47b9] (Re-)joining group
2025-08-13 20:15:44,700 INFO  [org.apa.kaf.cli.con.int.ConsumerCoordinator] (ForkJoinPool.commonPool-worker-3) [Consumer clientId=consumer-Consumer-topic-ff90ae5e_57d9_411e_86e4_8a15b17d47b9-18, groupId=Consumer-topic-ff90ae5e_57d9_411e_86e4_8a15b17d47b9] Request joining group due to: need to re-join with the given member-id: consumer-Consumer-topic-ff90ae5e_57d9_411e_86e4_8a15b17d47b9-18-a90b9a2f-4d8c-4642-8cd9-f79f59a0e84e
2025-08-13 20:15:44,700 INFO  [org.apa.kaf.cli.con.int.ConsumerCoordinator] (ForkJoinPool.commonPool-worker-3) [Consumer clientId=consumer-Consumer-topic-ff90ae5e_57d9_411e_86e4_8a15b17d47b9-18, groupId=Consumer-topic-ff90ae5e_57d9_411e_86e4_8a15b17d47b9] (Re-)joining group
2025-08-13 20:15:45,694 INFO  [io.api.tes.ser.api.KafkaSerdesTester] (ForkJoinPool.commonPool-worker-3) None found
2025-08-13 20:15:46,694 INFO  [io.api.tes.ser.api.KafkaSerdesTester] (ForkJoinPool.commonPool-worker-3) None found
2025-08-13 20:15:47,695 INFO  [io.api.tes.ser.api.KafkaSerdesTester] (ForkJoinPool.commonPool-worker-3) None found
2025-08-13 20:15:47,701 INFO  [org.apa.kaf.cli.con.int.ConsumerCoordinator] (ForkJoinPool.commonPool-worker-3) [Consumer clientId=consumer-Consumer-topic-ff90ae5e_57d9_411e_86e4_8a15b17d47b9-18, groupId=Consumer-topic-ff90ae5e_57d9_411e_86e4_8a15b17d47b9] Successfully joined group with generation Generation{generationId=1, memberId='consumer-Consumer-topic-ff90ae5e_57d9_411e_86e4_8a15b17d47b9-18-a90b9a2f-4d8c-4642-8cd9-f79f59a0e84e', protocol='range'}
2025-08-13 20:15:47,701 INFO  [org.apa.kaf.cli.con.int.ConsumerCoordinator] (ForkJoinPool.commonPool-worker-3) [Consumer clientId=consumer-Consumer-topic-ff90ae5e_57d9_411e_86e4_8a15b17d47b9-18, groupId=Consumer-topic-ff90ae5e_57d9_411e_86e4_8a15b17d47b9] Finished assignment for group at generation 1: {consumer-Consumer-topic-ff90ae5e_57d9_411e_86e4_8a15b17d47b9-18-a90b9a2f-4d8c-4642-8cd9-f79f59a0e84e=Assignment(partitions=[topic-ff90ae5e_57d9_411e_86e4_8a15b17d47b9-0])}
2025-08-13 20:15:47,708 INFO  [org.apa.kaf.cli.con.int.ConsumerCoordinator] (ForkJoinPool.commonPool-worker-3) [Consumer clientId=consumer-Consumer-topic-ff90ae5e_57d9_411e_86e4_8a15b17d47b9-18, groupId=Consumer-topic-ff90ae5e_57d9_411e_86e4_8a15b17d47b9] Successfully synced group in generation Generation{generationId=1, memberId='consumer-Consumer-topic-ff90ae5e_57d9_411e_86e4_8a15b17d47b9-18-a90b9a2f-4d8c-4642-8cd9-f79f59a0e84e', protocol='range'}
2025-08-13 20:15:47,708 INFO  [org.apa.kaf.cli.con.int.ConsumerCoordinator] (ForkJoinPool.commonPool-worker-3) [Consumer clientId=consumer-Consumer-topic-ff90ae5e_57d9_411e_86e4_8a15b17d47b9-18, groupId=Consumer-topic-ff90ae5e_57d9_411e_86e4_8a15b17d47b9] Notifying assignor about the new Assignment(partitions=[topic-ff90ae5e_57d9_411e_86e4_8a15b17d47b9-0])
2025-08-13 20:15:47,708 INFO  [org.apa.kaf.cli.con.int.ConsumerRebalanceListenerInvoker] (ForkJoinPool.commonPool-worker-3) [Consumer clientId=consumer-Consumer-topic-ff90ae5e_57d9_411e_86e4_8a15b17d47b9-18, groupId=Consumer-topic-ff90ae5e_57d9_411e_86e4_8a15b17d47b9] Adding newly assigned partitions: topic-ff90ae5e_57d9_411e_86e4_8a15b17d47b9-0
2025-08-13 20:15:47,709 INFO  [org.apa.kaf.cli.con.int.ConsumerCoordinator] (ForkJoinPool.commonPool-worker-3) [Consumer clientId=consumer-Consumer-topic-ff90ae5e_57d9_411e_86e4_8a15b17d47b9-18, groupId=Consumer-topic-ff90ae5e_57d9_411e_86e4_8a15b17d47b9] Found no committed offset for partition topic-ff90ae5e_57d9_411e_86e4_8a15b17d47b9-0
2025-08-13 20:15:47,711 INFO  [org.apa.kaf.cli.con.int.SubscriptionState] (ForkJoinPool.commonPool-worker-3) [Consumer clientId=consumer-Consumer-topic-ff90ae5e_57d9_411e_86e4_8a15b17d47b9-18, groupId=Consumer-topic-ff90ae5e_57d9_411e_86e4_8a15b17d47b9] Resetting offset for partition topic-ff90ae5e_57d9_411e_86e4_8a15b17d47b9-0 to position FetchPosition{offset=0, offsetEpoch=Optional.empty, currentLeader=LeaderAndEpoch{leader=Optional[localhost:32769 (id: 0 rack: null)], epoch=0}}.
2025-08-13 20:15:47,786 INFO  [io.api.tes.ser.api.KafkaSerdesTester] (ForkJoinPool.commonPool-worker-3) topic-ff90ae5e_57d9_411e_86e4_8a15b17d47b9 0 0 {"key11755116144440": "value-0"}
2025-08-13 20:15:47,786 INFO  [io.api.tes.ser.api.KafkaSerdesTester] (ForkJoinPool.commonPool-worker-3) topic-ff90ae5e_57d9_411e_86e4_8a15b17d47b9 0 1 {"key11755116144440": "value-1"}
2025-08-13 20:15:47,786 INFO  [io.api.tes.ser.api.KafkaSerdesTester] (ForkJoinPool.commonPool-worker-3) topic-ff90ae5e_57d9_411e_86e4_8a15b17d47b9 0 2 {"key11755116144440": "value-2"}
2025-08-13 20:15:47,786 INFO  [io.api.tes.ser.api.KafkaSerdesTester] (ForkJoinPool.commonPool-worker-3) topic-ff90ae5e_57d9_411e_86e4_8a15b17d47b9 0 3 {"key11755116144440": "value-3"}
2025-08-13 20:15:47,786 INFO  [io.api.tes.ser.api.KafkaSerdesTester] (ForkJoinPool.commonPool-worker-3) topic-ff90ae5e_57d9_411e_86e4_8a15b17d47b9 0 4 {"key11755116144440": "value-4"}
2025-08-13 20:15:47,786 INFO  [io.api.tes.ser.api.KafkaSerdesTester] (ForkJoinPool.commonPool-worker-3) topic-ff90ae5e_57d9_411e_86e4_8a15b17d47b9 0 5 {"key11755116144440": "value-5"}
2025-08-13 20:15:47,786 INFO  [io.api.tes.ser.api.KafkaSerdesTester] (ForkJoinPool.commonPool-worker-3) topic-ff90ae5e_57d9_411e_86e4_8a15b17d47b9 0 6 {"key11755116144440": "value-6"}
2025-08-13 20:15:47,786 INFO  [io.api.tes.ser.api.KafkaSerdesTester] (ForkJoinPool.commonPool-worker-3) topic-ff90ae5e_57d9_411e_86e4_8a15b17d47b9 0 7 {"key11755116144440": "value-7"}
2025-08-13 20:15:47,786 INFO  [io.api.tes.ser.api.KafkaSerdesTester] (ForkJoinPool.commonPool-worker-3) topic-ff90ae5e_57d9_411e_86e4_8a15b17d47b9 0 8 {"key11755116144440": "value-8"}
2025-08-13 20:15:47,786 INFO  [io.api.tes.ser.api.KafkaSerdesTester] (ForkJoinPool.commonPool-worker-3) topic-ff90ae5e_57d9_411e_86e4_8a15b17d47b9 0 9 {"key11755116144440": "value-9"}
2025-08-13 20:15:47,786 INFO  [io.api.tes.ser.api.KafkaSerdesTester] (ForkJoinPool.commonPool-worker-3) Consumed 10 messages
2025-08-13 20:15:47,793 INFO  [org.apa.kaf.cli.con.int.ConsumerRebalanceListenerInvoker] (ForkJoinPool.commonPool-worker-3) [Consumer clientId=consumer-Consumer-topic-ff90ae5e_57d9_411e_86e4_8a15b17d47b9-18, groupId=Consumer-topic-ff90ae5e_57d9_411e_86e4_8a15b17d47b9] Revoke previously assigned partitions topic-ff90ae5e_57d9_411e_86e4_8a15b17d47b9-0
2025-08-13 20:15:47,793 INFO  [org.apa.kaf.cli.con.int.ConsumerCoordinator] (ForkJoinPool.commonPool-worker-3) [Consumer clientId=consumer-Consumer-topic-ff90ae5e_57d9_411e_86e4_8a15b17d47b9-18, groupId=Consumer-topic-ff90ae5e_57d9_411e_86e4_8a15b17d47b9] Member consumer-Consumer-topic-ff90ae5e_57d9_411e_86e4_8a15b17d47b9-18-a90b9a2f-4d8c-4642-8cd9-f79f59a0e84e sending LeaveGroup request to coordinator localhost:32769 (id: 2147483647 rack: null) due to the consumer is being closed
2025-08-13 20:15:47,794 INFO  [org.apa.kaf.cli.con.int.ConsumerCoordinator] (ForkJoinPool.commonPool-worker-3) [Consumer clientId=consumer-Consumer-topic-ff90ae5e_57d9_411e_86e4_8a15b17d47b9-18, groupId=Consumer-topic-ff90ae5e_57d9_411e_86e4_8a15b17d47b9] Resetting generation and member id due to: consumer pro-actively leaving the group
2025-08-13 20:15:47,794 INFO  [org.apa.kaf.cli.con.int.ConsumerCoordinator] (ForkJoinPool.commonPool-worker-3) [Consumer clientId=consumer-Consumer-topic-ff90ae5e_57d9_411e_86e4_8a15b17d47b9-18, groupId=Consumer-topic-ff90ae5e_57d9_411e_86e4_8a15b17d47b9] Request joining group due to: consumer pro-actively leaving the group
2025-08-13 20:15:48,289 INFO  [org.apa.kaf.com.met.Metrics] (ForkJoinPool.commonPool-worker-3) Metrics scheduler closed
2025-08-13 20:15:48,289 INFO  [org.apa.kaf.com.met.Metrics] (ForkJoinPool.commonPool-worker-3) Closing reporter org.apache.kafka.common.metrics.JmxReporter
2025-08-13 20:15:48,289 INFO  [org.apa.kaf.com.met.Metrics] (ForkJoinPool.commonPool-worker-3) Closing reporter org.apache.kafka.common.telemetry.internals.ClientTelemetryReporter
2025-08-13 20:15:48,289 INFO  [org.apa.kaf.com.met.Metrics] (ForkJoinPool.commonPool-worker-3) Metrics reporters closed
2025-08-13 20:15:48,290 INFO  [org.apa.kaf.com.uti.AppInfoParser] (ForkJoinPool.commonPool-worker-3) App info kafka.consumer for consumer-Consumer-topic-ff90ae5e_57d9_411e_86e4_8a15b17d47b9-18 unregistered
2025-08-13 20:15:48,291 INFO  [io.api.tes.uti.TestSeparator] (main) io.apicurio.tests.serdes.apicurio.AvroSerdeIT.testGlobalIdInBody-FINISHED
2025-08-13 20:15:48,291 INFO  [io.api.tes.uti.TestSeparator] (main) ############################################################################
Test passed: testGlobalIdInBody
]]></system-out>
  </testcase>
  <testcase name="testProducerUsesGlobalIdConsumerUsesDefault" classname="io.apicurio.tests.serdes.apicurio.AvroSerdeIT" time="0.0">
    <skipped message="void io.apicurio.tests.serdes.apicurio.AvroSerdeIT.testProducerUsesGlobalIdConsumerUsesDefault() throws java.lang.Exception is @Disabled"/>
  </testcase>
</testsuite>