<?xml version="1.0" encoding="UTF-8"?>
<testsuite xmlns:xsi="http://www.w3.org/2001/XMLSchema-instance" xsi:noNamespaceSchemaLocation="https://maven.apache.org/surefire/maven-failsafe-plugin/xsd/failsafe-test-report.xsd" version="3.0.2" name="io.apicurio.tests.serdes.apicurio.AvroSerdeIT" time="119.594" tests="21" errors="0" skipped="2" failures="0">
  <properties>
    <property name="java.specification.version" value="17"/>
    <property name="sun.jnu.encoding" value="UTF-8"/>
    <property name="java.class.path" value="/home/runner/work/apicurio-testing/apicurio-testing/clusters/ci419/namespaces/ksql043/tests/integration/apicurio-registry/integration-tests/target/test-classes:/home/runner/work/apicurio-testing/apicurio-testing/clusters/ci419/namespaces/ksql043/tests/integration/apicurio-registry/integration-tests/target/apicurio-registry-integration-tests-3.0.12-SNAPSHOT.jar:/home/runner/.m2/repository/io/quarkus/quarkus-junit5/3.20.2/quarkus-junit5-3.20.2.jar:/home/runner/.m2/repository/io/quarkus/quarkus-bootstrap-core/3.20.2/quarkus-bootstrap-core-3.20.2.jar:/home/runner/.m2/repository/io/quarkus/quarkus-classloader-commons/3.20.2/quarkus-classloader-commons-3.20.2.jar:/home/runner/.m2/repository/io/quarkus/quarkus-bootstrap-app-model/3.20.2/quarkus-bootstrap-app-model-3.20.2.jar:/home/runner/.m2/repository/io/smallrye/common/smallrye-common-io/2.12.0/smallrye-common-io-2.12.0.jar:/home/runner/.m2/repository/org/eclipse/sisu/org.eclipse.sisu.inject/0.9.0.M3/org.eclipse.sisu.inject-0.9.0.M3.jar:/home/runner/.m2/repository/io/quarkus/quarkus-test-common/3.20.2/quarkus-test-common-3.20.2.jar:/home/runner/.m2/repository/io/quarkus/quarkus-core-deployment/3.20.2/quarkus-core-deployment-3.20.2.jar:/home/runner/.m2/repository/org/aesh/readline/2.6/readline-2.6.jar:/home/runner/.m2/repository/org/fusesource/jansi/jansi/2.4.0/jansi-2.4.0.jar:/home/runner/.m2/repository/org/aesh/aesh/2.8.2/aesh-2.8.2.jar:/home/runner/.m2/repository/io/quarkus/gizmo/gizmo/1.8.0/gizmo-1.8.0.jar:/home/runner/.m2/repository/org/ow2/asm/asm-util/9.7.1/asm-util-9.7.1.jar:/home/runner/.m2/repository/org/ow2/asm/asm-analysis/9.7.1/asm-analysis-9.7.1.jar:/home/runner/.m2/repository/org/ow2/asm/asm-commons/9.7.1/asm-commons-9.7.1.jar:/home/runner/.m2/repository/org/ow2/asm/asm-tree/9.7.1/asm-tree-9.7.1.jar:/home/runner/.m2/repository/io/quarkus/quarkus-hibernate-validator-spi/3.20.2/quarkus-hibernate-validator-spi-3.20.2.jar:/home/runner/.m2/repository/io/quarkus/quarkus-class-change-agent/3.20.2/quarkus-class-change-agent-3.20.2.jar:/home/runner/.m2/repository/io/quarkus/quarkus-devtools-utilities/3.20.2/quarkus-devtools-utilities-3.20.2.jar:/home/runner/.m2/repository/io/quarkus/quarkus-builder/3.20.2/quarkus-builder-3.20.2.jar:/home/runner/.m2/repository/org/graalvm/sdk/nativeimage/23.1.2/nativeimage-23.1.2.jar:/home/runner/.m2/repository/org/graalvm/sdk/word/23.1.2/word-23.1.2.jar:/home/runner/.m2/repository/io/quarkus/quarkus-bootstrap-maven-resolver/3.20.2/quarkus-bootstrap-maven-resolver-3.20.2.jar:/home/runner/.m2/repository/io/smallrye/beanbag/smallrye-beanbag-maven/1.5.2/smallrye-beanbag-maven-1.5.2.jar:/home/runner/.m2/repository/io/smallrye/beanbag/smallrye-beanbag-sisu/1.5.2/smallrye-beanbag-sisu-1.5.2.jar:/home/runner/.m2/repository/io/smallrye/beanbag/smallrye-beanbag/1.5.2/smallrye-beanbag-1.5.2.jar:/home/runner/.m2/repository/javax/inject/javax.inject/1/javax.inject-1.jar:/home/runner/.m2/repository/org/apache/maven/maven-artifact/3.9.9/maven-artifact-3.9.9.jar:/home/runner/.m2/repository/org/apache/maven/maven-builder-support/3.9.9/maven-builder-support-3.9.9.jar:/home/runner/.m2/repository/org/apache/maven/maven-model/3.9.9/maven-model-3.9.9.jar:/home/runner/.m2/repository/org/apache/maven/maven-model-builder/3.9.9/maven-model-builder-3.9.9.jar:/home/runner/.m2/repository/org/apache/maven/maven-repository-metadata/3.9.9/maven-repository-metadata-3.9.9.jar:/home/runner/.m2/repository/org/apache/maven/maven-settings/3.9.9/maven-settings-3.9.9.jar:/home/runner/.m2/repository/org/apache/maven/resolver/maven-resolver-api/1.9.22/maven-resolver-api-1.9.22.jar:/home/runner/.m2/repository/org/apache/maven/resolver/maven-resolver-impl/1.9.22/maven-resolver-impl-1.9.22.jar:/home/runner/.m2/repository/org/apache/maven/resolver/maven-resolver-named-locks/1.9.22/maven-resolver-named-locks-1.9.22.jar:/home/runner/.m2/repository/org/apache/maven/resolver/maven-resolver-spi/1.9.22/maven-resolver-spi-1.9.22.jar:/home/runner/.m2/repository/org/apache/maven/resolver/maven-resolver-util/1.9.22/maven-resolver-util-1.9.22.jar:/home/runner/.m2/repository/org/apache/maven/resolver/maven-resolver-transport-http/1.9.20/maven-resolver-transport-http-1.9.20.jar:/home/runner/.m2/repository/org/apache/maven/wagon/wagon-provider-api/3.5.3/wagon-provider-api-3.5.3.jar:/home/runner/.m2/repository/org/apache/maven/wagon/wagon-http-shared/3.5.3/wagon-http-shared-3.5.3.jar:/home/runner/.m2/repository/org/codehaus/plexus/plexus-interpolation/1.26/plexus-interpolation-1.26.jar:/home/runner/.m2/repository/org/codehaus/plexus/plexus-utils/3.5.1/plexus-utils-3.5.1.jar:/home/runner/.m2/repository/org/codehaus/plexus/plexus-xml/4.0.1/plexus-xml-4.0.1.jar:/home/runner/.m2/repository/org/apache/maven/maven-xml-impl/4.0.0-alpha-5/maven-xml-impl-4.0.0-alpha-5.jar:/home/runner/.m2/repository/org/apache/maven/maven-api-xml/4.0.0-alpha-5/maven-api-xml-4.0.0-alpha-5.jar:/home/runner/.m2/repository/org/apache/maven/maven-api-meta/4.0.0-alpha-5/maven-api-meta-4.0.0-alpha-5.jar:/home/runner/.m2/repository/org/codehaus/plexus/plexus-cipher/2.0/plexus-cipher-2.0.jar:/home/runner/.m2/repository/org/codehaus/plexus/plexus-sec-dispatcher/2.0/plexus-sec-dispatcher-2.0.jar:/home/runner/.m2/repository/org/apache/maven/maven-embedder/3.9.9/maven-embedder-3.9.9.jar:/home/runner/.m2/repository/org/apache/maven/maven-core/3.9.9/maven-core-3.9.9.jar:/home/runner/.m2/repository/org/codehaus/plexus/plexus-component-annotations/2.1.0/plexus-component-annotations-2.1.0.jar:/home/runner/.m2/repository/org/apache/maven/maven-plugin-api/3.9.9/maven-plugin-api-3.9.9.jar:/home/runner/.m2/repository/org/apache/maven/shared/maven-shared-utils/3.4.2/maven-shared-utils-3.4.2.jar:/home/runner/.m2/repository/com/google/inject/guice/5.1.0/guice-5.1.0.jar:/home/runner/.m2/repository/aopalliance/aopalliance/1.0/aopalliance-1.0.jar:/home/runner/.m2/repository/org/codehaus/plexus/plexus-classworlds/2.6.0/plexus-classworlds-2.6.0.jar:/home/runner/.m2/repository/commons-cli/commons-cli/1.8.0/commons-cli-1.8.0.jar:/home/runner/.m2/repository/org/eclipse/sisu/org.eclipse.sisu.plexus/0.9.0.M3/org.eclipse.sisu.plexus-0.9.0.M3.jar:/home/runner/.m2/repository/org/apache/maven/maven-settings-builder/3.9.9/maven-settings-builder-3.9.9.jar:/home/runner/.m2/repository/org/apache/maven/maven-resolver-provider/3.9.9/maven-resolver-provider-3.9.9.jar:/home/runner/.m2/repository/org/apache/maven/resolver/maven-resolver-connector-basic/1.9.22/maven-resolver-connector-basic-1.9.22.jar:/home/runner/.m2/repository/org/apache/maven/resolver/maven-resolver-transport-wagon/1.9.22/maven-resolver-transport-wagon-1.9.22.jar:/home/runner/.m2/repository/org/apache/maven/wagon/wagon-http/3.5.3/wagon-http-3.5.3.jar:/home/runner/.m2/repository/org/apache/maven/wagon/wagon-file/3.5.3/wagon-file-3.5.3.jar:/home/runner/.m2/repository/io/quarkus/quarkus-bootstrap-gradle-resolver/3.20.2/quarkus-bootstrap-gradle-resolver-3.20.2.jar:/home/runner/.m2/repository/io/smallrye/jandex/3.3.0/jandex-3.3.0.jar:/home/runner/.m2/repository/org/jboss/logging/commons-logging-jboss-logging/1.0.0.Final/commons-logging-jboss-logging-1.0.0.Final.jar:/home/runner/.m2/repository/io/quarkus/quarkus-junit5-config/3.20.2/quarkus-junit5-config-3.20.2.jar:/home/runner/.m2/repository/org/junit/jupiter/junit-jupiter-api/5.12.1/junit-jupiter-api-5.12.1.jar:/home/runner/.m2/repository/io/smallrye/config/smallrye-config/3.11.4/smallrye-config-3.11.4.jar:/home/runner/.m2/repository/io/smallrye/config/smallrye-config-core/3.11.4/smallrye-config-core-3.11.4.jar:/home/runner/.m2/repository/io/smallrye/common/smallrye-common-classloader/2.12.0/smallrye-common-classloader-2.12.0.jar:/home/runner/.m2/repository/io/smallrye/config/smallrye-config-common/3.11.4/smallrye-config-common-3.11.4.jar:/home/runner/.m2/repository/org/junit/jupiter/junit-jupiter/5.12.1/junit-jupiter-5.12.1.jar:/home/runner/.m2/repository/org/junit/jupiter/junit-jupiter-params/5.12.1/junit-jupiter-params-5.12.1.jar:/home/runner/.m2/repository/org/junit/jupiter/junit-jupiter-engine/5.12.1/junit-jupiter-engine-5.12.1.jar:/home/runner/.m2/repository/io/quarkus/quarkus-core/3.20.2/quarkus-core-3.20.2.jar:/home/runner/.m2/repository/jakarta/enterprise/jakarta.enterprise.cdi-api/4.1.0/jakarta.enterprise.cdi-api-4.1.0.jar:/home/runner/.m2/repository/jakarta/enterprise/jakarta.enterprise.lang-model/4.1.0/jakarta.enterprise.lang-model-4.1.0.jar:/home/runner/.m2/repository/jakarta/el/jakarta.el-api/5.0.1/jakarta.el-api-5.0.1.jar:/home/runner/.m2/repository/jakarta/interceptor/jakarta.interceptor-api/2.2.0/jakarta.interceptor-api-2.2.0.jar:/home/runner/.m2/repository/jakarta/inject/jakarta.inject-api/2.0.1/jakarta.inject-api-2.0.1.jar:/home/runner/.m2/repository/io/smallrye/common/smallrye-common-os/2.12.0/smallrye-common-os-2.12.0.jar:/home/runner/.m2/repository/io/quarkus/quarkus-ide-launcher/3.20.2/quarkus-ide-launcher-3.20.2.jar:/home/runner/.m2/repository/io/quarkus/quarkus-development-mode-spi/3.20.2/quarkus-development-mode-spi-3.20.2.jar:/home/runner/.m2/repository/org/jboss/logging/jboss-logging/3.6.1.Final/jboss-logging-3.6.1.Final.jar:/home/runner/.m2/repository/org/jboss/logmanager/jboss-logmanager/3.1.2.Final/jboss-logmanager-3.1.2.Final.jar:/home/runner/.m2/repository/io/smallrye/common/smallrye-common-constraint/2.12.0/smallrye-common-constraint-2.12.0.jar:/home/runner/.m2/repository/io/smallrye/common/smallrye-common-cpu/2.12.0/smallrye-common-cpu-2.12.0.jar:/home/runner/.m2/repository/io/smallrye/common/smallrye-common-expression/2.12.0/smallrye-common-expression-2.12.0.jar:/home/runner/.m2/repository/io/smallrye/common/smallrye-common-net/2.12.0/smallrye-common-net-2.12.0.jar:/home/runner/.m2/repository/io/smallrye/common/smallrye-common-ref/2.12.0/smallrye-common-ref-2.12.0.jar:/home/runner/.m2/repository/jakarta/json/jakarta.json-api/2.1.3/jakarta.json-api-2.1.3.jar:/home/runner/.m2/repository/org/eclipse/parsson/parsson/1.1.7/parsson-1.1.7.jar:/home/runner/.m2/repository/org/jboss/logging/jboss-logging-annotations/3.0.4.Final/jboss-logging-annotations-3.0.4.Final.jar:/home/runner/.m2/repository/org/jboss/threads/jboss-threads/3.8.0.Final/jboss-threads-3.8.0.Final.jar:/home/runner/.m2/repository/io/smallrye/common/smallrye-common-annotation/2.12.0/smallrye-common-annotation-2.12.0.jar:/home/runner/.m2/repository/io/smallrye/common/smallrye-common-function/2.12.0/smallrye-common-function-2.12.0.jar:/home/runner/.m2/repository/org/jboss/slf4j/slf4j-jboss-logmanager/2.0.0.Final/slf4j-jboss-logmanager-2.0.0.Final.jar:/home/runner/.m2/repository/org/wildfly/common/wildfly-common/2.0.1/wildfly-common-2.0.1.jar:/home/runner/.m2/repository/io/quarkus/quarkus-bootstrap-runner/3.20.2/quarkus-bootstrap-runner-3.20.2.jar:/home/runner/.m2/repository/io/github/crac/org-crac/0.1.3/org-crac-0.1.3.jar:/home/runner/.m2/repository/io/quarkus/quarkus-fs-util/0.0.10/quarkus-fs-util-0.0.10.jar:/home/runner/.m2/repository/org/jboss/marshalling/jboss-marshalling/2.2.2.Final/jboss-marshalling-2.2.2.Final.jar:/home/runner/.m2/repository/io/fabric8/kubernetes-client/7.1.0/kubernetes-client-7.1.0.jar:/home/runner/.m2/repository/io/fabric8/kubernetes-client-api/7.1.0/kubernetes-client-api-7.1.0.jar:/home/runner/.m2/repository/io/fabric8/kubernetes-model-core/7.1.0/kubernetes-model-core-7.1.0.jar:/home/runner/.m2/repository/io/fabric8/kubernetes-model-common/7.1.0/kubernetes-model-common-7.1.0.jar:/home/runner/.m2/repository/javax/annotation/javax.annotation-api/1.3.2/javax.annotation-api-1.3.2.jar:/home/runner/.m2/repository/io/fabric8/kubernetes-model-gatewayapi/7.1.0/kubernetes-model-gatewayapi-7.1.0.jar:/home/runner/.m2/repository/io/fabric8/kubernetes-model-resource/7.1.0/kubernetes-model-resource-7.1.0.jar:/home/runner/.m2/repository/io/fabric8/kubernetes-model-rbac/7.1.0/kubernetes-model-rbac-7.1.0.jar:/home/runner/.m2/repository/io/fabric8/kubernetes-model-admissionregistration/7.1.0/kubernetes-model-admissionregistration-7.1.0.jar:/home/runner/.m2/repository/io/fabric8/kubernetes-model-apps/7.1.0/kubernetes-model-apps-7.1.0.jar:/home/runner/.m2/repository/io/fabric8/kubernetes-model-autoscaling/7.1.0/kubernetes-model-autoscaling-7.1.0.jar:/home/runner/.m2/repository/io/fabric8/kubernetes-model-apiextensions/7.1.0/kubernetes-model-apiextensions-7.1.0.jar:/home/runner/.m2/repository/io/fabric8/kubernetes-model-batch/7.1.0/kubernetes-model-batch-7.1.0.jar:/home/runner/.m2/repository/io/fabric8/kubernetes-model-certificates/7.1.0/kubernetes-model-certificates-7.1.0.jar:/home/runner/.m2/repository/io/fabric8/kubernetes-model-coordination/7.1.0/kubernetes-model-coordination-7.1.0.jar:/home/runner/.m2/repository/io/fabric8/kubernetes-model-discovery/7.1.0/kubernetes-model-discovery-7.1.0.jar:/home/runner/.m2/repository/io/fabric8/kubernetes-model-events/7.1.0/kubernetes-model-events-7.1.0.jar:/home/runner/.m2/repository/io/fabric8/kubernetes-model-extensions/7.1.0/kubernetes-model-extensions-7.1.0.jar:/home/runner/.m2/repository/io/fabric8/kubernetes-model-flowcontrol/7.1.0/kubernetes-model-flowcontrol-7.1.0.jar:/home/runner/.m2/repository/io/fabric8/kubernetes-model-networking/7.1.0/kubernetes-model-networking-7.1.0.jar:/home/runner/.m2/repository/io/fabric8/kubernetes-model-metrics/7.1.0/kubernetes-model-metrics-7.1.0.jar:/home/runner/.m2/repository/io/fabric8/kubernetes-model-policy/7.1.0/kubernetes-model-policy-7.1.0.jar:/home/runner/.m2/repository/io/fabric8/kubernetes-model-scheduling/7.1.0/kubernetes-model-scheduling-7.1.0.jar:/home/runner/.m2/repository/io/fabric8/kubernetes-model-storageclass/7.1.0/kubernetes-model-storageclass-7.1.0.jar:/home/runner/.m2/repository/io/fabric8/kubernetes-model-node/7.1.0/kubernetes-model-node-7.1.0.jar:/home/runner/.m2/repository/org/snakeyaml/snakeyaml-engine/2.9/snakeyaml-engine-2.9.jar:/home/runner/.m2/repository/com/fasterxml/jackson/dataformat/jackson-dataformat-yaml/2.18.2/jackson-dataformat-yaml-2.18.2.jar:/home/runner/.m2/repository/com/fasterxml/jackson/datatype/jackson-datatype-jsr310/2.18.2/jackson-datatype-jsr310-2.18.2.jar:/home/runner/.m2/repository/io/fabric8/zjsonpatch/7.1.0/zjsonpatch-7.1.0.jar:/home/runner/.m2/repository/io/fabric8/kubernetes-httpclient-vertx/7.1.0/kubernetes-httpclient-vertx-7.1.0.jar:/home/runner/.m2/repository/io/vertx/vertx-web-client/4.5.16/vertx-web-client-4.5.16.jar:/home/runner/.m2/repository/io/vertx/vertx-web-common/4.5.16/vertx-web-common-4.5.16.jar:/home/runner/.m2/repository/io/vertx/vertx-auth-common/4.5.16/vertx-auth-common-4.5.16.jar:/home/runner/.m2/repository/io/vertx/vertx-uri-template/4.5.16/vertx-uri-template-4.5.16.jar:/home/runner/.m2/repository/io/fabric8/openshift-client/7.1.0/openshift-client-7.1.0.jar:/home/runner/.m2/repository/io/fabric8/openshift-client-api/7.1.0/openshift-client-api-7.1.0.jar:/home/runner/.m2/repository/io/fabric8/openshift-model/7.1.0/openshift-model-7.1.0.jar:/home/runner/.m2/repository/io/fabric8/openshift-model-autoscaling/7.1.0/openshift-model-autoscaling-7.1.0.jar:/home/runner/.m2/repository/io/fabric8/openshift-model-operator/7.1.0/openshift-model-operator-7.1.0.jar:/home/runner/.m2/repository/io/fabric8/openshift-model-operatorhub/7.1.0/openshift-model-operatorhub-7.1.0.jar:/home/runner/.m2/repository/io/fabric8/openshift-model-machine/7.1.0/openshift-model-machine-7.1.0.jar:/home/runner/.m2/repository/io/fabric8/openshift-model-whereabouts/7.1.0/openshift-model-whereabouts-7.1.0.jar:/home/runner/.m2/repository/io/fabric8/openshift-model-monitoring/7.1.0/openshift-model-monitoring-7.1.0.jar:/home/runner/.m2/repository/io/fabric8/openshift-model-storageversionmigrator/7.1.0/openshift-model-storageversionmigrator-7.1.0.jar:/home/runner/.m2/repository/io/fabric8/openshift-model-tuned/7.1.0/openshift-model-tuned-7.1.0.jar:/home/runner/.m2/repository/io/fabric8/openshift-model-console/7.1.0/openshift-model-console-7.1.0.jar:/home/runner/.m2/repository/io/fabric8/openshift-model-config/7.1.0/openshift-model-config-7.1.0.jar:/home/runner/.m2/repository/io/fabric8/openshift-model-machineconfiguration/7.1.0/openshift-model-machineconfiguration-7.1.0.jar:/home/runner/.m2/repository/io/fabric8/openshift-model-miscellaneous/7.1.0/openshift-model-miscellaneous-7.1.0.jar:/home/runner/.m2/repository/io/fabric8/openshift-model-hive/7.1.0/openshift-model-hive-7.1.0.jar:/home/runner/.m2/repository/io/fabric8/openshift-model-installer/7.1.0/openshift-model-installer-7.1.0.jar:/home/runner/.m2/repository/org/junit/platform/junit-platform-launcher/1.12.1/junit-platform-launcher-1.12.1.jar:/home/runner/.m2/repository/org/junit/platform/junit-platform-engine/1.12.1/junit-platform-engine-1.12.1.jar:/home/runner/.m2/repository/org/opentest4j/opentest4j/1.3.0/opentest4j-1.3.0.jar:/home/runner/.m2/repository/org/junit/platform/junit-platform-commons/1.12.1/junit-platform-commons-1.12.1.jar:/home/runner/.m2/repository/org/apiguardian/apiguardian-api/1.1.2/apiguardian-api-1.1.2.jar:/home/runner/.m2/repository/jakarta/ws/rs/jakarta.ws.rs-api/3.1.0/jakarta.ws.rs-api-3.1.0.jar:/home/runner/work/apicurio-testing/apicurio-testing/clusters/ci419/namespaces/ksql043/tests/integration/apicurio-registry/java-sdk/target/apicurio-registry-java-sdk-3.0.12-SNAPSHOT.jar:/home/runner/.m2/repository/com/microsoft/kiota/microsoft-kiota-abstractions/1.8.8/microsoft-kiota-abstractions-1.8.8.jar:/home/runner/.m2/repository/io/github/std-uritemplate/std-uritemplate/2.0.0/std-uritemplate-2.0.0.jar:/home/runner/.m2/repository/io/kiota/kiota-http-jdk/0.0.29/kiota-http-jdk-0.0.29.jar:/home/runner/.m2/repository/io/kiota/kiota-http-vertx/0.0.29/kiota-http-vertx-0.0.29.jar:/home/runner/.m2/repository/io/kiota/kiota-serialization-jackson/0.0.29/kiota-serialization-jackson-0.0.29.jar:/home/runner/.m2/repository/com/microsoft/kiota/microsoft-kiota-serialization-text/1.8.8/microsoft-kiota-serialization-text-1.8.8.jar:/home/runner/.m2/repository/com/microsoft/kiota/microsoft-kiota-serialization-form/1.8.8/microsoft-kiota-serialization-form-1.8.8.jar:/home/runner/.m2/repository/com/microsoft/kiota/microsoft-kiota-serialization-multipart/1.8.8/microsoft-kiota-serialization-multipart-1.8.8.jar:/home/runner/.m2/repository/jakarta/annotation/jakarta.annotation-api/3.0.0/jakarta.annotation-api-3.0.0.jar:/home/runner/.m2/repository/io/vertx/vertx-auth-oauth2/4.5.16/vertx-auth-oauth2-4.5.16.jar:/home/runner/work/apicurio-testing/apicurio-testing/clusters/ci419/namespaces/ksql043/tests/integration/apicurio-registry/java-sdk-v2/target/apicurio-registry-v2-java-sdk-3.0.12-SNAPSHOT.jar:/home/runner/work/apicurio-testing/apicurio-testing/clusters/ci419/namespaces/ksql043/tests/integration/apicurio-registry/utils/kafka/target/apicurio-registry-utils-kafka-3.0.12-SNAPSHOT-tests.jar:/home/runner/.m2/repository/org/eclipse/microprofile/config/microprofile-config-api/3.1/microprofile-config-api-3.1.jar:/home/runner/.m2/repository/org/apache/kafka/kafka-clients/3.9.1/kafka-clients-3.9.1.jar:/home/runner/.m2/repository/com/github/luben/zstd-jni/1.5.6-4/zstd-jni-1.5.6-4.jar:/home/runner/.m2/repository/org/lz4/lz4-java/1.8.0/lz4-java-1.8.0.jar:/home/runner/.m2/repository/org/xerial/snappy/snappy-java/1.1.10.5/snappy-java-1.1.10.5.jar:/home/runner/.m2/repository/org/slf4j/slf4j-api/2.0.6/slf4j-api-2.0.6.jar:/home/runner/work/apicurio-testing/apicurio-testing/clusters/ci419/namespaces/ksql043/tests/integration/apicurio-registry/utils/tests/target/apicurio-registry-utils-tests-3.0.12-SNAPSHOT.jar:/home/runner/work/apicurio-testing/apicurio-testing/clusters/ci419/namespaces/ksql043/tests/integration/apicurio-registry/common/target/apicurio-registry-common-3.0.12-SNAPSHOT.jar:/home/runner/.m2/repository/jakarta/validation/jakarta.validation-api/3.0.2/jakarta.validation-api-3.0.2.jar:/home/runner/.m2/repository/com/github/dasniko/testcontainers-keycloak/3.8.0/testcontainers-keycloak-3.8.0.jar:/home/runner/.m2/repository/org/testcontainers/testcontainers/1.20.6/testcontainers-1.20.6.jar:/home/runner/.m2/repository/org/rnorth/duct-tape/duct-tape/1.0.8/duct-tape-1.0.8.jar:/home/runner/.m2/repository/com/github/docker-java/docker-java-transport-zerodep/3.4.1/docker-java-transport-zerodep-3.4.1.jar:/home/runner/.m2/repository/com/github/docker-java/docker-java-transport/3.4.1/docker-java-transport-3.4.1.jar:/home/runner/.m2/repository/net/java/dev/jna/jna/5.8.0/jna-5.8.0.jar:/home/runner/.m2/repository/io/quarkus/quarkus-junit4-mock/3.20.2/quarkus-junit4-mock-3.20.2.jar:/home/runner/.m2/repository/org/jboss/shrinkwrap/shrinkwrap-api/2.0.0-beta-2/shrinkwrap-api-2.0.0-beta-2.jar:/home/runner/.m2/repository/org/jboss/shrinkwrap/shrinkwrap-impl-base/2.0.0-beta-2/shrinkwrap-impl-base-2.0.0-beta-2.jar:/home/runner/.m2/repository/org/jboss/shrinkwrap/shrinkwrap-spi/2.0.0-beta-2/shrinkwrap-spi-2.0.0-beta-2.jar:/home/runner/.m2/repository/org/keycloak/keycloak-admin-client/26.0.4/keycloak-admin-client-26.0.4.jar:/home/runner/.m2/repository/org/keycloak/keycloak-client-common-synced/26.0.4/keycloak-client-common-synced-26.0.4.jar:/home/runner/.m2/repository/jakarta/activation/jakarta.activation-api/2.1.3/jakarta.activation-api-2.1.3.jar:/home/runner/.m2/repository/org/eclipse/microprofile/openapi/microprofile-openapi-api/4.0.2/microprofile-openapi-api-4.0.2.jar:/home/runner/.m2/repository/org/jboss/resteasy/resteasy-client/6.2.12.Final/resteasy-client-6.2.12.Final.jar:/home/runner/.m2/repository/org/jboss/resteasy/resteasy-client-api/6.2.12.Final/resteasy-client-api-6.2.12.Final.jar:/home/runner/.m2/repository/org/jboss/resteasy/resteasy-core-spi/6.2.12.Final/resteasy-core-spi-6.2.12.Final.jar:/home/runner/.m2/repository/org/jboss/resteasy/resteasy-core/6.2.12.Final/resteasy-core-6.2.12.Final.jar:/home/runner/.m2/repository/org/eclipse/angus/angus-activation/2.0.2/angus-activation-2.0.2.jar:/home/runner/.m2/repository/com/ibm/async/asyncutil/0.1.0/asyncutil-0.1.0.jar:/home/runner/.m2/repository/org/reactivestreams/reactive-streams/1.0.4/reactive-streams-1.0.4.jar:/home/runner/.m2/repository/org/jboss/resteasy/resteasy-multipart-provider/6.2.12.Final/resteasy-multipart-provider-6.2.12.Final.jar:/home/runner/.m2/repository/jakarta/mail/jakarta.mail-api/2.1.3/jakarta.mail-api-2.1.3.jar:/home/runner/.m2/repository/org/eclipse/angus/angus-mail/2.0.3/angus-mail-2.0.3.jar:/home/runner/.m2/repository/org/apache/james/apache-mime4j-dom/0.8.12/apache-mime4j-dom-0.8.12.jar:/home/runner/.m2/repository/org/apache/james/apache-mime4j-core/0.8.12/apache-mime4j-core-0.8.12.jar:/home/runner/.m2/repository/org/apache/james/apache-mime4j-storage/0.8.12/apache-mime4j-storage-0.8.12.jar:/home/runner/.m2/repository/org/jboss/resteasy/resteasy-jackson2-provider/6.2.12.Final/resteasy-jackson2-provider-6.2.12.Final.jar:/home/runner/.m2/repository/com/fasterxml/jackson/jakarta/rs/jackson-jakarta-rs-base/2.18.2/jackson-jakarta-rs-base-2.18.2.jar:/home/runner/.m2/repository/com/fasterxml/jackson/jakarta/rs/jackson-jakarta-rs-json-provider/2.18.2/jackson-jakarta-rs-json-provider-2.18.2.jar:/home/runner/.m2/repository/com/fasterxml/jackson/module/jackson-module-jakarta-xmlbind-annotations/2.18.2/jackson-module-jakarta-xmlbind-annotations-2.18.2.jar:/home/runner/.m2/repository/com/github/java-json-tools/json-patch/1.13/json-patch-1.13.jar:/home/runner/.m2/repository/com/github/java-json-tools/msg-simple/1.2/msg-simple-1.2.jar:/home/runner/.m2/repository/com/github/java-json-tools/btf/1.3/btf-1.3.jar:/home/runner/.m2/repository/com/github/java-json-tools/jackson-coreutils/2.0/jackson-coreutils-2.0.jar:/home/runner/.m2/repository/org/jboss/resteasy/resteasy-jaxb-provider/6.2.12.Final/resteasy-jaxb-provider-6.2.12.Final.jar:/home/runner/.m2/repository/org/glassfish/jaxb/codemodel/4.0.5/codemodel-4.0.5.jar:/home/runner/.m2/repository/org/glassfish/jaxb/jaxb-core/4.0.5/jaxb-core-4.0.5.jar:/home/runner/.m2/repository/org/glassfish/jaxb/jaxb-jxc/4.0.5/jaxb-jxc-4.0.5.jar:/home/runner/.m2/repository/org/glassfish/jaxb/jaxb-runtime/4.0.5/jaxb-runtime-4.0.5.jar:/home/runner/.m2/repository/org/glassfish/jaxb/txw2/4.0.5/txw2-4.0.5.jar:/home/runner/.m2/repository/org/glassfish/jaxb/jaxb-xjc/4.0.5/jaxb-xjc-4.0.5.jar:/home/runner/.m2/repository/org/glassfish/jaxb/xsom/4.0.5/xsom-4.0.5.jar:/home/runner/.m2/repository/com/sun/istack/istack-commons-runtime/4.1.2/istack-commons-runtime-4.1.2.jar:/home/runner/.m2/repository/com/sun/istack/istack-commons-tools/4.1.2/istack-commons-tools-4.1.2.jar:/home/runner/.m2/repository/com/sun/xml/bind/external/relaxng-datatype/4.0.5/relaxng-datatype-4.0.5.jar:/home/runner/.m2/repository/com/sun/xml/bind/external/rngom/4.0.5/rngom-4.0.5.jar:/home/runner/.m2/repository/org/testcontainers/mssqlserver/1.20.6/mssqlserver-1.20.6.jar:/home/runner/.m2/repository/org/testcontainers/jdbc/1.20.6/jdbc-1.20.6.jar:/home/runner/.m2/repository/org/testcontainers/database-commons/1.20.6/database-commons-1.20.6.jar:/home/runner/.m2/repository/org/testcontainers/mysql/1.20.6/mysql-1.20.6.jar:/home/runner/.m2/repository/io/strimzi/strimzi-test-container/0.111.0/strimzi-test-container-0.111.0.jar:/home/runner/.m2/repository/org/testcontainers/toxiproxy/1.20.6/toxiproxy-1.20.6.jar:/home/runner/.m2/repository/com/github/docker-java/docker-java-api/3.4.1/docker-java-api-3.4.1.jar:/home/runner/.m2/repository/org/apache/logging/log4j/log4j-slf4j-impl/2.19.0/log4j-slf4j-impl-2.19.0.jar:/home/runner/.m2/repository/org/apache/logging/log4j/log4j-api/2.24.3/log4j-api-2.24.3.jar:/home/runner/.m2/repository/org/apache/logging/log4j/log4j-core/2.19.0/log4j-core-2.19.0.jar:/home/runner/.m2/repository/eu/rekawek/toxiproxy/toxiproxy-java/2.1.7/toxiproxy-java-2.1.7.jar:/home/runner/.m2/repository/org/testcontainers/pulsar/1.21.3/pulsar-1.21.3.jar:/home/runner/.m2/repository/io/debezium/debezium-testing-testcontainers/2.7.4.Final/debezium-testing-testcontainers-2.7.4.Final.jar:/home/runner/.m2/repository/org/testcontainers/kafka/1.20.6/kafka-1.20.6.jar:/home/runner/.m2/repository/com/squareup/okhttp3/okhttp/4.8.1/okhttp-4.8.1.jar:/home/runner/.m2/repository/com/squareup/okio/okio/3.10.2/okio-3.10.2.jar:/home/runner/.m2/repository/com/squareup/okio/okio-jvm/3.10.2/okio-jvm-3.10.2.jar:/home/runner/.m2/repository/org/jetbrains/kotlin/kotlin-stdlib/2.0.21/kotlin-stdlib-2.0.21.jar:/home/runner/.m2/repository/org/awaitility/awaitility/4.3.0/awaitility-4.3.0.jar:/home/runner/.m2/repository/org/testcontainers/mongodb/1.20.6/mongodb-1.20.6.jar:/home/runner/.m2/repository/org/testcontainers/mariadb/1.20.6/mariadb-1.20.6.jar:/home/runner/.m2/repository/org/testcontainers/oracle-xe/1.20.6/oracle-xe-1.20.6.jar:/home/runner/.m2/repository/org/testcontainers/postgresql/1.20.6/postgresql-1.20.6.jar:/home/runner/.m2/repository/org/wiremock/wiremock/3.0.1/wiremock-3.0.1.jar:/home/runner/.m2/repository/org/eclipse/jetty/jetty-server/11.0.15/jetty-server-11.0.15.jar:/home/runner/.m2/repository/org/eclipse/jetty/toolchain/jetty-jakarta-servlet-api/5.0.2/jetty-jakarta-servlet-api-5.0.2.jar:/home/runner/.m2/repository/org/eclipse/jetty/jetty-http/11.0.15/jetty-http-11.0.15.jar:/home/runner/.m2/repository/org/eclipse/jetty/jetty-io/11.0.15/jetty-io-11.0.15.jar:/home/runner/.m2/repository/org/eclipse/jetty/jetty-servlet/11.0.15/jetty-servlet-11.0.15.jar:/home/runner/.m2/repository/org/eclipse/jetty/jetty-security/11.0.15/jetty-security-11.0.15.jar:/home/runner/.m2/repository/org/eclipse/jetty/jetty-servlets/11.0.15/jetty-servlets-11.0.15.jar:/home/runner/.m2/repository/org/eclipse/jetty/jetty-util/11.0.15/jetty-util-11.0.15.jar:/home/runner/.m2/repository/org/eclipse/jetty/jetty-webapp/11.0.15/jetty-webapp-11.0.15.jar:/home/runner/.m2/repository/org/eclipse/jetty/jetty-xml/11.0.15/jetty-xml-11.0.15.jar:/home/runner/.m2/repository/org/eclipse/jetty/jetty-proxy/11.0.15/jetty-proxy-11.0.15.jar:/home/runner/.m2/repository/org/eclipse/jetty/jetty-client/11.0.15/jetty-client-11.0.15.jar:/home/runner/.m2/repository/org/eclipse/jetty/http2/http2-server/11.0.15/http2-server-11.0.15.jar:/home/runner/.m2/repository/org/eclipse/jetty/http2/http2-common/11.0.15/http2-common-11.0.15.jar:/home/runner/.m2/repository/org/eclipse/jetty/http2/http2-hpack/11.0.15/http2-hpack-11.0.15.jar:/home/runner/.m2/repository/org/eclipse/jetty/jetty-alpn-server/11.0.15/jetty-alpn-server-11.0.15.jar:/home/runner/.m2/repository/org/eclipse/jetty/jetty-alpn-java-server/11.0.15/jetty-alpn-java-server-11.0.15.jar:/home/runner/.m2/repository/org/eclipse/jetty/jetty-alpn-java-client/11.0.15/jetty-alpn-java-client-11.0.15.jar:/home/runner/.m2/repository/org/eclipse/jetty/jetty-alpn-client/11.0.15/jetty-alpn-client-11.0.15.jar:/home/runner/.m2/repository/org/apache/httpcomponents/client5/httpclient5/5.2.1/httpclient5-5.2.1.jar:/home/runner/.m2/repository/org/apache/httpcomponents/core5/httpcore5/5.2/httpcore5-5.2.jar:/home/runner/.m2/repository/org/apache/httpcomponents/core5/httpcore5-h2/5.2/httpcore5-h2-5.2.jar:/home/runner/.m2/repository/org/xmlunit/xmlunit-core/2.9.1/xmlunit-core-2.9.1.jar:/home/runner/.m2/repository/jakarta/xml/bind/jakarta.xml.bind-api/4.0.2/jakarta.xml.bind-api-4.0.2.jar:/home/runner/.m2/repository/org/xmlunit/xmlunit-legacy/2.9.1/xmlunit-legacy-2.9.1.jar:/home/runner/.m2/repository/org/xmlunit/xmlunit-placeholders/2.9.1/xmlunit-placeholders-2.9.1.jar:/home/runner/.m2/repository/net/javacrumbs/json-unit/json-unit-core/2.38.0/json-unit-core-2.38.0.jar:/home/runner/.m2/repository/org/hamcrest/hamcrest-core/2.2/hamcrest-core-2.2.jar:/home/runner/.m2/repository/com/jayway/jsonpath/json-path/2.8.0/json-path-2.8.0.jar:/home/runner/.m2/repository/net/minidev/json-smart/2.4.10/json-smart-2.4.10.jar:/home/runner/.m2/repository/net/minidev/accessors-smart/2.4.9/accessors-smart-2.4.9.jar:/home/runner/.m2/repository/org/ow2/asm/asm/9.7.1/asm-9.7.1.jar:/home/runner/.m2/repository/net/sf/jopt-simple/jopt-simple/5.0.4/jopt-simple-5.0.4.jar:/home/runner/.m2/repository/com/github/jknack/handlebars/4.3.1/handlebars-4.3.1.jar:/home/runner/.m2/repository/com/github/jknack/handlebars-helpers/4.3.1/handlebars-helpers-4.3.1.jar:/home/runner/.m2/repository/commons-fileupload/commons-fileupload/1.5/commons-fileupload-1.5.jar:/home/runner/.m2/repository/com/networknt/json-schema-validator/1.5.8/json-schema-validator-1.5.8.jar:/home/runner/.m2/repository/com/ethlo/time/itu/1.10.3/itu-1.10.3.jar:/home/runner/.m2/repository/io/quarkus/quarkus-smallrye-jwt-build/3.20.2/quarkus-smallrye-jwt-build-3.20.2.jar:/home/runner/.m2/repository/io/smallrye/smallrye-jwt-build/4.6.2/smallrye-jwt-build-4.6.2.jar:/home/runner/.m2/repository/org/eclipse/microprofile/jwt/microprofile-jwt-auth-api/2.1/microprofile-jwt-auth-api-2.1.jar:/home/runner/.m2/repository/org/bitbucket/b_c/jose4j/0.9.6/jose4j-0.9.6.jar:/home/runner/.m2/repository/io/smallrye/smallrye-jwt-common/4.6.2/smallrye-jwt-common-4.6.2.jar:/home/runner/.m2/repository/io/quarkus/quarkus-jsonp/3.20.2/quarkus-jsonp-3.20.2.jar:/home/runner/.m2/repository/io/quarkus/quarkus-arc/3.20.2/quarkus-arc-3.20.2.jar:/home/runner/.m2/repository/io/quarkus/arc/arc/3.20.2/arc-3.20.2.jar:/home/runner/.m2/repository/jakarta/transaction/jakarta.transaction-api/2.0.1/jakarta.transaction-api-2.0.1.jar:/home/runner/.m2/repository/io/smallrye/reactive/mutiny/2.9.2/mutiny-2.9.2.jar:/home/runner/.m2/repository/org/jctools/jctools-core/4.0.5/jctools-core-4.0.5.jar:/home/runner/.m2/repository/org/eclipse/microprofile/context-propagation/microprofile-context-propagation-api/1.3/microprofile-context-propagation-api-1.3.jar:/home/runner/.m2/repository/io/apicurio/apicurio-common-rest-client-common/0.1.18.Final/apicurio-common-rest-client-common-0.1.18.Final.jar:/home/runner/work/apicurio-testing/apicurio-testing/clusters/ci419/namespaces/ksql043/tests/integration/apicurio-registry/utils/maven-plugin/target/apicurio-registry-maven-plugin-3.0.12-SNAPSHOT.jar:/home/runner/.m2/repository/com/fasterxml/jackson/core/jackson-databind/2.18.2/jackson-databind-2.18.2.jar:/home/runner/.m2/repository/org/apache/avro/avro/1.12.0/avro-1.12.0.jar:/home/runner/.m2/repository/com/google/protobuf/protobuf-java/4.31.1/protobuf-java-4.31.1.jar:/home/runner/.m2/repository/com/google/protobuf/protobuf-java-util/4.31.1/protobuf-java-util-4.31.1.jar:/home/runner/.m2/repository/com/google/code/findbugs/jsr305/3.0.2/jsr305-3.0.2.jar:/home/runner/.m2/repository/com/google/code/gson/gson/2.12.1/gson-2.12.1.jar:/home/runner/.m2/repository/com/google/errorprone/error_prone_annotations/2.36.0/error_prone_annotations-2.36.0.jar:/home/runner/.m2/repository/com/google/j2objc/j2objc-annotations/2.8/j2objc-annotations-2.8.jar:/home/runner/work/apicurio-testing/apicurio-testing/clusters/ci419/namespaces/ksql043/tests/integration/apicurio-registry/schema-util/util-provider/target/apicurio-registry-schema-util-provider-3.0.12-SNAPSHOT.jar:/home/runner/work/apicurio-testing/apicurio-testing/clusters/ci419/namespaces/ksql043/tests/integration/apicurio-registry/schema-util/common/target/apicurio-registry-schema-util-common-3.0.12-SNAPSHOT.jar:/home/runner/.m2/repository/com/fasterxml/jackson/module/jackson-module-parameter-names/2.18.2/jackson-module-parameter-names-2.18.2.jar:/home/runner/.m2/repository/com/fasterxml/jackson/datatype/jackson-datatype-json-org/2.18.2/jackson-datatype-json-org-2.18.2.jar:/home/runner/work/apicurio-testing/apicurio-testing/clusters/ci419/namespaces/ksql043/tests/integration/apicurio-registry/schema-util/json/target/apicurio-registry-schema-util-json-3.0.12-SNAPSHOT.jar:/home/runner/.m2/repository/com/github/erosb/everit-json-schema/1.14.5/everit-json-schema-1.14.5.jar:/home/runner/.m2/repository/commons-validator/commons-validator/1.9.0/commons-validator-1.9.0.jar:/home/runner/.m2/repository/commons-digester/commons-digester/2.1/commons-digester-2.1.jar:/home/runner/.m2/repository/commons-collections/commons-collections/3.2.2/commons-collections-3.2.2.jar:/home/runner/.m2/repository/com/damnhandy/handy-uri-templates/2.1.8/handy-uri-templates-2.1.8.jar:/home/runner/.m2/repository/joda-time/joda-time/2.10.2/joda-time-2.10.2.jar:/home/runner/.m2/repository/com/github/erosb/json-sKema/0.20.0/json-sKema-0.20.0.jar:/home/runner/.m2/repository/io/vertx/vertx-json-schema/4.5.16/vertx-json-schema-4.5.16.jar:/home/runner/work/apicurio-testing/apicurio-testing/clusters/ci419/namespaces/ksql043/tests/integration/apicurio-registry/schema-util/protobuf/target/apicurio-registry-schema-util-protobuf-3.0.12-SNAPSHOT.jar:/home/runner/work/apicurio-testing/apicurio-testing/clusters/ci419/namespaces/ksql043/tests/integration/apicurio-registry/utils/protobuf-schema-utilities/target/apicurio-registry-protobuf-schema-utilities-3.0.12-SNAPSHOT.jar:/home/runner/.m2/repository/com/google/api/grpc/proto-google-common-protos/2.52.0/proto-google-common-protos-2.52.0.jar:/home/runner/.m2/repository/com/squareup/wire/wire-schema-jvm/5.3.3/wire-schema-jvm-5.3.3.jar:/home/runner/.m2/repository/com/palantir/javapoet/javapoet/0.6.0/javapoet-0.6.0.jar:/home/runner/.m2/repository/com/squareup/kotlinpoet-jvm/2.0.0/kotlinpoet-jvm-2.0.0.jar:/home/runner/.m2/repository/org/jetbrains/kotlin/kotlin-reflect/2.0.21/kotlin-reflect-2.0.21.jar:/home/runner/.m2/repository/com/squareup/wire/wire-runtime-jvm/5.3.3/wire-runtime-jvm-5.3.3.jar:/home/runner/.m2/repository/com/ibm/icu/icu4j/76.1/icu4j-76.1.jar:/home/runner/.m2/repository/com/squareup/okio/okio-fakefilesystem/3.10.2/okio-fakefilesystem-3.10.2.jar:/home/runner/.m2/repository/com/squareup/okio/okio-fakefilesystem-jvm/3.10.2/okio-fakefilesystem-jvm-3.10.2.jar:/home/runner/.m2/repository/org/jetbrains/kotlinx/kotlinx-datetime-jvm/0.6.1/kotlinx-datetime-jvm-0.6.1.jar:/home/runner/work/apicurio-testing/apicurio-testing/clusters/ci419/namespaces/ksql043/tests/integration/apicurio-registry/schema-util/asyncapi/target/apicurio-registry-schema-util-asyncapi-3.0.12-SNAPSHOT.jar:/home/runner/work/apicurio-testing/apicurio-testing/clusters/ci419/namespaces/ksql043/tests/integration/apicurio-registry/schema-util/avro/target/apicurio-registry-schema-util-avro-3.0.12-SNAPSHOT.jar:/home/runner/work/apicurio-testing/apicurio-testing/clusters/ci419/namespaces/ksql043/tests/integration/apicurio-registry/schema-util/graphql/target/apicurio-registry-schema-util-graphql-3.0.12-SNAPSHOT.jar:/home/runner/.m2/repository/com/graphql-java/graphql-java/22.4/graphql-java-22.4.jar:/home/runner/.m2/repository/com/graphql-java/java-dataloader/3.3.0/java-dataloader-3.3.0.jar:/home/runner/work/apicurio-testing/apicurio-testing/clusters/ci419/namespaces/ksql043/tests/integration/apicurio-registry/schema-util/kconnect/target/apicurio-registry-schema-util-kconnect-3.0.12-SNAPSHOT.jar:/home/runner/work/apicurio-testing/apicurio-testing/clusters/ci419/namespaces/ksql043/tests/integration/apicurio-registry/schema-util/openapi/target/apicurio-registry-schema-util-openapi-3.0.12-SNAPSHOT.jar:/home/runner/.m2/repository/io/apicurio/apicurio-data-models/2.2.2/apicurio-data-models-2.2.2.jar:/home/runner/.m2/repository/org/openapitools/openapidiff/openapi-diff-core/2.1.2/openapi-diff-core-2.1.2.jar:/home/runner/.m2/repository/io/swagger/parser/v3/swagger-parser/2.1.28/swagger-parser-2.1.28.jar:/home/runner/.m2/repository/io/swagger/parser/v3/swagger-parser-v2-converter/2.1.28/swagger-parser-v2-converter-2.1.28.jar:/home/runner/.m2/repository/io/swagger/swagger-core/1.6.16/swagger-core-1.6.16.jar:/home/runner/.m2/repository/io/swagger/swagger-models/1.6.16/swagger-models-1.6.16.jar:/home/runner/.m2/repository/io/swagger/swagger-annotations/1.6.16/swagger-annotations-1.6.16.jar:/home/runner/.m2/repository/io/swagger/swagger-parser/1.0.75/swagger-parser-1.0.75.jar:/home/runner/.m2/repository/io/swagger/swagger-parser-safe-url-resolver/1.0.75/swagger-parser-safe-url-resolver-1.0.75.jar:/home/runner/.m2/repository/io/swagger/swagger-compat-spec-parser/1.0.75/swagger-compat-spec-parser-1.0.75.jar:/home/runner/.m2/repository/com/github/java-json-tools/json-schema-validator/2.2.14/json-schema-validator-2.2.14.jar:/home/runner/.m2/repository/com/github/java-json-tools/jackson-coreutils-equivalence/1.0/jackson-coreutils-equivalence-1.0.jar:/home/runner/.m2/repository/com/github/java-json-tools/json-schema-core/1.2.14/json-schema-core-1.2.14.jar:/home/runner/.m2/repository/com/github/java-json-tools/uri-template/0.10/uri-template-0.10.jar:/home/runner/.m2/repository/com/googlecode/libphonenumber/libphonenumber/8.11.1/libphonenumber-8.11.1.jar:/home/runner/.m2/repository/com/j2html/j2html/1.6.0/j2html-1.6.0.jar:/home/runner/.m2/repository/org/apache/commons/commons-collections4/4.5.0/commons-collections4-4.5.0.jar:/home/runner/.m2/repository/org/slf4j/jcl-over-slf4j/2.0.17/jcl-over-slf4j-2.0.17.jar:/home/runner/.m2/repository/io/swagger/parser/v3/swagger-parser-v3/2.1.31/swagger-parser-v3-2.1.31.jar:/home/runner/.m2/repository/io/swagger/core/v3/swagger-models/2.2.34/swagger-models-2.2.34.jar:/home/runner/.m2/repository/io/swagger/core/v3/swagger-core/2.2.34/swagger-core-2.2.34.jar:/home/runner/.m2/repository/io/swagger/parser/v3/swagger-parser-core/2.1.31/swagger-parser-core-2.1.31.jar:/home/runner/.m2/repository/io/swagger/parser/v3/swagger-parser-safe-url-resolver/2.1.31/swagger-parser-safe-url-resolver-2.1.31.jar:/home/runner/work/apicurio-testing/apicurio-testing/clusters/ci419/namespaces/ksql043/tests/integration/apicurio-registry/schema-util/wsdl/target/apicurio-registry-schema-util-wsdl-3.0.12-SNAPSHOT.jar:/home/runner/.m2/repository/wsdl4j/wsdl4j/1.6.3/wsdl4j-1.6.3.jar:/home/runner/work/apicurio-testing/apicurio-testing/clusters/ci419/namespaces/ksql043/tests/integration/apicurio-registry/schema-util/xml/target/apicurio-registry-schema-util-xml-3.0.12-SNAPSHOT.jar:/home/runner/.m2/repository/org/apache/santuario/xmlsec/4.0.4/xmlsec-4.0.4.jar:/home/runner/.m2/repository/com/fasterxml/woodstox/woodstox-core/7.1.1/woodstox-core-7.1.1.jar:/home/runner/.m2/repository/org/codehaus/woodstox/stax2-api/4.2.2/stax2-api-4.2.2.jar:/home/runner/work/apicurio-testing/apicurio-testing/clusters/ci419/namespaces/ksql043/tests/integration/apicurio-registry/schema-util/xsd/target/apicurio-registry-schema-util-xsd-3.0.12-SNAPSHOT.jar:/home/runner/work/apicurio-testing/apicurio-testing/clusters/ci419/namespaces/ksql043/tests/integration/apicurio-registry/serdes/kafka/jsonschema-serde/target/apicurio-registry-jsonschema-serde-kafka-3.0.12-SNAPSHOT.jar:/home/runner/work/apicurio-testing/apicurio-testing/clusters/ci419/namespaces/ksql043/tests/integration/apicurio-registry/serdes/kafka/serde-kafka-common/target/apicurio-registry-serde-kafka-common-3.0.12-SNAPSHOT.jar:/home/runner/work/apicurio-testing/apicurio-testing/clusters/ci419/namespaces/ksql043/tests/integration/apicurio-registry/serdes/generic/serde-common/target/apicurio-registry-serde-common-3.0.12-SNAPSHOT.jar:/home/runner/work/apicurio-testing/apicurio-testing/clusters/ci419/namespaces/ksql043/tests/integration/apicurio-registry/serdes/generic/serde-common-jsonschema/target/apicurio-registry-serde-common-jsonschema-3.0.12-SNAPSHOT.jar:/home/runner/.m2/repository/org/json/json/20250107/json-20250107.jar:/home/runner/work/apicurio-testing/apicurio-testing/clusters/ci419/namespaces/ksql043/tests/integration/apicurio-registry/serdes/kafka/avro-serde/target/apicurio-registry-avro-serde-kafka-3.0.12-SNAPSHOT.jar:/home/runner/work/apicurio-testing/apicurio-testing/clusters/ci419/namespaces/ksql043/tests/integration/apicurio-registry/serdes/generic/serde-common-avro/target/apicurio-registry-serde-common-avro-3.0.12-SNAPSHOT.jar:/home/runner/work/apicurio-testing/apicurio-testing/clusters/ci419/namespaces/ksql043/tests/integration/apicurio-registry/serdes/kafka/protobuf-serde/target/apicurio-registry-protobuf-serde-kafka-3.0.12-SNAPSHOT.jar:/home/runner/work/apicurio-testing/apicurio-testing/clusters/ci419/namespaces/ksql043/tests/integration/apicurio-registry/serdes/generic/serde-common-protobuf/target/apicurio-registry-serde-common-protobuf-3.0.12-SNAPSHOT.jar:/home/runner/.m2/repository/com/squareup/wire/wire-schema/5.3.3/wire-schema-5.3.3.jar:/home/runner/.m2/repository/com/squareup/wire/wire-runtime/5.3.3/wire-runtime-5.3.3.jar:/home/runner/work/apicurio-testing/apicurio-testing/clusters/ci419/namespaces/ksql043/tests/integration/apicurio-registry/serdes/pulsar/avro-serde/target/apicurio-registry-avro-serde-pulsar-3.0.12-SNAPSHOT.jar:/home/runner/.m2/repository/org/apache/pulsar/pulsar-functions-api/3.3.8/pulsar-functions-api-3.3.8.jar:/home/runner/work/apicurio-testing/apicurio-testing/clusters/ci419/namespaces/ksql043/tests/integration/apicurio-registry/serdes/nats/avro-serde/target/apicurio-registry-avro-serde-nats-3.0.12-SNAPSHOT.jar:/home/runner/.m2/repository/io/nats/jnats/2.21.4/jnats-2.21.4.jar:/home/runner/.m2/repository/org/bouncycastle/bcprov-lts8on/2.73.7/bcprov-lts8on-2.73.7.jar:/home/runner/.m2/repository/org/jetbrains/annotations/26.0.2/annotations-26.0.2.jar:/home/runner/work/apicurio-testing/apicurio-testing/clusters/ci419/namespaces/ksql043/tests/integration/apicurio-registry/utils/converter/target/apicurio-registry-utils-converter-3.0.12-SNAPSHOT.jar:/home/runner/work/apicurio-testing/apicurio-testing/clusters/ci419/namespaces/ksql043/tests/integration/apicurio-registry/schema-resolver/target/apicurio-registry-schema-resolver-3.0.12-SNAPSHOT.jar:/home/runner/.m2/repository/org/apache/kafka/connect-api/3.9.1/connect-api-3.9.1.jar:/home/runner/.m2/repository/javax/ws/rs/javax.ws.rs-api/2.1.1/javax.ws.rs-api-2.1.1.jar:/home/runner/.m2/repository/org/apache/kafka/connect-json/3.9.1/connect-json-3.9.1.jar:/home/runner/.m2/repository/com/fasterxml/jackson/datatype/jackson-datatype-jdk8/2.18.2/jackson-datatype-jdk8-2.18.2.jar:/home/runner/.m2/repository/com/fasterxml/jackson/module/jackson-module-afterburner/2.18.2/jackson-module-afterburner-2.18.2.jar:/home/runner/work/apicurio-testing/apicurio-testing/clusters/ci419/namespaces/ksql043/tests/integration/apicurio-registry/utils/kafka/target/apicurio-registry-utils-kafka-3.0.12-SNAPSHOT.jar:/home/runner/.m2/repository/org/apache/pulsar/pulsar-client/3.3.8/pulsar-client-3.3.8.jar:/home/runner/.m2/repository/org/apache/pulsar/pulsar-client-api/3.3.8/pulsar-client-api-3.3.8.jar:/home/runner/.m2/repository/org/apache/pulsar/pulsar-client-admin-api/3.3.8/pulsar-client-admin-api-3.3.8.jar:/home/runner/.m2/repository/org/apache/pulsar/bouncy-castle-bc/3.3.8/bouncy-castle-bc-3.3.8-pkg.jar:/home/runner/.m2/repository/org/bouncycastle/bcpkix-jdk18on/1.81/bcpkix-jdk18on-1.81.jar:/home/runner/.m2/repository/org/bouncycastle/bcutil-jdk18on/1.81/bcutil-jdk18on-1.81.jar:/home/runner/.m2/repository/org/bouncycastle/bcprov-jdk18on/1.81/bcprov-jdk18on-1.81.jar:/home/runner/.m2/repository/io/opentelemetry/opentelemetry-api/1.44.1/opentelemetry-api-1.44.1.jar:/home/runner/.m2/repository/io/opentelemetry/opentelemetry-context/1.44.1/opentelemetry-context-1.44.1.jar:/home/runner/.m2/repository/io/opentelemetry/opentelemetry-api-incubator/1.44.1-alpha/opentelemetry-api-incubator-1.44.1-alpha.jar:/home/runner/.m2/repository/com/fasterxml/jackson/core/jackson-annotations/2.18.2/jackson-annotations-2.18.2.jar:/home/runner/.m2/repository/javax/validation/validation-api/1.1.0.Final/validation-api-1.1.0.Final.jar:/home/runner/.m2/repository/org/jspecify/jspecify/1.0.0/jspecify-1.0.0.jar:/home/runner/.m2/repository/org/apache/commons/commons-configuration2/2.12.0/commons-configuration2-2.12.0.jar:/home/runner/.m2/repository/commons-logging/commons-logging/1.3.5/commons-logging-1.3.5.jar:/home/runner/.m2/repository/org/apache/commons/commons-text/1.13.0/commons-text-1.13.0.jar:/home/runner/.m2/repository/io/confluent/kafka-avro-serializer/8.0.0/kafka-avro-serializer-8.0.0.jar:/home/runner/.m2/repository/org/apache/commons/commons-compress/1.27.1/commons-compress-1.27.1.jar:/home/runner/.m2/repository/io/confluent/kafka-schema-serializer/8.0.0/kafka-schema-serializer-8.0.0.jar:/home/runner/.m2/repository/com/fasterxml/jackson/dataformat/jackson-dataformat-csv/2.18.2/jackson-dataformat-csv-2.18.2.jar:/home/runner/.m2/repository/io/confluent/kafka-schema-registry-client/8.0.0/kafka-schema-registry-client-8.0.0.jar:/home/runner/.m2/repository/org/yaml/snakeyaml/2.3/snakeyaml-2.3.jar:/home/runner/.m2/repository/io/swagger/core/v3/swagger-annotations/2.2.29/swagger-annotations-2.2.29.jar:/home/runner/.m2/repository/com/google/guava/guava/33.4.0-jre/guava-33.4.0-jre.jar:/home/runner/.m2/repository/com/google/guava/failureaccess/1.0.1/failureaccess-1.0.1.jar:/home/runner/.m2/repository/org/checkerframework/checker-qual/3.49.0/checker-qual-3.49.0.jar:/home/runner/.m2/repository/io/confluent/logredactor/1.0.13/logredactor-1.0.13.jar:/home/runner/.m2/repository/com/google/re2j/re2j/1.6/re2j-1.6.jar:/home/runner/.m2/repository/io/confluent/logredactor-metrics/1.0.13/logredactor-metrics-1.0.13.jar:/home/runner/.m2/repository/com/eclipsesource/minimal-json/minimal-json/0.9.5/minimal-json-0.9.5.jar:/home/runner/.m2/repository/io/confluent/common-utils/8.0.0/common-utils-8.0.0.jar:/home/runner/.m2/repository/io/confluent/kafka-connect-avro-converter/8.0.0/kafka-connect-avro-converter-8.0.0.jar:/home/runner/.m2/repository/io/confluent/kafka-connect-avro-data/8.0.0/kafka-connect-avro-data-8.0.0.jar:/home/runner/.m2/repository/io/confluent/kafka-schema-converter/8.0.0/kafka-schema-converter-8.0.0.jar:/home/runner/.m2/repository/io/rest-assured/rest-assured/5.5.1/rest-assured-5.5.1.jar:/home/runner/.m2/repository/org/apache/groovy/groovy/4.0.22/groovy-4.0.22.jar:/home/runner/.m2/repository/org/apache/groovy/groovy-xml/4.0.22/groovy-xml-4.0.22.jar:/home/runner/.m2/repository/org/apache/httpcomponents/httpclient/4.5.14/httpclient-4.5.14.jar:/home/runner/.m2/repository/org/apache/httpcomponents/httpcore/4.4.16/httpcore-4.4.16.jar:/home/runner/.m2/repository/org/apache/httpcomponents/httpmime/4.5.14/httpmime-4.5.14.jar:/home/runner/.m2/repository/org/hamcrest/hamcrest/2.2/hamcrest-2.2.jar:/home/runner/.m2/repository/org/ccil/cowan/tagsoup/tagsoup/1.2.1/tagsoup-1.2.1.jar:/home/runner/.m2/repository/io/rest-assured/json-path/5.5.1/json-path-5.5.1.jar:/home/runner/.m2/repository/org/apache/groovy/groovy-json/4.0.22/groovy-json-4.0.22.jar:/home/runner/.m2/repository/io/rest-assured/rest-assured-common/5.5.1/rest-assured-common-5.5.1.jar:/home/runner/.m2/repository/io/rest-assured/xml-path/5.5.1/xml-path-5.5.1.jar:/home/runner/.m2/repository/io/zonky/test/embedded-postgres/2.1.0/embedded-postgres-2.1.0.jar:/home/runner/.m2/repository/io/zonky/test/postgres/embedded-postgres-binaries-windows-amd64/14.15.0/embedded-postgres-binaries-windows-amd64-14.15.0.jar:/home/runner/.m2/repository/io/zonky/test/postgres/embedded-postgres-binaries-darwin-amd64/14.15.0/embedded-postgres-binaries-darwin-amd64-14.15.0.jar:/home/runner/.m2/repository/io/zonky/test/postgres/embedded-postgres-binaries-linux-amd64/14.15.0/embedded-postgres-binaries-linux-amd64-14.15.0.jar:/home/runner/.m2/repository/io/zonky/test/postgres/embedded-postgres-binaries-linux-amd64-alpine/14.15.0/embedded-postgres-binaries-linux-amd64-alpine-14.15.0.jar:/home/runner/.m2/repository/org/apache/commons/commons-lang3/3.17.0/commons-lang3-3.17.0.jar:/home/runner/.m2/repository/org/tukaani/xz/1.10/xz-1.10.jar:/home/runner/.m2/repository/commons-codec/commons-codec/1.19.0/commons-codec-1.19.0.jar:/home/runner/.m2/repository/org/postgresql/postgresql/42.7.7/postgresql-42.7.7.jar:/home/runner/.m2/repository/commons-io/commons-io/2.18.0/commons-io-2.18.0.jar:/home/runner/work/apicurio-testing/apicurio-testing/clusters/ci419/namespaces/ksql043/tests/integration/apicurio-registry/utils/importexport/target/apicurio-registry-utils-import-export-3.0.12-SNAPSHOT.jar:/home/runner/.m2/repository/io/vertx/vertx-core/4.5.16/vertx-core-4.5.16.jar:/home/runner/.m2/repository/io/netty/netty-common/4.1.121.Final/netty-common-4.1.121.Final.jar:/home/runner/.m2/repository/io/netty/netty-buffer/4.1.121.Final/netty-buffer-4.1.121.Final.jar:/home/runner/.m2/repository/io/netty/netty-transport/4.1.121.Final/netty-transport-4.1.121.Final.jar:/home/runner/.m2/repository/io/netty/netty-handler/4.1.121.Final/netty-handler-4.1.121.Final.jar:/home/runner/.m2/repository/io/netty/netty-transport-native-unix-common/4.1.121.Final/netty-transport-native-unix-common-4.1.121.Final.jar:/home/runner/.m2/repository/io/netty/netty-codec/4.1.121.Final/netty-codec-4.1.121.Final.jar:/home/runner/.m2/repository/io/netty/netty-handler-proxy/4.1.121.Final/netty-handler-proxy-4.1.121.Final.jar:/home/runner/.m2/repository/io/netty/netty-codec-socks/4.1.121.Final/netty-codec-socks-4.1.121.Final.jar:/home/runner/.m2/repository/io/netty/netty-codec-http/4.1.121.Final/netty-codec-http-4.1.121.Final.jar:/home/runner/.m2/repository/io/netty/netty-codec-http2/4.1.121.Final/netty-codec-http2-4.1.121.Final.jar:/home/runner/.m2/repository/io/netty/netty-resolver/4.1.121.Final/netty-resolver-4.1.121.Final.jar:/home/runner/.m2/repository/io/netty/netty-resolver-dns/4.1.121.Final/netty-resolver-dns-4.1.121.Final.jar:/home/runner/.m2/repository/io/netty/netty-codec-dns/4.1.121.Final/netty-codec-dns-4.1.121.Final.jar:/home/runner/.m2/repository/com/fasterxml/jackson/core/jackson-core/2.18.2/jackson-core-2.18.2.jar:"/>
    <property name="java.vm.vendor" value="Eclipse Adoptium"/>
    <property name="maven.javadoc.skip" value="true"/>
    <property name="sun.arch.data.model" value="64"/>
    <property name="java.vendor.url" value="https://adoptium.net/"/>
    <property name="user.timezone" value="Etc/UTC"/>
    <property name="os.name" value="Linux"/>
    <property name="java.vm.specification.version" value="17"/>
    <property name="sun.java.launcher" value="SUN_STANDARD"/>
    <property name="quarkus.http.test-port" value="80"/>
    <property name="sun.boot.library.path" value="/usr/lib/jvm/temurin-17-jdk-amd64/lib"/>
    <property name="sun.java.command" value="/home/runner/work/apicurio-testing/apicurio-testing/clusters/ci419/namespaces/ksql043/tests/integration/apicurio-registry/integration-tests/target/surefire/surefirebooter-20250807122954589_3.jar /home/runner/work/apicurio-testing/apicurio-testing/clusters/ci419/namespaces/ksql043/tests/integration/apicurio-registry/integration-tests/target/surefire 2025-08-07T12-29-54_527-jvmRun1 surefire-20250807122954589_1tmp surefire_0-20250807122954589_2tmp"/>
    <property name="maven.home" value="/home/runner/.m2/wrapper/dists/apache-maven-3.9.8-bin/4fnp1ql35bgk2a0p7m31ovbgb0/apache-maven-3.9.8"/>
    <property name="jdk.debug" value="release"/>
    <property name="surefire.test.class.path" value="/home/runner/work/apicurio-testing/apicurio-testing/clusters/ci419/namespaces/ksql043/tests/integration/apicurio-registry/integration-tests/target/test-classes:/home/runner/work/apicurio-testing/apicurio-testing/clusters/ci419/namespaces/ksql043/tests/integration/apicurio-registry/integration-tests/target/apicurio-registry-integration-tests-3.0.12-SNAPSHOT.jar:/home/runner/.m2/repository/io/quarkus/quarkus-junit5/3.20.2/quarkus-junit5-3.20.2.jar:/home/runner/.m2/repository/io/quarkus/quarkus-bootstrap-core/3.20.2/quarkus-bootstrap-core-3.20.2.jar:/home/runner/.m2/repository/io/quarkus/quarkus-classloader-commons/3.20.2/quarkus-classloader-commons-3.20.2.jar:/home/runner/.m2/repository/io/quarkus/quarkus-bootstrap-app-model/3.20.2/quarkus-bootstrap-app-model-3.20.2.jar:/home/runner/.m2/repository/io/smallrye/common/smallrye-common-io/2.12.0/smallrye-common-io-2.12.0.jar:/home/runner/.m2/repository/org/eclipse/sisu/org.eclipse.sisu.inject/0.9.0.M3/org.eclipse.sisu.inject-0.9.0.M3.jar:/home/runner/.m2/repository/io/quarkus/quarkus-test-common/3.20.2/quarkus-test-common-3.20.2.jar:/home/runner/.m2/repository/io/quarkus/quarkus-core-deployment/3.20.2/quarkus-core-deployment-3.20.2.jar:/home/runner/.m2/repository/org/aesh/readline/2.6/readline-2.6.jar:/home/runner/.m2/repository/org/fusesource/jansi/jansi/2.4.0/jansi-2.4.0.jar:/home/runner/.m2/repository/org/aesh/aesh/2.8.2/aesh-2.8.2.jar:/home/runner/.m2/repository/io/quarkus/gizmo/gizmo/1.8.0/gizmo-1.8.0.jar:/home/runner/.m2/repository/org/ow2/asm/asm-util/9.7.1/asm-util-9.7.1.jar:/home/runner/.m2/repository/org/ow2/asm/asm-analysis/9.7.1/asm-analysis-9.7.1.jar:/home/runner/.m2/repository/org/ow2/asm/asm-commons/9.7.1/asm-commons-9.7.1.jar:/home/runner/.m2/repository/org/ow2/asm/asm-tree/9.7.1/asm-tree-9.7.1.jar:/home/runner/.m2/repository/io/quarkus/quarkus-hibernate-validator-spi/3.20.2/quarkus-hibernate-validator-spi-3.20.2.jar:/home/runner/.m2/repository/io/quarkus/quarkus-class-change-agent/3.20.2/quarkus-class-change-agent-3.20.2.jar:/home/runner/.m2/repository/io/quarkus/quarkus-devtools-utilities/3.20.2/quarkus-devtools-utilities-3.20.2.jar:/home/runner/.m2/repository/io/quarkus/quarkus-builder/3.20.2/quarkus-builder-3.20.2.jar:/home/runner/.m2/repository/org/graalvm/sdk/nativeimage/23.1.2/nativeimage-23.1.2.jar:/home/runner/.m2/repository/org/graalvm/sdk/word/23.1.2/word-23.1.2.jar:/home/runner/.m2/repository/io/quarkus/quarkus-bootstrap-maven-resolver/3.20.2/quarkus-bootstrap-maven-resolver-3.20.2.jar:/home/runner/.m2/repository/io/smallrye/beanbag/smallrye-beanbag-maven/1.5.2/smallrye-beanbag-maven-1.5.2.jar:/home/runner/.m2/repository/io/smallrye/beanbag/smallrye-beanbag-sisu/1.5.2/smallrye-beanbag-sisu-1.5.2.jar:/home/runner/.m2/repository/io/smallrye/beanbag/smallrye-beanbag/1.5.2/smallrye-beanbag-1.5.2.jar:/home/runner/.m2/repository/javax/inject/javax.inject/1/javax.inject-1.jar:/home/runner/.m2/repository/org/apache/maven/maven-artifact/3.9.9/maven-artifact-3.9.9.jar:/home/runner/.m2/repository/org/apache/maven/maven-builder-support/3.9.9/maven-builder-support-3.9.9.jar:/home/runner/.m2/repository/org/apache/maven/maven-model/3.9.9/maven-model-3.9.9.jar:/home/runner/.m2/repository/org/apache/maven/maven-model-builder/3.9.9/maven-model-builder-3.9.9.jar:/home/runner/.m2/repository/org/apache/maven/maven-repository-metadata/3.9.9/maven-repository-metadata-3.9.9.jar:/home/runner/.m2/repository/org/apache/maven/maven-settings/3.9.9/maven-settings-3.9.9.jar:/home/runner/.m2/repository/org/apache/maven/resolver/maven-resolver-api/1.9.22/maven-resolver-api-1.9.22.jar:/home/runner/.m2/repository/org/apache/maven/resolver/maven-resolver-impl/1.9.22/maven-resolver-impl-1.9.22.jar:/home/runner/.m2/repository/org/apache/maven/resolver/maven-resolver-named-locks/1.9.22/maven-resolver-named-locks-1.9.22.jar:/home/runner/.m2/repository/org/apache/maven/resolver/maven-resolver-spi/1.9.22/maven-resolver-spi-1.9.22.jar:/home/runner/.m2/repository/org/apache/maven/resolver/maven-resolver-util/1.9.22/maven-resolver-util-1.9.22.jar:/home/runner/.m2/repository/org/apache/maven/resolver/maven-resolver-transport-http/1.9.20/maven-resolver-transport-http-1.9.20.jar:/home/runner/.m2/repository/org/apache/maven/wagon/wagon-provider-api/3.5.3/wagon-provider-api-3.5.3.jar:/home/runner/.m2/repository/org/apache/maven/wagon/wagon-http-shared/3.5.3/wagon-http-shared-3.5.3.jar:/home/runner/.m2/repository/org/codehaus/plexus/plexus-interpolation/1.26/plexus-interpolation-1.26.jar:/home/runner/.m2/repository/org/codehaus/plexus/plexus-utils/3.5.1/plexus-utils-3.5.1.jar:/home/runner/.m2/repository/org/codehaus/plexus/plexus-xml/4.0.1/plexus-xml-4.0.1.jar:/home/runner/.m2/repository/org/apache/maven/maven-xml-impl/4.0.0-alpha-5/maven-xml-impl-4.0.0-alpha-5.jar:/home/runner/.m2/repository/org/apache/maven/maven-api-xml/4.0.0-alpha-5/maven-api-xml-4.0.0-alpha-5.jar:/home/runner/.m2/repository/org/apache/maven/maven-api-meta/4.0.0-alpha-5/maven-api-meta-4.0.0-alpha-5.jar:/home/runner/.m2/repository/org/codehaus/plexus/plexus-cipher/2.0/plexus-cipher-2.0.jar:/home/runner/.m2/repository/org/codehaus/plexus/plexus-sec-dispatcher/2.0/plexus-sec-dispatcher-2.0.jar:/home/runner/.m2/repository/org/apache/maven/maven-embedder/3.9.9/maven-embedder-3.9.9.jar:/home/runner/.m2/repository/org/apache/maven/maven-core/3.9.9/maven-core-3.9.9.jar:/home/runner/.m2/repository/org/codehaus/plexus/plexus-component-annotations/2.1.0/plexus-component-annotations-2.1.0.jar:/home/runner/.m2/repository/org/apache/maven/maven-plugin-api/3.9.9/maven-plugin-api-3.9.9.jar:/home/runner/.m2/repository/org/apache/maven/shared/maven-shared-utils/3.4.2/maven-shared-utils-3.4.2.jar:/home/runner/.m2/repository/com/google/inject/guice/5.1.0/guice-5.1.0.jar:/home/runner/.m2/repository/aopalliance/aopalliance/1.0/aopalliance-1.0.jar:/home/runner/.m2/repository/org/codehaus/plexus/plexus-classworlds/2.6.0/plexus-classworlds-2.6.0.jar:/home/runner/.m2/repository/commons-cli/commons-cli/1.8.0/commons-cli-1.8.0.jar:/home/runner/.m2/repository/org/eclipse/sisu/org.eclipse.sisu.plexus/0.9.0.M3/org.eclipse.sisu.plexus-0.9.0.M3.jar:/home/runner/.m2/repository/org/apache/maven/maven-settings-builder/3.9.9/maven-settings-builder-3.9.9.jar:/home/runner/.m2/repository/org/apache/maven/maven-resolver-provider/3.9.9/maven-resolver-provider-3.9.9.jar:/home/runner/.m2/repository/org/apache/maven/resolver/maven-resolver-connector-basic/1.9.22/maven-resolver-connector-basic-1.9.22.jar:/home/runner/.m2/repository/org/apache/maven/resolver/maven-resolver-transport-wagon/1.9.22/maven-resolver-transport-wagon-1.9.22.jar:/home/runner/.m2/repository/org/apache/maven/wagon/wagon-http/3.5.3/wagon-http-3.5.3.jar:/home/runner/.m2/repository/org/apache/maven/wagon/wagon-file/3.5.3/wagon-file-3.5.3.jar:/home/runner/.m2/repository/io/quarkus/quarkus-bootstrap-gradle-resolver/3.20.2/quarkus-bootstrap-gradle-resolver-3.20.2.jar:/home/runner/.m2/repository/io/smallrye/jandex/3.3.0/jandex-3.3.0.jar:/home/runner/.m2/repository/org/jboss/logging/commons-logging-jboss-logging/1.0.0.Final/commons-logging-jboss-logging-1.0.0.Final.jar:/home/runner/.m2/repository/io/quarkus/quarkus-junit5-config/3.20.2/quarkus-junit5-config-3.20.2.jar:/home/runner/.m2/repository/org/junit/jupiter/junit-jupiter-api/5.12.1/junit-jupiter-api-5.12.1.jar:/home/runner/.m2/repository/io/smallrye/config/smallrye-config/3.11.4/smallrye-config-3.11.4.jar:/home/runner/.m2/repository/io/smallrye/config/smallrye-config-core/3.11.4/smallrye-config-core-3.11.4.jar:/home/runner/.m2/repository/io/smallrye/common/smallrye-common-classloader/2.12.0/smallrye-common-classloader-2.12.0.jar:/home/runner/.m2/repository/io/smallrye/config/smallrye-config-common/3.11.4/smallrye-config-common-3.11.4.jar:/home/runner/.m2/repository/org/junit/jupiter/junit-jupiter/5.12.1/junit-jupiter-5.12.1.jar:/home/runner/.m2/repository/org/junit/jupiter/junit-jupiter-params/5.12.1/junit-jupiter-params-5.12.1.jar:/home/runner/.m2/repository/org/junit/jupiter/junit-jupiter-engine/5.12.1/junit-jupiter-engine-5.12.1.jar:/home/runner/.m2/repository/io/quarkus/quarkus-core/3.20.2/quarkus-core-3.20.2.jar:/home/runner/.m2/repository/jakarta/enterprise/jakarta.enterprise.cdi-api/4.1.0/jakarta.enterprise.cdi-api-4.1.0.jar:/home/runner/.m2/repository/jakarta/enterprise/jakarta.enterprise.lang-model/4.1.0/jakarta.enterprise.lang-model-4.1.0.jar:/home/runner/.m2/repository/jakarta/el/jakarta.el-api/5.0.1/jakarta.el-api-5.0.1.jar:/home/runner/.m2/repository/jakarta/interceptor/jakarta.interceptor-api/2.2.0/jakarta.interceptor-api-2.2.0.jar:/home/runner/.m2/repository/jakarta/inject/jakarta.inject-api/2.0.1/jakarta.inject-api-2.0.1.jar:/home/runner/.m2/repository/io/smallrye/common/smallrye-common-os/2.12.0/smallrye-common-os-2.12.0.jar:/home/runner/.m2/repository/io/quarkus/quarkus-ide-launcher/3.20.2/quarkus-ide-launcher-3.20.2.jar:/home/runner/.m2/repository/io/quarkus/quarkus-development-mode-spi/3.20.2/quarkus-development-mode-spi-3.20.2.jar:/home/runner/.m2/repository/org/jboss/logging/jboss-logging/3.6.1.Final/jboss-logging-3.6.1.Final.jar:/home/runner/.m2/repository/org/jboss/logmanager/jboss-logmanager/3.1.2.Final/jboss-logmanager-3.1.2.Final.jar:/home/runner/.m2/repository/io/smallrye/common/smallrye-common-constraint/2.12.0/smallrye-common-constraint-2.12.0.jar:/home/runner/.m2/repository/io/smallrye/common/smallrye-common-cpu/2.12.0/smallrye-common-cpu-2.12.0.jar:/home/runner/.m2/repository/io/smallrye/common/smallrye-common-expression/2.12.0/smallrye-common-expression-2.12.0.jar:/home/runner/.m2/repository/io/smallrye/common/smallrye-common-net/2.12.0/smallrye-common-net-2.12.0.jar:/home/runner/.m2/repository/io/smallrye/common/smallrye-common-ref/2.12.0/smallrye-common-ref-2.12.0.jar:/home/runner/.m2/repository/jakarta/json/jakarta.json-api/2.1.3/jakarta.json-api-2.1.3.jar:/home/runner/.m2/repository/org/eclipse/parsson/parsson/1.1.7/parsson-1.1.7.jar:/home/runner/.m2/repository/org/jboss/logging/jboss-logging-annotations/3.0.4.Final/jboss-logging-annotations-3.0.4.Final.jar:/home/runner/.m2/repository/org/jboss/threads/jboss-threads/3.8.0.Final/jboss-threads-3.8.0.Final.jar:/home/runner/.m2/repository/io/smallrye/common/smallrye-common-annotation/2.12.0/smallrye-common-annotation-2.12.0.jar:/home/runner/.m2/repository/io/smallrye/common/smallrye-common-function/2.12.0/smallrye-common-function-2.12.0.jar:/home/runner/.m2/repository/org/jboss/slf4j/slf4j-jboss-logmanager/2.0.0.Final/slf4j-jboss-logmanager-2.0.0.Final.jar:/home/runner/.m2/repository/org/wildfly/common/wildfly-common/2.0.1/wildfly-common-2.0.1.jar:/home/runner/.m2/repository/io/quarkus/quarkus-bootstrap-runner/3.20.2/quarkus-bootstrap-runner-3.20.2.jar:/home/runner/.m2/repository/io/github/crac/org-crac/0.1.3/org-crac-0.1.3.jar:/home/runner/.m2/repository/io/quarkus/quarkus-fs-util/0.0.10/quarkus-fs-util-0.0.10.jar:/home/runner/.m2/repository/org/jboss/marshalling/jboss-marshalling/2.2.2.Final/jboss-marshalling-2.2.2.Final.jar:/home/runner/.m2/repository/io/fabric8/kubernetes-client/7.1.0/kubernetes-client-7.1.0.jar:/home/runner/.m2/repository/io/fabric8/kubernetes-client-api/7.1.0/kubernetes-client-api-7.1.0.jar:/home/runner/.m2/repository/io/fabric8/kubernetes-model-core/7.1.0/kubernetes-model-core-7.1.0.jar:/home/runner/.m2/repository/io/fabric8/kubernetes-model-common/7.1.0/kubernetes-model-common-7.1.0.jar:/home/runner/.m2/repository/javax/annotation/javax.annotation-api/1.3.2/javax.annotation-api-1.3.2.jar:/home/runner/.m2/repository/io/fabric8/kubernetes-model-gatewayapi/7.1.0/kubernetes-model-gatewayapi-7.1.0.jar:/home/runner/.m2/repository/io/fabric8/kubernetes-model-resource/7.1.0/kubernetes-model-resource-7.1.0.jar:/home/runner/.m2/repository/io/fabric8/kubernetes-model-rbac/7.1.0/kubernetes-model-rbac-7.1.0.jar:/home/runner/.m2/repository/io/fabric8/kubernetes-model-admissionregistration/7.1.0/kubernetes-model-admissionregistration-7.1.0.jar:/home/runner/.m2/repository/io/fabric8/kubernetes-model-apps/7.1.0/kubernetes-model-apps-7.1.0.jar:/home/runner/.m2/repository/io/fabric8/kubernetes-model-autoscaling/7.1.0/kubernetes-model-autoscaling-7.1.0.jar:/home/runner/.m2/repository/io/fabric8/kubernetes-model-apiextensions/7.1.0/kubernetes-model-apiextensions-7.1.0.jar:/home/runner/.m2/repository/io/fabric8/kubernetes-model-batch/7.1.0/kubernetes-model-batch-7.1.0.jar:/home/runner/.m2/repository/io/fabric8/kubernetes-model-certificates/7.1.0/kubernetes-model-certificates-7.1.0.jar:/home/runner/.m2/repository/io/fabric8/kubernetes-model-coordination/7.1.0/kubernetes-model-coordination-7.1.0.jar:/home/runner/.m2/repository/io/fabric8/kubernetes-model-discovery/7.1.0/kubernetes-model-discovery-7.1.0.jar:/home/runner/.m2/repository/io/fabric8/kubernetes-model-events/7.1.0/kubernetes-model-events-7.1.0.jar:/home/runner/.m2/repository/io/fabric8/kubernetes-model-extensions/7.1.0/kubernetes-model-extensions-7.1.0.jar:/home/runner/.m2/repository/io/fabric8/kubernetes-model-flowcontrol/7.1.0/kubernetes-model-flowcontrol-7.1.0.jar:/home/runner/.m2/repository/io/fabric8/kubernetes-model-networking/7.1.0/kubernetes-model-networking-7.1.0.jar:/home/runner/.m2/repository/io/fabric8/kubernetes-model-metrics/7.1.0/kubernetes-model-metrics-7.1.0.jar:/home/runner/.m2/repository/io/fabric8/kubernetes-model-policy/7.1.0/kubernetes-model-policy-7.1.0.jar:/home/runner/.m2/repository/io/fabric8/kubernetes-model-scheduling/7.1.0/kubernetes-model-scheduling-7.1.0.jar:/home/runner/.m2/repository/io/fabric8/kubernetes-model-storageclass/7.1.0/kubernetes-model-storageclass-7.1.0.jar:/home/runner/.m2/repository/io/fabric8/kubernetes-model-node/7.1.0/kubernetes-model-node-7.1.0.jar:/home/runner/.m2/repository/org/snakeyaml/snakeyaml-engine/2.9/snakeyaml-engine-2.9.jar:/home/runner/.m2/repository/com/fasterxml/jackson/dataformat/jackson-dataformat-yaml/2.18.2/jackson-dataformat-yaml-2.18.2.jar:/home/runner/.m2/repository/com/fasterxml/jackson/datatype/jackson-datatype-jsr310/2.18.2/jackson-datatype-jsr310-2.18.2.jar:/home/runner/.m2/repository/io/fabric8/zjsonpatch/7.1.0/zjsonpatch-7.1.0.jar:/home/runner/.m2/repository/io/fabric8/kubernetes-httpclient-vertx/7.1.0/kubernetes-httpclient-vertx-7.1.0.jar:/home/runner/.m2/repository/io/vertx/vertx-web-client/4.5.16/vertx-web-client-4.5.16.jar:/home/runner/.m2/repository/io/vertx/vertx-web-common/4.5.16/vertx-web-common-4.5.16.jar:/home/runner/.m2/repository/io/vertx/vertx-auth-common/4.5.16/vertx-auth-common-4.5.16.jar:/home/runner/.m2/repository/io/vertx/vertx-uri-template/4.5.16/vertx-uri-template-4.5.16.jar:/home/runner/.m2/repository/io/fabric8/openshift-client/7.1.0/openshift-client-7.1.0.jar:/home/runner/.m2/repository/io/fabric8/openshift-client-api/7.1.0/openshift-client-api-7.1.0.jar:/home/runner/.m2/repository/io/fabric8/openshift-model/7.1.0/openshift-model-7.1.0.jar:/home/runner/.m2/repository/io/fabric8/openshift-model-autoscaling/7.1.0/openshift-model-autoscaling-7.1.0.jar:/home/runner/.m2/repository/io/fabric8/openshift-model-operator/7.1.0/openshift-model-operator-7.1.0.jar:/home/runner/.m2/repository/io/fabric8/openshift-model-operatorhub/7.1.0/openshift-model-operatorhub-7.1.0.jar:/home/runner/.m2/repository/io/fabric8/openshift-model-machine/7.1.0/openshift-model-machine-7.1.0.jar:/home/runner/.m2/repository/io/fabric8/openshift-model-whereabouts/7.1.0/openshift-model-whereabouts-7.1.0.jar:/home/runner/.m2/repository/io/fabric8/openshift-model-monitoring/7.1.0/openshift-model-monitoring-7.1.0.jar:/home/runner/.m2/repository/io/fabric8/openshift-model-storageversionmigrator/7.1.0/openshift-model-storageversionmigrator-7.1.0.jar:/home/runner/.m2/repository/io/fabric8/openshift-model-tuned/7.1.0/openshift-model-tuned-7.1.0.jar:/home/runner/.m2/repository/io/fabric8/openshift-model-console/7.1.0/openshift-model-console-7.1.0.jar:/home/runner/.m2/repository/io/fabric8/openshift-model-config/7.1.0/openshift-model-config-7.1.0.jar:/home/runner/.m2/repository/io/fabric8/openshift-model-machineconfiguration/7.1.0/openshift-model-machineconfiguration-7.1.0.jar:/home/runner/.m2/repository/io/fabric8/openshift-model-miscellaneous/7.1.0/openshift-model-miscellaneous-7.1.0.jar:/home/runner/.m2/repository/io/fabric8/openshift-model-hive/7.1.0/openshift-model-hive-7.1.0.jar:/home/runner/.m2/repository/io/fabric8/openshift-model-installer/7.1.0/openshift-model-installer-7.1.0.jar:/home/runner/.m2/repository/org/junit/platform/junit-platform-launcher/1.12.1/junit-platform-launcher-1.12.1.jar:/home/runner/.m2/repository/org/junit/platform/junit-platform-engine/1.12.1/junit-platform-engine-1.12.1.jar:/home/runner/.m2/repository/org/opentest4j/opentest4j/1.3.0/opentest4j-1.3.0.jar:/home/runner/.m2/repository/org/junit/platform/junit-platform-commons/1.12.1/junit-platform-commons-1.12.1.jar:/home/runner/.m2/repository/org/apiguardian/apiguardian-api/1.1.2/apiguardian-api-1.1.2.jar:/home/runner/.m2/repository/jakarta/ws/rs/jakarta.ws.rs-api/3.1.0/jakarta.ws.rs-api-3.1.0.jar:/home/runner/work/apicurio-testing/apicurio-testing/clusters/ci419/namespaces/ksql043/tests/integration/apicurio-registry/java-sdk/target/apicurio-registry-java-sdk-3.0.12-SNAPSHOT.jar:/home/runner/.m2/repository/com/microsoft/kiota/microsoft-kiota-abstractions/1.8.8/microsoft-kiota-abstractions-1.8.8.jar:/home/runner/.m2/repository/io/github/std-uritemplate/std-uritemplate/2.0.0/std-uritemplate-2.0.0.jar:/home/runner/.m2/repository/io/kiota/kiota-http-jdk/0.0.29/kiota-http-jdk-0.0.29.jar:/home/runner/.m2/repository/io/kiota/kiota-http-vertx/0.0.29/kiota-http-vertx-0.0.29.jar:/home/runner/.m2/repository/io/kiota/kiota-serialization-jackson/0.0.29/kiota-serialization-jackson-0.0.29.jar:/home/runner/.m2/repository/com/microsoft/kiota/microsoft-kiota-serialization-text/1.8.8/microsoft-kiota-serialization-text-1.8.8.jar:/home/runner/.m2/repository/com/microsoft/kiota/microsoft-kiota-serialization-form/1.8.8/microsoft-kiota-serialization-form-1.8.8.jar:/home/runner/.m2/repository/com/microsoft/kiota/microsoft-kiota-serialization-multipart/1.8.8/microsoft-kiota-serialization-multipart-1.8.8.jar:/home/runner/.m2/repository/jakarta/annotation/jakarta.annotation-api/3.0.0/jakarta.annotation-api-3.0.0.jar:/home/runner/.m2/repository/io/vertx/vertx-auth-oauth2/4.5.16/vertx-auth-oauth2-4.5.16.jar:/home/runner/work/apicurio-testing/apicurio-testing/clusters/ci419/namespaces/ksql043/tests/integration/apicurio-registry/java-sdk-v2/target/apicurio-registry-v2-java-sdk-3.0.12-SNAPSHOT.jar:/home/runner/work/apicurio-testing/apicurio-testing/clusters/ci419/namespaces/ksql043/tests/integration/apicurio-registry/utils/kafka/target/apicurio-registry-utils-kafka-3.0.12-SNAPSHOT-tests.jar:/home/runner/.m2/repository/org/eclipse/microprofile/config/microprofile-config-api/3.1/microprofile-config-api-3.1.jar:/home/runner/.m2/repository/org/apache/kafka/kafka-clients/3.9.1/kafka-clients-3.9.1.jar:/home/runner/.m2/repository/com/github/luben/zstd-jni/1.5.6-4/zstd-jni-1.5.6-4.jar:/home/runner/.m2/repository/org/lz4/lz4-java/1.8.0/lz4-java-1.8.0.jar:/home/runner/.m2/repository/org/xerial/snappy/snappy-java/1.1.10.5/snappy-java-1.1.10.5.jar:/home/runner/.m2/repository/org/slf4j/slf4j-api/2.0.6/slf4j-api-2.0.6.jar:/home/runner/work/apicurio-testing/apicurio-testing/clusters/ci419/namespaces/ksql043/tests/integration/apicurio-registry/utils/tests/target/apicurio-registry-utils-tests-3.0.12-SNAPSHOT.jar:/home/runner/work/apicurio-testing/apicurio-testing/clusters/ci419/namespaces/ksql043/tests/integration/apicurio-registry/common/target/apicurio-registry-common-3.0.12-SNAPSHOT.jar:/home/runner/.m2/repository/jakarta/validation/jakarta.validation-api/3.0.2/jakarta.validation-api-3.0.2.jar:/home/runner/.m2/repository/com/github/dasniko/testcontainers-keycloak/3.8.0/testcontainers-keycloak-3.8.0.jar:/home/runner/.m2/repository/org/testcontainers/testcontainers/1.20.6/testcontainers-1.20.6.jar:/home/runner/.m2/repository/org/rnorth/duct-tape/duct-tape/1.0.8/duct-tape-1.0.8.jar:/home/runner/.m2/repository/com/github/docker-java/docker-java-transport-zerodep/3.4.1/docker-java-transport-zerodep-3.4.1.jar:/home/runner/.m2/repository/com/github/docker-java/docker-java-transport/3.4.1/docker-java-transport-3.4.1.jar:/home/runner/.m2/repository/net/java/dev/jna/jna/5.8.0/jna-5.8.0.jar:/home/runner/.m2/repository/io/quarkus/quarkus-junit4-mock/3.20.2/quarkus-junit4-mock-3.20.2.jar:/home/runner/.m2/repository/org/jboss/shrinkwrap/shrinkwrap-api/2.0.0-beta-2/shrinkwrap-api-2.0.0-beta-2.jar:/home/runner/.m2/repository/org/jboss/shrinkwrap/shrinkwrap-impl-base/2.0.0-beta-2/shrinkwrap-impl-base-2.0.0-beta-2.jar:/home/runner/.m2/repository/org/jboss/shrinkwrap/shrinkwrap-spi/2.0.0-beta-2/shrinkwrap-spi-2.0.0-beta-2.jar:/home/runner/.m2/repository/org/keycloak/keycloak-admin-client/26.0.4/keycloak-admin-client-26.0.4.jar:/home/runner/.m2/repository/org/keycloak/keycloak-client-common-synced/26.0.4/keycloak-client-common-synced-26.0.4.jar:/home/runner/.m2/repository/jakarta/activation/jakarta.activation-api/2.1.3/jakarta.activation-api-2.1.3.jar:/home/runner/.m2/repository/org/eclipse/microprofile/openapi/microprofile-openapi-api/4.0.2/microprofile-openapi-api-4.0.2.jar:/home/runner/.m2/repository/org/jboss/resteasy/resteasy-client/6.2.12.Final/resteasy-client-6.2.12.Final.jar:/home/runner/.m2/repository/org/jboss/resteasy/resteasy-client-api/6.2.12.Final/resteasy-client-api-6.2.12.Final.jar:/home/runner/.m2/repository/org/jboss/resteasy/resteasy-core-spi/6.2.12.Final/resteasy-core-spi-6.2.12.Final.jar:/home/runner/.m2/repository/org/jboss/resteasy/resteasy-core/6.2.12.Final/resteasy-core-6.2.12.Final.jar:/home/runner/.m2/repository/org/eclipse/angus/angus-activation/2.0.2/angus-activation-2.0.2.jar:/home/runner/.m2/repository/com/ibm/async/asyncutil/0.1.0/asyncutil-0.1.0.jar:/home/runner/.m2/repository/org/reactivestreams/reactive-streams/1.0.4/reactive-streams-1.0.4.jar:/home/runner/.m2/repository/org/jboss/resteasy/resteasy-multipart-provider/6.2.12.Final/resteasy-multipart-provider-6.2.12.Final.jar:/home/runner/.m2/repository/jakarta/mail/jakarta.mail-api/2.1.3/jakarta.mail-api-2.1.3.jar:/home/runner/.m2/repository/org/eclipse/angus/angus-mail/2.0.3/angus-mail-2.0.3.jar:/home/runner/.m2/repository/org/apache/james/apache-mime4j-dom/0.8.12/apache-mime4j-dom-0.8.12.jar:/home/runner/.m2/repository/org/apache/james/apache-mime4j-core/0.8.12/apache-mime4j-core-0.8.12.jar:/home/runner/.m2/repository/org/apache/james/apache-mime4j-storage/0.8.12/apache-mime4j-storage-0.8.12.jar:/home/runner/.m2/repository/org/jboss/resteasy/resteasy-jackson2-provider/6.2.12.Final/resteasy-jackson2-provider-6.2.12.Final.jar:/home/runner/.m2/repository/com/fasterxml/jackson/jakarta/rs/jackson-jakarta-rs-base/2.18.2/jackson-jakarta-rs-base-2.18.2.jar:/home/runner/.m2/repository/com/fasterxml/jackson/jakarta/rs/jackson-jakarta-rs-json-provider/2.18.2/jackson-jakarta-rs-json-provider-2.18.2.jar:/home/runner/.m2/repository/com/fasterxml/jackson/module/jackson-module-jakarta-xmlbind-annotations/2.18.2/jackson-module-jakarta-xmlbind-annotations-2.18.2.jar:/home/runner/.m2/repository/com/github/java-json-tools/json-patch/1.13/json-patch-1.13.jar:/home/runner/.m2/repository/com/github/java-json-tools/msg-simple/1.2/msg-simple-1.2.jar:/home/runner/.m2/repository/com/github/java-json-tools/btf/1.3/btf-1.3.jar:/home/runner/.m2/repository/com/github/java-json-tools/jackson-coreutils/2.0/jackson-coreutils-2.0.jar:/home/runner/.m2/repository/org/jboss/resteasy/resteasy-jaxb-provider/6.2.12.Final/resteasy-jaxb-provider-6.2.12.Final.jar:/home/runner/.m2/repository/org/glassfish/jaxb/codemodel/4.0.5/codemodel-4.0.5.jar:/home/runner/.m2/repository/org/glassfish/jaxb/jaxb-core/4.0.5/jaxb-core-4.0.5.jar:/home/runner/.m2/repository/org/glassfish/jaxb/jaxb-jxc/4.0.5/jaxb-jxc-4.0.5.jar:/home/runner/.m2/repository/org/glassfish/jaxb/jaxb-runtime/4.0.5/jaxb-runtime-4.0.5.jar:/home/runner/.m2/repository/org/glassfish/jaxb/txw2/4.0.5/txw2-4.0.5.jar:/home/runner/.m2/repository/org/glassfish/jaxb/jaxb-xjc/4.0.5/jaxb-xjc-4.0.5.jar:/home/runner/.m2/repository/org/glassfish/jaxb/xsom/4.0.5/xsom-4.0.5.jar:/home/runner/.m2/repository/com/sun/istack/istack-commons-runtime/4.1.2/istack-commons-runtime-4.1.2.jar:/home/runner/.m2/repository/com/sun/istack/istack-commons-tools/4.1.2/istack-commons-tools-4.1.2.jar:/home/runner/.m2/repository/com/sun/xml/bind/external/relaxng-datatype/4.0.5/relaxng-datatype-4.0.5.jar:/home/runner/.m2/repository/com/sun/xml/bind/external/rngom/4.0.5/rngom-4.0.5.jar:/home/runner/.m2/repository/org/testcontainers/mssqlserver/1.20.6/mssqlserver-1.20.6.jar:/home/runner/.m2/repository/org/testcontainers/jdbc/1.20.6/jdbc-1.20.6.jar:/home/runner/.m2/repository/org/testcontainers/database-commons/1.20.6/database-commons-1.20.6.jar:/home/runner/.m2/repository/org/testcontainers/mysql/1.20.6/mysql-1.20.6.jar:/home/runner/.m2/repository/io/strimzi/strimzi-test-container/0.111.0/strimzi-test-container-0.111.0.jar:/home/runner/.m2/repository/org/testcontainers/toxiproxy/1.20.6/toxiproxy-1.20.6.jar:/home/runner/.m2/repository/com/github/docker-java/docker-java-api/3.4.1/docker-java-api-3.4.1.jar:/home/runner/.m2/repository/org/apache/logging/log4j/log4j-slf4j-impl/2.19.0/log4j-slf4j-impl-2.19.0.jar:/home/runner/.m2/repository/org/apache/logging/log4j/log4j-api/2.24.3/log4j-api-2.24.3.jar:/home/runner/.m2/repository/org/apache/logging/log4j/log4j-core/2.19.0/log4j-core-2.19.0.jar:/home/runner/.m2/repository/eu/rekawek/toxiproxy/toxiproxy-java/2.1.7/toxiproxy-java-2.1.7.jar:/home/runner/.m2/repository/org/testcontainers/pulsar/1.21.3/pulsar-1.21.3.jar:/home/runner/.m2/repository/io/debezium/debezium-testing-testcontainers/2.7.4.Final/debezium-testing-testcontainers-2.7.4.Final.jar:/home/runner/.m2/repository/org/testcontainers/kafka/1.20.6/kafka-1.20.6.jar:/home/runner/.m2/repository/com/squareup/okhttp3/okhttp/4.8.1/okhttp-4.8.1.jar:/home/runner/.m2/repository/com/squareup/okio/okio/3.10.2/okio-3.10.2.jar:/home/runner/.m2/repository/com/squareup/okio/okio-jvm/3.10.2/okio-jvm-3.10.2.jar:/home/runner/.m2/repository/org/jetbrains/kotlin/kotlin-stdlib/2.0.21/kotlin-stdlib-2.0.21.jar:/home/runner/.m2/repository/org/awaitility/awaitility/4.3.0/awaitility-4.3.0.jar:/home/runner/.m2/repository/org/testcontainers/mongodb/1.20.6/mongodb-1.20.6.jar:/home/runner/.m2/repository/org/testcontainers/mariadb/1.20.6/mariadb-1.20.6.jar:/home/runner/.m2/repository/org/testcontainers/oracle-xe/1.20.6/oracle-xe-1.20.6.jar:/home/runner/.m2/repository/org/testcontainers/postgresql/1.20.6/postgresql-1.20.6.jar:/home/runner/.m2/repository/org/wiremock/wiremock/3.0.1/wiremock-3.0.1.jar:/home/runner/.m2/repository/org/eclipse/jetty/jetty-server/11.0.15/jetty-server-11.0.15.jar:/home/runner/.m2/repository/org/eclipse/jetty/toolchain/jetty-jakarta-servlet-api/5.0.2/jetty-jakarta-servlet-api-5.0.2.jar:/home/runner/.m2/repository/org/eclipse/jetty/jetty-http/11.0.15/jetty-http-11.0.15.jar:/home/runner/.m2/repository/org/eclipse/jetty/jetty-io/11.0.15/jetty-io-11.0.15.jar:/home/runner/.m2/repository/org/eclipse/jetty/jetty-servlet/11.0.15/jetty-servlet-11.0.15.jar:/home/runner/.m2/repository/org/eclipse/jetty/jetty-security/11.0.15/jetty-security-11.0.15.jar:/home/runner/.m2/repository/org/eclipse/jetty/jetty-servlets/11.0.15/jetty-servlets-11.0.15.jar:/home/runner/.m2/repository/org/eclipse/jetty/jetty-util/11.0.15/jetty-util-11.0.15.jar:/home/runner/.m2/repository/org/eclipse/jetty/jetty-webapp/11.0.15/jetty-webapp-11.0.15.jar:/home/runner/.m2/repository/org/eclipse/jetty/jetty-xml/11.0.15/jetty-xml-11.0.15.jar:/home/runner/.m2/repository/org/eclipse/jetty/jetty-proxy/11.0.15/jetty-proxy-11.0.15.jar:/home/runner/.m2/repository/org/eclipse/jetty/jetty-client/11.0.15/jetty-client-11.0.15.jar:/home/runner/.m2/repository/org/eclipse/jetty/http2/http2-server/11.0.15/http2-server-11.0.15.jar:/home/runner/.m2/repository/org/eclipse/jetty/http2/http2-common/11.0.15/http2-common-11.0.15.jar:/home/runner/.m2/repository/org/eclipse/jetty/http2/http2-hpack/11.0.15/http2-hpack-11.0.15.jar:/home/runner/.m2/repository/org/eclipse/jetty/jetty-alpn-server/11.0.15/jetty-alpn-server-11.0.15.jar:/home/runner/.m2/repository/org/eclipse/jetty/jetty-alpn-java-server/11.0.15/jetty-alpn-java-server-11.0.15.jar:/home/runner/.m2/repository/org/eclipse/jetty/jetty-alpn-java-client/11.0.15/jetty-alpn-java-client-11.0.15.jar:/home/runner/.m2/repository/org/eclipse/jetty/jetty-alpn-client/11.0.15/jetty-alpn-client-11.0.15.jar:/home/runner/.m2/repository/org/apache/httpcomponents/client5/httpclient5/5.2.1/httpclient5-5.2.1.jar:/home/runner/.m2/repository/org/apache/httpcomponents/core5/httpcore5/5.2/httpcore5-5.2.jar:/home/runner/.m2/repository/org/apache/httpcomponents/core5/httpcore5-h2/5.2/httpcore5-h2-5.2.jar:/home/runner/.m2/repository/org/xmlunit/xmlunit-core/2.9.1/xmlunit-core-2.9.1.jar:/home/runner/.m2/repository/jakarta/xml/bind/jakarta.xml.bind-api/4.0.2/jakarta.xml.bind-api-4.0.2.jar:/home/runner/.m2/repository/org/xmlunit/xmlunit-legacy/2.9.1/xmlunit-legacy-2.9.1.jar:/home/runner/.m2/repository/org/xmlunit/xmlunit-placeholders/2.9.1/xmlunit-placeholders-2.9.1.jar:/home/runner/.m2/repository/net/javacrumbs/json-unit/json-unit-core/2.38.0/json-unit-core-2.38.0.jar:/home/runner/.m2/repository/org/hamcrest/hamcrest-core/2.2/hamcrest-core-2.2.jar:/home/runner/.m2/repository/com/jayway/jsonpath/json-path/2.8.0/json-path-2.8.0.jar:/home/runner/.m2/repository/net/minidev/json-smart/2.4.10/json-smart-2.4.10.jar:/home/runner/.m2/repository/net/minidev/accessors-smart/2.4.9/accessors-smart-2.4.9.jar:/home/runner/.m2/repository/org/ow2/asm/asm/9.7.1/asm-9.7.1.jar:/home/runner/.m2/repository/net/sf/jopt-simple/jopt-simple/5.0.4/jopt-simple-5.0.4.jar:/home/runner/.m2/repository/com/github/jknack/handlebars/4.3.1/handlebars-4.3.1.jar:/home/runner/.m2/repository/com/github/jknack/handlebars-helpers/4.3.1/handlebars-helpers-4.3.1.jar:/home/runner/.m2/repository/commons-fileupload/commons-fileupload/1.5/commons-fileupload-1.5.jar:/home/runner/.m2/repository/com/networknt/json-schema-validator/1.5.8/json-schema-validator-1.5.8.jar:/home/runner/.m2/repository/com/ethlo/time/itu/1.10.3/itu-1.10.3.jar:/home/runner/.m2/repository/io/quarkus/quarkus-smallrye-jwt-build/3.20.2/quarkus-smallrye-jwt-build-3.20.2.jar:/home/runner/.m2/repository/io/smallrye/smallrye-jwt-build/4.6.2/smallrye-jwt-build-4.6.2.jar:/home/runner/.m2/repository/org/eclipse/microprofile/jwt/microprofile-jwt-auth-api/2.1/microprofile-jwt-auth-api-2.1.jar:/home/runner/.m2/repository/org/bitbucket/b_c/jose4j/0.9.6/jose4j-0.9.6.jar:/home/runner/.m2/repository/io/smallrye/smallrye-jwt-common/4.6.2/smallrye-jwt-common-4.6.2.jar:/home/runner/.m2/repository/io/quarkus/quarkus-jsonp/3.20.2/quarkus-jsonp-3.20.2.jar:/home/runner/.m2/repository/io/quarkus/quarkus-arc/3.20.2/quarkus-arc-3.20.2.jar:/home/runner/.m2/repository/io/quarkus/arc/arc/3.20.2/arc-3.20.2.jar:/home/runner/.m2/repository/jakarta/transaction/jakarta.transaction-api/2.0.1/jakarta.transaction-api-2.0.1.jar:/home/runner/.m2/repository/io/smallrye/reactive/mutiny/2.9.2/mutiny-2.9.2.jar:/home/runner/.m2/repository/org/jctools/jctools-core/4.0.5/jctools-core-4.0.5.jar:/home/runner/.m2/repository/org/eclipse/microprofile/context-propagation/microprofile-context-propagation-api/1.3/microprofile-context-propagation-api-1.3.jar:/home/runner/.m2/repository/io/apicurio/apicurio-common-rest-client-common/0.1.18.Final/apicurio-common-rest-client-common-0.1.18.Final.jar:/home/runner/work/apicurio-testing/apicurio-testing/clusters/ci419/namespaces/ksql043/tests/integration/apicurio-registry/utils/maven-plugin/target/apicurio-registry-maven-plugin-3.0.12-SNAPSHOT.jar:/home/runner/.m2/repository/com/fasterxml/jackson/core/jackson-databind/2.18.2/jackson-databind-2.18.2.jar:/home/runner/.m2/repository/org/apache/avro/avro/1.12.0/avro-1.12.0.jar:/home/runner/.m2/repository/com/google/protobuf/protobuf-java/4.31.1/protobuf-java-4.31.1.jar:/home/runner/.m2/repository/com/google/protobuf/protobuf-java-util/4.31.1/protobuf-java-util-4.31.1.jar:/home/runner/.m2/repository/com/google/code/findbugs/jsr305/3.0.2/jsr305-3.0.2.jar:/home/runner/.m2/repository/com/google/code/gson/gson/2.12.1/gson-2.12.1.jar:/home/runner/.m2/repository/com/google/errorprone/error_prone_annotations/2.36.0/error_prone_annotations-2.36.0.jar:/home/runner/.m2/repository/com/google/j2objc/j2objc-annotations/2.8/j2objc-annotations-2.8.jar:/home/runner/work/apicurio-testing/apicurio-testing/clusters/ci419/namespaces/ksql043/tests/integration/apicurio-registry/schema-util/util-provider/target/apicurio-registry-schema-util-provider-3.0.12-SNAPSHOT.jar:/home/runner/work/apicurio-testing/apicurio-testing/clusters/ci419/namespaces/ksql043/tests/integration/apicurio-registry/schema-util/common/target/apicurio-registry-schema-util-common-3.0.12-SNAPSHOT.jar:/home/runner/.m2/repository/com/fasterxml/jackson/module/jackson-module-parameter-names/2.18.2/jackson-module-parameter-names-2.18.2.jar:/home/runner/.m2/repository/com/fasterxml/jackson/datatype/jackson-datatype-json-org/2.18.2/jackson-datatype-json-org-2.18.2.jar:/home/runner/work/apicurio-testing/apicurio-testing/clusters/ci419/namespaces/ksql043/tests/integration/apicurio-registry/schema-util/json/target/apicurio-registry-schema-util-json-3.0.12-SNAPSHOT.jar:/home/runner/.m2/repository/com/github/erosb/everit-json-schema/1.14.5/everit-json-schema-1.14.5.jar:/home/runner/.m2/repository/commons-validator/commons-validator/1.9.0/commons-validator-1.9.0.jar:/home/runner/.m2/repository/commons-digester/commons-digester/2.1/commons-digester-2.1.jar:/home/runner/.m2/repository/commons-collections/commons-collections/3.2.2/commons-collections-3.2.2.jar:/home/runner/.m2/repository/com/damnhandy/handy-uri-templates/2.1.8/handy-uri-templates-2.1.8.jar:/home/runner/.m2/repository/joda-time/joda-time/2.10.2/joda-time-2.10.2.jar:/home/runner/.m2/repository/com/github/erosb/json-sKema/0.20.0/json-sKema-0.20.0.jar:/home/runner/.m2/repository/io/vertx/vertx-json-schema/4.5.16/vertx-json-schema-4.5.16.jar:/home/runner/work/apicurio-testing/apicurio-testing/clusters/ci419/namespaces/ksql043/tests/integration/apicurio-registry/schema-util/protobuf/target/apicurio-registry-schema-util-protobuf-3.0.12-SNAPSHOT.jar:/home/runner/work/apicurio-testing/apicurio-testing/clusters/ci419/namespaces/ksql043/tests/integration/apicurio-registry/utils/protobuf-schema-utilities/target/apicurio-registry-protobuf-schema-utilities-3.0.12-SNAPSHOT.jar:/home/runner/.m2/repository/com/google/api/grpc/proto-google-common-protos/2.52.0/proto-google-common-protos-2.52.0.jar:/home/runner/.m2/repository/com/squareup/wire/wire-schema-jvm/5.3.3/wire-schema-jvm-5.3.3.jar:/home/runner/.m2/repository/com/palantir/javapoet/javapoet/0.6.0/javapoet-0.6.0.jar:/home/runner/.m2/repository/com/squareup/kotlinpoet-jvm/2.0.0/kotlinpoet-jvm-2.0.0.jar:/home/runner/.m2/repository/org/jetbrains/kotlin/kotlin-reflect/2.0.21/kotlin-reflect-2.0.21.jar:/home/runner/.m2/repository/com/squareup/wire/wire-runtime-jvm/5.3.3/wire-runtime-jvm-5.3.3.jar:/home/runner/.m2/repository/com/ibm/icu/icu4j/76.1/icu4j-76.1.jar:/home/runner/.m2/repository/com/squareup/okio/okio-fakefilesystem/3.10.2/okio-fakefilesystem-3.10.2.jar:/home/runner/.m2/repository/com/squareup/okio/okio-fakefilesystem-jvm/3.10.2/okio-fakefilesystem-jvm-3.10.2.jar:/home/runner/.m2/repository/org/jetbrains/kotlinx/kotlinx-datetime-jvm/0.6.1/kotlinx-datetime-jvm-0.6.1.jar:/home/runner/work/apicurio-testing/apicurio-testing/clusters/ci419/namespaces/ksql043/tests/integration/apicurio-registry/schema-util/asyncapi/target/apicurio-registry-schema-util-asyncapi-3.0.12-SNAPSHOT.jar:/home/runner/work/apicurio-testing/apicurio-testing/clusters/ci419/namespaces/ksql043/tests/integration/apicurio-registry/schema-util/avro/target/apicurio-registry-schema-util-avro-3.0.12-SNAPSHOT.jar:/home/runner/work/apicurio-testing/apicurio-testing/clusters/ci419/namespaces/ksql043/tests/integration/apicurio-registry/schema-util/graphql/target/apicurio-registry-schema-util-graphql-3.0.12-SNAPSHOT.jar:/home/runner/.m2/repository/com/graphql-java/graphql-java/22.4/graphql-java-22.4.jar:/home/runner/.m2/repository/com/graphql-java/java-dataloader/3.3.0/java-dataloader-3.3.0.jar:/home/runner/work/apicurio-testing/apicurio-testing/clusters/ci419/namespaces/ksql043/tests/integration/apicurio-registry/schema-util/kconnect/target/apicurio-registry-schema-util-kconnect-3.0.12-SNAPSHOT.jar:/home/runner/work/apicurio-testing/apicurio-testing/clusters/ci419/namespaces/ksql043/tests/integration/apicurio-registry/schema-util/openapi/target/apicurio-registry-schema-util-openapi-3.0.12-SNAPSHOT.jar:/home/runner/.m2/repository/io/apicurio/apicurio-data-models/2.2.2/apicurio-data-models-2.2.2.jar:/home/runner/.m2/repository/org/openapitools/openapidiff/openapi-diff-core/2.1.2/openapi-diff-core-2.1.2.jar:/home/runner/.m2/repository/io/swagger/parser/v3/swagger-parser/2.1.28/swagger-parser-2.1.28.jar:/home/runner/.m2/repository/io/swagger/parser/v3/swagger-parser-v2-converter/2.1.28/swagger-parser-v2-converter-2.1.28.jar:/home/runner/.m2/repository/io/swagger/swagger-core/1.6.16/swagger-core-1.6.16.jar:/home/runner/.m2/repository/io/swagger/swagger-models/1.6.16/swagger-models-1.6.16.jar:/home/runner/.m2/repository/io/swagger/swagger-annotations/1.6.16/swagger-annotations-1.6.16.jar:/home/runner/.m2/repository/io/swagger/swagger-parser/1.0.75/swagger-parser-1.0.75.jar:/home/runner/.m2/repository/io/swagger/swagger-parser-safe-url-resolver/1.0.75/swagger-parser-safe-url-resolver-1.0.75.jar:/home/runner/.m2/repository/io/swagger/swagger-compat-spec-parser/1.0.75/swagger-compat-spec-parser-1.0.75.jar:/home/runner/.m2/repository/com/github/java-json-tools/json-schema-validator/2.2.14/json-schema-validator-2.2.14.jar:/home/runner/.m2/repository/com/github/java-json-tools/jackson-coreutils-equivalence/1.0/jackson-coreutils-equivalence-1.0.jar:/home/runner/.m2/repository/com/github/java-json-tools/json-schema-core/1.2.14/json-schema-core-1.2.14.jar:/home/runner/.m2/repository/com/github/java-json-tools/uri-template/0.10/uri-template-0.10.jar:/home/runner/.m2/repository/com/googlecode/libphonenumber/libphonenumber/8.11.1/libphonenumber-8.11.1.jar:/home/runner/.m2/repository/com/j2html/j2html/1.6.0/j2html-1.6.0.jar:/home/runner/.m2/repository/org/apache/commons/commons-collections4/4.5.0/commons-collections4-4.5.0.jar:/home/runner/.m2/repository/org/slf4j/jcl-over-slf4j/2.0.17/jcl-over-slf4j-2.0.17.jar:/home/runner/.m2/repository/io/swagger/parser/v3/swagger-parser-v3/2.1.31/swagger-parser-v3-2.1.31.jar:/home/runner/.m2/repository/io/swagger/core/v3/swagger-models/2.2.34/swagger-models-2.2.34.jar:/home/runner/.m2/repository/io/swagger/core/v3/swagger-core/2.2.34/swagger-core-2.2.34.jar:/home/runner/.m2/repository/io/swagger/parser/v3/swagger-parser-core/2.1.31/swagger-parser-core-2.1.31.jar:/home/runner/.m2/repository/io/swagger/parser/v3/swagger-parser-safe-url-resolver/2.1.31/swagger-parser-safe-url-resolver-2.1.31.jar:/home/runner/work/apicurio-testing/apicurio-testing/clusters/ci419/namespaces/ksql043/tests/integration/apicurio-registry/schema-util/wsdl/target/apicurio-registry-schema-util-wsdl-3.0.12-SNAPSHOT.jar:/home/runner/.m2/repository/wsdl4j/wsdl4j/1.6.3/wsdl4j-1.6.3.jar:/home/runner/work/apicurio-testing/apicurio-testing/clusters/ci419/namespaces/ksql043/tests/integration/apicurio-registry/schema-util/xml/target/apicurio-registry-schema-util-xml-3.0.12-SNAPSHOT.jar:/home/runner/.m2/repository/org/apache/santuario/xmlsec/4.0.4/xmlsec-4.0.4.jar:/home/runner/.m2/repository/com/fasterxml/woodstox/woodstox-core/7.1.1/woodstox-core-7.1.1.jar:/home/runner/.m2/repository/org/codehaus/woodstox/stax2-api/4.2.2/stax2-api-4.2.2.jar:/home/runner/work/apicurio-testing/apicurio-testing/clusters/ci419/namespaces/ksql043/tests/integration/apicurio-registry/schema-util/xsd/target/apicurio-registry-schema-util-xsd-3.0.12-SNAPSHOT.jar:/home/runner/work/apicurio-testing/apicurio-testing/clusters/ci419/namespaces/ksql043/tests/integration/apicurio-registry/serdes/kafka/jsonschema-serde/target/apicurio-registry-jsonschema-serde-kafka-3.0.12-SNAPSHOT.jar:/home/runner/work/apicurio-testing/apicurio-testing/clusters/ci419/namespaces/ksql043/tests/integration/apicurio-registry/serdes/kafka/serde-kafka-common/target/apicurio-registry-serde-kafka-common-3.0.12-SNAPSHOT.jar:/home/runner/work/apicurio-testing/apicurio-testing/clusters/ci419/namespaces/ksql043/tests/integration/apicurio-registry/serdes/generic/serde-common/target/apicurio-registry-serde-common-3.0.12-SNAPSHOT.jar:/home/runner/work/apicurio-testing/apicurio-testing/clusters/ci419/namespaces/ksql043/tests/integration/apicurio-registry/serdes/generic/serde-common-jsonschema/target/apicurio-registry-serde-common-jsonschema-3.0.12-SNAPSHOT.jar:/home/runner/.m2/repository/org/json/json/20250107/json-20250107.jar:/home/runner/work/apicurio-testing/apicurio-testing/clusters/ci419/namespaces/ksql043/tests/integration/apicurio-registry/serdes/kafka/avro-serde/target/apicurio-registry-avro-serde-kafka-3.0.12-SNAPSHOT.jar:/home/runner/work/apicurio-testing/apicurio-testing/clusters/ci419/namespaces/ksql043/tests/integration/apicurio-registry/serdes/generic/serde-common-avro/target/apicurio-registry-serde-common-avro-3.0.12-SNAPSHOT.jar:/home/runner/work/apicurio-testing/apicurio-testing/clusters/ci419/namespaces/ksql043/tests/integration/apicurio-registry/serdes/kafka/protobuf-serde/target/apicurio-registry-protobuf-serde-kafka-3.0.12-SNAPSHOT.jar:/home/runner/work/apicurio-testing/apicurio-testing/clusters/ci419/namespaces/ksql043/tests/integration/apicurio-registry/serdes/generic/serde-common-protobuf/target/apicurio-registry-serde-common-protobuf-3.0.12-SNAPSHOT.jar:/home/runner/.m2/repository/com/squareup/wire/wire-schema/5.3.3/wire-schema-5.3.3.jar:/home/runner/.m2/repository/com/squareup/wire/wire-runtime/5.3.3/wire-runtime-5.3.3.jar:/home/runner/work/apicurio-testing/apicurio-testing/clusters/ci419/namespaces/ksql043/tests/integration/apicurio-registry/serdes/pulsar/avro-serde/target/apicurio-registry-avro-serde-pulsar-3.0.12-SNAPSHOT.jar:/home/runner/.m2/repository/org/apache/pulsar/pulsar-functions-api/3.3.8/pulsar-functions-api-3.3.8.jar:/home/runner/work/apicurio-testing/apicurio-testing/clusters/ci419/namespaces/ksql043/tests/integration/apicurio-registry/serdes/nats/avro-serde/target/apicurio-registry-avro-serde-nats-3.0.12-SNAPSHOT.jar:/home/runner/.m2/repository/io/nats/jnats/2.21.4/jnats-2.21.4.jar:/home/runner/.m2/repository/org/bouncycastle/bcprov-lts8on/2.73.7/bcprov-lts8on-2.73.7.jar:/home/runner/.m2/repository/org/jetbrains/annotations/26.0.2/annotations-26.0.2.jar:/home/runner/work/apicurio-testing/apicurio-testing/clusters/ci419/namespaces/ksql043/tests/integration/apicurio-registry/utils/converter/target/apicurio-registry-utils-converter-3.0.12-SNAPSHOT.jar:/home/runner/work/apicurio-testing/apicurio-testing/clusters/ci419/namespaces/ksql043/tests/integration/apicurio-registry/schema-resolver/target/apicurio-registry-schema-resolver-3.0.12-SNAPSHOT.jar:/home/runner/.m2/repository/org/apache/kafka/connect-api/3.9.1/connect-api-3.9.1.jar:/home/runner/.m2/repository/javax/ws/rs/javax.ws.rs-api/2.1.1/javax.ws.rs-api-2.1.1.jar:/home/runner/.m2/repository/org/apache/kafka/connect-json/3.9.1/connect-json-3.9.1.jar:/home/runner/.m2/repository/com/fasterxml/jackson/datatype/jackson-datatype-jdk8/2.18.2/jackson-datatype-jdk8-2.18.2.jar:/home/runner/.m2/repository/com/fasterxml/jackson/module/jackson-module-afterburner/2.18.2/jackson-module-afterburner-2.18.2.jar:/home/runner/work/apicurio-testing/apicurio-testing/clusters/ci419/namespaces/ksql043/tests/integration/apicurio-registry/utils/kafka/target/apicurio-registry-utils-kafka-3.0.12-SNAPSHOT.jar:/home/runner/.m2/repository/org/apache/pulsar/pulsar-client/3.3.8/pulsar-client-3.3.8.jar:/home/runner/.m2/repository/org/apache/pulsar/pulsar-client-api/3.3.8/pulsar-client-api-3.3.8.jar:/home/runner/.m2/repository/org/apache/pulsar/pulsar-client-admin-api/3.3.8/pulsar-client-admin-api-3.3.8.jar:/home/runner/.m2/repository/org/apache/pulsar/bouncy-castle-bc/3.3.8/bouncy-castle-bc-3.3.8-pkg.jar:/home/runner/.m2/repository/org/bouncycastle/bcpkix-jdk18on/1.81/bcpkix-jdk18on-1.81.jar:/home/runner/.m2/repository/org/bouncycastle/bcutil-jdk18on/1.81/bcutil-jdk18on-1.81.jar:/home/runner/.m2/repository/org/bouncycastle/bcprov-jdk18on/1.81/bcprov-jdk18on-1.81.jar:/home/runner/.m2/repository/io/opentelemetry/opentelemetry-api/1.44.1/opentelemetry-api-1.44.1.jar:/home/runner/.m2/repository/io/opentelemetry/opentelemetry-context/1.44.1/opentelemetry-context-1.44.1.jar:/home/runner/.m2/repository/io/opentelemetry/opentelemetry-api-incubator/1.44.1-alpha/opentelemetry-api-incubator-1.44.1-alpha.jar:/home/runner/.m2/repository/com/fasterxml/jackson/core/jackson-annotations/2.18.2/jackson-annotations-2.18.2.jar:/home/runner/.m2/repository/javax/validation/validation-api/1.1.0.Final/validation-api-1.1.0.Final.jar:/home/runner/.m2/repository/org/jspecify/jspecify/1.0.0/jspecify-1.0.0.jar:/home/runner/.m2/repository/org/apache/commons/commons-configuration2/2.12.0/commons-configuration2-2.12.0.jar:/home/runner/.m2/repository/commons-logging/commons-logging/1.3.5/commons-logging-1.3.5.jar:/home/runner/.m2/repository/org/apache/commons/commons-text/1.13.0/commons-text-1.13.0.jar:/home/runner/.m2/repository/io/confluent/kafka-avro-serializer/8.0.0/kafka-avro-serializer-8.0.0.jar:/home/runner/.m2/repository/org/apache/commons/commons-compress/1.27.1/commons-compress-1.27.1.jar:/home/runner/.m2/repository/io/confluent/kafka-schema-serializer/8.0.0/kafka-schema-serializer-8.0.0.jar:/home/runner/.m2/repository/com/fasterxml/jackson/dataformat/jackson-dataformat-csv/2.18.2/jackson-dataformat-csv-2.18.2.jar:/home/runner/.m2/repository/io/confluent/kafka-schema-registry-client/8.0.0/kafka-schema-registry-client-8.0.0.jar:/home/runner/.m2/repository/org/yaml/snakeyaml/2.3/snakeyaml-2.3.jar:/home/runner/.m2/repository/io/swagger/core/v3/swagger-annotations/2.2.29/swagger-annotations-2.2.29.jar:/home/runner/.m2/repository/com/google/guava/guava/33.4.0-jre/guava-33.4.0-jre.jar:/home/runner/.m2/repository/com/google/guava/failureaccess/1.0.1/failureaccess-1.0.1.jar:/home/runner/.m2/repository/org/checkerframework/checker-qual/3.49.0/checker-qual-3.49.0.jar:/home/runner/.m2/repository/io/confluent/logredactor/1.0.13/logredactor-1.0.13.jar:/home/runner/.m2/repository/com/google/re2j/re2j/1.6/re2j-1.6.jar:/home/runner/.m2/repository/io/confluent/logredactor-metrics/1.0.13/logredactor-metrics-1.0.13.jar:/home/runner/.m2/repository/com/eclipsesource/minimal-json/minimal-json/0.9.5/minimal-json-0.9.5.jar:/home/runner/.m2/repository/io/confluent/common-utils/8.0.0/common-utils-8.0.0.jar:/home/runner/.m2/repository/io/confluent/kafka-connect-avro-converter/8.0.0/kafka-connect-avro-converter-8.0.0.jar:/home/runner/.m2/repository/io/confluent/kafka-connect-avro-data/8.0.0/kafka-connect-avro-data-8.0.0.jar:/home/runner/.m2/repository/io/confluent/kafka-schema-converter/8.0.0/kafka-schema-converter-8.0.0.jar:/home/runner/.m2/repository/io/rest-assured/rest-assured/5.5.1/rest-assured-5.5.1.jar:/home/runner/.m2/repository/org/apache/groovy/groovy/4.0.22/groovy-4.0.22.jar:/home/runner/.m2/repository/org/apache/groovy/groovy-xml/4.0.22/groovy-xml-4.0.22.jar:/home/runner/.m2/repository/org/apache/httpcomponents/httpclient/4.5.14/httpclient-4.5.14.jar:/home/runner/.m2/repository/org/apache/httpcomponents/httpcore/4.4.16/httpcore-4.4.16.jar:/home/runner/.m2/repository/org/apache/httpcomponents/httpmime/4.5.14/httpmime-4.5.14.jar:/home/runner/.m2/repository/org/hamcrest/hamcrest/2.2/hamcrest-2.2.jar:/home/runner/.m2/repository/org/ccil/cowan/tagsoup/tagsoup/1.2.1/tagsoup-1.2.1.jar:/home/runner/.m2/repository/io/rest-assured/json-path/5.5.1/json-path-5.5.1.jar:/home/runner/.m2/repository/org/apache/groovy/groovy-json/4.0.22/groovy-json-4.0.22.jar:/home/runner/.m2/repository/io/rest-assured/rest-assured-common/5.5.1/rest-assured-common-5.5.1.jar:/home/runner/.m2/repository/io/rest-assured/xml-path/5.5.1/xml-path-5.5.1.jar:/home/runner/.m2/repository/io/zonky/test/embedded-postgres/2.1.0/embedded-postgres-2.1.0.jar:/home/runner/.m2/repository/io/zonky/test/postgres/embedded-postgres-binaries-windows-amd64/14.15.0/embedded-postgres-binaries-windows-amd64-14.15.0.jar:/home/runner/.m2/repository/io/zonky/test/postgres/embedded-postgres-binaries-darwin-amd64/14.15.0/embedded-postgres-binaries-darwin-amd64-14.15.0.jar:/home/runner/.m2/repository/io/zonky/test/postgres/embedded-postgres-binaries-linux-amd64/14.15.0/embedded-postgres-binaries-linux-amd64-14.15.0.jar:/home/runner/.m2/repository/io/zonky/test/postgres/embedded-postgres-binaries-linux-amd64-alpine/14.15.0/embedded-postgres-binaries-linux-amd64-alpine-14.15.0.jar:/home/runner/.m2/repository/org/apache/commons/commons-lang3/3.17.0/commons-lang3-3.17.0.jar:/home/runner/.m2/repository/org/tukaani/xz/1.10/xz-1.10.jar:/home/runner/.m2/repository/commons-codec/commons-codec/1.19.0/commons-codec-1.19.0.jar:/home/runner/.m2/repository/org/postgresql/postgresql/42.7.7/postgresql-42.7.7.jar:/home/runner/.m2/repository/commons-io/commons-io/2.18.0/commons-io-2.18.0.jar:/home/runner/work/apicurio-testing/apicurio-testing/clusters/ci419/namespaces/ksql043/tests/integration/apicurio-registry/utils/importexport/target/apicurio-registry-utils-import-export-3.0.12-SNAPSHOT.jar:/home/runner/.m2/repository/io/vertx/vertx-core/4.5.16/vertx-core-4.5.16.jar:/home/runner/.m2/repository/io/netty/netty-common/4.1.121.Final/netty-common-4.1.121.Final.jar:/home/runner/.m2/repository/io/netty/netty-buffer/4.1.121.Final/netty-buffer-4.1.121.Final.jar:/home/runner/.m2/repository/io/netty/netty-transport/4.1.121.Final/netty-transport-4.1.121.Final.jar:/home/runner/.m2/repository/io/netty/netty-handler/4.1.121.Final/netty-handler-4.1.121.Final.jar:/home/runner/.m2/repository/io/netty/netty-transport-native-unix-common/4.1.121.Final/netty-transport-native-unix-common-4.1.121.Final.jar:/home/runner/.m2/repository/io/netty/netty-codec/4.1.121.Final/netty-codec-4.1.121.Final.jar:/home/runner/.m2/repository/io/netty/netty-handler-proxy/4.1.121.Final/netty-handler-proxy-4.1.121.Final.jar:/home/runner/.m2/repository/io/netty/netty-codec-socks/4.1.121.Final/netty-codec-socks-4.1.121.Final.jar:/home/runner/.m2/repository/io/netty/netty-codec-http/4.1.121.Final/netty-codec-http-4.1.121.Final.jar:/home/runner/.m2/repository/io/netty/netty-codec-http2/4.1.121.Final/netty-codec-http2-4.1.121.Final.jar:/home/runner/.m2/repository/io/netty/netty-resolver/4.1.121.Final/netty-resolver-4.1.121.Final.jar:/home/runner/.m2/repository/io/netty/netty-resolver-dns/4.1.121.Final/netty-resolver-dns-4.1.121.Final.jar:/home/runner/.m2/repository/io/netty/netty-codec-dns/4.1.121.Final/netty-codec-dns-4.1.121.Final.jar:/home/runner/.m2/repository/com/fasterxml/jackson/core/jackson-core/2.18.2/jackson-core-2.18.2.jar:"/>
    <property name="sun.cpu.endian" value="little"/>
    <property name="user.home" value="/home/runner"/>
    <property name="user.language" value="en"/>
    <property name="jboss.log-version" value="false"/>
    <property name="java.specification.vendor" value="Oracle Corporation"/>
    <property name="java.version.date" value="2025-07-15"/>
    <property name="java.home" value="/usr/lib/jvm/temurin-17-jdk-amd64"/>
    <property name="file.separator" value="/"/>
    <property name="basedir" value="/home/runner/work/apicurio-testing/apicurio-testing/clusters/ci419/namespaces/ksql043/tests/integration/apicurio-registry/integration-tests"/>
    <property name="java.vm.compressedOopsMode" value="32-bit"/>
    <property name="line.separator" value="&#10;"/>
    <property name="java.specification.name" value="Java Platform API Specification"/>
    <property name="java.vm.specification.vendor" value="Oracle Corporation"/>
    <property name="quarkus.http.test-host" value="registry-app-ksql043.apps.ci419.apicurio-testing.org"/>
    <property name="surefire.real.class.path" value="/home/runner/work/apicurio-testing/apicurio-testing/clusters/ci419/namespaces/ksql043/tests/integration/apicurio-registry/integration-tests/target/surefire/surefirebooter-20250807122954589_3.jar"/>
    <property name="sun.management.compiler" value="HotSpot 64-Bit Tiered Compilers"/>
    <property name="org.eclipse.jetty.http.HttpGenerator.STRICT" value="true"/>
    <property name="java.runtime.version" value="17.0.16+8"/>
    <property name="user.name" value="runner"/>
    <property name="path.separator" value=":"/>
    <property name="os.version" value="6.8.0-1031-azure"/>
    <property name="java.runtime.name" value="OpenJDK Runtime Environment"/>
    <property name="file.encoding" value="UTF-8"/>
    <property name="jnidispatch.path" value="/home/runner/.cache/JNA/temp/jna10343444246115102724.tmp"/>
    <property name="java.vm.name" value="OpenJDK 64-Bit Server VM"/>
    <property name="jna.platform.library.path" value="/usr/lib/x86_64-linux-gnu:/lib/x86_64-linux-gnu:/usr/lib64:/lib64:/usr/lib:/lib:/lib32:/usr/local/lib:/usr/lib/x86_64-linux-gnu/libfakeroot"/>
    <property name="java.vendor.version" value="Temurin-17.0.16+8"/>
    <property name="quarkus.oidc.token-path" value="https://keycloak-ksql043.apps.ci419.apicurio-testing.org/realms/registry/protocol/openid-connect/token"/>
    <property name="quarkus.http.host" value="registry-app-ksql043.apps.ci419.apicurio-testing.org"/>
    <property name="localRepository" value="/home/runner/.m2/repository"/>
    <property name="javax.xml.xpath.XPathFactory:http://java.sun.com/jaxp/xpath/dom" value="com.sun.org.apache.xpath.internal.jaxp.XPathFactoryImpl"/>
    <property name="jna.loaded" value="true"/>
    <property name="java.vendor.url.bug" value="https://github.com/adoptium/adoptium-support/issues"/>
    <property name="jetty.git.hash" value="5bc5e562c8d05c5862505aebe5cf83a61bdbcb96"/>
    <property name="java.io.tmpdir" value="/tmp"/>
    <property name="quarkus.http.test-protocol" value="http"/>
    <property name="java.version" value="17.0.16"/>
    <property name="user.dir" value="/home/runner/work/apicurio-testing/apicurio-testing/clusters/ci419/namespaces/ksql043/tests/integration/apicurio-registry/integration-tests"/>
    <property name="os.arch" value="amd64"/>
    <property name="groups" value="( smoke | serdes | acceptance | ui)"/>
    <property name="java.vm.specification.name" value="Java Virtual Machine Specification"/>
    <property name="native.encoding" value="UTF-8"/>
    <property name="java.util.logging.manager" value="org.jboss.logmanager.LogManager"/>
    <property name="java.library.path" value="/usr/java/packages/lib:/usr/lib64:/lib64:/lib:/usr/lib"/>
    <property name="jdk.console" value="java.base"/>
    <property name="java.vm.info" value="mixed mode, sharing"/>
    <property name="java.vendor" value="Eclipse Adoptium"/>
    <property name="java.vm.version" value="17.0.16+8"/>
    <property name="java.specification.maintenance.version" value="1"/>
    <property name="sun.io.unicode.encoding" value="UnicodeLittle"/>
    <property name="javax.xml.transform.TransformerFactory" value="com.sun.org.apache.xalan.internal.xsltc.trax.TransformerFactoryImpl"/>
    <property name="java.class.version" value="61.0"/>
  </properties>
  <testcase name="testGlobalIdInHeaders" classname="io.apicurio.tests.serdes.apicurio.AvroSerdeIT" time="6.451">
    <system-out><![CDATA[**** Registry Base URL: http://registry-app-ksql043.apps.ci419.apicurio-testing.org:80
**** Registry Base URL: http://registry-app-ksql043.apps.ci419.apicurio-testing.org:80
2025-08-07 12:30:08,703 INFO  [io.api.tes.ser.api.AvroSerdeIT] (main) RestAssured configured with http://registry-app-ksql043.apps.ci419.apicurio-testing.org:80/apis/registry/v3
2025-08-07 12:30:08,880 INFO  [io.api.tes.uti.KafkaFacade] (main) Starting kafka container
2025-08-07 12:30:08,924 INFO  [org.tes.ima.PullPolicy] (main) Image pull policy will be performed by: DefaultPullPolicy()
2025-08-07 12:30:08,926 INFO  [org.tes.uti.ImageNameSubstitutor] (main) Image name substitution will be performed by: DefaultImageNameSubstitutor (composite of 'ConfigurationFileImageNameSubstitutor' and 'PrefixingImageNameSubstitutor')
2025-08-07 12:30:08,935 INFO  [org.tes.DockerClientFactory] (main) Testcontainers version: 1.20.6
2025-08-07 12:30:09,492 INFO  [org.tes.doc.DockerClientProviderStrategy] (main) Found Docker environment with local Unix socket (unix:///var/run/docker.sock)
2025-08-07 12:30:09,499 INFO  [org.tes.DockerClientFactory] (main) Docker host IP address is localhost
2025-08-07 12:30:09,522 INFO  [org.tes.DockerClientFactory] (main) Connected to docker: 
  Server Version: 28.0.4
  API Version: 1.48
  Operating System: Ubuntu 22.04.5 LTS
  Total Memory: 7944 MB
2025-08-07 12:30:09,565 INFO  [tc.tes.11.0] (main) Pulling docker image: testcontainers/ryuk:0.11.0. Please be patient; this may take some time but only needs to be done once.
2025-08-07 12:30:11,462 INFO  [tc.tes.11.0] (docker-java-stream--1295187651) Starting to pull image
2025-08-07 12:30:11,486 INFO  [tc.tes.11.0] (docker-java-stream--1295187651) Pulling image layers:  0 pending,  0 downloaded,  0 extracted, (0 bytes/0 bytes)
2025-08-07 12:30:12,077 INFO  [tc.tes.11.0] (docker-java-stream--1295187651) Pulling image layers:  2 pending,  1 downloaded,  0 extracted, (840 KB/? MB)
2025-08-07 12:30:12,138 INFO  [tc.tes.11.0] (docker-java-stream--1295187651) Pulling image layers:  1 pending,  2 downloaded,  0 extracted, (877 KB/? MB)
2025-08-07 12:30:12,182 INFO  [tc.tes.11.0] (docker-java-stream--1295187651) Pulling image layers:  0 pending,  3 downloaded,  0 extracted, (877 KB/10 MB)
2025-08-07 12:30:12,301 INFO  [tc.tes.11.0] (docker-java-stream--1295187651) Pulling image layers:  0 pending,  3 downloaded,  1 extracted, (4 MB/10 MB)
2025-08-07 12:30:12,832 INFO  [tc.tes.11.0] (docker-java-stream--1295187651) Pulling image layers:  0 pending,  3 downloaded,  2 extracted, (4 MB/10 MB)
2025-08-07 12:30:12,893 INFO  [tc.tes.11.0] (docker-java-stream--1295187651) Pulling image layers:  0 pending,  3 downloaded,  3 extracted, (10 MB/10 MB)
2025-08-07 12:30:12,906 INFO  [tc.tes.11.0] (docker-java-stream--1295187651) Pull complete. 3 layers, pulled in 1s (downloaded 10 MB at 10 MB/s)
2025-08-07 12:30:12,906 INFO  [tc.tes.11.0] (main) Image testcontainers/ryuk:0.11.0 pull took PT3.340709964S
2025-08-07 12:30:12,928 INFO  [tc.tes.11.0] (main) Creating container for image: testcontainers/ryuk:0.11.0
2025-08-07 12:30:13,002 INFO  [tc.tes.11.0] (main) Container testcontainers/ryuk:0.11.0 is starting: 3a4dce3c80e881a6bc98a73006f7dd0763ea5365a00035c3852b75f5b14a799b
2025-08-07 12:30:13,338 INFO  [tc.tes.11.0] (main) Container testcontainers/ryuk:0.11.0 started in PT0.409493043S
2025-08-07 12:30:13,343 INFO  [org.tes.uti.RyukResourceReaper] (main) Ryuk started - will monitor and terminate Testcontainers containers on JVM exit
2025-08-07 12:30:13,343 INFO  [org.tes.DockerClientFactory] (main) Checking the system...
2025-08-07 12:30:13,344 INFO  [org.tes.DockerClientFactory] (main) ✔︎ Docker server version should be at least 1.6.0
2025-08-07 12:30:13,346 INFO  [io.str.tes.con.KafkaVersionService] (main) Latest release of Kafka is:LogicalKafkaVersionEntity{version='4.0.0', image='quay.io/strimzi-test-container/test-container:0.111.0-kafka-4.0.0'}
2025-08-07 12:30:13,347 INFO  [io.str.tes.con.KafkaVersionService] (main) Latest release of Kafka is:LogicalKafkaVersionEntity{version='4.0.0', image='quay.io/strimzi-test-container/test-container:0.111.0-kafka-4.0.0'}
2025-08-07 12:30:13,347 INFO  [io.str.tes.con.KafkaVersionService] (main) No Kafka version specified. Using latest release: 4.0.0
2025-08-07 12:30:13,353 INFO  [tc.qua.io/.111.0-k.0.0] (main) Pulling docker image: quay.io/strimzi-test-container/test-container:0.111.0-kafka-4.0.0. Please be patient; this may take some time but only needs to be done once.
2025-08-07 12:30:14,890 INFO  [tc.qua.io/.111.0-k.0.0] (docker-java-stream--29267298) Starting to pull image
2025-08-07 12:30:14,891 INFO  [tc.qua.io/.111.0-k.0.0] (docker-java-stream--29267298) Pulling image layers:  0 pending,  0 downloaded,  0 extracted, (0 bytes/0 bytes)
2025-08-07 12:30:15,776 INFO  [tc.qua.io/.111.0-k.0.0] (docker-java-stream--29267298) Pulling image layers:  6 pending,  1 downloaded,  0 extracted, (3 MB/? MB)
2025-08-07 12:30:16,091 INFO  [tc.qua.io/.111.0-k.0.0] (docker-java-stream--29267298) Pulling image layers:  5 pending,  2 downloaded,  0 extracted, (44 MB/? MB)
2025-08-07 12:30:16,151 INFO  [tc.qua.io/.111.0-k.0.0] (docker-java-stream--29267298) Pulling image layers:  4 pending,  3 downloaded,  0 extracted, (44 MB/? MB)
2025-08-07 12:30:16,534 INFO  [tc.qua.io/.111.0-k.0.0] (docker-java-stream--29267298) Pulling image layers:  3 pending,  4 downloaded,  0 extracted, (62 MB/? MB)
2025-08-07 12:30:16,883 INFO  [tc.qua.io/.111.0-k.0.0] (docker-java-stream--29267298) Pulling image layers:  2 pending,  5 downloaded,  0 extracted, (83 MB/? MB)
2025-08-07 12:30:17,266 INFO  [tc.qua.io/.111.0-k.0.0] (docker-java-stream--29267298) Pulling image layers:  2 pending,  5 downloaded,  1 extracted, (110 MB/? MB)
2025-08-07 12:30:18,427 INFO  [tc.qua.io/.111.0-k.0.0] (docker-java-stream--29267298) Pulling image layers:  1 pending,  6 downloaded,  1 extracted, (191 MB/? MB)
2025-08-07 12:30:21,329 INFO  [tc.qua.io/.111.0-k.0.0] (docker-java-stream--29267298) Pulling image layers:  0 pending,  7 downloaded,  1 extracted, (248 MB/249 MB)
2025-08-07 12:30:22,746 INFO  [tc.qua.io/.111.0-k.0.0] (docker-java-stream--29267298) Pulling image layers:  0 pending,  7 downloaded,  2 extracted, (248 MB/249 MB)
2025-08-07 12:30:22,784 INFO  [tc.qua.io/.111.0-k.0.0] (docker-java-stream--29267298) Pulling image layers:  0 pending,  7 downloaded,  3 extracted, (248 MB/249 MB)
2025-08-07 12:30:22,801 INFO  [tc.qua.io/.111.0-k.0.0] (docker-java-stream--29267298) Pulling image layers:  0 pending,  7 downloaded,  4 extracted, (248 MB/249 MB)
2025-08-07 12:30:23,894 INFO  [tc.qua.io/.111.0-k.0.0] (docker-java-stream--29267298) Pulling image layers:  0 pending,  7 downloaded,  5 extracted, (249 MB/249 MB)
2025-08-07 12:30:23,930 INFO  [tc.qua.io/.111.0-k.0.0] (docker-java-stream--29267298) Pulling image layers:  0 pending,  7 downloaded,  6 extracted, (249 MB/249 MB)
2025-08-07 12:30:23,946 INFO  [tc.qua.io/.111.0-k.0.0] (docker-java-stream--29267298) Pulling image layers:  0 pending,  7 downloaded,  7 extracted, (249 MB/249 MB)
2025-08-07 12:30:23,955 INFO  [tc.qua.io/.111.0-k.0.0] (docker-java-stream--29267298) Pull complete. 7 layers, pulled in 9s (downloaded 249 MB at 27 MB/s)
2025-08-07 12:30:23,955 INFO  [tc.qua.io/.111.0-k.0.0] (main) Image quay.io/strimzi-test-container/test-container:0.111.0-kafka-4.0.0 pull took PT10.602125209S
2025-08-07 12:30:23,958 INFO  [tc.qua.io/.111.0-k.0.0] (main) Creating container for image: quay.io/strimzi-test-container/test-container:0.111.0-kafka-4.0.0
2025-08-07 12:30:24,030 INFO  [tc.qua.io/.111.0-k.0.0] (main) Container quay.io/strimzi-test-container/test-container:0.111.0-kafka-4.0.0 is starting: d8eee54de4e95576dd51768bc9b56bce75ccf475036b8e1a6a4ac71b15aecf63
2025-08-07 12:30:24,198 INFO  [io.str.tes.con.StrimziKafkaContainer] (main) Mapped port: 32769
2025-08-07 12:30:24,199 WARN  [io.str.tes.con.StrimziKafkaContainer] (main) Node ID is not set. Using broker ID 0 as the default node ID.
2025-08-07 12:30:24,199 INFO  [io.str.tes.con.StrimziKafkaContainer] (main) This is all advertised listeners for Kafka PLAINTEXT://localhost:32769,BROKER1://172.18.0.2:9091,CONTROLLER://broker-0:9094
2025-08-07 12:30:24,223 INFO  [io.str.tes.con.StrimziKafkaContainer] (main) New `cluster.id` has been generated: wHHz-MW5SbujoYr4FCRV8g
2025-08-07 12:30:24,224 INFO  [io.str.tes.con.StrimziKafkaContainer] (main) Copying command to 'STARTER_SCRIPT' script.
2025-08-07 12:30:29,435 INFO  [tc.qua.io/.111.0-k.0.0] (main) Container quay.io/strimzi-test-container/test-container:0.111.0-kafka-4.0.0 started in PT5.476596361S
2025-08-07 12:30:29,437 INFO  [io.api.tes.uti.TestSeparator] (main) ############################################################################
2025-08-07 12:30:29,437 INFO  [io.api.tes.uti.TestSeparator] (main) io.apicurio.tests.serdes.apicurio.AvroSerdeIT.testGlobalIdInHeaders-STARTED
2025-08-07 12:30:29,446 INFO  [org.apa.kaf.cli.adm.AdminClientConfig] (main) AdminClientConfig values: 
	auto.include.jmx.reporter = true
	bootstrap.controllers = []
	bootstrap.servers = [PLAINTEXT://localhost:32769]
	client.dns.lookup = use_all_dns_ips
	client.id = 
	connections.max.idle.ms = 10000
	default.api.timeout.ms = 60000
	enable.metrics.push = true
	metadata.max.age.ms = 300000
	metadata.recovery.strategy = none
	metric.reporters = []
	metrics.num.samples = 2
	metrics.recording.level = INFO
	metrics.sample.window.ms = 30000
	receive.buffer.bytes = 65536
	reconnect.backoff.max.ms = 1000
	reconnect.backoff.ms = 50
	request.timeout.ms = 5000
	retries = 2147483647
	retry.backoff.max.ms = 1000
	retry.backoff.ms = 100
	sasl.client.callback.handler.class = null
	sasl.jaas.config = null
	sasl.kerberos.kinit.cmd = /usr/bin/kinit
	sasl.kerberos.min.time.before.relogin = 60000
	sasl.kerberos.service.name = null
	sasl.kerberos.ticket.renew.jitter = 0.05
	sasl.kerberos.ticket.renew.window.factor = 0.8
	sasl.login.callback.handler.class = null
	sasl.login.class = null
	sasl.login.connect.timeout.ms = null
	sasl.login.read.timeout.ms = null
	sasl.login.refresh.buffer.seconds = 300
	sasl.login.refresh.min.period.seconds = 60
	sasl.login.refresh.window.factor = 0.8
	sasl.login.refresh.window.jitter = 0.05
	sasl.login.retry.backoff.max.ms = 10000
	sasl.login.retry.backoff.ms = 100
	sasl.mechanism = GSSAPI
	sasl.oauthbearer.clock.skew.seconds = 30
	sasl.oauthbearer.expected.audience = null
	sasl.oauthbearer.expected.issuer = null
	sasl.oauthbearer.header.urlencode = false
	sasl.oauthbearer.jwks.endpoint.refresh.ms = 3600000
	sasl.oauthbearer.jwks.endpoint.retry.backoff.max.ms = 10000
	sasl.oauthbearer.jwks.endpoint.retry.backoff.ms = 100
	sasl.oauthbearer.jwks.endpoint.url = null
	sasl.oauthbearer.scope.claim.name = scope
	sasl.oauthbearer.sub.claim.name = sub
	sasl.oauthbearer.token.endpoint.url = null
	security.protocol = PLAINTEXT
	security.providers = null
	send.buffer.bytes = 131072
	socket.connection.setup.timeout.max.ms = 30000
	socket.connection.setup.timeout.ms = 10000
	ssl.cipher.suites = null
	ssl.enabled.protocols = [TLSv1.2, TLSv1.3]
	ssl.endpoint.identification.algorithm = https
	ssl.engine.factory.class = null
	ssl.key.password = null
	ssl.keymanager.algorithm = SunX509
	ssl.keystore.certificate.chain = null
	ssl.keystore.key = null
	ssl.keystore.location = null
	ssl.keystore.password = null
	ssl.keystore.type = JKS
	ssl.protocol = TLSv1.3
	ssl.provider = null
	ssl.secure.random.implementation = null
	ssl.trustmanager.algorithm = PKIX
	ssl.truststore.certificates = null
	ssl.truststore.location = null
	ssl.truststore.password = null
	ssl.truststore.type = JKS

2025-08-07 12:30:29,735 INFO  [org.apa.kaf.com.uti.AppInfoParser] (main) Kafka version: 3.9.1
2025-08-07 12:30:29,735 INFO  [org.apa.kaf.com.uti.AppInfoParser] (main) Kafka commitId: f745dfdcee2b9851
2025-08-07 12:30:29,735 INFO  [org.apa.kaf.com.uti.AppInfoParser] (main) Kafka startTimeMs: 1754569829733
**** Registry Base URL: http://registry-app-ksql043.apps.ci419.apicurio-testing.org:80
2025-08-07 12:30:29,795 INFO  [org.apa.kaf.cli.pro.ProducerConfig] (main) ProducerConfig values: 
	acks = -1
	auto.include.jmx.reporter = true
	batch.size = 16384
	bootstrap.servers = [PLAINTEXT://localhost:32769]
	buffer.memory = 33554432
	client.dns.lookup = use_all_dns_ips
	client.id = Producer-topic-63339d2a_c2fa_4f1f_b060_9abd4c69ea58
	compression.gzip.level = -1
	compression.lz4.level = 9
	compression.type = none
	compression.zstd.level = 3
	connections.max.idle.ms = 10000
	delivery.timeout.ms = 120000
	enable.idempotence = true
	enable.metrics.push = true
	interceptor.classes = []
	key.serializer = class org.apache.kafka.common.serialization.StringSerializer
	linger.ms = 0
	max.block.ms = 60000
	max.in.flight.requests.per.connection = 5
	max.request.size = 1048576
	metadata.max.age.ms = 300000
	metadata.max.idle.ms = 300000
	metadata.recovery.strategy = none
	metric.reporters = []
	metrics.num.samples = 2
	metrics.recording.level = INFO
	metrics.sample.window.ms = 30000
	partitioner.adaptive.partitioning.enable = true
	partitioner.availability.timeout.ms = 0
	partitioner.class = null
	partitioner.ignore.keys = false
	receive.buffer.bytes = 32768
	reconnect.backoff.max.ms = 1000
	reconnect.backoff.ms = 50
	request.timeout.ms = 5000
	retries = 2147483647
	retry.backoff.max.ms = 1000
	retry.backoff.ms = 100
	sasl.client.callback.handler.class = null
	sasl.jaas.config = null
	sasl.kerberos.kinit.cmd = /usr/bin/kinit
	sasl.kerberos.min.time.before.relogin = 60000
	sasl.kerberos.service.name = null
	sasl.kerberos.ticket.renew.jitter = 0.05
	sasl.kerberos.ticket.renew.window.factor = 0.8
	sasl.login.callback.handler.class = null
	sasl.login.class = null
	sasl.login.connect.timeout.ms = null
	sasl.login.read.timeout.ms = null
	sasl.login.refresh.buffer.seconds = 300
	sasl.login.refresh.min.period.seconds = 60
	sasl.login.refresh.window.factor = 0.8
	sasl.login.refresh.window.jitter = 0.05
	sasl.login.retry.backoff.max.ms = 10000
	sasl.login.retry.backoff.ms = 100
	sasl.mechanism = GSSAPI
	sasl.oauthbearer.clock.skew.seconds = 30
	sasl.oauthbearer.expected.audience = null
	sasl.oauthbearer.expected.issuer = null
	sasl.oauthbearer.header.urlencode = false
	sasl.oauthbearer.jwks.endpoint.refresh.ms = 3600000
	sasl.oauthbearer.jwks.endpoint.retry.backoff.max.ms = 10000
	sasl.oauthbearer.jwks.endpoint.retry.backoff.ms = 100
	sasl.oauthbearer.jwks.endpoint.url = null
	sasl.oauthbearer.scope.claim.name = scope
	sasl.oauthbearer.sub.claim.name = sub
	sasl.oauthbearer.token.endpoint.url = null
	security.protocol = PLAINTEXT
	security.providers = null
	send.buffer.bytes = 131072
	socket.connection.setup.timeout.max.ms = 30000
	socket.connection.setup.timeout.ms = 10000
	ssl.cipher.suites = null
	ssl.enabled.protocols = [TLSv1.2, TLSv1.3]
	ssl.endpoint.identification.algorithm = https
	ssl.engine.factory.class = null
	ssl.key.password = null
	ssl.keymanager.algorithm = SunX509
	ssl.keystore.certificate.chain = null
	ssl.keystore.key = null
	ssl.keystore.location = null
	ssl.keystore.password = null
	ssl.keystore.type = JKS
	ssl.protocol = TLSv1.3
	ssl.provider = null
	ssl.secure.random.implementation = null
	ssl.trustmanager.algorithm = PKIX
	ssl.truststore.certificates = null
	ssl.truststore.location = null
	ssl.truststore.password = null
	ssl.truststore.type = JKS
	transaction.timeout.ms = 60000
	transactional.id = null
	value.serializer = class io.apicurio.registry.serde.avro.AvroKafkaSerializer

2025-08-07 12:30:29,847 INFO  [org.apa.kaf.com.tel.int.KafkaMetricsCollector] (main) initializing Kafka metrics collector
2025-08-07 12:30:29,879 INFO  [org.apa.kaf.cli.pro.KafkaProducer] (main) [Producer clientId=Producer-topic-63339d2a_c2fa_4f1f_b060_9abd4c69ea58] Instantiated an idempotent producer.
2025-08-07 12:30:29,923 INFO  [org.apa.kaf.cli.pro.ProducerConfig] (main) These configurations '[apicurio.registry.url, apicurio.registry.auto-register, apicurio.registry.use-id, apicurio.registry.artifact-resolver-strategy]' were supplied but are not used yet.
2025-08-07 12:30:29,923 INFO  [org.apa.kaf.com.uti.AppInfoParser] (main) Kafka version: 3.9.1
2025-08-07 12:30:29,923 INFO  [org.apa.kaf.com.uti.AppInfoParser] (main) Kafka commitId: f745dfdcee2b9851
2025-08-07 12:30:29,923 INFO  [org.apa.kaf.com.uti.AppInfoParser] (main) Kafka startTimeMs: 1754569829923
2025-08-07 12:30:29,924 INFO  [io.api.tes.ser.api.SimpleSerdesTesterBuilder$SimpleSerdesTester] (main) Using producer configuration: {apicurio.registry.url=http://registry-app-ksql043.apps.ci419.apicurio-testing.org:80/apis/registry/v3, apicurio.registry.auto-register=true, apicurio.registry.use-id=globalId, apicurio.registry.artifact-resolver-strategy=io.apicurio.registry.serde.strategy.TopicIdStrategy, value.serializer=io.apicurio.registry.serde.avro.AvroKafkaSerializer, request.timeout.ms=5000, acks=all, bootstrap.servers=PLAINTEXT://localhost:32769, connections.max.idle.ms=10000, key.serializer=org.apache.kafka.common.serialization.StringSerializer, client.id=Producer-topic-63339d2a_c2fa_4f1f_b060_9abd4c69ea58}
2025-08-07 12:30:29,924 INFO  [io.api.tes.ser.api.SimpleSerdesTesterBuilder$SimpleSerdesTester] (main) Using consumer configuration: {apicurio.registry.use-id=globalId}
2025-08-07 12:30:29,932 INFO  [io.api.tes.ser.api.KafkaSerdesTester] (Thread-600) Sending message {"key11754569829768": "value-0"} to topic topic-63339d2a_c2fa_4f1f_b060_9abd4c69ea58
2025-08-07 12:30:30,350 WARN  [org.apa.kaf.cli.NetworkClient] (kafka-producer-network-thread | Producer-topic-63339d2a_c2fa_4f1f_b060_9abd4c69ea58) [Producer clientId=Producer-topic-63339d2a_c2fa_4f1f_b060_9abd4c69ea58] The metadata response from the cluster reported a recoverable issue with correlation id 1 : {topic-63339d2a_c2fa_4f1f_b060_9abd4c69ea58=UNKNOWN_TOPIC_OR_PARTITION}
2025-08-07 12:30:30,353 INFO  [org.apa.kaf.cli.Metadata] (kafka-producer-network-thread | Producer-topic-63339d2a_c2fa_4f1f_b060_9abd4c69ea58) [Producer clientId=Producer-topic-63339d2a_c2fa_4f1f_b060_9abd4c69ea58] Cluster ID: wHHz-MW5SbujoYr4FCRV8g
2025-08-07 12:30:30,482 INFO  [org.apa.kaf.cli.pro.int.TransactionManager] (kafka-producer-network-thread | Producer-topic-63339d2a_c2fa_4f1f_b060_9abd4c69ea58) [Producer clientId=Producer-topic-63339d2a_c2fa_4f1f_b060_9abd4c69ea58] ProducerId set to 0 with epoch 0
2025-08-07 12:30:30,768 INFO  [io.api.tes.ser.api.KafkaSerdesTester] (Thread-600) Sending message {"key11754569829768": "value-1"} to topic topic-63339d2a_c2fa_4f1f_b060_9abd4c69ea58
2025-08-07 12:30:30,775 INFO  [io.api.tes.ser.api.KafkaSerdesTester] (Thread-600) Sending message {"key11754569829768": "value-2"} to topic topic-63339d2a_c2fa_4f1f_b060_9abd4c69ea58
2025-08-07 12:30:30,780 INFO  [io.api.tes.ser.api.KafkaSerdesTester] (Thread-600) Sending message {"key11754569829768": "value-3"} to topic topic-63339d2a_c2fa_4f1f_b060_9abd4c69ea58
2025-08-07 12:30:30,783 INFO  [io.api.tes.ser.api.KafkaSerdesTester] (Thread-600) Sending message {"key11754569829768": "value-4"} to topic topic-63339d2a_c2fa_4f1f_b060_9abd4c69ea58
2025-08-07 12:30:30,786 INFO  [io.api.tes.ser.api.KafkaSerdesTester] (Thread-600) Sending message {"key11754569829768": "value-5"} to topic topic-63339d2a_c2fa_4f1f_b060_9abd4c69ea58
2025-08-07 12:30:30,789 INFO  [io.api.tes.ser.api.KafkaSerdesTester] (Thread-600) Sending message {"key11754569829768": "value-6"} to topic topic-63339d2a_c2fa_4f1f_b060_9abd4c69ea58
2025-08-07 12:30:30,792 INFO  [io.api.tes.ser.api.KafkaSerdesTester] (Thread-600) Sending message {"key11754569829768": "value-7"} to topic topic-63339d2a_c2fa_4f1f_b060_9abd4c69ea58
2025-08-07 12:30:30,796 INFO  [io.api.tes.ser.api.KafkaSerdesTester] (Thread-600) Sending message {"key11754569829768": "value-8"} to topic topic-63339d2a_c2fa_4f1f_b060_9abd4c69ea58
2025-08-07 12:30:30,799 INFO  [io.api.tes.ser.api.KafkaSerdesTester] (Thread-600) Sending message {"key11754569829768": "value-9"} to topic topic-63339d2a_c2fa_4f1f_b060_9abd4c69ea58
2025-08-07 12:30:30,803 INFO  [io.api.tes.ser.api.KafkaSerdesTester] (Thread-600) Produced 10 messages
2025-08-07 12:30:30,803 INFO  [org.apa.kaf.cli.pro.KafkaProducer] (Thread-600) [Producer clientId=Producer-topic-63339d2a_c2fa_4f1f_b060_9abd4c69ea58] Closing the Kafka producer with timeoutMillis = 9223372036854775807 ms.
2025-08-07 12:30:30,821 INFO  [org.apa.kaf.com.met.Metrics] (Thread-600) Metrics scheduler closed
2025-08-07 12:30:30,821 INFO  [org.apa.kaf.com.met.Metrics] (Thread-600) Closing reporter org.apache.kafka.common.metrics.JmxReporter
2025-08-07 12:30:30,821 INFO  [org.apa.kaf.com.met.Metrics] (Thread-600) Closing reporter org.apache.kafka.common.telemetry.internals.ClientTelemetryReporter
2025-08-07 12:30:30,821 INFO  [org.apa.kaf.com.met.Metrics] (Thread-600) Metrics reporters closed
2025-08-07 12:30:30,828 INFO  [org.apa.kaf.com.uti.AppInfoParser] (Thread-600) App info kafka.producer for Producer-topic-63339d2a_c2fa_4f1f_b060_9abd4c69ea58 unregistered
**** Registry Base URL: http://registry-app-ksql043.apps.ci419.apicurio-testing.org:80
2025-08-07 12:30:31,079 INFO  [org.apa.kaf.cli.con.ConsumerConfig] (main) ConsumerConfig values: 
	allow.auto.create.topics = true
	auto.commit.interval.ms = 500
	auto.include.jmx.reporter = true
	auto.offset.reset = earliest
	bootstrap.servers = [PLAINTEXT://localhost:32769]
	check.crcs = true
	client.dns.lookup = use_all_dns_ips
	client.id = consumer-Consumer-topic-63339d2a_c2fa_4f1f_b060_9abd4c69ea58-1
	client.rack = 
	connections.max.idle.ms = 10000
	default.api.timeout.ms = 60000
	enable.auto.commit = true
	enable.metrics.push = true
	exclude.internal.topics = true
	fetch.max.bytes = 52428800
	fetch.max.wait.ms = 500
	fetch.min.bytes = 1
	group.id = Consumer-topic-63339d2a_c2fa_4f1f_b060_9abd4c69ea58
	group.instance.id = null
	group.protocol = classic
	group.remote.assignor = null
	heartbeat.interval.ms = 3000
	interceptor.classes = []
	internal.leave.group.on.close = true
	internal.throw.on.fetch.stable.offset.unsupported = false
	isolation.level = read_uncommitted
	key.deserializer = class org.apache.kafka.common.serialization.StringDeserializer
	max.partition.fetch.bytes = 1048576
	max.poll.interval.ms = 300000
	max.poll.records = 500
	metadata.max.age.ms = 300000
	metadata.recovery.strategy = none
	metric.reporters = []
	metrics.num.samples = 2
	metrics.recording.level = INFO
	metrics.sample.window.ms = 30000
	partition.assignment.strategy = [class org.apache.kafka.clients.consumer.RangeAssignor, class org.apache.kafka.clients.consumer.CooperativeStickyAssignor]
	receive.buffer.bytes = 65536
	reconnect.backoff.max.ms = 1000
	reconnect.backoff.ms = 50
	request.timeout.ms = 5000
	retry.backoff.max.ms = 1000
	retry.backoff.ms = 100
	sasl.client.callback.handler.class = null
	sasl.jaas.config = null
	sasl.kerberos.kinit.cmd = /usr/bin/kinit
	sasl.kerberos.min.time.before.relogin = 60000
	sasl.kerberos.service.name = null
	sasl.kerberos.ticket.renew.jitter = 0.05
	sasl.kerberos.ticket.renew.window.factor = 0.8
	sasl.login.callback.handler.class = null
	sasl.login.class = null
	sasl.login.connect.timeout.ms = null
	sasl.login.read.timeout.ms = null
	sasl.login.refresh.buffer.seconds = 300
	sasl.login.refresh.min.period.seconds = 60
	sasl.login.refresh.window.factor = 0.8
	sasl.login.refresh.window.jitter = 0.05
	sasl.login.retry.backoff.max.ms = 10000
	sasl.login.retry.backoff.ms = 100
	sasl.mechanism = GSSAPI
	sasl.oauthbearer.clock.skew.seconds = 30
	sasl.oauthbearer.expected.audience = null
	sasl.oauthbearer.expected.issuer = null
	sasl.oauthbearer.header.urlencode = false
	sasl.oauthbearer.jwks.endpoint.refresh.ms = 3600000
	sasl.oauthbearer.jwks.endpoint.retry.backoff.max.ms = 10000
	sasl.oauthbearer.jwks.endpoint.retry.backoff.ms = 100
	sasl.oauthbearer.jwks.endpoint.url = null
	sasl.oauthbearer.scope.claim.name = scope
	sasl.oauthbearer.sub.claim.name = sub
	sasl.oauthbearer.token.endpoint.url = null
	security.protocol = PLAINTEXT
	security.providers = null
	send.buffer.bytes = 131072
	session.timeout.ms = 45000
	socket.connection.setup.timeout.max.ms = 30000
	socket.connection.setup.timeout.ms = 10000
	ssl.cipher.suites = null
	ssl.enabled.protocols = [TLSv1.2, TLSv1.3]
	ssl.endpoint.identification.algorithm = https
	ssl.engine.factory.class = null
	ssl.key.password = null
	ssl.keymanager.algorithm = SunX509
	ssl.keystore.certificate.chain = null
	ssl.keystore.key = null
	ssl.keystore.location = null
	ssl.keystore.password = null
	ssl.keystore.type = JKS
	ssl.protocol = TLSv1.3
	ssl.provider = null
	ssl.secure.random.implementation = null
	ssl.trustmanager.algorithm = PKIX
	ssl.truststore.certificates = null
	ssl.truststore.location = null
	ssl.truststore.password = null
	ssl.truststore.type = JKS
	value.deserializer = class io.apicurio.registry.serde.avro.AvroKafkaDeserializer

2025-08-07 12:30:31,089 INFO  [org.apa.kaf.com.tel.int.KafkaMetricsCollector] (main) initializing Kafka metrics collector
2025-08-07 12:30:31,133 INFO  [org.apa.kaf.cli.con.ConsumerConfig] (main) These configurations '[apicurio.registry.url, apicurio.registry.use-id]' were supplied but are not used yet.
2025-08-07 12:30:31,136 INFO  [org.apa.kaf.com.uti.AppInfoParser] (main) Kafka version: 3.9.1
2025-08-07 12:30:31,136 INFO  [org.apa.kaf.com.uti.AppInfoParser] (main) Kafka commitId: f745dfdcee2b9851
2025-08-07 12:30:31,136 INFO  [org.apa.kaf.com.uti.AppInfoParser] (main) Kafka startTimeMs: 1754569831136
2025-08-07 12:30:31,138 INFO  [org.apa.kaf.cli.con.int.ClassicKafkaConsumer] (Thread-603) [Consumer clientId=consumer-Consumer-topic-63339d2a_c2fa_4f1f_b060_9abd4c69ea58-1, groupId=Consumer-topic-63339d2a_c2fa_4f1f_b060_9abd4c69ea58] Subscribed to topic(s): topic-63339d2a_c2fa_4f1f_b060_9abd4c69ea58
2025-08-07 12:30:31,154 INFO  [org.apa.kaf.cli.Metadata] (Thread-603) [Consumer clientId=consumer-Consumer-topic-63339d2a_c2fa_4f1f_b060_9abd4c69ea58-1, groupId=Consumer-topic-63339d2a_c2fa_4f1f_b060_9abd4c69ea58] Cluster ID: wHHz-MW5SbujoYr4FCRV8g
2025-08-07 12:30:31,289 INFO  [org.apa.kaf.cli.con.int.ConsumerCoordinator] (Thread-603) [Consumer clientId=consumer-Consumer-topic-63339d2a_c2fa_4f1f_b060_9abd4c69ea58-1, groupId=Consumer-topic-63339d2a_c2fa_4f1f_b060_9abd4c69ea58] Discovered group coordinator localhost:32769 (id: 2147483647 rack: null)
2025-08-07 12:30:31,301 INFO  [org.apa.kaf.cli.con.int.ConsumerCoordinator] (Thread-603) [Consumer clientId=consumer-Consumer-topic-63339d2a_c2fa_4f1f_b060_9abd4c69ea58-1, groupId=Consumer-topic-63339d2a_c2fa_4f1f_b060_9abd4c69ea58] (Re-)joining group
2025-08-07 12:30:31,336 INFO  [org.apa.kaf.cli.con.int.ConsumerCoordinator] (Thread-603) [Consumer clientId=consumer-Consumer-topic-63339d2a_c2fa_4f1f_b060_9abd4c69ea58-1, groupId=Consumer-topic-63339d2a_c2fa_4f1f_b060_9abd4c69ea58] Group coordinator localhost:32769 (id: 2147483647 rack: null) is unavailable or invalid due to cause: error response NOT_COORDINATOR. isDisconnected: false. Rediscovery will be attempted.
2025-08-07 12:30:31,336 INFO  [org.apa.kaf.cli.con.int.ConsumerCoordinator] (Thread-603) [Consumer clientId=consumer-Consumer-topic-63339d2a_c2fa_4f1f_b060_9abd4c69ea58-1, groupId=Consumer-topic-63339d2a_c2fa_4f1f_b060_9abd4c69ea58] Requesting disconnect from last known coordinator localhost:32769 (id: 2147483647 rack: null)
2025-08-07 12:30:31,337 INFO  [org.apa.kaf.cli.con.int.ConsumerCoordinator] (Thread-603) [Consumer clientId=consumer-Consumer-topic-63339d2a_c2fa_4f1f_b060_9abd4c69ea58-1, groupId=Consumer-topic-63339d2a_c2fa_4f1f_b060_9abd4c69ea58] JoinGroup failed: This is not the correct coordinator. Marking coordinator unknown. Sent generation was Generation{generationId=-1, memberId='', protocol='null'}
2025-08-07 12:30:31,339 INFO  [org.apa.kaf.cli.NetworkClient] (Thread-603) [Consumer clientId=consumer-Consumer-topic-63339d2a_c2fa_4f1f_b060_9abd4c69ea58-1, groupId=Consumer-topic-63339d2a_c2fa_4f1f_b060_9abd4c69ea58] Client requested disconnect from node 2147483647
2025-08-07 12:30:31,346 INFO  [org.apa.kaf.cli.con.int.ConsumerCoordinator] (Thread-603) [Consumer clientId=consumer-Consumer-topic-63339d2a_c2fa_4f1f_b060_9abd4c69ea58-1, groupId=Consumer-topic-63339d2a_c2fa_4f1f_b060_9abd4c69ea58] Discovered group coordinator localhost:32769 (id: 2147483647 rack: null)
2025-08-07 12:30:31,346 INFO  [org.apa.kaf.cli.con.int.ConsumerCoordinator] (Thread-603) [Consumer clientId=consumer-Consumer-topic-63339d2a_c2fa_4f1f_b060_9abd4c69ea58-1, groupId=Consumer-topic-63339d2a_c2fa_4f1f_b060_9abd4c69ea58] Group coordinator localhost:32769 (id: 2147483647 rack: null) is unavailable or invalid due to cause: coordinator unavailable. isDisconnected: false. Rediscovery will be attempted.
2025-08-07 12:30:31,346 INFO  [org.apa.kaf.cli.con.int.ConsumerCoordinator] (Thread-603) [Consumer clientId=consumer-Consumer-topic-63339d2a_c2fa_4f1f_b060_9abd4c69ea58-1, groupId=Consumer-topic-63339d2a_c2fa_4f1f_b060_9abd4c69ea58] Requesting disconnect from last known coordinator localhost:32769 (id: 2147483647 rack: null)
2025-08-07 12:30:31,445 INFO  [org.apa.kaf.cli.con.int.ConsumerCoordinator] (Thread-603) [Consumer clientId=consumer-Consumer-topic-63339d2a_c2fa_4f1f_b060_9abd4c69ea58-1, groupId=Consumer-topic-63339d2a_c2fa_4f1f_b060_9abd4c69ea58] Discovered group coordinator localhost:32769 (id: 2147483647 rack: null)
2025-08-07 12:30:31,446 INFO  [org.apa.kaf.cli.con.int.ConsumerCoordinator] (Thread-603) [Consumer clientId=consumer-Consumer-topic-63339d2a_c2fa_4f1f_b060_9abd4c69ea58-1, groupId=Consumer-topic-63339d2a_c2fa_4f1f_b060_9abd4c69ea58] Request joining group due to: rebalance failed due to 'This is not the correct coordinator.' (NotCoordinatorException)
2025-08-07 12:30:31,447 INFO  [org.apa.kaf.cli.con.int.ConsumerCoordinator] (Thread-603) [Consumer clientId=consumer-Consumer-topic-63339d2a_c2fa_4f1f_b060_9abd4c69ea58-1, groupId=Consumer-topic-63339d2a_c2fa_4f1f_b060_9abd4c69ea58] (Re-)joining group
2025-08-07 12:30:31,453 INFO  [org.apa.kaf.cli.con.int.ConsumerCoordinator] (Thread-603) [Consumer clientId=consumer-Consumer-topic-63339d2a_c2fa_4f1f_b060_9abd4c69ea58-1, groupId=Consumer-topic-63339d2a_c2fa_4f1f_b060_9abd4c69ea58] Group coordinator localhost:32769 (id: 2147483647 rack: null) is unavailable or invalid due to cause: error response NOT_COORDINATOR. isDisconnected: false. Rediscovery will be attempted.
2025-08-07 12:30:31,453 INFO  [org.apa.kaf.cli.con.int.ConsumerCoordinator] (Thread-603) [Consumer clientId=consumer-Consumer-topic-63339d2a_c2fa_4f1f_b060_9abd4c69ea58-1, groupId=Consumer-topic-63339d2a_c2fa_4f1f_b060_9abd4c69ea58] Requesting disconnect from last known coordinator localhost:32769 (id: 2147483647 rack: null)
2025-08-07 12:30:31,453 INFO  [org.apa.kaf.cli.con.int.ConsumerCoordinator] (Thread-603) [Consumer clientId=consumer-Consumer-topic-63339d2a_c2fa_4f1f_b060_9abd4c69ea58-1, groupId=Consumer-topic-63339d2a_c2fa_4f1f_b060_9abd4c69ea58] JoinGroup failed: This is not the correct coordinator. Marking coordinator unknown. Sent generation was Generation{generationId=-1, memberId='', protocol='null'}
2025-08-07 12:30:31,453 INFO  [org.apa.kaf.cli.NetworkClient] (Thread-603) [Consumer clientId=consumer-Consumer-topic-63339d2a_c2fa_4f1f_b060_9abd4c69ea58-1, groupId=Consumer-topic-63339d2a_c2fa_4f1f_b060_9abd4c69ea58] Client requested disconnect from node 2147483647
2025-08-07 12:30:31,459 INFO  [org.apa.kaf.cli.con.int.ConsumerCoordinator] (Thread-603) [Consumer clientId=consumer-Consumer-topic-63339d2a_c2fa_4f1f_b060_9abd4c69ea58-1, groupId=Consumer-topic-63339d2a_c2fa_4f1f_b060_9abd4c69ea58] Discovered group coordinator localhost:32769 (id: 2147483647 rack: null)
2025-08-07 12:30:31,459 INFO  [org.apa.kaf.cli.con.int.ConsumerCoordinator] (Thread-603) [Consumer clientId=consumer-Consumer-topic-63339d2a_c2fa_4f1f_b060_9abd4c69ea58-1, groupId=Consumer-topic-63339d2a_c2fa_4f1f_b060_9abd4c69ea58] Group coordinator localhost:32769 (id: 2147483647 rack: null) is unavailable or invalid due to cause: coordinator unavailable. isDisconnected: false. Rediscovery will be attempted.
2025-08-07 12:30:31,459 INFO  [org.apa.kaf.cli.con.int.ConsumerCoordinator] (Thread-603) [Consumer clientId=consumer-Consumer-topic-63339d2a_c2fa_4f1f_b060_9abd4c69ea58-1, groupId=Consumer-topic-63339d2a_c2fa_4f1f_b060_9abd4c69ea58] Requesting disconnect from last known coordinator localhost:32769 (id: 2147483647 rack: null)
2025-08-07 12:30:31,547 INFO  [org.apa.kaf.cli.con.int.ConsumerCoordinator] (Thread-603) [Consumer clientId=consumer-Consumer-topic-63339d2a_c2fa_4f1f_b060_9abd4c69ea58-1, groupId=Consumer-topic-63339d2a_c2fa_4f1f_b060_9abd4c69ea58] Discovered group coordinator localhost:32769 (id: 2147483647 rack: null)
2025-08-07 12:30:31,549 INFO  [org.apa.kaf.cli.con.int.ConsumerCoordinator] (Thread-603) [Consumer clientId=consumer-Consumer-topic-63339d2a_c2fa_4f1f_b060_9abd4c69ea58-1, groupId=Consumer-topic-63339d2a_c2fa_4f1f_b060_9abd4c69ea58] Request joining group due to: rebalance failed due to 'This is not the correct coordinator.' (NotCoordinatorException)
2025-08-07 12:30:31,550 INFO  [org.apa.kaf.cli.con.int.ConsumerCoordinator] (Thread-603) [Consumer clientId=consumer-Consumer-topic-63339d2a_c2fa_4f1f_b060_9abd4c69ea58-1, groupId=Consumer-topic-63339d2a_c2fa_4f1f_b060_9abd4c69ea58] (Re-)joining group
2025-08-07 12:30:31,557 INFO  [org.apa.kaf.cli.con.int.ConsumerCoordinator] (Thread-603) [Consumer clientId=consumer-Consumer-topic-63339d2a_c2fa_4f1f_b060_9abd4c69ea58-1, groupId=Consumer-topic-63339d2a_c2fa_4f1f_b060_9abd4c69ea58] Group coordinator localhost:32769 (id: 2147483647 rack: null) is unavailable or invalid due to cause: error response NOT_COORDINATOR. isDisconnected: false. Rediscovery will be attempted.
2025-08-07 12:30:31,557 INFO  [org.apa.kaf.cli.con.int.ConsumerCoordinator] (Thread-603) [Consumer clientId=consumer-Consumer-topic-63339d2a_c2fa_4f1f_b060_9abd4c69ea58-1, groupId=Consumer-topic-63339d2a_c2fa_4f1f_b060_9abd4c69ea58] Requesting disconnect from last known coordinator localhost:32769 (id: 2147483647 rack: null)
2025-08-07 12:30:31,557 INFO  [org.apa.kaf.cli.con.int.ConsumerCoordinator] (Thread-603) [Consumer clientId=consumer-Consumer-topic-63339d2a_c2fa_4f1f_b060_9abd4c69ea58-1, groupId=Consumer-topic-63339d2a_c2fa_4f1f_b060_9abd4c69ea58] JoinGroup failed: This is not the correct coordinator. Marking coordinator unknown. Sent generation was Generation{generationId=-1, memberId='', protocol='null'}
2025-08-07 12:30:31,559 INFO  [org.apa.kaf.cli.NetworkClient] (Thread-603) [Consumer clientId=consumer-Consumer-topic-63339d2a_c2fa_4f1f_b060_9abd4c69ea58-1, groupId=Consumer-topic-63339d2a_c2fa_4f1f_b060_9abd4c69ea58] Client requested disconnect from node 2147483647
2025-08-07 12:30:31,563 INFO  [org.apa.kaf.cli.con.int.ConsumerCoordinator] (Thread-603) [Consumer clientId=consumer-Consumer-topic-63339d2a_c2fa_4f1f_b060_9abd4c69ea58-1, groupId=Consumer-topic-63339d2a_c2fa_4f1f_b060_9abd4c69ea58] Discovered group coordinator localhost:32769 (id: 2147483647 rack: null)
2025-08-07 12:30:31,563 INFO  [org.apa.kaf.cli.con.int.ConsumerCoordinator] (Thread-603) [Consumer clientId=consumer-Consumer-topic-63339d2a_c2fa_4f1f_b060_9abd4c69ea58-1, groupId=Consumer-topic-63339d2a_c2fa_4f1f_b060_9abd4c69ea58] Group coordinator localhost:32769 (id: 2147483647 rack: null) is unavailable or invalid due to cause: coordinator unavailable. isDisconnected: false. Rediscovery will be attempted.
2025-08-07 12:30:31,563 INFO  [org.apa.kaf.cli.con.int.ConsumerCoordinator] (Thread-603) [Consumer clientId=consumer-Consumer-topic-63339d2a_c2fa_4f1f_b060_9abd4c69ea58-1, groupId=Consumer-topic-63339d2a_c2fa_4f1f_b060_9abd4c69ea58] Requesting disconnect from last known coordinator localhost:32769 (id: 2147483647 rack: null)
2025-08-07 12:30:31,666 INFO  [org.apa.kaf.cli.con.int.ConsumerCoordinator] (Thread-603) [Consumer clientId=consumer-Consumer-topic-63339d2a_c2fa_4f1f_b060_9abd4c69ea58-1, groupId=Consumer-topic-63339d2a_c2fa_4f1f_b060_9abd4c69ea58] Discovered group coordinator localhost:32769 (id: 2147483647 rack: null)
2025-08-07 12:30:31,667 INFO  [org.apa.kaf.cli.con.int.ConsumerCoordinator] (Thread-603) [Consumer clientId=consumer-Consumer-topic-63339d2a_c2fa_4f1f_b060_9abd4c69ea58-1, groupId=Consumer-topic-63339d2a_c2fa_4f1f_b060_9abd4c69ea58] Request joining group due to: rebalance failed due to 'This is not the correct coordinator.' (NotCoordinatorException)
2025-08-07 12:30:31,668 INFO  [org.apa.kaf.cli.con.int.ConsumerCoordinator] (Thread-603) [Consumer clientId=consumer-Consumer-topic-63339d2a_c2fa_4f1f_b060_9abd4c69ea58-1, groupId=Consumer-topic-63339d2a_c2fa_4f1f_b060_9abd4c69ea58] (Re-)joining group
2025-08-07 12:30:31,672 INFO  [org.apa.kaf.cli.con.int.ConsumerCoordinator] (Thread-603) [Consumer clientId=consumer-Consumer-topic-63339d2a_c2fa_4f1f_b060_9abd4c69ea58-1, groupId=Consumer-topic-63339d2a_c2fa_4f1f_b060_9abd4c69ea58] Group coordinator localhost:32769 (id: 2147483647 rack: null) is unavailable or invalid due to cause: error response NOT_COORDINATOR. isDisconnected: false. Rediscovery will be attempted.
2025-08-07 12:30:31,672 INFO  [org.apa.kaf.cli.con.int.ConsumerCoordinator] (Thread-603) [Consumer clientId=consumer-Consumer-topic-63339d2a_c2fa_4f1f_b060_9abd4c69ea58-1, groupId=Consumer-topic-63339d2a_c2fa_4f1f_b060_9abd4c69ea58] Requesting disconnect from last known coordinator localhost:32769 (id: 2147483647 rack: null)
2025-08-07 12:30:31,672 INFO  [org.apa.kaf.cli.con.int.ConsumerCoordinator] (Thread-603) [Consumer clientId=consumer-Consumer-topic-63339d2a_c2fa_4f1f_b060_9abd4c69ea58-1, groupId=Consumer-topic-63339d2a_c2fa_4f1f_b060_9abd4c69ea58] JoinGroup failed: This is not the correct coordinator. Marking coordinator unknown. Sent generation was Generation{generationId=-1, memberId='', protocol='null'}
2025-08-07 12:30:31,673 INFO  [org.apa.kaf.cli.NetworkClient] (Thread-603) [Consumer clientId=consumer-Consumer-topic-63339d2a_c2fa_4f1f_b060_9abd4c69ea58-1, groupId=Consumer-topic-63339d2a_c2fa_4f1f_b060_9abd4c69ea58] Client requested disconnect from node 2147483647
2025-08-07 12:30:31,678 INFO  [org.apa.kaf.cli.con.int.ConsumerCoordinator] (Thread-603) [Consumer clientId=consumer-Consumer-topic-63339d2a_c2fa_4f1f_b060_9abd4c69ea58-1, groupId=Consumer-topic-63339d2a_c2fa_4f1f_b060_9abd4c69ea58] Discovered group coordinator localhost:32769 (id: 2147483647 rack: null)
2025-08-07 12:30:31,678 INFO  [org.apa.kaf.cli.con.int.ConsumerCoordinator] (Thread-603) [Consumer clientId=consumer-Consumer-topic-63339d2a_c2fa_4f1f_b060_9abd4c69ea58-1, groupId=Consumer-topic-63339d2a_c2fa_4f1f_b060_9abd4c69ea58] Group coordinator localhost:32769 (id: 2147483647 rack: null) is unavailable or invalid due to cause: coordinator unavailable. isDisconnected: false. Rediscovery will be attempted.
2025-08-07 12:30:31,678 INFO  [org.apa.kaf.cli.con.int.ConsumerCoordinator] (Thread-603) [Consumer clientId=consumer-Consumer-topic-63339d2a_c2fa_4f1f_b060_9abd4c69ea58-1, groupId=Consumer-topic-63339d2a_c2fa_4f1f_b060_9abd4c69ea58] Requesting disconnect from last known coordinator localhost:32769 (id: 2147483647 rack: null)
2025-08-07 12:30:31,772 INFO  [org.apa.kaf.cli.con.int.ConsumerCoordinator] (Thread-603) [Consumer clientId=consumer-Consumer-topic-63339d2a_c2fa_4f1f_b060_9abd4c69ea58-1, groupId=Consumer-topic-63339d2a_c2fa_4f1f_b060_9abd4c69ea58] Discovered group coordinator localhost:32769 (id: 2147483647 rack: null)
2025-08-07 12:30:31,775 INFO  [org.apa.kaf.cli.con.int.ConsumerCoordinator] (Thread-603) [Consumer clientId=consumer-Consumer-topic-63339d2a_c2fa_4f1f_b060_9abd4c69ea58-1, groupId=Consumer-topic-63339d2a_c2fa_4f1f_b060_9abd4c69ea58] Request joining group due to: rebalance failed due to 'This is not the correct coordinator.' (NotCoordinatorException)
2025-08-07 12:30:31,775 INFO  [org.apa.kaf.cli.con.int.ConsumerCoordinator] (Thread-603) [Consumer clientId=consumer-Consumer-topic-63339d2a_c2fa_4f1f_b060_9abd4c69ea58-1, groupId=Consumer-topic-63339d2a_c2fa_4f1f_b060_9abd4c69ea58] (Re-)joining group
2025-08-07 12:30:31,786 INFO  [org.apa.kaf.cli.con.int.ConsumerCoordinator] (Thread-603) [Consumer clientId=consumer-Consumer-topic-63339d2a_c2fa_4f1f_b060_9abd4c69ea58-1, groupId=Consumer-topic-63339d2a_c2fa_4f1f_b060_9abd4c69ea58] Group coordinator localhost:32769 (id: 2147483647 rack: null) is unavailable or invalid due to cause: error response NOT_COORDINATOR. isDisconnected: false. Rediscovery will be attempted.
2025-08-07 12:30:31,786 INFO  [org.apa.kaf.cli.con.int.ConsumerCoordinator] (Thread-603) [Consumer clientId=consumer-Consumer-topic-63339d2a_c2fa_4f1f_b060_9abd4c69ea58-1, groupId=Consumer-topic-63339d2a_c2fa_4f1f_b060_9abd4c69ea58] Requesting disconnect from last known coordinator localhost:32769 (id: 2147483647 rack: null)
2025-08-07 12:30:31,786 INFO  [org.apa.kaf.cli.con.int.ConsumerCoordinator] (Thread-603) [Consumer clientId=consumer-Consumer-topic-63339d2a_c2fa_4f1f_b060_9abd4c69ea58-1, groupId=Consumer-topic-63339d2a_c2fa_4f1f_b060_9abd4c69ea58] JoinGroup failed: This is not the correct coordinator. Marking coordinator unknown. Sent generation was Generation{generationId=-1, memberId='', protocol='null'}
2025-08-07 12:30:31,787 INFO  [org.apa.kaf.cli.NetworkClient] (Thread-603) [Consumer clientId=consumer-Consumer-topic-63339d2a_c2fa_4f1f_b060_9abd4c69ea58-1, groupId=Consumer-topic-63339d2a_c2fa_4f1f_b060_9abd4c69ea58] Client requested disconnect from node 2147483647
2025-08-07 12:30:31,795 INFO  [org.apa.kaf.cli.con.int.ConsumerCoordinator] (Thread-603) [Consumer clientId=consumer-Consumer-topic-63339d2a_c2fa_4f1f_b060_9abd4c69ea58-1, groupId=Consumer-topic-63339d2a_c2fa_4f1f_b060_9abd4c69ea58] Discovered group coordinator localhost:32769 (id: 2147483647 rack: null)
2025-08-07 12:30:31,795 INFO  [org.apa.kaf.cli.con.int.ConsumerCoordinator] (Thread-603) [Consumer clientId=consumer-Consumer-topic-63339d2a_c2fa_4f1f_b060_9abd4c69ea58-1, groupId=Consumer-topic-63339d2a_c2fa_4f1f_b060_9abd4c69ea58] Group coordinator localhost:32769 (id: 2147483647 rack: null) is unavailable or invalid due to cause: coordinator unavailable. isDisconnected: false. Rediscovery will be attempted.
2025-08-07 12:30:31,795 INFO  [org.apa.kaf.cli.con.int.ConsumerCoordinator] (Thread-603) [Consumer clientId=consumer-Consumer-topic-63339d2a_c2fa_4f1f_b060_9abd4c69ea58-1, groupId=Consumer-topic-63339d2a_c2fa_4f1f_b060_9abd4c69ea58] Requesting disconnect from last known coordinator localhost:32769 (id: 2147483647 rack: null)
2025-08-07 12:30:31,900 INFO  [org.apa.kaf.cli.con.int.ConsumerCoordinator] (Thread-603) [Consumer clientId=consumer-Consumer-topic-63339d2a_c2fa_4f1f_b060_9abd4c69ea58-1, groupId=Consumer-topic-63339d2a_c2fa_4f1f_b060_9abd4c69ea58] Discovered group coordinator localhost:32769 (id: 2147483647 rack: null)
2025-08-07 12:30:31,903 INFO  [org.apa.kaf.cli.con.int.ConsumerCoordinator] (Thread-603) [Consumer clientId=consumer-Consumer-topic-63339d2a_c2fa_4f1f_b060_9abd4c69ea58-1, groupId=Consumer-topic-63339d2a_c2fa_4f1f_b060_9abd4c69ea58] Request joining group due to: rebalance failed due to 'This is not the correct coordinator.' (NotCoordinatorException)
2025-08-07 12:30:31,905 INFO  [org.apa.kaf.cli.con.int.ConsumerCoordinator] (Thread-603) [Consumer clientId=consumer-Consumer-topic-63339d2a_c2fa_4f1f_b060_9abd4c69ea58-1, groupId=Consumer-topic-63339d2a_c2fa_4f1f_b060_9abd4c69ea58] (Re-)joining group
2025-08-07 12:30:31,914 INFO  [org.apa.kaf.cli.con.int.ConsumerCoordinator] (Thread-603) [Consumer clientId=consumer-Consumer-topic-63339d2a_c2fa_4f1f_b060_9abd4c69ea58-1, groupId=Consumer-topic-63339d2a_c2fa_4f1f_b060_9abd4c69ea58] Request joining group due to: need to re-join with the given member-id: consumer-Consumer-topic-63339d2a_c2fa_4f1f_b060_9abd4c69ea58-1-b7200beb-397e-42ce-aba1-804d940ffc19
2025-08-07 12:30:31,914 INFO  [org.apa.kaf.cli.con.int.ConsumerCoordinator] (Thread-603) [Consumer clientId=consumer-Consumer-topic-63339d2a_c2fa_4f1f_b060_9abd4c69ea58-1, groupId=Consumer-topic-63339d2a_c2fa_4f1f_b060_9abd4c69ea58] (Re-)joining group
2025-08-07 12:30:32,139 INFO  [io.api.tes.ser.api.KafkaSerdesTester] (Thread-603) None found
2025-08-07 12:30:33,140 INFO  [io.api.tes.ser.api.KafkaSerdesTester] (Thread-603) None found
2025-08-07 12:30:34,140 INFO  [io.api.tes.ser.api.KafkaSerdesTester] (Thread-603) None found
2025-08-07 12:30:34,939 INFO  [org.apa.kaf.cli.con.int.ConsumerCoordinator] (Thread-603) [Consumer clientId=consumer-Consumer-topic-63339d2a_c2fa_4f1f_b060_9abd4c69ea58-1, groupId=Consumer-topic-63339d2a_c2fa_4f1f_b060_9abd4c69ea58] Successfully joined group with generation Generation{generationId=1, memberId='consumer-Consumer-topic-63339d2a_c2fa_4f1f_b060_9abd4c69ea58-1-b7200beb-397e-42ce-aba1-804d940ffc19', protocol='range'}
2025-08-07 12:30:34,947 INFO  [org.apa.kaf.cli.con.int.ConsumerCoordinator] (Thread-603) [Consumer clientId=consumer-Consumer-topic-63339d2a_c2fa_4f1f_b060_9abd4c69ea58-1, groupId=Consumer-topic-63339d2a_c2fa_4f1f_b060_9abd4c69ea58] Finished assignment for group at generation 1: {consumer-Consumer-topic-63339d2a_c2fa_4f1f_b060_9abd4c69ea58-1-b7200beb-397e-42ce-aba1-804d940ffc19=Assignment(partitions=[topic-63339d2a_c2fa_4f1f_b060_9abd4c69ea58-0])}
2025-08-07 12:30:34,972 INFO  [org.apa.kaf.cli.con.int.ConsumerCoordinator] (Thread-603) [Consumer clientId=consumer-Consumer-topic-63339d2a_c2fa_4f1f_b060_9abd4c69ea58-1, groupId=Consumer-topic-63339d2a_c2fa_4f1f_b060_9abd4c69ea58] Successfully synced group in generation Generation{generationId=1, memberId='consumer-Consumer-topic-63339d2a_c2fa_4f1f_b060_9abd4c69ea58-1-b7200beb-397e-42ce-aba1-804d940ffc19', protocol='range'}
2025-08-07 12:30:34,972 INFO  [org.apa.kaf.cli.con.int.ConsumerCoordinator] (Thread-603) [Consumer clientId=consumer-Consumer-topic-63339d2a_c2fa_4f1f_b060_9abd4c69ea58-1, groupId=Consumer-topic-63339d2a_c2fa_4f1f_b060_9abd4c69ea58] Notifying assignor about the new Assignment(partitions=[topic-63339d2a_c2fa_4f1f_b060_9abd4c69ea58-0])
2025-08-07 12:30:34,977 INFO  [org.apa.kaf.cli.con.int.ConsumerRebalanceListenerInvoker] (Thread-603) [Consumer clientId=consumer-Consumer-topic-63339d2a_c2fa_4f1f_b060_9abd4c69ea58-1, groupId=Consumer-topic-63339d2a_c2fa_4f1f_b060_9abd4c69ea58] Adding newly assigned partitions: topic-63339d2a_c2fa_4f1f_b060_9abd4c69ea58-0
2025-08-07 12:30:35,008 INFO  [org.apa.kaf.cli.con.int.ConsumerCoordinator] (Thread-603) [Consumer clientId=consumer-Consumer-topic-63339d2a_c2fa_4f1f_b060_9abd4c69ea58-1, groupId=Consumer-topic-63339d2a_c2fa_4f1f_b060_9abd4c69ea58] Found no committed offset for partition topic-63339d2a_c2fa_4f1f_b060_9abd4c69ea58-0
2025-08-07 12:30:35,036 INFO  [org.apa.kaf.cli.con.int.SubscriptionState] (Thread-603) [Consumer clientId=consumer-Consumer-topic-63339d2a_c2fa_4f1f_b060_9abd4c69ea58-1, groupId=Consumer-topic-63339d2a_c2fa_4f1f_b060_9abd4c69ea58] Resetting offset for partition topic-63339d2a_c2fa_4f1f_b060_9abd4c69ea58-0 to position FetchPosition{offset=0, offsetEpoch=Optional.empty, currentLeader=LeaderAndEpoch{leader=Optional[localhost:32769 (id: 0 rack: null)], epoch=0}}.
2025-08-07 12:30:35,350 INFO  [io.api.tes.ser.api.KafkaSerdesTester] (Thread-603) topic-63339d2a_c2fa_4f1f_b060_9abd4c69ea58 0 0 {"key11754569829768": "value-0"}
2025-08-07 12:30:35,350 INFO  [io.api.tes.ser.api.KafkaSerdesTester] (Thread-603) topic-63339d2a_c2fa_4f1f_b060_9abd4c69ea58 0 1 {"key11754569829768": "value-1"}
2025-08-07 12:30:35,351 INFO  [io.api.tes.ser.api.KafkaSerdesTester] (Thread-603) topic-63339d2a_c2fa_4f1f_b060_9abd4c69ea58 0 2 {"key11754569829768": "value-2"}
2025-08-07 12:30:35,351 INFO  [io.api.tes.ser.api.KafkaSerdesTester] (Thread-603) topic-63339d2a_c2fa_4f1f_b060_9abd4c69ea58 0 3 {"key11754569829768": "value-3"}
2025-08-07 12:30:35,351 INFO  [io.api.tes.ser.api.KafkaSerdesTester] (Thread-603) topic-63339d2a_c2fa_4f1f_b060_9abd4c69ea58 0 4 {"key11754569829768": "value-4"}
2025-08-07 12:30:35,352 INFO  [io.api.tes.ser.api.KafkaSerdesTester] (Thread-603) topic-63339d2a_c2fa_4f1f_b060_9abd4c69ea58 0 5 {"key11754569829768": "value-5"}
2025-08-07 12:30:35,352 INFO  [io.api.tes.ser.api.KafkaSerdesTester] (Thread-603) topic-63339d2a_c2fa_4f1f_b060_9abd4c69ea58 0 6 {"key11754569829768": "value-6"}
2025-08-07 12:30:35,352 INFO  [io.api.tes.ser.api.KafkaSerdesTester] (Thread-603) topic-63339d2a_c2fa_4f1f_b060_9abd4c69ea58 0 7 {"key11754569829768": "value-7"}
2025-08-07 12:30:35,352 INFO  [io.api.tes.ser.api.KafkaSerdesTester] (Thread-603) topic-63339d2a_c2fa_4f1f_b060_9abd4c69ea58 0 8 {"key11754569829768": "value-8"}
2025-08-07 12:30:35,352 INFO  [io.api.tes.ser.api.KafkaSerdesTester] (Thread-603) topic-63339d2a_c2fa_4f1f_b060_9abd4c69ea58 0 9 {"key11754569829768": "value-9"}
2025-08-07 12:30:35,352 INFO  [io.api.tes.ser.api.KafkaSerdesTester] (Thread-603) Consumed 10 messages
2025-08-07 12:30:35,392 INFO  [org.apa.kaf.cli.con.int.ConsumerRebalanceListenerInvoker] (Thread-603) [Consumer clientId=consumer-Consumer-topic-63339d2a_c2fa_4f1f_b060_9abd4c69ea58-1, groupId=Consumer-topic-63339d2a_c2fa_4f1f_b060_9abd4c69ea58] Revoke previously assigned partitions topic-63339d2a_c2fa_4f1f_b060_9abd4c69ea58-0
2025-08-07 12:30:35,392 INFO  [org.apa.kaf.cli.con.int.ConsumerCoordinator] (Thread-603) [Consumer clientId=consumer-Consumer-topic-63339d2a_c2fa_4f1f_b060_9abd4c69ea58-1, groupId=Consumer-topic-63339d2a_c2fa_4f1f_b060_9abd4c69ea58] Member consumer-Consumer-topic-63339d2a_c2fa_4f1f_b060_9abd4c69ea58-1-b7200beb-397e-42ce-aba1-804d940ffc19 sending LeaveGroup request to coordinator localhost:32769 (id: 2147483647 rack: null) due to the consumer is being closed
2025-08-07 12:30:35,393 INFO  [org.apa.kaf.cli.con.int.ConsumerCoordinator] (Thread-603) [Consumer clientId=consumer-Consumer-topic-63339d2a_c2fa_4f1f_b060_9abd4c69ea58-1, groupId=Consumer-topic-63339d2a_c2fa_4f1f_b060_9abd4c69ea58] Resetting generation and member id due to: consumer pro-actively leaving the group
2025-08-07 12:30:35,393 INFO  [org.apa.kaf.cli.con.int.ConsumerCoordinator] (Thread-603) [Consumer clientId=consumer-Consumer-topic-63339d2a_c2fa_4f1f_b060_9abd4c69ea58-1, groupId=Consumer-topic-63339d2a_c2fa_4f1f_b060_9abd4c69ea58] Request joining group due to: consumer pro-actively leaving the group
2025-08-07 12:30:35,871 INFO  [org.apa.kaf.com.met.Metrics] (Thread-603) Metrics scheduler closed
2025-08-07 12:30:35,871 INFO  [org.apa.kaf.com.met.Metrics] (Thread-603) Closing reporter org.apache.kafka.common.metrics.JmxReporter
2025-08-07 12:30:35,871 INFO  [org.apa.kaf.com.met.Metrics] (Thread-603) Closing reporter org.apache.kafka.common.telemetry.internals.ClientTelemetryReporter
2025-08-07 12:30:35,871 INFO  [org.apa.kaf.com.met.Metrics] (Thread-603) Metrics reporters closed
2025-08-07 12:30:35,886 INFO  [org.apa.kaf.com.uti.AppInfoParser] (Thread-603) App info kafka.consumer for consumer-Consumer-topic-63339d2a_c2fa_4f1f_b060_9abd4c69ea58-1 unregistered
2025-08-07 12:30:35,886 INFO  [io.api.tes.uti.TestSeparator] (main) io.apicurio.tests.serdes.apicurio.AvroSerdeIT.testGlobalIdInHeaders-FINISHED
2025-08-07 12:30:35,886 INFO  [io.api.tes.uti.TestSeparator] (main) ############################################################################
Test passed: testGlobalIdInHeaders
]]></system-out>
  </testcase>
  <testcase name="testSimpleTopicIdStrategyFindLatest" classname="io.apicurio.tests.serdes.apicurio.AvroSerdeIT" time="5.477">
    <system-out><![CDATA[2025-08-07 12:30:35,889 INFO  [io.api.tes.uti.TestSeparator] (main) ############################################################################
2025-08-07 12:30:35,890 INFO  [io.api.tes.uti.TestSeparator] (main) io.apicurio.tests.serdes.apicurio.AvroSerdeIT.testSimpleTopicIdStrategyFindLatest-STARTED
2025-08-07 12:30:35,895 INFO  [io.api.tes.ser.api.AvroSerdeIT] (main) Registering Avro Schema: {"type":"record","name":"myrecordapicurio1","fields":[{"name":"key11754569835890","type":"string"}]}
**** Registry Base URL: http://registry-app-ksql043.apps.ci419.apicurio-testing.org:80
2025-08-07 12:30:37,107 INFO  [org.apa.kaf.cli.pro.ProducerConfig] (main) ProducerConfig values: 
	acks = -1
	auto.include.jmx.reporter = true
	batch.size = 16384
	bootstrap.servers = [PLAINTEXT://localhost:32769]
	buffer.memory = 33554432
	client.dns.lookup = use_all_dns_ips
	client.id = Producer-topic-d5889da3_26d5_4e43_95d1_e91462b80ba3
	compression.gzip.level = -1
	compression.lz4.level = 9
	compression.type = none
	compression.zstd.level = 3
	connections.max.idle.ms = 10000
	delivery.timeout.ms = 120000
	enable.idempotence = true
	enable.metrics.push = true
	interceptor.classes = []
	key.serializer = class org.apache.kafka.common.serialization.StringSerializer
	linger.ms = 0
	max.block.ms = 60000
	max.in.flight.requests.per.connection = 5
	max.request.size = 1048576
	metadata.max.age.ms = 300000
	metadata.max.idle.ms = 300000
	metadata.recovery.strategy = none
	metric.reporters = []
	metrics.num.samples = 2
	metrics.recording.level = INFO
	metrics.sample.window.ms = 30000
	partitioner.adaptive.partitioning.enable = true
	partitioner.availability.timeout.ms = 0
	partitioner.class = null
	partitioner.ignore.keys = false
	receive.buffer.bytes = 32768
	reconnect.backoff.max.ms = 1000
	reconnect.backoff.ms = 50
	request.timeout.ms = 5000
	retries = 2147483647
	retry.backoff.max.ms = 1000
	retry.backoff.ms = 100
	sasl.client.callback.handler.class = null
	sasl.jaas.config = null
	sasl.kerberos.kinit.cmd = /usr/bin/kinit
	sasl.kerberos.min.time.before.relogin = 60000
	sasl.kerberos.service.name = null
	sasl.kerberos.ticket.renew.jitter = 0.05
	sasl.kerberos.ticket.renew.window.factor = 0.8
	sasl.login.callback.handler.class = null
	sasl.login.class = null
	sasl.login.connect.timeout.ms = null
	sasl.login.read.timeout.ms = null
	sasl.login.refresh.buffer.seconds = 300
	sasl.login.refresh.min.period.seconds = 60
	sasl.login.refresh.window.factor = 0.8
	sasl.login.refresh.window.jitter = 0.05
	sasl.login.retry.backoff.max.ms = 10000
	sasl.login.retry.backoff.ms = 100
	sasl.mechanism = GSSAPI
	sasl.oauthbearer.clock.skew.seconds = 30
	sasl.oauthbearer.expected.audience = null
	sasl.oauthbearer.expected.issuer = null
	sasl.oauthbearer.header.urlencode = false
	sasl.oauthbearer.jwks.endpoint.refresh.ms = 3600000
	sasl.oauthbearer.jwks.endpoint.retry.backoff.max.ms = 10000
	sasl.oauthbearer.jwks.endpoint.retry.backoff.ms = 100
	sasl.oauthbearer.jwks.endpoint.url = null
	sasl.oauthbearer.scope.claim.name = scope
	sasl.oauthbearer.sub.claim.name = sub
	sasl.oauthbearer.token.endpoint.url = null
	security.protocol = PLAINTEXT
	security.providers = null
	send.buffer.bytes = 131072
	socket.connection.setup.timeout.max.ms = 30000
	socket.connection.setup.timeout.ms = 10000
	ssl.cipher.suites = null
	ssl.enabled.protocols = [TLSv1.2, TLSv1.3]
	ssl.endpoint.identification.algorithm = https
	ssl.engine.factory.class = null
	ssl.key.password = null
	ssl.keymanager.algorithm = SunX509
	ssl.keystore.certificate.chain = null
	ssl.keystore.key = null
	ssl.keystore.location = null
	ssl.keystore.password = null
	ssl.keystore.type = JKS
	ssl.protocol = TLSv1.3
	ssl.provider = null
	ssl.secure.random.implementation = null
	ssl.trustmanager.algorithm = PKIX
	ssl.truststore.certificates = null
	ssl.truststore.location = null
	ssl.truststore.password = null
	ssl.truststore.type = JKS
	transaction.timeout.ms = 60000
	transactional.id = null
	value.serializer = class io.apicurio.registry.serde.avro.AvroKafkaSerializer

2025-08-07 12:30:37,108 INFO  [org.apa.kaf.com.tel.int.KafkaMetricsCollector] (main) initializing Kafka metrics collector
2025-08-07 12:30:37,113 INFO  [org.apa.kaf.cli.pro.KafkaProducer] (main) [Producer clientId=Producer-topic-d5889da3_26d5_4e43_95d1_e91462b80ba3] Instantiated an idempotent producer.
2025-08-07 12:30:37,118 INFO  [org.apa.kaf.cli.pro.ProducerConfig] (main) These configurations '[apicurio.registry.find-latest, apicurio.registry.artifact.group-id, apicurio.registry.url, apicurio.registry.artifact-resolver-strategy]' were supplied but are not used yet.
2025-08-07 12:30:37,118 INFO  [org.apa.kaf.com.uti.AppInfoParser] (main) Kafka version: 3.9.1
2025-08-07 12:30:37,118 INFO  [org.apa.kaf.com.uti.AppInfoParser] (main) Kafka commitId: f745dfdcee2b9851
2025-08-07 12:30:37,118 INFO  [org.apa.kaf.com.uti.AppInfoParser] (main) Kafka startTimeMs: 1754569837118
2025-08-07 12:30:37,118 INFO  [io.api.tes.ser.api.SimpleSerdesTesterBuilder$SimpleSerdesTester] (main) Using producer configuration: {apicurio.registry.find-latest=true, apicurio.registry.artifact.group-id=topic-d5889da3_26d5_4e43_95d1_e91462b80ba3, apicurio.registry.url=http://registry-app-ksql043.apps.ci419.apicurio-testing.org:80/apis/registry/v3, apicurio.registry.artifact-resolver-strategy=io.apicurio.registry.serde.strategy.SimpleTopicIdStrategy, value.serializer=io.apicurio.registry.serde.avro.AvroKafkaSerializer, request.timeout.ms=5000, acks=all, bootstrap.servers=PLAINTEXT://localhost:32769, connections.max.idle.ms=10000, key.serializer=org.apache.kafka.common.serialization.StringSerializer, client.id=Producer-topic-d5889da3_26d5_4e43_95d1_e91462b80ba3}
2025-08-07 12:30:37,119 INFO  [io.api.tes.ser.api.SimpleSerdesTesterBuilder$SimpleSerdesTester] (main) Using consumer configuration: {}
2025-08-07 12:30:37,121 INFO  [io.api.tes.ser.api.KafkaSerdesTester] (Thread-606) Sending message {"key11754569835890": "value-0"} to topic topic-d5889da3_26d5_4e43_95d1_e91462b80ba3
2025-08-07 12:30:37,135 INFO  [org.apa.kaf.cli.Metadata] (kafka-producer-network-thread | Producer-topic-d5889da3_26d5_4e43_95d1_e91462b80ba3) [Producer clientId=Producer-topic-d5889da3_26d5_4e43_95d1_e91462b80ba3] Cluster ID: wHHz-MW5SbujoYr4FCRV8g
2025-08-07 12:30:37,147 INFO  [org.apa.kaf.cli.pro.int.TransactionManager] (kafka-producer-network-thread | Producer-topic-d5889da3_26d5_4e43_95d1_e91462b80ba3) [Producer clientId=Producer-topic-d5889da3_26d5_4e43_95d1_e91462b80ba3] ProducerId set to 1 with epoch 0
2025-08-07 12:30:37,484 INFO  [io.api.tes.ser.api.KafkaSerdesTester] (Thread-606) Sending message {"key11754569835890": "value-1"} to topic topic-d5889da3_26d5_4e43_95d1_e91462b80ba3
2025-08-07 12:30:37,489 INFO  [io.api.tes.ser.api.KafkaSerdesTester] (Thread-606) Sending message {"key11754569835890": "value-2"} to topic topic-d5889da3_26d5_4e43_95d1_e91462b80ba3
2025-08-07 12:30:37,493 INFO  [io.api.tes.ser.api.KafkaSerdesTester] (Thread-606) Sending message {"key11754569835890": "value-3"} to topic topic-d5889da3_26d5_4e43_95d1_e91462b80ba3
2025-08-07 12:30:37,497 INFO  [io.api.tes.ser.api.KafkaSerdesTester] (Thread-606) Sending message {"key11754569835890": "value-4"} to topic topic-d5889da3_26d5_4e43_95d1_e91462b80ba3
2025-08-07 12:30:37,501 INFO  [io.api.tes.ser.api.KafkaSerdesTester] (Thread-606) Sending message {"key11754569835890": "value-5"} to topic topic-d5889da3_26d5_4e43_95d1_e91462b80ba3
2025-08-07 12:30:37,504 INFO  [io.api.tes.ser.api.KafkaSerdesTester] (Thread-606) Sending message {"key11754569835890": "value-6"} to topic topic-d5889da3_26d5_4e43_95d1_e91462b80ba3
2025-08-07 12:30:37,508 INFO  [io.api.tes.ser.api.KafkaSerdesTester] (Thread-606) Sending message {"key11754569835890": "value-7"} to topic topic-d5889da3_26d5_4e43_95d1_e91462b80ba3
2025-08-07 12:30:37,510 INFO  [io.api.tes.ser.api.KafkaSerdesTester] (Thread-606) Sending message {"key11754569835890": "value-8"} to topic topic-d5889da3_26d5_4e43_95d1_e91462b80ba3
2025-08-07 12:30:37,512 INFO  [io.api.tes.ser.api.KafkaSerdesTester] (Thread-606) Sending message {"key11754569835890": "value-9"} to topic topic-d5889da3_26d5_4e43_95d1_e91462b80ba3
2025-08-07 12:30:37,515 INFO  [io.api.tes.ser.api.KafkaSerdesTester] (Thread-606) Produced 10 messages
2025-08-07 12:30:37,515 INFO  [org.apa.kaf.cli.pro.KafkaProducer] (Thread-606) [Producer clientId=Producer-topic-d5889da3_26d5_4e43_95d1_e91462b80ba3] Closing the Kafka producer with timeoutMillis = 9223372036854775807 ms.
2025-08-07 12:30:37,522 INFO  [org.apa.kaf.com.met.Metrics] (Thread-606) Metrics scheduler closed
2025-08-07 12:30:37,522 INFO  [org.apa.kaf.com.met.Metrics] (Thread-606) Closing reporter org.apache.kafka.common.metrics.JmxReporter
2025-08-07 12:30:37,522 INFO  [org.apa.kaf.com.met.Metrics] (Thread-606) Closing reporter org.apache.kafka.common.telemetry.internals.ClientTelemetryReporter
2025-08-07 12:30:37,523 INFO  [org.apa.kaf.com.met.Metrics] (Thread-606) Metrics reporters closed
2025-08-07 12:30:37,523 INFO  [org.apa.kaf.com.uti.AppInfoParser] (Thread-606) App info kafka.producer for Producer-topic-d5889da3_26d5_4e43_95d1_e91462b80ba3 unregistered
**** Registry Base URL: http://registry-app-ksql043.apps.ci419.apicurio-testing.org:80
2025-08-07 12:30:37,524 INFO  [org.apa.kaf.cli.con.ConsumerConfig] (main) ConsumerConfig values: 
	allow.auto.create.topics = true
	auto.commit.interval.ms = 500
	auto.include.jmx.reporter = true
	auto.offset.reset = earliest
	bootstrap.servers = [PLAINTEXT://localhost:32769]
	check.crcs = true
	client.dns.lookup = use_all_dns_ips
	client.id = consumer-Consumer-topic-d5889da3_26d5_4e43_95d1_e91462b80ba3-2
	client.rack = 
	connections.max.idle.ms = 10000
	default.api.timeout.ms = 60000
	enable.auto.commit = true
	enable.metrics.push = true
	exclude.internal.topics = true
	fetch.max.bytes = 52428800
	fetch.max.wait.ms = 500
	fetch.min.bytes = 1
	group.id = Consumer-topic-d5889da3_26d5_4e43_95d1_e91462b80ba3
	group.instance.id = null
	group.protocol = classic
	group.remote.assignor = null
	heartbeat.interval.ms = 3000
	interceptor.classes = []
	internal.leave.group.on.close = true
	internal.throw.on.fetch.stable.offset.unsupported = false
	isolation.level = read_uncommitted
	key.deserializer = class org.apache.kafka.common.serialization.StringDeserializer
	max.partition.fetch.bytes = 1048576
	max.poll.interval.ms = 300000
	max.poll.records = 500
	metadata.max.age.ms = 300000
	metadata.recovery.strategy = none
	metric.reporters = []
	metrics.num.samples = 2
	metrics.recording.level = INFO
	metrics.sample.window.ms = 30000
	partition.assignment.strategy = [class org.apache.kafka.clients.consumer.RangeAssignor, class org.apache.kafka.clients.consumer.CooperativeStickyAssignor]
	receive.buffer.bytes = 65536
	reconnect.backoff.max.ms = 1000
	reconnect.backoff.ms = 50
	request.timeout.ms = 5000
	retry.backoff.max.ms = 1000
	retry.backoff.ms = 100
	sasl.client.callback.handler.class = null
	sasl.jaas.config = null
	sasl.kerberos.kinit.cmd = /usr/bin/kinit
	sasl.kerberos.min.time.before.relogin = 60000
	sasl.kerberos.service.name = null
	sasl.kerberos.ticket.renew.jitter = 0.05
	sasl.kerberos.ticket.renew.window.factor = 0.8
	sasl.login.callback.handler.class = null
	sasl.login.class = null
	sasl.login.connect.timeout.ms = null
	sasl.login.read.timeout.ms = null
	sasl.login.refresh.buffer.seconds = 300
	sasl.login.refresh.min.period.seconds = 60
	sasl.login.refresh.window.factor = 0.8
	sasl.login.refresh.window.jitter = 0.05
	sasl.login.retry.backoff.max.ms = 10000
	sasl.login.retry.backoff.ms = 100
	sasl.mechanism = GSSAPI
	sasl.oauthbearer.clock.skew.seconds = 30
	sasl.oauthbearer.expected.audience = null
	sasl.oauthbearer.expected.issuer = null
	sasl.oauthbearer.header.urlencode = false
	sasl.oauthbearer.jwks.endpoint.refresh.ms = 3600000
	sasl.oauthbearer.jwks.endpoint.retry.backoff.max.ms = 10000
	sasl.oauthbearer.jwks.endpoint.retry.backoff.ms = 100
	sasl.oauthbearer.jwks.endpoint.url = null
	sasl.oauthbearer.scope.claim.name = scope
	sasl.oauthbearer.sub.claim.name = sub
	sasl.oauthbearer.token.endpoint.url = null
	security.protocol = PLAINTEXT
	security.providers = null
	send.buffer.bytes = 131072
	session.timeout.ms = 45000
	socket.connection.setup.timeout.max.ms = 30000
	socket.connection.setup.timeout.ms = 10000
	ssl.cipher.suites = null
	ssl.enabled.protocols = [TLSv1.2, TLSv1.3]
	ssl.endpoint.identification.algorithm = https
	ssl.engine.factory.class = null
	ssl.key.password = null
	ssl.keymanager.algorithm = SunX509
	ssl.keystore.certificate.chain = null
	ssl.keystore.key = null
	ssl.keystore.location = null
	ssl.keystore.password = null
	ssl.keystore.type = JKS
	ssl.protocol = TLSv1.3
	ssl.provider = null
	ssl.secure.random.implementation = null
	ssl.trustmanager.algorithm = PKIX
	ssl.truststore.certificates = null
	ssl.truststore.location = null
	ssl.truststore.password = null
	ssl.truststore.type = JKS
	value.deserializer = class io.apicurio.registry.serde.avro.AvroKafkaDeserializer

2025-08-07 12:30:37,525 INFO  [org.apa.kaf.com.tel.int.KafkaMetricsCollector] (main) initializing Kafka metrics collector
2025-08-07 12:30:37,550 INFO  [org.apa.kaf.cli.con.ConsumerConfig] (main) These configurations '[apicurio.registry.url]' were supplied but are not used yet.
2025-08-07 12:30:37,550 INFO  [org.apa.kaf.com.uti.AppInfoParser] (main) Kafka version: 3.9.1
2025-08-07 12:30:37,550 INFO  [org.apa.kaf.com.uti.AppInfoParser] (main) Kafka commitId: f745dfdcee2b9851
2025-08-07 12:30:37,550 INFO  [org.apa.kaf.com.uti.AppInfoParser] (main) Kafka startTimeMs: 1754569837550
2025-08-07 12:30:37,555 INFO  [org.apa.kaf.cli.con.int.ClassicKafkaConsumer] (Thread-609) [Consumer clientId=consumer-Consumer-topic-d5889da3_26d5_4e43_95d1_e91462b80ba3-2, groupId=Consumer-topic-d5889da3_26d5_4e43_95d1_e91462b80ba3] Subscribed to topic(s): topic-d5889da3_26d5_4e43_95d1_e91462b80ba3
2025-08-07 12:30:37,562 INFO  [org.apa.kaf.cli.Metadata] (Thread-609) [Consumer clientId=consumer-Consumer-topic-d5889da3_26d5_4e43_95d1_e91462b80ba3-2, groupId=Consumer-topic-d5889da3_26d5_4e43_95d1_e91462b80ba3] Cluster ID: wHHz-MW5SbujoYr4FCRV8g
2025-08-07 12:30:37,569 INFO  [org.apa.kaf.cli.con.int.ConsumerCoordinator] (Thread-609) [Consumer clientId=consumer-Consumer-topic-d5889da3_26d5_4e43_95d1_e91462b80ba3-2, groupId=Consumer-topic-d5889da3_26d5_4e43_95d1_e91462b80ba3] Discovered group coordinator localhost:32769 (id: 2147483647 rack: null)
2025-08-07 12:30:37,572 INFO  [org.apa.kaf.cli.con.int.ConsumerCoordinator] (Thread-609) [Consumer clientId=consumer-Consumer-topic-d5889da3_26d5_4e43_95d1_e91462b80ba3-2, groupId=Consumer-topic-d5889da3_26d5_4e43_95d1_e91462b80ba3] (Re-)joining group
2025-08-07 12:30:37,574 INFO  [org.apa.kaf.cli.con.int.ConsumerCoordinator] (Thread-609) [Consumer clientId=consumer-Consumer-topic-d5889da3_26d5_4e43_95d1_e91462b80ba3-2, groupId=Consumer-topic-d5889da3_26d5_4e43_95d1_e91462b80ba3] Request joining group due to: need to re-join with the given member-id: consumer-Consumer-topic-d5889da3_26d5_4e43_95d1_e91462b80ba3-2-56bcefe9-94c3-4369-9c25-bb4cd074fb9f
2025-08-07 12:30:37,574 INFO  [org.apa.kaf.cli.con.int.ConsumerCoordinator] (Thread-609) [Consumer clientId=consumer-Consumer-topic-d5889da3_26d5_4e43_95d1_e91462b80ba3-2, groupId=Consumer-topic-d5889da3_26d5_4e43_95d1_e91462b80ba3] (Re-)joining group
2025-08-07 12:30:38,555 INFO  [io.api.tes.ser.api.KafkaSerdesTester] (Thread-609) None found
2025-08-07 12:30:39,555 INFO  [io.api.tes.ser.api.KafkaSerdesTester] (Thread-609) None found
2025-08-07 12:30:40,556 INFO  [io.api.tes.ser.api.KafkaSerdesTester] (Thread-609) None found
2025-08-07 12:30:40,577 INFO  [org.apa.kaf.cli.con.int.ConsumerCoordinator] (Thread-609) [Consumer clientId=consumer-Consumer-topic-d5889da3_26d5_4e43_95d1_e91462b80ba3-2, groupId=Consumer-topic-d5889da3_26d5_4e43_95d1_e91462b80ba3] Successfully joined group with generation Generation{generationId=1, memberId='consumer-Consumer-topic-d5889da3_26d5_4e43_95d1_e91462b80ba3-2-56bcefe9-94c3-4369-9c25-bb4cd074fb9f', protocol='range'}
2025-08-07 12:30:40,578 INFO  [org.apa.kaf.cli.con.int.ConsumerCoordinator] (Thread-609) [Consumer clientId=consumer-Consumer-topic-d5889da3_26d5_4e43_95d1_e91462b80ba3-2, groupId=Consumer-topic-d5889da3_26d5_4e43_95d1_e91462b80ba3] Finished assignment for group at generation 1: {consumer-Consumer-topic-d5889da3_26d5_4e43_95d1_e91462b80ba3-2-56bcefe9-94c3-4369-9c25-bb4cd074fb9f=Assignment(partitions=[topic-d5889da3_26d5_4e43_95d1_e91462b80ba3-0])}
2025-08-07 12:30:40,587 INFO  [org.apa.kaf.cli.con.int.ConsumerCoordinator] (Thread-609) [Consumer clientId=consumer-Consumer-topic-d5889da3_26d5_4e43_95d1_e91462b80ba3-2, groupId=Consumer-topic-d5889da3_26d5_4e43_95d1_e91462b80ba3] Successfully synced group in generation Generation{generationId=1, memberId='consumer-Consumer-topic-d5889da3_26d5_4e43_95d1_e91462b80ba3-2-56bcefe9-94c3-4369-9c25-bb4cd074fb9f', protocol='range'}
2025-08-07 12:30:40,587 INFO  [org.apa.kaf.cli.con.int.ConsumerCoordinator] (Thread-609) [Consumer clientId=consumer-Consumer-topic-d5889da3_26d5_4e43_95d1_e91462b80ba3-2, groupId=Consumer-topic-d5889da3_26d5_4e43_95d1_e91462b80ba3] Notifying assignor about the new Assignment(partitions=[topic-d5889da3_26d5_4e43_95d1_e91462b80ba3-0])
2025-08-07 12:30:40,587 INFO  [org.apa.kaf.cli.con.int.ConsumerRebalanceListenerInvoker] (Thread-609) [Consumer clientId=consumer-Consumer-topic-d5889da3_26d5_4e43_95d1_e91462b80ba3-2, groupId=Consumer-topic-d5889da3_26d5_4e43_95d1_e91462b80ba3] Adding newly assigned partitions: topic-d5889da3_26d5_4e43_95d1_e91462b80ba3-0
2025-08-07 12:30:40,589 INFO  [org.apa.kaf.cli.con.int.ConsumerCoordinator] (Thread-609) [Consumer clientId=consumer-Consumer-topic-d5889da3_26d5_4e43_95d1_e91462b80ba3-2, groupId=Consumer-topic-d5889da3_26d5_4e43_95d1_e91462b80ba3] Found no committed offset for partition topic-d5889da3_26d5_4e43_95d1_e91462b80ba3-0
2025-08-07 12:30:40,594 INFO  [org.apa.kaf.cli.con.int.SubscriptionState] (Thread-609) [Consumer clientId=consumer-Consumer-topic-d5889da3_26d5_4e43_95d1_e91462b80ba3-2, groupId=Consumer-topic-d5889da3_26d5_4e43_95d1_e91462b80ba3] Resetting offset for partition topic-d5889da3_26d5_4e43_95d1_e91462b80ba3-0 to position FetchPosition{offset=0, offsetEpoch=Optional.empty, currentLeader=LeaderAndEpoch{leader=Optional[localhost:32769 (id: 0 rack: null)], epoch=0}}.
2025-08-07 12:30:40,846 INFO  [io.api.tes.ser.api.KafkaSerdesTester] (Thread-609) topic-d5889da3_26d5_4e43_95d1_e91462b80ba3 0 0 {"key11754569835890": "value-0"}
2025-08-07 12:30:40,847 INFO  [io.api.tes.ser.api.KafkaSerdesTester] (Thread-609) topic-d5889da3_26d5_4e43_95d1_e91462b80ba3 0 1 {"key11754569835890": "value-1"}
2025-08-07 12:30:40,847 INFO  [io.api.tes.ser.api.KafkaSerdesTester] (Thread-609) topic-d5889da3_26d5_4e43_95d1_e91462b80ba3 0 2 {"key11754569835890": "value-2"}
2025-08-07 12:30:40,847 INFO  [io.api.tes.ser.api.KafkaSerdesTester] (Thread-609) topic-d5889da3_26d5_4e43_95d1_e91462b80ba3 0 3 {"key11754569835890": "value-3"}
2025-08-07 12:30:40,847 INFO  [io.api.tes.ser.api.KafkaSerdesTester] (Thread-609) topic-d5889da3_26d5_4e43_95d1_e91462b80ba3 0 4 {"key11754569835890": "value-4"}
2025-08-07 12:30:40,847 INFO  [io.api.tes.ser.api.KafkaSerdesTester] (Thread-609) topic-d5889da3_26d5_4e43_95d1_e91462b80ba3 0 5 {"key11754569835890": "value-5"}
2025-08-07 12:30:40,848 INFO  [io.api.tes.ser.api.KafkaSerdesTester] (Thread-609) topic-d5889da3_26d5_4e43_95d1_e91462b80ba3 0 6 {"key11754569835890": "value-6"}
2025-08-07 12:30:40,849 INFO  [io.api.tes.ser.api.KafkaSerdesTester] (Thread-609) topic-d5889da3_26d5_4e43_95d1_e91462b80ba3 0 7 {"key11754569835890": "value-7"}
2025-08-07 12:30:40,849 INFO  [io.api.tes.ser.api.KafkaSerdesTester] (Thread-609) topic-d5889da3_26d5_4e43_95d1_e91462b80ba3 0 8 {"key11754569835890": "value-8"}
2025-08-07 12:30:40,849 INFO  [io.api.tes.ser.api.KafkaSerdesTester] (Thread-609) topic-d5889da3_26d5_4e43_95d1_e91462b80ba3 0 9 {"key11754569835890": "value-9"}
2025-08-07 12:30:40,849 INFO  [io.api.tes.ser.api.KafkaSerdesTester] (Thread-609) Consumed 10 messages
2025-08-07 12:30:40,858 INFO  [org.apa.kaf.cli.con.int.ConsumerRebalanceListenerInvoker] (Thread-609) [Consumer clientId=consumer-Consumer-topic-d5889da3_26d5_4e43_95d1_e91462b80ba3-2, groupId=Consumer-topic-d5889da3_26d5_4e43_95d1_e91462b80ba3] Revoke previously assigned partitions topic-d5889da3_26d5_4e43_95d1_e91462b80ba3-0
2025-08-07 12:30:40,858 INFO  [org.apa.kaf.cli.con.int.ConsumerCoordinator] (Thread-609) [Consumer clientId=consumer-Consumer-topic-d5889da3_26d5_4e43_95d1_e91462b80ba3-2, groupId=Consumer-topic-d5889da3_26d5_4e43_95d1_e91462b80ba3] Member consumer-Consumer-topic-d5889da3_26d5_4e43_95d1_e91462b80ba3-2-56bcefe9-94c3-4369-9c25-bb4cd074fb9f sending LeaveGroup request to coordinator localhost:32769 (id: 2147483647 rack: null) due to the consumer is being closed
2025-08-07 12:30:40,859 INFO  [org.apa.kaf.cli.con.int.ConsumerCoordinator] (Thread-609) [Consumer clientId=consumer-Consumer-topic-d5889da3_26d5_4e43_95d1_e91462b80ba3-2, groupId=Consumer-topic-d5889da3_26d5_4e43_95d1_e91462b80ba3] Resetting generation and member id due to: consumer pro-actively leaving the group
2025-08-07 12:30:40,859 INFO  [org.apa.kaf.cli.con.int.ConsumerCoordinator] (Thread-609) [Consumer clientId=consumer-Consumer-topic-d5889da3_26d5_4e43_95d1_e91462b80ba3-2, groupId=Consumer-topic-d5889da3_26d5_4e43_95d1_e91462b80ba3] Request joining group due to: consumer pro-actively leaving the group
2025-08-07 12:30:41,352 INFO  [org.apa.kaf.com.met.Metrics] (Thread-609) Metrics scheduler closed
2025-08-07 12:30:41,353 INFO  [org.apa.kaf.com.met.Metrics] (Thread-609) Closing reporter org.apache.kafka.common.metrics.JmxReporter
2025-08-07 12:30:41,353 INFO  [org.apa.kaf.com.met.Metrics] (Thread-609) Closing reporter org.apache.kafka.common.telemetry.internals.ClientTelemetryReporter
2025-08-07 12:30:41,353 INFO  [org.apa.kaf.com.met.Metrics] (Thread-609) Metrics reporters closed
2025-08-07 12:30:41,363 INFO  [org.apa.kaf.com.uti.AppInfoParser] (Thread-609) App info kafka.consumer for consumer-Consumer-topic-d5889da3_26d5_4e43_95d1_e91462b80ba3-2 unregistered
2025-08-07 12:30:41,363 INFO  [io.api.tes.uti.TestSeparator] (main) io.apicurio.tests.serdes.apicurio.AvroSerdeIT.testSimpleTopicIdStrategyFindLatest-FINISHED
2025-08-07 12:30:41,363 INFO  [io.api.tes.uti.TestSeparator] (main) ############################################################################
Test passed: testSimpleTopicIdStrategyFindLatest
]]></system-out>
  </testcase>
  <testcase name="testWrongSchema" classname="io.apicurio.tests.serdes.apicurio.AvroSerdeIT" time="1.429">
    <system-out><![CDATA[2025-08-07 12:30:41,369 INFO  [io.api.tes.uti.TestSeparator] (main) ############################################################################
2025-08-07 12:30:41,369 INFO  [io.api.tes.uti.TestSeparator] (main) io.apicurio.tests.serdes.apicurio.AvroSerdeIT.testWrongSchema-STARTED
**** Registry Base URL: http://registry-app-ksql043.apps.ci419.apicurio-testing.org:80
2025-08-07 12:30:42,585 INFO  [org.apa.kaf.cli.pro.ProducerConfig] (main) ProducerConfig values: 
	acks = -1
	auto.include.jmx.reporter = true
	batch.size = 16384
	bootstrap.servers = [PLAINTEXT://localhost:32769]
	buffer.memory = 33554432
	client.dns.lookup = use_all_dns_ips
	client.id = Producer-sb2327576x3178x49bbx9429xd89749158149
	compression.gzip.level = -1
	compression.lz4.level = 9
	compression.type = none
	compression.zstd.level = 3
	connections.max.idle.ms = 10000
	delivery.timeout.ms = 120000
	enable.idempotence = true
	enable.metrics.push = true
	interceptor.classes = []
	key.serializer = class org.apache.kafka.common.serialization.StringSerializer
	linger.ms = 0
	max.block.ms = 60000
	max.in.flight.requests.per.connection = 5
	max.request.size = 1048576
	metadata.max.age.ms = 300000
	metadata.max.idle.ms = 300000
	metadata.recovery.strategy = none
	metric.reporters = []
	metrics.num.samples = 2
	metrics.recording.level = INFO
	metrics.sample.window.ms = 30000
	partitioner.adaptive.partitioning.enable = true
	partitioner.availability.timeout.ms = 0
	partitioner.class = null
	partitioner.ignore.keys = false
	receive.buffer.bytes = 32768
	reconnect.backoff.max.ms = 1000
	reconnect.backoff.ms = 50
	request.timeout.ms = 5000
	retries = 2147483647
	retry.backoff.max.ms = 1000
	retry.backoff.ms = 100
	sasl.client.callback.handler.class = null
	sasl.jaas.config = null
	sasl.kerberos.kinit.cmd = /usr/bin/kinit
	sasl.kerberos.min.time.before.relogin = 60000
	sasl.kerberos.service.name = null
	sasl.kerberos.ticket.renew.jitter = 0.05
	sasl.kerberos.ticket.renew.window.factor = 0.8
	sasl.login.callback.handler.class = null
	sasl.login.class = null
	sasl.login.connect.timeout.ms = null
	sasl.login.read.timeout.ms = null
	sasl.login.refresh.buffer.seconds = 300
	sasl.login.refresh.min.period.seconds = 60
	sasl.login.refresh.window.factor = 0.8
	sasl.login.refresh.window.jitter = 0.05
	sasl.login.retry.backoff.max.ms = 10000
	sasl.login.retry.backoff.ms = 100
	sasl.mechanism = GSSAPI
	sasl.oauthbearer.clock.skew.seconds = 30
	sasl.oauthbearer.expected.audience = null
	sasl.oauthbearer.expected.issuer = null
	sasl.oauthbearer.header.urlencode = false
	sasl.oauthbearer.jwks.endpoint.refresh.ms = 3600000
	sasl.oauthbearer.jwks.endpoint.retry.backoff.max.ms = 10000
	sasl.oauthbearer.jwks.endpoint.retry.backoff.ms = 100
	sasl.oauthbearer.jwks.endpoint.url = null
	sasl.oauthbearer.scope.claim.name = scope
	sasl.oauthbearer.sub.claim.name = sub
	sasl.oauthbearer.token.endpoint.url = null
	security.protocol = PLAINTEXT
	security.providers = null
	send.buffer.bytes = 131072
	socket.connection.setup.timeout.max.ms = 30000
	socket.connection.setup.timeout.ms = 10000
	ssl.cipher.suites = null
	ssl.enabled.protocols = [TLSv1.2, TLSv1.3]
	ssl.endpoint.identification.algorithm = https
	ssl.engine.factory.class = null
	ssl.key.password = null
	ssl.keymanager.algorithm = SunX509
	ssl.keystore.certificate.chain = null
	ssl.keystore.key = null
	ssl.keystore.location = null
	ssl.keystore.password = null
	ssl.keystore.type = JKS
	ssl.protocol = TLSv1.3
	ssl.provider = null
	ssl.secure.random.implementation = null
	ssl.trustmanager.algorithm = PKIX
	ssl.truststore.certificates = null
	ssl.truststore.location = null
	ssl.truststore.password = null
	ssl.truststore.type = JKS
	transaction.timeout.ms = 60000
	transactional.id = null
	value.serializer = class io.apicurio.registry.serde.avro.AvroKafkaSerializer

2025-08-07 12:30:42,586 INFO  [org.apa.kaf.com.tel.int.KafkaMetricsCollector] (main) initializing Kafka metrics collector
2025-08-07 12:30:42,590 INFO  [org.apa.kaf.cli.pro.KafkaProducer] (main) [Producer clientId=Producer-sb2327576x3178x49bbx9429xd89749158149] Instantiated an idempotent producer.
2025-08-07 12:30:42,594 INFO  [org.apa.kaf.cli.pro.ProducerConfig] (main) These configurations '[apicurio.registry.find-latest, apicurio.registry.url, apicurio.registry.artifact-resolver-strategy]' were supplied but are not used yet.
2025-08-07 12:30:42,594 INFO  [org.apa.kaf.com.uti.AppInfoParser] (main) Kafka version: 3.9.1
2025-08-07 12:30:42,594 INFO  [org.apa.kaf.com.uti.AppInfoParser] (main) Kafka commitId: f745dfdcee2b9851
2025-08-07 12:30:42,594 INFO  [org.apa.kaf.com.uti.AppInfoParser] (main) Kafka startTimeMs: 1754569842594
2025-08-07 12:30:42,598 INFO  [io.api.tes.ser.api.KafkaSerdesTester] (Thread-612) Sending message {"keyB": "value-0"} to topic sb2327576x3178x49bbx9429xd89749158149
2025-08-07 12:30:42,603 INFO  [org.apa.kaf.cli.Metadata] (kafka-producer-network-thread | Producer-sb2327576x3178x49bbx9429xd89749158149) [Producer clientId=Producer-sb2327576x3178x49bbx9429xd89749158149] Cluster ID: wHHz-MW5SbujoYr4FCRV8g
2025-08-07 12:30:42,607 INFO  [org.apa.kaf.cli.pro.int.TransactionManager] (kafka-producer-network-thread | Producer-sb2327576x3178x49bbx9429xd89749158149) [Producer clientId=Producer-sb2327576x3178x49bbx9429xd89749158149] ProducerId set to 2 with epoch 0
2025-08-07 12:30:42,785 INFO  [org.apa.kaf.cli.pro.KafkaProducer] (Thread-612) [Producer clientId=Producer-sb2327576x3178x49bbx9429xd89749158149] Closing the Kafka producer with timeoutMillis = 9223372036854775807 ms.
2025-08-07 12:30:42,788 INFO  [org.apa.kaf.com.met.Metrics] (Thread-612) Metrics scheduler closed
2025-08-07 12:30:42,788 INFO  [org.apa.kaf.com.met.Metrics] (Thread-612) Closing reporter org.apache.kafka.common.metrics.JmxReporter
2025-08-07 12:30:42,788 INFO  [org.apa.kaf.com.met.Metrics] (Thread-612) Closing reporter org.apache.kafka.common.telemetry.internals.ClientTelemetryReporter
2025-08-07 12:30:42,789 INFO  [org.apa.kaf.com.met.Metrics] (Thread-612) Metrics reporters closed
2025-08-07 12:30:42,789 INFO  [org.apa.kaf.com.uti.AppInfoParser] (Thread-612) App info kafka.producer for Producer-sb2327576x3178x49bbx9429xd89749158149 unregistered
2025-08-07 12:30:42,793 INFO  [io.api.tes.uti.TestSeparator] (main) io.apicurio.tests.serdes.apicurio.AvroSerdeIT.testWrongSchema-FINISHED
2025-08-07 12:30:42,793 INFO  [io.api.tes.uti.TestSeparator] (main) ############################################################################
Test passed: testWrongSchema
]]></system-out>
    <system-err><![CDATA[io.apicurio.registry.rest.client.models.ProblemDetails
	at io.apicurio.registry.rest.client.models.ProblemDetails.createFromDiscriminatorValue(ProblemDetails.java:58)
	at io.kiota.serialization.json.JsonParseNode.getObjectValue(JsonParseNode.java:247)
	at io.kiota.http.vertx.VertXRequestAdapter.lambda$throwIfFailedResponse$0(VertXRequestAdapter.java:400)
	at com.microsoft.kiota.ApiExceptionBuilder.<init>(ApiExceptionBuilder.java:26)
	at io.kiota.http.vertx.VertXRequestAdapter.throwIfFailedResponse(VertXRequestAdapter.java:399)
	at io.kiota.http.vertx.VertXRequestAdapter.send(VertXRequestAdapter.java:170)
	at io.apicurio.registry.rest.client.groups.item.artifacts.item.versions.item.WithVersionExpressionItemRequestBuilder.get(WithVersionExpressionItemRequestBuilder.java:128)
	at io.apicurio.registry.rest.client.groups.item.artifacts.item.versions.item.WithVersionExpressionItemRequestBuilder.get(WithVersionExpressionItemRequestBuilder.java:111)
	at io.apicurio.registry.resolver.client.RegistryClientFacadeImpl.getVersionCoordinatesByGAV(RegistryClientFacadeImpl.java:159)
	at io.apicurio.registry.resolver.DefaultSchemaResolver.resolveByCoordinates(DefaultSchemaResolver.java:352)
	at io.apicurio.registry.resolver.DefaultSchemaResolver.lambda$resolveSchemaByArtifactReferenceCached$6(DefaultSchemaResolver.java:340)
	at io.apicurio.registry.resolver.cache.ERCache.lambda$getValue$0(ERCache.java:174)
	at io.apicurio.registry.resolver.cache.ERCache.retry(ERCache.java:227)
	at io.apicurio.registry.resolver.cache.ERCache.getValue(ERCache.java:173)
	at io.apicurio.registry.resolver.cache.ERCache.getByArtifactCoordinates(ERCache.java:158)
	at io.apicurio.registry.resolver.DefaultSchemaResolver.resolveSchemaByArtifactReferenceCached(DefaultSchemaResolver.java:338)
	at io.apicurio.registry.resolver.DefaultSchemaResolver.resolveSchemaByCoordinates(DefaultSchemaResolver.java:193)
	at io.apicurio.registry.resolver.DefaultSchemaResolver.getSchemaFromRegistry(DefaultSchemaResolver.java:130)
	at io.apicurio.registry.resolver.DefaultSchemaResolver.lambda$resolveSchema$0(DefaultSchemaResolver.java:84)
	at java.base/java.util.Optional.orElseGet(Optional.java:364)
	at io.apicurio.registry.resolver.DefaultSchemaResolver.resolveSchema(DefaultSchemaResolver.java:84)
	at io.apicurio.registry.serde.AbstractSerializer.serializeData(AbstractSerializer.java:62)
	at io.apicurio.registry.serde.KafkaSerializer.serialize(KafkaSerializer.java:77)
	at org.apache.kafka.clients.producer.KafkaProducer.doSend(KafkaProducer.java:1046)
	at org.apache.kafka.clients.producer.KafkaProducer.send(KafkaProducer.java:993)
	at org.apache.kafka.clients.producer.KafkaProducer.send(KafkaProducer.java:875)
	at io.apicurio.tests.serdes.apicurio.KafkaSerdesTester.lambda$produceMessages$3(KafkaSerdesTester.java:138)
	at java.base/java.util.concurrent.CompletableFuture$AsyncSupply.run(CompletableFuture.java:1768)
	at java.base/java.lang.Thread.run(Thread.java:840)
]]></system-err>
  </testcase>
  <testcase name="testAvroJSON" classname="io.apicurio.tests.serdes.apicurio.AvroSerdeIT" time="4.296">
    <system-out><![CDATA[2025-08-07 12:30:42,796 INFO  [io.api.tes.uti.TestSeparator] (main) ############################################################################
2025-08-07 12:30:42,796 INFO  [io.api.tes.uti.TestSeparator] (main) io.apicurio.tests.serdes.apicurio.AvroSerdeIT.testAvroJSON-STARTED
**** Registry Base URL: http://registry-app-ksql043.apps.ci419.apicurio-testing.org:80
2025-08-07 12:30:42,808 INFO  [org.apa.kaf.cli.pro.ProducerConfig] (main) ProducerConfig values: 
	acks = -1
	auto.include.jmx.reporter = true
	batch.size = 16384
	bootstrap.servers = [PLAINTEXT://localhost:32769]
	buffer.memory = 33554432
	client.dns.lookup = use_all_dns_ips
	client.id = Producer-topic-5f8bb3cf_b0be_4eb7_9aeb_fa6635b4513c
	compression.gzip.level = -1
	compression.lz4.level = 9
	compression.type = none
	compression.zstd.level = 3
	connections.max.idle.ms = 10000
	delivery.timeout.ms = 120000
	enable.idempotence = true
	enable.metrics.push = true
	interceptor.classes = []
	key.serializer = class org.apache.kafka.common.serialization.StringSerializer
	linger.ms = 0
	max.block.ms = 60000
	max.in.flight.requests.per.connection = 5
	max.request.size = 1048576
	metadata.max.age.ms = 300000
	metadata.max.idle.ms = 300000
	metadata.recovery.strategy = none
	metric.reporters = []
	metrics.num.samples = 2
	metrics.recording.level = INFO
	metrics.sample.window.ms = 30000
	partitioner.adaptive.partitioning.enable = true
	partitioner.availability.timeout.ms = 0
	partitioner.class = null
	partitioner.ignore.keys = false
	receive.buffer.bytes = 32768
	reconnect.backoff.max.ms = 1000
	reconnect.backoff.ms = 50
	request.timeout.ms = 5000
	retries = 2147483647
	retry.backoff.max.ms = 1000
	retry.backoff.ms = 100
	sasl.client.callback.handler.class = null
	sasl.jaas.config = null
	sasl.kerberos.kinit.cmd = /usr/bin/kinit
	sasl.kerberos.min.time.before.relogin = 60000
	sasl.kerberos.service.name = null
	sasl.kerberos.ticket.renew.jitter = 0.05
	sasl.kerberos.ticket.renew.window.factor = 0.8
	sasl.login.callback.handler.class = null
	sasl.login.class = null
	sasl.login.connect.timeout.ms = null
	sasl.login.read.timeout.ms = null
	sasl.login.refresh.buffer.seconds = 300
	sasl.login.refresh.min.period.seconds = 60
	sasl.login.refresh.window.factor = 0.8
	sasl.login.refresh.window.jitter = 0.05
	sasl.login.retry.backoff.max.ms = 10000
	sasl.login.retry.backoff.ms = 100
	sasl.mechanism = GSSAPI
	sasl.oauthbearer.clock.skew.seconds = 30
	sasl.oauthbearer.expected.audience = null
	sasl.oauthbearer.expected.issuer = null
	sasl.oauthbearer.header.urlencode = false
	sasl.oauthbearer.jwks.endpoint.refresh.ms = 3600000
	sasl.oauthbearer.jwks.endpoint.retry.backoff.max.ms = 10000
	sasl.oauthbearer.jwks.endpoint.retry.backoff.ms = 100
	sasl.oauthbearer.jwks.endpoint.url = null
	sasl.oauthbearer.scope.claim.name = scope
	sasl.oauthbearer.sub.claim.name = sub
	sasl.oauthbearer.token.endpoint.url = null
	security.protocol = PLAINTEXT
	security.providers = null
	send.buffer.bytes = 131072
	socket.connection.setup.timeout.max.ms = 30000
	socket.connection.setup.timeout.ms = 10000
	ssl.cipher.suites = null
	ssl.enabled.protocols = [TLSv1.2, TLSv1.3]
	ssl.endpoint.identification.algorithm = https
	ssl.engine.factory.class = null
	ssl.key.password = null
	ssl.keymanager.algorithm = SunX509
	ssl.keystore.certificate.chain = null
	ssl.keystore.key = null
	ssl.keystore.location = null
	ssl.keystore.password = null
	ssl.keystore.type = JKS
	ssl.protocol = TLSv1.3
	ssl.provider = null
	ssl.secure.random.implementation = null
	ssl.trustmanager.algorithm = PKIX
	ssl.truststore.certificates = null
	ssl.truststore.location = null
	ssl.truststore.password = null
	ssl.truststore.type = JKS
	transaction.timeout.ms = 60000
	transactional.id = null
	value.serializer = class io.apicurio.registry.serde.avro.AvroKafkaSerializer

2025-08-07 12:30:42,808 INFO  [org.apa.kaf.com.tel.int.KafkaMetricsCollector] (main) initializing Kafka metrics collector
2025-08-07 12:30:42,817 INFO  [org.apa.kaf.cli.pro.KafkaProducer] (main) [Producer clientId=Producer-topic-5f8bb3cf_b0be_4eb7_9aeb_fa6635b4513c] Instantiated an idempotent producer.
2025-08-07 12:30:42,822 INFO  [org.apa.kaf.cli.pro.ProducerConfig] (main) These configurations '[apicurio.registry.avro.encoding, apicurio.registry.url, apicurio.registry.auto-register, apicurio.registry.artifact-resolver-strategy]' were supplied but are not used yet.
2025-08-07 12:30:42,822 INFO  [org.apa.kaf.com.uti.AppInfoParser] (main) Kafka version: 3.9.1
2025-08-07 12:30:42,824 INFO  [org.apa.kaf.com.uti.AppInfoParser] (main) Kafka commitId: f745dfdcee2b9851
2025-08-07 12:30:42,824 INFO  [org.apa.kaf.com.uti.AppInfoParser] (main) Kafka startTimeMs: 1754569842822
2025-08-07 12:30:42,824 INFO  [io.api.tes.ser.api.SimpleSerdesTesterBuilder$SimpleSerdesTester] (main) Using producer configuration: {apicurio.registry.avro.encoding=JSON, apicurio.registry.url=http://registry-app-ksql043.apps.ci419.apicurio-testing.org:80/apis/registry/v3, apicurio.registry.auto-register=true, apicurio.registry.artifact-resolver-strategy=io.apicurio.registry.serde.strategy.TopicIdStrategy, value.serializer=io.apicurio.registry.serde.avro.AvroKafkaSerializer, request.timeout.ms=5000, acks=all, bootstrap.servers=PLAINTEXT://localhost:32769, connections.max.idle.ms=10000, key.serializer=org.apache.kafka.common.serialization.StringSerializer, client.id=Producer-topic-5f8bb3cf_b0be_4eb7_9aeb_fa6635b4513c}
2025-08-07 12:30:42,824 INFO  [io.api.tes.ser.api.SimpleSerdesTesterBuilder$SimpleSerdesTester] (main) Using consumer configuration: {apicurio.registry.avro.encoding=JSON}
2025-08-07 12:30:42,827 INFO  [io.api.tes.ser.api.KafkaSerdesTester] (Thread-615) Sending message {"bar": "value-0"} to topic topic-5f8bb3cf_b0be_4eb7_9aeb_fa6635b4513c
2025-08-07 12:30:42,832 INFO  [org.apa.kaf.cli.Metadata] (kafka-producer-network-thread | Producer-topic-5f8bb3cf_b0be_4eb7_9aeb_fa6635b4513c) [Producer clientId=Producer-topic-5f8bb3cf_b0be_4eb7_9aeb_fa6635b4513c] Cluster ID: wHHz-MW5SbujoYr4FCRV8g
2025-08-07 12:30:42,833 INFO  [org.apa.kaf.cli.pro.int.TransactionManager] (kafka-producer-network-thread | Producer-topic-5f8bb3cf_b0be_4eb7_9aeb_fa6635b4513c) [Producer clientId=Producer-topic-5f8bb3cf_b0be_4eb7_9aeb_fa6635b4513c] ProducerId set to 3 with epoch 0
2025-08-07 12:30:43,079 INFO  [io.api.tes.ser.api.KafkaSerdesTester] (Thread-615) Sending message {"bar": "value-1"} to topic topic-5f8bb3cf_b0be_4eb7_9aeb_fa6635b4513c
2025-08-07 12:30:43,083 INFO  [io.api.tes.ser.api.KafkaSerdesTester] (Thread-615) Sending message {"bar": "value-2"} to topic topic-5f8bb3cf_b0be_4eb7_9aeb_fa6635b4513c
2025-08-07 12:30:43,086 INFO  [io.api.tes.ser.api.KafkaSerdesTester] (Thread-615) Sending message {"bar": "value-3"} to topic topic-5f8bb3cf_b0be_4eb7_9aeb_fa6635b4513c
2025-08-07 12:30:43,090 INFO  [io.api.tes.ser.api.KafkaSerdesTester] (Thread-615) Sending message {"bar": "value-4"} to topic topic-5f8bb3cf_b0be_4eb7_9aeb_fa6635b4513c
2025-08-07 12:30:43,094 INFO  [io.api.tes.ser.api.KafkaSerdesTester] (Thread-615) Sending message {"bar": "value-5"} to topic topic-5f8bb3cf_b0be_4eb7_9aeb_fa6635b4513c
2025-08-07 12:30:43,097 INFO  [io.api.tes.ser.api.KafkaSerdesTester] (Thread-615) Sending message {"bar": "value-6"} to topic topic-5f8bb3cf_b0be_4eb7_9aeb_fa6635b4513c
2025-08-07 12:30:43,102 INFO  [io.api.tes.ser.api.KafkaSerdesTester] (Thread-615) Sending message {"bar": "value-7"} to topic topic-5f8bb3cf_b0be_4eb7_9aeb_fa6635b4513c
2025-08-07 12:30:43,104 INFO  [io.api.tes.ser.api.KafkaSerdesTester] (Thread-615) Sending message {"bar": "value-8"} to topic topic-5f8bb3cf_b0be_4eb7_9aeb_fa6635b4513c
2025-08-07 12:30:43,108 INFO  [io.api.tes.ser.api.KafkaSerdesTester] (Thread-615) Sending message {"bar": "value-9"} to topic topic-5f8bb3cf_b0be_4eb7_9aeb_fa6635b4513c
2025-08-07 12:30:43,110 INFO  [io.api.tes.ser.api.KafkaSerdesTester] (Thread-615) Produced 10 messages
2025-08-07 12:30:43,110 INFO  [org.apa.kaf.cli.pro.KafkaProducer] (Thread-615) [Producer clientId=Producer-topic-5f8bb3cf_b0be_4eb7_9aeb_fa6635b4513c] Closing the Kafka producer with timeoutMillis = 9223372036854775807 ms.
2025-08-07 12:30:43,115 INFO  [org.apa.kaf.com.met.Metrics] (Thread-615) Metrics scheduler closed
2025-08-07 12:30:43,115 INFO  [org.apa.kaf.com.met.Metrics] (Thread-615) Closing reporter org.apache.kafka.common.metrics.JmxReporter
2025-08-07 12:30:43,115 INFO  [org.apa.kaf.com.met.Metrics] (Thread-615) Closing reporter org.apache.kafka.common.telemetry.internals.ClientTelemetryReporter
2025-08-07 12:30:43,115 INFO  [org.apa.kaf.com.met.Metrics] (Thread-615) Metrics reporters closed
2025-08-07 12:30:43,117 INFO  [org.apa.kaf.com.uti.AppInfoParser] (Thread-615) App info kafka.producer for Producer-topic-5f8bb3cf_b0be_4eb7_9aeb_fa6635b4513c unregistered
**** Registry Base URL: http://registry-app-ksql043.apps.ci419.apicurio-testing.org:80
2025-08-07 12:30:43,281 INFO  [org.apa.kaf.cli.con.ConsumerConfig] (main) ConsumerConfig values: 
	allow.auto.create.topics = true
	auto.commit.interval.ms = 500
	auto.include.jmx.reporter = true
	auto.offset.reset = earliest
	bootstrap.servers = [PLAINTEXT://localhost:32769]
	check.crcs = true
	client.dns.lookup = use_all_dns_ips
	client.id = consumer-Consumer-topic-5f8bb3cf_b0be_4eb7_9aeb_fa6635b4513c-3
	client.rack = 
	connections.max.idle.ms = 10000
	default.api.timeout.ms = 60000
	enable.auto.commit = true
	enable.metrics.push = true
	exclude.internal.topics = true
	fetch.max.bytes = 52428800
	fetch.max.wait.ms = 500
	fetch.min.bytes = 1
	group.id = Consumer-topic-5f8bb3cf_b0be_4eb7_9aeb_fa6635b4513c
	group.instance.id = null
	group.protocol = classic
	group.remote.assignor = null
	heartbeat.interval.ms = 3000
	interceptor.classes = []
	internal.leave.group.on.close = true
	internal.throw.on.fetch.stable.offset.unsupported = false
	isolation.level = read_uncommitted
	key.deserializer = class org.apache.kafka.common.serialization.StringDeserializer
	max.partition.fetch.bytes = 1048576
	max.poll.interval.ms = 300000
	max.poll.records = 500
	metadata.max.age.ms = 300000
	metadata.recovery.strategy = none
	metric.reporters = []
	metrics.num.samples = 2
	metrics.recording.level = INFO
	metrics.sample.window.ms = 30000
	partition.assignment.strategy = [class org.apache.kafka.clients.consumer.RangeAssignor, class org.apache.kafka.clients.consumer.CooperativeStickyAssignor]
	receive.buffer.bytes = 65536
	reconnect.backoff.max.ms = 1000
	reconnect.backoff.ms = 50
	request.timeout.ms = 5000
	retry.backoff.max.ms = 1000
	retry.backoff.ms = 100
	sasl.client.callback.handler.class = null
	sasl.jaas.config = null
	sasl.kerberos.kinit.cmd = /usr/bin/kinit
	sasl.kerberos.min.time.before.relogin = 60000
	sasl.kerberos.service.name = null
	sasl.kerberos.ticket.renew.jitter = 0.05
	sasl.kerberos.ticket.renew.window.factor = 0.8
	sasl.login.callback.handler.class = null
	sasl.login.class = null
	sasl.login.connect.timeout.ms = null
	sasl.login.read.timeout.ms = null
	sasl.login.refresh.buffer.seconds = 300
	sasl.login.refresh.min.period.seconds = 60
	sasl.login.refresh.window.factor = 0.8
	sasl.login.refresh.window.jitter = 0.05
	sasl.login.retry.backoff.max.ms = 10000
	sasl.login.retry.backoff.ms = 100
	sasl.mechanism = GSSAPI
	sasl.oauthbearer.clock.skew.seconds = 30
	sasl.oauthbearer.expected.audience = null
	sasl.oauthbearer.expected.issuer = null
	sasl.oauthbearer.header.urlencode = false
	sasl.oauthbearer.jwks.endpoint.refresh.ms = 3600000
	sasl.oauthbearer.jwks.endpoint.retry.backoff.max.ms = 10000
	sasl.oauthbearer.jwks.endpoint.retry.backoff.ms = 100
	sasl.oauthbearer.jwks.endpoint.url = null
	sasl.oauthbearer.scope.claim.name = scope
	sasl.oauthbearer.sub.claim.name = sub
	sasl.oauthbearer.token.endpoint.url = null
	security.protocol = PLAINTEXT
	security.providers = null
	send.buffer.bytes = 131072
	session.timeout.ms = 45000
	socket.connection.setup.timeout.max.ms = 30000
	socket.connection.setup.timeout.ms = 10000
	ssl.cipher.suites = null
	ssl.enabled.protocols = [TLSv1.2, TLSv1.3]
	ssl.endpoint.identification.algorithm = https
	ssl.engine.factory.class = null
	ssl.key.password = null
	ssl.keymanager.algorithm = SunX509
	ssl.keystore.certificate.chain = null
	ssl.keystore.key = null
	ssl.keystore.location = null
	ssl.keystore.password = null
	ssl.keystore.type = JKS
	ssl.protocol = TLSv1.3
	ssl.provider = null
	ssl.secure.random.implementation = null
	ssl.trustmanager.algorithm = PKIX
	ssl.truststore.certificates = null
	ssl.truststore.location = null
	ssl.truststore.password = null
	ssl.truststore.type = JKS
	value.deserializer = class io.apicurio.registry.serde.avro.AvroKafkaDeserializer

2025-08-07 12:30:43,282 INFO  [org.apa.kaf.com.tel.int.KafkaMetricsCollector] (main) initializing Kafka metrics collector
2025-08-07 12:30:43,289 INFO  [org.apa.kaf.cli.con.ConsumerConfig] (main) These configurations '[apicurio.registry.avro.encoding, apicurio.registry.url]' were supplied but are not used yet.
2025-08-07 12:30:43,289 INFO  [org.apa.kaf.com.uti.AppInfoParser] (main) Kafka version: 3.9.1
2025-08-07 12:30:43,290 INFO  [org.apa.kaf.com.uti.AppInfoParser] (main) Kafka commitId: f745dfdcee2b9851
2025-08-07 12:30:43,290 INFO  [org.apa.kaf.com.uti.AppInfoParser] (main) Kafka startTimeMs: 1754569843289
2025-08-07 12:30:43,290 INFO  [org.apa.kaf.cli.con.int.ClassicKafkaConsumer] (Thread-618) [Consumer clientId=consumer-Consumer-topic-5f8bb3cf_b0be_4eb7_9aeb_fa6635b4513c-3, groupId=Consumer-topic-5f8bb3cf_b0be_4eb7_9aeb_fa6635b4513c] Subscribed to topic(s): topic-5f8bb3cf_b0be_4eb7_9aeb_fa6635b4513c
2025-08-07 12:30:43,296 INFO  [org.apa.kaf.cli.Metadata] (Thread-618) [Consumer clientId=consumer-Consumer-topic-5f8bb3cf_b0be_4eb7_9aeb_fa6635b4513c-3, groupId=Consumer-topic-5f8bb3cf_b0be_4eb7_9aeb_fa6635b4513c] Cluster ID: wHHz-MW5SbujoYr4FCRV8g
2025-08-07 12:30:43,298 INFO  [org.apa.kaf.cli.con.int.ConsumerCoordinator] (Thread-618) [Consumer clientId=consumer-Consumer-topic-5f8bb3cf_b0be_4eb7_9aeb_fa6635b4513c-3, groupId=Consumer-topic-5f8bb3cf_b0be_4eb7_9aeb_fa6635b4513c] Discovered group coordinator localhost:32769 (id: 2147483647 rack: null)
2025-08-07 12:30:43,300 INFO  [org.apa.kaf.cli.con.int.ConsumerCoordinator] (Thread-618) [Consumer clientId=consumer-Consumer-topic-5f8bb3cf_b0be_4eb7_9aeb_fa6635b4513c-3, groupId=Consumer-topic-5f8bb3cf_b0be_4eb7_9aeb_fa6635b4513c] (Re-)joining group
2025-08-07 12:30:43,304 INFO  [org.apa.kaf.cli.con.int.ConsumerCoordinator] (Thread-618) [Consumer clientId=consumer-Consumer-topic-5f8bb3cf_b0be_4eb7_9aeb_fa6635b4513c-3, groupId=Consumer-topic-5f8bb3cf_b0be_4eb7_9aeb_fa6635b4513c] Request joining group due to: need to re-join with the given member-id: consumer-Consumer-topic-5f8bb3cf_b0be_4eb7_9aeb_fa6635b4513c-3-151a6dcf-a584-4fd5-9e67-46da1102bc5b
2025-08-07 12:30:43,304 INFO  [org.apa.kaf.cli.con.int.ConsumerCoordinator] (Thread-618) [Consumer clientId=consumer-Consumer-topic-5f8bb3cf_b0be_4eb7_9aeb_fa6635b4513c-3, groupId=Consumer-topic-5f8bb3cf_b0be_4eb7_9aeb_fa6635b4513c] (Re-)joining group
2025-08-07 12:30:44,290 INFO  [io.api.tes.ser.api.KafkaSerdesTester] (Thread-618) None found
2025-08-07 12:30:45,290 INFO  [io.api.tes.ser.api.KafkaSerdesTester] (Thread-618) None found
2025-08-07 12:30:46,290 INFO  [io.api.tes.ser.api.KafkaSerdesTester] (Thread-618) None found
2025-08-07 12:30:46,307 INFO  [org.apa.kaf.cli.con.int.ConsumerCoordinator] (Thread-618) [Consumer clientId=consumer-Consumer-topic-5f8bb3cf_b0be_4eb7_9aeb_fa6635b4513c-3, groupId=Consumer-topic-5f8bb3cf_b0be_4eb7_9aeb_fa6635b4513c] Successfully joined group with generation Generation{generationId=1, memberId='consumer-Consumer-topic-5f8bb3cf_b0be_4eb7_9aeb_fa6635b4513c-3-151a6dcf-a584-4fd5-9e67-46da1102bc5b', protocol='range'}
2025-08-07 12:30:46,307 INFO  [org.apa.kaf.cli.con.int.ConsumerCoordinator] (Thread-618) [Consumer clientId=consumer-Consumer-topic-5f8bb3cf_b0be_4eb7_9aeb_fa6635b4513c-3, groupId=Consumer-topic-5f8bb3cf_b0be_4eb7_9aeb_fa6635b4513c] Finished assignment for group at generation 1: {consumer-Consumer-topic-5f8bb3cf_b0be_4eb7_9aeb_fa6635b4513c-3-151a6dcf-a584-4fd5-9e67-46da1102bc5b=Assignment(partitions=[topic-5f8bb3cf_b0be_4eb7_9aeb_fa6635b4513c-0])}
2025-08-07 12:30:46,315 INFO  [org.apa.kaf.cli.con.int.ConsumerCoordinator] (Thread-618) [Consumer clientId=consumer-Consumer-topic-5f8bb3cf_b0be_4eb7_9aeb_fa6635b4513c-3, groupId=Consumer-topic-5f8bb3cf_b0be_4eb7_9aeb_fa6635b4513c] Successfully synced group in generation Generation{generationId=1, memberId='consumer-Consumer-topic-5f8bb3cf_b0be_4eb7_9aeb_fa6635b4513c-3-151a6dcf-a584-4fd5-9e67-46da1102bc5b', protocol='range'}
2025-08-07 12:30:46,316 INFO  [org.apa.kaf.cli.con.int.ConsumerCoordinator] (Thread-618) [Consumer clientId=consumer-Consumer-topic-5f8bb3cf_b0be_4eb7_9aeb_fa6635b4513c-3, groupId=Consumer-topic-5f8bb3cf_b0be_4eb7_9aeb_fa6635b4513c] Notifying assignor about the new Assignment(partitions=[topic-5f8bb3cf_b0be_4eb7_9aeb_fa6635b4513c-0])
2025-08-07 12:30:46,316 INFO  [org.apa.kaf.cli.con.int.ConsumerRebalanceListenerInvoker] (Thread-618) [Consumer clientId=consumer-Consumer-topic-5f8bb3cf_b0be_4eb7_9aeb_fa6635b4513c-3, groupId=Consumer-topic-5f8bb3cf_b0be_4eb7_9aeb_fa6635b4513c] Adding newly assigned partitions: topic-5f8bb3cf_b0be_4eb7_9aeb_fa6635b4513c-0
2025-08-07 12:30:46,318 INFO  [org.apa.kaf.cli.con.int.ConsumerCoordinator] (Thread-618) [Consumer clientId=consumer-Consumer-topic-5f8bb3cf_b0be_4eb7_9aeb_fa6635b4513c-3, groupId=Consumer-topic-5f8bb3cf_b0be_4eb7_9aeb_fa6635b4513c] Found no committed offset for partition topic-5f8bb3cf_b0be_4eb7_9aeb_fa6635b4513c-0
2025-08-07 12:30:46,324 INFO  [org.apa.kaf.cli.con.int.SubscriptionState] (Thread-618) [Consumer clientId=consumer-Consumer-topic-5f8bb3cf_b0be_4eb7_9aeb_fa6635b4513c-3, groupId=Consumer-topic-5f8bb3cf_b0be_4eb7_9aeb_fa6635b4513c] Resetting offset for partition topic-5f8bb3cf_b0be_4eb7_9aeb_fa6635b4513c-0 to position FetchPosition{offset=0, offsetEpoch=Optional.empty, currentLeader=LeaderAndEpoch{leader=Optional[localhost:32769 (id: 0 rack: null)], epoch=0}}.
2025-08-07 12:30:46,581 INFO  [io.api.tes.ser.api.KafkaSerdesTester] (Thread-618) topic-5f8bb3cf_b0be_4eb7_9aeb_fa6635b4513c 0 0 {"bar": "value-0"}
2025-08-07 12:30:46,581 INFO  [io.api.tes.ser.api.KafkaSerdesTester] (Thread-618) topic-5f8bb3cf_b0be_4eb7_9aeb_fa6635b4513c 0 1 {"bar": "value-1"}
2025-08-07 12:30:46,581 INFO  [io.api.tes.ser.api.KafkaSerdesTester] (Thread-618) topic-5f8bb3cf_b0be_4eb7_9aeb_fa6635b4513c 0 2 {"bar": "value-2"}
2025-08-07 12:30:46,582 INFO  [io.api.tes.ser.api.KafkaSerdesTester] (Thread-618) topic-5f8bb3cf_b0be_4eb7_9aeb_fa6635b4513c 0 3 {"bar": "value-3"}
2025-08-07 12:30:46,582 INFO  [io.api.tes.ser.api.KafkaSerdesTester] (Thread-618) topic-5f8bb3cf_b0be_4eb7_9aeb_fa6635b4513c 0 4 {"bar": "value-4"}
2025-08-07 12:30:46,582 INFO  [io.api.tes.ser.api.KafkaSerdesTester] (Thread-618) topic-5f8bb3cf_b0be_4eb7_9aeb_fa6635b4513c 0 5 {"bar": "value-5"}
2025-08-07 12:30:46,583 INFO  [io.api.tes.ser.api.KafkaSerdesTester] (Thread-618) topic-5f8bb3cf_b0be_4eb7_9aeb_fa6635b4513c 0 6 {"bar": "value-6"}
2025-08-07 12:30:46,583 INFO  [io.api.tes.ser.api.KafkaSerdesTester] (Thread-618) topic-5f8bb3cf_b0be_4eb7_9aeb_fa6635b4513c 0 7 {"bar": "value-7"}
2025-08-07 12:30:46,583 INFO  [io.api.tes.ser.api.KafkaSerdesTester] (Thread-618) topic-5f8bb3cf_b0be_4eb7_9aeb_fa6635b4513c 0 8 {"bar": "value-8"}
2025-08-07 12:30:46,583 INFO  [io.api.tes.ser.api.KafkaSerdesTester] (Thread-618) topic-5f8bb3cf_b0be_4eb7_9aeb_fa6635b4513c 0 9 {"bar": "value-9"}
2025-08-07 12:30:46,583 INFO  [io.api.tes.ser.api.KafkaSerdesTester] (Thread-618) Consumed 10 messages
2025-08-07 12:30:46,591 INFO  [org.apa.kaf.cli.con.int.ConsumerRebalanceListenerInvoker] (Thread-618) [Consumer clientId=consumer-Consumer-topic-5f8bb3cf_b0be_4eb7_9aeb_fa6635b4513c-3, groupId=Consumer-topic-5f8bb3cf_b0be_4eb7_9aeb_fa6635b4513c] Revoke previously assigned partitions topic-5f8bb3cf_b0be_4eb7_9aeb_fa6635b4513c-0
2025-08-07 12:30:46,591 INFO  [org.apa.kaf.cli.con.int.ConsumerCoordinator] (Thread-618) [Consumer clientId=consumer-Consumer-topic-5f8bb3cf_b0be_4eb7_9aeb_fa6635b4513c-3, groupId=Consumer-topic-5f8bb3cf_b0be_4eb7_9aeb_fa6635b4513c] Member consumer-Consumer-topic-5f8bb3cf_b0be_4eb7_9aeb_fa6635b4513c-3-151a6dcf-a584-4fd5-9e67-46da1102bc5b sending LeaveGroup request to coordinator localhost:32769 (id: 2147483647 rack: null) due to the consumer is being closed
2025-08-07 12:30:46,592 INFO  [org.apa.kaf.cli.con.int.ConsumerCoordinator] (Thread-618) [Consumer clientId=consumer-Consumer-topic-5f8bb3cf_b0be_4eb7_9aeb_fa6635b4513c-3, groupId=Consumer-topic-5f8bb3cf_b0be_4eb7_9aeb_fa6635b4513c] Resetting generation and member id due to: consumer pro-actively leaving the group
2025-08-07 12:30:46,592 INFO  [org.apa.kaf.cli.con.int.ConsumerCoordinator] (Thread-618) [Consumer clientId=consumer-Consumer-topic-5f8bb3cf_b0be_4eb7_9aeb_fa6635b4513c-3, groupId=Consumer-topic-5f8bb3cf_b0be_4eb7_9aeb_fa6635b4513c] Request joining group due to: consumer pro-actively leaving the group
2025-08-07 12:30:47,084 INFO  [org.apa.kaf.com.met.Metrics] (Thread-618) Metrics scheduler closed
2025-08-07 12:30:47,084 INFO  [org.apa.kaf.com.met.Metrics] (Thread-618) Closing reporter org.apache.kafka.common.metrics.JmxReporter
2025-08-07 12:30:47,084 INFO  [org.apa.kaf.com.met.Metrics] (Thread-618) Closing reporter org.apache.kafka.common.telemetry.internals.ClientTelemetryReporter
2025-08-07 12:30:47,084 INFO  [org.apa.kaf.com.met.Metrics] (Thread-618) Metrics reporters closed
2025-08-07 12:30:47,089 INFO  [org.apa.kaf.com.uti.AppInfoParser] (Thread-618) App info kafka.consumer for consumer-Consumer-topic-5f8bb3cf_b0be_4eb7_9aeb_fa6635b4513c-3 unregistered
2025-08-07 12:30:47,090 INFO  [io.api.tes.uti.TestSeparator] (main) io.apicurio.tests.serdes.apicurio.AvroSerdeIT.testAvroJSON-FINISHED
2025-08-07 12:30:47,090 INFO  [io.api.tes.uti.TestSeparator] (main) ############################################################################
Test passed: testAvroJSON
]]></system-out>
  </testcase>
  <testcase name="testTopicIdStrategyAutoRegister" classname="io.apicurio.tests.serdes.apicurio.AvroSerdeIT" time="4.509">
    <system-out><![CDATA[2025-08-07 12:30:47,094 INFO  [io.api.tes.uti.TestSeparator] (main) ############################################################################
2025-08-07 12:30:47,094 INFO  [io.api.tes.uti.TestSeparator] (main) io.apicurio.tests.serdes.apicurio.AvroSerdeIT.testTopicIdStrategyAutoRegister-STARTED
**** Registry Base URL: http://registry-app-ksql043.apps.ci419.apicurio-testing.org:80
2025-08-07 12:30:47,101 INFO  [org.apa.kaf.cli.pro.ProducerConfig] (main) ProducerConfig values: 
	acks = -1
	auto.include.jmx.reporter = true
	batch.size = 16384
	bootstrap.servers = [PLAINTEXT://localhost:32769]
	buffer.memory = 33554432
	client.dns.lookup = use_all_dns_ips
	client.id = Producer-topic-2fae27d5_a370_4e68_bb20_5ed8c3314245
	compression.gzip.level = -1
	compression.lz4.level = 9
	compression.type = none
	compression.zstd.level = 3
	connections.max.idle.ms = 10000
	delivery.timeout.ms = 120000
	enable.idempotence = true
	enable.metrics.push = true
	interceptor.classes = []
	key.serializer = class org.apache.kafka.common.serialization.StringSerializer
	linger.ms = 0
	max.block.ms = 60000
	max.in.flight.requests.per.connection = 5
	max.request.size = 1048576
	metadata.max.age.ms = 300000
	metadata.max.idle.ms = 300000
	metadata.recovery.strategy = none
	metric.reporters = []
	metrics.num.samples = 2
	metrics.recording.level = INFO
	metrics.sample.window.ms = 30000
	partitioner.adaptive.partitioning.enable = true
	partitioner.availability.timeout.ms = 0
	partitioner.class = null
	partitioner.ignore.keys = false
	receive.buffer.bytes = 32768
	reconnect.backoff.max.ms = 1000
	reconnect.backoff.ms = 50
	request.timeout.ms = 5000
	retries = 2147483647
	retry.backoff.max.ms = 1000
	retry.backoff.ms = 100
	sasl.client.callback.handler.class = null
	sasl.jaas.config = null
	sasl.kerberos.kinit.cmd = /usr/bin/kinit
	sasl.kerberos.min.time.before.relogin = 60000
	sasl.kerberos.service.name = null
	sasl.kerberos.ticket.renew.jitter = 0.05
	sasl.kerberos.ticket.renew.window.factor = 0.8
	sasl.login.callback.handler.class = null
	sasl.login.class = null
	sasl.login.connect.timeout.ms = null
	sasl.login.read.timeout.ms = null
	sasl.login.refresh.buffer.seconds = 300
	sasl.login.refresh.min.period.seconds = 60
	sasl.login.refresh.window.factor = 0.8
	sasl.login.refresh.window.jitter = 0.05
	sasl.login.retry.backoff.max.ms = 10000
	sasl.login.retry.backoff.ms = 100
	sasl.mechanism = GSSAPI
	sasl.oauthbearer.clock.skew.seconds = 30
	sasl.oauthbearer.expected.audience = null
	sasl.oauthbearer.expected.issuer = null
	sasl.oauthbearer.header.urlencode = false
	sasl.oauthbearer.jwks.endpoint.refresh.ms = 3600000
	sasl.oauthbearer.jwks.endpoint.retry.backoff.max.ms = 10000
	sasl.oauthbearer.jwks.endpoint.retry.backoff.ms = 100
	sasl.oauthbearer.jwks.endpoint.url = null
	sasl.oauthbearer.scope.claim.name = scope
	sasl.oauthbearer.sub.claim.name = sub
	sasl.oauthbearer.token.endpoint.url = null
	security.protocol = PLAINTEXT
	security.providers = null
	send.buffer.bytes = 131072
	socket.connection.setup.timeout.max.ms = 30000
	socket.connection.setup.timeout.ms = 10000
	ssl.cipher.suites = null
	ssl.enabled.protocols = [TLSv1.2, TLSv1.3]
	ssl.endpoint.identification.algorithm = https
	ssl.engine.factory.class = null
	ssl.key.password = null
	ssl.keymanager.algorithm = SunX509
	ssl.keystore.certificate.chain = null
	ssl.keystore.key = null
	ssl.keystore.location = null
	ssl.keystore.password = null
	ssl.keystore.type = JKS
	ssl.protocol = TLSv1.3
	ssl.provider = null
	ssl.secure.random.implementation = null
	ssl.trustmanager.algorithm = PKIX
	ssl.truststore.certificates = null
	ssl.truststore.location = null
	ssl.truststore.password = null
	ssl.truststore.type = JKS
	transaction.timeout.ms = 60000
	transactional.id = null
	value.serializer = class io.apicurio.registry.serde.avro.AvroKafkaSerializer

2025-08-07 12:30:47,101 INFO  [org.apa.kaf.com.tel.int.KafkaMetricsCollector] (main) initializing Kafka metrics collector
2025-08-07 12:30:47,105 INFO  [org.apa.kaf.cli.pro.KafkaProducer] (main) [Producer clientId=Producer-topic-2fae27d5_a370_4e68_bb20_5ed8c3314245] Instantiated an idempotent producer.
2025-08-07 12:30:47,108 INFO  [org.apa.kaf.cli.pro.ProducerConfig] (main) These configurations '[apicurio.registry.url, apicurio.registry.auto-register, apicurio.registry.artifact-resolver-strategy]' were supplied but are not used yet.
2025-08-07 12:30:47,108 INFO  [org.apa.kaf.com.uti.AppInfoParser] (main) Kafka version: 3.9.1
2025-08-07 12:30:47,108 INFO  [org.apa.kaf.com.uti.AppInfoParser] (main) Kafka commitId: f745dfdcee2b9851
2025-08-07 12:30:47,108 INFO  [org.apa.kaf.com.uti.AppInfoParser] (main) Kafka startTimeMs: 1754569847108
2025-08-07 12:30:47,108 INFO  [io.api.tes.ser.api.SimpleSerdesTesterBuilder$SimpleSerdesTester] (main) Using producer configuration: {apicurio.registry.url=http://registry-app-ksql043.apps.ci419.apicurio-testing.org:80/apis/registry/v3, apicurio.registry.auto-register=true, apicurio.registry.artifact-resolver-strategy=io.apicurio.registry.serde.strategy.TopicIdStrategy, value.serializer=io.apicurio.registry.serde.avro.AvroKafkaSerializer, request.timeout.ms=5000, acks=all, bootstrap.servers=PLAINTEXT://localhost:32769, connections.max.idle.ms=10000, key.serializer=org.apache.kafka.common.serialization.StringSerializer, client.id=Producer-topic-2fae27d5_a370_4e68_bb20_5ed8c3314245}
2025-08-07 12:30:47,108 INFO  [io.api.tes.ser.api.SimpleSerdesTesterBuilder$SimpleSerdesTester] (main) Using consumer configuration: {}
2025-08-07 12:30:47,113 INFO  [io.api.tes.ser.api.KafkaSerdesTester] (Thread-621) Sending message {"key11754569847094": "value-0"} to topic topic-2fae27d5_a370_4e68_bb20_5ed8c3314245
2025-08-07 12:30:47,117 WARN  [org.apa.kaf.cli.NetworkClient] (kafka-producer-network-thread | Producer-topic-2fae27d5_a370_4e68_bb20_5ed8c3314245) [Producer clientId=Producer-topic-2fae27d5_a370_4e68_bb20_5ed8c3314245] The metadata response from the cluster reported a recoverable issue with correlation id 1 : {topic-2fae27d5_a370_4e68_bb20_5ed8c3314245=UNKNOWN_TOPIC_OR_PARTITION}
2025-08-07 12:30:47,117 INFO  [org.apa.kaf.cli.Metadata] (kafka-producer-network-thread | Producer-topic-2fae27d5_a370_4e68_bb20_5ed8c3314245) [Producer clientId=Producer-topic-2fae27d5_a370_4e68_bb20_5ed8c3314245] Cluster ID: wHHz-MW5SbujoYr4FCRV8g
2025-08-07 12:30:47,119 INFO  [org.apa.kaf.cli.pro.int.TransactionManager] (kafka-producer-network-thread | Producer-topic-2fae27d5_a370_4e68_bb20_5ed8c3314245) [Producer clientId=Producer-topic-2fae27d5_a370_4e68_bb20_5ed8c3314245] ProducerId set to 4 with epoch 0
2025-08-07 12:30:47,453 INFO  [io.api.tes.ser.api.KafkaSerdesTester] (Thread-621) Sending message {"key11754569847094": "value-1"} to topic topic-2fae27d5_a370_4e68_bb20_5ed8c3314245
2025-08-07 12:30:47,457 INFO  [io.api.tes.ser.api.KafkaSerdesTester] (Thread-621) Sending message {"key11754569847094": "value-2"} to topic topic-2fae27d5_a370_4e68_bb20_5ed8c3314245
2025-08-07 12:30:47,459 INFO  [io.api.tes.ser.api.KafkaSerdesTester] (Thread-621) Sending message {"key11754569847094": "value-3"} to topic topic-2fae27d5_a370_4e68_bb20_5ed8c3314245
2025-08-07 12:30:47,462 INFO  [io.api.tes.ser.api.KafkaSerdesTester] (Thread-621) Sending message {"key11754569847094": "value-4"} to topic topic-2fae27d5_a370_4e68_bb20_5ed8c3314245
2025-08-07 12:30:47,464 INFO  [io.api.tes.ser.api.KafkaSerdesTester] (Thread-621) Sending message {"key11754569847094": "value-5"} to topic topic-2fae27d5_a370_4e68_bb20_5ed8c3314245
2025-08-07 12:30:47,466 INFO  [io.api.tes.ser.api.KafkaSerdesTester] (Thread-621) Sending message {"key11754569847094": "value-6"} to topic topic-2fae27d5_a370_4e68_bb20_5ed8c3314245
2025-08-07 12:30:47,468 INFO  [io.api.tes.ser.api.KafkaSerdesTester] (Thread-621) Sending message {"key11754569847094": "value-7"} to topic topic-2fae27d5_a370_4e68_bb20_5ed8c3314245
2025-08-07 12:30:47,470 INFO  [io.api.tes.ser.api.KafkaSerdesTester] (Thread-621) Sending message {"key11754569847094": "value-8"} to topic topic-2fae27d5_a370_4e68_bb20_5ed8c3314245
2025-08-07 12:30:47,474 INFO  [io.api.tes.ser.api.KafkaSerdesTester] (Thread-621) Sending message {"key11754569847094": "value-9"} to topic topic-2fae27d5_a370_4e68_bb20_5ed8c3314245
2025-08-07 12:30:47,476 INFO  [io.api.tes.ser.api.KafkaSerdesTester] (Thread-621) Produced 10 messages
2025-08-07 12:30:47,476 INFO  [org.apa.kaf.cli.pro.KafkaProducer] (Thread-621) [Producer clientId=Producer-topic-2fae27d5_a370_4e68_bb20_5ed8c3314245] Closing the Kafka producer with timeoutMillis = 9223372036854775807 ms.
2025-08-07 12:30:47,478 INFO  [org.apa.kaf.com.met.Metrics] (Thread-621) Metrics scheduler closed
2025-08-07 12:30:47,478 INFO  [org.apa.kaf.com.met.Metrics] (Thread-621) Closing reporter org.apache.kafka.common.metrics.JmxReporter
2025-08-07 12:30:47,478 INFO  [org.apa.kaf.com.met.Metrics] (Thread-621) Closing reporter org.apache.kafka.common.telemetry.internals.ClientTelemetryReporter
2025-08-07 12:30:47,478 INFO  [org.apa.kaf.com.met.Metrics] (Thread-621) Metrics reporters closed
2025-08-07 12:30:47,479 INFO  [org.apa.kaf.com.uti.AppInfoParser] (Thread-621) App info kafka.producer for Producer-topic-2fae27d5_a370_4e68_bb20_5ed8c3314245 unregistered
**** Registry Base URL: http://registry-app-ksql043.apps.ci419.apicurio-testing.org:80
2025-08-07 12:30:47,640 INFO  [org.apa.kaf.cli.con.ConsumerConfig] (main) ConsumerConfig values: 
	allow.auto.create.topics = true
	auto.commit.interval.ms = 500
	auto.include.jmx.reporter = true
	auto.offset.reset = earliest
	bootstrap.servers = [PLAINTEXT://localhost:32769]
	check.crcs = true
	client.dns.lookup = use_all_dns_ips
	client.id = consumer-Consumer-topic-2fae27d5_a370_4e68_bb20_5ed8c3314245-4
	client.rack = 
	connections.max.idle.ms = 10000
	default.api.timeout.ms = 60000
	enable.auto.commit = true
	enable.metrics.push = true
	exclude.internal.topics = true
	fetch.max.bytes = 52428800
	fetch.max.wait.ms = 500
	fetch.min.bytes = 1
	group.id = Consumer-topic-2fae27d5_a370_4e68_bb20_5ed8c3314245
	group.instance.id = null
	group.protocol = classic
	group.remote.assignor = null
	heartbeat.interval.ms = 3000
	interceptor.classes = []
	internal.leave.group.on.close = true
	internal.throw.on.fetch.stable.offset.unsupported = false
	isolation.level = read_uncommitted
	key.deserializer = class org.apache.kafka.common.serialization.StringDeserializer
	max.partition.fetch.bytes = 1048576
	max.poll.interval.ms = 300000
	max.poll.records = 500
	metadata.max.age.ms = 300000
	metadata.recovery.strategy = none
	metric.reporters = []
	metrics.num.samples = 2
	metrics.recording.level = INFO
	metrics.sample.window.ms = 30000
	partition.assignment.strategy = [class org.apache.kafka.clients.consumer.RangeAssignor, class org.apache.kafka.clients.consumer.CooperativeStickyAssignor]
	receive.buffer.bytes = 65536
	reconnect.backoff.max.ms = 1000
	reconnect.backoff.ms = 50
	request.timeout.ms = 5000
	retry.backoff.max.ms = 1000
	retry.backoff.ms = 100
	sasl.client.callback.handler.class = null
	sasl.jaas.config = null
	sasl.kerberos.kinit.cmd = /usr/bin/kinit
	sasl.kerberos.min.time.before.relogin = 60000
	sasl.kerberos.service.name = null
	sasl.kerberos.ticket.renew.jitter = 0.05
	sasl.kerberos.ticket.renew.window.factor = 0.8
	sasl.login.callback.handler.class = null
	sasl.login.class = null
	sasl.login.connect.timeout.ms = null
	sasl.login.read.timeout.ms = null
	sasl.login.refresh.buffer.seconds = 300
	sasl.login.refresh.min.period.seconds = 60
	sasl.login.refresh.window.factor = 0.8
	sasl.login.refresh.window.jitter = 0.05
	sasl.login.retry.backoff.max.ms = 10000
	sasl.login.retry.backoff.ms = 100
	sasl.mechanism = GSSAPI
	sasl.oauthbearer.clock.skew.seconds = 30
	sasl.oauthbearer.expected.audience = null
	sasl.oauthbearer.expected.issuer = null
	sasl.oauthbearer.header.urlencode = false
	sasl.oauthbearer.jwks.endpoint.refresh.ms = 3600000
	sasl.oauthbearer.jwks.endpoint.retry.backoff.max.ms = 10000
	sasl.oauthbearer.jwks.endpoint.retry.backoff.ms = 100
	sasl.oauthbearer.jwks.endpoint.url = null
	sasl.oauthbearer.scope.claim.name = scope
	sasl.oauthbearer.sub.claim.name = sub
	sasl.oauthbearer.token.endpoint.url = null
	security.protocol = PLAINTEXT
	security.providers = null
	send.buffer.bytes = 131072
	session.timeout.ms = 45000
	socket.connection.setup.timeout.max.ms = 30000
	socket.connection.setup.timeout.ms = 10000
	ssl.cipher.suites = null
	ssl.enabled.protocols = [TLSv1.2, TLSv1.3]
	ssl.endpoint.identification.algorithm = https
	ssl.engine.factory.class = null
	ssl.key.password = null
	ssl.keymanager.algorithm = SunX509
	ssl.keystore.certificate.chain = null
	ssl.keystore.key = null
	ssl.keystore.location = null
	ssl.keystore.password = null
	ssl.keystore.type = JKS
	ssl.protocol = TLSv1.3
	ssl.provider = null
	ssl.secure.random.implementation = null
	ssl.trustmanager.algorithm = PKIX
	ssl.truststore.certificates = null
	ssl.truststore.location = null
	ssl.truststore.password = null
	ssl.truststore.type = JKS
	value.deserializer = class io.apicurio.registry.serde.avro.AvroKafkaDeserializer

2025-08-07 12:30:47,640 INFO  [org.apa.kaf.com.tel.int.KafkaMetricsCollector] (main) initializing Kafka metrics collector
2025-08-07 12:30:47,647 INFO  [org.apa.kaf.cli.con.ConsumerConfig] (main) These configurations '[apicurio.registry.url]' were supplied but are not used yet.
2025-08-07 12:30:47,647 INFO  [org.apa.kaf.com.uti.AppInfoParser] (main) Kafka version: 3.9.1
2025-08-07 12:30:47,647 INFO  [org.apa.kaf.com.uti.AppInfoParser] (main) Kafka commitId: f745dfdcee2b9851
2025-08-07 12:30:47,647 INFO  [org.apa.kaf.com.uti.AppInfoParser] (main) Kafka startTimeMs: 1754569847647
2025-08-07 12:30:47,648 INFO  [org.apa.kaf.cli.con.int.ClassicKafkaConsumer] (Thread-624) [Consumer clientId=consumer-Consumer-topic-2fae27d5_a370_4e68_bb20_5ed8c3314245-4, groupId=Consumer-topic-2fae27d5_a370_4e68_bb20_5ed8c3314245] Subscribed to topic(s): topic-2fae27d5_a370_4e68_bb20_5ed8c3314245
2025-08-07 12:30:47,659 INFO  [org.apa.kaf.cli.Metadata] (Thread-624) [Consumer clientId=consumer-Consumer-topic-2fae27d5_a370_4e68_bb20_5ed8c3314245-4, groupId=Consumer-topic-2fae27d5_a370_4e68_bb20_5ed8c3314245] Cluster ID: wHHz-MW5SbujoYr4FCRV8g
2025-08-07 12:30:47,661 INFO  [org.apa.kaf.cli.con.int.ConsumerCoordinator] (Thread-624) [Consumer clientId=consumer-Consumer-topic-2fae27d5_a370_4e68_bb20_5ed8c3314245-4, groupId=Consumer-topic-2fae27d5_a370_4e68_bb20_5ed8c3314245] Discovered group coordinator localhost:32769 (id: 2147483647 rack: null)
2025-08-07 12:30:47,665 INFO  [org.apa.kaf.cli.con.int.ConsumerCoordinator] (Thread-624) [Consumer clientId=consumer-Consumer-topic-2fae27d5_a370_4e68_bb20_5ed8c3314245-4, groupId=Consumer-topic-2fae27d5_a370_4e68_bb20_5ed8c3314245] (Re-)joining group
2025-08-07 12:30:47,669 INFO  [org.apa.kaf.cli.con.int.ConsumerCoordinator] (Thread-624) [Consumer clientId=consumer-Consumer-topic-2fae27d5_a370_4e68_bb20_5ed8c3314245-4, groupId=Consumer-topic-2fae27d5_a370_4e68_bb20_5ed8c3314245] Request joining group due to: need to re-join with the given member-id: consumer-Consumer-topic-2fae27d5_a370_4e68_bb20_5ed8c3314245-4-baa03baa-6559-46eb-961d-79963da20897
2025-08-07 12:30:47,669 INFO  [org.apa.kaf.cli.con.int.ConsumerCoordinator] (Thread-624) [Consumer clientId=consumer-Consumer-topic-2fae27d5_a370_4e68_bb20_5ed8c3314245-4, groupId=Consumer-topic-2fae27d5_a370_4e68_bb20_5ed8c3314245] (Re-)joining group
2025-08-07 12:30:48,648 INFO  [io.api.tes.ser.api.KafkaSerdesTester] (Thread-624) None found
2025-08-07 12:30:49,649 INFO  [io.api.tes.ser.api.KafkaSerdesTester] (Thread-624) None found
2025-08-07 12:30:50,649 INFO  [io.api.tes.ser.api.KafkaSerdesTester] (Thread-624) None found
2025-08-07 12:30:50,671 INFO  [org.apa.kaf.cli.con.int.ConsumerCoordinator] (Thread-624) [Consumer clientId=consumer-Consumer-topic-2fae27d5_a370_4e68_bb20_5ed8c3314245-4, groupId=Consumer-topic-2fae27d5_a370_4e68_bb20_5ed8c3314245] Successfully joined group with generation Generation{generationId=1, memberId='consumer-Consumer-topic-2fae27d5_a370_4e68_bb20_5ed8c3314245-4-baa03baa-6559-46eb-961d-79963da20897', protocol='range'}
2025-08-07 12:30:50,672 INFO  [org.apa.kaf.cli.con.int.ConsumerCoordinator] (Thread-624) [Consumer clientId=consumer-Consumer-topic-2fae27d5_a370_4e68_bb20_5ed8c3314245-4, groupId=Consumer-topic-2fae27d5_a370_4e68_bb20_5ed8c3314245] Finished assignment for group at generation 1: {consumer-Consumer-topic-2fae27d5_a370_4e68_bb20_5ed8c3314245-4-baa03baa-6559-46eb-961d-79963da20897=Assignment(partitions=[topic-2fae27d5_a370_4e68_bb20_5ed8c3314245-0])}
2025-08-07 12:30:50,679 INFO  [org.apa.kaf.cli.con.int.ConsumerCoordinator] (Thread-624) [Consumer clientId=consumer-Consumer-topic-2fae27d5_a370_4e68_bb20_5ed8c3314245-4, groupId=Consumer-topic-2fae27d5_a370_4e68_bb20_5ed8c3314245] Successfully synced group in generation Generation{generationId=1, memberId='consumer-Consumer-topic-2fae27d5_a370_4e68_bb20_5ed8c3314245-4-baa03baa-6559-46eb-961d-79963da20897', protocol='range'}
2025-08-07 12:30:50,679 INFO  [org.apa.kaf.cli.con.int.ConsumerCoordinator] (Thread-624) [Consumer clientId=consumer-Consumer-topic-2fae27d5_a370_4e68_bb20_5ed8c3314245-4, groupId=Consumer-topic-2fae27d5_a370_4e68_bb20_5ed8c3314245] Notifying assignor about the new Assignment(partitions=[topic-2fae27d5_a370_4e68_bb20_5ed8c3314245-0])
2025-08-07 12:30:50,679 INFO  [org.apa.kaf.cli.con.int.ConsumerRebalanceListenerInvoker] (Thread-624) [Consumer clientId=consumer-Consumer-topic-2fae27d5_a370_4e68_bb20_5ed8c3314245-4, groupId=Consumer-topic-2fae27d5_a370_4e68_bb20_5ed8c3314245] Adding newly assigned partitions: topic-2fae27d5_a370_4e68_bb20_5ed8c3314245-0
2025-08-07 12:30:50,681 INFO  [org.apa.kaf.cli.con.int.ConsumerCoordinator] (Thread-624) [Consumer clientId=consumer-Consumer-topic-2fae27d5_a370_4e68_bb20_5ed8c3314245-4, groupId=Consumer-topic-2fae27d5_a370_4e68_bb20_5ed8c3314245] Found no committed offset for partition topic-2fae27d5_a370_4e68_bb20_5ed8c3314245-0
2025-08-07 12:30:50,682 INFO  [org.apa.kaf.cli.con.int.SubscriptionState] (Thread-624) [Consumer clientId=consumer-Consumer-topic-2fae27d5_a370_4e68_bb20_5ed8c3314245-4, groupId=Consumer-topic-2fae27d5_a370_4e68_bb20_5ed8c3314245] Resetting offset for partition topic-2fae27d5_a370_4e68_bb20_5ed8c3314245-0 to position FetchPosition{offset=0, offsetEpoch=Optional.empty, currentLeader=LeaderAndEpoch{leader=Optional[localhost:32769 (id: 0 rack: null)], epoch=0}}.
2025-08-07 12:30:50,930 INFO  [io.api.tes.ser.api.KafkaSerdesTester] (Thread-624) topic-2fae27d5_a370_4e68_bb20_5ed8c3314245 0 0 {"key11754569847094": "value-0"}
2025-08-07 12:30:50,930 INFO  [io.api.tes.ser.api.KafkaSerdesTester] (Thread-624) topic-2fae27d5_a370_4e68_bb20_5ed8c3314245 0 1 {"key11754569847094": "value-1"}
2025-08-07 12:30:50,931 INFO  [io.api.tes.ser.api.KafkaSerdesTester] (Thread-624) topic-2fae27d5_a370_4e68_bb20_5ed8c3314245 0 2 {"key11754569847094": "value-2"}
2025-08-07 12:30:50,931 INFO  [io.api.tes.ser.api.KafkaSerdesTester] (Thread-624) topic-2fae27d5_a370_4e68_bb20_5ed8c3314245 0 3 {"key11754569847094": "value-3"}
2025-08-07 12:30:50,931 INFO  [io.api.tes.ser.api.KafkaSerdesTester] (Thread-624) topic-2fae27d5_a370_4e68_bb20_5ed8c3314245 0 4 {"key11754569847094": "value-4"}
2025-08-07 12:30:50,931 INFO  [io.api.tes.ser.api.KafkaSerdesTester] (Thread-624) topic-2fae27d5_a370_4e68_bb20_5ed8c3314245 0 5 {"key11754569847094": "value-5"}
2025-08-07 12:30:50,931 INFO  [io.api.tes.ser.api.KafkaSerdesTester] (Thread-624) topic-2fae27d5_a370_4e68_bb20_5ed8c3314245 0 6 {"key11754569847094": "value-6"}
2025-08-07 12:30:50,932 INFO  [io.api.tes.ser.api.KafkaSerdesTester] (Thread-624) topic-2fae27d5_a370_4e68_bb20_5ed8c3314245 0 7 {"key11754569847094": "value-7"}
2025-08-07 12:30:50,932 INFO  [io.api.tes.ser.api.KafkaSerdesTester] (Thread-624) topic-2fae27d5_a370_4e68_bb20_5ed8c3314245 0 8 {"key11754569847094": "value-8"}
2025-08-07 12:30:50,932 INFO  [io.api.tes.ser.api.KafkaSerdesTester] (Thread-624) topic-2fae27d5_a370_4e68_bb20_5ed8c3314245 0 9 {"key11754569847094": "value-9"}
2025-08-07 12:30:50,932 INFO  [io.api.tes.ser.api.KafkaSerdesTester] (Thread-624) Consumed 10 messages
2025-08-07 12:30:50,940 INFO  [org.apa.kaf.cli.con.int.ConsumerRebalanceListenerInvoker] (Thread-624) [Consumer clientId=consumer-Consumer-topic-2fae27d5_a370_4e68_bb20_5ed8c3314245-4, groupId=Consumer-topic-2fae27d5_a370_4e68_bb20_5ed8c3314245] Revoke previously assigned partitions topic-2fae27d5_a370_4e68_bb20_5ed8c3314245-0
2025-08-07 12:30:50,940 INFO  [org.apa.kaf.cli.con.int.ConsumerCoordinator] (Thread-624) [Consumer clientId=consumer-Consumer-topic-2fae27d5_a370_4e68_bb20_5ed8c3314245-4, groupId=Consumer-topic-2fae27d5_a370_4e68_bb20_5ed8c3314245] Member consumer-Consumer-topic-2fae27d5_a370_4e68_bb20_5ed8c3314245-4-baa03baa-6559-46eb-961d-79963da20897 sending LeaveGroup request to coordinator localhost:32769 (id: 2147483647 rack: null) due to the consumer is being closed
2025-08-07 12:30:50,940 INFO  [org.apa.kaf.cli.con.int.ConsumerCoordinator] (Thread-624) [Consumer clientId=consumer-Consumer-topic-2fae27d5_a370_4e68_bb20_5ed8c3314245-4, groupId=Consumer-topic-2fae27d5_a370_4e68_bb20_5ed8c3314245] Resetting generation and member id due to: consumer pro-actively leaving the group
2025-08-07 12:30:50,940 INFO  [org.apa.kaf.cli.con.int.ConsumerCoordinator] (Thread-624) [Consumer clientId=consumer-Consumer-topic-2fae27d5_a370_4e68_bb20_5ed8c3314245-4, groupId=Consumer-topic-2fae27d5_a370_4e68_bb20_5ed8c3314245] Request joining group due to: consumer pro-actively leaving the group
2025-08-07 12:30:51,437 INFO  [org.apa.kaf.com.met.Metrics] (Thread-624) Metrics scheduler closed
2025-08-07 12:30:51,437 INFO  [org.apa.kaf.com.met.Metrics] (Thread-624) Closing reporter org.apache.kafka.common.metrics.JmxReporter
2025-08-07 12:30:51,437 INFO  [org.apa.kaf.com.met.Metrics] (Thread-624) Closing reporter org.apache.kafka.common.telemetry.internals.ClientTelemetryReporter
2025-08-07 12:30:51,437 INFO  [org.apa.kaf.com.met.Metrics] (Thread-624) Metrics reporters closed
2025-08-07 12:30:51,441 INFO  [org.apa.kaf.com.uti.AppInfoParser] (Thread-624) App info kafka.consumer for consumer-Consumer-topic-2fae27d5_a370_4e68_bb20_5ed8c3314245-4 unregistered
2025-08-07 12:30:51,599 INFO  [io.api.tes.uti.TestSeparator] (main) io.apicurio.tests.serdes.apicurio.AvroSerdeIT.testTopicIdStrategyAutoRegister-FINISHED
2025-08-07 12:30:51,599 INFO  [io.api.tes.uti.TestSeparator] (main) ############################################################################
Test passed: testTopicIdStrategyAutoRegister
]]></system-out>
  </testcase>
  <testcase name="testRecordIdStrategydFindLatest" classname="io.apicurio.tests.serdes.apicurio.AvroSerdeIT" time="5.39">
    <system-out><![CDATA[2025-08-07 12:30:51,601 INFO  [io.api.tes.uti.TestSeparator] (main) ############################################################################
2025-08-07 12:30:51,601 INFO  [io.api.tes.uti.TestSeparator] (main) io.apicurio.tests.serdes.apicurio.AvroSerdeIT.testRecordIdStrategydFindLatest-STARTED
2025-08-07 12:30:51,602 INFO  [io.api.tes.ser.api.AvroSerdeIT] (main) Registering Avro Schema: {"type":"record","name":"s0ca5a75cx5907x4c40x966cx4b8b3318130c","namespace":"sdbc5ca52x1ebfx42faxa686x768daa7c995e","fields":[{"name":"key11754569851601","type":"string"}]}
**** Registry Base URL: http://registry-app-ksql043.apps.ci419.apicurio-testing.org:80
2025-08-07 12:30:52,808 INFO  [org.apa.kaf.cli.pro.ProducerConfig] (main) ProducerConfig values: 
	acks = -1
	auto.include.jmx.reporter = true
	batch.size = 16384
	bootstrap.servers = [PLAINTEXT://localhost:32769]
	buffer.memory = 33554432
	client.dns.lookup = use_all_dns_ips
	client.id = Producer-topic-2190d2fa_de1b_44e9_9a32_6589f6caa6a9
	compression.gzip.level = -1
	compression.lz4.level = 9
	compression.type = none
	compression.zstd.level = 3
	connections.max.idle.ms = 10000
	delivery.timeout.ms = 120000
	enable.idempotence = true
	enable.metrics.push = true
	interceptor.classes = []
	key.serializer = class org.apache.kafka.common.serialization.StringSerializer
	linger.ms = 0
	max.block.ms = 60000
	max.in.flight.requests.per.connection = 5
	max.request.size = 1048576
	metadata.max.age.ms = 300000
	metadata.max.idle.ms = 300000
	metadata.recovery.strategy = none
	metric.reporters = []
	metrics.num.samples = 2
	metrics.recording.level = INFO
	metrics.sample.window.ms = 30000
	partitioner.adaptive.partitioning.enable = true
	partitioner.availability.timeout.ms = 0
	partitioner.class = null
	partitioner.ignore.keys = false
	receive.buffer.bytes = 32768
	reconnect.backoff.max.ms = 1000
	reconnect.backoff.ms = 50
	request.timeout.ms = 5000
	retries = 2147483647
	retry.backoff.max.ms = 1000
	retry.backoff.ms = 100
	sasl.client.callback.handler.class = null
	sasl.jaas.config = null
	sasl.kerberos.kinit.cmd = /usr/bin/kinit
	sasl.kerberos.min.time.before.relogin = 60000
	sasl.kerberos.service.name = null
	sasl.kerberos.ticket.renew.jitter = 0.05
	sasl.kerberos.ticket.renew.window.factor = 0.8
	sasl.login.callback.handler.class = null
	sasl.login.class = null
	sasl.login.connect.timeout.ms = null
	sasl.login.read.timeout.ms = null
	sasl.login.refresh.buffer.seconds = 300
	sasl.login.refresh.min.period.seconds = 60
	sasl.login.refresh.window.factor = 0.8
	sasl.login.refresh.window.jitter = 0.05
	sasl.login.retry.backoff.max.ms = 10000
	sasl.login.retry.backoff.ms = 100
	sasl.mechanism = GSSAPI
	sasl.oauthbearer.clock.skew.seconds = 30
	sasl.oauthbearer.expected.audience = null
	sasl.oauthbearer.expected.issuer = null
	sasl.oauthbearer.header.urlencode = false
	sasl.oauthbearer.jwks.endpoint.refresh.ms = 3600000
	sasl.oauthbearer.jwks.endpoint.retry.backoff.max.ms = 10000
	sasl.oauthbearer.jwks.endpoint.retry.backoff.ms = 100
	sasl.oauthbearer.jwks.endpoint.url = null
	sasl.oauthbearer.scope.claim.name = scope
	sasl.oauthbearer.sub.claim.name = sub
	sasl.oauthbearer.token.endpoint.url = null
	security.protocol = PLAINTEXT
	security.providers = null
	send.buffer.bytes = 131072
	socket.connection.setup.timeout.max.ms = 30000
	socket.connection.setup.timeout.ms = 10000
	ssl.cipher.suites = null
	ssl.enabled.protocols = [TLSv1.2, TLSv1.3]
	ssl.endpoint.identification.algorithm = https
	ssl.engine.factory.class = null
	ssl.key.password = null
	ssl.keymanager.algorithm = SunX509
	ssl.keystore.certificate.chain = null
	ssl.keystore.key = null
	ssl.keystore.location = null
	ssl.keystore.password = null
	ssl.keystore.type = JKS
	ssl.protocol = TLSv1.3
	ssl.provider = null
	ssl.secure.random.implementation = null
	ssl.trustmanager.algorithm = PKIX
	ssl.truststore.certificates = null
	ssl.truststore.location = null
	ssl.truststore.password = null
	ssl.truststore.type = JKS
	transaction.timeout.ms = 60000
	transactional.id = null
	value.serializer = class io.apicurio.registry.serde.avro.AvroKafkaSerializer

2025-08-07 12:30:52,809 INFO  [org.apa.kaf.com.tel.int.KafkaMetricsCollector] (main) initializing Kafka metrics collector
2025-08-07 12:30:52,812 INFO  [org.apa.kaf.cli.pro.KafkaProducer] (main) [Producer clientId=Producer-topic-2190d2fa_de1b_44e9_9a32_6589f6caa6a9] Instantiated an idempotent producer.
2025-08-07 12:30:52,815 INFO  [org.apa.kaf.cli.pro.ProducerConfig] (main) These configurations '[apicurio.registry.find-latest, apicurio.registry.url, apicurio.registry.artifact-resolver-strategy]' were supplied but are not used yet.
2025-08-07 12:30:52,815 INFO  [org.apa.kaf.com.uti.AppInfoParser] (main) Kafka version: 3.9.1
2025-08-07 12:30:52,815 INFO  [org.apa.kaf.com.uti.AppInfoParser] (main) Kafka commitId: f745dfdcee2b9851
2025-08-07 12:30:52,815 INFO  [org.apa.kaf.com.uti.AppInfoParser] (main) Kafka startTimeMs: 1754569852815
2025-08-07 12:30:52,815 INFO  [io.api.tes.ser.api.SimpleSerdesTesterBuilder$SimpleSerdesTester] (main) Using producer configuration: {apicurio.registry.find-latest=true, apicurio.registry.url=http://registry-app-ksql043.apps.ci419.apicurio-testing.org:80/apis/registry/v3, apicurio.registry.artifact-resolver-strategy=io.apicurio.registry.serde.avro.strategy.RecordIdStrategy, value.serializer=io.apicurio.registry.serde.avro.AvroKafkaSerializer, request.timeout.ms=5000, acks=all, bootstrap.servers=PLAINTEXT://localhost:32769, connections.max.idle.ms=10000, key.serializer=org.apache.kafka.common.serialization.StringSerializer, client.id=Producer-topic-2190d2fa_de1b_44e9_9a32_6589f6caa6a9}
2025-08-07 12:30:52,815 INFO  [io.api.tes.ser.api.SimpleSerdesTesterBuilder$SimpleSerdesTester] (main) Using consumer configuration: {}
2025-08-07 12:30:52,817 INFO  [io.api.tes.ser.api.KafkaSerdesTester] (Thread-627) Sending message {"key11754569851601": "value-0"} to topic topic-2190d2fa_de1b_44e9_9a32_6589f6caa6a9
2025-08-07 12:30:52,821 INFO  [org.apa.kaf.cli.Metadata] (kafka-producer-network-thread | Producer-topic-2190d2fa_de1b_44e9_9a32_6589f6caa6a9) [Producer clientId=Producer-topic-2190d2fa_de1b_44e9_9a32_6589f6caa6a9] Cluster ID: wHHz-MW5SbujoYr4FCRV8g
2025-08-07 12:30:52,822 INFO  [org.apa.kaf.cli.pro.int.TransactionManager] (kafka-producer-network-thread | Producer-topic-2190d2fa_de1b_44e9_9a32_6589f6caa6a9) [Producer clientId=Producer-topic-2190d2fa_de1b_44e9_9a32_6589f6caa6a9] ProducerId set to 5 with epoch 0
2025-08-07 12:30:53,159 INFO  [io.api.tes.ser.api.KafkaSerdesTester] (Thread-627) Sending message {"key11754569851601": "value-1"} to topic topic-2190d2fa_de1b_44e9_9a32_6589f6caa6a9
2025-08-07 12:30:53,162 INFO  [io.api.tes.ser.api.KafkaSerdesTester] (Thread-627) Sending message {"key11754569851601": "value-2"} to topic topic-2190d2fa_de1b_44e9_9a32_6589f6caa6a9
2025-08-07 12:30:53,164 INFO  [io.api.tes.ser.api.KafkaSerdesTester] (Thread-627) Sending message {"key11754569851601": "value-3"} to topic topic-2190d2fa_de1b_44e9_9a32_6589f6caa6a9
2025-08-07 12:30:53,165 INFO  [io.api.tes.ser.api.KafkaSerdesTester] (Thread-627) Sending message {"key11754569851601": "value-4"} to topic topic-2190d2fa_de1b_44e9_9a32_6589f6caa6a9
2025-08-07 12:30:53,168 INFO  [io.api.tes.ser.api.KafkaSerdesTester] (Thread-627) Sending message {"key11754569851601": "value-5"} to topic topic-2190d2fa_de1b_44e9_9a32_6589f6caa6a9
2025-08-07 12:30:53,171 INFO  [io.api.tes.ser.api.KafkaSerdesTester] (Thread-627) Sending message {"key11754569851601": "value-6"} to topic topic-2190d2fa_de1b_44e9_9a32_6589f6caa6a9
2025-08-07 12:30:53,173 INFO  [io.api.tes.ser.api.KafkaSerdesTester] (Thread-627) Sending message {"key11754569851601": "value-7"} to topic topic-2190d2fa_de1b_44e9_9a32_6589f6caa6a9
2025-08-07 12:30:53,175 INFO  [io.api.tes.ser.api.KafkaSerdesTester] (Thread-627) Sending message {"key11754569851601": "value-8"} to topic topic-2190d2fa_de1b_44e9_9a32_6589f6caa6a9
2025-08-07 12:30:53,179 INFO  [io.api.tes.ser.api.KafkaSerdesTester] (Thread-627) Sending message {"key11754569851601": "value-9"} to topic topic-2190d2fa_de1b_44e9_9a32_6589f6caa6a9
2025-08-07 12:30:53,181 INFO  [io.api.tes.ser.api.KafkaSerdesTester] (Thread-627) Produced 10 messages
2025-08-07 12:30:53,181 INFO  [org.apa.kaf.cli.pro.KafkaProducer] (Thread-627) [Producer clientId=Producer-topic-2190d2fa_de1b_44e9_9a32_6589f6caa6a9] Closing the Kafka producer with timeoutMillis = 9223372036854775807 ms.
2025-08-07 12:30:53,185 INFO  [org.apa.kaf.com.met.Metrics] (Thread-627) Metrics scheduler closed
2025-08-07 12:30:53,185 INFO  [org.apa.kaf.com.met.Metrics] (Thread-627) Closing reporter org.apache.kafka.common.metrics.JmxReporter
2025-08-07 12:30:53,185 INFO  [org.apa.kaf.com.met.Metrics] (Thread-627) Closing reporter org.apache.kafka.common.telemetry.internals.ClientTelemetryReporter
2025-08-07 12:30:53,185 INFO  [org.apa.kaf.com.met.Metrics] (Thread-627) Metrics reporters closed
2025-08-07 12:30:53,185 INFO  [org.apa.kaf.com.uti.AppInfoParser] (Thread-627) App info kafka.producer for Producer-topic-2190d2fa_de1b_44e9_9a32_6589f6caa6a9 unregistered
**** Registry Base URL: http://registry-app-ksql043.apps.ci419.apicurio-testing.org:80
2025-08-07 12:30:53,187 INFO  [org.apa.kaf.cli.con.ConsumerConfig] (main) ConsumerConfig values: 
	allow.auto.create.topics = true
	auto.commit.interval.ms = 500
	auto.include.jmx.reporter = true
	auto.offset.reset = earliest
	bootstrap.servers = [PLAINTEXT://localhost:32769]
	check.crcs = true
	client.dns.lookup = use_all_dns_ips
	client.id = consumer-Consumer-topic-2190d2fa_de1b_44e9_9a32_6589f6caa6a9-5
	client.rack = 
	connections.max.idle.ms = 10000
	default.api.timeout.ms = 60000
	enable.auto.commit = true
	enable.metrics.push = true
	exclude.internal.topics = true
	fetch.max.bytes = 52428800
	fetch.max.wait.ms = 500
	fetch.min.bytes = 1
	group.id = Consumer-topic-2190d2fa_de1b_44e9_9a32_6589f6caa6a9
	group.instance.id = null
	group.protocol = classic
	group.remote.assignor = null
	heartbeat.interval.ms = 3000
	interceptor.classes = []
	internal.leave.group.on.close = true
	internal.throw.on.fetch.stable.offset.unsupported = false
	isolation.level = read_uncommitted
	key.deserializer = class org.apache.kafka.common.serialization.StringDeserializer
	max.partition.fetch.bytes = 1048576
	max.poll.interval.ms = 300000
	max.poll.records = 500
	metadata.max.age.ms = 300000
	metadata.recovery.strategy = none
	metric.reporters = []
	metrics.num.samples = 2
	metrics.recording.level = INFO
	metrics.sample.window.ms = 30000
	partition.assignment.strategy = [class org.apache.kafka.clients.consumer.RangeAssignor, class org.apache.kafka.clients.consumer.CooperativeStickyAssignor]
	receive.buffer.bytes = 65536
	reconnect.backoff.max.ms = 1000
	reconnect.backoff.ms = 50
	request.timeout.ms = 5000
	retry.backoff.max.ms = 1000
	retry.backoff.ms = 100
	sasl.client.callback.handler.class = null
	sasl.jaas.config = null
	sasl.kerberos.kinit.cmd = /usr/bin/kinit
	sasl.kerberos.min.time.before.relogin = 60000
	sasl.kerberos.service.name = null
	sasl.kerberos.ticket.renew.jitter = 0.05
	sasl.kerberos.ticket.renew.window.factor = 0.8
	sasl.login.callback.handler.class = null
	sasl.login.class = null
	sasl.login.connect.timeout.ms = null
	sasl.login.read.timeout.ms = null
	sasl.login.refresh.buffer.seconds = 300
	sasl.login.refresh.min.period.seconds = 60
	sasl.login.refresh.window.factor = 0.8
	sasl.login.refresh.window.jitter = 0.05
	sasl.login.retry.backoff.max.ms = 10000
	sasl.login.retry.backoff.ms = 100
	sasl.mechanism = GSSAPI
	sasl.oauthbearer.clock.skew.seconds = 30
	sasl.oauthbearer.expected.audience = null
	sasl.oauthbearer.expected.issuer = null
	sasl.oauthbearer.header.urlencode = false
	sasl.oauthbearer.jwks.endpoint.refresh.ms = 3600000
	sasl.oauthbearer.jwks.endpoint.retry.backoff.max.ms = 10000
	sasl.oauthbearer.jwks.endpoint.retry.backoff.ms = 100
	sasl.oauthbearer.jwks.endpoint.url = null
	sasl.oauthbearer.scope.claim.name = scope
	sasl.oauthbearer.sub.claim.name = sub
	sasl.oauthbearer.token.endpoint.url = null
	security.protocol = PLAINTEXT
	security.providers = null
	send.buffer.bytes = 131072
	session.timeout.ms = 45000
	socket.connection.setup.timeout.max.ms = 30000
	socket.connection.setup.timeout.ms = 10000
	ssl.cipher.suites = null
	ssl.enabled.protocols = [TLSv1.2, TLSv1.3]
	ssl.endpoint.identification.algorithm = https
	ssl.engine.factory.class = null
	ssl.key.password = null
	ssl.keymanager.algorithm = SunX509
	ssl.keystore.certificate.chain = null
	ssl.keystore.key = null
	ssl.keystore.location = null
	ssl.keystore.password = null
	ssl.keystore.type = JKS
	ssl.protocol = TLSv1.3
	ssl.provider = null
	ssl.secure.random.implementation = null
	ssl.trustmanager.algorithm = PKIX
	ssl.truststore.certificates = null
	ssl.truststore.location = null
	ssl.truststore.password = null
	ssl.truststore.type = JKS
	value.deserializer = class io.apicurio.registry.serde.avro.AvroKafkaDeserializer

2025-08-07 12:30:53,187 INFO  [org.apa.kaf.com.tel.int.KafkaMetricsCollector] (main) initializing Kafka metrics collector
2025-08-07 12:30:53,201 INFO  [org.apa.kaf.cli.con.ConsumerConfig] (main) These configurations '[apicurio.registry.url]' were supplied but are not used yet.
2025-08-07 12:30:53,202 INFO  [org.apa.kaf.com.uti.AppInfoParser] (main) Kafka version: 3.9.1
2025-08-07 12:30:53,202 INFO  [org.apa.kaf.com.uti.AppInfoParser] (main) Kafka commitId: f745dfdcee2b9851
2025-08-07 12:30:53,202 INFO  [org.apa.kaf.com.uti.AppInfoParser] (main) Kafka startTimeMs: 1754569853202
2025-08-07 12:30:53,202 INFO  [org.apa.kaf.cli.con.int.ClassicKafkaConsumer] (Thread-630) [Consumer clientId=consumer-Consumer-topic-2190d2fa_de1b_44e9_9a32_6589f6caa6a9-5, groupId=Consumer-topic-2190d2fa_de1b_44e9_9a32_6589f6caa6a9] Subscribed to topic(s): topic-2190d2fa_de1b_44e9_9a32_6589f6caa6a9
2025-08-07 12:30:53,209 INFO  [org.apa.kaf.cli.Metadata] (Thread-630) [Consumer clientId=consumer-Consumer-topic-2190d2fa_de1b_44e9_9a32_6589f6caa6a9-5, groupId=Consumer-topic-2190d2fa_de1b_44e9_9a32_6589f6caa6a9] Cluster ID: wHHz-MW5SbujoYr4FCRV8g
2025-08-07 12:30:53,210 INFO  [org.apa.kaf.cli.con.int.ConsumerCoordinator] (Thread-630) [Consumer clientId=consumer-Consumer-topic-2190d2fa_de1b_44e9_9a32_6589f6caa6a9-5, groupId=Consumer-topic-2190d2fa_de1b_44e9_9a32_6589f6caa6a9] Discovered group coordinator localhost:32769 (id: 2147483647 rack: null)
2025-08-07 12:30:53,212 INFO  [org.apa.kaf.cli.con.int.ConsumerCoordinator] (Thread-630) [Consumer clientId=consumer-Consumer-topic-2190d2fa_de1b_44e9_9a32_6589f6caa6a9-5, groupId=Consumer-topic-2190d2fa_de1b_44e9_9a32_6589f6caa6a9] (Re-)joining group
2025-08-07 12:30:53,216 INFO  [org.apa.kaf.cli.con.int.ConsumerCoordinator] (Thread-630) [Consumer clientId=consumer-Consumer-topic-2190d2fa_de1b_44e9_9a32_6589f6caa6a9-5, groupId=Consumer-topic-2190d2fa_de1b_44e9_9a32_6589f6caa6a9] Request joining group due to: need to re-join with the given member-id: consumer-Consumer-topic-2190d2fa_de1b_44e9_9a32_6589f6caa6a9-5-122baddf-cfcc-4ab5-876d-f1a5d7bd61ed
2025-08-07 12:30:53,216 INFO  [org.apa.kaf.cli.con.int.ConsumerCoordinator] (Thread-630) [Consumer clientId=consumer-Consumer-topic-2190d2fa_de1b_44e9_9a32_6589f6caa6a9-5, groupId=Consumer-topic-2190d2fa_de1b_44e9_9a32_6589f6caa6a9] (Re-)joining group
2025-08-07 12:30:54,203 INFO  [io.api.tes.ser.api.KafkaSerdesTester] (Thread-630) None found
2025-08-07 12:30:55,203 INFO  [io.api.tes.ser.api.KafkaSerdesTester] (Thread-630) None found
2025-08-07 12:30:56,204 INFO  [io.api.tes.ser.api.KafkaSerdesTester] (Thread-630) None found
2025-08-07 12:30:56,220 INFO  [org.apa.kaf.cli.con.int.ConsumerCoordinator] (Thread-630) [Consumer clientId=consumer-Consumer-topic-2190d2fa_de1b_44e9_9a32_6589f6caa6a9-5, groupId=Consumer-topic-2190d2fa_de1b_44e9_9a32_6589f6caa6a9] Successfully joined group with generation Generation{generationId=1, memberId='consumer-Consumer-topic-2190d2fa_de1b_44e9_9a32_6589f6caa6a9-5-122baddf-cfcc-4ab5-876d-f1a5d7bd61ed', protocol='range'}
2025-08-07 12:30:56,221 INFO  [org.apa.kaf.cli.con.int.ConsumerCoordinator] (Thread-630) [Consumer clientId=consumer-Consumer-topic-2190d2fa_de1b_44e9_9a32_6589f6caa6a9-5, groupId=Consumer-topic-2190d2fa_de1b_44e9_9a32_6589f6caa6a9] Finished assignment for group at generation 1: {consumer-Consumer-topic-2190d2fa_de1b_44e9_9a32_6589f6caa6a9-5-122baddf-cfcc-4ab5-876d-f1a5d7bd61ed=Assignment(partitions=[topic-2190d2fa_de1b_44e9_9a32_6589f6caa6a9-0])}
2025-08-07 12:30:56,228 INFO  [org.apa.kaf.cli.con.int.ConsumerCoordinator] (Thread-630) [Consumer clientId=consumer-Consumer-topic-2190d2fa_de1b_44e9_9a32_6589f6caa6a9-5, groupId=Consumer-topic-2190d2fa_de1b_44e9_9a32_6589f6caa6a9] Successfully synced group in generation Generation{generationId=1, memberId='consumer-Consumer-topic-2190d2fa_de1b_44e9_9a32_6589f6caa6a9-5-122baddf-cfcc-4ab5-876d-f1a5d7bd61ed', protocol='range'}
2025-08-07 12:30:56,228 INFO  [org.apa.kaf.cli.con.int.ConsumerCoordinator] (Thread-630) [Consumer clientId=consumer-Consumer-topic-2190d2fa_de1b_44e9_9a32_6589f6caa6a9-5, groupId=Consumer-topic-2190d2fa_de1b_44e9_9a32_6589f6caa6a9] Notifying assignor about the new Assignment(partitions=[topic-2190d2fa_de1b_44e9_9a32_6589f6caa6a9-0])
2025-08-07 12:30:56,228 INFO  [org.apa.kaf.cli.con.int.ConsumerRebalanceListenerInvoker] (Thread-630) [Consumer clientId=consumer-Consumer-topic-2190d2fa_de1b_44e9_9a32_6589f6caa6a9-5, groupId=Consumer-topic-2190d2fa_de1b_44e9_9a32_6589f6caa6a9] Adding newly assigned partitions: topic-2190d2fa_de1b_44e9_9a32_6589f6caa6a9-0
2025-08-07 12:30:56,230 INFO  [org.apa.kaf.cli.con.int.ConsumerCoordinator] (Thread-630) [Consumer clientId=consumer-Consumer-topic-2190d2fa_de1b_44e9_9a32_6589f6caa6a9-5, groupId=Consumer-topic-2190d2fa_de1b_44e9_9a32_6589f6caa6a9] Found no committed offset for partition topic-2190d2fa_de1b_44e9_9a32_6589f6caa6a9-0
2025-08-07 12:30:56,234 INFO  [org.apa.kaf.cli.con.int.SubscriptionState] (Thread-630) [Consumer clientId=consumer-Consumer-topic-2190d2fa_de1b_44e9_9a32_6589f6caa6a9-5, groupId=Consumer-topic-2190d2fa_de1b_44e9_9a32_6589f6caa6a9] Resetting offset for partition topic-2190d2fa_de1b_44e9_9a32_6589f6caa6a9-0 to position FetchPosition{offset=0, offsetEpoch=Optional.empty, currentLeader=LeaderAndEpoch{leader=Optional[localhost:32769 (id: 0 rack: null)], epoch=0}}.
2025-08-07 12:30:56,481 INFO  [io.api.tes.ser.api.KafkaSerdesTester] (Thread-630) topic-2190d2fa_de1b_44e9_9a32_6589f6caa6a9 0 0 {"key11754569851601": "value-0"}
2025-08-07 12:30:56,481 INFO  [io.api.tes.ser.api.KafkaSerdesTester] (Thread-630) topic-2190d2fa_de1b_44e9_9a32_6589f6caa6a9 0 1 {"key11754569851601": "value-1"}
2025-08-07 12:30:56,481 INFO  [io.api.tes.ser.api.KafkaSerdesTester] (Thread-630) topic-2190d2fa_de1b_44e9_9a32_6589f6caa6a9 0 2 {"key11754569851601": "value-2"}
2025-08-07 12:30:56,481 INFO  [io.api.tes.ser.api.KafkaSerdesTester] (Thread-630) topic-2190d2fa_de1b_44e9_9a32_6589f6caa6a9 0 3 {"key11754569851601": "value-3"}
2025-08-07 12:30:56,481 INFO  [io.api.tes.ser.api.KafkaSerdesTester] (Thread-630) topic-2190d2fa_de1b_44e9_9a32_6589f6caa6a9 0 4 {"key11754569851601": "value-4"}
2025-08-07 12:30:56,482 INFO  [io.api.tes.ser.api.KafkaSerdesTester] (Thread-630) topic-2190d2fa_de1b_44e9_9a32_6589f6caa6a9 0 5 {"key11754569851601": "value-5"}
2025-08-07 12:30:56,482 INFO  [io.api.tes.ser.api.KafkaSerdesTester] (Thread-630) topic-2190d2fa_de1b_44e9_9a32_6589f6caa6a9 0 6 {"key11754569851601": "value-6"}
2025-08-07 12:30:56,482 INFO  [io.api.tes.ser.api.KafkaSerdesTester] (Thread-630) topic-2190d2fa_de1b_44e9_9a32_6589f6caa6a9 0 7 {"key11754569851601": "value-7"}
2025-08-07 12:30:56,482 INFO  [io.api.tes.ser.api.KafkaSerdesTester] (Thread-630) topic-2190d2fa_de1b_44e9_9a32_6589f6caa6a9 0 8 {"key11754569851601": "value-8"}
2025-08-07 12:30:56,482 INFO  [io.api.tes.ser.api.KafkaSerdesTester] (Thread-630) topic-2190d2fa_de1b_44e9_9a32_6589f6caa6a9 0 9 {"key11754569851601": "value-9"}
2025-08-07 12:30:56,482 INFO  [io.api.tes.ser.api.KafkaSerdesTester] (Thread-630) Consumed 10 messages
2025-08-07 12:30:56,489 INFO  [org.apa.kaf.cli.con.int.ConsumerRebalanceListenerInvoker] (Thread-630) [Consumer clientId=consumer-Consumer-topic-2190d2fa_de1b_44e9_9a32_6589f6caa6a9-5, groupId=Consumer-topic-2190d2fa_de1b_44e9_9a32_6589f6caa6a9] Revoke previously assigned partitions topic-2190d2fa_de1b_44e9_9a32_6589f6caa6a9-0
2025-08-07 12:30:56,490 INFO  [org.apa.kaf.cli.con.int.ConsumerCoordinator] (Thread-630) [Consumer clientId=consumer-Consumer-topic-2190d2fa_de1b_44e9_9a32_6589f6caa6a9-5, groupId=Consumer-topic-2190d2fa_de1b_44e9_9a32_6589f6caa6a9] Member consumer-Consumer-topic-2190d2fa_de1b_44e9_9a32_6589f6caa6a9-5-122baddf-cfcc-4ab5-876d-f1a5d7bd61ed sending LeaveGroup request to coordinator localhost:32769 (id: 2147483647 rack: null) due to the consumer is being closed
2025-08-07 12:30:56,490 INFO  [org.apa.kaf.cli.con.int.ConsumerCoordinator] (Thread-630) [Consumer clientId=consumer-Consumer-topic-2190d2fa_de1b_44e9_9a32_6589f6caa6a9-5, groupId=Consumer-topic-2190d2fa_de1b_44e9_9a32_6589f6caa6a9] Resetting generation and member id due to: consumer pro-actively leaving the group
2025-08-07 12:30:56,491 INFO  [org.apa.kaf.cli.con.int.ConsumerCoordinator] (Thread-630) [Consumer clientId=consumer-Consumer-topic-2190d2fa_de1b_44e9_9a32_6589f6caa6a9-5, groupId=Consumer-topic-2190d2fa_de1b_44e9_9a32_6589f6caa6a9] Request joining group due to: consumer pro-actively leaving the group
2025-08-07 12:30:56,985 INFO  [org.apa.kaf.com.met.Metrics] (Thread-630) Metrics scheduler closed
2025-08-07 12:30:56,985 INFO  [org.apa.kaf.com.met.Metrics] (Thread-630) Closing reporter org.apache.kafka.common.metrics.JmxReporter
2025-08-07 12:30:56,985 INFO  [org.apa.kaf.com.met.Metrics] (Thread-630) Closing reporter org.apache.kafka.common.telemetry.internals.ClientTelemetryReporter
2025-08-07 12:30:56,986 INFO  [org.apa.kaf.com.met.Metrics] (Thread-630) Metrics reporters closed
2025-08-07 12:30:56,988 INFO  [org.apa.kaf.com.uti.AppInfoParser] (Thread-630) App info kafka.consumer for consumer-Consumer-topic-2190d2fa_de1b_44e9_9a32_6589f6caa6a9-5 unregistered
2025-08-07 12:30:56,990 INFO  [io.api.tes.uti.TestSeparator] (main) io.apicurio.tests.serdes.apicurio.AvroSerdeIT.testRecordIdStrategydFindLatest-FINISHED
2025-08-07 12:30:56,990 INFO  [io.api.tes.uti.TestSeparator] (main) ############################################################################
Test passed: testRecordIdStrategydFindLatest
]]></system-out>
  </testcase>
  <testcase name="testReflectAutoRegister" classname="io.apicurio.tests.serdes.apicurio.AvroSerdeIT" time="4.371">
    <system-out><![CDATA[2025-08-07 12:30:56,994 INFO  [io.api.tes.uti.TestSeparator] (main) ############################################################################
2025-08-07 12:30:56,994 INFO  [io.api.tes.uti.TestSeparator] (main) io.apicurio.tests.serdes.apicurio.AvroSerdeIT.testReflectAutoRegister-STARTED
**** Registry Base URL: http://registry-app-ksql043.apps.ci419.apicurio-testing.org:80
2025-08-07 12:30:56,996 INFO  [org.apa.kaf.cli.pro.ProducerConfig] (main) ProducerConfig values: 
	acks = -1
	auto.include.jmx.reporter = true
	batch.size = 16384
	bootstrap.servers = [PLAINTEXT://localhost:32769]
	buffer.memory = 33554432
	client.dns.lookup = use_all_dns_ips
	client.id = Producer-topic-4adf55ac_f251_424f_ac43_957373195dce
	compression.gzip.level = -1
	compression.lz4.level = 9
	compression.type = none
	compression.zstd.level = 3
	connections.max.idle.ms = 10000
	delivery.timeout.ms = 120000
	enable.idempotence = true
	enable.metrics.push = true
	interceptor.classes = []
	key.serializer = class org.apache.kafka.common.serialization.StringSerializer
	linger.ms = 0
	max.block.ms = 60000
	max.in.flight.requests.per.connection = 5
	max.request.size = 1048576
	metadata.max.age.ms = 300000
	metadata.max.idle.ms = 300000
	metadata.recovery.strategy = none
	metric.reporters = []
	metrics.num.samples = 2
	metrics.recording.level = INFO
	metrics.sample.window.ms = 30000
	partitioner.adaptive.partitioning.enable = true
	partitioner.availability.timeout.ms = 0
	partitioner.class = null
	partitioner.ignore.keys = false
	receive.buffer.bytes = 32768
	reconnect.backoff.max.ms = 1000
	reconnect.backoff.ms = 50
	request.timeout.ms = 5000
	retries = 2147483647
	retry.backoff.max.ms = 1000
	retry.backoff.ms = 100
	sasl.client.callback.handler.class = null
	sasl.jaas.config = null
	sasl.kerberos.kinit.cmd = /usr/bin/kinit
	sasl.kerberos.min.time.before.relogin = 60000
	sasl.kerberos.service.name = null
	sasl.kerberos.ticket.renew.jitter = 0.05
	sasl.kerberos.ticket.renew.window.factor = 0.8
	sasl.login.callback.handler.class = null
	sasl.login.class = null
	sasl.login.connect.timeout.ms = null
	sasl.login.read.timeout.ms = null
	sasl.login.refresh.buffer.seconds = 300
	sasl.login.refresh.min.period.seconds = 60
	sasl.login.refresh.window.factor = 0.8
	sasl.login.refresh.window.jitter = 0.05
	sasl.login.retry.backoff.max.ms = 10000
	sasl.login.retry.backoff.ms = 100
	sasl.mechanism = GSSAPI
	sasl.oauthbearer.clock.skew.seconds = 30
	sasl.oauthbearer.expected.audience = null
	sasl.oauthbearer.expected.issuer = null
	sasl.oauthbearer.header.urlencode = false
	sasl.oauthbearer.jwks.endpoint.refresh.ms = 3600000
	sasl.oauthbearer.jwks.endpoint.retry.backoff.max.ms = 10000
	sasl.oauthbearer.jwks.endpoint.retry.backoff.ms = 100
	sasl.oauthbearer.jwks.endpoint.url = null
	sasl.oauthbearer.scope.claim.name = scope
	sasl.oauthbearer.sub.claim.name = sub
	sasl.oauthbearer.token.endpoint.url = null
	security.protocol = PLAINTEXT
	security.providers = null
	send.buffer.bytes = 131072
	socket.connection.setup.timeout.max.ms = 30000
	socket.connection.setup.timeout.ms = 10000
	ssl.cipher.suites = null
	ssl.enabled.protocols = [TLSv1.2, TLSv1.3]
	ssl.endpoint.identification.algorithm = https
	ssl.engine.factory.class = null
	ssl.key.password = null
	ssl.keymanager.algorithm = SunX509
	ssl.keystore.certificate.chain = null
	ssl.keystore.key = null
	ssl.keystore.location = null
	ssl.keystore.password = null
	ssl.keystore.type = JKS
	ssl.protocol = TLSv1.3
	ssl.provider = null
	ssl.secure.random.implementation = null
	ssl.trustmanager.algorithm = PKIX
	ssl.truststore.certificates = null
	ssl.truststore.location = null
	ssl.truststore.password = null
	ssl.truststore.type = JKS
	transaction.timeout.ms = 60000
	transactional.id = null
	value.serializer = class io.apicurio.registry.serde.avro.AvroKafkaSerializer

2025-08-07 12:30:56,996 INFO  [org.apa.kaf.com.tel.int.KafkaMetricsCollector] (main) initializing Kafka metrics collector
2025-08-07 12:30:57,006 INFO  [org.apa.kaf.cli.pro.KafkaProducer] (main) [Producer clientId=Producer-topic-4adf55ac_f251_424f_ac43_957373195dce] Instantiated an idempotent producer.
2025-08-07 12:30:57,008 INFO  [org.apa.kaf.cli.pro.ProducerConfig] (main) These configurations '[apicurio.registry.url, apicurio.registry.auto-register, apicurio.registry.artifact-resolver-strategy, apicurio.registry.avro-datum-provider]' were supplied but are not used yet.
2025-08-07 12:30:57,008 INFO  [org.apa.kaf.com.uti.AppInfoParser] (main) Kafka version: 3.9.1
2025-08-07 12:30:57,008 INFO  [org.apa.kaf.com.uti.AppInfoParser] (main) Kafka commitId: f745dfdcee2b9851
2025-08-07 12:30:57,008 INFO  [org.apa.kaf.com.uti.AppInfoParser] (main) Kafka startTimeMs: 1754569857008
2025-08-07 12:30:57,009 INFO  [io.api.tes.ser.api.SimpleSerdesTesterBuilder$SimpleSerdesTester] (main) Using producer configuration: {apicurio.registry.url=http://registry-app-ksql043.apps.ci419.apicurio-testing.org:80/apis/registry/v3, apicurio.registry.auto-register=true, apicurio.registry.artifact-resolver-strategy=io.apicurio.registry.serde.strategy.TopicIdStrategy, value.serializer=io.apicurio.registry.serde.avro.AvroKafkaSerializer, request.timeout.ms=5000, acks=all, bootstrap.servers=PLAINTEXT://localhost:32769, connections.max.idle.ms=10000, key.serializer=org.apache.kafka.common.serialization.StringSerializer, apicurio.registry.avro-datum-provider=io.apicurio.registry.serde.avro.ReflectAvroDatumProvider, client.id=Producer-topic-4adf55ac_f251_424f_ac43_957373195dce}
2025-08-07 12:30:57,009 INFO  [io.api.tes.ser.api.SimpleSerdesTesterBuilder$SimpleSerdesTester] (main) Using consumer configuration: {apicurio.registry.avro-datum-provider=io.apicurio.registry.serde.avro.ReflectAvroDatumProvider}
2025-08-07 12:30:57,011 INFO  [io.api.tes.ser.api.KafkaSerdesTester] (Thread-633) Sending message io.apicurio.tests.common.serdes.TestObject@3dbd29cb to topic topic-4adf55ac_f251_424f_ac43_957373195dce
2025-08-07 12:30:57,015 WARN  [org.apa.kaf.cli.NetworkClient] (kafka-producer-network-thread | Producer-topic-4adf55ac_f251_424f_ac43_957373195dce) [Producer clientId=Producer-topic-4adf55ac_f251_424f_ac43_957373195dce] The metadata response from the cluster reported a recoverable issue with correlation id 1 : {topic-4adf55ac_f251_424f_ac43_957373195dce=UNKNOWN_TOPIC_OR_PARTITION}
2025-08-07 12:30:57,015 INFO  [org.apa.kaf.cli.Metadata] (kafka-producer-network-thread | Producer-topic-4adf55ac_f251_424f_ac43_957373195dce) [Producer clientId=Producer-topic-4adf55ac_f251_424f_ac43_957373195dce] Cluster ID: wHHz-MW5SbujoYr4FCRV8g
2025-08-07 12:30:57,015 INFO  [org.apa.kaf.cli.pro.int.TransactionManager] (kafka-producer-network-thread | Producer-topic-4adf55ac_f251_424f_ac43_957373195dce) [Producer clientId=Producer-topic-4adf55ac_f251_424f_ac43_957373195dce] ProducerId set to 6 with epoch 0
2025-08-07 12:30:57,363 INFO  [io.api.tes.ser.api.KafkaSerdesTester] (Thread-633) Sending message io.apicurio.tests.common.serdes.TestObject@3dbd29cb to topic topic-4adf55ac_f251_424f_ac43_957373195dce
2025-08-07 12:30:57,367 INFO  [io.api.tes.ser.api.KafkaSerdesTester] (Thread-633) Sending message io.apicurio.tests.common.serdes.TestObject@3dbd29cb to topic topic-4adf55ac_f251_424f_ac43_957373195dce
2025-08-07 12:30:57,373 INFO  [io.api.tes.ser.api.KafkaSerdesTester] (Thread-633) Sending message io.apicurio.tests.common.serdes.TestObject@3dbd29cb to topic topic-4adf55ac_f251_424f_ac43_957373195dce
2025-08-07 12:30:57,378 INFO  [io.api.tes.ser.api.KafkaSerdesTester] (Thread-633) Sending message io.apicurio.tests.common.serdes.TestObject@3dbd29cb to topic topic-4adf55ac_f251_424f_ac43_957373195dce
2025-08-07 12:30:57,381 INFO  [io.api.tes.ser.api.KafkaSerdesTester] (Thread-633) Sending message io.apicurio.tests.common.serdes.TestObject@3dbd29cb to topic topic-4adf55ac_f251_424f_ac43_957373195dce
2025-08-07 12:30:57,383 INFO  [io.api.tes.ser.api.KafkaSerdesTester] (Thread-633) Sending message io.apicurio.tests.common.serdes.TestObject@3dbd29cb to topic topic-4adf55ac_f251_424f_ac43_957373195dce
2025-08-07 12:30:57,387 INFO  [io.api.tes.ser.api.KafkaSerdesTester] (Thread-633) Sending message io.apicurio.tests.common.serdes.TestObject@3dbd29cb to topic topic-4adf55ac_f251_424f_ac43_957373195dce
2025-08-07 12:30:57,390 INFO  [io.api.tes.ser.api.KafkaSerdesTester] (Thread-633) Sending message io.apicurio.tests.common.serdes.TestObject@3dbd29cb to topic topic-4adf55ac_f251_424f_ac43_957373195dce
2025-08-07 12:30:57,392 INFO  [io.api.tes.ser.api.KafkaSerdesTester] (Thread-633) Sending message io.apicurio.tests.common.serdes.TestObject@3dbd29cb to topic topic-4adf55ac_f251_424f_ac43_957373195dce
2025-08-07 12:30:57,395 INFO  [io.api.tes.ser.api.KafkaSerdesTester] (Thread-633) Produced 10 messages
2025-08-07 12:30:57,395 INFO  [org.apa.kaf.cli.pro.KafkaProducer] (Thread-633) [Producer clientId=Producer-topic-4adf55ac_f251_424f_ac43_957373195dce] Closing the Kafka producer with timeoutMillis = 9223372036854775807 ms.
2025-08-07 12:30:57,398 INFO  [org.apa.kaf.com.met.Metrics] (Thread-633) Metrics scheduler closed
2025-08-07 12:30:57,398 INFO  [org.apa.kaf.com.met.Metrics] (Thread-633) Closing reporter org.apache.kafka.common.metrics.JmxReporter
2025-08-07 12:30:57,398 INFO  [org.apa.kaf.com.met.Metrics] (Thread-633) Closing reporter org.apache.kafka.common.telemetry.internals.ClientTelemetryReporter
2025-08-07 12:30:57,398 INFO  [org.apa.kaf.com.met.Metrics] (Thread-633) Metrics reporters closed
2025-08-07 12:30:57,398 INFO  [org.apa.kaf.com.uti.AppInfoParser] (Thread-633) App info kafka.producer for Producer-topic-4adf55ac_f251_424f_ac43_957373195dce unregistered
**** Registry Base URL: http://registry-app-ksql043.apps.ci419.apicurio-testing.org:80
2025-08-07 12:30:57,558 INFO  [org.apa.kaf.cli.con.ConsumerConfig] (main) ConsumerConfig values: 
	allow.auto.create.topics = true
	auto.commit.interval.ms = 500
	auto.include.jmx.reporter = true
	auto.offset.reset = earliest
	bootstrap.servers = [PLAINTEXT://localhost:32769]
	check.crcs = true
	client.dns.lookup = use_all_dns_ips
	client.id = consumer-Consumer-topic-4adf55ac_f251_424f_ac43_957373195dce-6
	client.rack = 
	connections.max.idle.ms = 10000
	default.api.timeout.ms = 60000
	enable.auto.commit = true
	enable.metrics.push = true
	exclude.internal.topics = true
	fetch.max.bytes = 52428800
	fetch.max.wait.ms = 500
	fetch.min.bytes = 1
	group.id = Consumer-topic-4adf55ac_f251_424f_ac43_957373195dce
	group.instance.id = null
	group.protocol = classic
	group.remote.assignor = null
	heartbeat.interval.ms = 3000
	interceptor.classes = []
	internal.leave.group.on.close = true
	internal.throw.on.fetch.stable.offset.unsupported = false
	isolation.level = read_uncommitted
	key.deserializer = class org.apache.kafka.common.serialization.StringDeserializer
	max.partition.fetch.bytes = 1048576
	max.poll.interval.ms = 300000
	max.poll.records = 500
	metadata.max.age.ms = 300000
	metadata.recovery.strategy = none
	metric.reporters = []
	metrics.num.samples = 2
	metrics.recording.level = INFO
	metrics.sample.window.ms = 30000
	partition.assignment.strategy = [class org.apache.kafka.clients.consumer.RangeAssignor, class org.apache.kafka.clients.consumer.CooperativeStickyAssignor]
	receive.buffer.bytes = 65536
	reconnect.backoff.max.ms = 1000
	reconnect.backoff.ms = 50
	request.timeout.ms = 5000
	retry.backoff.max.ms = 1000
	retry.backoff.ms = 100
	sasl.client.callback.handler.class = null
	sasl.jaas.config = null
	sasl.kerberos.kinit.cmd = /usr/bin/kinit
	sasl.kerberos.min.time.before.relogin = 60000
	sasl.kerberos.service.name = null
	sasl.kerberos.ticket.renew.jitter = 0.05
	sasl.kerberos.ticket.renew.window.factor = 0.8
	sasl.login.callback.handler.class = null
	sasl.login.class = null
	sasl.login.connect.timeout.ms = null
	sasl.login.read.timeout.ms = null
	sasl.login.refresh.buffer.seconds = 300
	sasl.login.refresh.min.period.seconds = 60
	sasl.login.refresh.window.factor = 0.8
	sasl.login.refresh.window.jitter = 0.05
	sasl.login.retry.backoff.max.ms = 10000
	sasl.login.retry.backoff.ms = 100
	sasl.mechanism = GSSAPI
	sasl.oauthbearer.clock.skew.seconds = 30
	sasl.oauthbearer.expected.audience = null
	sasl.oauthbearer.expected.issuer = null
	sasl.oauthbearer.header.urlencode = false
	sasl.oauthbearer.jwks.endpoint.refresh.ms = 3600000
	sasl.oauthbearer.jwks.endpoint.retry.backoff.max.ms = 10000
	sasl.oauthbearer.jwks.endpoint.retry.backoff.ms = 100
	sasl.oauthbearer.jwks.endpoint.url = null
	sasl.oauthbearer.scope.claim.name = scope
	sasl.oauthbearer.sub.claim.name = sub
	sasl.oauthbearer.token.endpoint.url = null
	security.protocol = PLAINTEXT
	security.providers = null
	send.buffer.bytes = 131072
	session.timeout.ms = 45000
	socket.connection.setup.timeout.max.ms = 30000
	socket.connection.setup.timeout.ms = 10000
	ssl.cipher.suites = null
	ssl.enabled.protocols = [TLSv1.2, TLSv1.3]
	ssl.endpoint.identification.algorithm = https
	ssl.engine.factory.class = null
	ssl.key.password = null
	ssl.keymanager.algorithm = SunX509
	ssl.keystore.certificate.chain = null
	ssl.keystore.key = null
	ssl.keystore.location = null
	ssl.keystore.password = null
	ssl.keystore.type = JKS
	ssl.protocol = TLSv1.3
	ssl.provider = null
	ssl.secure.random.implementation = null
	ssl.trustmanager.algorithm = PKIX
	ssl.truststore.certificates = null
	ssl.truststore.location = null
	ssl.truststore.password = null
	ssl.truststore.type = JKS
	value.deserializer = class io.apicurio.registry.serde.avro.AvroKafkaDeserializer

2025-08-07 12:30:57,559 INFO  [org.apa.kaf.com.tel.int.KafkaMetricsCollector] (main) initializing Kafka metrics collector
2025-08-07 12:30:57,565 INFO  [org.apa.kaf.cli.con.ConsumerConfig] (main) These configurations '[apicurio.registry.url, apicurio.registry.avro-datum-provider]' were supplied but are not used yet.
2025-08-07 12:30:57,565 INFO  [org.apa.kaf.com.uti.AppInfoParser] (main) Kafka version: 3.9.1
2025-08-07 12:30:57,565 INFO  [org.apa.kaf.com.uti.AppInfoParser] (main) Kafka commitId: f745dfdcee2b9851
2025-08-07 12:30:57,565 INFO  [org.apa.kaf.com.uti.AppInfoParser] (main) Kafka startTimeMs: 1754569857565
2025-08-07 12:30:57,565 INFO  [org.apa.kaf.cli.con.int.ClassicKafkaConsumer] (Thread-636) [Consumer clientId=consumer-Consumer-topic-4adf55ac_f251_424f_ac43_957373195dce-6, groupId=Consumer-topic-4adf55ac_f251_424f_ac43_957373195dce] Subscribed to topic(s): topic-4adf55ac_f251_424f_ac43_957373195dce
2025-08-07 12:30:57,576 INFO  [org.apa.kaf.cli.Metadata] (Thread-636) [Consumer clientId=consumer-Consumer-topic-4adf55ac_f251_424f_ac43_957373195dce-6, groupId=Consumer-topic-4adf55ac_f251_424f_ac43_957373195dce] Cluster ID: wHHz-MW5SbujoYr4FCRV8g
2025-08-07 12:30:57,577 INFO  [org.apa.kaf.cli.con.int.ConsumerCoordinator] (Thread-636) [Consumer clientId=consumer-Consumer-topic-4adf55ac_f251_424f_ac43_957373195dce-6, groupId=Consumer-topic-4adf55ac_f251_424f_ac43_957373195dce] Discovered group coordinator localhost:32769 (id: 2147483647 rack: null)
2025-08-07 12:30:57,579 INFO  [org.apa.kaf.cli.con.int.ConsumerCoordinator] (Thread-636) [Consumer clientId=consumer-Consumer-topic-4adf55ac_f251_424f_ac43_957373195dce-6, groupId=Consumer-topic-4adf55ac_f251_424f_ac43_957373195dce] (Re-)joining group
2025-08-07 12:30:57,582 INFO  [org.apa.kaf.cli.con.int.ConsumerCoordinator] (Thread-636) [Consumer clientId=consumer-Consumer-topic-4adf55ac_f251_424f_ac43_957373195dce-6, groupId=Consumer-topic-4adf55ac_f251_424f_ac43_957373195dce] Request joining group due to: need to re-join with the given member-id: consumer-Consumer-topic-4adf55ac_f251_424f_ac43_957373195dce-6-1f35f281-d001-439a-a59e-be6c0baaebce
2025-08-07 12:30:57,582 INFO  [org.apa.kaf.cli.con.int.ConsumerCoordinator] (Thread-636) [Consumer clientId=consumer-Consumer-topic-4adf55ac_f251_424f_ac43_957373195dce-6, groupId=Consumer-topic-4adf55ac_f251_424f_ac43_957373195dce] (Re-)joining group
2025-08-07 12:30:58,566 INFO  [io.api.tes.ser.api.KafkaSerdesTester] (Thread-636) None found
2025-08-07 12:30:59,566 INFO  [io.api.tes.ser.api.KafkaSerdesTester] (Thread-636) None found
2025-08-07 12:31:00,567 INFO  [io.api.tes.ser.api.KafkaSerdesTester] (Thread-636) None found
2025-08-07 12:31:00,585 INFO  [org.apa.kaf.cli.con.int.ConsumerCoordinator] (Thread-636) [Consumer clientId=consumer-Consumer-topic-4adf55ac_f251_424f_ac43_957373195dce-6, groupId=Consumer-topic-4adf55ac_f251_424f_ac43_957373195dce] Successfully joined group with generation Generation{generationId=1, memberId='consumer-Consumer-topic-4adf55ac_f251_424f_ac43_957373195dce-6-1f35f281-d001-439a-a59e-be6c0baaebce', protocol='range'}
2025-08-07 12:31:00,586 INFO  [org.apa.kaf.cli.con.int.ConsumerCoordinator] (Thread-636) [Consumer clientId=consumer-Consumer-topic-4adf55ac_f251_424f_ac43_957373195dce-6, groupId=Consumer-topic-4adf55ac_f251_424f_ac43_957373195dce] Finished assignment for group at generation 1: {consumer-Consumer-topic-4adf55ac_f251_424f_ac43_957373195dce-6-1f35f281-d001-439a-a59e-be6c0baaebce=Assignment(partitions=[topic-4adf55ac_f251_424f_ac43_957373195dce-0])}
2025-08-07 12:31:00,593 INFO  [org.apa.kaf.cli.con.int.ConsumerCoordinator] (Thread-636) [Consumer clientId=consumer-Consumer-topic-4adf55ac_f251_424f_ac43_957373195dce-6, groupId=Consumer-topic-4adf55ac_f251_424f_ac43_957373195dce] Successfully synced group in generation Generation{generationId=1, memberId='consumer-Consumer-topic-4adf55ac_f251_424f_ac43_957373195dce-6-1f35f281-d001-439a-a59e-be6c0baaebce', protocol='range'}
2025-08-07 12:31:00,593 INFO  [org.apa.kaf.cli.con.int.ConsumerCoordinator] (Thread-636) [Consumer clientId=consumer-Consumer-topic-4adf55ac_f251_424f_ac43_957373195dce-6, groupId=Consumer-topic-4adf55ac_f251_424f_ac43_957373195dce] Notifying assignor about the new Assignment(partitions=[topic-4adf55ac_f251_424f_ac43_957373195dce-0])
2025-08-07 12:31:00,593 INFO  [org.apa.kaf.cli.con.int.ConsumerRebalanceListenerInvoker] (Thread-636) [Consumer clientId=consumer-Consumer-topic-4adf55ac_f251_424f_ac43_957373195dce-6, groupId=Consumer-topic-4adf55ac_f251_424f_ac43_957373195dce] Adding newly assigned partitions: topic-4adf55ac_f251_424f_ac43_957373195dce-0
2025-08-07 12:31:00,594 INFO  [org.apa.kaf.cli.con.int.ConsumerCoordinator] (Thread-636) [Consumer clientId=consumer-Consumer-topic-4adf55ac_f251_424f_ac43_957373195dce-6, groupId=Consumer-topic-4adf55ac_f251_424f_ac43_957373195dce] Found no committed offset for partition topic-4adf55ac_f251_424f_ac43_957373195dce-0
2025-08-07 12:31:00,599 INFO  [org.apa.kaf.cli.con.int.SubscriptionState] (Thread-636) [Consumer clientId=consumer-Consumer-topic-4adf55ac_f251_424f_ac43_957373195dce-6, groupId=Consumer-topic-4adf55ac_f251_424f_ac43_957373195dce] Resetting offset for partition topic-4adf55ac_f251_424f_ac43_957373195dce-0 to position FetchPosition{offset=0, offsetEpoch=Optional.empty, currentLeader=LeaderAndEpoch{leader=Optional[localhost:32769 (id: 0 rack: null)], epoch=0}}.
2025-08-07 12:31:00,855 INFO  [io.api.tes.ser.api.KafkaSerdesTester] (Thread-636) topic-4adf55ac_f251_424f_ac43_957373195dce 0 0 io.apicurio.tests.common.serdes.TestObject@3dbd29cb
2025-08-07 12:31:00,855 INFO  [io.api.tes.ser.api.KafkaSerdesTester] (Thread-636) topic-4adf55ac_f251_424f_ac43_957373195dce 0 1 io.apicurio.tests.common.serdes.TestObject@3dbd29cb
2025-08-07 12:31:00,855 INFO  [io.api.tes.ser.api.KafkaSerdesTester] (Thread-636) topic-4adf55ac_f251_424f_ac43_957373195dce 0 2 io.apicurio.tests.common.serdes.TestObject@3dbd29cb
2025-08-07 12:31:00,855 INFO  [io.api.tes.ser.api.KafkaSerdesTester] (Thread-636) topic-4adf55ac_f251_424f_ac43_957373195dce 0 3 io.apicurio.tests.common.serdes.TestObject@3dbd29cb
2025-08-07 12:31:00,855 INFO  [io.api.tes.ser.api.KafkaSerdesTester] (Thread-636) topic-4adf55ac_f251_424f_ac43_957373195dce 0 4 io.apicurio.tests.common.serdes.TestObject@3dbd29cb
2025-08-07 12:31:00,855 INFO  [io.api.tes.ser.api.KafkaSerdesTester] (Thread-636) topic-4adf55ac_f251_424f_ac43_957373195dce 0 5 io.apicurio.tests.common.serdes.TestObject@3dbd29cb
2025-08-07 12:31:00,855 INFO  [io.api.tes.ser.api.KafkaSerdesTester] (Thread-636) topic-4adf55ac_f251_424f_ac43_957373195dce 0 6 io.apicurio.tests.common.serdes.TestObject@3dbd29cb
2025-08-07 12:31:00,855 INFO  [io.api.tes.ser.api.KafkaSerdesTester] (Thread-636) topic-4adf55ac_f251_424f_ac43_957373195dce 0 7 io.apicurio.tests.common.serdes.TestObject@3dbd29cb
2025-08-07 12:31:00,855 INFO  [io.api.tes.ser.api.KafkaSerdesTester] (Thread-636) topic-4adf55ac_f251_424f_ac43_957373195dce 0 8 io.apicurio.tests.common.serdes.TestObject@3dbd29cb
2025-08-07 12:31:00,855 INFO  [io.api.tes.ser.api.KafkaSerdesTester] (Thread-636) topic-4adf55ac_f251_424f_ac43_957373195dce 0 9 io.apicurio.tests.common.serdes.TestObject@3dbd29cb
2025-08-07 12:31:00,855 INFO  [io.api.tes.ser.api.KafkaSerdesTester] (Thread-636) Consumed 10 messages
2025-08-07 12:31:00,863 INFO  [org.apa.kaf.cli.con.int.ConsumerRebalanceListenerInvoker] (Thread-636) [Consumer clientId=consumer-Consumer-topic-4adf55ac_f251_424f_ac43_957373195dce-6, groupId=Consumer-topic-4adf55ac_f251_424f_ac43_957373195dce] Revoke previously assigned partitions topic-4adf55ac_f251_424f_ac43_957373195dce-0
2025-08-07 12:31:00,863 INFO  [org.apa.kaf.cli.con.int.ConsumerCoordinator] (Thread-636) [Consumer clientId=consumer-Consumer-topic-4adf55ac_f251_424f_ac43_957373195dce-6, groupId=Consumer-topic-4adf55ac_f251_424f_ac43_957373195dce] Member consumer-Consumer-topic-4adf55ac_f251_424f_ac43_957373195dce-6-1f35f281-d001-439a-a59e-be6c0baaebce sending LeaveGroup request to coordinator localhost:32769 (id: 2147483647 rack: null) due to the consumer is being closed
2025-08-07 12:31:00,863 INFO  [org.apa.kaf.cli.con.int.ConsumerCoordinator] (Thread-636) [Consumer clientId=consumer-Consumer-topic-4adf55ac_f251_424f_ac43_957373195dce-6, groupId=Consumer-topic-4adf55ac_f251_424f_ac43_957373195dce] Resetting generation and member id due to: consumer pro-actively leaving the group
2025-08-07 12:31:00,863 INFO  [org.apa.kaf.cli.con.int.ConsumerCoordinator] (Thread-636) [Consumer clientId=consumer-Consumer-topic-4adf55ac_f251_424f_ac43_957373195dce-6, groupId=Consumer-topic-4adf55ac_f251_424f_ac43_957373195dce] Request joining group due to: consumer pro-actively leaving the group
2025-08-07 12:31:01,358 INFO  [org.apa.kaf.com.met.Metrics] (Thread-636) Metrics scheduler closed
2025-08-07 12:31:01,358 INFO  [org.apa.kaf.com.met.Metrics] (Thread-636) Closing reporter org.apache.kafka.common.metrics.JmxReporter
2025-08-07 12:31:01,358 INFO  [org.apa.kaf.com.met.Metrics] (Thread-636) Closing reporter org.apache.kafka.common.telemetry.internals.ClientTelemetryReporter
2025-08-07 12:31:01,358 INFO  [org.apa.kaf.com.met.Metrics] (Thread-636) Metrics reporters closed
2025-08-07 12:31:01,360 INFO  [org.apa.kaf.com.uti.AppInfoParser] (Thread-636) App info kafka.consumer for consumer-Consumer-topic-4adf55ac_f251_424f_ac43_957373195dce-6 unregistered
2025-08-07 12:31:01,361 INFO  [io.api.tes.uti.TestSeparator] (main) io.apicurio.tests.serdes.apicurio.AvroSerdeIT.testReflectAutoRegister-FINISHED
2025-08-07 12:31:01,361 INFO  [io.api.tes.uti.TestSeparator] (main) ############################################################################
Test passed: testReflectAutoRegister
]]></system-out>
  </testcase>
  <testcase name="testArtifactNotFound" classname="io.apicurio.tests.serdes.apicurio.AvroSerdeIT" time="0.418">
    <system-out><![CDATA[2025-08-07 12:31:01,365 INFO  [io.api.tes.uti.TestSeparator] (main) ############################################################################
2025-08-07 12:31:01,365 INFO  [io.api.tes.uti.TestSeparator] (main) io.apicurio.tests.serdes.apicurio.AvroSerdeIT.testArtifactNotFound-STARTED
**** Registry Base URL: http://registry-app-ksql043.apps.ci419.apicurio-testing.org:80
2025-08-07 12:31:01,366 INFO  [org.apa.kaf.cli.pro.ProducerConfig] (main) ProducerConfig values: 
	acks = -1
	auto.include.jmx.reporter = true
	batch.size = 16384
	bootstrap.servers = [PLAINTEXT://localhost:32769]
	buffer.memory = 33554432
	client.dns.lookup = use_all_dns_ips
	client.id = Producer-s463f8bd1x7a0bx4ae6x809fx7ac57953df13
	compression.gzip.level = -1
	compression.lz4.level = 9
	compression.type = none
	compression.zstd.level = 3
	connections.max.idle.ms = 10000
	delivery.timeout.ms = 120000
	enable.idempotence = true
	enable.metrics.push = true
	interceptor.classes = []
	key.serializer = class org.apache.kafka.common.serialization.StringSerializer
	linger.ms = 0
	max.block.ms = 60000
	max.in.flight.requests.per.connection = 5
	max.request.size = 1048576
	metadata.max.age.ms = 300000
	metadata.max.idle.ms = 300000
	metadata.recovery.strategy = none
	metric.reporters = []
	metrics.num.samples = 2
	metrics.recording.level = INFO
	metrics.sample.window.ms = 30000
	partitioner.adaptive.partitioning.enable = true
	partitioner.availability.timeout.ms = 0
	partitioner.class = null
	partitioner.ignore.keys = false
	receive.buffer.bytes = 32768
	reconnect.backoff.max.ms = 1000
	reconnect.backoff.ms = 50
	request.timeout.ms = 5000
	retries = 2147483647
	retry.backoff.max.ms = 1000
	retry.backoff.ms = 100
	sasl.client.callback.handler.class = null
	sasl.jaas.config = null
	sasl.kerberos.kinit.cmd = /usr/bin/kinit
	sasl.kerberos.min.time.before.relogin = 60000
	sasl.kerberos.service.name = null
	sasl.kerberos.ticket.renew.jitter = 0.05
	sasl.kerberos.ticket.renew.window.factor = 0.8
	sasl.login.callback.handler.class = null
	sasl.login.class = null
	sasl.login.connect.timeout.ms = null
	sasl.login.read.timeout.ms = null
	sasl.login.refresh.buffer.seconds = 300
	sasl.login.refresh.min.period.seconds = 60
	sasl.login.refresh.window.factor = 0.8
	sasl.login.refresh.window.jitter = 0.05
	sasl.login.retry.backoff.max.ms = 10000
	sasl.login.retry.backoff.ms = 100
	sasl.mechanism = GSSAPI
	sasl.oauthbearer.clock.skew.seconds = 30
	sasl.oauthbearer.expected.audience = null
	sasl.oauthbearer.expected.issuer = null
	sasl.oauthbearer.header.urlencode = false
	sasl.oauthbearer.jwks.endpoint.refresh.ms = 3600000
	sasl.oauthbearer.jwks.endpoint.retry.backoff.max.ms = 10000
	sasl.oauthbearer.jwks.endpoint.retry.backoff.ms = 100
	sasl.oauthbearer.jwks.endpoint.url = null
	sasl.oauthbearer.scope.claim.name = scope
	sasl.oauthbearer.sub.claim.name = sub
	sasl.oauthbearer.token.endpoint.url = null
	security.protocol = PLAINTEXT
	security.providers = null
	send.buffer.bytes = 131072
	socket.connection.setup.timeout.max.ms = 30000
	socket.connection.setup.timeout.ms = 10000
	ssl.cipher.suites = null
	ssl.enabled.protocols = [TLSv1.2, TLSv1.3]
	ssl.endpoint.identification.algorithm = https
	ssl.engine.factory.class = null
	ssl.key.password = null
	ssl.keymanager.algorithm = SunX509
	ssl.keystore.certificate.chain = null
	ssl.keystore.key = null
	ssl.keystore.location = null
	ssl.keystore.password = null
	ssl.keystore.type = JKS
	ssl.protocol = TLSv1.3
	ssl.provider = null
	ssl.secure.random.implementation = null
	ssl.trustmanager.algorithm = PKIX
	ssl.truststore.certificates = null
	ssl.truststore.location = null
	ssl.truststore.password = null
	ssl.truststore.type = JKS
	transaction.timeout.ms = 60000
	transactional.id = null
	value.serializer = class io.apicurio.registry.serde.avro.AvroKafkaSerializer

2025-08-07 12:31:01,367 INFO  [org.apa.kaf.com.tel.int.KafkaMetricsCollector] (main) initializing Kafka metrics collector
2025-08-07 12:31:01,375 INFO  [org.apa.kaf.cli.pro.KafkaProducer] (main) [Producer clientId=Producer-s463f8bd1x7a0bx4ae6x809fx7ac57953df13] Instantiated an idempotent producer.
2025-08-07 12:31:01,387 INFO  [org.apa.kaf.cli.pro.ProducerConfig] (main) These configurations '[apicurio.registry.url, apicurio.registry.artifact-resolver-strategy]' were supplied but are not used yet.
2025-08-07 12:31:01,387 INFO  [org.apa.kaf.com.uti.AppInfoParser] (main) Kafka version: 3.9.1
2025-08-07 12:31:01,387 INFO  [org.apa.kaf.com.uti.AppInfoParser] (main) Kafka commitId: f745dfdcee2b9851
2025-08-07 12:31:01,387 INFO  [org.apa.kaf.com.uti.AppInfoParser] (main) Kafka startTimeMs: 1754569861387
2025-08-07 12:31:01,392 INFO  [io.api.tes.ser.api.KafkaSerdesTester] (Thread-639) Sending message {"keyB": "value-0"} to topic s463f8bd1x7a0bx4ae6x809fx7ac57953df13
2025-08-07 12:31:01,395 WARN  [org.apa.kaf.cli.NetworkClient] (kafka-producer-network-thread | Producer-s463f8bd1x7a0bx4ae6x809fx7ac57953df13) [Producer clientId=Producer-s463f8bd1x7a0bx4ae6x809fx7ac57953df13] The metadata response from the cluster reported a recoverable issue with correlation id 1 : {s463f8bd1x7a0bx4ae6x809fx7ac57953df13=UNKNOWN_TOPIC_OR_PARTITION}
2025-08-07 12:31:01,395 INFO  [org.apa.kaf.cli.Metadata] (kafka-producer-network-thread | Producer-s463f8bd1x7a0bx4ae6x809fx7ac57953df13) [Producer clientId=Producer-s463f8bd1x7a0bx4ae6x809fx7ac57953df13] Cluster ID: wHHz-MW5SbujoYr4FCRV8g
2025-08-07 12:31:01,398 INFO  [org.apa.kaf.cli.pro.int.TransactionManager] (kafka-producer-network-thread | Producer-s463f8bd1x7a0bx4ae6x809fx7ac57953df13) [Producer clientId=Producer-s463f8bd1x7a0bx4ae6x809fx7ac57953df13] ProducerId set to 7 with epoch 0
2025-08-07 12:31:01,513 INFO  [DefaultSchemaResolver] (Thread-639) Retrieving schema content using string: {"type":"record","name":"myrecord","namespace":"mygroup","fields":[{"name":"keyB","type":"string"}]}
2025-08-07 12:31:01,772 INFO  [org.apa.kaf.cli.pro.KafkaProducer] (Thread-639) [Producer clientId=Producer-s463f8bd1x7a0bx4ae6x809fx7ac57953df13] Closing the Kafka producer with timeoutMillis = 9223372036854775807 ms.
2025-08-07 12:31:01,776 INFO  [org.apa.kaf.com.met.Metrics] (Thread-639) Metrics scheduler closed
2025-08-07 12:31:01,776 INFO  [org.apa.kaf.com.met.Metrics] (Thread-639) Closing reporter org.apache.kafka.common.metrics.JmxReporter
2025-08-07 12:31:01,776 INFO  [org.apa.kaf.com.met.Metrics] (Thread-639) Closing reporter org.apache.kafka.common.telemetry.internals.ClientTelemetryReporter
2025-08-07 12:31:01,776 INFO  [org.apa.kaf.com.met.Metrics] (Thread-639) Metrics reporters closed
2025-08-07 12:31:01,776 INFO  [org.apa.kaf.com.uti.AppInfoParser] (Thread-639) App info kafka.producer for Producer-s463f8bd1x7a0bx4ae6x809fx7ac57953df13 unregistered
2025-08-07 12:31:01,779 INFO  [io.api.tes.uti.TestSeparator] (main) io.apicurio.tests.serdes.apicurio.AvroSerdeIT.testArtifactNotFound-FINISHED
2025-08-07 12:31:01,779 INFO  [io.api.tes.uti.TestSeparator] (main) ############################################################################
Test passed: testArtifactNotFound
]]></system-out>
    <system-err><![CDATA[java.lang.RuntimeException: Could not resolve artifact reference by content: {"type":"record","name":"myrecord","namespace":"mygroup","fields":[{"name":"keyB","type":"string"}]}&ArtifactReference [groupId=default, artifactId=s463f8bd1x7a0bx4ae6x809fx7ac57953df13-value, version=null, globalId=null, contentId=null, contentHash=null]
	at io.apicurio.registry.resolver.DefaultSchemaResolver.lambda$handleResolveSchemaByContent$3(DefaultSchemaResolver.java:265)
	at io.apicurio.registry.resolver.cache.ERCache.lambda$getValue$0(ERCache.java:174)
	at io.apicurio.registry.resolver.cache.ERCache.retry(ERCache.java:227)
	at io.apicurio.registry.resolver.cache.ERCache.getValue(ERCache.java:173)
	at io.apicurio.registry.resolver.cache.ERCache.getByContent(ERCache.java:147)
	at io.apicurio.registry.resolver.DefaultSchemaResolver.handleResolveSchemaByContent(DefaultSchemaResolver.java:253)
	at io.apicurio.registry.resolver.DefaultSchemaResolver.getSchemaFromRegistry(DefaultSchemaResolver.java:138)
	at io.apicurio.registry.resolver.DefaultSchemaResolver.lambda$resolveSchema$0(DefaultSchemaResolver.java:84)
	at java.base/java.util.Optional.orElseGet(Optional.java:364)
	at io.apicurio.registry.resolver.DefaultSchemaResolver.resolveSchema(DefaultSchemaResolver.java:84)
	at io.apicurio.registry.serde.AbstractSerializer.serializeData(AbstractSerializer.java:62)
	at io.apicurio.registry.serde.KafkaSerializer.serialize(KafkaSerializer.java:77)
	at org.apache.kafka.clients.producer.KafkaProducer.doSend(KafkaProducer.java:1046)
	at org.apache.kafka.clients.producer.KafkaProducer.send(KafkaProducer.java:993)
	at org.apache.kafka.clients.producer.KafkaProducer.send(KafkaProducer.java:875)
	at io.apicurio.tests.serdes.apicurio.KafkaSerdesTester.lambda$produceMessages$3(KafkaSerdesTester.java:138)
	at java.base/java.util.concurrent.CompletableFuture$AsyncSupply.run(CompletableFuture.java:1768)
	at java.base/java.lang.Thread.run(Thread.java:840)
]]></system-err>
  </testcase>
  <testcase name="testAvroSerDesFailDifferentSchemaByRecordName" classname="io.apicurio.tests.serdes.apicurio.AvroSerdeIT" time="1.4">
    <system-out><![CDATA[2025-08-07 12:31:01,783 INFO  [io.api.tes.uti.TestSeparator] (main) ############################################################################
2025-08-07 12:31:01,783 INFO  [io.api.tes.uti.TestSeparator] (main) io.apicurio.tests.serdes.apicurio.AvroSerdeIT.testAvroSerDesFailDifferentSchemaByRecordName-STARTED
**** Registry Base URL: http://registry-app-ksql043.apps.ci419.apicurio-testing.org:80
2025-08-07 12:31:02,996 INFO  [org.apa.kaf.cli.pro.ProducerConfig] (main) ProducerConfig values: 
	acks = -1
	auto.include.jmx.reporter = true
	batch.size = 16384
	bootstrap.servers = [PLAINTEXT://localhost:32769]
	buffer.memory = 33554432
	client.dns.lookup = use_all_dns_ips
	client.id = Producer-topic-72543e1d_1161_4ec9_9261_59c8430e0a92
	compression.gzip.level = -1
	compression.lz4.level = 9
	compression.type = none
	compression.zstd.level = 3
	connections.max.idle.ms = 10000
	delivery.timeout.ms = 120000
	enable.idempotence = true
	enable.metrics.push = true
	interceptor.classes = []
	key.serializer = class org.apache.kafka.common.serialization.StringSerializer
	linger.ms = 0
	max.block.ms = 60000
	max.in.flight.requests.per.connection = 5
	max.request.size = 1048576
	metadata.max.age.ms = 300000
	metadata.max.idle.ms = 300000
	metadata.recovery.strategy = none
	metric.reporters = []
	metrics.num.samples = 2
	metrics.recording.level = INFO
	metrics.sample.window.ms = 30000
	partitioner.adaptive.partitioning.enable = true
	partitioner.availability.timeout.ms = 0
	partitioner.class = null
	partitioner.ignore.keys = false
	receive.buffer.bytes = 32768
	reconnect.backoff.max.ms = 1000
	reconnect.backoff.ms = 50
	request.timeout.ms = 5000
	retries = 2147483647
	retry.backoff.max.ms = 1000
	retry.backoff.ms = 100
	sasl.client.callback.handler.class = null
	sasl.jaas.config = null
	sasl.kerberos.kinit.cmd = /usr/bin/kinit
	sasl.kerberos.min.time.before.relogin = 60000
	sasl.kerberos.service.name = null
	sasl.kerberos.ticket.renew.jitter = 0.05
	sasl.kerberos.ticket.renew.window.factor = 0.8
	sasl.login.callback.handler.class = null
	sasl.login.class = null
	sasl.login.connect.timeout.ms = null
	sasl.login.read.timeout.ms = null
	sasl.login.refresh.buffer.seconds = 300
	sasl.login.refresh.min.period.seconds = 60
	sasl.login.refresh.window.factor = 0.8
	sasl.login.refresh.window.jitter = 0.05
	sasl.login.retry.backoff.max.ms = 10000
	sasl.login.retry.backoff.ms = 100
	sasl.mechanism = GSSAPI
	sasl.oauthbearer.clock.skew.seconds = 30
	sasl.oauthbearer.expected.audience = null
	sasl.oauthbearer.expected.issuer = null
	sasl.oauthbearer.header.urlencode = false
	sasl.oauthbearer.jwks.endpoint.refresh.ms = 3600000
	sasl.oauthbearer.jwks.endpoint.retry.backoff.max.ms = 10000
	sasl.oauthbearer.jwks.endpoint.retry.backoff.ms = 100
	sasl.oauthbearer.jwks.endpoint.url = null
	sasl.oauthbearer.scope.claim.name = scope
	sasl.oauthbearer.sub.claim.name = sub
	sasl.oauthbearer.token.endpoint.url = null
	security.protocol = PLAINTEXT
	security.providers = null
	send.buffer.bytes = 131072
	socket.connection.setup.timeout.max.ms = 30000
	socket.connection.setup.timeout.ms = 10000
	ssl.cipher.suites = null
	ssl.enabled.protocols = [TLSv1.2, TLSv1.3]
	ssl.endpoint.identification.algorithm = https
	ssl.engine.factory.class = null
	ssl.key.password = null
	ssl.keymanager.algorithm = SunX509
	ssl.keystore.certificate.chain = null
	ssl.keystore.key = null
	ssl.keystore.location = null
	ssl.keystore.password = null
	ssl.keystore.type = JKS
	ssl.protocol = TLSv1.3
	ssl.provider = null
	ssl.secure.random.implementation = null
	ssl.trustmanager.algorithm = PKIX
	ssl.truststore.certificates = null
	ssl.truststore.location = null
	ssl.truststore.password = null
	ssl.truststore.type = JKS
	transaction.timeout.ms = 60000
	transactional.id = null
	value.serializer = class io.apicurio.registry.serde.avro.AvroKafkaSerializer

2025-08-07 12:31:02,997 INFO  [org.apa.kaf.com.tel.int.KafkaMetricsCollector] (main) initializing Kafka metrics collector
2025-08-07 12:31:03,004 INFO  [org.apa.kaf.cli.pro.KafkaProducer] (main) [Producer clientId=Producer-topic-72543e1d_1161_4ec9_9261_59c8430e0a92] Instantiated an idempotent producer.
2025-08-07 12:31:03,008 INFO  [org.apa.kaf.cli.pro.ProducerConfig] (main) These configurations '[apicurio.registry.find-latest, apicurio.registry.url, apicurio.registry.artifact-resolver-strategy]' were supplied but are not used yet.
2025-08-07 12:31:03,008 INFO  [org.apa.kaf.com.uti.AppInfoParser] (main) Kafka version: 3.9.1
2025-08-07 12:31:03,008 INFO  [org.apa.kaf.com.uti.AppInfoParser] (main) Kafka commitId: f745dfdcee2b9851
2025-08-07 12:31:03,008 INFO  [org.apa.kaf.com.uti.AppInfoParser] (main) Kafka startTimeMs: 1754569863008
2025-08-07 12:31:03,009 INFO  [io.api.tes.ser.api.KafkaSerdesTester] (Thread-642) Sending message {"keyB": "value-0"} to topic topic-72543e1d_1161_4ec9_9261_59c8430e0a92
2025-08-07 12:31:03,013 INFO  [org.apa.kaf.cli.Metadata] (kafka-producer-network-thread | Producer-topic-72543e1d_1161_4ec9_9261_59c8430e0a92) [Producer clientId=Producer-topic-72543e1d_1161_4ec9_9261_59c8430e0a92] Cluster ID: wHHz-MW5SbujoYr4FCRV8g
2025-08-07 12:31:03,015 INFO  [org.apa.kaf.cli.pro.int.TransactionManager] (kafka-producer-network-thread | Producer-topic-72543e1d_1161_4ec9_9261_59c8430e0a92) [Producer clientId=Producer-topic-72543e1d_1161_4ec9_9261_59c8430e0a92] ProducerId set to 8 with epoch 0
2025-08-07 12:31:03,179 INFO  [org.apa.kaf.cli.pro.KafkaProducer] (Thread-642) [Producer clientId=Producer-topic-72543e1d_1161_4ec9_9261_59c8430e0a92] Closing the Kafka producer with timeoutMillis = 9223372036854775807 ms.
2025-08-07 12:31:03,181 INFO  [org.apa.kaf.com.met.Metrics] (Thread-642) Metrics scheduler closed
2025-08-07 12:31:03,181 INFO  [org.apa.kaf.com.met.Metrics] (Thread-642) Closing reporter org.apache.kafka.common.metrics.JmxReporter
2025-08-07 12:31:03,181 INFO  [org.apa.kaf.com.met.Metrics] (Thread-642) Closing reporter org.apache.kafka.common.telemetry.internals.ClientTelemetryReporter
2025-08-07 12:31:03,181 INFO  [org.apa.kaf.com.met.Metrics] (Thread-642) Metrics reporters closed
2025-08-07 12:31:03,181 INFO  [org.apa.kaf.com.uti.AppInfoParser] (Thread-642) App info kafka.producer for Producer-topic-72543e1d_1161_4ec9_9261_59c8430e0a92 unregistered
2025-08-07 12:31:03,182 INFO  [io.api.tes.uti.TestSeparator] (main) io.apicurio.tests.serdes.apicurio.AvroSerdeIT.testAvroSerDesFailDifferentSchemaByRecordName-FINISHED
2025-08-07 12:31:03,182 INFO  [io.api.tes.uti.TestSeparator] (main) ############################################################################
Test passed: testAvroSerDesFailDifferentSchemaByRecordName
]]></system-out>
    <system-err><![CDATA[io.apicurio.registry.rest.client.models.ProblemDetails
	at io.apicurio.registry.rest.client.models.ProblemDetails.createFromDiscriminatorValue(ProblemDetails.java:58)
	at io.kiota.serialization.json.JsonParseNode.getObjectValue(JsonParseNode.java:247)
	at io.kiota.http.vertx.VertXRequestAdapter.lambda$throwIfFailedResponse$0(VertXRequestAdapter.java:400)
	at com.microsoft.kiota.ApiExceptionBuilder.<init>(ApiExceptionBuilder.java:26)
	at io.kiota.http.vertx.VertXRequestAdapter.throwIfFailedResponse(VertXRequestAdapter.java:399)
	at io.kiota.http.vertx.VertXRequestAdapter.send(VertXRequestAdapter.java:170)
	at io.apicurio.registry.rest.client.groups.item.artifacts.item.versions.item.WithVersionExpressionItemRequestBuilder.get(WithVersionExpressionItemRequestBuilder.java:128)
	at io.apicurio.registry.rest.client.groups.item.artifacts.item.versions.item.WithVersionExpressionItemRequestBuilder.get(WithVersionExpressionItemRequestBuilder.java:111)
	at io.apicurio.registry.resolver.client.RegistryClientFacadeImpl.getVersionCoordinatesByGAV(RegistryClientFacadeImpl.java:159)
	at io.apicurio.registry.resolver.DefaultSchemaResolver.resolveByCoordinates(DefaultSchemaResolver.java:352)
	at io.apicurio.registry.resolver.DefaultSchemaResolver.lambda$resolveSchemaByArtifactReferenceCached$6(DefaultSchemaResolver.java:340)
	at io.apicurio.registry.resolver.cache.ERCache.lambda$getValue$0(ERCache.java:174)
	at io.apicurio.registry.resolver.cache.ERCache.retry(ERCache.java:227)
	at io.apicurio.registry.resolver.cache.ERCache.getValue(ERCache.java:173)
	at io.apicurio.registry.resolver.cache.ERCache.getByArtifactCoordinates(ERCache.java:158)
	at io.apicurio.registry.resolver.DefaultSchemaResolver.resolveSchemaByArtifactReferenceCached(DefaultSchemaResolver.java:338)
	at io.apicurio.registry.resolver.DefaultSchemaResolver.resolveSchemaByCoordinates(DefaultSchemaResolver.java:193)
	at io.apicurio.registry.resolver.DefaultSchemaResolver.getSchemaFromRegistry(DefaultSchemaResolver.java:130)
	at io.apicurio.registry.resolver.DefaultSchemaResolver.lambda$resolveSchema$0(DefaultSchemaResolver.java:84)
	at java.base/java.util.Optional.orElseGet(Optional.java:364)
	at io.apicurio.registry.resolver.DefaultSchemaResolver.resolveSchema(DefaultSchemaResolver.java:84)
	at io.apicurio.registry.serde.AbstractSerializer.serializeData(AbstractSerializer.java:62)
	at io.apicurio.registry.serde.KafkaSerializer.serialize(KafkaSerializer.java:77)
	at org.apache.kafka.clients.producer.KafkaProducer.doSend(KafkaProducer.java:1046)
	at org.apache.kafka.clients.producer.KafkaProducer.send(KafkaProducer.java:993)
	at org.apache.kafka.clients.producer.KafkaProducer.send(KafkaProducer.java:875)
	at io.apicurio.tests.serdes.apicurio.KafkaSerdesTester.lambda$produceMessages$3(KafkaSerdesTester.java:138)
	at java.base/java.util.concurrent.CompletableFuture$AsyncSupply.run(CompletableFuture.java:1768)
	at java.base/java.lang.Thread.run(Thread.java:840)
]]></system-err>
  </testcase>
  <testcase name="testTopicIdStrategyFindLatest" classname="io.apicurio.tests.serdes.apicurio.AvroSerdeIT" time="5.546">
    <system-out><![CDATA[2025-08-07 12:31:03,185 INFO  [io.api.tes.uti.TestSeparator] (main) ############################################################################
2025-08-07 12:31:03,185 INFO  [io.api.tes.uti.TestSeparator] (main) io.apicurio.tests.serdes.apicurio.AvroSerdeIT.testTopicIdStrategyFindLatest-STARTED
2025-08-07 12:31:03,188 INFO  [io.api.tes.ser.api.AvroSerdeIT] (main) Registering Avro Schema: {"type":"record","name":"myrecordapicurio1","fields":[{"name":"key11754569863185","type":"string"}]}
**** Registry Base URL: http://registry-app-ksql043.apps.ci419.apicurio-testing.org:80
2025-08-07 12:31:04,393 INFO  [org.apa.kaf.cli.pro.ProducerConfig] (main) ProducerConfig values: 
	acks = -1
	auto.include.jmx.reporter = true
	batch.size = 16384
	bootstrap.servers = [PLAINTEXT://localhost:32769]
	buffer.memory = 33554432
	client.dns.lookup = use_all_dns_ips
	client.id = Producer-topic-0cd68a8d_e672_4711_b6d4_8f7626502f66
	compression.gzip.level = -1
	compression.lz4.level = 9
	compression.type = none
	compression.zstd.level = 3
	connections.max.idle.ms = 10000
	delivery.timeout.ms = 120000
	enable.idempotence = true
	enable.metrics.push = true
	interceptor.classes = []
	key.serializer = class org.apache.kafka.common.serialization.StringSerializer
	linger.ms = 0
	max.block.ms = 60000
	max.in.flight.requests.per.connection = 5
	max.request.size = 1048576
	metadata.max.age.ms = 300000
	metadata.max.idle.ms = 300000
	metadata.recovery.strategy = none
	metric.reporters = []
	metrics.num.samples = 2
	metrics.recording.level = INFO
	metrics.sample.window.ms = 30000
	partitioner.adaptive.partitioning.enable = true
	partitioner.availability.timeout.ms = 0
	partitioner.class = null
	partitioner.ignore.keys = false
	receive.buffer.bytes = 32768
	reconnect.backoff.max.ms = 1000
	reconnect.backoff.ms = 50
	request.timeout.ms = 5000
	retries = 2147483647
	retry.backoff.max.ms = 1000
	retry.backoff.ms = 100
	sasl.client.callback.handler.class = null
	sasl.jaas.config = null
	sasl.kerberos.kinit.cmd = /usr/bin/kinit
	sasl.kerberos.min.time.before.relogin = 60000
	sasl.kerberos.service.name = null
	sasl.kerberos.ticket.renew.jitter = 0.05
	sasl.kerberos.ticket.renew.window.factor = 0.8
	sasl.login.callback.handler.class = null
	sasl.login.class = null
	sasl.login.connect.timeout.ms = null
	sasl.login.read.timeout.ms = null
	sasl.login.refresh.buffer.seconds = 300
	sasl.login.refresh.min.period.seconds = 60
	sasl.login.refresh.window.factor = 0.8
	sasl.login.refresh.window.jitter = 0.05
	sasl.login.retry.backoff.max.ms = 10000
	sasl.login.retry.backoff.ms = 100
	sasl.mechanism = GSSAPI
	sasl.oauthbearer.clock.skew.seconds = 30
	sasl.oauthbearer.expected.audience = null
	sasl.oauthbearer.expected.issuer = null
	sasl.oauthbearer.header.urlencode = false
	sasl.oauthbearer.jwks.endpoint.refresh.ms = 3600000
	sasl.oauthbearer.jwks.endpoint.retry.backoff.max.ms = 10000
	sasl.oauthbearer.jwks.endpoint.retry.backoff.ms = 100
	sasl.oauthbearer.jwks.endpoint.url = null
	sasl.oauthbearer.scope.claim.name = scope
	sasl.oauthbearer.sub.claim.name = sub
	sasl.oauthbearer.token.endpoint.url = null
	security.protocol = PLAINTEXT
	security.providers = null
	send.buffer.bytes = 131072
	socket.connection.setup.timeout.max.ms = 30000
	socket.connection.setup.timeout.ms = 10000
	ssl.cipher.suites = null
	ssl.enabled.protocols = [TLSv1.2, TLSv1.3]
	ssl.endpoint.identification.algorithm = https
	ssl.engine.factory.class = null
	ssl.key.password = null
	ssl.keymanager.algorithm = SunX509
	ssl.keystore.certificate.chain = null
	ssl.keystore.key = null
	ssl.keystore.location = null
	ssl.keystore.password = null
	ssl.keystore.type = JKS
	ssl.protocol = TLSv1.3
	ssl.provider = null
	ssl.secure.random.implementation = null
	ssl.trustmanager.algorithm = PKIX
	ssl.truststore.certificates = null
	ssl.truststore.location = null
	ssl.truststore.password = null
	ssl.truststore.type = JKS
	transaction.timeout.ms = 60000
	transactional.id = null
	value.serializer = class io.apicurio.registry.serde.avro.AvroKafkaSerializer

2025-08-07 12:31:04,393 INFO  [org.apa.kaf.com.tel.int.KafkaMetricsCollector] (main) initializing Kafka metrics collector
2025-08-07 12:31:04,397 INFO  [org.apa.kaf.cli.pro.KafkaProducer] (main) [Producer clientId=Producer-topic-0cd68a8d_e672_4711_b6d4_8f7626502f66] Instantiated an idempotent producer.
2025-08-07 12:31:04,401 INFO  [org.apa.kaf.cli.pro.ProducerConfig] (main) These configurations '[apicurio.registry.find-latest, apicurio.registry.url, apicurio.registry.artifact-resolver-strategy]' were supplied but are not used yet.
2025-08-07 12:31:04,401 INFO  [org.apa.kaf.com.uti.AppInfoParser] (main) Kafka version: 3.9.1
2025-08-07 12:31:04,401 INFO  [org.apa.kaf.com.uti.AppInfoParser] (main) Kafka commitId: f745dfdcee2b9851
2025-08-07 12:31:04,401 INFO  [org.apa.kaf.com.uti.AppInfoParser] (main) Kafka startTimeMs: 1754569864401
2025-08-07 12:31:04,401 INFO  [io.api.tes.ser.api.SimpleSerdesTesterBuilder$SimpleSerdesTester] (main) Using producer configuration: {apicurio.registry.find-latest=true, apicurio.registry.url=http://registry-app-ksql043.apps.ci419.apicurio-testing.org:80/apis/registry/v3, apicurio.registry.artifact-resolver-strategy=io.apicurio.registry.serde.strategy.TopicIdStrategy, value.serializer=io.apicurio.registry.serde.avro.AvroKafkaSerializer, request.timeout.ms=5000, acks=all, bootstrap.servers=PLAINTEXT://localhost:32769, connections.max.idle.ms=10000, key.serializer=org.apache.kafka.common.serialization.StringSerializer, client.id=Producer-topic-0cd68a8d_e672_4711_b6d4_8f7626502f66}
2025-08-07 12:31:04,401 INFO  [io.api.tes.ser.api.SimpleSerdesTesterBuilder$SimpleSerdesTester] (main) Using consumer configuration: {}
2025-08-07 12:31:04,402 INFO  [io.api.tes.ser.api.KafkaSerdesTester] (Thread-645) Sending message {"key11754569863185": "value-0"} to topic topic-0cd68a8d_e672_4711_b6d4_8f7626502f66
2025-08-07 12:31:04,407 INFO  [org.apa.kaf.cli.Metadata] (kafka-producer-network-thread | Producer-topic-0cd68a8d_e672_4711_b6d4_8f7626502f66) [Producer clientId=Producer-topic-0cd68a8d_e672_4711_b6d4_8f7626502f66] Cluster ID: wHHz-MW5SbujoYr4FCRV8g
2025-08-07 12:31:04,407 INFO  [org.apa.kaf.cli.pro.int.TransactionManager] (kafka-producer-network-thread | Producer-topic-0cd68a8d_e672_4711_b6d4_8f7626502f66) [Producer clientId=Producer-topic-0cd68a8d_e672_4711_b6d4_8f7626502f66] ProducerId set to 9 with epoch 0
2025-08-07 12:31:04,872 INFO  [io.api.tes.ser.api.KafkaSerdesTester] (Thread-645) Sending message {"key11754569863185": "value-1"} to topic topic-0cd68a8d_e672_4711_b6d4_8f7626502f66
2025-08-07 12:31:04,875 INFO  [io.api.tes.ser.api.KafkaSerdesTester] (Thread-645) Sending message {"key11754569863185": "value-2"} to topic topic-0cd68a8d_e672_4711_b6d4_8f7626502f66
2025-08-07 12:31:04,877 INFO  [io.api.tes.ser.api.KafkaSerdesTester] (Thread-645) Sending message {"key11754569863185": "value-3"} to topic topic-0cd68a8d_e672_4711_b6d4_8f7626502f66
2025-08-07 12:31:04,879 INFO  [io.api.tes.ser.api.KafkaSerdesTester] (Thread-645) Sending message {"key11754569863185": "value-4"} to topic topic-0cd68a8d_e672_4711_b6d4_8f7626502f66
2025-08-07 12:31:04,881 INFO  [io.api.tes.ser.api.KafkaSerdesTester] (Thread-645) Sending message {"key11754569863185": "value-5"} to topic topic-0cd68a8d_e672_4711_b6d4_8f7626502f66
2025-08-07 12:31:04,883 INFO  [io.api.tes.ser.api.KafkaSerdesTester] (Thread-645) Sending message {"key11754569863185": "value-6"} to topic topic-0cd68a8d_e672_4711_b6d4_8f7626502f66
2025-08-07 12:31:04,886 INFO  [io.api.tes.ser.api.KafkaSerdesTester] (Thread-645) Sending message {"key11754569863185": "value-7"} to topic topic-0cd68a8d_e672_4711_b6d4_8f7626502f66
2025-08-07 12:31:04,891 INFO  [io.api.tes.ser.api.KafkaSerdesTester] (Thread-645) Sending message {"key11754569863185": "value-8"} to topic topic-0cd68a8d_e672_4711_b6d4_8f7626502f66
2025-08-07 12:31:04,894 INFO  [io.api.tes.ser.api.KafkaSerdesTester] (Thread-645) Sending message {"key11754569863185": "value-9"} to topic topic-0cd68a8d_e672_4711_b6d4_8f7626502f66
2025-08-07 12:31:04,899 INFO  [io.api.tes.ser.api.KafkaSerdesTester] (Thread-645) Produced 10 messages
2025-08-07 12:31:04,899 INFO  [org.apa.kaf.cli.pro.KafkaProducer] (Thread-645) [Producer clientId=Producer-topic-0cd68a8d_e672_4711_b6d4_8f7626502f66] Closing the Kafka producer with timeoutMillis = 9223372036854775807 ms.
2025-08-07 12:31:04,904 INFO  [org.apa.kaf.com.met.Metrics] (Thread-645) Metrics scheduler closed
2025-08-07 12:31:04,904 INFO  [org.apa.kaf.com.met.Metrics] (Thread-645) Closing reporter org.apache.kafka.common.metrics.JmxReporter
2025-08-07 12:31:04,904 INFO  [org.apa.kaf.com.met.Metrics] (Thread-645) Closing reporter org.apache.kafka.common.telemetry.internals.ClientTelemetryReporter
2025-08-07 12:31:04,904 INFO  [org.apa.kaf.com.met.Metrics] (Thread-645) Metrics reporters closed
2025-08-07 12:31:04,904 INFO  [org.apa.kaf.com.uti.AppInfoParser] (Thread-645) App info kafka.producer for Producer-topic-0cd68a8d_e672_4711_b6d4_8f7626502f66 unregistered
**** Registry Base URL: http://registry-app-ksql043.apps.ci419.apicurio-testing.org:80
2025-08-07 12:31:04,910 INFO  [org.apa.kaf.cli.con.ConsumerConfig] (main) ConsumerConfig values: 
	allow.auto.create.topics = true
	auto.commit.interval.ms = 500
	auto.include.jmx.reporter = true
	auto.offset.reset = earliest
	bootstrap.servers = [PLAINTEXT://localhost:32769]
	check.crcs = true
	client.dns.lookup = use_all_dns_ips
	client.id = consumer-Consumer-topic-0cd68a8d_e672_4711_b6d4_8f7626502f66-7
	client.rack = 
	connections.max.idle.ms = 10000
	default.api.timeout.ms = 60000
	enable.auto.commit = true
	enable.metrics.push = true
	exclude.internal.topics = true
	fetch.max.bytes = 52428800
	fetch.max.wait.ms = 500
	fetch.min.bytes = 1
	group.id = Consumer-topic-0cd68a8d_e672_4711_b6d4_8f7626502f66
	group.instance.id = null
	group.protocol = classic
	group.remote.assignor = null
	heartbeat.interval.ms = 3000
	interceptor.classes = []
	internal.leave.group.on.close = true
	internal.throw.on.fetch.stable.offset.unsupported = false
	isolation.level = read_uncommitted
	key.deserializer = class org.apache.kafka.common.serialization.StringDeserializer
	max.partition.fetch.bytes = 1048576
	max.poll.interval.ms = 300000
	max.poll.records = 500
	metadata.max.age.ms = 300000
	metadata.recovery.strategy = none
	metric.reporters = []
	metrics.num.samples = 2
	metrics.recording.level = INFO
	metrics.sample.window.ms = 30000
	partition.assignment.strategy = [class org.apache.kafka.clients.consumer.RangeAssignor, class org.apache.kafka.clients.consumer.CooperativeStickyAssignor]
	receive.buffer.bytes = 65536
	reconnect.backoff.max.ms = 1000
	reconnect.backoff.ms = 50
	request.timeout.ms = 5000
	retry.backoff.max.ms = 1000
	retry.backoff.ms = 100
	sasl.client.callback.handler.class = null
	sasl.jaas.config = null
	sasl.kerberos.kinit.cmd = /usr/bin/kinit
	sasl.kerberos.min.time.before.relogin = 60000
	sasl.kerberos.service.name = null
	sasl.kerberos.ticket.renew.jitter = 0.05
	sasl.kerberos.ticket.renew.window.factor = 0.8
	sasl.login.callback.handler.class = null
	sasl.login.class = null
	sasl.login.connect.timeout.ms = null
	sasl.login.read.timeout.ms = null
	sasl.login.refresh.buffer.seconds = 300
	sasl.login.refresh.min.period.seconds = 60
	sasl.login.refresh.window.factor = 0.8
	sasl.login.refresh.window.jitter = 0.05
	sasl.login.retry.backoff.max.ms = 10000
	sasl.login.retry.backoff.ms = 100
	sasl.mechanism = GSSAPI
	sasl.oauthbearer.clock.skew.seconds = 30
	sasl.oauthbearer.expected.audience = null
	sasl.oauthbearer.expected.issuer = null
	sasl.oauthbearer.header.urlencode = false
	sasl.oauthbearer.jwks.endpoint.refresh.ms = 3600000
	sasl.oauthbearer.jwks.endpoint.retry.backoff.max.ms = 10000
	sasl.oauthbearer.jwks.endpoint.retry.backoff.ms = 100
	sasl.oauthbearer.jwks.endpoint.url = null
	sasl.oauthbearer.scope.claim.name = scope
	sasl.oauthbearer.sub.claim.name = sub
	sasl.oauthbearer.token.endpoint.url = null
	security.protocol = PLAINTEXT
	security.providers = null
	send.buffer.bytes = 131072
	session.timeout.ms = 45000
	socket.connection.setup.timeout.max.ms = 30000
	socket.connection.setup.timeout.ms = 10000
	ssl.cipher.suites = null
	ssl.enabled.protocols = [TLSv1.2, TLSv1.3]
	ssl.endpoint.identification.algorithm = https
	ssl.engine.factory.class = null
	ssl.key.password = null
	ssl.keymanager.algorithm = SunX509
	ssl.keystore.certificate.chain = null
	ssl.keystore.key = null
	ssl.keystore.location = null
	ssl.keystore.password = null
	ssl.keystore.type = JKS
	ssl.protocol = TLSv1.3
	ssl.provider = null
	ssl.secure.random.implementation = null
	ssl.trustmanager.algorithm = PKIX
	ssl.truststore.certificates = null
	ssl.truststore.location = null
	ssl.truststore.password = null
	ssl.truststore.type = JKS
	value.deserializer = class io.apicurio.registry.serde.avro.AvroKafkaDeserializer

2025-08-07 12:31:04,910 INFO  [org.apa.kaf.com.tel.int.KafkaMetricsCollector] (main) initializing Kafka metrics collector
2025-08-07 12:31:04,924 INFO  [org.apa.kaf.cli.con.ConsumerConfig] (main) These configurations '[apicurio.registry.url]' were supplied but are not used yet.
2025-08-07 12:31:04,924 INFO  [org.apa.kaf.com.uti.AppInfoParser] (main) Kafka version: 3.9.1
2025-08-07 12:31:04,924 INFO  [org.apa.kaf.com.uti.AppInfoParser] (main) Kafka commitId: f745dfdcee2b9851
2025-08-07 12:31:04,924 INFO  [org.apa.kaf.com.uti.AppInfoParser] (main) Kafka startTimeMs: 1754569864924
2025-08-07 12:31:04,926 INFO  [org.apa.kaf.cli.con.int.ClassicKafkaConsumer] (Thread-648) [Consumer clientId=consumer-Consumer-topic-0cd68a8d_e672_4711_b6d4_8f7626502f66-7, groupId=Consumer-topic-0cd68a8d_e672_4711_b6d4_8f7626502f66] Subscribed to topic(s): topic-0cd68a8d_e672_4711_b6d4_8f7626502f66
2025-08-07 12:31:04,938 INFO  [org.apa.kaf.cli.Metadata] (Thread-648) [Consumer clientId=consumer-Consumer-topic-0cd68a8d_e672_4711_b6d4_8f7626502f66-7, groupId=Consumer-topic-0cd68a8d_e672_4711_b6d4_8f7626502f66] Cluster ID: wHHz-MW5SbujoYr4FCRV8g
2025-08-07 12:31:04,939 INFO  [org.apa.kaf.cli.con.int.ConsumerCoordinator] (Thread-648) [Consumer clientId=consumer-Consumer-topic-0cd68a8d_e672_4711_b6d4_8f7626502f66-7, groupId=Consumer-topic-0cd68a8d_e672_4711_b6d4_8f7626502f66] Discovered group coordinator localhost:32769 (id: 2147483647 rack: null)
2025-08-07 12:31:04,943 INFO  [org.apa.kaf.cli.con.int.ConsumerCoordinator] (Thread-648) [Consumer clientId=consumer-Consumer-topic-0cd68a8d_e672_4711_b6d4_8f7626502f66-7, groupId=Consumer-topic-0cd68a8d_e672_4711_b6d4_8f7626502f66] (Re-)joining group
2025-08-07 12:31:04,949 INFO  [org.apa.kaf.cli.con.int.ConsumerCoordinator] (Thread-648) [Consumer clientId=consumer-Consumer-topic-0cd68a8d_e672_4711_b6d4_8f7626502f66-7, groupId=Consumer-topic-0cd68a8d_e672_4711_b6d4_8f7626502f66] Request joining group due to: need to re-join with the given member-id: consumer-Consumer-topic-0cd68a8d_e672_4711_b6d4_8f7626502f66-7-c1234eca-b40d-41ec-ba70-3a3d4e3d3314
2025-08-07 12:31:04,949 INFO  [org.apa.kaf.cli.con.int.ConsumerCoordinator] (Thread-648) [Consumer clientId=consumer-Consumer-topic-0cd68a8d_e672_4711_b6d4_8f7626502f66-7, groupId=Consumer-topic-0cd68a8d_e672_4711_b6d4_8f7626502f66] (Re-)joining group
2025-08-07 12:31:05,926 INFO  [io.api.tes.ser.api.KafkaSerdesTester] (Thread-648) None found
2025-08-07 12:31:06,926 INFO  [io.api.tes.ser.api.KafkaSerdesTester] (Thread-648) None found
2025-08-07 12:31:07,926 INFO  [io.api.tes.ser.api.KafkaSerdesTester] (Thread-648) None found
2025-08-07 12:31:07,953 INFO  [org.apa.kaf.cli.con.int.ConsumerCoordinator] (Thread-648) [Consumer clientId=consumer-Consumer-topic-0cd68a8d_e672_4711_b6d4_8f7626502f66-7, groupId=Consumer-topic-0cd68a8d_e672_4711_b6d4_8f7626502f66] Successfully joined group with generation Generation{generationId=1, memberId='consumer-Consumer-topic-0cd68a8d_e672_4711_b6d4_8f7626502f66-7-c1234eca-b40d-41ec-ba70-3a3d4e3d3314', protocol='range'}
2025-08-07 12:31:07,953 INFO  [org.apa.kaf.cli.con.int.ConsumerCoordinator] (Thread-648) [Consumer clientId=consumer-Consumer-topic-0cd68a8d_e672_4711_b6d4_8f7626502f66-7, groupId=Consumer-topic-0cd68a8d_e672_4711_b6d4_8f7626502f66] Finished assignment for group at generation 1: {consumer-Consumer-topic-0cd68a8d_e672_4711_b6d4_8f7626502f66-7-c1234eca-b40d-41ec-ba70-3a3d4e3d3314=Assignment(partitions=[topic-0cd68a8d_e672_4711_b6d4_8f7626502f66-0])}
2025-08-07 12:31:07,960 INFO  [org.apa.kaf.cli.con.int.ConsumerCoordinator] (Thread-648) [Consumer clientId=consumer-Consumer-topic-0cd68a8d_e672_4711_b6d4_8f7626502f66-7, groupId=Consumer-topic-0cd68a8d_e672_4711_b6d4_8f7626502f66] Successfully synced group in generation Generation{generationId=1, memberId='consumer-Consumer-topic-0cd68a8d_e672_4711_b6d4_8f7626502f66-7-c1234eca-b40d-41ec-ba70-3a3d4e3d3314', protocol='range'}
2025-08-07 12:31:07,960 INFO  [org.apa.kaf.cli.con.int.ConsumerCoordinator] (Thread-648) [Consumer clientId=consumer-Consumer-topic-0cd68a8d_e672_4711_b6d4_8f7626502f66-7, groupId=Consumer-topic-0cd68a8d_e672_4711_b6d4_8f7626502f66] Notifying assignor about the new Assignment(partitions=[topic-0cd68a8d_e672_4711_b6d4_8f7626502f66-0])
2025-08-07 12:31:07,960 INFO  [org.apa.kaf.cli.con.int.ConsumerRebalanceListenerInvoker] (Thread-648) [Consumer clientId=consumer-Consumer-topic-0cd68a8d_e672_4711_b6d4_8f7626502f66-7, groupId=Consumer-topic-0cd68a8d_e672_4711_b6d4_8f7626502f66] Adding newly assigned partitions: topic-0cd68a8d_e672_4711_b6d4_8f7626502f66-0
2025-08-07 12:31:07,961 INFO  [org.apa.kaf.cli.con.int.ConsumerCoordinator] (Thread-648) [Consumer clientId=consumer-Consumer-topic-0cd68a8d_e672_4711_b6d4_8f7626502f66-7, groupId=Consumer-topic-0cd68a8d_e672_4711_b6d4_8f7626502f66] Found no committed offset for partition topic-0cd68a8d_e672_4711_b6d4_8f7626502f66-0
2025-08-07 12:31:07,980 INFO  [org.apa.kaf.cli.con.int.SubscriptionState] (Thread-648) [Consumer clientId=consumer-Consumer-topic-0cd68a8d_e672_4711_b6d4_8f7626502f66-7, groupId=Consumer-topic-0cd68a8d_e672_4711_b6d4_8f7626502f66] Resetting offset for partition topic-0cd68a8d_e672_4711_b6d4_8f7626502f66-0 to position FetchPosition{offset=0, offsetEpoch=Optional.empty, currentLeader=LeaderAndEpoch{leader=Optional[localhost:32769 (id: 0 rack: null)], epoch=0}}.
2025-08-07 12:31:08,221 INFO  [io.api.tes.ser.api.KafkaSerdesTester] (Thread-648) topic-0cd68a8d_e672_4711_b6d4_8f7626502f66 0 0 {"key11754569863185": "value-0"}
2025-08-07 12:31:08,221 INFO  [io.api.tes.ser.api.KafkaSerdesTester] (Thread-648) topic-0cd68a8d_e672_4711_b6d4_8f7626502f66 0 1 {"key11754569863185": "value-1"}
2025-08-07 12:31:08,221 INFO  [io.api.tes.ser.api.KafkaSerdesTester] (Thread-648) topic-0cd68a8d_e672_4711_b6d4_8f7626502f66 0 2 {"key11754569863185": "value-2"}
2025-08-07 12:31:08,221 INFO  [io.api.tes.ser.api.KafkaSerdesTester] (Thread-648) topic-0cd68a8d_e672_4711_b6d4_8f7626502f66 0 3 {"key11754569863185": "value-3"}
2025-08-07 12:31:08,221 INFO  [io.api.tes.ser.api.KafkaSerdesTester] (Thread-648) topic-0cd68a8d_e672_4711_b6d4_8f7626502f66 0 4 {"key11754569863185": "value-4"}
2025-08-07 12:31:08,222 INFO  [io.api.tes.ser.api.KafkaSerdesTester] (Thread-648) topic-0cd68a8d_e672_4711_b6d4_8f7626502f66 0 5 {"key11754569863185": "value-5"}
2025-08-07 12:31:08,222 INFO  [io.api.tes.ser.api.KafkaSerdesTester] (Thread-648) topic-0cd68a8d_e672_4711_b6d4_8f7626502f66 0 6 {"key11754569863185": "value-6"}
2025-08-07 12:31:08,222 INFO  [io.api.tes.ser.api.KafkaSerdesTester] (Thread-648) topic-0cd68a8d_e672_4711_b6d4_8f7626502f66 0 7 {"key11754569863185": "value-7"}
2025-08-07 12:31:08,222 INFO  [io.api.tes.ser.api.KafkaSerdesTester] (Thread-648) topic-0cd68a8d_e672_4711_b6d4_8f7626502f66 0 8 {"key11754569863185": "value-8"}
2025-08-07 12:31:08,222 INFO  [io.api.tes.ser.api.KafkaSerdesTester] (Thread-648) topic-0cd68a8d_e672_4711_b6d4_8f7626502f66 0 9 {"key11754569863185": "value-9"}
2025-08-07 12:31:08,222 INFO  [io.api.tes.ser.api.KafkaSerdesTester] (Thread-648) Consumed 10 messages
2025-08-07 12:31:08,229 INFO  [org.apa.kaf.cli.con.int.ConsumerRebalanceListenerInvoker] (Thread-648) [Consumer clientId=consumer-Consumer-topic-0cd68a8d_e672_4711_b6d4_8f7626502f66-7, groupId=Consumer-topic-0cd68a8d_e672_4711_b6d4_8f7626502f66] Revoke previously assigned partitions topic-0cd68a8d_e672_4711_b6d4_8f7626502f66-0
2025-08-07 12:31:08,229 INFO  [org.apa.kaf.cli.con.int.ConsumerCoordinator] (Thread-648) [Consumer clientId=consumer-Consumer-topic-0cd68a8d_e672_4711_b6d4_8f7626502f66-7, groupId=Consumer-topic-0cd68a8d_e672_4711_b6d4_8f7626502f66] Member consumer-Consumer-topic-0cd68a8d_e672_4711_b6d4_8f7626502f66-7-c1234eca-b40d-41ec-ba70-3a3d4e3d3314 sending LeaveGroup request to coordinator localhost:32769 (id: 2147483647 rack: null) due to the consumer is being closed
2025-08-07 12:31:08,229 INFO  [org.apa.kaf.cli.con.int.ConsumerCoordinator] (Thread-648) [Consumer clientId=consumer-Consumer-topic-0cd68a8d_e672_4711_b6d4_8f7626502f66-7, groupId=Consumer-topic-0cd68a8d_e672_4711_b6d4_8f7626502f66] Resetting generation and member id due to: consumer pro-actively leaving the group
2025-08-07 12:31:08,229 INFO  [org.apa.kaf.cli.con.int.ConsumerCoordinator] (Thread-648) [Consumer clientId=consumer-Consumer-topic-0cd68a8d_e672_4711_b6d4_8f7626502f66-7, groupId=Consumer-topic-0cd68a8d_e672_4711_b6d4_8f7626502f66] Request joining group due to: consumer pro-actively leaving the group
2025-08-07 12:31:08,724 INFO  [org.apa.kaf.com.met.Metrics] (Thread-648) Metrics scheduler closed
2025-08-07 12:31:08,724 INFO  [org.apa.kaf.com.met.Metrics] (Thread-648) Closing reporter org.apache.kafka.common.metrics.JmxReporter
2025-08-07 12:31:08,724 INFO  [org.apa.kaf.com.met.Metrics] (Thread-648) Closing reporter org.apache.kafka.common.telemetry.internals.ClientTelemetryReporter
2025-08-07 12:31:08,724 INFO  [org.apa.kaf.com.met.Metrics] (Thread-648) Metrics reporters closed
2025-08-07 12:31:08,726 INFO  [org.apa.kaf.com.uti.AppInfoParser] (Thread-648) App info kafka.consumer for consumer-Consumer-topic-0cd68a8d_e672_4711_b6d4_8f7626502f66-7 unregistered
2025-08-07 12:31:08,727 INFO  [io.api.tes.uti.TestSeparator] (main) io.apicurio.tests.serdes.apicurio.AvroSerdeIT.testTopicIdStrategyFindLatest-FINISHED
2025-08-07 12:31:08,728 INFO  [io.api.tes.uti.TestSeparator] (main) ############################################################################
Test passed: testTopicIdStrategyFindLatest
]]></system-out>
  </testcase>
  <testcase name="testAvroUnionWithSpecificReader" classname="io.apicurio.tests.serdes.apicurio.AvroSerdeIT" time="4.901">
    <system-out><![CDATA[2025-08-07 12:31:08,731 INFO  [io.api.tes.uti.TestSeparator] (main) ############################################################################
2025-08-07 12:31:08,731 INFO  [io.api.tes.uti.TestSeparator] (main) io.apicurio.tests.serdes.apicurio.AvroSerdeIT.testAvroUnionWithSpecificReader-STARTED
**** Registry Base URL: http://registry-app-ksql043.apps.ci419.apicurio-testing.org:80
2025-08-07 12:31:08,735 INFO  [org.apa.kaf.cli.pro.ProducerConfig] (main) ProducerConfig values: 
	acks = -1
	auto.include.jmx.reporter = true
	batch.size = 16384
	bootstrap.servers = [PLAINTEXT://localhost:32769]
	buffer.memory = 33554432
	client.dns.lookup = use_all_dns_ips
	client.id = Producer-topic-f6508333_7af9_4c84_bf46_a1d76e6d012f
	compression.gzip.level = -1
	compression.lz4.level = 9
	compression.type = none
	compression.zstd.level = 3
	connections.max.idle.ms = 10000
	delivery.timeout.ms = 120000
	enable.idempotence = true
	enable.metrics.push = true
	interceptor.classes = []
	key.serializer = class org.apache.kafka.common.serialization.StringSerializer
	linger.ms = 0
	max.block.ms = 60000
	max.in.flight.requests.per.connection = 5
	max.request.size = 1048576
	metadata.max.age.ms = 300000
	metadata.max.idle.ms = 300000
	metadata.recovery.strategy = none
	metric.reporters = []
	metrics.num.samples = 2
	metrics.recording.level = INFO
	metrics.sample.window.ms = 30000
	partitioner.adaptive.partitioning.enable = true
	partitioner.availability.timeout.ms = 0
	partitioner.class = null
	partitioner.ignore.keys = false
	receive.buffer.bytes = 32768
	reconnect.backoff.max.ms = 1000
	reconnect.backoff.ms = 50
	request.timeout.ms = 5000
	retries = 2147483647
	retry.backoff.max.ms = 1000
	retry.backoff.ms = 100
	sasl.client.callback.handler.class = null
	sasl.jaas.config = null
	sasl.kerberos.kinit.cmd = /usr/bin/kinit
	sasl.kerberos.min.time.before.relogin = 60000
	sasl.kerberos.service.name = null
	sasl.kerberos.ticket.renew.jitter = 0.05
	sasl.kerberos.ticket.renew.window.factor = 0.8
	sasl.login.callback.handler.class = null
	sasl.login.class = null
	sasl.login.connect.timeout.ms = null
	sasl.login.read.timeout.ms = null
	sasl.login.refresh.buffer.seconds = 300
	sasl.login.refresh.min.period.seconds = 60
	sasl.login.refresh.window.factor = 0.8
	sasl.login.refresh.window.jitter = 0.05
	sasl.login.retry.backoff.max.ms = 10000
	sasl.login.retry.backoff.ms = 100
	sasl.mechanism = GSSAPI
	sasl.oauthbearer.clock.skew.seconds = 30
	sasl.oauthbearer.expected.audience = null
	sasl.oauthbearer.expected.issuer = null
	sasl.oauthbearer.header.urlencode = false
	sasl.oauthbearer.jwks.endpoint.refresh.ms = 3600000
	sasl.oauthbearer.jwks.endpoint.retry.backoff.max.ms = 10000
	sasl.oauthbearer.jwks.endpoint.retry.backoff.ms = 100
	sasl.oauthbearer.jwks.endpoint.url = null
	sasl.oauthbearer.scope.claim.name = scope
	sasl.oauthbearer.sub.claim.name = sub
	sasl.oauthbearer.token.endpoint.url = null
	security.protocol = PLAINTEXT
	security.providers = null
	send.buffer.bytes = 131072
	socket.connection.setup.timeout.max.ms = 30000
	socket.connection.setup.timeout.ms = 10000
	ssl.cipher.suites = null
	ssl.enabled.protocols = [TLSv1.2, TLSv1.3]
	ssl.endpoint.identification.algorithm = https
	ssl.engine.factory.class = null
	ssl.key.password = null
	ssl.keymanager.algorithm = SunX509
	ssl.keystore.certificate.chain = null
	ssl.keystore.key = null
	ssl.keystore.location = null
	ssl.keystore.password = null
	ssl.keystore.type = JKS
	ssl.protocol = TLSv1.3
	ssl.provider = null
	ssl.secure.random.implementation = null
	ssl.trustmanager.algorithm = PKIX
	ssl.truststore.certificates = null
	ssl.truststore.location = null
	ssl.truststore.password = null
	ssl.truststore.type = JKS
	transaction.timeout.ms = 60000
	transactional.id = null
	value.serializer = class io.apicurio.registry.serde.avro.AvroKafkaSerializer

2025-08-07 12:31:08,736 INFO  [org.apa.kaf.com.tel.int.KafkaMetricsCollector] (main) initializing Kafka metrics collector
2025-08-07 12:31:08,753 INFO  [org.apa.kaf.cli.pro.KafkaProducer] (main) [Producer clientId=Producer-topic-f6508333_7af9_4c84_bf46_a1d76e6d012f] Instantiated an idempotent producer.
2025-08-07 12:31:08,761 INFO  [org.apa.kaf.cli.pro.ProducerConfig] (main) These configurations '[apicurio.registry.url, apicurio.registry.auto-register, apicurio.registry.artifact-resolver-strategy]' were supplied but are not used yet.
2025-08-07 12:31:08,761 INFO  [org.apa.kaf.com.uti.AppInfoParser] (main) Kafka version: 3.9.1
2025-08-07 12:31:08,761 INFO  [org.apa.kaf.com.uti.AppInfoParser] (main) Kafka commitId: f745dfdcee2b9851
2025-08-07 12:31:08,761 INFO  [org.apa.kaf.com.uti.AppInfoParser] (main) Kafka startTimeMs: 1754569868761
2025-08-07 12:31:08,761 INFO  [io.api.tes.ser.api.SimpleSerdesTesterBuilder$SimpleSerdesTester] (main) Using producer configuration: {apicurio.registry.url=http://registry-app-ksql043.apps.ci419.apicurio-testing.org:80/apis/registry/v3, apicurio.registry.auto-register=true, apicurio.registry.artifact-resolver-strategy=io.apicurio.registry.serde.strategy.TopicIdStrategy, value.serializer=io.apicurio.registry.serde.avro.AvroKafkaSerializer, request.timeout.ms=5000, acks=all, bootstrap.servers=PLAINTEXT://localhost:32769, connections.max.idle.ms=10000, key.serializer=org.apache.kafka.common.serialization.StringSerializer, client.id=Producer-topic-f6508333_7af9_4c84_bf46_a1d76e6d012f}
2025-08-07 12:31:08,763 INFO  [io.api.tes.ser.api.SimpleSerdesTesterBuilder$SimpleSerdesTester] (main) Using consumer configuration: {}
2025-08-07 12:31:08,765 INFO  [io.api.tes.ser.api.KafkaSerdesTester] (Thread-651) Sending message {"id": "record-0"} to topic topic-f6508333_7af9_4c84_bf46_a1d76e6d012f
2025-08-07 12:31:08,768 WARN  [org.apa.kaf.cli.NetworkClient] (kafka-producer-network-thread | Producer-topic-f6508333_7af9_4c84_bf46_a1d76e6d012f) [Producer clientId=Producer-topic-f6508333_7af9_4c84_bf46_a1d76e6d012f] The metadata response from the cluster reported a recoverable issue with correlation id 1 : {topic-f6508333_7af9_4c84_bf46_a1d76e6d012f=UNKNOWN_TOPIC_OR_PARTITION}
2025-08-07 12:31:08,768 INFO  [org.apa.kaf.cli.Metadata] (kafka-producer-network-thread | Producer-topic-f6508333_7af9_4c84_bf46_a1d76e6d012f) [Producer clientId=Producer-topic-f6508333_7af9_4c84_bf46_a1d76e6d012f] Cluster ID: wHHz-MW5SbujoYr4FCRV8g
2025-08-07 12:31:08,771 INFO  [org.apa.kaf.cli.pro.int.TransactionManager] (kafka-producer-network-thread | Producer-topic-f6508333_7af9_4c84_bf46_a1d76e6d012f) [Producer clientId=Producer-topic-f6508333_7af9_4c84_bf46_a1d76e6d012f] ProducerId set to 10 with epoch 0
2025-08-07 12:31:09,111 INFO  [io.api.tes.ser.api.KafkaSerdesTester] (Thread-651) Sending message {"value": 1} to topic topic-f6508333_7af9_4c84_bf46_a1d76e6d012f
2025-08-07 12:31:09,260 INFO  [io.api.tes.ser.api.KafkaSerdesTester] (Thread-651) Sending message {"active": true} to topic topic-f6508333_7af9_4c84_bf46_a1d76e6d012f
2025-08-07 12:31:09,397 INFO  [io.api.tes.ser.api.KafkaSerdesTester] (Thread-651) Sending message {"id": "record-3"} to topic topic-f6508333_7af9_4c84_bf46_a1d76e6d012f
2025-08-07 12:31:09,400 INFO  [io.api.tes.ser.api.KafkaSerdesTester] (Thread-651) Sending message {"value": 4} to topic topic-f6508333_7af9_4c84_bf46_a1d76e6d012f
2025-08-07 12:31:09,405 INFO  [io.api.tes.ser.api.KafkaSerdesTester] (Thread-651) Sending message {"active": false} to topic topic-f6508333_7af9_4c84_bf46_a1d76e6d012f
2025-08-07 12:31:09,412 INFO  [io.api.tes.ser.api.KafkaSerdesTester] (Thread-651) Sending message {"id": "record-6"} to topic topic-f6508333_7af9_4c84_bf46_a1d76e6d012f
2025-08-07 12:31:09,414 INFO  [io.api.tes.ser.api.KafkaSerdesTester] (Thread-651) Sending message {"value": 7} to topic topic-f6508333_7af9_4c84_bf46_a1d76e6d012f
2025-08-07 12:31:09,417 INFO  [io.api.tes.ser.api.KafkaSerdesTester] (Thread-651) Sending message {"active": true} to topic topic-f6508333_7af9_4c84_bf46_a1d76e6d012f
2025-08-07 12:31:09,419 INFO  [io.api.tes.ser.api.KafkaSerdesTester] (Thread-651) Sending message {"id": "record-9"} to topic topic-f6508333_7af9_4c84_bf46_a1d76e6d012f
2025-08-07 12:31:09,422 INFO  [io.api.tes.ser.api.KafkaSerdesTester] (Thread-651) Produced 10 messages
2025-08-07 12:31:09,422 INFO  [org.apa.kaf.cli.pro.KafkaProducer] (Thread-651) [Producer clientId=Producer-topic-f6508333_7af9_4c84_bf46_a1d76e6d012f] Closing the Kafka producer with timeoutMillis = 9223372036854775807 ms.
2025-08-07 12:31:09,425 INFO  [org.apa.kaf.com.met.Metrics] (Thread-651) Metrics scheduler closed
2025-08-07 12:31:09,425 INFO  [org.apa.kaf.com.met.Metrics] (Thread-651) Closing reporter org.apache.kafka.common.metrics.JmxReporter
2025-08-07 12:31:09,425 INFO  [org.apa.kaf.com.met.Metrics] (Thread-651) Closing reporter org.apache.kafka.common.telemetry.internals.ClientTelemetryReporter
2025-08-07 12:31:09,425 INFO  [org.apa.kaf.com.met.Metrics] (Thread-651) Metrics reporters closed
2025-08-07 12:31:09,426 INFO  [org.apa.kaf.com.uti.AppInfoParser] (Thread-651) App info kafka.producer for Producer-topic-f6508333_7af9_4c84_bf46_a1d76e6d012f unregistered
2025-08-07 12:31:09,507 INFO  [io.api.tes.ser.api.AvroSerdeIT] (main) Artifact topic-f6508333_7af9_4c84_bf46_a1d76e6d012f-value found in registry with globalId 25
**** Registry Base URL: http://registry-app-ksql043.apps.ci419.apicurio-testing.org:80
2025-08-07 12:31:09,508 INFO  [org.apa.kaf.cli.con.ConsumerConfig] (main) ConsumerConfig values: 
	allow.auto.create.topics = true
	auto.commit.interval.ms = 500
	auto.include.jmx.reporter = true
	auto.offset.reset = earliest
	bootstrap.servers = [PLAINTEXT://localhost:32769]
	check.crcs = true
	client.dns.lookup = use_all_dns_ips
	client.id = consumer-Consumer-topic-f6508333_7af9_4c84_bf46_a1d76e6d012f-8
	client.rack = 
	connections.max.idle.ms = 10000
	default.api.timeout.ms = 60000
	enable.auto.commit = true
	enable.metrics.push = true
	exclude.internal.topics = true
	fetch.max.bytes = 52428800
	fetch.max.wait.ms = 500
	fetch.min.bytes = 1
	group.id = Consumer-topic-f6508333_7af9_4c84_bf46_a1d76e6d012f
	group.instance.id = null
	group.protocol = classic
	group.remote.assignor = null
	heartbeat.interval.ms = 3000
	interceptor.classes = []
	internal.leave.group.on.close = true
	internal.throw.on.fetch.stable.offset.unsupported = false
	isolation.level = read_uncommitted
	key.deserializer = class org.apache.kafka.common.serialization.StringDeserializer
	max.partition.fetch.bytes = 1048576
	max.poll.interval.ms = 300000
	max.poll.records = 500
	metadata.max.age.ms = 300000
	metadata.recovery.strategy = none
	metric.reporters = []
	metrics.num.samples = 2
	metrics.recording.level = INFO
	metrics.sample.window.ms = 30000
	partition.assignment.strategy = [class org.apache.kafka.clients.consumer.RangeAssignor, class org.apache.kafka.clients.consumer.CooperativeStickyAssignor]
	receive.buffer.bytes = 65536
	reconnect.backoff.max.ms = 1000
	reconnect.backoff.ms = 50
	request.timeout.ms = 5000
	retry.backoff.max.ms = 1000
	retry.backoff.ms = 100
	sasl.client.callback.handler.class = null
	sasl.jaas.config = null
	sasl.kerberos.kinit.cmd = /usr/bin/kinit
	sasl.kerberos.min.time.before.relogin = 60000
	sasl.kerberos.service.name = null
	sasl.kerberos.ticket.renew.jitter = 0.05
	sasl.kerberos.ticket.renew.window.factor = 0.8
	sasl.login.callback.handler.class = null
	sasl.login.class = null
	sasl.login.connect.timeout.ms = null
	sasl.login.read.timeout.ms = null
	sasl.login.refresh.buffer.seconds = 300
	sasl.login.refresh.min.period.seconds = 60
	sasl.login.refresh.window.factor = 0.8
	sasl.login.refresh.window.jitter = 0.05
	sasl.login.retry.backoff.max.ms = 10000
	sasl.login.retry.backoff.ms = 100
	sasl.mechanism = GSSAPI
	sasl.oauthbearer.clock.skew.seconds = 30
	sasl.oauthbearer.expected.audience = null
	sasl.oauthbearer.expected.issuer = null
	sasl.oauthbearer.header.urlencode = false
	sasl.oauthbearer.jwks.endpoint.refresh.ms = 3600000
	sasl.oauthbearer.jwks.endpoint.retry.backoff.max.ms = 10000
	sasl.oauthbearer.jwks.endpoint.retry.backoff.ms = 100
	sasl.oauthbearer.jwks.endpoint.url = null
	sasl.oauthbearer.scope.claim.name = scope
	sasl.oauthbearer.sub.claim.name = sub
	sasl.oauthbearer.token.endpoint.url = null
	security.protocol = PLAINTEXT
	security.providers = null
	send.buffer.bytes = 131072
	session.timeout.ms = 45000
	socket.connection.setup.timeout.max.ms = 30000
	socket.connection.setup.timeout.ms = 10000
	ssl.cipher.suites = null
	ssl.enabled.protocols = [TLSv1.2, TLSv1.3]
	ssl.endpoint.identification.algorithm = https
	ssl.engine.factory.class = null
	ssl.key.password = null
	ssl.keymanager.algorithm = SunX509
	ssl.keystore.certificate.chain = null
	ssl.keystore.key = null
	ssl.keystore.location = null
	ssl.keystore.password = null
	ssl.keystore.type = JKS
	ssl.protocol = TLSv1.3
	ssl.provider = null
	ssl.secure.random.implementation = null
	ssl.trustmanager.algorithm = PKIX
	ssl.truststore.certificates = null
	ssl.truststore.location = null
	ssl.truststore.password = null
	ssl.truststore.type = JKS
	value.deserializer = class io.apicurio.registry.serde.avro.AvroKafkaDeserializer

2025-08-07 12:31:09,508 INFO  [org.apa.kaf.com.tel.int.KafkaMetricsCollector] (main) initializing Kafka metrics collector
2025-08-07 12:31:09,516 INFO  [org.apa.kaf.cli.con.ConsumerConfig] (main) These configurations '[apicurio.registry.url]' were supplied but are not used yet.
2025-08-07 12:31:09,516 INFO  [org.apa.kaf.com.uti.AppInfoParser] (main) Kafka version: 3.9.1
2025-08-07 12:31:09,516 INFO  [org.apa.kaf.com.uti.AppInfoParser] (main) Kafka commitId: f745dfdcee2b9851
2025-08-07 12:31:09,516 INFO  [org.apa.kaf.com.uti.AppInfoParser] (main) Kafka startTimeMs: 1754569869516
2025-08-07 12:31:09,517 INFO  [org.apa.kaf.cli.con.int.ClassicKafkaConsumer] (Thread-654) [Consumer clientId=consumer-Consumer-topic-f6508333_7af9_4c84_bf46_a1d76e6d012f-8, groupId=Consumer-topic-f6508333_7af9_4c84_bf46_a1d76e6d012f] Subscribed to topic(s): topic-f6508333_7af9_4c84_bf46_a1d76e6d012f
2025-08-07 12:31:09,522 INFO  [org.apa.kaf.cli.Metadata] (Thread-654) [Consumer clientId=consumer-Consumer-topic-f6508333_7af9_4c84_bf46_a1d76e6d012f-8, groupId=Consumer-topic-f6508333_7af9_4c84_bf46_a1d76e6d012f] Cluster ID: wHHz-MW5SbujoYr4FCRV8g
2025-08-07 12:31:09,523 INFO  [org.apa.kaf.cli.con.int.ConsumerCoordinator] (Thread-654) [Consumer clientId=consumer-Consumer-topic-f6508333_7af9_4c84_bf46_a1d76e6d012f-8, groupId=Consumer-topic-f6508333_7af9_4c84_bf46_a1d76e6d012f] Discovered group coordinator localhost:32769 (id: 2147483647 rack: null)
2025-08-07 12:31:09,529 INFO  [org.apa.kaf.cli.con.int.ConsumerCoordinator] (Thread-654) [Consumer clientId=consumer-Consumer-topic-f6508333_7af9_4c84_bf46_a1d76e6d012f-8, groupId=Consumer-topic-f6508333_7af9_4c84_bf46_a1d76e6d012f] (Re-)joining group
2025-08-07 12:31:09,530 INFO  [org.apa.kaf.cli.con.int.ConsumerCoordinator] (Thread-654) [Consumer clientId=consumer-Consumer-topic-f6508333_7af9_4c84_bf46_a1d76e6d012f-8, groupId=Consumer-topic-f6508333_7af9_4c84_bf46_a1d76e6d012f] Request joining group due to: need to re-join with the given member-id: consumer-Consumer-topic-f6508333_7af9_4c84_bf46_a1d76e6d012f-8-70f863f3-0c02-4d44-b517-82313e283996
2025-08-07 12:31:09,531 INFO  [org.apa.kaf.cli.con.int.ConsumerCoordinator] (Thread-654) [Consumer clientId=consumer-Consumer-topic-f6508333_7af9_4c84_bf46_a1d76e6d012f-8, groupId=Consumer-topic-f6508333_7af9_4c84_bf46_a1d76e6d012f] (Re-)joining group
2025-08-07 12:31:10,517 INFO  [io.api.tes.ser.api.KafkaSerdesTester] (Thread-654) None found
2025-08-07 12:31:11,517 INFO  [io.api.tes.ser.api.KafkaSerdesTester] (Thread-654) None found
2025-08-07 12:31:12,517 INFO  [io.api.tes.ser.api.KafkaSerdesTester] (Thread-654) None found
2025-08-07 12:31:12,533 INFO  [org.apa.kaf.cli.con.int.ConsumerCoordinator] (Thread-654) [Consumer clientId=consumer-Consumer-topic-f6508333_7af9_4c84_bf46_a1d76e6d012f-8, groupId=Consumer-topic-f6508333_7af9_4c84_bf46_a1d76e6d012f] Successfully joined group with generation Generation{generationId=1, memberId='consumer-Consumer-topic-f6508333_7af9_4c84_bf46_a1d76e6d012f-8-70f863f3-0c02-4d44-b517-82313e283996', protocol='range'}
2025-08-07 12:31:12,534 INFO  [org.apa.kaf.cli.con.int.ConsumerCoordinator] (Thread-654) [Consumer clientId=consumer-Consumer-topic-f6508333_7af9_4c84_bf46_a1d76e6d012f-8, groupId=Consumer-topic-f6508333_7af9_4c84_bf46_a1d76e6d012f] Finished assignment for group at generation 1: {consumer-Consumer-topic-f6508333_7af9_4c84_bf46_a1d76e6d012f-8-70f863f3-0c02-4d44-b517-82313e283996=Assignment(partitions=[topic-f6508333_7af9_4c84_bf46_a1d76e6d012f-0])}
2025-08-07 12:31:12,541 INFO  [org.apa.kaf.cli.con.int.ConsumerCoordinator] (Thread-654) [Consumer clientId=consumer-Consumer-topic-f6508333_7af9_4c84_bf46_a1d76e6d012f-8, groupId=Consumer-topic-f6508333_7af9_4c84_bf46_a1d76e6d012f] Successfully synced group in generation Generation{generationId=1, memberId='consumer-Consumer-topic-f6508333_7af9_4c84_bf46_a1d76e6d012f-8-70f863f3-0c02-4d44-b517-82313e283996', protocol='range'}
2025-08-07 12:31:12,541 INFO  [org.apa.kaf.cli.con.int.ConsumerCoordinator] (Thread-654) [Consumer clientId=consumer-Consumer-topic-f6508333_7af9_4c84_bf46_a1d76e6d012f-8, groupId=Consumer-topic-f6508333_7af9_4c84_bf46_a1d76e6d012f] Notifying assignor about the new Assignment(partitions=[topic-f6508333_7af9_4c84_bf46_a1d76e6d012f-0])
2025-08-07 12:31:12,541 INFO  [org.apa.kaf.cli.con.int.ConsumerRebalanceListenerInvoker] (Thread-654) [Consumer clientId=consumer-Consumer-topic-f6508333_7af9_4c84_bf46_a1d76e6d012f-8, groupId=Consumer-topic-f6508333_7af9_4c84_bf46_a1d76e6d012f] Adding newly assigned partitions: topic-f6508333_7af9_4c84_bf46_a1d76e6d012f-0
2025-08-07 12:31:12,543 INFO  [org.apa.kaf.cli.con.int.ConsumerCoordinator] (Thread-654) [Consumer clientId=consumer-Consumer-topic-f6508333_7af9_4c84_bf46_a1d76e6d012f-8, groupId=Consumer-topic-f6508333_7af9_4c84_bf46_a1d76e6d012f] Found no committed offset for partition topic-f6508333_7af9_4c84_bf46_a1d76e6d012f-0
2025-08-07 12:31:12,548 INFO  [org.apa.kaf.cli.con.int.SubscriptionState] (Thread-654) [Consumer clientId=consumer-Consumer-topic-f6508333_7af9_4c84_bf46_a1d76e6d012f-8, groupId=Consumer-topic-f6508333_7af9_4c84_bf46_a1d76e6d012f] Resetting offset for partition topic-f6508333_7af9_4c84_bf46_a1d76e6d012f-0 to position FetchPosition{offset=0, offsetEpoch=Optional.empty, currentLeader=LeaderAndEpoch{leader=Optional[localhost:32769 (id: 0 rack: null)], epoch=0}}.
2025-08-07 12:31:13,123 INFO  [io.api.tes.ser.api.KafkaSerdesTester] (Thread-654) topic-f6508333_7af9_4c84_bf46_a1d76e6d012f 0 0 {"id": "record-0"}
2025-08-07 12:31:13,124 INFO  [io.api.tes.ser.api.KafkaSerdesTester] (Thread-654) topic-f6508333_7af9_4c84_bf46_a1d76e6d012f 0 1 {"value": 1}
2025-08-07 12:31:13,124 INFO  [io.api.tes.ser.api.KafkaSerdesTester] (Thread-654) topic-f6508333_7af9_4c84_bf46_a1d76e6d012f 0 2 {"active": true}
2025-08-07 12:31:13,124 INFO  [io.api.tes.ser.api.KafkaSerdesTester] (Thread-654) topic-f6508333_7af9_4c84_bf46_a1d76e6d012f 0 3 {"id": "record-3"}
2025-08-07 12:31:13,124 INFO  [io.api.tes.ser.api.KafkaSerdesTester] (Thread-654) topic-f6508333_7af9_4c84_bf46_a1d76e6d012f 0 4 {"value": 4}
2025-08-07 12:31:13,124 INFO  [io.api.tes.ser.api.KafkaSerdesTester] (Thread-654) topic-f6508333_7af9_4c84_bf46_a1d76e6d012f 0 5 {"active": false}
2025-08-07 12:31:13,124 INFO  [io.api.tes.ser.api.KafkaSerdesTester] (Thread-654) topic-f6508333_7af9_4c84_bf46_a1d76e6d012f 0 6 {"id": "record-6"}
2025-08-07 12:31:13,124 INFO  [io.api.tes.ser.api.KafkaSerdesTester] (Thread-654) topic-f6508333_7af9_4c84_bf46_a1d76e6d012f 0 7 {"value": 7}
2025-08-07 12:31:13,124 INFO  [io.api.tes.ser.api.KafkaSerdesTester] (Thread-654) topic-f6508333_7af9_4c84_bf46_a1d76e6d012f 0 8 {"active": true}
2025-08-07 12:31:13,124 INFO  [io.api.tes.ser.api.KafkaSerdesTester] (Thread-654) topic-f6508333_7af9_4c84_bf46_a1d76e6d012f 0 9 {"id": "record-9"}
2025-08-07 12:31:13,124 INFO  [io.api.tes.ser.api.KafkaSerdesTester] (Thread-654) Consumed 10 messages
2025-08-07 12:31:13,132 INFO  [org.apa.kaf.cli.con.int.ConsumerRebalanceListenerInvoker] (Thread-654) [Consumer clientId=consumer-Consumer-topic-f6508333_7af9_4c84_bf46_a1d76e6d012f-8, groupId=Consumer-topic-f6508333_7af9_4c84_bf46_a1d76e6d012f] Revoke previously assigned partitions topic-f6508333_7af9_4c84_bf46_a1d76e6d012f-0
2025-08-07 12:31:13,133 INFO  [org.apa.kaf.cli.con.int.ConsumerCoordinator] (Thread-654) [Consumer clientId=consumer-Consumer-topic-f6508333_7af9_4c84_bf46_a1d76e6d012f-8, groupId=Consumer-topic-f6508333_7af9_4c84_bf46_a1d76e6d012f] Member consumer-Consumer-topic-f6508333_7af9_4c84_bf46_a1d76e6d012f-8-70f863f3-0c02-4d44-b517-82313e283996 sending LeaveGroup request to coordinator localhost:32769 (id: 2147483647 rack: null) due to the consumer is being closed
2025-08-07 12:31:13,133 INFO  [org.apa.kaf.cli.con.int.ConsumerCoordinator] (Thread-654) [Consumer clientId=consumer-Consumer-topic-f6508333_7af9_4c84_bf46_a1d76e6d012f-8, groupId=Consumer-topic-f6508333_7af9_4c84_bf46_a1d76e6d012f] Resetting generation and member id due to: consumer pro-actively leaving the group
2025-08-07 12:31:13,133 INFO  [org.apa.kaf.cli.con.int.ConsumerCoordinator] (Thread-654) [Consumer clientId=consumer-Consumer-topic-f6508333_7af9_4c84_bf46_a1d76e6d012f-8, groupId=Consumer-topic-f6508333_7af9_4c84_bf46_a1d76e6d012f] Request joining group due to: consumer pro-actively leaving the group
2025-08-07 12:31:13,628 INFO  [org.apa.kaf.com.met.Metrics] (Thread-654) Metrics scheduler closed
2025-08-07 12:31:13,628 INFO  [org.apa.kaf.com.met.Metrics] (Thread-654) Closing reporter org.apache.kafka.common.metrics.JmxReporter
2025-08-07 12:31:13,628 INFO  [org.apa.kaf.com.met.Metrics] (Thread-654) Closing reporter org.apache.kafka.common.telemetry.internals.ClientTelemetryReporter
2025-08-07 12:31:13,628 INFO  [org.apa.kaf.com.met.Metrics] (Thread-654) Metrics reporters closed
2025-08-07 12:31:13,630 INFO  [org.apa.kaf.com.uti.AppInfoParser] (Thread-654) App info kafka.consumer for consumer-Consumer-topic-f6508333_7af9_4c84_bf46_a1d76e6d012f-8 unregistered
2025-08-07 12:31:13,631 INFO  [io.api.tes.uti.TestSeparator] (main) io.apicurio.tests.serdes.apicurio.AvroSerdeIT.testAvroUnionWithSpecificReader-FINISHED
2025-08-07 12:31:13,631 INFO  [io.api.tes.uti.TestSeparator] (main) ############################################################################
Test passed: testAvroUnionWithSpecificReader
]]></system-out>
  </testcase>
  <testcase name="testEvolveAvroApicurioReusingClient" classname="io.apicurio.tests.serdes.apicurio.AvroSerdeIT" time="8.21">
    <system-out><![CDATA[2025-08-07 12:31:13,634 INFO  [io.api.tes.uti.TestSeparator] (main) ############################################################################
2025-08-07 12:31:13,634 INFO  [io.api.tes.uti.TestSeparator] (main) io.apicurio.tests.serdes.apicurio.AvroSerdeIT.testEvolveAvroApicurioReusingClient-STARTED
2025-08-07 12:31:13,636 INFO  [io.api.tes.ser.api.AvroSerdeIT] (main) Registering Avro Schema: {"type":"record","name":"sc76f0c88x5ed2x441fxb7e4x4dad8da7ccb8","namespace":"ns_e4a0867b_7dd9_4b62_8ab4_7826372d5872","fields":[{"name":"key11754569873635","type":"string"}]}
**** Registry Base URL: http://registry-app-ksql043.apps.ci419.apicurio-testing.org:80
2025-08-07 12:31:14,837 INFO  [org.apa.kaf.cli.pro.ProducerConfig] (main) ProducerConfig values: 
	acks = -1
	auto.include.jmx.reporter = true
	batch.size = 16384
	bootstrap.servers = [PLAINTEXT://localhost:32769]
	buffer.memory = 33554432
	client.dns.lookup = use_all_dns_ips
	client.id = Producer-topic-ff698d0f_cf7f_40a8_9039_90eae19ccfe8
	compression.gzip.level = -1
	compression.lz4.level = 9
	compression.type = none
	compression.zstd.level = 3
	connections.max.idle.ms = 10000
	delivery.timeout.ms = 120000
	enable.idempotence = true
	enable.metrics.push = true
	interceptor.classes = []
	key.serializer = class org.apache.kafka.common.serialization.StringSerializer
	linger.ms = 0
	max.block.ms = 60000
	max.in.flight.requests.per.connection = 5
	max.request.size = 1048576
	metadata.max.age.ms = 300000
	metadata.max.idle.ms = 300000
	metadata.recovery.strategy = none
	metric.reporters = []
	metrics.num.samples = 2
	metrics.recording.level = INFO
	metrics.sample.window.ms = 30000
	partitioner.adaptive.partitioning.enable = true
	partitioner.availability.timeout.ms = 0
	partitioner.class = null
	partitioner.ignore.keys = false
	receive.buffer.bytes = 32768
	reconnect.backoff.max.ms = 1000
	reconnect.backoff.ms = 50
	request.timeout.ms = 5000
	retries = 2147483647
	retry.backoff.max.ms = 1000
	retry.backoff.ms = 100
	sasl.client.callback.handler.class = null
	sasl.jaas.config = null
	sasl.kerberos.kinit.cmd = /usr/bin/kinit
	sasl.kerberos.min.time.before.relogin = 60000
	sasl.kerberos.service.name = null
	sasl.kerberos.ticket.renew.jitter = 0.05
	sasl.kerberos.ticket.renew.window.factor = 0.8
	sasl.login.callback.handler.class = null
	sasl.login.class = null
	sasl.login.connect.timeout.ms = null
	sasl.login.read.timeout.ms = null
	sasl.login.refresh.buffer.seconds = 300
	sasl.login.refresh.min.period.seconds = 60
	sasl.login.refresh.window.factor = 0.8
	sasl.login.refresh.window.jitter = 0.05
	sasl.login.retry.backoff.max.ms = 10000
	sasl.login.retry.backoff.ms = 100
	sasl.mechanism = GSSAPI
	sasl.oauthbearer.clock.skew.seconds = 30
	sasl.oauthbearer.expected.audience = null
	sasl.oauthbearer.expected.issuer = null
	sasl.oauthbearer.header.urlencode = false
	sasl.oauthbearer.jwks.endpoint.refresh.ms = 3600000
	sasl.oauthbearer.jwks.endpoint.retry.backoff.max.ms = 10000
	sasl.oauthbearer.jwks.endpoint.retry.backoff.ms = 100
	sasl.oauthbearer.jwks.endpoint.url = null
	sasl.oauthbearer.scope.claim.name = scope
	sasl.oauthbearer.sub.claim.name = sub
	sasl.oauthbearer.token.endpoint.url = null
	security.protocol = PLAINTEXT
	security.providers = null
	send.buffer.bytes = 131072
	socket.connection.setup.timeout.max.ms = 30000
	socket.connection.setup.timeout.ms = 10000
	ssl.cipher.suites = null
	ssl.enabled.protocols = [TLSv1.2, TLSv1.3]
	ssl.endpoint.identification.algorithm = https
	ssl.engine.factory.class = null
	ssl.key.password = null
	ssl.keymanager.algorithm = SunX509
	ssl.keystore.certificate.chain = null
	ssl.keystore.key = null
	ssl.keystore.location = null
	ssl.keystore.password = null
	ssl.keystore.type = JKS
	ssl.protocol = TLSv1.3
	ssl.provider = null
	ssl.secure.random.implementation = null
	ssl.trustmanager.algorithm = PKIX
	ssl.truststore.certificates = null
	ssl.truststore.location = null
	ssl.truststore.password = null
	ssl.truststore.type = JKS
	transaction.timeout.ms = 60000
	transactional.id = null
	value.serializer = class io.apicurio.registry.serde.avro.AvroKafkaSerializer

2025-08-07 12:31:14,837 INFO  [org.apa.kaf.com.tel.int.KafkaMetricsCollector] (main) initializing Kafka metrics collector
2025-08-07 12:31:14,840 INFO  [org.apa.kaf.cli.pro.KafkaProducer] (main) [Producer clientId=Producer-topic-ff698d0f_cf7f_40a8_9039_90eae19ccfe8] Instantiated an idempotent producer.
2025-08-07 12:31:14,842 INFO  [org.apa.kaf.cli.pro.ProducerConfig] (main) These configurations '[apicurio.registry.url, apicurio.registry.artifact-resolver-strategy]' were supplied but are not used yet.
2025-08-07 12:31:14,842 INFO  [org.apa.kaf.com.uti.AppInfoParser] (main) Kafka version: 3.9.1
2025-08-07 12:31:14,842 INFO  [org.apa.kaf.com.uti.AppInfoParser] (main) Kafka commitId: f745dfdcee2b9851
2025-08-07 12:31:14,842 INFO  [org.apa.kaf.com.uti.AppInfoParser] (main) Kafka startTimeMs: 1754569874842
**** Registry Base URL: http://registry-app-ksql043.apps.ci419.apicurio-testing.org:80
2025-08-07 12:31:14,842 INFO  [org.apa.kaf.cli.con.ConsumerConfig] (main) ConsumerConfig values: 
	allow.auto.create.topics = true
	auto.commit.interval.ms = 500
	auto.include.jmx.reporter = true
	auto.offset.reset = earliest
	bootstrap.servers = [PLAINTEXT://localhost:32769]
	check.crcs = true
	client.dns.lookup = use_all_dns_ips
	client.id = consumer-Consumer-topic-ff698d0f_cf7f_40a8_9039_90eae19ccfe8-9
	client.rack = 
	connections.max.idle.ms = 10000
	default.api.timeout.ms = 60000
	enable.auto.commit = true
	enable.metrics.push = true
	exclude.internal.topics = true
	fetch.max.bytes = 52428800
	fetch.max.wait.ms = 500
	fetch.min.bytes = 1
	group.id = Consumer-topic-ff698d0f_cf7f_40a8_9039_90eae19ccfe8
	group.instance.id = null
	group.protocol = classic
	group.remote.assignor = null
	heartbeat.interval.ms = 3000
	interceptor.classes = []
	internal.leave.group.on.close = true
	internal.throw.on.fetch.stable.offset.unsupported = false
	isolation.level = read_uncommitted
	key.deserializer = class org.apache.kafka.common.serialization.StringDeserializer
	max.partition.fetch.bytes = 1048576
	max.poll.interval.ms = 300000
	max.poll.records = 500
	metadata.max.age.ms = 300000
	metadata.recovery.strategy = none
	metric.reporters = []
	metrics.num.samples = 2
	metrics.recording.level = INFO
	metrics.sample.window.ms = 30000
	partition.assignment.strategy = [class org.apache.kafka.clients.consumer.RangeAssignor, class org.apache.kafka.clients.consumer.CooperativeStickyAssignor]
	receive.buffer.bytes = 65536
	reconnect.backoff.max.ms = 1000
	reconnect.backoff.ms = 50
	request.timeout.ms = 5000
	retry.backoff.max.ms = 1000
	retry.backoff.ms = 100
	sasl.client.callback.handler.class = null
	sasl.jaas.config = null
	sasl.kerberos.kinit.cmd = /usr/bin/kinit
	sasl.kerberos.min.time.before.relogin = 60000
	sasl.kerberos.service.name = null
	sasl.kerberos.ticket.renew.jitter = 0.05
	sasl.kerberos.ticket.renew.window.factor = 0.8
	sasl.login.callback.handler.class = null
	sasl.login.class = null
	sasl.login.connect.timeout.ms = null
	sasl.login.read.timeout.ms = null
	sasl.login.refresh.buffer.seconds = 300
	sasl.login.refresh.min.period.seconds = 60
	sasl.login.refresh.window.factor = 0.8
	sasl.login.refresh.window.jitter = 0.05
	sasl.login.retry.backoff.max.ms = 10000
	sasl.login.retry.backoff.ms = 100
	sasl.mechanism = GSSAPI
	sasl.oauthbearer.clock.skew.seconds = 30
	sasl.oauthbearer.expected.audience = null
	sasl.oauthbearer.expected.issuer = null
	sasl.oauthbearer.header.urlencode = false
	sasl.oauthbearer.jwks.endpoint.refresh.ms = 3600000
	sasl.oauthbearer.jwks.endpoint.retry.backoff.max.ms = 10000
	sasl.oauthbearer.jwks.endpoint.retry.backoff.ms = 100
	sasl.oauthbearer.jwks.endpoint.url = null
	sasl.oauthbearer.scope.claim.name = scope
	sasl.oauthbearer.sub.claim.name = sub
	sasl.oauthbearer.token.endpoint.url = null
	security.protocol = PLAINTEXT
	security.providers = null
	send.buffer.bytes = 131072
	session.timeout.ms = 45000
	socket.connection.setup.timeout.max.ms = 30000
	socket.connection.setup.timeout.ms = 10000
	ssl.cipher.suites = null
	ssl.enabled.protocols = [TLSv1.2, TLSv1.3]
	ssl.endpoint.identification.algorithm = https
	ssl.engine.factory.class = null
	ssl.key.password = null
	ssl.keymanager.algorithm = SunX509
	ssl.keystore.certificate.chain = null
	ssl.keystore.key = null
	ssl.keystore.location = null
	ssl.keystore.password = null
	ssl.keystore.type = JKS
	ssl.protocol = TLSv1.3
	ssl.provider = null
	ssl.secure.random.implementation = null
	ssl.trustmanager.algorithm = PKIX
	ssl.truststore.certificates = null
	ssl.truststore.location = null
	ssl.truststore.password = null
	ssl.truststore.type = JKS
	value.deserializer = class io.apicurio.registry.serde.avro.AvroKafkaDeserializer

2025-08-07 12:31:14,843 INFO  [org.apa.kaf.com.tel.int.KafkaMetricsCollector] (main) initializing Kafka metrics collector
2025-08-07 12:31:14,847 INFO  [org.apa.kaf.cli.Metadata] (kafka-producer-network-thread | Producer-topic-ff698d0f_cf7f_40a8_9039_90eae19ccfe8) [Producer clientId=Producer-topic-ff698d0f_cf7f_40a8_9039_90eae19ccfe8] Cluster ID: wHHz-MW5SbujoYr4FCRV8g
2025-08-07 12:31:14,849 INFO  [org.apa.kaf.cli.pro.int.TransactionManager] (kafka-producer-network-thread | Producer-topic-ff698d0f_cf7f_40a8_9039_90eae19ccfe8) [Producer clientId=Producer-topic-ff698d0f_cf7f_40a8_9039_90eae19ccfe8] ProducerId set to 11 with epoch 0
2025-08-07 12:31:14,851 INFO  [org.apa.kaf.cli.con.ConsumerConfig] (main) These configurations '[apicurio.registry.url]' were supplied but are not used yet.
2025-08-07 12:31:14,851 INFO  [org.apa.kaf.com.uti.AppInfoParser] (main) Kafka version: 3.9.1
2025-08-07 12:31:14,851 INFO  [org.apa.kaf.com.uti.AppInfoParser] (main) Kafka commitId: f745dfdcee2b9851
2025-08-07 12:31:14,851 INFO  [org.apa.kaf.com.uti.AppInfoParser] (main) Kafka startTimeMs: 1754569874851
2025-08-07 12:31:14,853 INFO  [io.api.tes.ser.api.KafkaSerdesTester] (Thread-659) Sending message {"key11754569873635": "value-0"} to topic topic-ff698d0f_cf7f_40a8_9039_90eae19ccfe8
2025-08-07 12:31:14,857 INFO  [DefaultSchemaResolver] (Thread-659) Retrieving schema content using string: {"type":"record","name":"sc76f0c88x5ed2x441fxb7e4x4dad8da7ccb8","namespace":"ns_e4a0867b_7dd9_4b62_8ab4_7826372d5872","fields":[{"name":"key11754569873635","type":"string"}]}
2025-08-07 12:31:15,020 INFO  [io.api.tes.ser.api.KafkaSerdesTester] (Thread-659) Sending message {"key11754569873635": "value-1"} to topic topic-ff698d0f_cf7f_40a8_9039_90eae19ccfe8
2025-08-07 12:31:15,022 INFO  [io.api.tes.ser.api.KafkaSerdesTester] (Thread-659) Sending message {"key11754569873635": "value-2"} to topic topic-ff698d0f_cf7f_40a8_9039_90eae19ccfe8
2025-08-07 12:31:15,024 INFO  [io.api.tes.ser.api.KafkaSerdesTester] (Thread-659) Sending message {"key11754569873635": "value-3"} to topic topic-ff698d0f_cf7f_40a8_9039_90eae19ccfe8
2025-08-07 12:31:15,026 INFO  [io.api.tes.ser.api.KafkaSerdesTester] (Thread-659) Sending message {"key11754569873635": "value-4"} to topic topic-ff698d0f_cf7f_40a8_9039_90eae19ccfe8
2025-08-07 12:31:15,028 INFO  [io.api.tes.ser.api.KafkaSerdesTester] (Thread-659) Sending message {"key11754569873635": "value-5"} to topic topic-ff698d0f_cf7f_40a8_9039_90eae19ccfe8
2025-08-07 12:31:15,030 INFO  [io.api.tes.ser.api.KafkaSerdesTester] (Thread-659) Sending message {"key11754569873635": "value-6"} to topic topic-ff698d0f_cf7f_40a8_9039_90eae19ccfe8
2025-08-07 12:31:15,034 INFO  [io.api.tes.ser.api.KafkaSerdesTester] (Thread-659) Sending message {"key11754569873635": "value-7"} to topic topic-ff698d0f_cf7f_40a8_9039_90eae19ccfe8
2025-08-07 12:31:15,038 INFO  [io.api.tes.ser.api.KafkaSerdesTester] (Thread-659) Sending message {"key11754569873635": "value-8"} to topic topic-ff698d0f_cf7f_40a8_9039_90eae19ccfe8
2025-08-07 12:31:15,040 INFO  [io.api.tes.ser.api.KafkaSerdesTester] (Thread-659) Sending message {"key11754569873635": "value-9"} to topic topic-ff698d0f_cf7f_40a8_9039_90eae19ccfe8
2025-08-07 12:31:15,042 INFO  [io.api.tes.ser.api.KafkaSerdesTester] (Thread-659) Produced 10 messages
2025-08-07 12:31:15,043 INFO  [org.apa.kaf.cli.con.int.ClassicKafkaConsumer] (Thread-660) [Consumer clientId=consumer-Consumer-topic-ff698d0f_cf7f_40a8_9039_90eae19ccfe8-9, groupId=Consumer-topic-ff698d0f_cf7f_40a8_9039_90eae19ccfe8] Subscribed to topic(s): topic-ff698d0f_cf7f_40a8_9039_90eae19ccfe8
2025-08-07 12:31:15,051 INFO  [org.apa.kaf.cli.Metadata] (Thread-660) [Consumer clientId=consumer-Consumer-topic-ff698d0f_cf7f_40a8_9039_90eae19ccfe8-9, groupId=Consumer-topic-ff698d0f_cf7f_40a8_9039_90eae19ccfe8] Cluster ID: wHHz-MW5SbujoYr4FCRV8g
2025-08-07 12:31:15,054 INFO  [org.apa.kaf.cli.con.int.ConsumerCoordinator] (Thread-660) [Consumer clientId=consumer-Consumer-topic-ff698d0f_cf7f_40a8_9039_90eae19ccfe8-9, groupId=Consumer-topic-ff698d0f_cf7f_40a8_9039_90eae19ccfe8] Discovered group coordinator localhost:32769 (id: 2147483647 rack: null)
2025-08-07 12:31:15,055 INFO  [org.apa.kaf.cli.con.int.ConsumerCoordinator] (Thread-660) [Consumer clientId=consumer-Consumer-topic-ff698d0f_cf7f_40a8_9039_90eae19ccfe8-9, groupId=Consumer-topic-ff698d0f_cf7f_40a8_9039_90eae19ccfe8] (Re-)joining group
2025-08-07 12:31:15,057 INFO  [org.apa.kaf.cli.con.int.ConsumerCoordinator] (Thread-660) [Consumer clientId=consumer-Consumer-topic-ff698d0f_cf7f_40a8_9039_90eae19ccfe8-9, groupId=Consumer-topic-ff698d0f_cf7f_40a8_9039_90eae19ccfe8] Request joining group due to: need to re-join with the given member-id: consumer-Consumer-topic-ff698d0f_cf7f_40a8_9039_90eae19ccfe8-9-a35f30b9-9bdb-46c2-bf2f-f1b103d0285c
2025-08-07 12:31:15,057 INFO  [org.apa.kaf.cli.con.int.ConsumerCoordinator] (Thread-660) [Consumer clientId=consumer-Consumer-topic-ff698d0f_cf7f_40a8_9039_90eae19ccfe8-9, groupId=Consumer-topic-ff698d0f_cf7f_40a8_9039_90eae19ccfe8] (Re-)joining group
2025-08-07 12:31:16,044 INFO  [io.api.tes.ser.api.KafkaSerdesTester] (Thread-660) None found
2025-08-07 12:31:17,045 INFO  [io.api.tes.ser.api.KafkaSerdesTester] (Thread-660) None found
2025-08-07 12:31:18,045 INFO  [io.api.tes.ser.api.KafkaSerdesTester] (Thread-660) None found
2025-08-07 12:31:18,059 INFO  [org.apa.kaf.cli.con.int.ConsumerCoordinator] (Thread-660) [Consumer clientId=consumer-Consumer-topic-ff698d0f_cf7f_40a8_9039_90eae19ccfe8-9, groupId=Consumer-topic-ff698d0f_cf7f_40a8_9039_90eae19ccfe8] Successfully joined group with generation Generation{generationId=1, memberId='consumer-Consumer-topic-ff698d0f_cf7f_40a8_9039_90eae19ccfe8-9-a35f30b9-9bdb-46c2-bf2f-f1b103d0285c', protocol='range'}
2025-08-07 12:31:18,060 INFO  [org.apa.kaf.cli.con.int.ConsumerCoordinator] (Thread-660) [Consumer clientId=consumer-Consumer-topic-ff698d0f_cf7f_40a8_9039_90eae19ccfe8-9, groupId=Consumer-topic-ff698d0f_cf7f_40a8_9039_90eae19ccfe8] Finished assignment for group at generation 1: {consumer-Consumer-topic-ff698d0f_cf7f_40a8_9039_90eae19ccfe8-9-a35f30b9-9bdb-46c2-bf2f-f1b103d0285c=Assignment(partitions=[topic-ff698d0f_cf7f_40a8_9039_90eae19ccfe8-0])}
2025-08-07 12:31:18,066 INFO  [org.apa.kaf.cli.con.int.ConsumerCoordinator] (Thread-660) [Consumer clientId=consumer-Consumer-topic-ff698d0f_cf7f_40a8_9039_90eae19ccfe8-9, groupId=Consumer-topic-ff698d0f_cf7f_40a8_9039_90eae19ccfe8] Successfully synced group in generation Generation{generationId=1, memberId='consumer-Consumer-topic-ff698d0f_cf7f_40a8_9039_90eae19ccfe8-9-a35f30b9-9bdb-46c2-bf2f-f1b103d0285c', protocol='range'}
2025-08-07 12:31:18,067 INFO  [org.apa.kaf.cli.con.int.ConsumerCoordinator] (Thread-660) [Consumer clientId=consumer-Consumer-topic-ff698d0f_cf7f_40a8_9039_90eae19ccfe8-9, groupId=Consumer-topic-ff698d0f_cf7f_40a8_9039_90eae19ccfe8] Notifying assignor about the new Assignment(partitions=[topic-ff698d0f_cf7f_40a8_9039_90eae19ccfe8-0])
2025-08-07 12:31:18,067 INFO  [org.apa.kaf.cli.con.int.ConsumerRebalanceListenerInvoker] (Thread-660) [Consumer clientId=consumer-Consumer-topic-ff698d0f_cf7f_40a8_9039_90eae19ccfe8-9, groupId=Consumer-topic-ff698d0f_cf7f_40a8_9039_90eae19ccfe8] Adding newly assigned partitions: topic-ff698d0f_cf7f_40a8_9039_90eae19ccfe8-0
2025-08-07 12:31:18,068 INFO  [org.apa.kaf.cli.con.int.ConsumerCoordinator] (Thread-660) [Consumer clientId=consumer-Consumer-topic-ff698d0f_cf7f_40a8_9039_90eae19ccfe8-9, groupId=Consumer-topic-ff698d0f_cf7f_40a8_9039_90eae19ccfe8] Found no committed offset for partition topic-ff698d0f_cf7f_40a8_9039_90eae19ccfe8-0
2025-08-07 12:31:18,069 INFO  [org.apa.kaf.cli.con.int.SubscriptionState] (Thread-660) [Consumer clientId=consumer-Consumer-topic-ff698d0f_cf7f_40a8_9039_90eae19ccfe8-9, groupId=Consumer-topic-ff698d0f_cf7f_40a8_9039_90eae19ccfe8] Resetting offset for partition topic-ff698d0f_cf7f_40a8_9039_90eae19ccfe8-0 to position FetchPosition{offset=0, offsetEpoch=Optional.empty, currentLeader=LeaderAndEpoch{leader=Optional[localhost:32769 (id: 0 rack: null)], epoch=0}}.
2025-08-07 12:31:18,317 INFO  [io.api.tes.ser.api.KafkaSerdesTester] (Thread-660) topic-ff698d0f_cf7f_40a8_9039_90eae19ccfe8 0 0 {"key11754569873635": "value-0"}
2025-08-07 12:31:18,317 INFO  [io.api.tes.ser.api.KafkaSerdesTester] (Thread-660) topic-ff698d0f_cf7f_40a8_9039_90eae19ccfe8 0 1 {"key11754569873635": "value-1"}
2025-08-07 12:31:18,317 INFO  [io.api.tes.ser.api.KafkaSerdesTester] (Thread-660) topic-ff698d0f_cf7f_40a8_9039_90eae19ccfe8 0 2 {"key11754569873635": "value-2"}
2025-08-07 12:31:18,317 INFO  [io.api.tes.ser.api.KafkaSerdesTester] (Thread-660) topic-ff698d0f_cf7f_40a8_9039_90eae19ccfe8 0 3 {"key11754569873635": "value-3"}
2025-08-07 12:31:18,317 INFO  [io.api.tes.ser.api.KafkaSerdesTester] (Thread-660) topic-ff698d0f_cf7f_40a8_9039_90eae19ccfe8 0 4 {"key11754569873635": "value-4"}
2025-08-07 12:31:18,317 INFO  [io.api.tes.ser.api.KafkaSerdesTester] (Thread-660) topic-ff698d0f_cf7f_40a8_9039_90eae19ccfe8 0 5 {"key11754569873635": "value-5"}
2025-08-07 12:31:18,317 INFO  [io.api.tes.ser.api.KafkaSerdesTester] (Thread-660) topic-ff698d0f_cf7f_40a8_9039_90eae19ccfe8 0 6 {"key11754569873635": "value-6"}
2025-08-07 12:31:18,317 INFO  [io.api.tes.ser.api.KafkaSerdesTester] (Thread-660) topic-ff698d0f_cf7f_40a8_9039_90eae19ccfe8 0 7 {"key11754569873635": "value-7"}
2025-08-07 12:31:18,317 INFO  [io.api.tes.ser.api.KafkaSerdesTester] (Thread-660) topic-ff698d0f_cf7f_40a8_9039_90eae19ccfe8 0 8 {"key11754569873635": "value-8"}
2025-08-07 12:31:18,317 INFO  [io.api.tes.ser.api.KafkaSerdesTester] (Thread-660) topic-ff698d0f_cf7f_40a8_9039_90eae19ccfe8 0 9 {"key11754569873635": "value-9"}
2025-08-07 12:31:18,317 INFO  [io.api.tes.ser.api.KafkaSerdesTester] (Thread-660) Consumed 10 messages
2025-08-07 12:31:18,318 INFO  [io.api.tes.ser.api.AvroSerdeIT] (main) Registering Avro Schema 2: {"type":"record","name":"sc76f0c88x5ed2x441fxb7e4x4dad8da7ccb8","namespace":"ns_e4a0867b_7dd9_4b62_8ab4_7826372d5872","fields":[{"name":"key11754569873635","type":"string"},{"name":"key21754569878318","type":"string"}]}
2025-08-07 12:31:19,518 INFO  [io.api.tes.ser.api.KafkaSerdesTester] (Thread-661) Sending message {"key11754569873635": "value-0", "key21754569878318": "value-0"} to topic topic-ff698d0f_cf7f_40a8_9039_90eae19ccfe8
2025-08-07 12:31:19,518 INFO  [DefaultSchemaResolver] (Thread-661) Retrieving schema content using string: {"type":"record","name":"sc76f0c88x5ed2x441fxb7e4x4dad8da7ccb8","namespace":"ns_e4a0867b_7dd9_4b62_8ab4_7826372d5872","fields":[{"name":"key11754569873635","type":"string"},{"name":"key21754569878318","type":"string"}]}
2025-08-07 12:31:19,608 INFO  [io.api.tes.ser.api.KafkaSerdesTester] (Thread-661) Sending message {"key11754569873635": "value-1", "key21754569878318": "value-1"} to topic topic-ff698d0f_cf7f_40a8_9039_90eae19ccfe8
2025-08-07 12:31:19,610 INFO  [io.api.tes.ser.api.KafkaSerdesTester] (Thread-661) Sending message {"key11754569873635": "value-2", "key21754569878318": "value-2"} to topic topic-ff698d0f_cf7f_40a8_9039_90eae19ccfe8
2025-08-07 12:31:19,613 INFO  [io.api.tes.ser.api.KafkaSerdesTester] (Thread-661) Sending message {"key11754569873635": "value-3", "key21754569878318": "value-3"} to topic topic-ff698d0f_cf7f_40a8_9039_90eae19ccfe8
2025-08-07 12:31:19,615 INFO  [io.api.tes.ser.api.KafkaSerdesTester] (Thread-661) Sending message {"key11754569873635": "value-4", "key21754569878318": "value-4"} to topic topic-ff698d0f_cf7f_40a8_9039_90eae19ccfe8
2025-08-07 12:31:19,616 INFO  [io.api.tes.ser.api.KafkaSerdesTester] (Thread-661) Sending message {"key11754569873635": "value-5", "key21754569878318": "value-5"} to topic topic-ff698d0f_cf7f_40a8_9039_90eae19ccfe8
2025-08-07 12:31:19,619 INFO  [io.api.tes.ser.api.KafkaSerdesTester] (Thread-661) Sending message {"key11754569873635": "value-6", "key21754569878318": "value-6"} to topic topic-ff698d0f_cf7f_40a8_9039_90eae19ccfe8
2025-08-07 12:31:19,621 INFO  [io.api.tes.ser.api.KafkaSerdesTester] (Thread-661) Sending message {"key11754569873635": "value-7", "key21754569878318": "value-7"} to topic topic-ff698d0f_cf7f_40a8_9039_90eae19ccfe8
2025-08-07 12:31:19,623 INFO  [io.api.tes.ser.api.KafkaSerdesTester] (Thread-661) Sending message {"key11754569873635": "value-8", "key21754569878318": "value-8"} to topic topic-ff698d0f_cf7f_40a8_9039_90eae19ccfe8
2025-08-07 12:31:19,629 INFO  [io.api.tes.ser.api.KafkaSerdesTester] (Thread-661) Sending message {"key11754569873635": "value-9", "key21754569878318": "value-9"} to topic topic-ff698d0f_cf7f_40a8_9039_90eae19ccfe8
2025-08-07 12:31:19,635 INFO  [io.api.tes.ser.api.KafkaSerdesTester] (Thread-661) Produced 10 messages
2025-08-07 12:31:19,636 INFO  [io.api.tes.ser.api.KafkaSerdesTester] (Thread-662) Sending message {"key11754569873635": "value-0"} to topic topic-ff698d0f_cf7f_40a8_9039_90eae19ccfe8
2025-08-07 12:31:19,638 INFO  [io.api.tes.ser.api.KafkaSerdesTester] (Thread-662) Sending message {"key11754569873635": "value-1"} to topic topic-ff698d0f_cf7f_40a8_9039_90eae19ccfe8
2025-08-07 12:31:19,641 INFO  [io.api.tes.ser.api.KafkaSerdesTester] (Thread-662) Sending message {"key11754569873635": "value-2"} to topic topic-ff698d0f_cf7f_40a8_9039_90eae19ccfe8
2025-08-07 12:31:19,643 INFO  [io.api.tes.ser.api.KafkaSerdesTester] (Thread-662) Sending message {"key11754569873635": "value-3"} to topic topic-ff698d0f_cf7f_40a8_9039_90eae19ccfe8
2025-08-07 12:31:19,645 INFO  [io.api.tes.ser.api.KafkaSerdesTester] (Thread-662) Sending message {"key11754569873635": "value-4"} to topic topic-ff698d0f_cf7f_40a8_9039_90eae19ccfe8
2025-08-07 12:31:19,647 INFO  [io.api.tes.ser.api.KafkaSerdesTester] (Thread-662) Sending message {"key11754569873635": "value-5"} to topic topic-ff698d0f_cf7f_40a8_9039_90eae19ccfe8
2025-08-07 12:31:19,649 INFO  [io.api.tes.ser.api.KafkaSerdesTester] (Thread-662) Sending message {"key11754569873635": "value-6"} to topic topic-ff698d0f_cf7f_40a8_9039_90eae19ccfe8
2025-08-07 12:31:19,651 INFO  [io.api.tes.ser.api.KafkaSerdesTester] (Thread-662) Sending message {"key11754569873635": "value-7"} to topic topic-ff698d0f_cf7f_40a8_9039_90eae19ccfe8
2025-08-07 12:31:19,653 INFO  [io.api.tes.ser.api.KafkaSerdesTester] (Thread-662) Sending message {"key11754569873635": "value-8"} to topic topic-ff698d0f_cf7f_40a8_9039_90eae19ccfe8
2025-08-07 12:31:19,655 INFO  [io.api.tes.ser.api.KafkaSerdesTester] (Thread-662) Sending message {"key11754569873635": "value-9"} to topic topic-ff698d0f_cf7f_40a8_9039_90eae19ccfe8
2025-08-07 12:31:19,656 INFO  [io.api.tes.ser.api.KafkaSerdesTester] (Thread-662) Produced 10 messages
2025-08-07 12:31:19,658 INFO  [org.apa.kaf.cli.con.int.ClassicKafkaConsumer] (Thread-663) [Consumer clientId=consumer-Consumer-topic-ff698d0f_cf7f_40a8_9039_90eae19ccfe8-9, groupId=Consumer-topic-ff698d0f_cf7f_40a8_9039_90eae19ccfe8] Subscribed to topic(s): topic-ff698d0f_cf7f_40a8_9039_90eae19ccfe8
2025-08-07 12:31:19,829 INFO  [io.api.tes.ser.api.KafkaSerdesTester] (Thread-663) topic-ff698d0f_cf7f_40a8_9039_90eae19ccfe8 0 10 {"key11754569873635": "value-0", "key21754569878318": "value-0"}
2025-08-07 12:31:19,829 INFO  [io.api.tes.ser.api.KafkaSerdesTester] (Thread-663) topic-ff698d0f_cf7f_40a8_9039_90eae19ccfe8 0 11 {"key11754569873635": "value-1", "key21754569878318": "value-1"}
2025-08-07 12:31:19,829 INFO  [io.api.tes.ser.api.KafkaSerdesTester] (Thread-663) topic-ff698d0f_cf7f_40a8_9039_90eae19ccfe8 0 12 {"key11754569873635": "value-2", "key21754569878318": "value-2"}
2025-08-07 12:31:19,829 INFO  [io.api.tes.ser.api.KafkaSerdesTester] (Thread-663) topic-ff698d0f_cf7f_40a8_9039_90eae19ccfe8 0 13 {"key11754569873635": "value-3", "key21754569878318": "value-3"}
2025-08-07 12:31:19,830 INFO  [io.api.tes.ser.api.KafkaSerdesTester] (Thread-663) topic-ff698d0f_cf7f_40a8_9039_90eae19ccfe8 0 14 {"key11754569873635": "value-4", "key21754569878318": "value-4"}
2025-08-07 12:31:19,830 INFO  [io.api.tes.ser.api.KafkaSerdesTester] (Thread-663) topic-ff698d0f_cf7f_40a8_9039_90eae19ccfe8 0 15 {"key11754569873635": "value-5", "key21754569878318": "value-5"}
2025-08-07 12:31:19,830 INFO  [io.api.tes.ser.api.KafkaSerdesTester] (Thread-663) topic-ff698d0f_cf7f_40a8_9039_90eae19ccfe8 0 16 {"key11754569873635": "value-6", "key21754569878318": "value-6"}
2025-08-07 12:31:19,830 INFO  [io.api.tes.ser.api.KafkaSerdesTester] (Thread-663) topic-ff698d0f_cf7f_40a8_9039_90eae19ccfe8 0 17 {"key11754569873635": "value-7", "key21754569878318": "value-7"}
2025-08-07 12:31:19,830 INFO  [io.api.tes.ser.api.KafkaSerdesTester] (Thread-663) topic-ff698d0f_cf7f_40a8_9039_90eae19ccfe8 0 18 {"key11754569873635": "value-8", "key21754569878318": "value-8"}
2025-08-07 12:31:19,830 INFO  [io.api.tes.ser.api.KafkaSerdesTester] (Thread-663) topic-ff698d0f_cf7f_40a8_9039_90eae19ccfe8 0 19 {"key11754569873635": "value-9", "key21754569878318": "value-9"}
2025-08-07 12:31:19,830 INFO  [io.api.tes.ser.api.KafkaSerdesTester] (Thread-663) topic-ff698d0f_cf7f_40a8_9039_90eae19ccfe8 0 20 {"key11754569873635": "value-0"}
2025-08-07 12:31:19,830 INFO  [io.api.tes.ser.api.KafkaSerdesTester] (Thread-663) topic-ff698d0f_cf7f_40a8_9039_90eae19ccfe8 0 21 {"key11754569873635": "value-1"}
2025-08-07 12:31:19,830 INFO  [io.api.tes.ser.api.KafkaSerdesTester] (Thread-663) topic-ff698d0f_cf7f_40a8_9039_90eae19ccfe8 0 22 {"key11754569873635": "value-2"}
2025-08-07 12:31:19,830 INFO  [io.api.tes.ser.api.KafkaSerdesTester] (Thread-663) topic-ff698d0f_cf7f_40a8_9039_90eae19ccfe8 0 23 {"key11754569873635": "value-3"}
2025-08-07 12:31:19,830 INFO  [io.api.tes.ser.api.KafkaSerdesTester] (Thread-663) topic-ff698d0f_cf7f_40a8_9039_90eae19ccfe8 0 24 {"key11754569873635": "value-4"}
2025-08-07 12:31:19,830 INFO  [io.api.tes.ser.api.KafkaSerdesTester] (Thread-663) topic-ff698d0f_cf7f_40a8_9039_90eae19ccfe8 0 25 {"key11754569873635": "value-5"}
2025-08-07 12:31:19,830 INFO  [io.api.tes.ser.api.KafkaSerdesTester] (Thread-663) topic-ff698d0f_cf7f_40a8_9039_90eae19ccfe8 0 26 {"key11754569873635": "value-6"}
2025-08-07 12:31:19,830 INFO  [io.api.tes.ser.api.KafkaSerdesTester] (Thread-663) topic-ff698d0f_cf7f_40a8_9039_90eae19ccfe8 0 27 {"key11754569873635": "value-7"}
2025-08-07 12:31:19,830 INFO  [io.api.tes.ser.api.KafkaSerdesTester] (Thread-663) topic-ff698d0f_cf7f_40a8_9039_90eae19ccfe8 0 28 {"key11754569873635": "value-8"}
2025-08-07 12:31:19,830 INFO  [io.api.tes.ser.api.KafkaSerdesTester] (Thread-663) topic-ff698d0f_cf7f_40a8_9039_90eae19ccfe8 0 29 {"key11754569873635": "value-9"}
2025-08-07 12:31:19,830 INFO  [io.api.tes.ser.api.KafkaSerdesTester] (Thread-663) Consumed 20 messages
2025-08-07 12:31:19,832 INFO  [io.api.tes.ser.api.AvroSerdeIT] (main) Registering Avro Schema 3: {"type":"record","name":"sc76f0c88x5ed2x441fxb7e4x4dad8da7ccb8","namespace":"ns_e4a0867b_7dd9_4b62_8ab4_7826372d5872","fields":[{"name":"key11754569873635","type":"string"},{"name":"key21754569878318","type":"string"},{"name":"key31754569879831","type":"string"}]}
2025-08-07 12:31:21,022 INFO  [io.api.tes.ser.api.KafkaSerdesTester] (Thread-664) Sending message {"key11754569873635": "value-0", "key21754569878318": "value-0", "key31754569879831": "value-0"} to topic topic-ff698d0f_cf7f_40a8_9039_90eae19ccfe8
2025-08-07 12:31:21,022 INFO  [DefaultSchemaResolver] (Thread-664) Retrieving schema content using string: {"type":"record","name":"sc76f0c88x5ed2x441fxb7e4x4dad8da7ccb8","namespace":"ns_e4a0867b_7dd9_4b62_8ab4_7826372d5872","fields":[{"name":"key11754569873635","type":"string"},{"name":"key21754569878318","type":"string"},{"name":"key31754569879831","type":"string"}]}
2025-08-07 12:31:21,106 INFO  [io.api.tes.ser.api.KafkaSerdesTester] (Thread-664) Sending message {"key11754569873635": "value-1", "key21754569878318": "value-1", "key31754569879831": "value-1"} to topic topic-ff698d0f_cf7f_40a8_9039_90eae19ccfe8
2025-08-07 12:31:21,109 INFO  [io.api.tes.ser.api.KafkaSerdesTester] (Thread-664) Sending message {"key11754569873635": "value-2", "key21754569878318": "value-2", "key31754569879831": "value-2"} to topic topic-ff698d0f_cf7f_40a8_9039_90eae19ccfe8
2025-08-07 12:31:21,112 INFO  [io.api.tes.ser.api.KafkaSerdesTester] (Thread-664) Sending message {"key11754569873635": "value-3", "key21754569878318": "value-3", "key31754569879831": "value-3"} to topic topic-ff698d0f_cf7f_40a8_9039_90eae19ccfe8
2025-08-07 12:31:21,116 INFO  [io.api.tes.ser.api.KafkaSerdesTester] (Thread-664) Sending message {"key11754569873635": "value-4", "key21754569878318": "value-4", "key31754569879831": "value-4"} to topic topic-ff698d0f_cf7f_40a8_9039_90eae19ccfe8
2025-08-07 12:31:21,119 INFO  [io.api.tes.ser.api.KafkaSerdesTester] (Thread-664) Sending message {"key11754569873635": "value-5", "key21754569878318": "value-5", "key31754569879831": "value-5"} to topic topic-ff698d0f_cf7f_40a8_9039_90eae19ccfe8
2025-08-07 12:31:21,123 INFO  [io.api.tes.ser.api.KafkaSerdesTester] (Thread-664) Sending message {"key11754569873635": "value-6", "key21754569878318": "value-6", "key31754569879831": "value-6"} to topic topic-ff698d0f_cf7f_40a8_9039_90eae19ccfe8
2025-08-07 12:31:21,125 INFO  [io.api.tes.ser.api.KafkaSerdesTester] (Thread-664) Sending message {"key11754569873635": "value-7", "key21754569878318": "value-7", "key31754569879831": "value-7"} to topic topic-ff698d0f_cf7f_40a8_9039_90eae19ccfe8
2025-08-07 12:31:21,127 INFO  [io.api.tes.ser.api.KafkaSerdesTester] (Thread-664) Sending message {"key11754569873635": "value-8", "key21754569878318": "value-8", "key31754569879831": "value-8"} to topic topic-ff698d0f_cf7f_40a8_9039_90eae19ccfe8
2025-08-07 12:31:21,129 INFO  [io.api.tes.ser.api.KafkaSerdesTester] (Thread-664) Sending message {"key11754569873635": "value-9", "key21754569878318": "value-9", "key31754569879831": "value-9"} to topic topic-ff698d0f_cf7f_40a8_9039_90eae19ccfe8
2025-08-07 12:31:21,131 INFO  [io.api.tes.ser.api.KafkaSerdesTester] (Thread-664) Produced 10 messages
2025-08-07 12:31:21,131 INFO  [io.api.tes.ser.api.KafkaSerdesTester] (Thread-665) Sending message {"key11754569873635": "value-0", "key21754569878318": "value-0"} to topic topic-ff698d0f_cf7f_40a8_9039_90eae19ccfe8
2025-08-07 12:31:21,133 INFO  [io.api.tes.ser.api.KafkaSerdesTester] (Thread-665) Sending message {"key11754569873635": "value-1", "key21754569878318": "value-1"} to topic topic-ff698d0f_cf7f_40a8_9039_90eae19ccfe8
2025-08-07 12:31:21,135 INFO  [io.api.tes.ser.api.KafkaSerdesTester] (Thread-665) Sending message {"key11754569873635": "value-2", "key21754569878318": "value-2"} to topic topic-ff698d0f_cf7f_40a8_9039_90eae19ccfe8
2025-08-07 12:31:21,136 INFO  [io.api.tes.ser.api.KafkaSerdesTester] (Thread-665) Sending message {"key11754569873635": "value-3", "key21754569878318": "value-3"} to topic topic-ff698d0f_cf7f_40a8_9039_90eae19ccfe8
2025-08-07 12:31:21,138 INFO  [io.api.tes.ser.api.KafkaSerdesTester] (Thread-665) Sending message {"key11754569873635": "value-4", "key21754569878318": "value-4"} to topic topic-ff698d0f_cf7f_40a8_9039_90eae19ccfe8
2025-08-07 12:31:21,141 INFO  [io.api.tes.ser.api.KafkaSerdesTester] (Thread-665) Sending message {"key11754569873635": "value-5", "key21754569878318": "value-5"} to topic topic-ff698d0f_cf7f_40a8_9039_90eae19ccfe8
2025-08-07 12:31:21,142 INFO  [io.api.tes.ser.api.KafkaSerdesTester] (Thread-665) Sending message {"key11754569873635": "value-6", "key21754569878318": "value-6"} to topic topic-ff698d0f_cf7f_40a8_9039_90eae19ccfe8
2025-08-07 12:31:21,143 INFO  [io.api.tes.ser.api.KafkaSerdesTester] (Thread-665) Sending message {"key11754569873635": "value-7", "key21754569878318": "value-7"} to topic topic-ff698d0f_cf7f_40a8_9039_90eae19ccfe8
2025-08-07 12:31:21,146 INFO  [io.api.tes.ser.api.KafkaSerdesTester] (Thread-665) Sending message {"key11754569873635": "value-8", "key21754569878318": "value-8"} to topic topic-ff698d0f_cf7f_40a8_9039_90eae19ccfe8
2025-08-07 12:31:21,148 INFO  [io.api.tes.ser.api.KafkaSerdesTester] (Thread-665) Sending message {"key11754569873635": "value-9", "key21754569878318": "value-9"} to topic topic-ff698d0f_cf7f_40a8_9039_90eae19ccfe8
2025-08-07 12:31:21,149 INFO  [io.api.tes.ser.api.KafkaSerdesTester] (Thread-665) Produced 10 messages
2025-08-07 12:31:21,150 INFO  [io.api.tes.ser.api.KafkaSerdesTester] (Thread-666) Sending message {"key11754569873635": "value-0"} to topic topic-ff698d0f_cf7f_40a8_9039_90eae19ccfe8
2025-08-07 12:31:21,151 INFO  [io.api.tes.ser.api.KafkaSerdesTester] (Thread-666) Sending message {"key11754569873635": "value-1"} to topic topic-ff698d0f_cf7f_40a8_9039_90eae19ccfe8
2025-08-07 12:31:21,153 INFO  [io.api.tes.ser.api.KafkaSerdesTester] (Thread-666) Sending message {"key11754569873635": "value-2"} to topic topic-ff698d0f_cf7f_40a8_9039_90eae19ccfe8
2025-08-07 12:31:21,154 INFO  [io.api.tes.ser.api.KafkaSerdesTester] (Thread-666) Sending message {"key11754569873635": "value-3"} to topic topic-ff698d0f_cf7f_40a8_9039_90eae19ccfe8
2025-08-07 12:31:21,156 INFO  [io.api.tes.ser.api.KafkaSerdesTester] (Thread-666) Sending message {"key11754569873635": "value-4"} to topic topic-ff698d0f_cf7f_40a8_9039_90eae19ccfe8
2025-08-07 12:31:21,157 INFO  [io.api.tes.ser.api.KafkaSerdesTester] (Thread-666) Sending message {"key11754569873635": "value-5"} to topic topic-ff698d0f_cf7f_40a8_9039_90eae19ccfe8
2025-08-07 12:31:21,159 INFO  [io.api.tes.ser.api.KafkaSerdesTester] (Thread-666) Sending message {"key11754569873635": "value-6"} to topic topic-ff698d0f_cf7f_40a8_9039_90eae19ccfe8
2025-08-07 12:31:21,161 INFO  [io.api.tes.ser.api.KafkaSerdesTester] (Thread-666) Sending message {"key11754569873635": "value-7"} to topic topic-ff698d0f_cf7f_40a8_9039_90eae19ccfe8
2025-08-07 12:31:21,163 INFO  [io.api.tes.ser.api.KafkaSerdesTester] (Thread-666) Sending message {"key11754569873635": "value-8"} to topic topic-ff698d0f_cf7f_40a8_9039_90eae19ccfe8
2025-08-07 12:31:21,164 INFO  [io.api.tes.ser.api.KafkaSerdesTester] (Thread-666) Sending message {"key11754569873635": "value-9"} to topic topic-ff698d0f_cf7f_40a8_9039_90eae19ccfe8
2025-08-07 12:31:21,166 INFO  [io.api.tes.ser.api.KafkaSerdesTester] (Thread-666) Produced 10 messages
2025-08-07 12:31:21,167 INFO  [org.apa.kaf.cli.con.int.ClassicKafkaConsumer] (Thread-667) [Consumer clientId=consumer-Consumer-topic-ff698d0f_cf7f_40a8_9039_90eae19ccfe8-9, groupId=Consumer-topic-ff698d0f_cf7f_40a8_9039_90eae19ccfe8] Subscribed to topic(s): topic-ff698d0f_cf7f_40a8_9039_90eae19ccfe8
2025-08-07 12:31:21,337 INFO  [io.api.tes.ser.api.KafkaSerdesTester] (Thread-667) topic-ff698d0f_cf7f_40a8_9039_90eae19ccfe8 0 30 {"key11754569873635": "value-0", "key21754569878318": "value-0", "key31754569879831": "value-0"}
2025-08-07 12:31:21,337 INFO  [io.api.tes.ser.api.KafkaSerdesTester] (Thread-667) topic-ff698d0f_cf7f_40a8_9039_90eae19ccfe8 0 31 {"key11754569873635": "value-1", "key21754569878318": "value-1", "key31754569879831": "value-1"}
2025-08-07 12:31:21,337 INFO  [io.api.tes.ser.api.KafkaSerdesTester] (Thread-667) topic-ff698d0f_cf7f_40a8_9039_90eae19ccfe8 0 32 {"key11754569873635": "value-2", "key21754569878318": "value-2", "key31754569879831": "value-2"}
2025-08-07 12:31:21,337 INFO  [io.api.tes.ser.api.KafkaSerdesTester] (Thread-667) topic-ff698d0f_cf7f_40a8_9039_90eae19ccfe8 0 33 {"key11754569873635": "value-3", "key21754569878318": "value-3", "key31754569879831": "value-3"}
2025-08-07 12:31:21,338 INFO  [io.api.tes.ser.api.KafkaSerdesTester] (Thread-667) topic-ff698d0f_cf7f_40a8_9039_90eae19ccfe8 0 34 {"key11754569873635": "value-4", "key21754569878318": "value-4", "key31754569879831": "value-4"}
2025-08-07 12:31:21,338 INFO  [io.api.tes.ser.api.KafkaSerdesTester] (Thread-667) topic-ff698d0f_cf7f_40a8_9039_90eae19ccfe8 0 35 {"key11754569873635": "value-5", "key21754569878318": "value-5", "key31754569879831": "value-5"}
2025-08-07 12:31:21,338 INFO  [io.api.tes.ser.api.KafkaSerdesTester] (Thread-667) topic-ff698d0f_cf7f_40a8_9039_90eae19ccfe8 0 36 {"key11754569873635": "value-6", "key21754569878318": "value-6", "key31754569879831": "value-6"}
2025-08-07 12:31:21,338 INFO  [io.api.tes.ser.api.KafkaSerdesTester] (Thread-667) topic-ff698d0f_cf7f_40a8_9039_90eae19ccfe8 0 37 {"key11754569873635": "value-7", "key21754569878318": "value-7", "key31754569879831": "value-7"}
2025-08-07 12:31:21,338 INFO  [io.api.tes.ser.api.KafkaSerdesTester] (Thread-667) topic-ff698d0f_cf7f_40a8_9039_90eae19ccfe8 0 38 {"key11754569873635": "value-8", "key21754569878318": "value-8", "key31754569879831": "value-8"}
2025-08-07 12:31:21,338 INFO  [io.api.tes.ser.api.KafkaSerdesTester] (Thread-667) topic-ff698d0f_cf7f_40a8_9039_90eae19ccfe8 0 39 {"key11754569873635": "value-9", "key21754569878318": "value-9", "key31754569879831": "value-9"}
2025-08-07 12:31:21,338 INFO  [io.api.tes.ser.api.KafkaSerdesTester] (Thread-667) topic-ff698d0f_cf7f_40a8_9039_90eae19ccfe8 0 40 {"key11754569873635": "value-0", "key21754569878318": "value-0"}
2025-08-07 12:31:21,338 INFO  [io.api.tes.ser.api.KafkaSerdesTester] (Thread-667) topic-ff698d0f_cf7f_40a8_9039_90eae19ccfe8 0 41 {"key11754569873635": "value-1", "key21754569878318": "value-1"}
2025-08-07 12:31:21,338 INFO  [io.api.tes.ser.api.KafkaSerdesTester] (Thread-667) topic-ff698d0f_cf7f_40a8_9039_90eae19ccfe8 0 42 {"key11754569873635": "value-2", "key21754569878318": "value-2"}
2025-08-07 12:31:21,338 INFO  [io.api.tes.ser.api.KafkaSerdesTester] (Thread-667) topic-ff698d0f_cf7f_40a8_9039_90eae19ccfe8 0 43 {"key11754569873635": "value-3", "key21754569878318": "value-3"}
2025-08-07 12:31:21,338 INFO  [io.api.tes.ser.api.KafkaSerdesTester] (Thread-667) topic-ff698d0f_cf7f_40a8_9039_90eae19ccfe8 0 44 {"key11754569873635": "value-4", "key21754569878318": "value-4"}
2025-08-07 12:31:21,338 INFO  [io.api.tes.ser.api.KafkaSerdesTester] (Thread-667) topic-ff698d0f_cf7f_40a8_9039_90eae19ccfe8 0 45 {"key11754569873635": "value-5", "key21754569878318": "value-5"}
2025-08-07 12:31:21,338 INFO  [io.api.tes.ser.api.KafkaSerdesTester] (Thread-667) topic-ff698d0f_cf7f_40a8_9039_90eae19ccfe8 0 46 {"key11754569873635": "value-6", "key21754569878318": "value-6"}
2025-08-07 12:31:21,338 INFO  [io.api.tes.ser.api.KafkaSerdesTester] (Thread-667) topic-ff698d0f_cf7f_40a8_9039_90eae19ccfe8 0 47 {"key11754569873635": "value-7", "key21754569878318": "value-7"}
2025-08-07 12:31:21,338 INFO  [io.api.tes.ser.api.KafkaSerdesTester] (Thread-667) topic-ff698d0f_cf7f_40a8_9039_90eae19ccfe8 0 48 {"key11754569873635": "value-8", "key21754569878318": "value-8"}
2025-08-07 12:31:21,338 INFO  [io.api.tes.ser.api.KafkaSerdesTester] (Thread-667) topic-ff698d0f_cf7f_40a8_9039_90eae19ccfe8 0 49 {"key11754569873635": "value-9", "key21754569878318": "value-9"}
2025-08-07 12:31:21,338 INFO  [io.api.tes.ser.api.KafkaSerdesTester] (Thread-667) topic-ff698d0f_cf7f_40a8_9039_90eae19ccfe8 0 50 {"key11754569873635": "value-0"}
2025-08-07 12:31:21,338 INFO  [io.api.tes.ser.api.KafkaSerdesTester] (Thread-667) topic-ff698d0f_cf7f_40a8_9039_90eae19ccfe8 0 51 {"key11754569873635": "value-1"}
2025-08-07 12:31:21,338 INFO  [io.api.tes.ser.api.KafkaSerdesTester] (Thread-667) topic-ff698d0f_cf7f_40a8_9039_90eae19ccfe8 0 52 {"key11754569873635": "value-2"}
2025-08-07 12:31:21,339 INFO  [io.api.tes.ser.api.KafkaSerdesTester] (Thread-667) topic-ff698d0f_cf7f_40a8_9039_90eae19ccfe8 0 53 {"key11754569873635": "value-3"}
2025-08-07 12:31:21,339 INFO  [io.api.tes.ser.api.KafkaSerdesTester] (Thread-667) topic-ff698d0f_cf7f_40a8_9039_90eae19ccfe8 0 54 {"key11754569873635": "value-4"}
2025-08-07 12:31:21,339 INFO  [io.api.tes.ser.api.KafkaSerdesTester] (Thread-667) topic-ff698d0f_cf7f_40a8_9039_90eae19ccfe8 0 55 {"key11754569873635": "value-5"}
2025-08-07 12:31:21,339 INFO  [io.api.tes.ser.api.KafkaSerdesTester] (Thread-667) topic-ff698d0f_cf7f_40a8_9039_90eae19ccfe8 0 56 {"key11754569873635": "value-6"}
2025-08-07 12:31:21,339 INFO  [io.api.tes.ser.api.KafkaSerdesTester] (Thread-667) topic-ff698d0f_cf7f_40a8_9039_90eae19ccfe8 0 57 {"key11754569873635": "value-7"}
2025-08-07 12:31:21,339 INFO  [io.api.tes.ser.api.KafkaSerdesTester] (Thread-667) topic-ff698d0f_cf7f_40a8_9039_90eae19ccfe8 0 58 {"key11754569873635": "value-8"}
2025-08-07 12:31:21,339 INFO  [io.api.tes.ser.api.KafkaSerdesTester] (Thread-667) topic-ff698d0f_cf7f_40a8_9039_90eae19ccfe8 0 59 {"key11754569873635": "value-9"}
2025-08-07 12:31:21,339 INFO  [io.api.tes.ser.api.KafkaSerdesTester] (Thread-667) Consumed 30 messages
2025-08-07 12:31:21,339 INFO  [org.apa.kaf.cli.pro.KafkaProducer] (main) [Producer clientId=Producer-topic-ff698d0f_cf7f_40a8_9039_90eae19ccfe8] Closing the Kafka producer with timeoutMillis = 9223372036854775807 ms.
2025-08-07 12:31:21,342 INFO  [org.apa.kaf.com.met.Metrics] (main) Metrics scheduler closed
2025-08-07 12:31:21,342 INFO  [org.apa.kaf.com.met.Metrics] (main) Closing reporter org.apache.kafka.common.metrics.JmxReporter
2025-08-07 12:31:21,342 INFO  [org.apa.kaf.com.met.Metrics] (main) Closing reporter org.apache.kafka.common.telemetry.internals.ClientTelemetryReporter
2025-08-07 12:31:21,342 INFO  [org.apa.kaf.com.met.Metrics] (main) Metrics reporters closed
2025-08-07 12:31:21,342 INFO  [org.apa.kaf.com.uti.AppInfoParser] (main) App info kafka.producer for Producer-topic-ff698d0f_cf7f_40a8_9039_90eae19ccfe8 unregistered
2025-08-07 12:31:21,351 INFO  [org.apa.kaf.cli.con.int.ConsumerRebalanceListenerInvoker] (main) [Consumer clientId=consumer-Consumer-topic-ff698d0f_cf7f_40a8_9039_90eae19ccfe8-9, groupId=Consumer-topic-ff698d0f_cf7f_40a8_9039_90eae19ccfe8] Revoke previously assigned partitions topic-ff698d0f_cf7f_40a8_9039_90eae19ccfe8-0
2025-08-07 12:31:21,351 INFO  [org.apa.kaf.cli.con.int.ConsumerCoordinator] (main) [Consumer clientId=consumer-Consumer-topic-ff698d0f_cf7f_40a8_9039_90eae19ccfe8-9, groupId=Consumer-topic-ff698d0f_cf7f_40a8_9039_90eae19ccfe8] Member consumer-Consumer-topic-ff698d0f_cf7f_40a8_9039_90eae19ccfe8-9-a35f30b9-9bdb-46c2-bf2f-f1b103d0285c sending LeaveGroup request to coordinator localhost:32769 (id: 2147483647 rack: null) due to the consumer is being closed
2025-08-07 12:31:21,352 INFO  [org.apa.kaf.cli.con.int.ConsumerCoordinator] (main) [Consumer clientId=consumer-Consumer-topic-ff698d0f_cf7f_40a8_9039_90eae19ccfe8-9, groupId=Consumer-topic-ff698d0f_cf7f_40a8_9039_90eae19ccfe8] Resetting generation and member id due to: consumer pro-actively leaving the group
2025-08-07 12:31:21,352 INFO  [org.apa.kaf.cli.con.int.ConsumerCoordinator] (main) [Consumer clientId=consumer-Consumer-topic-ff698d0f_cf7f_40a8_9039_90eae19ccfe8-9, groupId=Consumer-topic-ff698d0f_cf7f_40a8_9039_90eae19ccfe8] Request joining group due to: consumer pro-actively leaving the group
2025-08-07 12:31:21,841 INFO  [org.apa.kaf.com.met.Metrics] (main) Metrics scheduler closed
2025-08-07 12:31:21,841 INFO  [org.apa.kaf.com.met.Metrics] (main) Closing reporter org.apache.kafka.common.metrics.JmxReporter
2025-08-07 12:31:21,841 INFO  [org.apa.kaf.com.met.Metrics] (main) Closing reporter org.apache.kafka.common.telemetry.internals.ClientTelemetryReporter
2025-08-07 12:31:21,841 INFO  [org.apa.kaf.com.met.Metrics] (main) Metrics reporters closed
2025-08-07 12:31:21,844 INFO  [org.apa.kaf.com.uti.AppInfoParser] (main) App info kafka.consumer for consumer-Consumer-topic-ff698d0f_cf7f_40a8_9039_90eae19ccfe8-9 unregistered
2025-08-07 12:31:21,844 INFO  [io.api.tes.uti.TestSeparator] (main) io.apicurio.tests.serdes.apicurio.AvroSerdeIT.testEvolveAvroApicurioReusingClient-FINISHED
2025-08-07 12:31:21,844 INFO  [io.api.tes.uti.TestSeparator] (main) ############################################################################
Test passed: testEvolveAvroApicurioReusingClient
]]></system-out>
  </testcase>
  <testcase name="testProducerUsesDefaultConsumerUsesGlobalId" classname="io.apicurio.tests.serdes.apicurio.AvroSerdeIT" time="0.0">
    <skipped message="void io.apicurio.tests.serdes.apicurio.AvroSerdeIT.testProducerUsesDefaultConsumerUsesGlobalId() throws java.lang.Exception is @Disabled"/>
  </testcase>
  <testcase name="testEvolveAvroApicurio" classname="io.apicurio.tests.serdes.apicurio.AvroSerdeIT" time="16.619">
    <system-out><![CDATA[2025-08-07 12:31:21,849 INFO  [io.api.tes.uti.TestSeparator] (main) ############################################################################
2025-08-07 12:31:21,849 INFO  [io.api.tes.uti.TestSeparator] (main) io.apicurio.tests.serdes.apicurio.AvroSerdeIT.testEvolveAvroApicurio-STARTED
2025-08-07 12:31:21,850 INFO  [io.api.tes.ser.api.AvroSerdeIT] (main) Registering Avro Schema: {"type":"record","name":"s26430ca4x1c01x43ccx88afxdb1a404d0ac5","namespace":"ns_6c932233_0d76_4c0b_ac23_ccdf42268b46","fields":[{"name":"key11754569881850","type":"string"}]}
**** Registry Base URL: http://registry-app-ksql043.apps.ci419.apicurio-testing.org:80
2025-08-07 12:31:23,054 INFO  [org.apa.kaf.cli.pro.ProducerConfig] (main) ProducerConfig values: 
	acks = -1
	auto.include.jmx.reporter = true
	batch.size = 16384
	bootstrap.servers = [PLAINTEXT://localhost:32769]
	buffer.memory = 33554432
	client.dns.lookup = use_all_dns_ips
	client.id = Producer-topic-b148e7eb_716a_40bc_8ffa_733f798a6e00
	compression.gzip.level = -1
	compression.lz4.level = 9
	compression.type = none
	compression.zstd.level = 3
	connections.max.idle.ms = 10000
	delivery.timeout.ms = 120000
	enable.idempotence = true
	enable.metrics.push = true
	interceptor.classes = []
	key.serializer = class org.apache.kafka.common.serialization.StringSerializer
	linger.ms = 0
	max.block.ms = 60000
	max.in.flight.requests.per.connection = 5
	max.request.size = 1048576
	metadata.max.age.ms = 300000
	metadata.max.idle.ms = 300000
	metadata.recovery.strategy = none
	metric.reporters = []
	metrics.num.samples = 2
	metrics.recording.level = INFO
	metrics.sample.window.ms = 30000
	partitioner.adaptive.partitioning.enable = true
	partitioner.availability.timeout.ms = 0
	partitioner.class = null
	partitioner.ignore.keys = false
	receive.buffer.bytes = 32768
	reconnect.backoff.max.ms = 1000
	reconnect.backoff.ms = 50
	request.timeout.ms = 5000
	retries = 2147483647
	retry.backoff.max.ms = 1000
	retry.backoff.ms = 100
	sasl.client.callback.handler.class = null
	sasl.jaas.config = null
	sasl.kerberos.kinit.cmd = /usr/bin/kinit
	sasl.kerberos.min.time.before.relogin = 60000
	sasl.kerberos.service.name = null
	sasl.kerberos.ticket.renew.jitter = 0.05
	sasl.kerberos.ticket.renew.window.factor = 0.8
	sasl.login.callback.handler.class = null
	sasl.login.class = null
	sasl.login.connect.timeout.ms = null
	sasl.login.read.timeout.ms = null
	sasl.login.refresh.buffer.seconds = 300
	sasl.login.refresh.min.period.seconds = 60
	sasl.login.refresh.window.factor = 0.8
	sasl.login.refresh.window.jitter = 0.05
	sasl.login.retry.backoff.max.ms = 10000
	sasl.login.retry.backoff.ms = 100
	sasl.mechanism = GSSAPI
	sasl.oauthbearer.clock.skew.seconds = 30
	sasl.oauthbearer.expected.audience = null
	sasl.oauthbearer.expected.issuer = null
	sasl.oauthbearer.header.urlencode = false
	sasl.oauthbearer.jwks.endpoint.refresh.ms = 3600000
	sasl.oauthbearer.jwks.endpoint.retry.backoff.max.ms = 10000
	sasl.oauthbearer.jwks.endpoint.retry.backoff.ms = 100
	sasl.oauthbearer.jwks.endpoint.url = null
	sasl.oauthbearer.scope.claim.name = scope
	sasl.oauthbearer.sub.claim.name = sub
	sasl.oauthbearer.token.endpoint.url = null
	security.protocol = PLAINTEXT
	security.providers = null
	send.buffer.bytes = 131072
	socket.connection.setup.timeout.max.ms = 30000
	socket.connection.setup.timeout.ms = 10000
	ssl.cipher.suites = null
	ssl.enabled.protocols = [TLSv1.2, TLSv1.3]
	ssl.endpoint.identification.algorithm = https
	ssl.engine.factory.class = null
	ssl.key.password = null
	ssl.keymanager.algorithm = SunX509
	ssl.keystore.certificate.chain = null
	ssl.keystore.key = null
	ssl.keystore.location = null
	ssl.keystore.password = null
	ssl.keystore.type = JKS
	ssl.protocol = TLSv1.3
	ssl.provider = null
	ssl.secure.random.implementation = null
	ssl.trustmanager.algorithm = PKIX
	ssl.truststore.certificates = null
	ssl.truststore.location = null
	ssl.truststore.password = null
	ssl.truststore.type = JKS
	transaction.timeout.ms = 60000
	transactional.id = null
	value.serializer = class io.apicurio.registry.serde.avro.AvroKafkaSerializer

2025-08-07 12:31:23,054 INFO  [org.apa.kaf.com.tel.int.KafkaMetricsCollector] (main) initializing Kafka metrics collector
2025-08-07 12:31:23,058 INFO  [org.apa.kaf.cli.pro.KafkaProducer] (main) [Producer clientId=Producer-topic-b148e7eb_716a_40bc_8ffa_733f798a6e00] Instantiated an idempotent producer.
2025-08-07 12:31:23,060 INFO  [org.apa.kaf.cli.pro.ProducerConfig] (main) These configurations '[apicurio.registry.url, apicurio.registry.artifact-resolver-strategy]' were supplied but are not used yet.
2025-08-07 12:31:23,061 INFO  [org.apa.kaf.com.uti.AppInfoParser] (main) Kafka version: 3.9.1
2025-08-07 12:31:23,061 INFO  [org.apa.kaf.com.uti.AppInfoParser] (main) Kafka commitId: f745dfdcee2b9851
2025-08-07 12:31:23,061 INFO  [org.apa.kaf.com.uti.AppInfoParser] (main) Kafka startTimeMs: 1754569883061
**** Registry Base URL: http://registry-app-ksql043.apps.ci419.apicurio-testing.org:80
2025-08-07 12:31:23,061 INFO  [org.apa.kaf.cli.con.ConsumerConfig] (main) ConsumerConfig values: 
	allow.auto.create.topics = true
	auto.commit.interval.ms = 500
	auto.include.jmx.reporter = true
	auto.offset.reset = earliest
	bootstrap.servers = [PLAINTEXT://localhost:32769]
	check.crcs = true
	client.dns.lookup = use_all_dns_ips
	client.id = consumer-Consumer-topic-b148e7eb_716a_40bc_8ffa_733f798a6e00-10
	client.rack = 
	connections.max.idle.ms = 10000
	default.api.timeout.ms = 60000
	enable.auto.commit = true
	enable.metrics.push = true
	exclude.internal.topics = true
	fetch.max.bytes = 52428800
	fetch.max.wait.ms = 500
	fetch.min.bytes = 1
	group.id = Consumer-topic-b148e7eb_716a_40bc_8ffa_733f798a6e00
	group.instance.id = null
	group.protocol = classic
	group.remote.assignor = null
	heartbeat.interval.ms = 3000
	interceptor.classes = []
	internal.leave.group.on.close = true
	internal.throw.on.fetch.stable.offset.unsupported = false
	isolation.level = read_uncommitted
	key.deserializer = class org.apache.kafka.common.serialization.StringDeserializer
	max.partition.fetch.bytes = 1048576
	max.poll.interval.ms = 300000
	max.poll.records = 500
	metadata.max.age.ms = 300000
	metadata.recovery.strategy = none
	metric.reporters = []
	metrics.num.samples = 2
	metrics.recording.level = INFO
	metrics.sample.window.ms = 30000
	partition.assignment.strategy = [class org.apache.kafka.clients.consumer.RangeAssignor, class org.apache.kafka.clients.consumer.CooperativeStickyAssignor]
	receive.buffer.bytes = 65536
	reconnect.backoff.max.ms = 1000
	reconnect.backoff.ms = 50
	request.timeout.ms = 5000
	retry.backoff.max.ms = 1000
	retry.backoff.ms = 100
	sasl.client.callback.handler.class = null
	sasl.jaas.config = null
	sasl.kerberos.kinit.cmd = /usr/bin/kinit
	sasl.kerberos.min.time.before.relogin = 60000
	sasl.kerberos.service.name = null
	sasl.kerberos.ticket.renew.jitter = 0.05
	sasl.kerberos.ticket.renew.window.factor = 0.8
	sasl.login.callback.handler.class = null
	sasl.login.class = null
	sasl.login.connect.timeout.ms = null
	sasl.login.read.timeout.ms = null
	sasl.login.refresh.buffer.seconds = 300
	sasl.login.refresh.min.period.seconds = 60
	sasl.login.refresh.window.factor = 0.8
	sasl.login.refresh.window.jitter = 0.05
	sasl.login.retry.backoff.max.ms = 10000
	sasl.login.retry.backoff.ms = 100
	sasl.mechanism = GSSAPI
	sasl.oauthbearer.clock.skew.seconds = 30
	sasl.oauthbearer.expected.audience = null
	sasl.oauthbearer.expected.issuer = null
	sasl.oauthbearer.header.urlencode = false
	sasl.oauthbearer.jwks.endpoint.refresh.ms = 3600000
	sasl.oauthbearer.jwks.endpoint.retry.backoff.max.ms = 10000
	sasl.oauthbearer.jwks.endpoint.retry.backoff.ms = 100
	sasl.oauthbearer.jwks.endpoint.url = null
	sasl.oauthbearer.scope.claim.name = scope
	sasl.oauthbearer.sub.claim.name = sub
	sasl.oauthbearer.token.endpoint.url = null
	security.protocol = PLAINTEXT
	security.providers = null
	send.buffer.bytes = 131072
	session.timeout.ms = 45000
	socket.connection.setup.timeout.max.ms = 30000
	socket.connection.setup.timeout.ms = 10000
	ssl.cipher.suites = null
	ssl.enabled.protocols = [TLSv1.2, TLSv1.3]
	ssl.endpoint.identification.algorithm = https
	ssl.engine.factory.class = null
	ssl.key.password = null
	ssl.keymanager.algorithm = SunX509
	ssl.keystore.certificate.chain = null
	ssl.keystore.key = null
	ssl.keystore.location = null
	ssl.keystore.password = null
	ssl.keystore.type = JKS
	ssl.protocol = TLSv1.3
	ssl.provider = null
	ssl.secure.random.implementation = null
	ssl.trustmanager.algorithm = PKIX
	ssl.truststore.certificates = null
	ssl.truststore.location = null
	ssl.truststore.password = null
	ssl.truststore.type = JKS
	value.deserializer = class io.apicurio.registry.serde.avro.AvroKafkaDeserializer

2025-08-07 12:31:23,062 INFO  [org.apa.kaf.com.tel.int.KafkaMetricsCollector] (main) initializing Kafka metrics collector
2025-08-07 12:31:23,069 INFO  [org.apa.kaf.cli.Metadata] (kafka-producer-network-thread | Producer-topic-b148e7eb_716a_40bc_8ffa_733f798a6e00) [Producer clientId=Producer-topic-b148e7eb_716a_40bc_8ffa_733f798a6e00] Cluster ID: wHHz-MW5SbujoYr4FCRV8g
2025-08-07 12:31:23,069 INFO  [org.apa.kaf.cli.pro.int.TransactionManager] (kafka-producer-network-thread | Producer-topic-b148e7eb_716a_40bc_8ffa_733f798a6e00) [Producer clientId=Producer-topic-b148e7eb_716a_40bc_8ffa_733f798a6e00] ProducerId set to 12 with epoch 0
2025-08-07 12:31:23,075 INFO  [org.apa.kaf.cli.con.ConsumerConfig] (main) These configurations '[apicurio.registry.url]' were supplied but are not used yet.
2025-08-07 12:31:23,075 INFO  [org.apa.kaf.com.uti.AppInfoParser] (main) Kafka version: 3.9.1
2025-08-07 12:31:23,075 INFO  [org.apa.kaf.com.uti.AppInfoParser] (main) Kafka commitId: f745dfdcee2b9851
2025-08-07 12:31:23,075 INFO  [org.apa.kaf.com.uti.AppInfoParser] (main) Kafka startTimeMs: 1754569883075
2025-08-07 12:31:23,076 INFO  [io.api.tes.ser.api.KafkaSerdesTester] (Thread-672) Sending message {"key11754569881850": "value-0"} to topic topic-b148e7eb_716a_40bc_8ffa_733f798a6e00
2025-08-07 12:31:23,080 INFO  [DefaultSchemaResolver] (Thread-672) Retrieving schema content using string: {"type":"record","name":"s26430ca4x1c01x43ccx88afxdb1a404d0ac5","namespace":"ns_6c932233_0d76_4c0b_ac23_ccdf42268b46","fields":[{"name":"key11754569881850","type":"string"}]}
2025-08-07 12:31:23,251 INFO  [io.api.tes.ser.api.KafkaSerdesTester] (Thread-672) Sending message {"key11754569881850": "value-1"} to topic topic-b148e7eb_716a_40bc_8ffa_733f798a6e00
2025-08-07 12:31:23,253 INFO  [io.api.tes.ser.api.KafkaSerdesTester] (Thread-672) Sending message {"key11754569881850": "value-2"} to topic topic-b148e7eb_716a_40bc_8ffa_733f798a6e00
2025-08-07 12:31:23,254 INFO  [io.api.tes.ser.api.KafkaSerdesTester] (Thread-672) Sending message {"key11754569881850": "value-3"} to topic topic-b148e7eb_716a_40bc_8ffa_733f798a6e00
2025-08-07 12:31:23,257 INFO  [io.api.tes.ser.api.KafkaSerdesTester] (Thread-672) Sending message {"key11754569881850": "value-4"} to topic topic-b148e7eb_716a_40bc_8ffa_733f798a6e00
2025-08-07 12:31:23,261 INFO  [io.api.tes.ser.api.KafkaSerdesTester] (Thread-672) Sending message {"key11754569881850": "value-5"} to topic topic-b148e7eb_716a_40bc_8ffa_733f798a6e00
2025-08-07 12:31:23,263 INFO  [io.api.tes.ser.api.KafkaSerdesTester] (Thread-672) Sending message {"key11754569881850": "value-6"} to topic topic-b148e7eb_716a_40bc_8ffa_733f798a6e00
2025-08-07 12:31:23,265 INFO  [io.api.tes.ser.api.KafkaSerdesTester] (Thread-672) Sending message {"key11754569881850": "value-7"} to topic topic-b148e7eb_716a_40bc_8ffa_733f798a6e00
2025-08-07 12:31:23,266 INFO  [io.api.tes.ser.api.KafkaSerdesTester] (Thread-672) Sending message {"key11754569881850": "value-8"} to topic topic-b148e7eb_716a_40bc_8ffa_733f798a6e00
2025-08-07 12:31:23,267 INFO  [io.api.tes.ser.api.KafkaSerdesTester] (Thread-672) Sending message {"key11754569881850": "value-9"} to topic topic-b148e7eb_716a_40bc_8ffa_733f798a6e00
2025-08-07 12:31:23,269 INFO  [io.api.tes.ser.api.KafkaSerdesTester] (Thread-672) Produced 10 messages
2025-08-07 12:31:23,269 INFO  [org.apa.kaf.cli.pro.KafkaProducer] (Thread-672) [Producer clientId=Producer-topic-b148e7eb_716a_40bc_8ffa_733f798a6e00] Closing the Kafka producer with timeoutMillis = 9223372036854775807 ms.
2025-08-07 12:31:23,271 INFO  [org.apa.kaf.com.met.Metrics] (Thread-672) Metrics scheduler closed
2025-08-07 12:31:23,271 INFO  [org.apa.kaf.com.met.Metrics] (Thread-672) Closing reporter org.apache.kafka.common.metrics.JmxReporter
2025-08-07 12:31:23,271 INFO  [org.apa.kaf.com.met.Metrics] (Thread-672) Closing reporter org.apache.kafka.common.telemetry.internals.ClientTelemetryReporter
2025-08-07 12:31:23,271 INFO  [org.apa.kaf.com.met.Metrics] (Thread-672) Metrics reporters closed
2025-08-07 12:31:23,271 INFO  [org.apa.kaf.com.uti.AppInfoParser] (Thread-672) App info kafka.producer for Producer-topic-b148e7eb_716a_40bc_8ffa_733f798a6e00 unregistered
2025-08-07 12:31:23,272 INFO  [org.apa.kaf.cli.con.int.ClassicKafkaConsumer] (Thread-673) [Consumer clientId=consumer-Consumer-topic-b148e7eb_716a_40bc_8ffa_733f798a6e00-10, groupId=Consumer-topic-b148e7eb_716a_40bc_8ffa_733f798a6e00] Subscribed to topic(s): topic-b148e7eb_716a_40bc_8ffa_733f798a6e00
2025-08-07 12:31:23,279 INFO  [org.apa.kaf.cli.Metadata] (Thread-673) [Consumer clientId=consumer-Consumer-topic-b148e7eb_716a_40bc_8ffa_733f798a6e00-10, groupId=Consumer-topic-b148e7eb_716a_40bc_8ffa_733f798a6e00] Cluster ID: wHHz-MW5SbujoYr4FCRV8g
2025-08-07 12:31:23,282 INFO  [org.apa.kaf.cli.con.int.ConsumerCoordinator] (Thread-673) [Consumer clientId=consumer-Consumer-topic-b148e7eb_716a_40bc_8ffa_733f798a6e00-10, groupId=Consumer-topic-b148e7eb_716a_40bc_8ffa_733f798a6e00] Discovered group coordinator localhost:32769 (id: 2147483647 rack: null)
2025-08-07 12:31:23,285 INFO  [org.apa.kaf.cli.con.int.ConsumerCoordinator] (Thread-673) [Consumer clientId=consumer-Consumer-topic-b148e7eb_716a_40bc_8ffa_733f798a6e00-10, groupId=Consumer-topic-b148e7eb_716a_40bc_8ffa_733f798a6e00] (Re-)joining group
2025-08-07 12:31:23,290 INFO  [org.apa.kaf.cli.con.int.ConsumerCoordinator] (Thread-673) [Consumer clientId=consumer-Consumer-topic-b148e7eb_716a_40bc_8ffa_733f798a6e00-10, groupId=Consumer-topic-b148e7eb_716a_40bc_8ffa_733f798a6e00] Request joining group due to: need to re-join with the given member-id: consumer-Consumer-topic-b148e7eb_716a_40bc_8ffa_733f798a6e00-10-f9753d76-6d23-407b-997e-f552321d7c32
2025-08-07 12:31:23,290 INFO  [org.apa.kaf.cli.con.int.ConsumerCoordinator] (Thread-673) [Consumer clientId=consumer-Consumer-topic-b148e7eb_716a_40bc_8ffa_733f798a6e00-10, groupId=Consumer-topic-b148e7eb_716a_40bc_8ffa_733f798a6e00] (Re-)joining group
2025-08-07 12:31:24,272 INFO  [io.api.tes.ser.api.KafkaSerdesTester] (Thread-673) None found
2025-08-07 12:31:25,272 INFO  [io.api.tes.ser.api.KafkaSerdesTester] (Thread-673) None found
2025-08-07 12:31:26,272 INFO  [io.api.tes.ser.api.KafkaSerdesTester] (Thread-673) None found
2025-08-07 12:31:26,292 INFO  [org.apa.kaf.cli.con.int.ConsumerCoordinator] (Thread-673) [Consumer clientId=consumer-Consumer-topic-b148e7eb_716a_40bc_8ffa_733f798a6e00-10, groupId=Consumer-topic-b148e7eb_716a_40bc_8ffa_733f798a6e00] Successfully joined group with generation Generation{generationId=1, memberId='consumer-Consumer-topic-b148e7eb_716a_40bc_8ffa_733f798a6e00-10-f9753d76-6d23-407b-997e-f552321d7c32', protocol='range'}
2025-08-07 12:31:26,292 INFO  [org.apa.kaf.cli.con.int.ConsumerCoordinator] (Thread-673) [Consumer clientId=consumer-Consumer-topic-b148e7eb_716a_40bc_8ffa_733f798a6e00-10, groupId=Consumer-topic-b148e7eb_716a_40bc_8ffa_733f798a6e00] Finished assignment for group at generation 1: {consumer-Consumer-topic-b148e7eb_716a_40bc_8ffa_733f798a6e00-10-f9753d76-6d23-407b-997e-f552321d7c32=Assignment(partitions=[topic-b148e7eb_716a_40bc_8ffa_733f798a6e00-0])}
2025-08-07 12:31:26,299 INFO  [org.apa.kaf.cli.con.int.ConsumerCoordinator] (Thread-673) [Consumer clientId=consumer-Consumer-topic-b148e7eb_716a_40bc_8ffa_733f798a6e00-10, groupId=Consumer-topic-b148e7eb_716a_40bc_8ffa_733f798a6e00] Successfully synced group in generation Generation{generationId=1, memberId='consumer-Consumer-topic-b148e7eb_716a_40bc_8ffa_733f798a6e00-10-f9753d76-6d23-407b-997e-f552321d7c32', protocol='range'}
2025-08-07 12:31:26,299 INFO  [org.apa.kaf.cli.con.int.ConsumerCoordinator] (Thread-673) [Consumer clientId=consumer-Consumer-topic-b148e7eb_716a_40bc_8ffa_733f798a6e00-10, groupId=Consumer-topic-b148e7eb_716a_40bc_8ffa_733f798a6e00] Notifying assignor about the new Assignment(partitions=[topic-b148e7eb_716a_40bc_8ffa_733f798a6e00-0])
2025-08-07 12:31:26,299 INFO  [org.apa.kaf.cli.con.int.ConsumerRebalanceListenerInvoker] (Thread-673) [Consumer clientId=consumer-Consumer-topic-b148e7eb_716a_40bc_8ffa_733f798a6e00-10, groupId=Consumer-topic-b148e7eb_716a_40bc_8ffa_733f798a6e00] Adding newly assigned partitions: topic-b148e7eb_716a_40bc_8ffa_733f798a6e00-0
2025-08-07 12:31:26,300 INFO  [org.apa.kaf.cli.con.int.ConsumerCoordinator] (Thread-673) [Consumer clientId=consumer-Consumer-topic-b148e7eb_716a_40bc_8ffa_733f798a6e00-10, groupId=Consumer-topic-b148e7eb_716a_40bc_8ffa_733f798a6e00] Found no committed offset for partition topic-b148e7eb_716a_40bc_8ffa_733f798a6e00-0
2025-08-07 12:31:26,304 INFO  [org.apa.kaf.cli.con.int.SubscriptionState] (Thread-673) [Consumer clientId=consumer-Consumer-topic-b148e7eb_716a_40bc_8ffa_733f798a6e00-10, groupId=Consumer-topic-b148e7eb_716a_40bc_8ffa_733f798a6e00] Resetting offset for partition topic-b148e7eb_716a_40bc_8ffa_733f798a6e00-0 to position FetchPosition{offset=0, offsetEpoch=Optional.empty, currentLeader=LeaderAndEpoch{leader=Optional[localhost:32769 (id: 0 rack: null)], epoch=0}}.
2025-08-07 12:31:26,551 INFO  [io.api.tes.ser.api.KafkaSerdesTester] (Thread-673) topic-b148e7eb_716a_40bc_8ffa_733f798a6e00 0 0 {"key11754569881850": "value-0"}
2025-08-07 12:31:26,552 INFO  [io.api.tes.ser.api.KafkaSerdesTester] (Thread-673) topic-b148e7eb_716a_40bc_8ffa_733f798a6e00 0 1 {"key11754569881850": "value-1"}
2025-08-07 12:31:26,552 INFO  [io.api.tes.ser.api.KafkaSerdesTester] (Thread-673) topic-b148e7eb_716a_40bc_8ffa_733f798a6e00 0 2 {"key11754569881850": "value-2"}
2025-08-07 12:31:26,552 INFO  [io.api.tes.ser.api.KafkaSerdesTester] (Thread-673) topic-b148e7eb_716a_40bc_8ffa_733f798a6e00 0 3 {"key11754569881850": "value-3"}
2025-08-07 12:31:26,552 INFO  [io.api.tes.ser.api.KafkaSerdesTester] (Thread-673) topic-b148e7eb_716a_40bc_8ffa_733f798a6e00 0 4 {"key11754569881850": "value-4"}
2025-08-07 12:31:26,552 INFO  [io.api.tes.ser.api.KafkaSerdesTester] (Thread-673) topic-b148e7eb_716a_40bc_8ffa_733f798a6e00 0 5 {"key11754569881850": "value-5"}
2025-08-07 12:31:26,552 INFO  [io.api.tes.ser.api.KafkaSerdesTester] (Thread-673) topic-b148e7eb_716a_40bc_8ffa_733f798a6e00 0 6 {"key11754569881850": "value-6"}
2025-08-07 12:31:26,552 INFO  [io.api.tes.ser.api.KafkaSerdesTester] (Thread-673) topic-b148e7eb_716a_40bc_8ffa_733f798a6e00 0 7 {"key11754569881850": "value-7"}
2025-08-07 12:31:26,552 INFO  [io.api.tes.ser.api.KafkaSerdesTester] (Thread-673) topic-b148e7eb_716a_40bc_8ffa_733f798a6e00 0 8 {"key11754569881850": "value-8"}
2025-08-07 12:31:26,552 INFO  [io.api.tes.ser.api.KafkaSerdesTester] (Thread-673) topic-b148e7eb_716a_40bc_8ffa_733f798a6e00 0 9 {"key11754569881850": "value-9"}
2025-08-07 12:31:26,552 INFO  [io.api.tes.ser.api.KafkaSerdesTester] (Thread-673) Consumed 10 messages
2025-08-07 12:31:26,559 INFO  [org.apa.kaf.cli.con.int.ConsumerRebalanceListenerInvoker] (Thread-673) [Consumer clientId=consumer-Consumer-topic-b148e7eb_716a_40bc_8ffa_733f798a6e00-10, groupId=Consumer-topic-b148e7eb_716a_40bc_8ffa_733f798a6e00] Revoke previously assigned partitions topic-b148e7eb_716a_40bc_8ffa_733f798a6e00-0
2025-08-07 12:31:26,559 INFO  [org.apa.kaf.cli.con.int.ConsumerCoordinator] (Thread-673) [Consumer clientId=consumer-Consumer-topic-b148e7eb_716a_40bc_8ffa_733f798a6e00-10, groupId=Consumer-topic-b148e7eb_716a_40bc_8ffa_733f798a6e00] Member consumer-Consumer-topic-b148e7eb_716a_40bc_8ffa_733f798a6e00-10-f9753d76-6d23-407b-997e-f552321d7c32 sending LeaveGroup request to coordinator localhost:32769 (id: 2147483647 rack: null) due to the consumer is being closed
2025-08-07 12:31:26,559 INFO  [org.apa.kaf.cli.con.int.ConsumerCoordinator] (Thread-673) [Consumer clientId=consumer-Consumer-topic-b148e7eb_716a_40bc_8ffa_733f798a6e00-10, groupId=Consumer-topic-b148e7eb_716a_40bc_8ffa_733f798a6e00] Resetting generation and member id due to: consumer pro-actively leaving the group
2025-08-07 12:31:26,559 INFO  [org.apa.kaf.cli.con.int.ConsumerCoordinator] (Thread-673) [Consumer clientId=consumer-Consumer-topic-b148e7eb_716a_40bc_8ffa_733f798a6e00-10, groupId=Consumer-topic-b148e7eb_716a_40bc_8ffa_733f798a6e00] Request joining group due to: consumer pro-actively leaving the group
2025-08-07 12:31:27,054 INFO  [org.apa.kaf.com.met.Metrics] (Thread-673) Metrics scheduler closed
2025-08-07 12:31:27,054 INFO  [org.apa.kaf.com.met.Metrics] (Thread-673) Closing reporter org.apache.kafka.common.metrics.JmxReporter
2025-08-07 12:31:27,054 INFO  [org.apa.kaf.com.met.Metrics] (Thread-673) Closing reporter org.apache.kafka.common.telemetry.internals.ClientTelemetryReporter
2025-08-07 12:31:27,054 INFO  [org.apa.kaf.com.met.Metrics] (Thread-673) Metrics reporters closed
2025-08-07 12:31:27,056 INFO  [org.apa.kaf.com.uti.AppInfoParser] (Thread-673) App info kafka.consumer for consumer-Consumer-topic-b148e7eb_716a_40bc_8ffa_733f798a6e00-10 unregistered
2025-08-07 12:31:27,056 INFO  [io.api.tes.ser.api.AvroSerdeIT] (main) Registering Avro Schema 2: {"type":"record","name":"s26430ca4x1c01x43ccx88afxdb1a404d0ac5","namespace":"ns_6c932233_0d76_4c0b_ac23_ccdf42268b46","fields":[{"name":"key11754569881850","type":"string"},{"name":"key21754569887056","type":"string"}]}
**** Registry Base URL: http://registry-app-ksql043.apps.ci419.apicurio-testing.org:80
2025-08-07 12:31:28,253 INFO  [org.apa.kaf.cli.pro.ProducerConfig] (main) ProducerConfig values: 
	acks = -1
	auto.include.jmx.reporter = true
	batch.size = 16384
	bootstrap.servers = [PLAINTEXT://localhost:32769]
	buffer.memory = 33554432
	client.dns.lookup = use_all_dns_ips
	client.id = Producer-topic-b148e7eb_716a_40bc_8ffa_733f798a6e00
	compression.gzip.level = -1
	compression.lz4.level = 9
	compression.type = none
	compression.zstd.level = 3
	connections.max.idle.ms = 10000
	delivery.timeout.ms = 120000
	enable.idempotence = true
	enable.metrics.push = true
	interceptor.classes = []
	key.serializer = class org.apache.kafka.common.serialization.StringSerializer
	linger.ms = 0
	max.block.ms = 60000
	max.in.flight.requests.per.connection = 5
	max.request.size = 1048576
	metadata.max.age.ms = 300000
	metadata.max.idle.ms = 300000
	metadata.recovery.strategy = none
	metric.reporters = []
	metrics.num.samples = 2
	metrics.recording.level = INFO
	metrics.sample.window.ms = 30000
	partitioner.adaptive.partitioning.enable = true
	partitioner.availability.timeout.ms = 0
	partitioner.class = null
	partitioner.ignore.keys = false
	receive.buffer.bytes = 32768
	reconnect.backoff.max.ms = 1000
	reconnect.backoff.ms = 50
	request.timeout.ms = 5000
	retries = 2147483647
	retry.backoff.max.ms = 1000
	retry.backoff.ms = 100
	sasl.client.callback.handler.class = null
	sasl.jaas.config = null
	sasl.kerberos.kinit.cmd = /usr/bin/kinit
	sasl.kerberos.min.time.before.relogin = 60000
	sasl.kerberos.service.name = null
	sasl.kerberos.ticket.renew.jitter = 0.05
	sasl.kerberos.ticket.renew.window.factor = 0.8
	sasl.login.callback.handler.class = null
	sasl.login.class = null
	sasl.login.connect.timeout.ms = null
	sasl.login.read.timeout.ms = null
	sasl.login.refresh.buffer.seconds = 300
	sasl.login.refresh.min.period.seconds = 60
	sasl.login.refresh.window.factor = 0.8
	sasl.login.refresh.window.jitter = 0.05
	sasl.login.retry.backoff.max.ms = 10000
	sasl.login.retry.backoff.ms = 100
	sasl.mechanism = GSSAPI
	sasl.oauthbearer.clock.skew.seconds = 30
	sasl.oauthbearer.expected.audience = null
	sasl.oauthbearer.expected.issuer = null
	sasl.oauthbearer.header.urlencode = false
	sasl.oauthbearer.jwks.endpoint.refresh.ms = 3600000
	sasl.oauthbearer.jwks.endpoint.retry.backoff.max.ms = 10000
	sasl.oauthbearer.jwks.endpoint.retry.backoff.ms = 100
	sasl.oauthbearer.jwks.endpoint.url = null
	sasl.oauthbearer.scope.claim.name = scope
	sasl.oauthbearer.sub.claim.name = sub
	sasl.oauthbearer.token.endpoint.url = null
	security.protocol = PLAINTEXT
	security.providers = null
	send.buffer.bytes = 131072
	socket.connection.setup.timeout.max.ms = 30000
	socket.connection.setup.timeout.ms = 10000
	ssl.cipher.suites = null
	ssl.enabled.protocols = [TLSv1.2, TLSv1.3]
	ssl.endpoint.identification.algorithm = https
	ssl.engine.factory.class = null
	ssl.key.password = null
	ssl.keymanager.algorithm = SunX509
	ssl.keystore.certificate.chain = null
	ssl.keystore.key = null
	ssl.keystore.location = null
	ssl.keystore.password = null
	ssl.keystore.type = JKS
	ssl.protocol = TLSv1.3
	ssl.provider = null
	ssl.secure.random.implementation = null
	ssl.trustmanager.algorithm = PKIX
	ssl.truststore.certificates = null
	ssl.truststore.location = null
	ssl.truststore.password = null
	ssl.truststore.type = JKS
	transaction.timeout.ms = 60000
	transactional.id = null
	value.serializer = class io.apicurio.registry.serde.avro.AvroKafkaSerializer

2025-08-07 12:31:28,254 INFO  [org.apa.kaf.com.tel.int.KafkaMetricsCollector] (main) initializing Kafka metrics collector
2025-08-07 12:31:28,257 INFO  [org.apa.kaf.cli.pro.KafkaProducer] (main) [Producer clientId=Producer-topic-b148e7eb_716a_40bc_8ffa_733f798a6e00] Instantiated an idempotent producer.
2025-08-07 12:31:28,258 INFO  [org.apa.kaf.cli.pro.ProducerConfig] (main) These configurations '[apicurio.registry.url, apicurio.registry.artifact-resolver-strategy]' were supplied but are not used yet.
2025-08-07 12:31:28,258 INFO  [org.apa.kaf.com.uti.AppInfoParser] (main) Kafka version: 3.9.1
2025-08-07 12:31:28,258 INFO  [org.apa.kaf.com.uti.AppInfoParser] (main) Kafka commitId: f745dfdcee2b9851
2025-08-07 12:31:28,258 INFO  [org.apa.kaf.com.uti.AppInfoParser] (main) Kafka startTimeMs: 1754569888258
2025-08-07 12:31:28,259 INFO  [io.api.tes.ser.api.KafkaSerdesTester] (Thread-676) Sending message {"key11754569881850": "value-0", "key21754569887056": "value-0"} to topic topic-b148e7eb_716a_40bc_8ffa_733f798a6e00
2025-08-07 12:31:28,262 INFO  [org.apa.kaf.cli.Metadata] (kafka-producer-network-thread | Producer-topic-b148e7eb_716a_40bc_8ffa_733f798a6e00) [Producer clientId=Producer-topic-b148e7eb_716a_40bc_8ffa_733f798a6e00] Cluster ID: wHHz-MW5SbujoYr4FCRV8g
2025-08-07 12:31:28,262 INFO  [org.apa.kaf.cli.pro.int.TransactionManager] (kafka-producer-network-thread | Producer-topic-b148e7eb_716a_40bc_8ffa_733f798a6e00) [Producer clientId=Producer-topic-b148e7eb_716a_40bc_8ffa_733f798a6e00] ProducerId set to 13 with epoch 0
2025-08-07 12:31:28,262 INFO  [DefaultSchemaResolver] (Thread-676) Retrieving schema content using string: {"type":"record","name":"s26430ca4x1c01x43ccx88afxdb1a404d0ac5","namespace":"ns_6c932233_0d76_4c0b_ac23_ccdf42268b46","fields":[{"name":"key11754569881850","type":"string"},{"name":"key21754569887056","type":"string"}]}
2025-08-07 12:31:28,431 INFO  [io.api.tes.ser.api.KafkaSerdesTester] (Thread-676) Sending message {"key11754569881850": "value-1", "key21754569887056": "value-1"} to topic topic-b148e7eb_716a_40bc_8ffa_733f798a6e00
2025-08-07 12:31:28,433 INFO  [io.api.tes.ser.api.KafkaSerdesTester] (Thread-676) Sending message {"key11754569881850": "value-2", "key21754569887056": "value-2"} to topic topic-b148e7eb_716a_40bc_8ffa_733f798a6e00
2025-08-07 12:31:28,436 INFO  [io.api.tes.ser.api.KafkaSerdesTester] (Thread-676) Sending message {"key11754569881850": "value-3", "key21754569887056": "value-3"} to topic topic-b148e7eb_716a_40bc_8ffa_733f798a6e00
2025-08-07 12:31:28,438 INFO  [io.api.tes.ser.api.KafkaSerdesTester] (Thread-676) Sending message {"key11754569881850": "value-4", "key21754569887056": "value-4"} to topic topic-b148e7eb_716a_40bc_8ffa_733f798a6e00
2025-08-07 12:31:28,439 INFO  [io.api.tes.ser.api.KafkaSerdesTester] (Thread-676) Sending message {"key11754569881850": "value-5", "key21754569887056": "value-5"} to topic topic-b148e7eb_716a_40bc_8ffa_733f798a6e00
2025-08-07 12:31:28,441 INFO  [io.api.tes.ser.api.KafkaSerdesTester] (Thread-676) Sending message {"key11754569881850": "value-6", "key21754569887056": "value-6"} to topic topic-b148e7eb_716a_40bc_8ffa_733f798a6e00
2025-08-07 12:31:28,442 INFO  [io.api.tes.ser.api.KafkaSerdesTester] (Thread-676) Sending message {"key11754569881850": "value-7", "key21754569887056": "value-7"} to topic topic-b148e7eb_716a_40bc_8ffa_733f798a6e00
2025-08-07 12:31:28,444 INFO  [io.api.tes.ser.api.KafkaSerdesTester] (Thread-676) Sending message {"key11754569881850": "value-8", "key21754569887056": "value-8"} to topic topic-b148e7eb_716a_40bc_8ffa_733f798a6e00
2025-08-07 12:31:28,447 INFO  [io.api.tes.ser.api.KafkaSerdesTester] (Thread-676) Sending message {"key11754569881850": "value-9", "key21754569887056": "value-9"} to topic topic-b148e7eb_716a_40bc_8ffa_733f798a6e00
2025-08-07 12:31:28,448 INFO  [io.api.tes.ser.api.KafkaSerdesTester] (Thread-676) Produced 10 messages
2025-08-07 12:31:28,448 INFO  [org.apa.kaf.cli.pro.KafkaProducer] (Thread-676) [Producer clientId=Producer-topic-b148e7eb_716a_40bc_8ffa_733f798a6e00] Closing the Kafka producer with timeoutMillis = 9223372036854775807 ms.
2025-08-07 12:31:28,451 INFO  [org.apa.kaf.com.met.Metrics] (Thread-676) Metrics scheduler closed
2025-08-07 12:31:28,452 INFO  [org.apa.kaf.com.met.Metrics] (Thread-676) Closing reporter org.apache.kafka.common.metrics.JmxReporter
2025-08-07 12:31:28,452 INFO  [org.apa.kaf.com.met.Metrics] (Thread-676) Closing reporter org.apache.kafka.common.telemetry.internals.ClientTelemetryReporter
2025-08-07 12:31:28,452 INFO  [org.apa.kaf.com.met.Metrics] (Thread-676) Metrics reporters closed
2025-08-07 12:31:28,454 INFO  [org.apa.kaf.com.uti.AppInfoParser] (Thread-676) App info kafka.producer for Producer-topic-b148e7eb_716a_40bc_8ffa_733f798a6e00 unregistered
**** Registry Base URL: http://registry-app-ksql043.apps.ci419.apicurio-testing.org:80
2025-08-07 12:31:28,456 INFO  [org.apa.kaf.cli.pro.ProducerConfig] (main) ProducerConfig values: 
	acks = -1
	auto.include.jmx.reporter = true
	batch.size = 16384
	bootstrap.servers = [PLAINTEXT://localhost:32769]
	buffer.memory = 33554432
	client.dns.lookup = use_all_dns_ips
	client.id = Producer-topic-b148e7eb_716a_40bc_8ffa_733f798a6e00
	compression.gzip.level = -1
	compression.lz4.level = 9
	compression.type = none
	compression.zstd.level = 3
	connections.max.idle.ms = 10000
	delivery.timeout.ms = 120000
	enable.idempotence = true
	enable.metrics.push = true
	interceptor.classes = []
	key.serializer = class org.apache.kafka.common.serialization.StringSerializer
	linger.ms = 0
	max.block.ms = 60000
	max.in.flight.requests.per.connection = 5
	max.request.size = 1048576
	metadata.max.age.ms = 300000
	metadata.max.idle.ms = 300000
	metadata.recovery.strategy = none
	metric.reporters = []
	metrics.num.samples = 2
	metrics.recording.level = INFO
	metrics.sample.window.ms = 30000
	partitioner.adaptive.partitioning.enable = true
	partitioner.availability.timeout.ms = 0
	partitioner.class = null
	partitioner.ignore.keys = false
	receive.buffer.bytes = 32768
	reconnect.backoff.max.ms = 1000
	reconnect.backoff.ms = 50
	request.timeout.ms = 5000
	retries = 2147483647
	retry.backoff.max.ms = 1000
	retry.backoff.ms = 100
	sasl.client.callback.handler.class = null
	sasl.jaas.config = null
	sasl.kerberos.kinit.cmd = /usr/bin/kinit
	sasl.kerberos.min.time.before.relogin = 60000
	sasl.kerberos.service.name = null
	sasl.kerberos.ticket.renew.jitter = 0.05
	sasl.kerberos.ticket.renew.window.factor = 0.8
	sasl.login.callback.handler.class = null
	sasl.login.class = null
	sasl.login.connect.timeout.ms = null
	sasl.login.read.timeout.ms = null
	sasl.login.refresh.buffer.seconds = 300
	sasl.login.refresh.min.period.seconds = 60
	sasl.login.refresh.window.factor = 0.8
	sasl.login.refresh.window.jitter = 0.05
	sasl.login.retry.backoff.max.ms = 10000
	sasl.login.retry.backoff.ms = 100
	sasl.mechanism = GSSAPI
	sasl.oauthbearer.clock.skew.seconds = 30
	sasl.oauthbearer.expected.audience = null
	sasl.oauthbearer.expected.issuer = null
	sasl.oauthbearer.header.urlencode = false
	sasl.oauthbearer.jwks.endpoint.refresh.ms = 3600000
	sasl.oauthbearer.jwks.endpoint.retry.backoff.max.ms = 10000
	sasl.oauthbearer.jwks.endpoint.retry.backoff.ms = 100
	sasl.oauthbearer.jwks.endpoint.url = null
	sasl.oauthbearer.scope.claim.name = scope
	sasl.oauthbearer.sub.claim.name = sub
	sasl.oauthbearer.token.endpoint.url = null
	security.protocol = PLAINTEXT
	security.providers = null
	send.buffer.bytes = 131072
	socket.connection.setup.timeout.max.ms = 30000
	socket.connection.setup.timeout.ms = 10000
	ssl.cipher.suites = null
	ssl.enabled.protocols = [TLSv1.2, TLSv1.3]
	ssl.endpoint.identification.algorithm = https
	ssl.engine.factory.class = null
	ssl.key.password = null
	ssl.keymanager.algorithm = SunX509
	ssl.keystore.certificate.chain = null
	ssl.keystore.key = null
	ssl.keystore.location = null
	ssl.keystore.password = null
	ssl.keystore.type = JKS
	ssl.protocol = TLSv1.3
	ssl.provider = null
	ssl.secure.random.implementation = null
	ssl.trustmanager.algorithm = PKIX
	ssl.truststore.certificates = null
	ssl.truststore.location = null
	ssl.truststore.password = null
	ssl.truststore.type = JKS
	transaction.timeout.ms = 60000
	transactional.id = null
	value.serializer = class io.apicurio.registry.serde.avro.AvroKafkaSerializer

2025-08-07 12:31:28,456 INFO  [org.apa.kaf.com.tel.int.KafkaMetricsCollector] (main) initializing Kafka metrics collector
2025-08-07 12:31:28,468 INFO  [org.apa.kaf.cli.pro.KafkaProducer] (main) [Producer clientId=Producer-topic-b148e7eb_716a_40bc_8ffa_733f798a6e00] Instantiated an idempotent producer.
2025-08-07 12:31:28,471 INFO  [org.apa.kaf.cli.pro.ProducerConfig] (main) These configurations '[apicurio.registry.url, apicurio.registry.artifact-resolver-strategy]' were supplied but are not used yet.
2025-08-07 12:31:28,471 INFO  [org.apa.kaf.com.uti.AppInfoParser] (main) Kafka version: 3.9.1
2025-08-07 12:31:28,471 INFO  [org.apa.kaf.com.uti.AppInfoParser] (main) Kafka commitId: f745dfdcee2b9851
2025-08-07 12:31:28,471 INFO  [org.apa.kaf.com.uti.AppInfoParser] (main) Kafka startTimeMs: 1754569888471
2025-08-07 12:31:28,472 INFO  [io.api.tes.ser.api.KafkaSerdesTester] (Thread-679) Sending message {"key11754569881850": "value-0"} to topic topic-b148e7eb_716a_40bc_8ffa_733f798a6e00
2025-08-07 12:31:28,475 INFO  [org.apa.kaf.cli.Metadata] (kafka-producer-network-thread | Producer-topic-b148e7eb_716a_40bc_8ffa_733f798a6e00) [Producer clientId=Producer-topic-b148e7eb_716a_40bc_8ffa_733f798a6e00] Cluster ID: wHHz-MW5SbujoYr4FCRV8g
2025-08-07 12:31:28,475 INFO  [org.apa.kaf.cli.pro.int.TransactionManager] (kafka-producer-network-thread | Producer-topic-b148e7eb_716a_40bc_8ffa_733f798a6e00) [Producer clientId=Producer-topic-b148e7eb_716a_40bc_8ffa_733f798a6e00] ProducerId set to 14 with epoch 0
2025-08-07 12:31:28,475 INFO  [DefaultSchemaResolver] (Thread-679) Retrieving schema content using string: {"type":"record","name":"s26430ca4x1c01x43ccx88afxdb1a404d0ac5","namespace":"ns_6c932233_0d76_4c0b_ac23_ccdf42268b46","fields":[{"name":"key11754569881850","type":"string"}]}
2025-08-07 12:31:28,642 INFO  [io.api.tes.ser.api.KafkaSerdesTester] (Thread-679) Sending message {"key11754569881850": "value-1"} to topic topic-b148e7eb_716a_40bc_8ffa_733f798a6e00
2025-08-07 12:31:28,644 INFO  [io.api.tes.ser.api.KafkaSerdesTester] (Thread-679) Sending message {"key11754569881850": "value-2"} to topic topic-b148e7eb_716a_40bc_8ffa_733f798a6e00
2025-08-07 12:31:28,645 INFO  [io.api.tes.ser.api.KafkaSerdesTester] (Thread-679) Sending message {"key11754569881850": "value-3"} to topic topic-b148e7eb_716a_40bc_8ffa_733f798a6e00
2025-08-07 12:31:28,646 INFO  [io.api.tes.ser.api.KafkaSerdesTester] (Thread-679) Sending message {"key11754569881850": "value-4"} to topic topic-b148e7eb_716a_40bc_8ffa_733f798a6e00
2025-08-07 12:31:28,647 INFO  [io.api.tes.ser.api.KafkaSerdesTester] (Thread-679) Sending message {"key11754569881850": "value-5"} to topic topic-b148e7eb_716a_40bc_8ffa_733f798a6e00
2025-08-07 12:31:28,648 INFO  [io.api.tes.ser.api.KafkaSerdesTester] (Thread-679) Sending message {"key11754569881850": "value-6"} to topic topic-b148e7eb_716a_40bc_8ffa_733f798a6e00
2025-08-07 12:31:28,649 INFO  [io.api.tes.ser.api.KafkaSerdesTester] (Thread-679) Sending message {"key11754569881850": "value-7"} to topic topic-b148e7eb_716a_40bc_8ffa_733f798a6e00
2025-08-07 12:31:28,652 INFO  [io.api.tes.ser.api.KafkaSerdesTester] (Thread-679) Sending message {"key11754569881850": "value-8"} to topic topic-b148e7eb_716a_40bc_8ffa_733f798a6e00
2025-08-07 12:31:28,655 INFO  [io.api.tes.ser.api.KafkaSerdesTester] (Thread-679) Sending message {"key11754569881850": "value-9"} to topic topic-b148e7eb_716a_40bc_8ffa_733f798a6e00
2025-08-07 12:31:28,660 INFO  [io.api.tes.ser.api.KafkaSerdesTester] (Thread-679) Produced 10 messages
2025-08-07 12:31:28,660 INFO  [org.apa.kaf.cli.pro.KafkaProducer] (Thread-679) [Producer clientId=Producer-topic-b148e7eb_716a_40bc_8ffa_733f798a6e00] Closing the Kafka producer with timeoutMillis = 9223372036854775807 ms.
2025-08-07 12:31:28,662 INFO  [org.apa.kaf.com.met.Metrics] (Thread-679) Metrics scheduler closed
2025-08-07 12:31:28,663 INFO  [org.apa.kaf.com.met.Metrics] (Thread-679) Closing reporter org.apache.kafka.common.metrics.JmxReporter
2025-08-07 12:31:28,663 INFO  [org.apa.kaf.com.met.Metrics] (Thread-679) Closing reporter org.apache.kafka.common.telemetry.internals.ClientTelemetryReporter
2025-08-07 12:31:28,663 INFO  [org.apa.kaf.com.met.Metrics] (Thread-679) Metrics reporters closed
2025-08-07 12:31:28,663 INFO  [org.apa.kaf.com.uti.AppInfoParser] (Thread-679) App info kafka.producer for Producer-topic-b148e7eb_716a_40bc_8ffa_733f798a6e00 unregistered
**** Registry Base URL: http://registry-app-ksql043.apps.ci419.apicurio-testing.org:80
2025-08-07 12:31:28,665 INFO  [org.apa.kaf.cli.con.ConsumerConfig] (main) ConsumerConfig values: 
	allow.auto.create.topics = true
	auto.commit.interval.ms = 500
	auto.include.jmx.reporter = true
	auto.offset.reset = earliest
	bootstrap.servers = [PLAINTEXT://localhost:32769]
	check.crcs = true
	client.dns.lookup = use_all_dns_ips
	client.id = consumer-Consumer-topic-b148e7eb_716a_40bc_8ffa_733f798a6e00-11
	client.rack = 
	connections.max.idle.ms = 10000
	default.api.timeout.ms = 60000
	enable.auto.commit = true
	enable.metrics.push = true
	exclude.internal.topics = true
	fetch.max.bytes = 52428800
	fetch.max.wait.ms = 500
	fetch.min.bytes = 1
	group.id = Consumer-topic-b148e7eb_716a_40bc_8ffa_733f798a6e00
	group.instance.id = null
	group.protocol = classic
	group.remote.assignor = null
	heartbeat.interval.ms = 3000
	interceptor.classes = []
	internal.leave.group.on.close = true
	internal.throw.on.fetch.stable.offset.unsupported = false
	isolation.level = read_uncommitted
	key.deserializer = class org.apache.kafka.common.serialization.StringDeserializer
	max.partition.fetch.bytes = 1048576
	max.poll.interval.ms = 300000
	max.poll.records = 500
	metadata.max.age.ms = 300000
	metadata.recovery.strategy = none
	metric.reporters = []
	metrics.num.samples = 2
	metrics.recording.level = INFO
	metrics.sample.window.ms = 30000
	partition.assignment.strategy = [class org.apache.kafka.clients.consumer.RangeAssignor, class org.apache.kafka.clients.consumer.CooperativeStickyAssignor]
	receive.buffer.bytes = 65536
	reconnect.backoff.max.ms = 1000
	reconnect.backoff.ms = 50
	request.timeout.ms = 5000
	retry.backoff.max.ms = 1000
	retry.backoff.ms = 100
	sasl.client.callback.handler.class = null
	sasl.jaas.config = null
	sasl.kerberos.kinit.cmd = /usr/bin/kinit
	sasl.kerberos.min.time.before.relogin = 60000
	sasl.kerberos.service.name = null
	sasl.kerberos.ticket.renew.jitter = 0.05
	sasl.kerberos.ticket.renew.window.factor = 0.8
	sasl.login.callback.handler.class = null
	sasl.login.class = null
	sasl.login.connect.timeout.ms = null
	sasl.login.read.timeout.ms = null
	sasl.login.refresh.buffer.seconds = 300
	sasl.login.refresh.min.period.seconds = 60
	sasl.login.refresh.window.factor = 0.8
	sasl.login.refresh.window.jitter = 0.05
	sasl.login.retry.backoff.max.ms = 10000
	sasl.login.retry.backoff.ms = 100
	sasl.mechanism = GSSAPI
	sasl.oauthbearer.clock.skew.seconds = 30
	sasl.oauthbearer.expected.audience = null
	sasl.oauthbearer.expected.issuer = null
	sasl.oauthbearer.header.urlencode = false
	sasl.oauthbearer.jwks.endpoint.refresh.ms = 3600000
	sasl.oauthbearer.jwks.endpoint.retry.backoff.max.ms = 10000
	sasl.oauthbearer.jwks.endpoint.retry.backoff.ms = 100
	sasl.oauthbearer.jwks.endpoint.url = null
	sasl.oauthbearer.scope.claim.name = scope
	sasl.oauthbearer.sub.claim.name = sub
	sasl.oauthbearer.token.endpoint.url = null
	security.protocol = PLAINTEXT
	security.providers = null
	send.buffer.bytes = 131072
	session.timeout.ms = 45000
	socket.connection.setup.timeout.max.ms = 30000
	socket.connection.setup.timeout.ms = 10000
	ssl.cipher.suites = null
	ssl.enabled.protocols = [TLSv1.2, TLSv1.3]
	ssl.endpoint.identification.algorithm = https
	ssl.engine.factory.class = null
	ssl.key.password = null
	ssl.keymanager.algorithm = SunX509
	ssl.keystore.certificate.chain = null
	ssl.keystore.key = null
	ssl.keystore.location = null
	ssl.keystore.password = null
	ssl.keystore.type = JKS
	ssl.protocol = TLSv1.3
	ssl.provider = null
	ssl.secure.random.implementation = null
	ssl.trustmanager.algorithm = PKIX
	ssl.truststore.certificates = null
	ssl.truststore.location = null
	ssl.truststore.password = null
	ssl.truststore.type = JKS
	value.deserializer = class io.apicurio.registry.serde.avro.AvroKafkaDeserializer

2025-08-07 12:31:28,665 INFO  [org.apa.kaf.com.tel.int.KafkaMetricsCollector] (main) initializing Kafka metrics collector
2025-08-07 12:31:28,672 INFO  [org.apa.kaf.cli.con.ConsumerConfig] (main) These configurations '[apicurio.registry.url]' were supplied but are not used yet.
2025-08-07 12:31:28,672 INFO  [org.apa.kaf.com.uti.AppInfoParser] (main) Kafka version: 3.9.1
2025-08-07 12:31:28,672 INFO  [org.apa.kaf.com.uti.AppInfoParser] (main) Kafka commitId: f745dfdcee2b9851
2025-08-07 12:31:28,672 INFO  [org.apa.kaf.com.uti.AppInfoParser] (main) Kafka startTimeMs: 1754569888672
2025-08-07 12:31:28,673 INFO  [org.apa.kaf.cli.con.int.ClassicKafkaConsumer] (Thread-682) [Consumer clientId=consumer-Consumer-topic-b148e7eb_716a_40bc_8ffa_733f798a6e00-11, groupId=Consumer-topic-b148e7eb_716a_40bc_8ffa_733f798a6e00] Subscribed to topic(s): topic-b148e7eb_716a_40bc_8ffa_733f798a6e00
2025-08-07 12:31:28,678 INFO  [org.apa.kaf.cli.Metadata] (Thread-682) [Consumer clientId=consumer-Consumer-topic-b148e7eb_716a_40bc_8ffa_733f798a6e00-11, groupId=Consumer-topic-b148e7eb_716a_40bc_8ffa_733f798a6e00] Cluster ID: wHHz-MW5SbujoYr4FCRV8g
2025-08-07 12:31:28,679 INFO  [org.apa.kaf.cli.con.int.ConsumerCoordinator] (Thread-682) [Consumer clientId=consumer-Consumer-topic-b148e7eb_716a_40bc_8ffa_733f798a6e00-11, groupId=Consumer-topic-b148e7eb_716a_40bc_8ffa_733f798a6e00] Discovered group coordinator localhost:32769 (id: 2147483647 rack: null)
2025-08-07 12:31:28,680 INFO  [org.apa.kaf.cli.con.int.ConsumerCoordinator] (Thread-682) [Consumer clientId=consumer-Consumer-topic-b148e7eb_716a_40bc_8ffa_733f798a6e00-11, groupId=Consumer-topic-b148e7eb_716a_40bc_8ffa_733f798a6e00] (Re-)joining group
2025-08-07 12:31:28,685 INFO  [org.apa.kaf.cli.con.int.ConsumerCoordinator] (Thread-682) [Consumer clientId=consumer-Consumer-topic-b148e7eb_716a_40bc_8ffa_733f798a6e00-11, groupId=Consumer-topic-b148e7eb_716a_40bc_8ffa_733f798a6e00] Request joining group due to: need to re-join with the given member-id: consumer-Consumer-topic-b148e7eb_716a_40bc_8ffa_733f798a6e00-11-3a50d865-5ebd-4f0b-9829-8debd2c249c8
2025-08-07 12:31:28,685 INFO  [org.apa.kaf.cli.con.int.ConsumerCoordinator] (Thread-682) [Consumer clientId=consumer-Consumer-topic-b148e7eb_716a_40bc_8ffa_733f798a6e00-11, groupId=Consumer-topic-b148e7eb_716a_40bc_8ffa_733f798a6e00] (Re-)joining group
2025-08-07 12:31:29,673 INFO  [io.api.tes.ser.api.KafkaSerdesTester] (Thread-682) None found
2025-08-07 12:31:30,673 INFO  [io.api.tes.ser.api.KafkaSerdesTester] (Thread-682) None found
2025-08-07 12:31:31,673 INFO  [io.api.tes.ser.api.KafkaSerdesTester] (Thread-682) None found
2025-08-07 12:31:31,690 INFO  [org.apa.kaf.cli.con.int.ConsumerCoordinator] (Thread-682) [Consumer clientId=consumer-Consumer-topic-b148e7eb_716a_40bc_8ffa_733f798a6e00-11, groupId=Consumer-topic-b148e7eb_716a_40bc_8ffa_733f798a6e00] Successfully joined group with generation Generation{generationId=3, memberId='consumer-Consumer-topic-b148e7eb_716a_40bc_8ffa_733f798a6e00-11-3a50d865-5ebd-4f0b-9829-8debd2c249c8', protocol='range'}
2025-08-07 12:31:31,690 INFO  [org.apa.kaf.cli.con.int.ConsumerCoordinator] (Thread-682) [Consumer clientId=consumer-Consumer-topic-b148e7eb_716a_40bc_8ffa_733f798a6e00-11, groupId=Consumer-topic-b148e7eb_716a_40bc_8ffa_733f798a6e00] Finished assignment for group at generation 3: {consumer-Consumer-topic-b148e7eb_716a_40bc_8ffa_733f798a6e00-11-3a50d865-5ebd-4f0b-9829-8debd2c249c8=Assignment(partitions=[topic-b148e7eb_716a_40bc_8ffa_733f798a6e00-0])}
2025-08-07 12:31:31,697 INFO  [org.apa.kaf.cli.con.int.ConsumerCoordinator] (Thread-682) [Consumer clientId=consumer-Consumer-topic-b148e7eb_716a_40bc_8ffa_733f798a6e00-11, groupId=Consumer-topic-b148e7eb_716a_40bc_8ffa_733f798a6e00] Successfully synced group in generation Generation{generationId=3, memberId='consumer-Consumer-topic-b148e7eb_716a_40bc_8ffa_733f798a6e00-11-3a50d865-5ebd-4f0b-9829-8debd2c249c8', protocol='range'}
2025-08-07 12:31:31,698 INFO  [org.apa.kaf.cli.con.int.ConsumerCoordinator] (Thread-682) [Consumer clientId=consumer-Consumer-topic-b148e7eb_716a_40bc_8ffa_733f798a6e00-11, groupId=Consumer-topic-b148e7eb_716a_40bc_8ffa_733f798a6e00] Notifying assignor about the new Assignment(partitions=[topic-b148e7eb_716a_40bc_8ffa_733f798a6e00-0])
2025-08-07 12:31:31,698 INFO  [org.apa.kaf.cli.con.int.ConsumerRebalanceListenerInvoker] (Thread-682) [Consumer clientId=consumer-Consumer-topic-b148e7eb_716a_40bc_8ffa_733f798a6e00-11, groupId=Consumer-topic-b148e7eb_716a_40bc_8ffa_733f798a6e00] Adding newly assigned partitions: topic-b148e7eb_716a_40bc_8ffa_733f798a6e00-0
2025-08-07 12:31:31,699 INFO  [org.apa.kaf.cli.con.int.ConsumerUtils] (Thread-682) Setting offset for partition topic-b148e7eb_716a_40bc_8ffa_733f798a6e00-0 to the committed offset FetchPosition{offset=10, offsetEpoch=Optional[0], currentLeader=LeaderAndEpoch{leader=Optional[localhost:32769 (id: 0 rack: null)], epoch=0}}
2025-08-07 12:31:32,100 INFO  [io.api.tes.ser.api.KafkaSerdesTester] (Thread-682) topic-b148e7eb_716a_40bc_8ffa_733f798a6e00 0 10 {"key11754569881850": "value-0", "key21754569887056": "value-0"}
2025-08-07 12:31:32,100 INFO  [io.api.tes.ser.api.KafkaSerdesTester] (Thread-682) topic-b148e7eb_716a_40bc_8ffa_733f798a6e00 0 11 {"key11754569881850": "value-1", "key21754569887056": "value-1"}
2025-08-07 12:31:32,100 INFO  [io.api.tes.ser.api.KafkaSerdesTester] (Thread-682) topic-b148e7eb_716a_40bc_8ffa_733f798a6e00 0 12 {"key11754569881850": "value-2", "key21754569887056": "value-2"}
2025-08-07 12:31:32,100 INFO  [io.api.tes.ser.api.KafkaSerdesTester] (Thread-682) topic-b148e7eb_716a_40bc_8ffa_733f798a6e00 0 13 {"key11754569881850": "value-3", "key21754569887056": "value-3"}
2025-08-07 12:31:32,100 INFO  [io.api.tes.ser.api.KafkaSerdesTester] (Thread-682) topic-b148e7eb_716a_40bc_8ffa_733f798a6e00 0 14 {"key11754569881850": "value-4", "key21754569887056": "value-4"}
2025-08-07 12:31:32,100 INFO  [io.api.tes.ser.api.KafkaSerdesTester] (Thread-682) topic-b148e7eb_716a_40bc_8ffa_733f798a6e00 0 15 {"key11754569881850": "value-5", "key21754569887056": "value-5"}
2025-08-07 12:31:32,100 INFO  [io.api.tes.ser.api.KafkaSerdesTester] (Thread-682) topic-b148e7eb_716a_40bc_8ffa_733f798a6e00 0 16 {"key11754569881850": "value-6", "key21754569887056": "value-6"}
2025-08-07 12:31:32,100 INFO  [io.api.tes.ser.api.KafkaSerdesTester] (Thread-682) topic-b148e7eb_716a_40bc_8ffa_733f798a6e00 0 17 {"key11754569881850": "value-7", "key21754569887056": "value-7"}
2025-08-07 12:31:32,100 INFO  [io.api.tes.ser.api.KafkaSerdesTester] (Thread-682) topic-b148e7eb_716a_40bc_8ffa_733f798a6e00 0 18 {"key11754569881850": "value-8", "key21754569887056": "value-8"}
2025-08-07 12:31:32,100 INFO  [io.api.tes.ser.api.KafkaSerdesTester] (Thread-682) topic-b148e7eb_716a_40bc_8ffa_733f798a6e00 0 19 {"key11754569881850": "value-9", "key21754569887056": "value-9"}
2025-08-07 12:31:32,100 INFO  [io.api.tes.ser.api.KafkaSerdesTester] (Thread-682) topic-b148e7eb_716a_40bc_8ffa_733f798a6e00 0 20 {"key11754569881850": "value-0"}
2025-08-07 12:31:32,100 INFO  [io.api.tes.ser.api.KafkaSerdesTester] (Thread-682) topic-b148e7eb_716a_40bc_8ffa_733f798a6e00 0 21 {"key11754569881850": "value-1"}
2025-08-07 12:31:32,100 INFO  [io.api.tes.ser.api.KafkaSerdesTester] (Thread-682) topic-b148e7eb_716a_40bc_8ffa_733f798a6e00 0 22 {"key11754569881850": "value-2"}
2025-08-07 12:31:32,100 INFO  [io.api.tes.ser.api.KafkaSerdesTester] (Thread-682) topic-b148e7eb_716a_40bc_8ffa_733f798a6e00 0 23 {"key11754569881850": "value-3"}
2025-08-07 12:31:32,101 INFO  [io.api.tes.ser.api.KafkaSerdesTester] (Thread-682) topic-b148e7eb_716a_40bc_8ffa_733f798a6e00 0 24 {"key11754569881850": "value-4"}
2025-08-07 12:31:32,101 INFO  [io.api.tes.ser.api.KafkaSerdesTester] (Thread-682) topic-b148e7eb_716a_40bc_8ffa_733f798a6e00 0 25 {"key11754569881850": "value-5"}
2025-08-07 12:31:32,101 INFO  [io.api.tes.ser.api.KafkaSerdesTester] (Thread-682) topic-b148e7eb_716a_40bc_8ffa_733f798a6e00 0 26 {"key11754569881850": "value-6"}
2025-08-07 12:31:32,101 INFO  [io.api.tes.ser.api.KafkaSerdesTester] (Thread-682) topic-b148e7eb_716a_40bc_8ffa_733f798a6e00 0 27 {"key11754569881850": "value-7"}
2025-08-07 12:31:32,101 INFO  [io.api.tes.ser.api.KafkaSerdesTester] (Thread-682) topic-b148e7eb_716a_40bc_8ffa_733f798a6e00 0 28 {"key11754569881850": "value-8"}
2025-08-07 12:31:32,101 INFO  [io.api.tes.ser.api.KafkaSerdesTester] (Thread-682) topic-b148e7eb_716a_40bc_8ffa_733f798a6e00 0 29 {"key11754569881850": "value-9"}
2025-08-07 12:31:32,101 INFO  [io.api.tes.ser.api.KafkaSerdesTester] (Thread-682) Consumed 20 messages
2025-08-07 12:31:32,108 INFO  [org.apa.kaf.cli.con.int.ConsumerRebalanceListenerInvoker] (Thread-682) [Consumer clientId=consumer-Consumer-topic-b148e7eb_716a_40bc_8ffa_733f798a6e00-11, groupId=Consumer-topic-b148e7eb_716a_40bc_8ffa_733f798a6e00] Revoke previously assigned partitions topic-b148e7eb_716a_40bc_8ffa_733f798a6e00-0
2025-08-07 12:31:32,108 INFO  [org.apa.kaf.cli.con.int.ConsumerCoordinator] (Thread-682) [Consumer clientId=consumer-Consumer-topic-b148e7eb_716a_40bc_8ffa_733f798a6e00-11, groupId=Consumer-topic-b148e7eb_716a_40bc_8ffa_733f798a6e00] Member consumer-Consumer-topic-b148e7eb_716a_40bc_8ffa_733f798a6e00-11-3a50d865-5ebd-4f0b-9829-8debd2c249c8 sending LeaveGroup request to coordinator localhost:32769 (id: 2147483647 rack: null) due to the consumer is being closed
2025-08-07 12:31:32,108 INFO  [org.apa.kaf.cli.con.int.ConsumerCoordinator] (Thread-682) [Consumer clientId=consumer-Consumer-topic-b148e7eb_716a_40bc_8ffa_733f798a6e00-11, groupId=Consumer-topic-b148e7eb_716a_40bc_8ffa_733f798a6e00] Resetting generation and member id due to: consumer pro-actively leaving the group
2025-08-07 12:31:32,108 INFO  [org.apa.kaf.cli.con.int.ConsumerCoordinator] (Thread-682) [Consumer clientId=consumer-Consumer-topic-b148e7eb_716a_40bc_8ffa_733f798a6e00-11, groupId=Consumer-topic-b148e7eb_716a_40bc_8ffa_733f798a6e00] Request joining group due to: consumer pro-actively leaving the group
2025-08-07 12:31:32,602 INFO  [org.apa.kaf.com.met.Metrics] (Thread-682) Metrics scheduler closed
2025-08-07 12:31:32,603 INFO  [org.apa.kaf.com.met.Metrics] (Thread-682) Closing reporter org.apache.kafka.common.metrics.JmxReporter
2025-08-07 12:31:32,603 INFO  [org.apa.kaf.com.met.Metrics] (Thread-682) Closing reporter org.apache.kafka.common.telemetry.internals.ClientTelemetryReporter
2025-08-07 12:31:32,603 INFO  [org.apa.kaf.com.met.Metrics] (Thread-682) Metrics reporters closed
2025-08-07 12:31:32,605 INFO  [org.apa.kaf.com.uti.AppInfoParser] (Thread-682) App info kafka.consumer for consumer-Consumer-topic-b148e7eb_716a_40bc_8ffa_733f798a6e00-11 unregistered
2025-08-07 12:31:32,607 INFO  [io.api.tes.ser.api.AvroSerdeIT] (main) Registering Avro Schema 3: {"type":"record","name":"s26430ca4x1c01x43ccx88afxdb1a404d0ac5","namespace":"ns_6c932233_0d76_4c0b_ac23_ccdf42268b46","fields":[{"name":"key11754569881850","type":"string"},{"name":"key21754569887056","type":"string"},{"name":"key31754569892606","type":"string"}]}
**** Registry Base URL: http://registry-app-ksql043.apps.ci419.apicurio-testing.org:80
2025-08-07 12:31:33,800 INFO  [org.apa.kaf.cli.pro.ProducerConfig] (main) ProducerConfig values: 
	acks = -1
	auto.include.jmx.reporter = true
	batch.size = 16384
	bootstrap.servers = [PLAINTEXT://localhost:32769]
	buffer.memory = 33554432
	client.dns.lookup = use_all_dns_ips
	client.id = Producer-topic-b148e7eb_716a_40bc_8ffa_733f798a6e00
	compression.gzip.level = -1
	compression.lz4.level = 9
	compression.type = none
	compression.zstd.level = 3
	connections.max.idle.ms = 10000
	delivery.timeout.ms = 120000
	enable.idempotence = true
	enable.metrics.push = true
	interceptor.classes = []
	key.serializer = class org.apache.kafka.common.serialization.StringSerializer
	linger.ms = 0
	max.block.ms = 60000
	max.in.flight.requests.per.connection = 5
	max.request.size = 1048576
	metadata.max.age.ms = 300000
	metadata.max.idle.ms = 300000
	metadata.recovery.strategy = none
	metric.reporters = []
	metrics.num.samples = 2
	metrics.recording.level = INFO
	metrics.sample.window.ms = 30000
	partitioner.adaptive.partitioning.enable = true
	partitioner.availability.timeout.ms = 0
	partitioner.class = null
	partitioner.ignore.keys = false
	receive.buffer.bytes = 32768
	reconnect.backoff.max.ms = 1000
	reconnect.backoff.ms = 50
	request.timeout.ms = 5000
	retries = 2147483647
	retry.backoff.max.ms = 1000
	retry.backoff.ms = 100
	sasl.client.callback.handler.class = null
	sasl.jaas.config = null
	sasl.kerberos.kinit.cmd = /usr/bin/kinit
	sasl.kerberos.min.time.before.relogin = 60000
	sasl.kerberos.service.name = null
	sasl.kerberos.ticket.renew.jitter = 0.05
	sasl.kerberos.ticket.renew.window.factor = 0.8
	sasl.login.callback.handler.class = null
	sasl.login.class = null
	sasl.login.connect.timeout.ms = null
	sasl.login.read.timeout.ms = null
	sasl.login.refresh.buffer.seconds = 300
	sasl.login.refresh.min.period.seconds = 60
	sasl.login.refresh.window.factor = 0.8
	sasl.login.refresh.window.jitter = 0.05
	sasl.login.retry.backoff.max.ms = 10000
	sasl.login.retry.backoff.ms = 100
	sasl.mechanism = GSSAPI
	sasl.oauthbearer.clock.skew.seconds = 30
	sasl.oauthbearer.expected.audience = null
	sasl.oauthbearer.expected.issuer = null
	sasl.oauthbearer.header.urlencode = false
	sasl.oauthbearer.jwks.endpoint.refresh.ms = 3600000
	sasl.oauthbearer.jwks.endpoint.retry.backoff.max.ms = 10000
	sasl.oauthbearer.jwks.endpoint.retry.backoff.ms = 100
	sasl.oauthbearer.jwks.endpoint.url = null
	sasl.oauthbearer.scope.claim.name = scope
	sasl.oauthbearer.sub.claim.name = sub
	sasl.oauthbearer.token.endpoint.url = null
	security.protocol = PLAINTEXT
	security.providers = null
	send.buffer.bytes = 131072
	socket.connection.setup.timeout.max.ms = 30000
	socket.connection.setup.timeout.ms = 10000
	ssl.cipher.suites = null
	ssl.enabled.protocols = [TLSv1.2, TLSv1.3]
	ssl.endpoint.identification.algorithm = https
	ssl.engine.factory.class = null
	ssl.key.password = null
	ssl.keymanager.algorithm = SunX509
	ssl.keystore.certificate.chain = null
	ssl.keystore.key = null
	ssl.keystore.location = null
	ssl.keystore.password = null
	ssl.keystore.type = JKS
	ssl.protocol = TLSv1.3
	ssl.provider = null
	ssl.secure.random.implementation = null
	ssl.trustmanager.algorithm = PKIX
	ssl.truststore.certificates = null
	ssl.truststore.location = null
	ssl.truststore.password = null
	ssl.truststore.type = JKS
	transaction.timeout.ms = 60000
	transactional.id = null
	value.serializer = class io.apicurio.registry.serde.avro.AvroKafkaSerializer

2025-08-07 12:31:33,800 INFO  [org.apa.kaf.com.tel.int.KafkaMetricsCollector] (main) initializing Kafka metrics collector
2025-08-07 12:31:33,804 INFO  [org.apa.kaf.cli.pro.KafkaProducer] (main) [Producer clientId=Producer-topic-b148e7eb_716a_40bc_8ffa_733f798a6e00] Instantiated an idempotent producer.
2025-08-07 12:31:33,806 INFO  [org.apa.kaf.cli.pro.ProducerConfig] (main) These configurations '[apicurio.registry.url, apicurio.registry.artifact-resolver-strategy]' were supplied but are not used yet.
2025-08-07 12:31:33,806 INFO  [org.apa.kaf.com.uti.AppInfoParser] (main) Kafka version: 3.9.1
2025-08-07 12:31:33,806 INFO  [org.apa.kaf.com.uti.AppInfoParser] (main) Kafka commitId: f745dfdcee2b9851
2025-08-07 12:31:33,806 INFO  [org.apa.kaf.com.uti.AppInfoParser] (main) Kafka startTimeMs: 1754569893806
2025-08-07 12:31:33,807 INFO  [io.api.tes.ser.api.KafkaSerdesTester] (Thread-685) Sending message {"key11754569881850": "value-0", "key21754569887056": "value-0", "key31754569892606": "value-0"} to topic topic-b148e7eb_716a_40bc_8ffa_733f798a6e00
2025-08-07 12:31:33,813 INFO  [org.apa.kaf.cli.Metadata] (kafka-producer-network-thread | Producer-topic-b148e7eb_716a_40bc_8ffa_733f798a6e00) [Producer clientId=Producer-topic-b148e7eb_716a_40bc_8ffa_733f798a6e00] Cluster ID: wHHz-MW5SbujoYr4FCRV8g
2025-08-07 12:31:33,814 INFO  [DefaultSchemaResolver] (Thread-685) Retrieving schema content using string: {"type":"record","name":"s26430ca4x1c01x43ccx88afxdb1a404d0ac5","namespace":"ns_6c932233_0d76_4c0b_ac23_ccdf42268b46","fields":[{"name":"key11754569881850","type":"string"},{"name":"key21754569887056","type":"string"},{"name":"key31754569892606","type":"string"}]}
2025-08-07 12:31:33,815 INFO  [org.apa.kaf.cli.pro.int.TransactionManager] (kafka-producer-network-thread | Producer-topic-b148e7eb_716a_40bc_8ffa_733f798a6e00) [Producer clientId=Producer-topic-b148e7eb_716a_40bc_8ffa_733f798a6e00] ProducerId set to 15 with epoch 0
2025-08-07 12:31:33,988 INFO  [io.api.tes.ser.api.KafkaSerdesTester] (Thread-685) Sending message {"key11754569881850": "value-1", "key21754569887056": "value-1", "key31754569892606": "value-1"} to topic topic-b148e7eb_716a_40bc_8ffa_733f798a6e00
2025-08-07 12:31:33,990 INFO  [io.api.tes.ser.api.KafkaSerdesTester] (Thread-685) Sending message {"key11754569881850": "value-2", "key21754569887056": "value-2", "key31754569892606": "value-2"} to topic topic-b148e7eb_716a_40bc_8ffa_733f798a6e00
2025-08-07 12:31:33,991 INFO  [io.api.tes.ser.api.KafkaSerdesTester] (Thread-685) Sending message {"key11754569881850": "value-3", "key21754569887056": "value-3", "key31754569892606": "value-3"} to topic topic-b148e7eb_716a_40bc_8ffa_733f798a6e00
2025-08-07 12:31:33,993 INFO  [io.api.tes.ser.api.KafkaSerdesTester] (Thread-685) Sending message {"key11754569881850": "value-4", "key21754569887056": "value-4", "key31754569892606": "value-4"} to topic topic-b148e7eb_716a_40bc_8ffa_733f798a6e00
2025-08-07 12:31:33,995 INFO  [io.api.tes.ser.api.KafkaSerdesTester] (Thread-685) Sending message {"key11754569881850": "value-5", "key21754569887056": "value-5", "key31754569892606": "value-5"} to topic topic-b148e7eb_716a_40bc_8ffa_733f798a6e00
2025-08-07 12:31:33,999 INFO  [io.api.tes.ser.api.KafkaSerdesTester] (Thread-685) Sending message {"key11754569881850": "value-6", "key21754569887056": "value-6", "key31754569892606": "value-6"} to topic topic-b148e7eb_716a_40bc_8ffa_733f798a6e00
2025-08-07 12:31:34,001 INFO  [io.api.tes.ser.api.KafkaSerdesTester] (Thread-685) Sending message {"key11754569881850": "value-7", "key21754569887056": "value-7", "key31754569892606": "value-7"} to topic topic-b148e7eb_716a_40bc_8ffa_733f798a6e00
2025-08-07 12:31:34,003 INFO  [io.api.tes.ser.api.KafkaSerdesTester] (Thread-685) Sending message {"key11754569881850": "value-8", "key21754569887056": "value-8", "key31754569892606": "value-8"} to topic topic-b148e7eb_716a_40bc_8ffa_733f798a6e00
2025-08-07 12:31:34,005 INFO  [io.api.tes.ser.api.KafkaSerdesTester] (Thread-685) Sending message {"key11754569881850": "value-9", "key21754569887056": "value-9", "key31754569892606": "value-9"} to topic topic-b148e7eb_716a_40bc_8ffa_733f798a6e00
2025-08-07 12:31:34,006 INFO  [io.api.tes.ser.api.KafkaSerdesTester] (Thread-685) Produced 10 messages
2025-08-07 12:31:34,006 INFO  [org.apa.kaf.cli.pro.KafkaProducer] (Thread-685) [Producer clientId=Producer-topic-b148e7eb_716a_40bc_8ffa_733f798a6e00] Closing the Kafka producer with timeoutMillis = 9223372036854775807 ms.
2025-08-07 12:31:34,009 INFO  [org.apa.kaf.com.met.Metrics] (Thread-685) Metrics scheduler closed
2025-08-07 12:31:34,009 INFO  [org.apa.kaf.com.met.Metrics] (Thread-685) Closing reporter org.apache.kafka.common.metrics.JmxReporter
2025-08-07 12:31:34,009 INFO  [org.apa.kaf.com.met.Metrics] (Thread-685) Closing reporter org.apache.kafka.common.telemetry.internals.ClientTelemetryReporter
2025-08-07 12:31:34,009 INFO  [org.apa.kaf.com.met.Metrics] (Thread-685) Metrics reporters closed
2025-08-07 12:31:34,009 INFO  [org.apa.kaf.com.uti.AppInfoParser] (Thread-685) App info kafka.producer for Producer-topic-b148e7eb_716a_40bc_8ffa_733f798a6e00 unregistered
**** Registry Base URL: http://registry-app-ksql043.apps.ci419.apicurio-testing.org:80
2025-08-07 12:31:34,011 INFO  [org.apa.kaf.cli.pro.ProducerConfig] (main) ProducerConfig values: 
	acks = -1
	auto.include.jmx.reporter = true
	batch.size = 16384
	bootstrap.servers = [PLAINTEXT://localhost:32769]
	buffer.memory = 33554432
	client.dns.lookup = use_all_dns_ips
	client.id = Producer-topic-b148e7eb_716a_40bc_8ffa_733f798a6e00
	compression.gzip.level = -1
	compression.lz4.level = 9
	compression.type = none
	compression.zstd.level = 3
	connections.max.idle.ms = 10000
	delivery.timeout.ms = 120000
	enable.idempotence = true
	enable.metrics.push = true
	interceptor.classes = []
	key.serializer = class org.apache.kafka.common.serialization.StringSerializer
	linger.ms = 0
	max.block.ms = 60000
	max.in.flight.requests.per.connection = 5
	max.request.size = 1048576
	metadata.max.age.ms = 300000
	metadata.max.idle.ms = 300000
	metadata.recovery.strategy = none
	metric.reporters = []
	metrics.num.samples = 2
	metrics.recording.level = INFO
	metrics.sample.window.ms = 30000
	partitioner.adaptive.partitioning.enable = true
	partitioner.availability.timeout.ms = 0
	partitioner.class = null
	partitioner.ignore.keys = false
	receive.buffer.bytes = 32768
	reconnect.backoff.max.ms = 1000
	reconnect.backoff.ms = 50
	request.timeout.ms = 5000
	retries = 2147483647
	retry.backoff.max.ms = 1000
	retry.backoff.ms = 100
	sasl.client.callback.handler.class = null
	sasl.jaas.config = null
	sasl.kerberos.kinit.cmd = /usr/bin/kinit
	sasl.kerberos.min.time.before.relogin = 60000
	sasl.kerberos.service.name = null
	sasl.kerberos.ticket.renew.jitter = 0.05
	sasl.kerberos.ticket.renew.window.factor = 0.8
	sasl.login.callback.handler.class = null
	sasl.login.class = null
	sasl.login.connect.timeout.ms = null
	sasl.login.read.timeout.ms = null
	sasl.login.refresh.buffer.seconds = 300
	sasl.login.refresh.min.period.seconds = 60
	sasl.login.refresh.window.factor = 0.8
	sasl.login.refresh.window.jitter = 0.05
	sasl.login.retry.backoff.max.ms = 10000
	sasl.login.retry.backoff.ms = 100
	sasl.mechanism = GSSAPI
	sasl.oauthbearer.clock.skew.seconds = 30
	sasl.oauthbearer.expected.audience = null
	sasl.oauthbearer.expected.issuer = null
	sasl.oauthbearer.header.urlencode = false
	sasl.oauthbearer.jwks.endpoint.refresh.ms = 3600000
	sasl.oauthbearer.jwks.endpoint.retry.backoff.max.ms = 10000
	sasl.oauthbearer.jwks.endpoint.retry.backoff.ms = 100
	sasl.oauthbearer.jwks.endpoint.url = null
	sasl.oauthbearer.scope.claim.name = scope
	sasl.oauthbearer.sub.claim.name = sub
	sasl.oauthbearer.token.endpoint.url = null
	security.protocol = PLAINTEXT
	security.providers = null
	send.buffer.bytes = 131072
	socket.connection.setup.timeout.max.ms = 30000
	socket.connection.setup.timeout.ms = 10000
	ssl.cipher.suites = null
	ssl.enabled.protocols = [TLSv1.2, TLSv1.3]
	ssl.endpoint.identification.algorithm = https
	ssl.engine.factory.class = null
	ssl.key.password = null
	ssl.keymanager.algorithm = SunX509
	ssl.keystore.certificate.chain = null
	ssl.keystore.key = null
	ssl.keystore.location = null
	ssl.keystore.password = null
	ssl.keystore.type = JKS
	ssl.protocol = TLSv1.3
	ssl.provider = null
	ssl.secure.random.implementation = null
	ssl.trustmanager.algorithm = PKIX
	ssl.truststore.certificates = null
	ssl.truststore.location = null
	ssl.truststore.password = null
	ssl.truststore.type = JKS
	transaction.timeout.ms = 60000
	transactional.id = null
	value.serializer = class io.apicurio.registry.serde.avro.AvroKafkaSerializer

2025-08-07 12:31:34,011 INFO  [org.apa.kaf.com.tel.int.KafkaMetricsCollector] (main) initializing Kafka metrics collector
2025-08-07 12:31:34,021 INFO  [org.apa.kaf.cli.pro.KafkaProducer] (main) [Producer clientId=Producer-topic-b148e7eb_716a_40bc_8ffa_733f798a6e00] Instantiated an idempotent producer.
2025-08-07 12:31:34,025 INFO  [org.apa.kaf.cli.pro.ProducerConfig] (main) These configurations '[apicurio.registry.url, apicurio.registry.artifact-resolver-strategy]' were supplied but are not used yet.
2025-08-07 12:31:34,026 INFO  [org.apa.kaf.com.uti.AppInfoParser] (main) Kafka version: 3.9.1
2025-08-07 12:31:34,026 INFO  [org.apa.kaf.com.uti.AppInfoParser] (main) Kafka commitId: f745dfdcee2b9851
2025-08-07 12:31:34,026 INFO  [org.apa.kaf.com.uti.AppInfoParser] (main) Kafka startTimeMs: 1754569894026
2025-08-07 12:31:34,027 INFO  [io.api.tes.ser.api.KafkaSerdesTester] (Thread-688) Sending message {"key11754569881850": "value-0", "key21754569887056": "value-0"} to topic topic-b148e7eb_716a_40bc_8ffa_733f798a6e00
2025-08-07 12:31:34,032 INFO  [org.apa.kaf.cli.Metadata] (kafka-producer-network-thread | Producer-topic-b148e7eb_716a_40bc_8ffa_733f798a6e00) [Producer clientId=Producer-topic-b148e7eb_716a_40bc_8ffa_733f798a6e00] Cluster ID: wHHz-MW5SbujoYr4FCRV8g
2025-08-07 12:31:34,032 INFO  [DefaultSchemaResolver] (Thread-688) Retrieving schema content using string: {"type":"record","name":"s26430ca4x1c01x43ccx88afxdb1a404d0ac5","namespace":"ns_6c932233_0d76_4c0b_ac23_ccdf42268b46","fields":[{"name":"key11754569881850","type":"string"},{"name":"key21754569887056","type":"string"}]}
2025-08-07 12:31:34,034 INFO  [org.apa.kaf.cli.pro.int.TransactionManager] (kafka-producer-network-thread | Producer-topic-b148e7eb_716a_40bc_8ffa_733f798a6e00) [Producer clientId=Producer-topic-b148e7eb_716a_40bc_8ffa_733f798a6e00] ProducerId set to 16 with epoch 0
2025-08-07 12:31:34,182 INFO  [io.api.tes.ser.api.KafkaSerdesTester] (Thread-688) Sending message {"key11754569881850": "value-1", "key21754569887056": "value-1"} to topic topic-b148e7eb_716a_40bc_8ffa_733f798a6e00
2025-08-07 12:31:34,183 INFO  [io.api.tes.ser.api.KafkaSerdesTester] (Thread-688) Sending message {"key11754569881850": "value-2", "key21754569887056": "value-2"} to topic topic-b148e7eb_716a_40bc_8ffa_733f798a6e00
2025-08-07 12:31:34,185 INFO  [io.api.tes.ser.api.KafkaSerdesTester] (Thread-688) Sending message {"key11754569881850": "value-3", "key21754569887056": "value-3"} to topic topic-b148e7eb_716a_40bc_8ffa_733f798a6e00
2025-08-07 12:31:34,186 INFO  [io.api.tes.ser.api.KafkaSerdesTester] (Thread-688) Sending message {"key11754569881850": "value-4", "key21754569887056": "value-4"} to topic topic-b148e7eb_716a_40bc_8ffa_733f798a6e00
2025-08-07 12:31:34,188 INFO  [io.api.tes.ser.api.KafkaSerdesTester] (Thread-688) Sending message {"key11754569881850": "value-5", "key21754569887056": "value-5"} to topic topic-b148e7eb_716a_40bc_8ffa_733f798a6e00
2025-08-07 12:31:34,189 INFO  [io.api.tes.ser.api.KafkaSerdesTester] (Thread-688) Sending message {"key11754569881850": "value-6", "key21754569887056": "value-6"} to topic topic-b148e7eb_716a_40bc_8ffa_733f798a6e00
2025-08-07 12:31:34,191 INFO  [io.api.tes.ser.api.KafkaSerdesTester] (Thread-688) Sending message {"key11754569881850": "value-7", "key21754569887056": "value-7"} to topic topic-b148e7eb_716a_40bc_8ffa_733f798a6e00
2025-08-07 12:31:34,194 INFO  [io.api.tes.ser.api.KafkaSerdesTester] (Thread-688) Sending message {"key11754569881850": "value-8", "key21754569887056": "value-8"} to topic topic-b148e7eb_716a_40bc_8ffa_733f798a6e00
2025-08-07 12:31:34,197 INFO  [io.api.tes.ser.api.KafkaSerdesTester] (Thread-688) Sending message {"key11754569881850": "value-9", "key21754569887056": "value-9"} to topic topic-b148e7eb_716a_40bc_8ffa_733f798a6e00
2025-08-07 12:31:34,200 INFO  [io.api.tes.ser.api.KafkaSerdesTester] (Thread-688) Produced 10 messages
2025-08-07 12:31:34,200 INFO  [org.apa.kaf.cli.pro.KafkaProducer] (Thread-688) [Producer clientId=Producer-topic-b148e7eb_716a_40bc_8ffa_733f798a6e00] Closing the Kafka producer with timeoutMillis = 9223372036854775807 ms.
2025-08-07 12:31:34,202 INFO  [org.apa.kaf.com.met.Metrics] (Thread-688) Metrics scheduler closed
2025-08-07 12:31:34,202 INFO  [org.apa.kaf.com.met.Metrics] (Thread-688) Closing reporter org.apache.kafka.common.metrics.JmxReporter
2025-08-07 12:31:34,202 INFO  [org.apa.kaf.com.met.Metrics] (Thread-688) Closing reporter org.apache.kafka.common.telemetry.internals.ClientTelemetryReporter
2025-08-07 12:31:34,202 INFO  [org.apa.kaf.com.met.Metrics] (Thread-688) Metrics reporters closed
2025-08-07 12:31:34,202 INFO  [org.apa.kaf.com.uti.AppInfoParser] (Thread-688) App info kafka.producer for Producer-topic-b148e7eb_716a_40bc_8ffa_733f798a6e00 unregistered
**** Registry Base URL: http://registry-app-ksql043.apps.ci419.apicurio-testing.org:80
2025-08-07 12:31:34,204 INFO  [org.apa.kaf.cli.pro.ProducerConfig] (main) ProducerConfig values: 
	acks = -1
	auto.include.jmx.reporter = true
	batch.size = 16384
	bootstrap.servers = [PLAINTEXT://localhost:32769]
	buffer.memory = 33554432
	client.dns.lookup = use_all_dns_ips
	client.id = Producer-topic-b148e7eb_716a_40bc_8ffa_733f798a6e00
	compression.gzip.level = -1
	compression.lz4.level = 9
	compression.type = none
	compression.zstd.level = 3
	connections.max.idle.ms = 10000
	delivery.timeout.ms = 120000
	enable.idempotence = true
	enable.metrics.push = true
	interceptor.classes = []
	key.serializer = class org.apache.kafka.common.serialization.StringSerializer
	linger.ms = 0
	max.block.ms = 60000
	max.in.flight.requests.per.connection = 5
	max.request.size = 1048576
	metadata.max.age.ms = 300000
	metadata.max.idle.ms = 300000
	metadata.recovery.strategy = none
	metric.reporters = []
	metrics.num.samples = 2
	metrics.recording.level = INFO
	metrics.sample.window.ms = 30000
	partitioner.adaptive.partitioning.enable = true
	partitioner.availability.timeout.ms = 0
	partitioner.class = null
	partitioner.ignore.keys = false
	receive.buffer.bytes = 32768
	reconnect.backoff.max.ms = 1000
	reconnect.backoff.ms = 50
	request.timeout.ms = 5000
	retries = 2147483647
	retry.backoff.max.ms = 1000
	retry.backoff.ms = 100
	sasl.client.callback.handler.class = null
	sasl.jaas.config = null
	sasl.kerberos.kinit.cmd = /usr/bin/kinit
	sasl.kerberos.min.time.before.relogin = 60000
	sasl.kerberos.service.name = null
	sasl.kerberos.ticket.renew.jitter = 0.05
	sasl.kerberos.ticket.renew.window.factor = 0.8
	sasl.login.callback.handler.class = null
	sasl.login.class = null
	sasl.login.connect.timeout.ms = null
	sasl.login.read.timeout.ms = null
	sasl.login.refresh.buffer.seconds = 300
	sasl.login.refresh.min.period.seconds = 60
	sasl.login.refresh.window.factor = 0.8
	sasl.login.refresh.window.jitter = 0.05
	sasl.login.retry.backoff.max.ms = 10000
	sasl.login.retry.backoff.ms = 100
	sasl.mechanism = GSSAPI
	sasl.oauthbearer.clock.skew.seconds = 30
	sasl.oauthbearer.expected.audience = null
	sasl.oauthbearer.expected.issuer = null
	sasl.oauthbearer.header.urlencode = false
	sasl.oauthbearer.jwks.endpoint.refresh.ms = 3600000
	sasl.oauthbearer.jwks.endpoint.retry.backoff.max.ms = 10000
	sasl.oauthbearer.jwks.endpoint.retry.backoff.ms = 100
	sasl.oauthbearer.jwks.endpoint.url = null
	sasl.oauthbearer.scope.claim.name = scope
	sasl.oauthbearer.sub.claim.name = sub
	sasl.oauthbearer.token.endpoint.url = null
	security.protocol = PLAINTEXT
	security.providers = null
	send.buffer.bytes = 131072
	socket.connection.setup.timeout.max.ms = 30000
	socket.connection.setup.timeout.ms = 10000
	ssl.cipher.suites = null
	ssl.enabled.protocols = [TLSv1.2, TLSv1.3]
	ssl.endpoint.identification.algorithm = https
	ssl.engine.factory.class = null
	ssl.key.password = null
	ssl.keymanager.algorithm = SunX509
	ssl.keystore.certificate.chain = null
	ssl.keystore.key = null
	ssl.keystore.location = null
	ssl.keystore.password = null
	ssl.keystore.type = JKS
	ssl.protocol = TLSv1.3
	ssl.provider = null
	ssl.secure.random.implementation = null
	ssl.trustmanager.algorithm = PKIX
	ssl.truststore.certificates = null
	ssl.truststore.location = null
	ssl.truststore.password = null
	ssl.truststore.type = JKS
	transaction.timeout.ms = 60000
	transactional.id = null
	value.serializer = class io.apicurio.registry.serde.avro.AvroKafkaSerializer

2025-08-07 12:31:34,204 INFO  [org.apa.kaf.com.tel.int.KafkaMetricsCollector] (main) initializing Kafka metrics collector
2025-08-07 12:31:34,209 INFO  [org.apa.kaf.cli.pro.KafkaProducer] (main) [Producer clientId=Producer-topic-b148e7eb_716a_40bc_8ffa_733f798a6e00] Instantiated an idempotent producer.
2025-08-07 12:31:34,213 INFO  [org.apa.kaf.cli.pro.ProducerConfig] (main) These configurations '[apicurio.registry.url, apicurio.registry.artifact-resolver-strategy]' were supplied but are not used yet.
2025-08-07 12:31:34,213 INFO  [org.apa.kaf.com.uti.AppInfoParser] (main) Kafka version: 3.9.1
2025-08-07 12:31:34,213 INFO  [org.apa.kaf.com.uti.AppInfoParser] (main) Kafka commitId: f745dfdcee2b9851
2025-08-07 12:31:34,213 INFO  [org.apa.kaf.com.uti.AppInfoParser] (main) Kafka startTimeMs: 1754569894213
2025-08-07 12:31:34,215 INFO  [org.apa.kaf.cli.Metadata] (kafka-producer-network-thread | Producer-topic-b148e7eb_716a_40bc_8ffa_733f798a6e00) [Producer clientId=Producer-topic-b148e7eb_716a_40bc_8ffa_733f798a6e00] Cluster ID: wHHz-MW5SbujoYr4FCRV8g
2025-08-07 12:31:34,215 INFO  [io.api.tes.ser.api.KafkaSerdesTester] (Thread-691) Sending message {"key11754569881850": "value-0"} to topic topic-b148e7eb_716a_40bc_8ffa_733f798a6e00
2025-08-07 12:31:34,220 INFO  [org.apa.kaf.cli.pro.int.TransactionManager] (kafka-producer-network-thread | Producer-topic-b148e7eb_716a_40bc_8ffa_733f798a6e00) [Producer clientId=Producer-topic-b148e7eb_716a_40bc_8ffa_733f798a6e00] ProducerId set to 17 with epoch 0
2025-08-07 12:31:34,223 INFO  [DefaultSchemaResolver] (Thread-691) Retrieving schema content using string: {"type":"record","name":"s26430ca4x1c01x43ccx88afxdb1a404d0ac5","namespace":"ns_6c932233_0d76_4c0b_ac23_ccdf42268b46","fields":[{"name":"key11754569881850","type":"string"}]}
2025-08-07 12:31:34,393 INFO  [io.api.tes.ser.api.KafkaSerdesTester] (Thread-691) Sending message {"key11754569881850": "value-1"} to topic topic-b148e7eb_716a_40bc_8ffa_733f798a6e00
2025-08-07 12:31:34,397 INFO  [io.api.tes.ser.api.KafkaSerdesTester] (Thread-691) Sending message {"key11754569881850": "value-2"} to topic topic-b148e7eb_716a_40bc_8ffa_733f798a6e00
2025-08-07 12:31:34,398 INFO  [io.api.tes.ser.api.KafkaSerdesTester] (Thread-691) Sending message {"key11754569881850": "value-3"} to topic topic-b148e7eb_716a_40bc_8ffa_733f798a6e00
2025-08-07 12:31:34,399 INFO  [io.api.tes.ser.api.KafkaSerdesTester] (Thread-691) Sending message {"key11754569881850": "value-4"} to topic topic-b148e7eb_716a_40bc_8ffa_733f798a6e00
2025-08-07 12:31:34,401 INFO  [io.api.tes.ser.api.KafkaSerdesTester] (Thread-691) Sending message {"key11754569881850": "value-5"} to topic topic-b148e7eb_716a_40bc_8ffa_733f798a6e00
2025-08-07 12:31:34,402 INFO  [io.api.tes.ser.api.KafkaSerdesTester] (Thread-691) Sending message {"key11754569881850": "value-6"} to topic topic-b148e7eb_716a_40bc_8ffa_733f798a6e00
2025-08-07 12:31:34,403 INFO  [io.api.tes.ser.api.KafkaSerdesTester] (Thread-691) Sending message {"key11754569881850": "value-7"} to topic topic-b148e7eb_716a_40bc_8ffa_733f798a6e00
2025-08-07 12:31:34,405 INFO  [io.api.tes.ser.api.KafkaSerdesTester] (Thread-691) Sending message {"key11754569881850": "value-8"} to topic topic-b148e7eb_716a_40bc_8ffa_733f798a6e00
2025-08-07 12:31:34,406 INFO  [io.api.tes.ser.api.KafkaSerdesTester] (Thread-691) Sending message {"key11754569881850": "value-9"} to topic topic-b148e7eb_716a_40bc_8ffa_733f798a6e00
2025-08-07 12:31:34,409 INFO  [io.api.tes.ser.api.KafkaSerdesTester] (Thread-691) Produced 10 messages
2025-08-07 12:31:34,409 INFO  [org.apa.kaf.cli.pro.KafkaProducer] (Thread-691) [Producer clientId=Producer-topic-b148e7eb_716a_40bc_8ffa_733f798a6e00] Closing the Kafka producer with timeoutMillis = 9223372036854775807 ms.
2025-08-07 12:31:34,411 INFO  [org.apa.kaf.com.met.Metrics] (Thread-691) Metrics scheduler closed
2025-08-07 12:31:34,411 INFO  [org.apa.kaf.com.met.Metrics] (Thread-691) Closing reporter org.apache.kafka.common.metrics.JmxReporter
2025-08-07 12:31:34,411 INFO  [org.apa.kaf.com.met.Metrics] (Thread-691) Closing reporter org.apache.kafka.common.telemetry.internals.ClientTelemetryReporter
2025-08-07 12:31:34,411 INFO  [org.apa.kaf.com.met.Metrics] (Thread-691) Metrics reporters closed
2025-08-07 12:31:34,411 INFO  [org.apa.kaf.com.uti.AppInfoParser] (Thread-691) App info kafka.producer for Producer-topic-b148e7eb_716a_40bc_8ffa_733f798a6e00 unregistered
**** Registry Base URL: http://registry-app-ksql043.apps.ci419.apicurio-testing.org:80
2025-08-07 12:31:34,413 INFO  [org.apa.kaf.cli.con.ConsumerConfig] (main) ConsumerConfig values: 
	allow.auto.create.topics = true
	auto.commit.interval.ms = 500
	auto.include.jmx.reporter = true
	auto.offset.reset = earliest
	bootstrap.servers = [PLAINTEXT://localhost:32769]
	check.crcs = true
	client.dns.lookup = use_all_dns_ips
	client.id = consumer-Consumer-topic-b148e7eb_716a_40bc_8ffa_733f798a6e00-12
	client.rack = 
	connections.max.idle.ms = 10000
	default.api.timeout.ms = 60000
	enable.auto.commit = true
	enable.metrics.push = true
	exclude.internal.topics = true
	fetch.max.bytes = 52428800
	fetch.max.wait.ms = 500
	fetch.min.bytes = 1
	group.id = Consumer-topic-b148e7eb_716a_40bc_8ffa_733f798a6e00
	group.instance.id = null
	group.protocol = classic
	group.remote.assignor = null
	heartbeat.interval.ms = 3000
	interceptor.classes = []
	internal.leave.group.on.close = true
	internal.throw.on.fetch.stable.offset.unsupported = false
	isolation.level = read_uncommitted
	key.deserializer = class org.apache.kafka.common.serialization.StringDeserializer
	max.partition.fetch.bytes = 1048576
	max.poll.interval.ms = 300000
	max.poll.records = 500
	metadata.max.age.ms = 300000
	metadata.recovery.strategy = none
	metric.reporters = []
	metrics.num.samples = 2
	metrics.recording.level = INFO
	metrics.sample.window.ms = 30000
	partition.assignment.strategy = [class org.apache.kafka.clients.consumer.RangeAssignor, class org.apache.kafka.clients.consumer.CooperativeStickyAssignor]
	receive.buffer.bytes = 65536
	reconnect.backoff.max.ms = 1000
	reconnect.backoff.ms = 50
	request.timeout.ms = 5000
	retry.backoff.max.ms = 1000
	retry.backoff.ms = 100
	sasl.client.callback.handler.class = null
	sasl.jaas.config = null
	sasl.kerberos.kinit.cmd = /usr/bin/kinit
	sasl.kerberos.min.time.before.relogin = 60000
	sasl.kerberos.service.name = null
	sasl.kerberos.ticket.renew.jitter = 0.05
	sasl.kerberos.ticket.renew.window.factor = 0.8
	sasl.login.callback.handler.class = null
	sasl.login.class = null
	sasl.login.connect.timeout.ms = null
	sasl.login.read.timeout.ms = null
	sasl.login.refresh.buffer.seconds = 300
	sasl.login.refresh.min.period.seconds = 60
	sasl.login.refresh.window.factor = 0.8
	sasl.login.refresh.window.jitter = 0.05
	sasl.login.retry.backoff.max.ms = 10000
	sasl.login.retry.backoff.ms = 100
	sasl.mechanism = GSSAPI
	sasl.oauthbearer.clock.skew.seconds = 30
	sasl.oauthbearer.expected.audience = null
	sasl.oauthbearer.expected.issuer = null
	sasl.oauthbearer.header.urlencode = false
	sasl.oauthbearer.jwks.endpoint.refresh.ms = 3600000
	sasl.oauthbearer.jwks.endpoint.retry.backoff.max.ms = 10000
	sasl.oauthbearer.jwks.endpoint.retry.backoff.ms = 100
	sasl.oauthbearer.jwks.endpoint.url = null
	sasl.oauthbearer.scope.claim.name = scope
	sasl.oauthbearer.sub.claim.name = sub
	sasl.oauthbearer.token.endpoint.url = null
	security.protocol = PLAINTEXT
	security.providers = null
	send.buffer.bytes = 131072
	session.timeout.ms = 45000
	socket.connection.setup.timeout.max.ms = 30000
	socket.connection.setup.timeout.ms = 10000
	ssl.cipher.suites = null
	ssl.enabled.protocols = [TLSv1.2, TLSv1.3]
	ssl.endpoint.identification.algorithm = https
	ssl.engine.factory.class = null
	ssl.key.password = null
	ssl.keymanager.algorithm = SunX509
	ssl.keystore.certificate.chain = null
	ssl.keystore.key = null
	ssl.keystore.location = null
	ssl.keystore.password = null
	ssl.keystore.type = JKS
	ssl.protocol = TLSv1.3
	ssl.provider = null
	ssl.secure.random.implementation = null
	ssl.trustmanager.algorithm = PKIX
	ssl.truststore.certificates = null
	ssl.truststore.location = null
	ssl.truststore.password = null
	ssl.truststore.type = JKS
	value.deserializer = class io.apicurio.registry.serde.avro.AvroKafkaDeserializer

2025-08-07 12:31:34,414 INFO  [org.apa.kaf.com.tel.int.KafkaMetricsCollector] (main) initializing Kafka metrics collector
2025-08-07 12:31:34,419 INFO  [org.apa.kaf.cli.con.ConsumerConfig] (main) These configurations '[apicurio.registry.url]' were supplied but are not used yet.
2025-08-07 12:31:34,419 INFO  [org.apa.kaf.com.uti.AppInfoParser] (main) Kafka version: 3.9.1
2025-08-07 12:31:34,419 INFO  [org.apa.kaf.com.uti.AppInfoParser] (main) Kafka commitId: f745dfdcee2b9851
2025-08-07 12:31:34,419 INFO  [org.apa.kaf.com.uti.AppInfoParser] (main) Kafka startTimeMs: 1754569894419
2025-08-07 12:31:34,420 INFO  [org.apa.kaf.cli.con.int.ClassicKafkaConsumer] (Thread-694) [Consumer clientId=consumer-Consumer-topic-b148e7eb_716a_40bc_8ffa_733f798a6e00-12, groupId=Consumer-topic-b148e7eb_716a_40bc_8ffa_733f798a6e00] Subscribed to topic(s): topic-b148e7eb_716a_40bc_8ffa_733f798a6e00
2025-08-07 12:31:34,424 INFO  [org.apa.kaf.cli.Metadata] (Thread-694) [Consumer clientId=consumer-Consumer-topic-b148e7eb_716a_40bc_8ffa_733f798a6e00-12, groupId=Consumer-topic-b148e7eb_716a_40bc_8ffa_733f798a6e00] Cluster ID: wHHz-MW5SbujoYr4FCRV8g
2025-08-07 12:31:34,425 INFO  [org.apa.kaf.cli.con.int.ConsumerCoordinator] (Thread-694) [Consumer clientId=consumer-Consumer-topic-b148e7eb_716a_40bc_8ffa_733f798a6e00-12, groupId=Consumer-topic-b148e7eb_716a_40bc_8ffa_733f798a6e00] Discovered group coordinator localhost:32769 (id: 2147483647 rack: null)
2025-08-07 12:31:34,425 INFO  [org.apa.kaf.cli.con.int.ConsumerCoordinator] (Thread-694) [Consumer clientId=consumer-Consumer-topic-b148e7eb_716a_40bc_8ffa_733f798a6e00-12, groupId=Consumer-topic-b148e7eb_716a_40bc_8ffa_733f798a6e00] (Re-)joining group
2025-08-07 12:31:34,428 INFO  [org.apa.kaf.cli.con.int.ConsumerCoordinator] (Thread-694) [Consumer clientId=consumer-Consumer-topic-b148e7eb_716a_40bc_8ffa_733f798a6e00-12, groupId=Consumer-topic-b148e7eb_716a_40bc_8ffa_733f798a6e00] Request joining group due to: need to re-join with the given member-id: consumer-Consumer-topic-b148e7eb_716a_40bc_8ffa_733f798a6e00-12-cd6694bf-9019-40e8-9639-6bd784e433d8
2025-08-07 12:31:34,428 INFO  [org.apa.kaf.cli.con.int.ConsumerCoordinator] (Thread-694) [Consumer clientId=consumer-Consumer-topic-b148e7eb_716a_40bc_8ffa_733f798a6e00-12, groupId=Consumer-topic-b148e7eb_716a_40bc_8ffa_733f798a6e00] (Re-)joining group
2025-08-07 12:31:35,420 INFO  [io.api.tes.ser.api.KafkaSerdesTester] (Thread-694) None found
2025-08-07 12:31:36,420 INFO  [io.api.tes.ser.api.KafkaSerdesTester] (Thread-694) None found
2025-08-07 12:31:37,420 INFO  [io.api.tes.ser.api.KafkaSerdesTester] (Thread-694) None found
2025-08-07 12:31:37,430 INFO  [org.apa.kaf.cli.con.int.ConsumerCoordinator] (Thread-694) [Consumer clientId=consumer-Consumer-topic-b148e7eb_716a_40bc_8ffa_733f798a6e00-12, groupId=Consumer-topic-b148e7eb_716a_40bc_8ffa_733f798a6e00] Successfully joined group with generation Generation{generationId=5, memberId='consumer-Consumer-topic-b148e7eb_716a_40bc_8ffa_733f798a6e00-12-cd6694bf-9019-40e8-9639-6bd784e433d8', protocol='range'}
2025-08-07 12:31:37,430 INFO  [org.apa.kaf.cli.con.int.ConsumerCoordinator] (Thread-694) [Consumer clientId=consumer-Consumer-topic-b148e7eb_716a_40bc_8ffa_733f798a6e00-12, groupId=Consumer-topic-b148e7eb_716a_40bc_8ffa_733f798a6e00] Finished assignment for group at generation 5: {consumer-Consumer-topic-b148e7eb_716a_40bc_8ffa_733f798a6e00-12-cd6694bf-9019-40e8-9639-6bd784e433d8=Assignment(partitions=[topic-b148e7eb_716a_40bc_8ffa_733f798a6e00-0])}
2025-08-07 12:31:37,437 INFO  [org.apa.kaf.cli.con.int.ConsumerCoordinator] (Thread-694) [Consumer clientId=consumer-Consumer-topic-b148e7eb_716a_40bc_8ffa_733f798a6e00-12, groupId=Consumer-topic-b148e7eb_716a_40bc_8ffa_733f798a6e00] Successfully synced group in generation Generation{generationId=5, memberId='consumer-Consumer-topic-b148e7eb_716a_40bc_8ffa_733f798a6e00-12-cd6694bf-9019-40e8-9639-6bd784e433d8', protocol='range'}
2025-08-07 12:31:37,437 INFO  [org.apa.kaf.cli.con.int.ConsumerCoordinator] (Thread-694) [Consumer clientId=consumer-Consumer-topic-b148e7eb_716a_40bc_8ffa_733f798a6e00-12, groupId=Consumer-topic-b148e7eb_716a_40bc_8ffa_733f798a6e00] Notifying assignor about the new Assignment(partitions=[topic-b148e7eb_716a_40bc_8ffa_733f798a6e00-0])
2025-08-07 12:31:37,437 INFO  [org.apa.kaf.cli.con.int.ConsumerRebalanceListenerInvoker] (Thread-694) [Consumer clientId=consumer-Consumer-topic-b148e7eb_716a_40bc_8ffa_733f798a6e00-12, groupId=Consumer-topic-b148e7eb_716a_40bc_8ffa_733f798a6e00] Adding newly assigned partitions: topic-b148e7eb_716a_40bc_8ffa_733f798a6e00-0
2025-08-07 12:31:37,438 INFO  [org.apa.kaf.cli.con.int.ConsumerUtils] (Thread-694) Setting offset for partition topic-b148e7eb_716a_40bc_8ffa_733f798a6e00-0 to the committed offset FetchPosition{offset=30, offsetEpoch=Optional[0], currentLeader=LeaderAndEpoch{leader=Optional[localhost:32769 (id: 0 rack: null)], epoch=0}}
2025-08-07 12:31:37,961 INFO  [io.api.tes.ser.api.KafkaSerdesTester] (Thread-694) topic-b148e7eb_716a_40bc_8ffa_733f798a6e00 0 30 {"key11754569881850": "value-0", "key21754569887056": "value-0", "key31754569892606": "value-0"}
2025-08-07 12:31:37,961 INFO  [io.api.tes.ser.api.KafkaSerdesTester] (Thread-694) topic-b148e7eb_716a_40bc_8ffa_733f798a6e00 0 31 {"key11754569881850": "value-1", "key21754569887056": "value-1", "key31754569892606": "value-1"}
2025-08-07 12:31:37,961 INFO  [io.api.tes.ser.api.KafkaSerdesTester] (Thread-694) topic-b148e7eb_716a_40bc_8ffa_733f798a6e00 0 32 {"key11754569881850": "value-2", "key21754569887056": "value-2", "key31754569892606": "value-2"}
2025-08-07 12:31:37,961 INFO  [io.api.tes.ser.api.KafkaSerdesTester] (Thread-694) topic-b148e7eb_716a_40bc_8ffa_733f798a6e00 0 33 {"key11754569881850": "value-3", "key21754569887056": "value-3", "key31754569892606": "value-3"}
2025-08-07 12:31:37,961 INFO  [io.api.tes.ser.api.KafkaSerdesTester] (Thread-694) topic-b148e7eb_716a_40bc_8ffa_733f798a6e00 0 34 {"key11754569881850": "value-4", "key21754569887056": "value-4", "key31754569892606": "value-4"}
2025-08-07 12:31:37,961 INFO  [io.api.tes.ser.api.KafkaSerdesTester] (Thread-694) topic-b148e7eb_716a_40bc_8ffa_733f798a6e00 0 35 {"key11754569881850": "value-5", "key21754569887056": "value-5", "key31754569892606": "value-5"}
2025-08-07 12:31:37,961 INFO  [io.api.tes.ser.api.KafkaSerdesTester] (Thread-694) topic-b148e7eb_716a_40bc_8ffa_733f798a6e00 0 36 {"key11754569881850": "value-6", "key21754569887056": "value-6", "key31754569892606": "value-6"}
2025-08-07 12:31:37,962 INFO  [io.api.tes.ser.api.KafkaSerdesTester] (Thread-694) topic-b148e7eb_716a_40bc_8ffa_733f798a6e00 0 37 {"key11754569881850": "value-7", "key21754569887056": "value-7", "key31754569892606": "value-7"}
2025-08-07 12:31:37,962 INFO  [io.api.tes.ser.api.KafkaSerdesTester] (Thread-694) topic-b148e7eb_716a_40bc_8ffa_733f798a6e00 0 38 {"key11754569881850": "value-8", "key21754569887056": "value-8", "key31754569892606": "value-8"}
2025-08-07 12:31:37,962 INFO  [io.api.tes.ser.api.KafkaSerdesTester] (Thread-694) topic-b148e7eb_716a_40bc_8ffa_733f798a6e00 0 39 {"key11754569881850": "value-9", "key21754569887056": "value-9", "key31754569892606": "value-9"}
2025-08-07 12:31:37,962 INFO  [io.api.tes.ser.api.KafkaSerdesTester] (Thread-694) topic-b148e7eb_716a_40bc_8ffa_733f798a6e00 0 40 {"key11754569881850": "value-0", "key21754569887056": "value-0"}
2025-08-07 12:31:37,962 INFO  [io.api.tes.ser.api.KafkaSerdesTester] (Thread-694) topic-b148e7eb_716a_40bc_8ffa_733f798a6e00 0 41 {"key11754569881850": "value-1", "key21754569887056": "value-1"}
2025-08-07 12:31:37,962 INFO  [io.api.tes.ser.api.KafkaSerdesTester] (Thread-694) topic-b148e7eb_716a_40bc_8ffa_733f798a6e00 0 42 {"key11754569881850": "value-2", "key21754569887056": "value-2"}
2025-08-07 12:31:37,962 INFO  [io.api.tes.ser.api.KafkaSerdesTester] (Thread-694) topic-b148e7eb_716a_40bc_8ffa_733f798a6e00 0 43 {"key11754569881850": "value-3", "key21754569887056": "value-3"}
2025-08-07 12:31:37,962 INFO  [io.api.tes.ser.api.KafkaSerdesTester] (Thread-694) topic-b148e7eb_716a_40bc_8ffa_733f798a6e00 0 44 {"key11754569881850": "value-4", "key21754569887056": "value-4"}
2025-08-07 12:31:37,962 INFO  [io.api.tes.ser.api.KafkaSerdesTester] (Thread-694) topic-b148e7eb_716a_40bc_8ffa_733f798a6e00 0 45 {"key11754569881850": "value-5", "key21754569887056": "value-5"}
2025-08-07 12:31:37,962 INFO  [io.api.tes.ser.api.KafkaSerdesTester] (Thread-694) topic-b148e7eb_716a_40bc_8ffa_733f798a6e00 0 46 {"key11754569881850": "value-6", "key21754569887056": "value-6"}
2025-08-07 12:31:37,962 INFO  [io.api.tes.ser.api.KafkaSerdesTester] (Thread-694) topic-b148e7eb_716a_40bc_8ffa_733f798a6e00 0 47 {"key11754569881850": "value-7", "key21754569887056": "value-7"}
2025-08-07 12:31:37,962 INFO  [io.api.tes.ser.api.KafkaSerdesTester] (Thread-694) topic-b148e7eb_716a_40bc_8ffa_733f798a6e00 0 48 {"key11754569881850": "value-8", "key21754569887056": "value-8"}
2025-08-07 12:31:37,962 INFO  [io.api.tes.ser.api.KafkaSerdesTester] (Thread-694) topic-b148e7eb_716a_40bc_8ffa_733f798a6e00 0 49 {"key11754569881850": "value-9", "key21754569887056": "value-9"}
2025-08-07 12:31:37,962 INFO  [io.api.tes.ser.api.KafkaSerdesTester] (Thread-694) topic-b148e7eb_716a_40bc_8ffa_733f798a6e00 0 50 {"key11754569881850": "value-0"}
2025-08-07 12:31:37,962 INFO  [io.api.tes.ser.api.KafkaSerdesTester] (Thread-694) topic-b148e7eb_716a_40bc_8ffa_733f798a6e00 0 51 {"key11754569881850": "value-1"}
2025-08-07 12:31:37,962 INFO  [io.api.tes.ser.api.KafkaSerdesTester] (Thread-694) topic-b148e7eb_716a_40bc_8ffa_733f798a6e00 0 52 {"key11754569881850": "value-2"}
2025-08-07 12:31:37,962 INFO  [io.api.tes.ser.api.KafkaSerdesTester] (Thread-694) topic-b148e7eb_716a_40bc_8ffa_733f798a6e00 0 53 {"key11754569881850": "value-3"}
2025-08-07 12:31:37,962 INFO  [io.api.tes.ser.api.KafkaSerdesTester] (Thread-694) topic-b148e7eb_716a_40bc_8ffa_733f798a6e00 0 54 {"key11754569881850": "value-4"}
2025-08-07 12:31:37,963 INFO  [io.api.tes.ser.api.KafkaSerdesTester] (Thread-694) topic-b148e7eb_716a_40bc_8ffa_733f798a6e00 0 55 {"key11754569881850": "value-5"}
2025-08-07 12:31:37,963 INFO  [io.api.tes.ser.api.KafkaSerdesTester] (Thread-694) topic-b148e7eb_716a_40bc_8ffa_733f798a6e00 0 56 {"key11754569881850": "value-6"}
2025-08-07 12:31:37,963 INFO  [io.api.tes.ser.api.KafkaSerdesTester] (Thread-694) topic-b148e7eb_716a_40bc_8ffa_733f798a6e00 0 57 {"key11754569881850": "value-7"}
2025-08-07 12:31:37,963 INFO  [io.api.tes.ser.api.KafkaSerdesTester] (Thread-694) topic-b148e7eb_716a_40bc_8ffa_733f798a6e00 0 58 {"key11754569881850": "value-8"}
2025-08-07 12:31:37,963 INFO  [io.api.tes.ser.api.KafkaSerdesTester] (Thread-694) topic-b148e7eb_716a_40bc_8ffa_733f798a6e00 0 59 {"key11754569881850": "value-9"}
2025-08-07 12:31:37,963 INFO  [io.api.tes.ser.api.KafkaSerdesTester] (Thread-694) Consumed 30 messages
2025-08-07 12:31:37,969 INFO  [org.apa.kaf.cli.con.int.ConsumerRebalanceListenerInvoker] (Thread-694) [Consumer clientId=consumer-Consumer-topic-b148e7eb_716a_40bc_8ffa_733f798a6e00-12, groupId=Consumer-topic-b148e7eb_716a_40bc_8ffa_733f798a6e00] Revoke previously assigned partitions topic-b148e7eb_716a_40bc_8ffa_733f798a6e00-0
2025-08-07 12:31:37,969 INFO  [org.apa.kaf.cli.con.int.ConsumerCoordinator] (Thread-694) [Consumer clientId=consumer-Consumer-topic-b148e7eb_716a_40bc_8ffa_733f798a6e00-12, groupId=Consumer-topic-b148e7eb_716a_40bc_8ffa_733f798a6e00] Member consumer-Consumer-topic-b148e7eb_716a_40bc_8ffa_733f798a6e00-12-cd6694bf-9019-40e8-9639-6bd784e433d8 sending LeaveGroup request to coordinator localhost:32769 (id: 2147483647 rack: null) due to the consumer is being closed
2025-08-07 12:31:37,969 INFO  [org.apa.kaf.cli.con.int.ConsumerCoordinator] (Thread-694) [Consumer clientId=consumer-Consumer-topic-b148e7eb_716a_40bc_8ffa_733f798a6e00-12, groupId=Consumer-topic-b148e7eb_716a_40bc_8ffa_733f798a6e00] Resetting generation and member id due to: consumer pro-actively leaving the group
2025-08-07 12:31:37,969 INFO  [org.apa.kaf.cli.con.int.ConsumerCoordinator] (Thread-694) [Consumer clientId=consumer-Consumer-topic-b148e7eb_716a_40bc_8ffa_733f798a6e00-12, groupId=Consumer-topic-b148e7eb_716a_40bc_8ffa_733f798a6e00] Request joining group due to: consumer pro-actively leaving the group
2025-08-07 12:31:38,463 INFO  [org.apa.kaf.com.met.Metrics] (Thread-694) Metrics scheduler closed
2025-08-07 12:31:38,463 INFO  [org.apa.kaf.com.met.Metrics] (Thread-694) Closing reporter org.apache.kafka.common.metrics.JmxReporter
2025-08-07 12:31:38,463 INFO  [org.apa.kaf.com.met.Metrics] (Thread-694) Closing reporter org.apache.kafka.common.telemetry.internals.ClientTelemetryReporter
2025-08-07 12:31:38,463 INFO  [org.apa.kaf.com.met.Metrics] (Thread-694) Metrics reporters closed
2025-08-07 12:31:38,466 INFO  [org.apa.kaf.com.uti.AppInfoParser] (Thread-694) App info kafka.consumer for consumer-Consumer-topic-b148e7eb_716a_40bc_8ffa_733f798a6e00-12 unregistered
2025-08-07 12:31:38,466 INFO  [org.apa.kaf.cli.pro.KafkaProducer] (main) [Producer clientId=Producer-topic-b148e7eb_716a_40bc_8ffa_733f798a6e00] Closing the Kafka producer with timeoutMillis = 9223372036854775807 ms.
2025-08-07 12:31:38,466 INFO  [org.apa.kaf.com.met.Metrics] (main) Metrics scheduler closed
2025-08-07 12:31:38,466 INFO  [org.apa.kaf.com.met.Metrics] (main) Closing reporter org.apache.kafka.common.metrics.JmxReporter
2025-08-07 12:31:38,466 INFO  [org.apa.kaf.com.met.Metrics] (main) Closing reporter org.apache.kafka.common.telemetry.internals.ClientTelemetryReporter
2025-08-07 12:31:38,466 INFO  [org.apa.kaf.com.met.Metrics] (main) Metrics reporters closed
2025-08-07 12:31:38,466 INFO  [org.apa.kaf.com.uti.AppInfoParser] (main) App info kafka.producer for Producer-topic-b148e7eb_716a_40bc_8ffa_733f798a6e00 unregistered
2025-08-07 12:31:38,467 INFO  [io.api.tes.uti.TestSeparator] (main) io.apicurio.tests.serdes.apicurio.AvroSerdeIT.testEvolveAvroApicurio-FINISHED
2025-08-07 12:31:38,467 INFO  [io.api.tes.uti.TestSeparator] (main) ############################################################################
Test passed: testEvolveAvroApicurio
]]></system-out>
  </testcase>
  <testcase name="testTopicRecordIdStrategydFindLatest" classname="io.apicurio.tests.serdes.apicurio.AvroSerdeIT" time="5.344">
    <system-out><![CDATA[2025-08-07 12:31:38,469 INFO  [io.api.tes.uti.TestSeparator] (main) ############################################################################
2025-08-07 12:31:38,469 INFO  [io.api.tes.uti.TestSeparator] (main) io.apicurio.tests.serdes.apicurio.AvroSerdeIT.testTopicRecordIdStrategydFindLatest-STARTED
2025-08-07 12:31:38,473 INFO  [io.api.tes.ser.api.AvroSerdeIT] (main) Registering Avro Schema: {"type":"record","name":"s69a86a9dxc6f1x404dx9a46xb0bdb184e077","namespace":"s7ae8ea6exdfa1x48cfxb98dx0f83e945432e","fields":[{"name":"key11754569898472","type":"string"}]}
**** Registry Base URL: http://registry-app-ksql043.apps.ci419.apicurio-testing.org:80
2025-08-07 12:31:39,666 INFO  [org.apa.kaf.cli.pro.ProducerConfig] (main) ProducerConfig values: 
	acks = -1
	auto.include.jmx.reporter = true
	batch.size = 16384
	bootstrap.servers = [PLAINTEXT://localhost:32769]
	buffer.memory = 33554432
	client.dns.lookup = use_all_dns_ips
	client.id = Producer-topic-89f02d3d_34dc_4898_a57c_8b1f22f38fb6
	compression.gzip.level = -1
	compression.lz4.level = 9
	compression.type = none
	compression.zstd.level = 3
	connections.max.idle.ms = 10000
	delivery.timeout.ms = 120000
	enable.idempotence = true
	enable.metrics.push = true
	interceptor.classes = []
	key.serializer = class org.apache.kafka.common.serialization.StringSerializer
	linger.ms = 0
	max.block.ms = 60000
	max.in.flight.requests.per.connection = 5
	max.request.size = 1048576
	metadata.max.age.ms = 300000
	metadata.max.idle.ms = 300000
	metadata.recovery.strategy = none
	metric.reporters = []
	metrics.num.samples = 2
	metrics.recording.level = INFO
	metrics.sample.window.ms = 30000
	partitioner.adaptive.partitioning.enable = true
	partitioner.availability.timeout.ms = 0
	partitioner.class = null
	partitioner.ignore.keys = false
	receive.buffer.bytes = 32768
	reconnect.backoff.max.ms = 1000
	reconnect.backoff.ms = 50
	request.timeout.ms = 5000
	retries = 2147483647
	retry.backoff.max.ms = 1000
	retry.backoff.ms = 100
	sasl.client.callback.handler.class = null
	sasl.jaas.config = null
	sasl.kerberos.kinit.cmd = /usr/bin/kinit
	sasl.kerberos.min.time.before.relogin = 60000
	sasl.kerberos.service.name = null
	sasl.kerberos.ticket.renew.jitter = 0.05
	sasl.kerberos.ticket.renew.window.factor = 0.8
	sasl.login.callback.handler.class = null
	sasl.login.class = null
	sasl.login.connect.timeout.ms = null
	sasl.login.read.timeout.ms = null
	sasl.login.refresh.buffer.seconds = 300
	sasl.login.refresh.min.period.seconds = 60
	sasl.login.refresh.window.factor = 0.8
	sasl.login.refresh.window.jitter = 0.05
	sasl.login.retry.backoff.max.ms = 10000
	sasl.login.retry.backoff.ms = 100
	sasl.mechanism = GSSAPI
	sasl.oauthbearer.clock.skew.seconds = 30
	sasl.oauthbearer.expected.audience = null
	sasl.oauthbearer.expected.issuer = null
	sasl.oauthbearer.header.urlencode = false
	sasl.oauthbearer.jwks.endpoint.refresh.ms = 3600000
	sasl.oauthbearer.jwks.endpoint.retry.backoff.max.ms = 10000
	sasl.oauthbearer.jwks.endpoint.retry.backoff.ms = 100
	sasl.oauthbearer.jwks.endpoint.url = null
	sasl.oauthbearer.scope.claim.name = scope
	sasl.oauthbearer.sub.claim.name = sub
	sasl.oauthbearer.token.endpoint.url = null
	security.protocol = PLAINTEXT
	security.providers = null
	send.buffer.bytes = 131072
	socket.connection.setup.timeout.max.ms = 30000
	socket.connection.setup.timeout.ms = 10000
	ssl.cipher.suites = null
	ssl.enabled.protocols = [TLSv1.2, TLSv1.3]
	ssl.endpoint.identification.algorithm = https
	ssl.engine.factory.class = null
	ssl.key.password = null
	ssl.keymanager.algorithm = SunX509
	ssl.keystore.certificate.chain = null
	ssl.keystore.key = null
	ssl.keystore.location = null
	ssl.keystore.password = null
	ssl.keystore.type = JKS
	ssl.protocol = TLSv1.3
	ssl.provider = null
	ssl.secure.random.implementation = null
	ssl.trustmanager.algorithm = PKIX
	ssl.truststore.certificates = null
	ssl.truststore.location = null
	ssl.truststore.password = null
	ssl.truststore.type = JKS
	transaction.timeout.ms = 60000
	transactional.id = null
	value.serializer = class io.apicurio.registry.serde.avro.AvroKafkaSerializer

2025-08-07 12:31:39,666 INFO  [org.apa.kaf.com.tel.int.KafkaMetricsCollector] (main) initializing Kafka metrics collector
2025-08-07 12:31:39,669 INFO  [org.apa.kaf.cli.pro.KafkaProducer] (main) [Producer clientId=Producer-topic-89f02d3d_34dc_4898_a57c_8b1f22f38fb6] Instantiated an idempotent producer.
2025-08-07 12:31:39,670 INFO  [org.apa.kaf.cli.pro.ProducerConfig] (main) These configurations '[apicurio.registry.find-latest, apicurio.registry.url, apicurio.registry.artifact-resolver-strategy]' were supplied but are not used yet.
2025-08-07 12:31:39,670 INFO  [org.apa.kaf.com.uti.AppInfoParser] (main) Kafka version: 3.9.1
2025-08-07 12:31:39,670 INFO  [org.apa.kaf.com.uti.AppInfoParser] (main) Kafka commitId: f745dfdcee2b9851
2025-08-07 12:31:39,670 INFO  [org.apa.kaf.com.uti.AppInfoParser] (main) Kafka startTimeMs: 1754569899670
2025-08-07 12:31:39,671 INFO  [io.api.tes.ser.api.SimpleSerdesTesterBuilder$SimpleSerdesTester] (main) Using producer configuration: {apicurio.registry.find-latest=true, apicurio.registry.url=http://registry-app-ksql043.apps.ci419.apicurio-testing.org:80/apis/registry/v3, apicurio.registry.artifact-resolver-strategy=io.apicurio.registry.serde.avro.strategy.TopicRecordIdStrategy, value.serializer=io.apicurio.registry.serde.avro.AvroKafkaSerializer, request.timeout.ms=5000, acks=all, bootstrap.servers=PLAINTEXT://localhost:32769, connections.max.idle.ms=10000, key.serializer=org.apache.kafka.common.serialization.StringSerializer, client.id=Producer-topic-89f02d3d_34dc_4898_a57c_8b1f22f38fb6}
2025-08-07 12:31:39,671 INFO  [io.api.tes.ser.api.SimpleSerdesTesterBuilder$SimpleSerdesTester] (main) Using consumer configuration: {}
2025-08-07 12:31:39,672 INFO  [io.api.tes.ser.api.KafkaSerdesTester] (Thread-697) Sending message {"key11754569898472": "value-0"} to topic topic-89f02d3d_34dc_4898_a57c_8b1f22f38fb6
2025-08-07 12:31:39,675 INFO  [org.apa.kaf.cli.Metadata] (kafka-producer-network-thread | Producer-topic-89f02d3d_34dc_4898_a57c_8b1f22f38fb6) [Producer clientId=Producer-topic-89f02d3d_34dc_4898_a57c_8b1f22f38fb6] Cluster ID: wHHz-MW5SbujoYr4FCRV8g
2025-08-07 12:31:39,678 INFO  [org.apa.kaf.cli.pro.int.TransactionManager] (kafka-producer-network-thread | Producer-topic-89f02d3d_34dc_4898_a57c_8b1f22f38fb6) [Producer clientId=Producer-topic-89f02d3d_34dc_4898_a57c_8b1f22f38fb6] ProducerId set to 18 with epoch 0
2025-08-07 12:31:40,000 INFO  [io.api.tes.ser.api.KafkaSerdesTester] (Thread-697) Sending message {"key11754569898472": "value-1"} to topic topic-89f02d3d_34dc_4898_a57c_8b1f22f38fb6
2025-08-07 12:31:40,001 INFO  [io.api.tes.ser.api.KafkaSerdesTester] (Thread-697) Sending message {"key11754569898472": "value-2"} to topic topic-89f02d3d_34dc_4898_a57c_8b1f22f38fb6
2025-08-07 12:31:40,002 INFO  [io.api.tes.ser.api.KafkaSerdesTester] (Thread-697) Sending message {"key11754569898472": "value-3"} to topic topic-89f02d3d_34dc_4898_a57c_8b1f22f38fb6
2025-08-07 12:31:40,004 INFO  [io.api.tes.ser.api.KafkaSerdesTester] (Thread-697) Sending message {"key11754569898472": "value-4"} to topic topic-89f02d3d_34dc_4898_a57c_8b1f22f38fb6
2025-08-07 12:31:40,005 INFO  [io.api.tes.ser.api.KafkaSerdesTester] (Thread-697) Sending message {"key11754569898472": "value-5"} to topic topic-89f02d3d_34dc_4898_a57c_8b1f22f38fb6
2025-08-07 12:31:40,006 INFO  [io.api.tes.ser.api.KafkaSerdesTester] (Thread-697) Sending message {"key11754569898472": "value-6"} to topic topic-89f02d3d_34dc_4898_a57c_8b1f22f38fb6
2025-08-07 12:31:40,008 INFO  [io.api.tes.ser.api.KafkaSerdesTester] (Thread-697) Sending message {"key11754569898472": "value-7"} to topic topic-89f02d3d_34dc_4898_a57c_8b1f22f38fb6
2025-08-07 12:31:40,011 INFO  [io.api.tes.ser.api.KafkaSerdesTester] (Thread-697) Sending message {"key11754569898472": "value-8"} to topic topic-89f02d3d_34dc_4898_a57c_8b1f22f38fb6
2025-08-07 12:31:40,014 INFO  [io.api.tes.ser.api.KafkaSerdesTester] (Thread-697) Sending message {"key11754569898472": "value-9"} to topic topic-89f02d3d_34dc_4898_a57c_8b1f22f38fb6
2025-08-07 12:31:40,015 INFO  [io.api.tes.ser.api.KafkaSerdesTester] (Thread-697) Produced 10 messages
2025-08-07 12:31:40,015 INFO  [org.apa.kaf.cli.pro.KafkaProducer] (Thread-697) [Producer clientId=Producer-topic-89f02d3d_34dc_4898_a57c_8b1f22f38fb6] Closing the Kafka producer with timeoutMillis = 9223372036854775807 ms.
2025-08-07 12:31:40,017 INFO  [org.apa.kaf.com.met.Metrics] (Thread-697) Metrics scheduler closed
2025-08-07 12:31:40,017 INFO  [org.apa.kaf.com.met.Metrics] (Thread-697) Closing reporter org.apache.kafka.common.metrics.JmxReporter
2025-08-07 12:31:40,017 INFO  [org.apa.kaf.com.met.Metrics] (Thread-697) Closing reporter org.apache.kafka.common.telemetry.internals.ClientTelemetryReporter
2025-08-07 12:31:40,017 INFO  [org.apa.kaf.com.met.Metrics] (Thread-697) Metrics reporters closed
2025-08-07 12:31:40,017 INFO  [org.apa.kaf.com.uti.AppInfoParser] (Thread-697) App info kafka.producer for Producer-topic-89f02d3d_34dc_4898_a57c_8b1f22f38fb6 unregistered
**** Registry Base URL: http://registry-app-ksql043.apps.ci419.apicurio-testing.org:80
2025-08-07 12:31:40,018 INFO  [org.apa.kaf.cli.con.ConsumerConfig] (main) ConsumerConfig values: 
	allow.auto.create.topics = true
	auto.commit.interval.ms = 500
	auto.include.jmx.reporter = true
	auto.offset.reset = earliest
	bootstrap.servers = [PLAINTEXT://localhost:32769]
	check.crcs = true
	client.dns.lookup = use_all_dns_ips
	client.id = consumer-Consumer-topic-89f02d3d_34dc_4898_a57c_8b1f22f38fb6-13
	client.rack = 
	connections.max.idle.ms = 10000
	default.api.timeout.ms = 60000
	enable.auto.commit = true
	enable.metrics.push = true
	exclude.internal.topics = true
	fetch.max.bytes = 52428800
	fetch.max.wait.ms = 500
	fetch.min.bytes = 1
	group.id = Consumer-topic-89f02d3d_34dc_4898_a57c_8b1f22f38fb6
	group.instance.id = null
	group.protocol = classic
	group.remote.assignor = null
	heartbeat.interval.ms = 3000
	interceptor.classes = []
	internal.leave.group.on.close = true
	internal.throw.on.fetch.stable.offset.unsupported = false
	isolation.level = read_uncommitted
	key.deserializer = class org.apache.kafka.common.serialization.StringDeserializer
	max.partition.fetch.bytes = 1048576
	max.poll.interval.ms = 300000
	max.poll.records = 500
	metadata.max.age.ms = 300000
	metadata.recovery.strategy = none
	metric.reporters = []
	metrics.num.samples = 2
	metrics.recording.level = INFO
	metrics.sample.window.ms = 30000
	partition.assignment.strategy = [class org.apache.kafka.clients.consumer.RangeAssignor, class org.apache.kafka.clients.consumer.CooperativeStickyAssignor]
	receive.buffer.bytes = 65536
	reconnect.backoff.max.ms = 1000
	reconnect.backoff.ms = 50
	request.timeout.ms = 5000
	retry.backoff.max.ms = 1000
	retry.backoff.ms = 100
	sasl.client.callback.handler.class = null
	sasl.jaas.config = null
	sasl.kerberos.kinit.cmd = /usr/bin/kinit
	sasl.kerberos.min.time.before.relogin = 60000
	sasl.kerberos.service.name = null
	sasl.kerberos.ticket.renew.jitter = 0.05
	sasl.kerberos.ticket.renew.window.factor = 0.8
	sasl.login.callback.handler.class = null
	sasl.login.class = null
	sasl.login.connect.timeout.ms = null
	sasl.login.read.timeout.ms = null
	sasl.login.refresh.buffer.seconds = 300
	sasl.login.refresh.min.period.seconds = 60
	sasl.login.refresh.window.factor = 0.8
	sasl.login.refresh.window.jitter = 0.05
	sasl.login.retry.backoff.max.ms = 10000
	sasl.login.retry.backoff.ms = 100
	sasl.mechanism = GSSAPI
	sasl.oauthbearer.clock.skew.seconds = 30
	sasl.oauthbearer.expected.audience = null
	sasl.oauthbearer.expected.issuer = null
	sasl.oauthbearer.header.urlencode = false
	sasl.oauthbearer.jwks.endpoint.refresh.ms = 3600000
	sasl.oauthbearer.jwks.endpoint.retry.backoff.max.ms = 10000
	sasl.oauthbearer.jwks.endpoint.retry.backoff.ms = 100
	sasl.oauthbearer.jwks.endpoint.url = null
	sasl.oauthbearer.scope.claim.name = scope
	sasl.oauthbearer.sub.claim.name = sub
	sasl.oauthbearer.token.endpoint.url = null
	security.protocol = PLAINTEXT
	security.providers = null
	send.buffer.bytes = 131072
	session.timeout.ms = 45000
	socket.connection.setup.timeout.max.ms = 30000
	socket.connection.setup.timeout.ms = 10000
	ssl.cipher.suites = null
	ssl.enabled.protocols = [TLSv1.2, TLSv1.3]
	ssl.endpoint.identification.algorithm = https
	ssl.engine.factory.class = null
	ssl.key.password = null
	ssl.keymanager.algorithm = SunX509
	ssl.keystore.certificate.chain = null
	ssl.keystore.key = null
	ssl.keystore.location = null
	ssl.keystore.password = null
	ssl.keystore.type = JKS
	ssl.protocol = TLSv1.3
	ssl.provider = null
	ssl.secure.random.implementation = null
	ssl.trustmanager.algorithm = PKIX
	ssl.truststore.certificates = null
	ssl.truststore.location = null
	ssl.truststore.password = null
	ssl.truststore.type = JKS
	value.deserializer = class io.apicurio.registry.serde.avro.AvroKafkaDeserializer

2025-08-07 12:31:40,018 INFO  [org.apa.kaf.com.tel.int.KafkaMetricsCollector] (main) initializing Kafka metrics collector
2025-08-07 12:31:40,024 INFO  [org.apa.kaf.cli.con.ConsumerConfig] (main) These configurations '[apicurio.registry.url]' were supplied but are not used yet.
2025-08-07 12:31:40,024 INFO  [org.apa.kaf.com.uti.AppInfoParser] (main) Kafka version: 3.9.1
2025-08-07 12:31:40,024 INFO  [org.apa.kaf.com.uti.AppInfoParser] (main) Kafka commitId: f745dfdcee2b9851
2025-08-07 12:31:40,026 INFO  [org.apa.kaf.com.uti.AppInfoParser] (main) Kafka startTimeMs: 1754569900024
2025-08-07 12:31:40,027 INFO  [org.apa.kaf.cli.con.int.ClassicKafkaConsumer] (Thread-700) [Consumer clientId=consumer-Consumer-topic-89f02d3d_34dc_4898_a57c_8b1f22f38fb6-13, groupId=Consumer-topic-89f02d3d_34dc_4898_a57c_8b1f22f38fb6] Subscribed to topic(s): topic-89f02d3d_34dc_4898_a57c_8b1f22f38fb6
2025-08-07 12:31:40,035 INFO  [org.apa.kaf.cli.Metadata] (Thread-700) [Consumer clientId=consumer-Consumer-topic-89f02d3d_34dc_4898_a57c_8b1f22f38fb6-13, groupId=Consumer-topic-89f02d3d_34dc_4898_a57c_8b1f22f38fb6] Cluster ID: wHHz-MW5SbujoYr4FCRV8g
2025-08-07 12:31:40,036 INFO  [org.apa.kaf.cli.con.int.ConsumerCoordinator] (Thread-700) [Consumer clientId=consumer-Consumer-topic-89f02d3d_34dc_4898_a57c_8b1f22f38fb6-13, groupId=Consumer-topic-89f02d3d_34dc_4898_a57c_8b1f22f38fb6] Discovered group coordinator localhost:32769 (id: 2147483647 rack: null)
2025-08-07 12:31:40,037 INFO  [org.apa.kaf.cli.con.int.ConsumerCoordinator] (Thread-700) [Consumer clientId=consumer-Consumer-topic-89f02d3d_34dc_4898_a57c_8b1f22f38fb6-13, groupId=Consumer-topic-89f02d3d_34dc_4898_a57c_8b1f22f38fb6] (Re-)joining group
2025-08-07 12:31:40,041 INFO  [org.apa.kaf.cli.con.int.ConsumerCoordinator] (Thread-700) [Consumer clientId=consumer-Consumer-topic-89f02d3d_34dc_4898_a57c_8b1f22f38fb6-13, groupId=Consumer-topic-89f02d3d_34dc_4898_a57c_8b1f22f38fb6] Request joining group due to: need to re-join with the given member-id: consumer-Consumer-topic-89f02d3d_34dc_4898_a57c_8b1f22f38fb6-13-cc76be65-0d60-4674-ba24-1f34c21b5f27
2025-08-07 12:31:40,041 INFO  [org.apa.kaf.cli.con.int.ConsumerCoordinator] (Thread-700) [Consumer clientId=consumer-Consumer-topic-89f02d3d_34dc_4898_a57c_8b1f22f38fb6-13, groupId=Consumer-topic-89f02d3d_34dc_4898_a57c_8b1f22f38fb6] (Re-)joining group
2025-08-07 12:31:41,028 INFO  [io.api.tes.ser.api.KafkaSerdesTester] (Thread-700) None found
2025-08-07 12:31:42,029 INFO  [io.api.tes.ser.api.KafkaSerdesTester] (Thread-700) None found
2025-08-07 12:31:43,030 INFO  [io.api.tes.ser.api.KafkaSerdesTester] (Thread-700) None found
2025-08-07 12:31:43,045 INFO  [org.apa.kaf.cli.con.int.ConsumerCoordinator] (Thread-700) [Consumer clientId=consumer-Consumer-topic-89f02d3d_34dc_4898_a57c_8b1f22f38fb6-13, groupId=Consumer-topic-89f02d3d_34dc_4898_a57c_8b1f22f38fb6] Successfully joined group with generation Generation{generationId=1, memberId='consumer-Consumer-topic-89f02d3d_34dc_4898_a57c_8b1f22f38fb6-13-cc76be65-0d60-4674-ba24-1f34c21b5f27', protocol='range'}
2025-08-07 12:31:43,045 INFO  [org.apa.kaf.cli.con.int.ConsumerCoordinator] (Thread-700) [Consumer clientId=consumer-Consumer-topic-89f02d3d_34dc_4898_a57c_8b1f22f38fb6-13, groupId=Consumer-topic-89f02d3d_34dc_4898_a57c_8b1f22f38fb6] Finished assignment for group at generation 1: {consumer-Consumer-topic-89f02d3d_34dc_4898_a57c_8b1f22f38fb6-13-cc76be65-0d60-4674-ba24-1f34c21b5f27=Assignment(partitions=[topic-89f02d3d_34dc_4898_a57c_8b1f22f38fb6-0])}
2025-08-07 12:31:43,052 INFO  [org.apa.kaf.cli.con.int.ConsumerCoordinator] (Thread-700) [Consumer clientId=consumer-Consumer-topic-89f02d3d_34dc_4898_a57c_8b1f22f38fb6-13, groupId=Consumer-topic-89f02d3d_34dc_4898_a57c_8b1f22f38fb6] Successfully synced group in generation Generation{generationId=1, memberId='consumer-Consumer-topic-89f02d3d_34dc_4898_a57c_8b1f22f38fb6-13-cc76be65-0d60-4674-ba24-1f34c21b5f27', protocol='range'}
2025-08-07 12:31:43,053 INFO  [org.apa.kaf.cli.con.int.ConsumerCoordinator] (Thread-700) [Consumer clientId=consumer-Consumer-topic-89f02d3d_34dc_4898_a57c_8b1f22f38fb6-13, groupId=Consumer-topic-89f02d3d_34dc_4898_a57c_8b1f22f38fb6] Notifying assignor about the new Assignment(partitions=[topic-89f02d3d_34dc_4898_a57c_8b1f22f38fb6-0])
2025-08-07 12:31:43,053 INFO  [org.apa.kaf.cli.con.int.ConsumerRebalanceListenerInvoker] (Thread-700) [Consumer clientId=consumer-Consumer-topic-89f02d3d_34dc_4898_a57c_8b1f22f38fb6-13, groupId=Consumer-topic-89f02d3d_34dc_4898_a57c_8b1f22f38fb6] Adding newly assigned partitions: topic-89f02d3d_34dc_4898_a57c_8b1f22f38fb6-0
2025-08-07 12:31:43,053 INFO  [org.apa.kaf.cli.con.int.ConsumerCoordinator] (Thread-700) [Consumer clientId=consumer-Consumer-topic-89f02d3d_34dc_4898_a57c_8b1f22f38fb6-13, groupId=Consumer-topic-89f02d3d_34dc_4898_a57c_8b1f22f38fb6] Found no committed offset for partition topic-89f02d3d_34dc_4898_a57c_8b1f22f38fb6-0
2025-08-07 12:31:43,055 INFO  [org.apa.kaf.cli.con.int.SubscriptionState] (Thread-700) [Consumer clientId=consumer-Consumer-topic-89f02d3d_34dc_4898_a57c_8b1f22f38fb6-13, groupId=Consumer-topic-89f02d3d_34dc_4898_a57c_8b1f22f38fb6] Resetting offset for partition topic-89f02d3d_34dc_4898_a57c_8b1f22f38fb6-0 to position FetchPosition{offset=0, offsetEpoch=Optional.empty, currentLeader=LeaderAndEpoch{leader=Optional[localhost:32769 (id: 0 rack: null)], epoch=0}}.
2025-08-07 12:31:43,305 INFO  [io.api.tes.ser.api.KafkaSerdesTester] (Thread-700) topic-89f02d3d_34dc_4898_a57c_8b1f22f38fb6 0 0 {"key11754569898472": "value-0"}
2025-08-07 12:31:43,305 INFO  [io.api.tes.ser.api.KafkaSerdesTester] (Thread-700) topic-89f02d3d_34dc_4898_a57c_8b1f22f38fb6 0 1 {"key11754569898472": "value-1"}
2025-08-07 12:31:43,305 INFO  [io.api.tes.ser.api.KafkaSerdesTester] (Thread-700) topic-89f02d3d_34dc_4898_a57c_8b1f22f38fb6 0 2 {"key11754569898472": "value-2"}
2025-08-07 12:31:43,305 INFO  [io.api.tes.ser.api.KafkaSerdesTester] (Thread-700) topic-89f02d3d_34dc_4898_a57c_8b1f22f38fb6 0 3 {"key11754569898472": "value-3"}
2025-08-07 12:31:43,305 INFO  [io.api.tes.ser.api.KafkaSerdesTester] (Thread-700) topic-89f02d3d_34dc_4898_a57c_8b1f22f38fb6 0 4 {"key11754569898472": "value-4"}
2025-08-07 12:31:43,305 INFO  [io.api.tes.ser.api.KafkaSerdesTester] (Thread-700) topic-89f02d3d_34dc_4898_a57c_8b1f22f38fb6 0 5 {"key11754569898472": "value-5"}
2025-08-07 12:31:43,305 INFO  [io.api.tes.ser.api.KafkaSerdesTester] (Thread-700) topic-89f02d3d_34dc_4898_a57c_8b1f22f38fb6 0 6 {"key11754569898472": "value-6"}
2025-08-07 12:31:43,305 INFO  [io.api.tes.ser.api.KafkaSerdesTester] (Thread-700) topic-89f02d3d_34dc_4898_a57c_8b1f22f38fb6 0 7 {"key11754569898472": "value-7"}
2025-08-07 12:31:43,305 INFO  [io.api.tes.ser.api.KafkaSerdesTester] (Thread-700) topic-89f02d3d_34dc_4898_a57c_8b1f22f38fb6 0 8 {"key11754569898472": "value-8"}
2025-08-07 12:31:43,305 INFO  [io.api.tes.ser.api.KafkaSerdesTester] (Thread-700) topic-89f02d3d_34dc_4898_a57c_8b1f22f38fb6 0 9 {"key11754569898472": "value-9"}
2025-08-07 12:31:43,305 INFO  [io.api.tes.ser.api.KafkaSerdesTester] (Thread-700) Consumed 10 messages
2025-08-07 12:31:43,312 INFO  [org.apa.kaf.cli.con.int.ConsumerRebalanceListenerInvoker] (Thread-700) [Consumer clientId=consumer-Consumer-topic-89f02d3d_34dc_4898_a57c_8b1f22f38fb6-13, groupId=Consumer-topic-89f02d3d_34dc_4898_a57c_8b1f22f38fb6] Revoke previously assigned partitions topic-89f02d3d_34dc_4898_a57c_8b1f22f38fb6-0
2025-08-07 12:31:43,312 INFO  [org.apa.kaf.cli.con.int.ConsumerCoordinator] (Thread-700) [Consumer clientId=consumer-Consumer-topic-89f02d3d_34dc_4898_a57c_8b1f22f38fb6-13, groupId=Consumer-topic-89f02d3d_34dc_4898_a57c_8b1f22f38fb6] Member consumer-Consumer-topic-89f02d3d_34dc_4898_a57c_8b1f22f38fb6-13-cc76be65-0d60-4674-ba24-1f34c21b5f27 sending LeaveGroup request to coordinator localhost:32769 (id: 2147483647 rack: null) due to the consumer is being closed
2025-08-07 12:31:43,313 INFO  [org.apa.kaf.cli.con.int.ConsumerCoordinator] (Thread-700) [Consumer clientId=consumer-Consumer-topic-89f02d3d_34dc_4898_a57c_8b1f22f38fb6-13, groupId=Consumer-topic-89f02d3d_34dc_4898_a57c_8b1f22f38fb6] Resetting generation and member id due to: consumer pro-actively leaving the group
2025-08-07 12:31:43,313 INFO  [org.apa.kaf.cli.con.int.ConsumerCoordinator] (Thread-700) [Consumer clientId=consumer-Consumer-topic-89f02d3d_34dc_4898_a57c_8b1f22f38fb6-13, groupId=Consumer-topic-89f02d3d_34dc_4898_a57c_8b1f22f38fb6] Request joining group due to: consumer pro-actively leaving the group
2025-08-07 12:31:43,808 INFO  [org.apa.kaf.com.met.Metrics] (Thread-700) Metrics scheduler closed
2025-08-07 12:31:43,808 INFO  [org.apa.kaf.com.met.Metrics] (Thread-700) Closing reporter org.apache.kafka.common.metrics.JmxReporter
2025-08-07 12:31:43,808 INFO  [org.apa.kaf.com.met.Metrics] (Thread-700) Closing reporter org.apache.kafka.common.telemetry.internals.ClientTelemetryReporter
2025-08-07 12:31:43,808 INFO  [org.apa.kaf.com.met.Metrics] (Thread-700) Metrics reporters closed
2025-08-07 12:31:43,810 INFO  [org.apa.kaf.com.uti.AppInfoParser] (Thread-700) App info kafka.consumer for consumer-Consumer-topic-89f02d3d_34dc_4898_a57c_8b1f22f38fb6-13 unregistered
2025-08-07 12:31:43,811 INFO  [io.api.tes.uti.TestSeparator] (main) io.apicurio.tests.serdes.apicurio.AvroSerdeIT.testTopicRecordIdStrategydFindLatest-FINISHED
2025-08-07 12:31:43,811 INFO  [io.api.tes.uti.TestSeparator] (main) ############################################################################
Test passed: testTopicRecordIdStrategydFindLatest
]]></system-out>
  </testcase>
  <testcase name="testAvroConfluentForMultipleTopics" classname="io.apicurio.tests.serdes.apicurio.AvroSerdeIT" time="13.136">
    <system-out><![CDATA[2025-08-07 12:31:43,814 INFO  [io.api.tes.uti.TestSeparator] (main) ############################################################################
2025-08-07 12:31:43,814 INFO  [io.api.tes.uti.TestSeparator] (main) io.apicurio.tests.serdes.apicurio.AvroSerdeIT.testAvroConfluentForMultipleTopics-STARTED
2025-08-07 12:31:43,815 INFO  [io.api.tes.ser.api.AvroSerdeIT] (main) Registering Avro Schema: {"type":"record","name":"myrecordconfluent","fields":[{"name":"key11754569903815","type":"string"}]}
**** Registry Base URL: http://registry-app-ksql043.apps.ci419.apicurio-testing.org:80
2025-08-07 12:31:45,013 INFO  [org.apa.kaf.cli.pro.ProducerConfig] (main) ProducerConfig values: 
	acks = -1
	auto.include.jmx.reporter = true
	batch.size = 16384
	bootstrap.servers = [PLAINTEXT://localhost:32769]
	buffer.memory = 33554432
	client.dns.lookup = use_all_dns_ips
	client.id = Producer-topic-8107f6ac_fcd0_4699_bfee_7b6e17fc90ed
	compression.gzip.level = -1
	compression.lz4.level = 9
	compression.type = none
	compression.zstd.level = 3
	connections.max.idle.ms = 10000
	delivery.timeout.ms = 120000
	enable.idempotence = true
	enable.metrics.push = true
	interceptor.classes = []
	key.serializer = class org.apache.kafka.common.serialization.StringSerializer
	linger.ms = 0
	max.block.ms = 60000
	max.in.flight.requests.per.connection = 5
	max.request.size = 1048576
	metadata.max.age.ms = 300000
	metadata.max.idle.ms = 300000
	metadata.recovery.strategy = none
	metric.reporters = []
	metrics.num.samples = 2
	metrics.recording.level = INFO
	metrics.sample.window.ms = 30000
	partitioner.adaptive.partitioning.enable = true
	partitioner.availability.timeout.ms = 0
	partitioner.class = null
	partitioner.ignore.keys = false
	receive.buffer.bytes = 32768
	reconnect.backoff.max.ms = 1000
	reconnect.backoff.ms = 50
	request.timeout.ms = 5000
	retries = 2147483647
	retry.backoff.max.ms = 1000
	retry.backoff.ms = 100
	sasl.client.callback.handler.class = null
	sasl.jaas.config = null
	sasl.kerberos.kinit.cmd = /usr/bin/kinit
	sasl.kerberos.min.time.before.relogin = 60000
	sasl.kerberos.service.name = null
	sasl.kerberos.ticket.renew.jitter = 0.05
	sasl.kerberos.ticket.renew.window.factor = 0.8
	sasl.login.callback.handler.class = null
	sasl.login.class = null
	sasl.login.connect.timeout.ms = null
	sasl.login.read.timeout.ms = null
	sasl.login.refresh.buffer.seconds = 300
	sasl.login.refresh.min.period.seconds = 60
	sasl.login.refresh.window.factor = 0.8
	sasl.login.refresh.window.jitter = 0.05
	sasl.login.retry.backoff.max.ms = 10000
	sasl.login.retry.backoff.ms = 100
	sasl.mechanism = GSSAPI
	sasl.oauthbearer.clock.skew.seconds = 30
	sasl.oauthbearer.expected.audience = null
	sasl.oauthbearer.expected.issuer = null
	sasl.oauthbearer.header.urlencode = false
	sasl.oauthbearer.jwks.endpoint.refresh.ms = 3600000
	sasl.oauthbearer.jwks.endpoint.retry.backoff.max.ms = 10000
	sasl.oauthbearer.jwks.endpoint.retry.backoff.ms = 100
	sasl.oauthbearer.jwks.endpoint.url = null
	sasl.oauthbearer.scope.claim.name = scope
	sasl.oauthbearer.sub.claim.name = sub
	sasl.oauthbearer.token.endpoint.url = null
	security.protocol = PLAINTEXT
	security.providers = null
	send.buffer.bytes = 131072
	socket.connection.setup.timeout.max.ms = 30000
	socket.connection.setup.timeout.ms = 10000
	ssl.cipher.suites = null
	ssl.enabled.protocols = [TLSv1.2, TLSv1.3]
	ssl.endpoint.identification.algorithm = https
	ssl.engine.factory.class = null
	ssl.key.password = null
	ssl.keymanager.algorithm = SunX509
	ssl.keystore.certificate.chain = null
	ssl.keystore.key = null
	ssl.keystore.location = null
	ssl.keystore.password = null
	ssl.keystore.type = JKS
	ssl.protocol = TLSv1.3
	ssl.provider = null
	ssl.secure.random.implementation = null
	ssl.trustmanager.algorithm = PKIX
	ssl.truststore.certificates = null
	ssl.truststore.location = null
	ssl.truststore.password = null
	ssl.truststore.type = JKS
	transaction.timeout.ms = 60000
	transactional.id = null
	value.serializer = class io.apicurio.registry.serde.avro.AvroKafkaSerializer

2025-08-07 12:31:45,013 INFO  [org.apa.kaf.com.tel.int.KafkaMetricsCollector] (main) initializing Kafka metrics collector
2025-08-07 12:31:45,017 INFO  [org.apa.kaf.cli.pro.KafkaProducer] (main) [Producer clientId=Producer-topic-8107f6ac_fcd0_4699_bfee_7b6e17fc90ed] Instantiated an idempotent producer.
2025-08-07 12:31:45,019 INFO  [org.apa.kaf.cli.pro.ProducerConfig] (main) These configurations '[apicurio.registry.url, apicurio.registry.artifact-resolver-strategy]' were supplied but are not used yet.
2025-08-07 12:31:45,019 INFO  [org.apa.kaf.com.uti.AppInfoParser] (main) Kafka version: 3.9.1
2025-08-07 12:31:45,019 INFO  [org.apa.kaf.com.uti.AppInfoParser] (main) Kafka commitId: f745dfdcee2b9851
2025-08-07 12:31:45,019 INFO  [org.apa.kaf.com.uti.AppInfoParser] (main) Kafka startTimeMs: 1754569905019
**** Registry Base URL: http://registry-app-ksql043.apps.ci419.apicurio-testing.org:80
2025-08-07 12:31:45,019 INFO  [org.apa.kaf.cli.pro.ProducerConfig] (main) ProducerConfig values: 
	acks = -1
	auto.include.jmx.reporter = true
	batch.size = 16384
	bootstrap.servers = [PLAINTEXT://localhost:32769]
	buffer.memory = 33554432
	client.dns.lookup = use_all_dns_ips
	client.id = Producer-topic-4d7aa312_be9e_4c3f_8159_574a9cb64beb
	compression.gzip.level = -1
	compression.lz4.level = 9
	compression.type = none
	compression.zstd.level = 3
	connections.max.idle.ms = 10000
	delivery.timeout.ms = 120000
	enable.idempotence = true
	enable.metrics.push = true
	interceptor.classes = []
	key.serializer = class org.apache.kafka.common.serialization.StringSerializer
	linger.ms = 0
	max.block.ms = 60000
	max.in.flight.requests.per.connection = 5
	max.request.size = 1048576
	metadata.max.age.ms = 300000
	metadata.max.idle.ms = 300000
	metadata.recovery.strategy = none
	metric.reporters = []
	metrics.num.samples = 2
	metrics.recording.level = INFO
	metrics.sample.window.ms = 30000
	partitioner.adaptive.partitioning.enable = true
	partitioner.availability.timeout.ms = 0
	partitioner.class = null
	partitioner.ignore.keys = false
	receive.buffer.bytes = 32768
	reconnect.backoff.max.ms = 1000
	reconnect.backoff.ms = 50
	request.timeout.ms = 5000
	retries = 2147483647
	retry.backoff.max.ms = 1000
	retry.backoff.ms = 100
	sasl.client.callback.handler.class = null
	sasl.jaas.config = null
	sasl.kerberos.kinit.cmd = /usr/bin/kinit
	sasl.kerberos.min.time.before.relogin = 60000
	sasl.kerberos.service.name = null
	sasl.kerberos.ticket.renew.jitter = 0.05
	sasl.kerberos.ticket.renew.window.factor = 0.8
	sasl.login.callback.handler.class = null
	sasl.login.class = null
	sasl.login.connect.timeout.ms = null
	sasl.login.read.timeout.ms = null
	sasl.login.refresh.buffer.seconds = 300
	sasl.login.refresh.min.period.seconds = 60
	sasl.login.refresh.window.factor = 0.8
	sasl.login.refresh.window.jitter = 0.05
	sasl.login.retry.backoff.max.ms = 10000
	sasl.login.retry.backoff.ms = 100
	sasl.mechanism = GSSAPI
	sasl.oauthbearer.clock.skew.seconds = 30
	sasl.oauthbearer.expected.audience = null
	sasl.oauthbearer.expected.issuer = null
	sasl.oauthbearer.header.urlencode = false
	sasl.oauthbearer.jwks.endpoint.refresh.ms = 3600000
	sasl.oauthbearer.jwks.endpoint.retry.backoff.max.ms = 10000
	sasl.oauthbearer.jwks.endpoint.retry.backoff.ms = 100
	sasl.oauthbearer.jwks.endpoint.url = null
	sasl.oauthbearer.scope.claim.name = scope
	sasl.oauthbearer.sub.claim.name = sub
	sasl.oauthbearer.token.endpoint.url = null
	security.protocol = PLAINTEXT
	security.providers = null
	send.buffer.bytes = 131072
	socket.connection.setup.timeout.max.ms = 30000
	socket.connection.setup.timeout.ms = 10000
	ssl.cipher.suites = null
	ssl.enabled.protocols = [TLSv1.2, TLSv1.3]
	ssl.endpoint.identification.algorithm = https
	ssl.engine.factory.class = null
	ssl.key.password = null
	ssl.keymanager.algorithm = SunX509
	ssl.keystore.certificate.chain = null
	ssl.keystore.key = null
	ssl.keystore.location = null
	ssl.keystore.password = null
	ssl.keystore.type = JKS
	ssl.protocol = TLSv1.3
	ssl.provider = null
	ssl.secure.random.implementation = null
	ssl.trustmanager.algorithm = PKIX
	ssl.truststore.certificates = null
	ssl.truststore.location = null
	ssl.truststore.password = null
	ssl.truststore.type = JKS
	transaction.timeout.ms = 60000
	transactional.id = null
	value.serializer = class io.apicurio.registry.serde.avro.AvroKafkaSerializer

2025-08-07 12:31:45,020 INFO  [org.apa.kaf.com.tel.int.KafkaMetricsCollector] (main) initializing Kafka metrics collector
2025-08-07 12:31:45,023 INFO  [org.apa.kaf.cli.pro.KafkaProducer] (main) [Producer clientId=Producer-topic-4d7aa312_be9e_4c3f_8159_574a9cb64beb] Instantiated an idempotent producer.
2025-08-07 12:31:45,025 INFO  [org.apa.kaf.cli.Metadata] (kafka-producer-network-thread | Producer-topic-8107f6ac_fcd0_4699_bfee_7b6e17fc90ed) [Producer clientId=Producer-topic-8107f6ac_fcd0_4699_bfee_7b6e17fc90ed] Cluster ID: wHHz-MW5SbujoYr4FCRV8g
2025-08-07 12:31:45,026 INFO  [org.apa.kaf.cli.pro.ProducerConfig] (main) These configurations '[apicurio.registry.url, apicurio.registry.artifact-resolver-strategy]' were supplied but are not used yet.
2025-08-07 12:31:45,026 INFO  [org.apa.kaf.com.uti.AppInfoParser] (main) Kafka version: 3.9.1
2025-08-07 12:31:45,026 INFO  [org.apa.kaf.com.uti.AppInfoParser] (main) Kafka commitId: f745dfdcee2b9851
2025-08-07 12:31:45,026 INFO  [org.apa.kaf.com.uti.AppInfoParser] (main) Kafka startTimeMs: 1754569905026
**** Registry Base URL: http://registry-app-ksql043.apps.ci419.apicurio-testing.org:80
2025-08-07 12:31:45,027 INFO  [org.apa.kaf.cli.pro.ProducerConfig] (main) ProducerConfig values: 
	acks = -1
	auto.include.jmx.reporter = true
	batch.size = 16384
	bootstrap.servers = [PLAINTEXT://localhost:32769]
	buffer.memory = 33554432
	client.dns.lookup = use_all_dns_ips
	client.id = Producer-topic-cb973b61_6ae4_45fa_892c_82a2b3878d5b
	compression.gzip.level = -1
	compression.lz4.level = 9
	compression.type = none
	compression.zstd.level = 3
	connections.max.idle.ms = 10000
	delivery.timeout.ms = 120000
	enable.idempotence = true
	enable.metrics.push = true
	interceptor.classes = []
	key.serializer = class org.apache.kafka.common.serialization.StringSerializer
	linger.ms = 0
	max.block.ms = 60000
	max.in.flight.requests.per.connection = 5
	max.request.size = 1048576
	metadata.max.age.ms = 300000
	metadata.max.idle.ms = 300000
	metadata.recovery.strategy = none
	metric.reporters = []
	metrics.num.samples = 2
	metrics.recording.level = INFO
	metrics.sample.window.ms = 30000
	partitioner.adaptive.partitioning.enable = true
	partitioner.availability.timeout.ms = 0
	partitioner.class = null
	partitioner.ignore.keys = false
	receive.buffer.bytes = 32768
	reconnect.backoff.max.ms = 1000
	reconnect.backoff.ms = 50
	request.timeout.ms = 5000
	retries = 2147483647
	retry.backoff.max.ms = 1000
	retry.backoff.ms = 100
	sasl.client.callback.handler.class = null
	sasl.jaas.config = null
	sasl.kerberos.kinit.cmd = /usr/bin/kinit
	sasl.kerberos.min.time.before.relogin = 60000
	sasl.kerberos.service.name = null
	sasl.kerberos.ticket.renew.jitter = 0.05
	sasl.kerberos.ticket.renew.window.factor = 0.8
	sasl.login.callback.handler.class = null
	sasl.login.class = null
	sasl.login.connect.timeout.ms = null
	sasl.login.read.timeout.ms = null
	sasl.login.refresh.buffer.seconds = 300
	sasl.login.refresh.min.period.seconds = 60
	sasl.login.refresh.window.factor = 0.8
	sasl.login.refresh.window.jitter = 0.05
	sasl.login.retry.backoff.max.ms = 10000
	sasl.login.retry.backoff.ms = 100
	sasl.mechanism = GSSAPI
	sasl.oauthbearer.clock.skew.seconds = 30
	sasl.oauthbearer.expected.audience = null
	sasl.oauthbearer.expected.issuer = null
	sasl.oauthbearer.header.urlencode = false
	sasl.oauthbearer.jwks.endpoint.refresh.ms = 3600000
	sasl.oauthbearer.jwks.endpoint.retry.backoff.max.ms = 10000
	sasl.oauthbearer.jwks.endpoint.retry.backoff.ms = 100
	sasl.oauthbearer.jwks.endpoint.url = null
	sasl.oauthbearer.scope.claim.name = scope
	sasl.oauthbearer.sub.claim.name = sub
	sasl.oauthbearer.token.endpoint.url = null
	security.protocol = PLAINTEXT
	security.providers = null
	send.buffer.bytes = 131072
	socket.connection.setup.timeout.max.ms = 30000
	socket.connection.setup.timeout.ms = 10000
	ssl.cipher.suites = null
	ssl.enabled.protocols = [TLSv1.2, TLSv1.3]
	ssl.endpoint.identification.algorithm = https
	ssl.engine.factory.class = null
	ssl.key.password = null
	ssl.keymanager.algorithm = SunX509
	ssl.keystore.certificate.chain = null
	ssl.keystore.key = null
	ssl.keystore.location = null
	ssl.keystore.password = null
	ssl.keystore.type = JKS
	ssl.protocol = TLSv1.3
	ssl.provider = null
	ssl.secure.random.implementation = null
	ssl.trustmanager.algorithm = PKIX
	ssl.truststore.certificates = null
	ssl.truststore.location = null
	ssl.truststore.password = null
	ssl.truststore.type = JKS
	transaction.timeout.ms = 60000
	transactional.id = null
	value.serializer = class io.apicurio.registry.serde.avro.AvroKafkaSerializer

2025-08-07 12:31:45,027 INFO  [org.apa.kaf.com.tel.int.KafkaMetricsCollector] (main) initializing Kafka metrics collector
2025-08-07 12:31:45,028 INFO  [org.apa.kaf.cli.pro.int.TransactionManager] (kafka-producer-network-thread | Producer-topic-8107f6ac_fcd0_4699_bfee_7b6e17fc90ed) [Producer clientId=Producer-topic-8107f6ac_fcd0_4699_bfee_7b6e17fc90ed] ProducerId set to 19 with epoch 0
2025-08-07 12:31:45,033 INFO  [org.apa.kaf.cli.Metadata] (kafka-producer-network-thread | Producer-topic-4d7aa312_be9e_4c3f_8159_574a9cb64beb) [Producer clientId=Producer-topic-4d7aa312_be9e_4c3f_8159_574a9cb64beb] Cluster ID: wHHz-MW5SbujoYr4FCRV8g
2025-08-07 12:31:45,034 INFO  [org.apa.kaf.cli.pro.int.TransactionManager] (kafka-producer-network-thread | Producer-topic-4d7aa312_be9e_4c3f_8159_574a9cb64beb) [Producer clientId=Producer-topic-4d7aa312_be9e_4c3f_8159_574a9cb64beb] ProducerId set to 20 with epoch 0
2025-08-07 12:31:45,042 INFO  [org.apa.kaf.cli.pro.KafkaProducer] (main) [Producer clientId=Producer-topic-cb973b61_6ae4_45fa_892c_82a2b3878d5b] Instantiated an idempotent producer.
2025-08-07 12:31:45,044 INFO  [org.apa.kaf.cli.pro.ProducerConfig] (main) These configurations '[apicurio.registry.url, apicurio.registry.artifact-resolver-strategy]' were supplied but are not used yet.
2025-08-07 12:31:45,044 INFO  [org.apa.kaf.com.uti.AppInfoParser] (main) Kafka version: 3.9.1
2025-08-07 12:31:45,044 INFO  [org.apa.kaf.com.uti.AppInfoParser] (main) Kafka commitId: f745dfdcee2b9851
2025-08-07 12:31:45,044 INFO  [org.apa.kaf.com.uti.AppInfoParser] (main) Kafka startTimeMs: 1754569905044
**** Registry Base URL: http://registry-app-ksql043.apps.ci419.apicurio-testing.org:80
2025-08-07 12:31:45,046 INFO  [org.apa.kaf.cli.con.ConsumerConfig] (main) ConsumerConfig values: 
	allow.auto.create.topics = true
	auto.commit.interval.ms = 500
	auto.include.jmx.reporter = true
	auto.offset.reset = earliest
	bootstrap.servers = [PLAINTEXT://localhost:32769]
	check.crcs = true
	client.dns.lookup = use_all_dns_ips
	client.id = consumer-Consumer-topic-8107f6ac_fcd0_4699_bfee_7b6e17fc90ed-14
	client.rack = 
	connections.max.idle.ms = 10000
	default.api.timeout.ms = 60000
	enable.auto.commit = true
	enable.metrics.push = true
	exclude.internal.topics = true
	fetch.max.bytes = 52428800
	fetch.max.wait.ms = 500
	fetch.min.bytes = 1
	group.id = Consumer-topic-8107f6ac_fcd0_4699_bfee_7b6e17fc90ed
	group.instance.id = null
	group.protocol = classic
	group.remote.assignor = null
	heartbeat.interval.ms = 3000
	interceptor.classes = []
	internal.leave.group.on.close = true
	internal.throw.on.fetch.stable.offset.unsupported = false
	isolation.level = read_uncommitted
	key.deserializer = class org.apache.kafka.common.serialization.StringDeserializer
	max.partition.fetch.bytes = 1048576
	max.poll.interval.ms = 300000
	max.poll.records = 500
	metadata.max.age.ms = 300000
	metadata.recovery.strategy = none
	metric.reporters = []
	metrics.num.samples = 2
	metrics.recording.level = INFO
	metrics.sample.window.ms = 30000
	partition.assignment.strategy = [class org.apache.kafka.clients.consumer.RangeAssignor, class org.apache.kafka.clients.consumer.CooperativeStickyAssignor]
	receive.buffer.bytes = 65536
	reconnect.backoff.max.ms = 1000
	reconnect.backoff.ms = 50
	request.timeout.ms = 5000
	retry.backoff.max.ms = 1000
	retry.backoff.ms = 100
	sasl.client.callback.handler.class = null
	sasl.jaas.config = null
	sasl.kerberos.kinit.cmd = /usr/bin/kinit
	sasl.kerberos.min.time.before.relogin = 60000
	sasl.kerberos.service.name = null
	sasl.kerberos.ticket.renew.jitter = 0.05
	sasl.kerberos.ticket.renew.window.factor = 0.8
	sasl.login.callback.handler.class = null
	sasl.login.class = null
	sasl.login.connect.timeout.ms = null
	sasl.login.read.timeout.ms = null
	sasl.login.refresh.buffer.seconds = 300
	sasl.login.refresh.min.period.seconds = 60
	sasl.login.refresh.window.factor = 0.8
	sasl.login.refresh.window.jitter = 0.05
	sasl.login.retry.backoff.max.ms = 10000
	sasl.login.retry.backoff.ms = 100
	sasl.mechanism = GSSAPI
	sasl.oauthbearer.clock.skew.seconds = 30
	sasl.oauthbearer.expected.audience = null
	sasl.oauthbearer.expected.issuer = null
	sasl.oauthbearer.header.urlencode = false
	sasl.oauthbearer.jwks.endpoint.refresh.ms = 3600000
	sasl.oauthbearer.jwks.endpoint.retry.backoff.max.ms = 10000
	sasl.oauthbearer.jwks.endpoint.retry.backoff.ms = 100
	sasl.oauthbearer.jwks.endpoint.url = null
	sasl.oauthbearer.scope.claim.name = scope
	sasl.oauthbearer.sub.claim.name = sub
	sasl.oauthbearer.token.endpoint.url = null
	security.protocol = PLAINTEXT
	security.providers = null
	send.buffer.bytes = 131072
	session.timeout.ms = 45000
	socket.connection.setup.timeout.max.ms = 30000
	socket.connection.setup.timeout.ms = 10000
	ssl.cipher.suites = null
	ssl.enabled.protocols = [TLSv1.2, TLSv1.3]
	ssl.endpoint.identification.algorithm = https
	ssl.engine.factory.class = null
	ssl.key.password = null
	ssl.keymanager.algorithm = SunX509
	ssl.keystore.certificate.chain = null
	ssl.keystore.key = null
	ssl.keystore.location = null
	ssl.keystore.password = null
	ssl.keystore.type = JKS
	ssl.protocol = TLSv1.3
	ssl.provider = null
	ssl.secure.random.implementation = null
	ssl.trustmanager.algorithm = PKIX
	ssl.truststore.certificates = null
	ssl.truststore.location = null
	ssl.truststore.password = null
	ssl.truststore.type = JKS
	value.deserializer = class io.apicurio.registry.serde.avro.AvroKafkaDeserializer

2025-08-07 12:31:45,047 INFO  [org.apa.kaf.com.tel.int.KafkaMetricsCollector] (main) initializing Kafka metrics collector
2025-08-07 12:31:45,050 INFO  [org.apa.kaf.cli.Metadata] (kafka-producer-network-thread | Producer-topic-cb973b61_6ae4_45fa_892c_82a2b3878d5b) [Producer clientId=Producer-topic-cb973b61_6ae4_45fa_892c_82a2b3878d5b] Cluster ID: wHHz-MW5SbujoYr4FCRV8g
2025-08-07 12:31:45,052 INFO  [org.apa.kaf.cli.pro.int.TransactionManager] (kafka-producer-network-thread | Producer-topic-cb973b61_6ae4_45fa_892c_82a2b3878d5b) [Producer clientId=Producer-topic-cb973b61_6ae4_45fa_892c_82a2b3878d5b] ProducerId set to 21 with epoch 0
2025-08-07 12:31:45,054 INFO  [org.apa.kaf.cli.con.ConsumerConfig] (main) These configurations '[apicurio.registry.url]' were supplied but are not used yet.
2025-08-07 12:31:45,054 INFO  [org.apa.kaf.com.uti.AppInfoParser] (main) Kafka version: 3.9.1
2025-08-07 12:31:45,054 INFO  [org.apa.kaf.com.uti.AppInfoParser] (main) Kafka commitId: f745dfdcee2b9851
2025-08-07 12:31:45,054 INFO  [org.apa.kaf.com.uti.AppInfoParser] (main) Kafka startTimeMs: 1754569905054
**** Registry Base URL: http://registry-app-ksql043.apps.ci419.apicurio-testing.org:80
2025-08-07 12:31:45,055 INFO  [org.apa.kaf.cli.con.ConsumerConfig] (main) ConsumerConfig values: 
	allow.auto.create.topics = true
	auto.commit.interval.ms = 500
	auto.include.jmx.reporter = true
	auto.offset.reset = earliest
	bootstrap.servers = [PLAINTEXT://localhost:32769]
	check.crcs = true
	client.dns.lookup = use_all_dns_ips
	client.id = consumer-Consumer-topic-4d7aa312_be9e_4c3f_8159_574a9cb64beb-15
	client.rack = 
	connections.max.idle.ms = 10000
	default.api.timeout.ms = 60000
	enable.auto.commit = true
	enable.metrics.push = true
	exclude.internal.topics = true
	fetch.max.bytes = 52428800
	fetch.max.wait.ms = 500
	fetch.min.bytes = 1
	group.id = Consumer-topic-4d7aa312_be9e_4c3f_8159_574a9cb64beb
	group.instance.id = null
	group.protocol = classic
	group.remote.assignor = null
	heartbeat.interval.ms = 3000
	interceptor.classes = []
	internal.leave.group.on.close = true
	internal.throw.on.fetch.stable.offset.unsupported = false
	isolation.level = read_uncommitted
	key.deserializer = class org.apache.kafka.common.serialization.StringDeserializer
	max.partition.fetch.bytes = 1048576
	max.poll.interval.ms = 300000
	max.poll.records = 500
	metadata.max.age.ms = 300000
	metadata.recovery.strategy = none
	metric.reporters = []
	metrics.num.samples = 2
	metrics.recording.level = INFO
	metrics.sample.window.ms = 30000
	partition.assignment.strategy = [class org.apache.kafka.clients.consumer.RangeAssignor, class org.apache.kafka.clients.consumer.CooperativeStickyAssignor]
	receive.buffer.bytes = 65536
	reconnect.backoff.max.ms = 1000
	reconnect.backoff.ms = 50
	request.timeout.ms = 5000
	retry.backoff.max.ms = 1000
	retry.backoff.ms = 100
	sasl.client.callback.handler.class = null
	sasl.jaas.config = null
	sasl.kerberos.kinit.cmd = /usr/bin/kinit
	sasl.kerberos.min.time.before.relogin = 60000
	sasl.kerberos.service.name = null
	sasl.kerberos.ticket.renew.jitter = 0.05
	sasl.kerberos.ticket.renew.window.factor = 0.8
	sasl.login.callback.handler.class = null
	sasl.login.class = null
	sasl.login.connect.timeout.ms = null
	sasl.login.read.timeout.ms = null
	sasl.login.refresh.buffer.seconds = 300
	sasl.login.refresh.min.period.seconds = 60
	sasl.login.refresh.window.factor = 0.8
	sasl.login.refresh.window.jitter = 0.05
	sasl.login.retry.backoff.max.ms = 10000
	sasl.login.retry.backoff.ms = 100
	sasl.mechanism = GSSAPI
	sasl.oauthbearer.clock.skew.seconds = 30
	sasl.oauthbearer.expected.audience = null
	sasl.oauthbearer.expected.issuer = null
	sasl.oauthbearer.header.urlencode = false
	sasl.oauthbearer.jwks.endpoint.refresh.ms = 3600000
	sasl.oauthbearer.jwks.endpoint.retry.backoff.max.ms = 10000
	sasl.oauthbearer.jwks.endpoint.retry.backoff.ms = 100
	sasl.oauthbearer.jwks.endpoint.url = null
	sasl.oauthbearer.scope.claim.name = scope
	sasl.oauthbearer.sub.claim.name = sub
	sasl.oauthbearer.token.endpoint.url = null
	security.protocol = PLAINTEXT
	security.providers = null
	send.buffer.bytes = 131072
	session.timeout.ms = 45000
	socket.connection.setup.timeout.max.ms = 30000
	socket.connection.setup.timeout.ms = 10000
	ssl.cipher.suites = null
	ssl.enabled.protocols = [TLSv1.2, TLSv1.3]
	ssl.endpoint.identification.algorithm = https
	ssl.engine.factory.class = null
	ssl.key.password = null
	ssl.keymanager.algorithm = SunX509
	ssl.keystore.certificate.chain = null
	ssl.keystore.key = null
	ssl.keystore.location = null
	ssl.keystore.password = null
	ssl.keystore.type = JKS
	ssl.protocol = TLSv1.3
	ssl.provider = null
	ssl.secure.random.implementation = null
	ssl.trustmanager.algorithm = PKIX
	ssl.truststore.certificates = null
	ssl.truststore.location = null
	ssl.truststore.password = null
	ssl.truststore.type = JKS
	value.deserializer = class io.apicurio.registry.serde.avro.AvroKafkaDeserializer

2025-08-07 12:31:45,056 INFO  [org.apa.kaf.com.tel.int.KafkaMetricsCollector] (main) initializing Kafka metrics collector
2025-08-07 12:31:45,061 INFO  [org.apa.kaf.cli.con.ConsumerConfig] (main) These configurations '[apicurio.registry.url]' were supplied but are not used yet.
2025-08-07 12:31:45,062 INFO  [org.apa.kaf.com.uti.AppInfoParser] (main) Kafka version: 3.9.1
2025-08-07 12:31:45,062 INFO  [org.apa.kaf.com.uti.AppInfoParser] (main) Kafka commitId: f745dfdcee2b9851
2025-08-07 12:31:45,062 INFO  [org.apa.kaf.com.uti.AppInfoParser] (main) Kafka startTimeMs: 1754569905061
**** Registry Base URL: http://registry-app-ksql043.apps.ci419.apicurio-testing.org:80
2025-08-07 12:31:45,062 INFO  [org.apa.kaf.cli.con.ConsumerConfig] (main) ConsumerConfig values: 
	allow.auto.create.topics = true
	auto.commit.interval.ms = 500
	auto.include.jmx.reporter = true
	auto.offset.reset = earliest
	bootstrap.servers = [PLAINTEXT://localhost:32769]
	check.crcs = true
	client.dns.lookup = use_all_dns_ips
	client.id = consumer-Consumer-topic-cb973b61_6ae4_45fa_892c_82a2b3878d5b-16
	client.rack = 
	connections.max.idle.ms = 10000
	default.api.timeout.ms = 60000
	enable.auto.commit = true
	enable.metrics.push = true
	exclude.internal.topics = true
	fetch.max.bytes = 52428800
	fetch.max.wait.ms = 500
	fetch.min.bytes = 1
	group.id = Consumer-topic-cb973b61_6ae4_45fa_892c_82a2b3878d5b
	group.instance.id = null
	group.protocol = classic
	group.remote.assignor = null
	heartbeat.interval.ms = 3000
	interceptor.classes = []
	internal.leave.group.on.close = true
	internal.throw.on.fetch.stable.offset.unsupported = false
	isolation.level = read_uncommitted
	key.deserializer = class org.apache.kafka.common.serialization.StringDeserializer
	max.partition.fetch.bytes = 1048576
	max.poll.interval.ms = 300000
	max.poll.records = 500
	metadata.max.age.ms = 300000
	metadata.recovery.strategy = none
	metric.reporters = []
	metrics.num.samples = 2
	metrics.recording.level = INFO
	metrics.sample.window.ms = 30000
	partition.assignment.strategy = [class org.apache.kafka.clients.consumer.RangeAssignor, class org.apache.kafka.clients.consumer.CooperativeStickyAssignor]
	receive.buffer.bytes = 65536
	reconnect.backoff.max.ms = 1000
	reconnect.backoff.ms = 50
	request.timeout.ms = 5000
	retry.backoff.max.ms = 1000
	retry.backoff.ms = 100
	sasl.client.callback.handler.class = null
	sasl.jaas.config = null
	sasl.kerberos.kinit.cmd = /usr/bin/kinit
	sasl.kerberos.min.time.before.relogin = 60000
	sasl.kerberos.service.name = null
	sasl.kerberos.ticket.renew.jitter = 0.05
	sasl.kerberos.ticket.renew.window.factor = 0.8
	sasl.login.callback.handler.class = null
	sasl.login.class = null
	sasl.login.connect.timeout.ms = null
	sasl.login.read.timeout.ms = null
	sasl.login.refresh.buffer.seconds = 300
	sasl.login.refresh.min.period.seconds = 60
	sasl.login.refresh.window.factor = 0.8
	sasl.login.refresh.window.jitter = 0.05
	sasl.login.retry.backoff.max.ms = 10000
	sasl.login.retry.backoff.ms = 100
	sasl.mechanism = GSSAPI
	sasl.oauthbearer.clock.skew.seconds = 30
	sasl.oauthbearer.expected.audience = null
	sasl.oauthbearer.expected.issuer = null
	sasl.oauthbearer.header.urlencode = false
	sasl.oauthbearer.jwks.endpoint.refresh.ms = 3600000
	sasl.oauthbearer.jwks.endpoint.retry.backoff.max.ms = 10000
	sasl.oauthbearer.jwks.endpoint.retry.backoff.ms = 100
	sasl.oauthbearer.jwks.endpoint.url = null
	sasl.oauthbearer.scope.claim.name = scope
	sasl.oauthbearer.sub.claim.name = sub
	sasl.oauthbearer.token.endpoint.url = null
	security.protocol = PLAINTEXT
	security.providers = null
	send.buffer.bytes = 131072
	session.timeout.ms = 45000
	socket.connection.setup.timeout.max.ms = 30000
	socket.connection.setup.timeout.ms = 10000
	ssl.cipher.suites = null
	ssl.enabled.protocols = [TLSv1.2, TLSv1.3]
	ssl.endpoint.identification.algorithm = https
	ssl.engine.factory.class = null
	ssl.key.password = null
	ssl.keymanager.algorithm = SunX509
	ssl.keystore.certificate.chain = null
	ssl.keystore.key = null
	ssl.keystore.location = null
	ssl.keystore.password = null
	ssl.keystore.type = JKS
	ssl.protocol = TLSv1.3
	ssl.provider = null
	ssl.secure.random.implementation = null
	ssl.trustmanager.algorithm = PKIX
	ssl.truststore.certificates = null
	ssl.truststore.location = null
	ssl.truststore.password = null
	ssl.truststore.type = JKS
	value.deserializer = class io.apicurio.registry.serde.avro.AvroKafkaDeserializer

2025-08-07 12:31:45,062 INFO  [org.apa.kaf.com.tel.int.KafkaMetricsCollector] (main) initializing Kafka metrics collector
2025-08-07 12:31:45,069 INFO  [org.apa.kaf.cli.con.ConsumerConfig] (main) These configurations '[apicurio.registry.url]' were supplied but are not used yet.
2025-08-07 12:31:45,069 INFO  [org.apa.kaf.com.uti.AppInfoParser] (main) Kafka version: 3.9.1
2025-08-07 12:31:45,069 INFO  [org.apa.kaf.com.uti.AppInfoParser] (main) Kafka commitId: f745dfdcee2b9851
2025-08-07 12:31:45,069 INFO  [org.apa.kaf.com.uti.AppInfoParser] (main) Kafka startTimeMs: 1754569905069
2025-08-07 12:31:45,070 INFO  [io.api.tes.ser.api.KafkaSerdesTester] (Thread-713) Sending message {"key11754569903815": "value-0"} to topic topic-8107f6ac_fcd0_4699_bfee_7b6e17fc90ed
2025-08-07 12:31:45,073 INFO  [DefaultSchemaResolver] (Thread-713) Retrieving schema content using string: {"type":"record","name":"myrecordconfluent","fields":[{"name":"key11754569903815","type":"string"}]}
2025-08-07 12:31:45,239 INFO  [io.api.tes.ser.api.KafkaSerdesTester] (Thread-713) Sending message {"key11754569903815": "value-1"} to topic topic-8107f6ac_fcd0_4699_bfee_7b6e17fc90ed
2025-08-07 12:31:45,240 INFO  [io.api.tes.ser.api.KafkaSerdesTester] (Thread-713) Sending message {"key11754569903815": "value-2"} to topic topic-8107f6ac_fcd0_4699_bfee_7b6e17fc90ed
2025-08-07 12:31:45,241 INFO  [io.api.tes.ser.api.KafkaSerdesTester] (Thread-713) Sending message {"key11754569903815": "value-3"} to topic topic-8107f6ac_fcd0_4699_bfee_7b6e17fc90ed
2025-08-07 12:31:45,243 INFO  [io.api.tes.ser.api.KafkaSerdesTester] (Thread-713) Sending message {"key11754569903815": "value-4"} to topic topic-8107f6ac_fcd0_4699_bfee_7b6e17fc90ed
2025-08-07 12:31:45,244 INFO  [io.api.tes.ser.api.KafkaSerdesTester] (Thread-713) Sending message {"key11754569903815": "value-5"} to topic topic-8107f6ac_fcd0_4699_bfee_7b6e17fc90ed
2025-08-07 12:31:45,245 INFO  [io.api.tes.ser.api.KafkaSerdesTester] (Thread-713) Sending message {"key11754569903815": "value-6"} to topic topic-8107f6ac_fcd0_4699_bfee_7b6e17fc90ed
2025-08-07 12:31:45,246 INFO  [io.api.tes.ser.api.KafkaSerdesTester] (Thread-713) Sending message {"key11754569903815": "value-7"} to topic topic-8107f6ac_fcd0_4699_bfee_7b6e17fc90ed
2025-08-07 12:31:45,247 INFO  [io.api.tes.ser.api.KafkaSerdesTester] (Thread-713) Sending message {"key11754569903815": "value-8"} to topic topic-8107f6ac_fcd0_4699_bfee_7b6e17fc90ed
2025-08-07 12:31:45,248 INFO  [io.api.tes.ser.api.KafkaSerdesTester] (Thread-713) Sending message {"key11754569903815": "value-9"} to topic topic-8107f6ac_fcd0_4699_bfee_7b6e17fc90ed
2025-08-07 12:31:45,249 INFO  [io.api.tes.ser.api.KafkaSerdesTester] (Thread-713) Produced 10 messages
2025-08-07 12:31:45,249 INFO  [org.apa.kaf.cli.pro.KafkaProducer] (Thread-713) [Producer clientId=Producer-topic-8107f6ac_fcd0_4699_bfee_7b6e17fc90ed] Closing the Kafka producer with timeoutMillis = 9223372036854775807 ms.
2025-08-07 12:31:45,250 INFO  [org.apa.kaf.com.met.Metrics] (Thread-713) Metrics scheduler closed
2025-08-07 12:31:45,251 INFO  [org.apa.kaf.com.met.Metrics] (Thread-713) Closing reporter org.apache.kafka.common.metrics.JmxReporter
2025-08-07 12:31:45,251 INFO  [org.apa.kaf.com.met.Metrics] (Thread-713) Closing reporter org.apache.kafka.common.telemetry.internals.ClientTelemetryReporter
2025-08-07 12:31:45,251 INFO  [org.apa.kaf.com.met.Metrics] (Thread-713) Metrics reporters closed
2025-08-07 12:31:45,251 INFO  [org.apa.kaf.com.uti.AppInfoParser] (Thread-713) App info kafka.producer for Producer-topic-8107f6ac_fcd0_4699_bfee_7b6e17fc90ed unregistered
2025-08-07 12:31:45,253 INFO  [io.api.tes.ser.api.KafkaSerdesTester] (Thread-714) Sending message {"key11754569903815": "value-0"} to topic topic-4d7aa312_be9e_4c3f_8159_574a9cb64beb
2025-08-07 12:31:45,255 INFO  [DefaultSchemaResolver] (Thread-714) Retrieving schema content using string: {"type":"record","name":"myrecordconfluent","fields":[{"name":"key11754569903815","type":"string"}]}
2025-08-07 12:31:45,421 INFO  [io.api.tes.ser.api.KafkaSerdesTester] (Thread-714) Sending message {"key11754569903815": "value-1"} to topic topic-4d7aa312_be9e_4c3f_8159_574a9cb64beb
2025-08-07 12:31:45,423 INFO  [io.api.tes.ser.api.KafkaSerdesTester] (Thread-714) Sending message {"key11754569903815": "value-2"} to topic topic-4d7aa312_be9e_4c3f_8159_574a9cb64beb
2025-08-07 12:31:45,424 INFO  [io.api.tes.ser.api.KafkaSerdesTester] (Thread-714) Sending message {"key11754569903815": "value-3"} to topic topic-4d7aa312_be9e_4c3f_8159_574a9cb64beb
2025-08-07 12:31:45,425 INFO  [io.api.tes.ser.api.KafkaSerdesTester] (Thread-714) Sending message {"key11754569903815": "value-4"} to topic topic-4d7aa312_be9e_4c3f_8159_574a9cb64beb
2025-08-07 12:31:45,426 INFO  [io.api.tes.ser.api.KafkaSerdesTester] (Thread-714) Sending message {"key11754569903815": "value-5"} to topic topic-4d7aa312_be9e_4c3f_8159_574a9cb64beb
2025-08-07 12:31:45,427 INFO  [io.api.tes.ser.api.KafkaSerdesTester] (Thread-714) Sending message {"key11754569903815": "value-6"} to topic topic-4d7aa312_be9e_4c3f_8159_574a9cb64beb
2025-08-07 12:31:45,429 INFO  [io.api.tes.ser.api.KafkaSerdesTester] (Thread-714) Sending message {"key11754569903815": "value-7"} to topic topic-4d7aa312_be9e_4c3f_8159_574a9cb64beb
2025-08-07 12:31:45,431 INFO  [io.api.tes.ser.api.KafkaSerdesTester] (Thread-714) Sending message {"key11754569903815": "value-8"} to topic topic-4d7aa312_be9e_4c3f_8159_574a9cb64beb
2025-08-07 12:31:45,433 INFO  [io.api.tes.ser.api.KafkaSerdesTester] (Thread-714) Sending message {"key11754569903815": "value-9"} to topic topic-4d7aa312_be9e_4c3f_8159_574a9cb64beb
2025-08-07 12:31:45,435 INFO  [io.api.tes.ser.api.KafkaSerdesTester] (Thread-714) Produced 10 messages
2025-08-07 12:31:45,435 INFO  [org.apa.kaf.cli.pro.KafkaProducer] (Thread-714) [Producer clientId=Producer-topic-4d7aa312_be9e_4c3f_8159_574a9cb64beb] Closing the Kafka producer with timeoutMillis = 9223372036854775807 ms.
2025-08-07 12:31:45,438 INFO  [org.apa.kaf.com.met.Metrics] (Thread-714) Metrics scheduler closed
2025-08-07 12:31:45,438 INFO  [org.apa.kaf.com.met.Metrics] (Thread-714) Closing reporter org.apache.kafka.common.metrics.JmxReporter
2025-08-07 12:31:45,438 INFO  [org.apa.kaf.com.met.Metrics] (Thread-714) Closing reporter org.apache.kafka.common.telemetry.internals.ClientTelemetryReporter
2025-08-07 12:31:45,438 INFO  [org.apa.kaf.com.met.Metrics] (Thread-714) Metrics reporters closed
2025-08-07 12:31:45,438 INFO  [org.apa.kaf.com.uti.AppInfoParser] (Thread-714) App info kafka.producer for Producer-topic-4d7aa312_be9e_4c3f_8159_574a9cb64beb unregistered
2025-08-07 12:31:45,439 INFO  [io.api.tes.ser.api.KafkaSerdesTester] (Thread-715) Sending message {"key11754569903815": "value-0"} to topic topic-cb973b61_6ae4_45fa_892c_82a2b3878d5b
2025-08-07 12:31:45,443 INFO  [DefaultSchemaResolver] (Thread-715) Retrieving schema content using string: {"type":"record","name":"myrecordconfluent","fields":[{"name":"key11754569903815","type":"string"}]}
2025-08-07 12:31:45,610 INFO  [io.api.tes.ser.api.KafkaSerdesTester] (Thread-715) Sending message {"key11754569903815": "value-1"} to topic topic-cb973b61_6ae4_45fa_892c_82a2b3878d5b
2025-08-07 12:31:45,612 INFO  [io.api.tes.ser.api.KafkaSerdesTester] (Thread-715) Sending message {"key11754569903815": "value-2"} to topic topic-cb973b61_6ae4_45fa_892c_82a2b3878d5b
2025-08-07 12:31:45,613 INFO  [io.api.tes.ser.api.KafkaSerdesTester] (Thread-715) Sending message {"key11754569903815": "value-3"} to topic topic-cb973b61_6ae4_45fa_892c_82a2b3878d5b
2025-08-07 12:31:45,614 INFO  [io.api.tes.ser.api.KafkaSerdesTester] (Thread-715) Sending message {"key11754569903815": "value-4"} to topic topic-cb973b61_6ae4_45fa_892c_82a2b3878d5b
2025-08-07 12:31:45,616 INFO  [io.api.tes.ser.api.KafkaSerdesTester] (Thread-715) Sending message {"key11754569903815": "value-5"} to topic topic-cb973b61_6ae4_45fa_892c_82a2b3878d5b
2025-08-07 12:31:45,617 INFO  [io.api.tes.ser.api.KafkaSerdesTester] (Thread-715) Sending message {"key11754569903815": "value-6"} to topic topic-cb973b61_6ae4_45fa_892c_82a2b3878d5b
2025-08-07 12:31:45,619 INFO  [io.api.tes.ser.api.KafkaSerdesTester] (Thread-715) Sending message {"key11754569903815": "value-7"} to topic topic-cb973b61_6ae4_45fa_892c_82a2b3878d5b
2025-08-07 12:31:45,621 INFO  [io.api.tes.ser.api.KafkaSerdesTester] (Thread-715) Sending message {"key11754569903815": "value-8"} to topic topic-cb973b61_6ae4_45fa_892c_82a2b3878d5b
2025-08-07 12:31:45,622 INFO  [io.api.tes.ser.api.KafkaSerdesTester] (Thread-715) Sending message {"key11754569903815": "value-9"} to topic topic-cb973b61_6ae4_45fa_892c_82a2b3878d5b
2025-08-07 12:31:45,624 INFO  [io.api.tes.ser.api.KafkaSerdesTester] (Thread-715) Produced 10 messages
2025-08-07 12:31:45,624 INFO  [org.apa.kaf.cli.pro.KafkaProducer] (Thread-715) [Producer clientId=Producer-topic-cb973b61_6ae4_45fa_892c_82a2b3878d5b] Closing the Kafka producer with timeoutMillis = 9223372036854775807 ms.
2025-08-07 12:31:45,626 INFO  [org.apa.kaf.com.met.Metrics] (Thread-715) Metrics scheduler closed
2025-08-07 12:31:45,626 INFO  [org.apa.kaf.com.met.Metrics] (Thread-715) Closing reporter org.apache.kafka.common.metrics.JmxReporter
2025-08-07 12:31:45,626 INFO  [org.apa.kaf.com.met.Metrics] (Thread-715) Closing reporter org.apache.kafka.common.telemetry.internals.ClientTelemetryReporter
2025-08-07 12:31:45,626 INFO  [org.apa.kaf.com.met.Metrics] (Thread-715) Metrics reporters closed
2025-08-07 12:31:45,627 INFO  [org.apa.kaf.com.uti.AppInfoParser] (Thread-715) App info kafka.producer for Producer-topic-cb973b61_6ae4_45fa_892c_82a2b3878d5b unregistered
2025-08-07 12:31:45,629 INFO  [org.apa.kaf.cli.con.int.ClassicKafkaConsumer] (Thread-716) [Consumer clientId=consumer-Consumer-topic-8107f6ac_fcd0_4699_bfee_7b6e17fc90ed-14, groupId=Consumer-topic-8107f6ac_fcd0_4699_bfee_7b6e17fc90ed] Subscribed to topic(s): topic-8107f6ac_fcd0_4699_bfee_7b6e17fc90ed
2025-08-07 12:31:45,637 INFO  [org.apa.kaf.cli.Metadata] (Thread-716) [Consumer clientId=consumer-Consumer-topic-8107f6ac_fcd0_4699_bfee_7b6e17fc90ed-14, groupId=Consumer-topic-8107f6ac_fcd0_4699_bfee_7b6e17fc90ed] Cluster ID: wHHz-MW5SbujoYr4FCRV8g
2025-08-07 12:31:45,637 INFO  [org.apa.kaf.cli.con.int.ConsumerCoordinator] (Thread-716) [Consumer clientId=consumer-Consumer-topic-8107f6ac_fcd0_4699_bfee_7b6e17fc90ed-14, groupId=Consumer-topic-8107f6ac_fcd0_4699_bfee_7b6e17fc90ed] Discovered group coordinator localhost:32769 (id: 2147483647 rack: null)
2025-08-07 12:31:45,638 INFO  [org.apa.kaf.cli.con.int.ConsumerCoordinator] (Thread-716) [Consumer clientId=consumer-Consumer-topic-8107f6ac_fcd0_4699_bfee_7b6e17fc90ed-14, groupId=Consumer-topic-8107f6ac_fcd0_4699_bfee_7b6e17fc90ed] (Re-)joining group
2025-08-07 12:31:45,641 INFO  [org.apa.kaf.cli.con.int.ConsumerCoordinator] (Thread-716) [Consumer clientId=consumer-Consumer-topic-8107f6ac_fcd0_4699_bfee_7b6e17fc90ed-14, groupId=Consumer-topic-8107f6ac_fcd0_4699_bfee_7b6e17fc90ed] Request joining group due to: need to re-join with the given member-id: consumer-Consumer-topic-8107f6ac_fcd0_4699_bfee_7b6e17fc90ed-14-49aaec89-62c3-47ab-96f7-a6bff78bb66e
2025-08-07 12:31:45,641 INFO  [org.apa.kaf.cli.con.int.ConsumerCoordinator] (Thread-716) [Consumer clientId=consumer-Consumer-topic-8107f6ac_fcd0_4699_bfee_7b6e17fc90ed-14, groupId=Consumer-topic-8107f6ac_fcd0_4699_bfee_7b6e17fc90ed] (Re-)joining group
2025-08-07 12:31:46,630 INFO  [io.api.tes.ser.api.KafkaSerdesTester] (Thread-716) None found
2025-08-07 12:31:47,630 INFO  [io.api.tes.ser.api.KafkaSerdesTester] (Thread-716) None found
2025-08-07 12:31:48,630 INFO  [io.api.tes.ser.api.KafkaSerdesTester] (Thread-716) None found
2025-08-07 12:31:48,643 INFO  [org.apa.kaf.cli.con.int.ConsumerCoordinator] (Thread-716) [Consumer clientId=consumer-Consumer-topic-8107f6ac_fcd0_4699_bfee_7b6e17fc90ed-14, groupId=Consumer-topic-8107f6ac_fcd0_4699_bfee_7b6e17fc90ed] Successfully joined group with generation Generation{generationId=1, memberId='consumer-Consumer-topic-8107f6ac_fcd0_4699_bfee_7b6e17fc90ed-14-49aaec89-62c3-47ab-96f7-a6bff78bb66e', protocol='range'}
2025-08-07 12:31:48,643 INFO  [org.apa.kaf.cli.con.int.ConsumerCoordinator] (Thread-716) [Consumer clientId=consumer-Consumer-topic-8107f6ac_fcd0_4699_bfee_7b6e17fc90ed-14, groupId=Consumer-topic-8107f6ac_fcd0_4699_bfee_7b6e17fc90ed] Finished assignment for group at generation 1: {consumer-Consumer-topic-8107f6ac_fcd0_4699_bfee_7b6e17fc90ed-14-49aaec89-62c3-47ab-96f7-a6bff78bb66e=Assignment(partitions=[topic-8107f6ac_fcd0_4699_bfee_7b6e17fc90ed-0])}
2025-08-07 12:31:48,651 INFO  [org.apa.kaf.cli.con.int.ConsumerCoordinator] (Thread-716) [Consumer clientId=consumer-Consumer-topic-8107f6ac_fcd0_4699_bfee_7b6e17fc90ed-14, groupId=Consumer-topic-8107f6ac_fcd0_4699_bfee_7b6e17fc90ed] Successfully synced group in generation Generation{generationId=1, memberId='consumer-Consumer-topic-8107f6ac_fcd0_4699_bfee_7b6e17fc90ed-14-49aaec89-62c3-47ab-96f7-a6bff78bb66e', protocol='range'}
2025-08-07 12:31:48,651 INFO  [org.apa.kaf.cli.con.int.ConsumerCoordinator] (Thread-716) [Consumer clientId=consumer-Consumer-topic-8107f6ac_fcd0_4699_bfee_7b6e17fc90ed-14, groupId=Consumer-topic-8107f6ac_fcd0_4699_bfee_7b6e17fc90ed] Notifying assignor about the new Assignment(partitions=[topic-8107f6ac_fcd0_4699_bfee_7b6e17fc90ed-0])
2025-08-07 12:31:48,651 INFO  [org.apa.kaf.cli.con.int.ConsumerRebalanceListenerInvoker] (Thread-716) [Consumer clientId=consumer-Consumer-topic-8107f6ac_fcd0_4699_bfee_7b6e17fc90ed-14, groupId=Consumer-topic-8107f6ac_fcd0_4699_bfee_7b6e17fc90ed] Adding newly assigned partitions: topic-8107f6ac_fcd0_4699_bfee_7b6e17fc90ed-0
2025-08-07 12:31:48,652 INFO  [org.apa.kaf.cli.con.int.ConsumerCoordinator] (Thread-716) [Consumer clientId=consumer-Consumer-topic-8107f6ac_fcd0_4699_bfee_7b6e17fc90ed-14, groupId=Consumer-topic-8107f6ac_fcd0_4699_bfee_7b6e17fc90ed] Found no committed offset for partition topic-8107f6ac_fcd0_4699_bfee_7b6e17fc90ed-0
2025-08-07 12:31:48,655 INFO  [org.apa.kaf.cli.con.int.SubscriptionState] (Thread-716) [Consumer clientId=consumer-Consumer-topic-8107f6ac_fcd0_4699_bfee_7b6e17fc90ed-14, groupId=Consumer-topic-8107f6ac_fcd0_4699_bfee_7b6e17fc90ed] Resetting offset for partition topic-8107f6ac_fcd0_4699_bfee_7b6e17fc90ed-0 to position FetchPosition{offset=0, offsetEpoch=Optional.empty, currentLeader=LeaderAndEpoch{leader=Optional[localhost:32769 (id: 0 rack: null)], epoch=0}}.
2025-08-07 12:31:48,890 INFO  [io.api.tes.ser.api.KafkaSerdesTester] (Thread-716) topic-8107f6ac_fcd0_4699_bfee_7b6e17fc90ed 0 0 {"key11754569903815": "value-0"}
2025-08-07 12:31:48,890 INFO  [io.api.tes.ser.api.KafkaSerdesTester] (Thread-716) topic-8107f6ac_fcd0_4699_bfee_7b6e17fc90ed 0 1 {"key11754569903815": "value-1"}
2025-08-07 12:31:48,890 INFO  [io.api.tes.ser.api.KafkaSerdesTester] (Thread-716) topic-8107f6ac_fcd0_4699_bfee_7b6e17fc90ed 0 2 {"key11754569903815": "value-2"}
2025-08-07 12:31:48,890 INFO  [io.api.tes.ser.api.KafkaSerdesTester] (Thread-716) topic-8107f6ac_fcd0_4699_bfee_7b6e17fc90ed 0 3 {"key11754569903815": "value-3"}
2025-08-07 12:31:48,890 INFO  [io.api.tes.ser.api.KafkaSerdesTester] (Thread-716) topic-8107f6ac_fcd0_4699_bfee_7b6e17fc90ed 0 4 {"key11754569903815": "value-4"}
2025-08-07 12:31:48,890 INFO  [io.api.tes.ser.api.KafkaSerdesTester] (Thread-716) topic-8107f6ac_fcd0_4699_bfee_7b6e17fc90ed 0 5 {"key11754569903815": "value-5"}
2025-08-07 12:31:48,890 INFO  [io.api.tes.ser.api.KafkaSerdesTester] (Thread-716) topic-8107f6ac_fcd0_4699_bfee_7b6e17fc90ed 0 6 {"key11754569903815": "value-6"}
2025-08-07 12:31:48,890 INFO  [io.api.tes.ser.api.KafkaSerdesTester] (Thread-716) topic-8107f6ac_fcd0_4699_bfee_7b6e17fc90ed 0 7 {"key11754569903815": "value-7"}
2025-08-07 12:31:48,890 INFO  [io.api.tes.ser.api.KafkaSerdesTester] (Thread-716) topic-8107f6ac_fcd0_4699_bfee_7b6e17fc90ed 0 8 {"key11754569903815": "value-8"}
2025-08-07 12:31:48,890 INFO  [io.api.tes.ser.api.KafkaSerdesTester] (Thread-716) topic-8107f6ac_fcd0_4699_bfee_7b6e17fc90ed 0 9 {"key11754569903815": "value-9"}
2025-08-07 12:31:48,890 INFO  [io.api.tes.ser.api.KafkaSerdesTester] (Thread-716) Consumed 10 messages
2025-08-07 12:31:48,899 INFO  [org.apa.kaf.cli.con.int.ConsumerRebalanceListenerInvoker] (Thread-716) [Consumer clientId=consumer-Consumer-topic-8107f6ac_fcd0_4699_bfee_7b6e17fc90ed-14, groupId=Consumer-topic-8107f6ac_fcd0_4699_bfee_7b6e17fc90ed] Revoke previously assigned partitions topic-8107f6ac_fcd0_4699_bfee_7b6e17fc90ed-0
2025-08-07 12:31:48,899 INFO  [org.apa.kaf.cli.con.int.ConsumerCoordinator] (Thread-716) [Consumer clientId=consumer-Consumer-topic-8107f6ac_fcd0_4699_bfee_7b6e17fc90ed-14, groupId=Consumer-topic-8107f6ac_fcd0_4699_bfee_7b6e17fc90ed] Member consumer-Consumer-topic-8107f6ac_fcd0_4699_bfee_7b6e17fc90ed-14-49aaec89-62c3-47ab-96f7-a6bff78bb66e sending LeaveGroup request to coordinator localhost:32769 (id: 2147483647 rack: null) due to the consumer is being closed
2025-08-07 12:31:48,899 INFO  [org.apa.kaf.cli.con.int.ConsumerCoordinator] (Thread-716) [Consumer clientId=consumer-Consumer-topic-8107f6ac_fcd0_4699_bfee_7b6e17fc90ed-14, groupId=Consumer-topic-8107f6ac_fcd0_4699_bfee_7b6e17fc90ed] Resetting generation and member id due to: consumer pro-actively leaving the group
2025-08-07 12:31:48,899 INFO  [org.apa.kaf.cli.con.int.ConsumerCoordinator] (Thread-716) [Consumer clientId=consumer-Consumer-topic-8107f6ac_fcd0_4699_bfee_7b6e17fc90ed-14, groupId=Consumer-topic-8107f6ac_fcd0_4699_bfee_7b6e17fc90ed] Request joining group due to: consumer pro-actively leaving the group
2025-08-07 12:31:49,394 INFO  [org.apa.kaf.com.met.Metrics] (Thread-716) Metrics scheduler closed
2025-08-07 12:31:49,394 INFO  [org.apa.kaf.com.met.Metrics] (Thread-716) Closing reporter org.apache.kafka.common.metrics.JmxReporter
2025-08-07 12:31:49,394 INFO  [org.apa.kaf.com.met.Metrics] (Thread-716) Closing reporter org.apache.kafka.common.telemetry.internals.ClientTelemetryReporter
2025-08-07 12:31:49,394 INFO  [org.apa.kaf.com.met.Metrics] (Thread-716) Metrics reporters closed
2025-08-07 12:31:49,396 INFO  [org.apa.kaf.com.uti.AppInfoParser] (Thread-716) App info kafka.consumer for consumer-Consumer-topic-8107f6ac_fcd0_4699_bfee_7b6e17fc90ed-14 unregistered
2025-08-07 12:31:49,397 INFO  [org.apa.kaf.cli.con.int.ClassicKafkaConsumer] (Thread-717) [Consumer clientId=consumer-Consumer-topic-4d7aa312_be9e_4c3f_8159_574a9cb64beb-15, groupId=Consumer-topic-4d7aa312_be9e_4c3f_8159_574a9cb64beb] Subscribed to topic(s): topic-4d7aa312_be9e_4c3f_8159_574a9cb64beb
2025-08-07 12:31:49,401 INFO  [org.apa.kaf.cli.Metadata] (Thread-717) [Consumer clientId=consumer-Consumer-topic-4d7aa312_be9e_4c3f_8159_574a9cb64beb-15, groupId=Consumer-topic-4d7aa312_be9e_4c3f_8159_574a9cb64beb] Cluster ID: wHHz-MW5SbujoYr4FCRV8g
2025-08-07 12:31:49,401 INFO  [org.apa.kaf.cli.con.int.ConsumerCoordinator] (Thread-717) [Consumer clientId=consumer-Consumer-topic-4d7aa312_be9e_4c3f_8159_574a9cb64beb-15, groupId=Consumer-topic-4d7aa312_be9e_4c3f_8159_574a9cb64beb] Discovered group coordinator localhost:32769 (id: 2147483647 rack: null)
2025-08-07 12:31:49,402 INFO  [org.apa.kaf.cli.con.int.ConsumerCoordinator] (Thread-717) [Consumer clientId=consumer-Consumer-topic-4d7aa312_be9e_4c3f_8159_574a9cb64beb-15, groupId=Consumer-topic-4d7aa312_be9e_4c3f_8159_574a9cb64beb] (Re-)joining group
2025-08-07 12:31:49,404 INFO  [org.apa.kaf.cli.con.int.ConsumerCoordinator] (Thread-717) [Consumer clientId=consumer-Consumer-topic-4d7aa312_be9e_4c3f_8159_574a9cb64beb-15, groupId=Consumer-topic-4d7aa312_be9e_4c3f_8159_574a9cb64beb] Request joining group due to: need to re-join with the given member-id: consumer-Consumer-topic-4d7aa312_be9e_4c3f_8159_574a9cb64beb-15-f7d6650f-e464-4e32-8b18-daad6c17a024
2025-08-07 12:31:49,404 INFO  [org.apa.kaf.cli.con.int.ConsumerCoordinator] (Thread-717) [Consumer clientId=consumer-Consumer-topic-4d7aa312_be9e_4c3f_8159_574a9cb64beb-15, groupId=Consumer-topic-4d7aa312_be9e_4c3f_8159_574a9cb64beb] (Re-)joining group
2025-08-07 12:31:50,397 INFO  [io.api.tes.ser.api.KafkaSerdesTester] (Thread-717) None found
2025-08-07 12:31:51,398 INFO  [io.api.tes.ser.api.KafkaSerdesTester] (Thread-717) None found
2025-08-07 12:31:52,398 INFO  [io.api.tes.ser.api.KafkaSerdesTester] (Thread-717) None found
2025-08-07 12:31:52,406 INFO  [org.apa.kaf.cli.con.int.ConsumerCoordinator] (Thread-717) [Consumer clientId=consumer-Consumer-topic-4d7aa312_be9e_4c3f_8159_574a9cb64beb-15, groupId=Consumer-topic-4d7aa312_be9e_4c3f_8159_574a9cb64beb] Successfully joined group with generation Generation{generationId=1, memberId='consumer-Consumer-topic-4d7aa312_be9e_4c3f_8159_574a9cb64beb-15-f7d6650f-e464-4e32-8b18-daad6c17a024', protocol='range'}
2025-08-07 12:31:52,406 INFO  [org.apa.kaf.cli.con.int.ConsumerCoordinator] (Thread-717) [Consumer clientId=consumer-Consumer-topic-4d7aa312_be9e_4c3f_8159_574a9cb64beb-15, groupId=Consumer-topic-4d7aa312_be9e_4c3f_8159_574a9cb64beb] Finished assignment for group at generation 1: {consumer-Consumer-topic-4d7aa312_be9e_4c3f_8159_574a9cb64beb-15-f7d6650f-e464-4e32-8b18-daad6c17a024=Assignment(partitions=[topic-4d7aa312_be9e_4c3f_8159_574a9cb64beb-0])}
2025-08-07 12:31:52,413 INFO  [org.apa.kaf.cli.con.int.ConsumerCoordinator] (Thread-717) [Consumer clientId=consumer-Consumer-topic-4d7aa312_be9e_4c3f_8159_574a9cb64beb-15, groupId=Consumer-topic-4d7aa312_be9e_4c3f_8159_574a9cb64beb] Successfully synced group in generation Generation{generationId=1, memberId='consumer-Consumer-topic-4d7aa312_be9e_4c3f_8159_574a9cb64beb-15-f7d6650f-e464-4e32-8b18-daad6c17a024', protocol='range'}
2025-08-07 12:31:52,414 INFO  [org.apa.kaf.cli.con.int.ConsumerCoordinator] (Thread-717) [Consumer clientId=consumer-Consumer-topic-4d7aa312_be9e_4c3f_8159_574a9cb64beb-15, groupId=Consumer-topic-4d7aa312_be9e_4c3f_8159_574a9cb64beb] Notifying assignor about the new Assignment(partitions=[topic-4d7aa312_be9e_4c3f_8159_574a9cb64beb-0])
2025-08-07 12:31:52,414 INFO  [org.apa.kaf.cli.con.int.ConsumerRebalanceListenerInvoker] (Thread-717) [Consumer clientId=consumer-Consumer-topic-4d7aa312_be9e_4c3f_8159_574a9cb64beb-15, groupId=Consumer-topic-4d7aa312_be9e_4c3f_8159_574a9cb64beb] Adding newly assigned partitions: topic-4d7aa312_be9e_4c3f_8159_574a9cb64beb-0
2025-08-07 12:31:52,415 INFO  [org.apa.kaf.cli.con.int.ConsumerCoordinator] (Thread-717) [Consumer clientId=consumer-Consumer-topic-4d7aa312_be9e_4c3f_8159_574a9cb64beb-15, groupId=Consumer-topic-4d7aa312_be9e_4c3f_8159_574a9cb64beb] Found no committed offset for partition topic-4d7aa312_be9e_4c3f_8159_574a9cb64beb-0
2025-08-07 12:31:52,418 INFO  [org.apa.kaf.cli.con.int.SubscriptionState] (Thread-717) [Consumer clientId=consumer-Consumer-topic-4d7aa312_be9e_4c3f_8159_574a9cb64beb-15, groupId=Consumer-topic-4d7aa312_be9e_4c3f_8159_574a9cb64beb] Resetting offset for partition topic-4d7aa312_be9e_4c3f_8159_574a9cb64beb-0 to position FetchPosition{offset=0, offsetEpoch=Optional.empty, currentLeader=LeaderAndEpoch{leader=Optional[localhost:32769 (id: 0 rack: null)], epoch=0}}.
2025-08-07 12:31:52,666 INFO  [io.api.tes.ser.api.KafkaSerdesTester] (Thread-717) topic-4d7aa312_be9e_4c3f_8159_574a9cb64beb 0 0 {"key11754569903815": "value-0"}
2025-08-07 12:31:52,666 INFO  [io.api.tes.ser.api.KafkaSerdesTester] (Thread-717) topic-4d7aa312_be9e_4c3f_8159_574a9cb64beb 0 1 {"key11754569903815": "value-1"}
2025-08-07 12:31:52,666 INFO  [io.api.tes.ser.api.KafkaSerdesTester] (Thread-717) topic-4d7aa312_be9e_4c3f_8159_574a9cb64beb 0 2 {"key11754569903815": "value-2"}
2025-08-07 12:31:52,666 INFO  [io.api.tes.ser.api.KafkaSerdesTester] (Thread-717) topic-4d7aa312_be9e_4c3f_8159_574a9cb64beb 0 3 {"key11754569903815": "value-3"}
2025-08-07 12:31:52,666 INFO  [io.api.tes.ser.api.KafkaSerdesTester] (Thread-717) topic-4d7aa312_be9e_4c3f_8159_574a9cb64beb 0 4 {"key11754569903815": "value-4"}
2025-08-07 12:31:52,666 INFO  [io.api.tes.ser.api.KafkaSerdesTester] (Thread-717) topic-4d7aa312_be9e_4c3f_8159_574a9cb64beb 0 5 {"key11754569903815": "value-5"}
2025-08-07 12:31:52,666 INFO  [io.api.tes.ser.api.KafkaSerdesTester] (Thread-717) topic-4d7aa312_be9e_4c3f_8159_574a9cb64beb 0 6 {"key11754569903815": "value-6"}
2025-08-07 12:31:52,666 INFO  [io.api.tes.ser.api.KafkaSerdesTester] (Thread-717) topic-4d7aa312_be9e_4c3f_8159_574a9cb64beb 0 7 {"key11754569903815": "value-7"}
2025-08-07 12:31:52,666 INFO  [io.api.tes.ser.api.KafkaSerdesTester] (Thread-717) topic-4d7aa312_be9e_4c3f_8159_574a9cb64beb 0 8 {"key11754569903815": "value-8"}
2025-08-07 12:31:52,666 INFO  [io.api.tes.ser.api.KafkaSerdesTester] (Thread-717) topic-4d7aa312_be9e_4c3f_8159_574a9cb64beb 0 9 {"key11754569903815": "value-9"}
2025-08-07 12:31:52,666 INFO  [io.api.tes.ser.api.KafkaSerdesTester] (Thread-717) Consumed 10 messages
2025-08-07 12:31:52,673 INFO  [org.apa.kaf.cli.con.int.ConsumerRebalanceListenerInvoker] (Thread-717) [Consumer clientId=consumer-Consumer-topic-4d7aa312_be9e_4c3f_8159_574a9cb64beb-15, groupId=Consumer-topic-4d7aa312_be9e_4c3f_8159_574a9cb64beb] Revoke previously assigned partitions topic-4d7aa312_be9e_4c3f_8159_574a9cb64beb-0
2025-08-07 12:31:52,673 INFO  [org.apa.kaf.cli.con.int.ConsumerCoordinator] (Thread-717) [Consumer clientId=consumer-Consumer-topic-4d7aa312_be9e_4c3f_8159_574a9cb64beb-15, groupId=Consumer-topic-4d7aa312_be9e_4c3f_8159_574a9cb64beb] Member consumer-Consumer-topic-4d7aa312_be9e_4c3f_8159_574a9cb64beb-15-f7d6650f-e464-4e32-8b18-daad6c17a024 sending LeaveGroup request to coordinator localhost:32769 (id: 2147483647 rack: null) due to the consumer is being closed
2025-08-07 12:31:52,673 INFO  [org.apa.kaf.cli.con.int.ConsumerCoordinator] (Thread-717) [Consumer clientId=consumer-Consumer-topic-4d7aa312_be9e_4c3f_8159_574a9cb64beb-15, groupId=Consumer-topic-4d7aa312_be9e_4c3f_8159_574a9cb64beb] Resetting generation and member id due to: consumer pro-actively leaving the group
2025-08-07 12:31:52,673 INFO  [org.apa.kaf.cli.con.int.ConsumerCoordinator] (Thread-717) [Consumer clientId=consumer-Consumer-topic-4d7aa312_be9e_4c3f_8159_574a9cb64beb-15, groupId=Consumer-topic-4d7aa312_be9e_4c3f_8159_574a9cb64beb] Request joining group due to: consumer pro-actively leaving the group
2025-08-07 12:31:53,169 INFO  [org.apa.kaf.com.met.Metrics] (Thread-717) Metrics scheduler closed
2025-08-07 12:31:53,169 INFO  [org.apa.kaf.com.met.Metrics] (Thread-717) Closing reporter org.apache.kafka.common.metrics.JmxReporter
2025-08-07 12:31:53,169 INFO  [org.apa.kaf.com.met.Metrics] (Thread-717) Closing reporter org.apache.kafka.common.telemetry.internals.ClientTelemetryReporter
2025-08-07 12:31:53,169 INFO  [org.apa.kaf.com.met.Metrics] (Thread-717) Metrics reporters closed
2025-08-07 12:31:53,171 INFO  [org.apa.kaf.com.uti.AppInfoParser] (Thread-717) App info kafka.consumer for consumer-Consumer-topic-4d7aa312_be9e_4c3f_8159_574a9cb64beb-15 unregistered
2025-08-07 12:31:53,172 INFO  [org.apa.kaf.cli.con.int.ClassicKafkaConsumer] (Thread-718) [Consumer clientId=consumer-Consumer-topic-cb973b61_6ae4_45fa_892c_82a2b3878d5b-16, groupId=Consumer-topic-cb973b61_6ae4_45fa_892c_82a2b3878d5b] Subscribed to topic(s): topic-cb973b61_6ae4_45fa_892c_82a2b3878d5b
2025-08-07 12:31:53,177 INFO  [org.apa.kaf.cli.Metadata] (Thread-718) [Consumer clientId=consumer-Consumer-topic-cb973b61_6ae4_45fa_892c_82a2b3878d5b-16, groupId=Consumer-topic-cb973b61_6ae4_45fa_892c_82a2b3878d5b] Cluster ID: wHHz-MW5SbujoYr4FCRV8g
2025-08-07 12:31:53,178 INFO  [org.apa.kaf.cli.con.int.ConsumerCoordinator] (Thread-718) [Consumer clientId=consumer-Consumer-topic-cb973b61_6ae4_45fa_892c_82a2b3878d5b-16, groupId=Consumer-topic-cb973b61_6ae4_45fa_892c_82a2b3878d5b] Discovered group coordinator localhost:32769 (id: 2147483647 rack: null)
2025-08-07 12:31:53,179 INFO  [org.apa.kaf.cli.con.int.ConsumerCoordinator] (Thread-718) [Consumer clientId=consumer-Consumer-topic-cb973b61_6ae4_45fa_892c_82a2b3878d5b-16, groupId=Consumer-topic-cb973b61_6ae4_45fa_892c_82a2b3878d5b] (Re-)joining group
2025-08-07 12:31:53,182 INFO  [org.apa.kaf.cli.con.int.ConsumerCoordinator] (Thread-718) [Consumer clientId=consumer-Consumer-topic-cb973b61_6ae4_45fa_892c_82a2b3878d5b-16, groupId=Consumer-topic-cb973b61_6ae4_45fa_892c_82a2b3878d5b] Request joining group due to: need to re-join with the given member-id: consumer-Consumer-topic-cb973b61_6ae4_45fa_892c_82a2b3878d5b-16-e0f00742-91fb-4120-bcfd-fa738966e22e
2025-08-07 12:31:53,182 INFO  [org.apa.kaf.cli.con.int.ConsumerCoordinator] (Thread-718) [Consumer clientId=consumer-Consumer-topic-cb973b61_6ae4_45fa_892c_82a2b3878d5b-16, groupId=Consumer-topic-cb973b61_6ae4_45fa_892c_82a2b3878d5b] (Re-)joining group
2025-08-07 12:31:54,172 INFO  [io.api.tes.ser.api.KafkaSerdesTester] (Thread-718) None found
2025-08-07 12:31:55,172 INFO  [io.api.tes.ser.api.KafkaSerdesTester] (Thread-718) None found
2025-08-07 12:31:56,172 INFO  [io.api.tes.ser.api.KafkaSerdesTester] (Thread-718) None found
2025-08-07 12:31:56,184 INFO  [org.apa.kaf.cli.con.int.ConsumerCoordinator] (Thread-718) [Consumer clientId=consumer-Consumer-topic-cb973b61_6ae4_45fa_892c_82a2b3878d5b-16, groupId=Consumer-topic-cb973b61_6ae4_45fa_892c_82a2b3878d5b] Successfully joined group with generation Generation{generationId=1, memberId='consumer-Consumer-topic-cb973b61_6ae4_45fa_892c_82a2b3878d5b-16-e0f00742-91fb-4120-bcfd-fa738966e22e', protocol='range'}
2025-08-07 12:31:56,184 INFO  [org.apa.kaf.cli.con.int.ConsumerCoordinator] (Thread-718) [Consumer clientId=consumer-Consumer-topic-cb973b61_6ae4_45fa_892c_82a2b3878d5b-16, groupId=Consumer-topic-cb973b61_6ae4_45fa_892c_82a2b3878d5b] Finished assignment for group at generation 1: {consumer-Consumer-topic-cb973b61_6ae4_45fa_892c_82a2b3878d5b-16-e0f00742-91fb-4120-bcfd-fa738966e22e=Assignment(partitions=[topic-cb973b61_6ae4_45fa_892c_82a2b3878d5b-0])}
2025-08-07 12:31:56,191 INFO  [org.apa.kaf.cli.con.int.ConsumerCoordinator] (Thread-718) [Consumer clientId=consumer-Consumer-topic-cb973b61_6ae4_45fa_892c_82a2b3878d5b-16, groupId=Consumer-topic-cb973b61_6ae4_45fa_892c_82a2b3878d5b] Successfully synced group in generation Generation{generationId=1, memberId='consumer-Consumer-topic-cb973b61_6ae4_45fa_892c_82a2b3878d5b-16-e0f00742-91fb-4120-bcfd-fa738966e22e', protocol='range'}
2025-08-07 12:31:56,192 INFO  [org.apa.kaf.cli.con.int.ConsumerCoordinator] (Thread-718) [Consumer clientId=consumer-Consumer-topic-cb973b61_6ae4_45fa_892c_82a2b3878d5b-16, groupId=Consumer-topic-cb973b61_6ae4_45fa_892c_82a2b3878d5b] Notifying assignor about the new Assignment(partitions=[topic-cb973b61_6ae4_45fa_892c_82a2b3878d5b-0])
2025-08-07 12:31:56,192 INFO  [org.apa.kaf.cli.con.int.ConsumerRebalanceListenerInvoker] (Thread-718) [Consumer clientId=consumer-Consumer-topic-cb973b61_6ae4_45fa_892c_82a2b3878d5b-16, groupId=Consumer-topic-cb973b61_6ae4_45fa_892c_82a2b3878d5b] Adding newly assigned partitions: topic-cb973b61_6ae4_45fa_892c_82a2b3878d5b-0
2025-08-07 12:31:56,193 INFO  [org.apa.kaf.cli.con.int.ConsumerCoordinator] (Thread-718) [Consumer clientId=consumer-Consumer-topic-cb973b61_6ae4_45fa_892c_82a2b3878d5b-16, groupId=Consumer-topic-cb973b61_6ae4_45fa_892c_82a2b3878d5b] Found no committed offset for partition topic-cb973b61_6ae4_45fa_892c_82a2b3878d5b-0
2025-08-07 12:31:56,195 INFO  [org.apa.kaf.cli.con.int.SubscriptionState] (Thread-718) [Consumer clientId=consumer-Consumer-topic-cb973b61_6ae4_45fa_892c_82a2b3878d5b-16, groupId=Consumer-topic-cb973b61_6ae4_45fa_892c_82a2b3878d5b] Resetting offset for partition topic-cb973b61_6ae4_45fa_892c_82a2b3878d5b-0 to position FetchPosition{offset=0, offsetEpoch=Optional.empty, currentLeader=LeaderAndEpoch{leader=Optional[localhost:32769 (id: 0 rack: null)], epoch=0}}.
2025-08-07 12:31:56,439 INFO  [io.api.tes.ser.api.KafkaSerdesTester] (Thread-718) topic-cb973b61_6ae4_45fa_892c_82a2b3878d5b 0 0 {"key11754569903815": "value-0"}
2025-08-07 12:31:56,439 INFO  [io.api.tes.ser.api.KafkaSerdesTester] (Thread-718) topic-cb973b61_6ae4_45fa_892c_82a2b3878d5b 0 1 {"key11754569903815": "value-1"}
2025-08-07 12:31:56,439 INFO  [io.api.tes.ser.api.KafkaSerdesTester] (Thread-718) topic-cb973b61_6ae4_45fa_892c_82a2b3878d5b 0 2 {"key11754569903815": "value-2"}
2025-08-07 12:31:56,439 INFO  [io.api.tes.ser.api.KafkaSerdesTester] (Thread-718) topic-cb973b61_6ae4_45fa_892c_82a2b3878d5b 0 3 {"key11754569903815": "value-3"}
2025-08-07 12:31:56,439 INFO  [io.api.tes.ser.api.KafkaSerdesTester] (Thread-718) topic-cb973b61_6ae4_45fa_892c_82a2b3878d5b 0 4 {"key11754569903815": "value-4"}
2025-08-07 12:31:56,439 INFO  [io.api.tes.ser.api.KafkaSerdesTester] (Thread-718) topic-cb973b61_6ae4_45fa_892c_82a2b3878d5b 0 5 {"key11754569903815": "value-5"}
2025-08-07 12:31:56,439 INFO  [io.api.tes.ser.api.KafkaSerdesTester] (Thread-718) topic-cb973b61_6ae4_45fa_892c_82a2b3878d5b 0 6 {"key11754569903815": "value-6"}
2025-08-07 12:31:56,439 INFO  [io.api.tes.ser.api.KafkaSerdesTester] (Thread-718) topic-cb973b61_6ae4_45fa_892c_82a2b3878d5b 0 7 {"key11754569903815": "value-7"}
2025-08-07 12:31:56,439 INFO  [io.api.tes.ser.api.KafkaSerdesTester] (Thread-718) topic-cb973b61_6ae4_45fa_892c_82a2b3878d5b 0 8 {"key11754569903815": "value-8"}
2025-08-07 12:31:56,439 INFO  [io.api.tes.ser.api.KafkaSerdesTester] (Thread-718) topic-cb973b61_6ae4_45fa_892c_82a2b3878d5b 0 9 {"key11754569903815": "value-9"}
2025-08-07 12:31:56,439 INFO  [io.api.tes.ser.api.KafkaSerdesTester] (Thread-718) Consumed 10 messages
2025-08-07 12:31:56,448 INFO  [org.apa.kaf.cli.con.int.ConsumerRebalanceListenerInvoker] (Thread-718) [Consumer clientId=consumer-Consumer-topic-cb973b61_6ae4_45fa_892c_82a2b3878d5b-16, groupId=Consumer-topic-cb973b61_6ae4_45fa_892c_82a2b3878d5b] Revoke previously assigned partitions topic-cb973b61_6ae4_45fa_892c_82a2b3878d5b-0
2025-08-07 12:31:56,448 INFO  [org.apa.kaf.cli.con.int.ConsumerCoordinator] (Thread-718) [Consumer clientId=consumer-Consumer-topic-cb973b61_6ae4_45fa_892c_82a2b3878d5b-16, groupId=Consumer-topic-cb973b61_6ae4_45fa_892c_82a2b3878d5b] Member consumer-Consumer-topic-cb973b61_6ae4_45fa_892c_82a2b3878d5b-16-e0f00742-91fb-4120-bcfd-fa738966e22e sending LeaveGroup request to coordinator localhost:32769 (id: 2147483647 rack: null) due to the consumer is being closed
2025-08-07 12:31:56,448 INFO  [org.apa.kaf.cli.con.int.ConsumerCoordinator] (Thread-718) [Consumer clientId=consumer-Consumer-topic-cb973b61_6ae4_45fa_892c_82a2b3878d5b-16, groupId=Consumer-topic-cb973b61_6ae4_45fa_892c_82a2b3878d5b] Resetting generation and member id due to: consumer pro-actively leaving the group
2025-08-07 12:31:56,448 INFO  [org.apa.kaf.cli.con.int.ConsumerCoordinator] (Thread-718) [Consumer clientId=consumer-Consumer-topic-cb973b61_6ae4_45fa_892c_82a2b3878d5b-16, groupId=Consumer-topic-cb973b61_6ae4_45fa_892c_82a2b3878d5b] Request joining group due to: consumer pro-actively leaving the group
2025-08-07 12:31:56,943 INFO  [org.apa.kaf.com.met.Metrics] (Thread-718) Metrics scheduler closed
2025-08-07 12:31:56,943 INFO  [org.apa.kaf.com.met.Metrics] (Thread-718) Closing reporter org.apache.kafka.common.metrics.JmxReporter
2025-08-07 12:31:56,943 INFO  [org.apa.kaf.com.met.Metrics] (Thread-718) Closing reporter org.apache.kafka.common.telemetry.internals.ClientTelemetryReporter
2025-08-07 12:31:56,943 INFO  [org.apa.kaf.com.met.Metrics] (Thread-718) Metrics reporters closed
2025-08-07 12:31:56,946 INFO  [org.apa.kaf.com.uti.AppInfoParser] (Thread-718) App info kafka.consumer for consumer-Consumer-topic-cb973b61_6ae4_45fa_892c_82a2b3878d5b-16 unregistered
2025-08-07 12:31:56,947 INFO  [io.api.tes.uti.TestSeparator] (main) io.apicurio.tests.serdes.apicurio.AvroSerdeIT.testAvroConfluentForMultipleTopics-FINISHED
2025-08-07 12:31:56,947 INFO  [io.api.tes.uti.TestSeparator] (main) ############################################################################
Test passed: testAvroConfluentForMultipleTopics
]]></system-out>
  </testcase>
  <testcase name="testFirstRequestFailsRateLimited" classname="io.apicurio.tests.serdes.apicurio.AvroSerdeIT" time="0.957">
    <system-out><![CDATA[2025-08-07 12:31:56,950 INFO  [io.api.tes.uti.TestSeparator] (main) ############################################################################
2025-08-07 12:31:56,951 INFO  [io.api.tes.uti.TestSeparator] (main) io.apicurio.tests.serdes.apicurio.AvroSerdeIT.testFirstRequestFailsRateLimited-STARTED
2025-08-07 12:31:57,454 WARN  [org.ecl.jet.ser.AbstractConnector] (main) Acceptors should be <= availableProcessors: NetworkTrafficServerConnector@ee1493e{HTTP/1.1, (http/1.1, h2c)}{0.0.0.0:0} 
2025-08-07 12:31:57,558 INFO  [org.ecl.jet.ser.Server] (main) jetty-11.0.15; built: 2023-04-11T18:37:53.775Z; git: 5bc5e562c8d05c5862505aebe5cf83a61bdbcb96; jvm 17.0.16+8
2025-08-07 12:31:57,585 INFO  [org.ecl.jet.ser.han.ContextHandler] (main) Started o.e.j.s.ServletContextHandler@32730f12{/__admin,null,AVAILABLE}
2025-08-07 12:31:57,592 INFO  [org.ecl.jet.ser.han.Con.ROOT] (main) RequestHandlerClass from context returned com.github.tomakehurst.wiremock.http.StubRequestHandler. Normalized mapped under returned 'null'
2025-08-07 12:31:57,593 INFO  [org.ecl.jet.ser.han.ContextHandler] (main) Started o.e.j.s.ServletContextHandler@7102b480{/,null,AVAILABLE}
2025-08-07 12:31:57,600 INFO  [org.ecl.jet.ser.AbstractConnector] (main) Started NetworkTrafficServerConnector@ee1493e{HTTP/1.1, (http/1.1, h2c)}{0.0.0.0:43487}
2025-08-07 12:31:57,602 INFO  [org.ecl.jet.ser.Server] (main) Started Server@1898593{STARTING}[11.0.15,sto=1000] @122953ms
**** Registry Base URL: http://registry-app-ksql043.apps.ci419.apicurio-testing.org:80
2025-08-07 12:31:57,614 INFO  [org.apa.kaf.cli.pro.ProducerConfig] (main) ProducerConfig values: 
	acks = -1
	auto.include.jmx.reporter = true
	batch.size = 16384
	bootstrap.servers = [PLAINTEXT://localhost:32769]
	buffer.memory = 33554432
	client.dns.lookup = use_all_dns_ips
	client.id = Producer-topic-ce53abaa_4a34_43db_9a1d_8216de49eee4
	compression.gzip.level = -1
	compression.lz4.level = 9
	compression.type = none
	compression.zstd.level = 3
	connections.max.idle.ms = 10000
	delivery.timeout.ms = 120000
	enable.idempotence = true
	enable.metrics.push = true
	interceptor.classes = []
	key.serializer = class org.apache.kafka.common.serialization.StringSerializer
	linger.ms = 0
	max.block.ms = 60000
	max.in.flight.requests.per.connection = 5
	max.request.size = 1048576
	metadata.max.age.ms = 300000
	metadata.max.idle.ms = 300000
	metadata.recovery.strategy = none
	metric.reporters = []
	metrics.num.samples = 2
	metrics.recording.level = INFO
	metrics.sample.window.ms = 30000
	partitioner.adaptive.partitioning.enable = true
	partitioner.availability.timeout.ms = 0
	partitioner.class = null
	partitioner.ignore.keys = false
	receive.buffer.bytes = 32768
	reconnect.backoff.max.ms = 1000
	reconnect.backoff.ms = 50
	request.timeout.ms = 5000
	retries = 2147483647
	retry.backoff.max.ms = 1000
	retry.backoff.ms = 100
	sasl.client.callback.handler.class = null
	sasl.jaas.config = null
	sasl.kerberos.kinit.cmd = /usr/bin/kinit
	sasl.kerberos.min.time.before.relogin = 60000
	sasl.kerberos.service.name = null
	sasl.kerberos.ticket.renew.jitter = 0.05
	sasl.kerberos.ticket.renew.window.factor = 0.8
	sasl.login.callback.handler.class = null
	sasl.login.class = null
	sasl.login.connect.timeout.ms = null
	sasl.login.read.timeout.ms = null
	sasl.login.refresh.buffer.seconds = 300
	sasl.login.refresh.min.period.seconds = 60
	sasl.login.refresh.window.factor = 0.8
	sasl.login.refresh.window.jitter = 0.05
	sasl.login.retry.backoff.max.ms = 10000
	sasl.login.retry.backoff.ms = 100
	sasl.mechanism = GSSAPI
	sasl.oauthbearer.clock.skew.seconds = 30
	sasl.oauthbearer.expected.audience = null
	sasl.oauthbearer.expected.issuer = null
	sasl.oauthbearer.header.urlencode = false
	sasl.oauthbearer.jwks.endpoint.refresh.ms = 3600000
	sasl.oauthbearer.jwks.endpoint.retry.backoff.max.ms = 10000
	sasl.oauthbearer.jwks.endpoint.retry.backoff.ms = 100
	sasl.oauthbearer.jwks.endpoint.url = null
	sasl.oauthbearer.scope.claim.name = scope
	sasl.oauthbearer.sub.claim.name = sub
	sasl.oauthbearer.token.endpoint.url = null
	security.protocol = PLAINTEXT
	security.providers = null
	send.buffer.bytes = 131072
	socket.connection.setup.timeout.max.ms = 30000
	socket.connection.setup.timeout.ms = 10000
	ssl.cipher.suites = null
	ssl.enabled.protocols = [TLSv1.2, TLSv1.3]
	ssl.endpoint.identification.algorithm = https
	ssl.engine.factory.class = null
	ssl.key.password = null
	ssl.keymanager.algorithm = SunX509
	ssl.keystore.certificate.chain = null
	ssl.keystore.key = null
	ssl.keystore.location = null
	ssl.keystore.password = null
	ssl.keystore.type = JKS
	ssl.protocol = TLSv1.3
	ssl.provider = null
	ssl.secure.random.implementation = null
	ssl.trustmanager.algorithm = PKIX
	ssl.truststore.certificates = null
	ssl.truststore.location = null
	ssl.truststore.password = null
	ssl.truststore.type = JKS
	transaction.timeout.ms = 60000
	transactional.id = null
	value.serializer = class io.apicurio.registry.serde.avro.AvroKafkaSerializer

2025-08-07 12:31:57,615 INFO  [org.apa.kaf.com.tel.int.KafkaMetricsCollector] (main) initializing Kafka metrics collector
2025-08-07 12:31:57,620 INFO  [org.apa.kaf.cli.pro.KafkaProducer] (main) [Producer clientId=Producer-topic-ce53abaa_4a34_43db_9a1d_8216de49eee4] Instantiated an idempotent producer.
2025-08-07 12:31:57,624 INFO  [org.apa.kaf.cli.pro.ProducerConfig] (main) These configurations '[apicurio.registry.url, apicurio.registry.artifact-resolver-strategy]' were supplied but are not used yet.
2025-08-07 12:31:57,624 INFO  [org.apa.kaf.com.uti.AppInfoParser] (main) Kafka version: 3.9.1
2025-08-07 12:31:57,624 INFO  [org.apa.kaf.com.uti.AppInfoParser] (main) Kafka commitId: f745dfdcee2b9851
2025-08-07 12:31:57,624 INFO  [org.apa.kaf.com.uti.AppInfoParser] (main) Kafka startTimeMs: 1754569917624
2025-08-07 12:31:57,626 INFO  [io.api.tes.ser.api.KafkaSerdesTester] (Thread-729) Sending message {"keyB": "value-0"} to topic topic-ce53abaa_4a34_43db_9a1d_8216de49eee4
2025-08-07 12:31:57,627 INFO  [org.apa.kaf.cli.Metadata] (kafka-producer-network-thread | Producer-topic-ce53abaa_4a34_43db_9a1d_8216de49eee4) [Producer clientId=Producer-topic-ce53abaa_4a34_43db_9a1d_8216de49eee4] Cluster ID: wHHz-MW5SbujoYr4FCRV8g
2025-08-07 12:31:57,629 INFO  [org.apa.kaf.cli.pro.int.TransactionManager] (kafka-producer-network-thread | Producer-topic-ce53abaa_4a34_43db_9a1d_8216de49eee4) [Producer clientId=Producer-topic-ce53abaa_4a34_43db_9a1d_8216de49eee4] ProducerId set to 22 with epoch 0
2025-08-07 12:31:57,635 WARN  [org.apa.kaf.cli.NetworkClient] (kafka-producer-network-thread | Producer-topic-ce53abaa_4a34_43db_9a1d_8216de49eee4) [Producer clientId=Producer-topic-ce53abaa_4a34_43db_9a1d_8216de49eee4] The metadata response from the cluster reported a recoverable issue with correlation id 4 : {topic-ce53abaa_4a34_43db_9a1d_8216de49eee4=UNKNOWN_TOPIC_OR_PARTITION}
2025-08-07 12:31:57,750 INFO  [DefaultSchemaResolver] (Thread-729) Retrieving schema content using string: {"type":"record","name":"myrecord","namespace":"mygroup","fields":[{"name":"keyB","type":"string"}]}
2025-08-07 12:31:57,891 INFO  [org.apa.kaf.cli.pro.KafkaProducer] (Thread-729) [Producer clientId=Producer-topic-ce53abaa_4a34_43db_9a1d_8216de49eee4] Closing the Kafka producer with timeoutMillis = 9223372036854775807 ms.
2025-08-07 12:31:57,893 INFO  [org.apa.kaf.com.met.Metrics] (Thread-729) Metrics scheduler closed
2025-08-07 12:31:57,893 INFO  [org.apa.kaf.com.met.Metrics] (Thread-729) Closing reporter org.apache.kafka.common.metrics.JmxReporter
2025-08-07 12:31:57,893 INFO  [org.apa.kaf.com.met.Metrics] (Thread-729) Closing reporter org.apache.kafka.common.telemetry.internals.ClientTelemetryReporter
2025-08-07 12:31:57,893 INFO  [org.apa.kaf.com.met.Metrics] (Thread-729) Metrics reporters closed
2025-08-07 12:31:57,894 INFO  [org.apa.kaf.com.uti.AppInfoParser] (Thread-729) App info kafka.producer for Producer-topic-ce53abaa_4a34_43db_9a1d_8216de49eee4 unregistered
2025-08-07 12:31:57,897 INFO  [org.ecl.jet.ser.Server] (main) Stopped Server@1898593{STOPPING}[11.0.15,sto=1000]
2025-08-07 12:31:57,897 INFO  [org.ecl.jet.ser.Server] (main) Shutdown Server@1898593{STOPPING}[11.0.15,sto=1000]
2025-08-07 12:31:57,903 INFO  [org.ecl.jet.ser.AbstractConnector] (main) Stopped NetworkTrafficServerConnector@ee1493e{HTTP/1.1, (http/1.1, h2c)}{0.0.0.0:0}
2025-08-07 12:31:57,904 INFO  [org.ecl.jet.ser.han.ContextHandler] (main) Stopped o.e.j.s.ServletContextHandler@7102b480{/,null,STOPPED}
2025-08-07 12:31:57,904 INFO  [org.ecl.jet.ser.han.ContextHandler] (main) Stopped o.e.j.s.ServletContextHandler@32730f12{/__admin,null,STOPPED}
2025-08-07 12:31:57,907 INFO  [io.api.tes.uti.TestSeparator] (main) io.apicurio.tests.serdes.apicurio.AvroSerdeIT.testFirstRequestFailsRateLimited-FINISHED
2025-08-07 12:31:57,907 INFO  [io.api.tes.uti.TestSeparator] (main) ############################################################################
Test passed: testFirstRequestFailsRateLimited
]]></system-out>
    <system-err><![CDATA[com.microsoft.kiota.ApiException: the server returned an unexpected status code and no error class is registered for this code 429
	at com.microsoft.kiota.ApiExceptionBuilder.withMessage(ApiExceptionBuilder.java:45)
	at io.kiota.http.vertx.VertXRequestAdapter.throwIfFailedResponse(VertXRequestAdapter.java:370)
	at io.kiota.http.vertx.VertXRequestAdapter.send(VertXRequestAdapter.java:170)
	at io.apicurio.registry.rest.client.search.versions.VersionsRequestBuilder.post(VersionsRequestBuilder.java:94)
	at io.apicurio.registry.resolver.client.RegistryClientFacadeImpl.searchVersionsByContent(RegistryClientFacadeImpl.java:106)
	at io.apicurio.registry.resolver.DefaultSchemaResolver.lambda$handleResolveSchemaByContent$3(DefaultSchemaResolver.java:258)
	at io.apicurio.registry.resolver.cache.ERCache.lambda$getValue$0(ERCache.java:174)
	at io.apicurio.registry.resolver.cache.ERCache.retry(ERCache.java:227)
	at io.apicurio.registry.resolver.cache.ERCache.getValue(ERCache.java:173)
	at io.apicurio.registry.resolver.cache.ERCache.getByContent(ERCache.java:147)
	at io.apicurio.registry.resolver.DefaultSchemaResolver.handleResolveSchemaByContent(DefaultSchemaResolver.java:253)
	at io.apicurio.registry.resolver.DefaultSchemaResolver.getSchemaFromRegistry(DefaultSchemaResolver.java:138)
	at io.apicurio.registry.resolver.DefaultSchemaResolver.lambda$resolveSchema$0(DefaultSchemaResolver.java:84)
	at java.base/java.util.Optional.orElseGet(Optional.java:364)
	at io.apicurio.registry.resolver.DefaultSchemaResolver.resolveSchema(DefaultSchemaResolver.java:84)
	at io.apicurio.registry.serde.AbstractSerializer.serializeData(AbstractSerializer.java:62)
	at io.apicurio.registry.serde.KafkaSerializer.serialize(KafkaSerializer.java:77)
	at org.apache.kafka.clients.producer.KafkaProducer.doSend(KafkaProducer.java:1046)
	at org.apache.kafka.clients.producer.KafkaProducer.send(KafkaProducer.java:993)
	at org.apache.kafka.clients.producer.KafkaProducer.send(KafkaProducer.java:875)
	at io.apicurio.tests.serdes.apicurio.KafkaSerdesTester.lambda$produceMessages$3(KafkaSerdesTester.java:138)
	at java.base/java.util.concurrent.CompletableFuture$AsyncSupply.run(CompletableFuture.java:1768)
	at java.base/java.lang.Thread.run(Thread.java:840)
]]></system-err>
  </testcase>
  <testcase name="testFirstEmptyFieldConfusedAsMagicByte" classname="io.apicurio.tests.serdes.apicurio.AvroSerdeIT" time="4.338">
    <system-out><![CDATA[2025-08-07 12:31:57,912 INFO  [io.api.tes.uti.TestSeparator] (main) ############################################################################
2025-08-07 12:31:57,912 INFO  [io.api.tes.uti.TestSeparator] (main) io.apicurio.tests.serdes.apicurio.AvroSerdeIT.testFirstEmptyFieldConfusedAsMagicByte-STARTED
**** Registry Base URL: http://registry-app-ksql043.apps.ci419.apicurio-testing.org:80
2025-08-07 12:31:57,919 INFO  [org.apa.kaf.cli.pro.ProducerConfig] (main) ProducerConfig values: 
	acks = -1
	auto.include.jmx.reporter = true
	batch.size = 16384
	bootstrap.servers = [PLAINTEXT://localhost:32769]
	buffer.memory = 33554432
	client.dns.lookup = use_all_dns_ips
	client.id = Producer-topic-0aa8205f_201a_49df_bc42_b70fab2c659e
	compression.gzip.level = -1
	compression.lz4.level = 9
	compression.type = none
	compression.zstd.level = 3
	connections.max.idle.ms = 10000
	delivery.timeout.ms = 120000
	enable.idempotence = true
	enable.metrics.push = true
	interceptor.classes = []
	key.serializer = class org.apache.kafka.common.serialization.StringSerializer
	linger.ms = 0
	max.block.ms = 60000
	max.in.flight.requests.per.connection = 5
	max.request.size = 1048576
	metadata.max.age.ms = 300000
	metadata.max.idle.ms = 300000
	metadata.recovery.strategy = none
	metric.reporters = []
	metrics.num.samples = 2
	metrics.recording.level = INFO
	metrics.sample.window.ms = 30000
	partitioner.adaptive.partitioning.enable = true
	partitioner.availability.timeout.ms = 0
	partitioner.class = null
	partitioner.ignore.keys = false
	receive.buffer.bytes = 32768
	reconnect.backoff.max.ms = 1000
	reconnect.backoff.ms = 50
	request.timeout.ms = 5000
	retries = 2147483647
	retry.backoff.max.ms = 1000
	retry.backoff.ms = 100
	sasl.client.callback.handler.class = null
	sasl.jaas.config = null
	sasl.kerberos.kinit.cmd = /usr/bin/kinit
	sasl.kerberos.min.time.before.relogin = 60000
	sasl.kerberos.service.name = null
	sasl.kerberos.ticket.renew.jitter = 0.05
	sasl.kerberos.ticket.renew.window.factor = 0.8
	sasl.login.callback.handler.class = null
	sasl.login.class = null
	sasl.login.connect.timeout.ms = null
	sasl.login.read.timeout.ms = null
	sasl.login.refresh.buffer.seconds = 300
	sasl.login.refresh.min.period.seconds = 60
	sasl.login.refresh.window.factor = 0.8
	sasl.login.refresh.window.jitter = 0.05
	sasl.login.retry.backoff.max.ms = 10000
	sasl.login.retry.backoff.ms = 100
	sasl.mechanism = GSSAPI
	sasl.oauthbearer.clock.skew.seconds = 30
	sasl.oauthbearer.expected.audience = null
	sasl.oauthbearer.expected.issuer = null
	sasl.oauthbearer.header.urlencode = false
	sasl.oauthbearer.jwks.endpoint.refresh.ms = 3600000
	sasl.oauthbearer.jwks.endpoint.retry.backoff.max.ms = 10000
	sasl.oauthbearer.jwks.endpoint.retry.backoff.ms = 100
	sasl.oauthbearer.jwks.endpoint.url = null
	sasl.oauthbearer.scope.claim.name = scope
	sasl.oauthbearer.sub.claim.name = sub
	sasl.oauthbearer.token.endpoint.url = null
	security.protocol = PLAINTEXT
	security.providers = null
	send.buffer.bytes = 131072
	socket.connection.setup.timeout.max.ms = 30000
	socket.connection.setup.timeout.ms = 10000
	ssl.cipher.suites = null
	ssl.enabled.protocols = [TLSv1.2, TLSv1.3]
	ssl.endpoint.identification.algorithm = https
	ssl.engine.factory.class = null
	ssl.key.password = null
	ssl.keymanager.algorithm = SunX509
	ssl.keystore.certificate.chain = null
	ssl.keystore.key = null
	ssl.keystore.location = null
	ssl.keystore.password = null
	ssl.keystore.type = JKS
	ssl.protocol = TLSv1.3
	ssl.provider = null
	ssl.secure.random.implementation = null
	ssl.trustmanager.algorithm = PKIX
	ssl.truststore.certificates = null
	ssl.truststore.location = null
	ssl.truststore.password = null
	ssl.truststore.type = JKS
	transaction.timeout.ms = 60000
	transactional.id = null
	value.serializer = class io.apicurio.registry.serde.avro.AvroKafkaSerializer

2025-08-07 12:31:57,920 INFO  [org.apa.kaf.com.tel.int.KafkaMetricsCollector] (main) initializing Kafka metrics collector
2025-08-07 12:31:57,924 INFO  [org.apa.kaf.cli.pro.KafkaProducer] (main) [Producer clientId=Producer-topic-0aa8205f_201a_49df_bc42_b70fab2c659e] Instantiated an idempotent producer.
2025-08-07 12:31:57,928 INFO  [org.apa.kaf.cli.pro.ProducerConfig] (main) These configurations '[apicurio.registry.url, apicurio.registry.auto-register, apicurio.registry.artifact-resolver-strategy]' were supplied but are not used yet.
2025-08-07 12:31:57,928 INFO  [org.apa.kaf.com.uti.AppInfoParser] (main) Kafka version: 3.9.1
2025-08-07 12:31:57,928 INFO  [org.apa.kaf.com.uti.AppInfoParser] (main) Kafka commitId: f745dfdcee2b9851
2025-08-07 12:31:57,928 INFO  [org.apa.kaf.com.uti.AppInfoParser] (main) Kafka startTimeMs: 1754569917928
2025-08-07 12:31:57,928 INFO  [io.api.tes.ser.api.SimpleSerdesTesterBuilder$SimpleSerdesTester] (main) Using producer configuration: {apicurio.registry.url=http://registry-app-ksql043.apps.ci419.apicurio-testing.org:80/apis/registry/v3, apicurio.registry.auto-register=true, apicurio.registry.artifact-resolver-strategy=io.apicurio.registry.serde.strategy.SimpleTopicIdStrategy, value.serializer=io.apicurio.registry.serde.avro.AvroKafkaSerializer, request.timeout.ms=5000, acks=all, bootstrap.servers=PLAINTEXT://localhost:32769, connections.max.idle.ms=10000, key.serializer=org.apache.kafka.common.serialization.StringSerializer, client.id=Producer-topic-0aa8205f_201a_49df_bc42_b70fab2c659e}
2025-08-07 12:31:57,928 INFO  [io.api.tes.ser.api.SimpleSerdesTesterBuilder$SimpleSerdesTester] (main) Using consumer configuration: {}
2025-08-07 12:31:57,930 INFO  [io.api.tes.ser.api.KafkaSerdesTester] (Thread-732) Sending message {"username": null} to topic topic-0aa8205f_201a_49df_bc42_b70fab2c659e
2025-08-07 12:31:57,935 WARN  [org.apa.kaf.cli.NetworkClient] (kafka-producer-network-thread | Producer-topic-0aa8205f_201a_49df_bc42_b70fab2c659e) [Producer clientId=Producer-topic-0aa8205f_201a_49df_bc42_b70fab2c659e] The metadata response from the cluster reported a recoverable issue with correlation id 1 : {topic-0aa8205f_201a_49df_bc42_b70fab2c659e=UNKNOWN_TOPIC_OR_PARTITION}
2025-08-07 12:31:57,935 INFO  [org.apa.kaf.cli.Metadata] (kafka-producer-network-thread | Producer-topic-0aa8205f_201a_49df_bc42_b70fab2c659e) [Producer clientId=Producer-topic-0aa8205f_201a_49df_bc42_b70fab2c659e] Cluster ID: wHHz-MW5SbujoYr4FCRV8g
2025-08-07 12:31:57,936 INFO  [org.apa.kaf.cli.pro.int.TransactionManager] (kafka-producer-network-thread | Producer-topic-0aa8205f_201a_49df_bc42_b70fab2c659e) [Producer clientId=Producer-topic-0aa8205f_201a_49df_bc42_b70fab2c659e] ProducerId set to 23 with epoch 0
2025-08-07 12:31:58,269 INFO  [io.api.tes.ser.api.KafkaSerdesTester] (Thread-732) Sending message {"username": null} to topic topic-0aa8205f_201a_49df_bc42_b70fab2c659e
2025-08-07 12:31:58,273 INFO  [io.api.tes.ser.api.KafkaSerdesTester] (Thread-732) Sending message {"username": "value-2"} to topic topic-0aa8205f_201a_49df_bc42_b70fab2c659e
2025-08-07 12:31:58,274 INFO  [io.api.tes.ser.api.KafkaSerdesTester] (Thread-732) Sending message {"username": null} to topic topic-0aa8205f_201a_49df_bc42_b70fab2c659e
2025-08-07 12:31:58,276 INFO  [io.api.tes.ser.api.KafkaSerdesTester] (Thread-732) Sending message {"username": "value-4"} to topic topic-0aa8205f_201a_49df_bc42_b70fab2c659e
2025-08-07 12:31:58,278 INFO  [io.api.tes.ser.api.KafkaSerdesTester] (Thread-732) Sending message {"username": null} to topic topic-0aa8205f_201a_49df_bc42_b70fab2c659e
2025-08-07 12:31:58,283 INFO  [io.api.tes.ser.api.KafkaSerdesTester] (Thread-732) Sending message {"username": "value-6"} to topic topic-0aa8205f_201a_49df_bc42_b70fab2c659e
2025-08-07 12:31:58,287 INFO  [io.api.tes.ser.api.KafkaSerdesTester] (Thread-732) Sending message {"username": null} to topic topic-0aa8205f_201a_49df_bc42_b70fab2c659e
2025-08-07 12:31:58,289 INFO  [io.api.tes.ser.api.KafkaSerdesTester] (Thread-732) Sending message {"username": "value-8"} to topic topic-0aa8205f_201a_49df_bc42_b70fab2c659e
2025-08-07 12:31:58,290 INFO  [io.api.tes.ser.api.KafkaSerdesTester] (Thread-732) Sending message {"username": null} to topic topic-0aa8205f_201a_49df_bc42_b70fab2c659e
2025-08-07 12:31:58,294 INFO  [io.api.tes.ser.api.KafkaSerdesTester] (Thread-732) Produced 10 messages
2025-08-07 12:31:58,294 INFO  [org.apa.kaf.cli.pro.KafkaProducer] (Thread-732) [Producer clientId=Producer-topic-0aa8205f_201a_49df_bc42_b70fab2c659e] Closing the Kafka producer with timeoutMillis = 9223372036854775807 ms.
2025-08-07 12:31:58,296 INFO  [org.apa.kaf.com.met.Metrics] (Thread-732) Metrics scheduler closed
2025-08-07 12:31:58,296 INFO  [org.apa.kaf.com.met.Metrics] (Thread-732) Closing reporter org.apache.kafka.common.metrics.JmxReporter
2025-08-07 12:31:58,296 INFO  [org.apa.kaf.com.met.Metrics] (Thread-732) Closing reporter org.apache.kafka.common.telemetry.internals.ClientTelemetryReporter
2025-08-07 12:31:58,296 INFO  [org.apa.kaf.com.met.Metrics] (Thread-732) Metrics reporters closed
2025-08-07 12:31:58,296 INFO  [org.apa.kaf.com.uti.AppInfoParser] (Thread-732) App info kafka.producer for Producer-topic-0aa8205f_201a_49df_bc42_b70fab2c659e unregistered
**** Registry Base URL: http://registry-app-ksql043.apps.ci419.apicurio-testing.org:80
2025-08-07 12:31:58,453 INFO  [org.apa.kaf.cli.con.ConsumerConfig] (main) ConsumerConfig values: 
	allow.auto.create.topics = true
	auto.commit.interval.ms = 500
	auto.include.jmx.reporter = true
	auto.offset.reset = earliest
	bootstrap.servers = [PLAINTEXT://localhost:32769]
	check.crcs = true
	client.dns.lookup = use_all_dns_ips
	client.id = consumer-Consumer-topic-0aa8205f_201a_49df_bc42_b70fab2c659e-17
	client.rack = 
	connections.max.idle.ms = 10000
	default.api.timeout.ms = 60000
	enable.auto.commit = true
	enable.metrics.push = true
	exclude.internal.topics = true
	fetch.max.bytes = 52428800
	fetch.max.wait.ms = 500
	fetch.min.bytes = 1
	group.id = Consumer-topic-0aa8205f_201a_49df_bc42_b70fab2c659e
	group.instance.id = null
	group.protocol = classic
	group.remote.assignor = null
	heartbeat.interval.ms = 3000
	interceptor.classes = []
	internal.leave.group.on.close = true
	internal.throw.on.fetch.stable.offset.unsupported = false
	isolation.level = read_uncommitted
	key.deserializer = class org.apache.kafka.common.serialization.StringDeserializer
	max.partition.fetch.bytes = 1048576
	max.poll.interval.ms = 300000
	max.poll.records = 500
	metadata.max.age.ms = 300000
	metadata.recovery.strategy = none
	metric.reporters = []
	metrics.num.samples = 2
	metrics.recording.level = INFO
	metrics.sample.window.ms = 30000
	partition.assignment.strategy = [class org.apache.kafka.clients.consumer.RangeAssignor, class org.apache.kafka.clients.consumer.CooperativeStickyAssignor]
	receive.buffer.bytes = 65536
	reconnect.backoff.max.ms = 1000
	reconnect.backoff.ms = 50
	request.timeout.ms = 5000
	retry.backoff.max.ms = 1000
	retry.backoff.ms = 100
	sasl.client.callback.handler.class = null
	sasl.jaas.config = null
	sasl.kerberos.kinit.cmd = /usr/bin/kinit
	sasl.kerberos.min.time.before.relogin = 60000
	sasl.kerberos.service.name = null
	sasl.kerberos.ticket.renew.jitter = 0.05
	sasl.kerberos.ticket.renew.window.factor = 0.8
	sasl.login.callback.handler.class = null
	sasl.login.class = null
	sasl.login.connect.timeout.ms = null
	sasl.login.read.timeout.ms = null
	sasl.login.refresh.buffer.seconds = 300
	sasl.login.refresh.min.period.seconds = 60
	sasl.login.refresh.window.factor = 0.8
	sasl.login.refresh.window.jitter = 0.05
	sasl.login.retry.backoff.max.ms = 10000
	sasl.login.retry.backoff.ms = 100
	sasl.mechanism = GSSAPI
	sasl.oauthbearer.clock.skew.seconds = 30
	sasl.oauthbearer.expected.audience = null
	sasl.oauthbearer.expected.issuer = null
	sasl.oauthbearer.header.urlencode = false
	sasl.oauthbearer.jwks.endpoint.refresh.ms = 3600000
	sasl.oauthbearer.jwks.endpoint.retry.backoff.max.ms = 10000
	sasl.oauthbearer.jwks.endpoint.retry.backoff.ms = 100
	sasl.oauthbearer.jwks.endpoint.url = null
	sasl.oauthbearer.scope.claim.name = scope
	sasl.oauthbearer.sub.claim.name = sub
	sasl.oauthbearer.token.endpoint.url = null
	security.protocol = PLAINTEXT
	security.providers = null
	send.buffer.bytes = 131072
	session.timeout.ms = 45000
	socket.connection.setup.timeout.max.ms = 30000
	socket.connection.setup.timeout.ms = 10000
	ssl.cipher.suites = null
	ssl.enabled.protocols = [TLSv1.2, TLSv1.3]
	ssl.endpoint.identification.algorithm = https
	ssl.engine.factory.class = null
	ssl.key.password = null
	ssl.keymanager.algorithm = SunX509
	ssl.keystore.certificate.chain = null
	ssl.keystore.key = null
	ssl.keystore.location = null
	ssl.keystore.password = null
	ssl.keystore.type = JKS
	ssl.protocol = TLSv1.3
	ssl.provider = null
	ssl.secure.random.implementation = null
	ssl.trustmanager.algorithm = PKIX
	ssl.truststore.certificates = null
	ssl.truststore.location = null
	ssl.truststore.password = null
	ssl.truststore.type = JKS
	value.deserializer = class io.apicurio.registry.serde.avro.AvroKafkaDeserializer

2025-08-07 12:31:58,453 INFO  [org.apa.kaf.com.tel.int.KafkaMetricsCollector] (main) initializing Kafka metrics collector
2025-08-07 12:31:58,459 INFO  [org.apa.kaf.cli.con.ConsumerConfig] (main) These configurations '[apicurio.registry.url]' were supplied but are not used yet.
2025-08-07 12:31:58,459 INFO  [org.apa.kaf.com.uti.AppInfoParser] (main) Kafka version: 3.9.1
2025-08-07 12:31:58,459 INFO  [org.apa.kaf.com.uti.AppInfoParser] (main) Kafka commitId: f745dfdcee2b9851
2025-08-07 12:31:58,459 INFO  [org.apa.kaf.com.uti.AppInfoParser] (main) Kafka startTimeMs: 1754569918459
2025-08-07 12:31:58,460 INFO  [org.apa.kaf.cli.con.int.ClassicKafkaConsumer] (Thread-735) [Consumer clientId=consumer-Consumer-topic-0aa8205f_201a_49df_bc42_b70fab2c659e-17, groupId=Consumer-topic-0aa8205f_201a_49df_bc42_b70fab2c659e] Subscribed to topic(s): topic-0aa8205f_201a_49df_bc42_b70fab2c659e
2025-08-07 12:31:58,469 INFO  [org.apa.kaf.cli.Metadata] (Thread-735) [Consumer clientId=consumer-Consumer-topic-0aa8205f_201a_49df_bc42_b70fab2c659e-17, groupId=Consumer-topic-0aa8205f_201a_49df_bc42_b70fab2c659e] Cluster ID: wHHz-MW5SbujoYr4FCRV8g
2025-08-07 12:31:58,471 INFO  [org.apa.kaf.cli.con.int.ConsumerCoordinator] (Thread-735) [Consumer clientId=consumer-Consumer-topic-0aa8205f_201a_49df_bc42_b70fab2c659e-17, groupId=Consumer-topic-0aa8205f_201a_49df_bc42_b70fab2c659e] Discovered group coordinator localhost:32769 (id: 2147483647 rack: null)
2025-08-07 12:31:58,476 INFO  [org.apa.kaf.cli.con.int.ConsumerCoordinator] (Thread-735) [Consumer clientId=consumer-Consumer-topic-0aa8205f_201a_49df_bc42_b70fab2c659e-17, groupId=Consumer-topic-0aa8205f_201a_49df_bc42_b70fab2c659e] (Re-)joining group
2025-08-07 12:31:58,479 INFO  [org.apa.kaf.cli.con.int.ConsumerCoordinator] (Thread-735) [Consumer clientId=consumer-Consumer-topic-0aa8205f_201a_49df_bc42_b70fab2c659e-17, groupId=Consumer-topic-0aa8205f_201a_49df_bc42_b70fab2c659e] Request joining group due to: need to re-join with the given member-id: consumer-Consumer-topic-0aa8205f_201a_49df_bc42_b70fab2c659e-17-ec6cb76c-cf54-494f-9261-c0d37a01d062
2025-08-07 12:31:58,479 INFO  [org.apa.kaf.cli.con.int.ConsumerCoordinator] (Thread-735) [Consumer clientId=consumer-Consumer-topic-0aa8205f_201a_49df_bc42_b70fab2c659e-17, groupId=Consumer-topic-0aa8205f_201a_49df_bc42_b70fab2c659e] (Re-)joining group
2025-08-07 12:31:59,460 INFO  [io.api.tes.ser.api.KafkaSerdesTester] (Thread-735) None found
2025-08-07 12:32:00,460 INFO  [io.api.tes.ser.api.KafkaSerdesTester] (Thread-735) None found
2025-08-07 12:32:01,460 INFO  [io.api.tes.ser.api.KafkaSerdesTester] (Thread-735) None found
2025-08-07 12:32:01,481 INFO  [org.apa.kaf.cli.con.int.ConsumerCoordinator] (Thread-735) [Consumer clientId=consumer-Consumer-topic-0aa8205f_201a_49df_bc42_b70fab2c659e-17, groupId=Consumer-topic-0aa8205f_201a_49df_bc42_b70fab2c659e] Successfully joined group with generation Generation{generationId=1, memberId='consumer-Consumer-topic-0aa8205f_201a_49df_bc42_b70fab2c659e-17-ec6cb76c-cf54-494f-9261-c0d37a01d062', protocol='range'}
2025-08-07 12:32:01,481 INFO  [org.apa.kaf.cli.con.int.ConsumerCoordinator] (Thread-735) [Consumer clientId=consumer-Consumer-topic-0aa8205f_201a_49df_bc42_b70fab2c659e-17, groupId=Consumer-topic-0aa8205f_201a_49df_bc42_b70fab2c659e] Finished assignment for group at generation 1: {consumer-Consumer-topic-0aa8205f_201a_49df_bc42_b70fab2c659e-17-ec6cb76c-cf54-494f-9261-c0d37a01d062=Assignment(partitions=[topic-0aa8205f_201a_49df_bc42_b70fab2c659e-0])}
2025-08-07 12:32:01,488 INFO  [org.apa.kaf.cli.con.int.ConsumerCoordinator] (Thread-735) [Consumer clientId=consumer-Consumer-topic-0aa8205f_201a_49df_bc42_b70fab2c659e-17, groupId=Consumer-topic-0aa8205f_201a_49df_bc42_b70fab2c659e] Successfully synced group in generation Generation{generationId=1, memberId='consumer-Consumer-topic-0aa8205f_201a_49df_bc42_b70fab2c659e-17-ec6cb76c-cf54-494f-9261-c0d37a01d062', protocol='range'}
2025-08-07 12:32:01,489 INFO  [org.apa.kaf.cli.con.int.ConsumerCoordinator] (Thread-735) [Consumer clientId=consumer-Consumer-topic-0aa8205f_201a_49df_bc42_b70fab2c659e-17, groupId=Consumer-topic-0aa8205f_201a_49df_bc42_b70fab2c659e] Notifying assignor about the new Assignment(partitions=[topic-0aa8205f_201a_49df_bc42_b70fab2c659e-0])
2025-08-07 12:32:01,489 INFO  [org.apa.kaf.cli.con.int.ConsumerRebalanceListenerInvoker] (Thread-735) [Consumer clientId=consumer-Consumer-topic-0aa8205f_201a_49df_bc42_b70fab2c659e-17, groupId=Consumer-topic-0aa8205f_201a_49df_bc42_b70fab2c659e] Adding newly assigned partitions: topic-0aa8205f_201a_49df_bc42_b70fab2c659e-0
2025-08-07 12:32:01,490 INFO  [org.apa.kaf.cli.con.int.ConsumerCoordinator] (Thread-735) [Consumer clientId=consumer-Consumer-topic-0aa8205f_201a_49df_bc42_b70fab2c659e-17, groupId=Consumer-topic-0aa8205f_201a_49df_bc42_b70fab2c659e] Found no committed offset for partition topic-0aa8205f_201a_49df_bc42_b70fab2c659e-0
2025-08-07 12:32:01,493 INFO  [org.apa.kaf.cli.con.int.SubscriptionState] (Thread-735) [Consumer clientId=consumer-Consumer-topic-0aa8205f_201a_49df_bc42_b70fab2c659e-17, groupId=Consumer-topic-0aa8205f_201a_49df_bc42_b70fab2c659e] Resetting offset for partition topic-0aa8205f_201a_49df_bc42_b70fab2c659e-0 to position FetchPosition{offset=0, offsetEpoch=Optional.empty, currentLeader=LeaderAndEpoch{leader=Optional[localhost:32769 (id: 0 rack: null)], epoch=0}}.
2025-08-07 12:32:01,743 INFO  [io.api.tes.ser.api.KafkaSerdesTester] (Thread-735) topic-0aa8205f_201a_49df_bc42_b70fab2c659e 0 0 {"username": null}
2025-08-07 12:32:01,743 INFO  [io.api.tes.ser.api.KafkaSerdesTester] (Thread-735) topic-0aa8205f_201a_49df_bc42_b70fab2c659e 0 1 {"username": null}
2025-08-07 12:32:01,743 INFO  [io.api.tes.ser.api.KafkaSerdesTester] (Thread-735) topic-0aa8205f_201a_49df_bc42_b70fab2c659e 0 2 {"username": "value-2"}
2025-08-07 12:32:01,743 INFO  [io.api.tes.ser.api.KafkaSerdesTester] (Thread-735) topic-0aa8205f_201a_49df_bc42_b70fab2c659e 0 3 {"username": null}
2025-08-07 12:32:01,743 INFO  [io.api.tes.ser.api.KafkaSerdesTester] (Thread-735) topic-0aa8205f_201a_49df_bc42_b70fab2c659e 0 4 {"username": "value-4"}
2025-08-07 12:32:01,743 INFO  [io.api.tes.ser.api.KafkaSerdesTester] (Thread-735) topic-0aa8205f_201a_49df_bc42_b70fab2c659e 0 5 {"username": null}
2025-08-07 12:32:01,744 INFO  [io.api.tes.ser.api.KafkaSerdesTester] (Thread-735) topic-0aa8205f_201a_49df_bc42_b70fab2c659e 0 6 {"username": "value-6"}
2025-08-07 12:32:01,744 INFO  [io.api.tes.ser.api.KafkaSerdesTester] (Thread-735) topic-0aa8205f_201a_49df_bc42_b70fab2c659e 0 7 {"username": null}
2025-08-07 12:32:01,744 INFO  [io.api.tes.ser.api.KafkaSerdesTester] (Thread-735) topic-0aa8205f_201a_49df_bc42_b70fab2c659e 0 8 {"username": "value-8"}
2025-08-07 12:32:01,744 INFO  [io.api.tes.ser.api.KafkaSerdesTester] (Thread-735) topic-0aa8205f_201a_49df_bc42_b70fab2c659e 0 9 {"username": null}
2025-08-07 12:32:01,744 INFO  [io.api.tes.ser.api.KafkaSerdesTester] (Thread-735) Consumed 10 messages
2025-08-07 12:32:01,752 INFO  [org.apa.kaf.cli.con.int.ConsumerRebalanceListenerInvoker] (Thread-735) [Consumer clientId=consumer-Consumer-topic-0aa8205f_201a_49df_bc42_b70fab2c659e-17, groupId=Consumer-topic-0aa8205f_201a_49df_bc42_b70fab2c659e] Revoke previously assigned partitions topic-0aa8205f_201a_49df_bc42_b70fab2c659e-0
2025-08-07 12:32:01,752 INFO  [org.apa.kaf.cli.con.int.ConsumerCoordinator] (Thread-735) [Consumer clientId=consumer-Consumer-topic-0aa8205f_201a_49df_bc42_b70fab2c659e-17, groupId=Consumer-topic-0aa8205f_201a_49df_bc42_b70fab2c659e] Member consumer-Consumer-topic-0aa8205f_201a_49df_bc42_b70fab2c659e-17-ec6cb76c-cf54-494f-9261-c0d37a01d062 sending LeaveGroup request to coordinator localhost:32769 (id: 2147483647 rack: null) due to the consumer is being closed
2025-08-07 12:32:01,752 INFO  [org.apa.kaf.cli.con.int.ConsumerCoordinator] (Thread-735) [Consumer clientId=consumer-Consumer-topic-0aa8205f_201a_49df_bc42_b70fab2c659e-17, groupId=Consumer-topic-0aa8205f_201a_49df_bc42_b70fab2c659e] Resetting generation and member id due to: consumer pro-actively leaving the group
2025-08-07 12:32:01,753 INFO  [org.apa.kaf.cli.con.int.ConsumerCoordinator] (Thread-735) [Consumer clientId=consumer-Consumer-topic-0aa8205f_201a_49df_bc42_b70fab2c659e-17, groupId=Consumer-topic-0aa8205f_201a_49df_bc42_b70fab2c659e] Request joining group due to: consumer pro-actively leaving the group
2025-08-07 12:32:02,247 INFO  [org.apa.kaf.com.met.Metrics] (Thread-735) Metrics scheduler closed
2025-08-07 12:32:02,247 INFO  [org.apa.kaf.com.met.Metrics] (Thread-735) Closing reporter org.apache.kafka.common.metrics.JmxReporter
2025-08-07 12:32:02,247 INFO  [org.apa.kaf.com.met.Metrics] (Thread-735) Closing reporter org.apache.kafka.common.telemetry.internals.ClientTelemetryReporter
2025-08-07 12:32:02,247 INFO  [org.apa.kaf.com.met.Metrics] (Thread-735) Metrics reporters closed
2025-08-07 12:32:02,249 INFO  [org.apa.kaf.com.uti.AppInfoParser] (Thread-735) App info kafka.consumer for consumer-Consumer-topic-0aa8205f_201a_49df_bc42_b70fab2c659e-17 unregistered
2025-08-07 12:32:02,249 INFO  [io.api.tes.uti.TestSeparator] (main) io.apicurio.tests.serdes.apicurio.AvroSerdeIT.testFirstEmptyFieldConfusedAsMagicByte-FINISHED
2025-08-07 12:32:02,249 INFO  [io.api.tes.uti.TestSeparator] (main) ############################################################################
Test passed: testFirstEmptyFieldConfusedAsMagicByte
]]></system-out>
  </testcase>
  <testcase name="testAvroSerDesFailDifferentSchemaByContent" classname="io.apicurio.tests.serdes.apicurio.AvroSerdeIT" time="1.468">
    <system-out><![CDATA[2025-08-07 12:32:02,250 INFO  [io.api.tes.uti.TestSeparator] (main) ############################################################################
2025-08-07 12:32:02,250 INFO  [io.api.tes.uti.TestSeparator] (main) io.apicurio.tests.serdes.apicurio.AvroSerdeIT.testAvroSerDesFailDifferentSchemaByContent-STARTED
**** Registry Base URL: http://registry-app-ksql043.apps.ci419.apicurio-testing.org:80
2025-08-07 12:32:03,457 INFO  [org.apa.kaf.cli.pro.ProducerConfig] (main) ProducerConfig values: 
	acks = -1
	auto.include.jmx.reporter = true
	batch.size = 16384
	bootstrap.servers = [PLAINTEXT://localhost:32769]
	buffer.memory = 33554432
	client.dns.lookup = use_all_dns_ips
	client.id = Producer-topic-559bae61_f809_4fc3_aac6_982b61ede384
	compression.gzip.level = -1
	compression.lz4.level = 9
	compression.type = none
	compression.zstd.level = 3
	connections.max.idle.ms = 10000
	delivery.timeout.ms = 120000
	enable.idempotence = true
	enable.metrics.push = true
	interceptor.classes = []
	key.serializer = class org.apache.kafka.common.serialization.StringSerializer
	linger.ms = 0
	max.block.ms = 60000
	max.in.flight.requests.per.connection = 5
	max.request.size = 1048576
	metadata.max.age.ms = 300000
	metadata.max.idle.ms = 300000
	metadata.recovery.strategy = none
	metric.reporters = []
	metrics.num.samples = 2
	metrics.recording.level = INFO
	metrics.sample.window.ms = 30000
	partitioner.adaptive.partitioning.enable = true
	partitioner.availability.timeout.ms = 0
	partitioner.class = null
	partitioner.ignore.keys = false
	receive.buffer.bytes = 32768
	reconnect.backoff.max.ms = 1000
	reconnect.backoff.ms = 50
	request.timeout.ms = 5000
	retries = 2147483647
	retry.backoff.max.ms = 1000
	retry.backoff.ms = 100
	sasl.client.callback.handler.class = null
	sasl.jaas.config = null
	sasl.kerberos.kinit.cmd = /usr/bin/kinit
	sasl.kerberos.min.time.before.relogin = 60000
	sasl.kerberos.service.name = null
	sasl.kerberos.ticket.renew.jitter = 0.05
	sasl.kerberos.ticket.renew.window.factor = 0.8
	sasl.login.callback.handler.class = null
	sasl.login.class = null
	sasl.login.connect.timeout.ms = null
	sasl.login.read.timeout.ms = null
	sasl.login.refresh.buffer.seconds = 300
	sasl.login.refresh.min.period.seconds = 60
	sasl.login.refresh.window.factor = 0.8
	sasl.login.refresh.window.jitter = 0.05
	sasl.login.retry.backoff.max.ms = 10000
	sasl.login.retry.backoff.ms = 100
	sasl.mechanism = GSSAPI
	sasl.oauthbearer.clock.skew.seconds = 30
	sasl.oauthbearer.expected.audience = null
	sasl.oauthbearer.expected.issuer = null
	sasl.oauthbearer.header.urlencode = false
	sasl.oauthbearer.jwks.endpoint.refresh.ms = 3600000
	sasl.oauthbearer.jwks.endpoint.retry.backoff.max.ms = 10000
	sasl.oauthbearer.jwks.endpoint.retry.backoff.ms = 100
	sasl.oauthbearer.jwks.endpoint.url = null
	sasl.oauthbearer.scope.claim.name = scope
	sasl.oauthbearer.sub.claim.name = sub
	sasl.oauthbearer.token.endpoint.url = null
	security.protocol = PLAINTEXT
	security.providers = null
	send.buffer.bytes = 131072
	socket.connection.setup.timeout.max.ms = 30000
	socket.connection.setup.timeout.ms = 10000
	ssl.cipher.suites = null
	ssl.enabled.protocols = [TLSv1.2, TLSv1.3]
	ssl.endpoint.identification.algorithm = https
	ssl.engine.factory.class = null
	ssl.key.password = null
	ssl.keymanager.algorithm = SunX509
	ssl.keystore.certificate.chain = null
	ssl.keystore.key = null
	ssl.keystore.location = null
	ssl.keystore.password = null
	ssl.keystore.type = JKS
	ssl.protocol = TLSv1.3
	ssl.provider = null
	ssl.secure.random.implementation = null
	ssl.trustmanager.algorithm = PKIX
	ssl.truststore.certificates = null
	ssl.truststore.location = null
	ssl.truststore.password = null
	ssl.truststore.type = JKS
	transaction.timeout.ms = 60000
	transactional.id = null
	value.serializer = class io.apicurio.registry.serde.avro.AvroKafkaSerializer

2025-08-07 12:32:03,457 INFO  [org.apa.kaf.com.tel.int.KafkaMetricsCollector] (main) initializing Kafka metrics collector
2025-08-07 12:32:03,460 INFO  [org.apa.kaf.cli.pro.KafkaProducer] (main) [Producer clientId=Producer-topic-559bae61_f809_4fc3_aac6_982b61ede384] Instantiated an idempotent producer.
2025-08-07 12:32:03,461 INFO  [org.apa.kaf.cli.pro.ProducerConfig] (main) These configurations '[apicurio.registry.url, apicurio.registry.artifact-resolver-strategy]' were supplied but are not used yet.
2025-08-07 12:32:03,461 INFO  [org.apa.kaf.com.uti.AppInfoParser] (main) Kafka version: 3.9.1
2025-08-07 12:32:03,461 INFO  [org.apa.kaf.com.uti.AppInfoParser] (main) Kafka commitId: f745dfdcee2b9851
2025-08-07 12:32:03,461 INFO  [org.apa.kaf.com.uti.AppInfoParser] (main) Kafka startTimeMs: 1754569923461
2025-08-07 12:32:03,462 INFO  [io.api.tes.ser.api.KafkaSerdesTester] (Thread-738) Sending message {"keyB": "value-0"} to topic topic-559bae61_f809_4fc3_aac6_982b61ede384
2025-08-07 12:32:03,466 INFO  [org.apa.kaf.cli.Metadata] (kafka-producer-network-thread | Producer-topic-559bae61_f809_4fc3_aac6_982b61ede384) [Producer clientId=Producer-topic-559bae61_f809_4fc3_aac6_982b61ede384] Cluster ID: wHHz-MW5SbujoYr4FCRV8g
2025-08-07 12:32:03,466 INFO  [DefaultSchemaResolver] (Thread-738) Retrieving schema content using string: {"type":"record","name":"seba2bdbaxd97dx4687x8555x51332db7a502","namespace":"s5718bff0xcd65x423fxa80dx3a157662c522","fields":[{"name":"keyB","type":"string"}]}
2025-08-07 12:32:03,467 INFO  [org.apa.kaf.cli.pro.int.TransactionManager] (kafka-producer-network-thread | Producer-topic-559bae61_f809_4fc3_aac6_982b61ede384) [Producer clientId=Producer-topic-559bae61_f809_4fc3_aac6_982b61ede384] ProducerId set to 24 with epoch 0
2025-08-07 12:32:03,715 INFO  [org.apa.kaf.cli.pro.KafkaProducer] (Thread-738) [Producer clientId=Producer-topic-559bae61_f809_4fc3_aac6_982b61ede384] Closing the Kafka producer with timeoutMillis = 9223372036854775807 ms.
2025-08-07 12:32:03,717 INFO  [org.apa.kaf.com.met.Metrics] (Thread-738) Metrics scheduler closed
2025-08-07 12:32:03,717 INFO  [org.apa.kaf.com.met.Metrics] (Thread-738) Closing reporter org.apache.kafka.common.metrics.JmxReporter
2025-08-07 12:32:03,717 INFO  [org.apa.kaf.com.met.Metrics] (Thread-738) Closing reporter org.apache.kafka.common.telemetry.internals.ClientTelemetryReporter
2025-08-07 12:32:03,717 INFO  [org.apa.kaf.com.met.Metrics] (Thread-738) Metrics reporters closed
2025-08-07 12:32:03,717 INFO  [org.apa.kaf.com.uti.AppInfoParser] (Thread-738) App info kafka.producer for Producer-topic-559bae61_f809_4fc3_aac6_982b61ede384 unregistered
2025-08-07 12:32:03,717 INFO  [io.api.tes.uti.TestSeparator] (main) io.apicurio.tests.serdes.apicurio.AvroSerdeIT.testAvroSerDesFailDifferentSchemaByContent-FINISHED
2025-08-07 12:32:03,717 INFO  [io.api.tes.uti.TestSeparator] (main) ############################################################################
Test passed: testAvroSerDesFailDifferentSchemaByContent
]]></system-out>
    <system-err><![CDATA[java.lang.RuntimeException: Could not resolve artifact reference by content: {"type":"record","name":"seba2bdbaxd97dx4687x8555x51332db7a502","namespace":"s5718bff0xcd65x423fxa80dx3a157662c522","fields":[{"name":"keyB","type":"string"}]}&ArtifactReference [groupId=s5718bff0xcd65x423fxa80dx3a157662c522, artifactId=seba2bdbaxd97dx4687x8555x51332db7a502, version=null, globalId=null, contentId=null, contentHash=null]
	at io.apicurio.registry.resolver.DefaultSchemaResolver.lambda$handleResolveSchemaByContent$3(DefaultSchemaResolver.java:265)
	at io.apicurio.registry.resolver.cache.ERCache.lambda$getValue$0(ERCache.java:174)
	at io.apicurio.registry.resolver.cache.ERCache.retry(ERCache.java:227)
	at io.apicurio.registry.resolver.cache.ERCache.getValue(ERCache.java:173)
	at io.apicurio.registry.resolver.cache.ERCache.getByContent(ERCache.java:147)
	at io.apicurio.registry.resolver.DefaultSchemaResolver.handleResolveSchemaByContent(DefaultSchemaResolver.java:253)
	at io.apicurio.registry.resolver.DefaultSchemaResolver.getSchemaFromRegistry(DefaultSchemaResolver.java:138)
	at io.apicurio.registry.resolver.DefaultSchemaResolver.lambda$resolveSchema$0(DefaultSchemaResolver.java:84)
	at java.base/java.util.Optional.orElseGet(Optional.java:364)
	at io.apicurio.registry.resolver.DefaultSchemaResolver.resolveSchema(DefaultSchemaResolver.java:84)
	at io.apicurio.registry.serde.AbstractSerializer.serializeData(AbstractSerializer.java:62)
	at io.apicurio.registry.serde.KafkaSerializer.serialize(KafkaSerializer.java:77)
	at org.apache.kafka.clients.producer.KafkaProducer.doSend(KafkaProducer.java:1046)
	at org.apache.kafka.clients.producer.KafkaProducer.send(KafkaProducer.java:993)
	at org.apache.kafka.clients.producer.KafkaProducer.send(KafkaProducer.java:875)
	at io.apicurio.tests.serdes.apicurio.KafkaSerdesTester.lambda$produceMessages$3(KafkaSerdesTester.java:138)
	at java.base/java.util.concurrent.CompletableFuture$AsyncSupply.run(CompletableFuture.java:1768)
	at java.base/java.lang.Thread.run(Thread.java:840)
]]></system-err>
  </testcase>
  <testcase name="testGlobalIdInBody" classname="io.apicurio.tests.serdes.apicurio.AvroSerdeIT" time="4.457">
    <system-out><![CDATA[2025-08-07 12:32:03,720 INFO  [io.api.tes.uti.TestSeparator] (main) ############################################################################
2025-08-07 12:32:03,720 INFO  [io.api.tes.uti.TestSeparator] (main) io.apicurio.tests.serdes.apicurio.AvroSerdeIT.testGlobalIdInBody-STARTED
**** Registry Base URL: http://registry-app-ksql043.apps.ci419.apicurio-testing.org:80
2025-08-07 12:32:03,723 INFO  [org.apa.kaf.cli.pro.ProducerConfig] (main) ProducerConfig values: 
	acks = -1
	auto.include.jmx.reporter = true
	batch.size = 16384
	bootstrap.servers = [PLAINTEXT://localhost:32769]
	buffer.memory = 33554432
	client.dns.lookup = use_all_dns_ips
	client.id = Producer-topic-ce6f11b5_1cba_4e5e_911b_6a2b7e8fbaa3
	compression.gzip.level = -1
	compression.lz4.level = 9
	compression.type = none
	compression.zstd.level = 3
	connections.max.idle.ms = 10000
	delivery.timeout.ms = 120000
	enable.idempotence = true
	enable.metrics.push = true
	interceptor.classes = []
	key.serializer = class org.apache.kafka.common.serialization.StringSerializer
	linger.ms = 0
	max.block.ms = 60000
	max.in.flight.requests.per.connection = 5
	max.request.size = 1048576
	metadata.max.age.ms = 300000
	metadata.max.idle.ms = 300000
	metadata.recovery.strategy = none
	metric.reporters = []
	metrics.num.samples = 2
	metrics.recording.level = INFO
	metrics.sample.window.ms = 30000
	partitioner.adaptive.partitioning.enable = true
	partitioner.availability.timeout.ms = 0
	partitioner.class = null
	partitioner.ignore.keys = false
	receive.buffer.bytes = 32768
	reconnect.backoff.max.ms = 1000
	reconnect.backoff.ms = 50
	request.timeout.ms = 5000
	retries = 2147483647
	retry.backoff.max.ms = 1000
	retry.backoff.ms = 100
	sasl.client.callback.handler.class = null
	sasl.jaas.config = null
	sasl.kerberos.kinit.cmd = /usr/bin/kinit
	sasl.kerberos.min.time.before.relogin = 60000
	sasl.kerberos.service.name = null
	sasl.kerberos.ticket.renew.jitter = 0.05
	sasl.kerberos.ticket.renew.window.factor = 0.8
	sasl.login.callback.handler.class = null
	sasl.login.class = null
	sasl.login.connect.timeout.ms = null
	sasl.login.read.timeout.ms = null
	sasl.login.refresh.buffer.seconds = 300
	sasl.login.refresh.min.period.seconds = 60
	sasl.login.refresh.window.factor = 0.8
	sasl.login.refresh.window.jitter = 0.05
	sasl.login.retry.backoff.max.ms = 10000
	sasl.login.retry.backoff.ms = 100
	sasl.mechanism = GSSAPI
	sasl.oauthbearer.clock.skew.seconds = 30
	sasl.oauthbearer.expected.audience = null
	sasl.oauthbearer.expected.issuer = null
	sasl.oauthbearer.header.urlencode = false
	sasl.oauthbearer.jwks.endpoint.refresh.ms = 3600000
	sasl.oauthbearer.jwks.endpoint.retry.backoff.max.ms = 10000
	sasl.oauthbearer.jwks.endpoint.retry.backoff.ms = 100
	sasl.oauthbearer.jwks.endpoint.url = null
	sasl.oauthbearer.scope.claim.name = scope
	sasl.oauthbearer.sub.claim.name = sub
	sasl.oauthbearer.token.endpoint.url = null
	security.protocol = PLAINTEXT
	security.providers = null
	send.buffer.bytes = 131072
	socket.connection.setup.timeout.max.ms = 30000
	socket.connection.setup.timeout.ms = 10000
	ssl.cipher.suites = null
	ssl.enabled.protocols = [TLSv1.2, TLSv1.3]
	ssl.endpoint.identification.algorithm = https
	ssl.engine.factory.class = null
	ssl.key.password = null
	ssl.keymanager.algorithm = SunX509
	ssl.keystore.certificate.chain = null
	ssl.keystore.key = null
	ssl.keystore.location = null
	ssl.keystore.password = null
	ssl.keystore.type = JKS
	ssl.protocol = TLSv1.3
	ssl.provider = null
	ssl.secure.random.implementation = null
	ssl.trustmanager.algorithm = PKIX
	ssl.truststore.certificates = null
	ssl.truststore.location = null
	ssl.truststore.password = null
	ssl.truststore.type = JKS
	transaction.timeout.ms = 60000
	transactional.id = null
	value.serializer = class io.apicurio.registry.serde.avro.AvroKafkaSerializer

2025-08-07 12:32:03,723 INFO  [org.apa.kaf.com.tel.int.KafkaMetricsCollector] (main) initializing Kafka metrics collector
2025-08-07 12:32:03,731 INFO  [org.apa.kaf.cli.pro.KafkaProducer] (main) [Producer clientId=Producer-topic-ce6f11b5_1cba_4e5e_911b_6a2b7e8fbaa3] Instantiated an idempotent producer.
2025-08-07 12:32:03,732 INFO  [org.apa.kaf.cli.pro.ProducerConfig] (main) These configurations '[apicurio.registry.url, apicurio.registry.auto-register, apicurio.registry.use-id, apicurio.registry.artifact-resolver-strategy]' were supplied but are not used yet.
2025-08-07 12:32:03,732 INFO  [org.apa.kaf.com.uti.AppInfoParser] (main) Kafka version: 3.9.1
2025-08-07 12:32:03,732 INFO  [org.apa.kaf.com.uti.AppInfoParser] (main) Kafka commitId: f745dfdcee2b9851
2025-08-07 12:32:03,732 INFO  [org.apa.kaf.com.uti.AppInfoParser] (main) Kafka startTimeMs: 1754569923732
2025-08-07 12:32:03,732 INFO  [io.api.tes.ser.api.SimpleSerdesTesterBuilder$SimpleSerdesTester] (main) Using producer configuration: {apicurio.registry.url=http://registry-app-ksql043.apps.ci419.apicurio-testing.org:80/apis/registry/v3, apicurio.registry.auto-register=true, apicurio.registry.use-id=globalId, apicurio.registry.artifact-resolver-strategy=io.apicurio.registry.serde.strategy.TopicIdStrategy, value.serializer=io.apicurio.registry.serde.avro.AvroKafkaSerializer, request.timeout.ms=5000, acks=all, bootstrap.servers=PLAINTEXT://localhost:32769, connections.max.idle.ms=10000, key.serializer=org.apache.kafka.common.serialization.StringSerializer, client.id=Producer-topic-ce6f11b5_1cba_4e5e_911b_6a2b7e8fbaa3}
2025-08-07 12:32:03,732 INFO  [io.api.tes.ser.api.SimpleSerdesTesterBuilder$SimpleSerdesTester] (main) Using consumer configuration: {apicurio.registry.use-id=globalId}
2025-08-07 12:32:03,733 INFO  [io.api.tes.ser.api.KafkaSerdesTester] (Thread-741) Sending message {"key11754569923720": "value-0"} to topic topic-ce6f11b5_1cba_4e5e_911b_6a2b7e8fbaa3
2025-08-07 12:32:03,737 WARN  [org.apa.kaf.cli.NetworkClient] (kafka-producer-network-thread | Producer-topic-ce6f11b5_1cba_4e5e_911b_6a2b7e8fbaa3) [Producer clientId=Producer-topic-ce6f11b5_1cba_4e5e_911b_6a2b7e8fbaa3] The metadata response from the cluster reported a recoverable issue with correlation id 1 : {topic-ce6f11b5_1cba_4e5e_911b_6a2b7e8fbaa3=UNKNOWN_TOPIC_OR_PARTITION}
2025-08-07 12:32:03,738 INFO  [org.apa.kaf.cli.Metadata] (kafka-producer-network-thread | Producer-topic-ce6f11b5_1cba_4e5e_911b_6a2b7e8fbaa3) [Producer clientId=Producer-topic-ce6f11b5_1cba_4e5e_911b_6a2b7e8fbaa3] Cluster ID: wHHz-MW5SbujoYr4FCRV8g
2025-08-07 12:32:03,739 INFO  [org.apa.kaf.cli.pro.int.TransactionManager] (kafka-producer-network-thread | Producer-topic-ce6f11b5_1cba_4e5e_911b_6a2b7e8fbaa3) [Producer clientId=Producer-topic-ce6f11b5_1cba_4e5e_911b_6a2b7e8fbaa3] ProducerId set to 25 with epoch 0
2025-08-07 12:32:04,066 INFO  [io.api.tes.ser.api.KafkaSerdesTester] (Thread-741) Sending message {"key11754569923720": "value-1"} to topic topic-ce6f11b5_1cba_4e5e_911b_6a2b7e8fbaa3
2025-08-07 12:32:04,068 INFO  [io.api.tes.ser.api.KafkaSerdesTester] (Thread-741) Sending message {"key11754569923720": "value-2"} to topic topic-ce6f11b5_1cba_4e5e_911b_6a2b7e8fbaa3
2025-08-07 12:32:04,070 INFO  [io.api.tes.ser.api.KafkaSerdesTester] (Thread-741) Sending message {"key11754569923720": "value-3"} to topic topic-ce6f11b5_1cba_4e5e_911b_6a2b7e8fbaa3
2025-08-07 12:32:04,074 INFO  [io.api.tes.ser.api.KafkaSerdesTester] (Thread-741) Sending message {"key11754569923720": "value-4"} to topic topic-ce6f11b5_1cba_4e5e_911b_6a2b7e8fbaa3
2025-08-07 12:32:04,078 INFO  [io.api.tes.ser.api.KafkaSerdesTester] (Thread-741) Sending message {"key11754569923720": "value-5"} to topic topic-ce6f11b5_1cba_4e5e_911b_6a2b7e8fbaa3
2025-08-07 12:32:04,086 INFO  [io.api.tes.ser.api.KafkaSerdesTester] (Thread-741) Sending message {"key11754569923720": "value-6"} to topic topic-ce6f11b5_1cba_4e5e_911b_6a2b7e8fbaa3
2025-08-07 12:32:04,090 INFO  [io.api.tes.ser.api.KafkaSerdesTester] (Thread-741) Sending message {"key11754569923720": "value-7"} to topic topic-ce6f11b5_1cba_4e5e_911b_6a2b7e8fbaa3
2025-08-07 12:32:04,093 INFO  [io.api.tes.ser.api.KafkaSerdesTester] (Thread-741) Sending message {"key11754569923720": "value-8"} to topic topic-ce6f11b5_1cba_4e5e_911b_6a2b7e8fbaa3
2025-08-07 12:32:04,094 INFO  [io.api.tes.ser.api.KafkaSerdesTester] (Thread-741) Sending message {"key11754569923720": "value-9"} to topic topic-ce6f11b5_1cba_4e5e_911b_6a2b7e8fbaa3
2025-08-07 12:32:04,098 INFO  [io.api.tes.ser.api.KafkaSerdesTester] (Thread-741) Produced 10 messages
2025-08-07 12:32:04,099 INFO  [org.apa.kaf.cli.pro.KafkaProducer] (Thread-741) [Producer clientId=Producer-topic-ce6f11b5_1cba_4e5e_911b_6a2b7e8fbaa3] Closing the Kafka producer with timeoutMillis = 9223372036854775807 ms.
2025-08-07 12:32:04,101 INFO  [org.apa.kaf.com.met.Metrics] (Thread-741) Metrics scheduler closed
2025-08-07 12:32:04,101 INFO  [org.apa.kaf.com.met.Metrics] (Thread-741) Closing reporter org.apache.kafka.common.metrics.JmxReporter
2025-08-07 12:32:04,101 INFO  [org.apa.kaf.com.met.Metrics] (Thread-741) Closing reporter org.apache.kafka.common.telemetry.internals.ClientTelemetryReporter
2025-08-07 12:32:04,101 INFO  [org.apa.kaf.com.met.Metrics] (Thread-741) Metrics reporters closed
2025-08-07 12:32:04,101 INFO  [org.apa.kaf.com.uti.AppInfoParser] (Thread-741) App info kafka.producer for Producer-topic-ce6f11b5_1cba_4e5e_911b_6a2b7e8fbaa3 unregistered
**** Registry Base URL: http://registry-app-ksql043.apps.ci419.apicurio-testing.org:80
2025-08-07 12:32:04,253 INFO  [org.apa.kaf.cli.con.ConsumerConfig] (main) ConsumerConfig values: 
	allow.auto.create.topics = true
	auto.commit.interval.ms = 500
	auto.include.jmx.reporter = true
	auto.offset.reset = earliest
	bootstrap.servers = [PLAINTEXT://localhost:32769]
	check.crcs = true
	client.dns.lookup = use_all_dns_ips
	client.id = consumer-Consumer-topic-ce6f11b5_1cba_4e5e_911b_6a2b7e8fbaa3-18
	client.rack = 
	connections.max.idle.ms = 10000
	default.api.timeout.ms = 60000
	enable.auto.commit = true
	enable.metrics.push = true
	exclude.internal.topics = true
	fetch.max.bytes = 52428800
	fetch.max.wait.ms = 500
	fetch.min.bytes = 1
	group.id = Consumer-topic-ce6f11b5_1cba_4e5e_911b_6a2b7e8fbaa3
	group.instance.id = null
	group.protocol = classic
	group.remote.assignor = null
	heartbeat.interval.ms = 3000
	interceptor.classes = []
	internal.leave.group.on.close = true
	internal.throw.on.fetch.stable.offset.unsupported = false
	isolation.level = read_uncommitted
	key.deserializer = class org.apache.kafka.common.serialization.StringDeserializer
	max.partition.fetch.bytes = 1048576
	max.poll.interval.ms = 300000
	max.poll.records = 500
	metadata.max.age.ms = 300000
	metadata.recovery.strategy = none
	metric.reporters = []
	metrics.num.samples = 2
	metrics.recording.level = INFO
	metrics.sample.window.ms = 30000
	partition.assignment.strategy = [class org.apache.kafka.clients.consumer.RangeAssignor, class org.apache.kafka.clients.consumer.CooperativeStickyAssignor]
	receive.buffer.bytes = 65536
	reconnect.backoff.max.ms = 1000
	reconnect.backoff.ms = 50
	request.timeout.ms = 5000
	retry.backoff.max.ms = 1000
	retry.backoff.ms = 100
	sasl.client.callback.handler.class = null
	sasl.jaas.config = null
	sasl.kerberos.kinit.cmd = /usr/bin/kinit
	sasl.kerberos.min.time.before.relogin = 60000
	sasl.kerberos.service.name = null
	sasl.kerberos.ticket.renew.jitter = 0.05
	sasl.kerberos.ticket.renew.window.factor = 0.8
	sasl.login.callback.handler.class = null
	sasl.login.class = null
	sasl.login.connect.timeout.ms = null
	sasl.login.read.timeout.ms = null
	sasl.login.refresh.buffer.seconds = 300
	sasl.login.refresh.min.period.seconds = 60
	sasl.login.refresh.window.factor = 0.8
	sasl.login.refresh.window.jitter = 0.05
	sasl.login.retry.backoff.max.ms = 10000
	sasl.login.retry.backoff.ms = 100
	sasl.mechanism = GSSAPI
	sasl.oauthbearer.clock.skew.seconds = 30
	sasl.oauthbearer.expected.audience = null
	sasl.oauthbearer.expected.issuer = null
	sasl.oauthbearer.header.urlencode = false
	sasl.oauthbearer.jwks.endpoint.refresh.ms = 3600000
	sasl.oauthbearer.jwks.endpoint.retry.backoff.max.ms = 10000
	sasl.oauthbearer.jwks.endpoint.retry.backoff.ms = 100
	sasl.oauthbearer.jwks.endpoint.url = null
	sasl.oauthbearer.scope.claim.name = scope
	sasl.oauthbearer.sub.claim.name = sub
	sasl.oauthbearer.token.endpoint.url = null
	security.protocol = PLAINTEXT
	security.providers = null
	send.buffer.bytes = 131072
	session.timeout.ms = 45000
	socket.connection.setup.timeout.max.ms = 30000
	socket.connection.setup.timeout.ms = 10000
	ssl.cipher.suites = null
	ssl.enabled.protocols = [TLSv1.2, TLSv1.3]
	ssl.endpoint.identification.algorithm = https
	ssl.engine.factory.class = null
	ssl.key.password = null
	ssl.keymanager.algorithm = SunX509
	ssl.keystore.certificate.chain = null
	ssl.keystore.key = null
	ssl.keystore.location = null
	ssl.keystore.password = null
	ssl.keystore.type = JKS
	ssl.protocol = TLSv1.3
	ssl.provider = null
	ssl.secure.random.implementation = null
	ssl.trustmanager.algorithm = PKIX
	ssl.truststore.certificates = null
	ssl.truststore.location = null
	ssl.truststore.password = null
	ssl.truststore.type = JKS
	value.deserializer = class io.apicurio.registry.serde.avro.AvroKafkaDeserializer

2025-08-07 12:32:04,254 INFO  [org.apa.kaf.com.tel.int.KafkaMetricsCollector] (main) initializing Kafka metrics collector
2025-08-07 12:32:04,258 INFO  [org.apa.kaf.cli.con.ConsumerConfig] (main) These configurations '[apicurio.registry.url, apicurio.registry.use-id]' were supplied but are not used yet.
2025-08-07 12:32:04,258 INFO  [org.apa.kaf.com.uti.AppInfoParser] (main) Kafka version: 3.9.1
2025-08-07 12:32:04,258 INFO  [org.apa.kaf.com.uti.AppInfoParser] (main) Kafka commitId: f745dfdcee2b9851
2025-08-07 12:32:04,258 INFO  [org.apa.kaf.com.uti.AppInfoParser] (main) Kafka startTimeMs: 1754569924258
2025-08-07 12:32:04,258 INFO  [org.apa.kaf.cli.con.int.ClassicKafkaConsumer] (Thread-744) [Consumer clientId=consumer-Consumer-topic-ce6f11b5_1cba_4e5e_911b_6a2b7e8fbaa3-18, groupId=Consumer-topic-ce6f11b5_1cba_4e5e_911b_6a2b7e8fbaa3] Subscribed to topic(s): topic-ce6f11b5_1cba_4e5e_911b_6a2b7e8fbaa3
2025-08-07 12:32:04,262 INFO  [org.apa.kaf.cli.Metadata] (Thread-744) [Consumer clientId=consumer-Consumer-topic-ce6f11b5_1cba_4e5e_911b_6a2b7e8fbaa3-18, groupId=Consumer-topic-ce6f11b5_1cba_4e5e_911b_6a2b7e8fbaa3] Cluster ID: wHHz-MW5SbujoYr4FCRV8g
2025-08-07 12:32:04,263 INFO  [org.apa.kaf.cli.con.int.ConsumerCoordinator] (Thread-744) [Consumer clientId=consumer-Consumer-topic-ce6f11b5_1cba_4e5e_911b_6a2b7e8fbaa3-18, groupId=Consumer-topic-ce6f11b5_1cba_4e5e_911b_6a2b7e8fbaa3] Discovered group coordinator localhost:32769 (id: 2147483647 rack: null)
2025-08-07 12:32:04,264 INFO  [org.apa.kaf.cli.con.int.ConsumerCoordinator] (Thread-744) [Consumer clientId=consumer-Consumer-topic-ce6f11b5_1cba_4e5e_911b_6a2b7e8fbaa3-18, groupId=Consumer-topic-ce6f11b5_1cba_4e5e_911b_6a2b7e8fbaa3] (Re-)joining group
2025-08-07 12:32:04,268 INFO  [org.apa.kaf.cli.con.int.ConsumerCoordinator] (Thread-744) [Consumer clientId=consumer-Consumer-topic-ce6f11b5_1cba_4e5e_911b_6a2b7e8fbaa3-18, groupId=Consumer-topic-ce6f11b5_1cba_4e5e_911b_6a2b7e8fbaa3] Request joining group due to: need to re-join with the given member-id: consumer-Consumer-topic-ce6f11b5_1cba_4e5e_911b_6a2b7e8fbaa3-18-ed9fd4b6-7ede-4d47-b3d1-11d6f0896ee4
2025-08-07 12:32:04,270 INFO  [org.apa.kaf.cli.con.int.ConsumerCoordinator] (Thread-744) [Consumer clientId=consumer-Consumer-topic-ce6f11b5_1cba_4e5e_911b_6a2b7e8fbaa3-18, groupId=Consumer-topic-ce6f11b5_1cba_4e5e_911b_6a2b7e8fbaa3] (Re-)joining group
2025-08-07 12:32:05,259 INFO  [io.api.tes.ser.api.KafkaSerdesTester] (Thread-744) None found
2025-08-07 12:32:06,259 INFO  [io.api.tes.ser.api.KafkaSerdesTester] (Thread-744) None found
2025-08-07 12:32:07,259 INFO  [io.api.tes.ser.api.KafkaSerdesTester] (Thread-744) None found
2025-08-07 12:32:07,274 INFO  [org.apa.kaf.cli.con.int.ConsumerCoordinator] (Thread-744) [Consumer clientId=consumer-Consumer-topic-ce6f11b5_1cba_4e5e_911b_6a2b7e8fbaa3-18, groupId=Consumer-topic-ce6f11b5_1cba_4e5e_911b_6a2b7e8fbaa3] Successfully joined group with generation Generation{generationId=1, memberId='consumer-Consumer-topic-ce6f11b5_1cba_4e5e_911b_6a2b7e8fbaa3-18-ed9fd4b6-7ede-4d47-b3d1-11d6f0896ee4', protocol='range'}
2025-08-07 12:32:07,275 INFO  [org.apa.kaf.cli.con.int.ConsumerCoordinator] (Thread-744) [Consumer clientId=consumer-Consumer-topic-ce6f11b5_1cba_4e5e_911b_6a2b7e8fbaa3-18, groupId=Consumer-topic-ce6f11b5_1cba_4e5e_911b_6a2b7e8fbaa3] Finished assignment for group at generation 1: {consumer-Consumer-topic-ce6f11b5_1cba_4e5e_911b_6a2b7e8fbaa3-18-ed9fd4b6-7ede-4d47-b3d1-11d6f0896ee4=Assignment(partitions=[topic-ce6f11b5_1cba_4e5e_911b_6a2b7e8fbaa3-0])}
2025-08-07 12:32:07,282 INFO  [org.apa.kaf.cli.con.int.ConsumerCoordinator] (Thread-744) [Consumer clientId=consumer-Consumer-topic-ce6f11b5_1cba_4e5e_911b_6a2b7e8fbaa3-18, groupId=Consumer-topic-ce6f11b5_1cba_4e5e_911b_6a2b7e8fbaa3] Successfully synced group in generation Generation{generationId=1, memberId='consumer-Consumer-topic-ce6f11b5_1cba_4e5e_911b_6a2b7e8fbaa3-18-ed9fd4b6-7ede-4d47-b3d1-11d6f0896ee4', protocol='range'}
2025-08-07 12:32:07,282 INFO  [org.apa.kaf.cli.con.int.ConsumerCoordinator] (Thread-744) [Consumer clientId=consumer-Consumer-topic-ce6f11b5_1cba_4e5e_911b_6a2b7e8fbaa3-18, groupId=Consumer-topic-ce6f11b5_1cba_4e5e_911b_6a2b7e8fbaa3] Notifying assignor about the new Assignment(partitions=[topic-ce6f11b5_1cba_4e5e_911b_6a2b7e8fbaa3-0])
2025-08-07 12:32:07,282 INFO  [org.apa.kaf.cli.con.int.ConsumerRebalanceListenerInvoker] (Thread-744) [Consumer clientId=consumer-Consumer-topic-ce6f11b5_1cba_4e5e_911b_6a2b7e8fbaa3-18, groupId=Consumer-topic-ce6f11b5_1cba_4e5e_911b_6a2b7e8fbaa3] Adding newly assigned partitions: topic-ce6f11b5_1cba_4e5e_911b_6a2b7e8fbaa3-0
2025-08-07 12:32:07,283 INFO  [org.apa.kaf.cli.con.int.ConsumerCoordinator] (Thread-744) [Consumer clientId=consumer-Consumer-topic-ce6f11b5_1cba_4e5e_911b_6a2b7e8fbaa3-18, groupId=Consumer-topic-ce6f11b5_1cba_4e5e_911b_6a2b7e8fbaa3] Found no committed offset for partition topic-ce6f11b5_1cba_4e5e_911b_6a2b7e8fbaa3-0
2025-08-07 12:32:07,285 INFO  [org.apa.kaf.cli.con.int.SubscriptionState] (Thread-744) [Consumer clientId=consumer-Consumer-topic-ce6f11b5_1cba_4e5e_911b_6a2b7e8fbaa3-18, groupId=Consumer-topic-ce6f11b5_1cba_4e5e_911b_6a2b7e8fbaa3] Resetting offset for partition topic-ce6f11b5_1cba_4e5e_911b_6a2b7e8fbaa3-0 to position FetchPosition{offset=0, offsetEpoch=Optional.empty, currentLeader=LeaderAndEpoch{leader=Optional[localhost:32769 (id: 0 rack: null)], epoch=0}}.
2025-08-07 12:32:07,669 INFO  [io.api.tes.ser.api.KafkaSerdesTester] (Thread-744) topic-ce6f11b5_1cba_4e5e_911b_6a2b7e8fbaa3 0 0 {"key11754569923720": "value-0"}
2025-08-07 12:32:07,669 INFO  [io.api.tes.ser.api.KafkaSerdesTester] (Thread-744) topic-ce6f11b5_1cba_4e5e_911b_6a2b7e8fbaa3 0 1 {"key11754569923720": "value-1"}
2025-08-07 12:32:07,669 INFO  [io.api.tes.ser.api.KafkaSerdesTester] (Thread-744) topic-ce6f11b5_1cba_4e5e_911b_6a2b7e8fbaa3 0 2 {"key11754569923720": "value-2"}
2025-08-07 12:32:07,669 INFO  [io.api.tes.ser.api.KafkaSerdesTester] (Thread-744) topic-ce6f11b5_1cba_4e5e_911b_6a2b7e8fbaa3 0 3 {"key11754569923720": "value-3"}
2025-08-07 12:32:07,669 INFO  [io.api.tes.ser.api.KafkaSerdesTester] (Thread-744) topic-ce6f11b5_1cba_4e5e_911b_6a2b7e8fbaa3 0 4 {"key11754569923720": "value-4"}
2025-08-07 12:32:07,669 INFO  [io.api.tes.ser.api.KafkaSerdesTester] (Thread-744) topic-ce6f11b5_1cba_4e5e_911b_6a2b7e8fbaa3 0 5 {"key11754569923720": "value-5"}
2025-08-07 12:32:07,669 INFO  [io.api.tes.ser.api.KafkaSerdesTester] (Thread-744) topic-ce6f11b5_1cba_4e5e_911b_6a2b7e8fbaa3 0 6 {"key11754569923720": "value-6"}
2025-08-07 12:32:07,669 INFO  [io.api.tes.ser.api.KafkaSerdesTester] (Thread-744) topic-ce6f11b5_1cba_4e5e_911b_6a2b7e8fbaa3 0 7 {"key11754569923720": "value-7"}
2025-08-07 12:32:07,669 INFO  [io.api.tes.ser.api.KafkaSerdesTester] (Thread-744) topic-ce6f11b5_1cba_4e5e_911b_6a2b7e8fbaa3 0 8 {"key11754569923720": "value-8"}
2025-08-07 12:32:07,669 INFO  [io.api.tes.ser.api.KafkaSerdesTester] (Thread-744) topic-ce6f11b5_1cba_4e5e_911b_6a2b7e8fbaa3 0 9 {"key11754569923720": "value-9"}
2025-08-07 12:32:07,669 INFO  [io.api.tes.ser.api.KafkaSerdesTester] (Thread-744) Consumed 10 messages
2025-08-07 12:32:07,676 INFO  [org.apa.kaf.cli.con.int.ConsumerRebalanceListenerInvoker] (Thread-744) [Consumer clientId=consumer-Consumer-topic-ce6f11b5_1cba_4e5e_911b_6a2b7e8fbaa3-18, groupId=Consumer-topic-ce6f11b5_1cba_4e5e_911b_6a2b7e8fbaa3] Revoke previously assigned partitions topic-ce6f11b5_1cba_4e5e_911b_6a2b7e8fbaa3-0
2025-08-07 12:32:07,676 INFO  [org.apa.kaf.cli.con.int.ConsumerCoordinator] (Thread-744) [Consumer clientId=consumer-Consumer-topic-ce6f11b5_1cba_4e5e_911b_6a2b7e8fbaa3-18, groupId=Consumer-topic-ce6f11b5_1cba_4e5e_911b_6a2b7e8fbaa3] Member consumer-Consumer-topic-ce6f11b5_1cba_4e5e_911b_6a2b7e8fbaa3-18-ed9fd4b6-7ede-4d47-b3d1-11d6f0896ee4 sending LeaveGroup request to coordinator localhost:32769 (id: 2147483647 rack: null) due to the consumer is being closed
2025-08-07 12:32:07,677 INFO  [org.apa.kaf.cli.con.int.ConsumerCoordinator] (Thread-744) [Consumer clientId=consumer-Consumer-topic-ce6f11b5_1cba_4e5e_911b_6a2b7e8fbaa3-18, groupId=Consumer-topic-ce6f11b5_1cba_4e5e_911b_6a2b7e8fbaa3] Resetting generation and member id due to: consumer pro-actively leaving the group
2025-08-07 12:32:07,677 INFO  [org.apa.kaf.cli.con.int.ConsumerCoordinator] (Thread-744) [Consumer clientId=consumer-Consumer-topic-ce6f11b5_1cba_4e5e_911b_6a2b7e8fbaa3-18, groupId=Consumer-topic-ce6f11b5_1cba_4e5e_911b_6a2b7e8fbaa3] Request joining group due to: consumer pro-actively leaving the group
2025-08-07 12:32:08,172 INFO  [org.apa.kaf.com.met.Metrics] (Thread-744) Metrics scheduler closed
2025-08-07 12:32:08,172 INFO  [org.apa.kaf.com.met.Metrics] (Thread-744) Closing reporter org.apache.kafka.common.metrics.JmxReporter
2025-08-07 12:32:08,172 INFO  [org.apa.kaf.com.met.Metrics] (Thread-744) Closing reporter org.apache.kafka.common.telemetry.internals.ClientTelemetryReporter
2025-08-07 12:32:08,172 INFO  [org.apa.kaf.com.met.Metrics] (Thread-744) Metrics reporters closed
2025-08-07 12:32:08,174 INFO  [org.apa.kaf.com.uti.AppInfoParser] (Thread-744) App info kafka.consumer for consumer-Consumer-topic-ce6f11b5_1cba_4e5e_911b_6a2b7e8fbaa3-18 unregistered
2025-08-07 12:32:08,175 INFO  [io.api.tes.uti.TestSeparator] (main) io.apicurio.tests.serdes.apicurio.AvroSerdeIT.testGlobalIdInBody-FINISHED
2025-08-07 12:32:08,175 INFO  [io.api.tes.uti.TestSeparator] (main) ############################################################################
Test passed: testGlobalIdInBody
]]></system-out>
  </testcase>
  <testcase name="testProducerUsesGlobalIdConsumerUsesDefault" classname="io.apicurio.tests.serdes.apicurio.AvroSerdeIT" time="0.0">
    <skipped message="void io.apicurio.tests.serdes.apicurio.AvroSerdeIT.testProducerUsesGlobalIdConsumerUsesDefault() throws java.lang.Exception is @Disabled"/>
  </testcase>
</testsuite>