<?xml version="1.0" encoding="UTF-8"?>
<testsuite xmlns:xsi="http://www.w3.org/2001/XMLSchema-instance" xsi:noNamespaceSchemaLocation="https://maven.apache.org/surefire/maven-failsafe-plugin/xsd/failsafe-test-report.xsd" version="3.0.2" name="io.apicurio.tests.serdes.apicurio.AvroSerdeIT" time="88.762" tests="21" errors="3" skipped="2" failures="0">
  <properties>
    <property name="java.specification.version" value="17"/>
    <property name="sun.jnu.encoding" value="UTF-8"/>
    <property name="java.class.path" value="/home/runner/work/apicurio-testing/apicurio-testing/clusters/ci419/namespaces/ksql043/tests/integration/apicurio-registry/integration-tests/target/test-classes:/home/runner/work/apicurio-testing/apicurio-testing/clusters/ci419/namespaces/ksql043/tests/integration/apicurio-registry/integration-tests/target/apicurio-registry-integration-tests-3.0.12-SNAPSHOT.jar:/home/runner/.m2/repository/io/quarkus/quarkus-junit5/3.20.2/quarkus-junit5-3.20.2.jar:/home/runner/.m2/repository/io/quarkus/quarkus-bootstrap-core/3.20.2/quarkus-bootstrap-core-3.20.2.jar:/home/runner/.m2/repository/io/quarkus/quarkus-classloader-commons/3.20.2/quarkus-classloader-commons-3.20.2.jar:/home/runner/.m2/repository/io/quarkus/quarkus-bootstrap-app-model/3.20.2/quarkus-bootstrap-app-model-3.20.2.jar:/home/runner/.m2/repository/io/smallrye/common/smallrye-common-io/2.12.0/smallrye-common-io-2.12.0.jar:/home/runner/.m2/repository/org/eclipse/sisu/org.eclipse.sisu.inject/0.9.0.M3/org.eclipse.sisu.inject-0.9.0.M3.jar:/home/runner/.m2/repository/io/quarkus/quarkus-test-common/3.20.2/quarkus-test-common-3.20.2.jar:/home/runner/.m2/repository/io/quarkus/quarkus-core-deployment/3.20.2/quarkus-core-deployment-3.20.2.jar:/home/runner/.m2/repository/org/aesh/readline/2.6/readline-2.6.jar:/home/runner/.m2/repository/org/fusesource/jansi/jansi/2.4.0/jansi-2.4.0.jar:/home/runner/.m2/repository/org/aesh/aesh/2.8.2/aesh-2.8.2.jar:/home/runner/.m2/repository/io/quarkus/gizmo/gizmo/1.8.0/gizmo-1.8.0.jar:/home/runner/.m2/repository/org/ow2/asm/asm-util/9.7.1/asm-util-9.7.1.jar:/home/runner/.m2/repository/org/ow2/asm/asm-analysis/9.7.1/asm-analysis-9.7.1.jar:/home/runner/.m2/repository/org/ow2/asm/asm-commons/9.7.1/asm-commons-9.7.1.jar:/home/runner/.m2/repository/org/ow2/asm/asm-tree/9.7.1/asm-tree-9.7.1.jar:/home/runner/.m2/repository/io/quarkus/quarkus-hibernate-validator-spi/3.20.2/quarkus-hibernate-validator-spi-3.20.2.jar:/home/runner/.m2/repository/io/quarkus/quarkus-class-change-agent/3.20.2/quarkus-class-change-agent-3.20.2.jar:/home/runner/.m2/repository/io/quarkus/quarkus-devtools-utilities/3.20.2/quarkus-devtools-utilities-3.20.2.jar:/home/runner/.m2/repository/io/quarkus/quarkus-builder/3.20.2/quarkus-builder-3.20.2.jar:/home/runner/.m2/repository/org/graalvm/sdk/nativeimage/23.1.2/nativeimage-23.1.2.jar:/home/runner/.m2/repository/org/graalvm/sdk/word/23.1.2/word-23.1.2.jar:/home/runner/.m2/repository/io/quarkus/quarkus-bootstrap-maven-resolver/3.20.2/quarkus-bootstrap-maven-resolver-3.20.2.jar:/home/runner/.m2/repository/io/smallrye/beanbag/smallrye-beanbag-maven/1.5.2/smallrye-beanbag-maven-1.5.2.jar:/home/runner/.m2/repository/io/smallrye/beanbag/smallrye-beanbag-sisu/1.5.2/smallrye-beanbag-sisu-1.5.2.jar:/home/runner/.m2/repository/io/smallrye/beanbag/smallrye-beanbag/1.5.2/smallrye-beanbag-1.5.2.jar:/home/runner/.m2/repository/javax/inject/javax.inject/1/javax.inject-1.jar:/home/runner/.m2/repository/org/apache/maven/maven-artifact/3.9.9/maven-artifact-3.9.9.jar:/home/runner/.m2/repository/org/apache/maven/maven-builder-support/3.9.9/maven-builder-support-3.9.9.jar:/home/runner/.m2/repository/org/apache/maven/maven-model/3.9.9/maven-model-3.9.9.jar:/home/runner/.m2/repository/org/apache/maven/maven-model-builder/3.9.9/maven-model-builder-3.9.9.jar:/home/runner/.m2/repository/org/apache/maven/maven-repository-metadata/3.9.9/maven-repository-metadata-3.9.9.jar:/home/runner/.m2/repository/org/apache/maven/maven-settings/3.9.9/maven-settings-3.9.9.jar:/home/runner/.m2/repository/org/apache/maven/resolver/maven-resolver-api/1.9.22/maven-resolver-api-1.9.22.jar:/home/runner/.m2/repository/org/apache/maven/resolver/maven-resolver-impl/1.9.22/maven-resolver-impl-1.9.22.jar:/home/runner/.m2/repository/org/apache/maven/resolver/maven-resolver-named-locks/1.9.22/maven-resolver-named-locks-1.9.22.jar:/home/runner/.m2/repository/org/apache/maven/resolver/maven-resolver-spi/1.9.22/maven-resolver-spi-1.9.22.jar:/home/runner/.m2/repository/org/apache/maven/resolver/maven-resolver-util/1.9.22/maven-resolver-util-1.9.22.jar:/home/runner/.m2/repository/org/apache/maven/resolver/maven-resolver-transport-http/1.9.20/maven-resolver-transport-http-1.9.20.jar:/home/runner/.m2/repository/org/apache/maven/wagon/wagon-provider-api/3.5.3/wagon-provider-api-3.5.3.jar:/home/runner/.m2/repository/org/apache/maven/wagon/wagon-http-shared/3.5.3/wagon-http-shared-3.5.3.jar:/home/runner/.m2/repository/org/codehaus/plexus/plexus-interpolation/1.26/plexus-interpolation-1.26.jar:/home/runner/.m2/repository/org/codehaus/plexus/plexus-utils/3.5.1/plexus-utils-3.5.1.jar:/home/runner/.m2/repository/org/codehaus/plexus/plexus-xml/4.0.1/plexus-xml-4.0.1.jar:/home/runner/.m2/repository/org/apache/maven/maven-xml-impl/4.0.0-alpha-5/maven-xml-impl-4.0.0-alpha-5.jar:/home/runner/.m2/repository/org/apache/maven/maven-api-xml/4.0.0-alpha-5/maven-api-xml-4.0.0-alpha-5.jar:/home/runner/.m2/repository/org/apache/maven/maven-api-meta/4.0.0-alpha-5/maven-api-meta-4.0.0-alpha-5.jar:/home/runner/.m2/repository/org/codehaus/plexus/plexus-cipher/2.0/plexus-cipher-2.0.jar:/home/runner/.m2/repository/org/codehaus/plexus/plexus-sec-dispatcher/2.0/plexus-sec-dispatcher-2.0.jar:/home/runner/.m2/repository/org/apache/maven/maven-embedder/3.9.9/maven-embedder-3.9.9.jar:/home/runner/.m2/repository/org/apache/maven/maven-core/3.9.9/maven-core-3.9.9.jar:/home/runner/.m2/repository/org/codehaus/plexus/plexus-component-annotations/2.1.0/plexus-component-annotations-2.1.0.jar:/home/runner/.m2/repository/org/apache/maven/maven-plugin-api/3.9.9/maven-plugin-api-3.9.9.jar:/home/runner/.m2/repository/org/apache/maven/shared/maven-shared-utils/3.4.2/maven-shared-utils-3.4.2.jar:/home/runner/.m2/repository/com/google/inject/guice/5.1.0/guice-5.1.0.jar:/home/runner/.m2/repository/aopalliance/aopalliance/1.0/aopalliance-1.0.jar:/home/runner/.m2/repository/org/codehaus/plexus/plexus-classworlds/2.6.0/plexus-classworlds-2.6.0.jar:/home/runner/.m2/repository/commons-cli/commons-cli/1.8.0/commons-cli-1.8.0.jar:/home/runner/.m2/repository/org/eclipse/sisu/org.eclipse.sisu.plexus/0.9.0.M3/org.eclipse.sisu.plexus-0.9.0.M3.jar:/home/runner/.m2/repository/org/apache/maven/maven-settings-builder/3.9.9/maven-settings-builder-3.9.9.jar:/home/runner/.m2/repository/org/apache/maven/maven-resolver-provider/3.9.9/maven-resolver-provider-3.9.9.jar:/home/runner/.m2/repository/org/apache/maven/resolver/maven-resolver-connector-basic/1.9.22/maven-resolver-connector-basic-1.9.22.jar:/home/runner/.m2/repository/org/apache/maven/resolver/maven-resolver-transport-wagon/1.9.22/maven-resolver-transport-wagon-1.9.22.jar:/home/runner/.m2/repository/org/apache/maven/wagon/wagon-http/3.5.3/wagon-http-3.5.3.jar:/home/runner/.m2/repository/org/apache/maven/wagon/wagon-file/3.5.3/wagon-file-3.5.3.jar:/home/runner/.m2/repository/io/quarkus/quarkus-bootstrap-gradle-resolver/3.20.2/quarkus-bootstrap-gradle-resolver-3.20.2.jar:/home/runner/.m2/repository/io/smallrye/jandex/3.3.0/jandex-3.3.0.jar:/home/runner/.m2/repository/org/jboss/logging/commons-logging-jboss-logging/1.0.0.Final/commons-logging-jboss-logging-1.0.0.Final.jar:/home/runner/.m2/repository/io/quarkus/quarkus-junit5-config/3.20.2/quarkus-junit5-config-3.20.2.jar:/home/runner/.m2/repository/org/junit/jupiter/junit-jupiter-api/5.12.1/junit-jupiter-api-5.12.1.jar:/home/runner/.m2/repository/io/smallrye/config/smallrye-config/3.11.4/smallrye-config-3.11.4.jar:/home/runner/.m2/repository/io/smallrye/config/smallrye-config-core/3.11.4/smallrye-config-core-3.11.4.jar:/home/runner/.m2/repository/io/smallrye/common/smallrye-common-classloader/2.12.0/smallrye-common-classloader-2.12.0.jar:/home/runner/.m2/repository/io/smallrye/config/smallrye-config-common/3.11.4/smallrye-config-common-3.11.4.jar:/home/runner/.m2/repository/org/junit/jupiter/junit-jupiter/5.12.1/junit-jupiter-5.12.1.jar:/home/runner/.m2/repository/org/junit/jupiter/junit-jupiter-params/5.12.1/junit-jupiter-params-5.12.1.jar:/home/runner/.m2/repository/org/junit/jupiter/junit-jupiter-engine/5.12.1/junit-jupiter-engine-5.12.1.jar:/home/runner/.m2/repository/io/quarkus/quarkus-core/3.20.2/quarkus-core-3.20.2.jar:/home/runner/.m2/repository/jakarta/enterprise/jakarta.enterprise.cdi-api/4.1.0/jakarta.enterprise.cdi-api-4.1.0.jar:/home/runner/.m2/repository/jakarta/enterprise/jakarta.enterprise.lang-model/4.1.0/jakarta.enterprise.lang-model-4.1.0.jar:/home/runner/.m2/repository/jakarta/el/jakarta.el-api/5.0.1/jakarta.el-api-5.0.1.jar:/home/runner/.m2/repository/jakarta/interceptor/jakarta.interceptor-api/2.2.0/jakarta.interceptor-api-2.2.0.jar:/home/runner/.m2/repository/jakarta/inject/jakarta.inject-api/2.0.1/jakarta.inject-api-2.0.1.jar:/home/runner/.m2/repository/io/smallrye/common/smallrye-common-os/2.12.0/smallrye-common-os-2.12.0.jar:/home/runner/.m2/repository/io/quarkus/quarkus-ide-launcher/3.20.2/quarkus-ide-launcher-3.20.2.jar:/home/runner/.m2/repository/io/quarkus/quarkus-development-mode-spi/3.20.2/quarkus-development-mode-spi-3.20.2.jar:/home/runner/.m2/repository/org/jboss/logging/jboss-logging/3.6.1.Final/jboss-logging-3.6.1.Final.jar:/home/runner/.m2/repository/org/jboss/logmanager/jboss-logmanager/3.1.2.Final/jboss-logmanager-3.1.2.Final.jar:/home/runner/.m2/repository/io/smallrye/common/smallrye-common-constraint/2.12.0/smallrye-common-constraint-2.12.0.jar:/home/runner/.m2/repository/io/smallrye/common/smallrye-common-cpu/2.12.0/smallrye-common-cpu-2.12.0.jar:/home/runner/.m2/repository/io/smallrye/common/smallrye-common-expression/2.12.0/smallrye-common-expression-2.12.0.jar:/home/runner/.m2/repository/io/smallrye/common/smallrye-common-net/2.12.0/smallrye-common-net-2.12.0.jar:/home/runner/.m2/repository/io/smallrye/common/smallrye-common-ref/2.12.0/smallrye-common-ref-2.12.0.jar:/home/runner/.m2/repository/jakarta/json/jakarta.json-api/2.1.3/jakarta.json-api-2.1.3.jar:/home/runner/.m2/repository/org/eclipse/parsson/parsson/1.1.7/parsson-1.1.7.jar:/home/runner/.m2/repository/org/jboss/logging/jboss-logging-annotations/3.0.4.Final/jboss-logging-annotations-3.0.4.Final.jar:/home/runner/.m2/repository/org/jboss/threads/jboss-threads/3.8.0.Final/jboss-threads-3.8.0.Final.jar:/home/runner/.m2/repository/io/smallrye/common/smallrye-common-annotation/2.12.0/smallrye-common-annotation-2.12.0.jar:/home/runner/.m2/repository/io/smallrye/common/smallrye-common-function/2.12.0/smallrye-common-function-2.12.0.jar:/home/runner/.m2/repository/org/jboss/slf4j/slf4j-jboss-logmanager/2.0.0.Final/slf4j-jboss-logmanager-2.0.0.Final.jar:/home/runner/.m2/repository/org/wildfly/common/wildfly-common/2.0.1/wildfly-common-2.0.1.jar:/home/runner/.m2/repository/io/quarkus/quarkus-bootstrap-runner/3.20.2/quarkus-bootstrap-runner-3.20.2.jar:/home/runner/.m2/repository/io/github/crac/org-crac/0.1.3/org-crac-0.1.3.jar:/home/runner/.m2/repository/io/quarkus/quarkus-fs-util/0.0.10/quarkus-fs-util-0.0.10.jar:/home/runner/.m2/repository/org/jboss/marshalling/jboss-marshalling/2.2.2.Final/jboss-marshalling-2.2.2.Final.jar:/home/runner/.m2/repository/io/fabric8/kubernetes-client/7.1.0/kubernetes-client-7.1.0.jar:/home/runner/.m2/repository/io/fabric8/kubernetes-client-api/7.1.0/kubernetes-client-api-7.1.0.jar:/home/runner/.m2/repository/io/fabric8/kubernetes-model-core/7.1.0/kubernetes-model-core-7.1.0.jar:/home/runner/.m2/repository/io/fabric8/kubernetes-model-common/7.1.0/kubernetes-model-common-7.1.0.jar:/home/runner/.m2/repository/javax/annotation/javax.annotation-api/1.3.2/javax.annotation-api-1.3.2.jar:/home/runner/.m2/repository/io/fabric8/kubernetes-model-gatewayapi/7.1.0/kubernetes-model-gatewayapi-7.1.0.jar:/home/runner/.m2/repository/io/fabric8/kubernetes-model-resource/7.1.0/kubernetes-model-resource-7.1.0.jar:/home/runner/.m2/repository/io/fabric8/kubernetes-model-rbac/7.1.0/kubernetes-model-rbac-7.1.0.jar:/home/runner/.m2/repository/io/fabric8/kubernetes-model-admissionregistration/7.1.0/kubernetes-model-admissionregistration-7.1.0.jar:/home/runner/.m2/repository/io/fabric8/kubernetes-model-apps/7.1.0/kubernetes-model-apps-7.1.0.jar:/home/runner/.m2/repository/io/fabric8/kubernetes-model-autoscaling/7.1.0/kubernetes-model-autoscaling-7.1.0.jar:/home/runner/.m2/repository/io/fabric8/kubernetes-model-apiextensions/7.1.0/kubernetes-model-apiextensions-7.1.0.jar:/home/runner/.m2/repository/io/fabric8/kubernetes-model-batch/7.1.0/kubernetes-model-batch-7.1.0.jar:/home/runner/.m2/repository/io/fabric8/kubernetes-model-certificates/7.1.0/kubernetes-model-certificates-7.1.0.jar:/home/runner/.m2/repository/io/fabric8/kubernetes-model-coordination/7.1.0/kubernetes-model-coordination-7.1.0.jar:/home/runner/.m2/repository/io/fabric8/kubernetes-model-discovery/7.1.0/kubernetes-model-discovery-7.1.0.jar:/home/runner/.m2/repository/io/fabric8/kubernetes-model-events/7.1.0/kubernetes-model-events-7.1.0.jar:/home/runner/.m2/repository/io/fabric8/kubernetes-model-extensions/7.1.0/kubernetes-model-extensions-7.1.0.jar:/home/runner/.m2/repository/io/fabric8/kubernetes-model-flowcontrol/7.1.0/kubernetes-model-flowcontrol-7.1.0.jar:/home/runner/.m2/repository/io/fabric8/kubernetes-model-networking/7.1.0/kubernetes-model-networking-7.1.0.jar:/home/runner/.m2/repository/io/fabric8/kubernetes-model-metrics/7.1.0/kubernetes-model-metrics-7.1.0.jar:/home/runner/.m2/repository/io/fabric8/kubernetes-model-policy/7.1.0/kubernetes-model-policy-7.1.0.jar:/home/runner/.m2/repository/io/fabric8/kubernetes-model-scheduling/7.1.0/kubernetes-model-scheduling-7.1.0.jar:/home/runner/.m2/repository/io/fabric8/kubernetes-model-storageclass/7.1.0/kubernetes-model-storageclass-7.1.0.jar:/home/runner/.m2/repository/io/fabric8/kubernetes-model-node/7.1.0/kubernetes-model-node-7.1.0.jar:/home/runner/.m2/repository/org/snakeyaml/snakeyaml-engine/2.9/snakeyaml-engine-2.9.jar:/home/runner/.m2/repository/com/fasterxml/jackson/dataformat/jackson-dataformat-yaml/2.18.2/jackson-dataformat-yaml-2.18.2.jar:/home/runner/.m2/repository/com/fasterxml/jackson/datatype/jackson-datatype-jsr310/2.18.2/jackson-datatype-jsr310-2.18.2.jar:/home/runner/.m2/repository/io/fabric8/zjsonpatch/7.1.0/zjsonpatch-7.1.0.jar:/home/runner/.m2/repository/io/fabric8/kubernetes-httpclient-vertx/7.1.0/kubernetes-httpclient-vertx-7.1.0.jar:/home/runner/.m2/repository/io/vertx/vertx-web-client/4.5.16/vertx-web-client-4.5.16.jar:/home/runner/.m2/repository/io/vertx/vertx-web-common/4.5.16/vertx-web-common-4.5.16.jar:/home/runner/.m2/repository/io/vertx/vertx-auth-common/4.5.16/vertx-auth-common-4.5.16.jar:/home/runner/.m2/repository/io/vertx/vertx-uri-template/4.5.16/vertx-uri-template-4.5.16.jar:/home/runner/.m2/repository/io/fabric8/openshift-client/7.1.0/openshift-client-7.1.0.jar:/home/runner/.m2/repository/io/fabric8/openshift-client-api/7.1.0/openshift-client-api-7.1.0.jar:/home/runner/.m2/repository/io/fabric8/openshift-model/7.1.0/openshift-model-7.1.0.jar:/home/runner/.m2/repository/io/fabric8/openshift-model-autoscaling/7.1.0/openshift-model-autoscaling-7.1.0.jar:/home/runner/.m2/repository/io/fabric8/openshift-model-operator/7.1.0/openshift-model-operator-7.1.0.jar:/home/runner/.m2/repository/io/fabric8/openshift-model-operatorhub/7.1.0/openshift-model-operatorhub-7.1.0.jar:/home/runner/.m2/repository/io/fabric8/openshift-model-machine/7.1.0/openshift-model-machine-7.1.0.jar:/home/runner/.m2/repository/io/fabric8/openshift-model-whereabouts/7.1.0/openshift-model-whereabouts-7.1.0.jar:/home/runner/.m2/repository/io/fabric8/openshift-model-monitoring/7.1.0/openshift-model-monitoring-7.1.0.jar:/home/runner/.m2/repository/io/fabric8/openshift-model-storageversionmigrator/7.1.0/openshift-model-storageversionmigrator-7.1.0.jar:/home/runner/.m2/repository/io/fabric8/openshift-model-tuned/7.1.0/openshift-model-tuned-7.1.0.jar:/home/runner/.m2/repository/io/fabric8/openshift-model-console/7.1.0/openshift-model-console-7.1.0.jar:/home/runner/.m2/repository/io/fabric8/openshift-model-config/7.1.0/openshift-model-config-7.1.0.jar:/home/runner/.m2/repository/io/fabric8/openshift-model-machineconfiguration/7.1.0/openshift-model-machineconfiguration-7.1.0.jar:/home/runner/.m2/repository/io/fabric8/openshift-model-miscellaneous/7.1.0/openshift-model-miscellaneous-7.1.0.jar:/home/runner/.m2/repository/io/fabric8/openshift-model-hive/7.1.0/openshift-model-hive-7.1.0.jar:/home/runner/.m2/repository/io/fabric8/openshift-model-installer/7.1.0/openshift-model-installer-7.1.0.jar:/home/runner/.m2/repository/org/junit/platform/junit-platform-launcher/1.12.1/junit-platform-launcher-1.12.1.jar:/home/runner/.m2/repository/org/junit/platform/junit-platform-engine/1.12.1/junit-platform-engine-1.12.1.jar:/home/runner/.m2/repository/org/opentest4j/opentest4j/1.3.0/opentest4j-1.3.0.jar:/home/runner/.m2/repository/org/junit/platform/junit-platform-commons/1.12.1/junit-platform-commons-1.12.1.jar:/home/runner/.m2/repository/org/apiguardian/apiguardian-api/1.1.2/apiguardian-api-1.1.2.jar:/home/runner/.m2/repository/jakarta/ws/rs/jakarta.ws.rs-api/3.1.0/jakarta.ws.rs-api-3.1.0.jar:/home/runner/work/apicurio-testing/apicurio-testing/clusters/ci419/namespaces/ksql043/tests/integration/apicurio-registry/java-sdk/target/apicurio-registry-java-sdk-3.0.12-SNAPSHOT.jar:/home/runner/.m2/repository/com/microsoft/kiota/microsoft-kiota-abstractions/1.8.8/microsoft-kiota-abstractions-1.8.8.jar:/home/runner/.m2/repository/io/github/std-uritemplate/std-uritemplate/2.0.0/std-uritemplate-2.0.0.jar:/home/runner/.m2/repository/io/kiota/kiota-http-jdk/0.0.29/kiota-http-jdk-0.0.29.jar:/home/runner/.m2/repository/io/kiota/kiota-http-vertx/0.0.29/kiota-http-vertx-0.0.29.jar:/home/runner/.m2/repository/io/kiota/kiota-serialization-jackson/0.0.29/kiota-serialization-jackson-0.0.29.jar:/home/runner/.m2/repository/com/microsoft/kiota/microsoft-kiota-serialization-text/1.8.8/microsoft-kiota-serialization-text-1.8.8.jar:/home/runner/.m2/repository/com/microsoft/kiota/microsoft-kiota-serialization-form/1.8.8/microsoft-kiota-serialization-form-1.8.8.jar:/home/runner/.m2/repository/com/microsoft/kiota/microsoft-kiota-serialization-multipart/1.8.8/microsoft-kiota-serialization-multipart-1.8.8.jar:/home/runner/.m2/repository/jakarta/annotation/jakarta.annotation-api/3.0.0/jakarta.annotation-api-3.0.0.jar:/home/runner/.m2/repository/io/vertx/vertx-auth-oauth2/4.5.16/vertx-auth-oauth2-4.5.16.jar:/home/runner/work/apicurio-testing/apicurio-testing/clusters/ci419/namespaces/ksql043/tests/integration/apicurio-registry/java-sdk-v2/target/apicurio-registry-v2-java-sdk-3.0.12-SNAPSHOT.jar:/home/runner/work/apicurio-testing/apicurio-testing/clusters/ci419/namespaces/ksql043/tests/integration/apicurio-registry/utils/kafka/target/apicurio-registry-utils-kafka-3.0.12-SNAPSHOT-tests.jar:/home/runner/.m2/repository/org/eclipse/microprofile/config/microprofile-config-api/3.1/microprofile-config-api-3.1.jar:/home/runner/.m2/repository/org/apache/kafka/kafka-clients/3.9.1/kafka-clients-3.9.1.jar:/home/runner/.m2/repository/com/github/luben/zstd-jni/1.5.6-4/zstd-jni-1.5.6-4.jar:/home/runner/.m2/repository/org/lz4/lz4-java/1.8.0/lz4-java-1.8.0.jar:/home/runner/.m2/repository/org/xerial/snappy/snappy-java/1.1.10.5/snappy-java-1.1.10.5.jar:/home/runner/.m2/repository/org/slf4j/slf4j-api/2.0.6/slf4j-api-2.0.6.jar:/home/runner/work/apicurio-testing/apicurio-testing/clusters/ci419/namespaces/ksql043/tests/integration/apicurio-registry/utils/tests/target/apicurio-registry-utils-tests-3.0.12-SNAPSHOT.jar:/home/runner/work/apicurio-testing/apicurio-testing/clusters/ci419/namespaces/ksql043/tests/integration/apicurio-registry/common/target/apicurio-registry-common-3.0.12-SNAPSHOT.jar:/home/runner/.m2/repository/jakarta/validation/jakarta.validation-api/3.0.2/jakarta.validation-api-3.0.2.jar:/home/runner/.m2/repository/com/github/dasniko/testcontainers-keycloak/3.8.0/testcontainers-keycloak-3.8.0.jar:/home/runner/.m2/repository/org/testcontainers/testcontainers/1.20.6/testcontainers-1.20.6.jar:/home/runner/.m2/repository/org/rnorth/duct-tape/duct-tape/1.0.8/duct-tape-1.0.8.jar:/home/runner/.m2/repository/com/github/docker-java/docker-java-transport-zerodep/3.4.1/docker-java-transport-zerodep-3.4.1.jar:/home/runner/.m2/repository/com/github/docker-java/docker-java-transport/3.4.1/docker-java-transport-3.4.1.jar:/home/runner/.m2/repository/net/java/dev/jna/jna/5.8.0/jna-5.8.0.jar:/home/runner/.m2/repository/io/quarkus/quarkus-junit4-mock/3.20.2/quarkus-junit4-mock-3.20.2.jar:/home/runner/.m2/repository/org/jboss/shrinkwrap/shrinkwrap-api/2.0.0-beta-2/shrinkwrap-api-2.0.0-beta-2.jar:/home/runner/.m2/repository/org/jboss/shrinkwrap/shrinkwrap-impl-base/2.0.0-beta-2/shrinkwrap-impl-base-2.0.0-beta-2.jar:/home/runner/.m2/repository/org/jboss/shrinkwrap/shrinkwrap-spi/2.0.0-beta-2/shrinkwrap-spi-2.0.0-beta-2.jar:/home/runner/.m2/repository/org/keycloak/keycloak-admin-client/26.0.4/keycloak-admin-client-26.0.4.jar:/home/runner/.m2/repository/org/keycloak/keycloak-client-common-synced/26.0.4/keycloak-client-common-synced-26.0.4.jar:/home/runner/.m2/repository/jakarta/activation/jakarta.activation-api/2.1.3/jakarta.activation-api-2.1.3.jar:/home/runner/.m2/repository/org/eclipse/microprofile/openapi/microprofile-openapi-api/4.0.2/microprofile-openapi-api-4.0.2.jar:/home/runner/.m2/repository/org/jboss/resteasy/resteasy-client/6.2.12.Final/resteasy-client-6.2.12.Final.jar:/home/runner/.m2/repository/org/jboss/resteasy/resteasy-client-api/6.2.12.Final/resteasy-client-api-6.2.12.Final.jar:/home/runner/.m2/repository/org/jboss/resteasy/resteasy-core-spi/6.2.12.Final/resteasy-core-spi-6.2.12.Final.jar:/home/runner/.m2/repository/org/jboss/resteasy/resteasy-core/6.2.12.Final/resteasy-core-6.2.12.Final.jar:/home/runner/.m2/repository/org/eclipse/angus/angus-activation/2.0.2/angus-activation-2.0.2.jar:/home/runner/.m2/repository/com/ibm/async/asyncutil/0.1.0/asyncutil-0.1.0.jar:/home/runner/.m2/repository/org/reactivestreams/reactive-streams/1.0.4/reactive-streams-1.0.4.jar:/home/runner/.m2/repository/org/jboss/resteasy/resteasy-multipart-provider/6.2.12.Final/resteasy-multipart-provider-6.2.12.Final.jar:/home/runner/.m2/repository/jakarta/mail/jakarta.mail-api/2.1.3/jakarta.mail-api-2.1.3.jar:/home/runner/.m2/repository/org/eclipse/angus/angus-mail/2.0.3/angus-mail-2.0.3.jar:/home/runner/.m2/repository/org/apache/james/apache-mime4j-dom/0.8.12/apache-mime4j-dom-0.8.12.jar:/home/runner/.m2/repository/org/apache/james/apache-mime4j-core/0.8.12/apache-mime4j-core-0.8.12.jar:/home/runner/.m2/repository/org/apache/james/apache-mime4j-storage/0.8.12/apache-mime4j-storage-0.8.12.jar:/home/runner/.m2/repository/org/jboss/resteasy/resteasy-jackson2-provider/6.2.12.Final/resteasy-jackson2-provider-6.2.12.Final.jar:/home/runner/.m2/repository/com/fasterxml/jackson/jakarta/rs/jackson-jakarta-rs-base/2.18.2/jackson-jakarta-rs-base-2.18.2.jar:/home/runner/.m2/repository/com/fasterxml/jackson/jakarta/rs/jackson-jakarta-rs-json-provider/2.18.2/jackson-jakarta-rs-json-provider-2.18.2.jar:/home/runner/.m2/repository/com/fasterxml/jackson/module/jackson-module-jakarta-xmlbind-annotations/2.18.2/jackson-module-jakarta-xmlbind-annotations-2.18.2.jar:/home/runner/.m2/repository/com/github/java-json-tools/json-patch/1.13/json-patch-1.13.jar:/home/runner/.m2/repository/com/github/java-json-tools/msg-simple/1.2/msg-simple-1.2.jar:/home/runner/.m2/repository/com/github/java-json-tools/btf/1.3/btf-1.3.jar:/home/runner/.m2/repository/com/github/java-json-tools/jackson-coreutils/2.0/jackson-coreutils-2.0.jar:/home/runner/.m2/repository/org/jboss/resteasy/resteasy-jaxb-provider/6.2.12.Final/resteasy-jaxb-provider-6.2.12.Final.jar:/home/runner/.m2/repository/org/glassfish/jaxb/codemodel/4.0.5/codemodel-4.0.5.jar:/home/runner/.m2/repository/org/glassfish/jaxb/jaxb-core/4.0.5/jaxb-core-4.0.5.jar:/home/runner/.m2/repository/org/glassfish/jaxb/jaxb-jxc/4.0.5/jaxb-jxc-4.0.5.jar:/home/runner/.m2/repository/org/glassfish/jaxb/jaxb-runtime/4.0.5/jaxb-runtime-4.0.5.jar:/home/runner/.m2/repository/org/glassfish/jaxb/txw2/4.0.5/txw2-4.0.5.jar:/home/runner/.m2/repository/org/glassfish/jaxb/jaxb-xjc/4.0.5/jaxb-xjc-4.0.5.jar:/home/runner/.m2/repository/org/glassfish/jaxb/xsom/4.0.5/xsom-4.0.5.jar:/home/runner/.m2/repository/com/sun/istack/istack-commons-runtime/4.1.2/istack-commons-runtime-4.1.2.jar:/home/runner/.m2/repository/com/sun/istack/istack-commons-tools/4.1.2/istack-commons-tools-4.1.2.jar:/home/runner/.m2/repository/com/sun/xml/bind/external/relaxng-datatype/4.0.5/relaxng-datatype-4.0.5.jar:/home/runner/.m2/repository/com/sun/xml/bind/external/rngom/4.0.5/rngom-4.0.5.jar:/home/runner/.m2/repository/org/testcontainers/mssqlserver/1.20.6/mssqlserver-1.20.6.jar:/home/runner/.m2/repository/org/testcontainers/jdbc/1.20.6/jdbc-1.20.6.jar:/home/runner/.m2/repository/org/testcontainers/database-commons/1.20.6/database-commons-1.20.6.jar:/home/runner/.m2/repository/org/testcontainers/mysql/1.20.6/mysql-1.20.6.jar:/home/runner/.m2/repository/io/strimzi/strimzi-test-container/0.111.0/strimzi-test-container-0.111.0.jar:/home/runner/.m2/repository/org/testcontainers/toxiproxy/1.20.6/toxiproxy-1.20.6.jar:/home/runner/.m2/repository/com/github/docker-java/docker-java-api/3.4.1/docker-java-api-3.4.1.jar:/home/runner/.m2/repository/org/apache/logging/log4j/log4j-slf4j-impl/2.19.0/log4j-slf4j-impl-2.19.0.jar:/home/runner/.m2/repository/org/apache/logging/log4j/log4j-api/2.24.3/log4j-api-2.24.3.jar:/home/runner/.m2/repository/org/apache/logging/log4j/log4j-core/2.19.0/log4j-core-2.19.0.jar:/home/runner/.m2/repository/eu/rekawek/toxiproxy/toxiproxy-java/2.1.7/toxiproxy-java-2.1.7.jar:/home/runner/.m2/repository/org/testcontainers/pulsar/1.21.3/pulsar-1.21.3.jar:/home/runner/.m2/repository/io/debezium/debezium-testing-testcontainers/2.7.4.Final/debezium-testing-testcontainers-2.7.4.Final.jar:/home/runner/.m2/repository/org/testcontainers/kafka/1.20.6/kafka-1.20.6.jar:/home/runner/.m2/repository/com/squareup/okhttp3/okhttp/4.8.1/okhttp-4.8.1.jar:/home/runner/.m2/repository/com/squareup/okio/okio/3.10.2/okio-3.10.2.jar:/home/runner/.m2/repository/com/squareup/okio/okio-jvm/3.10.2/okio-jvm-3.10.2.jar:/home/runner/.m2/repository/org/jetbrains/kotlin/kotlin-stdlib/2.0.21/kotlin-stdlib-2.0.21.jar:/home/runner/.m2/repository/org/awaitility/awaitility/4.3.0/awaitility-4.3.0.jar:/home/runner/.m2/repository/org/testcontainers/mongodb/1.20.6/mongodb-1.20.6.jar:/home/runner/.m2/repository/org/testcontainers/mariadb/1.20.6/mariadb-1.20.6.jar:/home/runner/.m2/repository/org/testcontainers/oracle-xe/1.20.6/oracle-xe-1.20.6.jar:/home/runner/.m2/repository/org/testcontainers/postgresql/1.20.6/postgresql-1.20.6.jar:/home/runner/.m2/repository/org/wiremock/wiremock/3.0.1/wiremock-3.0.1.jar:/home/runner/.m2/repository/org/eclipse/jetty/jetty-server/11.0.15/jetty-server-11.0.15.jar:/home/runner/.m2/repository/org/eclipse/jetty/toolchain/jetty-jakarta-servlet-api/5.0.2/jetty-jakarta-servlet-api-5.0.2.jar:/home/runner/.m2/repository/org/eclipse/jetty/jetty-http/11.0.15/jetty-http-11.0.15.jar:/home/runner/.m2/repository/org/eclipse/jetty/jetty-io/11.0.15/jetty-io-11.0.15.jar:/home/runner/.m2/repository/org/eclipse/jetty/jetty-servlet/11.0.15/jetty-servlet-11.0.15.jar:/home/runner/.m2/repository/org/eclipse/jetty/jetty-security/11.0.15/jetty-security-11.0.15.jar:/home/runner/.m2/repository/org/eclipse/jetty/jetty-servlets/11.0.15/jetty-servlets-11.0.15.jar:/home/runner/.m2/repository/org/eclipse/jetty/jetty-util/11.0.15/jetty-util-11.0.15.jar:/home/runner/.m2/repository/org/eclipse/jetty/jetty-webapp/11.0.15/jetty-webapp-11.0.15.jar:/home/runner/.m2/repository/org/eclipse/jetty/jetty-xml/11.0.15/jetty-xml-11.0.15.jar:/home/runner/.m2/repository/org/eclipse/jetty/jetty-proxy/11.0.15/jetty-proxy-11.0.15.jar:/home/runner/.m2/repository/org/eclipse/jetty/jetty-client/11.0.15/jetty-client-11.0.15.jar:/home/runner/.m2/repository/org/eclipse/jetty/http2/http2-server/11.0.15/http2-server-11.0.15.jar:/home/runner/.m2/repository/org/eclipse/jetty/http2/http2-common/11.0.15/http2-common-11.0.15.jar:/home/runner/.m2/repository/org/eclipse/jetty/http2/http2-hpack/11.0.15/http2-hpack-11.0.15.jar:/home/runner/.m2/repository/org/eclipse/jetty/jetty-alpn-server/11.0.15/jetty-alpn-server-11.0.15.jar:/home/runner/.m2/repository/org/eclipse/jetty/jetty-alpn-java-server/11.0.15/jetty-alpn-java-server-11.0.15.jar:/home/runner/.m2/repository/org/eclipse/jetty/jetty-alpn-java-client/11.0.15/jetty-alpn-java-client-11.0.15.jar:/home/runner/.m2/repository/org/eclipse/jetty/jetty-alpn-client/11.0.15/jetty-alpn-client-11.0.15.jar:/home/runner/.m2/repository/org/apache/httpcomponents/client5/httpclient5/5.2.1/httpclient5-5.2.1.jar:/home/runner/.m2/repository/org/apache/httpcomponents/core5/httpcore5/5.2/httpcore5-5.2.jar:/home/runner/.m2/repository/org/apache/httpcomponents/core5/httpcore5-h2/5.2/httpcore5-h2-5.2.jar:/home/runner/.m2/repository/org/xmlunit/xmlunit-core/2.9.1/xmlunit-core-2.9.1.jar:/home/runner/.m2/repository/jakarta/xml/bind/jakarta.xml.bind-api/4.0.2/jakarta.xml.bind-api-4.0.2.jar:/home/runner/.m2/repository/org/xmlunit/xmlunit-legacy/2.9.1/xmlunit-legacy-2.9.1.jar:/home/runner/.m2/repository/org/xmlunit/xmlunit-placeholders/2.9.1/xmlunit-placeholders-2.9.1.jar:/home/runner/.m2/repository/net/javacrumbs/json-unit/json-unit-core/2.38.0/json-unit-core-2.38.0.jar:/home/runner/.m2/repository/org/hamcrest/hamcrest-core/2.2/hamcrest-core-2.2.jar:/home/runner/.m2/repository/com/jayway/jsonpath/json-path/2.8.0/json-path-2.8.0.jar:/home/runner/.m2/repository/net/minidev/json-smart/2.4.10/json-smart-2.4.10.jar:/home/runner/.m2/repository/net/minidev/accessors-smart/2.4.9/accessors-smart-2.4.9.jar:/home/runner/.m2/repository/org/ow2/asm/asm/9.7.1/asm-9.7.1.jar:/home/runner/.m2/repository/net/sf/jopt-simple/jopt-simple/5.0.4/jopt-simple-5.0.4.jar:/home/runner/.m2/repository/com/github/jknack/handlebars/4.3.1/handlebars-4.3.1.jar:/home/runner/.m2/repository/com/github/jknack/handlebars-helpers/4.3.1/handlebars-helpers-4.3.1.jar:/home/runner/.m2/repository/commons-fileupload/commons-fileupload/1.5/commons-fileupload-1.5.jar:/home/runner/.m2/repository/com/networknt/json-schema-validator/1.5.8/json-schema-validator-1.5.8.jar:/home/runner/.m2/repository/com/ethlo/time/itu/1.10.3/itu-1.10.3.jar:/home/runner/.m2/repository/io/quarkus/quarkus-smallrye-jwt-build/3.20.2/quarkus-smallrye-jwt-build-3.20.2.jar:/home/runner/.m2/repository/io/smallrye/smallrye-jwt-build/4.6.2/smallrye-jwt-build-4.6.2.jar:/home/runner/.m2/repository/org/eclipse/microprofile/jwt/microprofile-jwt-auth-api/2.1/microprofile-jwt-auth-api-2.1.jar:/home/runner/.m2/repository/org/bitbucket/b_c/jose4j/0.9.6/jose4j-0.9.6.jar:/home/runner/.m2/repository/io/smallrye/smallrye-jwt-common/4.6.2/smallrye-jwt-common-4.6.2.jar:/home/runner/.m2/repository/io/quarkus/quarkus-jsonp/3.20.2/quarkus-jsonp-3.20.2.jar:/home/runner/.m2/repository/io/quarkus/quarkus-arc/3.20.2/quarkus-arc-3.20.2.jar:/home/runner/.m2/repository/io/quarkus/arc/arc/3.20.2/arc-3.20.2.jar:/home/runner/.m2/repository/jakarta/transaction/jakarta.transaction-api/2.0.1/jakarta.transaction-api-2.0.1.jar:/home/runner/.m2/repository/io/smallrye/reactive/mutiny/2.9.2/mutiny-2.9.2.jar:/home/runner/.m2/repository/org/jctools/jctools-core/4.0.5/jctools-core-4.0.5.jar:/home/runner/.m2/repository/org/eclipse/microprofile/context-propagation/microprofile-context-propagation-api/1.3/microprofile-context-propagation-api-1.3.jar:/home/runner/.m2/repository/io/apicurio/apicurio-common-rest-client-common/0.1.18.Final/apicurio-common-rest-client-common-0.1.18.Final.jar:/home/runner/work/apicurio-testing/apicurio-testing/clusters/ci419/namespaces/ksql043/tests/integration/apicurio-registry/utils/maven-plugin/target/apicurio-registry-maven-plugin-3.0.12-SNAPSHOT.jar:/home/runner/.m2/repository/com/fasterxml/jackson/core/jackson-databind/2.18.2/jackson-databind-2.18.2.jar:/home/runner/.m2/repository/org/apache/avro/avro/1.12.0/avro-1.12.0.jar:/home/runner/.m2/repository/com/google/protobuf/protobuf-java/4.31.1/protobuf-java-4.31.1.jar:/home/runner/.m2/repository/com/google/protobuf/protobuf-java-util/4.31.1/protobuf-java-util-4.31.1.jar:/home/runner/.m2/repository/com/google/code/findbugs/jsr305/3.0.2/jsr305-3.0.2.jar:/home/runner/.m2/repository/com/google/code/gson/gson/2.12.1/gson-2.12.1.jar:/home/runner/.m2/repository/com/google/errorprone/error_prone_annotations/2.36.0/error_prone_annotations-2.36.0.jar:/home/runner/.m2/repository/com/google/j2objc/j2objc-annotations/2.8/j2objc-annotations-2.8.jar:/home/runner/work/apicurio-testing/apicurio-testing/clusters/ci419/namespaces/ksql043/tests/integration/apicurio-registry/schema-util/util-provider/target/apicurio-registry-schema-util-provider-3.0.12-SNAPSHOT.jar:/home/runner/work/apicurio-testing/apicurio-testing/clusters/ci419/namespaces/ksql043/tests/integration/apicurio-registry/schema-util/common/target/apicurio-registry-schema-util-common-3.0.12-SNAPSHOT.jar:/home/runner/.m2/repository/com/fasterxml/jackson/module/jackson-module-parameter-names/2.18.2/jackson-module-parameter-names-2.18.2.jar:/home/runner/.m2/repository/com/fasterxml/jackson/datatype/jackson-datatype-json-org/2.18.2/jackson-datatype-json-org-2.18.2.jar:/home/runner/work/apicurio-testing/apicurio-testing/clusters/ci419/namespaces/ksql043/tests/integration/apicurio-registry/schema-util/json/target/apicurio-registry-schema-util-json-3.0.12-SNAPSHOT.jar:/home/runner/.m2/repository/com/github/erosb/everit-json-schema/1.14.5/everit-json-schema-1.14.5.jar:/home/runner/.m2/repository/commons-validator/commons-validator/1.9.0/commons-validator-1.9.0.jar:/home/runner/.m2/repository/commons-digester/commons-digester/2.1/commons-digester-2.1.jar:/home/runner/.m2/repository/commons-collections/commons-collections/3.2.2/commons-collections-3.2.2.jar:/home/runner/.m2/repository/com/damnhandy/handy-uri-templates/2.1.8/handy-uri-templates-2.1.8.jar:/home/runner/.m2/repository/joda-time/joda-time/2.10.2/joda-time-2.10.2.jar:/home/runner/.m2/repository/com/github/erosb/json-sKema/0.20.0/json-sKema-0.20.0.jar:/home/runner/.m2/repository/io/vertx/vertx-json-schema/4.5.16/vertx-json-schema-4.5.16.jar:/home/runner/work/apicurio-testing/apicurio-testing/clusters/ci419/namespaces/ksql043/tests/integration/apicurio-registry/schema-util/protobuf/target/apicurio-registry-schema-util-protobuf-3.0.12-SNAPSHOT.jar:/home/runner/work/apicurio-testing/apicurio-testing/clusters/ci419/namespaces/ksql043/tests/integration/apicurio-registry/utils/protobuf-schema-utilities/target/apicurio-registry-protobuf-schema-utilities-3.0.12-SNAPSHOT.jar:/home/runner/.m2/repository/com/google/api/grpc/proto-google-common-protos/2.52.0/proto-google-common-protos-2.52.0.jar:/home/runner/.m2/repository/com/squareup/wire/wire-schema-jvm/5.3.3/wire-schema-jvm-5.3.3.jar:/home/runner/.m2/repository/com/palantir/javapoet/javapoet/0.6.0/javapoet-0.6.0.jar:/home/runner/.m2/repository/com/squareup/kotlinpoet-jvm/2.0.0/kotlinpoet-jvm-2.0.0.jar:/home/runner/.m2/repository/org/jetbrains/kotlin/kotlin-reflect/2.0.21/kotlin-reflect-2.0.21.jar:/home/runner/.m2/repository/com/squareup/wire/wire-runtime-jvm/5.3.3/wire-runtime-jvm-5.3.3.jar:/home/runner/.m2/repository/com/ibm/icu/icu4j/76.1/icu4j-76.1.jar:/home/runner/.m2/repository/com/squareup/okio/okio-fakefilesystem/3.10.2/okio-fakefilesystem-3.10.2.jar:/home/runner/.m2/repository/com/squareup/okio/okio-fakefilesystem-jvm/3.10.2/okio-fakefilesystem-jvm-3.10.2.jar:/home/runner/.m2/repository/org/jetbrains/kotlinx/kotlinx-datetime-jvm/0.6.1/kotlinx-datetime-jvm-0.6.1.jar:/home/runner/work/apicurio-testing/apicurio-testing/clusters/ci419/namespaces/ksql043/tests/integration/apicurio-registry/schema-util/asyncapi/target/apicurio-registry-schema-util-asyncapi-3.0.12-SNAPSHOT.jar:/home/runner/work/apicurio-testing/apicurio-testing/clusters/ci419/namespaces/ksql043/tests/integration/apicurio-registry/schema-util/avro/target/apicurio-registry-schema-util-avro-3.0.12-SNAPSHOT.jar:/home/runner/work/apicurio-testing/apicurio-testing/clusters/ci419/namespaces/ksql043/tests/integration/apicurio-registry/schema-util/graphql/target/apicurio-registry-schema-util-graphql-3.0.12-SNAPSHOT.jar:/home/runner/.m2/repository/com/graphql-java/graphql-java/22.4/graphql-java-22.4.jar:/home/runner/.m2/repository/com/graphql-java/java-dataloader/3.3.0/java-dataloader-3.3.0.jar:/home/runner/work/apicurio-testing/apicurio-testing/clusters/ci419/namespaces/ksql043/tests/integration/apicurio-registry/schema-util/kconnect/target/apicurio-registry-schema-util-kconnect-3.0.12-SNAPSHOT.jar:/home/runner/work/apicurio-testing/apicurio-testing/clusters/ci419/namespaces/ksql043/tests/integration/apicurio-registry/schema-util/openapi/target/apicurio-registry-schema-util-openapi-3.0.12-SNAPSHOT.jar:/home/runner/.m2/repository/io/apicurio/apicurio-data-models/2.2.2/apicurio-data-models-2.2.2.jar:/home/runner/.m2/repository/org/openapitools/openapidiff/openapi-diff-core/2.1.2/openapi-diff-core-2.1.2.jar:/home/runner/.m2/repository/io/swagger/parser/v3/swagger-parser/2.1.28/swagger-parser-2.1.28.jar:/home/runner/.m2/repository/io/swagger/parser/v3/swagger-parser-v2-converter/2.1.28/swagger-parser-v2-converter-2.1.28.jar:/home/runner/.m2/repository/io/swagger/swagger-core/1.6.16/swagger-core-1.6.16.jar:/home/runner/.m2/repository/io/swagger/swagger-models/1.6.16/swagger-models-1.6.16.jar:/home/runner/.m2/repository/io/swagger/swagger-annotations/1.6.16/swagger-annotations-1.6.16.jar:/home/runner/.m2/repository/io/swagger/swagger-parser/1.0.75/swagger-parser-1.0.75.jar:/home/runner/.m2/repository/io/swagger/swagger-parser-safe-url-resolver/1.0.75/swagger-parser-safe-url-resolver-1.0.75.jar:/home/runner/.m2/repository/io/swagger/swagger-compat-spec-parser/1.0.75/swagger-compat-spec-parser-1.0.75.jar:/home/runner/.m2/repository/com/github/java-json-tools/json-schema-validator/2.2.14/json-schema-validator-2.2.14.jar:/home/runner/.m2/repository/com/github/java-json-tools/jackson-coreutils-equivalence/1.0/jackson-coreutils-equivalence-1.0.jar:/home/runner/.m2/repository/com/github/java-json-tools/json-schema-core/1.2.14/json-schema-core-1.2.14.jar:/home/runner/.m2/repository/com/github/java-json-tools/uri-template/0.10/uri-template-0.10.jar:/home/runner/.m2/repository/com/googlecode/libphonenumber/libphonenumber/8.11.1/libphonenumber-8.11.1.jar:/home/runner/.m2/repository/com/j2html/j2html/1.6.0/j2html-1.6.0.jar:/home/runner/.m2/repository/org/apache/commons/commons-collections4/4.5.0/commons-collections4-4.5.0.jar:/home/runner/.m2/repository/org/slf4j/jcl-over-slf4j/2.0.17/jcl-over-slf4j-2.0.17.jar:/home/runner/.m2/repository/io/swagger/parser/v3/swagger-parser-v3/2.1.31/swagger-parser-v3-2.1.31.jar:/home/runner/.m2/repository/io/swagger/core/v3/swagger-models/2.2.34/swagger-models-2.2.34.jar:/home/runner/.m2/repository/io/swagger/core/v3/swagger-core/2.2.34/swagger-core-2.2.34.jar:/home/runner/.m2/repository/io/swagger/parser/v3/swagger-parser-core/2.1.31/swagger-parser-core-2.1.31.jar:/home/runner/.m2/repository/io/swagger/parser/v3/swagger-parser-safe-url-resolver/2.1.31/swagger-parser-safe-url-resolver-2.1.31.jar:/home/runner/work/apicurio-testing/apicurio-testing/clusters/ci419/namespaces/ksql043/tests/integration/apicurio-registry/schema-util/wsdl/target/apicurio-registry-schema-util-wsdl-3.0.12-SNAPSHOT.jar:/home/runner/.m2/repository/wsdl4j/wsdl4j/1.6.3/wsdl4j-1.6.3.jar:/home/runner/work/apicurio-testing/apicurio-testing/clusters/ci419/namespaces/ksql043/tests/integration/apicurio-registry/schema-util/xml/target/apicurio-registry-schema-util-xml-3.0.12-SNAPSHOT.jar:/home/runner/.m2/repository/org/apache/santuario/xmlsec/4.0.4/xmlsec-4.0.4.jar:/home/runner/.m2/repository/com/fasterxml/woodstox/woodstox-core/7.1.1/woodstox-core-7.1.1.jar:/home/runner/.m2/repository/org/codehaus/woodstox/stax2-api/4.2.2/stax2-api-4.2.2.jar:/home/runner/work/apicurio-testing/apicurio-testing/clusters/ci419/namespaces/ksql043/tests/integration/apicurio-registry/schema-util/xsd/target/apicurio-registry-schema-util-xsd-3.0.12-SNAPSHOT.jar:/home/runner/work/apicurio-testing/apicurio-testing/clusters/ci419/namespaces/ksql043/tests/integration/apicurio-registry/serdes/kafka/jsonschema-serde/target/apicurio-registry-jsonschema-serde-kafka-3.0.12-SNAPSHOT.jar:/home/runner/work/apicurio-testing/apicurio-testing/clusters/ci419/namespaces/ksql043/tests/integration/apicurio-registry/serdes/kafka/serde-kafka-common/target/apicurio-registry-serde-kafka-common-3.0.12-SNAPSHOT.jar:/home/runner/work/apicurio-testing/apicurio-testing/clusters/ci419/namespaces/ksql043/tests/integration/apicurio-registry/serdes/generic/serde-common/target/apicurio-registry-serde-common-3.0.12-SNAPSHOT.jar:/home/runner/work/apicurio-testing/apicurio-testing/clusters/ci419/namespaces/ksql043/tests/integration/apicurio-registry/serdes/generic/serde-common-jsonschema/target/apicurio-registry-serde-common-jsonschema-3.0.12-SNAPSHOT.jar:/home/runner/.m2/repository/org/json/json/20250107/json-20250107.jar:/home/runner/work/apicurio-testing/apicurio-testing/clusters/ci419/namespaces/ksql043/tests/integration/apicurio-registry/serdes/kafka/avro-serde/target/apicurio-registry-avro-serde-kafka-3.0.12-SNAPSHOT.jar:/home/runner/work/apicurio-testing/apicurio-testing/clusters/ci419/namespaces/ksql043/tests/integration/apicurio-registry/serdes/generic/serde-common-avro/target/apicurio-registry-serde-common-avro-3.0.12-SNAPSHOT.jar:/home/runner/work/apicurio-testing/apicurio-testing/clusters/ci419/namespaces/ksql043/tests/integration/apicurio-registry/serdes/kafka/protobuf-serde/target/apicurio-registry-protobuf-serde-kafka-3.0.12-SNAPSHOT.jar:/home/runner/work/apicurio-testing/apicurio-testing/clusters/ci419/namespaces/ksql043/tests/integration/apicurio-registry/serdes/generic/serde-common-protobuf/target/apicurio-registry-serde-common-protobuf-3.0.12-SNAPSHOT.jar:/home/runner/.m2/repository/com/squareup/wire/wire-schema/5.3.3/wire-schema-5.3.3.jar:/home/runner/.m2/repository/com/squareup/wire/wire-runtime/5.3.3/wire-runtime-5.3.3.jar:/home/runner/work/apicurio-testing/apicurio-testing/clusters/ci419/namespaces/ksql043/tests/integration/apicurio-registry/serdes/pulsar/avro-serde/target/apicurio-registry-avro-serde-pulsar-3.0.12-SNAPSHOT.jar:/home/runner/.m2/repository/org/apache/pulsar/pulsar-functions-api/3.3.8/pulsar-functions-api-3.3.8.jar:/home/runner/work/apicurio-testing/apicurio-testing/clusters/ci419/namespaces/ksql043/tests/integration/apicurio-registry/serdes/nats/avro-serde/target/apicurio-registry-avro-serde-nats-3.0.12-SNAPSHOT.jar:/home/runner/.m2/repository/io/nats/jnats/2.21.4/jnats-2.21.4.jar:/home/runner/.m2/repository/org/bouncycastle/bcprov-lts8on/2.73.7/bcprov-lts8on-2.73.7.jar:/home/runner/.m2/repository/org/jetbrains/annotations/26.0.2/annotations-26.0.2.jar:/home/runner/work/apicurio-testing/apicurio-testing/clusters/ci419/namespaces/ksql043/tests/integration/apicurio-registry/utils/converter/target/apicurio-registry-utils-converter-3.0.12-SNAPSHOT.jar:/home/runner/work/apicurio-testing/apicurio-testing/clusters/ci419/namespaces/ksql043/tests/integration/apicurio-registry/schema-resolver/target/apicurio-registry-schema-resolver-3.0.12-SNAPSHOT.jar:/home/runner/.m2/repository/org/apache/kafka/connect-api/3.9.1/connect-api-3.9.1.jar:/home/runner/.m2/repository/javax/ws/rs/javax.ws.rs-api/2.1.1/javax.ws.rs-api-2.1.1.jar:/home/runner/.m2/repository/org/apache/kafka/connect-json/3.9.1/connect-json-3.9.1.jar:/home/runner/.m2/repository/com/fasterxml/jackson/datatype/jackson-datatype-jdk8/2.18.2/jackson-datatype-jdk8-2.18.2.jar:/home/runner/.m2/repository/com/fasterxml/jackson/module/jackson-module-afterburner/2.18.2/jackson-module-afterburner-2.18.2.jar:/home/runner/work/apicurio-testing/apicurio-testing/clusters/ci419/namespaces/ksql043/tests/integration/apicurio-registry/utils/kafka/target/apicurio-registry-utils-kafka-3.0.12-SNAPSHOT.jar:/home/runner/.m2/repository/org/apache/pulsar/pulsar-client/3.3.8/pulsar-client-3.3.8.jar:/home/runner/.m2/repository/org/apache/pulsar/pulsar-client-api/3.3.8/pulsar-client-api-3.3.8.jar:/home/runner/.m2/repository/org/apache/pulsar/pulsar-client-admin-api/3.3.8/pulsar-client-admin-api-3.3.8.jar:/home/runner/.m2/repository/org/apache/pulsar/bouncy-castle-bc/3.3.8/bouncy-castle-bc-3.3.8-pkg.jar:/home/runner/.m2/repository/org/bouncycastle/bcpkix-jdk18on/1.81/bcpkix-jdk18on-1.81.jar:/home/runner/.m2/repository/org/bouncycastle/bcutil-jdk18on/1.81/bcutil-jdk18on-1.81.jar:/home/runner/.m2/repository/org/bouncycastle/bcprov-jdk18on/1.81/bcprov-jdk18on-1.81.jar:/home/runner/.m2/repository/io/opentelemetry/opentelemetry-api/1.44.1/opentelemetry-api-1.44.1.jar:/home/runner/.m2/repository/io/opentelemetry/opentelemetry-context/1.44.1/opentelemetry-context-1.44.1.jar:/home/runner/.m2/repository/io/opentelemetry/opentelemetry-api-incubator/1.44.1-alpha/opentelemetry-api-incubator-1.44.1-alpha.jar:/home/runner/.m2/repository/com/fasterxml/jackson/core/jackson-annotations/2.18.2/jackson-annotations-2.18.2.jar:/home/runner/.m2/repository/javax/validation/validation-api/1.1.0.Final/validation-api-1.1.0.Final.jar:/home/runner/.m2/repository/org/jspecify/jspecify/1.0.0/jspecify-1.0.0.jar:/home/runner/.m2/repository/org/apache/commons/commons-configuration2/2.12.0/commons-configuration2-2.12.0.jar:/home/runner/.m2/repository/commons-logging/commons-logging/1.3.5/commons-logging-1.3.5.jar:/home/runner/.m2/repository/org/apache/commons/commons-text/1.13.0/commons-text-1.13.0.jar:/home/runner/.m2/repository/io/confluent/kafka-avro-serializer/8.0.0/kafka-avro-serializer-8.0.0.jar:/home/runner/.m2/repository/org/apache/commons/commons-compress/1.27.1/commons-compress-1.27.1.jar:/home/runner/.m2/repository/io/confluent/kafka-schema-serializer/8.0.0/kafka-schema-serializer-8.0.0.jar:/home/runner/.m2/repository/com/fasterxml/jackson/dataformat/jackson-dataformat-csv/2.18.2/jackson-dataformat-csv-2.18.2.jar:/home/runner/.m2/repository/io/confluent/kafka-schema-registry-client/8.0.0/kafka-schema-registry-client-8.0.0.jar:/home/runner/.m2/repository/org/yaml/snakeyaml/2.3/snakeyaml-2.3.jar:/home/runner/.m2/repository/io/swagger/core/v3/swagger-annotations/2.2.29/swagger-annotations-2.2.29.jar:/home/runner/.m2/repository/com/google/guava/guava/33.4.0-jre/guava-33.4.0-jre.jar:/home/runner/.m2/repository/com/google/guava/failureaccess/1.0.1/failureaccess-1.0.1.jar:/home/runner/.m2/repository/org/checkerframework/checker-qual/3.49.0/checker-qual-3.49.0.jar:/home/runner/.m2/repository/io/confluent/logredactor/1.0.13/logredactor-1.0.13.jar:/home/runner/.m2/repository/com/google/re2j/re2j/1.6/re2j-1.6.jar:/home/runner/.m2/repository/io/confluent/logredactor-metrics/1.0.13/logredactor-metrics-1.0.13.jar:/home/runner/.m2/repository/com/eclipsesource/minimal-json/minimal-json/0.9.5/minimal-json-0.9.5.jar:/home/runner/.m2/repository/io/confluent/common-utils/8.0.0/common-utils-8.0.0.jar:/home/runner/.m2/repository/io/confluent/kafka-connect-avro-converter/8.0.0/kafka-connect-avro-converter-8.0.0.jar:/home/runner/.m2/repository/io/confluent/kafka-connect-avro-data/8.0.0/kafka-connect-avro-data-8.0.0.jar:/home/runner/.m2/repository/io/confluent/kafka-schema-converter/8.0.0/kafka-schema-converter-8.0.0.jar:/home/runner/.m2/repository/io/rest-assured/rest-assured/5.5.1/rest-assured-5.5.1.jar:/home/runner/.m2/repository/org/apache/groovy/groovy/4.0.22/groovy-4.0.22.jar:/home/runner/.m2/repository/org/apache/groovy/groovy-xml/4.0.22/groovy-xml-4.0.22.jar:/home/runner/.m2/repository/org/apache/httpcomponents/httpclient/4.5.14/httpclient-4.5.14.jar:/home/runner/.m2/repository/org/apache/httpcomponents/httpcore/4.4.16/httpcore-4.4.16.jar:/home/runner/.m2/repository/org/apache/httpcomponents/httpmime/4.5.14/httpmime-4.5.14.jar:/home/runner/.m2/repository/org/hamcrest/hamcrest/2.2/hamcrest-2.2.jar:/home/runner/.m2/repository/org/ccil/cowan/tagsoup/tagsoup/1.2.1/tagsoup-1.2.1.jar:/home/runner/.m2/repository/io/rest-assured/json-path/5.5.1/json-path-5.5.1.jar:/home/runner/.m2/repository/org/apache/groovy/groovy-json/4.0.22/groovy-json-4.0.22.jar:/home/runner/.m2/repository/io/rest-assured/rest-assured-common/5.5.1/rest-assured-common-5.5.1.jar:/home/runner/.m2/repository/io/rest-assured/xml-path/5.5.1/xml-path-5.5.1.jar:/home/runner/.m2/repository/io/zonky/test/embedded-postgres/2.1.0/embedded-postgres-2.1.0.jar:/home/runner/.m2/repository/io/zonky/test/postgres/embedded-postgres-binaries-windows-amd64/14.15.0/embedded-postgres-binaries-windows-amd64-14.15.0.jar:/home/runner/.m2/repository/io/zonky/test/postgres/embedded-postgres-binaries-darwin-amd64/14.15.0/embedded-postgres-binaries-darwin-amd64-14.15.0.jar:/home/runner/.m2/repository/io/zonky/test/postgres/embedded-postgres-binaries-linux-amd64/14.15.0/embedded-postgres-binaries-linux-amd64-14.15.0.jar:/home/runner/.m2/repository/io/zonky/test/postgres/embedded-postgres-binaries-linux-amd64-alpine/14.15.0/embedded-postgres-binaries-linux-amd64-alpine-14.15.0.jar:/home/runner/.m2/repository/org/apache/commons/commons-lang3/3.17.0/commons-lang3-3.17.0.jar:/home/runner/.m2/repository/org/tukaani/xz/1.10/xz-1.10.jar:/home/runner/.m2/repository/commons-codec/commons-codec/1.19.0/commons-codec-1.19.0.jar:/home/runner/.m2/repository/org/postgresql/postgresql/42.7.7/postgresql-42.7.7.jar:/home/runner/.m2/repository/commons-io/commons-io/2.18.0/commons-io-2.18.0.jar:/home/runner/work/apicurio-testing/apicurio-testing/clusters/ci419/namespaces/ksql043/tests/integration/apicurio-registry/utils/importexport/target/apicurio-registry-utils-import-export-3.0.12-SNAPSHOT.jar:/home/runner/.m2/repository/io/vertx/vertx-core/4.5.16/vertx-core-4.5.16.jar:/home/runner/.m2/repository/io/netty/netty-common/4.1.121.Final/netty-common-4.1.121.Final.jar:/home/runner/.m2/repository/io/netty/netty-buffer/4.1.121.Final/netty-buffer-4.1.121.Final.jar:/home/runner/.m2/repository/io/netty/netty-transport/4.1.121.Final/netty-transport-4.1.121.Final.jar:/home/runner/.m2/repository/io/netty/netty-handler/4.1.121.Final/netty-handler-4.1.121.Final.jar:/home/runner/.m2/repository/io/netty/netty-transport-native-unix-common/4.1.121.Final/netty-transport-native-unix-common-4.1.121.Final.jar:/home/runner/.m2/repository/io/netty/netty-codec/4.1.121.Final/netty-codec-4.1.121.Final.jar:/home/runner/.m2/repository/io/netty/netty-handler-proxy/4.1.121.Final/netty-handler-proxy-4.1.121.Final.jar:/home/runner/.m2/repository/io/netty/netty-codec-socks/4.1.121.Final/netty-codec-socks-4.1.121.Final.jar:/home/runner/.m2/repository/io/netty/netty-codec-http/4.1.121.Final/netty-codec-http-4.1.121.Final.jar:/home/runner/.m2/repository/io/netty/netty-codec-http2/4.1.121.Final/netty-codec-http2-4.1.121.Final.jar:/home/runner/.m2/repository/io/netty/netty-resolver/4.1.121.Final/netty-resolver-4.1.121.Final.jar:/home/runner/.m2/repository/io/netty/netty-resolver-dns/4.1.121.Final/netty-resolver-dns-4.1.121.Final.jar:/home/runner/.m2/repository/io/netty/netty-codec-dns/4.1.121.Final/netty-codec-dns-4.1.121.Final.jar:/home/runner/.m2/repository/com/fasterxml/jackson/core/jackson-core/2.18.2/jackson-core-2.18.2.jar:"/>
    <property name="java.vm.vendor" value="Eclipse Adoptium"/>
    <property name="maven.javadoc.skip" value="true"/>
    <property name="sun.arch.data.model" value="64"/>
    <property name="java.vendor.url" value="https://adoptium.net/"/>
    <property name="user.timezone" value="Etc/UTC"/>
    <property name="os.name" value="Linux"/>
    <property name="java.vm.specification.version" value="17"/>
    <property name="sun.java.launcher" value="SUN_STANDARD"/>
    <property name="quarkus.http.test-port" value="80"/>
    <property name="sun.boot.library.path" value="/usr/lib/jvm/temurin-17-jdk-amd64/lib"/>
    <property name="sun.java.command" value="/home/runner/work/apicurio-testing/apicurio-testing/clusters/ci419/namespaces/ksql043/tests/integration/apicurio-registry/integration-tests/target/surefire/surefirebooter-20250806185838235_3.jar /home/runner/work/apicurio-testing/apicurio-testing/clusters/ci419/namespaces/ksql043/tests/integration/apicurio-registry/integration-tests/target/surefire 2025-08-06T18-58-38_101-jvmRun1 surefire-20250806185838235_1tmp surefire_0-20250806185838235_2tmp"/>
    <property name="maven.home" value="/home/runner/.m2/wrapper/dists/apache-maven-3.9.8-bin/4fnp1ql35bgk2a0p7m31ovbgb0/apache-maven-3.9.8"/>
    <property name="jdk.debug" value="release"/>
    <property name="surefire.test.class.path" value="/home/runner/work/apicurio-testing/apicurio-testing/clusters/ci419/namespaces/ksql043/tests/integration/apicurio-registry/integration-tests/target/test-classes:/home/runner/work/apicurio-testing/apicurio-testing/clusters/ci419/namespaces/ksql043/tests/integration/apicurio-registry/integration-tests/target/apicurio-registry-integration-tests-3.0.12-SNAPSHOT.jar:/home/runner/.m2/repository/io/quarkus/quarkus-junit5/3.20.2/quarkus-junit5-3.20.2.jar:/home/runner/.m2/repository/io/quarkus/quarkus-bootstrap-core/3.20.2/quarkus-bootstrap-core-3.20.2.jar:/home/runner/.m2/repository/io/quarkus/quarkus-classloader-commons/3.20.2/quarkus-classloader-commons-3.20.2.jar:/home/runner/.m2/repository/io/quarkus/quarkus-bootstrap-app-model/3.20.2/quarkus-bootstrap-app-model-3.20.2.jar:/home/runner/.m2/repository/io/smallrye/common/smallrye-common-io/2.12.0/smallrye-common-io-2.12.0.jar:/home/runner/.m2/repository/org/eclipse/sisu/org.eclipse.sisu.inject/0.9.0.M3/org.eclipse.sisu.inject-0.9.0.M3.jar:/home/runner/.m2/repository/io/quarkus/quarkus-test-common/3.20.2/quarkus-test-common-3.20.2.jar:/home/runner/.m2/repository/io/quarkus/quarkus-core-deployment/3.20.2/quarkus-core-deployment-3.20.2.jar:/home/runner/.m2/repository/org/aesh/readline/2.6/readline-2.6.jar:/home/runner/.m2/repository/org/fusesource/jansi/jansi/2.4.0/jansi-2.4.0.jar:/home/runner/.m2/repository/org/aesh/aesh/2.8.2/aesh-2.8.2.jar:/home/runner/.m2/repository/io/quarkus/gizmo/gizmo/1.8.0/gizmo-1.8.0.jar:/home/runner/.m2/repository/org/ow2/asm/asm-util/9.7.1/asm-util-9.7.1.jar:/home/runner/.m2/repository/org/ow2/asm/asm-analysis/9.7.1/asm-analysis-9.7.1.jar:/home/runner/.m2/repository/org/ow2/asm/asm-commons/9.7.1/asm-commons-9.7.1.jar:/home/runner/.m2/repository/org/ow2/asm/asm-tree/9.7.1/asm-tree-9.7.1.jar:/home/runner/.m2/repository/io/quarkus/quarkus-hibernate-validator-spi/3.20.2/quarkus-hibernate-validator-spi-3.20.2.jar:/home/runner/.m2/repository/io/quarkus/quarkus-class-change-agent/3.20.2/quarkus-class-change-agent-3.20.2.jar:/home/runner/.m2/repository/io/quarkus/quarkus-devtools-utilities/3.20.2/quarkus-devtools-utilities-3.20.2.jar:/home/runner/.m2/repository/io/quarkus/quarkus-builder/3.20.2/quarkus-builder-3.20.2.jar:/home/runner/.m2/repository/org/graalvm/sdk/nativeimage/23.1.2/nativeimage-23.1.2.jar:/home/runner/.m2/repository/org/graalvm/sdk/word/23.1.2/word-23.1.2.jar:/home/runner/.m2/repository/io/quarkus/quarkus-bootstrap-maven-resolver/3.20.2/quarkus-bootstrap-maven-resolver-3.20.2.jar:/home/runner/.m2/repository/io/smallrye/beanbag/smallrye-beanbag-maven/1.5.2/smallrye-beanbag-maven-1.5.2.jar:/home/runner/.m2/repository/io/smallrye/beanbag/smallrye-beanbag-sisu/1.5.2/smallrye-beanbag-sisu-1.5.2.jar:/home/runner/.m2/repository/io/smallrye/beanbag/smallrye-beanbag/1.5.2/smallrye-beanbag-1.5.2.jar:/home/runner/.m2/repository/javax/inject/javax.inject/1/javax.inject-1.jar:/home/runner/.m2/repository/org/apache/maven/maven-artifact/3.9.9/maven-artifact-3.9.9.jar:/home/runner/.m2/repository/org/apache/maven/maven-builder-support/3.9.9/maven-builder-support-3.9.9.jar:/home/runner/.m2/repository/org/apache/maven/maven-model/3.9.9/maven-model-3.9.9.jar:/home/runner/.m2/repository/org/apache/maven/maven-model-builder/3.9.9/maven-model-builder-3.9.9.jar:/home/runner/.m2/repository/org/apache/maven/maven-repository-metadata/3.9.9/maven-repository-metadata-3.9.9.jar:/home/runner/.m2/repository/org/apache/maven/maven-settings/3.9.9/maven-settings-3.9.9.jar:/home/runner/.m2/repository/org/apache/maven/resolver/maven-resolver-api/1.9.22/maven-resolver-api-1.9.22.jar:/home/runner/.m2/repository/org/apache/maven/resolver/maven-resolver-impl/1.9.22/maven-resolver-impl-1.9.22.jar:/home/runner/.m2/repository/org/apache/maven/resolver/maven-resolver-named-locks/1.9.22/maven-resolver-named-locks-1.9.22.jar:/home/runner/.m2/repository/org/apache/maven/resolver/maven-resolver-spi/1.9.22/maven-resolver-spi-1.9.22.jar:/home/runner/.m2/repository/org/apache/maven/resolver/maven-resolver-util/1.9.22/maven-resolver-util-1.9.22.jar:/home/runner/.m2/repository/org/apache/maven/resolver/maven-resolver-transport-http/1.9.20/maven-resolver-transport-http-1.9.20.jar:/home/runner/.m2/repository/org/apache/maven/wagon/wagon-provider-api/3.5.3/wagon-provider-api-3.5.3.jar:/home/runner/.m2/repository/org/apache/maven/wagon/wagon-http-shared/3.5.3/wagon-http-shared-3.5.3.jar:/home/runner/.m2/repository/org/codehaus/plexus/plexus-interpolation/1.26/plexus-interpolation-1.26.jar:/home/runner/.m2/repository/org/codehaus/plexus/plexus-utils/3.5.1/plexus-utils-3.5.1.jar:/home/runner/.m2/repository/org/codehaus/plexus/plexus-xml/4.0.1/plexus-xml-4.0.1.jar:/home/runner/.m2/repository/org/apache/maven/maven-xml-impl/4.0.0-alpha-5/maven-xml-impl-4.0.0-alpha-5.jar:/home/runner/.m2/repository/org/apache/maven/maven-api-xml/4.0.0-alpha-5/maven-api-xml-4.0.0-alpha-5.jar:/home/runner/.m2/repository/org/apache/maven/maven-api-meta/4.0.0-alpha-5/maven-api-meta-4.0.0-alpha-5.jar:/home/runner/.m2/repository/org/codehaus/plexus/plexus-cipher/2.0/plexus-cipher-2.0.jar:/home/runner/.m2/repository/org/codehaus/plexus/plexus-sec-dispatcher/2.0/plexus-sec-dispatcher-2.0.jar:/home/runner/.m2/repository/org/apache/maven/maven-embedder/3.9.9/maven-embedder-3.9.9.jar:/home/runner/.m2/repository/org/apache/maven/maven-core/3.9.9/maven-core-3.9.9.jar:/home/runner/.m2/repository/org/codehaus/plexus/plexus-component-annotations/2.1.0/plexus-component-annotations-2.1.0.jar:/home/runner/.m2/repository/org/apache/maven/maven-plugin-api/3.9.9/maven-plugin-api-3.9.9.jar:/home/runner/.m2/repository/org/apache/maven/shared/maven-shared-utils/3.4.2/maven-shared-utils-3.4.2.jar:/home/runner/.m2/repository/com/google/inject/guice/5.1.0/guice-5.1.0.jar:/home/runner/.m2/repository/aopalliance/aopalliance/1.0/aopalliance-1.0.jar:/home/runner/.m2/repository/org/codehaus/plexus/plexus-classworlds/2.6.0/plexus-classworlds-2.6.0.jar:/home/runner/.m2/repository/commons-cli/commons-cli/1.8.0/commons-cli-1.8.0.jar:/home/runner/.m2/repository/org/eclipse/sisu/org.eclipse.sisu.plexus/0.9.0.M3/org.eclipse.sisu.plexus-0.9.0.M3.jar:/home/runner/.m2/repository/org/apache/maven/maven-settings-builder/3.9.9/maven-settings-builder-3.9.9.jar:/home/runner/.m2/repository/org/apache/maven/maven-resolver-provider/3.9.9/maven-resolver-provider-3.9.9.jar:/home/runner/.m2/repository/org/apache/maven/resolver/maven-resolver-connector-basic/1.9.22/maven-resolver-connector-basic-1.9.22.jar:/home/runner/.m2/repository/org/apache/maven/resolver/maven-resolver-transport-wagon/1.9.22/maven-resolver-transport-wagon-1.9.22.jar:/home/runner/.m2/repository/org/apache/maven/wagon/wagon-http/3.5.3/wagon-http-3.5.3.jar:/home/runner/.m2/repository/org/apache/maven/wagon/wagon-file/3.5.3/wagon-file-3.5.3.jar:/home/runner/.m2/repository/io/quarkus/quarkus-bootstrap-gradle-resolver/3.20.2/quarkus-bootstrap-gradle-resolver-3.20.2.jar:/home/runner/.m2/repository/io/smallrye/jandex/3.3.0/jandex-3.3.0.jar:/home/runner/.m2/repository/org/jboss/logging/commons-logging-jboss-logging/1.0.0.Final/commons-logging-jboss-logging-1.0.0.Final.jar:/home/runner/.m2/repository/io/quarkus/quarkus-junit5-config/3.20.2/quarkus-junit5-config-3.20.2.jar:/home/runner/.m2/repository/org/junit/jupiter/junit-jupiter-api/5.12.1/junit-jupiter-api-5.12.1.jar:/home/runner/.m2/repository/io/smallrye/config/smallrye-config/3.11.4/smallrye-config-3.11.4.jar:/home/runner/.m2/repository/io/smallrye/config/smallrye-config-core/3.11.4/smallrye-config-core-3.11.4.jar:/home/runner/.m2/repository/io/smallrye/common/smallrye-common-classloader/2.12.0/smallrye-common-classloader-2.12.0.jar:/home/runner/.m2/repository/io/smallrye/config/smallrye-config-common/3.11.4/smallrye-config-common-3.11.4.jar:/home/runner/.m2/repository/org/junit/jupiter/junit-jupiter/5.12.1/junit-jupiter-5.12.1.jar:/home/runner/.m2/repository/org/junit/jupiter/junit-jupiter-params/5.12.1/junit-jupiter-params-5.12.1.jar:/home/runner/.m2/repository/org/junit/jupiter/junit-jupiter-engine/5.12.1/junit-jupiter-engine-5.12.1.jar:/home/runner/.m2/repository/io/quarkus/quarkus-core/3.20.2/quarkus-core-3.20.2.jar:/home/runner/.m2/repository/jakarta/enterprise/jakarta.enterprise.cdi-api/4.1.0/jakarta.enterprise.cdi-api-4.1.0.jar:/home/runner/.m2/repository/jakarta/enterprise/jakarta.enterprise.lang-model/4.1.0/jakarta.enterprise.lang-model-4.1.0.jar:/home/runner/.m2/repository/jakarta/el/jakarta.el-api/5.0.1/jakarta.el-api-5.0.1.jar:/home/runner/.m2/repository/jakarta/interceptor/jakarta.interceptor-api/2.2.0/jakarta.interceptor-api-2.2.0.jar:/home/runner/.m2/repository/jakarta/inject/jakarta.inject-api/2.0.1/jakarta.inject-api-2.0.1.jar:/home/runner/.m2/repository/io/smallrye/common/smallrye-common-os/2.12.0/smallrye-common-os-2.12.0.jar:/home/runner/.m2/repository/io/quarkus/quarkus-ide-launcher/3.20.2/quarkus-ide-launcher-3.20.2.jar:/home/runner/.m2/repository/io/quarkus/quarkus-development-mode-spi/3.20.2/quarkus-development-mode-spi-3.20.2.jar:/home/runner/.m2/repository/org/jboss/logging/jboss-logging/3.6.1.Final/jboss-logging-3.6.1.Final.jar:/home/runner/.m2/repository/org/jboss/logmanager/jboss-logmanager/3.1.2.Final/jboss-logmanager-3.1.2.Final.jar:/home/runner/.m2/repository/io/smallrye/common/smallrye-common-constraint/2.12.0/smallrye-common-constraint-2.12.0.jar:/home/runner/.m2/repository/io/smallrye/common/smallrye-common-cpu/2.12.0/smallrye-common-cpu-2.12.0.jar:/home/runner/.m2/repository/io/smallrye/common/smallrye-common-expression/2.12.0/smallrye-common-expression-2.12.0.jar:/home/runner/.m2/repository/io/smallrye/common/smallrye-common-net/2.12.0/smallrye-common-net-2.12.0.jar:/home/runner/.m2/repository/io/smallrye/common/smallrye-common-ref/2.12.0/smallrye-common-ref-2.12.0.jar:/home/runner/.m2/repository/jakarta/json/jakarta.json-api/2.1.3/jakarta.json-api-2.1.3.jar:/home/runner/.m2/repository/org/eclipse/parsson/parsson/1.1.7/parsson-1.1.7.jar:/home/runner/.m2/repository/org/jboss/logging/jboss-logging-annotations/3.0.4.Final/jboss-logging-annotations-3.0.4.Final.jar:/home/runner/.m2/repository/org/jboss/threads/jboss-threads/3.8.0.Final/jboss-threads-3.8.0.Final.jar:/home/runner/.m2/repository/io/smallrye/common/smallrye-common-annotation/2.12.0/smallrye-common-annotation-2.12.0.jar:/home/runner/.m2/repository/io/smallrye/common/smallrye-common-function/2.12.0/smallrye-common-function-2.12.0.jar:/home/runner/.m2/repository/org/jboss/slf4j/slf4j-jboss-logmanager/2.0.0.Final/slf4j-jboss-logmanager-2.0.0.Final.jar:/home/runner/.m2/repository/org/wildfly/common/wildfly-common/2.0.1/wildfly-common-2.0.1.jar:/home/runner/.m2/repository/io/quarkus/quarkus-bootstrap-runner/3.20.2/quarkus-bootstrap-runner-3.20.2.jar:/home/runner/.m2/repository/io/github/crac/org-crac/0.1.3/org-crac-0.1.3.jar:/home/runner/.m2/repository/io/quarkus/quarkus-fs-util/0.0.10/quarkus-fs-util-0.0.10.jar:/home/runner/.m2/repository/org/jboss/marshalling/jboss-marshalling/2.2.2.Final/jboss-marshalling-2.2.2.Final.jar:/home/runner/.m2/repository/io/fabric8/kubernetes-client/7.1.0/kubernetes-client-7.1.0.jar:/home/runner/.m2/repository/io/fabric8/kubernetes-client-api/7.1.0/kubernetes-client-api-7.1.0.jar:/home/runner/.m2/repository/io/fabric8/kubernetes-model-core/7.1.0/kubernetes-model-core-7.1.0.jar:/home/runner/.m2/repository/io/fabric8/kubernetes-model-common/7.1.0/kubernetes-model-common-7.1.0.jar:/home/runner/.m2/repository/javax/annotation/javax.annotation-api/1.3.2/javax.annotation-api-1.3.2.jar:/home/runner/.m2/repository/io/fabric8/kubernetes-model-gatewayapi/7.1.0/kubernetes-model-gatewayapi-7.1.0.jar:/home/runner/.m2/repository/io/fabric8/kubernetes-model-resource/7.1.0/kubernetes-model-resource-7.1.0.jar:/home/runner/.m2/repository/io/fabric8/kubernetes-model-rbac/7.1.0/kubernetes-model-rbac-7.1.0.jar:/home/runner/.m2/repository/io/fabric8/kubernetes-model-admissionregistration/7.1.0/kubernetes-model-admissionregistration-7.1.0.jar:/home/runner/.m2/repository/io/fabric8/kubernetes-model-apps/7.1.0/kubernetes-model-apps-7.1.0.jar:/home/runner/.m2/repository/io/fabric8/kubernetes-model-autoscaling/7.1.0/kubernetes-model-autoscaling-7.1.0.jar:/home/runner/.m2/repository/io/fabric8/kubernetes-model-apiextensions/7.1.0/kubernetes-model-apiextensions-7.1.0.jar:/home/runner/.m2/repository/io/fabric8/kubernetes-model-batch/7.1.0/kubernetes-model-batch-7.1.0.jar:/home/runner/.m2/repository/io/fabric8/kubernetes-model-certificates/7.1.0/kubernetes-model-certificates-7.1.0.jar:/home/runner/.m2/repository/io/fabric8/kubernetes-model-coordination/7.1.0/kubernetes-model-coordination-7.1.0.jar:/home/runner/.m2/repository/io/fabric8/kubernetes-model-discovery/7.1.0/kubernetes-model-discovery-7.1.0.jar:/home/runner/.m2/repository/io/fabric8/kubernetes-model-events/7.1.0/kubernetes-model-events-7.1.0.jar:/home/runner/.m2/repository/io/fabric8/kubernetes-model-extensions/7.1.0/kubernetes-model-extensions-7.1.0.jar:/home/runner/.m2/repository/io/fabric8/kubernetes-model-flowcontrol/7.1.0/kubernetes-model-flowcontrol-7.1.0.jar:/home/runner/.m2/repository/io/fabric8/kubernetes-model-networking/7.1.0/kubernetes-model-networking-7.1.0.jar:/home/runner/.m2/repository/io/fabric8/kubernetes-model-metrics/7.1.0/kubernetes-model-metrics-7.1.0.jar:/home/runner/.m2/repository/io/fabric8/kubernetes-model-policy/7.1.0/kubernetes-model-policy-7.1.0.jar:/home/runner/.m2/repository/io/fabric8/kubernetes-model-scheduling/7.1.0/kubernetes-model-scheduling-7.1.0.jar:/home/runner/.m2/repository/io/fabric8/kubernetes-model-storageclass/7.1.0/kubernetes-model-storageclass-7.1.0.jar:/home/runner/.m2/repository/io/fabric8/kubernetes-model-node/7.1.0/kubernetes-model-node-7.1.0.jar:/home/runner/.m2/repository/org/snakeyaml/snakeyaml-engine/2.9/snakeyaml-engine-2.9.jar:/home/runner/.m2/repository/com/fasterxml/jackson/dataformat/jackson-dataformat-yaml/2.18.2/jackson-dataformat-yaml-2.18.2.jar:/home/runner/.m2/repository/com/fasterxml/jackson/datatype/jackson-datatype-jsr310/2.18.2/jackson-datatype-jsr310-2.18.2.jar:/home/runner/.m2/repository/io/fabric8/zjsonpatch/7.1.0/zjsonpatch-7.1.0.jar:/home/runner/.m2/repository/io/fabric8/kubernetes-httpclient-vertx/7.1.0/kubernetes-httpclient-vertx-7.1.0.jar:/home/runner/.m2/repository/io/vertx/vertx-web-client/4.5.16/vertx-web-client-4.5.16.jar:/home/runner/.m2/repository/io/vertx/vertx-web-common/4.5.16/vertx-web-common-4.5.16.jar:/home/runner/.m2/repository/io/vertx/vertx-auth-common/4.5.16/vertx-auth-common-4.5.16.jar:/home/runner/.m2/repository/io/vertx/vertx-uri-template/4.5.16/vertx-uri-template-4.5.16.jar:/home/runner/.m2/repository/io/fabric8/openshift-client/7.1.0/openshift-client-7.1.0.jar:/home/runner/.m2/repository/io/fabric8/openshift-client-api/7.1.0/openshift-client-api-7.1.0.jar:/home/runner/.m2/repository/io/fabric8/openshift-model/7.1.0/openshift-model-7.1.0.jar:/home/runner/.m2/repository/io/fabric8/openshift-model-autoscaling/7.1.0/openshift-model-autoscaling-7.1.0.jar:/home/runner/.m2/repository/io/fabric8/openshift-model-operator/7.1.0/openshift-model-operator-7.1.0.jar:/home/runner/.m2/repository/io/fabric8/openshift-model-operatorhub/7.1.0/openshift-model-operatorhub-7.1.0.jar:/home/runner/.m2/repository/io/fabric8/openshift-model-machine/7.1.0/openshift-model-machine-7.1.0.jar:/home/runner/.m2/repository/io/fabric8/openshift-model-whereabouts/7.1.0/openshift-model-whereabouts-7.1.0.jar:/home/runner/.m2/repository/io/fabric8/openshift-model-monitoring/7.1.0/openshift-model-monitoring-7.1.0.jar:/home/runner/.m2/repository/io/fabric8/openshift-model-storageversionmigrator/7.1.0/openshift-model-storageversionmigrator-7.1.0.jar:/home/runner/.m2/repository/io/fabric8/openshift-model-tuned/7.1.0/openshift-model-tuned-7.1.0.jar:/home/runner/.m2/repository/io/fabric8/openshift-model-console/7.1.0/openshift-model-console-7.1.0.jar:/home/runner/.m2/repository/io/fabric8/openshift-model-config/7.1.0/openshift-model-config-7.1.0.jar:/home/runner/.m2/repository/io/fabric8/openshift-model-machineconfiguration/7.1.0/openshift-model-machineconfiguration-7.1.0.jar:/home/runner/.m2/repository/io/fabric8/openshift-model-miscellaneous/7.1.0/openshift-model-miscellaneous-7.1.0.jar:/home/runner/.m2/repository/io/fabric8/openshift-model-hive/7.1.0/openshift-model-hive-7.1.0.jar:/home/runner/.m2/repository/io/fabric8/openshift-model-installer/7.1.0/openshift-model-installer-7.1.0.jar:/home/runner/.m2/repository/org/junit/platform/junit-platform-launcher/1.12.1/junit-platform-launcher-1.12.1.jar:/home/runner/.m2/repository/org/junit/platform/junit-platform-engine/1.12.1/junit-platform-engine-1.12.1.jar:/home/runner/.m2/repository/org/opentest4j/opentest4j/1.3.0/opentest4j-1.3.0.jar:/home/runner/.m2/repository/org/junit/platform/junit-platform-commons/1.12.1/junit-platform-commons-1.12.1.jar:/home/runner/.m2/repository/org/apiguardian/apiguardian-api/1.1.2/apiguardian-api-1.1.2.jar:/home/runner/.m2/repository/jakarta/ws/rs/jakarta.ws.rs-api/3.1.0/jakarta.ws.rs-api-3.1.0.jar:/home/runner/work/apicurio-testing/apicurio-testing/clusters/ci419/namespaces/ksql043/tests/integration/apicurio-registry/java-sdk/target/apicurio-registry-java-sdk-3.0.12-SNAPSHOT.jar:/home/runner/.m2/repository/com/microsoft/kiota/microsoft-kiota-abstractions/1.8.8/microsoft-kiota-abstractions-1.8.8.jar:/home/runner/.m2/repository/io/github/std-uritemplate/std-uritemplate/2.0.0/std-uritemplate-2.0.0.jar:/home/runner/.m2/repository/io/kiota/kiota-http-jdk/0.0.29/kiota-http-jdk-0.0.29.jar:/home/runner/.m2/repository/io/kiota/kiota-http-vertx/0.0.29/kiota-http-vertx-0.0.29.jar:/home/runner/.m2/repository/io/kiota/kiota-serialization-jackson/0.0.29/kiota-serialization-jackson-0.0.29.jar:/home/runner/.m2/repository/com/microsoft/kiota/microsoft-kiota-serialization-text/1.8.8/microsoft-kiota-serialization-text-1.8.8.jar:/home/runner/.m2/repository/com/microsoft/kiota/microsoft-kiota-serialization-form/1.8.8/microsoft-kiota-serialization-form-1.8.8.jar:/home/runner/.m2/repository/com/microsoft/kiota/microsoft-kiota-serialization-multipart/1.8.8/microsoft-kiota-serialization-multipart-1.8.8.jar:/home/runner/.m2/repository/jakarta/annotation/jakarta.annotation-api/3.0.0/jakarta.annotation-api-3.0.0.jar:/home/runner/.m2/repository/io/vertx/vertx-auth-oauth2/4.5.16/vertx-auth-oauth2-4.5.16.jar:/home/runner/work/apicurio-testing/apicurio-testing/clusters/ci419/namespaces/ksql043/tests/integration/apicurio-registry/java-sdk-v2/target/apicurio-registry-v2-java-sdk-3.0.12-SNAPSHOT.jar:/home/runner/work/apicurio-testing/apicurio-testing/clusters/ci419/namespaces/ksql043/tests/integration/apicurio-registry/utils/kafka/target/apicurio-registry-utils-kafka-3.0.12-SNAPSHOT-tests.jar:/home/runner/.m2/repository/org/eclipse/microprofile/config/microprofile-config-api/3.1/microprofile-config-api-3.1.jar:/home/runner/.m2/repository/org/apache/kafka/kafka-clients/3.9.1/kafka-clients-3.9.1.jar:/home/runner/.m2/repository/com/github/luben/zstd-jni/1.5.6-4/zstd-jni-1.5.6-4.jar:/home/runner/.m2/repository/org/lz4/lz4-java/1.8.0/lz4-java-1.8.0.jar:/home/runner/.m2/repository/org/xerial/snappy/snappy-java/1.1.10.5/snappy-java-1.1.10.5.jar:/home/runner/.m2/repository/org/slf4j/slf4j-api/2.0.6/slf4j-api-2.0.6.jar:/home/runner/work/apicurio-testing/apicurio-testing/clusters/ci419/namespaces/ksql043/tests/integration/apicurio-registry/utils/tests/target/apicurio-registry-utils-tests-3.0.12-SNAPSHOT.jar:/home/runner/work/apicurio-testing/apicurio-testing/clusters/ci419/namespaces/ksql043/tests/integration/apicurio-registry/common/target/apicurio-registry-common-3.0.12-SNAPSHOT.jar:/home/runner/.m2/repository/jakarta/validation/jakarta.validation-api/3.0.2/jakarta.validation-api-3.0.2.jar:/home/runner/.m2/repository/com/github/dasniko/testcontainers-keycloak/3.8.0/testcontainers-keycloak-3.8.0.jar:/home/runner/.m2/repository/org/testcontainers/testcontainers/1.20.6/testcontainers-1.20.6.jar:/home/runner/.m2/repository/org/rnorth/duct-tape/duct-tape/1.0.8/duct-tape-1.0.8.jar:/home/runner/.m2/repository/com/github/docker-java/docker-java-transport-zerodep/3.4.1/docker-java-transport-zerodep-3.4.1.jar:/home/runner/.m2/repository/com/github/docker-java/docker-java-transport/3.4.1/docker-java-transport-3.4.1.jar:/home/runner/.m2/repository/net/java/dev/jna/jna/5.8.0/jna-5.8.0.jar:/home/runner/.m2/repository/io/quarkus/quarkus-junit4-mock/3.20.2/quarkus-junit4-mock-3.20.2.jar:/home/runner/.m2/repository/org/jboss/shrinkwrap/shrinkwrap-api/2.0.0-beta-2/shrinkwrap-api-2.0.0-beta-2.jar:/home/runner/.m2/repository/org/jboss/shrinkwrap/shrinkwrap-impl-base/2.0.0-beta-2/shrinkwrap-impl-base-2.0.0-beta-2.jar:/home/runner/.m2/repository/org/jboss/shrinkwrap/shrinkwrap-spi/2.0.0-beta-2/shrinkwrap-spi-2.0.0-beta-2.jar:/home/runner/.m2/repository/org/keycloak/keycloak-admin-client/26.0.4/keycloak-admin-client-26.0.4.jar:/home/runner/.m2/repository/org/keycloak/keycloak-client-common-synced/26.0.4/keycloak-client-common-synced-26.0.4.jar:/home/runner/.m2/repository/jakarta/activation/jakarta.activation-api/2.1.3/jakarta.activation-api-2.1.3.jar:/home/runner/.m2/repository/org/eclipse/microprofile/openapi/microprofile-openapi-api/4.0.2/microprofile-openapi-api-4.0.2.jar:/home/runner/.m2/repository/org/jboss/resteasy/resteasy-client/6.2.12.Final/resteasy-client-6.2.12.Final.jar:/home/runner/.m2/repository/org/jboss/resteasy/resteasy-client-api/6.2.12.Final/resteasy-client-api-6.2.12.Final.jar:/home/runner/.m2/repository/org/jboss/resteasy/resteasy-core-spi/6.2.12.Final/resteasy-core-spi-6.2.12.Final.jar:/home/runner/.m2/repository/org/jboss/resteasy/resteasy-core/6.2.12.Final/resteasy-core-6.2.12.Final.jar:/home/runner/.m2/repository/org/eclipse/angus/angus-activation/2.0.2/angus-activation-2.0.2.jar:/home/runner/.m2/repository/com/ibm/async/asyncutil/0.1.0/asyncutil-0.1.0.jar:/home/runner/.m2/repository/org/reactivestreams/reactive-streams/1.0.4/reactive-streams-1.0.4.jar:/home/runner/.m2/repository/org/jboss/resteasy/resteasy-multipart-provider/6.2.12.Final/resteasy-multipart-provider-6.2.12.Final.jar:/home/runner/.m2/repository/jakarta/mail/jakarta.mail-api/2.1.3/jakarta.mail-api-2.1.3.jar:/home/runner/.m2/repository/org/eclipse/angus/angus-mail/2.0.3/angus-mail-2.0.3.jar:/home/runner/.m2/repository/org/apache/james/apache-mime4j-dom/0.8.12/apache-mime4j-dom-0.8.12.jar:/home/runner/.m2/repository/org/apache/james/apache-mime4j-core/0.8.12/apache-mime4j-core-0.8.12.jar:/home/runner/.m2/repository/org/apache/james/apache-mime4j-storage/0.8.12/apache-mime4j-storage-0.8.12.jar:/home/runner/.m2/repository/org/jboss/resteasy/resteasy-jackson2-provider/6.2.12.Final/resteasy-jackson2-provider-6.2.12.Final.jar:/home/runner/.m2/repository/com/fasterxml/jackson/jakarta/rs/jackson-jakarta-rs-base/2.18.2/jackson-jakarta-rs-base-2.18.2.jar:/home/runner/.m2/repository/com/fasterxml/jackson/jakarta/rs/jackson-jakarta-rs-json-provider/2.18.2/jackson-jakarta-rs-json-provider-2.18.2.jar:/home/runner/.m2/repository/com/fasterxml/jackson/module/jackson-module-jakarta-xmlbind-annotations/2.18.2/jackson-module-jakarta-xmlbind-annotations-2.18.2.jar:/home/runner/.m2/repository/com/github/java-json-tools/json-patch/1.13/json-patch-1.13.jar:/home/runner/.m2/repository/com/github/java-json-tools/msg-simple/1.2/msg-simple-1.2.jar:/home/runner/.m2/repository/com/github/java-json-tools/btf/1.3/btf-1.3.jar:/home/runner/.m2/repository/com/github/java-json-tools/jackson-coreutils/2.0/jackson-coreutils-2.0.jar:/home/runner/.m2/repository/org/jboss/resteasy/resteasy-jaxb-provider/6.2.12.Final/resteasy-jaxb-provider-6.2.12.Final.jar:/home/runner/.m2/repository/org/glassfish/jaxb/codemodel/4.0.5/codemodel-4.0.5.jar:/home/runner/.m2/repository/org/glassfish/jaxb/jaxb-core/4.0.5/jaxb-core-4.0.5.jar:/home/runner/.m2/repository/org/glassfish/jaxb/jaxb-jxc/4.0.5/jaxb-jxc-4.0.5.jar:/home/runner/.m2/repository/org/glassfish/jaxb/jaxb-runtime/4.0.5/jaxb-runtime-4.0.5.jar:/home/runner/.m2/repository/org/glassfish/jaxb/txw2/4.0.5/txw2-4.0.5.jar:/home/runner/.m2/repository/org/glassfish/jaxb/jaxb-xjc/4.0.5/jaxb-xjc-4.0.5.jar:/home/runner/.m2/repository/org/glassfish/jaxb/xsom/4.0.5/xsom-4.0.5.jar:/home/runner/.m2/repository/com/sun/istack/istack-commons-runtime/4.1.2/istack-commons-runtime-4.1.2.jar:/home/runner/.m2/repository/com/sun/istack/istack-commons-tools/4.1.2/istack-commons-tools-4.1.2.jar:/home/runner/.m2/repository/com/sun/xml/bind/external/relaxng-datatype/4.0.5/relaxng-datatype-4.0.5.jar:/home/runner/.m2/repository/com/sun/xml/bind/external/rngom/4.0.5/rngom-4.0.5.jar:/home/runner/.m2/repository/org/testcontainers/mssqlserver/1.20.6/mssqlserver-1.20.6.jar:/home/runner/.m2/repository/org/testcontainers/jdbc/1.20.6/jdbc-1.20.6.jar:/home/runner/.m2/repository/org/testcontainers/database-commons/1.20.6/database-commons-1.20.6.jar:/home/runner/.m2/repository/org/testcontainers/mysql/1.20.6/mysql-1.20.6.jar:/home/runner/.m2/repository/io/strimzi/strimzi-test-container/0.111.0/strimzi-test-container-0.111.0.jar:/home/runner/.m2/repository/org/testcontainers/toxiproxy/1.20.6/toxiproxy-1.20.6.jar:/home/runner/.m2/repository/com/github/docker-java/docker-java-api/3.4.1/docker-java-api-3.4.1.jar:/home/runner/.m2/repository/org/apache/logging/log4j/log4j-slf4j-impl/2.19.0/log4j-slf4j-impl-2.19.0.jar:/home/runner/.m2/repository/org/apache/logging/log4j/log4j-api/2.24.3/log4j-api-2.24.3.jar:/home/runner/.m2/repository/org/apache/logging/log4j/log4j-core/2.19.0/log4j-core-2.19.0.jar:/home/runner/.m2/repository/eu/rekawek/toxiproxy/toxiproxy-java/2.1.7/toxiproxy-java-2.1.7.jar:/home/runner/.m2/repository/org/testcontainers/pulsar/1.21.3/pulsar-1.21.3.jar:/home/runner/.m2/repository/io/debezium/debezium-testing-testcontainers/2.7.4.Final/debezium-testing-testcontainers-2.7.4.Final.jar:/home/runner/.m2/repository/org/testcontainers/kafka/1.20.6/kafka-1.20.6.jar:/home/runner/.m2/repository/com/squareup/okhttp3/okhttp/4.8.1/okhttp-4.8.1.jar:/home/runner/.m2/repository/com/squareup/okio/okio/3.10.2/okio-3.10.2.jar:/home/runner/.m2/repository/com/squareup/okio/okio-jvm/3.10.2/okio-jvm-3.10.2.jar:/home/runner/.m2/repository/org/jetbrains/kotlin/kotlin-stdlib/2.0.21/kotlin-stdlib-2.0.21.jar:/home/runner/.m2/repository/org/awaitility/awaitility/4.3.0/awaitility-4.3.0.jar:/home/runner/.m2/repository/org/testcontainers/mongodb/1.20.6/mongodb-1.20.6.jar:/home/runner/.m2/repository/org/testcontainers/mariadb/1.20.6/mariadb-1.20.6.jar:/home/runner/.m2/repository/org/testcontainers/oracle-xe/1.20.6/oracle-xe-1.20.6.jar:/home/runner/.m2/repository/org/testcontainers/postgresql/1.20.6/postgresql-1.20.6.jar:/home/runner/.m2/repository/org/wiremock/wiremock/3.0.1/wiremock-3.0.1.jar:/home/runner/.m2/repository/org/eclipse/jetty/jetty-server/11.0.15/jetty-server-11.0.15.jar:/home/runner/.m2/repository/org/eclipse/jetty/toolchain/jetty-jakarta-servlet-api/5.0.2/jetty-jakarta-servlet-api-5.0.2.jar:/home/runner/.m2/repository/org/eclipse/jetty/jetty-http/11.0.15/jetty-http-11.0.15.jar:/home/runner/.m2/repository/org/eclipse/jetty/jetty-io/11.0.15/jetty-io-11.0.15.jar:/home/runner/.m2/repository/org/eclipse/jetty/jetty-servlet/11.0.15/jetty-servlet-11.0.15.jar:/home/runner/.m2/repository/org/eclipse/jetty/jetty-security/11.0.15/jetty-security-11.0.15.jar:/home/runner/.m2/repository/org/eclipse/jetty/jetty-servlets/11.0.15/jetty-servlets-11.0.15.jar:/home/runner/.m2/repository/org/eclipse/jetty/jetty-util/11.0.15/jetty-util-11.0.15.jar:/home/runner/.m2/repository/org/eclipse/jetty/jetty-webapp/11.0.15/jetty-webapp-11.0.15.jar:/home/runner/.m2/repository/org/eclipse/jetty/jetty-xml/11.0.15/jetty-xml-11.0.15.jar:/home/runner/.m2/repository/org/eclipse/jetty/jetty-proxy/11.0.15/jetty-proxy-11.0.15.jar:/home/runner/.m2/repository/org/eclipse/jetty/jetty-client/11.0.15/jetty-client-11.0.15.jar:/home/runner/.m2/repository/org/eclipse/jetty/http2/http2-server/11.0.15/http2-server-11.0.15.jar:/home/runner/.m2/repository/org/eclipse/jetty/http2/http2-common/11.0.15/http2-common-11.0.15.jar:/home/runner/.m2/repository/org/eclipse/jetty/http2/http2-hpack/11.0.15/http2-hpack-11.0.15.jar:/home/runner/.m2/repository/org/eclipse/jetty/jetty-alpn-server/11.0.15/jetty-alpn-server-11.0.15.jar:/home/runner/.m2/repository/org/eclipse/jetty/jetty-alpn-java-server/11.0.15/jetty-alpn-java-server-11.0.15.jar:/home/runner/.m2/repository/org/eclipse/jetty/jetty-alpn-java-client/11.0.15/jetty-alpn-java-client-11.0.15.jar:/home/runner/.m2/repository/org/eclipse/jetty/jetty-alpn-client/11.0.15/jetty-alpn-client-11.0.15.jar:/home/runner/.m2/repository/org/apache/httpcomponents/client5/httpclient5/5.2.1/httpclient5-5.2.1.jar:/home/runner/.m2/repository/org/apache/httpcomponents/core5/httpcore5/5.2/httpcore5-5.2.jar:/home/runner/.m2/repository/org/apache/httpcomponents/core5/httpcore5-h2/5.2/httpcore5-h2-5.2.jar:/home/runner/.m2/repository/org/xmlunit/xmlunit-core/2.9.1/xmlunit-core-2.9.1.jar:/home/runner/.m2/repository/jakarta/xml/bind/jakarta.xml.bind-api/4.0.2/jakarta.xml.bind-api-4.0.2.jar:/home/runner/.m2/repository/org/xmlunit/xmlunit-legacy/2.9.1/xmlunit-legacy-2.9.1.jar:/home/runner/.m2/repository/org/xmlunit/xmlunit-placeholders/2.9.1/xmlunit-placeholders-2.9.1.jar:/home/runner/.m2/repository/net/javacrumbs/json-unit/json-unit-core/2.38.0/json-unit-core-2.38.0.jar:/home/runner/.m2/repository/org/hamcrest/hamcrest-core/2.2/hamcrest-core-2.2.jar:/home/runner/.m2/repository/com/jayway/jsonpath/json-path/2.8.0/json-path-2.8.0.jar:/home/runner/.m2/repository/net/minidev/json-smart/2.4.10/json-smart-2.4.10.jar:/home/runner/.m2/repository/net/minidev/accessors-smart/2.4.9/accessors-smart-2.4.9.jar:/home/runner/.m2/repository/org/ow2/asm/asm/9.7.1/asm-9.7.1.jar:/home/runner/.m2/repository/net/sf/jopt-simple/jopt-simple/5.0.4/jopt-simple-5.0.4.jar:/home/runner/.m2/repository/com/github/jknack/handlebars/4.3.1/handlebars-4.3.1.jar:/home/runner/.m2/repository/com/github/jknack/handlebars-helpers/4.3.1/handlebars-helpers-4.3.1.jar:/home/runner/.m2/repository/commons-fileupload/commons-fileupload/1.5/commons-fileupload-1.5.jar:/home/runner/.m2/repository/com/networknt/json-schema-validator/1.5.8/json-schema-validator-1.5.8.jar:/home/runner/.m2/repository/com/ethlo/time/itu/1.10.3/itu-1.10.3.jar:/home/runner/.m2/repository/io/quarkus/quarkus-smallrye-jwt-build/3.20.2/quarkus-smallrye-jwt-build-3.20.2.jar:/home/runner/.m2/repository/io/smallrye/smallrye-jwt-build/4.6.2/smallrye-jwt-build-4.6.2.jar:/home/runner/.m2/repository/org/eclipse/microprofile/jwt/microprofile-jwt-auth-api/2.1/microprofile-jwt-auth-api-2.1.jar:/home/runner/.m2/repository/org/bitbucket/b_c/jose4j/0.9.6/jose4j-0.9.6.jar:/home/runner/.m2/repository/io/smallrye/smallrye-jwt-common/4.6.2/smallrye-jwt-common-4.6.2.jar:/home/runner/.m2/repository/io/quarkus/quarkus-jsonp/3.20.2/quarkus-jsonp-3.20.2.jar:/home/runner/.m2/repository/io/quarkus/quarkus-arc/3.20.2/quarkus-arc-3.20.2.jar:/home/runner/.m2/repository/io/quarkus/arc/arc/3.20.2/arc-3.20.2.jar:/home/runner/.m2/repository/jakarta/transaction/jakarta.transaction-api/2.0.1/jakarta.transaction-api-2.0.1.jar:/home/runner/.m2/repository/io/smallrye/reactive/mutiny/2.9.2/mutiny-2.9.2.jar:/home/runner/.m2/repository/org/jctools/jctools-core/4.0.5/jctools-core-4.0.5.jar:/home/runner/.m2/repository/org/eclipse/microprofile/context-propagation/microprofile-context-propagation-api/1.3/microprofile-context-propagation-api-1.3.jar:/home/runner/.m2/repository/io/apicurio/apicurio-common-rest-client-common/0.1.18.Final/apicurio-common-rest-client-common-0.1.18.Final.jar:/home/runner/work/apicurio-testing/apicurio-testing/clusters/ci419/namespaces/ksql043/tests/integration/apicurio-registry/utils/maven-plugin/target/apicurio-registry-maven-plugin-3.0.12-SNAPSHOT.jar:/home/runner/.m2/repository/com/fasterxml/jackson/core/jackson-databind/2.18.2/jackson-databind-2.18.2.jar:/home/runner/.m2/repository/org/apache/avro/avro/1.12.0/avro-1.12.0.jar:/home/runner/.m2/repository/com/google/protobuf/protobuf-java/4.31.1/protobuf-java-4.31.1.jar:/home/runner/.m2/repository/com/google/protobuf/protobuf-java-util/4.31.1/protobuf-java-util-4.31.1.jar:/home/runner/.m2/repository/com/google/code/findbugs/jsr305/3.0.2/jsr305-3.0.2.jar:/home/runner/.m2/repository/com/google/code/gson/gson/2.12.1/gson-2.12.1.jar:/home/runner/.m2/repository/com/google/errorprone/error_prone_annotations/2.36.0/error_prone_annotations-2.36.0.jar:/home/runner/.m2/repository/com/google/j2objc/j2objc-annotations/2.8/j2objc-annotations-2.8.jar:/home/runner/work/apicurio-testing/apicurio-testing/clusters/ci419/namespaces/ksql043/tests/integration/apicurio-registry/schema-util/util-provider/target/apicurio-registry-schema-util-provider-3.0.12-SNAPSHOT.jar:/home/runner/work/apicurio-testing/apicurio-testing/clusters/ci419/namespaces/ksql043/tests/integration/apicurio-registry/schema-util/common/target/apicurio-registry-schema-util-common-3.0.12-SNAPSHOT.jar:/home/runner/.m2/repository/com/fasterxml/jackson/module/jackson-module-parameter-names/2.18.2/jackson-module-parameter-names-2.18.2.jar:/home/runner/.m2/repository/com/fasterxml/jackson/datatype/jackson-datatype-json-org/2.18.2/jackson-datatype-json-org-2.18.2.jar:/home/runner/work/apicurio-testing/apicurio-testing/clusters/ci419/namespaces/ksql043/tests/integration/apicurio-registry/schema-util/json/target/apicurio-registry-schema-util-json-3.0.12-SNAPSHOT.jar:/home/runner/.m2/repository/com/github/erosb/everit-json-schema/1.14.5/everit-json-schema-1.14.5.jar:/home/runner/.m2/repository/commons-validator/commons-validator/1.9.0/commons-validator-1.9.0.jar:/home/runner/.m2/repository/commons-digester/commons-digester/2.1/commons-digester-2.1.jar:/home/runner/.m2/repository/commons-collections/commons-collections/3.2.2/commons-collections-3.2.2.jar:/home/runner/.m2/repository/com/damnhandy/handy-uri-templates/2.1.8/handy-uri-templates-2.1.8.jar:/home/runner/.m2/repository/joda-time/joda-time/2.10.2/joda-time-2.10.2.jar:/home/runner/.m2/repository/com/github/erosb/json-sKema/0.20.0/json-sKema-0.20.0.jar:/home/runner/.m2/repository/io/vertx/vertx-json-schema/4.5.16/vertx-json-schema-4.5.16.jar:/home/runner/work/apicurio-testing/apicurio-testing/clusters/ci419/namespaces/ksql043/tests/integration/apicurio-registry/schema-util/protobuf/target/apicurio-registry-schema-util-protobuf-3.0.12-SNAPSHOT.jar:/home/runner/work/apicurio-testing/apicurio-testing/clusters/ci419/namespaces/ksql043/tests/integration/apicurio-registry/utils/protobuf-schema-utilities/target/apicurio-registry-protobuf-schema-utilities-3.0.12-SNAPSHOT.jar:/home/runner/.m2/repository/com/google/api/grpc/proto-google-common-protos/2.52.0/proto-google-common-protos-2.52.0.jar:/home/runner/.m2/repository/com/squareup/wire/wire-schema-jvm/5.3.3/wire-schema-jvm-5.3.3.jar:/home/runner/.m2/repository/com/palantir/javapoet/javapoet/0.6.0/javapoet-0.6.0.jar:/home/runner/.m2/repository/com/squareup/kotlinpoet-jvm/2.0.0/kotlinpoet-jvm-2.0.0.jar:/home/runner/.m2/repository/org/jetbrains/kotlin/kotlin-reflect/2.0.21/kotlin-reflect-2.0.21.jar:/home/runner/.m2/repository/com/squareup/wire/wire-runtime-jvm/5.3.3/wire-runtime-jvm-5.3.3.jar:/home/runner/.m2/repository/com/ibm/icu/icu4j/76.1/icu4j-76.1.jar:/home/runner/.m2/repository/com/squareup/okio/okio-fakefilesystem/3.10.2/okio-fakefilesystem-3.10.2.jar:/home/runner/.m2/repository/com/squareup/okio/okio-fakefilesystem-jvm/3.10.2/okio-fakefilesystem-jvm-3.10.2.jar:/home/runner/.m2/repository/org/jetbrains/kotlinx/kotlinx-datetime-jvm/0.6.1/kotlinx-datetime-jvm-0.6.1.jar:/home/runner/work/apicurio-testing/apicurio-testing/clusters/ci419/namespaces/ksql043/tests/integration/apicurio-registry/schema-util/asyncapi/target/apicurio-registry-schema-util-asyncapi-3.0.12-SNAPSHOT.jar:/home/runner/work/apicurio-testing/apicurio-testing/clusters/ci419/namespaces/ksql043/tests/integration/apicurio-registry/schema-util/avro/target/apicurio-registry-schema-util-avro-3.0.12-SNAPSHOT.jar:/home/runner/work/apicurio-testing/apicurio-testing/clusters/ci419/namespaces/ksql043/tests/integration/apicurio-registry/schema-util/graphql/target/apicurio-registry-schema-util-graphql-3.0.12-SNAPSHOT.jar:/home/runner/.m2/repository/com/graphql-java/graphql-java/22.4/graphql-java-22.4.jar:/home/runner/.m2/repository/com/graphql-java/java-dataloader/3.3.0/java-dataloader-3.3.0.jar:/home/runner/work/apicurio-testing/apicurio-testing/clusters/ci419/namespaces/ksql043/tests/integration/apicurio-registry/schema-util/kconnect/target/apicurio-registry-schema-util-kconnect-3.0.12-SNAPSHOT.jar:/home/runner/work/apicurio-testing/apicurio-testing/clusters/ci419/namespaces/ksql043/tests/integration/apicurio-registry/schema-util/openapi/target/apicurio-registry-schema-util-openapi-3.0.12-SNAPSHOT.jar:/home/runner/.m2/repository/io/apicurio/apicurio-data-models/2.2.2/apicurio-data-models-2.2.2.jar:/home/runner/.m2/repository/org/openapitools/openapidiff/openapi-diff-core/2.1.2/openapi-diff-core-2.1.2.jar:/home/runner/.m2/repository/io/swagger/parser/v3/swagger-parser/2.1.28/swagger-parser-2.1.28.jar:/home/runner/.m2/repository/io/swagger/parser/v3/swagger-parser-v2-converter/2.1.28/swagger-parser-v2-converter-2.1.28.jar:/home/runner/.m2/repository/io/swagger/swagger-core/1.6.16/swagger-core-1.6.16.jar:/home/runner/.m2/repository/io/swagger/swagger-models/1.6.16/swagger-models-1.6.16.jar:/home/runner/.m2/repository/io/swagger/swagger-annotations/1.6.16/swagger-annotations-1.6.16.jar:/home/runner/.m2/repository/io/swagger/swagger-parser/1.0.75/swagger-parser-1.0.75.jar:/home/runner/.m2/repository/io/swagger/swagger-parser-safe-url-resolver/1.0.75/swagger-parser-safe-url-resolver-1.0.75.jar:/home/runner/.m2/repository/io/swagger/swagger-compat-spec-parser/1.0.75/swagger-compat-spec-parser-1.0.75.jar:/home/runner/.m2/repository/com/github/java-json-tools/json-schema-validator/2.2.14/json-schema-validator-2.2.14.jar:/home/runner/.m2/repository/com/github/java-json-tools/jackson-coreutils-equivalence/1.0/jackson-coreutils-equivalence-1.0.jar:/home/runner/.m2/repository/com/github/java-json-tools/json-schema-core/1.2.14/json-schema-core-1.2.14.jar:/home/runner/.m2/repository/com/github/java-json-tools/uri-template/0.10/uri-template-0.10.jar:/home/runner/.m2/repository/com/googlecode/libphonenumber/libphonenumber/8.11.1/libphonenumber-8.11.1.jar:/home/runner/.m2/repository/com/j2html/j2html/1.6.0/j2html-1.6.0.jar:/home/runner/.m2/repository/org/apache/commons/commons-collections4/4.5.0/commons-collections4-4.5.0.jar:/home/runner/.m2/repository/org/slf4j/jcl-over-slf4j/2.0.17/jcl-over-slf4j-2.0.17.jar:/home/runner/.m2/repository/io/swagger/parser/v3/swagger-parser-v3/2.1.31/swagger-parser-v3-2.1.31.jar:/home/runner/.m2/repository/io/swagger/core/v3/swagger-models/2.2.34/swagger-models-2.2.34.jar:/home/runner/.m2/repository/io/swagger/core/v3/swagger-core/2.2.34/swagger-core-2.2.34.jar:/home/runner/.m2/repository/io/swagger/parser/v3/swagger-parser-core/2.1.31/swagger-parser-core-2.1.31.jar:/home/runner/.m2/repository/io/swagger/parser/v3/swagger-parser-safe-url-resolver/2.1.31/swagger-parser-safe-url-resolver-2.1.31.jar:/home/runner/work/apicurio-testing/apicurio-testing/clusters/ci419/namespaces/ksql043/tests/integration/apicurio-registry/schema-util/wsdl/target/apicurio-registry-schema-util-wsdl-3.0.12-SNAPSHOT.jar:/home/runner/.m2/repository/wsdl4j/wsdl4j/1.6.3/wsdl4j-1.6.3.jar:/home/runner/work/apicurio-testing/apicurio-testing/clusters/ci419/namespaces/ksql043/tests/integration/apicurio-registry/schema-util/xml/target/apicurio-registry-schema-util-xml-3.0.12-SNAPSHOT.jar:/home/runner/.m2/repository/org/apache/santuario/xmlsec/4.0.4/xmlsec-4.0.4.jar:/home/runner/.m2/repository/com/fasterxml/woodstox/woodstox-core/7.1.1/woodstox-core-7.1.1.jar:/home/runner/.m2/repository/org/codehaus/woodstox/stax2-api/4.2.2/stax2-api-4.2.2.jar:/home/runner/work/apicurio-testing/apicurio-testing/clusters/ci419/namespaces/ksql043/tests/integration/apicurio-registry/schema-util/xsd/target/apicurio-registry-schema-util-xsd-3.0.12-SNAPSHOT.jar:/home/runner/work/apicurio-testing/apicurio-testing/clusters/ci419/namespaces/ksql043/tests/integration/apicurio-registry/serdes/kafka/jsonschema-serde/target/apicurio-registry-jsonschema-serde-kafka-3.0.12-SNAPSHOT.jar:/home/runner/work/apicurio-testing/apicurio-testing/clusters/ci419/namespaces/ksql043/tests/integration/apicurio-registry/serdes/kafka/serde-kafka-common/target/apicurio-registry-serde-kafka-common-3.0.12-SNAPSHOT.jar:/home/runner/work/apicurio-testing/apicurio-testing/clusters/ci419/namespaces/ksql043/tests/integration/apicurio-registry/serdes/generic/serde-common/target/apicurio-registry-serde-common-3.0.12-SNAPSHOT.jar:/home/runner/work/apicurio-testing/apicurio-testing/clusters/ci419/namespaces/ksql043/tests/integration/apicurio-registry/serdes/generic/serde-common-jsonschema/target/apicurio-registry-serde-common-jsonschema-3.0.12-SNAPSHOT.jar:/home/runner/.m2/repository/org/json/json/20250107/json-20250107.jar:/home/runner/work/apicurio-testing/apicurio-testing/clusters/ci419/namespaces/ksql043/tests/integration/apicurio-registry/serdes/kafka/avro-serde/target/apicurio-registry-avro-serde-kafka-3.0.12-SNAPSHOT.jar:/home/runner/work/apicurio-testing/apicurio-testing/clusters/ci419/namespaces/ksql043/tests/integration/apicurio-registry/serdes/generic/serde-common-avro/target/apicurio-registry-serde-common-avro-3.0.12-SNAPSHOT.jar:/home/runner/work/apicurio-testing/apicurio-testing/clusters/ci419/namespaces/ksql043/tests/integration/apicurio-registry/serdes/kafka/protobuf-serde/target/apicurio-registry-protobuf-serde-kafka-3.0.12-SNAPSHOT.jar:/home/runner/work/apicurio-testing/apicurio-testing/clusters/ci419/namespaces/ksql043/tests/integration/apicurio-registry/serdes/generic/serde-common-protobuf/target/apicurio-registry-serde-common-protobuf-3.0.12-SNAPSHOT.jar:/home/runner/.m2/repository/com/squareup/wire/wire-schema/5.3.3/wire-schema-5.3.3.jar:/home/runner/.m2/repository/com/squareup/wire/wire-runtime/5.3.3/wire-runtime-5.3.3.jar:/home/runner/work/apicurio-testing/apicurio-testing/clusters/ci419/namespaces/ksql043/tests/integration/apicurio-registry/serdes/pulsar/avro-serde/target/apicurio-registry-avro-serde-pulsar-3.0.12-SNAPSHOT.jar:/home/runner/.m2/repository/org/apache/pulsar/pulsar-functions-api/3.3.8/pulsar-functions-api-3.3.8.jar:/home/runner/work/apicurio-testing/apicurio-testing/clusters/ci419/namespaces/ksql043/tests/integration/apicurio-registry/serdes/nats/avro-serde/target/apicurio-registry-avro-serde-nats-3.0.12-SNAPSHOT.jar:/home/runner/.m2/repository/io/nats/jnats/2.21.4/jnats-2.21.4.jar:/home/runner/.m2/repository/org/bouncycastle/bcprov-lts8on/2.73.7/bcprov-lts8on-2.73.7.jar:/home/runner/.m2/repository/org/jetbrains/annotations/26.0.2/annotations-26.0.2.jar:/home/runner/work/apicurio-testing/apicurio-testing/clusters/ci419/namespaces/ksql043/tests/integration/apicurio-registry/utils/converter/target/apicurio-registry-utils-converter-3.0.12-SNAPSHOT.jar:/home/runner/work/apicurio-testing/apicurio-testing/clusters/ci419/namespaces/ksql043/tests/integration/apicurio-registry/schema-resolver/target/apicurio-registry-schema-resolver-3.0.12-SNAPSHOT.jar:/home/runner/.m2/repository/org/apache/kafka/connect-api/3.9.1/connect-api-3.9.1.jar:/home/runner/.m2/repository/javax/ws/rs/javax.ws.rs-api/2.1.1/javax.ws.rs-api-2.1.1.jar:/home/runner/.m2/repository/org/apache/kafka/connect-json/3.9.1/connect-json-3.9.1.jar:/home/runner/.m2/repository/com/fasterxml/jackson/datatype/jackson-datatype-jdk8/2.18.2/jackson-datatype-jdk8-2.18.2.jar:/home/runner/.m2/repository/com/fasterxml/jackson/module/jackson-module-afterburner/2.18.2/jackson-module-afterburner-2.18.2.jar:/home/runner/work/apicurio-testing/apicurio-testing/clusters/ci419/namespaces/ksql043/tests/integration/apicurio-registry/utils/kafka/target/apicurio-registry-utils-kafka-3.0.12-SNAPSHOT.jar:/home/runner/.m2/repository/org/apache/pulsar/pulsar-client/3.3.8/pulsar-client-3.3.8.jar:/home/runner/.m2/repository/org/apache/pulsar/pulsar-client-api/3.3.8/pulsar-client-api-3.3.8.jar:/home/runner/.m2/repository/org/apache/pulsar/pulsar-client-admin-api/3.3.8/pulsar-client-admin-api-3.3.8.jar:/home/runner/.m2/repository/org/apache/pulsar/bouncy-castle-bc/3.3.8/bouncy-castle-bc-3.3.8-pkg.jar:/home/runner/.m2/repository/org/bouncycastle/bcpkix-jdk18on/1.81/bcpkix-jdk18on-1.81.jar:/home/runner/.m2/repository/org/bouncycastle/bcutil-jdk18on/1.81/bcutil-jdk18on-1.81.jar:/home/runner/.m2/repository/org/bouncycastle/bcprov-jdk18on/1.81/bcprov-jdk18on-1.81.jar:/home/runner/.m2/repository/io/opentelemetry/opentelemetry-api/1.44.1/opentelemetry-api-1.44.1.jar:/home/runner/.m2/repository/io/opentelemetry/opentelemetry-context/1.44.1/opentelemetry-context-1.44.1.jar:/home/runner/.m2/repository/io/opentelemetry/opentelemetry-api-incubator/1.44.1-alpha/opentelemetry-api-incubator-1.44.1-alpha.jar:/home/runner/.m2/repository/com/fasterxml/jackson/core/jackson-annotations/2.18.2/jackson-annotations-2.18.2.jar:/home/runner/.m2/repository/javax/validation/validation-api/1.1.0.Final/validation-api-1.1.0.Final.jar:/home/runner/.m2/repository/org/jspecify/jspecify/1.0.0/jspecify-1.0.0.jar:/home/runner/.m2/repository/org/apache/commons/commons-configuration2/2.12.0/commons-configuration2-2.12.0.jar:/home/runner/.m2/repository/commons-logging/commons-logging/1.3.5/commons-logging-1.3.5.jar:/home/runner/.m2/repository/org/apache/commons/commons-text/1.13.0/commons-text-1.13.0.jar:/home/runner/.m2/repository/io/confluent/kafka-avro-serializer/8.0.0/kafka-avro-serializer-8.0.0.jar:/home/runner/.m2/repository/org/apache/commons/commons-compress/1.27.1/commons-compress-1.27.1.jar:/home/runner/.m2/repository/io/confluent/kafka-schema-serializer/8.0.0/kafka-schema-serializer-8.0.0.jar:/home/runner/.m2/repository/com/fasterxml/jackson/dataformat/jackson-dataformat-csv/2.18.2/jackson-dataformat-csv-2.18.2.jar:/home/runner/.m2/repository/io/confluent/kafka-schema-registry-client/8.0.0/kafka-schema-registry-client-8.0.0.jar:/home/runner/.m2/repository/org/yaml/snakeyaml/2.3/snakeyaml-2.3.jar:/home/runner/.m2/repository/io/swagger/core/v3/swagger-annotations/2.2.29/swagger-annotations-2.2.29.jar:/home/runner/.m2/repository/com/google/guava/guava/33.4.0-jre/guava-33.4.0-jre.jar:/home/runner/.m2/repository/com/google/guava/failureaccess/1.0.1/failureaccess-1.0.1.jar:/home/runner/.m2/repository/org/checkerframework/checker-qual/3.49.0/checker-qual-3.49.0.jar:/home/runner/.m2/repository/io/confluent/logredactor/1.0.13/logredactor-1.0.13.jar:/home/runner/.m2/repository/com/google/re2j/re2j/1.6/re2j-1.6.jar:/home/runner/.m2/repository/io/confluent/logredactor-metrics/1.0.13/logredactor-metrics-1.0.13.jar:/home/runner/.m2/repository/com/eclipsesource/minimal-json/minimal-json/0.9.5/minimal-json-0.9.5.jar:/home/runner/.m2/repository/io/confluent/common-utils/8.0.0/common-utils-8.0.0.jar:/home/runner/.m2/repository/io/confluent/kafka-connect-avro-converter/8.0.0/kafka-connect-avro-converter-8.0.0.jar:/home/runner/.m2/repository/io/confluent/kafka-connect-avro-data/8.0.0/kafka-connect-avro-data-8.0.0.jar:/home/runner/.m2/repository/io/confluent/kafka-schema-converter/8.0.0/kafka-schema-converter-8.0.0.jar:/home/runner/.m2/repository/io/rest-assured/rest-assured/5.5.1/rest-assured-5.5.1.jar:/home/runner/.m2/repository/org/apache/groovy/groovy/4.0.22/groovy-4.0.22.jar:/home/runner/.m2/repository/org/apache/groovy/groovy-xml/4.0.22/groovy-xml-4.0.22.jar:/home/runner/.m2/repository/org/apache/httpcomponents/httpclient/4.5.14/httpclient-4.5.14.jar:/home/runner/.m2/repository/org/apache/httpcomponents/httpcore/4.4.16/httpcore-4.4.16.jar:/home/runner/.m2/repository/org/apache/httpcomponents/httpmime/4.5.14/httpmime-4.5.14.jar:/home/runner/.m2/repository/org/hamcrest/hamcrest/2.2/hamcrest-2.2.jar:/home/runner/.m2/repository/org/ccil/cowan/tagsoup/tagsoup/1.2.1/tagsoup-1.2.1.jar:/home/runner/.m2/repository/io/rest-assured/json-path/5.5.1/json-path-5.5.1.jar:/home/runner/.m2/repository/org/apache/groovy/groovy-json/4.0.22/groovy-json-4.0.22.jar:/home/runner/.m2/repository/io/rest-assured/rest-assured-common/5.5.1/rest-assured-common-5.5.1.jar:/home/runner/.m2/repository/io/rest-assured/xml-path/5.5.1/xml-path-5.5.1.jar:/home/runner/.m2/repository/io/zonky/test/embedded-postgres/2.1.0/embedded-postgres-2.1.0.jar:/home/runner/.m2/repository/io/zonky/test/postgres/embedded-postgres-binaries-windows-amd64/14.15.0/embedded-postgres-binaries-windows-amd64-14.15.0.jar:/home/runner/.m2/repository/io/zonky/test/postgres/embedded-postgres-binaries-darwin-amd64/14.15.0/embedded-postgres-binaries-darwin-amd64-14.15.0.jar:/home/runner/.m2/repository/io/zonky/test/postgres/embedded-postgres-binaries-linux-amd64/14.15.0/embedded-postgres-binaries-linux-amd64-14.15.0.jar:/home/runner/.m2/repository/io/zonky/test/postgres/embedded-postgres-binaries-linux-amd64-alpine/14.15.0/embedded-postgres-binaries-linux-amd64-alpine-14.15.0.jar:/home/runner/.m2/repository/org/apache/commons/commons-lang3/3.17.0/commons-lang3-3.17.0.jar:/home/runner/.m2/repository/org/tukaani/xz/1.10/xz-1.10.jar:/home/runner/.m2/repository/commons-codec/commons-codec/1.19.0/commons-codec-1.19.0.jar:/home/runner/.m2/repository/org/postgresql/postgresql/42.7.7/postgresql-42.7.7.jar:/home/runner/.m2/repository/commons-io/commons-io/2.18.0/commons-io-2.18.0.jar:/home/runner/work/apicurio-testing/apicurio-testing/clusters/ci419/namespaces/ksql043/tests/integration/apicurio-registry/utils/importexport/target/apicurio-registry-utils-import-export-3.0.12-SNAPSHOT.jar:/home/runner/.m2/repository/io/vertx/vertx-core/4.5.16/vertx-core-4.5.16.jar:/home/runner/.m2/repository/io/netty/netty-common/4.1.121.Final/netty-common-4.1.121.Final.jar:/home/runner/.m2/repository/io/netty/netty-buffer/4.1.121.Final/netty-buffer-4.1.121.Final.jar:/home/runner/.m2/repository/io/netty/netty-transport/4.1.121.Final/netty-transport-4.1.121.Final.jar:/home/runner/.m2/repository/io/netty/netty-handler/4.1.121.Final/netty-handler-4.1.121.Final.jar:/home/runner/.m2/repository/io/netty/netty-transport-native-unix-common/4.1.121.Final/netty-transport-native-unix-common-4.1.121.Final.jar:/home/runner/.m2/repository/io/netty/netty-codec/4.1.121.Final/netty-codec-4.1.121.Final.jar:/home/runner/.m2/repository/io/netty/netty-handler-proxy/4.1.121.Final/netty-handler-proxy-4.1.121.Final.jar:/home/runner/.m2/repository/io/netty/netty-codec-socks/4.1.121.Final/netty-codec-socks-4.1.121.Final.jar:/home/runner/.m2/repository/io/netty/netty-codec-http/4.1.121.Final/netty-codec-http-4.1.121.Final.jar:/home/runner/.m2/repository/io/netty/netty-codec-http2/4.1.121.Final/netty-codec-http2-4.1.121.Final.jar:/home/runner/.m2/repository/io/netty/netty-resolver/4.1.121.Final/netty-resolver-4.1.121.Final.jar:/home/runner/.m2/repository/io/netty/netty-resolver-dns/4.1.121.Final/netty-resolver-dns-4.1.121.Final.jar:/home/runner/.m2/repository/io/netty/netty-codec-dns/4.1.121.Final/netty-codec-dns-4.1.121.Final.jar:/home/runner/.m2/repository/com/fasterxml/jackson/core/jackson-core/2.18.2/jackson-core-2.18.2.jar:"/>
    <property name="sun.cpu.endian" value="little"/>
    <property name="user.home" value="/home/runner"/>
    <property name="user.language" value="en"/>
    <property name="jboss.log-version" value="false"/>
    <property name="java.specification.vendor" value="Oracle Corporation"/>
    <property name="java.version.date" value="2025-07-15"/>
    <property name="java.home" value="/usr/lib/jvm/temurin-17-jdk-amd64"/>
    <property name="file.separator" value="/"/>
    <property name="basedir" value="/home/runner/work/apicurio-testing/apicurio-testing/clusters/ci419/namespaces/ksql043/tests/integration/apicurio-registry/integration-tests"/>
    <property name="java.vm.compressedOopsMode" value="32-bit"/>
    <property name="line.separator" value="&#10;"/>
    <property name="java.specification.name" value="Java Platform API Specification"/>
    <property name="java.vm.specification.vendor" value="Oracle Corporation"/>
    <property name="quarkus.http.test-host" value="registry-app-ksql043.apps.ci419.apicurio-testing.org"/>
    <property name="surefire.real.class.path" value="/home/runner/work/apicurio-testing/apicurio-testing/clusters/ci419/namespaces/ksql043/tests/integration/apicurio-registry/integration-tests/target/surefire/surefirebooter-20250806185838235_3.jar"/>
    <property name="sun.management.compiler" value="HotSpot 64-Bit Tiered Compilers"/>
    <property name="org.eclipse.jetty.http.HttpGenerator.STRICT" value="true"/>
    <property name="java.runtime.version" value="17.0.16+8"/>
    <property name="user.name" value="runner"/>
    <property name="path.separator" value=":"/>
    <property name="os.version" value="6.8.0-1031-azure"/>
    <property name="java.runtime.name" value="OpenJDK Runtime Environment"/>
    <property name="file.encoding" value="UTF-8"/>
    <property name="jnidispatch.path" value="/home/runner/.cache/JNA/temp/jna14784397140415509828.tmp"/>
    <property name="java.vm.name" value="OpenJDK 64-Bit Server VM"/>
    <property name="jna.platform.library.path" value="/usr/lib/x86_64-linux-gnu:/lib/x86_64-linux-gnu:/usr/lib64:/lib64:/usr/lib:/lib:/lib32:/usr/local/lib:/usr/lib/x86_64-linux-gnu/libfakeroot"/>
    <property name="java.vendor.version" value="Temurin-17.0.16+8"/>
    <property name="quarkus.oidc.token-path" value="https://keycloak-ksql043.apps.ci419.apicurio-testing.org/realms/registry/protocol/openid-connect/token"/>
    <property name="quarkus.http.host" value="registry-app-ksql043.apps.ci419.apicurio-testing.org"/>
    <property name="localRepository" value="/home/runner/.m2/repository"/>
    <property name="javax.xml.xpath.XPathFactory:http://java.sun.com/jaxp/xpath/dom" value="com.sun.org.apache.xpath.internal.jaxp.XPathFactoryImpl"/>
    <property name="jna.loaded" value="true"/>
    <property name="java.vendor.url.bug" value="https://github.com/adoptium/adoptium-support/issues"/>
    <property name="jetty.git.hash" value="5bc5e562c8d05c5862505aebe5cf83a61bdbcb96"/>
    <property name="java.io.tmpdir" value="/tmp"/>
    <property name="quarkus.http.test-protocol" value="http"/>
    <property name="java.version" value="17.0.16"/>
    <property name="user.dir" value="/home/runner/work/apicurio-testing/apicurio-testing/clusters/ci419/namespaces/ksql043/tests/integration/apicurio-registry/integration-tests"/>
    <property name="os.arch" value="amd64"/>
    <property name="groups" value="( smoke | serdes | acceptance | ui)"/>
    <property name="java.vm.specification.name" value="Java Virtual Machine Specification"/>
    <property name="native.encoding" value="UTF-8"/>
    <property name="java.util.logging.manager" value="org.jboss.logmanager.LogManager"/>
    <property name="java.library.path" value="/usr/java/packages/lib:/usr/lib64:/lib64:/lib:/usr/lib"/>
    <property name="jdk.console" value="java.base"/>
    <property name="java.vm.info" value="mixed mode, sharing"/>
    <property name="java.vendor" value="Eclipse Adoptium"/>
    <property name="java.vm.version" value="17.0.16+8"/>
    <property name="java.specification.maintenance.version" value="1"/>
    <property name="sun.io.unicode.encoding" value="UnicodeLittle"/>
    <property name="javax.xml.transform.TransformerFactory" value="com.sun.org.apache.xalan.internal.xsltc.trax.TransformerFactoryImpl"/>
    <property name="java.class.version" value="61.0"/>
  </properties>
  <testcase name="testGlobalIdInHeaders" classname="io.apicurio.tests.serdes.apicurio.AvroSerdeIT" time="6.412">
    <system-out><![CDATA[**** Registry Base URL: http://registry-app-ksql043.apps.ci419.apicurio-testing.org:80
**** Registry Base URL: http://registry-app-ksql043.apps.ci419.apicurio-testing.org:80
2025-08-06 18:58:51,921 INFO  [io.api.tes.ser.api.AvroSerdeIT] (main) RestAssured configured with http://registry-app-ksql043.apps.ci419.apicurio-testing.org:80/apis/registry/v3
2025-08-06 18:58:51,923 INFO  [io.api.tes.uti.KafkaFacade] (main) Starting kafka container
2025-08-06 18:58:51,973 INFO  [org.tes.ima.PullPolicy] (main) Image pull policy will be performed by: DefaultPullPolicy()
2025-08-06 18:58:51,976 INFO  [org.tes.uti.ImageNameSubstitutor] (main) Image name substitution will be performed by: DefaultImageNameSubstitutor (composite of 'ConfigurationFileImageNameSubstitutor' and 'PrefixingImageNameSubstitutor')
2025-08-06 18:58:51,988 INFO  [org.tes.DockerClientFactory] (main) Testcontainers version: 1.20.6
2025-08-06 18:58:52,662 INFO  [org.tes.doc.DockerClientProviderStrategy] (main) Found Docker environment with local Unix socket (unix:///var/run/docker.sock)
2025-08-06 18:58:52,673 INFO  [org.tes.DockerClientFactory] (main) Docker host IP address is localhost
2025-08-06 18:58:52,698 INFO  [org.tes.DockerClientFactory] (main) Connected to docker: 
  Server Version: 28.0.4
  API Version: 1.48
  Operating System: Ubuntu 22.04.5 LTS
  Total Memory: 7944 MB
2025-08-06 18:58:52,742 INFO  [tc.tes.11.0] (main) Pulling docker image: testcontainers/ryuk:0.11.0. Please be patient; this may take some time but only needs to be done once.
2025-08-06 18:58:53,077 INFO  [tc.tes.11.0] (docker-java-stream--1295187651) Starting to pull image
2025-08-06 18:58:53,123 INFO  [tc.tes.11.0] (docker-java-stream--1295187651) Pulling image layers:  0 pending,  0 downloaded,  0 extracted, (0 bytes/0 bytes)
2025-08-06 18:58:53,223 INFO  [tc.tes.11.0] (docker-java-stream--1295187651) Pulling image layers:  2 pending,  1 downloaded,  0 extracted, (8 KB/? MB)
2025-08-06 18:58:53,273 INFO  [tc.tes.11.0] (docker-java-stream--1295187651) Pulling image layers:  1 pending,  2 downloaded,  0 extracted, (3 MB/? MB)
2025-08-06 18:58:53,418 INFO  [tc.tes.11.0] (docker-java-stream--1295187651) Pulling image layers:  1 pending,  2 downloaded,  1 extracted, (3 MB/? MB)
2025-08-06 18:58:53,651 INFO  [tc.tes.11.0] (docker-java-stream--1295187651) Pulling image layers:  0 pending,  3 downloaded,  1 extracted, (10 MB/10 MB)
2025-08-06 18:58:54,386 INFO  [tc.tes.11.0] (docker-java-stream--1295187651) Pulling image layers:  0 pending,  3 downloaded,  2 extracted, (10 MB/10 MB)
2025-08-06 18:58:54,434 INFO  [tc.tes.11.0] (docker-java-stream--1295187651) Pulling image layers:  0 pending,  3 downloaded,  3 extracted, (10 MB/10 MB)
2025-08-06 18:58:54,442 INFO  [tc.tes.11.0] (main) Image testcontainers/ryuk:0.11.0 pull took PT1.699462748S
2025-08-06 18:58:54,442 INFO  [tc.tes.11.0] (docker-java-stream--1295187651) Pull complete. 3 layers, pulled in 1s (downloaded 10 MB at 10 MB/s)
2025-08-06 18:58:54,473 INFO  [tc.tes.11.0] (main) Creating container for image: testcontainers/ryuk:0.11.0
2025-08-06 18:58:54,584 INFO  [tc.tes.11.0] (main) Container testcontainers/ryuk:0.11.0 is starting: 135f9545b6e9d5b6f4be63b3935e2b7cf17b61c9b0d55e48a9c1e47d7847df75
2025-08-06 18:58:54,961 INFO  [tc.tes.11.0] (main) Container testcontainers/ryuk:0.11.0 started in PT0.488314758S
2025-08-06 18:58:54,967 INFO  [org.tes.uti.RyukResourceReaper] (main) Ryuk started - will monitor and terminate Testcontainers containers on JVM exit
2025-08-06 18:58:54,968 INFO  [org.tes.DockerClientFactory] (main) Checking the system...
2025-08-06 18:58:54,968 INFO  [org.tes.DockerClientFactory] (main) ✔︎ Docker server version should be at least 1.6.0
2025-08-06 18:58:54,972 INFO  [io.str.tes.con.KafkaVersionService] (main) Latest release of Kafka is:LogicalKafkaVersionEntity{version='4.0.0', image='quay.io/strimzi-test-container/test-container:0.111.0-kafka-4.0.0'}
2025-08-06 18:58:54,972 INFO  [io.str.tes.con.KafkaVersionService] (main) Latest release of Kafka is:LogicalKafkaVersionEntity{version='4.0.0', image='quay.io/strimzi-test-container/test-container:0.111.0-kafka-4.0.0'}
2025-08-06 18:58:54,972 INFO  [io.str.tes.con.KafkaVersionService] (main) No Kafka version specified. Using latest release: 4.0.0
2025-08-06 18:58:54,979 INFO  [tc.qua.io/.111.0-k.0.0] (main) Pulling docker image: quay.io/strimzi-test-container/test-container:0.111.0-kafka-4.0.0. Please be patient; this may take some time but only needs to be done once.
2025-08-06 18:58:55,409 INFO  [tc.qua.io/.111.0-k.0.0] (docker-java-stream--29267298) Starting to pull image
2025-08-06 18:58:55,410 INFO  [tc.qua.io/.111.0-k.0.0] (docker-java-stream--29267298) Pulling image layers:  0 pending,  0 downloaded,  0 extracted, (0 bytes/0 bytes)
2025-08-06 18:58:55,829 INFO  [tc.qua.io/.111.0-k.0.0] (docker-java-stream--29267298) Pulling image layers:  6 pending,  1 downloaded,  0 extracted, (932 KB/? MB)
2025-08-06 18:58:56,010 INFO  [tc.qua.io/.111.0-k.0.0] (docker-java-stream--29267298) Pulling image layers:  5 pending,  2 downloaded,  0 extracted, (22 MB/? MB)
2025-08-06 18:58:56,422 INFO  [tc.qua.io/.111.0-k.0.0] (docker-java-stream--29267298) Pulling image layers:  4 pending,  3 downloaded,  0 extracted, (63 MB/? MB)
2025-08-06 18:58:56,679 INFO  [tc.qua.io/.111.0-k.0.0] (docker-java-stream--29267298) Pulling image layers:  3 pending,  4 downloaded,  0 extracted, (106 MB/? MB)
2025-08-06 18:58:56,797 INFO  [tc.qua.io/.111.0-k.0.0] (docker-java-stream--29267298) Pulling image layers:  2 pending,  5 downloaded,  0 extracted, (119 MB/? MB)
2025-08-06 18:58:57,595 INFO  [tc.qua.io/.111.0-k.0.0] (docker-java-stream--29267298) Pulling image layers:  1 pending,  6 downloaded,  0 extracted, (229 MB/? MB)
2025-08-06 18:58:57,740 INFO  [tc.qua.io/.111.0-k.0.0] (docker-java-stream--29267298) Pulling image layers:  1 pending,  6 downloaded,  1 extracted, (237 MB/? MB)
2025-08-06 18:58:57,820 INFO  [tc.qua.io/.111.0-k.0.0] (docker-java-stream--29267298) Pulling image layers:  0 pending,  7 downloaded,  1 extracted, (242 MB/249 MB)
2025-08-06 18:59:01,779 INFO  [tc.qua.io/.111.0-k.0.0] (docker-java-stream--29267298) Pulling image layers:  0 pending,  7 downloaded,  2 extracted, (244 MB/249 MB)
2025-08-06 18:59:01,821 INFO  [tc.qua.io/.111.0-k.0.0] (docker-java-stream--29267298) Pulling image layers:  0 pending,  7 downloaded,  3 extracted, (246 MB/249 MB)
2025-08-06 18:59:01,838 INFO  [tc.qua.io/.111.0-k.0.0] (docker-java-stream--29267298) Pulling image layers:  0 pending,  7 downloaded,  4 extracted, (246 MB/249 MB)
2025-08-06 18:59:02,991 INFO  [tc.qua.io/.111.0-k.0.0] (docker-java-stream--29267298) Pulling image layers:  0 pending,  7 downloaded,  5 extracted, (247 MB/249 MB)
2025-08-06 18:59:03,035 INFO  [tc.qua.io/.111.0-k.0.0] (docker-java-stream--29267298) Pulling image layers:  0 pending,  7 downloaded,  6 extracted, (249 MB/249 MB)
2025-08-06 18:59:03,055 INFO  [tc.qua.io/.111.0-k.0.0] (docker-java-stream--29267298) Pulling image layers:  0 pending,  7 downloaded,  7 extracted, (249 MB/249 MB)
2025-08-06 18:59:03,062 INFO  [tc.qua.io/.111.0-k.0.0] (main) Image quay.io/strimzi-test-container/test-container:0.111.0-kafka-4.0.0 pull took PT8.082609848S
2025-08-06 18:59:03,062 INFO  [tc.qua.io/.111.0-k.0.0] (docker-java-stream--29267298) Pull complete. 7 layers, pulled in 7s (downloaded 249 MB at 35 MB/s)
2025-08-06 18:59:03,066 INFO  [tc.qua.io/.111.0-k.0.0] (main) Creating container for image: quay.io/strimzi-test-container/test-container:0.111.0-kafka-4.0.0
2025-08-06 18:59:03,147 INFO  [tc.qua.io/.111.0-k.0.0] (main) Container quay.io/strimzi-test-container/test-container:0.111.0-kafka-4.0.0 is starting: c2efd50cd7a4c0a6a90f0073f73f4123e5eb6cd812dbf653cc41a5dd3f58c4be
2025-08-06 18:59:03,347 INFO  [io.str.tes.con.StrimziKafkaContainer] (main) Mapped port: 32769
2025-08-06 18:59:03,347 WARN  [io.str.tes.con.StrimziKafkaContainer] (main) Node ID is not set. Using broker ID 0 as the default node ID.
2025-08-06 18:59:03,348 INFO  [io.str.tes.con.StrimziKafkaContainer] (main) This is all advertised listeners for Kafka PLAINTEXT://localhost:32769,BROKER1://172.18.0.2:9091,CONTROLLER://broker-0:9094
2025-08-06 18:59:03,375 INFO  [io.str.tes.con.StrimziKafkaContainer] (main) New `cluster.id` has been generated: T8p0IQFNTYSHGQR6rr1wVQ
2025-08-06 18:59:03,377 INFO  [io.str.tes.con.StrimziKafkaContainer] (main) Copying command to 'STARTER_SCRIPT' script.
2025-08-06 18:59:09,197 INFO  [tc.qua.io/.111.0-k.0.0] (main) Container quay.io/strimzi-test-container/test-container:0.111.0-kafka-4.0.0 started in PT6.130919915S
2025-08-06 18:59:09,203 INFO  [io.api.tes.uti.TestSeparator] (main) ############################################################################
2025-08-06 18:59:09,203 INFO  [io.api.tes.uti.TestSeparator] (main) io.apicurio.tests.serdes.apicurio.AvroSerdeIT.testGlobalIdInHeaders-STARTED
2025-08-06 18:59:09,223 INFO  [org.apa.kaf.cli.adm.AdminClientConfig] (main) AdminClientConfig values: 
	auto.include.jmx.reporter = true
	bootstrap.controllers = []
	bootstrap.servers = [PLAINTEXT://localhost:32769]
	client.dns.lookup = use_all_dns_ips
	client.id = 
	connections.max.idle.ms = 10000
	default.api.timeout.ms = 60000
	enable.metrics.push = true
	metadata.max.age.ms = 300000
	metadata.recovery.strategy = none
	metric.reporters = []
	metrics.num.samples = 2
	metrics.recording.level = INFO
	metrics.sample.window.ms = 30000
	receive.buffer.bytes = 65536
	reconnect.backoff.max.ms = 1000
	reconnect.backoff.ms = 50
	request.timeout.ms = 5000
	retries = 2147483647
	retry.backoff.max.ms = 1000
	retry.backoff.ms = 100
	sasl.client.callback.handler.class = null
	sasl.jaas.config = null
	sasl.kerberos.kinit.cmd = /usr/bin/kinit
	sasl.kerberos.min.time.before.relogin = 60000
	sasl.kerberos.service.name = null
	sasl.kerberos.ticket.renew.jitter = 0.05
	sasl.kerberos.ticket.renew.window.factor = 0.8
	sasl.login.callback.handler.class = null
	sasl.login.class = null
	sasl.login.connect.timeout.ms = null
	sasl.login.read.timeout.ms = null
	sasl.login.refresh.buffer.seconds = 300
	sasl.login.refresh.min.period.seconds = 60
	sasl.login.refresh.window.factor = 0.8
	sasl.login.refresh.window.jitter = 0.05
	sasl.login.retry.backoff.max.ms = 10000
	sasl.login.retry.backoff.ms = 100
	sasl.mechanism = GSSAPI
	sasl.oauthbearer.clock.skew.seconds = 30
	sasl.oauthbearer.expected.audience = null
	sasl.oauthbearer.expected.issuer = null
	sasl.oauthbearer.header.urlencode = false
	sasl.oauthbearer.jwks.endpoint.refresh.ms = 3600000
	sasl.oauthbearer.jwks.endpoint.retry.backoff.max.ms = 10000
	sasl.oauthbearer.jwks.endpoint.retry.backoff.ms = 100
	sasl.oauthbearer.jwks.endpoint.url = null
	sasl.oauthbearer.scope.claim.name = scope
	sasl.oauthbearer.sub.claim.name = sub
	sasl.oauthbearer.token.endpoint.url = null
	security.protocol = PLAINTEXT
	security.providers = null
	send.buffer.bytes = 131072
	socket.connection.setup.timeout.max.ms = 30000
	socket.connection.setup.timeout.ms = 10000
	ssl.cipher.suites = null
	ssl.enabled.protocols = [TLSv1.2, TLSv1.3]
	ssl.endpoint.identification.algorithm = https
	ssl.engine.factory.class = null
	ssl.key.password = null
	ssl.keymanager.algorithm = SunX509
	ssl.keystore.certificate.chain = null
	ssl.keystore.key = null
	ssl.keystore.location = null
	ssl.keystore.password = null
	ssl.keystore.type = JKS
	ssl.protocol = TLSv1.3
	ssl.provider = null
	ssl.secure.random.implementation = null
	ssl.trustmanager.algorithm = PKIX
	ssl.truststore.certificates = null
	ssl.truststore.location = null
	ssl.truststore.password = null
	ssl.truststore.type = JKS

2025-08-06 18:59:09,692 INFO  [org.apa.kaf.com.uti.AppInfoParser] (main) Kafka version: 3.9.1
2025-08-06 18:59:09,693 INFO  [org.apa.kaf.com.uti.AppInfoParser] (main) Kafka commitId: f745dfdcee2b9851
2025-08-06 18:59:09,693 INFO  [org.apa.kaf.com.uti.AppInfoParser] (main) Kafka startTimeMs: 1754506749691
**** Registry Base URL: http://registry-app-ksql043.apps.ci419.apicurio-testing.org:80
2025-08-06 18:59:09,760 INFO  [org.apa.kaf.cli.pro.ProducerConfig] (main) ProducerConfig values: 
	acks = -1
	auto.include.jmx.reporter = true
	batch.size = 16384
	bootstrap.servers = [PLAINTEXT://localhost:32769]
	buffer.memory = 33554432
	client.dns.lookup = use_all_dns_ips
	client.id = Producer-topic-451aa3e6_8468_4adf_830e_c8dfea91babf
	compression.gzip.level = -1
	compression.lz4.level = 9
	compression.type = none
	compression.zstd.level = 3
	connections.max.idle.ms = 10000
	delivery.timeout.ms = 120000
	enable.idempotence = true
	enable.metrics.push = true
	interceptor.classes = []
	key.serializer = class org.apache.kafka.common.serialization.StringSerializer
	linger.ms = 0
	max.block.ms = 60000
	max.in.flight.requests.per.connection = 5
	max.request.size = 1048576
	metadata.max.age.ms = 300000
	metadata.max.idle.ms = 300000
	metadata.recovery.strategy = none
	metric.reporters = []
	metrics.num.samples = 2
	metrics.recording.level = INFO
	metrics.sample.window.ms = 30000
	partitioner.adaptive.partitioning.enable = true
	partitioner.availability.timeout.ms = 0
	partitioner.class = null
	partitioner.ignore.keys = false
	receive.buffer.bytes = 32768
	reconnect.backoff.max.ms = 1000
	reconnect.backoff.ms = 50
	request.timeout.ms = 5000
	retries = 2147483647
	retry.backoff.max.ms = 1000
	retry.backoff.ms = 100
	sasl.client.callback.handler.class = null
	sasl.jaas.config = null
	sasl.kerberos.kinit.cmd = /usr/bin/kinit
	sasl.kerberos.min.time.before.relogin = 60000
	sasl.kerberos.service.name = null
	sasl.kerberos.ticket.renew.jitter = 0.05
	sasl.kerberos.ticket.renew.window.factor = 0.8
	sasl.login.callback.handler.class = null
	sasl.login.class = null
	sasl.login.connect.timeout.ms = null
	sasl.login.read.timeout.ms = null
	sasl.login.refresh.buffer.seconds = 300
	sasl.login.refresh.min.period.seconds = 60
	sasl.login.refresh.window.factor = 0.8
	sasl.login.refresh.window.jitter = 0.05
	sasl.login.retry.backoff.max.ms = 10000
	sasl.login.retry.backoff.ms = 100
	sasl.mechanism = GSSAPI
	sasl.oauthbearer.clock.skew.seconds = 30
	sasl.oauthbearer.expected.audience = null
	sasl.oauthbearer.expected.issuer = null
	sasl.oauthbearer.header.urlencode = false
	sasl.oauthbearer.jwks.endpoint.refresh.ms = 3600000
	sasl.oauthbearer.jwks.endpoint.retry.backoff.max.ms = 10000
	sasl.oauthbearer.jwks.endpoint.retry.backoff.ms = 100
	sasl.oauthbearer.jwks.endpoint.url = null
	sasl.oauthbearer.scope.claim.name = scope
	sasl.oauthbearer.sub.claim.name = sub
	sasl.oauthbearer.token.endpoint.url = null
	security.protocol = PLAINTEXT
	security.providers = null
	send.buffer.bytes = 131072
	socket.connection.setup.timeout.max.ms = 30000
	socket.connection.setup.timeout.ms = 10000
	ssl.cipher.suites = null
	ssl.enabled.protocols = [TLSv1.2, TLSv1.3]
	ssl.endpoint.identification.algorithm = https
	ssl.engine.factory.class = null
	ssl.key.password = null
	ssl.keymanager.algorithm = SunX509
	ssl.keystore.certificate.chain = null
	ssl.keystore.key = null
	ssl.keystore.location = null
	ssl.keystore.password = null
	ssl.keystore.type = JKS
	ssl.protocol = TLSv1.3
	ssl.provider = null
	ssl.secure.random.implementation = null
	ssl.trustmanager.algorithm = PKIX
	ssl.truststore.certificates = null
	ssl.truststore.location = null
	ssl.truststore.password = null
	ssl.truststore.type = JKS
	transaction.timeout.ms = 60000
	transactional.id = null
	value.serializer = class io.apicurio.registry.serde.avro.AvroKafkaSerializer

2025-08-06 18:59:09,803 INFO  [org.apa.kaf.com.tel.int.KafkaMetricsCollector] (main) initializing Kafka metrics collector
2025-08-06 18:59:09,874 INFO  [org.apa.kaf.cli.pro.KafkaProducer] (main) [Producer clientId=Producer-topic-451aa3e6_8468_4adf_830e_c8dfea91babf] Instantiated an idempotent producer.
2025-08-06 18:59:09,938 INFO  [org.apa.kaf.cli.pro.ProducerConfig] (main) These configurations '[apicurio.registry.url, apicurio.registry.auto-register, apicurio.registry.use-id, apicurio.registry.artifact-resolver-strategy]' were supplied but are not used yet.
2025-08-06 18:59:09,938 INFO  [org.apa.kaf.com.uti.AppInfoParser] (main) Kafka version: 3.9.1
2025-08-06 18:59:09,939 INFO  [org.apa.kaf.com.uti.AppInfoParser] (main) Kafka commitId: f745dfdcee2b9851
2025-08-06 18:59:09,939 INFO  [org.apa.kaf.com.uti.AppInfoParser] (main) Kafka startTimeMs: 1754506749938
2025-08-06 18:59:09,939 INFO  [io.api.tes.ser.api.SimpleSerdesTesterBuilder$SimpleSerdesTester] (main) Using producer configuration: {apicurio.registry.url=http://registry-app-ksql043.apps.ci419.apicurio-testing.org:80/apis/registry/v3, apicurio.registry.auto-register=true, apicurio.registry.use-id=globalId, apicurio.registry.artifact-resolver-strategy=io.apicurio.registry.serde.strategy.TopicIdStrategy, value.serializer=io.apicurio.registry.serde.avro.AvroKafkaSerializer, request.timeout.ms=5000, acks=all, bootstrap.servers=PLAINTEXT://localhost:32769, connections.max.idle.ms=10000, key.serializer=org.apache.kafka.common.serialization.StringSerializer, client.id=Producer-topic-451aa3e6_8468_4adf_830e_c8dfea91babf}
2025-08-06 18:59:09,940 INFO  [io.api.tes.ser.api.SimpleSerdesTesterBuilder$SimpleSerdesTester] (main) Using consumer configuration: {apicurio.registry.use-id=globalId}
2025-08-06 18:59:09,958 INFO  [io.api.tes.ser.api.KafkaSerdesTester] (Thread-600) Sending message {"key11754506749742": "value-0"} to topic topic-451aa3e6_8468_4adf_830e_c8dfea91babf
2025-08-06 18:59:10,461 WARN  [org.apa.kaf.cli.NetworkClient] (kafka-producer-network-thread | Producer-topic-451aa3e6_8468_4adf_830e_c8dfea91babf) [Producer clientId=Producer-topic-451aa3e6_8468_4adf_830e_c8dfea91babf] The metadata response from the cluster reported a recoverable issue with correlation id 1 : {topic-451aa3e6_8468_4adf_830e_c8dfea91babf=UNKNOWN_TOPIC_OR_PARTITION}
2025-08-06 18:59:10,470 INFO  [org.apa.kaf.cli.Metadata] (kafka-producer-network-thread | Producer-topic-451aa3e6_8468_4adf_830e_c8dfea91babf) [Producer clientId=Producer-topic-451aa3e6_8468_4adf_830e_c8dfea91babf] Cluster ID: T8p0IQFNTYSHGQR6rr1wVQ
2025-08-06 18:59:10,600 INFO  [org.apa.kaf.cli.pro.int.TransactionManager] (kafka-producer-network-thread | Producer-topic-451aa3e6_8468_4adf_830e_c8dfea91babf) [Producer clientId=Producer-topic-451aa3e6_8468_4adf_830e_c8dfea91babf] ProducerId set to 0 with epoch 0
2025-08-06 18:59:10,748 INFO  [io.api.tes.ser.api.KafkaSerdesTester] (Thread-600) Sending message {"key11754506749742": "value-1"} to topic topic-451aa3e6_8468_4adf_830e_c8dfea91babf
2025-08-06 18:59:10,757 INFO  [io.api.tes.ser.api.KafkaSerdesTester] (Thread-600) Sending message {"key11754506749742": "value-2"} to topic topic-451aa3e6_8468_4adf_830e_c8dfea91babf
2025-08-06 18:59:10,761 INFO  [io.api.tes.ser.api.KafkaSerdesTester] (Thread-600) Sending message {"key11754506749742": "value-3"} to topic topic-451aa3e6_8468_4adf_830e_c8dfea91babf
2025-08-06 18:59:10,766 INFO  [io.api.tes.ser.api.KafkaSerdesTester] (Thread-600) Sending message {"key11754506749742": "value-4"} to topic topic-451aa3e6_8468_4adf_830e_c8dfea91babf
2025-08-06 18:59:10,771 INFO  [io.api.tes.ser.api.KafkaSerdesTester] (Thread-600) Sending message {"key11754506749742": "value-5"} to topic topic-451aa3e6_8468_4adf_830e_c8dfea91babf
2025-08-06 18:59:10,777 INFO  [io.api.tes.ser.api.KafkaSerdesTester] (Thread-600) Sending message {"key11754506749742": "value-6"} to topic topic-451aa3e6_8468_4adf_830e_c8dfea91babf
2025-08-06 18:59:10,783 INFO  [io.api.tes.ser.api.KafkaSerdesTester] (Thread-600) Sending message {"key11754506749742": "value-7"} to topic topic-451aa3e6_8468_4adf_830e_c8dfea91babf
2025-08-06 18:59:10,794 INFO  [io.api.tes.ser.api.KafkaSerdesTester] (Thread-600) Sending message {"key11754506749742": "value-8"} to topic topic-451aa3e6_8468_4adf_830e_c8dfea91babf
2025-08-06 18:59:10,803 INFO  [io.api.tes.ser.api.KafkaSerdesTester] (Thread-600) Sending message {"key11754506749742": "value-9"} to topic topic-451aa3e6_8468_4adf_830e_c8dfea91babf
2025-08-06 18:59:10,809 INFO  [io.api.tes.ser.api.KafkaSerdesTester] (Thread-600) Produced 10 messages
2025-08-06 18:59:10,809 INFO  [org.apa.kaf.cli.pro.KafkaProducer] (Thread-600) [Producer clientId=Producer-topic-451aa3e6_8468_4adf_830e_c8dfea91babf] Closing the Kafka producer with timeoutMillis = 9223372036854775807 ms.
2025-08-06 18:59:10,829 INFO  [org.apa.kaf.com.met.Metrics] (Thread-600) Metrics scheduler closed
2025-08-06 18:59:10,829 INFO  [org.apa.kaf.com.met.Metrics] (Thread-600) Closing reporter org.apache.kafka.common.metrics.JmxReporter
2025-08-06 18:59:10,829 INFO  [org.apa.kaf.com.met.Metrics] (Thread-600) Closing reporter org.apache.kafka.common.telemetry.internals.ClientTelemetryReporter
2025-08-06 18:59:10,829 INFO  [org.apa.kaf.com.met.Metrics] (Thread-600) Metrics reporters closed
2025-08-06 18:59:10,832 INFO  [org.apa.kaf.com.uti.AppInfoParser] (Thread-600) App info kafka.producer for Producer-topic-451aa3e6_8468_4adf_830e_c8dfea91babf unregistered
**** Registry Base URL: http://registry-app-ksql043.apps.ci419.apicurio-testing.org:80
2025-08-06 18:59:10,883 INFO  [org.apa.kaf.cli.con.ConsumerConfig] (main) ConsumerConfig values: 
	allow.auto.create.topics = true
	auto.commit.interval.ms = 500
	auto.include.jmx.reporter = true
	auto.offset.reset = earliest
	bootstrap.servers = [PLAINTEXT://localhost:32769]
	check.crcs = true
	client.dns.lookup = use_all_dns_ips
	client.id = consumer-Consumer-topic-451aa3e6_8468_4adf_830e_c8dfea91babf-1
	client.rack = 
	connections.max.idle.ms = 10000
	default.api.timeout.ms = 60000
	enable.auto.commit = true
	enable.metrics.push = true
	exclude.internal.topics = true
	fetch.max.bytes = 52428800
	fetch.max.wait.ms = 500
	fetch.min.bytes = 1
	group.id = Consumer-topic-451aa3e6_8468_4adf_830e_c8dfea91babf
	group.instance.id = null
	group.protocol = classic
	group.remote.assignor = null
	heartbeat.interval.ms = 3000
	interceptor.classes = []
	internal.leave.group.on.close = true
	internal.throw.on.fetch.stable.offset.unsupported = false
	isolation.level = read_uncommitted
	key.deserializer = class org.apache.kafka.common.serialization.StringDeserializer
	max.partition.fetch.bytes = 1048576
	max.poll.interval.ms = 300000
	max.poll.records = 500
	metadata.max.age.ms = 300000
	metadata.recovery.strategy = none
	metric.reporters = []
	metrics.num.samples = 2
	metrics.recording.level = INFO
	metrics.sample.window.ms = 30000
	partition.assignment.strategy = [class org.apache.kafka.clients.consumer.RangeAssignor, class org.apache.kafka.clients.consumer.CooperativeStickyAssignor]
	receive.buffer.bytes = 65536
	reconnect.backoff.max.ms = 1000
	reconnect.backoff.ms = 50
	request.timeout.ms = 5000
	retry.backoff.max.ms = 1000
	retry.backoff.ms = 100
	sasl.client.callback.handler.class = null
	sasl.jaas.config = null
	sasl.kerberos.kinit.cmd = /usr/bin/kinit
	sasl.kerberos.min.time.before.relogin = 60000
	sasl.kerberos.service.name = null
	sasl.kerberos.ticket.renew.jitter = 0.05
	sasl.kerberos.ticket.renew.window.factor = 0.8
	sasl.login.callback.handler.class = null
	sasl.login.class = null
	sasl.login.connect.timeout.ms = null
	sasl.login.read.timeout.ms = null
	sasl.login.refresh.buffer.seconds = 300
	sasl.login.refresh.min.period.seconds = 60
	sasl.login.refresh.window.factor = 0.8
	sasl.login.refresh.window.jitter = 0.05
	sasl.login.retry.backoff.max.ms = 10000
	sasl.login.retry.backoff.ms = 100
	sasl.mechanism = GSSAPI
	sasl.oauthbearer.clock.skew.seconds = 30
	sasl.oauthbearer.expected.audience = null
	sasl.oauthbearer.expected.issuer = null
	sasl.oauthbearer.header.urlencode = false
	sasl.oauthbearer.jwks.endpoint.refresh.ms = 3600000
	sasl.oauthbearer.jwks.endpoint.retry.backoff.max.ms = 10000
	sasl.oauthbearer.jwks.endpoint.retry.backoff.ms = 100
	sasl.oauthbearer.jwks.endpoint.url = null
	sasl.oauthbearer.scope.claim.name = scope
	sasl.oauthbearer.sub.claim.name = sub
	sasl.oauthbearer.token.endpoint.url = null
	security.protocol = PLAINTEXT
	security.providers = null
	send.buffer.bytes = 131072
	session.timeout.ms = 45000
	socket.connection.setup.timeout.max.ms = 30000
	socket.connection.setup.timeout.ms = 10000
	ssl.cipher.suites = null
	ssl.enabled.protocols = [TLSv1.2, TLSv1.3]
	ssl.endpoint.identification.algorithm = https
	ssl.engine.factory.class = null
	ssl.key.password = null
	ssl.keymanager.algorithm = SunX509
	ssl.keystore.certificate.chain = null
	ssl.keystore.key = null
	ssl.keystore.location = null
	ssl.keystore.password = null
	ssl.keystore.type = JKS
	ssl.protocol = TLSv1.3
	ssl.provider = null
	ssl.secure.random.implementation = null
	ssl.trustmanager.algorithm = PKIX
	ssl.truststore.certificates = null
	ssl.truststore.location = null
	ssl.truststore.password = null
	ssl.truststore.type = JKS
	value.deserializer = class io.apicurio.registry.serde.avro.AvroKafkaDeserializer

2025-08-06 18:59:10,894 INFO  [org.apa.kaf.com.tel.int.KafkaMetricsCollector] (main) initializing Kafka metrics collector
2025-08-06 18:59:10,945 INFO  [org.apa.kaf.cli.con.ConsumerConfig] (main) These configurations '[apicurio.registry.url, apicurio.registry.use-id]' were supplied but are not used yet.
2025-08-06 18:59:10,945 INFO  [org.apa.kaf.com.uti.AppInfoParser] (main) Kafka version: 3.9.1
2025-08-06 18:59:10,946 INFO  [org.apa.kaf.com.uti.AppInfoParser] (main) Kafka commitId: f745dfdcee2b9851
2025-08-06 18:59:10,946 INFO  [org.apa.kaf.com.uti.AppInfoParser] (main) Kafka startTimeMs: 1754506750945
2025-08-06 18:59:10,948 INFO  [org.apa.kaf.cli.con.int.ClassicKafkaConsumer] (Thread-603) [Consumer clientId=consumer-Consumer-topic-451aa3e6_8468_4adf_830e_c8dfea91babf-1, groupId=Consumer-topic-451aa3e6_8468_4adf_830e_c8dfea91babf] Subscribed to topic(s): topic-451aa3e6_8468_4adf_830e_c8dfea91babf
2025-08-06 18:59:10,969 INFO  [org.apa.kaf.cli.Metadata] (Thread-603) [Consumer clientId=consumer-Consumer-topic-451aa3e6_8468_4adf_830e_c8dfea91babf-1, groupId=Consumer-topic-451aa3e6_8468_4adf_830e_c8dfea91babf] Cluster ID: T8p0IQFNTYSHGQR6rr1wVQ
2025-08-06 18:59:11,128 INFO  [org.apa.kaf.cli.con.int.ConsumerCoordinator] (Thread-603) [Consumer clientId=consumer-Consumer-topic-451aa3e6_8468_4adf_830e_c8dfea91babf-1, groupId=Consumer-topic-451aa3e6_8468_4adf_830e_c8dfea91babf] Discovered group coordinator localhost:32769 (id: 2147483647 rack: null)
2025-08-06 18:59:11,144 INFO  [org.apa.kaf.cli.con.int.ConsumerCoordinator] (Thread-603) [Consumer clientId=consumer-Consumer-topic-451aa3e6_8468_4adf_830e_c8dfea91babf-1, groupId=Consumer-topic-451aa3e6_8468_4adf_830e_c8dfea91babf] (Re-)joining group
2025-08-06 18:59:11,186 INFO  [org.apa.kaf.cli.con.int.ConsumerCoordinator] (Thread-603) [Consumer clientId=consumer-Consumer-topic-451aa3e6_8468_4adf_830e_c8dfea91babf-1, groupId=Consumer-topic-451aa3e6_8468_4adf_830e_c8dfea91babf] Group coordinator localhost:32769 (id: 2147483647 rack: null) is unavailable or invalid due to cause: error response NOT_COORDINATOR. isDisconnected: false. Rediscovery will be attempted.
2025-08-06 18:59:11,187 INFO  [org.apa.kaf.cli.con.int.ConsumerCoordinator] (Thread-603) [Consumer clientId=consumer-Consumer-topic-451aa3e6_8468_4adf_830e_c8dfea91babf-1, groupId=Consumer-topic-451aa3e6_8468_4adf_830e_c8dfea91babf] Requesting disconnect from last known coordinator localhost:32769 (id: 2147483647 rack: null)
2025-08-06 18:59:11,187 INFO  [org.apa.kaf.cli.con.int.ConsumerCoordinator] (Thread-603) [Consumer clientId=consumer-Consumer-topic-451aa3e6_8468_4adf_830e_c8dfea91babf-1, groupId=Consumer-topic-451aa3e6_8468_4adf_830e_c8dfea91babf] JoinGroup failed: This is not the correct coordinator. Marking coordinator unknown. Sent generation was Generation{generationId=-1, memberId='', protocol='null'}
2025-08-06 18:59:11,187 INFO  [org.apa.kaf.cli.NetworkClient] (Thread-603) [Consumer clientId=consumer-Consumer-topic-451aa3e6_8468_4adf_830e_c8dfea91babf-1, groupId=Consumer-topic-451aa3e6_8468_4adf_830e_c8dfea91babf] Client requested disconnect from node 2147483647
2025-08-06 18:59:11,194 INFO  [org.apa.kaf.cli.con.int.ConsumerCoordinator] (Thread-603) [Consumer clientId=consumer-Consumer-topic-451aa3e6_8468_4adf_830e_c8dfea91babf-1, groupId=Consumer-topic-451aa3e6_8468_4adf_830e_c8dfea91babf] Discovered group coordinator localhost:32769 (id: 2147483647 rack: null)
2025-08-06 18:59:11,197 INFO  [org.apa.kaf.cli.con.int.ConsumerCoordinator] (Thread-603) [Consumer clientId=consumer-Consumer-topic-451aa3e6_8468_4adf_830e_c8dfea91babf-1, groupId=Consumer-topic-451aa3e6_8468_4adf_830e_c8dfea91babf] Group coordinator localhost:32769 (id: 2147483647 rack: null) is unavailable or invalid due to cause: coordinator unavailable. isDisconnected: false. Rediscovery will be attempted.
2025-08-06 18:59:11,197 INFO  [org.apa.kaf.cli.con.int.ConsumerCoordinator] (Thread-603) [Consumer clientId=consumer-Consumer-topic-451aa3e6_8468_4adf_830e_c8dfea91babf-1, groupId=Consumer-topic-451aa3e6_8468_4adf_830e_c8dfea91babf] Requesting disconnect from last known coordinator localhost:32769 (id: 2147483647 rack: null)
2025-08-06 18:59:11,295 INFO  [org.apa.kaf.cli.con.int.ConsumerCoordinator] (Thread-603) [Consumer clientId=consumer-Consumer-topic-451aa3e6_8468_4adf_830e_c8dfea91babf-1, groupId=Consumer-topic-451aa3e6_8468_4adf_830e_c8dfea91babf] Discovered group coordinator localhost:32769 (id: 2147483647 rack: null)
2025-08-06 18:59:11,298 INFO  [org.apa.kaf.cli.con.int.ConsumerCoordinator] (Thread-603) [Consumer clientId=consumer-Consumer-topic-451aa3e6_8468_4adf_830e_c8dfea91babf-1, groupId=Consumer-topic-451aa3e6_8468_4adf_830e_c8dfea91babf] Request joining group due to: rebalance failed due to 'This is not the correct coordinator.' (NotCoordinatorException)
2025-08-06 18:59:11,299 INFO  [org.apa.kaf.cli.con.int.ConsumerCoordinator] (Thread-603) [Consumer clientId=consumer-Consumer-topic-451aa3e6_8468_4adf_830e_c8dfea91babf-1, groupId=Consumer-topic-451aa3e6_8468_4adf_830e_c8dfea91babf] (Re-)joining group
2025-08-06 18:59:11,306 INFO  [org.apa.kaf.cli.con.int.ConsumerCoordinator] (Thread-603) [Consumer clientId=consumer-Consumer-topic-451aa3e6_8468_4adf_830e_c8dfea91babf-1, groupId=Consumer-topic-451aa3e6_8468_4adf_830e_c8dfea91babf] Group coordinator localhost:32769 (id: 2147483647 rack: null) is unavailable or invalid due to cause: error response NOT_COORDINATOR. isDisconnected: false. Rediscovery will be attempted.
2025-08-06 18:59:11,306 INFO  [org.apa.kaf.cli.con.int.ConsumerCoordinator] (Thread-603) [Consumer clientId=consumer-Consumer-topic-451aa3e6_8468_4adf_830e_c8dfea91babf-1, groupId=Consumer-topic-451aa3e6_8468_4adf_830e_c8dfea91babf] Requesting disconnect from last known coordinator localhost:32769 (id: 2147483647 rack: null)
2025-08-06 18:59:11,306 INFO  [org.apa.kaf.cli.con.int.ConsumerCoordinator] (Thread-603) [Consumer clientId=consumer-Consumer-topic-451aa3e6_8468_4adf_830e_c8dfea91babf-1, groupId=Consumer-topic-451aa3e6_8468_4adf_830e_c8dfea91babf] JoinGroup failed: This is not the correct coordinator. Marking coordinator unknown. Sent generation was Generation{generationId=-1, memberId='', protocol='null'}
2025-08-06 18:59:11,307 INFO  [org.apa.kaf.cli.NetworkClient] (Thread-603) [Consumer clientId=consumer-Consumer-topic-451aa3e6_8468_4adf_830e_c8dfea91babf-1, groupId=Consumer-topic-451aa3e6_8468_4adf_830e_c8dfea91babf] Client requested disconnect from node 2147483647
2025-08-06 18:59:11,313 INFO  [org.apa.kaf.cli.con.int.ConsumerCoordinator] (Thread-603) [Consumer clientId=consumer-Consumer-topic-451aa3e6_8468_4adf_830e_c8dfea91babf-1, groupId=Consumer-topic-451aa3e6_8468_4adf_830e_c8dfea91babf] Discovered group coordinator localhost:32769 (id: 2147483647 rack: null)
2025-08-06 18:59:11,313 INFO  [org.apa.kaf.cli.con.int.ConsumerCoordinator] (Thread-603) [Consumer clientId=consumer-Consumer-topic-451aa3e6_8468_4adf_830e_c8dfea91babf-1, groupId=Consumer-topic-451aa3e6_8468_4adf_830e_c8dfea91babf] Group coordinator localhost:32769 (id: 2147483647 rack: null) is unavailable or invalid due to cause: coordinator unavailable. isDisconnected: false. Rediscovery will be attempted.
2025-08-06 18:59:11,313 INFO  [org.apa.kaf.cli.con.int.ConsumerCoordinator] (Thread-603) [Consumer clientId=consumer-Consumer-topic-451aa3e6_8468_4adf_830e_c8dfea91babf-1, groupId=Consumer-topic-451aa3e6_8468_4adf_830e_c8dfea91babf] Requesting disconnect from last known coordinator localhost:32769 (id: 2147483647 rack: null)
2025-08-06 18:59:11,418 INFO  [org.apa.kaf.cli.con.int.ConsumerCoordinator] (Thread-603) [Consumer clientId=consumer-Consumer-topic-451aa3e6_8468_4adf_830e_c8dfea91babf-1, groupId=Consumer-topic-451aa3e6_8468_4adf_830e_c8dfea91babf] Discovered group coordinator localhost:32769 (id: 2147483647 rack: null)
2025-08-06 18:59:11,420 INFO  [org.apa.kaf.cli.con.int.ConsumerCoordinator] (Thread-603) [Consumer clientId=consumer-Consumer-topic-451aa3e6_8468_4adf_830e_c8dfea91babf-1, groupId=Consumer-topic-451aa3e6_8468_4adf_830e_c8dfea91babf] Request joining group due to: rebalance failed due to 'This is not the correct coordinator.' (NotCoordinatorException)
2025-08-06 18:59:11,420 INFO  [org.apa.kaf.cli.con.int.ConsumerCoordinator] (Thread-603) [Consumer clientId=consumer-Consumer-topic-451aa3e6_8468_4adf_830e_c8dfea91babf-1, groupId=Consumer-topic-451aa3e6_8468_4adf_830e_c8dfea91babf] (Re-)joining group
2025-08-06 18:59:11,432 INFO  [org.apa.kaf.cli.con.int.ConsumerCoordinator] (Thread-603) [Consumer clientId=consumer-Consumer-topic-451aa3e6_8468_4adf_830e_c8dfea91babf-1, groupId=Consumer-topic-451aa3e6_8468_4adf_830e_c8dfea91babf] Group coordinator localhost:32769 (id: 2147483647 rack: null) is unavailable or invalid due to cause: error response NOT_COORDINATOR. isDisconnected: false. Rediscovery will be attempted.
2025-08-06 18:59:11,433 INFO  [org.apa.kaf.cli.con.int.ConsumerCoordinator] (Thread-603) [Consumer clientId=consumer-Consumer-topic-451aa3e6_8468_4adf_830e_c8dfea91babf-1, groupId=Consumer-topic-451aa3e6_8468_4adf_830e_c8dfea91babf] Requesting disconnect from last known coordinator localhost:32769 (id: 2147483647 rack: null)
2025-08-06 18:59:11,433 INFO  [org.apa.kaf.cli.con.int.ConsumerCoordinator] (Thread-603) [Consumer clientId=consumer-Consumer-topic-451aa3e6_8468_4adf_830e_c8dfea91babf-1, groupId=Consumer-topic-451aa3e6_8468_4adf_830e_c8dfea91babf] JoinGroup failed: This is not the correct coordinator. Marking coordinator unknown. Sent generation was Generation{generationId=-1, memberId='', protocol='null'}
2025-08-06 18:59:11,433 INFO  [org.apa.kaf.cli.NetworkClient] (Thread-603) [Consumer clientId=consumer-Consumer-topic-451aa3e6_8468_4adf_830e_c8dfea91babf-1, groupId=Consumer-topic-451aa3e6_8468_4adf_830e_c8dfea91babf] Client requested disconnect from node 2147483647
2025-08-06 18:59:11,449 INFO  [org.apa.kaf.cli.con.int.ConsumerCoordinator] (Thread-603) [Consumer clientId=consumer-Consumer-topic-451aa3e6_8468_4adf_830e_c8dfea91babf-1, groupId=Consumer-topic-451aa3e6_8468_4adf_830e_c8dfea91babf] Discovered group coordinator localhost:32769 (id: 2147483647 rack: null)
2025-08-06 18:59:11,449 INFO  [org.apa.kaf.cli.con.int.ConsumerCoordinator] (Thread-603) [Consumer clientId=consumer-Consumer-topic-451aa3e6_8468_4adf_830e_c8dfea91babf-1, groupId=Consumer-topic-451aa3e6_8468_4adf_830e_c8dfea91babf] Group coordinator localhost:32769 (id: 2147483647 rack: null) is unavailable or invalid due to cause: coordinator unavailable. isDisconnected: false. Rediscovery will be attempted.
2025-08-06 18:59:11,449 INFO  [org.apa.kaf.cli.con.int.ConsumerCoordinator] (Thread-603) [Consumer clientId=consumer-Consumer-topic-451aa3e6_8468_4adf_830e_c8dfea91babf-1, groupId=Consumer-topic-451aa3e6_8468_4adf_830e_c8dfea91babf] Requesting disconnect from last known coordinator localhost:32769 (id: 2147483647 rack: null)
2025-08-06 18:59:11,577 INFO  [org.apa.kaf.cli.con.int.ConsumerCoordinator] (Thread-603) [Consumer clientId=consumer-Consumer-topic-451aa3e6_8468_4adf_830e_c8dfea91babf-1, groupId=Consumer-topic-451aa3e6_8468_4adf_830e_c8dfea91babf] Discovered group coordinator localhost:32769 (id: 2147483647 rack: null)
2025-08-06 18:59:11,581 INFO  [org.apa.kaf.cli.con.int.ConsumerCoordinator] (Thread-603) [Consumer clientId=consumer-Consumer-topic-451aa3e6_8468_4adf_830e_c8dfea91babf-1, groupId=Consumer-topic-451aa3e6_8468_4adf_830e_c8dfea91babf] Request joining group due to: rebalance failed due to 'This is not the correct coordinator.' (NotCoordinatorException)
2025-08-06 18:59:11,582 INFO  [org.apa.kaf.cli.con.int.ConsumerCoordinator] (Thread-603) [Consumer clientId=consumer-Consumer-topic-451aa3e6_8468_4adf_830e_c8dfea91babf-1, groupId=Consumer-topic-451aa3e6_8468_4adf_830e_c8dfea91babf] (Re-)joining group
2025-08-06 18:59:11,592 INFO  [org.apa.kaf.cli.con.int.ConsumerCoordinator] (Thread-603) [Consumer clientId=consumer-Consumer-topic-451aa3e6_8468_4adf_830e_c8dfea91babf-1, groupId=Consumer-topic-451aa3e6_8468_4adf_830e_c8dfea91babf] Group coordinator localhost:32769 (id: 2147483647 rack: null) is unavailable or invalid due to cause: error response NOT_COORDINATOR. isDisconnected: false. Rediscovery will be attempted.
2025-08-06 18:59:11,593 INFO  [org.apa.kaf.cli.con.int.ConsumerCoordinator] (Thread-603) [Consumer clientId=consumer-Consumer-topic-451aa3e6_8468_4adf_830e_c8dfea91babf-1, groupId=Consumer-topic-451aa3e6_8468_4adf_830e_c8dfea91babf] Requesting disconnect from last known coordinator localhost:32769 (id: 2147483647 rack: null)
2025-08-06 18:59:11,593 INFO  [org.apa.kaf.cli.con.int.ConsumerCoordinator] (Thread-603) [Consumer clientId=consumer-Consumer-topic-451aa3e6_8468_4adf_830e_c8dfea91babf-1, groupId=Consumer-topic-451aa3e6_8468_4adf_830e_c8dfea91babf] JoinGroup failed: This is not the correct coordinator. Marking coordinator unknown. Sent generation was Generation{generationId=-1, memberId='', protocol='null'}
2025-08-06 18:59:11,593 INFO  [org.apa.kaf.cli.NetworkClient] (Thread-603) [Consumer clientId=consumer-Consumer-topic-451aa3e6_8468_4adf_830e_c8dfea91babf-1, groupId=Consumer-topic-451aa3e6_8468_4adf_830e_c8dfea91babf] Client requested disconnect from node 2147483647
2025-08-06 18:59:11,601 INFO  [org.apa.kaf.cli.con.int.ConsumerCoordinator] (Thread-603) [Consumer clientId=consumer-Consumer-topic-451aa3e6_8468_4adf_830e_c8dfea91babf-1, groupId=Consumer-topic-451aa3e6_8468_4adf_830e_c8dfea91babf] Discovered group coordinator localhost:32769 (id: 2147483647 rack: null)
2025-08-06 18:59:11,602 INFO  [org.apa.kaf.cli.con.int.ConsumerCoordinator] (Thread-603) [Consumer clientId=consumer-Consumer-topic-451aa3e6_8468_4adf_830e_c8dfea91babf-1, groupId=Consumer-topic-451aa3e6_8468_4adf_830e_c8dfea91babf] Group coordinator localhost:32769 (id: 2147483647 rack: null) is unavailable or invalid due to cause: coordinator unavailable. isDisconnected: false. Rediscovery will be attempted.
2025-08-06 18:59:11,602 INFO  [org.apa.kaf.cli.con.int.ConsumerCoordinator] (Thread-603) [Consumer clientId=consumer-Consumer-topic-451aa3e6_8468_4adf_830e_c8dfea91babf-1, groupId=Consumer-topic-451aa3e6_8468_4adf_830e_c8dfea91babf] Requesting disconnect from last known coordinator localhost:32769 (id: 2147483647 rack: null)
2025-08-06 18:59:11,712 INFO  [org.apa.kaf.cli.con.int.ConsumerCoordinator] (Thread-603) [Consumer clientId=consumer-Consumer-topic-451aa3e6_8468_4adf_830e_c8dfea91babf-1, groupId=Consumer-topic-451aa3e6_8468_4adf_830e_c8dfea91babf] Discovered group coordinator localhost:32769 (id: 2147483647 rack: null)
2025-08-06 18:59:11,713 INFO  [org.apa.kaf.cli.con.int.ConsumerCoordinator] (Thread-603) [Consumer clientId=consumer-Consumer-topic-451aa3e6_8468_4adf_830e_c8dfea91babf-1, groupId=Consumer-topic-451aa3e6_8468_4adf_830e_c8dfea91babf] Request joining group due to: rebalance failed due to 'This is not the correct coordinator.' (NotCoordinatorException)
2025-08-06 18:59:11,713 INFO  [org.apa.kaf.cli.con.int.ConsumerCoordinator] (Thread-603) [Consumer clientId=consumer-Consumer-topic-451aa3e6_8468_4adf_830e_c8dfea91babf-1, groupId=Consumer-topic-451aa3e6_8468_4adf_830e_c8dfea91babf] (Re-)joining group
2025-08-06 18:59:11,720 INFO  [org.apa.kaf.cli.con.int.ConsumerCoordinator] (Thread-603) [Consumer clientId=consumer-Consumer-topic-451aa3e6_8468_4adf_830e_c8dfea91babf-1, groupId=Consumer-topic-451aa3e6_8468_4adf_830e_c8dfea91babf] Group coordinator localhost:32769 (id: 2147483647 rack: null) is unavailable or invalid due to cause: error response NOT_COORDINATOR. isDisconnected: false. Rediscovery will be attempted.
2025-08-06 18:59:11,721 INFO  [org.apa.kaf.cli.con.int.ConsumerCoordinator] (Thread-603) [Consumer clientId=consumer-Consumer-topic-451aa3e6_8468_4adf_830e_c8dfea91babf-1, groupId=Consumer-topic-451aa3e6_8468_4adf_830e_c8dfea91babf] Requesting disconnect from last known coordinator localhost:32769 (id: 2147483647 rack: null)
2025-08-06 18:59:11,721 INFO  [org.apa.kaf.cli.con.int.ConsumerCoordinator] (Thread-603) [Consumer clientId=consumer-Consumer-topic-451aa3e6_8468_4adf_830e_c8dfea91babf-1, groupId=Consumer-topic-451aa3e6_8468_4adf_830e_c8dfea91babf] JoinGroup failed: This is not the correct coordinator. Marking coordinator unknown. Sent generation was Generation{generationId=-1, memberId='', protocol='null'}
2025-08-06 18:59:11,721 INFO  [org.apa.kaf.cli.NetworkClient] (Thread-603) [Consumer clientId=consumer-Consumer-topic-451aa3e6_8468_4adf_830e_c8dfea91babf-1, groupId=Consumer-topic-451aa3e6_8468_4adf_830e_c8dfea91babf] Client requested disconnect from node 2147483647
2025-08-06 18:59:11,728 INFO  [org.apa.kaf.cli.con.int.ConsumerCoordinator] (Thread-603) [Consumer clientId=consumer-Consumer-topic-451aa3e6_8468_4adf_830e_c8dfea91babf-1, groupId=Consumer-topic-451aa3e6_8468_4adf_830e_c8dfea91babf] Discovered group coordinator localhost:32769 (id: 2147483647 rack: null)
2025-08-06 18:59:11,728 INFO  [org.apa.kaf.cli.con.int.ConsumerCoordinator] (Thread-603) [Consumer clientId=consumer-Consumer-topic-451aa3e6_8468_4adf_830e_c8dfea91babf-1, groupId=Consumer-topic-451aa3e6_8468_4adf_830e_c8dfea91babf] Group coordinator localhost:32769 (id: 2147483647 rack: null) is unavailable or invalid due to cause: coordinator unavailable. isDisconnected: false. Rediscovery will be attempted.
2025-08-06 18:59:11,728 INFO  [org.apa.kaf.cli.con.int.ConsumerCoordinator] (Thread-603) [Consumer clientId=consumer-Consumer-topic-451aa3e6_8468_4adf_830e_c8dfea91babf-1, groupId=Consumer-topic-451aa3e6_8468_4adf_830e_c8dfea91babf] Requesting disconnect from last known coordinator localhost:32769 (id: 2147483647 rack: null)
2025-08-06 18:59:11,836 INFO  [org.apa.kaf.cli.con.int.ConsumerCoordinator] (Thread-603) [Consumer clientId=consumer-Consumer-topic-451aa3e6_8468_4adf_830e_c8dfea91babf-1, groupId=Consumer-topic-451aa3e6_8468_4adf_830e_c8dfea91babf] Discovered group coordinator localhost:32769 (id: 2147483647 rack: null)
2025-08-06 18:59:11,837 INFO  [org.apa.kaf.cli.con.int.ConsumerCoordinator] (Thread-603) [Consumer clientId=consumer-Consumer-topic-451aa3e6_8468_4adf_830e_c8dfea91babf-1, groupId=Consumer-topic-451aa3e6_8468_4adf_830e_c8dfea91babf] Request joining group due to: rebalance failed due to 'This is not the correct coordinator.' (NotCoordinatorException)
2025-08-06 18:59:11,837 INFO  [org.apa.kaf.cli.con.int.ConsumerCoordinator] (Thread-603) [Consumer clientId=consumer-Consumer-topic-451aa3e6_8468_4adf_830e_c8dfea91babf-1, groupId=Consumer-topic-451aa3e6_8468_4adf_830e_c8dfea91babf] (Re-)joining group
2025-08-06 18:59:11,848 INFO  [org.apa.kaf.cli.con.int.ConsumerCoordinator] (Thread-603) [Consumer clientId=consumer-Consumer-topic-451aa3e6_8468_4adf_830e_c8dfea91babf-1, groupId=Consumer-topic-451aa3e6_8468_4adf_830e_c8dfea91babf] Request joining group due to: need to re-join with the given member-id: consumer-Consumer-topic-451aa3e6_8468_4adf_830e_c8dfea91babf-1-05645889-d8fa-475e-9691-ba58d3203e6e
2025-08-06 18:59:11,849 INFO  [org.apa.kaf.cli.con.int.ConsumerCoordinator] (Thread-603) [Consumer clientId=consumer-Consumer-topic-451aa3e6_8468_4adf_830e_c8dfea91babf-1, groupId=Consumer-topic-451aa3e6_8468_4adf_830e_c8dfea91babf] (Re-)joining group
2025-08-06 18:59:11,950 INFO  [io.api.tes.ser.api.KafkaSerdesTester] (Thread-603) None found
2025-08-06 18:59:12,952 INFO  [io.api.tes.ser.api.KafkaSerdesTester] (Thread-603) None found
2025-08-06 18:59:13,952 INFO  [io.api.tes.ser.api.KafkaSerdesTester] (Thread-603) None found
2025-08-06 18:59:14,880 INFO  [org.apa.kaf.cli.con.int.ConsumerCoordinator] (Thread-603) [Consumer clientId=consumer-Consumer-topic-451aa3e6_8468_4adf_830e_c8dfea91babf-1, groupId=Consumer-topic-451aa3e6_8468_4adf_830e_c8dfea91babf] Successfully joined group with generation Generation{generationId=1, memberId='consumer-Consumer-topic-451aa3e6_8468_4adf_830e_c8dfea91babf-1-05645889-d8fa-475e-9691-ba58d3203e6e', protocol='range'}
2025-08-06 18:59:14,900 INFO  [org.apa.kaf.cli.con.int.ConsumerCoordinator] (Thread-603) [Consumer clientId=consumer-Consumer-topic-451aa3e6_8468_4adf_830e_c8dfea91babf-1, groupId=Consumer-topic-451aa3e6_8468_4adf_830e_c8dfea91babf] Finished assignment for group at generation 1: {consumer-Consumer-topic-451aa3e6_8468_4adf_830e_c8dfea91babf-1-05645889-d8fa-475e-9691-ba58d3203e6e=Assignment(partitions=[topic-451aa3e6_8468_4adf_830e_c8dfea91babf-0])}
2025-08-06 18:59:14,926 INFO  [org.apa.kaf.cli.con.int.ConsumerCoordinator] (Thread-603) [Consumer clientId=consumer-Consumer-topic-451aa3e6_8468_4adf_830e_c8dfea91babf-1, groupId=Consumer-topic-451aa3e6_8468_4adf_830e_c8dfea91babf] Successfully synced group in generation Generation{generationId=1, memberId='consumer-Consumer-topic-451aa3e6_8468_4adf_830e_c8dfea91babf-1-05645889-d8fa-475e-9691-ba58d3203e6e', protocol='range'}
2025-08-06 18:59:14,927 INFO  [org.apa.kaf.cli.con.int.ConsumerCoordinator] (Thread-603) [Consumer clientId=consumer-Consumer-topic-451aa3e6_8468_4adf_830e_c8dfea91babf-1, groupId=Consumer-topic-451aa3e6_8468_4adf_830e_c8dfea91babf] Notifying assignor about the new Assignment(partitions=[topic-451aa3e6_8468_4adf_830e_c8dfea91babf-0])
2025-08-06 18:59:14,933 INFO  [org.apa.kaf.cli.con.int.ConsumerRebalanceListenerInvoker] (Thread-603) [Consumer clientId=consumer-Consumer-topic-451aa3e6_8468_4adf_830e_c8dfea91babf-1, groupId=Consumer-topic-451aa3e6_8468_4adf_830e_c8dfea91babf] Adding newly assigned partitions: topic-451aa3e6_8468_4adf_830e_c8dfea91babf-0
2025-08-06 18:59:14,950 INFO  [org.apa.kaf.cli.con.int.ConsumerCoordinator] (Thread-603) [Consumer clientId=consumer-Consumer-topic-451aa3e6_8468_4adf_830e_c8dfea91babf-1, groupId=Consumer-topic-451aa3e6_8468_4adf_830e_c8dfea91babf] Found no committed offset for partition topic-451aa3e6_8468_4adf_830e_c8dfea91babf-0
2025-08-06 18:59:14,960 INFO  [io.api.tes.ser.api.KafkaSerdesTester] (Thread-603) None found
2025-08-06 18:59:14,977 INFO  [org.apa.kaf.cli.con.int.SubscriptionState] (Thread-603) [Consumer clientId=consumer-Consumer-topic-451aa3e6_8468_4adf_830e_c8dfea91babf-1, groupId=Consumer-topic-451aa3e6_8468_4adf_830e_c8dfea91babf] Resetting offset for partition topic-451aa3e6_8468_4adf_830e_c8dfea91babf-0 to position FetchPosition{offset=0, offsetEpoch=Optional.empty, currentLeader=LeaderAndEpoch{leader=Optional[localhost:32769 (id: 0 rack: null)], epoch=0}}.
2025-08-06 18:59:15,077 INFO  [io.api.tes.ser.api.KafkaSerdesTester] (Thread-603) topic-451aa3e6_8468_4adf_830e_c8dfea91babf 0 0 {"key11754506749742": "value-0"}
2025-08-06 18:59:15,077 INFO  [io.api.tes.ser.api.KafkaSerdesTester] (Thread-603) topic-451aa3e6_8468_4adf_830e_c8dfea91babf 0 1 {"key11754506749742": "value-1"}
2025-08-06 18:59:15,077 INFO  [io.api.tes.ser.api.KafkaSerdesTester] (Thread-603) topic-451aa3e6_8468_4adf_830e_c8dfea91babf 0 2 {"key11754506749742": "value-2"}
2025-08-06 18:59:15,078 INFO  [io.api.tes.ser.api.KafkaSerdesTester] (Thread-603) topic-451aa3e6_8468_4adf_830e_c8dfea91babf 0 3 {"key11754506749742": "value-3"}
2025-08-06 18:59:15,078 INFO  [io.api.tes.ser.api.KafkaSerdesTester] (Thread-603) topic-451aa3e6_8468_4adf_830e_c8dfea91babf 0 4 {"key11754506749742": "value-4"}
2025-08-06 18:59:15,078 INFO  [io.api.tes.ser.api.KafkaSerdesTester] (Thread-603) topic-451aa3e6_8468_4adf_830e_c8dfea91babf 0 5 {"key11754506749742": "value-5"}
2025-08-06 18:59:15,078 INFO  [io.api.tes.ser.api.KafkaSerdesTester] (Thread-603) topic-451aa3e6_8468_4adf_830e_c8dfea91babf 0 6 {"key11754506749742": "value-6"}
2025-08-06 18:59:15,078 INFO  [io.api.tes.ser.api.KafkaSerdesTester] (Thread-603) topic-451aa3e6_8468_4adf_830e_c8dfea91babf 0 7 {"key11754506749742": "value-7"}
2025-08-06 18:59:15,078 INFO  [io.api.tes.ser.api.KafkaSerdesTester] (Thread-603) topic-451aa3e6_8468_4adf_830e_c8dfea91babf 0 8 {"key11754506749742": "value-8"}
2025-08-06 18:59:15,078 INFO  [io.api.tes.ser.api.KafkaSerdesTester] (Thread-603) topic-451aa3e6_8468_4adf_830e_c8dfea91babf 0 9 {"key11754506749742": "value-9"}
2025-08-06 18:59:15,078 INFO  [io.api.tes.ser.api.KafkaSerdesTester] (Thread-603) Consumed 10 messages
2025-08-06 18:59:15,108 INFO  [org.apa.kaf.cli.con.int.ConsumerRebalanceListenerInvoker] (Thread-603) [Consumer clientId=consumer-Consumer-topic-451aa3e6_8468_4adf_830e_c8dfea91babf-1, groupId=Consumer-topic-451aa3e6_8468_4adf_830e_c8dfea91babf] Revoke previously assigned partitions topic-451aa3e6_8468_4adf_830e_c8dfea91babf-0
2025-08-06 18:59:15,108 INFO  [org.apa.kaf.cli.con.int.ConsumerCoordinator] (Thread-603) [Consumer clientId=consumer-Consumer-topic-451aa3e6_8468_4adf_830e_c8dfea91babf-1, groupId=Consumer-topic-451aa3e6_8468_4adf_830e_c8dfea91babf] Member consumer-Consumer-topic-451aa3e6_8468_4adf_830e_c8dfea91babf-1-05645889-d8fa-475e-9691-ba58d3203e6e sending LeaveGroup request to coordinator localhost:32769 (id: 2147483647 rack: null) due to the consumer is being closed
2025-08-06 18:59:15,109 INFO  [org.apa.kaf.cli.con.int.ConsumerCoordinator] (Thread-603) [Consumer clientId=consumer-Consumer-topic-451aa3e6_8468_4adf_830e_c8dfea91babf-1, groupId=Consumer-topic-451aa3e6_8468_4adf_830e_c8dfea91babf] Resetting generation and member id due to: consumer pro-actively leaving the group
2025-08-06 18:59:15,109 INFO  [org.apa.kaf.cli.con.int.ConsumerCoordinator] (Thread-603) [Consumer clientId=consumer-Consumer-topic-451aa3e6_8468_4adf_830e_c8dfea91babf-1, groupId=Consumer-topic-451aa3e6_8468_4adf_830e_c8dfea91babf] Request joining group due to: consumer pro-actively leaving the group
2025-08-06 18:59:15,596 INFO  [org.apa.kaf.com.met.Metrics] (Thread-603) Metrics scheduler closed
2025-08-06 18:59:15,596 INFO  [org.apa.kaf.com.met.Metrics] (Thread-603) Closing reporter org.apache.kafka.common.metrics.JmxReporter
2025-08-06 18:59:15,596 INFO  [org.apa.kaf.com.met.Metrics] (Thread-603) Closing reporter org.apache.kafka.common.telemetry.internals.ClientTelemetryReporter
2025-08-06 18:59:15,596 INFO  [org.apa.kaf.com.met.Metrics] (Thread-603) Metrics reporters closed
2025-08-06 18:59:15,610 INFO  [org.apa.kaf.com.uti.AppInfoParser] (Thread-603) App info kafka.consumer for consumer-Consumer-topic-451aa3e6_8468_4adf_830e_c8dfea91babf-1 unregistered
2025-08-06 18:59:15,611 INFO  [io.api.tes.uti.TestSeparator] (main) io.apicurio.tests.serdes.apicurio.AvroSerdeIT.testGlobalIdInHeaders-FINISHED
2025-08-06 18:59:15,611 INFO  [io.api.tes.uti.TestSeparator] (main) ############################################################################
Test passed: testGlobalIdInHeaders
]]></system-out>
  </testcase>
  <testcase name="testSimpleTopicIdStrategyFindLatest" classname="io.apicurio.tests.serdes.apicurio.AvroSerdeIT" time="4.822">
    <system-out><![CDATA[2025-08-06 18:59:15,616 INFO  [io.api.tes.uti.TestSeparator] (main) ############################################################################
2025-08-06 18:59:15,617 INFO  [io.api.tes.uti.TestSeparator] (main) io.apicurio.tests.serdes.apicurio.AvroSerdeIT.testSimpleTopicIdStrategyFindLatest-STARTED
2025-08-06 18:59:15,625 INFO  [io.api.tes.ser.api.AvroSerdeIT] (main) Registering Avro Schema: {"type":"record","name":"myrecordapicurio1","fields":[{"name":"key11754506755617","type":"string"}]}
**** Registry Base URL: http://registry-app-ksql043.apps.ci419.apicurio-testing.org:80
2025-08-06 18:59:16,701 INFO  [org.apa.kaf.cli.pro.ProducerConfig] (main) ProducerConfig values: 
	acks = -1
	auto.include.jmx.reporter = true
	batch.size = 16384
	bootstrap.servers = [PLAINTEXT://localhost:32769]
	buffer.memory = 33554432
	client.dns.lookup = use_all_dns_ips
	client.id = Producer-topic-ebe456a6_828e_47e9_896d_ed77b34dc8fa
	compression.gzip.level = -1
	compression.lz4.level = 9
	compression.type = none
	compression.zstd.level = 3
	connections.max.idle.ms = 10000
	delivery.timeout.ms = 120000
	enable.idempotence = true
	enable.metrics.push = true
	interceptor.classes = []
	key.serializer = class org.apache.kafka.common.serialization.StringSerializer
	linger.ms = 0
	max.block.ms = 60000
	max.in.flight.requests.per.connection = 5
	max.request.size = 1048576
	metadata.max.age.ms = 300000
	metadata.max.idle.ms = 300000
	metadata.recovery.strategy = none
	metric.reporters = []
	metrics.num.samples = 2
	metrics.recording.level = INFO
	metrics.sample.window.ms = 30000
	partitioner.adaptive.partitioning.enable = true
	partitioner.availability.timeout.ms = 0
	partitioner.class = null
	partitioner.ignore.keys = false
	receive.buffer.bytes = 32768
	reconnect.backoff.max.ms = 1000
	reconnect.backoff.ms = 50
	request.timeout.ms = 5000
	retries = 2147483647
	retry.backoff.max.ms = 1000
	retry.backoff.ms = 100
	sasl.client.callback.handler.class = null
	sasl.jaas.config = null
	sasl.kerberos.kinit.cmd = /usr/bin/kinit
	sasl.kerberos.min.time.before.relogin = 60000
	sasl.kerberos.service.name = null
	sasl.kerberos.ticket.renew.jitter = 0.05
	sasl.kerberos.ticket.renew.window.factor = 0.8
	sasl.login.callback.handler.class = null
	sasl.login.class = null
	sasl.login.connect.timeout.ms = null
	sasl.login.read.timeout.ms = null
	sasl.login.refresh.buffer.seconds = 300
	sasl.login.refresh.min.period.seconds = 60
	sasl.login.refresh.window.factor = 0.8
	sasl.login.refresh.window.jitter = 0.05
	sasl.login.retry.backoff.max.ms = 10000
	sasl.login.retry.backoff.ms = 100
	sasl.mechanism = GSSAPI
	sasl.oauthbearer.clock.skew.seconds = 30
	sasl.oauthbearer.expected.audience = null
	sasl.oauthbearer.expected.issuer = null
	sasl.oauthbearer.header.urlencode = false
	sasl.oauthbearer.jwks.endpoint.refresh.ms = 3600000
	sasl.oauthbearer.jwks.endpoint.retry.backoff.max.ms = 10000
	sasl.oauthbearer.jwks.endpoint.retry.backoff.ms = 100
	sasl.oauthbearer.jwks.endpoint.url = null
	sasl.oauthbearer.scope.claim.name = scope
	sasl.oauthbearer.sub.claim.name = sub
	sasl.oauthbearer.token.endpoint.url = null
	security.protocol = PLAINTEXT
	security.providers = null
	send.buffer.bytes = 131072
	socket.connection.setup.timeout.max.ms = 30000
	socket.connection.setup.timeout.ms = 10000
	ssl.cipher.suites = null
	ssl.enabled.protocols = [TLSv1.2, TLSv1.3]
	ssl.endpoint.identification.algorithm = https
	ssl.engine.factory.class = null
	ssl.key.password = null
	ssl.keymanager.algorithm = SunX509
	ssl.keystore.certificate.chain = null
	ssl.keystore.key = null
	ssl.keystore.location = null
	ssl.keystore.password = null
	ssl.keystore.type = JKS
	ssl.protocol = TLSv1.3
	ssl.provider = null
	ssl.secure.random.implementation = null
	ssl.trustmanager.algorithm = PKIX
	ssl.truststore.certificates = null
	ssl.truststore.location = null
	ssl.truststore.password = null
	ssl.truststore.type = JKS
	transaction.timeout.ms = 60000
	transactional.id = null
	value.serializer = class io.apicurio.registry.serde.avro.AvroKafkaSerializer

2025-08-06 18:59:16,702 INFO  [org.apa.kaf.com.tel.int.KafkaMetricsCollector] (main) initializing Kafka metrics collector
2025-08-06 18:59:16,708 INFO  [org.apa.kaf.cli.pro.KafkaProducer] (main) [Producer clientId=Producer-topic-ebe456a6_828e_47e9_896d_ed77b34dc8fa] Instantiated an idempotent producer.
2025-08-06 18:59:16,719 INFO  [org.apa.kaf.cli.pro.ProducerConfig] (main) These configurations '[apicurio.registry.find-latest, apicurio.registry.artifact.group-id, apicurio.registry.url, apicurio.registry.artifact-resolver-strategy]' were supplied but are not used yet.
2025-08-06 18:59:16,719 INFO  [org.apa.kaf.com.uti.AppInfoParser] (main) Kafka version: 3.9.1
2025-08-06 18:59:16,719 INFO  [org.apa.kaf.com.uti.AppInfoParser] (main) Kafka commitId: f745dfdcee2b9851
2025-08-06 18:59:16,719 INFO  [org.apa.kaf.com.uti.AppInfoParser] (main) Kafka startTimeMs: 1754506756719
2025-08-06 18:59:16,720 INFO  [io.api.tes.ser.api.SimpleSerdesTesterBuilder$SimpleSerdesTester] (main) Using producer configuration: {apicurio.registry.find-latest=true, apicurio.registry.artifact.group-id=topic-ebe456a6_828e_47e9_896d_ed77b34dc8fa, apicurio.registry.url=http://registry-app-ksql043.apps.ci419.apicurio-testing.org:80/apis/registry/v3, apicurio.registry.artifact-resolver-strategy=io.apicurio.registry.serde.strategy.SimpleTopicIdStrategy, value.serializer=io.apicurio.registry.serde.avro.AvroKafkaSerializer, request.timeout.ms=5000, acks=all, bootstrap.servers=PLAINTEXT://localhost:32769, connections.max.idle.ms=10000, key.serializer=org.apache.kafka.common.serialization.StringSerializer, client.id=Producer-topic-ebe456a6_828e_47e9_896d_ed77b34dc8fa}
2025-08-06 18:59:16,720 INFO  [io.api.tes.ser.api.SimpleSerdesTesterBuilder$SimpleSerdesTester] (main) Using consumer configuration: {}
2025-08-06 18:59:16,722 INFO  [io.api.tes.ser.api.KafkaSerdesTester] (Thread-606) Sending message {"key11754506755617": "value-0"} to topic topic-ebe456a6_828e_47e9_896d_ed77b34dc8fa
2025-08-06 18:59:16,731 INFO  [org.apa.kaf.cli.Metadata] (kafka-producer-network-thread | Producer-topic-ebe456a6_828e_47e9_896d_ed77b34dc8fa) [Producer clientId=Producer-topic-ebe456a6_828e_47e9_896d_ed77b34dc8fa] Cluster ID: T8p0IQFNTYSHGQR6rr1wVQ
2025-08-06 18:59:16,734 INFO  [org.apa.kaf.cli.pro.int.TransactionManager] (kafka-producer-network-thread | Producer-topic-ebe456a6_828e_47e9_896d_ed77b34dc8fa) [Producer clientId=Producer-topic-ebe456a6_828e_47e9_896d_ed77b34dc8fa] ProducerId set to 1 with epoch 0
2025-08-06 18:59:16,789 INFO  [io.api.tes.ser.api.KafkaSerdesTester] (Thread-606) Sending message {"key11754506755617": "value-1"} to topic topic-ebe456a6_828e_47e9_896d_ed77b34dc8fa
2025-08-06 18:59:16,794 INFO  [io.api.tes.ser.api.KafkaSerdesTester] (Thread-606) Sending message {"key11754506755617": "value-2"} to topic topic-ebe456a6_828e_47e9_896d_ed77b34dc8fa
2025-08-06 18:59:16,798 INFO  [io.api.tes.ser.api.KafkaSerdesTester] (Thread-606) Sending message {"key11754506755617": "value-3"} to topic topic-ebe456a6_828e_47e9_896d_ed77b34dc8fa
2025-08-06 18:59:16,801 INFO  [io.api.tes.ser.api.KafkaSerdesTester] (Thread-606) Sending message {"key11754506755617": "value-4"} to topic topic-ebe456a6_828e_47e9_896d_ed77b34dc8fa
2025-08-06 18:59:16,804 INFO  [io.api.tes.ser.api.KafkaSerdesTester] (Thread-606) Sending message {"key11754506755617": "value-5"} to topic topic-ebe456a6_828e_47e9_896d_ed77b34dc8fa
2025-08-06 18:59:16,807 INFO  [io.api.tes.ser.api.KafkaSerdesTester] (Thread-606) Sending message {"key11754506755617": "value-6"} to topic topic-ebe456a6_828e_47e9_896d_ed77b34dc8fa
2025-08-06 18:59:16,810 INFO  [io.api.tes.ser.api.KafkaSerdesTester] (Thread-606) Sending message {"key11754506755617": "value-7"} to topic topic-ebe456a6_828e_47e9_896d_ed77b34dc8fa
2025-08-06 18:59:16,812 INFO  [io.api.tes.ser.api.KafkaSerdesTester] (Thread-606) Sending message {"key11754506755617": "value-8"} to topic topic-ebe456a6_828e_47e9_896d_ed77b34dc8fa
2025-08-06 18:59:16,814 INFO  [io.api.tes.ser.api.KafkaSerdesTester] (Thread-606) Sending message {"key11754506755617": "value-9"} to topic topic-ebe456a6_828e_47e9_896d_ed77b34dc8fa
2025-08-06 18:59:16,817 INFO  [io.api.tes.ser.api.KafkaSerdesTester] (Thread-606) Produced 10 messages
2025-08-06 18:59:16,817 INFO  [org.apa.kaf.cli.pro.KafkaProducer] (Thread-606) [Producer clientId=Producer-topic-ebe456a6_828e_47e9_896d_ed77b34dc8fa] Closing the Kafka producer with timeoutMillis = 9223372036854775807 ms.
2025-08-06 18:59:16,825 INFO  [org.apa.kaf.com.met.Metrics] (Thread-606) Metrics scheduler closed
2025-08-06 18:59:16,825 INFO  [org.apa.kaf.com.met.Metrics] (Thread-606) Closing reporter org.apache.kafka.common.metrics.JmxReporter
2025-08-06 18:59:16,825 INFO  [org.apa.kaf.com.met.Metrics] (Thread-606) Closing reporter org.apache.kafka.common.telemetry.internals.ClientTelemetryReporter
2025-08-06 18:59:16,825 INFO  [org.apa.kaf.com.met.Metrics] (Thread-606) Metrics reporters closed
2025-08-06 18:59:16,828 INFO  [org.apa.kaf.com.uti.AppInfoParser] (Thread-606) App info kafka.producer for Producer-topic-ebe456a6_828e_47e9_896d_ed77b34dc8fa unregistered
**** Registry Base URL: http://registry-app-ksql043.apps.ci419.apicurio-testing.org:80
2025-08-06 18:59:16,830 INFO  [org.apa.kaf.cli.con.ConsumerConfig] (main) ConsumerConfig values: 
	allow.auto.create.topics = true
	auto.commit.interval.ms = 500
	auto.include.jmx.reporter = true
	auto.offset.reset = earliest
	bootstrap.servers = [PLAINTEXT://localhost:32769]
	check.crcs = true
	client.dns.lookup = use_all_dns_ips
	client.id = consumer-Consumer-topic-ebe456a6_828e_47e9_896d_ed77b34dc8fa-2
	client.rack = 
	connections.max.idle.ms = 10000
	default.api.timeout.ms = 60000
	enable.auto.commit = true
	enable.metrics.push = true
	exclude.internal.topics = true
	fetch.max.bytes = 52428800
	fetch.max.wait.ms = 500
	fetch.min.bytes = 1
	group.id = Consumer-topic-ebe456a6_828e_47e9_896d_ed77b34dc8fa
	group.instance.id = null
	group.protocol = classic
	group.remote.assignor = null
	heartbeat.interval.ms = 3000
	interceptor.classes = []
	internal.leave.group.on.close = true
	internal.throw.on.fetch.stable.offset.unsupported = false
	isolation.level = read_uncommitted
	key.deserializer = class org.apache.kafka.common.serialization.StringDeserializer
	max.partition.fetch.bytes = 1048576
	max.poll.interval.ms = 300000
	max.poll.records = 500
	metadata.max.age.ms = 300000
	metadata.recovery.strategy = none
	metric.reporters = []
	metrics.num.samples = 2
	metrics.recording.level = INFO
	metrics.sample.window.ms = 30000
	partition.assignment.strategy = [class org.apache.kafka.clients.consumer.RangeAssignor, class org.apache.kafka.clients.consumer.CooperativeStickyAssignor]
	receive.buffer.bytes = 65536
	reconnect.backoff.max.ms = 1000
	reconnect.backoff.ms = 50
	request.timeout.ms = 5000
	retry.backoff.max.ms = 1000
	retry.backoff.ms = 100
	sasl.client.callback.handler.class = null
	sasl.jaas.config = null
	sasl.kerberos.kinit.cmd = /usr/bin/kinit
	sasl.kerberos.min.time.before.relogin = 60000
	sasl.kerberos.service.name = null
	sasl.kerberos.ticket.renew.jitter = 0.05
	sasl.kerberos.ticket.renew.window.factor = 0.8
	sasl.login.callback.handler.class = null
	sasl.login.class = null
	sasl.login.connect.timeout.ms = null
	sasl.login.read.timeout.ms = null
	sasl.login.refresh.buffer.seconds = 300
	sasl.login.refresh.min.period.seconds = 60
	sasl.login.refresh.window.factor = 0.8
	sasl.login.refresh.window.jitter = 0.05
	sasl.login.retry.backoff.max.ms = 10000
	sasl.login.retry.backoff.ms = 100
	sasl.mechanism = GSSAPI
	sasl.oauthbearer.clock.skew.seconds = 30
	sasl.oauthbearer.expected.audience = null
	sasl.oauthbearer.expected.issuer = null
	sasl.oauthbearer.header.urlencode = false
	sasl.oauthbearer.jwks.endpoint.refresh.ms = 3600000
	sasl.oauthbearer.jwks.endpoint.retry.backoff.max.ms = 10000
	sasl.oauthbearer.jwks.endpoint.retry.backoff.ms = 100
	sasl.oauthbearer.jwks.endpoint.url = null
	sasl.oauthbearer.scope.claim.name = scope
	sasl.oauthbearer.sub.claim.name = sub
	sasl.oauthbearer.token.endpoint.url = null
	security.protocol = PLAINTEXT
	security.providers = null
	send.buffer.bytes = 131072
	session.timeout.ms = 45000
	socket.connection.setup.timeout.max.ms = 30000
	socket.connection.setup.timeout.ms = 10000
	ssl.cipher.suites = null
	ssl.enabled.protocols = [TLSv1.2, TLSv1.3]
	ssl.endpoint.identification.algorithm = https
	ssl.engine.factory.class = null
	ssl.key.password = null
	ssl.keymanager.algorithm = SunX509
	ssl.keystore.certificate.chain = null
	ssl.keystore.key = null
	ssl.keystore.location = null
	ssl.keystore.password = null
	ssl.keystore.type = JKS
	ssl.protocol = TLSv1.3
	ssl.provider = null
	ssl.secure.random.implementation = null
	ssl.trustmanager.algorithm = PKIX
	ssl.truststore.certificates = null
	ssl.truststore.location = null
	ssl.truststore.password = null
	ssl.truststore.type = JKS
	value.deserializer = class io.apicurio.registry.serde.avro.AvroKafkaDeserializer

2025-08-06 18:59:16,831 INFO  [org.apa.kaf.com.tel.int.KafkaMetricsCollector] (main) initializing Kafka metrics collector
2025-08-06 18:59:16,845 INFO  [org.apa.kaf.cli.con.ConsumerConfig] (main) These configurations '[apicurio.registry.url]' were supplied but are not used yet.
2025-08-06 18:59:16,845 INFO  [org.apa.kaf.com.uti.AppInfoParser] (main) Kafka version: 3.9.1
2025-08-06 18:59:16,845 INFO  [org.apa.kaf.com.uti.AppInfoParser] (main) Kafka commitId: f745dfdcee2b9851
2025-08-06 18:59:16,845 INFO  [org.apa.kaf.com.uti.AppInfoParser] (main) Kafka startTimeMs: 1754506756845
2025-08-06 18:59:16,846 INFO  [org.apa.kaf.cli.con.int.ClassicKafkaConsumer] (Thread-609) [Consumer clientId=consumer-Consumer-topic-ebe456a6_828e_47e9_896d_ed77b34dc8fa-2, groupId=Consumer-topic-ebe456a6_828e_47e9_896d_ed77b34dc8fa] Subscribed to topic(s): topic-ebe456a6_828e_47e9_896d_ed77b34dc8fa
2025-08-06 18:59:16,854 INFO  [org.apa.kaf.cli.Metadata] (Thread-609) [Consumer clientId=consumer-Consumer-topic-ebe456a6_828e_47e9_896d_ed77b34dc8fa-2, groupId=Consumer-topic-ebe456a6_828e_47e9_896d_ed77b34dc8fa] Cluster ID: T8p0IQFNTYSHGQR6rr1wVQ
2025-08-06 18:59:16,855 INFO  [org.apa.kaf.cli.con.int.ConsumerCoordinator] (Thread-609) [Consumer clientId=consumer-Consumer-topic-ebe456a6_828e_47e9_896d_ed77b34dc8fa-2, groupId=Consumer-topic-ebe456a6_828e_47e9_896d_ed77b34dc8fa] Discovered group coordinator localhost:32769 (id: 2147483647 rack: null)
2025-08-06 18:59:16,856 INFO  [org.apa.kaf.cli.con.int.ConsumerCoordinator] (Thread-609) [Consumer clientId=consumer-Consumer-topic-ebe456a6_828e_47e9_896d_ed77b34dc8fa-2, groupId=Consumer-topic-ebe456a6_828e_47e9_896d_ed77b34dc8fa] (Re-)joining group
2025-08-06 18:59:16,863 INFO  [org.apa.kaf.cli.con.int.ConsumerCoordinator] (Thread-609) [Consumer clientId=consumer-Consumer-topic-ebe456a6_828e_47e9_896d_ed77b34dc8fa-2, groupId=Consumer-topic-ebe456a6_828e_47e9_896d_ed77b34dc8fa] Request joining group due to: need to re-join with the given member-id: consumer-Consumer-topic-ebe456a6_828e_47e9_896d_ed77b34dc8fa-2-197943d9-7bdf-4421-9186-e315edf6e5f5
2025-08-06 18:59:16,864 INFO  [org.apa.kaf.cli.con.int.ConsumerCoordinator] (Thread-609) [Consumer clientId=consumer-Consumer-topic-ebe456a6_828e_47e9_896d_ed77b34dc8fa-2, groupId=Consumer-topic-ebe456a6_828e_47e9_896d_ed77b34dc8fa] (Re-)joining group
2025-08-06 18:59:17,846 INFO  [io.api.tes.ser.api.KafkaSerdesTester] (Thread-609) None found
2025-08-06 18:59:18,847 INFO  [io.api.tes.ser.api.KafkaSerdesTester] (Thread-609) None found
2025-08-06 18:59:19,847 INFO  [io.api.tes.ser.api.KafkaSerdesTester] (Thread-609) None found
2025-08-06 18:59:19,869 INFO  [org.apa.kaf.cli.con.int.ConsumerCoordinator] (Thread-609) [Consumer clientId=consumer-Consumer-topic-ebe456a6_828e_47e9_896d_ed77b34dc8fa-2, groupId=Consumer-topic-ebe456a6_828e_47e9_896d_ed77b34dc8fa] Successfully joined group with generation Generation{generationId=1, memberId='consumer-Consumer-topic-ebe456a6_828e_47e9_896d_ed77b34dc8fa-2-197943d9-7bdf-4421-9186-e315edf6e5f5', protocol='range'}
2025-08-06 18:59:19,870 INFO  [org.apa.kaf.cli.con.int.ConsumerCoordinator] (Thread-609) [Consumer clientId=consumer-Consumer-topic-ebe456a6_828e_47e9_896d_ed77b34dc8fa-2, groupId=Consumer-topic-ebe456a6_828e_47e9_896d_ed77b34dc8fa] Finished assignment for group at generation 1: {consumer-Consumer-topic-ebe456a6_828e_47e9_896d_ed77b34dc8fa-2-197943d9-7bdf-4421-9186-e315edf6e5f5=Assignment(partitions=[topic-ebe456a6_828e_47e9_896d_ed77b34dc8fa-0])}
2025-08-06 18:59:19,878 INFO  [org.apa.kaf.cli.con.int.ConsumerCoordinator] (Thread-609) [Consumer clientId=consumer-Consumer-topic-ebe456a6_828e_47e9_896d_ed77b34dc8fa-2, groupId=Consumer-topic-ebe456a6_828e_47e9_896d_ed77b34dc8fa] Successfully synced group in generation Generation{generationId=1, memberId='consumer-Consumer-topic-ebe456a6_828e_47e9_896d_ed77b34dc8fa-2-197943d9-7bdf-4421-9186-e315edf6e5f5', protocol='range'}
2025-08-06 18:59:19,878 INFO  [org.apa.kaf.cli.con.int.ConsumerCoordinator] (Thread-609) [Consumer clientId=consumer-Consumer-topic-ebe456a6_828e_47e9_896d_ed77b34dc8fa-2, groupId=Consumer-topic-ebe456a6_828e_47e9_896d_ed77b34dc8fa] Notifying assignor about the new Assignment(partitions=[topic-ebe456a6_828e_47e9_896d_ed77b34dc8fa-0])
2025-08-06 18:59:19,878 INFO  [org.apa.kaf.cli.con.int.ConsumerRebalanceListenerInvoker] (Thread-609) [Consumer clientId=consumer-Consumer-topic-ebe456a6_828e_47e9_896d_ed77b34dc8fa-2, groupId=Consumer-topic-ebe456a6_828e_47e9_896d_ed77b34dc8fa] Adding newly assigned partitions: topic-ebe456a6_828e_47e9_896d_ed77b34dc8fa-0
2025-08-06 18:59:19,880 INFO  [org.apa.kaf.cli.con.int.ConsumerCoordinator] (Thread-609) [Consumer clientId=consumer-Consumer-topic-ebe456a6_828e_47e9_896d_ed77b34dc8fa-2, groupId=Consumer-topic-ebe456a6_828e_47e9_896d_ed77b34dc8fa] Found no committed offset for partition topic-ebe456a6_828e_47e9_896d_ed77b34dc8fa-0
2025-08-06 18:59:19,886 INFO  [org.apa.kaf.cli.con.int.SubscriptionState] (Thread-609) [Consumer clientId=consumer-Consumer-topic-ebe456a6_828e_47e9_896d_ed77b34dc8fa-2, groupId=Consumer-topic-ebe456a6_828e_47e9_896d_ed77b34dc8fa] Resetting offset for partition topic-ebe456a6_828e_47e9_896d_ed77b34dc8fa-0 to position FetchPosition{offset=0, offsetEpoch=Optional.empty, currentLeader=LeaderAndEpoch{leader=Optional[localhost:32769 (id: 0 rack: null)], epoch=0}}.
2025-08-06 18:59:19,922 INFO  [io.api.tes.ser.api.KafkaSerdesTester] (Thread-609) topic-ebe456a6_828e_47e9_896d_ed77b34dc8fa 0 0 {"key11754506755617": "value-0"}
2025-08-06 18:59:19,922 INFO  [io.api.tes.ser.api.KafkaSerdesTester] (Thread-609) topic-ebe456a6_828e_47e9_896d_ed77b34dc8fa 0 1 {"key11754506755617": "value-1"}
2025-08-06 18:59:19,922 INFO  [io.api.tes.ser.api.KafkaSerdesTester] (Thread-609) topic-ebe456a6_828e_47e9_896d_ed77b34dc8fa 0 2 {"key11754506755617": "value-2"}
2025-08-06 18:59:19,922 INFO  [io.api.tes.ser.api.KafkaSerdesTester] (Thread-609) topic-ebe456a6_828e_47e9_896d_ed77b34dc8fa 0 3 {"key11754506755617": "value-3"}
2025-08-06 18:59:19,923 INFO  [io.api.tes.ser.api.KafkaSerdesTester] (Thread-609) topic-ebe456a6_828e_47e9_896d_ed77b34dc8fa 0 4 {"key11754506755617": "value-4"}
2025-08-06 18:59:19,923 INFO  [io.api.tes.ser.api.KafkaSerdesTester] (Thread-609) topic-ebe456a6_828e_47e9_896d_ed77b34dc8fa 0 5 {"key11754506755617": "value-5"}
2025-08-06 18:59:19,923 INFO  [io.api.tes.ser.api.KafkaSerdesTester] (Thread-609) topic-ebe456a6_828e_47e9_896d_ed77b34dc8fa 0 6 {"key11754506755617": "value-6"}
2025-08-06 18:59:19,923 INFO  [io.api.tes.ser.api.KafkaSerdesTester] (Thread-609) topic-ebe456a6_828e_47e9_896d_ed77b34dc8fa 0 7 {"key11754506755617": "value-7"}
2025-08-06 18:59:19,923 INFO  [io.api.tes.ser.api.KafkaSerdesTester] (Thread-609) topic-ebe456a6_828e_47e9_896d_ed77b34dc8fa 0 8 {"key11754506755617": "value-8"}
2025-08-06 18:59:19,923 INFO  [io.api.tes.ser.api.KafkaSerdesTester] (Thread-609) topic-ebe456a6_828e_47e9_896d_ed77b34dc8fa 0 9 {"key11754506755617": "value-9"}
2025-08-06 18:59:19,923 INFO  [io.api.tes.ser.api.KafkaSerdesTester] (Thread-609) Consumed 10 messages
2025-08-06 18:59:19,933 INFO  [org.apa.kaf.cli.con.int.ConsumerRebalanceListenerInvoker] (Thread-609) [Consumer clientId=consumer-Consumer-topic-ebe456a6_828e_47e9_896d_ed77b34dc8fa-2, groupId=Consumer-topic-ebe456a6_828e_47e9_896d_ed77b34dc8fa] Revoke previously assigned partitions topic-ebe456a6_828e_47e9_896d_ed77b34dc8fa-0
2025-08-06 18:59:19,934 INFO  [org.apa.kaf.cli.con.int.ConsumerCoordinator] (Thread-609) [Consumer clientId=consumer-Consumer-topic-ebe456a6_828e_47e9_896d_ed77b34dc8fa-2, groupId=Consumer-topic-ebe456a6_828e_47e9_896d_ed77b34dc8fa] Member consumer-Consumer-topic-ebe456a6_828e_47e9_896d_ed77b34dc8fa-2-197943d9-7bdf-4421-9186-e315edf6e5f5 sending LeaveGroup request to coordinator localhost:32769 (id: 2147483647 rack: null) due to the consumer is being closed
2025-08-06 18:59:19,935 INFO  [org.apa.kaf.cli.con.int.ConsumerCoordinator] (Thread-609) [Consumer clientId=consumer-Consumer-topic-ebe456a6_828e_47e9_896d_ed77b34dc8fa-2, groupId=Consumer-topic-ebe456a6_828e_47e9_896d_ed77b34dc8fa] Resetting generation and member id due to: consumer pro-actively leaving the group
2025-08-06 18:59:19,935 INFO  [org.apa.kaf.cli.con.int.ConsumerCoordinator] (Thread-609) [Consumer clientId=consumer-Consumer-topic-ebe456a6_828e_47e9_896d_ed77b34dc8fa-2, groupId=Consumer-topic-ebe456a6_828e_47e9_896d_ed77b34dc8fa] Request joining group due to: consumer pro-actively leaving the group
2025-08-06 18:59:20,426 INFO  [org.apa.kaf.com.met.Metrics] (Thread-609) Metrics scheduler closed
2025-08-06 18:59:20,427 INFO  [org.apa.kaf.com.met.Metrics] (Thread-609) Closing reporter org.apache.kafka.common.metrics.JmxReporter
2025-08-06 18:59:20,427 INFO  [org.apa.kaf.com.met.Metrics] (Thread-609) Closing reporter org.apache.kafka.common.telemetry.internals.ClientTelemetryReporter
2025-08-06 18:59:20,427 INFO  [org.apa.kaf.com.met.Metrics] (Thread-609) Metrics reporters closed
2025-08-06 18:59:20,431 INFO  [org.apa.kaf.com.uti.AppInfoParser] (Thread-609) App info kafka.consumer for consumer-Consumer-topic-ebe456a6_828e_47e9_896d_ed77b34dc8fa-2 unregistered
2025-08-06 18:59:20,433 INFO  [io.api.tes.uti.TestSeparator] (main) io.apicurio.tests.serdes.apicurio.AvroSerdeIT.testSimpleTopicIdStrategyFindLatest-FINISHED
2025-08-06 18:59:20,433 INFO  [io.api.tes.uti.TestSeparator] (main) ############################################################################
Test passed: testSimpleTopicIdStrategyFindLatest
]]></system-out>
  </testcase>
  <testcase name="testWrongSchema" classname="io.apicurio.tests.serdes.apicurio.AvroSerdeIT" time="1.158">
    <system-out><![CDATA[2025-08-06 18:59:20,438 INFO  [io.api.tes.uti.TestSeparator] (main) ############################################################################
2025-08-06 18:59:20,439 INFO  [io.api.tes.uti.TestSeparator] (main) io.apicurio.tests.serdes.apicurio.AvroSerdeIT.testWrongSchema-STARTED
**** Registry Base URL: http://registry-app-ksql043.apps.ci419.apicurio-testing.org:80
2025-08-06 18:59:21,519 INFO  [org.apa.kaf.cli.pro.ProducerConfig] (main) ProducerConfig values: 
	acks = -1
	auto.include.jmx.reporter = true
	batch.size = 16384
	bootstrap.servers = [PLAINTEXT://localhost:32769]
	buffer.memory = 33554432
	client.dns.lookup = use_all_dns_ips
	client.id = Producer-s7306ae13x7ea3x4ce9xb47fx2b5cb5a586ed
	compression.gzip.level = -1
	compression.lz4.level = 9
	compression.type = none
	compression.zstd.level = 3
	connections.max.idle.ms = 10000
	delivery.timeout.ms = 120000
	enable.idempotence = true
	enable.metrics.push = true
	interceptor.classes = []
	key.serializer = class org.apache.kafka.common.serialization.StringSerializer
	linger.ms = 0
	max.block.ms = 60000
	max.in.flight.requests.per.connection = 5
	max.request.size = 1048576
	metadata.max.age.ms = 300000
	metadata.max.idle.ms = 300000
	metadata.recovery.strategy = none
	metric.reporters = []
	metrics.num.samples = 2
	metrics.recording.level = INFO
	metrics.sample.window.ms = 30000
	partitioner.adaptive.partitioning.enable = true
	partitioner.availability.timeout.ms = 0
	partitioner.class = null
	partitioner.ignore.keys = false
	receive.buffer.bytes = 32768
	reconnect.backoff.max.ms = 1000
	reconnect.backoff.ms = 50
	request.timeout.ms = 5000
	retries = 2147483647
	retry.backoff.max.ms = 1000
	retry.backoff.ms = 100
	sasl.client.callback.handler.class = null
	sasl.jaas.config = null
	sasl.kerberos.kinit.cmd = /usr/bin/kinit
	sasl.kerberos.min.time.before.relogin = 60000
	sasl.kerberos.service.name = null
	sasl.kerberos.ticket.renew.jitter = 0.05
	sasl.kerberos.ticket.renew.window.factor = 0.8
	sasl.login.callback.handler.class = null
	sasl.login.class = null
	sasl.login.connect.timeout.ms = null
	sasl.login.read.timeout.ms = null
	sasl.login.refresh.buffer.seconds = 300
	sasl.login.refresh.min.period.seconds = 60
	sasl.login.refresh.window.factor = 0.8
	sasl.login.refresh.window.jitter = 0.05
	sasl.login.retry.backoff.max.ms = 10000
	sasl.login.retry.backoff.ms = 100
	sasl.mechanism = GSSAPI
	sasl.oauthbearer.clock.skew.seconds = 30
	sasl.oauthbearer.expected.audience = null
	sasl.oauthbearer.expected.issuer = null
	sasl.oauthbearer.header.urlencode = false
	sasl.oauthbearer.jwks.endpoint.refresh.ms = 3600000
	sasl.oauthbearer.jwks.endpoint.retry.backoff.max.ms = 10000
	sasl.oauthbearer.jwks.endpoint.retry.backoff.ms = 100
	sasl.oauthbearer.jwks.endpoint.url = null
	sasl.oauthbearer.scope.claim.name = scope
	sasl.oauthbearer.sub.claim.name = sub
	sasl.oauthbearer.token.endpoint.url = null
	security.protocol = PLAINTEXT
	security.providers = null
	send.buffer.bytes = 131072
	socket.connection.setup.timeout.max.ms = 30000
	socket.connection.setup.timeout.ms = 10000
	ssl.cipher.suites = null
	ssl.enabled.protocols = [TLSv1.2, TLSv1.3]
	ssl.endpoint.identification.algorithm = https
	ssl.engine.factory.class = null
	ssl.key.password = null
	ssl.keymanager.algorithm = SunX509
	ssl.keystore.certificate.chain = null
	ssl.keystore.key = null
	ssl.keystore.location = null
	ssl.keystore.password = null
	ssl.keystore.type = JKS
	ssl.protocol = TLSv1.3
	ssl.provider = null
	ssl.secure.random.implementation = null
	ssl.trustmanager.algorithm = PKIX
	ssl.truststore.certificates = null
	ssl.truststore.location = null
	ssl.truststore.password = null
	ssl.truststore.type = JKS
	transaction.timeout.ms = 60000
	transactional.id = null
	value.serializer = class io.apicurio.registry.serde.avro.AvroKafkaSerializer

2025-08-06 18:59:21,520 INFO  [org.apa.kaf.com.tel.int.KafkaMetricsCollector] (main) initializing Kafka metrics collector
2025-08-06 18:59:21,525 INFO  [org.apa.kaf.cli.pro.KafkaProducer] (main) [Producer clientId=Producer-s7306ae13x7ea3x4ce9xb47fx2b5cb5a586ed] Instantiated an idempotent producer.
2025-08-06 18:59:21,528 INFO  [org.apa.kaf.cli.pro.ProducerConfig] (main) These configurations '[apicurio.registry.find-latest, apicurio.registry.url, apicurio.registry.artifact-resolver-strategy]' were supplied but are not used yet.
2025-08-06 18:59:21,528 INFO  [org.apa.kaf.com.uti.AppInfoParser] (main) Kafka version: 3.9.1
2025-08-06 18:59:21,528 INFO  [org.apa.kaf.com.uti.AppInfoParser] (main) Kafka commitId: f745dfdcee2b9851
2025-08-06 18:59:21,529 INFO  [org.apa.kaf.com.uti.AppInfoParser] (main) Kafka startTimeMs: 1754506761528
2025-08-06 18:59:21,535 INFO  [io.api.tes.ser.api.KafkaSerdesTester] (Thread-612) Sending message {"keyB": "value-0"} to topic s7306ae13x7ea3x4ce9xb47fx2b5cb5a586ed
2025-08-06 18:59:21,538 INFO  [org.apa.kaf.cli.Metadata] (kafka-producer-network-thread | Producer-s7306ae13x7ea3x4ce9xb47fx2b5cb5a586ed) [Producer clientId=Producer-s7306ae13x7ea3x4ce9xb47fx2b5cb5a586ed] Cluster ID: T8p0IQFNTYSHGQR6rr1wVQ
2025-08-06 18:59:21,539 INFO  [org.apa.kaf.cli.pro.int.TransactionManager] (kafka-producer-network-thread | Producer-s7306ae13x7ea3x4ce9xb47fx2b5cb5a586ed) [Producer clientId=Producer-s7306ae13x7ea3x4ce9xb47fx2b5cb5a586ed] ProducerId set to 2 with epoch 0
2025-08-06 18:59:21,586 INFO  [org.apa.kaf.cli.pro.KafkaProducer] (Thread-612) [Producer clientId=Producer-s7306ae13x7ea3x4ce9xb47fx2b5cb5a586ed] Closing the Kafka producer with timeoutMillis = 9223372036854775807 ms.
2025-08-06 18:59:21,590 INFO  [org.apa.kaf.com.met.Metrics] (Thread-612) Metrics scheduler closed
2025-08-06 18:59:21,591 INFO  [org.apa.kaf.com.met.Metrics] (Thread-612) Closing reporter org.apache.kafka.common.metrics.JmxReporter
2025-08-06 18:59:21,591 INFO  [org.apa.kaf.com.met.Metrics] (Thread-612) Closing reporter org.apache.kafka.common.telemetry.internals.ClientTelemetryReporter
2025-08-06 18:59:21,591 INFO  [org.apa.kaf.com.met.Metrics] (Thread-612) Metrics reporters closed
2025-08-06 18:59:21,591 INFO  [org.apa.kaf.com.uti.AppInfoParser] (Thread-612) App info kafka.producer for Producer-s7306ae13x7ea3x4ce9xb47fx2b5cb5a586ed unregistered
2025-08-06 18:59:21,592 INFO  [io.api.tes.uti.TestSeparator] (main) io.apicurio.tests.serdes.apicurio.AvroSerdeIT.testWrongSchema-FINISHED
2025-08-06 18:59:21,592 INFO  [io.api.tes.uti.TestSeparator] (main) ############################################################################
Test passed: testWrongSchema
]]></system-out>
    <system-err><![CDATA[io.apicurio.registry.rest.client.models.ProblemDetails
	at io.apicurio.registry.rest.client.models.ProblemDetails.createFromDiscriminatorValue(ProblemDetails.java:58)
	at io.kiota.serialization.json.JsonParseNode.getObjectValue(JsonParseNode.java:247)
	at io.kiota.http.vertx.VertXRequestAdapter.lambda$throwIfFailedResponse$0(VertXRequestAdapter.java:400)
	at com.microsoft.kiota.ApiExceptionBuilder.<init>(ApiExceptionBuilder.java:26)
	at io.kiota.http.vertx.VertXRequestAdapter.throwIfFailedResponse(VertXRequestAdapter.java:399)
	at io.kiota.http.vertx.VertXRequestAdapter.send(VertXRequestAdapter.java:170)
	at io.apicurio.registry.rest.client.groups.item.artifacts.item.versions.item.WithVersionExpressionItemRequestBuilder.get(WithVersionExpressionItemRequestBuilder.java:128)
	at io.apicurio.registry.rest.client.groups.item.artifacts.item.versions.item.WithVersionExpressionItemRequestBuilder.get(WithVersionExpressionItemRequestBuilder.java:111)
	at io.apicurio.registry.resolver.client.RegistryClientFacadeImpl.getVersionCoordinatesByGAV(RegistryClientFacadeImpl.java:159)
	at io.apicurio.registry.resolver.DefaultSchemaResolver.resolveByCoordinates(DefaultSchemaResolver.java:352)
	at io.apicurio.registry.resolver.DefaultSchemaResolver.lambda$resolveSchemaByArtifactReferenceCached$6(DefaultSchemaResolver.java:340)
	at io.apicurio.registry.resolver.cache.ERCache.lambda$getValue$0(ERCache.java:174)
	at io.apicurio.registry.resolver.cache.ERCache.retry(ERCache.java:227)
	at io.apicurio.registry.resolver.cache.ERCache.getValue(ERCache.java:173)
	at io.apicurio.registry.resolver.cache.ERCache.getByArtifactCoordinates(ERCache.java:158)
	at io.apicurio.registry.resolver.DefaultSchemaResolver.resolveSchemaByArtifactReferenceCached(DefaultSchemaResolver.java:338)
	at io.apicurio.registry.resolver.DefaultSchemaResolver.resolveSchemaByCoordinates(DefaultSchemaResolver.java:193)
	at io.apicurio.registry.resolver.DefaultSchemaResolver.getSchemaFromRegistry(DefaultSchemaResolver.java:130)
	at io.apicurio.registry.resolver.DefaultSchemaResolver.lambda$resolveSchema$0(DefaultSchemaResolver.java:84)
	at java.base/java.util.Optional.orElseGet(Optional.java:364)
	at io.apicurio.registry.resolver.DefaultSchemaResolver.resolveSchema(DefaultSchemaResolver.java:84)
	at io.apicurio.registry.serde.AbstractSerializer.serializeData(AbstractSerializer.java:62)
	at io.apicurio.registry.serde.KafkaSerializer.serialize(KafkaSerializer.java:77)
	at org.apache.kafka.clients.producer.KafkaProducer.doSend(KafkaProducer.java:1046)
	at org.apache.kafka.clients.producer.KafkaProducer.send(KafkaProducer.java:993)
	at org.apache.kafka.clients.producer.KafkaProducer.send(KafkaProducer.java:875)
	at io.apicurio.tests.serdes.apicurio.KafkaSerdesTester.lambda$produceMessages$3(KafkaSerdesTester.java:138)
	at java.base/java.util.concurrent.CompletableFuture$AsyncSupply.run(CompletableFuture.java:1768)
	at java.base/java.lang.Thread.run(Thread.java:840)
]]></system-err>
  </testcase>
  <testcase name="testAvroJSON" classname="io.apicurio.tests.serdes.apicurio.AvroSerdeIT" time="3.941">
    <system-out><![CDATA[2025-08-06 18:59:21,599 INFO  [io.api.tes.uti.TestSeparator] (main) ############################################################################
2025-08-06 18:59:21,599 INFO  [io.api.tes.uti.TestSeparator] (main) io.apicurio.tests.serdes.apicurio.AvroSerdeIT.testAvroJSON-STARTED
**** Registry Base URL: http://registry-app-ksql043.apps.ci419.apicurio-testing.org:80
2025-08-06 18:59:21,604 INFO  [org.apa.kaf.cli.pro.ProducerConfig] (main) ProducerConfig values: 
	acks = -1
	auto.include.jmx.reporter = true
	batch.size = 16384
	bootstrap.servers = [PLAINTEXT://localhost:32769]
	buffer.memory = 33554432
	client.dns.lookup = use_all_dns_ips
	client.id = Producer-topic-e458add7_c6f6_4127_b5df_3d8b3fb226ce
	compression.gzip.level = -1
	compression.lz4.level = 9
	compression.type = none
	compression.zstd.level = 3
	connections.max.idle.ms = 10000
	delivery.timeout.ms = 120000
	enable.idempotence = true
	enable.metrics.push = true
	interceptor.classes = []
	key.serializer = class org.apache.kafka.common.serialization.StringSerializer
	linger.ms = 0
	max.block.ms = 60000
	max.in.flight.requests.per.connection = 5
	max.request.size = 1048576
	metadata.max.age.ms = 300000
	metadata.max.idle.ms = 300000
	metadata.recovery.strategy = none
	metric.reporters = []
	metrics.num.samples = 2
	metrics.recording.level = INFO
	metrics.sample.window.ms = 30000
	partitioner.adaptive.partitioning.enable = true
	partitioner.availability.timeout.ms = 0
	partitioner.class = null
	partitioner.ignore.keys = false
	receive.buffer.bytes = 32768
	reconnect.backoff.max.ms = 1000
	reconnect.backoff.ms = 50
	request.timeout.ms = 5000
	retries = 2147483647
	retry.backoff.max.ms = 1000
	retry.backoff.ms = 100
	sasl.client.callback.handler.class = null
	sasl.jaas.config = null
	sasl.kerberos.kinit.cmd = /usr/bin/kinit
	sasl.kerberos.min.time.before.relogin = 60000
	sasl.kerberos.service.name = null
	sasl.kerberos.ticket.renew.jitter = 0.05
	sasl.kerberos.ticket.renew.window.factor = 0.8
	sasl.login.callback.handler.class = null
	sasl.login.class = null
	sasl.login.connect.timeout.ms = null
	sasl.login.read.timeout.ms = null
	sasl.login.refresh.buffer.seconds = 300
	sasl.login.refresh.min.period.seconds = 60
	sasl.login.refresh.window.factor = 0.8
	sasl.login.refresh.window.jitter = 0.05
	sasl.login.retry.backoff.max.ms = 10000
	sasl.login.retry.backoff.ms = 100
	sasl.mechanism = GSSAPI
	sasl.oauthbearer.clock.skew.seconds = 30
	sasl.oauthbearer.expected.audience = null
	sasl.oauthbearer.expected.issuer = null
	sasl.oauthbearer.header.urlencode = false
	sasl.oauthbearer.jwks.endpoint.refresh.ms = 3600000
	sasl.oauthbearer.jwks.endpoint.retry.backoff.max.ms = 10000
	sasl.oauthbearer.jwks.endpoint.retry.backoff.ms = 100
	sasl.oauthbearer.jwks.endpoint.url = null
	sasl.oauthbearer.scope.claim.name = scope
	sasl.oauthbearer.sub.claim.name = sub
	sasl.oauthbearer.token.endpoint.url = null
	security.protocol = PLAINTEXT
	security.providers = null
	send.buffer.bytes = 131072
	socket.connection.setup.timeout.max.ms = 30000
	socket.connection.setup.timeout.ms = 10000
	ssl.cipher.suites = null
	ssl.enabled.protocols = [TLSv1.2, TLSv1.3]
	ssl.endpoint.identification.algorithm = https
	ssl.engine.factory.class = null
	ssl.key.password = null
	ssl.keymanager.algorithm = SunX509
	ssl.keystore.certificate.chain = null
	ssl.keystore.key = null
	ssl.keystore.location = null
	ssl.keystore.password = null
	ssl.keystore.type = JKS
	ssl.protocol = TLSv1.3
	ssl.provider = null
	ssl.secure.random.implementation = null
	ssl.trustmanager.algorithm = PKIX
	ssl.truststore.certificates = null
	ssl.truststore.location = null
	ssl.truststore.password = null
	ssl.truststore.type = JKS
	transaction.timeout.ms = 60000
	transactional.id = null
	value.serializer = class io.apicurio.registry.serde.avro.AvroKafkaSerializer

2025-08-06 18:59:21,604 INFO  [org.apa.kaf.com.tel.int.KafkaMetricsCollector] (main) initializing Kafka metrics collector
2025-08-06 18:59:21,616 INFO  [org.apa.kaf.cli.pro.KafkaProducer] (main) [Producer clientId=Producer-topic-e458add7_c6f6_4127_b5df_3d8b3fb226ce] Instantiated an idempotent producer.
2025-08-06 18:59:21,623 INFO  [org.apa.kaf.cli.pro.ProducerConfig] (main) These configurations '[apicurio.registry.avro.encoding, apicurio.registry.url, apicurio.registry.auto-register, apicurio.registry.artifact-resolver-strategy]' were supplied but are not used yet.
2025-08-06 18:59:21,623 INFO  [org.apa.kaf.com.uti.AppInfoParser] (main) Kafka version: 3.9.1
2025-08-06 18:59:21,623 INFO  [org.apa.kaf.com.uti.AppInfoParser] (main) Kafka commitId: f745dfdcee2b9851
2025-08-06 18:59:21,623 INFO  [org.apa.kaf.com.uti.AppInfoParser] (main) Kafka startTimeMs: 1754506761623
2025-08-06 18:59:21,624 INFO  [io.api.tes.ser.api.SimpleSerdesTesterBuilder$SimpleSerdesTester] (main) Using producer configuration: {apicurio.registry.avro.encoding=JSON, apicurio.registry.url=http://registry-app-ksql043.apps.ci419.apicurio-testing.org:80/apis/registry/v3, apicurio.registry.auto-register=true, apicurio.registry.artifact-resolver-strategy=io.apicurio.registry.serde.strategy.TopicIdStrategy, value.serializer=io.apicurio.registry.serde.avro.AvroKafkaSerializer, request.timeout.ms=5000, acks=all, bootstrap.servers=PLAINTEXT://localhost:32769, connections.max.idle.ms=10000, key.serializer=org.apache.kafka.common.serialization.StringSerializer, client.id=Producer-topic-e458add7_c6f6_4127_b5df_3d8b3fb226ce}
2025-08-06 18:59:21,624 INFO  [io.api.tes.ser.api.SimpleSerdesTesterBuilder$SimpleSerdesTester] (main) Using consumer configuration: {apicurio.registry.avro.encoding=JSON}
2025-08-06 18:59:21,626 INFO  [io.api.tes.ser.api.KafkaSerdesTester] (Thread-615) Sending message {"bar": "value-0"} to topic topic-e458add7_c6f6_4127_b5df_3d8b3fb226ce
2025-08-06 18:59:21,650 WARN  [org.apa.kaf.cli.NetworkClient] (kafka-producer-network-thread | Producer-topic-e458add7_c6f6_4127_b5df_3d8b3fb226ce) [Producer clientId=Producer-topic-e458add7_c6f6_4127_b5df_3d8b3fb226ce] The metadata response from the cluster reported a recoverable issue with correlation id 1 : {topic-e458add7_c6f6_4127_b5df_3d8b3fb226ce=UNKNOWN_TOPIC_OR_PARTITION}
2025-08-06 18:59:21,650 INFO  [org.apa.kaf.cli.Metadata] (kafka-producer-network-thread | Producer-topic-e458add7_c6f6_4127_b5df_3d8b3fb226ce) [Producer clientId=Producer-topic-e458add7_c6f6_4127_b5df_3d8b3fb226ce] Cluster ID: T8p0IQFNTYSHGQR6rr1wVQ
2025-08-06 18:59:21,651 INFO  [org.apa.kaf.cli.pro.int.TransactionManager] (kafka-producer-network-thread | Producer-topic-e458add7_c6f6_4127_b5df_3d8b3fb226ce) [Producer clientId=Producer-topic-e458add7_c6f6_4127_b5df_3d8b3fb226ce] ProducerId set to 3 with epoch 0
2025-08-06 18:59:21,863 INFO  [io.api.tes.ser.api.KafkaSerdesTester] (Thread-615) Sending message {"bar": "value-1"} to topic topic-e458add7_c6f6_4127_b5df_3d8b3fb226ce
2025-08-06 18:59:21,867 INFO  [io.api.tes.ser.api.KafkaSerdesTester] (Thread-615) Sending message {"bar": "value-2"} to topic topic-e458add7_c6f6_4127_b5df_3d8b3fb226ce
2025-08-06 18:59:21,872 INFO  [io.api.tes.ser.api.KafkaSerdesTester] (Thread-615) Sending message {"bar": "value-3"} to topic topic-e458add7_c6f6_4127_b5df_3d8b3fb226ce
2025-08-06 18:59:21,876 INFO  [io.api.tes.ser.api.KafkaSerdesTester] (Thread-615) Sending message {"bar": "value-4"} to topic topic-e458add7_c6f6_4127_b5df_3d8b3fb226ce
2025-08-06 18:59:21,880 INFO  [io.api.tes.ser.api.KafkaSerdesTester] (Thread-615) Sending message {"bar": "value-5"} to topic topic-e458add7_c6f6_4127_b5df_3d8b3fb226ce
2025-08-06 18:59:21,883 INFO  [io.api.tes.ser.api.KafkaSerdesTester] (Thread-615) Sending message {"bar": "value-6"} to topic topic-e458add7_c6f6_4127_b5df_3d8b3fb226ce
2025-08-06 18:59:21,886 INFO  [io.api.tes.ser.api.KafkaSerdesTester] (Thread-615) Sending message {"bar": "value-7"} to topic topic-e458add7_c6f6_4127_b5df_3d8b3fb226ce
2025-08-06 18:59:21,890 INFO  [io.api.tes.ser.api.KafkaSerdesTester] (Thread-615) Sending message {"bar": "value-8"} to topic topic-e458add7_c6f6_4127_b5df_3d8b3fb226ce
2025-08-06 18:59:21,895 INFO  [io.api.tes.ser.api.KafkaSerdesTester] (Thread-615) Sending message {"bar": "value-9"} to topic topic-e458add7_c6f6_4127_b5df_3d8b3fb226ce
2025-08-06 18:59:21,899 INFO  [io.api.tes.ser.api.KafkaSerdesTester] (Thread-615) Produced 10 messages
2025-08-06 18:59:21,899 INFO  [org.apa.kaf.cli.pro.KafkaProducer] (Thread-615) [Producer clientId=Producer-topic-e458add7_c6f6_4127_b5df_3d8b3fb226ce] Closing the Kafka producer with timeoutMillis = 9223372036854775807 ms.
2025-08-06 18:59:21,903 INFO  [org.apa.kaf.com.met.Metrics] (Thread-615) Metrics scheduler closed
2025-08-06 18:59:21,903 INFO  [org.apa.kaf.com.met.Metrics] (Thread-615) Closing reporter org.apache.kafka.common.metrics.JmxReporter
2025-08-06 18:59:21,904 INFO  [org.apa.kaf.com.met.Metrics] (Thread-615) Closing reporter org.apache.kafka.common.telemetry.internals.ClientTelemetryReporter
2025-08-06 18:59:21,904 INFO  [org.apa.kaf.com.met.Metrics] (Thread-615) Metrics reporters closed
2025-08-06 18:59:21,904 INFO  [org.apa.kaf.com.uti.AppInfoParser] (Thread-615) App info kafka.producer for Producer-topic-e458add7_c6f6_4127_b5df_3d8b3fb226ce unregistered
**** Registry Base URL: http://registry-app-ksql043.apps.ci419.apicurio-testing.org:80
2025-08-06 18:59:21,931 INFO  [org.apa.kaf.cli.con.ConsumerConfig] (main) ConsumerConfig values: 
	allow.auto.create.topics = true
	auto.commit.interval.ms = 500
	auto.include.jmx.reporter = true
	auto.offset.reset = earliest
	bootstrap.servers = [PLAINTEXT://localhost:32769]
	check.crcs = true
	client.dns.lookup = use_all_dns_ips
	client.id = consumer-Consumer-topic-e458add7_c6f6_4127_b5df_3d8b3fb226ce-3
	client.rack = 
	connections.max.idle.ms = 10000
	default.api.timeout.ms = 60000
	enable.auto.commit = true
	enable.metrics.push = true
	exclude.internal.topics = true
	fetch.max.bytes = 52428800
	fetch.max.wait.ms = 500
	fetch.min.bytes = 1
	group.id = Consumer-topic-e458add7_c6f6_4127_b5df_3d8b3fb226ce
	group.instance.id = null
	group.protocol = classic
	group.remote.assignor = null
	heartbeat.interval.ms = 3000
	interceptor.classes = []
	internal.leave.group.on.close = true
	internal.throw.on.fetch.stable.offset.unsupported = false
	isolation.level = read_uncommitted
	key.deserializer = class org.apache.kafka.common.serialization.StringDeserializer
	max.partition.fetch.bytes = 1048576
	max.poll.interval.ms = 300000
	max.poll.records = 500
	metadata.max.age.ms = 300000
	metadata.recovery.strategy = none
	metric.reporters = []
	metrics.num.samples = 2
	metrics.recording.level = INFO
	metrics.sample.window.ms = 30000
	partition.assignment.strategy = [class org.apache.kafka.clients.consumer.RangeAssignor, class org.apache.kafka.clients.consumer.CooperativeStickyAssignor]
	receive.buffer.bytes = 65536
	reconnect.backoff.max.ms = 1000
	reconnect.backoff.ms = 50
	request.timeout.ms = 5000
	retry.backoff.max.ms = 1000
	retry.backoff.ms = 100
	sasl.client.callback.handler.class = null
	sasl.jaas.config = null
	sasl.kerberos.kinit.cmd = /usr/bin/kinit
	sasl.kerberos.min.time.before.relogin = 60000
	sasl.kerberos.service.name = null
	sasl.kerberos.ticket.renew.jitter = 0.05
	sasl.kerberos.ticket.renew.window.factor = 0.8
	sasl.login.callback.handler.class = null
	sasl.login.class = null
	sasl.login.connect.timeout.ms = null
	sasl.login.read.timeout.ms = null
	sasl.login.refresh.buffer.seconds = 300
	sasl.login.refresh.min.period.seconds = 60
	sasl.login.refresh.window.factor = 0.8
	sasl.login.refresh.window.jitter = 0.05
	sasl.login.retry.backoff.max.ms = 10000
	sasl.login.retry.backoff.ms = 100
	sasl.mechanism = GSSAPI
	sasl.oauthbearer.clock.skew.seconds = 30
	sasl.oauthbearer.expected.audience = null
	sasl.oauthbearer.expected.issuer = null
	sasl.oauthbearer.header.urlencode = false
	sasl.oauthbearer.jwks.endpoint.refresh.ms = 3600000
	sasl.oauthbearer.jwks.endpoint.retry.backoff.max.ms = 10000
	sasl.oauthbearer.jwks.endpoint.retry.backoff.ms = 100
	sasl.oauthbearer.jwks.endpoint.url = null
	sasl.oauthbearer.scope.claim.name = scope
	sasl.oauthbearer.sub.claim.name = sub
	sasl.oauthbearer.token.endpoint.url = null
	security.protocol = PLAINTEXT
	security.providers = null
	send.buffer.bytes = 131072
	session.timeout.ms = 45000
	socket.connection.setup.timeout.max.ms = 30000
	socket.connection.setup.timeout.ms = 10000
	ssl.cipher.suites = null
	ssl.enabled.protocols = [TLSv1.2, TLSv1.3]
	ssl.endpoint.identification.algorithm = https
	ssl.engine.factory.class = null
	ssl.key.password = null
	ssl.keymanager.algorithm = SunX509
	ssl.keystore.certificate.chain = null
	ssl.keystore.key = null
	ssl.keystore.location = null
	ssl.keystore.password = null
	ssl.keystore.type = JKS
	ssl.protocol = TLSv1.3
	ssl.provider = null
	ssl.secure.random.implementation = null
	ssl.trustmanager.algorithm = PKIX
	ssl.truststore.certificates = null
	ssl.truststore.location = null
	ssl.truststore.password = null
	ssl.truststore.type = JKS
	value.deserializer = class io.apicurio.registry.serde.avro.AvroKafkaDeserializer

2025-08-06 18:59:21,932 INFO  [org.apa.kaf.com.tel.int.KafkaMetricsCollector] (main) initializing Kafka metrics collector
2025-08-06 18:59:21,940 INFO  [org.apa.kaf.cli.con.ConsumerConfig] (main) These configurations '[apicurio.registry.avro.encoding, apicurio.registry.url]' were supplied but are not used yet.
2025-08-06 18:59:21,940 INFO  [org.apa.kaf.com.uti.AppInfoParser] (main) Kafka version: 3.9.1
2025-08-06 18:59:21,940 INFO  [org.apa.kaf.com.uti.AppInfoParser] (main) Kafka commitId: f745dfdcee2b9851
2025-08-06 18:59:21,940 INFO  [org.apa.kaf.com.uti.AppInfoParser] (main) Kafka startTimeMs: 1754506761940
2025-08-06 18:59:21,941 INFO  [org.apa.kaf.cli.con.int.ClassicKafkaConsumer] (Thread-618) [Consumer clientId=consumer-Consumer-topic-e458add7_c6f6_4127_b5df_3d8b3fb226ce-3, groupId=Consumer-topic-e458add7_c6f6_4127_b5df_3d8b3fb226ce] Subscribed to topic(s): topic-e458add7_c6f6_4127_b5df_3d8b3fb226ce
2025-08-06 18:59:21,949 INFO  [org.apa.kaf.cli.Metadata] (Thread-618) [Consumer clientId=consumer-Consumer-topic-e458add7_c6f6_4127_b5df_3d8b3fb226ce-3, groupId=Consumer-topic-e458add7_c6f6_4127_b5df_3d8b3fb226ce] Cluster ID: T8p0IQFNTYSHGQR6rr1wVQ
2025-08-06 18:59:21,950 INFO  [org.apa.kaf.cli.con.int.ConsumerCoordinator] (Thread-618) [Consumer clientId=consumer-Consumer-topic-e458add7_c6f6_4127_b5df_3d8b3fb226ce-3, groupId=Consumer-topic-e458add7_c6f6_4127_b5df_3d8b3fb226ce] Discovered group coordinator localhost:32769 (id: 2147483647 rack: null)
2025-08-06 18:59:21,955 INFO  [org.apa.kaf.cli.con.int.ConsumerCoordinator] (Thread-618) [Consumer clientId=consumer-Consumer-topic-e458add7_c6f6_4127_b5df_3d8b3fb226ce-3, groupId=Consumer-topic-e458add7_c6f6_4127_b5df_3d8b3fb226ce] (Re-)joining group
2025-08-06 18:59:21,964 INFO  [org.apa.kaf.cli.con.int.ConsumerCoordinator] (Thread-618) [Consumer clientId=consumer-Consumer-topic-e458add7_c6f6_4127_b5df_3d8b3fb226ce-3, groupId=Consumer-topic-e458add7_c6f6_4127_b5df_3d8b3fb226ce] Request joining group due to: need to re-join with the given member-id: consumer-Consumer-topic-e458add7_c6f6_4127_b5df_3d8b3fb226ce-3-fd5c703d-396e-4097-b656-2752b24231e4
2025-08-06 18:59:21,964 INFO  [org.apa.kaf.cli.con.int.ConsumerCoordinator] (Thread-618) [Consumer clientId=consumer-Consumer-topic-e458add7_c6f6_4127_b5df_3d8b3fb226ce-3, groupId=Consumer-topic-e458add7_c6f6_4127_b5df_3d8b3fb226ce] (Re-)joining group
2025-08-06 18:59:22,941 INFO  [io.api.tes.ser.api.KafkaSerdesTester] (Thread-618) None found
2025-08-06 18:59:23,942 INFO  [io.api.tes.ser.api.KafkaSerdesTester] (Thread-618) None found
2025-08-06 18:59:24,942 INFO  [io.api.tes.ser.api.KafkaSerdesTester] (Thread-618) None found
2025-08-06 18:59:24,968 INFO  [org.apa.kaf.cli.con.int.ConsumerCoordinator] (Thread-618) [Consumer clientId=consumer-Consumer-topic-e458add7_c6f6_4127_b5df_3d8b3fb226ce-3, groupId=Consumer-topic-e458add7_c6f6_4127_b5df_3d8b3fb226ce] Successfully joined group with generation Generation{generationId=1, memberId='consumer-Consumer-topic-e458add7_c6f6_4127_b5df_3d8b3fb226ce-3-fd5c703d-396e-4097-b656-2752b24231e4', protocol='range'}
2025-08-06 18:59:24,969 INFO  [org.apa.kaf.cli.con.int.ConsumerCoordinator] (Thread-618) [Consumer clientId=consumer-Consumer-topic-e458add7_c6f6_4127_b5df_3d8b3fb226ce-3, groupId=Consumer-topic-e458add7_c6f6_4127_b5df_3d8b3fb226ce] Finished assignment for group at generation 1: {consumer-Consumer-topic-e458add7_c6f6_4127_b5df_3d8b3fb226ce-3-fd5c703d-396e-4097-b656-2752b24231e4=Assignment(partitions=[topic-e458add7_c6f6_4127_b5df_3d8b3fb226ce-0])}
2025-08-06 18:59:24,977 INFO  [org.apa.kaf.cli.con.int.ConsumerCoordinator] (Thread-618) [Consumer clientId=consumer-Consumer-topic-e458add7_c6f6_4127_b5df_3d8b3fb226ce-3, groupId=Consumer-topic-e458add7_c6f6_4127_b5df_3d8b3fb226ce] Successfully synced group in generation Generation{generationId=1, memberId='consumer-Consumer-topic-e458add7_c6f6_4127_b5df_3d8b3fb226ce-3-fd5c703d-396e-4097-b656-2752b24231e4', protocol='range'}
2025-08-06 18:59:24,978 INFO  [org.apa.kaf.cli.con.int.ConsumerCoordinator] (Thread-618) [Consumer clientId=consumer-Consumer-topic-e458add7_c6f6_4127_b5df_3d8b3fb226ce-3, groupId=Consumer-topic-e458add7_c6f6_4127_b5df_3d8b3fb226ce] Notifying assignor about the new Assignment(partitions=[topic-e458add7_c6f6_4127_b5df_3d8b3fb226ce-0])
2025-08-06 18:59:24,978 INFO  [org.apa.kaf.cli.con.int.ConsumerRebalanceListenerInvoker] (Thread-618) [Consumer clientId=consumer-Consumer-topic-e458add7_c6f6_4127_b5df_3d8b3fb226ce-3, groupId=Consumer-topic-e458add7_c6f6_4127_b5df_3d8b3fb226ce] Adding newly assigned partitions: topic-e458add7_c6f6_4127_b5df_3d8b3fb226ce-0
2025-08-06 18:59:24,981 INFO  [org.apa.kaf.cli.con.int.ConsumerCoordinator] (Thread-618) [Consumer clientId=consumer-Consumer-topic-e458add7_c6f6_4127_b5df_3d8b3fb226ce-3, groupId=Consumer-topic-e458add7_c6f6_4127_b5df_3d8b3fb226ce] Found no committed offset for partition topic-e458add7_c6f6_4127_b5df_3d8b3fb226ce-0
2025-08-06 18:59:24,987 INFO  [org.apa.kaf.cli.con.int.SubscriptionState] (Thread-618) [Consumer clientId=consumer-Consumer-topic-e458add7_c6f6_4127_b5df_3d8b3fb226ce-3, groupId=Consumer-topic-e458add7_c6f6_4127_b5df_3d8b3fb226ce] Resetting offset for partition topic-e458add7_c6f6_4127_b5df_3d8b3fb226ce-0 to position FetchPosition{offset=0, offsetEpoch=Optional.empty, currentLeader=LeaderAndEpoch{leader=Optional[localhost:32769 (id: 0 rack: null)], epoch=0}}.
2025-08-06 18:59:25,020 INFO  [io.api.tes.ser.api.KafkaSerdesTester] (Thread-618) topic-e458add7_c6f6_4127_b5df_3d8b3fb226ce 0 0 {"bar": "value-0"}
2025-08-06 18:59:25,021 INFO  [io.api.tes.ser.api.KafkaSerdesTester] (Thread-618) topic-e458add7_c6f6_4127_b5df_3d8b3fb226ce 0 1 {"bar": "value-1"}
2025-08-06 18:59:25,021 INFO  [io.api.tes.ser.api.KafkaSerdesTester] (Thread-618) topic-e458add7_c6f6_4127_b5df_3d8b3fb226ce 0 2 {"bar": "value-2"}
2025-08-06 18:59:25,021 INFO  [io.api.tes.ser.api.KafkaSerdesTester] (Thread-618) topic-e458add7_c6f6_4127_b5df_3d8b3fb226ce 0 3 {"bar": "value-3"}
2025-08-06 18:59:25,021 INFO  [io.api.tes.ser.api.KafkaSerdesTester] (Thread-618) topic-e458add7_c6f6_4127_b5df_3d8b3fb226ce 0 4 {"bar": "value-4"}
2025-08-06 18:59:25,021 INFO  [io.api.tes.ser.api.KafkaSerdesTester] (Thread-618) topic-e458add7_c6f6_4127_b5df_3d8b3fb226ce 0 5 {"bar": "value-5"}
2025-08-06 18:59:25,021 INFO  [io.api.tes.ser.api.KafkaSerdesTester] (Thread-618) topic-e458add7_c6f6_4127_b5df_3d8b3fb226ce 0 6 {"bar": "value-6"}
2025-08-06 18:59:25,021 INFO  [io.api.tes.ser.api.KafkaSerdesTester] (Thread-618) topic-e458add7_c6f6_4127_b5df_3d8b3fb226ce 0 7 {"bar": "value-7"}
2025-08-06 18:59:25,021 INFO  [io.api.tes.ser.api.KafkaSerdesTester] (Thread-618) topic-e458add7_c6f6_4127_b5df_3d8b3fb226ce 0 8 {"bar": "value-8"}
2025-08-06 18:59:25,021 INFO  [io.api.tes.ser.api.KafkaSerdesTester] (Thread-618) topic-e458add7_c6f6_4127_b5df_3d8b3fb226ce 0 9 {"bar": "value-9"}
2025-08-06 18:59:25,021 INFO  [io.api.tes.ser.api.KafkaSerdesTester] (Thread-618) Consumed 10 messages
2025-08-06 18:59:25,031 INFO  [org.apa.kaf.cli.con.int.ConsumerRebalanceListenerInvoker] (Thread-618) [Consumer clientId=consumer-Consumer-topic-e458add7_c6f6_4127_b5df_3d8b3fb226ce-3, groupId=Consumer-topic-e458add7_c6f6_4127_b5df_3d8b3fb226ce] Revoke previously assigned partitions topic-e458add7_c6f6_4127_b5df_3d8b3fb226ce-0
2025-08-06 18:59:25,031 INFO  [org.apa.kaf.cli.con.int.ConsumerCoordinator] (Thread-618) [Consumer clientId=consumer-Consumer-topic-e458add7_c6f6_4127_b5df_3d8b3fb226ce-3, groupId=Consumer-topic-e458add7_c6f6_4127_b5df_3d8b3fb226ce] Member consumer-Consumer-topic-e458add7_c6f6_4127_b5df_3d8b3fb226ce-3-fd5c703d-396e-4097-b656-2752b24231e4 sending LeaveGroup request to coordinator localhost:32769 (id: 2147483647 rack: null) due to the consumer is being closed
2025-08-06 18:59:25,031 INFO  [org.apa.kaf.cli.con.int.ConsumerCoordinator] (Thread-618) [Consumer clientId=consumer-Consumer-topic-e458add7_c6f6_4127_b5df_3d8b3fb226ce-3, groupId=Consumer-topic-e458add7_c6f6_4127_b5df_3d8b3fb226ce] Resetting generation and member id due to: consumer pro-actively leaving the group
2025-08-06 18:59:25,031 INFO  [org.apa.kaf.cli.con.int.ConsumerCoordinator] (Thread-618) [Consumer clientId=consumer-Consumer-topic-e458add7_c6f6_4127_b5df_3d8b3fb226ce-3, groupId=Consumer-topic-e458add7_c6f6_4127_b5df_3d8b3fb226ce] Request joining group due to: consumer pro-actively leaving the group
2025-08-06 18:59:25,526 INFO  [org.apa.kaf.com.met.Metrics] (Thread-618) Metrics scheduler closed
2025-08-06 18:59:25,526 INFO  [org.apa.kaf.com.met.Metrics] (Thread-618) Closing reporter org.apache.kafka.common.metrics.JmxReporter
2025-08-06 18:59:25,527 INFO  [org.apa.kaf.com.met.Metrics] (Thread-618) Closing reporter org.apache.kafka.common.telemetry.internals.ClientTelemetryReporter
2025-08-06 18:59:25,527 INFO  [org.apa.kaf.com.met.Metrics] (Thread-618) Metrics reporters closed
2025-08-06 18:59:25,531 INFO  [org.apa.kaf.com.uti.AppInfoParser] (Thread-618) App info kafka.consumer for consumer-Consumer-topic-e458add7_c6f6_4127_b5df_3d8b3fb226ce-3 unregistered
2025-08-06 18:59:25,534 INFO  [io.api.tes.uti.TestSeparator] (main) io.apicurio.tests.serdes.apicurio.AvroSerdeIT.testAvroJSON-FINISHED
2025-08-06 18:59:25,534 INFO  [io.api.tes.uti.TestSeparator] (main) ############################################################################
Test passed: testAvroJSON
]]></system-out>
  </testcase>
  <testcase name="testTopicIdStrategyAutoRegister" classname="io.apicurio.tests.serdes.apicurio.AvroSerdeIT" time="3.9">
    <system-out><![CDATA[2025-08-06 18:59:25,536 INFO  [io.api.tes.uti.TestSeparator] (main) ############################################################################
2025-08-06 18:59:25,536 INFO  [io.api.tes.uti.TestSeparator] (main) io.apicurio.tests.serdes.apicurio.AvroSerdeIT.testTopicIdStrategyAutoRegister-STARTED
**** Registry Base URL: http://registry-app-ksql043.apps.ci419.apicurio-testing.org:80
2025-08-06 18:59:25,543 INFO  [org.apa.kaf.cli.pro.ProducerConfig] (main) ProducerConfig values: 
	acks = -1
	auto.include.jmx.reporter = true
	batch.size = 16384
	bootstrap.servers = [PLAINTEXT://localhost:32769]
	buffer.memory = 33554432
	client.dns.lookup = use_all_dns_ips
	client.id = Producer-topic-eb88205c_9d66_46f6_9a6e_4caee419abc1
	compression.gzip.level = -1
	compression.lz4.level = 9
	compression.type = none
	compression.zstd.level = 3
	connections.max.idle.ms = 10000
	delivery.timeout.ms = 120000
	enable.idempotence = true
	enable.metrics.push = true
	interceptor.classes = []
	key.serializer = class org.apache.kafka.common.serialization.StringSerializer
	linger.ms = 0
	max.block.ms = 60000
	max.in.flight.requests.per.connection = 5
	max.request.size = 1048576
	metadata.max.age.ms = 300000
	metadata.max.idle.ms = 300000
	metadata.recovery.strategy = none
	metric.reporters = []
	metrics.num.samples = 2
	metrics.recording.level = INFO
	metrics.sample.window.ms = 30000
	partitioner.adaptive.partitioning.enable = true
	partitioner.availability.timeout.ms = 0
	partitioner.class = null
	partitioner.ignore.keys = false
	receive.buffer.bytes = 32768
	reconnect.backoff.max.ms = 1000
	reconnect.backoff.ms = 50
	request.timeout.ms = 5000
	retries = 2147483647
	retry.backoff.max.ms = 1000
	retry.backoff.ms = 100
	sasl.client.callback.handler.class = null
	sasl.jaas.config = null
	sasl.kerberos.kinit.cmd = /usr/bin/kinit
	sasl.kerberos.min.time.before.relogin = 60000
	sasl.kerberos.service.name = null
	sasl.kerberos.ticket.renew.jitter = 0.05
	sasl.kerberos.ticket.renew.window.factor = 0.8
	sasl.login.callback.handler.class = null
	sasl.login.class = null
	sasl.login.connect.timeout.ms = null
	sasl.login.read.timeout.ms = null
	sasl.login.refresh.buffer.seconds = 300
	sasl.login.refresh.min.period.seconds = 60
	sasl.login.refresh.window.factor = 0.8
	sasl.login.refresh.window.jitter = 0.05
	sasl.login.retry.backoff.max.ms = 10000
	sasl.login.retry.backoff.ms = 100
	sasl.mechanism = GSSAPI
	sasl.oauthbearer.clock.skew.seconds = 30
	sasl.oauthbearer.expected.audience = null
	sasl.oauthbearer.expected.issuer = null
	sasl.oauthbearer.header.urlencode = false
	sasl.oauthbearer.jwks.endpoint.refresh.ms = 3600000
	sasl.oauthbearer.jwks.endpoint.retry.backoff.max.ms = 10000
	sasl.oauthbearer.jwks.endpoint.retry.backoff.ms = 100
	sasl.oauthbearer.jwks.endpoint.url = null
	sasl.oauthbearer.scope.claim.name = scope
	sasl.oauthbearer.sub.claim.name = sub
	sasl.oauthbearer.token.endpoint.url = null
	security.protocol = PLAINTEXT
	security.providers = null
	send.buffer.bytes = 131072
	socket.connection.setup.timeout.max.ms = 30000
	socket.connection.setup.timeout.ms = 10000
	ssl.cipher.suites = null
	ssl.enabled.protocols = [TLSv1.2, TLSv1.3]
	ssl.endpoint.identification.algorithm = https
	ssl.engine.factory.class = null
	ssl.key.password = null
	ssl.keymanager.algorithm = SunX509
	ssl.keystore.certificate.chain = null
	ssl.keystore.key = null
	ssl.keystore.location = null
	ssl.keystore.password = null
	ssl.keystore.type = JKS
	ssl.protocol = TLSv1.3
	ssl.provider = null
	ssl.secure.random.implementation = null
	ssl.trustmanager.algorithm = PKIX
	ssl.truststore.certificates = null
	ssl.truststore.location = null
	ssl.truststore.password = null
	ssl.truststore.type = JKS
	transaction.timeout.ms = 60000
	transactional.id = null
	value.serializer = class io.apicurio.registry.serde.avro.AvroKafkaSerializer

2025-08-06 18:59:25,543 INFO  [org.apa.kaf.com.tel.int.KafkaMetricsCollector] (main) initializing Kafka metrics collector
2025-08-06 18:59:25,551 INFO  [org.apa.kaf.cli.pro.KafkaProducer] (main) [Producer clientId=Producer-topic-eb88205c_9d66_46f6_9a6e_4caee419abc1] Instantiated an idempotent producer.
2025-08-06 18:59:25,556 INFO  [org.apa.kaf.cli.pro.ProducerConfig] (main) These configurations '[apicurio.registry.url, apicurio.registry.auto-register, apicurio.registry.artifact-resolver-strategy]' were supplied but are not used yet.
2025-08-06 18:59:25,556 INFO  [org.apa.kaf.com.uti.AppInfoParser] (main) Kafka version: 3.9.1
2025-08-06 18:59:25,556 INFO  [org.apa.kaf.com.uti.AppInfoParser] (main) Kafka commitId: f745dfdcee2b9851
2025-08-06 18:59:25,556 INFO  [org.apa.kaf.com.uti.AppInfoParser] (main) Kafka startTimeMs: 1754506765556
2025-08-06 18:59:25,556 INFO  [io.api.tes.ser.api.SimpleSerdesTesterBuilder$SimpleSerdesTester] (main) Using producer configuration: {apicurio.registry.url=http://registry-app-ksql043.apps.ci419.apicurio-testing.org:80/apis/registry/v3, apicurio.registry.auto-register=true, apicurio.registry.artifact-resolver-strategy=io.apicurio.registry.serde.strategy.TopicIdStrategy, value.serializer=io.apicurio.registry.serde.avro.AvroKafkaSerializer, request.timeout.ms=5000, acks=all, bootstrap.servers=PLAINTEXT://localhost:32769, connections.max.idle.ms=10000, key.serializer=org.apache.kafka.common.serialization.StringSerializer, client.id=Producer-topic-eb88205c_9d66_46f6_9a6e_4caee419abc1}
2025-08-06 18:59:25,556 INFO  [io.api.tes.ser.api.SimpleSerdesTesterBuilder$SimpleSerdesTester] (main) Using consumer configuration: {}
2025-08-06 18:59:25,557 INFO  [io.api.tes.ser.api.KafkaSerdesTester] (Thread-621) Sending message {"key11754506765538": "value-0"} to topic topic-eb88205c_9d66_46f6_9a6e_4caee419abc1
2025-08-06 18:59:25,566 WARN  [org.apa.kaf.cli.NetworkClient] (kafka-producer-network-thread | Producer-topic-eb88205c_9d66_46f6_9a6e_4caee419abc1) [Producer clientId=Producer-topic-eb88205c_9d66_46f6_9a6e_4caee419abc1] The metadata response from the cluster reported a recoverable issue with correlation id 1 : {topic-eb88205c_9d66_46f6_9a6e_4caee419abc1=UNKNOWN_TOPIC_OR_PARTITION}
2025-08-06 18:59:25,566 INFO  [org.apa.kaf.cli.Metadata] (kafka-producer-network-thread | Producer-topic-eb88205c_9d66_46f6_9a6e_4caee419abc1) [Producer clientId=Producer-topic-eb88205c_9d66_46f6_9a6e_4caee419abc1] Cluster ID: T8p0IQFNTYSHGQR6rr1wVQ
2025-08-06 18:59:25,567 INFO  [org.apa.kaf.cli.pro.int.TransactionManager] (kafka-producer-network-thread | Producer-topic-eb88205c_9d66_46f6_9a6e_4caee419abc1) [Producer clientId=Producer-topic-eb88205c_9d66_46f6_9a6e_4caee419abc1] ProducerId set to 4 with epoch 0
2025-08-06 18:59:25,750 INFO  [io.api.tes.ser.api.KafkaSerdesTester] (Thread-621) Sending message {"key11754506765538": "value-1"} to topic topic-eb88205c_9d66_46f6_9a6e_4caee419abc1
2025-08-06 18:59:25,754 INFO  [io.api.tes.ser.api.KafkaSerdesTester] (Thread-621) Sending message {"key11754506765538": "value-2"} to topic topic-eb88205c_9d66_46f6_9a6e_4caee419abc1
2025-08-06 18:59:25,757 INFO  [io.api.tes.ser.api.KafkaSerdesTester] (Thread-621) Sending message {"key11754506765538": "value-3"} to topic topic-eb88205c_9d66_46f6_9a6e_4caee419abc1
2025-08-06 18:59:25,759 INFO  [io.api.tes.ser.api.KafkaSerdesTester] (Thread-621) Sending message {"key11754506765538": "value-4"} to topic topic-eb88205c_9d66_46f6_9a6e_4caee419abc1
2025-08-06 18:59:25,762 INFO  [io.api.tes.ser.api.KafkaSerdesTester] (Thread-621) Sending message {"key11754506765538": "value-5"} to topic topic-eb88205c_9d66_46f6_9a6e_4caee419abc1
2025-08-06 18:59:25,765 INFO  [io.api.tes.ser.api.KafkaSerdesTester] (Thread-621) Sending message {"key11754506765538": "value-6"} to topic topic-eb88205c_9d66_46f6_9a6e_4caee419abc1
2025-08-06 18:59:25,767 INFO  [io.api.tes.ser.api.KafkaSerdesTester] (Thread-621) Sending message {"key11754506765538": "value-7"} to topic topic-eb88205c_9d66_46f6_9a6e_4caee419abc1
2025-08-06 18:59:25,770 INFO  [io.api.tes.ser.api.KafkaSerdesTester] (Thread-621) Sending message {"key11754506765538": "value-8"} to topic topic-eb88205c_9d66_46f6_9a6e_4caee419abc1
2025-08-06 18:59:25,772 INFO  [io.api.tes.ser.api.KafkaSerdesTester] (Thread-621) Sending message {"key11754506765538": "value-9"} to topic topic-eb88205c_9d66_46f6_9a6e_4caee419abc1
2025-08-06 18:59:25,774 INFO  [io.api.tes.ser.api.KafkaSerdesTester] (Thread-621) Produced 10 messages
2025-08-06 18:59:25,774 INFO  [org.apa.kaf.cli.pro.KafkaProducer] (Thread-621) [Producer clientId=Producer-topic-eb88205c_9d66_46f6_9a6e_4caee419abc1] Closing the Kafka producer with timeoutMillis = 9223372036854775807 ms.
2025-08-06 18:59:25,778 INFO  [org.apa.kaf.com.met.Metrics] (Thread-621) Metrics scheduler closed
2025-08-06 18:59:25,778 INFO  [org.apa.kaf.com.met.Metrics] (Thread-621) Closing reporter org.apache.kafka.common.metrics.JmxReporter
2025-08-06 18:59:25,778 INFO  [org.apa.kaf.com.met.Metrics] (Thread-621) Closing reporter org.apache.kafka.common.telemetry.internals.ClientTelemetryReporter
2025-08-06 18:59:25,778 INFO  [org.apa.kaf.com.met.Metrics] (Thread-621) Metrics reporters closed
2025-08-06 18:59:25,778 INFO  [org.apa.kaf.com.uti.AppInfoParser] (Thread-621) App info kafka.producer for Producer-topic-eb88205c_9d66_46f6_9a6e_4caee419abc1 unregistered
**** Registry Base URL: http://registry-app-ksql043.apps.ci419.apicurio-testing.org:80
2025-08-06 18:59:25,802 INFO  [org.apa.kaf.cli.con.ConsumerConfig] (main) ConsumerConfig values: 
	allow.auto.create.topics = true
	auto.commit.interval.ms = 500
	auto.include.jmx.reporter = true
	auto.offset.reset = earliest
	bootstrap.servers = [PLAINTEXT://localhost:32769]
	check.crcs = true
	client.dns.lookup = use_all_dns_ips
	client.id = consumer-Consumer-topic-eb88205c_9d66_46f6_9a6e_4caee419abc1-4
	client.rack = 
	connections.max.idle.ms = 10000
	default.api.timeout.ms = 60000
	enable.auto.commit = true
	enable.metrics.push = true
	exclude.internal.topics = true
	fetch.max.bytes = 52428800
	fetch.max.wait.ms = 500
	fetch.min.bytes = 1
	group.id = Consumer-topic-eb88205c_9d66_46f6_9a6e_4caee419abc1
	group.instance.id = null
	group.protocol = classic
	group.remote.assignor = null
	heartbeat.interval.ms = 3000
	interceptor.classes = []
	internal.leave.group.on.close = true
	internal.throw.on.fetch.stable.offset.unsupported = false
	isolation.level = read_uncommitted
	key.deserializer = class org.apache.kafka.common.serialization.StringDeserializer
	max.partition.fetch.bytes = 1048576
	max.poll.interval.ms = 300000
	max.poll.records = 500
	metadata.max.age.ms = 300000
	metadata.recovery.strategy = none
	metric.reporters = []
	metrics.num.samples = 2
	metrics.recording.level = INFO
	metrics.sample.window.ms = 30000
	partition.assignment.strategy = [class org.apache.kafka.clients.consumer.RangeAssignor, class org.apache.kafka.clients.consumer.CooperativeStickyAssignor]
	receive.buffer.bytes = 65536
	reconnect.backoff.max.ms = 1000
	reconnect.backoff.ms = 50
	request.timeout.ms = 5000
	retry.backoff.max.ms = 1000
	retry.backoff.ms = 100
	sasl.client.callback.handler.class = null
	sasl.jaas.config = null
	sasl.kerberos.kinit.cmd = /usr/bin/kinit
	sasl.kerberos.min.time.before.relogin = 60000
	sasl.kerberos.service.name = null
	sasl.kerberos.ticket.renew.jitter = 0.05
	sasl.kerberos.ticket.renew.window.factor = 0.8
	sasl.login.callback.handler.class = null
	sasl.login.class = null
	sasl.login.connect.timeout.ms = null
	sasl.login.read.timeout.ms = null
	sasl.login.refresh.buffer.seconds = 300
	sasl.login.refresh.min.period.seconds = 60
	sasl.login.refresh.window.factor = 0.8
	sasl.login.refresh.window.jitter = 0.05
	sasl.login.retry.backoff.max.ms = 10000
	sasl.login.retry.backoff.ms = 100
	sasl.mechanism = GSSAPI
	sasl.oauthbearer.clock.skew.seconds = 30
	sasl.oauthbearer.expected.audience = null
	sasl.oauthbearer.expected.issuer = null
	sasl.oauthbearer.header.urlencode = false
	sasl.oauthbearer.jwks.endpoint.refresh.ms = 3600000
	sasl.oauthbearer.jwks.endpoint.retry.backoff.max.ms = 10000
	sasl.oauthbearer.jwks.endpoint.retry.backoff.ms = 100
	sasl.oauthbearer.jwks.endpoint.url = null
	sasl.oauthbearer.scope.claim.name = scope
	sasl.oauthbearer.sub.claim.name = sub
	sasl.oauthbearer.token.endpoint.url = null
	security.protocol = PLAINTEXT
	security.providers = null
	send.buffer.bytes = 131072
	session.timeout.ms = 45000
	socket.connection.setup.timeout.max.ms = 30000
	socket.connection.setup.timeout.ms = 10000
	ssl.cipher.suites = null
	ssl.enabled.protocols = [TLSv1.2, TLSv1.3]
	ssl.endpoint.identification.algorithm = https
	ssl.engine.factory.class = null
	ssl.key.password = null
	ssl.keymanager.algorithm = SunX509
	ssl.keystore.certificate.chain = null
	ssl.keystore.key = null
	ssl.keystore.location = null
	ssl.keystore.password = null
	ssl.keystore.type = JKS
	ssl.protocol = TLSv1.3
	ssl.provider = null
	ssl.secure.random.implementation = null
	ssl.trustmanager.algorithm = PKIX
	ssl.truststore.certificates = null
	ssl.truststore.location = null
	ssl.truststore.password = null
	ssl.truststore.type = JKS
	value.deserializer = class io.apicurio.registry.serde.avro.AvroKafkaDeserializer

2025-08-06 18:59:25,803 INFO  [org.apa.kaf.com.tel.int.KafkaMetricsCollector] (main) initializing Kafka metrics collector
2025-08-06 18:59:25,812 INFO  [org.apa.kaf.cli.con.ConsumerConfig] (main) These configurations '[apicurio.registry.url]' were supplied but are not used yet.
2025-08-06 18:59:25,812 INFO  [org.apa.kaf.com.uti.AppInfoParser] (main) Kafka version: 3.9.1
2025-08-06 18:59:25,812 INFO  [org.apa.kaf.com.uti.AppInfoParser] (main) Kafka commitId: f745dfdcee2b9851
2025-08-06 18:59:25,812 INFO  [org.apa.kaf.com.uti.AppInfoParser] (main) Kafka startTimeMs: 1754506765812
2025-08-06 18:59:25,813 INFO  [org.apa.kaf.cli.con.int.ClassicKafkaConsumer] (Thread-624) [Consumer clientId=consumer-Consumer-topic-eb88205c_9d66_46f6_9a6e_4caee419abc1-4, groupId=Consumer-topic-eb88205c_9d66_46f6_9a6e_4caee419abc1] Subscribed to topic(s): topic-eb88205c_9d66_46f6_9a6e_4caee419abc1
2025-08-06 18:59:25,821 INFO  [org.apa.kaf.cli.Metadata] (Thread-624) [Consumer clientId=consumer-Consumer-topic-eb88205c_9d66_46f6_9a6e_4caee419abc1-4, groupId=Consumer-topic-eb88205c_9d66_46f6_9a6e_4caee419abc1] Cluster ID: T8p0IQFNTYSHGQR6rr1wVQ
2025-08-06 18:59:25,822 INFO  [org.apa.kaf.cli.con.int.ConsumerCoordinator] (Thread-624) [Consumer clientId=consumer-Consumer-topic-eb88205c_9d66_46f6_9a6e_4caee419abc1-4, groupId=Consumer-topic-eb88205c_9d66_46f6_9a6e_4caee419abc1] Discovered group coordinator localhost:32769 (id: 2147483647 rack: null)
2025-08-06 18:59:25,828 INFO  [org.apa.kaf.cli.con.int.ConsumerCoordinator] (Thread-624) [Consumer clientId=consumer-Consumer-topic-eb88205c_9d66_46f6_9a6e_4caee419abc1-4, groupId=Consumer-topic-eb88205c_9d66_46f6_9a6e_4caee419abc1] (Re-)joining group
2025-08-06 18:59:25,840 INFO  [org.apa.kaf.cli.con.int.ConsumerCoordinator] (Thread-624) [Consumer clientId=consumer-Consumer-topic-eb88205c_9d66_46f6_9a6e_4caee419abc1-4, groupId=Consumer-topic-eb88205c_9d66_46f6_9a6e_4caee419abc1] Request joining group due to: need to re-join with the given member-id: consumer-Consumer-topic-eb88205c_9d66_46f6_9a6e_4caee419abc1-4-16fe11d8-0dd0-4a87-871c-cfd41b83ec54
2025-08-06 18:59:25,841 INFO  [org.apa.kaf.cli.con.int.ConsumerCoordinator] (Thread-624) [Consumer clientId=consumer-Consumer-topic-eb88205c_9d66_46f6_9a6e_4caee419abc1-4, groupId=Consumer-topic-eb88205c_9d66_46f6_9a6e_4caee419abc1] (Re-)joining group
2025-08-06 18:59:26,813 INFO  [io.api.tes.ser.api.KafkaSerdesTester] (Thread-624) None found
2025-08-06 18:59:27,813 INFO  [io.api.tes.ser.api.KafkaSerdesTester] (Thread-624) None found
2025-08-06 18:59:28,813 INFO  [io.api.tes.ser.api.KafkaSerdesTester] (Thread-624) None found
2025-08-06 18:59:28,844 INFO  [org.apa.kaf.cli.con.int.ConsumerCoordinator] (Thread-624) [Consumer clientId=consumer-Consumer-topic-eb88205c_9d66_46f6_9a6e_4caee419abc1-4, groupId=Consumer-topic-eb88205c_9d66_46f6_9a6e_4caee419abc1] Successfully joined group with generation Generation{generationId=1, memberId='consumer-Consumer-topic-eb88205c_9d66_46f6_9a6e_4caee419abc1-4-16fe11d8-0dd0-4a87-871c-cfd41b83ec54', protocol='range'}
2025-08-06 18:59:28,844 INFO  [org.apa.kaf.cli.con.int.ConsumerCoordinator] (Thread-624) [Consumer clientId=consumer-Consumer-topic-eb88205c_9d66_46f6_9a6e_4caee419abc1-4, groupId=Consumer-topic-eb88205c_9d66_46f6_9a6e_4caee419abc1] Finished assignment for group at generation 1: {consumer-Consumer-topic-eb88205c_9d66_46f6_9a6e_4caee419abc1-4-16fe11d8-0dd0-4a87-871c-cfd41b83ec54=Assignment(partitions=[topic-eb88205c_9d66_46f6_9a6e_4caee419abc1-0])}
2025-08-06 18:59:28,852 INFO  [org.apa.kaf.cli.con.int.ConsumerCoordinator] (Thread-624) [Consumer clientId=consumer-Consumer-topic-eb88205c_9d66_46f6_9a6e_4caee419abc1-4, groupId=Consumer-topic-eb88205c_9d66_46f6_9a6e_4caee419abc1] Successfully synced group in generation Generation{generationId=1, memberId='consumer-Consumer-topic-eb88205c_9d66_46f6_9a6e_4caee419abc1-4-16fe11d8-0dd0-4a87-871c-cfd41b83ec54', protocol='range'}
2025-08-06 18:59:28,852 INFO  [org.apa.kaf.cli.con.int.ConsumerCoordinator] (Thread-624) [Consumer clientId=consumer-Consumer-topic-eb88205c_9d66_46f6_9a6e_4caee419abc1-4, groupId=Consumer-topic-eb88205c_9d66_46f6_9a6e_4caee419abc1] Notifying assignor about the new Assignment(partitions=[topic-eb88205c_9d66_46f6_9a6e_4caee419abc1-0])
2025-08-06 18:59:28,852 INFO  [org.apa.kaf.cli.con.int.ConsumerRebalanceListenerInvoker] (Thread-624) [Consumer clientId=consumer-Consumer-topic-eb88205c_9d66_46f6_9a6e_4caee419abc1-4, groupId=Consumer-topic-eb88205c_9d66_46f6_9a6e_4caee419abc1] Adding newly assigned partitions: topic-eb88205c_9d66_46f6_9a6e_4caee419abc1-0
2025-08-06 18:59:28,853 INFO  [org.apa.kaf.cli.con.int.ConsumerCoordinator] (Thread-624) [Consumer clientId=consumer-Consumer-topic-eb88205c_9d66_46f6_9a6e_4caee419abc1-4, groupId=Consumer-topic-eb88205c_9d66_46f6_9a6e_4caee419abc1] Found no committed offset for partition topic-eb88205c_9d66_46f6_9a6e_4caee419abc1-0
2025-08-06 18:59:28,857 INFO  [org.apa.kaf.cli.con.int.SubscriptionState] (Thread-624) [Consumer clientId=consumer-Consumer-topic-eb88205c_9d66_46f6_9a6e_4caee419abc1-4, groupId=Consumer-topic-eb88205c_9d66_46f6_9a6e_4caee419abc1] Resetting offset for partition topic-eb88205c_9d66_46f6_9a6e_4caee419abc1-0 to position FetchPosition{offset=0, offsetEpoch=Optional.empty, currentLeader=LeaderAndEpoch{leader=Optional[localhost:32769 (id: 0 rack: null)], epoch=0}}.
2025-08-06 18:59:28,892 INFO  [io.api.tes.ser.api.KafkaSerdesTester] (Thread-624) topic-eb88205c_9d66_46f6_9a6e_4caee419abc1 0 0 {"key11754506765538": "value-0"}
2025-08-06 18:59:28,892 INFO  [io.api.tes.ser.api.KafkaSerdesTester] (Thread-624) topic-eb88205c_9d66_46f6_9a6e_4caee419abc1 0 1 {"key11754506765538": "value-1"}
2025-08-06 18:59:28,892 INFO  [io.api.tes.ser.api.KafkaSerdesTester] (Thread-624) topic-eb88205c_9d66_46f6_9a6e_4caee419abc1 0 2 {"key11754506765538": "value-2"}
2025-08-06 18:59:28,892 INFO  [io.api.tes.ser.api.KafkaSerdesTester] (Thread-624) topic-eb88205c_9d66_46f6_9a6e_4caee419abc1 0 3 {"key11754506765538": "value-3"}
2025-08-06 18:59:28,892 INFO  [io.api.tes.ser.api.KafkaSerdesTester] (Thread-624) topic-eb88205c_9d66_46f6_9a6e_4caee419abc1 0 4 {"key11754506765538": "value-4"}
2025-08-06 18:59:28,893 INFO  [io.api.tes.ser.api.KafkaSerdesTester] (Thread-624) topic-eb88205c_9d66_46f6_9a6e_4caee419abc1 0 5 {"key11754506765538": "value-5"}
2025-08-06 18:59:28,894 INFO  [io.api.tes.ser.api.KafkaSerdesTester] (Thread-624) topic-eb88205c_9d66_46f6_9a6e_4caee419abc1 0 6 {"key11754506765538": "value-6"}
2025-08-06 18:59:28,894 INFO  [io.api.tes.ser.api.KafkaSerdesTester] (Thread-624) topic-eb88205c_9d66_46f6_9a6e_4caee419abc1 0 7 {"key11754506765538": "value-7"}
2025-08-06 18:59:28,894 INFO  [io.api.tes.ser.api.KafkaSerdesTester] (Thread-624) topic-eb88205c_9d66_46f6_9a6e_4caee419abc1 0 8 {"key11754506765538": "value-8"}
2025-08-06 18:59:28,894 INFO  [io.api.tes.ser.api.KafkaSerdesTester] (Thread-624) topic-eb88205c_9d66_46f6_9a6e_4caee419abc1 0 9 {"key11754506765538": "value-9"}
2025-08-06 18:59:28,894 INFO  [io.api.tes.ser.api.KafkaSerdesTester] (Thread-624) Consumed 10 messages
2025-08-06 18:59:28,902 INFO  [org.apa.kaf.cli.con.int.ConsumerRebalanceListenerInvoker] (Thread-624) [Consumer clientId=consumer-Consumer-topic-eb88205c_9d66_46f6_9a6e_4caee419abc1-4, groupId=Consumer-topic-eb88205c_9d66_46f6_9a6e_4caee419abc1] Revoke previously assigned partitions topic-eb88205c_9d66_46f6_9a6e_4caee419abc1-0
2025-08-06 18:59:28,902 INFO  [org.apa.kaf.cli.con.int.ConsumerCoordinator] (Thread-624) [Consumer clientId=consumer-Consumer-topic-eb88205c_9d66_46f6_9a6e_4caee419abc1-4, groupId=Consumer-topic-eb88205c_9d66_46f6_9a6e_4caee419abc1] Member consumer-Consumer-topic-eb88205c_9d66_46f6_9a6e_4caee419abc1-4-16fe11d8-0dd0-4a87-871c-cfd41b83ec54 sending LeaveGroup request to coordinator localhost:32769 (id: 2147483647 rack: null) due to the consumer is being closed
2025-08-06 18:59:28,902 INFO  [org.apa.kaf.cli.con.int.ConsumerCoordinator] (Thread-624) [Consumer clientId=consumer-Consumer-topic-eb88205c_9d66_46f6_9a6e_4caee419abc1-4, groupId=Consumer-topic-eb88205c_9d66_46f6_9a6e_4caee419abc1] Resetting generation and member id due to: consumer pro-actively leaving the group
2025-08-06 18:59:28,902 INFO  [org.apa.kaf.cli.con.int.ConsumerCoordinator] (Thread-624) [Consumer clientId=consumer-Consumer-topic-eb88205c_9d66_46f6_9a6e_4caee419abc1-4, groupId=Consumer-topic-eb88205c_9d66_46f6_9a6e_4caee419abc1] Request joining group due to: consumer pro-actively leaving the group
2025-08-06 18:59:29,398 INFO  [org.apa.kaf.com.met.Metrics] (Thread-624) Metrics scheduler closed
2025-08-06 18:59:29,398 INFO  [org.apa.kaf.com.met.Metrics] (Thread-624) Closing reporter org.apache.kafka.common.metrics.JmxReporter
2025-08-06 18:59:29,398 INFO  [org.apa.kaf.com.met.Metrics] (Thread-624) Closing reporter org.apache.kafka.common.telemetry.internals.ClientTelemetryReporter
2025-08-06 18:59:29,398 INFO  [org.apa.kaf.com.met.Metrics] (Thread-624) Metrics reporters closed
2025-08-06 18:59:29,401 INFO  [org.apa.kaf.com.uti.AppInfoParser] (Thread-624) App info kafka.consumer for consumer-Consumer-topic-eb88205c_9d66_46f6_9a6e_4caee419abc1-4 unregistered
2025-08-06 18:59:29,435 INFO  [io.api.tes.uti.TestSeparator] (main) io.apicurio.tests.serdes.apicurio.AvroSerdeIT.testTopicIdStrategyAutoRegister-FINISHED
2025-08-06 18:59:29,435 INFO  [io.api.tes.uti.TestSeparator] (main) ############################################################################
Test passed: testTopicIdStrategyAutoRegister
]]></system-out>
  </testcase>
  <testcase name="testRecordIdStrategydFindLatest" classname="io.apicurio.tests.serdes.apicurio.AvroSerdeIT" time="4.783">
    <system-out><![CDATA[2025-08-06 18:59:29,437 INFO  [io.api.tes.uti.TestSeparator] (main) ############################################################################
2025-08-06 18:59:29,437 INFO  [io.api.tes.uti.TestSeparator] (main) io.apicurio.tests.serdes.apicurio.AvroSerdeIT.testRecordIdStrategydFindLatest-STARTED
2025-08-06 18:59:29,438 INFO  [io.api.tes.ser.api.AvroSerdeIT] (main) Registering Avro Schema: {"type":"record","name":"sfc644f21xca6ax45c6x9b12xc0f173d5d776","namespace":"sdbbb8c5ex79d4x472dx9e84x0812a2f665e2","fields":[{"name":"key11754506769437","type":"string"}]}
**** Registry Base URL: http://registry-app-ksql043.apps.ci419.apicurio-testing.org:80
2025-08-06 18:59:30,503 INFO  [org.apa.kaf.cli.pro.ProducerConfig] (main) ProducerConfig values: 
	acks = -1
	auto.include.jmx.reporter = true
	batch.size = 16384
	bootstrap.servers = [PLAINTEXT://localhost:32769]
	buffer.memory = 33554432
	client.dns.lookup = use_all_dns_ips
	client.id = Producer-topic-95c3f783_4acc_4169_81f6_d0b5da89079c
	compression.gzip.level = -1
	compression.lz4.level = 9
	compression.type = none
	compression.zstd.level = 3
	connections.max.idle.ms = 10000
	delivery.timeout.ms = 120000
	enable.idempotence = true
	enable.metrics.push = true
	interceptor.classes = []
	key.serializer = class org.apache.kafka.common.serialization.StringSerializer
	linger.ms = 0
	max.block.ms = 60000
	max.in.flight.requests.per.connection = 5
	max.request.size = 1048576
	metadata.max.age.ms = 300000
	metadata.max.idle.ms = 300000
	metadata.recovery.strategy = none
	metric.reporters = []
	metrics.num.samples = 2
	metrics.recording.level = INFO
	metrics.sample.window.ms = 30000
	partitioner.adaptive.partitioning.enable = true
	partitioner.availability.timeout.ms = 0
	partitioner.class = null
	partitioner.ignore.keys = false
	receive.buffer.bytes = 32768
	reconnect.backoff.max.ms = 1000
	reconnect.backoff.ms = 50
	request.timeout.ms = 5000
	retries = 2147483647
	retry.backoff.max.ms = 1000
	retry.backoff.ms = 100
	sasl.client.callback.handler.class = null
	sasl.jaas.config = null
	sasl.kerberos.kinit.cmd = /usr/bin/kinit
	sasl.kerberos.min.time.before.relogin = 60000
	sasl.kerberos.service.name = null
	sasl.kerberos.ticket.renew.jitter = 0.05
	sasl.kerberos.ticket.renew.window.factor = 0.8
	sasl.login.callback.handler.class = null
	sasl.login.class = null
	sasl.login.connect.timeout.ms = null
	sasl.login.read.timeout.ms = null
	sasl.login.refresh.buffer.seconds = 300
	sasl.login.refresh.min.period.seconds = 60
	sasl.login.refresh.window.factor = 0.8
	sasl.login.refresh.window.jitter = 0.05
	sasl.login.retry.backoff.max.ms = 10000
	sasl.login.retry.backoff.ms = 100
	sasl.mechanism = GSSAPI
	sasl.oauthbearer.clock.skew.seconds = 30
	sasl.oauthbearer.expected.audience = null
	sasl.oauthbearer.expected.issuer = null
	sasl.oauthbearer.header.urlencode = false
	sasl.oauthbearer.jwks.endpoint.refresh.ms = 3600000
	sasl.oauthbearer.jwks.endpoint.retry.backoff.max.ms = 10000
	sasl.oauthbearer.jwks.endpoint.retry.backoff.ms = 100
	sasl.oauthbearer.jwks.endpoint.url = null
	sasl.oauthbearer.scope.claim.name = scope
	sasl.oauthbearer.sub.claim.name = sub
	sasl.oauthbearer.token.endpoint.url = null
	security.protocol = PLAINTEXT
	security.providers = null
	send.buffer.bytes = 131072
	socket.connection.setup.timeout.max.ms = 30000
	socket.connection.setup.timeout.ms = 10000
	ssl.cipher.suites = null
	ssl.enabled.protocols = [TLSv1.2, TLSv1.3]
	ssl.endpoint.identification.algorithm = https
	ssl.engine.factory.class = null
	ssl.key.password = null
	ssl.keymanager.algorithm = SunX509
	ssl.keystore.certificate.chain = null
	ssl.keystore.key = null
	ssl.keystore.location = null
	ssl.keystore.password = null
	ssl.keystore.type = JKS
	ssl.protocol = TLSv1.3
	ssl.provider = null
	ssl.secure.random.implementation = null
	ssl.trustmanager.algorithm = PKIX
	ssl.truststore.certificates = null
	ssl.truststore.location = null
	ssl.truststore.password = null
	ssl.truststore.type = JKS
	transaction.timeout.ms = 60000
	transactional.id = null
	value.serializer = class io.apicurio.registry.serde.avro.AvroKafkaSerializer

2025-08-06 18:59:30,503 INFO  [org.apa.kaf.com.tel.int.KafkaMetricsCollector] (main) initializing Kafka metrics collector
2025-08-06 18:59:30,508 INFO  [org.apa.kaf.cli.pro.KafkaProducer] (main) [Producer clientId=Producer-topic-95c3f783_4acc_4169_81f6_d0b5da89079c] Instantiated an idempotent producer.
2025-08-06 18:59:30,510 INFO  [org.apa.kaf.cli.pro.ProducerConfig] (main) These configurations '[apicurio.registry.find-latest, apicurio.registry.url, apicurio.registry.artifact-resolver-strategy]' were supplied but are not used yet.
2025-08-06 18:59:30,510 INFO  [org.apa.kaf.com.uti.AppInfoParser] (main) Kafka version: 3.9.1
2025-08-06 18:59:30,510 INFO  [org.apa.kaf.com.uti.AppInfoParser] (main) Kafka commitId: f745dfdcee2b9851
2025-08-06 18:59:30,510 INFO  [org.apa.kaf.com.uti.AppInfoParser] (main) Kafka startTimeMs: 1754506770510
2025-08-06 18:59:30,510 INFO  [io.api.tes.ser.api.SimpleSerdesTesterBuilder$SimpleSerdesTester] (main) Using producer configuration: {apicurio.registry.find-latest=true, apicurio.registry.url=http://registry-app-ksql043.apps.ci419.apicurio-testing.org:80/apis/registry/v3, apicurio.registry.artifact-resolver-strategy=io.apicurio.registry.serde.avro.strategy.RecordIdStrategy, value.serializer=io.apicurio.registry.serde.avro.AvroKafkaSerializer, request.timeout.ms=5000, acks=all, bootstrap.servers=PLAINTEXT://localhost:32769, connections.max.idle.ms=10000, key.serializer=org.apache.kafka.common.serialization.StringSerializer, client.id=Producer-topic-95c3f783_4acc_4169_81f6_d0b5da89079c}
2025-08-06 18:59:30,510 INFO  [io.api.tes.ser.api.SimpleSerdesTesterBuilder$SimpleSerdesTester] (main) Using consumer configuration: {}
2025-08-06 18:59:30,511 INFO  [io.api.tes.ser.api.KafkaSerdesTester] (Thread-627) Sending message {"key11754506769437": "value-0"} to topic topic-95c3f783_4acc_4169_81f6_d0b5da89079c
2025-08-06 18:59:30,517 INFO  [org.apa.kaf.cli.Metadata] (kafka-producer-network-thread | Producer-topic-95c3f783_4acc_4169_81f6_d0b5da89079c) [Producer clientId=Producer-topic-95c3f783_4acc_4169_81f6_d0b5da89079c] Cluster ID: T8p0IQFNTYSHGQR6rr1wVQ
2025-08-06 18:59:30,518 INFO  [org.apa.kaf.cli.pro.int.TransactionManager] (kafka-producer-network-thread | Producer-topic-95c3f783_4acc_4169_81f6_d0b5da89079c) [Producer clientId=Producer-topic-95c3f783_4acc_4169_81f6_d0b5da89079c] ProducerId set to 5 with epoch 0
2025-08-06 18:59:30,565 INFO  [io.api.tes.ser.api.KafkaSerdesTester] (Thread-627) Sending message {"key11754506769437": "value-1"} to topic topic-95c3f783_4acc_4169_81f6_d0b5da89079c
2025-08-06 18:59:30,569 INFO  [io.api.tes.ser.api.KafkaSerdesTester] (Thread-627) Sending message {"key11754506769437": "value-2"} to topic topic-95c3f783_4acc_4169_81f6_d0b5da89079c
2025-08-06 18:59:30,577 INFO  [io.api.tes.ser.api.KafkaSerdesTester] (Thread-627) Sending message {"key11754506769437": "value-3"} to topic topic-95c3f783_4acc_4169_81f6_d0b5da89079c
2025-08-06 18:59:30,582 INFO  [io.api.tes.ser.api.KafkaSerdesTester] (Thread-627) Sending message {"key11754506769437": "value-4"} to topic topic-95c3f783_4acc_4169_81f6_d0b5da89079c
2025-08-06 18:59:30,586 INFO  [io.api.tes.ser.api.KafkaSerdesTester] (Thread-627) Sending message {"key11754506769437": "value-5"} to topic topic-95c3f783_4acc_4169_81f6_d0b5da89079c
2025-08-06 18:59:30,588 INFO  [io.api.tes.ser.api.KafkaSerdesTester] (Thread-627) Sending message {"key11754506769437": "value-6"} to topic topic-95c3f783_4acc_4169_81f6_d0b5da89079c
2025-08-06 18:59:30,592 INFO  [io.api.tes.ser.api.KafkaSerdesTester] (Thread-627) Sending message {"key11754506769437": "value-7"} to topic topic-95c3f783_4acc_4169_81f6_d0b5da89079c
2025-08-06 18:59:30,597 INFO  [io.api.tes.ser.api.KafkaSerdesTester] (Thread-627) Sending message {"key11754506769437": "value-8"} to topic topic-95c3f783_4acc_4169_81f6_d0b5da89079c
2025-08-06 18:59:30,604 INFO  [io.api.tes.ser.api.KafkaSerdesTester] (Thread-627) Sending message {"key11754506769437": "value-9"} to topic topic-95c3f783_4acc_4169_81f6_d0b5da89079c
2025-08-06 18:59:30,608 INFO  [io.api.tes.ser.api.KafkaSerdesTester] (Thread-627) Produced 10 messages
2025-08-06 18:59:30,608 INFO  [org.apa.kaf.cli.pro.KafkaProducer] (Thread-627) [Producer clientId=Producer-topic-95c3f783_4acc_4169_81f6_d0b5da89079c] Closing the Kafka producer with timeoutMillis = 9223372036854775807 ms.
2025-08-06 18:59:30,611 INFO  [org.apa.kaf.com.met.Metrics] (Thread-627) Metrics scheduler closed
2025-08-06 18:59:30,611 INFO  [org.apa.kaf.com.met.Metrics] (Thread-627) Closing reporter org.apache.kafka.common.metrics.JmxReporter
2025-08-06 18:59:30,611 INFO  [org.apa.kaf.com.met.Metrics] (Thread-627) Closing reporter org.apache.kafka.common.telemetry.internals.ClientTelemetryReporter
2025-08-06 18:59:30,611 INFO  [org.apa.kaf.com.met.Metrics] (Thread-627) Metrics reporters closed
2025-08-06 18:59:30,612 INFO  [org.apa.kaf.com.uti.AppInfoParser] (Thread-627) App info kafka.producer for Producer-topic-95c3f783_4acc_4169_81f6_d0b5da89079c unregistered
**** Registry Base URL: http://registry-app-ksql043.apps.ci419.apicurio-testing.org:80
2025-08-06 18:59:30,612 INFO  [org.apa.kaf.cli.con.ConsumerConfig] (main) ConsumerConfig values: 
	allow.auto.create.topics = true
	auto.commit.interval.ms = 500
	auto.include.jmx.reporter = true
	auto.offset.reset = earliest
	bootstrap.servers = [PLAINTEXT://localhost:32769]
	check.crcs = true
	client.dns.lookup = use_all_dns_ips
	client.id = consumer-Consumer-topic-95c3f783_4acc_4169_81f6_d0b5da89079c-5
	client.rack = 
	connections.max.idle.ms = 10000
	default.api.timeout.ms = 60000
	enable.auto.commit = true
	enable.metrics.push = true
	exclude.internal.topics = true
	fetch.max.bytes = 52428800
	fetch.max.wait.ms = 500
	fetch.min.bytes = 1
	group.id = Consumer-topic-95c3f783_4acc_4169_81f6_d0b5da89079c
	group.instance.id = null
	group.protocol = classic
	group.remote.assignor = null
	heartbeat.interval.ms = 3000
	interceptor.classes = []
	internal.leave.group.on.close = true
	internal.throw.on.fetch.stable.offset.unsupported = false
	isolation.level = read_uncommitted
	key.deserializer = class org.apache.kafka.common.serialization.StringDeserializer
	max.partition.fetch.bytes = 1048576
	max.poll.interval.ms = 300000
	max.poll.records = 500
	metadata.max.age.ms = 300000
	metadata.recovery.strategy = none
	metric.reporters = []
	metrics.num.samples = 2
	metrics.recording.level = INFO
	metrics.sample.window.ms = 30000
	partition.assignment.strategy = [class org.apache.kafka.clients.consumer.RangeAssignor, class org.apache.kafka.clients.consumer.CooperativeStickyAssignor]
	receive.buffer.bytes = 65536
	reconnect.backoff.max.ms = 1000
	reconnect.backoff.ms = 50
	request.timeout.ms = 5000
	retry.backoff.max.ms = 1000
	retry.backoff.ms = 100
	sasl.client.callback.handler.class = null
	sasl.jaas.config = null
	sasl.kerberos.kinit.cmd = /usr/bin/kinit
	sasl.kerberos.min.time.before.relogin = 60000
	sasl.kerberos.service.name = null
	sasl.kerberos.ticket.renew.jitter = 0.05
	sasl.kerberos.ticket.renew.window.factor = 0.8
	sasl.login.callback.handler.class = null
	sasl.login.class = null
	sasl.login.connect.timeout.ms = null
	sasl.login.read.timeout.ms = null
	sasl.login.refresh.buffer.seconds = 300
	sasl.login.refresh.min.period.seconds = 60
	sasl.login.refresh.window.factor = 0.8
	sasl.login.refresh.window.jitter = 0.05
	sasl.login.retry.backoff.max.ms = 10000
	sasl.login.retry.backoff.ms = 100
	sasl.mechanism = GSSAPI
	sasl.oauthbearer.clock.skew.seconds = 30
	sasl.oauthbearer.expected.audience = null
	sasl.oauthbearer.expected.issuer = null
	sasl.oauthbearer.header.urlencode = false
	sasl.oauthbearer.jwks.endpoint.refresh.ms = 3600000
	sasl.oauthbearer.jwks.endpoint.retry.backoff.max.ms = 10000
	sasl.oauthbearer.jwks.endpoint.retry.backoff.ms = 100
	sasl.oauthbearer.jwks.endpoint.url = null
	sasl.oauthbearer.scope.claim.name = scope
	sasl.oauthbearer.sub.claim.name = sub
	sasl.oauthbearer.token.endpoint.url = null
	security.protocol = PLAINTEXT
	security.providers = null
	send.buffer.bytes = 131072
	session.timeout.ms = 45000
	socket.connection.setup.timeout.max.ms = 30000
	socket.connection.setup.timeout.ms = 10000
	ssl.cipher.suites = null
	ssl.enabled.protocols = [TLSv1.2, TLSv1.3]
	ssl.endpoint.identification.algorithm = https
	ssl.engine.factory.class = null
	ssl.key.password = null
	ssl.keymanager.algorithm = SunX509
	ssl.keystore.certificate.chain = null
	ssl.keystore.key = null
	ssl.keystore.location = null
	ssl.keystore.password = null
	ssl.keystore.type = JKS
	ssl.protocol = TLSv1.3
	ssl.provider = null
	ssl.secure.random.implementation = null
	ssl.trustmanager.algorithm = PKIX
	ssl.truststore.certificates = null
	ssl.truststore.location = null
	ssl.truststore.password = null
	ssl.truststore.type = JKS
	value.deserializer = class io.apicurio.registry.serde.avro.AvroKafkaDeserializer

2025-08-06 18:59:30,613 INFO  [org.apa.kaf.com.tel.int.KafkaMetricsCollector] (main) initializing Kafka metrics collector
2025-08-06 18:59:30,623 INFO  [org.apa.kaf.cli.con.ConsumerConfig] (main) These configurations '[apicurio.registry.url]' were supplied but are not used yet.
2025-08-06 18:59:30,624 INFO  [org.apa.kaf.com.uti.AppInfoParser] (main) Kafka version: 3.9.1
2025-08-06 18:59:30,624 INFO  [org.apa.kaf.com.uti.AppInfoParser] (main) Kafka commitId: f745dfdcee2b9851
2025-08-06 18:59:30,624 INFO  [org.apa.kaf.com.uti.AppInfoParser] (main) Kafka startTimeMs: 1754506770624
2025-08-06 18:59:30,625 INFO  [org.apa.kaf.cli.con.int.ClassicKafkaConsumer] (Thread-630) [Consumer clientId=consumer-Consumer-topic-95c3f783_4acc_4169_81f6_d0b5da89079c-5, groupId=Consumer-topic-95c3f783_4acc_4169_81f6_d0b5da89079c] Subscribed to topic(s): topic-95c3f783_4acc_4169_81f6_d0b5da89079c
2025-08-06 18:59:30,636 INFO  [org.apa.kaf.cli.Metadata] (Thread-630) [Consumer clientId=consumer-Consumer-topic-95c3f783_4acc_4169_81f6_d0b5da89079c-5, groupId=Consumer-topic-95c3f783_4acc_4169_81f6_d0b5da89079c] Cluster ID: T8p0IQFNTYSHGQR6rr1wVQ
2025-08-06 18:59:30,640 INFO  [org.apa.kaf.cli.con.int.ConsumerCoordinator] (Thread-630) [Consumer clientId=consumer-Consumer-topic-95c3f783_4acc_4169_81f6_d0b5da89079c-5, groupId=Consumer-topic-95c3f783_4acc_4169_81f6_d0b5da89079c] Discovered group coordinator localhost:32769 (id: 2147483647 rack: null)
2025-08-06 18:59:30,644 INFO  [org.apa.kaf.cli.con.int.ConsumerCoordinator] (Thread-630) [Consumer clientId=consumer-Consumer-topic-95c3f783_4acc_4169_81f6_d0b5da89079c-5, groupId=Consumer-topic-95c3f783_4acc_4169_81f6_d0b5da89079c] (Re-)joining group
2025-08-06 18:59:30,648 INFO  [org.apa.kaf.cli.con.int.ConsumerCoordinator] (Thread-630) [Consumer clientId=consumer-Consumer-topic-95c3f783_4acc_4169_81f6_d0b5da89079c-5, groupId=Consumer-topic-95c3f783_4acc_4169_81f6_d0b5da89079c] Request joining group due to: need to re-join with the given member-id: consumer-Consumer-topic-95c3f783_4acc_4169_81f6_d0b5da89079c-5-cf882730-c803-4ea8-bc34-3773d1408f2b
2025-08-06 18:59:30,648 INFO  [org.apa.kaf.cli.con.int.ConsumerCoordinator] (Thread-630) [Consumer clientId=consumer-Consumer-topic-95c3f783_4acc_4169_81f6_d0b5da89079c-5, groupId=Consumer-topic-95c3f783_4acc_4169_81f6_d0b5da89079c] (Re-)joining group
2025-08-06 18:59:31,625 INFO  [io.api.tes.ser.api.KafkaSerdesTester] (Thread-630) None found
2025-08-06 18:59:32,626 INFO  [io.api.tes.ser.api.KafkaSerdesTester] (Thread-630) None found
2025-08-06 18:59:33,627 INFO  [io.api.tes.ser.api.KafkaSerdesTester] (Thread-630) None found
2025-08-06 18:59:33,650 INFO  [org.apa.kaf.cli.con.int.ConsumerCoordinator] (Thread-630) [Consumer clientId=consumer-Consumer-topic-95c3f783_4acc_4169_81f6_d0b5da89079c-5, groupId=Consumer-topic-95c3f783_4acc_4169_81f6_d0b5da89079c] Successfully joined group with generation Generation{generationId=1, memberId='consumer-Consumer-topic-95c3f783_4acc_4169_81f6_d0b5da89079c-5-cf882730-c803-4ea8-bc34-3773d1408f2b', protocol='range'}
2025-08-06 18:59:33,651 INFO  [org.apa.kaf.cli.con.int.ConsumerCoordinator] (Thread-630) [Consumer clientId=consumer-Consumer-topic-95c3f783_4acc_4169_81f6_d0b5da89079c-5, groupId=Consumer-topic-95c3f783_4acc_4169_81f6_d0b5da89079c] Finished assignment for group at generation 1: {consumer-Consumer-topic-95c3f783_4acc_4169_81f6_d0b5da89079c-5-cf882730-c803-4ea8-bc34-3773d1408f2b=Assignment(partitions=[topic-95c3f783_4acc_4169_81f6_d0b5da89079c-0])}
2025-08-06 18:59:33,659 INFO  [org.apa.kaf.cli.con.int.ConsumerCoordinator] (Thread-630) [Consumer clientId=consumer-Consumer-topic-95c3f783_4acc_4169_81f6_d0b5da89079c-5, groupId=Consumer-topic-95c3f783_4acc_4169_81f6_d0b5da89079c] Successfully synced group in generation Generation{generationId=1, memberId='consumer-Consumer-topic-95c3f783_4acc_4169_81f6_d0b5da89079c-5-cf882730-c803-4ea8-bc34-3773d1408f2b', protocol='range'}
2025-08-06 18:59:33,660 INFO  [org.apa.kaf.cli.con.int.ConsumerCoordinator] (Thread-630) [Consumer clientId=consumer-Consumer-topic-95c3f783_4acc_4169_81f6_d0b5da89079c-5, groupId=Consumer-topic-95c3f783_4acc_4169_81f6_d0b5da89079c] Notifying assignor about the new Assignment(partitions=[topic-95c3f783_4acc_4169_81f6_d0b5da89079c-0])
2025-08-06 18:59:33,660 INFO  [org.apa.kaf.cli.con.int.ConsumerRebalanceListenerInvoker] (Thread-630) [Consumer clientId=consumer-Consumer-topic-95c3f783_4acc_4169_81f6_d0b5da89079c-5, groupId=Consumer-topic-95c3f783_4acc_4169_81f6_d0b5da89079c] Adding newly assigned partitions: topic-95c3f783_4acc_4169_81f6_d0b5da89079c-0
2025-08-06 18:59:33,661 INFO  [org.apa.kaf.cli.con.int.ConsumerCoordinator] (Thread-630) [Consumer clientId=consumer-Consumer-topic-95c3f783_4acc_4169_81f6_d0b5da89079c-5, groupId=Consumer-topic-95c3f783_4acc_4169_81f6_d0b5da89079c] Found no committed offset for partition topic-95c3f783_4acc_4169_81f6_d0b5da89079c-0
2025-08-06 18:59:33,666 INFO  [org.apa.kaf.cli.con.int.SubscriptionState] (Thread-630) [Consumer clientId=consumer-Consumer-topic-95c3f783_4acc_4169_81f6_d0b5da89079c-5, groupId=Consumer-topic-95c3f783_4acc_4169_81f6_d0b5da89079c] Resetting offset for partition topic-95c3f783_4acc_4169_81f6_d0b5da89079c-0 to position FetchPosition{offset=0, offsetEpoch=Optional.empty, currentLeader=LeaderAndEpoch{leader=Optional[localhost:32769 (id: 0 rack: null)], epoch=0}}.
2025-08-06 18:59:33,702 INFO  [io.api.tes.ser.api.KafkaSerdesTester] (Thread-630) topic-95c3f783_4acc_4169_81f6_d0b5da89079c 0 0 {"key11754506769437": "value-0"}
2025-08-06 18:59:33,702 INFO  [io.api.tes.ser.api.KafkaSerdesTester] (Thread-630) topic-95c3f783_4acc_4169_81f6_d0b5da89079c 0 1 {"key11754506769437": "value-1"}
2025-08-06 18:59:33,702 INFO  [io.api.tes.ser.api.KafkaSerdesTester] (Thread-630) topic-95c3f783_4acc_4169_81f6_d0b5da89079c 0 2 {"key11754506769437": "value-2"}
2025-08-06 18:59:33,702 INFO  [io.api.tes.ser.api.KafkaSerdesTester] (Thread-630) topic-95c3f783_4acc_4169_81f6_d0b5da89079c 0 3 {"key11754506769437": "value-3"}
2025-08-06 18:59:33,702 INFO  [io.api.tes.ser.api.KafkaSerdesTester] (Thread-630) topic-95c3f783_4acc_4169_81f6_d0b5da89079c 0 4 {"key11754506769437": "value-4"}
2025-08-06 18:59:33,702 INFO  [io.api.tes.ser.api.KafkaSerdesTester] (Thread-630) topic-95c3f783_4acc_4169_81f6_d0b5da89079c 0 5 {"key11754506769437": "value-5"}
2025-08-06 18:59:33,702 INFO  [io.api.tes.ser.api.KafkaSerdesTester] (Thread-630) topic-95c3f783_4acc_4169_81f6_d0b5da89079c 0 6 {"key11754506769437": "value-6"}
2025-08-06 18:59:33,702 INFO  [io.api.tes.ser.api.KafkaSerdesTester] (Thread-630) topic-95c3f783_4acc_4169_81f6_d0b5da89079c 0 7 {"key11754506769437": "value-7"}
2025-08-06 18:59:33,702 INFO  [io.api.tes.ser.api.KafkaSerdesTester] (Thread-630) topic-95c3f783_4acc_4169_81f6_d0b5da89079c 0 8 {"key11754506769437": "value-8"}
2025-08-06 18:59:33,702 INFO  [io.api.tes.ser.api.KafkaSerdesTester] (Thread-630) topic-95c3f783_4acc_4169_81f6_d0b5da89079c 0 9 {"key11754506769437": "value-9"}
2025-08-06 18:59:33,702 INFO  [io.api.tes.ser.api.KafkaSerdesTester] (Thread-630) Consumed 10 messages
2025-08-06 18:59:33,710 INFO  [org.apa.kaf.cli.con.int.ConsumerRebalanceListenerInvoker] (Thread-630) [Consumer clientId=consumer-Consumer-topic-95c3f783_4acc_4169_81f6_d0b5da89079c-5, groupId=Consumer-topic-95c3f783_4acc_4169_81f6_d0b5da89079c] Revoke previously assigned partitions topic-95c3f783_4acc_4169_81f6_d0b5da89079c-0
2025-08-06 18:59:33,710 INFO  [org.apa.kaf.cli.con.int.ConsumerCoordinator] (Thread-630) [Consumer clientId=consumer-Consumer-topic-95c3f783_4acc_4169_81f6_d0b5da89079c-5, groupId=Consumer-topic-95c3f783_4acc_4169_81f6_d0b5da89079c] Member consumer-Consumer-topic-95c3f783_4acc_4169_81f6_d0b5da89079c-5-cf882730-c803-4ea8-bc34-3773d1408f2b sending LeaveGroup request to coordinator localhost:32769 (id: 2147483647 rack: null) due to the consumer is being closed
2025-08-06 18:59:33,710 INFO  [org.apa.kaf.cli.con.int.ConsumerCoordinator] (Thread-630) [Consumer clientId=consumer-Consumer-topic-95c3f783_4acc_4169_81f6_d0b5da89079c-5, groupId=Consumer-topic-95c3f783_4acc_4169_81f6_d0b5da89079c] Resetting generation and member id due to: consumer pro-actively leaving the group
2025-08-06 18:59:33,710 INFO  [org.apa.kaf.cli.con.int.ConsumerCoordinator] (Thread-630) [Consumer clientId=consumer-Consumer-topic-95c3f783_4acc_4169_81f6_d0b5da89079c-5, groupId=Consumer-topic-95c3f783_4acc_4169_81f6_d0b5da89079c] Request joining group due to: consumer pro-actively leaving the group
2025-08-06 18:59:34,207 INFO  [org.apa.kaf.com.met.Metrics] (Thread-630) Metrics scheduler closed
2025-08-06 18:59:34,207 INFO  [org.apa.kaf.com.met.Metrics] (Thread-630) Closing reporter org.apache.kafka.common.metrics.JmxReporter
2025-08-06 18:59:34,207 INFO  [org.apa.kaf.com.met.Metrics] (Thread-630) Closing reporter org.apache.kafka.common.telemetry.internals.ClientTelemetryReporter
2025-08-06 18:59:34,207 INFO  [org.apa.kaf.com.met.Metrics] (Thread-630) Metrics reporters closed
2025-08-06 18:59:34,216 INFO  [org.apa.kaf.com.uti.AppInfoParser] (Thread-630) App info kafka.consumer for consumer-Consumer-topic-95c3f783_4acc_4169_81f6_d0b5da89079c-5 unregistered
2025-08-06 18:59:34,217 INFO  [io.api.tes.uti.TestSeparator] (main) io.apicurio.tests.serdes.apicurio.AvroSerdeIT.testRecordIdStrategydFindLatest-FINISHED
2025-08-06 18:59:34,217 INFO  [io.api.tes.uti.TestSeparator] (main) ############################################################################
Test passed: testRecordIdStrategydFindLatest
]]></system-out>
  </testcase>
  <testcase name="testReflectAutoRegister" classname="io.apicurio.tests.serdes.apicurio.AvroSerdeIT" time="3.819">
    <system-out><![CDATA[2025-08-06 18:59:34,226 INFO  [io.api.tes.uti.TestSeparator] (main) ############################################################################
2025-08-06 18:59:34,226 INFO  [io.api.tes.uti.TestSeparator] (main) io.apicurio.tests.serdes.apicurio.AvroSerdeIT.testReflectAutoRegister-STARTED
**** Registry Base URL: http://registry-app-ksql043.apps.ci419.apicurio-testing.org:80
2025-08-06 18:59:34,232 INFO  [org.apa.kaf.cli.pro.ProducerConfig] (main) ProducerConfig values: 
	acks = -1
	auto.include.jmx.reporter = true
	batch.size = 16384
	bootstrap.servers = [PLAINTEXT://localhost:32769]
	buffer.memory = 33554432
	client.dns.lookup = use_all_dns_ips
	client.id = Producer-topic-58c5001a_e6a0_40f9_8ed7_d23f7bfeba96
	compression.gzip.level = -1
	compression.lz4.level = 9
	compression.type = none
	compression.zstd.level = 3
	connections.max.idle.ms = 10000
	delivery.timeout.ms = 120000
	enable.idempotence = true
	enable.metrics.push = true
	interceptor.classes = []
	key.serializer = class org.apache.kafka.common.serialization.StringSerializer
	linger.ms = 0
	max.block.ms = 60000
	max.in.flight.requests.per.connection = 5
	max.request.size = 1048576
	metadata.max.age.ms = 300000
	metadata.max.idle.ms = 300000
	metadata.recovery.strategy = none
	metric.reporters = []
	metrics.num.samples = 2
	metrics.recording.level = INFO
	metrics.sample.window.ms = 30000
	partitioner.adaptive.partitioning.enable = true
	partitioner.availability.timeout.ms = 0
	partitioner.class = null
	partitioner.ignore.keys = false
	receive.buffer.bytes = 32768
	reconnect.backoff.max.ms = 1000
	reconnect.backoff.ms = 50
	request.timeout.ms = 5000
	retries = 2147483647
	retry.backoff.max.ms = 1000
	retry.backoff.ms = 100
	sasl.client.callback.handler.class = null
	sasl.jaas.config = null
	sasl.kerberos.kinit.cmd = /usr/bin/kinit
	sasl.kerberos.min.time.before.relogin = 60000
	sasl.kerberos.service.name = null
	sasl.kerberos.ticket.renew.jitter = 0.05
	sasl.kerberos.ticket.renew.window.factor = 0.8
	sasl.login.callback.handler.class = null
	sasl.login.class = null
	sasl.login.connect.timeout.ms = null
	sasl.login.read.timeout.ms = null
	sasl.login.refresh.buffer.seconds = 300
	sasl.login.refresh.min.period.seconds = 60
	sasl.login.refresh.window.factor = 0.8
	sasl.login.refresh.window.jitter = 0.05
	sasl.login.retry.backoff.max.ms = 10000
	sasl.login.retry.backoff.ms = 100
	sasl.mechanism = GSSAPI
	sasl.oauthbearer.clock.skew.seconds = 30
	sasl.oauthbearer.expected.audience = null
	sasl.oauthbearer.expected.issuer = null
	sasl.oauthbearer.header.urlencode = false
	sasl.oauthbearer.jwks.endpoint.refresh.ms = 3600000
	sasl.oauthbearer.jwks.endpoint.retry.backoff.max.ms = 10000
	sasl.oauthbearer.jwks.endpoint.retry.backoff.ms = 100
	sasl.oauthbearer.jwks.endpoint.url = null
	sasl.oauthbearer.scope.claim.name = scope
	sasl.oauthbearer.sub.claim.name = sub
	sasl.oauthbearer.token.endpoint.url = null
	security.protocol = PLAINTEXT
	security.providers = null
	send.buffer.bytes = 131072
	socket.connection.setup.timeout.max.ms = 30000
	socket.connection.setup.timeout.ms = 10000
	ssl.cipher.suites = null
	ssl.enabled.protocols = [TLSv1.2, TLSv1.3]
	ssl.endpoint.identification.algorithm = https
	ssl.engine.factory.class = null
	ssl.key.password = null
	ssl.keymanager.algorithm = SunX509
	ssl.keystore.certificate.chain = null
	ssl.keystore.key = null
	ssl.keystore.location = null
	ssl.keystore.password = null
	ssl.keystore.type = JKS
	ssl.protocol = TLSv1.3
	ssl.provider = null
	ssl.secure.random.implementation = null
	ssl.trustmanager.algorithm = PKIX
	ssl.truststore.certificates = null
	ssl.truststore.location = null
	ssl.truststore.password = null
	ssl.truststore.type = JKS
	transaction.timeout.ms = 60000
	transactional.id = null
	value.serializer = class io.apicurio.registry.serde.avro.AvroKafkaSerializer

2025-08-06 18:59:34,237 INFO  [org.apa.kaf.com.tel.int.KafkaMetricsCollector] (main) initializing Kafka metrics collector
2025-08-06 18:59:34,254 INFO  [org.apa.kaf.cli.pro.KafkaProducer] (main) [Producer clientId=Producer-topic-58c5001a_e6a0_40f9_8ed7_d23f7bfeba96] Instantiated an idempotent producer.
2025-08-06 18:59:34,257 INFO  [org.apa.kaf.cli.pro.ProducerConfig] (main) These configurations '[apicurio.registry.url, apicurio.registry.auto-register, apicurio.registry.artifact-resolver-strategy, apicurio.registry.avro-datum-provider]' were supplied but are not used yet.
2025-08-06 18:59:34,258 INFO  [org.apa.kaf.com.uti.AppInfoParser] (main) Kafka version: 3.9.1
2025-08-06 18:59:34,258 INFO  [org.apa.kaf.com.uti.AppInfoParser] (main) Kafka commitId: f745dfdcee2b9851
2025-08-06 18:59:34,258 INFO  [org.apa.kaf.com.uti.AppInfoParser] (main) Kafka startTimeMs: 1754506774257
2025-08-06 18:59:34,258 INFO  [io.api.tes.ser.api.SimpleSerdesTesterBuilder$SimpleSerdesTester] (main) Using producer configuration: {apicurio.registry.url=http://registry-app-ksql043.apps.ci419.apicurio-testing.org:80/apis/registry/v3, apicurio.registry.auto-register=true, apicurio.registry.artifact-resolver-strategy=io.apicurio.registry.serde.strategy.TopicIdStrategy, value.serializer=io.apicurio.registry.serde.avro.AvroKafkaSerializer, request.timeout.ms=5000, acks=all, bootstrap.servers=PLAINTEXT://localhost:32769, connections.max.idle.ms=10000, key.serializer=org.apache.kafka.common.serialization.StringSerializer, apicurio.registry.avro-datum-provider=io.apicurio.registry.serde.avro.ReflectAvroDatumProvider, client.id=Producer-topic-58c5001a_e6a0_40f9_8ed7_d23f7bfeba96}
2025-08-06 18:59:34,258 INFO  [io.api.tes.ser.api.SimpleSerdesTesterBuilder$SimpleSerdesTester] (main) Using consumer configuration: {apicurio.registry.avro-datum-provider=io.apicurio.registry.serde.avro.ReflectAvroDatumProvider}
2025-08-06 18:59:34,259 INFO  [io.api.tes.ser.api.KafkaSerdesTester] (Thread-633) Sending message io.apicurio.tests.common.serdes.TestObject@3dbd29cb to topic topic-58c5001a_e6a0_40f9_8ed7_d23f7bfeba96
2025-08-06 18:59:34,269 INFO  [org.apa.kaf.cli.Metadata] (kafka-producer-network-thread | Producer-topic-58c5001a_e6a0_40f9_8ed7_d23f7bfeba96) [Producer clientId=Producer-topic-58c5001a_e6a0_40f9_8ed7_d23f7bfeba96] Cluster ID: T8p0IQFNTYSHGQR6rr1wVQ
2025-08-06 18:59:34,273 INFO  [org.apa.kaf.cli.pro.int.TransactionManager] (kafka-producer-network-thread | Producer-topic-58c5001a_e6a0_40f9_8ed7_d23f7bfeba96) [Producer clientId=Producer-topic-58c5001a_e6a0_40f9_8ed7_d23f7bfeba96] ProducerId set to 6 with epoch 0
2025-08-06 18:59:34,375 INFO  [io.api.tes.ser.api.KafkaSerdesTester] (Thread-633) Sending message io.apicurio.tests.common.serdes.TestObject@3dbd29cb to topic topic-58c5001a_e6a0_40f9_8ed7_d23f7bfeba96
2025-08-06 18:59:34,379 INFO  [io.api.tes.ser.api.KafkaSerdesTester] (Thread-633) Sending message io.apicurio.tests.common.serdes.TestObject@3dbd29cb to topic topic-58c5001a_e6a0_40f9_8ed7_d23f7bfeba96
2025-08-06 18:59:34,381 INFO  [io.api.tes.ser.api.KafkaSerdesTester] (Thread-633) Sending message io.apicurio.tests.common.serdes.TestObject@3dbd29cb to topic topic-58c5001a_e6a0_40f9_8ed7_d23f7bfeba96
2025-08-06 18:59:34,387 INFO  [io.api.tes.ser.api.KafkaSerdesTester] (Thread-633) Sending message io.apicurio.tests.common.serdes.TestObject@3dbd29cb to topic topic-58c5001a_e6a0_40f9_8ed7_d23f7bfeba96
2025-08-06 18:59:34,391 INFO  [io.api.tes.ser.api.KafkaSerdesTester] (Thread-633) Sending message io.apicurio.tests.common.serdes.TestObject@3dbd29cb to topic topic-58c5001a_e6a0_40f9_8ed7_d23f7bfeba96
2025-08-06 18:59:34,393 INFO  [io.api.tes.ser.api.KafkaSerdesTester] (Thread-633) Sending message io.apicurio.tests.common.serdes.TestObject@3dbd29cb to topic topic-58c5001a_e6a0_40f9_8ed7_d23f7bfeba96
2025-08-06 18:59:34,395 INFO  [io.api.tes.ser.api.KafkaSerdesTester] (Thread-633) Sending message io.apicurio.tests.common.serdes.TestObject@3dbd29cb to topic topic-58c5001a_e6a0_40f9_8ed7_d23f7bfeba96
2025-08-06 18:59:34,397 INFO  [io.api.tes.ser.api.KafkaSerdesTester] (Thread-633) Sending message io.apicurio.tests.common.serdes.TestObject@3dbd29cb to topic topic-58c5001a_e6a0_40f9_8ed7_d23f7bfeba96
2025-08-06 18:59:34,400 INFO  [io.api.tes.ser.api.KafkaSerdesTester] (Thread-633) Sending message io.apicurio.tests.common.serdes.TestObject@3dbd29cb to topic topic-58c5001a_e6a0_40f9_8ed7_d23f7bfeba96
2025-08-06 18:59:34,402 INFO  [io.api.tes.ser.api.KafkaSerdesTester] (Thread-633) Produced 10 messages
2025-08-06 18:59:34,402 INFO  [org.apa.kaf.cli.pro.KafkaProducer] (Thread-633) [Producer clientId=Producer-topic-58c5001a_e6a0_40f9_8ed7_d23f7bfeba96] Closing the Kafka producer with timeoutMillis = 9223372036854775807 ms.
2025-08-06 18:59:34,404 INFO  [org.apa.kaf.com.met.Metrics] (Thread-633) Metrics scheduler closed
2025-08-06 18:59:34,404 INFO  [org.apa.kaf.com.met.Metrics] (Thread-633) Closing reporter org.apache.kafka.common.metrics.JmxReporter
2025-08-06 18:59:34,404 INFO  [org.apa.kaf.com.met.Metrics] (Thread-633) Closing reporter org.apache.kafka.common.telemetry.internals.ClientTelemetryReporter
2025-08-06 18:59:34,404 INFO  [org.apa.kaf.com.met.Metrics] (Thread-633) Metrics reporters closed
2025-08-06 18:59:34,405 INFO  [org.apa.kaf.com.uti.AppInfoParser] (Thread-633) App info kafka.producer for Producer-topic-58c5001a_e6a0_40f9_8ed7_d23f7bfeba96 unregistered
**** Registry Base URL: http://registry-app-ksql043.apps.ci419.apicurio-testing.org:80
2025-08-06 18:59:34,431 INFO  [org.apa.kaf.cli.con.ConsumerConfig] (main) ConsumerConfig values: 
	allow.auto.create.topics = true
	auto.commit.interval.ms = 500
	auto.include.jmx.reporter = true
	auto.offset.reset = earliest
	bootstrap.servers = [PLAINTEXT://localhost:32769]
	check.crcs = true
	client.dns.lookup = use_all_dns_ips
	client.id = consumer-Consumer-topic-58c5001a_e6a0_40f9_8ed7_d23f7bfeba96-6
	client.rack = 
	connections.max.idle.ms = 10000
	default.api.timeout.ms = 60000
	enable.auto.commit = true
	enable.metrics.push = true
	exclude.internal.topics = true
	fetch.max.bytes = 52428800
	fetch.max.wait.ms = 500
	fetch.min.bytes = 1
	group.id = Consumer-topic-58c5001a_e6a0_40f9_8ed7_d23f7bfeba96
	group.instance.id = null
	group.protocol = classic
	group.remote.assignor = null
	heartbeat.interval.ms = 3000
	interceptor.classes = []
	internal.leave.group.on.close = true
	internal.throw.on.fetch.stable.offset.unsupported = false
	isolation.level = read_uncommitted
	key.deserializer = class org.apache.kafka.common.serialization.StringDeserializer
	max.partition.fetch.bytes = 1048576
	max.poll.interval.ms = 300000
	max.poll.records = 500
	metadata.max.age.ms = 300000
	metadata.recovery.strategy = none
	metric.reporters = []
	metrics.num.samples = 2
	metrics.recording.level = INFO
	metrics.sample.window.ms = 30000
	partition.assignment.strategy = [class org.apache.kafka.clients.consumer.RangeAssignor, class org.apache.kafka.clients.consumer.CooperativeStickyAssignor]
	receive.buffer.bytes = 65536
	reconnect.backoff.max.ms = 1000
	reconnect.backoff.ms = 50
	request.timeout.ms = 5000
	retry.backoff.max.ms = 1000
	retry.backoff.ms = 100
	sasl.client.callback.handler.class = null
	sasl.jaas.config = null
	sasl.kerberos.kinit.cmd = /usr/bin/kinit
	sasl.kerberos.min.time.before.relogin = 60000
	sasl.kerberos.service.name = null
	sasl.kerberos.ticket.renew.jitter = 0.05
	sasl.kerberos.ticket.renew.window.factor = 0.8
	sasl.login.callback.handler.class = null
	sasl.login.class = null
	sasl.login.connect.timeout.ms = null
	sasl.login.read.timeout.ms = null
	sasl.login.refresh.buffer.seconds = 300
	sasl.login.refresh.min.period.seconds = 60
	sasl.login.refresh.window.factor = 0.8
	sasl.login.refresh.window.jitter = 0.05
	sasl.login.retry.backoff.max.ms = 10000
	sasl.login.retry.backoff.ms = 100
	sasl.mechanism = GSSAPI
	sasl.oauthbearer.clock.skew.seconds = 30
	sasl.oauthbearer.expected.audience = null
	sasl.oauthbearer.expected.issuer = null
	sasl.oauthbearer.header.urlencode = false
	sasl.oauthbearer.jwks.endpoint.refresh.ms = 3600000
	sasl.oauthbearer.jwks.endpoint.retry.backoff.max.ms = 10000
	sasl.oauthbearer.jwks.endpoint.retry.backoff.ms = 100
	sasl.oauthbearer.jwks.endpoint.url = null
	sasl.oauthbearer.scope.claim.name = scope
	sasl.oauthbearer.sub.claim.name = sub
	sasl.oauthbearer.token.endpoint.url = null
	security.protocol = PLAINTEXT
	security.providers = null
	send.buffer.bytes = 131072
	session.timeout.ms = 45000
	socket.connection.setup.timeout.max.ms = 30000
	socket.connection.setup.timeout.ms = 10000
	ssl.cipher.suites = null
	ssl.enabled.protocols = [TLSv1.2, TLSv1.3]
	ssl.endpoint.identification.algorithm = https
	ssl.engine.factory.class = null
	ssl.key.password = null
	ssl.keymanager.algorithm = SunX509
	ssl.keystore.certificate.chain = null
	ssl.keystore.key = null
	ssl.keystore.location = null
	ssl.keystore.password = null
	ssl.keystore.type = JKS
	ssl.protocol = TLSv1.3
	ssl.provider = null
	ssl.secure.random.implementation = null
	ssl.trustmanager.algorithm = PKIX
	ssl.truststore.certificates = null
	ssl.truststore.location = null
	ssl.truststore.password = null
	ssl.truststore.type = JKS
	value.deserializer = class io.apicurio.registry.serde.avro.AvroKafkaDeserializer

2025-08-06 18:59:34,431 INFO  [org.apa.kaf.com.tel.int.KafkaMetricsCollector] (main) initializing Kafka metrics collector
2025-08-06 18:59:34,440 INFO  [org.apa.kaf.cli.con.ConsumerConfig] (main) These configurations '[apicurio.registry.url, apicurio.registry.avro-datum-provider]' were supplied but are not used yet.
2025-08-06 18:59:34,441 INFO  [org.apa.kaf.com.uti.AppInfoParser] (main) Kafka version: 3.9.1
2025-08-06 18:59:34,441 INFO  [org.apa.kaf.com.uti.AppInfoParser] (main) Kafka commitId: f745dfdcee2b9851
2025-08-06 18:59:34,441 INFO  [org.apa.kaf.com.uti.AppInfoParser] (main) Kafka startTimeMs: 1754506774441
2025-08-06 18:59:34,441 INFO  [org.apa.kaf.cli.con.int.ClassicKafkaConsumer] (Thread-636) [Consumer clientId=consumer-Consumer-topic-58c5001a_e6a0_40f9_8ed7_d23f7bfeba96-6, groupId=Consumer-topic-58c5001a_e6a0_40f9_8ed7_d23f7bfeba96] Subscribed to topic(s): topic-58c5001a_e6a0_40f9_8ed7_d23f7bfeba96
2025-08-06 18:59:34,452 INFO  [org.apa.kaf.cli.Metadata] (Thread-636) [Consumer clientId=consumer-Consumer-topic-58c5001a_e6a0_40f9_8ed7_d23f7bfeba96-6, groupId=Consumer-topic-58c5001a_e6a0_40f9_8ed7_d23f7bfeba96] Cluster ID: T8p0IQFNTYSHGQR6rr1wVQ
2025-08-06 18:59:34,456 INFO  [org.apa.kaf.cli.con.int.ConsumerCoordinator] (Thread-636) [Consumer clientId=consumer-Consumer-topic-58c5001a_e6a0_40f9_8ed7_d23f7bfeba96-6, groupId=Consumer-topic-58c5001a_e6a0_40f9_8ed7_d23f7bfeba96] Discovered group coordinator localhost:32769 (id: 2147483647 rack: null)
2025-08-06 18:59:34,460 INFO  [org.apa.kaf.cli.con.int.ConsumerCoordinator] (Thread-636) [Consumer clientId=consumer-Consumer-topic-58c5001a_e6a0_40f9_8ed7_d23f7bfeba96-6, groupId=Consumer-topic-58c5001a_e6a0_40f9_8ed7_d23f7bfeba96] (Re-)joining group
2025-08-06 18:59:34,465 INFO  [org.apa.kaf.cli.con.int.ConsumerCoordinator] (Thread-636) [Consumer clientId=consumer-Consumer-topic-58c5001a_e6a0_40f9_8ed7_d23f7bfeba96-6, groupId=Consumer-topic-58c5001a_e6a0_40f9_8ed7_d23f7bfeba96] Request joining group due to: need to re-join with the given member-id: consumer-Consumer-topic-58c5001a_e6a0_40f9_8ed7_d23f7bfeba96-6-ecdae36a-3d7a-4fa6-a8b4-91add2cc21ae
2025-08-06 18:59:34,465 INFO  [org.apa.kaf.cli.con.int.ConsumerCoordinator] (Thread-636) [Consumer clientId=consumer-Consumer-topic-58c5001a_e6a0_40f9_8ed7_d23f7bfeba96-6, groupId=Consumer-topic-58c5001a_e6a0_40f9_8ed7_d23f7bfeba96] (Re-)joining group
2025-08-06 18:59:35,441 INFO  [io.api.tes.ser.api.KafkaSerdesTester] (Thread-636) None found
2025-08-06 18:59:36,442 INFO  [io.api.tes.ser.api.KafkaSerdesTester] (Thread-636) None found
2025-08-06 18:59:37,443 INFO  [io.api.tes.ser.api.KafkaSerdesTester] (Thread-636) None found
2025-08-06 18:59:37,471 INFO  [org.apa.kaf.cli.con.int.ConsumerCoordinator] (Thread-636) [Consumer clientId=consumer-Consumer-topic-58c5001a_e6a0_40f9_8ed7_d23f7bfeba96-6, groupId=Consumer-topic-58c5001a_e6a0_40f9_8ed7_d23f7bfeba96] Successfully joined group with generation Generation{generationId=1, memberId='consumer-Consumer-topic-58c5001a_e6a0_40f9_8ed7_d23f7bfeba96-6-ecdae36a-3d7a-4fa6-a8b4-91add2cc21ae', protocol='range'}
2025-08-06 18:59:37,472 INFO  [org.apa.kaf.cli.con.int.ConsumerCoordinator] (Thread-636) [Consumer clientId=consumer-Consumer-topic-58c5001a_e6a0_40f9_8ed7_d23f7bfeba96-6, groupId=Consumer-topic-58c5001a_e6a0_40f9_8ed7_d23f7bfeba96] Finished assignment for group at generation 1: {consumer-Consumer-topic-58c5001a_e6a0_40f9_8ed7_d23f7bfeba96-6-ecdae36a-3d7a-4fa6-a8b4-91add2cc21ae=Assignment(partitions=[topic-58c5001a_e6a0_40f9_8ed7_d23f7bfeba96-0])}
2025-08-06 18:59:37,480 INFO  [org.apa.kaf.cli.con.int.ConsumerCoordinator] (Thread-636) [Consumer clientId=consumer-Consumer-topic-58c5001a_e6a0_40f9_8ed7_d23f7bfeba96-6, groupId=Consumer-topic-58c5001a_e6a0_40f9_8ed7_d23f7bfeba96] Successfully synced group in generation Generation{generationId=1, memberId='consumer-Consumer-topic-58c5001a_e6a0_40f9_8ed7_d23f7bfeba96-6-ecdae36a-3d7a-4fa6-a8b4-91add2cc21ae', protocol='range'}
2025-08-06 18:59:37,481 INFO  [org.apa.kaf.cli.con.int.ConsumerCoordinator] (Thread-636) [Consumer clientId=consumer-Consumer-topic-58c5001a_e6a0_40f9_8ed7_d23f7bfeba96-6, groupId=Consumer-topic-58c5001a_e6a0_40f9_8ed7_d23f7bfeba96] Notifying assignor about the new Assignment(partitions=[topic-58c5001a_e6a0_40f9_8ed7_d23f7bfeba96-0])
2025-08-06 18:59:37,481 INFO  [org.apa.kaf.cli.con.int.ConsumerRebalanceListenerInvoker] (Thread-636) [Consumer clientId=consumer-Consumer-topic-58c5001a_e6a0_40f9_8ed7_d23f7bfeba96-6, groupId=Consumer-topic-58c5001a_e6a0_40f9_8ed7_d23f7bfeba96] Adding newly assigned partitions: topic-58c5001a_e6a0_40f9_8ed7_d23f7bfeba96-0
2025-08-06 18:59:37,484 INFO  [org.apa.kaf.cli.con.int.ConsumerCoordinator] (Thread-636) [Consumer clientId=consumer-Consumer-topic-58c5001a_e6a0_40f9_8ed7_d23f7bfeba96-6, groupId=Consumer-topic-58c5001a_e6a0_40f9_8ed7_d23f7bfeba96] Found no committed offset for partition topic-58c5001a_e6a0_40f9_8ed7_d23f7bfeba96-0
2025-08-06 18:59:37,488 INFO  [org.apa.kaf.cli.con.int.SubscriptionState] (Thread-636) [Consumer clientId=consumer-Consumer-topic-58c5001a_e6a0_40f9_8ed7_d23f7bfeba96-6, groupId=Consumer-topic-58c5001a_e6a0_40f9_8ed7_d23f7bfeba96] Resetting offset for partition topic-58c5001a_e6a0_40f9_8ed7_d23f7bfeba96-0 to position FetchPosition{offset=0, offsetEpoch=Optional.empty, currentLeader=LeaderAndEpoch{leader=Optional[localhost:32769 (id: 0 rack: null)], epoch=0}}.
2025-08-06 18:59:37,530 INFO  [io.api.tes.ser.api.KafkaSerdesTester] (Thread-636) topic-58c5001a_e6a0_40f9_8ed7_d23f7bfeba96 0 0 io.apicurio.tests.common.serdes.TestObject@3dbd29cb
2025-08-06 18:59:37,530 INFO  [io.api.tes.ser.api.KafkaSerdesTester] (Thread-636) topic-58c5001a_e6a0_40f9_8ed7_d23f7bfeba96 0 1 io.apicurio.tests.common.serdes.TestObject@3dbd29cb
2025-08-06 18:59:37,530 INFO  [io.api.tes.ser.api.KafkaSerdesTester] (Thread-636) topic-58c5001a_e6a0_40f9_8ed7_d23f7bfeba96 0 2 io.apicurio.tests.common.serdes.TestObject@3dbd29cb
2025-08-06 18:59:37,530 INFO  [io.api.tes.ser.api.KafkaSerdesTester] (Thread-636) topic-58c5001a_e6a0_40f9_8ed7_d23f7bfeba96 0 3 io.apicurio.tests.common.serdes.TestObject@3dbd29cb
2025-08-06 18:59:37,531 INFO  [io.api.tes.ser.api.KafkaSerdesTester] (Thread-636) topic-58c5001a_e6a0_40f9_8ed7_d23f7bfeba96 0 4 io.apicurio.tests.common.serdes.TestObject@3dbd29cb
2025-08-06 18:59:37,531 INFO  [io.api.tes.ser.api.KafkaSerdesTester] (Thread-636) topic-58c5001a_e6a0_40f9_8ed7_d23f7bfeba96 0 5 io.apicurio.tests.common.serdes.TestObject@3dbd29cb
2025-08-06 18:59:37,531 INFO  [io.api.tes.ser.api.KafkaSerdesTester] (Thread-636) topic-58c5001a_e6a0_40f9_8ed7_d23f7bfeba96 0 6 io.apicurio.tests.common.serdes.TestObject@3dbd29cb
2025-08-06 18:59:37,531 INFO  [io.api.tes.ser.api.KafkaSerdesTester] (Thread-636) topic-58c5001a_e6a0_40f9_8ed7_d23f7bfeba96 0 7 io.apicurio.tests.common.serdes.TestObject@3dbd29cb
2025-08-06 18:59:37,531 INFO  [io.api.tes.ser.api.KafkaSerdesTester] (Thread-636) topic-58c5001a_e6a0_40f9_8ed7_d23f7bfeba96 0 8 io.apicurio.tests.common.serdes.TestObject@3dbd29cb
2025-08-06 18:59:37,531 INFO  [io.api.tes.ser.api.KafkaSerdesTester] (Thread-636) topic-58c5001a_e6a0_40f9_8ed7_d23f7bfeba96 0 9 io.apicurio.tests.common.serdes.TestObject@3dbd29cb
2025-08-06 18:59:37,531 INFO  [io.api.tes.ser.api.KafkaSerdesTester] (Thread-636) Consumed 10 messages
2025-08-06 18:59:37,540 INFO  [org.apa.kaf.cli.con.int.ConsumerRebalanceListenerInvoker] (Thread-636) [Consumer clientId=consumer-Consumer-topic-58c5001a_e6a0_40f9_8ed7_d23f7bfeba96-6, groupId=Consumer-topic-58c5001a_e6a0_40f9_8ed7_d23f7bfeba96] Revoke previously assigned partitions topic-58c5001a_e6a0_40f9_8ed7_d23f7bfeba96-0
2025-08-06 18:59:37,540 INFO  [org.apa.kaf.cli.con.int.ConsumerCoordinator] (Thread-636) [Consumer clientId=consumer-Consumer-topic-58c5001a_e6a0_40f9_8ed7_d23f7bfeba96-6, groupId=Consumer-topic-58c5001a_e6a0_40f9_8ed7_d23f7bfeba96] Member consumer-Consumer-topic-58c5001a_e6a0_40f9_8ed7_d23f7bfeba96-6-ecdae36a-3d7a-4fa6-a8b4-91add2cc21ae sending LeaveGroup request to coordinator localhost:32769 (id: 2147483647 rack: null) due to the consumer is being closed
2025-08-06 18:59:37,540 INFO  [org.apa.kaf.cli.con.int.ConsumerCoordinator] (Thread-636) [Consumer clientId=consumer-Consumer-topic-58c5001a_e6a0_40f9_8ed7_d23f7bfeba96-6, groupId=Consumer-topic-58c5001a_e6a0_40f9_8ed7_d23f7bfeba96] Resetting generation and member id due to: consumer pro-actively leaving the group
2025-08-06 18:59:37,540 INFO  [org.apa.kaf.cli.con.int.ConsumerCoordinator] (Thread-636) [Consumer clientId=consumer-Consumer-topic-58c5001a_e6a0_40f9_8ed7_d23f7bfeba96-6, groupId=Consumer-topic-58c5001a_e6a0_40f9_8ed7_d23f7bfeba96] Request joining group due to: consumer pro-actively leaving the group
2025-08-06 18:59:38,036 INFO  [org.apa.kaf.com.met.Metrics] (Thread-636) Metrics scheduler closed
2025-08-06 18:59:38,036 INFO  [org.apa.kaf.com.met.Metrics] (Thread-636) Closing reporter org.apache.kafka.common.metrics.JmxReporter
2025-08-06 18:59:38,036 INFO  [org.apa.kaf.com.met.Metrics] (Thread-636) Closing reporter org.apache.kafka.common.telemetry.internals.ClientTelemetryReporter
2025-08-06 18:59:38,036 INFO  [org.apa.kaf.com.met.Metrics] (Thread-636) Metrics reporters closed
2025-08-06 18:59:38,039 INFO  [org.apa.kaf.com.uti.AppInfoParser] (Thread-636) App info kafka.consumer for consumer-Consumer-topic-58c5001a_e6a0_40f9_8ed7_d23f7bfeba96-6 unregistered
2025-08-06 18:59:38,041 INFO  [io.api.tes.uti.TestSeparator] (main) io.apicurio.tests.serdes.apicurio.AvroSerdeIT.testReflectAutoRegister-FINISHED
2025-08-06 18:59:38,041 INFO  [io.api.tes.uti.TestSeparator] (main) ############################################################################
Test passed: testReflectAutoRegister
]]></system-out>
  </testcase>
  <testcase name="testArtifactNotFound" classname="io.apicurio.tests.serdes.apicurio.AvroSerdeIT" time="0.199">
    <system-out><![CDATA[2025-08-06 18:59:38,045 INFO  [io.api.tes.uti.TestSeparator] (main) ############################################################################
2025-08-06 18:59:38,045 INFO  [io.api.tes.uti.TestSeparator] (main) io.apicurio.tests.serdes.apicurio.AvroSerdeIT.testArtifactNotFound-STARTED
**** Registry Base URL: http://registry-app-ksql043.apps.ci419.apicurio-testing.org:80
2025-08-06 18:59:38,050 INFO  [org.apa.kaf.cli.pro.ProducerConfig] (main) ProducerConfig values: 
	acks = -1
	auto.include.jmx.reporter = true
	batch.size = 16384
	bootstrap.servers = [PLAINTEXT://localhost:32769]
	buffer.memory = 33554432
	client.dns.lookup = use_all_dns_ips
	client.id = Producer-sf931bbfcxa604x4099x9908x121650962a07
	compression.gzip.level = -1
	compression.lz4.level = 9
	compression.type = none
	compression.zstd.level = 3
	connections.max.idle.ms = 10000
	delivery.timeout.ms = 120000
	enable.idempotence = true
	enable.metrics.push = true
	interceptor.classes = []
	key.serializer = class org.apache.kafka.common.serialization.StringSerializer
	linger.ms = 0
	max.block.ms = 60000
	max.in.flight.requests.per.connection = 5
	max.request.size = 1048576
	metadata.max.age.ms = 300000
	metadata.max.idle.ms = 300000
	metadata.recovery.strategy = none
	metric.reporters = []
	metrics.num.samples = 2
	metrics.recording.level = INFO
	metrics.sample.window.ms = 30000
	partitioner.adaptive.partitioning.enable = true
	partitioner.availability.timeout.ms = 0
	partitioner.class = null
	partitioner.ignore.keys = false
	receive.buffer.bytes = 32768
	reconnect.backoff.max.ms = 1000
	reconnect.backoff.ms = 50
	request.timeout.ms = 5000
	retries = 2147483647
	retry.backoff.max.ms = 1000
	retry.backoff.ms = 100
	sasl.client.callback.handler.class = null
	sasl.jaas.config = null
	sasl.kerberos.kinit.cmd = /usr/bin/kinit
	sasl.kerberos.min.time.before.relogin = 60000
	sasl.kerberos.service.name = null
	sasl.kerberos.ticket.renew.jitter = 0.05
	sasl.kerberos.ticket.renew.window.factor = 0.8
	sasl.login.callback.handler.class = null
	sasl.login.class = null
	sasl.login.connect.timeout.ms = null
	sasl.login.read.timeout.ms = null
	sasl.login.refresh.buffer.seconds = 300
	sasl.login.refresh.min.period.seconds = 60
	sasl.login.refresh.window.factor = 0.8
	sasl.login.refresh.window.jitter = 0.05
	sasl.login.retry.backoff.max.ms = 10000
	sasl.login.retry.backoff.ms = 100
	sasl.mechanism = GSSAPI
	sasl.oauthbearer.clock.skew.seconds = 30
	sasl.oauthbearer.expected.audience = null
	sasl.oauthbearer.expected.issuer = null
	sasl.oauthbearer.header.urlencode = false
	sasl.oauthbearer.jwks.endpoint.refresh.ms = 3600000
	sasl.oauthbearer.jwks.endpoint.retry.backoff.max.ms = 10000
	sasl.oauthbearer.jwks.endpoint.retry.backoff.ms = 100
	sasl.oauthbearer.jwks.endpoint.url = null
	sasl.oauthbearer.scope.claim.name = scope
	sasl.oauthbearer.sub.claim.name = sub
	sasl.oauthbearer.token.endpoint.url = null
	security.protocol = PLAINTEXT
	security.providers = null
	send.buffer.bytes = 131072
	socket.connection.setup.timeout.max.ms = 30000
	socket.connection.setup.timeout.ms = 10000
	ssl.cipher.suites = null
	ssl.enabled.protocols = [TLSv1.2, TLSv1.3]
	ssl.endpoint.identification.algorithm = https
	ssl.engine.factory.class = null
	ssl.key.password = null
	ssl.keymanager.algorithm = SunX509
	ssl.keystore.certificate.chain = null
	ssl.keystore.key = null
	ssl.keystore.location = null
	ssl.keystore.password = null
	ssl.keystore.type = JKS
	ssl.protocol = TLSv1.3
	ssl.provider = null
	ssl.secure.random.implementation = null
	ssl.trustmanager.algorithm = PKIX
	ssl.truststore.certificates = null
	ssl.truststore.location = null
	ssl.truststore.password = null
	ssl.truststore.type = JKS
	transaction.timeout.ms = 60000
	transactional.id = null
	value.serializer = class io.apicurio.registry.serde.avro.AvroKafkaSerializer

2025-08-06 18:59:38,051 INFO  [org.apa.kaf.com.tel.int.KafkaMetricsCollector] (main) initializing Kafka metrics collector
2025-08-06 18:59:38,060 INFO  [org.apa.kaf.cli.pro.KafkaProducer] (main) [Producer clientId=Producer-sf931bbfcxa604x4099x9908x121650962a07] Instantiated an idempotent producer.
2025-08-06 18:59:38,064 INFO  [org.apa.kaf.cli.pro.ProducerConfig] (main) These configurations '[apicurio.registry.url, apicurio.registry.artifact-resolver-strategy]' were supplied but are not used yet.
2025-08-06 18:59:38,064 INFO  [org.apa.kaf.com.uti.AppInfoParser] (main) Kafka version: 3.9.1
2025-08-06 18:59:38,064 INFO  [org.apa.kaf.com.uti.AppInfoParser] (main) Kafka commitId: f745dfdcee2b9851
2025-08-06 18:59:38,064 INFO  [org.apa.kaf.com.uti.AppInfoParser] (main) Kafka startTimeMs: 1754506778064
2025-08-06 18:59:38,065 INFO  [io.api.tes.ser.api.KafkaSerdesTester] (Thread-639) Sending message {"keyB": "value-0"} to topic sf931bbfcxa604x4099x9908x121650962a07
2025-08-06 18:59:38,070 WARN  [org.apa.kaf.cli.NetworkClient] (kafka-producer-network-thread | Producer-sf931bbfcxa604x4099x9908x121650962a07) [Producer clientId=Producer-sf931bbfcxa604x4099x9908x121650962a07] The metadata response from the cluster reported a recoverable issue with correlation id 1 : {sf931bbfcxa604x4099x9908x121650962a07=UNKNOWN_TOPIC_OR_PARTITION}
2025-08-06 18:59:38,071 INFO  [org.apa.kaf.cli.Metadata] (kafka-producer-network-thread | Producer-sf931bbfcxa604x4099x9908x121650962a07) [Producer clientId=Producer-sf931bbfcxa604x4099x9908x121650962a07] Cluster ID: T8p0IQFNTYSHGQR6rr1wVQ
2025-08-06 18:59:38,071 INFO  [org.apa.kaf.cli.pro.int.TransactionManager] (kafka-producer-network-thread | Producer-sf931bbfcxa604x4099x9908x121650962a07) [Producer clientId=Producer-sf931bbfcxa604x4099x9908x121650962a07] ProducerId set to 7 with epoch 0
2025-08-06 18:59:38,197 INFO  [DefaultSchemaResolver] (Thread-639) Retrieving schema content using string: {"type":"record","name":"myrecord","namespace":"mygroup","fields":[{"name":"keyB","type":"string"}]}
2025-08-06 18:59:38,237 INFO  [org.apa.kaf.cli.pro.KafkaProducer] (Thread-639) [Producer clientId=Producer-sf931bbfcxa604x4099x9908x121650962a07] Closing the Kafka producer with timeoutMillis = 9223372036854775807 ms.
2025-08-06 18:59:38,242 INFO  [org.apa.kaf.com.met.Metrics] (Thread-639) Metrics scheduler closed
2025-08-06 18:59:38,242 INFO  [org.apa.kaf.com.met.Metrics] (Thread-639) Closing reporter org.apache.kafka.common.metrics.JmxReporter
2025-08-06 18:59:38,242 INFO  [org.apa.kaf.com.met.Metrics] (Thread-639) Closing reporter org.apache.kafka.common.telemetry.internals.ClientTelemetryReporter
2025-08-06 18:59:38,242 INFO  [org.apa.kaf.com.met.Metrics] (Thread-639) Metrics reporters closed
2025-08-06 18:59:38,242 INFO  [org.apa.kaf.com.uti.AppInfoParser] (Thread-639) App info kafka.producer for Producer-sf931bbfcxa604x4099x9908x121650962a07 unregistered
2025-08-06 18:59:38,243 INFO  [io.api.tes.uti.TestSeparator] (main) io.apicurio.tests.serdes.apicurio.AvroSerdeIT.testArtifactNotFound-FINISHED
2025-08-06 18:59:38,243 INFO  [io.api.tes.uti.TestSeparator] (main) ############################################################################
Test passed: testArtifactNotFound
]]></system-out>
    <system-err><![CDATA[java.lang.RuntimeException: Could not resolve artifact reference by content: {"type":"record","name":"myrecord","namespace":"mygroup","fields":[{"name":"keyB","type":"string"}]}&ArtifactReference [groupId=default, artifactId=sf931bbfcxa604x4099x9908x121650962a07-value, version=null, globalId=null, contentId=null, contentHash=null]
	at io.apicurio.registry.resolver.DefaultSchemaResolver.lambda$handleResolveSchemaByContent$3(DefaultSchemaResolver.java:265)
	at io.apicurio.registry.resolver.cache.ERCache.lambda$getValue$0(ERCache.java:174)
	at io.apicurio.registry.resolver.cache.ERCache.retry(ERCache.java:227)
	at io.apicurio.registry.resolver.cache.ERCache.getValue(ERCache.java:173)
	at io.apicurio.registry.resolver.cache.ERCache.getByContent(ERCache.java:147)
	at io.apicurio.registry.resolver.DefaultSchemaResolver.handleResolveSchemaByContent(DefaultSchemaResolver.java:253)
	at io.apicurio.registry.resolver.DefaultSchemaResolver.getSchemaFromRegistry(DefaultSchemaResolver.java:138)
	at io.apicurio.registry.resolver.DefaultSchemaResolver.lambda$resolveSchema$0(DefaultSchemaResolver.java:84)
	at java.base/java.util.Optional.orElseGet(Optional.java:364)
	at io.apicurio.registry.resolver.DefaultSchemaResolver.resolveSchema(DefaultSchemaResolver.java:84)
	at io.apicurio.registry.serde.AbstractSerializer.serializeData(AbstractSerializer.java:62)
	at io.apicurio.registry.serde.KafkaSerializer.serialize(KafkaSerializer.java:77)
	at org.apache.kafka.clients.producer.KafkaProducer.doSend(KafkaProducer.java:1046)
	at org.apache.kafka.clients.producer.KafkaProducer.send(KafkaProducer.java:993)
	at org.apache.kafka.clients.producer.KafkaProducer.send(KafkaProducer.java:875)
	at io.apicurio.tests.serdes.apicurio.KafkaSerdesTester.lambda$produceMessages$3(KafkaSerdesTester.java:138)
	at java.base/java.util.concurrent.CompletableFuture$AsyncSupply.run(CompletableFuture.java:1768)
	at java.base/java.lang.Thread.run(Thread.java:840)
]]></system-err>
  </testcase>
  <testcase name="testAvroSerDesFailDifferentSchemaByRecordName" classname="io.apicurio.tests.serdes.apicurio.AvroSerdeIT" time="1.12">
    <system-out><![CDATA[2025-08-06 18:59:38,247 INFO  [io.api.tes.uti.TestSeparator] (main) ############################################################################
2025-08-06 18:59:38,247 INFO  [io.api.tes.uti.TestSeparator] (main) io.apicurio.tests.serdes.apicurio.AvroSerdeIT.testAvroSerDesFailDifferentSchemaByRecordName-STARTED
**** Registry Base URL: http://registry-app-ksql043.apps.ci419.apicurio-testing.org:80
2025-08-06 18:59:39,323 INFO  [org.apa.kaf.cli.pro.ProducerConfig] (main) ProducerConfig values: 
	acks = -1
	auto.include.jmx.reporter = true
	batch.size = 16384
	bootstrap.servers = [PLAINTEXT://localhost:32769]
	buffer.memory = 33554432
	client.dns.lookup = use_all_dns_ips
	client.id = Producer-topic-5a0e22fb_2229_49ed_9248_590cef6518ea
	compression.gzip.level = -1
	compression.lz4.level = 9
	compression.type = none
	compression.zstd.level = 3
	connections.max.idle.ms = 10000
	delivery.timeout.ms = 120000
	enable.idempotence = true
	enable.metrics.push = true
	interceptor.classes = []
	key.serializer = class org.apache.kafka.common.serialization.StringSerializer
	linger.ms = 0
	max.block.ms = 60000
	max.in.flight.requests.per.connection = 5
	max.request.size = 1048576
	metadata.max.age.ms = 300000
	metadata.max.idle.ms = 300000
	metadata.recovery.strategy = none
	metric.reporters = []
	metrics.num.samples = 2
	metrics.recording.level = INFO
	metrics.sample.window.ms = 30000
	partitioner.adaptive.partitioning.enable = true
	partitioner.availability.timeout.ms = 0
	partitioner.class = null
	partitioner.ignore.keys = false
	receive.buffer.bytes = 32768
	reconnect.backoff.max.ms = 1000
	reconnect.backoff.ms = 50
	request.timeout.ms = 5000
	retries = 2147483647
	retry.backoff.max.ms = 1000
	retry.backoff.ms = 100
	sasl.client.callback.handler.class = null
	sasl.jaas.config = null
	sasl.kerberos.kinit.cmd = /usr/bin/kinit
	sasl.kerberos.min.time.before.relogin = 60000
	sasl.kerberos.service.name = null
	sasl.kerberos.ticket.renew.jitter = 0.05
	sasl.kerberos.ticket.renew.window.factor = 0.8
	sasl.login.callback.handler.class = null
	sasl.login.class = null
	sasl.login.connect.timeout.ms = null
	sasl.login.read.timeout.ms = null
	sasl.login.refresh.buffer.seconds = 300
	sasl.login.refresh.min.period.seconds = 60
	sasl.login.refresh.window.factor = 0.8
	sasl.login.refresh.window.jitter = 0.05
	sasl.login.retry.backoff.max.ms = 10000
	sasl.login.retry.backoff.ms = 100
	sasl.mechanism = GSSAPI
	sasl.oauthbearer.clock.skew.seconds = 30
	sasl.oauthbearer.expected.audience = null
	sasl.oauthbearer.expected.issuer = null
	sasl.oauthbearer.header.urlencode = false
	sasl.oauthbearer.jwks.endpoint.refresh.ms = 3600000
	sasl.oauthbearer.jwks.endpoint.retry.backoff.max.ms = 10000
	sasl.oauthbearer.jwks.endpoint.retry.backoff.ms = 100
	sasl.oauthbearer.jwks.endpoint.url = null
	sasl.oauthbearer.scope.claim.name = scope
	sasl.oauthbearer.sub.claim.name = sub
	sasl.oauthbearer.token.endpoint.url = null
	security.protocol = PLAINTEXT
	security.providers = null
	send.buffer.bytes = 131072
	socket.connection.setup.timeout.max.ms = 30000
	socket.connection.setup.timeout.ms = 10000
	ssl.cipher.suites = null
	ssl.enabled.protocols = [TLSv1.2, TLSv1.3]
	ssl.endpoint.identification.algorithm = https
	ssl.engine.factory.class = null
	ssl.key.password = null
	ssl.keymanager.algorithm = SunX509
	ssl.keystore.certificate.chain = null
	ssl.keystore.key = null
	ssl.keystore.location = null
	ssl.keystore.password = null
	ssl.keystore.type = JKS
	ssl.protocol = TLSv1.3
	ssl.provider = null
	ssl.secure.random.implementation = null
	ssl.trustmanager.algorithm = PKIX
	ssl.truststore.certificates = null
	ssl.truststore.location = null
	ssl.truststore.password = null
	ssl.truststore.type = JKS
	transaction.timeout.ms = 60000
	transactional.id = null
	value.serializer = class io.apicurio.registry.serde.avro.AvroKafkaSerializer

2025-08-06 18:59:39,323 INFO  [org.apa.kaf.com.tel.int.KafkaMetricsCollector] (main) initializing Kafka metrics collector
2025-08-06 18:59:39,328 INFO  [org.apa.kaf.cli.pro.KafkaProducer] (main) [Producer clientId=Producer-topic-5a0e22fb_2229_49ed_9248_590cef6518ea] Instantiated an idempotent producer.
2025-08-06 18:59:39,331 INFO  [org.apa.kaf.cli.pro.ProducerConfig] (main) These configurations '[apicurio.registry.find-latest, apicurio.registry.url, apicurio.registry.artifact-resolver-strategy]' were supplied but are not used yet.
2025-08-06 18:59:39,331 INFO  [org.apa.kaf.com.uti.AppInfoParser] (main) Kafka version: 3.9.1
2025-08-06 18:59:39,331 INFO  [org.apa.kaf.com.uti.AppInfoParser] (main) Kafka commitId: f745dfdcee2b9851
2025-08-06 18:59:39,331 INFO  [org.apa.kaf.com.uti.AppInfoParser] (main) Kafka startTimeMs: 1754506779331
2025-08-06 18:59:39,334 INFO  [io.api.tes.ser.api.KafkaSerdesTester] (Thread-642) Sending message {"keyB": "value-0"} to topic topic-5a0e22fb_2229_49ed_9248_590cef6518ea
2025-08-06 18:59:39,339 INFO  [org.apa.kaf.cli.Metadata] (kafka-producer-network-thread | Producer-topic-5a0e22fb_2229_49ed_9248_590cef6518ea) [Producer clientId=Producer-topic-5a0e22fb_2229_49ed_9248_590cef6518ea] Cluster ID: T8p0IQFNTYSHGQR6rr1wVQ
2025-08-06 18:59:39,340 INFO  [org.apa.kaf.cli.pro.int.TransactionManager] (kafka-producer-network-thread | Producer-topic-5a0e22fb_2229_49ed_9248_590cef6518ea) [Producer clientId=Producer-topic-5a0e22fb_2229_49ed_9248_590cef6518ea] ProducerId set to 8 with epoch 0
2025-08-06 18:59:39,360 INFO  [org.apa.kaf.cli.pro.KafkaProducer] (Thread-642) [Producer clientId=Producer-topic-5a0e22fb_2229_49ed_9248_590cef6518ea] Closing the Kafka producer with timeoutMillis = 9223372036854775807 ms.
2025-08-06 18:59:39,362 INFO  [org.apa.kaf.com.met.Metrics] (Thread-642) Metrics scheduler closed
2025-08-06 18:59:39,362 INFO  [org.apa.kaf.com.met.Metrics] (Thread-642) Closing reporter org.apache.kafka.common.metrics.JmxReporter
2025-08-06 18:59:39,362 INFO  [org.apa.kaf.com.met.Metrics] (Thread-642) Closing reporter org.apache.kafka.common.telemetry.internals.ClientTelemetryReporter
2025-08-06 18:59:39,362 INFO  [org.apa.kaf.com.met.Metrics] (Thread-642) Metrics reporters closed
2025-08-06 18:59:39,363 INFO  [org.apa.kaf.com.uti.AppInfoParser] (Thread-642) App info kafka.producer for Producer-topic-5a0e22fb_2229_49ed_9248_590cef6518ea unregistered
2025-08-06 18:59:39,364 INFO  [io.api.tes.uti.TestSeparator] (main) io.apicurio.tests.serdes.apicurio.AvroSerdeIT.testAvroSerDesFailDifferentSchemaByRecordName-FINISHED
2025-08-06 18:59:39,364 INFO  [io.api.tes.uti.TestSeparator] (main) ############################################################################
Test passed: testAvroSerDesFailDifferentSchemaByRecordName
]]></system-out>
    <system-err><![CDATA[io.apicurio.registry.rest.client.models.ProblemDetails
	at io.apicurio.registry.rest.client.models.ProblemDetails.createFromDiscriminatorValue(ProblemDetails.java:58)
	at io.kiota.serialization.json.JsonParseNode.getObjectValue(JsonParseNode.java:247)
	at io.kiota.http.vertx.VertXRequestAdapter.lambda$throwIfFailedResponse$0(VertXRequestAdapter.java:400)
	at com.microsoft.kiota.ApiExceptionBuilder.<init>(ApiExceptionBuilder.java:26)
	at io.kiota.http.vertx.VertXRequestAdapter.throwIfFailedResponse(VertXRequestAdapter.java:399)
	at io.kiota.http.vertx.VertXRequestAdapter.send(VertXRequestAdapter.java:170)
	at io.apicurio.registry.rest.client.groups.item.artifacts.item.versions.item.WithVersionExpressionItemRequestBuilder.get(WithVersionExpressionItemRequestBuilder.java:128)
	at io.apicurio.registry.rest.client.groups.item.artifacts.item.versions.item.WithVersionExpressionItemRequestBuilder.get(WithVersionExpressionItemRequestBuilder.java:111)
	at io.apicurio.registry.resolver.client.RegistryClientFacadeImpl.getVersionCoordinatesByGAV(RegistryClientFacadeImpl.java:159)
	at io.apicurio.registry.resolver.DefaultSchemaResolver.resolveByCoordinates(DefaultSchemaResolver.java:352)
	at io.apicurio.registry.resolver.DefaultSchemaResolver.lambda$resolveSchemaByArtifactReferenceCached$6(DefaultSchemaResolver.java:340)
	at io.apicurio.registry.resolver.cache.ERCache.lambda$getValue$0(ERCache.java:174)
	at io.apicurio.registry.resolver.cache.ERCache.retry(ERCache.java:227)
	at io.apicurio.registry.resolver.cache.ERCache.getValue(ERCache.java:173)
	at io.apicurio.registry.resolver.cache.ERCache.getByArtifactCoordinates(ERCache.java:158)
	at io.apicurio.registry.resolver.DefaultSchemaResolver.resolveSchemaByArtifactReferenceCached(DefaultSchemaResolver.java:338)
	at io.apicurio.registry.resolver.DefaultSchemaResolver.resolveSchemaByCoordinates(DefaultSchemaResolver.java:193)
	at io.apicurio.registry.resolver.DefaultSchemaResolver.getSchemaFromRegistry(DefaultSchemaResolver.java:130)
	at io.apicurio.registry.resolver.DefaultSchemaResolver.lambda$resolveSchema$0(DefaultSchemaResolver.java:84)
	at java.base/java.util.Optional.orElseGet(Optional.java:364)
	at io.apicurio.registry.resolver.DefaultSchemaResolver.resolveSchema(DefaultSchemaResolver.java:84)
	at io.apicurio.registry.serde.AbstractSerializer.serializeData(AbstractSerializer.java:62)
	at io.apicurio.registry.serde.KafkaSerializer.serialize(KafkaSerializer.java:77)
	at org.apache.kafka.clients.producer.KafkaProducer.doSend(KafkaProducer.java:1046)
	at org.apache.kafka.clients.producer.KafkaProducer.send(KafkaProducer.java:993)
	at org.apache.kafka.clients.producer.KafkaProducer.send(KafkaProducer.java:875)
	at io.apicurio.tests.serdes.apicurio.KafkaSerdesTester.lambda$produceMessages$3(KafkaSerdesTester.java:138)
	at java.base/java.util.concurrent.CompletableFuture$AsyncSupply.run(CompletableFuture.java:1768)
	at java.base/java.lang.Thread.run(Thread.java:840)
]]></system-err>
  </testcase>
  <testcase name="testTopicIdStrategyFindLatest" classname="io.apicurio.tests.serdes.apicurio.AvroSerdeIT" time="4.793">
    <system-out><![CDATA[2025-08-06 18:59:39,367 INFO  [io.api.tes.uti.TestSeparator] (main) ############################################################################
2025-08-06 18:59:39,367 INFO  [io.api.tes.uti.TestSeparator] (main) io.apicurio.tests.serdes.apicurio.AvroSerdeIT.testTopicIdStrategyFindLatest-STARTED
2025-08-06 18:59:39,368 INFO  [io.api.tes.ser.api.AvroSerdeIT] (main) Registering Avro Schema: {"type":"record","name":"myrecordapicurio1","fields":[{"name":"key11754506779368","type":"string"}]}
**** Registry Base URL: http://registry-app-ksql043.apps.ci419.apicurio-testing.org:80
2025-08-06 18:59:40,449 INFO  [org.apa.kaf.cli.pro.ProducerConfig] (main) ProducerConfig values: 
	acks = -1
	auto.include.jmx.reporter = true
	batch.size = 16384
	bootstrap.servers = [PLAINTEXT://localhost:32769]
	buffer.memory = 33554432
	client.dns.lookup = use_all_dns_ips
	client.id = Producer-topic-5827e30b_1216_4990_9c8c_24ee1aca0494
	compression.gzip.level = -1
	compression.lz4.level = 9
	compression.type = none
	compression.zstd.level = 3
	connections.max.idle.ms = 10000
	delivery.timeout.ms = 120000
	enable.idempotence = true
	enable.metrics.push = true
	interceptor.classes = []
	key.serializer = class org.apache.kafka.common.serialization.StringSerializer
	linger.ms = 0
	max.block.ms = 60000
	max.in.flight.requests.per.connection = 5
	max.request.size = 1048576
	metadata.max.age.ms = 300000
	metadata.max.idle.ms = 300000
	metadata.recovery.strategy = none
	metric.reporters = []
	metrics.num.samples = 2
	metrics.recording.level = INFO
	metrics.sample.window.ms = 30000
	partitioner.adaptive.partitioning.enable = true
	partitioner.availability.timeout.ms = 0
	partitioner.class = null
	partitioner.ignore.keys = false
	receive.buffer.bytes = 32768
	reconnect.backoff.max.ms = 1000
	reconnect.backoff.ms = 50
	request.timeout.ms = 5000
	retries = 2147483647
	retry.backoff.max.ms = 1000
	retry.backoff.ms = 100
	sasl.client.callback.handler.class = null
	sasl.jaas.config = null
	sasl.kerberos.kinit.cmd = /usr/bin/kinit
	sasl.kerberos.min.time.before.relogin = 60000
	sasl.kerberos.service.name = null
	sasl.kerberos.ticket.renew.jitter = 0.05
	sasl.kerberos.ticket.renew.window.factor = 0.8
	sasl.login.callback.handler.class = null
	sasl.login.class = null
	sasl.login.connect.timeout.ms = null
	sasl.login.read.timeout.ms = null
	sasl.login.refresh.buffer.seconds = 300
	sasl.login.refresh.min.period.seconds = 60
	sasl.login.refresh.window.factor = 0.8
	sasl.login.refresh.window.jitter = 0.05
	sasl.login.retry.backoff.max.ms = 10000
	sasl.login.retry.backoff.ms = 100
	sasl.mechanism = GSSAPI
	sasl.oauthbearer.clock.skew.seconds = 30
	sasl.oauthbearer.expected.audience = null
	sasl.oauthbearer.expected.issuer = null
	sasl.oauthbearer.header.urlencode = false
	sasl.oauthbearer.jwks.endpoint.refresh.ms = 3600000
	sasl.oauthbearer.jwks.endpoint.retry.backoff.max.ms = 10000
	sasl.oauthbearer.jwks.endpoint.retry.backoff.ms = 100
	sasl.oauthbearer.jwks.endpoint.url = null
	sasl.oauthbearer.scope.claim.name = scope
	sasl.oauthbearer.sub.claim.name = sub
	sasl.oauthbearer.token.endpoint.url = null
	security.protocol = PLAINTEXT
	security.providers = null
	send.buffer.bytes = 131072
	socket.connection.setup.timeout.max.ms = 30000
	socket.connection.setup.timeout.ms = 10000
	ssl.cipher.suites = null
	ssl.enabled.protocols = [TLSv1.2, TLSv1.3]
	ssl.endpoint.identification.algorithm = https
	ssl.engine.factory.class = null
	ssl.key.password = null
	ssl.keymanager.algorithm = SunX509
	ssl.keystore.certificate.chain = null
	ssl.keystore.key = null
	ssl.keystore.location = null
	ssl.keystore.password = null
	ssl.keystore.type = JKS
	ssl.protocol = TLSv1.3
	ssl.provider = null
	ssl.secure.random.implementation = null
	ssl.trustmanager.algorithm = PKIX
	ssl.truststore.certificates = null
	ssl.truststore.location = null
	ssl.truststore.password = null
	ssl.truststore.type = JKS
	transaction.timeout.ms = 60000
	transactional.id = null
	value.serializer = class io.apicurio.registry.serde.avro.AvroKafkaSerializer

2025-08-06 18:59:40,449 INFO  [org.apa.kaf.com.tel.int.KafkaMetricsCollector] (main) initializing Kafka metrics collector
2025-08-06 18:59:40,454 INFO  [org.apa.kaf.cli.pro.KafkaProducer] (main) [Producer clientId=Producer-topic-5827e30b_1216_4990_9c8c_24ee1aca0494] Instantiated an idempotent producer.
2025-08-06 18:59:40,457 INFO  [org.apa.kaf.cli.pro.ProducerConfig] (main) These configurations '[apicurio.registry.find-latest, apicurio.registry.url, apicurio.registry.artifact-resolver-strategy]' were supplied but are not used yet.
2025-08-06 18:59:40,458 INFO  [org.apa.kaf.com.uti.AppInfoParser] (main) Kafka version: 3.9.1
2025-08-06 18:59:40,458 INFO  [org.apa.kaf.com.uti.AppInfoParser] (main) Kafka commitId: f745dfdcee2b9851
2025-08-06 18:59:40,458 INFO  [org.apa.kaf.com.uti.AppInfoParser] (main) Kafka startTimeMs: 1754506780457
2025-08-06 18:59:40,458 INFO  [io.api.tes.ser.api.SimpleSerdesTesterBuilder$SimpleSerdesTester] (main) Using producer configuration: {apicurio.registry.find-latest=true, apicurio.registry.url=http://registry-app-ksql043.apps.ci419.apicurio-testing.org:80/apis/registry/v3, apicurio.registry.artifact-resolver-strategy=io.apicurio.registry.serde.strategy.TopicIdStrategy, value.serializer=io.apicurio.registry.serde.avro.AvroKafkaSerializer, request.timeout.ms=5000, acks=all, bootstrap.servers=PLAINTEXT://localhost:32769, connections.max.idle.ms=10000, key.serializer=org.apache.kafka.common.serialization.StringSerializer, client.id=Producer-topic-5827e30b_1216_4990_9c8c_24ee1aca0494}
2025-08-06 18:59:40,458 INFO  [io.api.tes.ser.api.SimpleSerdesTesterBuilder$SimpleSerdesTester] (main) Using consumer configuration: {}
2025-08-06 18:59:40,459 INFO  [io.api.tes.ser.api.KafkaSerdesTester] (Thread-645) Sending message {"key11754506779368": "value-0"} to topic topic-5827e30b_1216_4990_9c8c_24ee1aca0494
2025-08-06 18:59:40,466 INFO  [org.apa.kaf.cli.Metadata] (kafka-producer-network-thread | Producer-topic-5827e30b_1216_4990_9c8c_24ee1aca0494) [Producer clientId=Producer-topic-5827e30b_1216_4990_9c8c_24ee1aca0494] Cluster ID: T8p0IQFNTYSHGQR6rr1wVQ
2025-08-06 18:59:40,467 INFO  [org.apa.kaf.cli.pro.int.TransactionManager] (kafka-producer-network-thread | Producer-topic-5827e30b_1216_4990_9c8c_24ee1aca0494) [Producer clientId=Producer-topic-5827e30b_1216_4990_9c8c_24ee1aca0494] ProducerId set to 9 with epoch 0
2025-08-06 18:59:40,508 INFO  [io.api.tes.ser.api.KafkaSerdesTester] (Thread-645) Sending message {"key11754506779368": "value-1"} to topic topic-5827e30b_1216_4990_9c8c_24ee1aca0494
2025-08-06 18:59:40,513 INFO  [io.api.tes.ser.api.KafkaSerdesTester] (Thread-645) Sending message {"key11754506779368": "value-2"} to topic topic-5827e30b_1216_4990_9c8c_24ee1aca0494
2025-08-06 18:59:40,517 INFO  [io.api.tes.ser.api.KafkaSerdesTester] (Thread-645) Sending message {"key11754506779368": "value-3"} to topic topic-5827e30b_1216_4990_9c8c_24ee1aca0494
2025-08-06 18:59:40,519 INFO  [io.api.tes.ser.api.KafkaSerdesTester] (Thread-645) Sending message {"key11754506779368": "value-4"} to topic topic-5827e30b_1216_4990_9c8c_24ee1aca0494
2025-08-06 18:59:40,522 INFO  [io.api.tes.ser.api.KafkaSerdesTester] (Thread-645) Sending message {"key11754506779368": "value-5"} to topic topic-5827e30b_1216_4990_9c8c_24ee1aca0494
2025-08-06 18:59:40,526 INFO  [io.api.tes.ser.api.KafkaSerdesTester] (Thread-645) Sending message {"key11754506779368": "value-6"} to topic topic-5827e30b_1216_4990_9c8c_24ee1aca0494
2025-08-06 18:59:40,531 INFO  [io.api.tes.ser.api.KafkaSerdesTester] (Thread-645) Sending message {"key11754506779368": "value-7"} to topic topic-5827e30b_1216_4990_9c8c_24ee1aca0494
2025-08-06 18:59:40,536 INFO  [io.api.tes.ser.api.KafkaSerdesTester] (Thread-645) Sending message {"key11754506779368": "value-8"} to topic topic-5827e30b_1216_4990_9c8c_24ee1aca0494
2025-08-06 18:59:40,541 INFO  [io.api.tes.ser.api.KafkaSerdesTester] (Thread-645) Sending message {"key11754506779368": "value-9"} to topic topic-5827e30b_1216_4990_9c8c_24ee1aca0494
2025-08-06 18:59:40,546 INFO  [io.api.tes.ser.api.KafkaSerdesTester] (Thread-645) Produced 10 messages
2025-08-06 18:59:40,546 INFO  [org.apa.kaf.cli.pro.KafkaProducer] (Thread-645) [Producer clientId=Producer-topic-5827e30b_1216_4990_9c8c_24ee1aca0494] Closing the Kafka producer with timeoutMillis = 9223372036854775807 ms.
2025-08-06 18:59:40,550 INFO  [org.apa.kaf.com.met.Metrics] (Thread-645) Metrics scheduler closed
2025-08-06 18:59:40,550 INFO  [org.apa.kaf.com.met.Metrics] (Thread-645) Closing reporter org.apache.kafka.common.metrics.JmxReporter
2025-08-06 18:59:40,550 INFO  [org.apa.kaf.com.met.Metrics] (Thread-645) Closing reporter org.apache.kafka.common.telemetry.internals.ClientTelemetryReporter
2025-08-06 18:59:40,550 INFO  [org.apa.kaf.com.met.Metrics] (Thread-645) Metrics reporters closed
2025-08-06 18:59:40,550 INFO  [org.apa.kaf.com.uti.AppInfoParser] (Thread-645) App info kafka.producer for Producer-topic-5827e30b_1216_4990_9c8c_24ee1aca0494 unregistered
**** Registry Base URL: http://registry-app-ksql043.apps.ci419.apicurio-testing.org:80
2025-08-06 18:59:40,552 INFO  [org.apa.kaf.cli.con.ConsumerConfig] (main) ConsumerConfig values: 
	allow.auto.create.topics = true
	auto.commit.interval.ms = 500
	auto.include.jmx.reporter = true
	auto.offset.reset = earliest
	bootstrap.servers = [PLAINTEXT://localhost:32769]
	check.crcs = true
	client.dns.lookup = use_all_dns_ips
	client.id = consumer-Consumer-topic-5827e30b_1216_4990_9c8c_24ee1aca0494-7
	client.rack = 
	connections.max.idle.ms = 10000
	default.api.timeout.ms = 60000
	enable.auto.commit = true
	enable.metrics.push = true
	exclude.internal.topics = true
	fetch.max.bytes = 52428800
	fetch.max.wait.ms = 500
	fetch.min.bytes = 1
	group.id = Consumer-topic-5827e30b_1216_4990_9c8c_24ee1aca0494
	group.instance.id = null
	group.protocol = classic
	group.remote.assignor = null
	heartbeat.interval.ms = 3000
	interceptor.classes = []
	internal.leave.group.on.close = true
	internal.throw.on.fetch.stable.offset.unsupported = false
	isolation.level = read_uncommitted
	key.deserializer = class org.apache.kafka.common.serialization.StringDeserializer
	max.partition.fetch.bytes = 1048576
	max.poll.interval.ms = 300000
	max.poll.records = 500
	metadata.max.age.ms = 300000
	metadata.recovery.strategy = none
	metric.reporters = []
	metrics.num.samples = 2
	metrics.recording.level = INFO
	metrics.sample.window.ms = 30000
	partition.assignment.strategy = [class org.apache.kafka.clients.consumer.RangeAssignor, class org.apache.kafka.clients.consumer.CooperativeStickyAssignor]
	receive.buffer.bytes = 65536
	reconnect.backoff.max.ms = 1000
	reconnect.backoff.ms = 50
	request.timeout.ms = 5000
	retry.backoff.max.ms = 1000
	retry.backoff.ms = 100
	sasl.client.callback.handler.class = null
	sasl.jaas.config = null
	sasl.kerberos.kinit.cmd = /usr/bin/kinit
	sasl.kerberos.min.time.before.relogin = 60000
	sasl.kerberos.service.name = null
	sasl.kerberos.ticket.renew.jitter = 0.05
	sasl.kerberos.ticket.renew.window.factor = 0.8
	sasl.login.callback.handler.class = null
	sasl.login.class = null
	sasl.login.connect.timeout.ms = null
	sasl.login.read.timeout.ms = null
	sasl.login.refresh.buffer.seconds = 300
	sasl.login.refresh.min.period.seconds = 60
	sasl.login.refresh.window.factor = 0.8
	sasl.login.refresh.window.jitter = 0.05
	sasl.login.retry.backoff.max.ms = 10000
	sasl.login.retry.backoff.ms = 100
	sasl.mechanism = GSSAPI
	sasl.oauthbearer.clock.skew.seconds = 30
	sasl.oauthbearer.expected.audience = null
	sasl.oauthbearer.expected.issuer = null
	sasl.oauthbearer.header.urlencode = false
	sasl.oauthbearer.jwks.endpoint.refresh.ms = 3600000
	sasl.oauthbearer.jwks.endpoint.retry.backoff.max.ms = 10000
	sasl.oauthbearer.jwks.endpoint.retry.backoff.ms = 100
	sasl.oauthbearer.jwks.endpoint.url = null
	sasl.oauthbearer.scope.claim.name = scope
	sasl.oauthbearer.sub.claim.name = sub
	sasl.oauthbearer.token.endpoint.url = null
	security.protocol = PLAINTEXT
	security.providers = null
	send.buffer.bytes = 131072
	session.timeout.ms = 45000
	socket.connection.setup.timeout.max.ms = 30000
	socket.connection.setup.timeout.ms = 10000
	ssl.cipher.suites = null
	ssl.enabled.protocols = [TLSv1.2, TLSv1.3]
	ssl.endpoint.identification.algorithm = https
	ssl.engine.factory.class = null
	ssl.key.password = null
	ssl.keymanager.algorithm = SunX509
	ssl.keystore.certificate.chain = null
	ssl.keystore.key = null
	ssl.keystore.location = null
	ssl.keystore.password = null
	ssl.keystore.type = JKS
	ssl.protocol = TLSv1.3
	ssl.provider = null
	ssl.secure.random.implementation = null
	ssl.trustmanager.algorithm = PKIX
	ssl.truststore.certificates = null
	ssl.truststore.location = null
	ssl.truststore.password = null
	ssl.truststore.type = JKS
	value.deserializer = class io.apicurio.registry.serde.avro.AvroKafkaDeserializer

2025-08-06 18:59:40,552 INFO  [org.apa.kaf.com.tel.int.KafkaMetricsCollector] (main) initializing Kafka metrics collector
2025-08-06 18:59:40,565 INFO  [org.apa.kaf.cli.con.ConsumerConfig] (main) These configurations '[apicurio.registry.url]' were supplied but are not used yet.
2025-08-06 18:59:40,565 INFO  [org.apa.kaf.com.uti.AppInfoParser] (main) Kafka version: 3.9.1
2025-08-06 18:59:40,565 INFO  [org.apa.kaf.com.uti.AppInfoParser] (main) Kafka commitId: f745dfdcee2b9851
2025-08-06 18:59:40,565 INFO  [org.apa.kaf.com.uti.AppInfoParser] (main) Kafka startTimeMs: 1754506780565
2025-08-06 18:59:40,566 INFO  [org.apa.kaf.cli.con.int.ClassicKafkaConsumer] (Thread-648) [Consumer clientId=consumer-Consumer-topic-5827e30b_1216_4990_9c8c_24ee1aca0494-7, groupId=Consumer-topic-5827e30b_1216_4990_9c8c_24ee1aca0494] Subscribed to topic(s): topic-5827e30b_1216_4990_9c8c_24ee1aca0494
2025-08-06 18:59:40,574 INFO  [org.apa.kaf.cli.Metadata] (Thread-648) [Consumer clientId=consumer-Consumer-topic-5827e30b_1216_4990_9c8c_24ee1aca0494-7, groupId=Consumer-topic-5827e30b_1216_4990_9c8c_24ee1aca0494] Cluster ID: T8p0IQFNTYSHGQR6rr1wVQ
2025-08-06 18:59:40,575 INFO  [org.apa.kaf.cli.con.int.ConsumerCoordinator] (Thread-648) [Consumer clientId=consumer-Consumer-topic-5827e30b_1216_4990_9c8c_24ee1aca0494-7, groupId=Consumer-topic-5827e30b_1216_4990_9c8c_24ee1aca0494] Discovered group coordinator localhost:32769 (id: 2147483647 rack: null)
2025-08-06 18:59:40,577 INFO  [org.apa.kaf.cli.con.int.ConsumerCoordinator] (Thread-648) [Consumer clientId=consumer-Consumer-topic-5827e30b_1216_4990_9c8c_24ee1aca0494-7, groupId=Consumer-topic-5827e30b_1216_4990_9c8c_24ee1aca0494] (Re-)joining group
2025-08-06 18:59:40,585 INFO  [org.apa.kaf.cli.con.int.ConsumerCoordinator] (Thread-648) [Consumer clientId=consumer-Consumer-topic-5827e30b_1216_4990_9c8c_24ee1aca0494-7, groupId=Consumer-topic-5827e30b_1216_4990_9c8c_24ee1aca0494] Request joining group due to: need to re-join with the given member-id: consumer-Consumer-topic-5827e30b_1216_4990_9c8c_24ee1aca0494-7-43f5a016-4b3d-41c6-82e9-b902c55832c6
2025-08-06 18:59:40,585 INFO  [org.apa.kaf.cli.con.int.ConsumerCoordinator] (Thread-648) [Consumer clientId=consumer-Consumer-topic-5827e30b_1216_4990_9c8c_24ee1aca0494-7, groupId=Consumer-topic-5827e30b_1216_4990_9c8c_24ee1aca0494] (Re-)joining group
2025-08-06 18:59:41,566 INFO  [io.api.tes.ser.api.KafkaSerdesTester] (Thread-648) None found
2025-08-06 18:59:42,567 INFO  [io.api.tes.ser.api.KafkaSerdesTester] (Thread-648) None found
2025-08-06 18:59:43,568 INFO  [io.api.tes.ser.api.KafkaSerdesTester] (Thread-648) None found
2025-08-06 18:59:43,592 INFO  [org.apa.kaf.cli.con.int.ConsumerCoordinator] (Thread-648) [Consumer clientId=consumer-Consumer-topic-5827e30b_1216_4990_9c8c_24ee1aca0494-7, groupId=Consumer-topic-5827e30b_1216_4990_9c8c_24ee1aca0494] Successfully joined group with generation Generation{generationId=1, memberId='consumer-Consumer-topic-5827e30b_1216_4990_9c8c_24ee1aca0494-7-43f5a016-4b3d-41c6-82e9-b902c55832c6', protocol='range'}
2025-08-06 18:59:43,593 INFO  [org.apa.kaf.cli.con.int.ConsumerCoordinator] (Thread-648) [Consumer clientId=consumer-Consumer-topic-5827e30b_1216_4990_9c8c_24ee1aca0494-7, groupId=Consumer-topic-5827e30b_1216_4990_9c8c_24ee1aca0494] Finished assignment for group at generation 1: {consumer-Consumer-topic-5827e30b_1216_4990_9c8c_24ee1aca0494-7-43f5a016-4b3d-41c6-82e9-b902c55832c6=Assignment(partitions=[topic-5827e30b_1216_4990_9c8c_24ee1aca0494-0])}
2025-08-06 18:59:43,601 INFO  [org.apa.kaf.cli.con.int.ConsumerCoordinator] (Thread-648) [Consumer clientId=consumer-Consumer-topic-5827e30b_1216_4990_9c8c_24ee1aca0494-7, groupId=Consumer-topic-5827e30b_1216_4990_9c8c_24ee1aca0494] Successfully synced group in generation Generation{generationId=1, memberId='consumer-Consumer-topic-5827e30b_1216_4990_9c8c_24ee1aca0494-7-43f5a016-4b3d-41c6-82e9-b902c55832c6', protocol='range'}
2025-08-06 18:59:43,601 INFO  [org.apa.kaf.cli.con.int.ConsumerCoordinator] (Thread-648) [Consumer clientId=consumer-Consumer-topic-5827e30b_1216_4990_9c8c_24ee1aca0494-7, groupId=Consumer-topic-5827e30b_1216_4990_9c8c_24ee1aca0494] Notifying assignor about the new Assignment(partitions=[topic-5827e30b_1216_4990_9c8c_24ee1aca0494-0])
2025-08-06 18:59:43,602 INFO  [org.apa.kaf.cli.con.int.ConsumerRebalanceListenerInvoker] (Thread-648) [Consumer clientId=consumer-Consumer-topic-5827e30b_1216_4990_9c8c_24ee1aca0494-7, groupId=Consumer-topic-5827e30b_1216_4990_9c8c_24ee1aca0494] Adding newly assigned partitions: topic-5827e30b_1216_4990_9c8c_24ee1aca0494-0
2025-08-06 18:59:43,604 INFO  [org.apa.kaf.cli.con.int.ConsumerCoordinator] (Thread-648) [Consumer clientId=consumer-Consumer-topic-5827e30b_1216_4990_9c8c_24ee1aca0494-7, groupId=Consumer-topic-5827e30b_1216_4990_9c8c_24ee1aca0494] Found no committed offset for partition topic-5827e30b_1216_4990_9c8c_24ee1aca0494-0
2025-08-06 18:59:43,610 INFO  [org.apa.kaf.cli.con.int.SubscriptionState] (Thread-648) [Consumer clientId=consumer-Consumer-topic-5827e30b_1216_4990_9c8c_24ee1aca0494-7, groupId=Consumer-topic-5827e30b_1216_4990_9c8c_24ee1aca0494] Resetting offset for partition topic-5827e30b_1216_4990_9c8c_24ee1aca0494-0 to position FetchPosition{offset=0, offsetEpoch=Optional.empty, currentLeader=LeaderAndEpoch{leader=Optional[localhost:32769 (id: 0 rack: null)], epoch=0}}.
2025-08-06 18:59:43,645 INFO  [io.api.tes.ser.api.KafkaSerdesTester] (Thread-648) topic-5827e30b_1216_4990_9c8c_24ee1aca0494 0 0 {"key11754506779368": "value-0"}
2025-08-06 18:59:43,646 INFO  [io.api.tes.ser.api.KafkaSerdesTester] (Thread-648) topic-5827e30b_1216_4990_9c8c_24ee1aca0494 0 1 {"key11754506779368": "value-1"}
2025-08-06 18:59:43,646 INFO  [io.api.tes.ser.api.KafkaSerdesTester] (Thread-648) topic-5827e30b_1216_4990_9c8c_24ee1aca0494 0 2 {"key11754506779368": "value-2"}
2025-08-06 18:59:43,646 INFO  [io.api.tes.ser.api.KafkaSerdesTester] (Thread-648) topic-5827e30b_1216_4990_9c8c_24ee1aca0494 0 3 {"key11754506779368": "value-3"}
2025-08-06 18:59:43,646 INFO  [io.api.tes.ser.api.KafkaSerdesTester] (Thread-648) topic-5827e30b_1216_4990_9c8c_24ee1aca0494 0 4 {"key11754506779368": "value-4"}
2025-08-06 18:59:43,646 INFO  [io.api.tes.ser.api.KafkaSerdesTester] (Thread-648) topic-5827e30b_1216_4990_9c8c_24ee1aca0494 0 5 {"key11754506779368": "value-5"}
2025-08-06 18:59:43,646 INFO  [io.api.tes.ser.api.KafkaSerdesTester] (Thread-648) topic-5827e30b_1216_4990_9c8c_24ee1aca0494 0 6 {"key11754506779368": "value-6"}
2025-08-06 18:59:43,646 INFO  [io.api.tes.ser.api.KafkaSerdesTester] (Thread-648) topic-5827e30b_1216_4990_9c8c_24ee1aca0494 0 7 {"key11754506779368": "value-7"}
2025-08-06 18:59:43,646 INFO  [io.api.tes.ser.api.KafkaSerdesTester] (Thread-648) topic-5827e30b_1216_4990_9c8c_24ee1aca0494 0 8 {"key11754506779368": "value-8"}
2025-08-06 18:59:43,646 INFO  [io.api.tes.ser.api.KafkaSerdesTester] (Thread-648) topic-5827e30b_1216_4990_9c8c_24ee1aca0494 0 9 {"key11754506779368": "value-9"}
2025-08-06 18:59:43,646 INFO  [io.api.tes.ser.api.KafkaSerdesTester] (Thread-648) Consumed 10 messages
2025-08-06 18:59:43,655 INFO  [org.apa.kaf.cli.con.int.ConsumerRebalanceListenerInvoker] (Thread-648) [Consumer clientId=consumer-Consumer-topic-5827e30b_1216_4990_9c8c_24ee1aca0494-7, groupId=Consumer-topic-5827e30b_1216_4990_9c8c_24ee1aca0494] Revoke previously assigned partitions topic-5827e30b_1216_4990_9c8c_24ee1aca0494-0
2025-08-06 18:59:43,655 INFO  [org.apa.kaf.cli.con.int.ConsumerCoordinator] (Thread-648) [Consumer clientId=consumer-Consumer-topic-5827e30b_1216_4990_9c8c_24ee1aca0494-7, groupId=Consumer-topic-5827e30b_1216_4990_9c8c_24ee1aca0494] Member consumer-Consumer-topic-5827e30b_1216_4990_9c8c_24ee1aca0494-7-43f5a016-4b3d-41c6-82e9-b902c55832c6 sending LeaveGroup request to coordinator localhost:32769 (id: 2147483647 rack: null) due to the consumer is being closed
2025-08-06 18:59:43,655 INFO  [org.apa.kaf.cli.con.int.ConsumerCoordinator] (Thread-648) [Consumer clientId=consumer-Consumer-topic-5827e30b_1216_4990_9c8c_24ee1aca0494-7, groupId=Consumer-topic-5827e30b_1216_4990_9c8c_24ee1aca0494] Resetting generation and member id due to: consumer pro-actively leaving the group
2025-08-06 18:59:43,655 INFO  [org.apa.kaf.cli.con.int.ConsumerCoordinator] (Thread-648) [Consumer clientId=consumer-Consumer-topic-5827e30b_1216_4990_9c8c_24ee1aca0494-7, groupId=Consumer-topic-5827e30b_1216_4990_9c8c_24ee1aca0494] Request joining group due to: consumer pro-actively leaving the group
2025-08-06 18:59:44,150 INFO  [org.apa.kaf.com.met.Metrics] (Thread-648) Metrics scheduler closed
2025-08-06 18:59:44,150 INFO  [org.apa.kaf.com.met.Metrics] (Thread-648) Closing reporter org.apache.kafka.common.metrics.JmxReporter
2025-08-06 18:59:44,150 INFO  [org.apa.kaf.com.met.Metrics] (Thread-648) Closing reporter org.apache.kafka.common.telemetry.internals.ClientTelemetryReporter
2025-08-06 18:59:44,150 INFO  [org.apa.kaf.com.met.Metrics] (Thread-648) Metrics reporters closed
2025-08-06 18:59:44,157 INFO  [org.apa.kaf.com.uti.AppInfoParser] (Thread-648) App info kafka.consumer for consumer-Consumer-topic-5827e30b_1216_4990_9c8c_24ee1aca0494-7 unregistered
2025-08-06 18:59:44,158 INFO  [io.api.tes.uti.TestSeparator] (main) io.apicurio.tests.serdes.apicurio.AvroSerdeIT.testTopicIdStrategyFindLatest-FINISHED
2025-08-06 18:59:44,158 INFO  [io.api.tes.uti.TestSeparator] (main) ############################################################################
Test passed: testTopicIdStrategyFindLatest
]]></system-out>
  </testcase>
  <testcase name="testAvroUnionWithSpecificReader" classname="io.apicurio.tests.serdes.apicurio.AvroSerdeIT" time="0.267">
    <error message="java.lang.RuntimeException: io.apicurio.registry.rest.client.models.RuleViolationProblemDetails" type="java.util.concurrent.ExecutionException"><![CDATA[java.util.concurrent.ExecutionException: java.lang.RuntimeException: io.apicurio.registry.rest.client.models.RuleViolationProblemDetails
	at java.base/java.util.concurrent.CompletableFuture.reportGet(CompletableFuture.java:396)
	at java.base/java.util.concurrent.CompletableFuture.get(CompletableFuture.java:2096)
	at io.apicurio.tests.serdes.apicurio.KafkaSerdesTester.produceMessages(KafkaSerdesTester.java:160)
	at io.apicurio.tests.serdes.apicurio.KafkaSerdesTester.produceMessages(KafkaSerdesTester.java:123)
	at io.apicurio.tests.serdes.apicurio.SimpleSerdesTesterBuilder$SimpleSerdesTester.test(SimpleSerdesTesterBuilder.java:139)
	at io.apicurio.tests.serdes.apicurio.AvroSerdeIT.testAvroUnionWithSpecificReader(AvroSerdeIT.java:838)
	at java.base/java.lang.reflect.Method.invoke(Method.java:569)
	at java.base/java.util.ArrayList.forEach(ArrayList.java:1511)
	at java.base/java.util.ArrayList.forEach(ArrayList.java:1511)
Caused by: java.lang.RuntimeException: io.apicurio.registry.rest.client.models.RuleViolationProblemDetails
	at io.apicurio.registry.resolver.cache.ERCache.retry(ERCache.java:242)
	at io.apicurio.registry.resolver.cache.ERCache.getValue(ERCache.java:173)
	at io.apicurio.registry.resolver.cache.ERCache.getByContent(ERCache.java:147)
	at io.apicurio.registry.resolver.DefaultSchemaResolver.handleAutoCreateArtifact(DefaultSchemaResolver.java:295)
	at io.apicurio.registry.resolver.DefaultSchemaResolver.getSchemaFromRegistry(DefaultSchemaResolver.java:120)
	at io.apicurio.registry.resolver.DefaultSchemaResolver.lambda$resolveSchema$0(DefaultSchemaResolver.java:84)
	at java.base/java.util.Optional.orElseGet(Optional.java:364)
	at io.apicurio.registry.resolver.DefaultSchemaResolver.resolveSchema(DefaultSchemaResolver.java:84)
	at io.apicurio.registry.serde.AbstractSerializer.serializeData(AbstractSerializer.java:62)
	at io.apicurio.registry.serde.KafkaSerializer.serialize(KafkaSerializer.java:77)
	at org.apache.kafka.clients.producer.KafkaProducer.doSend(KafkaProducer.java:1046)
	at org.apache.kafka.clients.producer.KafkaProducer.send(KafkaProducer.java:993)
	at org.apache.kafka.clients.producer.KafkaProducer.send(KafkaProducer.java:875)
	at io.apicurio.tests.serdes.apicurio.KafkaSerdesTester.lambda$produceMessages$3(KafkaSerdesTester.java:138)
	at java.base/java.util.concurrent.CompletableFuture$AsyncSupply.run(CompletableFuture.java:1768)
	at java.base/java.lang.Thread.run(Thread.java:840)
Caused by: io.apicurio.registry.rest.client.models.RuleViolationProblemDetails
	at io.apicurio.registry.rest.client.models.RuleViolationProblemDetails.createFromDiscriminatorValue(RuleViolationProblemDetails.java:62)
	at io.kiota.serialization.json.JsonParseNode.getObjectValue(JsonParseNode.java:247)
	at io.kiota.http.vertx.VertXRequestAdapter.lambda$throwIfFailedResponse$0(VertXRequestAdapter.java:400)
	at com.microsoft.kiota.ApiExceptionBuilder.<init>(ApiExceptionBuilder.java:26)
	at io.kiota.http.vertx.VertXRequestAdapter.throwIfFailedResponse(VertXRequestAdapter.java:399)
	at io.kiota.http.vertx.VertXRequestAdapter.send(VertXRequestAdapter.java:170)
	at io.apicurio.registry.rest.client.groups.item.artifacts.ArtifactsRequestBuilder.post(ArtifactsRequestBuilder.java:130)
	at io.apicurio.registry.resolver.client.RegistryClientFacadeImpl.createSchema(RegistryClientFacadeImpl.java:144)
	at io.apicurio.registry.resolver.DefaultSchemaResolver.lambda$handleAutoCreateArtifact$4(DefaultSchemaResolver.java:307)
	at io.apicurio.registry.resolver.cache.ERCache.lambda$getValue$0(ERCache.java:174)
	at io.apicurio.registry.resolver.cache.ERCache.retry(ERCache.java:227)
	... 15 more
]]></error>
    <system-out><![CDATA[2025-08-06 18:59:44,159 INFO  [io.api.tes.uti.TestSeparator] (main) ############################################################################
2025-08-06 18:59:44,159 INFO  [io.api.tes.uti.TestSeparator] (main) io.apicurio.tests.serdes.apicurio.AvroSerdeIT.testAvroUnionWithSpecificReader-STARTED
**** Registry Base URL: http://registry-app-ksql043.apps.ci419.apicurio-testing.org:80
2025-08-06 18:59:44,171 INFO  [org.apa.kaf.cli.pro.ProducerConfig] (main) ProducerConfig values: 
	acks = -1
	auto.include.jmx.reporter = true
	batch.size = 16384
	bootstrap.servers = [PLAINTEXT://localhost:32769]
	buffer.memory = 33554432
	client.dns.lookup = use_all_dns_ips
	client.id = Producer-topic-ff00cf83_6a86_42be_a776_486747f2555b
	compression.gzip.level = -1
	compression.lz4.level = 9
	compression.type = none
	compression.zstd.level = 3
	connections.max.idle.ms = 10000
	delivery.timeout.ms = 120000
	enable.idempotence = true
	enable.metrics.push = true
	interceptor.classes = []
	key.serializer = class org.apache.kafka.common.serialization.StringSerializer
	linger.ms = 0
	max.block.ms = 60000
	max.in.flight.requests.per.connection = 5
	max.request.size = 1048576
	metadata.max.age.ms = 300000
	metadata.max.idle.ms = 300000
	metadata.recovery.strategy = none
	metric.reporters = []
	metrics.num.samples = 2
	metrics.recording.level = INFO
	metrics.sample.window.ms = 30000
	partitioner.adaptive.partitioning.enable = true
	partitioner.availability.timeout.ms = 0
	partitioner.class = null
	partitioner.ignore.keys = false
	receive.buffer.bytes = 32768
	reconnect.backoff.max.ms = 1000
	reconnect.backoff.ms = 50
	request.timeout.ms = 5000
	retries = 2147483647
	retry.backoff.max.ms = 1000
	retry.backoff.ms = 100
	sasl.client.callback.handler.class = null
	sasl.jaas.config = null
	sasl.kerberos.kinit.cmd = /usr/bin/kinit
	sasl.kerberos.min.time.before.relogin = 60000
	sasl.kerberos.service.name = null
	sasl.kerberos.ticket.renew.jitter = 0.05
	sasl.kerberos.ticket.renew.window.factor = 0.8
	sasl.login.callback.handler.class = null
	sasl.login.class = null
	sasl.login.connect.timeout.ms = null
	sasl.login.read.timeout.ms = null
	sasl.login.refresh.buffer.seconds = 300
	sasl.login.refresh.min.period.seconds = 60
	sasl.login.refresh.window.factor = 0.8
	sasl.login.refresh.window.jitter = 0.05
	sasl.login.retry.backoff.max.ms = 10000
	sasl.login.retry.backoff.ms = 100
	sasl.mechanism = GSSAPI
	sasl.oauthbearer.clock.skew.seconds = 30
	sasl.oauthbearer.expected.audience = null
	sasl.oauthbearer.expected.issuer = null
	sasl.oauthbearer.header.urlencode = false
	sasl.oauthbearer.jwks.endpoint.refresh.ms = 3600000
	sasl.oauthbearer.jwks.endpoint.retry.backoff.max.ms = 10000
	sasl.oauthbearer.jwks.endpoint.retry.backoff.ms = 100
	sasl.oauthbearer.jwks.endpoint.url = null
	sasl.oauthbearer.scope.claim.name = scope
	sasl.oauthbearer.sub.claim.name = sub
	sasl.oauthbearer.token.endpoint.url = null
	security.protocol = PLAINTEXT
	security.providers = null
	send.buffer.bytes = 131072
	socket.connection.setup.timeout.max.ms = 30000
	socket.connection.setup.timeout.ms = 10000
	ssl.cipher.suites = null
	ssl.enabled.protocols = [TLSv1.2, TLSv1.3]
	ssl.endpoint.identification.algorithm = https
	ssl.engine.factory.class = null
	ssl.key.password = null
	ssl.keymanager.algorithm = SunX509
	ssl.keystore.certificate.chain = null
	ssl.keystore.key = null
	ssl.keystore.location = null
	ssl.keystore.password = null
	ssl.keystore.type = JKS
	ssl.protocol = TLSv1.3
	ssl.provider = null
	ssl.secure.random.implementation = null
	ssl.trustmanager.algorithm = PKIX
	ssl.truststore.certificates = null
	ssl.truststore.location = null
	ssl.truststore.password = null
	ssl.truststore.type = JKS
	transaction.timeout.ms = 60000
	transactional.id = null
	value.serializer = class io.apicurio.registry.serde.avro.AvroKafkaSerializer

2025-08-06 18:59:44,171 INFO  [org.apa.kaf.com.tel.int.KafkaMetricsCollector] (main) initializing Kafka metrics collector
2025-08-06 18:59:44,181 INFO  [org.apa.kaf.cli.pro.KafkaProducer] (main) [Producer clientId=Producer-topic-ff00cf83_6a86_42be_a776_486747f2555b] Instantiated an idempotent producer.
2025-08-06 18:59:44,183 INFO  [org.apa.kaf.cli.pro.ProducerConfig] (main) These configurations '[apicurio.registry.url, apicurio.registry.auto-register, apicurio.registry.artifact-resolver-strategy]' were supplied but are not used yet.
2025-08-06 18:59:44,183 INFO  [org.apa.kaf.com.uti.AppInfoParser] (main) Kafka version: 3.9.1
2025-08-06 18:59:44,183 INFO  [org.apa.kaf.com.uti.AppInfoParser] (main) Kafka commitId: f745dfdcee2b9851
2025-08-06 18:59:44,183 INFO  [org.apa.kaf.com.uti.AppInfoParser] (main) Kafka startTimeMs: 1754506784183
2025-08-06 18:59:44,183 INFO  [io.api.tes.ser.api.SimpleSerdesTesterBuilder$SimpleSerdesTester] (main) Using producer configuration: {apicurio.registry.url=http://registry-app-ksql043.apps.ci419.apicurio-testing.org:80/apis/registry/v3, apicurio.registry.auto-register=true, apicurio.registry.artifact-resolver-strategy=io.apicurio.registry.serde.strategy.TopicIdStrategy, value.serializer=io.apicurio.registry.serde.avro.AvroKafkaSerializer, request.timeout.ms=5000, acks=all, bootstrap.servers=PLAINTEXT://localhost:32769, connections.max.idle.ms=10000, key.serializer=org.apache.kafka.common.serialization.StringSerializer, client.id=Producer-topic-ff00cf83_6a86_42be_a776_486747f2555b}
2025-08-06 18:59:44,183 INFO  [io.api.tes.ser.api.SimpleSerdesTesterBuilder$SimpleSerdesTester] (main) Using consumer configuration: {}
2025-08-06 18:59:44,184 INFO  [io.api.tes.ser.api.KafkaSerdesTester] (Thread-651) Sending message {"id": "record-0"} to topic topic-ff00cf83_6a86_42be_a776_486747f2555b
2025-08-06 18:59:44,189 WARN  [org.apa.kaf.cli.NetworkClient] (kafka-producer-network-thread | Producer-topic-ff00cf83_6a86_42be_a776_486747f2555b) [Producer clientId=Producer-topic-ff00cf83_6a86_42be_a776_486747f2555b] The metadata response from the cluster reported a recoverable issue with correlation id 1 : {topic-ff00cf83_6a86_42be_a776_486747f2555b=UNKNOWN_TOPIC_OR_PARTITION}
2025-08-06 18:59:44,189 INFO  [org.apa.kaf.cli.Metadata] (kafka-producer-network-thread | Producer-topic-ff00cf83_6a86_42be_a776_486747f2555b) [Producer clientId=Producer-topic-ff00cf83_6a86_42be_a776_486747f2555b] Cluster ID: T8p0IQFNTYSHGQR6rr1wVQ
2025-08-06 18:59:44,190 INFO  [org.apa.kaf.cli.pro.int.TransactionManager] (kafka-producer-network-thread | Producer-topic-ff00cf83_6a86_42be_a776_486747f2555b) [Producer clientId=Producer-topic-ff00cf83_6a86_42be_a776_486747f2555b] ProducerId set to 10 with epoch 0
2025-08-06 18:59:44,375 INFO  [io.api.tes.ser.api.KafkaSerdesTester] (Thread-651) Sending message {"value": 1} to topic topic-ff00cf83_6a86_42be_a776_486747f2555b
2025-08-06 18:59:44,415 INFO  [org.apa.kaf.cli.pro.KafkaProducer] (Thread-651) [Producer clientId=Producer-topic-ff00cf83_6a86_42be_a776_486747f2555b] Closing the Kafka producer with timeoutMillis = 9223372036854775807 ms.
2025-08-06 18:59:44,420 INFO  [org.apa.kaf.com.met.Metrics] (Thread-651) Metrics scheduler closed
2025-08-06 18:59:44,420 INFO  [org.apa.kaf.com.met.Metrics] (Thread-651) Closing reporter org.apache.kafka.common.metrics.JmxReporter
2025-08-06 18:59:44,420 INFO  [org.apa.kaf.com.met.Metrics] (Thread-651) Closing reporter org.apache.kafka.common.telemetry.internals.ClientTelemetryReporter
2025-08-06 18:59:44,420 INFO  [org.apa.kaf.com.met.Metrics] (Thread-651) Metrics reporters closed
2025-08-06 18:59:44,420 INFO  [org.apa.kaf.com.uti.AppInfoParser] (Thread-651) App info kafka.producer for Producer-topic-ff00cf83_6a86_42be_a776_486747f2555b unregistered
2025-08-06 18:59:44,422 INFO  [io.api.tes.uti.TestSeparator] (main) io.apicurio.tests.serdes.apicurio.AvroSerdeIT.testAvroUnionWithSpecificReader-FINISHED
2025-08-06 18:59:44,422 INFO  [io.api.tes.uti.TestSeparator] (main) ############################################################################
2025-08-06 18:59:44,422 ERROR [io.api.reg.uti.tes.TestUtils] (main) === TEST FAILED ===
2025-08-06 18:59:44,422 ERROR [io.api.reg.uti.tes.TestUtils] (main) Class: class io.apicurio.tests.serdes.apicurio.AvroSerdeIT
2025-08-06 18:59:44,422 ERROR [io.api.reg.uti.tes.TestUtils] (main) Test:  testAvroUnionWithSpecificReader
2025-08-06 18:59:44,422 ERROR [io.api.reg.uti.tes.TestUtils] (main) ID:    [engine:junit-jupiter]/[class:io.apicurio.tests.serdes.apicurio.AvroSerdeIT]/[method:testAvroUnionWithSpecificReader()]
2025-08-06 18:59:44,423 ERROR [io.api.reg.uti.tes.TestUtils] (main) Error: ExecutionException - java.lang.RuntimeException: io.apicurio.registry.rest.client.models.RuleViolationProblemDetails
2025-08-06 18:59:44,423 WARNING [org.jun.jup.eng.des.MethodBasedTestDescriptor] (main) Failed to invoke TestWatcher [io.apicurio.tests.ApicurioRegistryBaseIT$RegistryApiErrorWatcher] for method [io.apicurio.tests.serdes.apicurio.AvroSerdeIT#testAvroUnionWithSpecificReader()] with display name [testAvroUnionWithSpecificReader]: java.lang.ClassCastException: class java.util.concurrent.ExecutionException cannot be cast to class io.apicurio.registry.rest.client.models.RuleViolationProblemDetails (java.util.concurrent.ExecutionException is in module java.base of loader 'bootstrap'; io.apicurio.registry.rest.client.models.RuleViolationProblemDetails is in unnamed module of loader 'app')
	at io.apicurio.tests.ApicurioRegistryBaseIT$RegistryApiErrorWatcher.testFailed(ApicurioRegistryBaseIT.java:133)
	at org.junit.jupiter.engine.descriptor.TestMethodTestDescriptor.lambda$nodeFinished$15(TestMethodTestDescriptor.java:305)
	at org.junit.jupiter.engine.descriptor.MethodBasedTestDescriptor.lambda$invokeTestWatchers$4(MethodBasedTestDescriptor.java:160)
	at org.junit.platform.commons.util.CollectionUtils.forEachInReverseOrder(CollectionUtils.java:243)
	at org.junit.jupiter.engine.descriptor.MethodBasedTestDescriptor.invokeTestWatchers(MethodBasedTestDescriptor.java:174)
	at org.junit.jupiter.engine.descriptor.TestMethodTestDescriptor.nodeFinished(TestMethodTestDescriptor.java:296)
	at org.junit.jupiter.engine.descriptor.TestMethodTestDescriptor.nodeFinished(TestMethodTestDescriptor.java:69)
	at org.junit.platform.engine.support.hierarchical.NodeTestTask.reportCompletion(NodeTestTask.java:193)
	at org.junit.platform.engine.support.hierarchical.NodeTestTask.execute(NodeTestTask.java:105)
	at java.base/java.util.ArrayList.forEach(ArrayList.java:1511)
	at org.junit.platform.engine.support.hierarchical.SameThreadHierarchicalTestExecutorService.invokeAll(SameThreadHierarchicalTestExecutorService.java:41)
	at org.junit.platform.engine.support.hierarchical.NodeTestTask.lambda$executeRecursively$6(NodeTestTask.java:160)
	at org.junit.platform.engine.support.hierarchical.ThrowableCollector.execute(ThrowableCollector.java:73)
	at org.junit.platform.engine.support.hierarchical.NodeTestTask.lambda$executeRecursively$8(NodeTestTask.java:146)
	at org.junit.platform.engine.support.hierarchical.Node.around(Node.java:137)
	at org.junit.platform.engine.support.hierarchical.NodeTestTask.lambda$executeRecursively$9(NodeTestTask.java:144)
	at org.junit.platform.engine.support.hierarchical.ThrowableCollector.execute(ThrowableCollector.java:73)
	at org.junit.platform.engine.support.hierarchical.NodeTestTask.executeRecursively(NodeTestTask.java:143)
	at org.junit.platform.engine.support.hierarchical.NodeTestTask.execute(NodeTestTask.java:100)
	at java.base/java.util.ArrayList.forEach(ArrayList.java:1511)
	at org.junit.platform.engine.support.hierarchical.SameThreadHierarchicalTestExecutorService.invokeAll(SameThreadHierarchicalTestExecutorService.java:41)
	at org.junit.platform.engine.support.hierarchical.NodeTestTask.lambda$executeRecursively$6(NodeTestTask.java:160)
	at org.junit.platform.engine.support.hierarchical.ThrowableCollector.execute(ThrowableCollector.java:73)
	at org.junit.platform.engine.support.hierarchical.NodeTestTask.lambda$executeRecursively$8(NodeTestTask.java:146)
	at org.junit.platform.engine.support.hierarchical.Node.around(Node.java:137)
	at org.junit.platform.engine.support.hierarchical.NodeTestTask.lambda$executeRecursively$9(NodeTestTask.java:144)
	at org.junit.platform.engine.support.hierarchical.ThrowableCollector.execute(ThrowableCollector.java:73)
	at org.junit.platform.engine.support.hierarchical.NodeTestTask.executeRecursively(NodeTestTask.java:143)
	at org.junit.platform.engine.support.hierarchical.NodeTestTask.execute(NodeTestTask.java:100)
	at org.junit.platform.engine.support.hierarchical.SameThreadHierarchicalTestExecutorService.submit(SameThreadHierarchicalTestExecutorService.java:35)
	at org.junit.platform.engine.support.hierarchical.HierarchicalTestExecutor.execute(HierarchicalTestExecutor.java:57)
	at org.junit.platform.engine.support.hierarchical.HierarchicalTestEngine.execute(HierarchicalTestEngine.java:54)
	at org.junit.platform.launcher.core.EngineExecutionOrchestrator.execute(EngineExecutionOrchestrator.java:201)
	at org.junit.platform.launcher.core.EngineExecutionOrchestrator.execute(EngineExecutionOrchestrator.java:170)
	at org.junit.platform.launcher.core.EngineExecutionOrchestrator.execute(EngineExecutionOrchestrator.java:94)
	at org.junit.platform.launcher.core.EngineExecutionOrchestrator.lambda$execute$0(EngineExecutionOrchestrator.java:59)
	at org.junit.platform.launcher.core.EngineExecutionOrchestrator.withInterceptedStreams(EngineExecutionOrchestrator.java:142)
	at org.junit.platform.launcher.core.EngineExecutionOrchestrator.execute(EngineExecutionOrchestrator.java:58)
	at org.junit.platform.launcher.core.DefaultLauncher.execute(DefaultLauncher.java:103)
	at org.junit.platform.launcher.core.DefaultLauncher.execute(DefaultLauncher.java:85)
	at org.junit.platform.launcher.core.DelegatingLauncher.execute(DelegatingLauncher.java:47)
	at org.junit.platform.launcher.core.InterceptingLauncher.lambda$execute$1(InterceptingLauncher.java:39)
	at org.junit.platform.launcher.core.ClasspathAlignmentCheckingLauncherInterceptor.intercept(ClasspathAlignmentCheckingLauncherInterceptor.java:25)
	at org.junit.platform.launcher.core.InterceptingLauncher.execute(InterceptingLauncher.java:38)
	at org.junit.platform.launcher.core.DelegatingLauncher.execute(DelegatingLauncher.java:47)
	at org.apache.maven.surefire.junitplatform.LazyLauncher.execute(LazyLauncher.java:56)
	at org.apache.maven.surefire.junitplatform.JUnitPlatformProvider.execute(JUnitPlatformProvider.java:184)
	at org.apache.maven.surefire.junitplatform.JUnitPlatformProvider.invokeAllTests(JUnitPlatformProvider.java:148)
	at org.apache.maven.surefire.junitplatform.JUnitPlatformProvider.invoke(JUnitPlatformProvider.java:122)
	at org.apache.maven.surefire.booter.ForkedBooter.runSuitesInProcess(ForkedBooter.java:385)
	at org.apache.maven.surefire.booter.ForkedBooter.execute(ForkedBooter.java:162)
	at org.apache.maven.surefire.booter.ForkedBooter.run(ForkedBooter.java:507)
	at org.apache.maven.surefire.booter.ForkedBooter.main(ForkedBooter.java:495)

]]></system-out>
    <system-err><![CDATA[io.apicurio.registry.rest.client.models.RuleViolationProblemDetails
	at io.apicurio.registry.rest.client.models.RuleViolationProblemDetails.createFromDiscriminatorValue(RuleViolationProblemDetails.java:62)
	at io.kiota.serialization.json.JsonParseNode.getObjectValue(JsonParseNode.java:247)
	at io.kiota.http.vertx.VertXRequestAdapter.lambda$throwIfFailedResponse$0(VertXRequestAdapter.java:400)
	at com.microsoft.kiota.ApiExceptionBuilder.<init>(ApiExceptionBuilder.java:26)
	at io.kiota.http.vertx.VertXRequestAdapter.throwIfFailedResponse(VertXRequestAdapter.java:399)
	at io.kiota.http.vertx.VertXRequestAdapter.send(VertXRequestAdapter.java:170)
	at io.apicurio.registry.rest.client.groups.item.artifacts.ArtifactsRequestBuilder.post(ArtifactsRequestBuilder.java:130)
	at io.apicurio.registry.resolver.client.RegistryClientFacadeImpl.createSchema(RegistryClientFacadeImpl.java:144)
	at io.apicurio.registry.resolver.DefaultSchemaResolver.lambda$handleAutoCreateArtifact$4(DefaultSchemaResolver.java:307)
	at io.apicurio.registry.resolver.cache.ERCache.lambda$getValue$0(ERCache.java:174)
	at io.apicurio.registry.resolver.cache.ERCache.retry(ERCache.java:227)
	at io.apicurio.registry.resolver.cache.ERCache.getValue(ERCache.java:173)
	at io.apicurio.registry.resolver.cache.ERCache.getByContent(ERCache.java:147)
	at io.apicurio.registry.resolver.DefaultSchemaResolver.handleAutoCreateArtifact(DefaultSchemaResolver.java:295)
	at io.apicurio.registry.resolver.DefaultSchemaResolver.getSchemaFromRegistry(DefaultSchemaResolver.java:120)
	at io.apicurio.registry.resolver.DefaultSchemaResolver.lambda$resolveSchema$0(DefaultSchemaResolver.java:84)
	at java.base/java.util.Optional.orElseGet(Optional.java:364)
	at io.apicurio.registry.resolver.DefaultSchemaResolver.resolveSchema(DefaultSchemaResolver.java:84)
	at io.apicurio.registry.serde.AbstractSerializer.serializeData(AbstractSerializer.java:62)
	at io.apicurio.registry.serde.KafkaSerializer.serialize(KafkaSerializer.java:77)
	at org.apache.kafka.clients.producer.KafkaProducer.doSend(KafkaProducer.java:1046)
	at org.apache.kafka.clients.producer.KafkaProducer.send(KafkaProducer.java:993)
	at org.apache.kafka.clients.producer.KafkaProducer.send(KafkaProducer.java:875)
	at io.apicurio.tests.serdes.apicurio.KafkaSerdesTester.lambda$produceMessages$3(KafkaSerdesTester.java:138)
	at java.base/java.util.concurrent.CompletableFuture$AsyncSupply.run(CompletableFuture.java:1768)
	at java.base/java.lang.Thread.run(Thread.java:840)
]]></system-err>
  </testcase>
  <testcase name="testEvolveAvroApicurioReusingClient" classname="io.apicurio.tests.serdes.apicurio.AvroSerdeIT" time="4.271">
    <error type="io.apicurio.registry.rest.client.models.RuleViolationProblemDetails"><![CDATA[io.apicurio.registry.rest.client.models.RuleViolationProblemDetails
	at io.apicurio.registry.rest.client.models.RuleViolationProblemDetails.createFromDiscriminatorValue(RuleViolationProblemDetails.java:62)
	at io.kiota.serialization.json.JsonParseNode.getObjectValue(JsonParseNode.java:247)
	at io.kiota.http.vertx.VertXRequestAdapter.lambda$throwIfFailedResponse$0(VertXRequestAdapter.java:400)
	at com.microsoft.kiota.ApiExceptionBuilder.<init>(ApiExceptionBuilder.java:26)
	at io.kiota.http.vertx.VertXRequestAdapter.throwIfFailedResponse(VertXRequestAdapter.java:399)
	at io.kiota.http.vertx.VertXRequestAdapter.send(VertXRequestAdapter.java:170)
	at io.apicurio.registry.rest.client.groups.item.artifacts.item.versions.VersionsRequestBuilder.post(VersionsRequestBuilder.java:117)
	at io.apicurio.registry.rest.client.groups.item.artifacts.item.versions.VersionsRequestBuilder.post(VersionsRequestBuilder.java:94)
	at io.apicurio.tests.ApicurioRegistryBaseIT.createArtifactVersion(ApicurioRegistryBaseIT.java:219)
	at io.apicurio.tests.serdes.apicurio.AvroSerdeIT.evolveSchemaTest(AvroSerdeIT.java:337)
	at io.apicurio.tests.serdes.apicurio.AvroSerdeIT.testEvolveAvroApicurioReusingClient(AvroSerdeIT.java:281)
	at java.base/java.lang.reflect.Method.invoke(Method.java:569)
	at java.base/java.util.ArrayList.forEach(ArrayList.java:1511)
	at java.base/java.util.ArrayList.forEach(ArrayList.java:1511)
]]></error>
    <system-out><![CDATA[2025-08-06 18:59:44,431 INFO  [io.api.tes.uti.TestSeparator] (main) ############################################################################
2025-08-06 18:59:44,431 INFO  [io.api.tes.uti.TestSeparator] (main) io.apicurio.tests.serdes.apicurio.AvroSerdeIT.testEvolveAvroApicurioReusingClient-STARTED
2025-08-06 18:59:44,432 INFO  [io.api.tes.ser.api.AvroSerdeIT] (main) Registering Avro Schema: {"type":"record","name":"s246563daxb5c1x4bc6xa9f9x696087e5ffbf","namespace":"ns_442b1ef8_de15_4f48_8949_69875f41f511","fields":[{"name":"key11754506784432","type":"string"}]}
**** Registry Base URL: http://registry-app-ksql043.apps.ci419.apicurio-testing.org:80
2025-08-06 18:59:45,507 INFO  [org.apa.kaf.cli.pro.ProducerConfig] (main) ProducerConfig values: 
	acks = -1
	auto.include.jmx.reporter = true
	batch.size = 16384
	bootstrap.servers = [PLAINTEXT://localhost:32769]
	buffer.memory = 33554432
	client.dns.lookup = use_all_dns_ips
	client.id = Producer-topic-be5af7c5_5d0c_4322_877c_2ef7fa503dda
	compression.gzip.level = -1
	compression.lz4.level = 9
	compression.type = none
	compression.zstd.level = 3
	connections.max.idle.ms = 10000
	delivery.timeout.ms = 120000
	enable.idempotence = true
	enable.metrics.push = true
	interceptor.classes = []
	key.serializer = class org.apache.kafka.common.serialization.StringSerializer
	linger.ms = 0
	max.block.ms = 60000
	max.in.flight.requests.per.connection = 5
	max.request.size = 1048576
	metadata.max.age.ms = 300000
	metadata.max.idle.ms = 300000
	metadata.recovery.strategy = none
	metric.reporters = []
	metrics.num.samples = 2
	metrics.recording.level = INFO
	metrics.sample.window.ms = 30000
	partitioner.adaptive.partitioning.enable = true
	partitioner.availability.timeout.ms = 0
	partitioner.class = null
	partitioner.ignore.keys = false
	receive.buffer.bytes = 32768
	reconnect.backoff.max.ms = 1000
	reconnect.backoff.ms = 50
	request.timeout.ms = 5000
	retries = 2147483647
	retry.backoff.max.ms = 1000
	retry.backoff.ms = 100
	sasl.client.callback.handler.class = null
	sasl.jaas.config = null
	sasl.kerberos.kinit.cmd = /usr/bin/kinit
	sasl.kerberos.min.time.before.relogin = 60000
	sasl.kerberos.service.name = null
	sasl.kerberos.ticket.renew.jitter = 0.05
	sasl.kerberos.ticket.renew.window.factor = 0.8
	sasl.login.callback.handler.class = null
	sasl.login.class = null
	sasl.login.connect.timeout.ms = null
	sasl.login.read.timeout.ms = null
	sasl.login.refresh.buffer.seconds = 300
	sasl.login.refresh.min.period.seconds = 60
	sasl.login.refresh.window.factor = 0.8
	sasl.login.refresh.window.jitter = 0.05
	sasl.login.retry.backoff.max.ms = 10000
	sasl.login.retry.backoff.ms = 100
	sasl.mechanism = GSSAPI
	sasl.oauthbearer.clock.skew.seconds = 30
	sasl.oauthbearer.expected.audience = null
	sasl.oauthbearer.expected.issuer = null
	sasl.oauthbearer.header.urlencode = false
	sasl.oauthbearer.jwks.endpoint.refresh.ms = 3600000
	sasl.oauthbearer.jwks.endpoint.retry.backoff.max.ms = 10000
	sasl.oauthbearer.jwks.endpoint.retry.backoff.ms = 100
	sasl.oauthbearer.jwks.endpoint.url = null
	sasl.oauthbearer.scope.claim.name = scope
	sasl.oauthbearer.sub.claim.name = sub
	sasl.oauthbearer.token.endpoint.url = null
	security.protocol = PLAINTEXT
	security.providers = null
	send.buffer.bytes = 131072
	socket.connection.setup.timeout.max.ms = 30000
	socket.connection.setup.timeout.ms = 10000
	ssl.cipher.suites = null
	ssl.enabled.protocols = [TLSv1.2, TLSv1.3]
	ssl.endpoint.identification.algorithm = https
	ssl.engine.factory.class = null
	ssl.key.password = null
	ssl.keymanager.algorithm = SunX509
	ssl.keystore.certificate.chain = null
	ssl.keystore.key = null
	ssl.keystore.location = null
	ssl.keystore.password = null
	ssl.keystore.type = JKS
	ssl.protocol = TLSv1.3
	ssl.provider = null
	ssl.secure.random.implementation = null
	ssl.trustmanager.algorithm = PKIX
	ssl.truststore.certificates = null
	ssl.truststore.location = null
	ssl.truststore.password = null
	ssl.truststore.type = JKS
	transaction.timeout.ms = 60000
	transactional.id = null
	value.serializer = class io.apicurio.registry.serde.avro.AvroKafkaSerializer

2025-08-06 18:59:45,508 INFO  [org.apa.kaf.com.tel.int.KafkaMetricsCollector] (main) initializing Kafka metrics collector
2025-08-06 18:59:45,511 INFO  [org.apa.kaf.cli.pro.KafkaProducer] (main) [Producer clientId=Producer-topic-be5af7c5_5d0c_4322_877c_2ef7fa503dda] Instantiated an idempotent producer.
2025-08-06 18:59:45,514 INFO  [org.apa.kaf.cli.pro.ProducerConfig] (main) These configurations '[apicurio.registry.url, apicurio.registry.artifact-resolver-strategy]' were supplied but are not used yet.
2025-08-06 18:59:45,514 INFO  [org.apa.kaf.com.uti.AppInfoParser] (main) Kafka version: 3.9.1
2025-08-06 18:59:45,514 INFO  [org.apa.kaf.com.uti.AppInfoParser] (main) Kafka commitId: f745dfdcee2b9851
2025-08-06 18:59:45,514 INFO  [org.apa.kaf.com.uti.AppInfoParser] (main) Kafka startTimeMs: 1754506785514
**** Registry Base URL: http://registry-app-ksql043.apps.ci419.apicurio-testing.org:80
2025-08-06 18:59:45,515 INFO  [org.apa.kaf.cli.con.ConsumerConfig] (main) ConsumerConfig values: 
	allow.auto.create.topics = true
	auto.commit.interval.ms = 500
	auto.include.jmx.reporter = true
	auto.offset.reset = earliest
	bootstrap.servers = [PLAINTEXT://localhost:32769]
	check.crcs = true
	client.dns.lookup = use_all_dns_ips
	client.id = consumer-Consumer-topic-be5af7c5_5d0c_4322_877c_2ef7fa503dda-8
	client.rack = 
	connections.max.idle.ms = 10000
	default.api.timeout.ms = 60000
	enable.auto.commit = true
	enable.metrics.push = true
	exclude.internal.topics = true
	fetch.max.bytes = 52428800
	fetch.max.wait.ms = 500
	fetch.min.bytes = 1
	group.id = Consumer-topic-be5af7c5_5d0c_4322_877c_2ef7fa503dda
	group.instance.id = null
	group.protocol = classic
	group.remote.assignor = null
	heartbeat.interval.ms = 3000
	interceptor.classes = []
	internal.leave.group.on.close = true
	internal.throw.on.fetch.stable.offset.unsupported = false
	isolation.level = read_uncommitted
	key.deserializer = class org.apache.kafka.common.serialization.StringDeserializer
	max.partition.fetch.bytes = 1048576
	max.poll.interval.ms = 300000
	max.poll.records = 500
	metadata.max.age.ms = 300000
	metadata.recovery.strategy = none
	metric.reporters = []
	metrics.num.samples = 2
	metrics.recording.level = INFO
	metrics.sample.window.ms = 30000
	partition.assignment.strategy = [class org.apache.kafka.clients.consumer.RangeAssignor, class org.apache.kafka.clients.consumer.CooperativeStickyAssignor]
	receive.buffer.bytes = 65536
	reconnect.backoff.max.ms = 1000
	reconnect.backoff.ms = 50
	request.timeout.ms = 5000
	retry.backoff.max.ms = 1000
	retry.backoff.ms = 100
	sasl.client.callback.handler.class = null
	sasl.jaas.config = null
	sasl.kerberos.kinit.cmd = /usr/bin/kinit
	sasl.kerberos.min.time.before.relogin = 60000
	sasl.kerberos.service.name = null
	sasl.kerberos.ticket.renew.jitter = 0.05
	sasl.kerberos.ticket.renew.window.factor = 0.8
	sasl.login.callback.handler.class = null
	sasl.login.class = null
	sasl.login.connect.timeout.ms = null
	sasl.login.read.timeout.ms = null
	sasl.login.refresh.buffer.seconds = 300
	sasl.login.refresh.min.period.seconds = 60
	sasl.login.refresh.window.factor = 0.8
	sasl.login.refresh.window.jitter = 0.05
	sasl.login.retry.backoff.max.ms = 10000
	sasl.login.retry.backoff.ms = 100
	sasl.mechanism = GSSAPI
	sasl.oauthbearer.clock.skew.seconds = 30
	sasl.oauthbearer.expected.audience = null
	sasl.oauthbearer.expected.issuer = null
	sasl.oauthbearer.header.urlencode = false
	sasl.oauthbearer.jwks.endpoint.refresh.ms = 3600000
	sasl.oauthbearer.jwks.endpoint.retry.backoff.max.ms = 10000
	sasl.oauthbearer.jwks.endpoint.retry.backoff.ms = 100
	sasl.oauthbearer.jwks.endpoint.url = null
	sasl.oauthbearer.scope.claim.name = scope
	sasl.oauthbearer.sub.claim.name = sub
	sasl.oauthbearer.token.endpoint.url = null
	security.protocol = PLAINTEXT
	security.providers = null
	send.buffer.bytes = 131072
	session.timeout.ms = 45000
	socket.connection.setup.timeout.max.ms = 30000
	socket.connection.setup.timeout.ms = 10000
	ssl.cipher.suites = null
	ssl.enabled.protocols = [TLSv1.2, TLSv1.3]
	ssl.endpoint.identification.algorithm = https
	ssl.engine.factory.class = null
	ssl.key.password = null
	ssl.keymanager.algorithm = SunX509
	ssl.keystore.certificate.chain = null
	ssl.keystore.key = null
	ssl.keystore.location = null
	ssl.keystore.password = null
	ssl.keystore.type = JKS
	ssl.protocol = TLSv1.3
	ssl.provider = null
	ssl.secure.random.implementation = null
	ssl.trustmanager.algorithm = PKIX
	ssl.truststore.certificates = null
	ssl.truststore.location = null
	ssl.truststore.password = null
	ssl.truststore.type = JKS
	value.deserializer = class io.apicurio.registry.serde.avro.AvroKafkaDeserializer

2025-08-06 18:59:45,515 INFO  [org.apa.kaf.com.tel.int.KafkaMetricsCollector] (main) initializing Kafka metrics collector
2025-08-06 18:59:45,525 INFO  [org.apa.kaf.cli.Metadata] (kafka-producer-network-thread | Producer-topic-be5af7c5_5d0c_4322_877c_2ef7fa503dda) [Producer clientId=Producer-topic-be5af7c5_5d0c_4322_877c_2ef7fa503dda] Cluster ID: T8p0IQFNTYSHGQR6rr1wVQ
2025-08-06 18:59:45,526 INFO  [org.apa.kaf.cli.pro.int.TransactionManager] (kafka-producer-network-thread | Producer-topic-be5af7c5_5d0c_4322_877c_2ef7fa503dda) [Producer clientId=Producer-topic-be5af7c5_5d0c_4322_877c_2ef7fa503dda] ProducerId set to 11 with epoch 0
2025-08-06 18:59:45,528 INFO  [org.apa.kaf.cli.con.ConsumerConfig] (main) These configurations '[apicurio.registry.url]' were supplied but are not used yet.
2025-08-06 18:59:45,528 INFO  [org.apa.kaf.com.uti.AppInfoParser] (main) Kafka version: 3.9.1
2025-08-06 18:59:45,528 INFO  [org.apa.kaf.com.uti.AppInfoParser] (main) Kafka commitId: f745dfdcee2b9851
2025-08-06 18:59:45,528 INFO  [org.apa.kaf.com.uti.AppInfoParser] (main) Kafka startTimeMs: 1754506785528
2025-08-06 18:59:45,533 INFO  [io.api.tes.ser.api.KafkaSerdesTester] (Thread-656) Sending message {"key11754506784432": "value-0"} to topic topic-be5af7c5_5d0c_4322_877c_2ef7fa503dda
2025-08-06 18:59:45,547 INFO  [DefaultSchemaResolver] (Thread-656) Retrieving schema content using string: {"type":"record","name":"s246563daxb5c1x4bc6xa9f9x696087e5ffbf","namespace":"ns_442b1ef8_de15_4f48_8949_69875f41f511","fields":[{"name":"key11754506784432","type":"string"}]}
2025-08-06 18:59:45,574 INFO  [io.api.tes.ser.api.KafkaSerdesTester] (Thread-656) Sending message {"key11754506784432": "value-1"} to topic topic-be5af7c5_5d0c_4322_877c_2ef7fa503dda
2025-08-06 18:59:45,576 INFO  [io.api.tes.ser.api.KafkaSerdesTester] (Thread-656) Sending message {"key11754506784432": "value-2"} to topic topic-be5af7c5_5d0c_4322_877c_2ef7fa503dda
2025-08-06 18:59:45,579 INFO  [io.api.tes.ser.api.KafkaSerdesTester] (Thread-656) Sending message {"key11754506784432": "value-3"} to topic topic-be5af7c5_5d0c_4322_877c_2ef7fa503dda
2025-08-06 18:59:45,586 INFO  [io.api.tes.ser.api.KafkaSerdesTester] (Thread-656) Sending message {"key11754506784432": "value-4"} to topic topic-be5af7c5_5d0c_4322_877c_2ef7fa503dda
2025-08-06 18:59:45,589 INFO  [io.api.tes.ser.api.KafkaSerdesTester] (Thread-656) Sending message {"key11754506784432": "value-5"} to topic topic-be5af7c5_5d0c_4322_877c_2ef7fa503dda
2025-08-06 18:59:45,591 INFO  [io.api.tes.ser.api.KafkaSerdesTester] (Thread-656) Sending message {"key11754506784432": "value-6"} to topic topic-be5af7c5_5d0c_4322_877c_2ef7fa503dda
2025-08-06 18:59:45,594 INFO  [io.api.tes.ser.api.KafkaSerdesTester] (Thread-656) Sending message {"key11754506784432": "value-7"} to topic topic-be5af7c5_5d0c_4322_877c_2ef7fa503dda
2025-08-06 18:59:45,597 INFO  [io.api.tes.ser.api.KafkaSerdesTester] (Thread-656) Sending message {"key11754506784432": "value-8"} to topic topic-be5af7c5_5d0c_4322_877c_2ef7fa503dda
2025-08-06 18:59:45,601 INFO  [io.api.tes.ser.api.KafkaSerdesTester] (Thread-656) Sending message {"key11754506784432": "value-9"} to topic topic-be5af7c5_5d0c_4322_877c_2ef7fa503dda
2025-08-06 18:59:45,606 INFO  [io.api.tes.ser.api.KafkaSerdesTester] (Thread-656) Produced 10 messages
2025-08-06 18:59:45,607 INFO  [org.apa.kaf.cli.con.int.ClassicKafkaConsumer] (Thread-657) [Consumer clientId=consumer-Consumer-topic-be5af7c5_5d0c_4322_877c_2ef7fa503dda-8, groupId=Consumer-topic-be5af7c5_5d0c_4322_877c_2ef7fa503dda] Subscribed to topic(s): topic-be5af7c5_5d0c_4322_877c_2ef7fa503dda
2025-08-06 18:59:45,618 INFO  [org.apa.kaf.cli.Metadata] (Thread-657) [Consumer clientId=consumer-Consumer-topic-be5af7c5_5d0c_4322_877c_2ef7fa503dda-8, groupId=Consumer-topic-be5af7c5_5d0c_4322_877c_2ef7fa503dda] Cluster ID: T8p0IQFNTYSHGQR6rr1wVQ
2025-08-06 18:59:45,620 INFO  [org.apa.kaf.cli.con.int.ConsumerCoordinator] (Thread-657) [Consumer clientId=consumer-Consumer-topic-be5af7c5_5d0c_4322_877c_2ef7fa503dda-8, groupId=Consumer-topic-be5af7c5_5d0c_4322_877c_2ef7fa503dda] Discovered group coordinator localhost:32769 (id: 2147483647 rack: null)
2025-08-06 18:59:45,623 INFO  [org.apa.kaf.cli.con.int.ConsumerCoordinator] (Thread-657) [Consumer clientId=consumer-Consumer-topic-be5af7c5_5d0c_4322_877c_2ef7fa503dda-8, groupId=Consumer-topic-be5af7c5_5d0c_4322_877c_2ef7fa503dda] (Re-)joining group
2025-08-06 18:59:45,630 INFO  [org.apa.kaf.cli.con.int.ConsumerCoordinator] (Thread-657) [Consumer clientId=consumer-Consumer-topic-be5af7c5_5d0c_4322_877c_2ef7fa503dda-8, groupId=Consumer-topic-be5af7c5_5d0c_4322_877c_2ef7fa503dda] Request joining group due to: need to re-join with the given member-id: consumer-Consumer-topic-be5af7c5_5d0c_4322_877c_2ef7fa503dda-8-b24350ae-bf9a-4e9d-8e7e-cc70b44da1f2
2025-08-06 18:59:45,630 INFO  [org.apa.kaf.cli.con.int.ConsumerCoordinator] (Thread-657) [Consumer clientId=consumer-Consumer-topic-be5af7c5_5d0c_4322_877c_2ef7fa503dda-8, groupId=Consumer-topic-be5af7c5_5d0c_4322_877c_2ef7fa503dda] (Re-)joining group
2025-08-06 18:59:46,608 INFO  [io.api.tes.ser.api.KafkaSerdesTester] (Thread-657) None found
2025-08-06 18:59:47,609 INFO  [io.api.tes.ser.api.KafkaSerdesTester] (Thread-657) None found
2025-08-06 18:59:48,610 INFO  [io.api.tes.ser.api.KafkaSerdesTester] (Thread-657) None found
2025-08-06 18:59:48,634 INFO  [org.apa.kaf.cli.con.int.ConsumerCoordinator] (Thread-657) [Consumer clientId=consumer-Consumer-topic-be5af7c5_5d0c_4322_877c_2ef7fa503dda-8, groupId=Consumer-topic-be5af7c5_5d0c_4322_877c_2ef7fa503dda] Successfully joined group with generation Generation{generationId=1, memberId='consumer-Consumer-topic-be5af7c5_5d0c_4322_877c_2ef7fa503dda-8-b24350ae-bf9a-4e9d-8e7e-cc70b44da1f2', protocol='range'}
2025-08-06 18:59:48,635 INFO  [org.apa.kaf.cli.con.int.ConsumerCoordinator] (Thread-657) [Consumer clientId=consumer-Consumer-topic-be5af7c5_5d0c_4322_877c_2ef7fa503dda-8, groupId=Consumer-topic-be5af7c5_5d0c_4322_877c_2ef7fa503dda] Finished assignment for group at generation 1: {consumer-Consumer-topic-be5af7c5_5d0c_4322_877c_2ef7fa503dda-8-b24350ae-bf9a-4e9d-8e7e-cc70b44da1f2=Assignment(partitions=[topic-be5af7c5_5d0c_4322_877c_2ef7fa503dda-0])}
2025-08-06 18:59:48,642 INFO  [org.apa.kaf.cli.con.int.ConsumerCoordinator] (Thread-657) [Consumer clientId=consumer-Consumer-topic-be5af7c5_5d0c_4322_877c_2ef7fa503dda-8, groupId=Consumer-topic-be5af7c5_5d0c_4322_877c_2ef7fa503dda] Successfully synced group in generation Generation{generationId=1, memberId='consumer-Consumer-topic-be5af7c5_5d0c_4322_877c_2ef7fa503dda-8-b24350ae-bf9a-4e9d-8e7e-cc70b44da1f2', protocol='range'}
2025-08-06 18:59:48,642 INFO  [org.apa.kaf.cli.con.int.ConsumerCoordinator] (Thread-657) [Consumer clientId=consumer-Consumer-topic-be5af7c5_5d0c_4322_877c_2ef7fa503dda-8, groupId=Consumer-topic-be5af7c5_5d0c_4322_877c_2ef7fa503dda] Notifying assignor about the new Assignment(partitions=[topic-be5af7c5_5d0c_4322_877c_2ef7fa503dda-0])
2025-08-06 18:59:48,642 INFO  [org.apa.kaf.cli.con.int.ConsumerRebalanceListenerInvoker] (Thread-657) [Consumer clientId=consumer-Consumer-topic-be5af7c5_5d0c_4322_877c_2ef7fa503dda-8, groupId=Consumer-topic-be5af7c5_5d0c_4322_877c_2ef7fa503dda] Adding newly assigned partitions: topic-be5af7c5_5d0c_4322_877c_2ef7fa503dda-0
2025-08-06 18:59:48,644 INFO  [org.apa.kaf.cli.con.int.ConsumerCoordinator] (Thread-657) [Consumer clientId=consumer-Consumer-topic-be5af7c5_5d0c_4322_877c_2ef7fa503dda-8, groupId=Consumer-topic-be5af7c5_5d0c_4322_877c_2ef7fa503dda] Found no committed offset for partition topic-be5af7c5_5d0c_4322_877c_2ef7fa503dda-0
2025-08-06 18:59:48,648 INFO  [org.apa.kaf.cli.con.int.SubscriptionState] (Thread-657) [Consumer clientId=consumer-Consumer-topic-be5af7c5_5d0c_4322_877c_2ef7fa503dda-8, groupId=Consumer-topic-be5af7c5_5d0c_4322_877c_2ef7fa503dda] Resetting offset for partition topic-be5af7c5_5d0c_4322_877c_2ef7fa503dda-0 to position FetchPosition{offset=0, offsetEpoch=Optional.empty, currentLeader=LeaderAndEpoch{leader=Optional[localhost:32769 (id: 0 rack: null)], epoch=0}}.
2025-08-06 18:59:48,677 INFO  [io.api.tes.ser.api.KafkaSerdesTester] (Thread-657) topic-be5af7c5_5d0c_4322_877c_2ef7fa503dda 0 0 {"key11754506784432": "value-0"}
2025-08-06 18:59:48,677 INFO  [io.api.tes.ser.api.KafkaSerdesTester] (Thread-657) topic-be5af7c5_5d0c_4322_877c_2ef7fa503dda 0 1 {"key11754506784432": "value-1"}
2025-08-06 18:59:48,677 INFO  [io.api.tes.ser.api.KafkaSerdesTester] (Thread-657) topic-be5af7c5_5d0c_4322_877c_2ef7fa503dda 0 2 {"key11754506784432": "value-2"}
2025-08-06 18:59:48,677 INFO  [io.api.tes.ser.api.KafkaSerdesTester] (Thread-657) topic-be5af7c5_5d0c_4322_877c_2ef7fa503dda 0 3 {"key11754506784432": "value-3"}
2025-08-06 18:59:48,677 INFO  [io.api.tes.ser.api.KafkaSerdesTester] (Thread-657) topic-be5af7c5_5d0c_4322_877c_2ef7fa503dda 0 4 {"key11754506784432": "value-4"}
2025-08-06 18:59:48,677 INFO  [io.api.tes.ser.api.KafkaSerdesTester] (Thread-657) topic-be5af7c5_5d0c_4322_877c_2ef7fa503dda 0 5 {"key11754506784432": "value-5"}
2025-08-06 18:59:48,677 INFO  [io.api.tes.ser.api.KafkaSerdesTester] (Thread-657) topic-be5af7c5_5d0c_4322_877c_2ef7fa503dda 0 6 {"key11754506784432": "value-6"}
2025-08-06 18:59:48,677 INFO  [io.api.tes.ser.api.KafkaSerdesTester] (Thread-657) topic-be5af7c5_5d0c_4322_877c_2ef7fa503dda 0 7 {"key11754506784432": "value-7"}
2025-08-06 18:59:48,677 INFO  [io.api.tes.ser.api.KafkaSerdesTester] (Thread-657) topic-be5af7c5_5d0c_4322_877c_2ef7fa503dda 0 8 {"key11754506784432": "value-8"}
2025-08-06 18:59:48,677 INFO  [io.api.tes.ser.api.KafkaSerdesTester] (Thread-657) topic-be5af7c5_5d0c_4322_877c_2ef7fa503dda 0 9 {"key11754506784432": "value-9"}
2025-08-06 18:59:48,677 INFO  [io.api.tes.ser.api.KafkaSerdesTester] (Thread-657) Consumed 10 messages
2025-08-06 18:59:48,678 INFO  [io.api.tes.ser.api.AvroSerdeIT] (main) Registering Avro Schema 2: {"type":"record","name":"s246563daxb5c1x4bc6xa9f9x696087e5ffbf","namespace":"ns_442b1ef8_de15_4f48_8949_69875f41f511","fields":[{"name":"key11754506784432","type":"string"},{"name":"key21754506788678","type":"string"}]}
2025-08-06 18:59:48,696 INFO  [io.api.tes.uti.TestSeparator] (main) io.apicurio.tests.serdes.apicurio.AvroSerdeIT.testEvolveAvroApicurioReusingClient-FINISHED
2025-08-06 18:59:48,696 INFO  [io.api.tes.uti.TestSeparator] (main) ############################################################################
2025-08-06 18:59:48,696 ERROR [io.api.reg.uti.tes.TestUtils] (main) === TEST FAILED ===
2025-08-06 18:59:48,696 ERROR [io.api.reg.uti.tes.TestUtils] (main) Class: class io.apicurio.tests.serdes.apicurio.AvroSerdeIT
2025-08-06 18:59:48,696 ERROR [io.api.reg.uti.tes.TestUtils] (main) Test:  testEvolveAvroApicurioReusingClient
2025-08-06 18:59:48,696 ERROR [io.api.reg.uti.tes.TestUtils] (main) ID:    [engine:junit-jupiter]/[class:io.apicurio.tests.serdes.apicurio.AvroSerdeIT]/[method:testEvolveAvroApicurioReusingClient()]
2025-08-06 18:59:48,696 ERROR [io.api.reg.uti.tes.TestUtils] (main) Error: RuleViolationProblemDetails - null
2025-08-06 18:59:48,696 ERROR [io.api.reg.uti.tes.TestUtils] (main) Rule Violation Problem Details
2025-08-06 18:59:48,696 ERROR [io.api.reg.uti.tes.TestUtils] (main)     Name:     RuleViolationException
2025-08-06 18:59:48,696 ERROR [io.api.reg.uti.tes.TestUtils] (main)     Title:    Incompatible artifact: topic-be5af7c5_5d0c_4322_877c_2ef7fa503dda-s246563daxb5c1x4bc6xa9f9x696087e5ffbf [AVRO], num of incompatible diffs: {1}, list of diff types: [key21754506788678 at /fields/1]
2025-08-06 18:59:48,696 ERROR [io.api.reg.uti.tes.TestUtils] (main)     Detail:   Incompatible artifact: topic-be5af7c5_5d0c_4322_877c_2ef7fa503dda-s246563daxb5c1x4bc6xa9f9x696087e5ffbf [AVRO], num of incompatible diffs: {1}, list of diff types: [key21754506788678 at /fields/1] Causes: key21754506788678 at /fields/1
2025-08-06 18:59:48,696 ERROR [io.api.reg.uti.tes.TestUtils] (main)     Instance: null
2025-08-06 18:59:48,696 ERROR [io.api.reg.uti.tes.TestUtils] (main)     Type:     null
2025-08-06 18:59:48,696 ERROR [io.api.reg.uti.tes.TestUtils] (main)     Message:  null
2025-08-06 18:59:48,696 ERROR [io.api.reg.uti.tes.TestUtils] (main)     Status:   409
2025-08-06 18:59:48,696 ERROR [io.api.reg.uti.tes.TestUtils] (main)     Causes:
2025-08-06 18:59:48,697 ERROR [io.api.reg.uti.tes.TestUtils] (main)         Context:     /fields/1
2025-08-06 18:59:48,697 ERROR [io.api.reg.uti.tes.TestUtils] (main)         Description: key21754506788678
2025-08-06 18:59:48,697 ERROR [io.api.reg.uti.tes.TestUtils] (main)         ---
2025-08-06 18:59:48,697 ERROR [io.api.reg.uti.tes.TestUtils] (main) Root Cause: io.apicurio.registry.rest.client.models.RuleViolationProblemDetails
	at io.apicurio.registry.rest.client.models.RuleViolationProblemDetails.createFromDiscriminatorValue(RuleViolationProblemDetails.java:62)
	at io.kiota.serialization.json.JsonParseNode.getObjectValue(JsonParseNode.java:247)
	at io.kiota.http.vertx.VertXRequestAdapter.lambda$throwIfFailedResponse$0(VertXRequestAdapter.java:400)
	at com.microsoft.kiota.ApiExceptionBuilder.<init>(ApiExceptionBuilder.java:26)
	at io.kiota.http.vertx.VertXRequestAdapter.throwIfFailedResponse(VertXRequestAdapter.java:399)
	at io.kiota.http.vertx.VertXRequestAdapter.send(VertXRequestAdapter.java:170)
	at io.apicurio.registry.rest.client.groups.item.artifacts.item.versions.VersionsRequestBuilder.post(VersionsRequestBuilder.java:117)
	at io.apicurio.registry.rest.client.groups.item.artifacts.item.versions.VersionsRequestBuilder.post(VersionsRequestBuilder.java:94)
	at io.apicurio.tests.ApicurioRegistryBaseIT.createArtifactVersion(ApicurioRegistryBaseIT.java:219)
	at io.apicurio.tests.serdes.apicurio.AvroSerdeIT.evolveSchemaTest(AvroSerdeIT.java:337)
	at io.apicurio.tests.serdes.apicurio.AvroSerdeIT.testEvolveAvroApicurioReusingClient(AvroSerdeIT.java:281)
	at java.base/jdk.internal.reflect.NativeMethodAccessorImpl.invoke0(Native Method)
	at java.base/jdk.internal.reflect.NativeMethodAccessorImpl.invoke(NativeMethodAccessorImpl.java:77)
	at java.base/jdk.internal.reflect.DelegatingMethodAccessorImpl.invoke(DelegatingMethodAccessorImpl.java:43)
	at java.base/java.lang.reflect.Method.invoke(Method.java:569)
	at org.junit.platform.commons.util.ReflectionUtils.invokeMethod(ReflectionUtils.java:775)
	at org.junit.platform.commons.support.ReflectionSupport.invokeMethod(ReflectionSupport.java:479)
	at org.junit.jupiter.engine.execution.MethodInvocation.proceed(MethodInvocation.java:60)
	at org.junit.jupiter.engine.execution.InvocationInterceptorChain$ValidatingInvocation.proceed(InvocationInterceptorChain.java:131)
	at org.junit.jupiter.engine.extension.TimeoutExtension.intercept(TimeoutExtension.java:161)
	at org.junit.jupiter.engine.extension.TimeoutExtension.interceptTestableMethod(TimeoutExtension.java:152)
	at org.junit.jupiter.engine.extension.TimeoutExtension.interceptTestMethod(TimeoutExtension.java:91)
	at org.junit.jupiter.engine.execution.InterceptingExecutableInvoker$ReflectiveInterceptorCall.lambda$ofVoidMethod$0(InterceptingExecutableInvoker.java:112)
	at org.junit.jupiter.engine.execution.InterceptingExecutableInvoker.lambda$invoke$0(InterceptingExecutableInvoker.java:94)
	at org.junit.jupiter.engine.execution.InvocationInterceptorChain$InterceptedInvocation.proceed(InvocationInterceptorChain.java:106)
	at org.junit.jupiter.engine.execution.InvocationInterceptorChain.proceed(InvocationInterceptorChain.java:64)
	at org.junit.jupiter.engine.execution.InvocationInterceptorChain.chainAndInvoke(InvocationInterceptorChain.java:45)
	at org.junit.jupiter.engine.execution.InvocationInterceptorChain.invoke(InvocationInterceptorChain.java:37)
	at org.junit.jupiter.engine.execution.InterceptingExecutableInvoker.invoke(InterceptingExecutableInvoker.java:93)
	at org.junit.jupiter.engine.execution.InterceptingExecutableInvoker.invoke(InterceptingExecutableInvoker.java:87)
	at org.junit.jupiter.engine.descriptor.TestMethodTestDescriptor.lambda$invokeTestMethod$7(TestMethodTestDescriptor.java:216)
	at org.junit.platform.engine.support.hierarchical.ThrowableCollector.execute(ThrowableCollector.java:73)
	at org.junit.jupiter.engine.descriptor.TestMethodTestDescriptor.invokeTestMethod(TestMethodTestDescriptor.java:212)
	at org.junit.jupiter.engine.descriptor.TestMethodTestDescriptor.execute(TestMethodTestDescriptor.java:137)
	at org.junit.jupiter.engine.descriptor.TestMethodTestDescriptor.execute(TestMethodTestDescriptor.java:69)
	at org.junit.platform.engine.support.hierarchical.NodeTestTask.lambda$executeRecursively$6(NodeTestTask.java:156)
	at org.junit.platform.engine.support.hierarchical.ThrowableCollector.execute(ThrowableCollector.java:73)
	at org.junit.platform.engine.support.hierarchical.NodeTestTask.lambda$executeRecursively$8(NodeTestTask.java:146)
	at org.junit.platform.engine.support.hierarchical.Node.around(Node.java:137)
	at org.junit.platform.engine.support.hierarchical.NodeTestTask.lambda$executeRecursively$9(NodeTestTask.java:144)
	at org.junit.platform.engine.support.hierarchical.ThrowableCollector.execute(ThrowableCollector.java:73)
	at org.junit.platform.engine.support.hierarchical.NodeTestTask.executeRecursively(NodeTestTask.java:143)
	at org.junit.platform.engine.support.hierarchical.NodeTestTask.execute(NodeTestTask.java:100)
	at java.base/java.util.ArrayList.forEach(ArrayList.java:1511)
	at org.junit.platform.engine.support.hierarchical.SameThreadHierarchicalTestExecutorService.invokeAll(SameThreadHierarchicalTestExecutorService.java:41)
	at org.junit.platform.engine.support.hierarchical.NodeTestTask.lambda$executeRecursively$6(NodeTestTask.java:160)
	at org.junit.platform.engine.support.hierarchical.ThrowableCollector.execute(ThrowableCollector.java:73)
	at org.junit.platform.engine.support.hierarchical.NodeTestTask.lambda$executeRecursively$8(NodeTestTask.java:146)
	at org.junit.platform.engine.support.hierarchical.Node.around(Node.java:137)
	at org.junit.platform.engine.support.hierarchical.NodeTestTask.lambda$executeRecursively$9(NodeTestTask.java:144)
	at org.junit.platform.engine.support.hierarchical.ThrowableCollector.execute(ThrowableCollector.java:73)
	at org.junit.platform.engine.support.hierarchical.NodeTestTask.executeRecursively(NodeTestTask.java:143)
	at org.junit.platform.engine.support.hierarchical.NodeTestTask.execute(NodeTestTask.java:100)
	at java.base/java.util.ArrayList.forEach(ArrayList.java:1511)
	at org.junit.platform.engine.support.hierarchical.SameThreadHierarchicalTestExecutorService.invokeAll(SameThreadHierarchicalTestExecutorService.java:41)
	at org.junit.platform.engine.support.hierarchical.NodeTestTask.lambda$executeRecursively$6(NodeTestTask.java:160)
	at org.junit.platform.engine.support.hierarchical.ThrowableCollector.execute(ThrowableCollector.java:73)
	at org.junit.platform.engine.support.hierarchical.NodeTestTask.lambda$executeRecursively$8(NodeTestTask.java:146)
	at org.junit.platform.engine.support.hierarchical.Node.around(Node.java:137)
	at org.junit.platform.engine.support.hierarchical.NodeTestTask.lambda$executeRecursively$9(NodeTestTask.java:144)
	at org.junit.platform.engine.support.hierarchical.ThrowableCollector.execute(ThrowableCollector.java:73)
	at org.junit.platform.engine.support.hierarchical.NodeTestTask.executeRecursively(NodeTestTask.java:143)
	at org.junit.platform.engine.support.hierarchical.NodeTestTask.execute(NodeTestTask.java:100)
	at org.junit.platform.engine.support.hierarchical.SameThreadHierarchicalTestExecutorService.submit(SameThreadHierarchicalTestExecutorService.java:35)
	at org.junit.platform.engine.support.hierarchical.HierarchicalTestExecutor.execute(HierarchicalTestExecutor.java:57)
	at org.junit.platform.engine.support.hierarchical.HierarchicalTestEngine.execute(HierarchicalTestEngine.java:54)
	at org.junit.platform.launcher.core.EngineExecutionOrchestrator.execute(EngineExecutionOrchestrator.java:201)
	at org.junit.platform.launcher.core.EngineExecutionOrchestrator.execute(EngineExecutionOrchestrator.java:170)
	at org.junit.platform.launcher.core.EngineExecutionOrchestrator.execute(EngineExecutionOrchestrator.java:94)
	at org.junit.platform.launcher.core.EngineExecutionOrchestrator.lambda$execute$0(EngineExecutionOrchestrator.java:59)
	at org.junit.platform.launcher.core.EngineExecutionOrchestrator.withInterceptedStreams(EngineExecutionOrchestrator.java:142)
	at org.junit.platform.launcher.core.EngineExecutionOrchestrator.execute(EngineExecutionOrchestrator.java:58)
	at org.junit.platform.launcher.core.DefaultLauncher.execute(DefaultLauncher.java:103)
	at org.junit.platform.launcher.core.DefaultLauncher.execute(DefaultLauncher.java:85)
	at org.junit.platform.launcher.core.DelegatingLauncher.execute(DelegatingLauncher.java:47)
	at org.junit.platform.launcher.core.InterceptingLauncher.lambda$execute$1(InterceptingLauncher.java:39)
	at org.junit.platform.launcher.core.ClasspathAlignmentCheckingLauncherInterceptor.intercept(ClasspathAlignmentCheckingLauncherInterceptor.java:25)
	at org.junit.platform.launcher.core.InterceptingLauncher.execute(InterceptingLauncher.java:38)
	at org.junit.platform.launcher.core.DelegatingLauncher.execute(DelegatingLauncher.java:47)
	at org.apache.maven.surefire.junitplatform.LazyLauncher.execute(LazyLauncher.java:56)
	at org.apache.maven.surefire.junitplatform.JUnitPlatformProvider.execute(JUnitPlatformProvider.java:184)
	at org.apache.maven.surefire.junitplatform.JUnitPlatformProvider.invokeAllTests(JUnitPlatformProvider.java:148)
	at org.apache.maven.surefire.junitplatform.JUnitPlatformProvider.invoke(JUnitPlatformProvider.java:122)
	at org.apache.maven.surefire.booter.ForkedBooter.runSuitesInProcess(ForkedBooter.java:385)
	at org.apache.maven.surefire.booter.ForkedBooter.execute(ForkedBooter.java:162)
	at org.apache.maven.surefire.booter.ForkedBooter.run(ForkedBooter.java:507)
	at org.apache.maven.surefire.booter.ForkedBooter.main(ForkedBooter.java:495)

2025-08-06 18:59:48,697 ERROR [io.api.reg.uti.tes.TestUtils] (main) === =========== ===
]]></system-out>
  </testcase>
  <testcase name="testProducerUsesDefaultConsumerUsesGlobalId" classname="io.apicurio.tests.serdes.apicurio.AvroSerdeIT" time="0.0">
    <skipped message="void io.apicurio.tests.serdes.apicurio.AvroSerdeIT.testProducerUsesDefaultConsumerUsesGlobalId() throws java.lang.Exception is @Disabled"/>
  </testcase>
  <testcase name="testEvolveAvroApicurio" classname="io.apicurio.tests.serdes.apicurio.AvroSerdeIT" time="5.015">
    <error type="io.apicurio.registry.rest.client.models.RuleViolationProblemDetails"><![CDATA[io.apicurio.registry.rest.client.models.RuleViolationProblemDetails
	at io.apicurio.registry.rest.client.models.RuleViolationProblemDetails.createFromDiscriminatorValue(RuleViolationProblemDetails.java:62)
	at io.kiota.serialization.json.JsonParseNode.getObjectValue(JsonParseNode.java:247)
	at io.kiota.http.vertx.VertXRequestAdapter.lambda$throwIfFailedResponse$0(VertXRequestAdapter.java:400)
	at com.microsoft.kiota.ApiExceptionBuilder.<init>(ApiExceptionBuilder.java:26)
	at io.kiota.http.vertx.VertXRequestAdapter.throwIfFailedResponse(VertXRequestAdapter.java:399)
	at io.kiota.http.vertx.VertXRequestAdapter.send(VertXRequestAdapter.java:170)
	at io.apicurio.registry.rest.client.groups.item.artifacts.item.versions.VersionsRequestBuilder.post(VersionsRequestBuilder.java:117)
	at io.apicurio.registry.rest.client.groups.item.artifacts.item.versions.VersionsRequestBuilder.post(VersionsRequestBuilder.java:94)
	at io.apicurio.tests.ApicurioRegistryBaseIT.createArtifactVersion(ApicurioRegistryBaseIT.java:219)
	at io.apicurio.tests.serdes.apicurio.AvroSerdeIT.evolveSchemaTest(AvroSerdeIT.java:337)
	at io.apicurio.tests.serdes.apicurio.AvroSerdeIT.testEvolveAvroApicurio(AvroSerdeIT.java:275)
	at java.base/java.lang.reflect.Method.invoke(Method.java:569)
	at java.base/java.util.ArrayList.forEach(ArrayList.java:1511)
	at java.base/java.util.ArrayList.forEach(ArrayList.java:1511)
]]></error>
    <system-out><![CDATA[2025-08-06 18:59:48,701 INFO  [io.api.tes.uti.TestSeparator] (main) ############################################################################
2025-08-06 18:59:48,701 INFO  [io.api.tes.uti.TestSeparator] (main) io.apicurio.tests.serdes.apicurio.AvroSerdeIT.testEvolveAvroApicurio-STARTED
2025-08-06 18:59:48,704 INFO  [io.api.tes.ser.api.AvroSerdeIT] (main) Registering Avro Schema: {"type":"record","name":"s8ca7cbacx553cx42f4x9f69x00e66c5e9d60","namespace":"ns_a3eacd85_e586_4844_8d43_75fafec8b134","fields":[{"name":"key11754506788704","type":"string"}]}
**** Registry Base URL: http://registry-app-ksql043.apps.ci419.apicurio-testing.org:80
2025-08-06 18:59:49,778 INFO  [org.apa.kaf.cli.pro.ProducerConfig] (main) ProducerConfig values: 
	acks = -1
	auto.include.jmx.reporter = true
	batch.size = 16384
	bootstrap.servers = [PLAINTEXT://localhost:32769]
	buffer.memory = 33554432
	client.dns.lookup = use_all_dns_ips
	client.id = Producer-topic-540c23c4_4a77_49df_9b68_360bb00ab32d
	compression.gzip.level = -1
	compression.lz4.level = 9
	compression.type = none
	compression.zstd.level = 3
	connections.max.idle.ms = 10000
	delivery.timeout.ms = 120000
	enable.idempotence = true
	enable.metrics.push = true
	interceptor.classes = []
	key.serializer = class org.apache.kafka.common.serialization.StringSerializer
	linger.ms = 0
	max.block.ms = 60000
	max.in.flight.requests.per.connection = 5
	max.request.size = 1048576
	metadata.max.age.ms = 300000
	metadata.max.idle.ms = 300000
	metadata.recovery.strategy = none
	metric.reporters = []
	metrics.num.samples = 2
	metrics.recording.level = INFO
	metrics.sample.window.ms = 30000
	partitioner.adaptive.partitioning.enable = true
	partitioner.availability.timeout.ms = 0
	partitioner.class = null
	partitioner.ignore.keys = false
	receive.buffer.bytes = 32768
	reconnect.backoff.max.ms = 1000
	reconnect.backoff.ms = 50
	request.timeout.ms = 5000
	retries = 2147483647
	retry.backoff.max.ms = 1000
	retry.backoff.ms = 100
	sasl.client.callback.handler.class = null
	sasl.jaas.config = null
	sasl.kerberos.kinit.cmd = /usr/bin/kinit
	sasl.kerberos.min.time.before.relogin = 60000
	sasl.kerberos.service.name = null
	sasl.kerberos.ticket.renew.jitter = 0.05
	sasl.kerberos.ticket.renew.window.factor = 0.8
	sasl.login.callback.handler.class = null
	sasl.login.class = null
	sasl.login.connect.timeout.ms = null
	sasl.login.read.timeout.ms = null
	sasl.login.refresh.buffer.seconds = 300
	sasl.login.refresh.min.period.seconds = 60
	sasl.login.refresh.window.factor = 0.8
	sasl.login.refresh.window.jitter = 0.05
	sasl.login.retry.backoff.max.ms = 10000
	sasl.login.retry.backoff.ms = 100
	sasl.mechanism = GSSAPI
	sasl.oauthbearer.clock.skew.seconds = 30
	sasl.oauthbearer.expected.audience = null
	sasl.oauthbearer.expected.issuer = null
	sasl.oauthbearer.header.urlencode = false
	sasl.oauthbearer.jwks.endpoint.refresh.ms = 3600000
	sasl.oauthbearer.jwks.endpoint.retry.backoff.max.ms = 10000
	sasl.oauthbearer.jwks.endpoint.retry.backoff.ms = 100
	sasl.oauthbearer.jwks.endpoint.url = null
	sasl.oauthbearer.scope.claim.name = scope
	sasl.oauthbearer.sub.claim.name = sub
	sasl.oauthbearer.token.endpoint.url = null
	security.protocol = PLAINTEXT
	security.providers = null
	send.buffer.bytes = 131072
	socket.connection.setup.timeout.max.ms = 30000
	socket.connection.setup.timeout.ms = 10000
	ssl.cipher.suites = null
	ssl.enabled.protocols = [TLSv1.2, TLSv1.3]
	ssl.endpoint.identification.algorithm = https
	ssl.engine.factory.class = null
	ssl.key.password = null
	ssl.keymanager.algorithm = SunX509
	ssl.keystore.certificate.chain = null
	ssl.keystore.key = null
	ssl.keystore.location = null
	ssl.keystore.password = null
	ssl.keystore.type = JKS
	ssl.protocol = TLSv1.3
	ssl.provider = null
	ssl.secure.random.implementation = null
	ssl.trustmanager.algorithm = PKIX
	ssl.truststore.certificates = null
	ssl.truststore.location = null
	ssl.truststore.password = null
	ssl.truststore.type = JKS
	transaction.timeout.ms = 60000
	transactional.id = null
	value.serializer = class io.apicurio.registry.serde.avro.AvroKafkaSerializer

2025-08-06 18:59:49,778 INFO  [org.apa.kaf.com.tel.int.KafkaMetricsCollector] (main) initializing Kafka metrics collector
2025-08-06 18:59:49,788 INFO  [org.apa.kaf.cli.pro.KafkaProducer] (main) [Producer clientId=Producer-topic-540c23c4_4a77_49df_9b68_360bb00ab32d] Instantiated an idempotent producer.
2025-08-06 18:59:49,791 INFO  [org.apa.kaf.cli.pro.ProducerConfig] (main) These configurations '[apicurio.registry.url, apicurio.registry.artifact-resolver-strategy]' were supplied but are not used yet.
2025-08-06 18:59:49,791 INFO  [org.apa.kaf.com.uti.AppInfoParser] (main) Kafka version: 3.9.1
2025-08-06 18:59:49,792 INFO  [org.apa.kaf.com.uti.AppInfoParser] (main) Kafka commitId: f745dfdcee2b9851
2025-08-06 18:59:49,792 INFO  [org.apa.kaf.com.uti.AppInfoParser] (main) Kafka startTimeMs: 1754506789791
**** Registry Base URL: http://registry-app-ksql043.apps.ci419.apicurio-testing.org:80
2025-08-06 18:59:49,792 INFO  [org.apa.kaf.cli.con.ConsumerConfig] (main) ConsumerConfig values: 
	allow.auto.create.topics = true
	auto.commit.interval.ms = 500
	auto.include.jmx.reporter = true
	auto.offset.reset = earliest
	bootstrap.servers = [PLAINTEXT://localhost:32769]
	check.crcs = true
	client.dns.lookup = use_all_dns_ips
	client.id = consumer-Consumer-topic-540c23c4_4a77_49df_9b68_360bb00ab32d-9
	client.rack = 
	connections.max.idle.ms = 10000
	default.api.timeout.ms = 60000
	enable.auto.commit = true
	enable.metrics.push = true
	exclude.internal.topics = true
	fetch.max.bytes = 52428800
	fetch.max.wait.ms = 500
	fetch.min.bytes = 1
	group.id = Consumer-topic-540c23c4_4a77_49df_9b68_360bb00ab32d
	group.instance.id = null
	group.protocol = classic
	group.remote.assignor = null
	heartbeat.interval.ms = 3000
	interceptor.classes = []
	internal.leave.group.on.close = true
	internal.throw.on.fetch.stable.offset.unsupported = false
	isolation.level = read_uncommitted
	key.deserializer = class org.apache.kafka.common.serialization.StringDeserializer
	max.partition.fetch.bytes = 1048576
	max.poll.interval.ms = 300000
	max.poll.records = 500
	metadata.max.age.ms = 300000
	metadata.recovery.strategy = none
	metric.reporters = []
	metrics.num.samples = 2
	metrics.recording.level = INFO
	metrics.sample.window.ms = 30000
	partition.assignment.strategy = [class org.apache.kafka.clients.consumer.RangeAssignor, class org.apache.kafka.clients.consumer.CooperativeStickyAssignor]
	receive.buffer.bytes = 65536
	reconnect.backoff.max.ms = 1000
	reconnect.backoff.ms = 50
	request.timeout.ms = 5000
	retry.backoff.max.ms = 1000
	retry.backoff.ms = 100
	sasl.client.callback.handler.class = null
	sasl.jaas.config = null
	sasl.kerberos.kinit.cmd = /usr/bin/kinit
	sasl.kerberos.min.time.before.relogin = 60000
	sasl.kerberos.service.name = null
	sasl.kerberos.ticket.renew.jitter = 0.05
	sasl.kerberos.ticket.renew.window.factor = 0.8
	sasl.login.callback.handler.class = null
	sasl.login.class = null
	sasl.login.connect.timeout.ms = null
	sasl.login.read.timeout.ms = null
	sasl.login.refresh.buffer.seconds = 300
	sasl.login.refresh.min.period.seconds = 60
	sasl.login.refresh.window.factor = 0.8
	sasl.login.refresh.window.jitter = 0.05
	sasl.login.retry.backoff.max.ms = 10000
	sasl.login.retry.backoff.ms = 100
	sasl.mechanism = GSSAPI
	sasl.oauthbearer.clock.skew.seconds = 30
	sasl.oauthbearer.expected.audience = null
	sasl.oauthbearer.expected.issuer = null
	sasl.oauthbearer.header.urlencode = false
	sasl.oauthbearer.jwks.endpoint.refresh.ms = 3600000
	sasl.oauthbearer.jwks.endpoint.retry.backoff.max.ms = 10000
	sasl.oauthbearer.jwks.endpoint.retry.backoff.ms = 100
	sasl.oauthbearer.jwks.endpoint.url = null
	sasl.oauthbearer.scope.claim.name = scope
	sasl.oauthbearer.sub.claim.name = sub
	sasl.oauthbearer.token.endpoint.url = null
	security.protocol = PLAINTEXT
	security.providers = null
	send.buffer.bytes = 131072
	session.timeout.ms = 45000
	socket.connection.setup.timeout.max.ms = 30000
	socket.connection.setup.timeout.ms = 10000
	ssl.cipher.suites = null
	ssl.enabled.protocols = [TLSv1.2, TLSv1.3]
	ssl.endpoint.identification.algorithm = https
	ssl.engine.factory.class = null
	ssl.key.password = null
	ssl.keymanager.algorithm = SunX509
	ssl.keystore.certificate.chain = null
	ssl.keystore.key = null
	ssl.keystore.location = null
	ssl.keystore.password = null
	ssl.keystore.type = JKS
	ssl.protocol = TLSv1.3
	ssl.provider = null
	ssl.secure.random.implementation = null
	ssl.trustmanager.algorithm = PKIX
	ssl.truststore.certificates = null
	ssl.truststore.location = null
	ssl.truststore.password = null
	ssl.truststore.type = JKS
	value.deserializer = class io.apicurio.registry.serde.avro.AvroKafkaDeserializer

2025-08-06 18:59:49,793 INFO  [org.apa.kaf.com.tel.int.KafkaMetricsCollector] (main) initializing Kafka metrics collector
2025-08-06 18:59:49,797 INFO  [org.apa.kaf.cli.Metadata] (kafka-producer-network-thread | Producer-topic-540c23c4_4a77_49df_9b68_360bb00ab32d) [Producer clientId=Producer-topic-540c23c4_4a77_49df_9b68_360bb00ab32d] Cluster ID: T8p0IQFNTYSHGQR6rr1wVQ
2025-08-06 18:59:49,798 INFO  [org.apa.kaf.cli.pro.int.TransactionManager] (kafka-producer-network-thread | Producer-topic-540c23c4_4a77_49df_9b68_360bb00ab32d) [Producer clientId=Producer-topic-540c23c4_4a77_49df_9b68_360bb00ab32d] ProducerId set to 12 with epoch 0
2025-08-06 18:59:49,801 INFO  [org.apa.kaf.cli.con.ConsumerConfig] (main) These configurations '[apicurio.registry.url]' were supplied but are not used yet.
2025-08-06 18:59:49,801 INFO  [org.apa.kaf.com.uti.AppInfoParser] (main) Kafka version: 3.9.1
2025-08-06 18:59:49,801 INFO  [org.apa.kaf.com.uti.AppInfoParser] (main) Kafka commitId: f745dfdcee2b9851
2025-08-06 18:59:49,801 INFO  [org.apa.kaf.com.uti.AppInfoParser] (main) Kafka startTimeMs: 1754506789801
2025-08-06 18:59:49,801 INFO  [io.api.tes.ser.api.KafkaSerdesTester] (Thread-662) Sending message {"key11754506788704": "value-0"} to topic topic-540c23c4_4a77_49df_9b68_360bb00ab32d
2025-08-06 18:59:49,806 INFO  [DefaultSchemaResolver] (Thread-662) Retrieving schema content using string: {"type":"record","name":"s8ca7cbacx553cx42f4x9f69x00e66c5e9d60","namespace":"ns_a3eacd85_e586_4844_8d43_75fafec8b134","fields":[{"name":"key11754506788704","type":"string"}]}
2025-08-06 18:59:50,070 INFO  [io.api.tes.ser.api.KafkaSerdesTester] (Thread-662) Sending message {"key11754506788704": "value-1"} to topic topic-540c23c4_4a77_49df_9b68_360bb00ab32d
2025-08-06 18:59:50,072 INFO  [io.api.tes.ser.api.KafkaSerdesTester] (Thread-662) Sending message {"key11754506788704": "value-2"} to topic topic-540c23c4_4a77_49df_9b68_360bb00ab32d
2025-08-06 18:59:50,075 INFO  [io.api.tes.ser.api.KafkaSerdesTester] (Thread-662) Sending message {"key11754506788704": "value-3"} to topic topic-540c23c4_4a77_49df_9b68_360bb00ab32d
2025-08-06 18:59:50,077 INFO  [io.api.tes.ser.api.KafkaSerdesTester] (Thread-662) Sending message {"key11754506788704": "value-4"} to topic topic-540c23c4_4a77_49df_9b68_360bb00ab32d
2025-08-06 18:59:50,078 INFO  [io.api.tes.ser.api.KafkaSerdesTester] (Thread-662) Sending message {"key11754506788704": "value-5"} to topic topic-540c23c4_4a77_49df_9b68_360bb00ab32d
2025-08-06 18:59:50,082 INFO  [io.api.tes.ser.api.KafkaSerdesTester] (Thread-662) Sending message {"key11754506788704": "value-6"} to topic topic-540c23c4_4a77_49df_9b68_360bb00ab32d
2025-08-06 18:59:50,084 INFO  [io.api.tes.ser.api.KafkaSerdesTester] (Thread-662) Sending message {"key11754506788704": "value-7"} to topic topic-540c23c4_4a77_49df_9b68_360bb00ab32d
2025-08-06 18:59:50,088 INFO  [io.api.tes.ser.api.KafkaSerdesTester] (Thread-662) Sending message {"key11754506788704": "value-8"} to topic topic-540c23c4_4a77_49df_9b68_360bb00ab32d
2025-08-06 18:59:50,089 INFO  [io.api.tes.ser.api.KafkaSerdesTester] (Thread-662) Sending message {"key11754506788704": "value-9"} to topic topic-540c23c4_4a77_49df_9b68_360bb00ab32d
2025-08-06 18:59:50,091 INFO  [io.api.tes.ser.api.KafkaSerdesTester] (Thread-662) Produced 10 messages
2025-08-06 18:59:50,092 INFO  [org.apa.kaf.cli.pro.KafkaProducer] (Thread-662) [Producer clientId=Producer-topic-540c23c4_4a77_49df_9b68_360bb00ab32d] Closing the Kafka producer with timeoutMillis = 9223372036854775807 ms.
2025-08-06 18:59:50,096 INFO  [org.apa.kaf.com.met.Metrics] (Thread-662) Metrics scheduler closed
2025-08-06 18:59:50,096 INFO  [org.apa.kaf.com.met.Metrics] (Thread-662) Closing reporter org.apache.kafka.common.metrics.JmxReporter
2025-08-06 18:59:50,096 INFO  [org.apa.kaf.com.met.Metrics] (Thread-662) Closing reporter org.apache.kafka.common.telemetry.internals.ClientTelemetryReporter
2025-08-06 18:59:50,096 INFO  [org.apa.kaf.com.met.Metrics] (Thread-662) Metrics reporters closed
2025-08-06 18:59:50,096 INFO  [org.apa.kaf.com.uti.AppInfoParser] (Thread-662) App info kafka.producer for Producer-topic-540c23c4_4a77_49df_9b68_360bb00ab32d unregistered
2025-08-06 18:59:50,097 INFO  [org.apa.kaf.cli.con.int.ClassicKafkaConsumer] (Thread-663) [Consumer clientId=consumer-Consumer-topic-540c23c4_4a77_49df_9b68_360bb00ab32d-9, groupId=Consumer-topic-540c23c4_4a77_49df_9b68_360bb00ab32d] Subscribed to topic(s): topic-540c23c4_4a77_49df_9b68_360bb00ab32d
2025-08-06 18:59:50,107 INFO  [org.apa.kaf.cli.Metadata] (Thread-663) [Consumer clientId=consumer-Consumer-topic-540c23c4_4a77_49df_9b68_360bb00ab32d-9, groupId=Consumer-topic-540c23c4_4a77_49df_9b68_360bb00ab32d] Cluster ID: T8p0IQFNTYSHGQR6rr1wVQ
2025-08-06 18:59:50,107 INFO  [org.apa.kaf.cli.con.int.ConsumerCoordinator] (Thread-663) [Consumer clientId=consumer-Consumer-topic-540c23c4_4a77_49df_9b68_360bb00ab32d-9, groupId=Consumer-topic-540c23c4_4a77_49df_9b68_360bb00ab32d] Discovered group coordinator localhost:32769 (id: 2147483647 rack: null)
2025-08-06 18:59:50,111 INFO  [org.apa.kaf.cli.con.int.ConsumerCoordinator] (Thread-663) [Consumer clientId=consumer-Consumer-topic-540c23c4_4a77_49df_9b68_360bb00ab32d-9, groupId=Consumer-topic-540c23c4_4a77_49df_9b68_360bb00ab32d] (Re-)joining group
2025-08-06 18:59:50,117 INFO  [org.apa.kaf.cli.con.int.ConsumerCoordinator] (Thread-663) [Consumer clientId=consumer-Consumer-topic-540c23c4_4a77_49df_9b68_360bb00ab32d-9, groupId=Consumer-topic-540c23c4_4a77_49df_9b68_360bb00ab32d] Request joining group due to: need to re-join with the given member-id: consumer-Consumer-topic-540c23c4_4a77_49df_9b68_360bb00ab32d-9-b05723c6-9e46-4373-b301-c3bf38117b85
2025-08-06 18:59:50,117 INFO  [org.apa.kaf.cli.con.int.ConsumerCoordinator] (Thread-663) [Consumer clientId=consumer-Consumer-topic-540c23c4_4a77_49df_9b68_360bb00ab32d-9, groupId=Consumer-topic-540c23c4_4a77_49df_9b68_360bb00ab32d] (Re-)joining group
2025-08-06 18:59:51,098 INFO  [io.api.tes.ser.api.KafkaSerdesTester] (Thread-663) None found
2025-08-06 18:59:52,098 INFO  [io.api.tes.ser.api.KafkaSerdesTester] (Thread-663) None found
2025-08-06 18:59:53,098 INFO  [io.api.tes.ser.api.KafkaSerdesTester] (Thread-663) None found
2025-08-06 18:59:53,120 INFO  [org.apa.kaf.cli.con.int.ConsumerCoordinator] (Thread-663) [Consumer clientId=consumer-Consumer-topic-540c23c4_4a77_49df_9b68_360bb00ab32d-9, groupId=Consumer-topic-540c23c4_4a77_49df_9b68_360bb00ab32d] Successfully joined group with generation Generation{generationId=1, memberId='consumer-Consumer-topic-540c23c4_4a77_49df_9b68_360bb00ab32d-9-b05723c6-9e46-4373-b301-c3bf38117b85', protocol='range'}
2025-08-06 18:59:53,120 INFO  [org.apa.kaf.cli.con.int.ConsumerCoordinator] (Thread-663) [Consumer clientId=consumer-Consumer-topic-540c23c4_4a77_49df_9b68_360bb00ab32d-9, groupId=Consumer-topic-540c23c4_4a77_49df_9b68_360bb00ab32d] Finished assignment for group at generation 1: {consumer-Consumer-topic-540c23c4_4a77_49df_9b68_360bb00ab32d-9-b05723c6-9e46-4373-b301-c3bf38117b85=Assignment(partitions=[topic-540c23c4_4a77_49df_9b68_360bb00ab32d-0])}
2025-08-06 18:59:53,128 INFO  [org.apa.kaf.cli.con.int.ConsumerCoordinator] (Thread-663) [Consumer clientId=consumer-Consumer-topic-540c23c4_4a77_49df_9b68_360bb00ab32d-9, groupId=Consumer-topic-540c23c4_4a77_49df_9b68_360bb00ab32d] Successfully synced group in generation Generation{generationId=1, memberId='consumer-Consumer-topic-540c23c4_4a77_49df_9b68_360bb00ab32d-9-b05723c6-9e46-4373-b301-c3bf38117b85', protocol='range'}
2025-08-06 18:59:53,128 INFO  [org.apa.kaf.cli.con.int.ConsumerCoordinator] (Thread-663) [Consumer clientId=consumer-Consumer-topic-540c23c4_4a77_49df_9b68_360bb00ab32d-9, groupId=Consumer-topic-540c23c4_4a77_49df_9b68_360bb00ab32d] Notifying assignor about the new Assignment(partitions=[topic-540c23c4_4a77_49df_9b68_360bb00ab32d-0])
2025-08-06 18:59:53,128 INFO  [org.apa.kaf.cli.con.int.ConsumerRebalanceListenerInvoker] (Thread-663) [Consumer clientId=consumer-Consumer-topic-540c23c4_4a77_49df_9b68_360bb00ab32d-9, groupId=Consumer-topic-540c23c4_4a77_49df_9b68_360bb00ab32d] Adding newly assigned partitions: topic-540c23c4_4a77_49df_9b68_360bb00ab32d-0
2025-08-06 18:59:53,130 INFO  [org.apa.kaf.cli.con.int.ConsumerCoordinator] (Thread-663) [Consumer clientId=consumer-Consumer-topic-540c23c4_4a77_49df_9b68_360bb00ab32d-9, groupId=Consumer-topic-540c23c4_4a77_49df_9b68_360bb00ab32d] Found no committed offset for partition topic-540c23c4_4a77_49df_9b68_360bb00ab32d-0
2025-08-06 18:59:53,138 INFO  [org.apa.kaf.cli.con.int.SubscriptionState] (Thread-663) [Consumer clientId=consumer-Consumer-topic-540c23c4_4a77_49df_9b68_360bb00ab32d-9, groupId=Consumer-topic-540c23c4_4a77_49df_9b68_360bb00ab32d] Resetting offset for partition topic-540c23c4_4a77_49df_9b68_360bb00ab32d-0 to position FetchPosition{offset=0, offsetEpoch=Optional.empty, currentLeader=LeaderAndEpoch{leader=Optional[localhost:32769 (id: 0 rack: null)], epoch=0}}.
2025-08-06 18:59:53,185 INFO  [io.api.tes.ser.api.KafkaSerdesTester] (Thread-663) topic-540c23c4_4a77_49df_9b68_360bb00ab32d 0 0 {"key11754506788704": "value-0"}
2025-08-06 18:59:53,186 INFO  [io.api.tes.ser.api.KafkaSerdesTester] (Thread-663) topic-540c23c4_4a77_49df_9b68_360bb00ab32d 0 1 {"key11754506788704": "value-1"}
2025-08-06 18:59:53,186 INFO  [io.api.tes.ser.api.KafkaSerdesTester] (Thread-663) topic-540c23c4_4a77_49df_9b68_360bb00ab32d 0 2 {"key11754506788704": "value-2"}
2025-08-06 18:59:53,186 INFO  [io.api.tes.ser.api.KafkaSerdesTester] (Thread-663) topic-540c23c4_4a77_49df_9b68_360bb00ab32d 0 3 {"key11754506788704": "value-3"}
2025-08-06 18:59:53,186 INFO  [io.api.tes.ser.api.KafkaSerdesTester] (Thread-663) topic-540c23c4_4a77_49df_9b68_360bb00ab32d 0 4 {"key11754506788704": "value-4"}
2025-08-06 18:59:53,186 INFO  [io.api.tes.ser.api.KafkaSerdesTester] (Thread-663) topic-540c23c4_4a77_49df_9b68_360bb00ab32d 0 5 {"key11754506788704": "value-5"}
2025-08-06 18:59:53,186 INFO  [io.api.tes.ser.api.KafkaSerdesTester] (Thread-663) topic-540c23c4_4a77_49df_9b68_360bb00ab32d 0 6 {"key11754506788704": "value-6"}
2025-08-06 18:59:53,186 INFO  [io.api.tes.ser.api.KafkaSerdesTester] (Thread-663) topic-540c23c4_4a77_49df_9b68_360bb00ab32d 0 7 {"key11754506788704": "value-7"}
2025-08-06 18:59:53,186 INFO  [io.api.tes.ser.api.KafkaSerdesTester] (Thread-663) topic-540c23c4_4a77_49df_9b68_360bb00ab32d 0 8 {"key11754506788704": "value-8"}
2025-08-06 18:59:53,186 INFO  [io.api.tes.ser.api.KafkaSerdesTester] (Thread-663) topic-540c23c4_4a77_49df_9b68_360bb00ab32d 0 9 {"key11754506788704": "value-9"}
2025-08-06 18:59:53,186 INFO  [io.api.tes.ser.api.KafkaSerdesTester] (Thread-663) Consumed 10 messages
2025-08-06 18:59:53,195 INFO  [org.apa.kaf.cli.con.int.ConsumerRebalanceListenerInvoker] (Thread-663) [Consumer clientId=consumer-Consumer-topic-540c23c4_4a77_49df_9b68_360bb00ab32d-9, groupId=Consumer-topic-540c23c4_4a77_49df_9b68_360bb00ab32d] Revoke previously assigned partitions topic-540c23c4_4a77_49df_9b68_360bb00ab32d-0
2025-08-06 18:59:53,195 INFO  [org.apa.kaf.cli.con.int.ConsumerCoordinator] (Thread-663) [Consumer clientId=consumer-Consumer-topic-540c23c4_4a77_49df_9b68_360bb00ab32d-9, groupId=Consumer-topic-540c23c4_4a77_49df_9b68_360bb00ab32d] Member consumer-Consumer-topic-540c23c4_4a77_49df_9b68_360bb00ab32d-9-b05723c6-9e46-4373-b301-c3bf38117b85 sending LeaveGroup request to coordinator localhost:32769 (id: 2147483647 rack: null) due to the consumer is being closed
2025-08-06 18:59:53,195 INFO  [org.apa.kaf.cli.con.int.ConsumerCoordinator] (Thread-663) [Consumer clientId=consumer-Consumer-topic-540c23c4_4a77_49df_9b68_360bb00ab32d-9, groupId=Consumer-topic-540c23c4_4a77_49df_9b68_360bb00ab32d] Resetting generation and member id due to: consumer pro-actively leaving the group
2025-08-06 18:59:53,195 INFO  [org.apa.kaf.cli.con.int.ConsumerCoordinator] (Thread-663) [Consumer clientId=consumer-Consumer-topic-540c23c4_4a77_49df_9b68_360bb00ab32d-9, groupId=Consumer-topic-540c23c4_4a77_49df_9b68_360bb00ab32d] Request joining group due to: consumer pro-actively leaving the group
2025-08-06 18:59:53,688 INFO  [org.apa.kaf.com.met.Metrics] (Thread-663) Metrics scheduler closed
2025-08-06 18:59:53,688 INFO  [org.apa.kaf.com.met.Metrics] (Thread-663) Closing reporter org.apache.kafka.common.metrics.JmxReporter
2025-08-06 18:59:53,688 INFO  [org.apa.kaf.com.met.Metrics] (Thread-663) Closing reporter org.apache.kafka.common.telemetry.internals.ClientTelemetryReporter
2025-08-06 18:59:53,688 INFO  [org.apa.kaf.com.met.Metrics] (Thread-663) Metrics reporters closed
2025-08-06 18:59:53,691 INFO  [org.apa.kaf.com.uti.AppInfoParser] (Thread-663) App info kafka.consumer for consumer-Consumer-topic-540c23c4_4a77_49df_9b68_360bb00ab32d-9 unregistered
2025-08-06 18:59:53,695 INFO  [io.api.tes.ser.api.AvroSerdeIT] (main) Registering Avro Schema 2: {"type":"record","name":"s8ca7cbacx553cx42f4x9f69x00e66c5e9d60","namespace":"ns_a3eacd85_e586_4844_8d43_75fafec8b134","fields":[{"name":"key11754506788704","type":"string"},{"name":"key21754506793691","type":"string"}]}
2025-08-06 18:59:53,715 INFO  [io.api.tes.uti.TestSeparator] (main) io.apicurio.tests.serdes.apicurio.AvroSerdeIT.testEvolveAvroApicurio-FINISHED
2025-08-06 18:59:53,715 INFO  [io.api.tes.uti.TestSeparator] (main) ############################################################################
2025-08-06 18:59:53,716 ERROR [io.api.reg.uti.tes.TestUtils] (main) === TEST FAILED ===
2025-08-06 18:59:53,716 ERROR [io.api.reg.uti.tes.TestUtils] (main) Class: class io.apicurio.tests.serdes.apicurio.AvroSerdeIT
2025-08-06 18:59:53,716 ERROR [io.api.reg.uti.tes.TestUtils] (main) Test:  testEvolveAvroApicurio
2025-08-06 18:59:53,716 ERROR [io.api.reg.uti.tes.TestUtils] (main) ID:    [engine:junit-jupiter]/[class:io.apicurio.tests.serdes.apicurio.AvroSerdeIT]/[method:testEvolveAvroApicurio()]
2025-08-06 18:59:53,716 ERROR [io.api.reg.uti.tes.TestUtils] (main) Error: RuleViolationProblemDetails - null
2025-08-06 18:59:53,716 ERROR [io.api.reg.uti.tes.TestUtils] (main) Rule Violation Problem Details
2025-08-06 18:59:53,716 ERROR [io.api.reg.uti.tes.TestUtils] (main)     Name:     RuleViolationException
2025-08-06 18:59:53,716 ERROR [io.api.reg.uti.tes.TestUtils] (main)     Title:    Incompatible artifact: topic-540c23c4_4a77_49df_9b68_360bb00ab32d-s8ca7cbacx553cx42f4x9f69x00e66c5e9d60 [AVRO], num of incompatible diffs: {1}, list of diff types: [key21754506793691 at /fields/1]
2025-08-06 18:59:53,716 ERROR [io.api.reg.uti.tes.TestUtils] (main)     Detail:   Incompatible artifact: topic-540c23c4_4a77_49df_9b68_360bb00ab32d-s8ca7cbacx553cx42f4x9f69x00e66c5e9d60 [AVRO], num of incompatible diffs: {1}, list of diff types: [key21754506793691 at /fields/1] Causes: key21754506793691 at /fields/1
2025-08-06 18:59:53,716 ERROR [io.api.reg.uti.tes.TestUtils] (main)     Instance: null
2025-08-06 18:59:53,716 ERROR [io.api.reg.uti.tes.TestUtils] (main)     Type:     null
2025-08-06 18:59:53,716 ERROR [io.api.reg.uti.tes.TestUtils] (main)     Message:  null
2025-08-06 18:59:53,716 ERROR [io.api.reg.uti.tes.TestUtils] (main)     Status:   409
2025-08-06 18:59:53,716 ERROR [io.api.reg.uti.tes.TestUtils] (main)     Causes:
2025-08-06 18:59:53,716 ERROR [io.api.reg.uti.tes.TestUtils] (main)         Context:     /fields/1
2025-08-06 18:59:53,716 ERROR [io.api.reg.uti.tes.TestUtils] (main)         Description: key21754506793691
2025-08-06 18:59:53,716 ERROR [io.api.reg.uti.tes.TestUtils] (main)         ---
2025-08-06 18:59:53,716 ERROR [io.api.reg.uti.tes.TestUtils] (main) Root Cause: io.apicurio.registry.rest.client.models.RuleViolationProblemDetails
	at io.apicurio.registry.rest.client.models.RuleViolationProblemDetails.createFromDiscriminatorValue(RuleViolationProblemDetails.java:62)
	at io.kiota.serialization.json.JsonParseNode.getObjectValue(JsonParseNode.java:247)
	at io.kiota.http.vertx.VertXRequestAdapter.lambda$throwIfFailedResponse$0(VertXRequestAdapter.java:400)
	at com.microsoft.kiota.ApiExceptionBuilder.<init>(ApiExceptionBuilder.java:26)
	at io.kiota.http.vertx.VertXRequestAdapter.throwIfFailedResponse(VertXRequestAdapter.java:399)
	at io.kiota.http.vertx.VertXRequestAdapter.send(VertXRequestAdapter.java:170)
	at io.apicurio.registry.rest.client.groups.item.artifacts.item.versions.VersionsRequestBuilder.post(VersionsRequestBuilder.java:117)
	at io.apicurio.registry.rest.client.groups.item.artifacts.item.versions.VersionsRequestBuilder.post(VersionsRequestBuilder.java:94)
	at io.apicurio.tests.ApicurioRegistryBaseIT.createArtifactVersion(ApicurioRegistryBaseIT.java:219)
	at io.apicurio.tests.serdes.apicurio.AvroSerdeIT.evolveSchemaTest(AvroSerdeIT.java:337)
	at io.apicurio.tests.serdes.apicurio.AvroSerdeIT.testEvolveAvroApicurio(AvroSerdeIT.java:275)
	at java.base/jdk.internal.reflect.NativeMethodAccessorImpl.invoke0(Native Method)
	at java.base/jdk.internal.reflect.NativeMethodAccessorImpl.invoke(NativeMethodAccessorImpl.java:77)
	at java.base/jdk.internal.reflect.DelegatingMethodAccessorImpl.invoke(DelegatingMethodAccessorImpl.java:43)
	at java.base/java.lang.reflect.Method.invoke(Method.java:569)
	at org.junit.platform.commons.util.ReflectionUtils.invokeMethod(ReflectionUtils.java:775)
	at org.junit.platform.commons.support.ReflectionSupport.invokeMethod(ReflectionSupport.java:479)
	at org.junit.jupiter.engine.execution.MethodInvocation.proceed(MethodInvocation.java:60)
	at org.junit.jupiter.engine.execution.InvocationInterceptorChain$ValidatingInvocation.proceed(InvocationInterceptorChain.java:131)
	at org.junit.jupiter.engine.extension.TimeoutExtension.intercept(TimeoutExtension.java:161)
	at org.junit.jupiter.engine.extension.TimeoutExtension.interceptTestableMethod(TimeoutExtension.java:152)
	at org.junit.jupiter.engine.extension.TimeoutExtension.interceptTestMethod(TimeoutExtension.java:91)
	at org.junit.jupiter.engine.execution.InterceptingExecutableInvoker$ReflectiveInterceptorCall.lambda$ofVoidMethod$0(InterceptingExecutableInvoker.java:112)
	at org.junit.jupiter.engine.execution.InterceptingExecutableInvoker.lambda$invoke$0(InterceptingExecutableInvoker.java:94)
	at org.junit.jupiter.engine.execution.InvocationInterceptorChain$InterceptedInvocation.proceed(InvocationInterceptorChain.java:106)
	at org.junit.jupiter.engine.execution.InvocationInterceptorChain.proceed(InvocationInterceptorChain.java:64)
	at org.junit.jupiter.engine.execution.InvocationInterceptorChain.chainAndInvoke(InvocationInterceptorChain.java:45)
	at org.junit.jupiter.engine.execution.InvocationInterceptorChain.invoke(InvocationInterceptorChain.java:37)
	at org.junit.jupiter.engine.execution.InterceptingExecutableInvoker.invoke(InterceptingExecutableInvoker.java:93)
	at org.junit.jupiter.engine.execution.InterceptingExecutableInvoker.invoke(InterceptingExecutableInvoker.java:87)
	at org.junit.jupiter.engine.descriptor.TestMethodTestDescriptor.lambda$invokeTestMethod$7(TestMethodTestDescriptor.java:216)
	at org.junit.platform.engine.support.hierarchical.ThrowableCollector.execute(ThrowableCollector.java:73)
	at org.junit.jupiter.engine.descriptor.TestMethodTestDescriptor.invokeTestMethod(TestMethodTestDescriptor.java:212)
	at org.junit.jupiter.engine.descriptor.TestMethodTestDescriptor.execute(TestMethodTestDescriptor.java:137)
	at org.junit.jupiter.engine.descriptor.TestMethodTestDescriptor.execute(TestMethodTestDescriptor.java:69)
	at org.junit.platform.engine.support.hierarchical.NodeTestTask.lambda$executeRecursively$6(NodeTestTask.java:156)
	at org.junit.platform.engine.support.hierarchical.ThrowableCollector.execute(ThrowableCollector.java:73)
	at org.junit.platform.engine.support.hierarchical.NodeTestTask.lambda$executeRecursively$8(NodeTestTask.java:146)
	at org.junit.platform.engine.support.hierarchical.Node.around(Node.java:137)
	at org.junit.platform.engine.support.hierarchical.NodeTestTask.lambda$executeRecursively$9(NodeTestTask.java:144)
	at org.junit.platform.engine.support.hierarchical.ThrowableCollector.execute(ThrowableCollector.java:73)
	at org.junit.platform.engine.support.hierarchical.NodeTestTask.executeRecursively(NodeTestTask.java:143)
	at org.junit.platform.engine.support.hierarchical.NodeTestTask.execute(NodeTestTask.java:100)
	at java.base/java.util.ArrayList.forEach(ArrayList.java:1511)
	at org.junit.platform.engine.support.hierarchical.SameThreadHierarchicalTestExecutorService.invokeAll(SameThreadHierarchicalTestExecutorService.java:41)
	at org.junit.platform.engine.support.hierarchical.NodeTestTask.lambda$executeRecursively$6(NodeTestTask.java:160)
	at org.junit.platform.engine.support.hierarchical.ThrowableCollector.execute(ThrowableCollector.java:73)
	at org.junit.platform.engine.support.hierarchical.NodeTestTask.lambda$executeRecursively$8(NodeTestTask.java:146)
	at org.junit.platform.engine.support.hierarchical.Node.around(Node.java:137)
	at org.junit.platform.engine.support.hierarchical.NodeTestTask.lambda$executeRecursively$9(NodeTestTask.java:144)
	at org.junit.platform.engine.support.hierarchical.ThrowableCollector.execute(ThrowableCollector.java:73)
	at org.junit.platform.engine.support.hierarchical.NodeTestTask.executeRecursively(NodeTestTask.java:143)
	at org.junit.platform.engine.support.hierarchical.NodeTestTask.execute(NodeTestTask.java:100)
	at java.base/java.util.ArrayList.forEach(ArrayList.java:1511)
	at org.junit.platform.engine.support.hierarchical.SameThreadHierarchicalTestExecutorService.invokeAll(SameThreadHierarchicalTestExecutorService.java:41)
	at org.junit.platform.engine.support.hierarchical.NodeTestTask.lambda$executeRecursively$6(NodeTestTask.java:160)
	at org.junit.platform.engine.support.hierarchical.ThrowableCollector.execute(ThrowableCollector.java:73)
	at org.junit.platform.engine.support.hierarchical.NodeTestTask.lambda$executeRecursively$8(NodeTestTask.java:146)
	at org.junit.platform.engine.support.hierarchical.Node.around(Node.java:137)
	at org.junit.platform.engine.support.hierarchical.NodeTestTask.lambda$executeRecursively$9(NodeTestTask.java:144)
	at org.junit.platform.engine.support.hierarchical.ThrowableCollector.execute(ThrowableCollector.java:73)
	at org.junit.platform.engine.support.hierarchical.NodeTestTask.executeRecursively(NodeTestTask.java:143)
	at org.junit.platform.engine.support.hierarchical.NodeTestTask.execute(NodeTestTask.java:100)
	at org.junit.platform.engine.support.hierarchical.SameThreadHierarchicalTestExecutorService.submit(SameThreadHierarchicalTestExecutorService.java:35)
	at org.junit.platform.engine.support.hierarchical.HierarchicalTestExecutor.execute(HierarchicalTestExecutor.java:57)
	at org.junit.platform.engine.support.hierarchical.HierarchicalTestEngine.execute(HierarchicalTestEngine.java:54)
	at org.junit.platform.launcher.core.EngineExecutionOrchestrator.execute(EngineExecutionOrchestrator.java:201)
	at org.junit.platform.launcher.core.EngineExecutionOrchestrator.execute(EngineExecutionOrchestrator.java:170)
	at org.junit.platform.launcher.core.EngineExecutionOrchestrator.execute(EngineExecutionOrchestrator.java:94)
	at org.junit.platform.launcher.core.EngineExecutionOrchestrator.lambda$execute$0(EngineExecutionOrchestrator.java:59)
	at org.junit.platform.launcher.core.EngineExecutionOrchestrator.withInterceptedStreams(EngineExecutionOrchestrator.java:142)
	at org.junit.platform.launcher.core.EngineExecutionOrchestrator.execute(EngineExecutionOrchestrator.java:58)
	at org.junit.platform.launcher.core.DefaultLauncher.execute(DefaultLauncher.java:103)
	at org.junit.platform.launcher.core.DefaultLauncher.execute(DefaultLauncher.java:85)
	at org.junit.platform.launcher.core.DelegatingLauncher.execute(DelegatingLauncher.java:47)
	at org.junit.platform.launcher.core.InterceptingLauncher.lambda$execute$1(InterceptingLauncher.java:39)
	at org.junit.platform.launcher.core.ClasspathAlignmentCheckingLauncherInterceptor.intercept(ClasspathAlignmentCheckingLauncherInterceptor.java:25)
	at org.junit.platform.launcher.core.InterceptingLauncher.execute(InterceptingLauncher.java:38)
	at org.junit.platform.launcher.core.DelegatingLauncher.execute(DelegatingLauncher.java:47)
	at org.apache.maven.surefire.junitplatform.LazyLauncher.execute(LazyLauncher.java:56)
	at org.apache.maven.surefire.junitplatform.JUnitPlatformProvider.execute(JUnitPlatformProvider.java:184)
	at org.apache.maven.surefire.junitplatform.JUnitPlatformProvider.invokeAllTests(JUnitPlatformProvider.java:148)
	at org.apache.maven.surefire.junitplatform.JUnitPlatformProvider.invoke(JUnitPlatformProvider.java:122)
	at org.apache.maven.surefire.booter.ForkedBooter.runSuitesInProcess(ForkedBooter.java:385)
	at org.apache.maven.surefire.booter.ForkedBooter.execute(ForkedBooter.java:162)
	at org.apache.maven.surefire.booter.ForkedBooter.run(ForkedBooter.java:507)
	at org.apache.maven.surefire.booter.ForkedBooter.main(ForkedBooter.java:495)

2025-08-06 18:59:53,716 ERROR [io.api.reg.uti.tes.TestUtils] (main) === =========== ===
]]></system-out>
  </testcase>
  <testcase name="testTopicRecordIdStrategydFindLatest" classname="io.apicurio.tests.serdes.apicurio.AvroSerdeIT" time="4.772">
    <system-out><![CDATA[2025-08-06 18:59:53,721 INFO  [io.api.tes.uti.TestSeparator] (main) ############################################################################
2025-08-06 18:59:53,721 INFO  [io.api.tes.uti.TestSeparator] (main) io.apicurio.tests.serdes.apicurio.AvroSerdeIT.testTopicRecordIdStrategydFindLatest-STARTED
2025-08-06 18:59:53,722 INFO  [io.api.tes.ser.api.AvroSerdeIT] (main) Registering Avro Schema: {"type":"record","name":"s9a9fa859x0c01x4424x9d1dx5b7afbf0d9de","namespace":"sca2835eex7492x4ecdxa49dxaae5abd645ff","fields":[{"name":"key11754506793722","type":"string"}]}
**** Registry Base URL: http://registry-app-ksql043.apps.ci419.apicurio-testing.org:80
2025-08-06 18:59:54,791 INFO  [org.apa.kaf.cli.pro.ProducerConfig] (main) ProducerConfig values: 
	acks = -1
	auto.include.jmx.reporter = true
	batch.size = 16384
	bootstrap.servers = [PLAINTEXT://localhost:32769]
	buffer.memory = 33554432
	client.dns.lookup = use_all_dns_ips
	client.id = Producer-topic-2b286926_b06d_40b7_b662_68864347dab2
	compression.gzip.level = -1
	compression.lz4.level = 9
	compression.type = none
	compression.zstd.level = 3
	connections.max.idle.ms = 10000
	delivery.timeout.ms = 120000
	enable.idempotence = true
	enable.metrics.push = true
	interceptor.classes = []
	key.serializer = class org.apache.kafka.common.serialization.StringSerializer
	linger.ms = 0
	max.block.ms = 60000
	max.in.flight.requests.per.connection = 5
	max.request.size = 1048576
	metadata.max.age.ms = 300000
	metadata.max.idle.ms = 300000
	metadata.recovery.strategy = none
	metric.reporters = []
	metrics.num.samples = 2
	metrics.recording.level = INFO
	metrics.sample.window.ms = 30000
	partitioner.adaptive.partitioning.enable = true
	partitioner.availability.timeout.ms = 0
	partitioner.class = null
	partitioner.ignore.keys = false
	receive.buffer.bytes = 32768
	reconnect.backoff.max.ms = 1000
	reconnect.backoff.ms = 50
	request.timeout.ms = 5000
	retries = 2147483647
	retry.backoff.max.ms = 1000
	retry.backoff.ms = 100
	sasl.client.callback.handler.class = null
	sasl.jaas.config = null
	sasl.kerberos.kinit.cmd = /usr/bin/kinit
	sasl.kerberos.min.time.before.relogin = 60000
	sasl.kerberos.service.name = null
	sasl.kerberos.ticket.renew.jitter = 0.05
	sasl.kerberos.ticket.renew.window.factor = 0.8
	sasl.login.callback.handler.class = null
	sasl.login.class = null
	sasl.login.connect.timeout.ms = null
	sasl.login.read.timeout.ms = null
	sasl.login.refresh.buffer.seconds = 300
	sasl.login.refresh.min.period.seconds = 60
	sasl.login.refresh.window.factor = 0.8
	sasl.login.refresh.window.jitter = 0.05
	sasl.login.retry.backoff.max.ms = 10000
	sasl.login.retry.backoff.ms = 100
	sasl.mechanism = GSSAPI
	sasl.oauthbearer.clock.skew.seconds = 30
	sasl.oauthbearer.expected.audience = null
	sasl.oauthbearer.expected.issuer = null
	sasl.oauthbearer.header.urlencode = false
	sasl.oauthbearer.jwks.endpoint.refresh.ms = 3600000
	sasl.oauthbearer.jwks.endpoint.retry.backoff.max.ms = 10000
	sasl.oauthbearer.jwks.endpoint.retry.backoff.ms = 100
	sasl.oauthbearer.jwks.endpoint.url = null
	sasl.oauthbearer.scope.claim.name = scope
	sasl.oauthbearer.sub.claim.name = sub
	sasl.oauthbearer.token.endpoint.url = null
	security.protocol = PLAINTEXT
	security.providers = null
	send.buffer.bytes = 131072
	socket.connection.setup.timeout.max.ms = 30000
	socket.connection.setup.timeout.ms = 10000
	ssl.cipher.suites = null
	ssl.enabled.protocols = [TLSv1.2, TLSv1.3]
	ssl.endpoint.identification.algorithm = https
	ssl.engine.factory.class = null
	ssl.key.password = null
	ssl.keymanager.algorithm = SunX509
	ssl.keystore.certificate.chain = null
	ssl.keystore.key = null
	ssl.keystore.location = null
	ssl.keystore.password = null
	ssl.keystore.type = JKS
	ssl.protocol = TLSv1.3
	ssl.provider = null
	ssl.secure.random.implementation = null
	ssl.trustmanager.algorithm = PKIX
	ssl.truststore.certificates = null
	ssl.truststore.location = null
	ssl.truststore.password = null
	ssl.truststore.type = JKS
	transaction.timeout.ms = 60000
	transactional.id = null
	value.serializer = class io.apicurio.registry.serde.avro.AvroKafkaSerializer

2025-08-06 18:59:54,792 INFO  [org.apa.kaf.com.tel.int.KafkaMetricsCollector] (main) initializing Kafka metrics collector
2025-08-06 18:59:54,796 INFO  [org.apa.kaf.cli.pro.KafkaProducer] (main) [Producer clientId=Producer-topic-2b286926_b06d_40b7_b662_68864347dab2] Instantiated an idempotent producer.
2025-08-06 18:59:54,799 INFO  [org.apa.kaf.cli.pro.ProducerConfig] (main) These configurations '[apicurio.registry.find-latest, apicurio.registry.url, apicurio.registry.artifact-resolver-strategy]' were supplied but are not used yet.
2025-08-06 18:59:54,799 INFO  [org.apa.kaf.com.uti.AppInfoParser] (main) Kafka version: 3.9.1
2025-08-06 18:59:54,799 INFO  [org.apa.kaf.com.uti.AppInfoParser] (main) Kafka commitId: f745dfdcee2b9851
2025-08-06 18:59:54,799 INFO  [org.apa.kaf.com.uti.AppInfoParser] (main) Kafka startTimeMs: 1754506794799
2025-08-06 18:59:54,799 INFO  [io.api.tes.ser.api.SimpleSerdesTesterBuilder$SimpleSerdesTester] (main) Using producer configuration: {apicurio.registry.find-latest=true, apicurio.registry.url=http://registry-app-ksql043.apps.ci419.apicurio-testing.org:80/apis/registry/v3, apicurio.registry.artifact-resolver-strategy=io.apicurio.registry.serde.avro.strategy.TopicRecordIdStrategy, value.serializer=io.apicurio.registry.serde.avro.AvroKafkaSerializer, request.timeout.ms=5000, acks=all, bootstrap.servers=PLAINTEXT://localhost:32769, connections.max.idle.ms=10000, key.serializer=org.apache.kafka.common.serialization.StringSerializer, client.id=Producer-topic-2b286926_b06d_40b7_b662_68864347dab2}
2025-08-06 18:59:54,799 INFO  [io.api.tes.ser.api.SimpleSerdesTesterBuilder$SimpleSerdesTester] (main) Using consumer configuration: {}
2025-08-06 18:59:54,801 INFO  [io.api.tes.ser.api.KafkaSerdesTester] (Thread-666) Sending message {"key11754506793722": "value-0"} to topic topic-2b286926_b06d_40b7_b662_68864347dab2
2025-08-06 18:59:54,811 INFO  [org.apa.kaf.cli.Metadata] (kafka-producer-network-thread | Producer-topic-2b286926_b06d_40b7_b662_68864347dab2) [Producer clientId=Producer-topic-2b286926_b06d_40b7_b662_68864347dab2] Cluster ID: T8p0IQFNTYSHGQR6rr1wVQ
2025-08-06 18:59:54,812 INFO  [org.apa.kaf.cli.pro.int.TransactionManager] (kafka-producer-network-thread | Producer-topic-2b286926_b06d_40b7_b662_68864347dab2) [Producer clientId=Producer-topic-2b286926_b06d_40b7_b662_68864347dab2] ProducerId set to 13 with epoch 0
2025-08-06 18:59:54,866 INFO  [io.api.tes.ser.api.KafkaSerdesTester] (Thread-666) Sending message {"key11754506793722": "value-1"} to topic topic-2b286926_b06d_40b7_b662_68864347dab2
2025-08-06 18:59:54,869 INFO  [io.api.tes.ser.api.KafkaSerdesTester] (Thread-666) Sending message {"key11754506793722": "value-2"} to topic topic-2b286926_b06d_40b7_b662_68864347dab2
2025-08-06 18:59:54,874 INFO  [io.api.tes.ser.api.KafkaSerdesTester] (Thread-666) Sending message {"key11754506793722": "value-3"} to topic topic-2b286926_b06d_40b7_b662_68864347dab2
2025-08-06 18:59:54,886 INFO  [io.api.tes.ser.api.KafkaSerdesTester] (Thread-666) Sending message {"key11754506793722": "value-4"} to topic topic-2b286926_b06d_40b7_b662_68864347dab2
2025-08-06 18:59:54,892 INFO  [io.api.tes.ser.api.KafkaSerdesTester] (Thread-666) Sending message {"key11754506793722": "value-5"} to topic topic-2b286926_b06d_40b7_b662_68864347dab2
2025-08-06 18:59:54,898 INFO  [io.api.tes.ser.api.KafkaSerdesTester] (Thread-666) Sending message {"key11754506793722": "value-6"} to topic topic-2b286926_b06d_40b7_b662_68864347dab2
2025-08-06 18:59:54,901 INFO  [io.api.tes.ser.api.KafkaSerdesTester] (Thread-666) Sending message {"key11754506793722": "value-7"} to topic topic-2b286926_b06d_40b7_b662_68864347dab2
2025-08-06 18:59:54,904 INFO  [io.api.tes.ser.api.KafkaSerdesTester] (Thread-666) Sending message {"key11754506793722": "value-8"} to topic topic-2b286926_b06d_40b7_b662_68864347dab2
2025-08-06 18:59:54,906 INFO  [io.api.tes.ser.api.KafkaSerdesTester] (Thread-666) Sending message {"key11754506793722": "value-9"} to topic topic-2b286926_b06d_40b7_b662_68864347dab2
2025-08-06 18:59:54,910 INFO  [io.api.tes.ser.api.KafkaSerdesTester] (Thread-666) Produced 10 messages
2025-08-06 18:59:54,910 INFO  [org.apa.kaf.cli.pro.KafkaProducer] (Thread-666) [Producer clientId=Producer-topic-2b286926_b06d_40b7_b662_68864347dab2] Closing the Kafka producer with timeoutMillis = 9223372036854775807 ms.
2025-08-06 18:59:54,913 INFO  [org.apa.kaf.com.met.Metrics] (Thread-666) Metrics scheduler closed
2025-08-06 18:59:54,913 INFO  [org.apa.kaf.com.met.Metrics] (Thread-666) Closing reporter org.apache.kafka.common.metrics.JmxReporter
2025-08-06 18:59:54,913 INFO  [org.apa.kaf.com.met.Metrics] (Thread-666) Closing reporter org.apache.kafka.common.telemetry.internals.ClientTelemetryReporter
2025-08-06 18:59:54,913 INFO  [org.apa.kaf.com.met.Metrics] (Thread-666) Metrics reporters closed
2025-08-06 18:59:54,914 INFO  [org.apa.kaf.com.uti.AppInfoParser] (Thread-666) App info kafka.producer for Producer-topic-2b286926_b06d_40b7_b662_68864347dab2 unregistered
**** Registry Base URL: http://registry-app-ksql043.apps.ci419.apicurio-testing.org:80
2025-08-06 18:59:54,915 INFO  [org.apa.kaf.cli.con.ConsumerConfig] (main) ConsumerConfig values: 
	allow.auto.create.topics = true
	auto.commit.interval.ms = 500
	auto.include.jmx.reporter = true
	auto.offset.reset = earliest
	bootstrap.servers = [PLAINTEXT://localhost:32769]
	check.crcs = true
	client.dns.lookup = use_all_dns_ips
	client.id = consumer-Consumer-topic-2b286926_b06d_40b7_b662_68864347dab2-10
	client.rack = 
	connections.max.idle.ms = 10000
	default.api.timeout.ms = 60000
	enable.auto.commit = true
	enable.metrics.push = true
	exclude.internal.topics = true
	fetch.max.bytes = 52428800
	fetch.max.wait.ms = 500
	fetch.min.bytes = 1
	group.id = Consumer-topic-2b286926_b06d_40b7_b662_68864347dab2
	group.instance.id = null
	group.protocol = classic
	group.remote.assignor = null
	heartbeat.interval.ms = 3000
	interceptor.classes = []
	internal.leave.group.on.close = true
	internal.throw.on.fetch.stable.offset.unsupported = false
	isolation.level = read_uncommitted
	key.deserializer = class org.apache.kafka.common.serialization.StringDeserializer
	max.partition.fetch.bytes = 1048576
	max.poll.interval.ms = 300000
	max.poll.records = 500
	metadata.max.age.ms = 300000
	metadata.recovery.strategy = none
	metric.reporters = []
	metrics.num.samples = 2
	metrics.recording.level = INFO
	metrics.sample.window.ms = 30000
	partition.assignment.strategy = [class org.apache.kafka.clients.consumer.RangeAssignor, class org.apache.kafka.clients.consumer.CooperativeStickyAssignor]
	receive.buffer.bytes = 65536
	reconnect.backoff.max.ms = 1000
	reconnect.backoff.ms = 50
	request.timeout.ms = 5000
	retry.backoff.max.ms = 1000
	retry.backoff.ms = 100
	sasl.client.callback.handler.class = null
	sasl.jaas.config = null
	sasl.kerberos.kinit.cmd = /usr/bin/kinit
	sasl.kerberos.min.time.before.relogin = 60000
	sasl.kerberos.service.name = null
	sasl.kerberos.ticket.renew.jitter = 0.05
	sasl.kerberos.ticket.renew.window.factor = 0.8
	sasl.login.callback.handler.class = null
	sasl.login.class = null
	sasl.login.connect.timeout.ms = null
	sasl.login.read.timeout.ms = null
	sasl.login.refresh.buffer.seconds = 300
	sasl.login.refresh.min.period.seconds = 60
	sasl.login.refresh.window.factor = 0.8
	sasl.login.refresh.window.jitter = 0.05
	sasl.login.retry.backoff.max.ms = 10000
	sasl.login.retry.backoff.ms = 100
	sasl.mechanism = GSSAPI
	sasl.oauthbearer.clock.skew.seconds = 30
	sasl.oauthbearer.expected.audience = null
	sasl.oauthbearer.expected.issuer = null
	sasl.oauthbearer.header.urlencode = false
	sasl.oauthbearer.jwks.endpoint.refresh.ms = 3600000
	sasl.oauthbearer.jwks.endpoint.retry.backoff.max.ms = 10000
	sasl.oauthbearer.jwks.endpoint.retry.backoff.ms = 100
	sasl.oauthbearer.jwks.endpoint.url = null
	sasl.oauthbearer.scope.claim.name = scope
	sasl.oauthbearer.sub.claim.name = sub
	sasl.oauthbearer.token.endpoint.url = null
	security.protocol = PLAINTEXT
	security.providers = null
	send.buffer.bytes = 131072
	session.timeout.ms = 45000
	socket.connection.setup.timeout.max.ms = 30000
	socket.connection.setup.timeout.ms = 10000
	ssl.cipher.suites = null
	ssl.enabled.protocols = [TLSv1.2, TLSv1.3]
	ssl.endpoint.identification.algorithm = https
	ssl.engine.factory.class = null
	ssl.key.password = null
	ssl.keymanager.algorithm = SunX509
	ssl.keystore.certificate.chain = null
	ssl.keystore.key = null
	ssl.keystore.location = null
	ssl.keystore.password = null
	ssl.keystore.type = JKS
	ssl.protocol = TLSv1.3
	ssl.provider = null
	ssl.secure.random.implementation = null
	ssl.trustmanager.algorithm = PKIX
	ssl.truststore.certificates = null
	ssl.truststore.location = null
	ssl.truststore.password = null
	ssl.truststore.type = JKS
	value.deserializer = class io.apicurio.registry.serde.avro.AvroKafkaDeserializer

2025-08-06 18:59:54,916 INFO  [org.apa.kaf.com.tel.int.KafkaMetricsCollector] (main) initializing Kafka metrics collector
2025-08-06 18:59:54,924 INFO  [org.apa.kaf.cli.con.ConsumerConfig] (main) These configurations '[apicurio.registry.url]' were supplied but are not used yet.
2025-08-06 18:59:54,925 INFO  [org.apa.kaf.com.uti.AppInfoParser] (main) Kafka version: 3.9.1
2025-08-06 18:59:54,925 INFO  [org.apa.kaf.com.uti.AppInfoParser] (main) Kafka commitId: f745dfdcee2b9851
2025-08-06 18:59:54,925 INFO  [org.apa.kaf.com.uti.AppInfoParser] (main) Kafka startTimeMs: 1754506794925
2025-08-06 18:59:54,925 INFO  [org.apa.kaf.cli.con.int.ClassicKafkaConsumer] (Thread-669) [Consumer clientId=consumer-Consumer-topic-2b286926_b06d_40b7_b662_68864347dab2-10, groupId=Consumer-topic-2b286926_b06d_40b7_b662_68864347dab2] Subscribed to topic(s): topic-2b286926_b06d_40b7_b662_68864347dab2
2025-08-06 18:59:54,930 INFO  [org.apa.kaf.cli.Metadata] (Thread-669) [Consumer clientId=consumer-Consumer-topic-2b286926_b06d_40b7_b662_68864347dab2-10, groupId=Consumer-topic-2b286926_b06d_40b7_b662_68864347dab2] Cluster ID: T8p0IQFNTYSHGQR6rr1wVQ
2025-08-06 18:59:54,931 INFO  [org.apa.kaf.cli.con.int.ConsumerCoordinator] (Thread-669) [Consumer clientId=consumer-Consumer-topic-2b286926_b06d_40b7_b662_68864347dab2-10, groupId=Consumer-topic-2b286926_b06d_40b7_b662_68864347dab2] Discovered group coordinator localhost:32769 (id: 2147483647 rack: null)
2025-08-06 18:59:54,933 INFO  [org.apa.kaf.cli.con.int.ConsumerCoordinator] (Thread-669) [Consumer clientId=consumer-Consumer-topic-2b286926_b06d_40b7_b662_68864347dab2-10, groupId=Consumer-topic-2b286926_b06d_40b7_b662_68864347dab2] (Re-)joining group
2025-08-06 18:59:54,935 INFO  [org.apa.kaf.cli.con.int.ConsumerCoordinator] (Thread-669) [Consumer clientId=consumer-Consumer-topic-2b286926_b06d_40b7_b662_68864347dab2-10, groupId=Consumer-topic-2b286926_b06d_40b7_b662_68864347dab2] Request joining group due to: need to re-join with the given member-id: consumer-Consumer-topic-2b286926_b06d_40b7_b662_68864347dab2-10-03e3bfcd-b21c-4392-92e3-f6767693438e
2025-08-06 18:59:54,936 INFO  [org.apa.kaf.cli.con.int.ConsumerCoordinator] (Thread-669) [Consumer clientId=consumer-Consumer-topic-2b286926_b06d_40b7_b662_68864347dab2-10, groupId=Consumer-topic-2b286926_b06d_40b7_b662_68864347dab2] (Re-)joining group
2025-08-06 18:59:55,925 INFO  [io.api.tes.ser.api.KafkaSerdesTester] (Thread-669) None found
2025-08-06 18:59:56,926 INFO  [io.api.tes.ser.api.KafkaSerdesTester] (Thread-669) None found
2025-08-06 18:59:57,927 INFO  [io.api.tes.ser.api.KafkaSerdesTester] (Thread-669) None found
2025-08-06 18:59:57,939 INFO  [org.apa.kaf.cli.con.int.ConsumerCoordinator] (Thread-669) [Consumer clientId=consumer-Consumer-topic-2b286926_b06d_40b7_b662_68864347dab2-10, groupId=Consumer-topic-2b286926_b06d_40b7_b662_68864347dab2] Successfully joined group with generation Generation{generationId=1, memberId='consumer-Consumer-topic-2b286926_b06d_40b7_b662_68864347dab2-10-03e3bfcd-b21c-4392-92e3-f6767693438e', protocol='range'}
2025-08-06 18:59:57,939 INFO  [org.apa.kaf.cli.con.int.ConsumerCoordinator] (Thread-669) [Consumer clientId=consumer-Consumer-topic-2b286926_b06d_40b7_b662_68864347dab2-10, groupId=Consumer-topic-2b286926_b06d_40b7_b662_68864347dab2] Finished assignment for group at generation 1: {consumer-Consumer-topic-2b286926_b06d_40b7_b662_68864347dab2-10-03e3bfcd-b21c-4392-92e3-f6767693438e=Assignment(partitions=[topic-2b286926_b06d_40b7_b662_68864347dab2-0])}
2025-08-06 18:59:57,947 INFO  [org.apa.kaf.cli.con.int.ConsumerCoordinator] (Thread-669) [Consumer clientId=consumer-Consumer-topic-2b286926_b06d_40b7_b662_68864347dab2-10, groupId=Consumer-topic-2b286926_b06d_40b7_b662_68864347dab2] Successfully synced group in generation Generation{generationId=1, memberId='consumer-Consumer-topic-2b286926_b06d_40b7_b662_68864347dab2-10-03e3bfcd-b21c-4392-92e3-f6767693438e', protocol='range'}
2025-08-06 18:59:57,947 INFO  [org.apa.kaf.cli.con.int.ConsumerCoordinator] (Thread-669) [Consumer clientId=consumer-Consumer-topic-2b286926_b06d_40b7_b662_68864347dab2-10, groupId=Consumer-topic-2b286926_b06d_40b7_b662_68864347dab2] Notifying assignor about the new Assignment(partitions=[topic-2b286926_b06d_40b7_b662_68864347dab2-0])
2025-08-06 18:59:57,947 INFO  [org.apa.kaf.cli.con.int.ConsumerRebalanceListenerInvoker] (Thread-669) [Consumer clientId=consumer-Consumer-topic-2b286926_b06d_40b7_b662_68864347dab2-10, groupId=Consumer-topic-2b286926_b06d_40b7_b662_68864347dab2] Adding newly assigned partitions: topic-2b286926_b06d_40b7_b662_68864347dab2-0
2025-08-06 18:59:57,948 INFO  [org.apa.kaf.cli.con.int.ConsumerCoordinator] (Thread-669) [Consumer clientId=consumer-Consumer-topic-2b286926_b06d_40b7_b662_68864347dab2-10, groupId=Consumer-topic-2b286926_b06d_40b7_b662_68864347dab2] Found no committed offset for partition topic-2b286926_b06d_40b7_b662_68864347dab2-0
2025-08-06 18:59:57,953 INFO  [org.apa.kaf.cli.con.int.SubscriptionState] (Thread-669) [Consumer clientId=consumer-Consumer-topic-2b286926_b06d_40b7_b662_68864347dab2-10, groupId=Consumer-topic-2b286926_b06d_40b7_b662_68864347dab2] Resetting offset for partition topic-2b286926_b06d_40b7_b662_68864347dab2-0 to position FetchPosition{offset=0, offsetEpoch=Optional.empty, currentLeader=LeaderAndEpoch{leader=Optional[localhost:32769 (id: 0 rack: null)], epoch=0}}.
2025-08-06 18:59:57,980 INFO  [io.api.tes.ser.api.KafkaSerdesTester] (Thread-669) topic-2b286926_b06d_40b7_b662_68864347dab2 0 0 {"key11754506793722": "value-0"}
2025-08-06 18:59:57,980 INFO  [io.api.tes.ser.api.KafkaSerdesTester] (Thread-669) topic-2b286926_b06d_40b7_b662_68864347dab2 0 1 {"key11754506793722": "value-1"}
2025-08-06 18:59:57,980 INFO  [io.api.tes.ser.api.KafkaSerdesTester] (Thread-669) topic-2b286926_b06d_40b7_b662_68864347dab2 0 2 {"key11754506793722": "value-2"}
2025-08-06 18:59:57,980 INFO  [io.api.tes.ser.api.KafkaSerdesTester] (Thread-669) topic-2b286926_b06d_40b7_b662_68864347dab2 0 3 {"key11754506793722": "value-3"}
2025-08-06 18:59:57,980 INFO  [io.api.tes.ser.api.KafkaSerdesTester] (Thread-669) topic-2b286926_b06d_40b7_b662_68864347dab2 0 4 {"key11754506793722": "value-4"}
2025-08-06 18:59:57,980 INFO  [io.api.tes.ser.api.KafkaSerdesTester] (Thread-669) topic-2b286926_b06d_40b7_b662_68864347dab2 0 5 {"key11754506793722": "value-5"}
2025-08-06 18:59:57,980 INFO  [io.api.tes.ser.api.KafkaSerdesTester] (Thread-669) topic-2b286926_b06d_40b7_b662_68864347dab2 0 6 {"key11754506793722": "value-6"}
2025-08-06 18:59:57,980 INFO  [io.api.tes.ser.api.KafkaSerdesTester] (Thread-669) topic-2b286926_b06d_40b7_b662_68864347dab2 0 7 {"key11754506793722": "value-7"}
2025-08-06 18:59:57,980 INFO  [io.api.tes.ser.api.KafkaSerdesTester] (Thread-669) topic-2b286926_b06d_40b7_b662_68864347dab2 0 8 {"key11754506793722": "value-8"}
2025-08-06 18:59:57,980 INFO  [io.api.tes.ser.api.KafkaSerdesTester] (Thread-669) topic-2b286926_b06d_40b7_b662_68864347dab2 0 9 {"key11754506793722": "value-9"}
2025-08-06 18:59:57,981 INFO  [io.api.tes.ser.api.KafkaSerdesTester] (Thread-669) Consumed 10 messages
2025-08-06 18:59:57,988 INFO  [org.apa.kaf.cli.con.int.ConsumerRebalanceListenerInvoker] (Thread-669) [Consumer clientId=consumer-Consumer-topic-2b286926_b06d_40b7_b662_68864347dab2-10, groupId=Consumer-topic-2b286926_b06d_40b7_b662_68864347dab2] Revoke previously assigned partitions topic-2b286926_b06d_40b7_b662_68864347dab2-0
2025-08-06 18:59:57,988 INFO  [org.apa.kaf.cli.con.int.ConsumerCoordinator] (Thread-669) [Consumer clientId=consumer-Consumer-topic-2b286926_b06d_40b7_b662_68864347dab2-10, groupId=Consumer-topic-2b286926_b06d_40b7_b662_68864347dab2] Member consumer-Consumer-topic-2b286926_b06d_40b7_b662_68864347dab2-10-03e3bfcd-b21c-4392-92e3-f6767693438e sending LeaveGroup request to coordinator localhost:32769 (id: 2147483647 rack: null) due to the consumer is being closed
2025-08-06 18:59:57,988 INFO  [org.apa.kaf.cli.con.int.ConsumerCoordinator] (Thread-669) [Consumer clientId=consumer-Consumer-topic-2b286926_b06d_40b7_b662_68864347dab2-10, groupId=Consumer-topic-2b286926_b06d_40b7_b662_68864347dab2] Resetting generation and member id due to: consumer pro-actively leaving the group
2025-08-06 18:59:57,989 INFO  [org.apa.kaf.cli.con.int.ConsumerCoordinator] (Thread-669) [Consumer clientId=consumer-Consumer-topic-2b286926_b06d_40b7_b662_68864347dab2-10, groupId=Consumer-topic-2b286926_b06d_40b7_b662_68864347dab2] Request joining group due to: consumer pro-actively leaving the group
2025-08-06 18:59:58,484 INFO  [org.apa.kaf.com.met.Metrics] (Thread-669) Metrics scheduler closed
2025-08-06 18:59:58,484 INFO  [org.apa.kaf.com.met.Metrics] (Thread-669) Closing reporter org.apache.kafka.common.metrics.JmxReporter
2025-08-06 18:59:58,484 INFO  [org.apa.kaf.com.met.Metrics] (Thread-669) Closing reporter org.apache.kafka.common.telemetry.internals.ClientTelemetryReporter
2025-08-06 18:59:58,484 INFO  [org.apa.kaf.com.met.Metrics] (Thread-669) Metrics reporters closed
2025-08-06 18:59:58,488 INFO  [org.apa.kaf.com.uti.AppInfoParser] (Thread-669) App info kafka.consumer for consumer-Consumer-topic-2b286926_b06d_40b7_b662_68864347dab2-10 unregistered
2025-08-06 18:59:58,489 INFO  [io.api.tes.uti.TestSeparator] (main) io.apicurio.tests.serdes.apicurio.AvroSerdeIT.testTopicRecordIdStrategydFindLatest-FINISHED
2025-08-06 18:59:58,489 INFO  [io.api.tes.uti.TestSeparator] (main) ############################################################################
Test passed: testTopicRecordIdStrategydFindLatest
]]></system-out>
  </testcase>
  <testcase name="testAvroConfluentForMultipleTopics" classname="io.apicurio.tests.serdes.apicurio.AvroSerdeIT" time="12.127">
    <system-out><![CDATA[2025-08-06 18:59:58,494 INFO  [io.api.tes.uti.TestSeparator] (main) ############################################################################
2025-08-06 18:59:58,494 INFO  [io.api.tes.uti.TestSeparator] (main) io.apicurio.tests.serdes.apicurio.AvroSerdeIT.testAvroConfluentForMultipleTopics-STARTED
2025-08-06 18:59:58,497 INFO  [io.api.tes.ser.api.AvroSerdeIT] (main) Registering Avro Schema: {"type":"record","name":"myrecordconfluent","fields":[{"name":"key11754506798494","type":"string"}]}
**** Registry Base URL: http://registry-app-ksql043.apps.ci419.apicurio-testing.org:80
2025-08-06 18:59:59,564 INFO  [org.apa.kaf.cli.pro.ProducerConfig] (main) ProducerConfig values: 
	acks = -1
	auto.include.jmx.reporter = true
	batch.size = 16384
	bootstrap.servers = [PLAINTEXT://localhost:32769]
	buffer.memory = 33554432
	client.dns.lookup = use_all_dns_ips
	client.id = Producer-topic-573f2dad_f4fe_491f_9394_02f989f72c8e
	compression.gzip.level = -1
	compression.lz4.level = 9
	compression.type = none
	compression.zstd.level = 3
	connections.max.idle.ms = 10000
	delivery.timeout.ms = 120000
	enable.idempotence = true
	enable.metrics.push = true
	interceptor.classes = []
	key.serializer = class org.apache.kafka.common.serialization.StringSerializer
	linger.ms = 0
	max.block.ms = 60000
	max.in.flight.requests.per.connection = 5
	max.request.size = 1048576
	metadata.max.age.ms = 300000
	metadata.max.idle.ms = 300000
	metadata.recovery.strategy = none
	metric.reporters = []
	metrics.num.samples = 2
	metrics.recording.level = INFO
	metrics.sample.window.ms = 30000
	partitioner.adaptive.partitioning.enable = true
	partitioner.availability.timeout.ms = 0
	partitioner.class = null
	partitioner.ignore.keys = false
	receive.buffer.bytes = 32768
	reconnect.backoff.max.ms = 1000
	reconnect.backoff.ms = 50
	request.timeout.ms = 5000
	retries = 2147483647
	retry.backoff.max.ms = 1000
	retry.backoff.ms = 100
	sasl.client.callback.handler.class = null
	sasl.jaas.config = null
	sasl.kerberos.kinit.cmd = /usr/bin/kinit
	sasl.kerberos.min.time.before.relogin = 60000
	sasl.kerberos.service.name = null
	sasl.kerberos.ticket.renew.jitter = 0.05
	sasl.kerberos.ticket.renew.window.factor = 0.8
	sasl.login.callback.handler.class = null
	sasl.login.class = null
	sasl.login.connect.timeout.ms = null
	sasl.login.read.timeout.ms = null
	sasl.login.refresh.buffer.seconds = 300
	sasl.login.refresh.min.period.seconds = 60
	sasl.login.refresh.window.factor = 0.8
	sasl.login.refresh.window.jitter = 0.05
	sasl.login.retry.backoff.max.ms = 10000
	sasl.login.retry.backoff.ms = 100
	sasl.mechanism = GSSAPI
	sasl.oauthbearer.clock.skew.seconds = 30
	sasl.oauthbearer.expected.audience = null
	sasl.oauthbearer.expected.issuer = null
	sasl.oauthbearer.header.urlencode = false
	sasl.oauthbearer.jwks.endpoint.refresh.ms = 3600000
	sasl.oauthbearer.jwks.endpoint.retry.backoff.max.ms = 10000
	sasl.oauthbearer.jwks.endpoint.retry.backoff.ms = 100
	sasl.oauthbearer.jwks.endpoint.url = null
	sasl.oauthbearer.scope.claim.name = scope
	sasl.oauthbearer.sub.claim.name = sub
	sasl.oauthbearer.token.endpoint.url = null
	security.protocol = PLAINTEXT
	security.providers = null
	send.buffer.bytes = 131072
	socket.connection.setup.timeout.max.ms = 30000
	socket.connection.setup.timeout.ms = 10000
	ssl.cipher.suites = null
	ssl.enabled.protocols = [TLSv1.2, TLSv1.3]
	ssl.endpoint.identification.algorithm = https
	ssl.engine.factory.class = null
	ssl.key.password = null
	ssl.keymanager.algorithm = SunX509
	ssl.keystore.certificate.chain = null
	ssl.keystore.key = null
	ssl.keystore.location = null
	ssl.keystore.password = null
	ssl.keystore.type = JKS
	ssl.protocol = TLSv1.3
	ssl.provider = null
	ssl.secure.random.implementation = null
	ssl.trustmanager.algorithm = PKIX
	ssl.truststore.certificates = null
	ssl.truststore.location = null
	ssl.truststore.password = null
	ssl.truststore.type = JKS
	transaction.timeout.ms = 60000
	transactional.id = null
	value.serializer = class io.apicurio.registry.serde.avro.AvroKafkaSerializer

2025-08-06 18:59:59,564 INFO  [org.apa.kaf.com.tel.int.KafkaMetricsCollector] (main) initializing Kafka metrics collector
2025-08-06 18:59:59,568 INFO  [org.apa.kaf.cli.pro.KafkaProducer] (main) [Producer clientId=Producer-topic-573f2dad_f4fe_491f_9394_02f989f72c8e] Instantiated an idempotent producer.
2025-08-06 18:59:59,570 INFO  [org.apa.kaf.cli.pro.ProducerConfig] (main) These configurations '[apicurio.registry.url, apicurio.registry.artifact-resolver-strategy]' were supplied but are not used yet.
2025-08-06 18:59:59,571 INFO  [org.apa.kaf.com.uti.AppInfoParser] (main) Kafka version: 3.9.1
2025-08-06 18:59:59,571 INFO  [org.apa.kaf.com.uti.AppInfoParser] (main) Kafka commitId: f745dfdcee2b9851
2025-08-06 18:59:59,571 INFO  [org.apa.kaf.com.uti.AppInfoParser] (main) Kafka startTimeMs: 1754506799571
**** Registry Base URL: http://registry-app-ksql043.apps.ci419.apicurio-testing.org:80
2025-08-06 18:59:59,571 INFO  [org.apa.kaf.cli.pro.ProducerConfig] (main) ProducerConfig values: 
	acks = -1
	auto.include.jmx.reporter = true
	batch.size = 16384
	bootstrap.servers = [PLAINTEXT://localhost:32769]
	buffer.memory = 33554432
	client.dns.lookup = use_all_dns_ips
	client.id = Producer-topic-45b3fff5_11f0_47ff_a956_8214e0682b9f
	compression.gzip.level = -1
	compression.lz4.level = 9
	compression.type = none
	compression.zstd.level = 3
	connections.max.idle.ms = 10000
	delivery.timeout.ms = 120000
	enable.idempotence = true
	enable.metrics.push = true
	interceptor.classes = []
	key.serializer = class org.apache.kafka.common.serialization.StringSerializer
	linger.ms = 0
	max.block.ms = 60000
	max.in.flight.requests.per.connection = 5
	max.request.size = 1048576
	metadata.max.age.ms = 300000
	metadata.max.idle.ms = 300000
	metadata.recovery.strategy = none
	metric.reporters = []
	metrics.num.samples = 2
	metrics.recording.level = INFO
	metrics.sample.window.ms = 30000
	partitioner.adaptive.partitioning.enable = true
	partitioner.availability.timeout.ms = 0
	partitioner.class = null
	partitioner.ignore.keys = false
	receive.buffer.bytes = 32768
	reconnect.backoff.max.ms = 1000
	reconnect.backoff.ms = 50
	request.timeout.ms = 5000
	retries = 2147483647
	retry.backoff.max.ms = 1000
	retry.backoff.ms = 100
	sasl.client.callback.handler.class = null
	sasl.jaas.config = null
	sasl.kerberos.kinit.cmd = /usr/bin/kinit
	sasl.kerberos.min.time.before.relogin = 60000
	sasl.kerberos.service.name = null
	sasl.kerberos.ticket.renew.jitter = 0.05
	sasl.kerberos.ticket.renew.window.factor = 0.8
	sasl.login.callback.handler.class = null
	sasl.login.class = null
	sasl.login.connect.timeout.ms = null
	sasl.login.read.timeout.ms = null
	sasl.login.refresh.buffer.seconds = 300
	sasl.login.refresh.min.period.seconds = 60
	sasl.login.refresh.window.factor = 0.8
	sasl.login.refresh.window.jitter = 0.05
	sasl.login.retry.backoff.max.ms = 10000
	sasl.login.retry.backoff.ms = 100
	sasl.mechanism = GSSAPI
	sasl.oauthbearer.clock.skew.seconds = 30
	sasl.oauthbearer.expected.audience = null
	sasl.oauthbearer.expected.issuer = null
	sasl.oauthbearer.header.urlencode = false
	sasl.oauthbearer.jwks.endpoint.refresh.ms = 3600000
	sasl.oauthbearer.jwks.endpoint.retry.backoff.max.ms = 10000
	sasl.oauthbearer.jwks.endpoint.retry.backoff.ms = 100
	sasl.oauthbearer.jwks.endpoint.url = null
	sasl.oauthbearer.scope.claim.name = scope
	sasl.oauthbearer.sub.claim.name = sub
	sasl.oauthbearer.token.endpoint.url = null
	security.protocol = PLAINTEXT
	security.providers = null
	send.buffer.bytes = 131072
	socket.connection.setup.timeout.max.ms = 30000
	socket.connection.setup.timeout.ms = 10000
	ssl.cipher.suites = null
	ssl.enabled.protocols = [TLSv1.2, TLSv1.3]
	ssl.endpoint.identification.algorithm = https
	ssl.engine.factory.class = null
	ssl.key.password = null
	ssl.keymanager.algorithm = SunX509
	ssl.keystore.certificate.chain = null
	ssl.keystore.key = null
	ssl.keystore.location = null
	ssl.keystore.password = null
	ssl.keystore.type = JKS
	ssl.protocol = TLSv1.3
	ssl.provider = null
	ssl.secure.random.implementation = null
	ssl.trustmanager.algorithm = PKIX
	ssl.truststore.certificates = null
	ssl.truststore.location = null
	ssl.truststore.password = null
	ssl.truststore.type = JKS
	transaction.timeout.ms = 60000
	transactional.id = null
	value.serializer = class io.apicurio.registry.serde.avro.AvroKafkaSerializer

2025-08-06 18:59:59,572 INFO  [org.apa.kaf.com.tel.int.KafkaMetricsCollector] (main) initializing Kafka metrics collector
2025-08-06 18:59:59,575 INFO  [org.apa.kaf.cli.pro.KafkaProducer] (main) [Producer clientId=Producer-topic-45b3fff5_11f0_47ff_a956_8214e0682b9f] Instantiated an idempotent producer.
2025-08-06 18:59:59,583 INFO  [org.apa.kaf.cli.Metadata] (kafka-producer-network-thread | Producer-topic-573f2dad_f4fe_491f_9394_02f989f72c8e) [Producer clientId=Producer-topic-573f2dad_f4fe_491f_9394_02f989f72c8e] Cluster ID: T8p0IQFNTYSHGQR6rr1wVQ
2025-08-06 18:59:59,583 INFO  [org.apa.kaf.cli.pro.int.TransactionManager] (kafka-producer-network-thread | Producer-topic-573f2dad_f4fe_491f_9394_02f989f72c8e) [Producer clientId=Producer-topic-573f2dad_f4fe_491f_9394_02f989f72c8e] ProducerId set to 14 with epoch 0
2025-08-06 18:59:59,583 INFO  [org.apa.kaf.cli.pro.ProducerConfig] (main) These configurations '[apicurio.registry.url, apicurio.registry.artifact-resolver-strategy]' were supplied but are not used yet.
2025-08-06 18:59:59,583 INFO  [org.apa.kaf.com.uti.AppInfoParser] (main) Kafka version: 3.9.1
2025-08-06 18:59:59,583 INFO  [org.apa.kaf.com.uti.AppInfoParser] (main) Kafka commitId: f745dfdcee2b9851
2025-08-06 18:59:59,583 INFO  [org.apa.kaf.com.uti.AppInfoParser] (main) Kafka startTimeMs: 1754506799583
**** Registry Base URL: http://registry-app-ksql043.apps.ci419.apicurio-testing.org:80
2025-08-06 18:59:59,592 INFO  [org.apa.kaf.cli.pro.ProducerConfig] (main) ProducerConfig values: 
	acks = -1
	auto.include.jmx.reporter = true
	batch.size = 16384
	bootstrap.servers = [PLAINTEXT://localhost:32769]
	buffer.memory = 33554432
	client.dns.lookup = use_all_dns_ips
	client.id = Producer-topic-67cc11c2_265c_4a3a_b345_b33b5a22b17c
	compression.gzip.level = -1
	compression.lz4.level = 9
	compression.type = none
	compression.zstd.level = 3
	connections.max.idle.ms = 10000
	delivery.timeout.ms = 120000
	enable.idempotence = true
	enable.metrics.push = true
	interceptor.classes = []
	key.serializer = class org.apache.kafka.common.serialization.StringSerializer
	linger.ms = 0
	max.block.ms = 60000
	max.in.flight.requests.per.connection = 5
	max.request.size = 1048576
	metadata.max.age.ms = 300000
	metadata.max.idle.ms = 300000
	metadata.recovery.strategy = none
	metric.reporters = []
	metrics.num.samples = 2
	metrics.recording.level = INFO
	metrics.sample.window.ms = 30000
	partitioner.adaptive.partitioning.enable = true
	partitioner.availability.timeout.ms = 0
	partitioner.class = null
	partitioner.ignore.keys = false
	receive.buffer.bytes = 32768
	reconnect.backoff.max.ms = 1000
	reconnect.backoff.ms = 50
	request.timeout.ms = 5000
	retries = 2147483647
	retry.backoff.max.ms = 1000
	retry.backoff.ms = 100
	sasl.client.callback.handler.class = null
	sasl.jaas.config = null
	sasl.kerberos.kinit.cmd = /usr/bin/kinit
	sasl.kerberos.min.time.before.relogin = 60000
	sasl.kerberos.service.name = null
	sasl.kerberos.ticket.renew.jitter = 0.05
	sasl.kerberos.ticket.renew.window.factor = 0.8
	sasl.login.callback.handler.class = null
	sasl.login.class = null
	sasl.login.connect.timeout.ms = null
	sasl.login.read.timeout.ms = null
	sasl.login.refresh.buffer.seconds = 300
	sasl.login.refresh.min.period.seconds = 60
	sasl.login.refresh.window.factor = 0.8
	sasl.login.refresh.window.jitter = 0.05
	sasl.login.retry.backoff.max.ms = 10000
	sasl.login.retry.backoff.ms = 100
	sasl.mechanism = GSSAPI
	sasl.oauthbearer.clock.skew.seconds = 30
	sasl.oauthbearer.expected.audience = null
	sasl.oauthbearer.expected.issuer = null
	sasl.oauthbearer.header.urlencode = false
	sasl.oauthbearer.jwks.endpoint.refresh.ms = 3600000
	sasl.oauthbearer.jwks.endpoint.retry.backoff.max.ms = 10000
	sasl.oauthbearer.jwks.endpoint.retry.backoff.ms = 100
	sasl.oauthbearer.jwks.endpoint.url = null
	sasl.oauthbearer.scope.claim.name = scope
	sasl.oauthbearer.sub.claim.name = sub
	sasl.oauthbearer.token.endpoint.url = null
	security.protocol = PLAINTEXT
	security.providers = null
	send.buffer.bytes = 131072
	socket.connection.setup.timeout.max.ms = 30000
	socket.connection.setup.timeout.ms = 10000
	ssl.cipher.suites = null
	ssl.enabled.protocols = [TLSv1.2, TLSv1.3]
	ssl.endpoint.identification.algorithm = https
	ssl.engine.factory.class = null
	ssl.key.password = null
	ssl.keymanager.algorithm = SunX509
	ssl.keystore.certificate.chain = null
	ssl.keystore.key = null
	ssl.keystore.location = null
	ssl.keystore.password = null
	ssl.keystore.type = JKS
	ssl.protocol = TLSv1.3
	ssl.provider = null
	ssl.secure.random.implementation = null
	ssl.trustmanager.algorithm = PKIX
	ssl.truststore.certificates = null
	ssl.truststore.location = null
	ssl.truststore.password = null
	ssl.truststore.type = JKS
	transaction.timeout.ms = 60000
	transactional.id = null
	value.serializer = class io.apicurio.registry.serde.avro.AvroKafkaSerializer

2025-08-06 18:59:59,593 INFO  [org.apa.kaf.com.tel.int.KafkaMetricsCollector] (main) initializing Kafka metrics collector
2025-08-06 18:59:59,597 INFO  [org.apa.kaf.cli.Metadata] (kafka-producer-network-thread | Producer-topic-45b3fff5_11f0_47ff_a956_8214e0682b9f) [Producer clientId=Producer-topic-45b3fff5_11f0_47ff_a956_8214e0682b9f] Cluster ID: T8p0IQFNTYSHGQR6rr1wVQ
2025-08-06 18:59:59,597 INFO  [org.apa.kaf.cli.pro.int.TransactionManager] (kafka-producer-network-thread | Producer-topic-45b3fff5_11f0_47ff_a956_8214e0682b9f) [Producer clientId=Producer-topic-45b3fff5_11f0_47ff_a956_8214e0682b9f] ProducerId set to 15 with epoch 0
2025-08-06 18:59:59,600 INFO  [org.apa.kaf.cli.pro.KafkaProducer] (main) [Producer clientId=Producer-topic-67cc11c2_265c_4a3a_b345_b33b5a22b17c] Instantiated an idempotent producer.
2025-08-06 18:59:59,602 INFO  [org.apa.kaf.cli.pro.ProducerConfig] (main) These configurations '[apicurio.registry.url, apicurio.registry.artifact-resolver-strategy]' were supplied but are not used yet.
2025-08-06 18:59:59,602 INFO  [org.apa.kaf.com.uti.AppInfoParser] (main) Kafka version: 3.9.1
2025-08-06 18:59:59,602 INFO  [org.apa.kaf.com.uti.AppInfoParser] (main) Kafka commitId: f745dfdcee2b9851
2025-08-06 18:59:59,602 INFO  [org.apa.kaf.com.uti.AppInfoParser] (main) Kafka startTimeMs: 1754506799602
**** Registry Base URL: http://registry-app-ksql043.apps.ci419.apicurio-testing.org:80
2025-08-06 18:59:59,603 INFO  [org.apa.kaf.cli.con.ConsumerConfig] (main) ConsumerConfig values: 
	allow.auto.create.topics = true
	auto.commit.interval.ms = 500
	auto.include.jmx.reporter = true
	auto.offset.reset = earliest
	bootstrap.servers = [PLAINTEXT://localhost:32769]
	check.crcs = true
	client.dns.lookup = use_all_dns_ips
	client.id = consumer-Consumer-topic-573f2dad_f4fe_491f_9394_02f989f72c8e-11
	client.rack = 
	connections.max.idle.ms = 10000
	default.api.timeout.ms = 60000
	enable.auto.commit = true
	enable.metrics.push = true
	exclude.internal.topics = true
	fetch.max.bytes = 52428800
	fetch.max.wait.ms = 500
	fetch.min.bytes = 1
	group.id = Consumer-topic-573f2dad_f4fe_491f_9394_02f989f72c8e
	group.instance.id = null
	group.protocol = classic
	group.remote.assignor = null
	heartbeat.interval.ms = 3000
	interceptor.classes = []
	internal.leave.group.on.close = true
	internal.throw.on.fetch.stable.offset.unsupported = false
	isolation.level = read_uncommitted
	key.deserializer = class org.apache.kafka.common.serialization.StringDeserializer
	max.partition.fetch.bytes = 1048576
	max.poll.interval.ms = 300000
	max.poll.records = 500
	metadata.max.age.ms = 300000
	metadata.recovery.strategy = none
	metric.reporters = []
	metrics.num.samples = 2
	metrics.recording.level = INFO
	metrics.sample.window.ms = 30000
	partition.assignment.strategy = [class org.apache.kafka.clients.consumer.RangeAssignor, class org.apache.kafka.clients.consumer.CooperativeStickyAssignor]
	receive.buffer.bytes = 65536
	reconnect.backoff.max.ms = 1000
	reconnect.backoff.ms = 50
	request.timeout.ms = 5000
	retry.backoff.max.ms = 1000
	retry.backoff.ms = 100
	sasl.client.callback.handler.class = null
	sasl.jaas.config = null
	sasl.kerberos.kinit.cmd = /usr/bin/kinit
	sasl.kerberos.min.time.before.relogin = 60000
	sasl.kerberos.service.name = null
	sasl.kerberos.ticket.renew.jitter = 0.05
	sasl.kerberos.ticket.renew.window.factor = 0.8
	sasl.login.callback.handler.class = null
	sasl.login.class = null
	sasl.login.connect.timeout.ms = null
	sasl.login.read.timeout.ms = null
	sasl.login.refresh.buffer.seconds = 300
	sasl.login.refresh.min.period.seconds = 60
	sasl.login.refresh.window.factor = 0.8
	sasl.login.refresh.window.jitter = 0.05
	sasl.login.retry.backoff.max.ms = 10000
	sasl.login.retry.backoff.ms = 100
	sasl.mechanism = GSSAPI
	sasl.oauthbearer.clock.skew.seconds = 30
	sasl.oauthbearer.expected.audience = null
	sasl.oauthbearer.expected.issuer = null
	sasl.oauthbearer.header.urlencode = false
	sasl.oauthbearer.jwks.endpoint.refresh.ms = 3600000
	sasl.oauthbearer.jwks.endpoint.retry.backoff.max.ms = 10000
	sasl.oauthbearer.jwks.endpoint.retry.backoff.ms = 100
	sasl.oauthbearer.jwks.endpoint.url = null
	sasl.oauthbearer.scope.claim.name = scope
	sasl.oauthbearer.sub.claim.name = sub
	sasl.oauthbearer.token.endpoint.url = null
	security.protocol = PLAINTEXT
	security.providers = null
	send.buffer.bytes = 131072
	session.timeout.ms = 45000
	socket.connection.setup.timeout.max.ms = 30000
	socket.connection.setup.timeout.ms = 10000
	ssl.cipher.suites = null
	ssl.enabled.protocols = [TLSv1.2, TLSv1.3]
	ssl.endpoint.identification.algorithm = https
	ssl.engine.factory.class = null
	ssl.key.password = null
	ssl.keymanager.algorithm = SunX509
	ssl.keystore.certificate.chain = null
	ssl.keystore.key = null
	ssl.keystore.location = null
	ssl.keystore.password = null
	ssl.keystore.type = JKS
	ssl.protocol = TLSv1.3
	ssl.provider = null
	ssl.secure.random.implementation = null
	ssl.trustmanager.algorithm = PKIX
	ssl.truststore.certificates = null
	ssl.truststore.location = null
	ssl.truststore.password = null
	ssl.truststore.type = JKS
	value.deserializer = class io.apicurio.registry.serde.avro.AvroKafkaDeserializer

2025-08-06 18:59:59,604 INFO  [org.apa.kaf.com.tel.int.KafkaMetricsCollector] (main) initializing Kafka metrics collector
2025-08-06 18:59:59,610 INFO  [org.apa.kaf.cli.Metadata] (kafka-producer-network-thread | Producer-topic-67cc11c2_265c_4a3a_b345_b33b5a22b17c) [Producer clientId=Producer-topic-67cc11c2_265c_4a3a_b345_b33b5a22b17c] Cluster ID: T8p0IQFNTYSHGQR6rr1wVQ
2025-08-06 18:59:59,612 INFO  [org.apa.kaf.cli.con.ConsumerConfig] (main) These configurations '[apicurio.registry.url]' were supplied but are not used yet.
2025-08-06 18:59:59,612 INFO  [org.apa.kaf.cli.pro.int.TransactionManager] (kafka-producer-network-thread | Producer-topic-67cc11c2_265c_4a3a_b345_b33b5a22b17c) [Producer clientId=Producer-topic-67cc11c2_265c_4a3a_b345_b33b5a22b17c] ProducerId set to 16 with epoch 0
2025-08-06 18:59:59,612 INFO  [org.apa.kaf.com.uti.AppInfoParser] (main) Kafka version: 3.9.1
2025-08-06 18:59:59,612 INFO  [org.apa.kaf.com.uti.AppInfoParser] (main) Kafka commitId: f745dfdcee2b9851
2025-08-06 18:59:59,612 INFO  [org.apa.kaf.com.uti.AppInfoParser] (main) Kafka startTimeMs: 1754506799612
**** Registry Base URL: http://registry-app-ksql043.apps.ci419.apicurio-testing.org:80
2025-08-06 18:59:59,613 INFO  [org.apa.kaf.cli.con.ConsumerConfig] (main) ConsumerConfig values: 
	allow.auto.create.topics = true
	auto.commit.interval.ms = 500
	auto.include.jmx.reporter = true
	auto.offset.reset = earliest
	bootstrap.servers = [PLAINTEXT://localhost:32769]
	check.crcs = true
	client.dns.lookup = use_all_dns_ips
	client.id = consumer-Consumer-topic-45b3fff5_11f0_47ff_a956_8214e0682b9f-12
	client.rack = 
	connections.max.idle.ms = 10000
	default.api.timeout.ms = 60000
	enable.auto.commit = true
	enable.metrics.push = true
	exclude.internal.topics = true
	fetch.max.bytes = 52428800
	fetch.max.wait.ms = 500
	fetch.min.bytes = 1
	group.id = Consumer-topic-45b3fff5_11f0_47ff_a956_8214e0682b9f
	group.instance.id = null
	group.protocol = classic
	group.remote.assignor = null
	heartbeat.interval.ms = 3000
	interceptor.classes = []
	internal.leave.group.on.close = true
	internal.throw.on.fetch.stable.offset.unsupported = false
	isolation.level = read_uncommitted
	key.deserializer = class org.apache.kafka.common.serialization.StringDeserializer
	max.partition.fetch.bytes = 1048576
	max.poll.interval.ms = 300000
	max.poll.records = 500
	metadata.max.age.ms = 300000
	metadata.recovery.strategy = none
	metric.reporters = []
	metrics.num.samples = 2
	metrics.recording.level = INFO
	metrics.sample.window.ms = 30000
	partition.assignment.strategy = [class org.apache.kafka.clients.consumer.RangeAssignor, class org.apache.kafka.clients.consumer.CooperativeStickyAssignor]
	receive.buffer.bytes = 65536
	reconnect.backoff.max.ms = 1000
	reconnect.backoff.ms = 50
	request.timeout.ms = 5000
	retry.backoff.max.ms = 1000
	retry.backoff.ms = 100
	sasl.client.callback.handler.class = null
	sasl.jaas.config = null
	sasl.kerberos.kinit.cmd = /usr/bin/kinit
	sasl.kerberos.min.time.before.relogin = 60000
	sasl.kerberos.service.name = null
	sasl.kerberos.ticket.renew.jitter = 0.05
	sasl.kerberos.ticket.renew.window.factor = 0.8
	sasl.login.callback.handler.class = null
	sasl.login.class = null
	sasl.login.connect.timeout.ms = null
	sasl.login.read.timeout.ms = null
	sasl.login.refresh.buffer.seconds = 300
	sasl.login.refresh.min.period.seconds = 60
	sasl.login.refresh.window.factor = 0.8
	sasl.login.refresh.window.jitter = 0.05
	sasl.login.retry.backoff.max.ms = 10000
	sasl.login.retry.backoff.ms = 100
	sasl.mechanism = GSSAPI
	sasl.oauthbearer.clock.skew.seconds = 30
	sasl.oauthbearer.expected.audience = null
	sasl.oauthbearer.expected.issuer = null
	sasl.oauthbearer.header.urlencode = false
	sasl.oauthbearer.jwks.endpoint.refresh.ms = 3600000
	sasl.oauthbearer.jwks.endpoint.retry.backoff.max.ms = 10000
	sasl.oauthbearer.jwks.endpoint.retry.backoff.ms = 100
	sasl.oauthbearer.jwks.endpoint.url = null
	sasl.oauthbearer.scope.claim.name = scope
	sasl.oauthbearer.sub.claim.name = sub
	sasl.oauthbearer.token.endpoint.url = null
	security.protocol = PLAINTEXT
	security.providers = null
	send.buffer.bytes = 131072
	session.timeout.ms = 45000
	socket.connection.setup.timeout.max.ms = 30000
	socket.connection.setup.timeout.ms = 10000
	ssl.cipher.suites = null
	ssl.enabled.protocols = [TLSv1.2, TLSv1.3]
	ssl.endpoint.identification.algorithm = https
	ssl.engine.factory.class = null
	ssl.key.password = null
	ssl.keymanager.algorithm = SunX509
	ssl.keystore.certificate.chain = null
	ssl.keystore.key = null
	ssl.keystore.location = null
	ssl.keystore.password = null
	ssl.keystore.type = JKS
	ssl.protocol = TLSv1.3
	ssl.provider = null
	ssl.secure.random.implementation = null
	ssl.trustmanager.algorithm = PKIX
	ssl.truststore.certificates = null
	ssl.truststore.location = null
	ssl.truststore.password = null
	ssl.truststore.type = JKS
	value.deserializer = class io.apicurio.registry.serde.avro.AvroKafkaDeserializer

2025-08-06 18:59:59,613 INFO  [org.apa.kaf.com.tel.int.KafkaMetricsCollector] (main) initializing Kafka metrics collector
2025-08-06 18:59:59,620 INFO  [org.apa.kaf.cli.con.ConsumerConfig] (main) These configurations '[apicurio.registry.url]' were supplied but are not used yet.
2025-08-06 18:59:59,620 INFO  [org.apa.kaf.com.uti.AppInfoParser] (main) Kafka version: 3.9.1
2025-08-06 18:59:59,620 INFO  [org.apa.kaf.com.uti.AppInfoParser] (main) Kafka commitId: f745dfdcee2b9851
2025-08-06 18:59:59,620 INFO  [org.apa.kaf.com.uti.AppInfoParser] (main) Kafka startTimeMs: 1754506799620
**** Registry Base URL: http://registry-app-ksql043.apps.ci419.apicurio-testing.org:80
2025-08-06 18:59:59,620 INFO  [org.apa.kaf.cli.con.ConsumerConfig] (main) ConsumerConfig values: 
	allow.auto.create.topics = true
	auto.commit.interval.ms = 500
	auto.include.jmx.reporter = true
	auto.offset.reset = earliest
	bootstrap.servers = [PLAINTEXT://localhost:32769]
	check.crcs = true
	client.dns.lookup = use_all_dns_ips
	client.id = consumer-Consumer-topic-67cc11c2_265c_4a3a_b345_b33b5a22b17c-13
	client.rack = 
	connections.max.idle.ms = 10000
	default.api.timeout.ms = 60000
	enable.auto.commit = true
	enable.metrics.push = true
	exclude.internal.topics = true
	fetch.max.bytes = 52428800
	fetch.max.wait.ms = 500
	fetch.min.bytes = 1
	group.id = Consumer-topic-67cc11c2_265c_4a3a_b345_b33b5a22b17c
	group.instance.id = null
	group.protocol = classic
	group.remote.assignor = null
	heartbeat.interval.ms = 3000
	interceptor.classes = []
	internal.leave.group.on.close = true
	internal.throw.on.fetch.stable.offset.unsupported = false
	isolation.level = read_uncommitted
	key.deserializer = class org.apache.kafka.common.serialization.StringDeserializer
	max.partition.fetch.bytes = 1048576
	max.poll.interval.ms = 300000
	max.poll.records = 500
	metadata.max.age.ms = 300000
	metadata.recovery.strategy = none
	metric.reporters = []
	metrics.num.samples = 2
	metrics.recording.level = INFO
	metrics.sample.window.ms = 30000
	partition.assignment.strategy = [class org.apache.kafka.clients.consumer.RangeAssignor, class org.apache.kafka.clients.consumer.CooperativeStickyAssignor]
	receive.buffer.bytes = 65536
	reconnect.backoff.max.ms = 1000
	reconnect.backoff.ms = 50
	request.timeout.ms = 5000
	retry.backoff.max.ms = 1000
	retry.backoff.ms = 100
	sasl.client.callback.handler.class = null
	sasl.jaas.config = null
	sasl.kerberos.kinit.cmd = /usr/bin/kinit
	sasl.kerberos.min.time.before.relogin = 60000
	sasl.kerberos.service.name = null
	sasl.kerberos.ticket.renew.jitter = 0.05
	sasl.kerberos.ticket.renew.window.factor = 0.8
	sasl.login.callback.handler.class = null
	sasl.login.class = null
	sasl.login.connect.timeout.ms = null
	sasl.login.read.timeout.ms = null
	sasl.login.refresh.buffer.seconds = 300
	sasl.login.refresh.min.period.seconds = 60
	sasl.login.refresh.window.factor = 0.8
	sasl.login.refresh.window.jitter = 0.05
	sasl.login.retry.backoff.max.ms = 10000
	sasl.login.retry.backoff.ms = 100
	sasl.mechanism = GSSAPI
	sasl.oauthbearer.clock.skew.seconds = 30
	sasl.oauthbearer.expected.audience = null
	sasl.oauthbearer.expected.issuer = null
	sasl.oauthbearer.header.urlencode = false
	sasl.oauthbearer.jwks.endpoint.refresh.ms = 3600000
	sasl.oauthbearer.jwks.endpoint.retry.backoff.max.ms = 10000
	sasl.oauthbearer.jwks.endpoint.retry.backoff.ms = 100
	sasl.oauthbearer.jwks.endpoint.url = null
	sasl.oauthbearer.scope.claim.name = scope
	sasl.oauthbearer.sub.claim.name = sub
	sasl.oauthbearer.token.endpoint.url = null
	security.protocol = PLAINTEXT
	security.providers = null
	send.buffer.bytes = 131072
	session.timeout.ms = 45000
	socket.connection.setup.timeout.max.ms = 30000
	socket.connection.setup.timeout.ms = 10000
	ssl.cipher.suites = null
	ssl.enabled.protocols = [TLSv1.2, TLSv1.3]
	ssl.endpoint.identification.algorithm = https
	ssl.engine.factory.class = null
	ssl.key.password = null
	ssl.keymanager.algorithm = SunX509
	ssl.keystore.certificate.chain = null
	ssl.keystore.key = null
	ssl.keystore.location = null
	ssl.keystore.password = null
	ssl.keystore.type = JKS
	ssl.protocol = TLSv1.3
	ssl.provider = null
	ssl.secure.random.implementation = null
	ssl.trustmanager.algorithm = PKIX
	ssl.truststore.certificates = null
	ssl.truststore.location = null
	ssl.truststore.password = null
	ssl.truststore.type = JKS
	value.deserializer = class io.apicurio.registry.serde.avro.AvroKafkaDeserializer

2025-08-06 18:59:59,621 INFO  [org.apa.kaf.com.tel.int.KafkaMetricsCollector] (main) initializing Kafka metrics collector
2025-08-06 18:59:59,626 INFO  [org.apa.kaf.cli.con.ConsumerConfig] (main) These configurations '[apicurio.registry.url]' were supplied but are not used yet.
2025-08-06 18:59:59,626 INFO  [org.apa.kaf.com.uti.AppInfoParser] (main) Kafka version: 3.9.1
2025-08-06 18:59:59,626 INFO  [org.apa.kaf.com.uti.AppInfoParser] (main) Kafka commitId: f745dfdcee2b9851
2025-08-06 18:59:59,626 INFO  [org.apa.kaf.com.uti.AppInfoParser] (main) Kafka startTimeMs: 1754506799626
2025-08-06 18:59:59,628 INFO  [io.api.tes.ser.api.KafkaSerdesTester] (Thread-682) Sending message {"key11754506798494": "value-0"} to topic topic-573f2dad_f4fe_491f_9394_02f989f72c8e
2025-08-06 18:59:59,637 INFO  [DefaultSchemaResolver] (Thread-682) Retrieving schema content using string: {"type":"record","name":"myrecordconfluent","fields":[{"name":"key11754506798494","type":"string"}]}
2025-08-06 18:59:59,666 INFO  [io.api.tes.ser.api.KafkaSerdesTester] (Thread-682) Sending message {"key11754506798494": "value-1"} to topic topic-573f2dad_f4fe_491f_9394_02f989f72c8e
2025-08-06 18:59:59,668 INFO  [io.api.tes.ser.api.KafkaSerdesTester] (Thread-682) Sending message {"key11754506798494": "value-2"} to topic topic-573f2dad_f4fe_491f_9394_02f989f72c8e
2025-08-06 18:59:59,670 INFO  [io.api.tes.ser.api.KafkaSerdesTester] (Thread-682) Sending message {"key11754506798494": "value-3"} to topic topic-573f2dad_f4fe_491f_9394_02f989f72c8e
2025-08-06 18:59:59,671 INFO  [io.api.tes.ser.api.KafkaSerdesTester] (Thread-682) Sending message {"key11754506798494": "value-4"} to topic topic-573f2dad_f4fe_491f_9394_02f989f72c8e
2025-08-06 18:59:59,673 INFO  [io.api.tes.ser.api.KafkaSerdesTester] (Thread-682) Sending message {"key11754506798494": "value-5"} to topic topic-573f2dad_f4fe_491f_9394_02f989f72c8e
2025-08-06 18:59:59,674 INFO  [io.api.tes.ser.api.KafkaSerdesTester] (Thread-682) Sending message {"key11754506798494": "value-6"} to topic topic-573f2dad_f4fe_491f_9394_02f989f72c8e
2025-08-06 18:59:59,676 INFO  [io.api.tes.ser.api.KafkaSerdesTester] (Thread-682) Sending message {"key11754506798494": "value-7"} to topic topic-573f2dad_f4fe_491f_9394_02f989f72c8e
2025-08-06 18:59:59,677 INFO  [io.api.tes.ser.api.KafkaSerdesTester] (Thread-682) Sending message {"key11754506798494": "value-8"} to topic topic-573f2dad_f4fe_491f_9394_02f989f72c8e
2025-08-06 18:59:59,679 INFO  [io.api.tes.ser.api.KafkaSerdesTester] (Thread-682) Sending message {"key11754506798494": "value-9"} to topic topic-573f2dad_f4fe_491f_9394_02f989f72c8e
2025-08-06 18:59:59,680 INFO  [io.api.tes.ser.api.KafkaSerdesTester] (Thread-682) Produced 10 messages
2025-08-06 18:59:59,680 INFO  [org.apa.kaf.cli.pro.KafkaProducer] (Thread-682) [Producer clientId=Producer-topic-573f2dad_f4fe_491f_9394_02f989f72c8e] Closing the Kafka producer with timeoutMillis = 9223372036854775807 ms.
2025-08-06 18:59:59,683 INFO  [org.apa.kaf.com.met.Metrics] (Thread-682) Metrics scheduler closed
2025-08-06 18:59:59,683 INFO  [org.apa.kaf.com.met.Metrics] (Thread-682) Closing reporter org.apache.kafka.common.metrics.JmxReporter
2025-08-06 18:59:59,683 INFO  [org.apa.kaf.com.met.Metrics] (Thread-682) Closing reporter org.apache.kafka.common.telemetry.internals.ClientTelemetryReporter
2025-08-06 18:59:59,683 INFO  [org.apa.kaf.com.met.Metrics] (Thread-682) Metrics reporters closed
2025-08-06 18:59:59,684 INFO  [org.apa.kaf.com.uti.AppInfoParser] (Thread-682) App info kafka.producer for Producer-topic-573f2dad_f4fe_491f_9394_02f989f72c8e unregistered
2025-08-06 18:59:59,686 INFO  [io.api.tes.ser.api.KafkaSerdesTester] (Thread-683) Sending message {"key11754506798494": "value-0"} to topic topic-45b3fff5_11f0_47ff_a956_8214e0682b9f
2025-08-06 18:59:59,694 INFO  [DefaultSchemaResolver] (Thread-683) Retrieving schema content using string: {"type":"record","name":"myrecordconfluent","fields":[{"name":"key11754506798494","type":"string"}]}
2025-08-06 18:59:59,722 INFO  [io.api.tes.ser.api.KafkaSerdesTester] (Thread-683) Sending message {"key11754506798494": "value-1"} to topic topic-45b3fff5_11f0_47ff_a956_8214e0682b9f
2025-08-06 18:59:59,725 INFO  [io.api.tes.ser.api.KafkaSerdesTester] (Thread-683) Sending message {"key11754506798494": "value-2"} to topic topic-45b3fff5_11f0_47ff_a956_8214e0682b9f
2025-08-06 18:59:59,729 INFO  [io.api.tes.ser.api.KafkaSerdesTester] (Thread-683) Sending message {"key11754506798494": "value-3"} to topic topic-45b3fff5_11f0_47ff_a956_8214e0682b9f
2025-08-06 18:59:59,731 INFO  [io.api.tes.ser.api.KafkaSerdesTester] (Thread-683) Sending message {"key11754506798494": "value-4"} to topic topic-45b3fff5_11f0_47ff_a956_8214e0682b9f
2025-08-06 18:59:59,733 INFO  [io.api.tes.ser.api.KafkaSerdesTester] (Thread-683) Sending message {"key11754506798494": "value-5"} to topic topic-45b3fff5_11f0_47ff_a956_8214e0682b9f
2025-08-06 18:59:59,734 INFO  [io.api.tes.ser.api.KafkaSerdesTester] (Thread-683) Sending message {"key11754506798494": "value-6"} to topic topic-45b3fff5_11f0_47ff_a956_8214e0682b9f
2025-08-06 18:59:59,738 INFO  [io.api.tes.ser.api.KafkaSerdesTester] (Thread-683) Sending message {"key11754506798494": "value-7"} to topic topic-45b3fff5_11f0_47ff_a956_8214e0682b9f
2025-08-06 18:59:59,740 INFO  [io.api.tes.ser.api.KafkaSerdesTester] (Thread-683) Sending message {"key11754506798494": "value-8"} to topic topic-45b3fff5_11f0_47ff_a956_8214e0682b9f
2025-08-06 18:59:59,742 INFO  [io.api.tes.ser.api.KafkaSerdesTester] (Thread-683) Sending message {"key11754506798494": "value-9"} to topic topic-45b3fff5_11f0_47ff_a956_8214e0682b9f
2025-08-06 18:59:59,746 INFO  [io.api.tes.ser.api.KafkaSerdesTester] (Thread-683) Produced 10 messages
2025-08-06 18:59:59,746 INFO  [org.apa.kaf.cli.pro.KafkaProducer] (Thread-683) [Producer clientId=Producer-topic-45b3fff5_11f0_47ff_a956_8214e0682b9f] Closing the Kafka producer with timeoutMillis = 9223372036854775807 ms.
2025-08-06 18:59:59,753 INFO  [org.apa.kaf.com.met.Metrics] (Thread-683) Metrics scheduler closed
2025-08-06 18:59:59,753 INFO  [org.apa.kaf.com.met.Metrics] (Thread-683) Closing reporter org.apache.kafka.common.metrics.JmxReporter
2025-08-06 18:59:59,753 INFO  [org.apa.kaf.com.met.Metrics] (Thread-683) Closing reporter org.apache.kafka.common.telemetry.internals.ClientTelemetryReporter
2025-08-06 18:59:59,753 INFO  [org.apa.kaf.com.met.Metrics] (Thread-683) Metrics reporters closed
2025-08-06 18:59:59,753 INFO  [org.apa.kaf.com.uti.AppInfoParser] (Thread-683) App info kafka.producer for Producer-topic-45b3fff5_11f0_47ff_a956_8214e0682b9f unregistered
2025-08-06 18:59:59,755 INFO  [io.api.tes.ser.api.KafkaSerdesTester] (Thread-684) Sending message {"key11754506798494": "value-0"} to topic topic-67cc11c2_265c_4a3a_b345_b33b5a22b17c
2025-08-06 18:59:59,765 INFO  [DefaultSchemaResolver] (Thread-684) Retrieving schema content using string: {"type":"record","name":"myrecordconfluent","fields":[{"name":"key11754506798494","type":"string"}]}
2025-08-06 18:59:59,797 INFO  [io.api.tes.ser.api.KafkaSerdesTester] (Thread-684) Sending message {"key11754506798494": "value-1"} to topic topic-67cc11c2_265c_4a3a_b345_b33b5a22b17c
2025-08-06 18:59:59,799 INFO  [io.api.tes.ser.api.KafkaSerdesTester] (Thread-684) Sending message {"key11754506798494": "value-2"} to topic topic-67cc11c2_265c_4a3a_b345_b33b5a22b17c
2025-08-06 18:59:59,804 INFO  [io.api.tes.ser.api.KafkaSerdesTester] (Thread-684) Sending message {"key11754506798494": "value-3"} to topic topic-67cc11c2_265c_4a3a_b345_b33b5a22b17c
2025-08-06 18:59:59,811 INFO  [io.api.tes.ser.api.KafkaSerdesTester] (Thread-684) Sending message {"key11754506798494": "value-4"} to topic topic-67cc11c2_265c_4a3a_b345_b33b5a22b17c
2025-08-06 18:59:59,814 INFO  [io.api.tes.ser.api.KafkaSerdesTester] (Thread-684) Sending message {"key11754506798494": "value-5"} to topic topic-67cc11c2_265c_4a3a_b345_b33b5a22b17c
2025-08-06 18:59:59,816 INFO  [io.api.tes.ser.api.KafkaSerdesTester] (Thread-684) Sending message {"key11754506798494": "value-6"} to topic topic-67cc11c2_265c_4a3a_b345_b33b5a22b17c
2025-08-06 18:59:59,823 INFO  [io.api.tes.ser.api.KafkaSerdesTester] (Thread-684) Sending message {"key11754506798494": "value-7"} to topic topic-67cc11c2_265c_4a3a_b345_b33b5a22b17c
2025-08-06 18:59:59,826 INFO  [io.api.tes.ser.api.KafkaSerdesTester] (Thread-684) Sending message {"key11754506798494": "value-8"} to topic topic-67cc11c2_265c_4a3a_b345_b33b5a22b17c
2025-08-06 18:59:59,832 INFO  [io.api.tes.ser.api.KafkaSerdesTester] (Thread-684) Sending message {"key11754506798494": "value-9"} to topic topic-67cc11c2_265c_4a3a_b345_b33b5a22b17c
2025-08-06 18:59:59,836 INFO  [io.api.tes.ser.api.KafkaSerdesTester] (Thread-684) Produced 10 messages
2025-08-06 18:59:59,836 INFO  [org.apa.kaf.cli.pro.KafkaProducer] (Thread-684) [Producer clientId=Producer-topic-67cc11c2_265c_4a3a_b345_b33b5a22b17c] Closing the Kafka producer with timeoutMillis = 9223372036854775807 ms.
2025-08-06 18:59:59,838 INFO  [org.apa.kaf.com.met.Metrics] (Thread-684) Metrics scheduler closed
2025-08-06 18:59:59,838 INFO  [org.apa.kaf.com.met.Metrics] (Thread-684) Closing reporter org.apache.kafka.common.metrics.JmxReporter
2025-08-06 18:59:59,838 INFO  [org.apa.kaf.com.met.Metrics] (Thread-684) Closing reporter org.apache.kafka.common.telemetry.internals.ClientTelemetryReporter
2025-08-06 18:59:59,838 INFO  [org.apa.kaf.com.met.Metrics] (Thread-684) Metrics reporters closed
2025-08-06 18:59:59,839 INFO  [org.apa.kaf.com.uti.AppInfoParser] (Thread-684) App info kafka.producer for Producer-topic-67cc11c2_265c_4a3a_b345_b33b5a22b17c unregistered
2025-08-06 18:59:59,841 INFO  [org.apa.kaf.cli.con.int.ClassicKafkaConsumer] (Thread-685) [Consumer clientId=consumer-Consumer-topic-573f2dad_f4fe_491f_9394_02f989f72c8e-11, groupId=Consumer-topic-573f2dad_f4fe_491f_9394_02f989f72c8e] Subscribed to topic(s): topic-573f2dad_f4fe_491f_9394_02f989f72c8e
2025-08-06 18:59:59,874 INFO  [org.apa.kaf.cli.Metadata] (Thread-685) [Consumer clientId=consumer-Consumer-topic-573f2dad_f4fe_491f_9394_02f989f72c8e-11, groupId=Consumer-topic-573f2dad_f4fe_491f_9394_02f989f72c8e] Cluster ID: T8p0IQFNTYSHGQR6rr1wVQ
2025-08-06 18:59:59,875 INFO  [org.apa.kaf.cli.con.int.ConsumerCoordinator] (Thread-685) [Consumer clientId=consumer-Consumer-topic-573f2dad_f4fe_491f_9394_02f989f72c8e-11, groupId=Consumer-topic-573f2dad_f4fe_491f_9394_02f989f72c8e] Discovered group coordinator localhost:32769 (id: 2147483647 rack: null)
2025-08-06 18:59:59,877 INFO  [org.apa.kaf.cli.con.int.ConsumerCoordinator] (Thread-685) [Consumer clientId=consumer-Consumer-topic-573f2dad_f4fe_491f_9394_02f989f72c8e-11, groupId=Consumer-topic-573f2dad_f4fe_491f_9394_02f989f72c8e] (Re-)joining group
2025-08-06 18:59:59,884 INFO  [org.apa.kaf.cli.con.int.ConsumerCoordinator] (Thread-685) [Consumer clientId=consumer-Consumer-topic-573f2dad_f4fe_491f_9394_02f989f72c8e-11, groupId=Consumer-topic-573f2dad_f4fe_491f_9394_02f989f72c8e] Request joining group due to: need to re-join with the given member-id: consumer-Consumer-topic-573f2dad_f4fe_491f_9394_02f989f72c8e-11-90f45f60-eff0-4d20-8d01-d086c67219a2
2025-08-06 18:59:59,884 INFO  [org.apa.kaf.cli.con.int.ConsumerCoordinator] (Thread-685) [Consumer clientId=consumer-Consumer-topic-573f2dad_f4fe_491f_9394_02f989f72c8e-11, groupId=Consumer-topic-573f2dad_f4fe_491f_9394_02f989f72c8e] (Re-)joining group
2025-08-06 19:00:00,841 INFO  [io.api.tes.ser.api.KafkaSerdesTester] (Thread-685) None found
2025-08-06 19:00:01,842 INFO  [io.api.tes.ser.api.KafkaSerdesTester] (Thread-685) None found
2025-08-06 19:00:02,844 INFO  [io.api.tes.ser.api.KafkaSerdesTester] (Thread-685) None found
2025-08-06 19:00:02,891 INFO  [org.apa.kaf.cli.con.int.ConsumerCoordinator] (Thread-685) [Consumer clientId=consumer-Consumer-topic-573f2dad_f4fe_491f_9394_02f989f72c8e-11, groupId=Consumer-topic-573f2dad_f4fe_491f_9394_02f989f72c8e] Successfully joined group with generation Generation{generationId=1, memberId='consumer-Consumer-topic-573f2dad_f4fe_491f_9394_02f989f72c8e-11-90f45f60-eff0-4d20-8d01-d086c67219a2', protocol='range'}
2025-08-06 19:00:02,891 INFO  [org.apa.kaf.cli.con.int.ConsumerCoordinator] (Thread-685) [Consumer clientId=consumer-Consumer-topic-573f2dad_f4fe_491f_9394_02f989f72c8e-11, groupId=Consumer-topic-573f2dad_f4fe_491f_9394_02f989f72c8e] Finished assignment for group at generation 1: {consumer-Consumer-topic-573f2dad_f4fe_491f_9394_02f989f72c8e-11-90f45f60-eff0-4d20-8d01-d086c67219a2=Assignment(partitions=[topic-573f2dad_f4fe_491f_9394_02f989f72c8e-0])}
2025-08-06 19:00:02,899 INFO  [org.apa.kaf.cli.con.int.ConsumerCoordinator] (Thread-685) [Consumer clientId=consumer-Consumer-topic-573f2dad_f4fe_491f_9394_02f989f72c8e-11, groupId=Consumer-topic-573f2dad_f4fe_491f_9394_02f989f72c8e] Successfully synced group in generation Generation{generationId=1, memberId='consumer-Consumer-topic-573f2dad_f4fe_491f_9394_02f989f72c8e-11-90f45f60-eff0-4d20-8d01-d086c67219a2', protocol='range'}
2025-08-06 19:00:02,900 INFO  [org.apa.kaf.cli.con.int.ConsumerCoordinator] (Thread-685) [Consumer clientId=consumer-Consumer-topic-573f2dad_f4fe_491f_9394_02f989f72c8e-11, groupId=Consumer-topic-573f2dad_f4fe_491f_9394_02f989f72c8e] Notifying assignor about the new Assignment(partitions=[topic-573f2dad_f4fe_491f_9394_02f989f72c8e-0])
2025-08-06 19:00:02,900 INFO  [org.apa.kaf.cli.con.int.ConsumerRebalanceListenerInvoker] (Thread-685) [Consumer clientId=consumer-Consumer-topic-573f2dad_f4fe_491f_9394_02f989f72c8e-11, groupId=Consumer-topic-573f2dad_f4fe_491f_9394_02f989f72c8e] Adding newly assigned partitions: topic-573f2dad_f4fe_491f_9394_02f989f72c8e-0
2025-08-06 19:00:02,901 INFO  [org.apa.kaf.cli.con.int.ConsumerCoordinator] (Thread-685) [Consumer clientId=consumer-Consumer-topic-573f2dad_f4fe_491f_9394_02f989f72c8e-11, groupId=Consumer-topic-573f2dad_f4fe_491f_9394_02f989f72c8e] Found no committed offset for partition topic-573f2dad_f4fe_491f_9394_02f989f72c8e-0
2025-08-06 19:00:02,905 INFO  [org.apa.kaf.cli.con.int.SubscriptionState] (Thread-685) [Consumer clientId=consumer-Consumer-topic-573f2dad_f4fe_491f_9394_02f989f72c8e-11, groupId=Consumer-topic-573f2dad_f4fe_491f_9394_02f989f72c8e] Resetting offset for partition topic-573f2dad_f4fe_491f_9394_02f989f72c8e-0 to position FetchPosition{offset=0, offsetEpoch=Optional.empty, currentLeader=LeaderAndEpoch{leader=Optional[localhost:32769 (id: 0 rack: null)], epoch=0}}.
2025-08-06 19:00:02,938 INFO  [io.api.tes.ser.api.KafkaSerdesTester] (Thread-685) topic-573f2dad_f4fe_491f_9394_02f989f72c8e 0 0 {"key11754506798494": "value-0"}
2025-08-06 19:00:02,938 INFO  [io.api.tes.ser.api.KafkaSerdesTester] (Thread-685) topic-573f2dad_f4fe_491f_9394_02f989f72c8e 0 1 {"key11754506798494": "value-1"}
2025-08-06 19:00:02,939 INFO  [io.api.tes.ser.api.KafkaSerdesTester] (Thread-685) topic-573f2dad_f4fe_491f_9394_02f989f72c8e 0 2 {"key11754506798494": "value-2"}
2025-08-06 19:00:02,939 INFO  [io.api.tes.ser.api.KafkaSerdesTester] (Thread-685) topic-573f2dad_f4fe_491f_9394_02f989f72c8e 0 3 {"key11754506798494": "value-3"}
2025-08-06 19:00:02,939 INFO  [io.api.tes.ser.api.KafkaSerdesTester] (Thread-685) topic-573f2dad_f4fe_491f_9394_02f989f72c8e 0 4 {"key11754506798494": "value-4"}
2025-08-06 19:00:02,939 INFO  [io.api.tes.ser.api.KafkaSerdesTester] (Thread-685) topic-573f2dad_f4fe_491f_9394_02f989f72c8e 0 5 {"key11754506798494": "value-5"}
2025-08-06 19:00:02,939 INFO  [io.api.tes.ser.api.KafkaSerdesTester] (Thread-685) topic-573f2dad_f4fe_491f_9394_02f989f72c8e 0 6 {"key11754506798494": "value-6"}
2025-08-06 19:00:02,939 INFO  [io.api.tes.ser.api.KafkaSerdesTester] (Thread-685) topic-573f2dad_f4fe_491f_9394_02f989f72c8e 0 7 {"key11754506798494": "value-7"}
2025-08-06 19:00:02,939 INFO  [io.api.tes.ser.api.KafkaSerdesTester] (Thread-685) topic-573f2dad_f4fe_491f_9394_02f989f72c8e 0 8 {"key11754506798494": "value-8"}
2025-08-06 19:00:02,939 INFO  [io.api.tes.ser.api.KafkaSerdesTester] (Thread-685) topic-573f2dad_f4fe_491f_9394_02f989f72c8e 0 9 {"key11754506798494": "value-9"}
2025-08-06 19:00:02,939 INFO  [io.api.tes.ser.api.KafkaSerdesTester] (Thread-685) Consumed 10 messages
2025-08-06 19:00:02,947 INFO  [org.apa.kaf.cli.con.int.ConsumerRebalanceListenerInvoker] (Thread-685) [Consumer clientId=consumer-Consumer-topic-573f2dad_f4fe_491f_9394_02f989f72c8e-11, groupId=Consumer-topic-573f2dad_f4fe_491f_9394_02f989f72c8e] Revoke previously assigned partitions topic-573f2dad_f4fe_491f_9394_02f989f72c8e-0
2025-08-06 19:00:02,947 INFO  [org.apa.kaf.cli.con.int.ConsumerCoordinator] (Thread-685) [Consumer clientId=consumer-Consumer-topic-573f2dad_f4fe_491f_9394_02f989f72c8e-11, groupId=Consumer-topic-573f2dad_f4fe_491f_9394_02f989f72c8e] Member consumer-Consumer-topic-573f2dad_f4fe_491f_9394_02f989f72c8e-11-90f45f60-eff0-4d20-8d01-d086c67219a2 sending LeaveGroup request to coordinator localhost:32769 (id: 2147483647 rack: null) due to the consumer is being closed
2025-08-06 19:00:02,947 INFO  [org.apa.kaf.cli.con.int.ConsumerCoordinator] (Thread-685) [Consumer clientId=consumer-Consumer-topic-573f2dad_f4fe_491f_9394_02f989f72c8e-11, groupId=Consumer-topic-573f2dad_f4fe_491f_9394_02f989f72c8e] Resetting generation and member id due to: consumer pro-actively leaving the group
2025-08-06 19:00:02,947 INFO  [org.apa.kaf.cli.con.int.ConsumerCoordinator] (Thread-685) [Consumer clientId=consumer-Consumer-topic-573f2dad_f4fe_491f_9394_02f989f72c8e-11, groupId=Consumer-topic-573f2dad_f4fe_491f_9394_02f989f72c8e] Request joining group due to: consumer pro-actively leaving the group
2025-08-06 19:00:03,442 INFO  [org.apa.kaf.com.met.Metrics] (Thread-685) Metrics scheduler closed
2025-08-06 19:00:03,442 INFO  [org.apa.kaf.com.met.Metrics] (Thread-685) Closing reporter org.apache.kafka.common.metrics.JmxReporter
2025-08-06 19:00:03,442 INFO  [org.apa.kaf.com.met.Metrics] (Thread-685) Closing reporter org.apache.kafka.common.telemetry.internals.ClientTelemetryReporter
2025-08-06 19:00:03,442 INFO  [org.apa.kaf.com.met.Metrics] (Thread-685) Metrics reporters closed
2025-08-06 19:00:03,446 INFO  [org.apa.kaf.com.uti.AppInfoParser] (Thread-685) App info kafka.consumer for consumer-Consumer-topic-573f2dad_f4fe_491f_9394_02f989f72c8e-11 unregistered
2025-08-06 19:00:03,449 INFO  [org.apa.kaf.cli.con.int.ClassicKafkaConsumer] (Thread-686) [Consumer clientId=consumer-Consumer-topic-45b3fff5_11f0_47ff_a956_8214e0682b9f-12, groupId=Consumer-topic-45b3fff5_11f0_47ff_a956_8214e0682b9f] Subscribed to topic(s): topic-45b3fff5_11f0_47ff_a956_8214e0682b9f
2025-08-06 19:00:03,457 INFO  [org.apa.kaf.cli.Metadata] (Thread-686) [Consumer clientId=consumer-Consumer-topic-45b3fff5_11f0_47ff_a956_8214e0682b9f-12, groupId=Consumer-topic-45b3fff5_11f0_47ff_a956_8214e0682b9f] Cluster ID: T8p0IQFNTYSHGQR6rr1wVQ
2025-08-06 19:00:03,461 INFO  [org.apa.kaf.cli.con.int.ConsumerCoordinator] (Thread-686) [Consumer clientId=consumer-Consumer-topic-45b3fff5_11f0_47ff_a956_8214e0682b9f-12, groupId=Consumer-topic-45b3fff5_11f0_47ff_a956_8214e0682b9f] Discovered group coordinator localhost:32769 (id: 2147483647 rack: null)
2025-08-06 19:00:03,470 INFO  [org.apa.kaf.cli.con.int.ConsumerCoordinator] (Thread-686) [Consumer clientId=consumer-Consumer-topic-45b3fff5_11f0_47ff_a956_8214e0682b9f-12, groupId=Consumer-topic-45b3fff5_11f0_47ff_a956_8214e0682b9f] (Re-)joining group
2025-08-06 19:00:03,477 INFO  [org.apa.kaf.cli.con.int.ConsumerCoordinator] (Thread-686) [Consumer clientId=consumer-Consumer-topic-45b3fff5_11f0_47ff_a956_8214e0682b9f-12, groupId=Consumer-topic-45b3fff5_11f0_47ff_a956_8214e0682b9f] Request joining group due to: need to re-join with the given member-id: consumer-Consumer-topic-45b3fff5_11f0_47ff_a956_8214e0682b9f-12-58e6a740-766c-4485-9eec-df91b67f40cc
2025-08-06 19:00:03,477 INFO  [org.apa.kaf.cli.con.int.ConsumerCoordinator] (Thread-686) [Consumer clientId=consumer-Consumer-topic-45b3fff5_11f0_47ff_a956_8214e0682b9f-12, groupId=Consumer-topic-45b3fff5_11f0_47ff_a956_8214e0682b9f] (Re-)joining group
2025-08-06 19:00:04,450 INFO  [io.api.tes.ser.api.KafkaSerdesTester] (Thread-686) None found
2025-08-06 19:00:05,450 INFO  [io.api.tes.ser.api.KafkaSerdesTester] (Thread-686) None found
2025-08-06 19:00:06,450 INFO  [io.api.tes.ser.api.KafkaSerdesTester] (Thread-686) None found
2025-08-06 19:00:06,482 INFO  [org.apa.kaf.cli.con.int.ConsumerCoordinator] (Thread-686) [Consumer clientId=consumer-Consumer-topic-45b3fff5_11f0_47ff_a956_8214e0682b9f-12, groupId=Consumer-topic-45b3fff5_11f0_47ff_a956_8214e0682b9f] Successfully joined group with generation Generation{generationId=1, memberId='consumer-Consumer-topic-45b3fff5_11f0_47ff_a956_8214e0682b9f-12-58e6a740-766c-4485-9eec-df91b67f40cc', protocol='range'}
2025-08-06 19:00:06,482 INFO  [org.apa.kaf.cli.con.int.ConsumerCoordinator] (Thread-686) [Consumer clientId=consumer-Consumer-topic-45b3fff5_11f0_47ff_a956_8214e0682b9f-12, groupId=Consumer-topic-45b3fff5_11f0_47ff_a956_8214e0682b9f] Finished assignment for group at generation 1: {consumer-Consumer-topic-45b3fff5_11f0_47ff_a956_8214e0682b9f-12-58e6a740-766c-4485-9eec-df91b67f40cc=Assignment(partitions=[topic-45b3fff5_11f0_47ff_a956_8214e0682b9f-0])}
2025-08-06 19:00:06,489 INFO  [org.apa.kaf.cli.con.int.ConsumerCoordinator] (Thread-686) [Consumer clientId=consumer-Consumer-topic-45b3fff5_11f0_47ff_a956_8214e0682b9f-12, groupId=Consumer-topic-45b3fff5_11f0_47ff_a956_8214e0682b9f] Successfully synced group in generation Generation{generationId=1, memberId='consumer-Consumer-topic-45b3fff5_11f0_47ff_a956_8214e0682b9f-12-58e6a740-766c-4485-9eec-df91b67f40cc', protocol='range'}
2025-08-06 19:00:06,490 INFO  [org.apa.kaf.cli.con.int.ConsumerCoordinator] (Thread-686) [Consumer clientId=consumer-Consumer-topic-45b3fff5_11f0_47ff_a956_8214e0682b9f-12, groupId=Consumer-topic-45b3fff5_11f0_47ff_a956_8214e0682b9f] Notifying assignor about the new Assignment(partitions=[topic-45b3fff5_11f0_47ff_a956_8214e0682b9f-0])
2025-08-06 19:00:06,490 INFO  [org.apa.kaf.cli.con.int.ConsumerRebalanceListenerInvoker] (Thread-686) [Consumer clientId=consumer-Consumer-topic-45b3fff5_11f0_47ff_a956_8214e0682b9f-12, groupId=Consumer-topic-45b3fff5_11f0_47ff_a956_8214e0682b9f] Adding newly assigned partitions: topic-45b3fff5_11f0_47ff_a956_8214e0682b9f-0
2025-08-06 19:00:06,491 INFO  [org.apa.kaf.cli.con.int.ConsumerCoordinator] (Thread-686) [Consumer clientId=consumer-Consumer-topic-45b3fff5_11f0_47ff_a956_8214e0682b9f-12, groupId=Consumer-topic-45b3fff5_11f0_47ff_a956_8214e0682b9f] Found no committed offset for partition topic-45b3fff5_11f0_47ff_a956_8214e0682b9f-0
2025-08-06 19:00:06,497 INFO  [org.apa.kaf.cli.con.int.SubscriptionState] (Thread-686) [Consumer clientId=consumer-Consumer-topic-45b3fff5_11f0_47ff_a956_8214e0682b9f-12, groupId=Consumer-topic-45b3fff5_11f0_47ff_a956_8214e0682b9f] Resetting offset for partition topic-45b3fff5_11f0_47ff_a956_8214e0682b9f-0 to position FetchPosition{offset=0, offsetEpoch=Optional.empty, currentLeader=LeaderAndEpoch{leader=Optional[localhost:32769 (id: 0 rack: null)], epoch=0}}.
2025-08-06 19:00:06,537 INFO  [io.api.tes.ser.api.KafkaSerdesTester] (Thread-686) topic-45b3fff5_11f0_47ff_a956_8214e0682b9f 0 0 {"key11754506798494": "value-0"}
2025-08-06 19:00:06,537 INFO  [io.api.tes.ser.api.KafkaSerdesTester] (Thread-686) topic-45b3fff5_11f0_47ff_a956_8214e0682b9f 0 1 {"key11754506798494": "value-1"}
2025-08-06 19:00:06,537 INFO  [io.api.tes.ser.api.KafkaSerdesTester] (Thread-686) topic-45b3fff5_11f0_47ff_a956_8214e0682b9f 0 2 {"key11754506798494": "value-2"}
2025-08-06 19:00:06,537 INFO  [io.api.tes.ser.api.KafkaSerdesTester] (Thread-686) topic-45b3fff5_11f0_47ff_a956_8214e0682b9f 0 3 {"key11754506798494": "value-3"}
2025-08-06 19:00:06,537 INFO  [io.api.tes.ser.api.KafkaSerdesTester] (Thread-686) topic-45b3fff5_11f0_47ff_a956_8214e0682b9f 0 4 {"key11754506798494": "value-4"}
2025-08-06 19:00:06,537 INFO  [io.api.tes.ser.api.KafkaSerdesTester] (Thread-686) topic-45b3fff5_11f0_47ff_a956_8214e0682b9f 0 5 {"key11754506798494": "value-5"}
2025-08-06 19:00:06,537 INFO  [io.api.tes.ser.api.KafkaSerdesTester] (Thread-686) topic-45b3fff5_11f0_47ff_a956_8214e0682b9f 0 6 {"key11754506798494": "value-6"}
2025-08-06 19:00:06,537 INFO  [io.api.tes.ser.api.KafkaSerdesTester] (Thread-686) topic-45b3fff5_11f0_47ff_a956_8214e0682b9f 0 7 {"key11754506798494": "value-7"}
2025-08-06 19:00:06,538 INFO  [io.api.tes.ser.api.KafkaSerdesTester] (Thread-686) topic-45b3fff5_11f0_47ff_a956_8214e0682b9f 0 8 {"key11754506798494": "value-8"}
2025-08-06 19:00:06,538 INFO  [io.api.tes.ser.api.KafkaSerdesTester] (Thread-686) topic-45b3fff5_11f0_47ff_a956_8214e0682b9f 0 9 {"key11754506798494": "value-9"}
2025-08-06 19:00:06,538 INFO  [io.api.tes.ser.api.KafkaSerdesTester] (Thread-686) Consumed 10 messages
2025-08-06 19:00:06,548 INFO  [org.apa.kaf.cli.con.int.ConsumerRebalanceListenerInvoker] (Thread-686) [Consumer clientId=consumer-Consumer-topic-45b3fff5_11f0_47ff_a956_8214e0682b9f-12, groupId=Consumer-topic-45b3fff5_11f0_47ff_a956_8214e0682b9f] Revoke previously assigned partitions topic-45b3fff5_11f0_47ff_a956_8214e0682b9f-0
2025-08-06 19:00:06,548 INFO  [org.apa.kaf.cli.con.int.ConsumerCoordinator] (Thread-686) [Consumer clientId=consumer-Consumer-topic-45b3fff5_11f0_47ff_a956_8214e0682b9f-12, groupId=Consumer-topic-45b3fff5_11f0_47ff_a956_8214e0682b9f] Member consumer-Consumer-topic-45b3fff5_11f0_47ff_a956_8214e0682b9f-12-58e6a740-766c-4485-9eec-df91b67f40cc sending LeaveGroup request to coordinator localhost:32769 (id: 2147483647 rack: null) due to the consumer is being closed
2025-08-06 19:00:06,550 INFO  [org.apa.kaf.cli.con.int.ConsumerCoordinator] (Thread-686) [Consumer clientId=consumer-Consumer-topic-45b3fff5_11f0_47ff_a956_8214e0682b9f-12, groupId=Consumer-topic-45b3fff5_11f0_47ff_a956_8214e0682b9f] Resetting generation and member id due to: consumer pro-actively leaving the group
2025-08-06 19:00:06,550 INFO  [org.apa.kaf.cli.con.int.ConsumerCoordinator] (Thread-686) [Consumer clientId=consumer-Consumer-topic-45b3fff5_11f0_47ff_a956_8214e0682b9f-12, groupId=Consumer-topic-45b3fff5_11f0_47ff_a956_8214e0682b9f] Request joining group due to: consumer pro-actively leaving the group
2025-08-06 19:00:07,039 INFO  [org.apa.kaf.com.met.Metrics] (Thread-686) Metrics scheduler closed
2025-08-06 19:00:07,039 INFO  [org.apa.kaf.com.met.Metrics] (Thread-686) Closing reporter org.apache.kafka.common.metrics.JmxReporter
2025-08-06 19:00:07,039 INFO  [org.apa.kaf.com.met.Metrics] (Thread-686) Closing reporter org.apache.kafka.common.telemetry.internals.ClientTelemetryReporter
2025-08-06 19:00:07,039 INFO  [org.apa.kaf.com.met.Metrics] (Thread-686) Metrics reporters closed
2025-08-06 19:00:07,041 INFO  [org.apa.kaf.com.uti.AppInfoParser] (Thread-686) App info kafka.consumer for consumer-Consumer-topic-45b3fff5_11f0_47ff_a956_8214e0682b9f-12 unregistered
2025-08-06 19:00:07,043 INFO  [org.apa.kaf.cli.con.int.ClassicKafkaConsumer] (Thread-687) [Consumer clientId=consumer-Consumer-topic-67cc11c2_265c_4a3a_b345_b33b5a22b17c-13, groupId=Consumer-topic-67cc11c2_265c_4a3a_b345_b33b5a22b17c] Subscribed to topic(s): topic-67cc11c2_265c_4a3a_b345_b33b5a22b17c
2025-08-06 19:00:07,049 INFO  [org.apa.kaf.cli.Metadata] (Thread-687) [Consumer clientId=consumer-Consumer-topic-67cc11c2_265c_4a3a_b345_b33b5a22b17c-13, groupId=Consumer-topic-67cc11c2_265c_4a3a_b345_b33b5a22b17c] Cluster ID: T8p0IQFNTYSHGQR6rr1wVQ
2025-08-06 19:00:07,049 INFO  [org.apa.kaf.cli.con.int.ConsumerCoordinator] (Thread-687) [Consumer clientId=consumer-Consumer-topic-67cc11c2_265c_4a3a_b345_b33b5a22b17c-13, groupId=Consumer-topic-67cc11c2_265c_4a3a_b345_b33b5a22b17c] Discovered group coordinator localhost:32769 (id: 2147483647 rack: null)
2025-08-06 19:00:07,051 INFO  [org.apa.kaf.cli.con.int.ConsumerCoordinator] (Thread-687) [Consumer clientId=consumer-Consumer-topic-67cc11c2_265c_4a3a_b345_b33b5a22b17c-13, groupId=Consumer-topic-67cc11c2_265c_4a3a_b345_b33b5a22b17c] (Re-)joining group
2025-08-06 19:00:07,053 INFO  [org.apa.kaf.cli.con.int.ConsumerCoordinator] (Thread-687) [Consumer clientId=consumer-Consumer-topic-67cc11c2_265c_4a3a_b345_b33b5a22b17c-13, groupId=Consumer-topic-67cc11c2_265c_4a3a_b345_b33b5a22b17c] Request joining group due to: need to re-join with the given member-id: consumer-Consumer-topic-67cc11c2_265c_4a3a_b345_b33b5a22b17c-13-d7cd62c9-dbdc-42ee-b8c4-c2c2eaabdf65
2025-08-06 19:00:07,053 INFO  [org.apa.kaf.cli.con.int.ConsumerCoordinator] (Thread-687) [Consumer clientId=consumer-Consumer-topic-67cc11c2_265c_4a3a_b345_b33b5a22b17c-13, groupId=Consumer-topic-67cc11c2_265c_4a3a_b345_b33b5a22b17c] (Re-)joining group
2025-08-06 19:00:08,043 INFO  [io.api.tes.ser.api.KafkaSerdesTester] (Thread-687) None found
2025-08-06 19:00:09,043 INFO  [io.api.tes.ser.api.KafkaSerdesTester] (Thread-687) None found
2025-08-06 19:00:10,044 INFO  [io.api.tes.ser.api.KafkaSerdesTester] (Thread-687) None found
2025-08-06 19:00:10,056 INFO  [org.apa.kaf.cli.con.int.ConsumerCoordinator] (Thread-687) [Consumer clientId=consumer-Consumer-topic-67cc11c2_265c_4a3a_b345_b33b5a22b17c-13, groupId=Consumer-topic-67cc11c2_265c_4a3a_b345_b33b5a22b17c] Successfully joined group with generation Generation{generationId=1, memberId='consumer-Consumer-topic-67cc11c2_265c_4a3a_b345_b33b5a22b17c-13-d7cd62c9-dbdc-42ee-b8c4-c2c2eaabdf65', protocol='range'}
2025-08-06 19:00:10,056 INFO  [org.apa.kaf.cli.con.int.ConsumerCoordinator] (Thread-687) [Consumer clientId=consumer-Consumer-topic-67cc11c2_265c_4a3a_b345_b33b5a22b17c-13, groupId=Consumer-topic-67cc11c2_265c_4a3a_b345_b33b5a22b17c] Finished assignment for group at generation 1: {consumer-Consumer-topic-67cc11c2_265c_4a3a_b345_b33b5a22b17c-13-d7cd62c9-dbdc-42ee-b8c4-c2c2eaabdf65=Assignment(partitions=[topic-67cc11c2_265c_4a3a_b345_b33b5a22b17c-0])}
2025-08-06 19:00:10,065 INFO  [org.apa.kaf.cli.con.int.ConsumerCoordinator] (Thread-687) [Consumer clientId=consumer-Consumer-topic-67cc11c2_265c_4a3a_b345_b33b5a22b17c-13, groupId=Consumer-topic-67cc11c2_265c_4a3a_b345_b33b5a22b17c] Successfully synced group in generation Generation{generationId=1, memberId='consumer-Consumer-topic-67cc11c2_265c_4a3a_b345_b33b5a22b17c-13-d7cd62c9-dbdc-42ee-b8c4-c2c2eaabdf65', protocol='range'}
2025-08-06 19:00:10,066 INFO  [org.apa.kaf.cli.con.int.ConsumerCoordinator] (Thread-687) [Consumer clientId=consumer-Consumer-topic-67cc11c2_265c_4a3a_b345_b33b5a22b17c-13, groupId=Consumer-topic-67cc11c2_265c_4a3a_b345_b33b5a22b17c] Notifying assignor about the new Assignment(partitions=[topic-67cc11c2_265c_4a3a_b345_b33b5a22b17c-0])
2025-08-06 19:00:10,066 INFO  [org.apa.kaf.cli.con.int.ConsumerRebalanceListenerInvoker] (Thread-687) [Consumer clientId=consumer-Consumer-topic-67cc11c2_265c_4a3a_b345_b33b5a22b17c-13, groupId=Consumer-topic-67cc11c2_265c_4a3a_b345_b33b5a22b17c] Adding newly assigned partitions: topic-67cc11c2_265c_4a3a_b345_b33b5a22b17c-0
2025-08-06 19:00:10,068 INFO  [org.apa.kaf.cli.con.int.ConsumerCoordinator] (Thread-687) [Consumer clientId=consumer-Consumer-topic-67cc11c2_265c_4a3a_b345_b33b5a22b17c-13, groupId=Consumer-topic-67cc11c2_265c_4a3a_b345_b33b5a22b17c] Found no committed offset for partition topic-67cc11c2_265c_4a3a_b345_b33b5a22b17c-0
2025-08-06 19:00:10,074 INFO  [org.apa.kaf.cli.con.int.SubscriptionState] (Thread-687) [Consumer clientId=consumer-Consumer-topic-67cc11c2_265c_4a3a_b345_b33b5a22b17c-13, groupId=Consumer-topic-67cc11c2_265c_4a3a_b345_b33b5a22b17c] Resetting offset for partition topic-67cc11c2_265c_4a3a_b345_b33b5a22b17c-0 to position FetchPosition{offset=0, offsetEpoch=Optional.empty, currentLeader=LeaderAndEpoch{leader=Optional[localhost:32769 (id: 0 rack: null)], epoch=0}}.
2025-08-06 19:00:10,103 INFO  [io.api.tes.ser.api.KafkaSerdesTester] (Thread-687) topic-67cc11c2_265c_4a3a_b345_b33b5a22b17c 0 0 {"key11754506798494": "value-0"}
2025-08-06 19:00:10,104 INFO  [io.api.tes.ser.api.KafkaSerdesTester] (Thread-687) topic-67cc11c2_265c_4a3a_b345_b33b5a22b17c 0 1 {"key11754506798494": "value-1"}
2025-08-06 19:00:10,104 INFO  [io.api.tes.ser.api.KafkaSerdesTester] (Thread-687) topic-67cc11c2_265c_4a3a_b345_b33b5a22b17c 0 2 {"key11754506798494": "value-2"}
2025-08-06 19:00:10,104 INFO  [io.api.tes.ser.api.KafkaSerdesTester] (Thread-687) topic-67cc11c2_265c_4a3a_b345_b33b5a22b17c 0 3 {"key11754506798494": "value-3"}
2025-08-06 19:00:10,104 INFO  [io.api.tes.ser.api.KafkaSerdesTester] (Thread-687) topic-67cc11c2_265c_4a3a_b345_b33b5a22b17c 0 4 {"key11754506798494": "value-4"}
2025-08-06 19:00:10,104 INFO  [io.api.tes.ser.api.KafkaSerdesTester] (Thread-687) topic-67cc11c2_265c_4a3a_b345_b33b5a22b17c 0 5 {"key11754506798494": "value-5"}
2025-08-06 19:00:10,104 INFO  [io.api.tes.ser.api.KafkaSerdesTester] (Thread-687) topic-67cc11c2_265c_4a3a_b345_b33b5a22b17c 0 6 {"key11754506798494": "value-6"}
2025-08-06 19:00:10,104 INFO  [io.api.tes.ser.api.KafkaSerdesTester] (Thread-687) topic-67cc11c2_265c_4a3a_b345_b33b5a22b17c 0 7 {"key11754506798494": "value-7"}
2025-08-06 19:00:10,104 INFO  [io.api.tes.ser.api.KafkaSerdesTester] (Thread-687) topic-67cc11c2_265c_4a3a_b345_b33b5a22b17c 0 8 {"key11754506798494": "value-8"}
2025-08-06 19:00:10,104 INFO  [io.api.tes.ser.api.KafkaSerdesTester] (Thread-687) topic-67cc11c2_265c_4a3a_b345_b33b5a22b17c 0 9 {"key11754506798494": "value-9"}
2025-08-06 19:00:10,104 INFO  [io.api.tes.ser.api.KafkaSerdesTester] (Thread-687) Consumed 10 messages
2025-08-06 19:00:10,113 INFO  [org.apa.kaf.cli.con.int.ConsumerRebalanceListenerInvoker] (Thread-687) [Consumer clientId=consumer-Consumer-topic-67cc11c2_265c_4a3a_b345_b33b5a22b17c-13, groupId=Consumer-topic-67cc11c2_265c_4a3a_b345_b33b5a22b17c] Revoke previously assigned partitions topic-67cc11c2_265c_4a3a_b345_b33b5a22b17c-0
2025-08-06 19:00:10,113 INFO  [org.apa.kaf.cli.con.int.ConsumerCoordinator] (Thread-687) [Consumer clientId=consumer-Consumer-topic-67cc11c2_265c_4a3a_b345_b33b5a22b17c-13, groupId=Consumer-topic-67cc11c2_265c_4a3a_b345_b33b5a22b17c] Member consumer-Consumer-topic-67cc11c2_265c_4a3a_b345_b33b5a22b17c-13-d7cd62c9-dbdc-42ee-b8c4-c2c2eaabdf65 sending LeaveGroup request to coordinator localhost:32769 (id: 2147483647 rack: null) due to the consumer is being closed
2025-08-06 19:00:10,113 INFO  [org.apa.kaf.cli.con.int.ConsumerCoordinator] (Thread-687) [Consumer clientId=consumer-Consumer-topic-67cc11c2_265c_4a3a_b345_b33b5a22b17c-13, groupId=Consumer-topic-67cc11c2_265c_4a3a_b345_b33b5a22b17c] Resetting generation and member id due to: consumer pro-actively leaving the group
2025-08-06 19:00:10,113 INFO  [org.apa.kaf.cli.con.int.ConsumerCoordinator] (Thread-687) [Consumer clientId=consumer-Consumer-topic-67cc11c2_265c_4a3a_b345_b33b5a22b17c-13, groupId=Consumer-topic-67cc11c2_265c_4a3a_b345_b33b5a22b17c] Request joining group due to: consumer pro-actively leaving the group
2025-08-06 19:00:10,608 INFO  [org.apa.kaf.com.met.Metrics] (Thread-687) Metrics scheduler closed
2025-08-06 19:00:10,608 INFO  [org.apa.kaf.com.met.Metrics] (Thread-687) Closing reporter org.apache.kafka.common.metrics.JmxReporter
2025-08-06 19:00:10,608 INFO  [org.apa.kaf.com.met.Metrics] (Thread-687) Closing reporter org.apache.kafka.common.telemetry.internals.ClientTelemetryReporter
2025-08-06 19:00:10,608 INFO  [org.apa.kaf.com.met.Metrics] (Thread-687) Metrics reporters closed
2025-08-06 19:00:10,613 INFO  [org.apa.kaf.com.uti.AppInfoParser] (Thread-687) App info kafka.consumer for consumer-Consumer-topic-67cc11c2_265c_4a3a_b345_b33b5a22b17c-13 unregistered
2025-08-06 19:00:10,616 INFO  [io.api.tes.uti.TestSeparator] (main) io.apicurio.tests.serdes.apicurio.AvroSerdeIT.testAvroConfluentForMultipleTopics-FINISHED
2025-08-06 19:00:10,616 INFO  [io.api.tes.uti.TestSeparator] (main) ############################################################################
Test passed: testAvroConfluentForMultipleTopics
]]></system-out>
  </testcase>
  <testcase name="testFirstRequestFailsRateLimited" classname="io.apicurio.tests.serdes.apicurio.AvroSerdeIT" time="1.148">
    <system-out><![CDATA[2025-08-06 19:00:10,620 INFO  [io.api.tes.uti.TestSeparator] (main) ############################################################################
2025-08-06 19:00:10,620 INFO  [io.api.tes.uti.TestSeparator] (main) io.apicurio.tests.serdes.apicurio.AvroSerdeIT.testFirstRequestFailsRateLimited-STARTED
2025-08-06 19:00:11,259 WARN  [org.ecl.jet.ser.AbstractConnector] (main) Acceptors should be <= availableProcessors: NetworkTrafficServerConnector@50f572e8{HTTP/1.1, (http/1.1, h2c)}{0.0.0.0:0} 
2025-08-06 19:00:11,379 INFO  [org.ecl.jet.ser.Server] (main) jetty-11.0.15; built: 2023-04-11T18:37:53.775Z; git: 5bc5e562c8d05c5862505aebe5cf83a61bdbcb96; jvm 17.0.16+8
2025-08-06 19:00:11,410 INFO  [org.ecl.jet.ser.han.ContextHandler] (main) Started o.e.j.s.ServletContextHandler@5bd93106{/__admin,null,AVAILABLE}
2025-08-06 19:00:11,418 INFO  [org.ecl.jet.ser.han.Con.ROOT] (main) RequestHandlerClass from context returned com.github.tomakehurst.wiremock.http.StubRequestHandler. Normalized mapped under returned 'null'
2025-08-06 19:00:11,419 INFO  [org.ecl.jet.ser.han.ContextHandler] (main) Started o.e.j.s.ServletContextHandler@3bdc9461{/,null,AVAILABLE}
2025-08-06 19:00:11,428 INFO  [org.ecl.jet.ser.AbstractConnector] (main) Started NetworkTrafficServerConnector@50f572e8{HTTP/1.1, (http/1.1, h2c)}{0.0.0.0:37619}
2025-08-06 19:00:11,432 INFO  [org.ecl.jet.ser.Server] (main) Started Server@331d7260{STARTING}[11.0.15,sto=1000] @93105ms
**** Registry Base URL: http://registry-app-ksql043.apps.ci419.apicurio-testing.org:80
2025-08-06 19:00:11,447 INFO  [org.apa.kaf.cli.pro.ProducerConfig] (main) ProducerConfig values: 
	acks = -1
	auto.include.jmx.reporter = true
	batch.size = 16384
	bootstrap.servers = [PLAINTEXT://localhost:32769]
	buffer.memory = 33554432
	client.dns.lookup = use_all_dns_ips
	client.id = Producer-topic-de12a3e0_3bd5_4f97_bfdd_93f8b3650d20
	compression.gzip.level = -1
	compression.lz4.level = 9
	compression.type = none
	compression.zstd.level = 3
	connections.max.idle.ms = 10000
	delivery.timeout.ms = 120000
	enable.idempotence = true
	enable.metrics.push = true
	interceptor.classes = []
	key.serializer = class org.apache.kafka.common.serialization.StringSerializer
	linger.ms = 0
	max.block.ms = 60000
	max.in.flight.requests.per.connection = 5
	max.request.size = 1048576
	metadata.max.age.ms = 300000
	metadata.max.idle.ms = 300000
	metadata.recovery.strategy = none
	metric.reporters = []
	metrics.num.samples = 2
	metrics.recording.level = INFO
	metrics.sample.window.ms = 30000
	partitioner.adaptive.partitioning.enable = true
	partitioner.availability.timeout.ms = 0
	partitioner.class = null
	partitioner.ignore.keys = false
	receive.buffer.bytes = 32768
	reconnect.backoff.max.ms = 1000
	reconnect.backoff.ms = 50
	request.timeout.ms = 5000
	retries = 2147483647
	retry.backoff.max.ms = 1000
	retry.backoff.ms = 100
	sasl.client.callback.handler.class = null
	sasl.jaas.config = null
	sasl.kerberos.kinit.cmd = /usr/bin/kinit
	sasl.kerberos.min.time.before.relogin = 60000
	sasl.kerberos.service.name = null
	sasl.kerberos.ticket.renew.jitter = 0.05
	sasl.kerberos.ticket.renew.window.factor = 0.8
	sasl.login.callback.handler.class = null
	sasl.login.class = null
	sasl.login.connect.timeout.ms = null
	sasl.login.read.timeout.ms = null
	sasl.login.refresh.buffer.seconds = 300
	sasl.login.refresh.min.period.seconds = 60
	sasl.login.refresh.window.factor = 0.8
	sasl.login.refresh.window.jitter = 0.05
	sasl.login.retry.backoff.max.ms = 10000
	sasl.login.retry.backoff.ms = 100
	sasl.mechanism = GSSAPI
	sasl.oauthbearer.clock.skew.seconds = 30
	sasl.oauthbearer.expected.audience = null
	sasl.oauthbearer.expected.issuer = null
	sasl.oauthbearer.header.urlencode = false
	sasl.oauthbearer.jwks.endpoint.refresh.ms = 3600000
	sasl.oauthbearer.jwks.endpoint.retry.backoff.max.ms = 10000
	sasl.oauthbearer.jwks.endpoint.retry.backoff.ms = 100
	sasl.oauthbearer.jwks.endpoint.url = null
	sasl.oauthbearer.scope.claim.name = scope
	sasl.oauthbearer.sub.claim.name = sub
	sasl.oauthbearer.token.endpoint.url = null
	security.protocol = PLAINTEXT
	security.providers = null
	send.buffer.bytes = 131072
	socket.connection.setup.timeout.max.ms = 30000
	socket.connection.setup.timeout.ms = 10000
	ssl.cipher.suites = null
	ssl.enabled.protocols = [TLSv1.2, TLSv1.3]
	ssl.endpoint.identification.algorithm = https
	ssl.engine.factory.class = null
	ssl.key.password = null
	ssl.keymanager.algorithm = SunX509
	ssl.keystore.certificate.chain = null
	ssl.keystore.key = null
	ssl.keystore.location = null
	ssl.keystore.password = null
	ssl.keystore.type = JKS
	ssl.protocol = TLSv1.3
	ssl.provider = null
	ssl.secure.random.implementation = null
	ssl.trustmanager.algorithm = PKIX
	ssl.truststore.certificates = null
	ssl.truststore.location = null
	ssl.truststore.password = null
	ssl.truststore.type = JKS
	transaction.timeout.ms = 60000
	transactional.id = null
	value.serializer = class io.apicurio.registry.serde.avro.AvroKafkaSerializer

2025-08-06 19:00:11,447 INFO  [org.apa.kaf.com.tel.int.KafkaMetricsCollector] (main) initializing Kafka metrics collector
2025-08-06 19:00:11,453 INFO  [org.apa.kaf.cli.pro.KafkaProducer] (main) [Producer clientId=Producer-topic-de12a3e0_3bd5_4f97_bfdd_93f8b3650d20] Instantiated an idempotent producer.
2025-08-06 19:00:11,455 INFO  [org.apa.kaf.cli.pro.ProducerConfig] (main) These configurations '[apicurio.registry.url, apicurio.registry.artifact-resolver-strategy]' were supplied but are not used yet.
2025-08-06 19:00:11,455 INFO  [org.apa.kaf.com.uti.AppInfoParser] (main) Kafka version: 3.9.1
2025-08-06 19:00:11,455 INFO  [org.apa.kaf.com.uti.AppInfoParser] (main) Kafka commitId: f745dfdcee2b9851
2025-08-06 19:00:11,455 INFO  [org.apa.kaf.com.uti.AppInfoParser] (main) Kafka startTimeMs: 1754506811455
2025-08-06 19:00:11,457 INFO  [io.api.tes.ser.api.KafkaSerdesTester] (Thread-698) Sending message {"keyB": "value-0"} to topic topic-de12a3e0_3bd5_4f97_bfdd_93f8b3650d20
2025-08-06 19:00:11,462 WARN  [org.apa.kaf.cli.NetworkClient] (kafka-producer-network-thread | Producer-topic-de12a3e0_3bd5_4f97_bfdd_93f8b3650d20) [Producer clientId=Producer-topic-de12a3e0_3bd5_4f97_bfdd_93f8b3650d20] The metadata response from the cluster reported a recoverable issue with correlation id 1 : {topic-de12a3e0_3bd5_4f97_bfdd_93f8b3650d20=UNKNOWN_TOPIC_OR_PARTITION}
2025-08-06 19:00:11,462 INFO  [org.apa.kaf.cli.Metadata] (kafka-producer-network-thread | Producer-topic-de12a3e0_3bd5_4f97_bfdd_93f8b3650d20) [Producer clientId=Producer-topic-de12a3e0_3bd5_4f97_bfdd_93f8b3650d20] Cluster ID: T8p0IQFNTYSHGQR6rr1wVQ
2025-08-06 19:00:11,464 INFO  [org.apa.kaf.cli.pro.int.TransactionManager] (kafka-producer-network-thread | Producer-topic-de12a3e0_3bd5_4f97_bfdd_93f8b3650d20) [Producer clientId=Producer-topic-de12a3e0_3bd5_4f97_bfdd_93f8b3650d20] ProducerId set to 17 with epoch 0
2025-08-06 19:00:11,587 INFO  [DefaultSchemaResolver] (Thread-698) Retrieving schema content using string: {"type":"record","name":"myrecord","namespace":"mygroup","fields":[{"name":"keyB","type":"string"}]}
2025-08-06 19:00:11,741 INFO  [org.apa.kaf.cli.pro.KafkaProducer] (Thread-698) [Producer clientId=Producer-topic-de12a3e0_3bd5_4f97_bfdd_93f8b3650d20] Closing the Kafka producer with timeoutMillis = 9223372036854775807 ms.
2025-08-06 19:00:11,747 INFO  [org.apa.kaf.com.met.Metrics] (Thread-698) Metrics scheduler closed
2025-08-06 19:00:11,747 INFO  [org.apa.kaf.com.met.Metrics] (Thread-698) Closing reporter org.apache.kafka.common.metrics.JmxReporter
2025-08-06 19:00:11,747 INFO  [org.apa.kaf.com.met.Metrics] (Thread-698) Closing reporter org.apache.kafka.common.telemetry.internals.ClientTelemetryReporter
2025-08-06 19:00:11,747 INFO  [org.apa.kaf.com.met.Metrics] (Thread-698) Metrics reporters closed
2025-08-06 19:00:11,748 INFO  [org.apa.kaf.com.uti.AppInfoParser] (Thread-698) App info kafka.producer for Producer-topic-de12a3e0_3bd5_4f97_bfdd_93f8b3650d20 unregistered
2025-08-06 19:00:11,752 INFO  [org.ecl.jet.ser.Server] (main) Stopped Server@331d7260{STOPPING}[11.0.15,sto=1000]
2025-08-06 19:00:11,752 INFO  [org.ecl.jet.ser.Server] (main) Shutdown Server@331d7260{STOPPING}[11.0.15,sto=1000]
2025-08-06 19:00:11,757 INFO  [org.ecl.jet.ser.AbstractConnector] (main) Stopped NetworkTrafficServerConnector@50f572e8{HTTP/1.1, (http/1.1, h2c)}{0.0.0.0:0}
2025-08-06 19:00:11,764 INFO  [org.ecl.jet.ser.han.ContextHandler] (main) Stopped o.e.j.s.ServletContextHandler@3bdc9461{/,null,STOPPED}
2025-08-06 19:00:11,764 INFO  [org.ecl.jet.ser.han.ContextHandler] (main) Stopped o.e.j.s.ServletContextHandler@5bd93106{/__admin,null,STOPPED}
2025-08-06 19:00:11,767 INFO  [io.api.tes.uti.TestSeparator] (main) io.apicurio.tests.serdes.apicurio.AvroSerdeIT.testFirstRequestFailsRateLimited-FINISHED
2025-08-06 19:00:11,767 INFO  [io.api.tes.uti.TestSeparator] (main) ############################################################################
Test passed: testFirstRequestFailsRateLimited
]]></system-out>
    <system-err><![CDATA[com.microsoft.kiota.ApiException: the server returned an unexpected status code and no error class is registered for this code 429
	at com.microsoft.kiota.ApiExceptionBuilder.withMessage(ApiExceptionBuilder.java:45)
	at io.kiota.http.vertx.VertXRequestAdapter.throwIfFailedResponse(VertXRequestAdapter.java:370)
	at io.kiota.http.vertx.VertXRequestAdapter.send(VertXRequestAdapter.java:170)
	at io.apicurio.registry.rest.client.search.versions.VersionsRequestBuilder.post(VersionsRequestBuilder.java:94)
	at io.apicurio.registry.resolver.client.RegistryClientFacadeImpl.searchVersionsByContent(RegistryClientFacadeImpl.java:106)
	at io.apicurio.registry.resolver.DefaultSchemaResolver.lambda$handleResolveSchemaByContent$3(DefaultSchemaResolver.java:258)
	at io.apicurio.registry.resolver.cache.ERCache.lambda$getValue$0(ERCache.java:174)
	at io.apicurio.registry.resolver.cache.ERCache.retry(ERCache.java:227)
	at io.apicurio.registry.resolver.cache.ERCache.getValue(ERCache.java:173)
	at io.apicurio.registry.resolver.cache.ERCache.getByContent(ERCache.java:147)
	at io.apicurio.registry.resolver.DefaultSchemaResolver.handleResolveSchemaByContent(DefaultSchemaResolver.java:253)
	at io.apicurio.registry.resolver.DefaultSchemaResolver.getSchemaFromRegistry(DefaultSchemaResolver.java:138)
	at io.apicurio.registry.resolver.DefaultSchemaResolver.lambda$resolveSchema$0(DefaultSchemaResolver.java:84)
	at java.base/java.util.Optional.orElseGet(Optional.java:364)
	at io.apicurio.registry.resolver.DefaultSchemaResolver.resolveSchema(DefaultSchemaResolver.java:84)
	at io.apicurio.registry.serde.AbstractSerializer.serializeData(AbstractSerializer.java:62)
	at io.apicurio.registry.serde.KafkaSerializer.serialize(KafkaSerializer.java:77)
	at org.apache.kafka.clients.producer.KafkaProducer.doSend(KafkaProducer.java:1046)
	at org.apache.kafka.clients.producer.KafkaProducer.send(KafkaProducer.java:993)
	at org.apache.kafka.clients.producer.KafkaProducer.send(KafkaProducer.java:875)
	at io.apicurio.tests.serdes.apicurio.KafkaSerdesTester.lambda$produceMessages$3(KafkaSerdesTester.java:138)
	at java.base/java.util.concurrent.CompletableFuture$AsyncSupply.run(CompletableFuture.java:1768)
	at java.base/java.lang.Thread.run(Thread.java:840)
]]></system-err>
  </testcase>
  <testcase name="testFirstEmptyFieldConfusedAsMagicByte" classname="io.apicurio.tests.serdes.apicurio.AvroSerdeIT" time="3.772">
    <system-out><![CDATA[2025-08-06 19:00:11,769 INFO  [io.api.tes.uti.TestSeparator] (main) ############################################################################
2025-08-06 19:00:11,769 INFO  [io.api.tes.uti.TestSeparator] (main) io.apicurio.tests.serdes.apicurio.AvroSerdeIT.testFirstEmptyFieldConfusedAsMagicByte-STARTED
**** Registry Base URL: http://registry-app-ksql043.apps.ci419.apicurio-testing.org:80
2025-08-06 19:00:11,795 INFO  [org.apa.kaf.cli.pro.ProducerConfig] (main) ProducerConfig values: 
	acks = -1
	auto.include.jmx.reporter = true
	batch.size = 16384
	bootstrap.servers = [PLAINTEXT://localhost:32769]
	buffer.memory = 33554432
	client.dns.lookup = use_all_dns_ips
	client.id = Producer-topic-80a230bc_618b_4991_8311_01f71b434548
	compression.gzip.level = -1
	compression.lz4.level = 9
	compression.type = none
	compression.zstd.level = 3
	connections.max.idle.ms = 10000
	delivery.timeout.ms = 120000
	enable.idempotence = true
	enable.metrics.push = true
	interceptor.classes = []
	key.serializer = class org.apache.kafka.common.serialization.StringSerializer
	linger.ms = 0
	max.block.ms = 60000
	max.in.flight.requests.per.connection = 5
	max.request.size = 1048576
	metadata.max.age.ms = 300000
	metadata.max.idle.ms = 300000
	metadata.recovery.strategy = none
	metric.reporters = []
	metrics.num.samples = 2
	metrics.recording.level = INFO
	metrics.sample.window.ms = 30000
	partitioner.adaptive.partitioning.enable = true
	partitioner.availability.timeout.ms = 0
	partitioner.class = null
	partitioner.ignore.keys = false
	receive.buffer.bytes = 32768
	reconnect.backoff.max.ms = 1000
	reconnect.backoff.ms = 50
	request.timeout.ms = 5000
	retries = 2147483647
	retry.backoff.max.ms = 1000
	retry.backoff.ms = 100
	sasl.client.callback.handler.class = null
	sasl.jaas.config = null
	sasl.kerberos.kinit.cmd = /usr/bin/kinit
	sasl.kerberos.min.time.before.relogin = 60000
	sasl.kerberos.service.name = null
	sasl.kerberos.ticket.renew.jitter = 0.05
	sasl.kerberos.ticket.renew.window.factor = 0.8
	sasl.login.callback.handler.class = null
	sasl.login.class = null
	sasl.login.connect.timeout.ms = null
	sasl.login.read.timeout.ms = null
	sasl.login.refresh.buffer.seconds = 300
	sasl.login.refresh.min.period.seconds = 60
	sasl.login.refresh.window.factor = 0.8
	sasl.login.refresh.window.jitter = 0.05
	sasl.login.retry.backoff.max.ms = 10000
	sasl.login.retry.backoff.ms = 100
	sasl.mechanism = GSSAPI
	sasl.oauthbearer.clock.skew.seconds = 30
	sasl.oauthbearer.expected.audience = null
	sasl.oauthbearer.expected.issuer = null
	sasl.oauthbearer.header.urlencode = false
	sasl.oauthbearer.jwks.endpoint.refresh.ms = 3600000
	sasl.oauthbearer.jwks.endpoint.retry.backoff.max.ms = 10000
	sasl.oauthbearer.jwks.endpoint.retry.backoff.ms = 100
	sasl.oauthbearer.jwks.endpoint.url = null
	sasl.oauthbearer.scope.claim.name = scope
	sasl.oauthbearer.sub.claim.name = sub
	sasl.oauthbearer.token.endpoint.url = null
	security.protocol = PLAINTEXT
	security.providers = null
	send.buffer.bytes = 131072
	socket.connection.setup.timeout.max.ms = 30000
	socket.connection.setup.timeout.ms = 10000
	ssl.cipher.suites = null
	ssl.enabled.protocols = [TLSv1.2, TLSv1.3]
	ssl.endpoint.identification.algorithm = https
	ssl.engine.factory.class = null
	ssl.key.password = null
	ssl.keymanager.algorithm = SunX509
	ssl.keystore.certificate.chain = null
	ssl.keystore.key = null
	ssl.keystore.location = null
	ssl.keystore.password = null
	ssl.keystore.type = JKS
	ssl.protocol = TLSv1.3
	ssl.provider = null
	ssl.secure.random.implementation = null
	ssl.trustmanager.algorithm = PKIX
	ssl.truststore.certificates = null
	ssl.truststore.location = null
	ssl.truststore.password = null
	ssl.truststore.type = JKS
	transaction.timeout.ms = 60000
	transactional.id = null
	value.serializer = class io.apicurio.registry.serde.avro.AvroKafkaSerializer

2025-08-06 19:00:11,795 INFO  [org.apa.kaf.com.tel.int.KafkaMetricsCollector] (main) initializing Kafka metrics collector
2025-08-06 19:00:11,805 INFO  [org.apa.kaf.cli.pro.KafkaProducer] (main) [Producer clientId=Producer-topic-80a230bc_618b_4991_8311_01f71b434548] Instantiated an idempotent producer.
2025-08-06 19:00:11,808 INFO  [org.apa.kaf.cli.pro.ProducerConfig] (main) These configurations '[apicurio.registry.url, apicurio.registry.auto-register, apicurio.registry.artifact-resolver-strategy]' were supplied but are not used yet.
2025-08-06 19:00:11,808 INFO  [org.apa.kaf.com.uti.AppInfoParser] (main) Kafka version: 3.9.1
2025-08-06 19:00:11,808 INFO  [org.apa.kaf.com.uti.AppInfoParser] (main) Kafka commitId: f745dfdcee2b9851
2025-08-06 19:00:11,808 INFO  [org.apa.kaf.com.uti.AppInfoParser] (main) Kafka startTimeMs: 1754506811808
2025-08-06 19:00:11,810 INFO  [io.api.tes.ser.api.SimpleSerdesTesterBuilder$SimpleSerdesTester] (main) Using producer configuration: {apicurio.registry.url=http://registry-app-ksql043.apps.ci419.apicurio-testing.org:80/apis/registry/v3, apicurio.registry.auto-register=true, apicurio.registry.artifact-resolver-strategy=io.apicurio.registry.serde.strategy.SimpleTopicIdStrategy, value.serializer=io.apicurio.registry.serde.avro.AvroKafkaSerializer, request.timeout.ms=5000, acks=all, bootstrap.servers=PLAINTEXT://localhost:32769, connections.max.idle.ms=10000, key.serializer=org.apache.kafka.common.serialization.StringSerializer, client.id=Producer-topic-80a230bc_618b_4991_8311_01f71b434548}
2025-08-06 19:00:11,810 INFO  [io.api.tes.ser.api.SimpleSerdesTesterBuilder$SimpleSerdesTester] (main) Using consumer configuration: {}
2025-08-06 19:00:11,811 INFO  [io.api.tes.ser.api.KafkaSerdesTester] (Thread-701) Sending message {"username": null} to topic topic-80a230bc_618b_4991_8311_01f71b434548
2025-08-06 19:00:11,825 INFO  [org.apa.kaf.cli.Metadata] (kafka-producer-network-thread | Producer-topic-80a230bc_618b_4991_8311_01f71b434548) [Producer clientId=Producer-topic-80a230bc_618b_4991_8311_01f71b434548] Cluster ID: T8p0IQFNTYSHGQR6rr1wVQ
2025-08-06 19:00:11,827 INFO  [org.apa.kaf.cli.pro.int.TransactionManager] (kafka-producer-network-thread | Producer-topic-80a230bc_618b_4991_8311_01f71b434548) [Producer clientId=Producer-topic-80a230bc_618b_4991_8311_01f71b434548] ProducerId set to 18 with epoch 0
2025-08-06 19:00:11,907 INFO  [io.api.tes.ser.api.KafkaSerdesTester] (Thread-701) Sending message {"username": null} to topic topic-80a230bc_618b_4991_8311_01f71b434548
2025-08-06 19:00:11,910 INFO  [io.api.tes.ser.api.KafkaSerdesTester] (Thread-701) Sending message {"username": "value-2"} to topic topic-80a230bc_618b_4991_8311_01f71b434548
2025-08-06 19:00:11,912 INFO  [io.api.tes.ser.api.KafkaSerdesTester] (Thread-701) Sending message {"username": null} to topic topic-80a230bc_618b_4991_8311_01f71b434548
2025-08-06 19:00:11,914 INFO  [io.api.tes.ser.api.KafkaSerdesTester] (Thread-701) Sending message {"username": "value-4"} to topic topic-80a230bc_618b_4991_8311_01f71b434548
2025-08-06 19:00:11,916 INFO  [io.api.tes.ser.api.KafkaSerdesTester] (Thread-701) Sending message {"username": null} to topic topic-80a230bc_618b_4991_8311_01f71b434548
2025-08-06 19:00:11,921 INFO  [io.api.tes.ser.api.KafkaSerdesTester] (Thread-701) Sending message {"username": "value-6"} to topic topic-80a230bc_618b_4991_8311_01f71b434548
2025-08-06 19:00:11,923 INFO  [io.api.tes.ser.api.KafkaSerdesTester] (Thread-701) Sending message {"username": null} to topic topic-80a230bc_618b_4991_8311_01f71b434548
2025-08-06 19:00:11,925 INFO  [io.api.tes.ser.api.KafkaSerdesTester] (Thread-701) Sending message {"username": "value-8"} to topic topic-80a230bc_618b_4991_8311_01f71b434548
2025-08-06 19:00:11,926 INFO  [io.api.tes.ser.api.KafkaSerdesTester] (Thread-701) Sending message {"username": null} to topic topic-80a230bc_618b_4991_8311_01f71b434548
2025-08-06 19:00:11,928 INFO  [io.api.tes.ser.api.KafkaSerdesTester] (Thread-701) Produced 10 messages
2025-08-06 19:00:11,928 INFO  [org.apa.kaf.cli.pro.KafkaProducer] (Thread-701) [Producer clientId=Producer-topic-80a230bc_618b_4991_8311_01f71b434548] Closing the Kafka producer with timeoutMillis = 9223372036854775807 ms.
2025-08-06 19:00:11,930 INFO  [org.apa.kaf.com.met.Metrics] (Thread-701) Metrics scheduler closed
2025-08-06 19:00:11,930 INFO  [org.apa.kaf.com.met.Metrics] (Thread-701) Closing reporter org.apache.kafka.common.metrics.JmxReporter
2025-08-06 19:00:11,930 INFO  [org.apa.kaf.com.met.Metrics] (Thread-701) Closing reporter org.apache.kafka.common.telemetry.internals.ClientTelemetryReporter
2025-08-06 19:00:11,930 INFO  [org.apa.kaf.com.met.Metrics] (Thread-701) Metrics reporters closed
2025-08-06 19:00:11,931 INFO  [org.apa.kaf.com.uti.AppInfoParser] (Thread-701) App info kafka.producer for Producer-topic-80a230bc_618b_4991_8311_01f71b434548 unregistered
**** Registry Base URL: http://registry-app-ksql043.apps.ci419.apicurio-testing.org:80
2025-08-06 19:00:11,952 INFO  [org.apa.kaf.cli.con.ConsumerConfig] (main) ConsumerConfig values: 
	allow.auto.create.topics = true
	auto.commit.interval.ms = 500
	auto.include.jmx.reporter = true
	auto.offset.reset = earliest
	bootstrap.servers = [PLAINTEXT://localhost:32769]
	check.crcs = true
	client.dns.lookup = use_all_dns_ips
	client.id = consumer-Consumer-topic-80a230bc_618b_4991_8311_01f71b434548-14
	client.rack = 
	connections.max.idle.ms = 10000
	default.api.timeout.ms = 60000
	enable.auto.commit = true
	enable.metrics.push = true
	exclude.internal.topics = true
	fetch.max.bytes = 52428800
	fetch.max.wait.ms = 500
	fetch.min.bytes = 1
	group.id = Consumer-topic-80a230bc_618b_4991_8311_01f71b434548
	group.instance.id = null
	group.protocol = classic
	group.remote.assignor = null
	heartbeat.interval.ms = 3000
	interceptor.classes = []
	internal.leave.group.on.close = true
	internal.throw.on.fetch.stable.offset.unsupported = false
	isolation.level = read_uncommitted
	key.deserializer = class org.apache.kafka.common.serialization.StringDeserializer
	max.partition.fetch.bytes = 1048576
	max.poll.interval.ms = 300000
	max.poll.records = 500
	metadata.max.age.ms = 300000
	metadata.recovery.strategy = none
	metric.reporters = []
	metrics.num.samples = 2
	metrics.recording.level = INFO
	metrics.sample.window.ms = 30000
	partition.assignment.strategy = [class org.apache.kafka.clients.consumer.RangeAssignor, class org.apache.kafka.clients.consumer.CooperativeStickyAssignor]
	receive.buffer.bytes = 65536
	reconnect.backoff.max.ms = 1000
	reconnect.backoff.ms = 50
	request.timeout.ms = 5000
	retry.backoff.max.ms = 1000
	retry.backoff.ms = 100
	sasl.client.callback.handler.class = null
	sasl.jaas.config = null
	sasl.kerberos.kinit.cmd = /usr/bin/kinit
	sasl.kerberos.min.time.before.relogin = 60000
	sasl.kerberos.service.name = null
	sasl.kerberos.ticket.renew.jitter = 0.05
	sasl.kerberos.ticket.renew.window.factor = 0.8
	sasl.login.callback.handler.class = null
	sasl.login.class = null
	sasl.login.connect.timeout.ms = null
	sasl.login.read.timeout.ms = null
	sasl.login.refresh.buffer.seconds = 300
	sasl.login.refresh.min.period.seconds = 60
	sasl.login.refresh.window.factor = 0.8
	sasl.login.refresh.window.jitter = 0.05
	sasl.login.retry.backoff.max.ms = 10000
	sasl.login.retry.backoff.ms = 100
	sasl.mechanism = GSSAPI
	sasl.oauthbearer.clock.skew.seconds = 30
	sasl.oauthbearer.expected.audience = null
	sasl.oauthbearer.expected.issuer = null
	sasl.oauthbearer.header.urlencode = false
	sasl.oauthbearer.jwks.endpoint.refresh.ms = 3600000
	sasl.oauthbearer.jwks.endpoint.retry.backoff.max.ms = 10000
	sasl.oauthbearer.jwks.endpoint.retry.backoff.ms = 100
	sasl.oauthbearer.jwks.endpoint.url = null
	sasl.oauthbearer.scope.claim.name = scope
	sasl.oauthbearer.sub.claim.name = sub
	sasl.oauthbearer.token.endpoint.url = null
	security.protocol = PLAINTEXT
	security.providers = null
	send.buffer.bytes = 131072
	session.timeout.ms = 45000
	socket.connection.setup.timeout.max.ms = 30000
	socket.connection.setup.timeout.ms = 10000
	ssl.cipher.suites = null
	ssl.enabled.protocols = [TLSv1.2, TLSv1.3]
	ssl.endpoint.identification.algorithm = https
	ssl.engine.factory.class = null
	ssl.key.password = null
	ssl.keymanager.algorithm = SunX509
	ssl.keystore.certificate.chain = null
	ssl.keystore.key = null
	ssl.keystore.location = null
	ssl.keystore.password = null
	ssl.keystore.type = JKS
	ssl.protocol = TLSv1.3
	ssl.provider = null
	ssl.secure.random.implementation = null
	ssl.trustmanager.algorithm = PKIX
	ssl.truststore.certificates = null
	ssl.truststore.location = null
	ssl.truststore.password = null
	ssl.truststore.type = JKS
	value.deserializer = class io.apicurio.registry.serde.avro.AvroKafkaDeserializer

2025-08-06 19:00:11,952 INFO  [org.apa.kaf.com.tel.int.KafkaMetricsCollector] (main) initializing Kafka metrics collector
2025-08-06 19:00:11,963 INFO  [org.apa.kaf.cli.con.ConsumerConfig] (main) These configurations '[apicurio.registry.url]' were supplied but are not used yet.
2025-08-06 19:00:11,963 INFO  [org.apa.kaf.com.uti.AppInfoParser] (main) Kafka version: 3.9.1
2025-08-06 19:00:11,963 INFO  [org.apa.kaf.com.uti.AppInfoParser] (main) Kafka commitId: f745dfdcee2b9851
2025-08-06 19:00:11,963 INFO  [org.apa.kaf.com.uti.AppInfoParser] (main) Kafka startTimeMs: 1754506811963
2025-08-06 19:00:11,964 INFO  [org.apa.kaf.cli.con.int.ClassicKafkaConsumer] (Thread-704) [Consumer clientId=consumer-Consumer-topic-80a230bc_618b_4991_8311_01f71b434548-14, groupId=Consumer-topic-80a230bc_618b_4991_8311_01f71b434548] Subscribed to topic(s): topic-80a230bc_618b_4991_8311_01f71b434548
2025-08-06 19:00:11,970 INFO  [org.apa.kaf.cli.Metadata] (Thread-704) [Consumer clientId=consumer-Consumer-topic-80a230bc_618b_4991_8311_01f71b434548-14, groupId=Consumer-topic-80a230bc_618b_4991_8311_01f71b434548] Cluster ID: T8p0IQFNTYSHGQR6rr1wVQ
2025-08-06 19:00:11,971 INFO  [org.apa.kaf.cli.con.int.ConsumerCoordinator] (Thread-704) [Consumer clientId=consumer-Consumer-topic-80a230bc_618b_4991_8311_01f71b434548-14, groupId=Consumer-topic-80a230bc_618b_4991_8311_01f71b434548] Discovered group coordinator localhost:32769 (id: 2147483647 rack: null)
2025-08-06 19:00:11,973 INFO  [org.apa.kaf.cli.con.int.ConsumerCoordinator] (Thread-704) [Consumer clientId=consumer-Consumer-topic-80a230bc_618b_4991_8311_01f71b434548-14, groupId=Consumer-topic-80a230bc_618b_4991_8311_01f71b434548] (Re-)joining group
2025-08-06 19:00:11,976 INFO  [org.apa.kaf.cli.con.int.ConsumerCoordinator] (Thread-704) [Consumer clientId=consumer-Consumer-topic-80a230bc_618b_4991_8311_01f71b434548-14, groupId=Consumer-topic-80a230bc_618b_4991_8311_01f71b434548] Request joining group due to: need to re-join with the given member-id: consumer-Consumer-topic-80a230bc_618b_4991_8311_01f71b434548-14-647c67a9-05b3-4cb0-97eb-e79ad51bfa14
2025-08-06 19:00:11,976 INFO  [org.apa.kaf.cli.con.int.ConsumerCoordinator] (Thread-704) [Consumer clientId=consumer-Consumer-topic-80a230bc_618b_4991_8311_01f71b434548-14, groupId=Consumer-topic-80a230bc_618b_4991_8311_01f71b434548] (Re-)joining group
2025-08-06 19:00:12,964 INFO  [io.api.tes.ser.api.KafkaSerdesTester] (Thread-704) None found
2025-08-06 19:00:13,964 INFO  [io.api.tes.ser.api.KafkaSerdesTester] (Thread-704) None found
2025-08-06 19:00:14,965 INFO  [io.api.tes.ser.api.KafkaSerdesTester] (Thread-704) None found
2025-08-06 19:00:14,979 INFO  [org.apa.kaf.cli.con.int.ConsumerCoordinator] (Thread-704) [Consumer clientId=consumer-Consumer-topic-80a230bc_618b_4991_8311_01f71b434548-14, groupId=Consumer-topic-80a230bc_618b_4991_8311_01f71b434548] Successfully joined group with generation Generation{generationId=1, memberId='consumer-Consumer-topic-80a230bc_618b_4991_8311_01f71b434548-14-647c67a9-05b3-4cb0-97eb-e79ad51bfa14', protocol='range'}
2025-08-06 19:00:14,979 INFO  [org.apa.kaf.cli.con.int.ConsumerCoordinator] (Thread-704) [Consumer clientId=consumer-Consumer-topic-80a230bc_618b_4991_8311_01f71b434548-14, groupId=Consumer-topic-80a230bc_618b_4991_8311_01f71b434548] Finished assignment for group at generation 1: {consumer-Consumer-topic-80a230bc_618b_4991_8311_01f71b434548-14-647c67a9-05b3-4cb0-97eb-e79ad51bfa14=Assignment(partitions=[topic-80a230bc_618b_4991_8311_01f71b434548-0])}
2025-08-06 19:00:14,987 INFO  [org.apa.kaf.cli.con.int.ConsumerCoordinator] (Thread-704) [Consumer clientId=consumer-Consumer-topic-80a230bc_618b_4991_8311_01f71b434548-14, groupId=Consumer-topic-80a230bc_618b_4991_8311_01f71b434548] Successfully synced group in generation Generation{generationId=1, memberId='consumer-Consumer-topic-80a230bc_618b_4991_8311_01f71b434548-14-647c67a9-05b3-4cb0-97eb-e79ad51bfa14', protocol='range'}
2025-08-06 19:00:14,987 INFO  [org.apa.kaf.cli.con.int.ConsumerCoordinator] (Thread-704) [Consumer clientId=consumer-Consumer-topic-80a230bc_618b_4991_8311_01f71b434548-14, groupId=Consumer-topic-80a230bc_618b_4991_8311_01f71b434548] Notifying assignor about the new Assignment(partitions=[topic-80a230bc_618b_4991_8311_01f71b434548-0])
2025-08-06 19:00:14,987 INFO  [org.apa.kaf.cli.con.int.ConsumerRebalanceListenerInvoker] (Thread-704) [Consumer clientId=consumer-Consumer-topic-80a230bc_618b_4991_8311_01f71b434548-14, groupId=Consumer-topic-80a230bc_618b_4991_8311_01f71b434548] Adding newly assigned partitions: topic-80a230bc_618b_4991_8311_01f71b434548-0
2025-08-06 19:00:14,988 INFO  [org.apa.kaf.cli.con.int.ConsumerCoordinator] (Thread-704) [Consumer clientId=consumer-Consumer-topic-80a230bc_618b_4991_8311_01f71b434548-14, groupId=Consumer-topic-80a230bc_618b_4991_8311_01f71b434548] Found no committed offset for partition topic-80a230bc_618b_4991_8311_01f71b434548-0
2025-08-06 19:00:14,996 INFO  [org.apa.kaf.cli.con.int.SubscriptionState] (Thread-704) [Consumer clientId=consumer-Consumer-topic-80a230bc_618b_4991_8311_01f71b434548-14, groupId=Consumer-topic-80a230bc_618b_4991_8311_01f71b434548] Resetting offset for partition topic-80a230bc_618b_4991_8311_01f71b434548-0 to position FetchPosition{offset=0, offsetEpoch=Optional.empty, currentLeader=LeaderAndEpoch{leader=Optional[localhost:32769 (id: 0 rack: null)], epoch=0}}.
2025-08-06 19:00:15,030 INFO  [io.api.tes.ser.api.KafkaSerdesTester] (Thread-704) topic-80a230bc_618b_4991_8311_01f71b434548 0 0 {"username": null}
2025-08-06 19:00:15,030 INFO  [io.api.tes.ser.api.KafkaSerdesTester] (Thread-704) topic-80a230bc_618b_4991_8311_01f71b434548 0 1 {"username": null}
2025-08-06 19:00:15,030 INFO  [io.api.tes.ser.api.KafkaSerdesTester] (Thread-704) topic-80a230bc_618b_4991_8311_01f71b434548 0 2 {"username": "value-2"}
2025-08-06 19:00:15,030 INFO  [io.api.tes.ser.api.KafkaSerdesTester] (Thread-704) topic-80a230bc_618b_4991_8311_01f71b434548 0 3 {"username": null}
2025-08-06 19:00:15,030 INFO  [io.api.tes.ser.api.KafkaSerdesTester] (Thread-704) topic-80a230bc_618b_4991_8311_01f71b434548 0 4 {"username": "value-4"}
2025-08-06 19:00:15,031 INFO  [io.api.tes.ser.api.KafkaSerdesTester] (Thread-704) topic-80a230bc_618b_4991_8311_01f71b434548 0 5 {"username": null}
2025-08-06 19:00:15,031 INFO  [io.api.tes.ser.api.KafkaSerdesTester] (Thread-704) topic-80a230bc_618b_4991_8311_01f71b434548 0 6 {"username": "value-6"}
2025-08-06 19:00:15,031 INFO  [io.api.tes.ser.api.KafkaSerdesTester] (Thread-704) topic-80a230bc_618b_4991_8311_01f71b434548 0 7 {"username": null}
2025-08-06 19:00:15,031 INFO  [io.api.tes.ser.api.KafkaSerdesTester] (Thread-704) topic-80a230bc_618b_4991_8311_01f71b434548 0 8 {"username": "value-8"}
2025-08-06 19:00:15,031 INFO  [io.api.tes.ser.api.KafkaSerdesTester] (Thread-704) topic-80a230bc_618b_4991_8311_01f71b434548 0 9 {"username": null}
2025-08-06 19:00:15,031 INFO  [io.api.tes.ser.api.KafkaSerdesTester] (Thread-704) Consumed 10 messages
2025-08-06 19:00:15,039 INFO  [org.apa.kaf.cli.con.int.ConsumerRebalanceListenerInvoker] (Thread-704) [Consumer clientId=consumer-Consumer-topic-80a230bc_618b_4991_8311_01f71b434548-14, groupId=Consumer-topic-80a230bc_618b_4991_8311_01f71b434548] Revoke previously assigned partitions topic-80a230bc_618b_4991_8311_01f71b434548-0
2025-08-06 19:00:15,039 INFO  [org.apa.kaf.cli.con.int.ConsumerCoordinator] (Thread-704) [Consumer clientId=consumer-Consumer-topic-80a230bc_618b_4991_8311_01f71b434548-14, groupId=Consumer-topic-80a230bc_618b_4991_8311_01f71b434548] Member consumer-Consumer-topic-80a230bc_618b_4991_8311_01f71b434548-14-647c67a9-05b3-4cb0-97eb-e79ad51bfa14 sending LeaveGroup request to coordinator localhost:32769 (id: 2147483647 rack: null) due to the consumer is being closed
2025-08-06 19:00:15,040 INFO  [org.apa.kaf.cli.con.int.ConsumerCoordinator] (Thread-704) [Consumer clientId=consumer-Consumer-topic-80a230bc_618b_4991_8311_01f71b434548-14, groupId=Consumer-topic-80a230bc_618b_4991_8311_01f71b434548] Resetting generation and member id due to: consumer pro-actively leaving the group
2025-08-06 19:00:15,040 INFO  [org.apa.kaf.cli.con.int.ConsumerCoordinator] (Thread-704) [Consumer clientId=consumer-Consumer-topic-80a230bc_618b_4991_8311_01f71b434548-14, groupId=Consumer-topic-80a230bc_618b_4991_8311_01f71b434548] Request joining group due to: consumer pro-actively leaving the group
2025-08-06 19:00:15,535 INFO  [org.apa.kaf.com.met.Metrics] (Thread-704) Metrics scheduler closed
2025-08-06 19:00:15,535 INFO  [org.apa.kaf.com.met.Metrics] (Thread-704) Closing reporter org.apache.kafka.common.metrics.JmxReporter
2025-08-06 19:00:15,535 INFO  [org.apa.kaf.com.met.Metrics] (Thread-704) Closing reporter org.apache.kafka.common.telemetry.internals.ClientTelemetryReporter
2025-08-06 19:00:15,535 INFO  [org.apa.kaf.com.met.Metrics] (Thread-704) Metrics reporters closed
2025-08-06 19:00:15,538 INFO  [org.apa.kaf.com.uti.AppInfoParser] (Thread-704) App info kafka.consumer for consumer-Consumer-topic-80a230bc_618b_4991_8311_01f71b434548-14 unregistered
2025-08-06 19:00:15,540 INFO  [io.api.tes.uti.TestSeparator] (main) io.apicurio.tests.serdes.apicurio.AvroSerdeIT.testFirstEmptyFieldConfusedAsMagicByte-FINISHED
2025-08-06 19:00:15,540 INFO  [io.api.tes.uti.TestSeparator] (main) ############################################################################
Test passed: testFirstEmptyFieldConfusedAsMagicByte
]]></system-out>
  </testcase>
  <testcase name="testAvroSerDesFailDifferentSchemaByContent" classname="io.apicurio.tests.serdes.apicurio.AvroSerdeIT" time="1.127">
    <system-out><![CDATA[2025-08-06 19:00:15,543 INFO  [io.api.tes.uti.TestSeparator] (main) ############################################################################
2025-08-06 19:00:15,543 INFO  [io.api.tes.uti.TestSeparator] (main) io.apicurio.tests.serdes.apicurio.AvroSerdeIT.testAvroSerDesFailDifferentSchemaByContent-STARTED
**** Registry Base URL: http://registry-app-ksql043.apps.ci419.apicurio-testing.org:80
2025-08-06 19:00:16,619 INFO  [org.apa.kaf.cli.pro.ProducerConfig] (main) ProducerConfig values: 
	acks = -1
	auto.include.jmx.reporter = true
	batch.size = 16384
	bootstrap.servers = [PLAINTEXT://localhost:32769]
	buffer.memory = 33554432
	client.dns.lookup = use_all_dns_ips
	client.id = Producer-topic-1ded7bcc_6bd9_442d_b585_d9b95fc8d40a
	compression.gzip.level = -1
	compression.lz4.level = 9
	compression.type = none
	compression.zstd.level = 3
	connections.max.idle.ms = 10000
	delivery.timeout.ms = 120000
	enable.idempotence = true
	enable.metrics.push = true
	interceptor.classes = []
	key.serializer = class org.apache.kafka.common.serialization.StringSerializer
	linger.ms = 0
	max.block.ms = 60000
	max.in.flight.requests.per.connection = 5
	max.request.size = 1048576
	metadata.max.age.ms = 300000
	metadata.max.idle.ms = 300000
	metadata.recovery.strategy = none
	metric.reporters = []
	metrics.num.samples = 2
	metrics.recording.level = INFO
	metrics.sample.window.ms = 30000
	partitioner.adaptive.partitioning.enable = true
	partitioner.availability.timeout.ms = 0
	partitioner.class = null
	partitioner.ignore.keys = false
	receive.buffer.bytes = 32768
	reconnect.backoff.max.ms = 1000
	reconnect.backoff.ms = 50
	request.timeout.ms = 5000
	retries = 2147483647
	retry.backoff.max.ms = 1000
	retry.backoff.ms = 100
	sasl.client.callback.handler.class = null
	sasl.jaas.config = null
	sasl.kerberos.kinit.cmd = /usr/bin/kinit
	sasl.kerberos.min.time.before.relogin = 60000
	sasl.kerberos.service.name = null
	sasl.kerberos.ticket.renew.jitter = 0.05
	sasl.kerberos.ticket.renew.window.factor = 0.8
	sasl.login.callback.handler.class = null
	sasl.login.class = null
	sasl.login.connect.timeout.ms = null
	sasl.login.read.timeout.ms = null
	sasl.login.refresh.buffer.seconds = 300
	sasl.login.refresh.min.period.seconds = 60
	sasl.login.refresh.window.factor = 0.8
	sasl.login.refresh.window.jitter = 0.05
	sasl.login.retry.backoff.max.ms = 10000
	sasl.login.retry.backoff.ms = 100
	sasl.mechanism = GSSAPI
	sasl.oauthbearer.clock.skew.seconds = 30
	sasl.oauthbearer.expected.audience = null
	sasl.oauthbearer.expected.issuer = null
	sasl.oauthbearer.header.urlencode = false
	sasl.oauthbearer.jwks.endpoint.refresh.ms = 3600000
	sasl.oauthbearer.jwks.endpoint.retry.backoff.max.ms = 10000
	sasl.oauthbearer.jwks.endpoint.retry.backoff.ms = 100
	sasl.oauthbearer.jwks.endpoint.url = null
	sasl.oauthbearer.scope.claim.name = scope
	sasl.oauthbearer.sub.claim.name = sub
	sasl.oauthbearer.token.endpoint.url = null
	security.protocol = PLAINTEXT
	security.providers = null
	send.buffer.bytes = 131072
	socket.connection.setup.timeout.max.ms = 30000
	socket.connection.setup.timeout.ms = 10000
	ssl.cipher.suites = null
	ssl.enabled.protocols = [TLSv1.2, TLSv1.3]
	ssl.endpoint.identification.algorithm = https
	ssl.engine.factory.class = null
	ssl.key.password = null
	ssl.keymanager.algorithm = SunX509
	ssl.keystore.certificate.chain = null
	ssl.keystore.key = null
	ssl.keystore.location = null
	ssl.keystore.password = null
	ssl.keystore.type = JKS
	ssl.protocol = TLSv1.3
	ssl.provider = null
	ssl.secure.random.implementation = null
	ssl.trustmanager.algorithm = PKIX
	ssl.truststore.certificates = null
	ssl.truststore.location = null
	ssl.truststore.password = null
	ssl.truststore.type = JKS
	transaction.timeout.ms = 60000
	transactional.id = null
	value.serializer = class io.apicurio.registry.serde.avro.AvroKafkaSerializer

2025-08-06 19:00:16,619 INFO  [org.apa.kaf.com.tel.int.KafkaMetricsCollector] (main) initializing Kafka metrics collector
2025-08-06 19:00:16,624 INFO  [org.apa.kaf.cli.pro.KafkaProducer] (main) [Producer clientId=Producer-topic-1ded7bcc_6bd9_442d_b585_d9b95fc8d40a] Instantiated an idempotent producer.
2025-08-06 19:00:16,625 INFO  [org.apa.kaf.cli.pro.ProducerConfig] (main) These configurations '[apicurio.registry.url, apicurio.registry.artifact-resolver-strategy]' were supplied but are not used yet.
2025-08-06 19:00:16,625 INFO  [org.apa.kaf.com.uti.AppInfoParser] (main) Kafka version: 3.9.1
2025-08-06 19:00:16,625 INFO  [org.apa.kaf.com.uti.AppInfoParser] (main) Kafka commitId: f745dfdcee2b9851
2025-08-06 19:00:16,625 INFO  [org.apa.kaf.com.uti.AppInfoParser] (main) Kafka startTimeMs: 1754506816625
2025-08-06 19:00:16,629 INFO  [io.api.tes.ser.api.KafkaSerdesTester] (Thread-707) Sending message {"keyB": "value-0"} to topic topic-1ded7bcc_6bd9_442d_b585_d9b95fc8d40a
2025-08-06 19:00:16,632 INFO  [org.apa.kaf.cli.Metadata] (kafka-producer-network-thread | Producer-topic-1ded7bcc_6bd9_442d_b585_d9b95fc8d40a) [Producer clientId=Producer-topic-1ded7bcc_6bd9_442d_b585_d9b95fc8d40a] Cluster ID: T8p0IQFNTYSHGQR6rr1wVQ
2025-08-06 19:00:16,633 INFO  [DefaultSchemaResolver] (Thread-707) Retrieving schema content using string: {"type":"record","name":"s405bf1acx525ex4f2exa6a4x9dab4eec585d","namespace":"s768235d4xd9e4x4fd6x95bax1875fd46e9c9","fields":[{"name":"keyB","type":"string"}]}
2025-08-06 19:00:16,634 INFO  [org.apa.kaf.cli.pro.int.TransactionManager] (kafka-producer-network-thread | Producer-topic-1ded7bcc_6bd9_442d_b585_d9b95fc8d40a) [Producer clientId=Producer-topic-1ded7bcc_6bd9_442d_b585_d9b95fc8d40a] ProducerId set to 19 with epoch 0
2025-08-06 19:00:16,663 INFO  [org.apa.kaf.cli.pro.KafkaProducer] (Thread-707) [Producer clientId=Producer-topic-1ded7bcc_6bd9_442d_b585_d9b95fc8d40a] Closing the Kafka producer with timeoutMillis = 9223372036854775807 ms.
2025-08-06 19:00:16,666 INFO  [org.apa.kaf.com.met.Metrics] (Thread-707) Metrics scheduler closed
2025-08-06 19:00:16,666 INFO  [org.apa.kaf.com.met.Metrics] (Thread-707) Closing reporter org.apache.kafka.common.metrics.JmxReporter
2025-08-06 19:00:16,666 INFO  [org.apa.kaf.com.met.Metrics] (Thread-707) Closing reporter org.apache.kafka.common.telemetry.internals.ClientTelemetryReporter
2025-08-06 19:00:16,666 INFO  [org.apa.kaf.com.met.Metrics] (Thread-707) Metrics reporters closed
2025-08-06 19:00:16,667 INFO  [org.apa.kaf.com.uti.AppInfoParser] (Thread-707) App info kafka.producer for Producer-topic-1ded7bcc_6bd9_442d_b585_d9b95fc8d40a unregistered
2025-08-06 19:00:16,668 INFO  [io.api.tes.uti.TestSeparator] (main) io.apicurio.tests.serdes.apicurio.AvroSerdeIT.testAvroSerDesFailDifferentSchemaByContent-FINISHED
2025-08-06 19:00:16,668 INFO  [io.api.tes.uti.TestSeparator] (main) ############################################################################
Test passed: testAvroSerDesFailDifferentSchemaByContent
]]></system-out>
    <system-err><![CDATA[java.lang.RuntimeException: Could not resolve artifact reference by content: {"type":"record","name":"s405bf1acx525ex4f2exa6a4x9dab4eec585d","namespace":"s768235d4xd9e4x4fd6x95bax1875fd46e9c9","fields":[{"name":"keyB","type":"string"}]}&ArtifactReference [groupId=s768235d4xd9e4x4fd6x95bax1875fd46e9c9, artifactId=s405bf1acx525ex4f2exa6a4x9dab4eec585d, version=null, globalId=null, contentId=null, contentHash=null]
	at io.apicurio.registry.resolver.DefaultSchemaResolver.lambda$handleResolveSchemaByContent$3(DefaultSchemaResolver.java:265)
	at io.apicurio.registry.resolver.cache.ERCache.lambda$getValue$0(ERCache.java:174)
	at io.apicurio.registry.resolver.cache.ERCache.retry(ERCache.java:227)
	at io.apicurio.registry.resolver.cache.ERCache.getValue(ERCache.java:173)
	at io.apicurio.registry.resolver.cache.ERCache.getByContent(ERCache.java:147)
	at io.apicurio.registry.resolver.DefaultSchemaResolver.handleResolveSchemaByContent(DefaultSchemaResolver.java:253)
	at io.apicurio.registry.resolver.DefaultSchemaResolver.getSchemaFromRegistry(DefaultSchemaResolver.java:138)
	at io.apicurio.registry.resolver.DefaultSchemaResolver.lambda$resolveSchema$0(DefaultSchemaResolver.java:84)
	at java.base/java.util.Optional.orElseGet(Optional.java:364)
	at io.apicurio.registry.resolver.DefaultSchemaResolver.resolveSchema(DefaultSchemaResolver.java:84)
	at io.apicurio.registry.serde.AbstractSerializer.serializeData(AbstractSerializer.java:62)
	at io.apicurio.registry.serde.KafkaSerializer.serialize(KafkaSerializer.java:77)
	at org.apache.kafka.clients.producer.KafkaProducer.doSend(KafkaProducer.java:1046)
	at org.apache.kafka.clients.producer.KafkaProducer.send(KafkaProducer.java:993)
	at org.apache.kafka.clients.producer.KafkaProducer.send(KafkaProducer.java:875)
	at io.apicurio.tests.serdes.apicurio.KafkaSerdesTester.lambda$produceMessages$3(KafkaSerdesTester.java:138)
	at java.base/java.util.concurrent.CompletableFuture$AsyncSupply.run(CompletableFuture.java:1768)
	at java.base/java.lang.Thread.run(Thread.java:840)
]]></system-err>
  </testcase>
  <testcase name="testGlobalIdInBody" classname="io.apicurio.tests.serdes.apicurio.AvroSerdeIT" time="3.831">
    <system-out><![CDATA[2025-08-06 19:00:16,672 INFO  [io.api.tes.uti.TestSeparator] (main) ############################################################################
2025-08-06 19:00:16,672 INFO  [io.api.tes.uti.TestSeparator] (main) io.apicurio.tests.serdes.apicurio.AvroSerdeIT.testGlobalIdInBody-STARTED
**** Registry Base URL: http://registry-app-ksql043.apps.ci419.apicurio-testing.org:80
2025-08-06 19:00:16,674 INFO  [org.apa.kaf.cli.pro.ProducerConfig] (main) ProducerConfig values: 
	acks = -1
	auto.include.jmx.reporter = true
	batch.size = 16384
	bootstrap.servers = [PLAINTEXT://localhost:32769]
	buffer.memory = 33554432
	client.dns.lookup = use_all_dns_ips
	client.id = Producer-topic-685282d5_7db9_40b7_aa3f_a9ff8022a477
	compression.gzip.level = -1
	compression.lz4.level = 9
	compression.type = none
	compression.zstd.level = 3
	connections.max.idle.ms = 10000
	delivery.timeout.ms = 120000
	enable.idempotence = true
	enable.metrics.push = true
	interceptor.classes = []
	key.serializer = class org.apache.kafka.common.serialization.StringSerializer
	linger.ms = 0
	max.block.ms = 60000
	max.in.flight.requests.per.connection = 5
	max.request.size = 1048576
	metadata.max.age.ms = 300000
	metadata.max.idle.ms = 300000
	metadata.recovery.strategy = none
	metric.reporters = []
	metrics.num.samples = 2
	metrics.recording.level = INFO
	metrics.sample.window.ms = 30000
	partitioner.adaptive.partitioning.enable = true
	partitioner.availability.timeout.ms = 0
	partitioner.class = null
	partitioner.ignore.keys = false
	receive.buffer.bytes = 32768
	reconnect.backoff.max.ms = 1000
	reconnect.backoff.ms = 50
	request.timeout.ms = 5000
	retries = 2147483647
	retry.backoff.max.ms = 1000
	retry.backoff.ms = 100
	sasl.client.callback.handler.class = null
	sasl.jaas.config = null
	sasl.kerberos.kinit.cmd = /usr/bin/kinit
	sasl.kerberos.min.time.before.relogin = 60000
	sasl.kerberos.service.name = null
	sasl.kerberos.ticket.renew.jitter = 0.05
	sasl.kerberos.ticket.renew.window.factor = 0.8
	sasl.login.callback.handler.class = null
	sasl.login.class = null
	sasl.login.connect.timeout.ms = null
	sasl.login.read.timeout.ms = null
	sasl.login.refresh.buffer.seconds = 300
	sasl.login.refresh.min.period.seconds = 60
	sasl.login.refresh.window.factor = 0.8
	sasl.login.refresh.window.jitter = 0.05
	sasl.login.retry.backoff.max.ms = 10000
	sasl.login.retry.backoff.ms = 100
	sasl.mechanism = GSSAPI
	sasl.oauthbearer.clock.skew.seconds = 30
	sasl.oauthbearer.expected.audience = null
	sasl.oauthbearer.expected.issuer = null
	sasl.oauthbearer.header.urlencode = false
	sasl.oauthbearer.jwks.endpoint.refresh.ms = 3600000
	sasl.oauthbearer.jwks.endpoint.retry.backoff.max.ms = 10000
	sasl.oauthbearer.jwks.endpoint.retry.backoff.ms = 100
	sasl.oauthbearer.jwks.endpoint.url = null
	sasl.oauthbearer.scope.claim.name = scope
	sasl.oauthbearer.sub.claim.name = sub
	sasl.oauthbearer.token.endpoint.url = null
	security.protocol = PLAINTEXT
	security.providers = null
	send.buffer.bytes = 131072
	socket.connection.setup.timeout.max.ms = 30000
	socket.connection.setup.timeout.ms = 10000
	ssl.cipher.suites = null
	ssl.enabled.protocols = [TLSv1.2, TLSv1.3]
	ssl.endpoint.identification.algorithm = https
	ssl.engine.factory.class = null
	ssl.key.password = null
	ssl.keymanager.algorithm = SunX509
	ssl.keystore.certificate.chain = null
	ssl.keystore.key = null
	ssl.keystore.location = null
	ssl.keystore.password = null
	ssl.keystore.type = JKS
	ssl.protocol = TLSv1.3
	ssl.provider = null
	ssl.secure.random.implementation = null
	ssl.trustmanager.algorithm = PKIX
	ssl.truststore.certificates = null
	ssl.truststore.location = null
	ssl.truststore.password = null
	ssl.truststore.type = JKS
	transaction.timeout.ms = 60000
	transactional.id = null
	value.serializer = class io.apicurio.registry.serde.avro.AvroKafkaSerializer

2025-08-06 19:00:16,675 INFO  [org.apa.kaf.com.tel.int.KafkaMetricsCollector] (main) initializing Kafka metrics collector
2025-08-06 19:00:16,684 INFO  [org.apa.kaf.cli.pro.KafkaProducer] (main) [Producer clientId=Producer-topic-685282d5_7db9_40b7_aa3f_a9ff8022a477] Instantiated an idempotent producer.
2025-08-06 19:00:16,687 INFO  [org.apa.kaf.cli.pro.ProducerConfig] (main) These configurations '[apicurio.registry.url, apicurio.registry.auto-register, apicurio.registry.use-id, apicurio.registry.artifact-resolver-strategy]' were supplied but are not used yet.
2025-08-06 19:00:16,687 INFO  [org.apa.kaf.com.uti.AppInfoParser] (main) Kafka version: 3.9.1
2025-08-06 19:00:16,687 INFO  [org.apa.kaf.com.uti.AppInfoParser] (main) Kafka commitId: f745dfdcee2b9851
2025-08-06 19:00:16,687 INFO  [org.apa.kaf.com.uti.AppInfoParser] (main) Kafka startTimeMs: 1754506816687
2025-08-06 19:00:16,687 INFO  [io.api.tes.ser.api.SimpleSerdesTesterBuilder$SimpleSerdesTester] (main) Using producer configuration: {apicurio.registry.url=http://registry-app-ksql043.apps.ci419.apicurio-testing.org:80/apis/registry/v3, apicurio.registry.auto-register=true, apicurio.registry.use-id=globalId, apicurio.registry.artifact-resolver-strategy=io.apicurio.registry.serde.strategy.TopicIdStrategy, value.serializer=io.apicurio.registry.serde.avro.AvroKafkaSerializer, request.timeout.ms=5000, acks=all, bootstrap.servers=PLAINTEXT://localhost:32769, connections.max.idle.ms=10000, key.serializer=org.apache.kafka.common.serialization.StringSerializer, client.id=Producer-topic-685282d5_7db9_40b7_aa3f_a9ff8022a477}
2025-08-06 19:00:16,687 INFO  [io.api.tes.ser.api.SimpleSerdesTesterBuilder$SimpleSerdesTester] (main) Using consumer configuration: {apicurio.registry.use-id=globalId}
2025-08-06 19:00:16,689 INFO  [io.api.tes.ser.api.KafkaSerdesTester] (Thread-710) Sending message {"key11754506816672": "value-0"} to topic topic-685282d5_7db9_40b7_aa3f_a9ff8022a477
2025-08-06 19:00:16,698 WARN  [org.apa.kaf.cli.NetworkClient] (kafka-producer-network-thread | Producer-topic-685282d5_7db9_40b7_aa3f_a9ff8022a477) [Producer clientId=Producer-topic-685282d5_7db9_40b7_aa3f_a9ff8022a477] The metadata response from the cluster reported a recoverable issue with correlation id 1 : {topic-685282d5_7db9_40b7_aa3f_a9ff8022a477=UNKNOWN_TOPIC_OR_PARTITION}
2025-08-06 19:00:16,698 INFO  [org.apa.kaf.cli.Metadata] (kafka-producer-network-thread | Producer-topic-685282d5_7db9_40b7_aa3f_a9ff8022a477) [Producer clientId=Producer-topic-685282d5_7db9_40b7_aa3f_a9ff8022a477] Cluster ID: T8p0IQFNTYSHGQR6rr1wVQ
2025-08-06 19:00:16,702 INFO  [org.apa.kaf.cli.pro.int.TransactionManager] (kafka-producer-network-thread | Producer-topic-685282d5_7db9_40b7_aa3f_a9ff8022a477) [Producer clientId=Producer-topic-685282d5_7db9_40b7_aa3f_a9ff8022a477] ProducerId set to 20 with epoch 0
2025-08-06 19:00:16,883 INFO  [io.api.tes.ser.api.KafkaSerdesTester] (Thread-710) Sending message {"key11754506816672": "value-1"} to topic topic-685282d5_7db9_40b7_aa3f_a9ff8022a477
2025-08-06 19:00:16,885 INFO  [io.api.tes.ser.api.KafkaSerdesTester] (Thread-710) Sending message {"key11754506816672": "value-2"} to topic topic-685282d5_7db9_40b7_aa3f_a9ff8022a477
2025-08-06 19:00:16,887 INFO  [io.api.tes.ser.api.KafkaSerdesTester] (Thread-710) Sending message {"key11754506816672": "value-3"} to topic topic-685282d5_7db9_40b7_aa3f_a9ff8022a477
2025-08-06 19:00:16,889 INFO  [io.api.tes.ser.api.KafkaSerdesTester] (Thread-710) Sending message {"key11754506816672": "value-4"} to topic topic-685282d5_7db9_40b7_aa3f_a9ff8022a477
2025-08-06 19:00:16,891 INFO  [io.api.tes.ser.api.KafkaSerdesTester] (Thread-710) Sending message {"key11754506816672": "value-5"} to topic topic-685282d5_7db9_40b7_aa3f_a9ff8022a477
2025-08-06 19:00:16,893 INFO  [io.api.tes.ser.api.KafkaSerdesTester] (Thread-710) Sending message {"key11754506816672": "value-6"} to topic topic-685282d5_7db9_40b7_aa3f_a9ff8022a477
2025-08-06 19:00:16,897 INFO  [io.api.tes.ser.api.KafkaSerdesTester] (Thread-710) Sending message {"key11754506816672": "value-7"} to topic topic-685282d5_7db9_40b7_aa3f_a9ff8022a477
2025-08-06 19:00:16,905 INFO  [io.api.tes.ser.api.KafkaSerdesTester] (Thread-710) Sending message {"key11754506816672": "value-8"} to topic topic-685282d5_7db9_40b7_aa3f_a9ff8022a477
2025-08-06 19:00:16,909 INFO  [io.api.tes.ser.api.KafkaSerdesTester] (Thread-710) Sending message {"key11754506816672": "value-9"} to topic topic-685282d5_7db9_40b7_aa3f_a9ff8022a477
2025-08-06 19:00:16,911 INFO  [io.api.tes.ser.api.KafkaSerdesTester] (Thread-710) Produced 10 messages
2025-08-06 19:00:16,911 INFO  [org.apa.kaf.cli.pro.KafkaProducer] (Thread-710) [Producer clientId=Producer-topic-685282d5_7db9_40b7_aa3f_a9ff8022a477] Closing the Kafka producer with timeoutMillis = 9223372036854775807 ms.
2025-08-06 19:00:16,913 INFO  [org.apa.kaf.com.met.Metrics] (Thread-710) Metrics scheduler closed
2025-08-06 19:00:16,913 INFO  [org.apa.kaf.com.met.Metrics] (Thread-710) Closing reporter org.apache.kafka.common.metrics.JmxReporter
2025-08-06 19:00:16,913 INFO  [org.apa.kaf.com.met.Metrics] (Thread-710) Closing reporter org.apache.kafka.common.telemetry.internals.ClientTelemetryReporter
2025-08-06 19:00:16,913 INFO  [org.apa.kaf.com.met.Metrics] (Thread-710) Metrics reporters closed
2025-08-06 19:00:16,914 INFO  [org.apa.kaf.com.uti.AppInfoParser] (Thread-710) App info kafka.producer for Producer-topic-685282d5_7db9_40b7_aa3f_a9ff8022a477 unregistered
**** Registry Base URL: http://registry-app-ksql043.apps.ci419.apicurio-testing.org:80
2025-08-06 19:00:16,933 INFO  [org.apa.kaf.cli.con.ConsumerConfig] (main) ConsumerConfig values: 
	allow.auto.create.topics = true
	auto.commit.interval.ms = 500
	auto.include.jmx.reporter = true
	auto.offset.reset = earliest
	bootstrap.servers = [PLAINTEXT://localhost:32769]
	check.crcs = true
	client.dns.lookup = use_all_dns_ips
	client.id = consumer-Consumer-topic-685282d5_7db9_40b7_aa3f_a9ff8022a477-15
	client.rack = 
	connections.max.idle.ms = 10000
	default.api.timeout.ms = 60000
	enable.auto.commit = true
	enable.metrics.push = true
	exclude.internal.topics = true
	fetch.max.bytes = 52428800
	fetch.max.wait.ms = 500
	fetch.min.bytes = 1
	group.id = Consumer-topic-685282d5_7db9_40b7_aa3f_a9ff8022a477
	group.instance.id = null
	group.protocol = classic
	group.remote.assignor = null
	heartbeat.interval.ms = 3000
	interceptor.classes = []
	internal.leave.group.on.close = true
	internal.throw.on.fetch.stable.offset.unsupported = false
	isolation.level = read_uncommitted
	key.deserializer = class org.apache.kafka.common.serialization.StringDeserializer
	max.partition.fetch.bytes = 1048576
	max.poll.interval.ms = 300000
	max.poll.records = 500
	metadata.max.age.ms = 300000
	metadata.recovery.strategy = none
	metric.reporters = []
	metrics.num.samples = 2
	metrics.recording.level = INFO
	metrics.sample.window.ms = 30000
	partition.assignment.strategy = [class org.apache.kafka.clients.consumer.RangeAssignor, class org.apache.kafka.clients.consumer.CooperativeStickyAssignor]
	receive.buffer.bytes = 65536
	reconnect.backoff.max.ms = 1000
	reconnect.backoff.ms = 50
	request.timeout.ms = 5000
	retry.backoff.max.ms = 1000
	retry.backoff.ms = 100
	sasl.client.callback.handler.class = null
	sasl.jaas.config = null
	sasl.kerberos.kinit.cmd = /usr/bin/kinit
	sasl.kerberos.min.time.before.relogin = 60000
	sasl.kerberos.service.name = null
	sasl.kerberos.ticket.renew.jitter = 0.05
	sasl.kerberos.ticket.renew.window.factor = 0.8
	sasl.login.callback.handler.class = null
	sasl.login.class = null
	sasl.login.connect.timeout.ms = null
	sasl.login.read.timeout.ms = null
	sasl.login.refresh.buffer.seconds = 300
	sasl.login.refresh.min.period.seconds = 60
	sasl.login.refresh.window.factor = 0.8
	sasl.login.refresh.window.jitter = 0.05
	sasl.login.retry.backoff.max.ms = 10000
	sasl.login.retry.backoff.ms = 100
	sasl.mechanism = GSSAPI
	sasl.oauthbearer.clock.skew.seconds = 30
	sasl.oauthbearer.expected.audience = null
	sasl.oauthbearer.expected.issuer = null
	sasl.oauthbearer.header.urlencode = false
	sasl.oauthbearer.jwks.endpoint.refresh.ms = 3600000
	sasl.oauthbearer.jwks.endpoint.retry.backoff.max.ms = 10000
	sasl.oauthbearer.jwks.endpoint.retry.backoff.ms = 100
	sasl.oauthbearer.jwks.endpoint.url = null
	sasl.oauthbearer.scope.claim.name = scope
	sasl.oauthbearer.sub.claim.name = sub
	sasl.oauthbearer.token.endpoint.url = null
	security.protocol = PLAINTEXT
	security.providers = null
	send.buffer.bytes = 131072
	session.timeout.ms = 45000
	socket.connection.setup.timeout.max.ms = 30000
	socket.connection.setup.timeout.ms = 10000
	ssl.cipher.suites = null
	ssl.enabled.protocols = [TLSv1.2, TLSv1.3]
	ssl.endpoint.identification.algorithm = https
	ssl.engine.factory.class = null
	ssl.key.password = null
	ssl.keymanager.algorithm = SunX509
	ssl.keystore.certificate.chain = null
	ssl.keystore.key = null
	ssl.keystore.location = null
	ssl.keystore.password = null
	ssl.keystore.type = JKS
	ssl.protocol = TLSv1.3
	ssl.provider = null
	ssl.secure.random.implementation = null
	ssl.trustmanager.algorithm = PKIX
	ssl.truststore.certificates = null
	ssl.truststore.location = null
	ssl.truststore.password = null
	ssl.truststore.type = JKS
	value.deserializer = class io.apicurio.registry.serde.avro.AvroKafkaDeserializer

2025-08-06 19:00:16,934 INFO  [org.apa.kaf.com.tel.int.KafkaMetricsCollector] (main) initializing Kafka metrics collector
2025-08-06 19:00:16,939 INFO  [org.apa.kaf.cli.con.ConsumerConfig] (main) These configurations '[apicurio.registry.url, apicurio.registry.use-id]' were supplied but are not used yet.
2025-08-06 19:00:16,939 INFO  [org.apa.kaf.com.uti.AppInfoParser] (main) Kafka version: 3.9.1
2025-08-06 19:00:16,939 INFO  [org.apa.kaf.com.uti.AppInfoParser] (main) Kafka commitId: f745dfdcee2b9851
2025-08-06 19:00:16,939 INFO  [org.apa.kaf.com.uti.AppInfoParser] (main) Kafka startTimeMs: 1754506816939
2025-08-06 19:00:16,939 INFO  [org.apa.kaf.cli.con.int.ClassicKafkaConsumer] (Thread-713) [Consumer clientId=consumer-Consumer-topic-685282d5_7db9_40b7_aa3f_a9ff8022a477-15, groupId=Consumer-topic-685282d5_7db9_40b7_aa3f_a9ff8022a477] Subscribed to topic(s): topic-685282d5_7db9_40b7_aa3f_a9ff8022a477
2025-08-06 19:00:16,943 INFO  [org.apa.kaf.cli.Metadata] (Thread-713) [Consumer clientId=consumer-Consumer-topic-685282d5_7db9_40b7_aa3f_a9ff8022a477-15, groupId=Consumer-topic-685282d5_7db9_40b7_aa3f_a9ff8022a477] Cluster ID: T8p0IQFNTYSHGQR6rr1wVQ
2025-08-06 19:00:16,945 INFO  [org.apa.kaf.cli.con.int.ConsumerCoordinator] (Thread-713) [Consumer clientId=consumer-Consumer-topic-685282d5_7db9_40b7_aa3f_a9ff8022a477-15, groupId=Consumer-topic-685282d5_7db9_40b7_aa3f_a9ff8022a477] Discovered group coordinator localhost:32769 (id: 2147483647 rack: null)
2025-08-06 19:00:16,947 INFO  [org.apa.kaf.cli.con.int.ConsumerCoordinator] (Thread-713) [Consumer clientId=consumer-Consumer-topic-685282d5_7db9_40b7_aa3f_a9ff8022a477-15, groupId=Consumer-topic-685282d5_7db9_40b7_aa3f_a9ff8022a477] (Re-)joining group
2025-08-06 19:00:16,949 INFO  [org.apa.kaf.cli.con.int.ConsumerCoordinator] (Thread-713) [Consumer clientId=consumer-Consumer-topic-685282d5_7db9_40b7_aa3f_a9ff8022a477-15, groupId=Consumer-topic-685282d5_7db9_40b7_aa3f_a9ff8022a477] Request joining group due to: need to re-join with the given member-id: consumer-Consumer-topic-685282d5_7db9_40b7_aa3f_a9ff8022a477-15-cb007cd8-e53c-473b-9fe7-0a80a364de1a
2025-08-06 19:00:16,949 INFO  [org.apa.kaf.cli.con.int.ConsumerCoordinator] (Thread-713) [Consumer clientId=consumer-Consumer-topic-685282d5_7db9_40b7_aa3f_a9ff8022a477-15, groupId=Consumer-topic-685282d5_7db9_40b7_aa3f_a9ff8022a477] (Re-)joining group
2025-08-06 19:00:17,939 INFO  [io.api.tes.ser.api.KafkaSerdesTester] (Thread-713) None found
2025-08-06 19:00:18,940 INFO  [io.api.tes.ser.api.KafkaSerdesTester] (Thread-713) None found
2025-08-06 19:00:19,940 INFO  [io.api.tes.ser.api.KafkaSerdesTester] (Thread-713) None found
2025-08-06 19:00:19,951 INFO  [org.apa.kaf.cli.con.int.ConsumerCoordinator] (Thread-713) [Consumer clientId=consumer-Consumer-topic-685282d5_7db9_40b7_aa3f_a9ff8022a477-15, groupId=Consumer-topic-685282d5_7db9_40b7_aa3f_a9ff8022a477] Successfully joined group with generation Generation{generationId=1, memberId='consumer-Consumer-topic-685282d5_7db9_40b7_aa3f_a9ff8022a477-15-cb007cd8-e53c-473b-9fe7-0a80a364de1a', protocol='range'}
2025-08-06 19:00:19,951 INFO  [org.apa.kaf.cli.con.int.ConsumerCoordinator] (Thread-713) [Consumer clientId=consumer-Consumer-topic-685282d5_7db9_40b7_aa3f_a9ff8022a477-15, groupId=Consumer-topic-685282d5_7db9_40b7_aa3f_a9ff8022a477] Finished assignment for group at generation 1: {consumer-Consumer-topic-685282d5_7db9_40b7_aa3f_a9ff8022a477-15-cb007cd8-e53c-473b-9fe7-0a80a364de1a=Assignment(partitions=[topic-685282d5_7db9_40b7_aa3f_a9ff8022a477-0])}
2025-08-06 19:00:19,958 INFO  [org.apa.kaf.cli.con.int.ConsumerCoordinator] (Thread-713) [Consumer clientId=consumer-Consumer-topic-685282d5_7db9_40b7_aa3f_a9ff8022a477-15, groupId=Consumer-topic-685282d5_7db9_40b7_aa3f_a9ff8022a477] Successfully synced group in generation Generation{generationId=1, memberId='consumer-Consumer-topic-685282d5_7db9_40b7_aa3f_a9ff8022a477-15-cb007cd8-e53c-473b-9fe7-0a80a364de1a', protocol='range'}
2025-08-06 19:00:19,958 INFO  [org.apa.kaf.cli.con.int.ConsumerCoordinator] (Thread-713) [Consumer clientId=consumer-Consumer-topic-685282d5_7db9_40b7_aa3f_a9ff8022a477-15, groupId=Consumer-topic-685282d5_7db9_40b7_aa3f_a9ff8022a477] Notifying assignor about the new Assignment(partitions=[topic-685282d5_7db9_40b7_aa3f_a9ff8022a477-0])
2025-08-06 19:00:19,959 INFO  [org.apa.kaf.cli.con.int.ConsumerRebalanceListenerInvoker] (Thread-713) [Consumer clientId=consumer-Consumer-topic-685282d5_7db9_40b7_aa3f_a9ff8022a477-15, groupId=Consumer-topic-685282d5_7db9_40b7_aa3f_a9ff8022a477] Adding newly assigned partitions: topic-685282d5_7db9_40b7_aa3f_a9ff8022a477-0
2025-08-06 19:00:19,960 INFO  [org.apa.kaf.cli.con.int.ConsumerCoordinator] (Thread-713) [Consumer clientId=consumer-Consumer-topic-685282d5_7db9_40b7_aa3f_a9ff8022a477-15, groupId=Consumer-topic-685282d5_7db9_40b7_aa3f_a9ff8022a477] Found no committed offset for partition topic-685282d5_7db9_40b7_aa3f_a9ff8022a477-0
2025-08-06 19:00:19,964 INFO  [org.apa.kaf.cli.con.int.SubscriptionState] (Thread-713) [Consumer clientId=consumer-Consumer-topic-685282d5_7db9_40b7_aa3f_a9ff8022a477-15, groupId=Consumer-topic-685282d5_7db9_40b7_aa3f_a9ff8022a477] Resetting offset for partition topic-685282d5_7db9_40b7_aa3f_a9ff8022a477-0 to position FetchPosition{offset=0, offsetEpoch=Optional.empty, currentLeader=LeaderAndEpoch{leader=Optional[localhost:32769 (id: 0 rack: null)], epoch=0}}.
2025-08-06 19:00:19,990 INFO  [io.api.tes.ser.api.KafkaSerdesTester] (Thread-713) topic-685282d5_7db9_40b7_aa3f_a9ff8022a477 0 0 {"key11754506816672": "value-0"}
2025-08-06 19:00:19,990 INFO  [io.api.tes.ser.api.KafkaSerdesTester] (Thread-713) topic-685282d5_7db9_40b7_aa3f_a9ff8022a477 0 1 {"key11754506816672": "value-1"}
2025-08-06 19:00:19,990 INFO  [io.api.tes.ser.api.KafkaSerdesTester] (Thread-713) topic-685282d5_7db9_40b7_aa3f_a9ff8022a477 0 2 {"key11754506816672": "value-2"}
2025-08-06 19:00:19,990 INFO  [io.api.tes.ser.api.KafkaSerdesTester] (Thread-713) topic-685282d5_7db9_40b7_aa3f_a9ff8022a477 0 3 {"key11754506816672": "value-3"}
2025-08-06 19:00:19,990 INFO  [io.api.tes.ser.api.KafkaSerdesTester] (Thread-713) topic-685282d5_7db9_40b7_aa3f_a9ff8022a477 0 4 {"key11754506816672": "value-4"}
2025-08-06 19:00:19,990 INFO  [io.api.tes.ser.api.KafkaSerdesTester] (Thread-713) topic-685282d5_7db9_40b7_aa3f_a9ff8022a477 0 5 {"key11754506816672": "value-5"}
2025-08-06 19:00:19,990 INFO  [io.api.tes.ser.api.KafkaSerdesTester] (Thread-713) topic-685282d5_7db9_40b7_aa3f_a9ff8022a477 0 6 {"key11754506816672": "value-6"}
2025-08-06 19:00:19,990 INFO  [io.api.tes.ser.api.KafkaSerdesTester] (Thread-713) topic-685282d5_7db9_40b7_aa3f_a9ff8022a477 0 7 {"key11754506816672": "value-7"}
2025-08-06 19:00:19,991 INFO  [io.api.tes.ser.api.KafkaSerdesTester] (Thread-713) topic-685282d5_7db9_40b7_aa3f_a9ff8022a477 0 8 {"key11754506816672": "value-8"}
2025-08-06 19:00:19,991 INFO  [io.api.tes.ser.api.KafkaSerdesTester] (Thread-713) topic-685282d5_7db9_40b7_aa3f_a9ff8022a477 0 9 {"key11754506816672": "value-9"}
2025-08-06 19:00:19,991 INFO  [io.api.tes.ser.api.KafkaSerdesTester] (Thread-713) Consumed 10 messages
2025-08-06 19:00:19,999 INFO  [org.apa.kaf.cli.con.int.ConsumerRebalanceListenerInvoker] (Thread-713) [Consumer clientId=consumer-Consumer-topic-685282d5_7db9_40b7_aa3f_a9ff8022a477-15, groupId=Consumer-topic-685282d5_7db9_40b7_aa3f_a9ff8022a477] Revoke previously assigned partitions topic-685282d5_7db9_40b7_aa3f_a9ff8022a477-0
2025-08-06 19:00:19,999 INFO  [org.apa.kaf.cli.con.int.ConsumerCoordinator] (Thread-713) [Consumer clientId=consumer-Consumer-topic-685282d5_7db9_40b7_aa3f_a9ff8022a477-15, groupId=Consumer-topic-685282d5_7db9_40b7_aa3f_a9ff8022a477] Member consumer-Consumer-topic-685282d5_7db9_40b7_aa3f_a9ff8022a477-15-cb007cd8-e53c-473b-9fe7-0a80a364de1a sending LeaveGroup request to coordinator localhost:32769 (id: 2147483647 rack: null) due to the consumer is being closed
2025-08-06 19:00:19,999 INFO  [org.apa.kaf.cli.con.int.ConsumerCoordinator] (Thread-713) [Consumer clientId=consumer-Consumer-topic-685282d5_7db9_40b7_aa3f_a9ff8022a477-15, groupId=Consumer-topic-685282d5_7db9_40b7_aa3f_a9ff8022a477] Resetting generation and member id due to: consumer pro-actively leaving the group
2025-08-06 19:00:19,999 INFO  [org.apa.kaf.cli.con.int.ConsumerCoordinator] (Thread-713) [Consumer clientId=consumer-Consumer-topic-685282d5_7db9_40b7_aa3f_a9ff8022a477-15, groupId=Consumer-topic-685282d5_7db9_40b7_aa3f_a9ff8022a477] Request joining group due to: consumer pro-actively leaving the group
2025-08-06 19:00:20,494 INFO  [org.apa.kaf.com.met.Metrics] (Thread-713) Metrics scheduler closed
2025-08-06 19:00:20,494 INFO  [org.apa.kaf.com.met.Metrics] (Thread-713) Closing reporter org.apache.kafka.common.metrics.JmxReporter
2025-08-06 19:00:20,494 INFO  [org.apa.kaf.com.met.Metrics] (Thread-713) Closing reporter org.apache.kafka.common.telemetry.internals.ClientTelemetryReporter
2025-08-06 19:00:20,494 INFO  [org.apa.kaf.com.met.Metrics] (Thread-713) Metrics reporters closed
2025-08-06 19:00:20,497 INFO  [org.apa.kaf.com.uti.AppInfoParser] (Thread-713) App info kafka.consumer for consumer-Consumer-topic-685282d5_7db9_40b7_aa3f_a9ff8022a477-15 unregistered
2025-08-06 19:00:20,500 INFO  [io.api.tes.uti.TestSeparator] (main) io.apicurio.tests.serdes.apicurio.AvroSerdeIT.testGlobalIdInBody-FINISHED
2025-08-06 19:00:20,500 INFO  [io.api.tes.uti.TestSeparator] (main) ############################################################################
Test passed: testGlobalIdInBody
]]></system-out>
  </testcase>
  <testcase name="testProducerUsesGlobalIdConsumerUsesDefault" classname="io.apicurio.tests.serdes.apicurio.AvroSerdeIT" time="0.0">
    <skipped message="void io.apicurio.tests.serdes.apicurio.AvroSerdeIT.testProducerUsesGlobalIdConsumerUsesDefault() throws java.lang.Exception is @Disabled"/>
  </testcase>
</testsuite>