<?xml version="1.0" encoding="UTF-8"?>
<testsuite xmlns:xsi="http://www.w3.org/2001/XMLSchema-instance" xsi:noNamespaceSchemaLocation="https://maven.apache.org/surefire/maven-failsafe-plugin/xsd/failsafe-test-report.xsd" version="3.0.2" name="io.apicurio.tests.serdes.apicurio.ProtobufSerdeIT" time="58.357" tests="17" errors="0" skipped="0" failures="0">
  <properties>
    <property name="java.specification.version" value="17"/>
    <property name="sun.jnu.encoding" value="UTF-8"/>
    <property name="java.class.path" value="/home/runner/work/apicurio-testing/apicurio-testing/clusters/ci419/namespaces/ksql043/tests/integration/apicurio-registry/integration-tests/target/test-classes:/home/runner/work/apicurio-testing/apicurio-testing/clusters/ci419/namespaces/ksql043/tests/integration/apicurio-registry/integration-tests/target/apicurio-registry-integration-tests-3.0.12-SNAPSHOT.jar:/home/runner/.m2/repository/io/quarkus/quarkus-junit5/3.20.2/quarkus-junit5-3.20.2.jar:/home/runner/.m2/repository/io/quarkus/quarkus-bootstrap-core/3.20.2/quarkus-bootstrap-core-3.20.2.jar:/home/runner/.m2/repository/io/quarkus/quarkus-classloader-commons/3.20.2/quarkus-classloader-commons-3.20.2.jar:/home/runner/.m2/repository/io/quarkus/quarkus-bootstrap-app-model/3.20.2/quarkus-bootstrap-app-model-3.20.2.jar:/home/runner/.m2/repository/io/smallrye/common/smallrye-common-io/2.12.0/smallrye-common-io-2.12.0.jar:/home/runner/.m2/repository/org/eclipse/sisu/org.eclipse.sisu.inject/0.9.0.M3/org.eclipse.sisu.inject-0.9.0.M3.jar:/home/runner/.m2/repository/io/quarkus/quarkus-test-common/3.20.2/quarkus-test-common-3.20.2.jar:/home/runner/.m2/repository/io/quarkus/quarkus-core-deployment/3.20.2/quarkus-core-deployment-3.20.2.jar:/home/runner/.m2/repository/org/aesh/readline/2.6/readline-2.6.jar:/home/runner/.m2/repository/org/fusesource/jansi/jansi/2.4.0/jansi-2.4.0.jar:/home/runner/.m2/repository/org/aesh/aesh/2.8.2/aesh-2.8.2.jar:/home/runner/.m2/repository/io/quarkus/gizmo/gizmo/1.8.0/gizmo-1.8.0.jar:/home/runner/.m2/repository/org/ow2/asm/asm-util/9.7.1/asm-util-9.7.1.jar:/home/runner/.m2/repository/org/ow2/asm/asm-analysis/9.7.1/asm-analysis-9.7.1.jar:/home/runner/.m2/repository/org/ow2/asm/asm-commons/9.7.1/asm-commons-9.7.1.jar:/home/runner/.m2/repository/org/ow2/asm/asm-tree/9.7.1/asm-tree-9.7.1.jar:/home/runner/.m2/repository/io/quarkus/quarkus-hibernate-validator-spi/3.20.2/quarkus-hibernate-validator-spi-3.20.2.jar:/home/runner/.m2/repository/io/quarkus/quarkus-class-change-agent/3.20.2/quarkus-class-change-agent-3.20.2.jar:/home/runner/.m2/repository/io/quarkus/quarkus-devtools-utilities/3.20.2/quarkus-devtools-utilities-3.20.2.jar:/home/runner/.m2/repository/io/quarkus/quarkus-builder/3.20.2/quarkus-builder-3.20.2.jar:/home/runner/.m2/repository/org/graalvm/sdk/nativeimage/23.1.2/nativeimage-23.1.2.jar:/home/runner/.m2/repository/org/graalvm/sdk/word/23.1.2/word-23.1.2.jar:/home/runner/.m2/repository/io/quarkus/quarkus-bootstrap-maven-resolver/3.20.2/quarkus-bootstrap-maven-resolver-3.20.2.jar:/home/runner/.m2/repository/io/smallrye/beanbag/smallrye-beanbag-maven/1.5.2/smallrye-beanbag-maven-1.5.2.jar:/home/runner/.m2/repository/io/smallrye/beanbag/smallrye-beanbag-sisu/1.5.2/smallrye-beanbag-sisu-1.5.2.jar:/home/runner/.m2/repository/io/smallrye/beanbag/smallrye-beanbag/1.5.2/smallrye-beanbag-1.5.2.jar:/home/runner/.m2/repository/javax/inject/javax.inject/1/javax.inject-1.jar:/home/runner/.m2/repository/org/apache/maven/maven-artifact/3.9.9/maven-artifact-3.9.9.jar:/home/runner/.m2/repository/org/apache/maven/maven-builder-support/3.9.9/maven-builder-support-3.9.9.jar:/home/runner/.m2/repository/org/apache/maven/maven-model/3.9.9/maven-model-3.9.9.jar:/home/runner/.m2/repository/org/apache/maven/maven-model-builder/3.9.9/maven-model-builder-3.9.9.jar:/home/runner/.m2/repository/org/apache/maven/maven-repository-metadata/3.9.9/maven-repository-metadata-3.9.9.jar:/home/runner/.m2/repository/org/apache/maven/maven-settings/3.9.9/maven-settings-3.9.9.jar:/home/runner/.m2/repository/org/apache/maven/resolver/maven-resolver-api/1.9.22/maven-resolver-api-1.9.22.jar:/home/runner/.m2/repository/org/apache/maven/resolver/maven-resolver-impl/1.9.22/maven-resolver-impl-1.9.22.jar:/home/runner/.m2/repository/org/apache/maven/resolver/maven-resolver-named-locks/1.9.22/maven-resolver-named-locks-1.9.22.jar:/home/runner/.m2/repository/org/apache/maven/resolver/maven-resolver-spi/1.9.22/maven-resolver-spi-1.9.22.jar:/home/runner/.m2/repository/org/apache/maven/resolver/maven-resolver-util/1.9.22/maven-resolver-util-1.9.22.jar:/home/runner/.m2/repository/org/apache/maven/resolver/maven-resolver-transport-http/1.9.20/maven-resolver-transport-http-1.9.20.jar:/home/runner/.m2/repository/org/apache/maven/wagon/wagon-provider-api/3.5.3/wagon-provider-api-3.5.3.jar:/home/runner/.m2/repository/org/apache/maven/wagon/wagon-http-shared/3.5.3/wagon-http-shared-3.5.3.jar:/home/runner/.m2/repository/org/codehaus/plexus/plexus-interpolation/1.26/plexus-interpolation-1.26.jar:/home/runner/.m2/repository/org/codehaus/plexus/plexus-utils/3.5.1/plexus-utils-3.5.1.jar:/home/runner/.m2/repository/org/codehaus/plexus/plexus-xml/4.0.1/plexus-xml-4.0.1.jar:/home/runner/.m2/repository/org/apache/maven/maven-xml-impl/4.0.0-alpha-5/maven-xml-impl-4.0.0-alpha-5.jar:/home/runner/.m2/repository/org/apache/maven/maven-api-xml/4.0.0-alpha-5/maven-api-xml-4.0.0-alpha-5.jar:/home/runner/.m2/repository/org/apache/maven/maven-api-meta/4.0.0-alpha-5/maven-api-meta-4.0.0-alpha-5.jar:/home/runner/.m2/repository/org/codehaus/plexus/plexus-cipher/2.0/plexus-cipher-2.0.jar:/home/runner/.m2/repository/org/codehaus/plexus/plexus-sec-dispatcher/2.0/plexus-sec-dispatcher-2.0.jar:/home/runner/.m2/repository/org/apache/maven/maven-embedder/3.9.9/maven-embedder-3.9.9.jar:/home/runner/.m2/repository/org/apache/maven/maven-core/3.9.9/maven-core-3.9.9.jar:/home/runner/.m2/repository/org/codehaus/plexus/plexus-component-annotations/2.1.0/plexus-component-annotations-2.1.0.jar:/home/runner/.m2/repository/org/apache/maven/maven-plugin-api/3.9.9/maven-plugin-api-3.9.9.jar:/home/runner/.m2/repository/org/apache/maven/shared/maven-shared-utils/3.4.2/maven-shared-utils-3.4.2.jar:/home/runner/.m2/repository/com/google/inject/guice/5.1.0/guice-5.1.0.jar:/home/runner/.m2/repository/aopalliance/aopalliance/1.0/aopalliance-1.0.jar:/home/runner/.m2/repository/org/codehaus/plexus/plexus-classworlds/2.6.0/plexus-classworlds-2.6.0.jar:/home/runner/.m2/repository/commons-cli/commons-cli/1.8.0/commons-cli-1.8.0.jar:/home/runner/.m2/repository/org/eclipse/sisu/org.eclipse.sisu.plexus/0.9.0.M3/org.eclipse.sisu.plexus-0.9.0.M3.jar:/home/runner/.m2/repository/org/apache/maven/maven-settings-builder/3.9.9/maven-settings-builder-3.9.9.jar:/home/runner/.m2/repository/org/apache/maven/maven-resolver-provider/3.9.9/maven-resolver-provider-3.9.9.jar:/home/runner/.m2/repository/org/apache/maven/resolver/maven-resolver-connector-basic/1.9.22/maven-resolver-connector-basic-1.9.22.jar:/home/runner/.m2/repository/org/apache/maven/resolver/maven-resolver-transport-wagon/1.9.22/maven-resolver-transport-wagon-1.9.22.jar:/home/runner/.m2/repository/org/apache/maven/wagon/wagon-http/3.5.3/wagon-http-3.5.3.jar:/home/runner/.m2/repository/org/apache/maven/wagon/wagon-file/3.5.3/wagon-file-3.5.3.jar:/home/runner/.m2/repository/io/quarkus/quarkus-bootstrap-gradle-resolver/3.20.2/quarkus-bootstrap-gradle-resolver-3.20.2.jar:/home/runner/.m2/repository/io/smallrye/jandex/3.3.0/jandex-3.3.0.jar:/home/runner/.m2/repository/org/jboss/logging/commons-logging-jboss-logging/1.0.0.Final/commons-logging-jboss-logging-1.0.0.Final.jar:/home/runner/.m2/repository/io/quarkus/quarkus-junit5-config/3.20.2/quarkus-junit5-config-3.20.2.jar:/home/runner/.m2/repository/org/junit/jupiter/junit-jupiter-api/5.12.1/junit-jupiter-api-5.12.1.jar:/home/runner/.m2/repository/io/smallrye/config/smallrye-config/3.11.4/smallrye-config-3.11.4.jar:/home/runner/.m2/repository/io/smallrye/config/smallrye-config-core/3.11.4/smallrye-config-core-3.11.4.jar:/home/runner/.m2/repository/io/smallrye/common/smallrye-common-classloader/2.12.0/smallrye-common-classloader-2.12.0.jar:/home/runner/.m2/repository/io/smallrye/config/smallrye-config-common/3.11.4/smallrye-config-common-3.11.4.jar:/home/runner/.m2/repository/org/junit/jupiter/junit-jupiter/5.12.1/junit-jupiter-5.12.1.jar:/home/runner/.m2/repository/org/junit/jupiter/junit-jupiter-params/5.12.1/junit-jupiter-params-5.12.1.jar:/home/runner/.m2/repository/org/junit/jupiter/junit-jupiter-engine/5.12.1/junit-jupiter-engine-5.12.1.jar:/home/runner/.m2/repository/io/quarkus/quarkus-core/3.20.2/quarkus-core-3.20.2.jar:/home/runner/.m2/repository/jakarta/enterprise/jakarta.enterprise.cdi-api/4.1.0/jakarta.enterprise.cdi-api-4.1.0.jar:/home/runner/.m2/repository/jakarta/enterprise/jakarta.enterprise.lang-model/4.1.0/jakarta.enterprise.lang-model-4.1.0.jar:/home/runner/.m2/repository/jakarta/el/jakarta.el-api/5.0.1/jakarta.el-api-5.0.1.jar:/home/runner/.m2/repository/jakarta/interceptor/jakarta.interceptor-api/2.2.0/jakarta.interceptor-api-2.2.0.jar:/home/runner/.m2/repository/jakarta/inject/jakarta.inject-api/2.0.1/jakarta.inject-api-2.0.1.jar:/home/runner/.m2/repository/io/smallrye/common/smallrye-common-os/2.12.0/smallrye-common-os-2.12.0.jar:/home/runner/.m2/repository/io/quarkus/quarkus-ide-launcher/3.20.2/quarkus-ide-launcher-3.20.2.jar:/home/runner/.m2/repository/io/quarkus/quarkus-development-mode-spi/3.20.2/quarkus-development-mode-spi-3.20.2.jar:/home/runner/.m2/repository/org/jboss/logging/jboss-logging/3.6.1.Final/jboss-logging-3.6.1.Final.jar:/home/runner/.m2/repository/org/jboss/logmanager/jboss-logmanager/3.1.2.Final/jboss-logmanager-3.1.2.Final.jar:/home/runner/.m2/repository/io/smallrye/common/smallrye-common-constraint/2.12.0/smallrye-common-constraint-2.12.0.jar:/home/runner/.m2/repository/io/smallrye/common/smallrye-common-cpu/2.12.0/smallrye-common-cpu-2.12.0.jar:/home/runner/.m2/repository/io/smallrye/common/smallrye-common-expression/2.12.0/smallrye-common-expression-2.12.0.jar:/home/runner/.m2/repository/io/smallrye/common/smallrye-common-net/2.12.0/smallrye-common-net-2.12.0.jar:/home/runner/.m2/repository/io/smallrye/common/smallrye-common-ref/2.12.0/smallrye-common-ref-2.12.0.jar:/home/runner/.m2/repository/jakarta/json/jakarta.json-api/2.1.3/jakarta.json-api-2.1.3.jar:/home/runner/.m2/repository/org/eclipse/parsson/parsson/1.1.7/parsson-1.1.7.jar:/home/runner/.m2/repository/org/jboss/logging/jboss-logging-annotations/3.0.4.Final/jboss-logging-annotations-3.0.4.Final.jar:/home/runner/.m2/repository/org/jboss/threads/jboss-threads/3.8.0.Final/jboss-threads-3.8.0.Final.jar:/home/runner/.m2/repository/io/smallrye/common/smallrye-common-annotation/2.12.0/smallrye-common-annotation-2.12.0.jar:/home/runner/.m2/repository/io/smallrye/common/smallrye-common-function/2.12.0/smallrye-common-function-2.12.0.jar:/home/runner/.m2/repository/org/jboss/slf4j/slf4j-jboss-logmanager/2.0.0.Final/slf4j-jboss-logmanager-2.0.0.Final.jar:/home/runner/.m2/repository/org/wildfly/common/wildfly-common/2.0.1/wildfly-common-2.0.1.jar:/home/runner/.m2/repository/io/quarkus/quarkus-bootstrap-runner/3.20.2/quarkus-bootstrap-runner-3.20.2.jar:/home/runner/.m2/repository/io/github/crac/org-crac/0.1.3/org-crac-0.1.3.jar:/home/runner/.m2/repository/io/quarkus/quarkus-fs-util/0.0.10/quarkus-fs-util-0.0.10.jar:/home/runner/.m2/repository/org/jboss/marshalling/jboss-marshalling/2.2.2.Final/jboss-marshalling-2.2.2.Final.jar:/home/runner/.m2/repository/io/fabric8/kubernetes-client/7.1.0/kubernetes-client-7.1.0.jar:/home/runner/.m2/repository/io/fabric8/kubernetes-client-api/7.1.0/kubernetes-client-api-7.1.0.jar:/home/runner/.m2/repository/io/fabric8/kubernetes-model-core/7.1.0/kubernetes-model-core-7.1.0.jar:/home/runner/.m2/repository/io/fabric8/kubernetes-model-common/7.1.0/kubernetes-model-common-7.1.0.jar:/home/runner/.m2/repository/javax/annotation/javax.annotation-api/1.3.2/javax.annotation-api-1.3.2.jar:/home/runner/.m2/repository/io/fabric8/kubernetes-model-gatewayapi/7.1.0/kubernetes-model-gatewayapi-7.1.0.jar:/home/runner/.m2/repository/io/fabric8/kubernetes-model-resource/7.1.0/kubernetes-model-resource-7.1.0.jar:/home/runner/.m2/repository/io/fabric8/kubernetes-model-rbac/7.1.0/kubernetes-model-rbac-7.1.0.jar:/home/runner/.m2/repository/io/fabric8/kubernetes-model-admissionregistration/7.1.0/kubernetes-model-admissionregistration-7.1.0.jar:/home/runner/.m2/repository/io/fabric8/kubernetes-model-apps/7.1.0/kubernetes-model-apps-7.1.0.jar:/home/runner/.m2/repository/io/fabric8/kubernetes-model-autoscaling/7.1.0/kubernetes-model-autoscaling-7.1.0.jar:/home/runner/.m2/repository/io/fabric8/kubernetes-model-apiextensions/7.1.0/kubernetes-model-apiextensions-7.1.0.jar:/home/runner/.m2/repository/io/fabric8/kubernetes-model-batch/7.1.0/kubernetes-model-batch-7.1.0.jar:/home/runner/.m2/repository/io/fabric8/kubernetes-model-certificates/7.1.0/kubernetes-model-certificates-7.1.0.jar:/home/runner/.m2/repository/io/fabric8/kubernetes-model-coordination/7.1.0/kubernetes-model-coordination-7.1.0.jar:/home/runner/.m2/repository/io/fabric8/kubernetes-model-discovery/7.1.0/kubernetes-model-discovery-7.1.0.jar:/home/runner/.m2/repository/io/fabric8/kubernetes-model-events/7.1.0/kubernetes-model-events-7.1.0.jar:/home/runner/.m2/repository/io/fabric8/kubernetes-model-extensions/7.1.0/kubernetes-model-extensions-7.1.0.jar:/home/runner/.m2/repository/io/fabric8/kubernetes-model-flowcontrol/7.1.0/kubernetes-model-flowcontrol-7.1.0.jar:/home/runner/.m2/repository/io/fabric8/kubernetes-model-networking/7.1.0/kubernetes-model-networking-7.1.0.jar:/home/runner/.m2/repository/io/fabric8/kubernetes-model-metrics/7.1.0/kubernetes-model-metrics-7.1.0.jar:/home/runner/.m2/repository/io/fabric8/kubernetes-model-policy/7.1.0/kubernetes-model-policy-7.1.0.jar:/home/runner/.m2/repository/io/fabric8/kubernetes-model-scheduling/7.1.0/kubernetes-model-scheduling-7.1.0.jar:/home/runner/.m2/repository/io/fabric8/kubernetes-model-storageclass/7.1.0/kubernetes-model-storageclass-7.1.0.jar:/home/runner/.m2/repository/io/fabric8/kubernetes-model-node/7.1.0/kubernetes-model-node-7.1.0.jar:/home/runner/.m2/repository/org/snakeyaml/snakeyaml-engine/2.9/snakeyaml-engine-2.9.jar:/home/runner/.m2/repository/com/fasterxml/jackson/dataformat/jackson-dataformat-yaml/2.18.2/jackson-dataformat-yaml-2.18.2.jar:/home/runner/.m2/repository/com/fasterxml/jackson/datatype/jackson-datatype-jsr310/2.18.2/jackson-datatype-jsr310-2.18.2.jar:/home/runner/.m2/repository/io/fabric8/zjsonpatch/7.1.0/zjsonpatch-7.1.0.jar:/home/runner/.m2/repository/io/fabric8/kubernetes-httpclient-vertx/7.1.0/kubernetes-httpclient-vertx-7.1.0.jar:/home/runner/.m2/repository/io/vertx/vertx-web-client/4.5.16/vertx-web-client-4.5.16.jar:/home/runner/.m2/repository/io/vertx/vertx-web-common/4.5.16/vertx-web-common-4.5.16.jar:/home/runner/.m2/repository/io/vertx/vertx-auth-common/4.5.16/vertx-auth-common-4.5.16.jar:/home/runner/.m2/repository/io/vertx/vertx-uri-template/4.5.16/vertx-uri-template-4.5.16.jar:/home/runner/.m2/repository/io/fabric8/openshift-client/7.1.0/openshift-client-7.1.0.jar:/home/runner/.m2/repository/io/fabric8/openshift-client-api/7.1.0/openshift-client-api-7.1.0.jar:/home/runner/.m2/repository/io/fabric8/openshift-model/7.1.0/openshift-model-7.1.0.jar:/home/runner/.m2/repository/io/fabric8/openshift-model-autoscaling/7.1.0/openshift-model-autoscaling-7.1.0.jar:/home/runner/.m2/repository/io/fabric8/openshift-model-operator/7.1.0/openshift-model-operator-7.1.0.jar:/home/runner/.m2/repository/io/fabric8/openshift-model-operatorhub/7.1.0/openshift-model-operatorhub-7.1.0.jar:/home/runner/.m2/repository/io/fabric8/openshift-model-machine/7.1.0/openshift-model-machine-7.1.0.jar:/home/runner/.m2/repository/io/fabric8/openshift-model-whereabouts/7.1.0/openshift-model-whereabouts-7.1.0.jar:/home/runner/.m2/repository/io/fabric8/openshift-model-monitoring/7.1.0/openshift-model-monitoring-7.1.0.jar:/home/runner/.m2/repository/io/fabric8/openshift-model-storageversionmigrator/7.1.0/openshift-model-storageversionmigrator-7.1.0.jar:/home/runner/.m2/repository/io/fabric8/openshift-model-tuned/7.1.0/openshift-model-tuned-7.1.0.jar:/home/runner/.m2/repository/io/fabric8/openshift-model-console/7.1.0/openshift-model-console-7.1.0.jar:/home/runner/.m2/repository/io/fabric8/openshift-model-config/7.1.0/openshift-model-config-7.1.0.jar:/home/runner/.m2/repository/io/fabric8/openshift-model-machineconfiguration/7.1.0/openshift-model-machineconfiguration-7.1.0.jar:/home/runner/.m2/repository/io/fabric8/openshift-model-miscellaneous/7.1.0/openshift-model-miscellaneous-7.1.0.jar:/home/runner/.m2/repository/io/fabric8/openshift-model-hive/7.1.0/openshift-model-hive-7.1.0.jar:/home/runner/.m2/repository/io/fabric8/openshift-model-installer/7.1.0/openshift-model-installer-7.1.0.jar:/home/runner/.m2/repository/org/junit/platform/junit-platform-launcher/1.12.1/junit-platform-launcher-1.12.1.jar:/home/runner/.m2/repository/org/junit/platform/junit-platform-engine/1.12.1/junit-platform-engine-1.12.1.jar:/home/runner/.m2/repository/org/opentest4j/opentest4j/1.3.0/opentest4j-1.3.0.jar:/home/runner/.m2/repository/org/junit/platform/junit-platform-commons/1.12.1/junit-platform-commons-1.12.1.jar:/home/runner/.m2/repository/org/apiguardian/apiguardian-api/1.1.2/apiguardian-api-1.1.2.jar:/home/runner/.m2/repository/jakarta/ws/rs/jakarta.ws.rs-api/3.1.0/jakarta.ws.rs-api-3.1.0.jar:/home/runner/work/apicurio-testing/apicurio-testing/clusters/ci419/namespaces/ksql043/tests/integration/apicurio-registry/java-sdk/target/apicurio-registry-java-sdk-3.0.12-SNAPSHOT.jar:/home/runner/.m2/repository/com/microsoft/kiota/microsoft-kiota-abstractions/1.8.8/microsoft-kiota-abstractions-1.8.8.jar:/home/runner/.m2/repository/io/github/std-uritemplate/std-uritemplate/2.0.0/std-uritemplate-2.0.0.jar:/home/runner/.m2/repository/io/kiota/kiota-http-jdk/0.0.29/kiota-http-jdk-0.0.29.jar:/home/runner/.m2/repository/io/kiota/kiota-http-vertx/0.0.29/kiota-http-vertx-0.0.29.jar:/home/runner/.m2/repository/io/kiota/kiota-serialization-jackson/0.0.29/kiota-serialization-jackson-0.0.29.jar:/home/runner/.m2/repository/com/microsoft/kiota/microsoft-kiota-serialization-text/1.8.8/microsoft-kiota-serialization-text-1.8.8.jar:/home/runner/.m2/repository/com/microsoft/kiota/microsoft-kiota-serialization-form/1.8.8/microsoft-kiota-serialization-form-1.8.8.jar:/home/runner/.m2/repository/com/microsoft/kiota/microsoft-kiota-serialization-multipart/1.8.8/microsoft-kiota-serialization-multipart-1.8.8.jar:/home/runner/.m2/repository/jakarta/annotation/jakarta.annotation-api/3.0.0/jakarta.annotation-api-3.0.0.jar:/home/runner/.m2/repository/io/vertx/vertx-auth-oauth2/4.5.16/vertx-auth-oauth2-4.5.16.jar:/home/runner/work/apicurio-testing/apicurio-testing/clusters/ci419/namespaces/ksql043/tests/integration/apicurio-registry/java-sdk-v2/target/apicurio-registry-v2-java-sdk-3.0.12-SNAPSHOT.jar:/home/runner/work/apicurio-testing/apicurio-testing/clusters/ci419/namespaces/ksql043/tests/integration/apicurio-registry/utils/kafka/target/apicurio-registry-utils-kafka-3.0.12-SNAPSHOT-tests.jar:/home/runner/.m2/repository/org/eclipse/microprofile/config/microprofile-config-api/3.1/microprofile-config-api-3.1.jar:/home/runner/.m2/repository/org/apache/kafka/kafka-clients/3.9.1/kafka-clients-3.9.1.jar:/home/runner/.m2/repository/com/github/luben/zstd-jni/1.5.6-4/zstd-jni-1.5.6-4.jar:/home/runner/.m2/repository/org/lz4/lz4-java/1.8.0/lz4-java-1.8.0.jar:/home/runner/.m2/repository/org/xerial/snappy/snappy-java/1.1.10.5/snappy-java-1.1.10.5.jar:/home/runner/.m2/repository/org/slf4j/slf4j-api/2.0.6/slf4j-api-2.0.6.jar:/home/runner/work/apicurio-testing/apicurio-testing/clusters/ci419/namespaces/ksql043/tests/integration/apicurio-registry/utils/tests/target/apicurio-registry-utils-tests-3.0.12-SNAPSHOT.jar:/home/runner/work/apicurio-testing/apicurio-testing/clusters/ci419/namespaces/ksql043/tests/integration/apicurio-registry/common/target/apicurio-registry-common-3.0.12-SNAPSHOT.jar:/home/runner/.m2/repository/jakarta/validation/jakarta.validation-api/3.0.2/jakarta.validation-api-3.0.2.jar:/home/runner/.m2/repository/com/github/dasniko/testcontainers-keycloak/3.8.0/testcontainers-keycloak-3.8.0.jar:/home/runner/.m2/repository/org/testcontainers/testcontainers/1.20.6/testcontainers-1.20.6.jar:/home/runner/.m2/repository/org/rnorth/duct-tape/duct-tape/1.0.8/duct-tape-1.0.8.jar:/home/runner/.m2/repository/com/github/docker-java/docker-java-transport-zerodep/3.4.1/docker-java-transport-zerodep-3.4.1.jar:/home/runner/.m2/repository/com/github/docker-java/docker-java-transport/3.4.1/docker-java-transport-3.4.1.jar:/home/runner/.m2/repository/net/java/dev/jna/jna/5.8.0/jna-5.8.0.jar:/home/runner/.m2/repository/io/quarkus/quarkus-junit4-mock/3.20.2/quarkus-junit4-mock-3.20.2.jar:/home/runner/.m2/repository/org/jboss/shrinkwrap/shrinkwrap-api/2.0.0-beta-2/shrinkwrap-api-2.0.0-beta-2.jar:/home/runner/.m2/repository/org/jboss/shrinkwrap/shrinkwrap-impl-base/2.0.0-beta-2/shrinkwrap-impl-base-2.0.0-beta-2.jar:/home/runner/.m2/repository/org/jboss/shrinkwrap/shrinkwrap-spi/2.0.0-beta-2/shrinkwrap-spi-2.0.0-beta-2.jar:/home/runner/.m2/repository/org/keycloak/keycloak-admin-client/26.0.4/keycloak-admin-client-26.0.4.jar:/home/runner/.m2/repository/org/keycloak/keycloak-client-common-synced/26.0.4/keycloak-client-common-synced-26.0.4.jar:/home/runner/.m2/repository/jakarta/activation/jakarta.activation-api/2.1.3/jakarta.activation-api-2.1.3.jar:/home/runner/.m2/repository/org/eclipse/microprofile/openapi/microprofile-openapi-api/4.0.2/microprofile-openapi-api-4.0.2.jar:/home/runner/.m2/repository/org/jboss/resteasy/resteasy-client/6.2.12.Final/resteasy-client-6.2.12.Final.jar:/home/runner/.m2/repository/org/jboss/resteasy/resteasy-client-api/6.2.12.Final/resteasy-client-api-6.2.12.Final.jar:/home/runner/.m2/repository/org/jboss/resteasy/resteasy-core-spi/6.2.12.Final/resteasy-core-spi-6.2.12.Final.jar:/home/runner/.m2/repository/org/jboss/resteasy/resteasy-core/6.2.12.Final/resteasy-core-6.2.12.Final.jar:/home/runner/.m2/repository/org/eclipse/angus/angus-activation/2.0.2/angus-activation-2.0.2.jar:/home/runner/.m2/repository/com/ibm/async/asyncutil/0.1.0/asyncutil-0.1.0.jar:/home/runner/.m2/repository/org/reactivestreams/reactive-streams/1.0.4/reactive-streams-1.0.4.jar:/home/runner/.m2/repository/org/jboss/resteasy/resteasy-multipart-provider/6.2.12.Final/resteasy-multipart-provider-6.2.12.Final.jar:/home/runner/.m2/repository/jakarta/mail/jakarta.mail-api/2.1.3/jakarta.mail-api-2.1.3.jar:/home/runner/.m2/repository/org/eclipse/angus/angus-mail/2.0.3/angus-mail-2.0.3.jar:/home/runner/.m2/repository/org/apache/james/apache-mime4j-dom/0.8.12/apache-mime4j-dom-0.8.12.jar:/home/runner/.m2/repository/org/apache/james/apache-mime4j-core/0.8.12/apache-mime4j-core-0.8.12.jar:/home/runner/.m2/repository/org/apache/james/apache-mime4j-storage/0.8.12/apache-mime4j-storage-0.8.12.jar:/home/runner/.m2/repository/org/jboss/resteasy/resteasy-jackson2-provider/6.2.12.Final/resteasy-jackson2-provider-6.2.12.Final.jar:/home/runner/.m2/repository/com/fasterxml/jackson/jakarta/rs/jackson-jakarta-rs-base/2.18.2/jackson-jakarta-rs-base-2.18.2.jar:/home/runner/.m2/repository/com/fasterxml/jackson/jakarta/rs/jackson-jakarta-rs-json-provider/2.18.2/jackson-jakarta-rs-json-provider-2.18.2.jar:/home/runner/.m2/repository/com/fasterxml/jackson/module/jackson-module-jakarta-xmlbind-annotations/2.18.2/jackson-module-jakarta-xmlbind-annotations-2.18.2.jar:/home/runner/.m2/repository/com/github/java-json-tools/json-patch/1.13/json-patch-1.13.jar:/home/runner/.m2/repository/com/github/java-json-tools/msg-simple/1.2/msg-simple-1.2.jar:/home/runner/.m2/repository/com/github/java-json-tools/btf/1.3/btf-1.3.jar:/home/runner/.m2/repository/com/github/java-json-tools/jackson-coreutils/2.0/jackson-coreutils-2.0.jar:/home/runner/.m2/repository/org/jboss/resteasy/resteasy-jaxb-provider/6.2.12.Final/resteasy-jaxb-provider-6.2.12.Final.jar:/home/runner/.m2/repository/org/glassfish/jaxb/codemodel/4.0.5/codemodel-4.0.5.jar:/home/runner/.m2/repository/org/glassfish/jaxb/jaxb-core/4.0.5/jaxb-core-4.0.5.jar:/home/runner/.m2/repository/org/glassfish/jaxb/jaxb-jxc/4.0.5/jaxb-jxc-4.0.5.jar:/home/runner/.m2/repository/org/glassfish/jaxb/jaxb-runtime/4.0.5/jaxb-runtime-4.0.5.jar:/home/runner/.m2/repository/org/glassfish/jaxb/txw2/4.0.5/txw2-4.0.5.jar:/home/runner/.m2/repository/org/glassfish/jaxb/jaxb-xjc/4.0.5/jaxb-xjc-4.0.5.jar:/home/runner/.m2/repository/org/glassfish/jaxb/xsom/4.0.5/xsom-4.0.5.jar:/home/runner/.m2/repository/com/sun/istack/istack-commons-runtime/4.1.2/istack-commons-runtime-4.1.2.jar:/home/runner/.m2/repository/com/sun/istack/istack-commons-tools/4.1.2/istack-commons-tools-4.1.2.jar:/home/runner/.m2/repository/com/sun/xml/bind/external/relaxng-datatype/4.0.5/relaxng-datatype-4.0.5.jar:/home/runner/.m2/repository/com/sun/xml/bind/external/rngom/4.0.5/rngom-4.0.5.jar:/home/runner/.m2/repository/org/testcontainers/mssqlserver/1.20.6/mssqlserver-1.20.6.jar:/home/runner/.m2/repository/org/testcontainers/jdbc/1.20.6/jdbc-1.20.6.jar:/home/runner/.m2/repository/org/testcontainers/database-commons/1.20.6/database-commons-1.20.6.jar:/home/runner/.m2/repository/org/testcontainers/mysql/1.20.6/mysql-1.20.6.jar:/home/runner/.m2/repository/io/strimzi/strimzi-test-container/0.111.0/strimzi-test-container-0.111.0.jar:/home/runner/.m2/repository/org/testcontainers/toxiproxy/1.20.6/toxiproxy-1.20.6.jar:/home/runner/.m2/repository/com/github/docker-java/docker-java-api/3.4.1/docker-java-api-3.4.1.jar:/home/runner/.m2/repository/org/apache/logging/log4j/log4j-slf4j-impl/2.19.0/log4j-slf4j-impl-2.19.0.jar:/home/runner/.m2/repository/org/apache/logging/log4j/log4j-api/2.24.3/log4j-api-2.24.3.jar:/home/runner/.m2/repository/org/apache/logging/log4j/log4j-core/2.19.0/log4j-core-2.19.0.jar:/home/runner/.m2/repository/eu/rekawek/toxiproxy/toxiproxy-java/2.1.7/toxiproxy-java-2.1.7.jar:/home/runner/.m2/repository/org/testcontainers/pulsar/1.21.3/pulsar-1.21.3.jar:/home/runner/.m2/repository/io/debezium/debezium-testing-testcontainers/2.7.4.Final/debezium-testing-testcontainers-2.7.4.Final.jar:/home/runner/.m2/repository/org/testcontainers/kafka/1.20.6/kafka-1.20.6.jar:/home/runner/.m2/repository/com/squareup/okhttp3/okhttp/4.8.1/okhttp-4.8.1.jar:/home/runner/.m2/repository/com/squareup/okio/okio/3.10.2/okio-3.10.2.jar:/home/runner/.m2/repository/com/squareup/okio/okio-jvm/3.10.2/okio-jvm-3.10.2.jar:/home/runner/.m2/repository/org/jetbrains/kotlin/kotlin-stdlib/2.0.21/kotlin-stdlib-2.0.21.jar:/home/runner/.m2/repository/org/awaitility/awaitility/4.3.0/awaitility-4.3.0.jar:/home/runner/.m2/repository/org/testcontainers/mongodb/1.20.6/mongodb-1.20.6.jar:/home/runner/.m2/repository/org/testcontainers/mariadb/1.20.6/mariadb-1.20.6.jar:/home/runner/.m2/repository/org/testcontainers/oracle-xe/1.20.6/oracle-xe-1.20.6.jar:/home/runner/.m2/repository/org/testcontainers/postgresql/1.20.6/postgresql-1.20.6.jar:/home/runner/.m2/repository/org/wiremock/wiremock/3.0.1/wiremock-3.0.1.jar:/home/runner/.m2/repository/org/eclipse/jetty/jetty-server/11.0.15/jetty-server-11.0.15.jar:/home/runner/.m2/repository/org/eclipse/jetty/toolchain/jetty-jakarta-servlet-api/5.0.2/jetty-jakarta-servlet-api-5.0.2.jar:/home/runner/.m2/repository/org/eclipse/jetty/jetty-http/11.0.15/jetty-http-11.0.15.jar:/home/runner/.m2/repository/org/eclipse/jetty/jetty-io/11.0.15/jetty-io-11.0.15.jar:/home/runner/.m2/repository/org/eclipse/jetty/jetty-servlet/11.0.15/jetty-servlet-11.0.15.jar:/home/runner/.m2/repository/org/eclipse/jetty/jetty-security/11.0.15/jetty-security-11.0.15.jar:/home/runner/.m2/repository/org/eclipse/jetty/jetty-servlets/11.0.15/jetty-servlets-11.0.15.jar:/home/runner/.m2/repository/org/eclipse/jetty/jetty-util/11.0.15/jetty-util-11.0.15.jar:/home/runner/.m2/repository/org/eclipse/jetty/jetty-webapp/11.0.15/jetty-webapp-11.0.15.jar:/home/runner/.m2/repository/org/eclipse/jetty/jetty-xml/11.0.15/jetty-xml-11.0.15.jar:/home/runner/.m2/repository/org/eclipse/jetty/jetty-proxy/11.0.15/jetty-proxy-11.0.15.jar:/home/runner/.m2/repository/org/eclipse/jetty/jetty-client/11.0.15/jetty-client-11.0.15.jar:/home/runner/.m2/repository/org/eclipse/jetty/http2/http2-server/11.0.15/http2-server-11.0.15.jar:/home/runner/.m2/repository/org/eclipse/jetty/http2/http2-common/11.0.15/http2-common-11.0.15.jar:/home/runner/.m2/repository/org/eclipse/jetty/http2/http2-hpack/11.0.15/http2-hpack-11.0.15.jar:/home/runner/.m2/repository/org/eclipse/jetty/jetty-alpn-server/11.0.15/jetty-alpn-server-11.0.15.jar:/home/runner/.m2/repository/org/eclipse/jetty/jetty-alpn-java-server/11.0.15/jetty-alpn-java-server-11.0.15.jar:/home/runner/.m2/repository/org/eclipse/jetty/jetty-alpn-java-client/11.0.15/jetty-alpn-java-client-11.0.15.jar:/home/runner/.m2/repository/org/eclipse/jetty/jetty-alpn-client/11.0.15/jetty-alpn-client-11.0.15.jar:/home/runner/.m2/repository/org/apache/httpcomponents/client5/httpclient5/5.2.1/httpclient5-5.2.1.jar:/home/runner/.m2/repository/org/apache/httpcomponents/core5/httpcore5/5.2/httpcore5-5.2.jar:/home/runner/.m2/repository/org/apache/httpcomponents/core5/httpcore5-h2/5.2/httpcore5-h2-5.2.jar:/home/runner/.m2/repository/org/xmlunit/xmlunit-core/2.9.1/xmlunit-core-2.9.1.jar:/home/runner/.m2/repository/jakarta/xml/bind/jakarta.xml.bind-api/4.0.2/jakarta.xml.bind-api-4.0.2.jar:/home/runner/.m2/repository/org/xmlunit/xmlunit-legacy/2.9.1/xmlunit-legacy-2.9.1.jar:/home/runner/.m2/repository/org/xmlunit/xmlunit-placeholders/2.9.1/xmlunit-placeholders-2.9.1.jar:/home/runner/.m2/repository/net/javacrumbs/json-unit/json-unit-core/2.38.0/json-unit-core-2.38.0.jar:/home/runner/.m2/repository/org/hamcrest/hamcrest-core/2.2/hamcrest-core-2.2.jar:/home/runner/.m2/repository/com/jayway/jsonpath/json-path/2.8.0/json-path-2.8.0.jar:/home/runner/.m2/repository/net/minidev/json-smart/2.4.10/json-smart-2.4.10.jar:/home/runner/.m2/repository/net/minidev/accessors-smart/2.4.9/accessors-smart-2.4.9.jar:/home/runner/.m2/repository/org/ow2/asm/asm/9.7.1/asm-9.7.1.jar:/home/runner/.m2/repository/net/sf/jopt-simple/jopt-simple/5.0.4/jopt-simple-5.0.4.jar:/home/runner/.m2/repository/com/github/jknack/handlebars/4.3.1/handlebars-4.3.1.jar:/home/runner/.m2/repository/com/github/jknack/handlebars-helpers/4.3.1/handlebars-helpers-4.3.1.jar:/home/runner/.m2/repository/commons-fileupload/commons-fileupload/1.5/commons-fileupload-1.5.jar:/home/runner/.m2/repository/com/networknt/json-schema-validator/1.5.8/json-schema-validator-1.5.8.jar:/home/runner/.m2/repository/com/ethlo/time/itu/1.10.3/itu-1.10.3.jar:/home/runner/.m2/repository/io/quarkus/quarkus-smallrye-jwt-build/3.20.2/quarkus-smallrye-jwt-build-3.20.2.jar:/home/runner/.m2/repository/io/smallrye/smallrye-jwt-build/4.6.2/smallrye-jwt-build-4.6.2.jar:/home/runner/.m2/repository/org/eclipse/microprofile/jwt/microprofile-jwt-auth-api/2.1/microprofile-jwt-auth-api-2.1.jar:/home/runner/.m2/repository/org/bitbucket/b_c/jose4j/0.9.6/jose4j-0.9.6.jar:/home/runner/.m2/repository/io/smallrye/smallrye-jwt-common/4.6.2/smallrye-jwt-common-4.6.2.jar:/home/runner/.m2/repository/io/quarkus/quarkus-jsonp/3.20.2/quarkus-jsonp-3.20.2.jar:/home/runner/.m2/repository/io/quarkus/quarkus-arc/3.20.2/quarkus-arc-3.20.2.jar:/home/runner/.m2/repository/io/quarkus/arc/arc/3.20.2/arc-3.20.2.jar:/home/runner/.m2/repository/jakarta/transaction/jakarta.transaction-api/2.0.1/jakarta.transaction-api-2.0.1.jar:/home/runner/.m2/repository/io/smallrye/reactive/mutiny/2.9.2/mutiny-2.9.2.jar:/home/runner/.m2/repository/org/jctools/jctools-core/4.0.5/jctools-core-4.0.5.jar:/home/runner/.m2/repository/org/eclipse/microprofile/context-propagation/microprofile-context-propagation-api/1.3/microprofile-context-propagation-api-1.3.jar:/home/runner/.m2/repository/io/apicurio/apicurio-common-rest-client-common/0.1.18.Final/apicurio-common-rest-client-common-0.1.18.Final.jar:/home/runner/work/apicurio-testing/apicurio-testing/clusters/ci419/namespaces/ksql043/tests/integration/apicurio-registry/utils/maven-plugin/target/apicurio-registry-maven-plugin-3.0.12-SNAPSHOT.jar:/home/runner/.m2/repository/com/fasterxml/jackson/core/jackson-databind/2.18.2/jackson-databind-2.18.2.jar:/home/runner/.m2/repository/org/apache/avro/avro/1.12.0/avro-1.12.0.jar:/home/runner/.m2/repository/com/google/protobuf/protobuf-java/4.31.1/protobuf-java-4.31.1.jar:/home/runner/.m2/repository/com/google/protobuf/protobuf-java-util/4.31.1/protobuf-java-util-4.31.1.jar:/home/runner/.m2/repository/com/google/code/findbugs/jsr305/3.0.2/jsr305-3.0.2.jar:/home/runner/.m2/repository/com/google/code/gson/gson/2.12.1/gson-2.12.1.jar:/home/runner/.m2/repository/com/google/errorprone/error_prone_annotations/2.36.0/error_prone_annotations-2.36.0.jar:/home/runner/.m2/repository/com/google/j2objc/j2objc-annotations/2.8/j2objc-annotations-2.8.jar:/home/runner/work/apicurio-testing/apicurio-testing/clusters/ci419/namespaces/ksql043/tests/integration/apicurio-registry/schema-util/util-provider/target/apicurio-registry-schema-util-provider-3.0.12-SNAPSHOT.jar:/home/runner/work/apicurio-testing/apicurio-testing/clusters/ci419/namespaces/ksql043/tests/integration/apicurio-registry/schema-util/common/target/apicurio-registry-schema-util-common-3.0.12-SNAPSHOT.jar:/home/runner/.m2/repository/com/fasterxml/jackson/module/jackson-module-parameter-names/2.18.2/jackson-module-parameter-names-2.18.2.jar:/home/runner/.m2/repository/com/fasterxml/jackson/datatype/jackson-datatype-json-org/2.18.2/jackson-datatype-json-org-2.18.2.jar:/home/runner/work/apicurio-testing/apicurio-testing/clusters/ci419/namespaces/ksql043/tests/integration/apicurio-registry/schema-util/json/target/apicurio-registry-schema-util-json-3.0.12-SNAPSHOT.jar:/home/runner/.m2/repository/com/github/erosb/everit-json-schema/1.14.5/everit-json-schema-1.14.5.jar:/home/runner/.m2/repository/commons-validator/commons-validator/1.9.0/commons-validator-1.9.0.jar:/home/runner/.m2/repository/commons-digester/commons-digester/2.1/commons-digester-2.1.jar:/home/runner/.m2/repository/commons-collections/commons-collections/3.2.2/commons-collections-3.2.2.jar:/home/runner/.m2/repository/com/damnhandy/handy-uri-templates/2.1.8/handy-uri-templates-2.1.8.jar:/home/runner/.m2/repository/joda-time/joda-time/2.10.2/joda-time-2.10.2.jar:/home/runner/.m2/repository/com/github/erosb/json-sKema/0.20.0/json-sKema-0.20.0.jar:/home/runner/.m2/repository/io/vertx/vertx-json-schema/4.5.16/vertx-json-schema-4.5.16.jar:/home/runner/work/apicurio-testing/apicurio-testing/clusters/ci419/namespaces/ksql043/tests/integration/apicurio-registry/schema-util/protobuf/target/apicurio-registry-schema-util-protobuf-3.0.12-SNAPSHOT.jar:/home/runner/work/apicurio-testing/apicurio-testing/clusters/ci419/namespaces/ksql043/tests/integration/apicurio-registry/utils/protobuf-schema-utilities/target/apicurio-registry-protobuf-schema-utilities-3.0.12-SNAPSHOT.jar:/home/runner/.m2/repository/com/google/api/grpc/proto-google-common-protos/2.52.0/proto-google-common-protos-2.52.0.jar:/home/runner/.m2/repository/com/squareup/wire/wire-schema-jvm/5.3.3/wire-schema-jvm-5.3.3.jar:/home/runner/.m2/repository/com/palantir/javapoet/javapoet/0.6.0/javapoet-0.6.0.jar:/home/runner/.m2/repository/com/squareup/kotlinpoet-jvm/2.0.0/kotlinpoet-jvm-2.0.0.jar:/home/runner/.m2/repository/org/jetbrains/kotlin/kotlin-reflect/2.0.21/kotlin-reflect-2.0.21.jar:/home/runner/.m2/repository/com/squareup/wire/wire-runtime-jvm/5.3.3/wire-runtime-jvm-5.3.3.jar:/home/runner/.m2/repository/com/ibm/icu/icu4j/76.1/icu4j-76.1.jar:/home/runner/.m2/repository/com/squareup/okio/okio-fakefilesystem/3.10.2/okio-fakefilesystem-3.10.2.jar:/home/runner/.m2/repository/com/squareup/okio/okio-fakefilesystem-jvm/3.10.2/okio-fakefilesystem-jvm-3.10.2.jar:/home/runner/.m2/repository/org/jetbrains/kotlinx/kotlinx-datetime-jvm/0.6.1/kotlinx-datetime-jvm-0.6.1.jar:/home/runner/work/apicurio-testing/apicurio-testing/clusters/ci419/namespaces/ksql043/tests/integration/apicurio-registry/schema-util/asyncapi/target/apicurio-registry-schema-util-asyncapi-3.0.12-SNAPSHOT.jar:/home/runner/work/apicurio-testing/apicurio-testing/clusters/ci419/namespaces/ksql043/tests/integration/apicurio-registry/schema-util/avro/target/apicurio-registry-schema-util-avro-3.0.12-SNAPSHOT.jar:/home/runner/work/apicurio-testing/apicurio-testing/clusters/ci419/namespaces/ksql043/tests/integration/apicurio-registry/schema-util/graphql/target/apicurio-registry-schema-util-graphql-3.0.12-SNAPSHOT.jar:/home/runner/.m2/repository/com/graphql-java/graphql-java/22.4/graphql-java-22.4.jar:/home/runner/.m2/repository/com/graphql-java/java-dataloader/3.3.0/java-dataloader-3.3.0.jar:/home/runner/work/apicurio-testing/apicurio-testing/clusters/ci419/namespaces/ksql043/tests/integration/apicurio-registry/schema-util/kconnect/target/apicurio-registry-schema-util-kconnect-3.0.12-SNAPSHOT.jar:/home/runner/work/apicurio-testing/apicurio-testing/clusters/ci419/namespaces/ksql043/tests/integration/apicurio-registry/schema-util/openapi/target/apicurio-registry-schema-util-openapi-3.0.12-SNAPSHOT.jar:/home/runner/.m2/repository/io/apicurio/apicurio-data-models/2.2.2/apicurio-data-models-2.2.2.jar:/home/runner/.m2/repository/org/openapitools/openapidiff/openapi-diff-core/2.1.2/openapi-diff-core-2.1.2.jar:/home/runner/.m2/repository/io/swagger/parser/v3/swagger-parser/2.1.28/swagger-parser-2.1.28.jar:/home/runner/.m2/repository/io/swagger/parser/v3/swagger-parser-v2-converter/2.1.28/swagger-parser-v2-converter-2.1.28.jar:/home/runner/.m2/repository/io/swagger/swagger-core/1.6.16/swagger-core-1.6.16.jar:/home/runner/.m2/repository/io/swagger/swagger-models/1.6.16/swagger-models-1.6.16.jar:/home/runner/.m2/repository/io/swagger/swagger-annotations/1.6.16/swagger-annotations-1.6.16.jar:/home/runner/.m2/repository/io/swagger/swagger-parser/1.0.75/swagger-parser-1.0.75.jar:/home/runner/.m2/repository/io/swagger/swagger-parser-safe-url-resolver/1.0.75/swagger-parser-safe-url-resolver-1.0.75.jar:/home/runner/.m2/repository/io/swagger/swagger-compat-spec-parser/1.0.75/swagger-compat-spec-parser-1.0.75.jar:/home/runner/.m2/repository/com/github/java-json-tools/json-schema-validator/2.2.14/json-schema-validator-2.2.14.jar:/home/runner/.m2/repository/com/github/java-json-tools/jackson-coreutils-equivalence/1.0/jackson-coreutils-equivalence-1.0.jar:/home/runner/.m2/repository/com/github/java-json-tools/json-schema-core/1.2.14/json-schema-core-1.2.14.jar:/home/runner/.m2/repository/com/github/java-json-tools/uri-template/0.10/uri-template-0.10.jar:/home/runner/.m2/repository/com/googlecode/libphonenumber/libphonenumber/8.11.1/libphonenumber-8.11.1.jar:/home/runner/.m2/repository/com/j2html/j2html/1.6.0/j2html-1.6.0.jar:/home/runner/.m2/repository/org/apache/commons/commons-collections4/4.5.0/commons-collections4-4.5.0.jar:/home/runner/.m2/repository/org/slf4j/jcl-over-slf4j/2.0.17/jcl-over-slf4j-2.0.17.jar:/home/runner/.m2/repository/io/swagger/parser/v3/swagger-parser-v3/2.1.31/swagger-parser-v3-2.1.31.jar:/home/runner/.m2/repository/io/swagger/core/v3/swagger-models/2.2.34/swagger-models-2.2.34.jar:/home/runner/.m2/repository/io/swagger/core/v3/swagger-core/2.2.34/swagger-core-2.2.34.jar:/home/runner/.m2/repository/io/swagger/parser/v3/swagger-parser-core/2.1.31/swagger-parser-core-2.1.31.jar:/home/runner/.m2/repository/io/swagger/parser/v3/swagger-parser-safe-url-resolver/2.1.31/swagger-parser-safe-url-resolver-2.1.31.jar:/home/runner/work/apicurio-testing/apicurio-testing/clusters/ci419/namespaces/ksql043/tests/integration/apicurio-registry/schema-util/wsdl/target/apicurio-registry-schema-util-wsdl-3.0.12-SNAPSHOT.jar:/home/runner/.m2/repository/wsdl4j/wsdl4j/1.6.3/wsdl4j-1.6.3.jar:/home/runner/work/apicurio-testing/apicurio-testing/clusters/ci419/namespaces/ksql043/tests/integration/apicurio-registry/schema-util/xml/target/apicurio-registry-schema-util-xml-3.0.12-SNAPSHOT.jar:/home/runner/.m2/repository/org/apache/santuario/xmlsec/4.0.4/xmlsec-4.0.4.jar:/home/runner/.m2/repository/com/fasterxml/woodstox/woodstox-core/7.1.1/woodstox-core-7.1.1.jar:/home/runner/.m2/repository/org/codehaus/woodstox/stax2-api/4.2.2/stax2-api-4.2.2.jar:/home/runner/work/apicurio-testing/apicurio-testing/clusters/ci419/namespaces/ksql043/tests/integration/apicurio-registry/schema-util/xsd/target/apicurio-registry-schema-util-xsd-3.0.12-SNAPSHOT.jar:/home/runner/work/apicurio-testing/apicurio-testing/clusters/ci419/namespaces/ksql043/tests/integration/apicurio-registry/serdes/kafka/jsonschema-serde/target/apicurio-registry-jsonschema-serde-kafka-3.0.12-SNAPSHOT.jar:/home/runner/work/apicurio-testing/apicurio-testing/clusters/ci419/namespaces/ksql043/tests/integration/apicurio-registry/serdes/kafka/serde-kafka-common/target/apicurio-registry-serde-kafka-common-3.0.12-SNAPSHOT.jar:/home/runner/work/apicurio-testing/apicurio-testing/clusters/ci419/namespaces/ksql043/tests/integration/apicurio-registry/serdes/generic/serde-common/target/apicurio-registry-serde-common-3.0.12-SNAPSHOT.jar:/home/runner/work/apicurio-testing/apicurio-testing/clusters/ci419/namespaces/ksql043/tests/integration/apicurio-registry/serdes/generic/serde-common-jsonschema/target/apicurio-registry-serde-common-jsonschema-3.0.12-SNAPSHOT.jar:/home/runner/.m2/repository/org/json/json/20250107/json-20250107.jar:/home/runner/work/apicurio-testing/apicurio-testing/clusters/ci419/namespaces/ksql043/tests/integration/apicurio-registry/serdes/kafka/avro-serde/target/apicurio-registry-avro-serde-kafka-3.0.12-SNAPSHOT.jar:/home/runner/work/apicurio-testing/apicurio-testing/clusters/ci419/namespaces/ksql043/tests/integration/apicurio-registry/serdes/generic/serde-common-avro/target/apicurio-registry-serde-common-avro-3.0.12-SNAPSHOT.jar:/home/runner/work/apicurio-testing/apicurio-testing/clusters/ci419/namespaces/ksql043/tests/integration/apicurio-registry/serdes/kafka/protobuf-serde/target/apicurio-registry-protobuf-serde-kafka-3.0.12-SNAPSHOT.jar:/home/runner/work/apicurio-testing/apicurio-testing/clusters/ci419/namespaces/ksql043/tests/integration/apicurio-registry/serdes/generic/serde-common-protobuf/target/apicurio-registry-serde-common-protobuf-3.0.12-SNAPSHOT.jar:/home/runner/.m2/repository/com/squareup/wire/wire-schema/5.3.3/wire-schema-5.3.3.jar:/home/runner/.m2/repository/com/squareup/wire/wire-runtime/5.3.3/wire-runtime-5.3.3.jar:/home/runner/work/apicurio-testing/apicurio-testing/clusters/ci419/namespaces/ksql043/tests/integration/apicurio-registry/serdes/pulsar/avro-serde/target/apicurio-registry-avro-serde-pulsar-3.0.12-SNAPSHOT.jar:/home/runner/.m2/repository/org/apache/pulsar/pulsar-functions-api/3.3.8/pulsar-functions-api-3.3.8.jar:/home/runner/work/apicurio-testing/apicurio-testing/clusters/ci419/namespaces/ksql043/tests/integration/apicurio-registry/serdes/nats/avro-serde/target/apicurio-registry-avro-serde-nats-3.0.12-SNAPSHOT.jar:/home/runner/.m2/repository/io/nats/jnats/2.21.4/jnats-2.21.4.jar:/home/runner/.m2/repository/org/bouncycastle/bcprov-lts8on/2.73.7/bcprov-lts8on-2.73.7.jar:/home/runner/.m2/repository/org/jetbrains/annotations/26.0.2/annotations-26.0.2.jar:/home/runner/work/apicurio-testing/apicurio-testing/clusters/ci419/namespaces/ksql043/tests/integration/apicurio-registry/utils/converter/target/apicurio-registry-utils-converter-3.0.12-SNAPSHOT.jar:/home/runner/work/apicurio-testing/apicurio-testing/clusters/ci419/namespaces/ksql043/tests/integration/apicurio-registry/schema-resolver/target/apicurio-registry-schema-resolver-3.0.12-SNAPSHOT.jar:/home/runner/.m2/repository/org/apache/kafka/connect-api/3.9.1/connect-api-3.9.1.jar:/home/runner/.m2/repository/javax/ws/rs/javax.ws.rs-api/2.1.1/javax.ws.rs-api-2.1.1.jar:/home/runner/.m2/repository/org/apache/kafka/connect-json/3.9.1/connect-json-3.9.1.jar:/home/runner/.m2/repository/com/fasterxml/jackson/datatype/jackson-datatype-jdk8/2.18.2/jackson-datatype-jdk8-2.18.2.jar:/home/runner/.m2/repository/com/fasterxml/jackson/module/jackson-module-afterburner/2.18.2/jackson-module-afterburner-2.18.2.jar:/home/runner/work/apicurio-testing/apicurio-testing/clusters/ci419/namespaces/ksql043/tests/integration/apicurio-registry/utils/kafka/target/apicurio-registry-utils-kafka-3.0.12-SNAPSHOT.jar:/home/runner/.m2/repository/org/apache/pulsar/pulsar-client/3.3.8/pulsar-client-3.3.8.jar:/home/runner/.m2/repository/org/apache/pulsar/pulsar-client-api/3.3.8/pulsar-client-api-3.3.8.jar:/home/runner/.m2/repository/org/apache/pulsar/pulsar-client-admin-api/3.3.8/pulsar-client-admin-api-3.3.8.jar:/home/runner/.m2/repository/org/apache/pulsar/bouncy-castle-bc/3.3.8/bouncy-castle-bc-3.3.8-pkg.jar:/home/runner/.m2/repository/org/bouncycastle/bcpkix-jdk18on/1.81/bcpkix-jdk18on-1.81.jar:/home/runner/.m2/repository/org/bouncycastle/bcutil-jdk18on/1.81/bcutil-jdk18on-1.81.jar:/home/runner/.m2/repository/org/bouncycastle/bcprov-jdk18on/1.81/bcprov-jdk18on-1.81.jar:/home/runner/.m2/repository/io/opentelemetry/opentelemetry-api/1.44.1/opentelemetry-api-1.44.1.jar:/home/runner/.m2/repository/io/opentelemetry/opentelemetry-context/1.44.1/opentelemetry-context-1.44.1.jar:/home/runner/.m2/repository/io/opentelemetry/opentelemetry-api-incubator/1.44.1-alpha/opentelemetry-api-incubator-1.44.1-alpha.jar:/home/runner/.m2/repository/com/fasterxml/jackson/core/jackson-annotations/2.18.2/jackson-annotations-2.18.2.jar:/home/runner/.m2/repository/javax/validation/validation-api/1.1.0.Final/validation-api-1.1.0.Final.jar:/home/runner/.m2/repository/org/jspecify/jspecify/1.0.0/jspecify-1.0.0.jar:/home/runner/.m2/repository/org/apache/commons/commons-configuration2/2.12.0/commons-configuration2-2.12.0.jar:/home/runner/.m2/repository/commons-logging/commons-logging/1.3.5/commons-logging-1.3.5.jar:/home/runner/.m2/repository/org/apache/commons/commons-text/1.13.0/commons-text-1.13.0.jar:/home/runner/.m2/repository/io/confluent/kafka-avro-serializer/8.0.0/kafka-avro-serializer-8.0.0.jar:/home/runner/.m2/repository/org/apache/commons/commons-compress/1.27.1/commons-compress-1.27.1.jar:/home/runner/.m2/repository/io/confluent/kafka-schema-serializer/8.0.0/kafka-schema-serializer-8.0.0.jar:/home/runner/.m2/repository/com/fasterxml/jackson/dataformat/jackson-dataformat-csv/2.18.2/jackson-dataformat-csv-2.18.2.jar:/home/runner/.m2/repository/io/confluent/kafka-schema-registry-client/8.0.0/kafka-schema-registry-client-8.0.0.jar:/home/runner/.m2/repository/org/yaml/snakeyaml/2.3/snakeyaml-2.3.jar:/home/runner/.m2/repository/io/swagger/core/v3/swagger-annotations/2.2.29/swagger-annotations-2.2.29.jar:/home/runner/.m2/repository/com/google/guava/guava/33.4.0-jre/guava-33.4.0-jre.jar:/home/runner/.m2/repository/com/google/guava/failureaccess/1.0.1/failureaccess-1.0.1.jar:/home/runner/.m2/repository/org/checkerframework/checker-qual/3.49.0/checker-qual-3.49.0.jar:/home/runner/.m2/repository/io/confluent/logredactor/1.0.13/logredactor-1.0.13.jar:/home/runner/.m2/repository/com/google/re2j/re2j/1.6/re2j-1.6.jar:/home/runner/.m2/repository/io/confluent/logredactor-metrics/1.0.13/logredactor-metrics-1.0.13.jar:/home/runner/.m2/repository/com/eclipsesource/minimal-json/minimal-json/0.9.5/minimal-json-0.9.5.jar:/home/runner/.m2/repository/io/confluent/common-utils/8.0.0/common-utils-8.0.0.jar:/home/runner/.m2/repository/io/confluent/kafka-connect-avro-converter/8.0.0/kafka-connect-avro-converter-8.0.0.jar:/home/runner/.m2/repository/io/confluent/kafka-connect-avro-data/8.0.0/kafka-connect-avro-data-8.0.0.jar:/home/runner/.m2/repository/io/confluent/kafka-schema-converter/8.0.0/kafka-schema-converter-8.0.0.jar:/home/runner/.m2/repository/io/rest-assured/rest-assured/5.5.1/rest-assured-5.5.1.jar:/home/runner/.m2/repository/org/apache/groovy/groovy/4.0.22/groovy-4.0.22.jar:/home/runner/.m2/repository/org/apache/groovy/groovy-xml/4.0.22/groovy-xml-4.0.22.jar:/home/runner/.m2/repository/org/apache/httpcomponents/httpclient/4.5.14/httpclient-4.5.14.jar:/home/runner/.m2/repository/org/apache/httpcomponents/httpcore/4.4.16/httpcore-4.4.16.jar:/home/runner/.m2/repository/org/apache/httpcomponents/httpmime/4.5.14/httpmime-4.5.14.jar:/home/runner/.m2/repository/org/hamcrest/hamcrest/2.2/hamcrest-2.2.jar:/home/runner/.m2/repository/org/ccil/cowan/tagsoup/tagsoup/1.2.1/tagsoup-1.2.1.jar:/home/runner/.m2/repository/io/rest-assured/json-path/5.5.1/json-path-5.5.1.jar:/home/runner/.m2/repository/org/apache/groovy/groovy-json/4.0.22/groovy-json-4.0.22.jar:/home/runner/.m2/repository/io/rest-assured/rest-assured-common/5.5.1/rest-assured-common-5.5.1.jar:/home/runner/.m2/repository/io/rest-assured/xml-path/5.5.1/xml-path-5.5.1.jar:/home/runner/.m2/repository/io/zonky/test/embedded-postgres/2.1.0/embedded-postgres-2.1.0.jar:/home/runner/.m2/repository/io/zonky/test/postgres/embedded-postgres-binaries-windows-amd64/14.15.0/embedded-postgres-binaries-windows-amd64-14.15.0.jar:/home/runner/.m2/repository/io/zonky/test/postgres/embedded-postgres-binaries-darwin-amd64/14.15.0/embedded-postgres-binaries-darwin-amd64-14.15.0.jar:/home/runner/.m2/repository/io/zonky/test/postgres/embedded-postgres-binaries-linux-amd64/14.15.0/embedded-postgres-binaries-linux-amd64-14.15.0.jar:/home/runner/.m2/repository/io/zonky/test/postgres/embedded-postgres-binaries-linux-amd64-alpine/14.15.0/embedded-postgres-binaries-linux-amd64-alpine-14.15.0.jar:/home/runner/.m2/repository/org/apache/commons/commons-lang3/3.17.0/commons-lang3-3.17.0.jar:/home/runner/.m2/repository/org/tukaani/xz/1.10/xz-1.10.jar:/home/runner/.m2/repository/commons-codec/commons-codec/1.19.0/commons-codec-1.19.0.jar:/home/runner/.m2/repository/org/postgresql/postgresql/42.7.7/postgresql-42.7.7.jar:/home/runner/.m2/repository/commons-io/commons-io/2.18.0/commons-io-2.18.0.jar:/home/runner/work/apicurio-testing/apicurio-testing/clusters/ci419/namespaces/ksql043/tests/integration/apicurio-registry/utils/importexport/target/apicurio-registry-utils-import-export-3.0.12-SNAPSHOT.jar:/home/runner/.m2/repository/io/vertx/vertx-core/4.5.16/vertx-core-4.5.16.jar:/home/runner/.m2/repository/io/netty/netty-common/4.1.121.Final/netty-common-4.1.121.Final.jar:/home/runner/.m2/repository/io/netty/netty-buffer/4.1.121.Final/netty-buffer-4.1.121.Final.jar:/home/runner/.m2/repository/io/netty/netty-transport/4.1.121.Final/netty-transport-4.1.121.Final.jar:/home/runner/.m2/repository/io/netty/netty-handler/4.1.121.Final/netty-handler-4.1.121.Final.jar:/home/runner/.m2/repository/io/netty/netty-transport-native-unix-common/4.1.121.Final/netty-transport-native-unix-common-4.1.121.Final.jar:/home/runner/.m2/repository/io/netty/netty-codec/4.1.121.Final/netty-codec-4.1.121.Final.jar:/home/runner/.m2/repository/io/netty/netty-handler-proxy/4.1.121.Final/netty-handler-proxy-4.1.121.Final.jar:/home/runner/.m2/repository/io/netty/netty-codec-socks/4.1.121.Final/netty-codec-socks-4.1.121.Final.jar:/home/runner/.m2/repository/io/netty/netty-codec-http/4.1.121.Final/netty-codec-http-4.1.121.Final.jar:/home/runner/.m2/repository/io/netty/netty-codec-http2/4.1.121.Final/netty-codec-http2-4.1.121.Final.jar:/home/runner/.m2/repository/io/netty/netty-resolver/4.1.121.Final/netty-resolver-4.1.121.Final.jar:/home/runner/.m2/repository/io/netty/netty-resolver-dns/4.1.121.Final/netty-resolver-dns-4.1.121.Final.jar:/home/runner/.m2/repository/io/netty/netty-codec-dns/4.1.121.Final/netty-codec-dns-4.1.121.Final.jar:/home/runner/.m2/repository/com/fasterxml/jackson/core/jackson-core/2.18.2/jackson-core-2.18.2.jar:"/>
    <property name="java.vm.vendor" value="Eclipse Adoptium"/>
    <property name="maven.javadoc.skip" value="true"/>
    <property name="sun.arch.data.model" value="64"/>
    <property name="java.vendor.url" value="https://adoptium.net/"/>
    <property name="user.timezone" value="Etc/UTC"/>
    <property name="os.name" value="Linux"/>
    <property name="java.vm.specification.version" value="17"/>
    <property name="sun.java.launcher" value="SUN_STANDARD"/>
    <property name="quarkus.http.test-port" value="80"/>
    <property name="sun.boot.library.path" value="/usr/lib/jvm/temurin-17-jdk-amd64/lib"/>
    <property name="sun.java.command" value="/home/runner/work/apicurio-testing/apicurio-testing/clusters/ci419/namespaces/ksql043/tests/integration/apicurio-registry/integration-tests/target/surefire/surefirebooter-20250806185838235_3.jar /home/runner/work/apicurio-testing/apicurio-testing/clusters/ci419/namespaces/ksql043/tests/integration/apicurio-registry/integration-tests/target/surefire 2025-08-06T18-58-38_101-jvmRun1 surefire-20250806185838235_1tmp surefire_0-20250806185838235_2tmp"/>
    <property name="maven.home" value="/home/runner/.m2/wrapper/dists/apache-maven-3.9.8-bin/4fnp1ql35bgk2a0p7m31ovbgb0/apache-maven-3.9.8"/>
    <property name="jdk.debug" value="release"/>
    <property name="surefire.test.class.path" value="/home/runner/work/apicurio-testing/apicurio-testing/clusters/ci419/namespaces/ksql043/tests/integration/apicurio-registry/integration-tests/target/test-classes:/home/runner/work/apicurio-testing/apicurio-testing/clusters/ci419/namespaces/ksql043/tests/integration/apicurio-registry/integration-tests/target/apicurio-registry-integration-tests-3.0.12-SNAPSHOT.jar:/home/runner/.m2/repository/io/quarkus/quarkus-junit5/3.20.2/quarkus-junit5-3.20.2.jar:/home/runner/.m2/repository/io/quarkus/quarkus-bootstrap-core/3.20.2/quarkus-bootstrap-core-3.20.2.jar:/home/runner/.m2/repository/io/quarkus/quarkus-classloader-commons/3.20.2/quarkus-classloader-commons-3.20.2.jar:/home/runner/.m2/repository/io/quarkus/quarkus-bootstrap-app-model/3.20.2/quarkus-bootstrap-app-model-3.20.2.jar:/home/runner/.m2/repository/io/smallrye/common/smallrye-common-io/2.12.0/smallrye-common-io-2.12.0.jar:/home/runner/.m2/repository/org/eclipse/sisu/org.eclipse.sisu.inject/0.9.0.M3/org.eclipse.sisu.inject-0.9.0.M3.jar:/home/runner/.m2/repository/io/quarkus/quarkus-test-common/3.20.2/quarkus-test-common-3.20.2.jar:/home/runner/.m2/repository/io/quarkus/quarkus-core-deployment/3.20.2/quarkus-core-deployment-3.20.2.jar:/home/runner/.m2/repository/org/aesh/readline/2.6/readline-2.6.jar:/home/runner/.m2/repository/org/fusesource/jansi/jansi/2.4.0/jansi-2.4.0.jar:/home/runner/.m2/repository/org/aesh/aesh/2.8.2/aesh-2.8.2.jar:/home/runner/.m2/repository/io/quarkus/gizmo/gizmo/1.8.0/gizmo-1.8.0.jar:/home/runner/.m2/repository/org/ow2/asm/asm-util/9.7.1/asm-util-9.7.1.jar:/home/runner/.m2/repository/org/ow2/asm/asm-analysis/9.7.1/asm-analysis-9.7.1.jar:/home/runner/.m2/repository/org/ow2/asm/asm-commons/9.7.1/asm-commons-9.7.1.jar:/home/runner/.m2/repository/org/ow2/asm/asm-tree/9.7.1/asm-tree-9.7.1.jar:/home/runner/.m2/repository/io/quarkus/quarkus-hibernate-validator-spi/3.20.2/quarkus-hibernate-validator-spi-3.20.2.jar:/home/runner/.m2/repository/io/quarkus/quarkus-class-change-agent/3.20.2/quarkus-class-change-agent-3.20.2.jar:/home/runner/.m2/repository/io/quarkus/quarkus-devtools-utilities/3.20.2/quarkus-devtools-utilities-3.20.2.jar:/home/runner/.m2/repository/io/quarkus/quarkus-builder/3.20.2/quarkus-builder-3.20.2.jar:/home/runner/.m2/repository/org/graalvm/sdk/nativeimage/23.1.2/nativeimage-23.1.2.jar:/home/runner/.m2/repository/org/graalvm/sdk/word/23.1.2/word-23.1.2.jar:/home/runner/.m2/repository/io/quarkus/quarkus-bootstrap-maven-resolver/3.20.2/quarkus-bootstrap-maven-resolver-3.20.2.jar:/home/runner/.m2/repository/io/smallrye/beanbag/smallrye-beanbag-maven/1.5.2/smallrye-beanbag-maven-1.5.2.jar:/home/runner/.m2/repository/io/smallrye/beanbag/smallrye-beanbag-sisu/1.5.2/smallrye-beanbag-sisu-1.5.2.jar:/home/runner/.m2/repository/io/smallrye/beanbag/smallrye-beanbag/1.5.2/smallrye-beanbag-1.5.2.jar:/home/runner/.m2/repository/javax/inject/javax.inject/1/javax.inject-1.jar:/home/runner/.m2/repository/org/apache/maven/maven-artifact/3.9.9/maven-artifact-3.9.9.jar:/home/runner/.m2/repository/org/apache/maven/maven-builder-support/3.9.9/maven-builder-support-3.9.9.jar:/home/runner/.m2/repository/org/apache/maven/maven-model/3.9.9/maven-model-3.9.9.jar:/home/runner/.m2/repository/org/apache/maven/maven-model-builder/3.9.9/maven-model-builder-3.9.9.jar:/home/runner/.m2/repository/org/apache/maven/maven-repository-metadata/3.9.9/maven-repository-metadata-3.9.9.jar:/home/runner/.m2/repository/org/apache/maven/maven-settings/3.9.9/maven-settings-3.9.9.jar:/home/runner/.m2/repository/org/apache/maven/resolver/maven-resolver-api/1.9.22/maven-resolver-api-1.9.22.jar:/home/runner/.m2/repository/org/apache/maven/resolver/maven-resolver-impl/1.9.22/maven-resolver-impl-1.9.22.jar:/home/runner/.m2/repository/org/apache/maven/resolver/maven-resolver-named-locks/1.9.22/maven-resolver-named-locks-1.9.22.jar:/home/runner/.m2/repository/org/apache/maven/resolver/maven-resolver-spi/1.9.22/maven-resolver-spi-1.9.22.jar:/home/runner/.m2/repository/org/apache/maven/resolver/maven-resolver-util/1.9.22/maven-resolver-util-1.9.22.jar:/home/runner/.m2/repository/org/apache/maven/resolver/maven-resolver-transport-http/1.9.20/maven-resolver-transport-http-1.9.20.jar:/home/runner/.m2/repository/org/apache/maven/wagon/wagon-provider-api/3.5.3/wagon-provider-api-3.5.3.jar:/home/runner/.m2/repository/org/apache/maven/wagon/wagon-http-shared/3.5.3/wagon-http-shared-3.5.3.jar:/home/runner/.m2/repository/org/codehaus/plexus/plexus-interpolation/1.26/plexus-interpolation-1.26.jar:/home/runner/.m2/repository/org/codehaus/plexus/plexus-utils/3.5.1/plexus-utils-3.5.1.jar:/home/runner/.m2/repository/org/codehaus/plexus/plexus-xml/4.0.1/plexus-xml-4.0.1.jar:/home/runner/.m2/repository/org/apache/maven/maven-xml-impl/4.0.0-alpha-5/maven-xml-impl-4.0.0-alpha-5.jar:/home/runner/.m2/repository/org/apache/maven/maven-api-xml/4.0.0-alpha-5/maven-api-xml-4.0.0-alpha-5.jar:/home/runner/.m2/repository/org/apache/maven/maven-api-meta/4.0.0-alpha-5/maven-api-meta-4.0.0-alpha-5.jar:/home/runner/.m2/repository/org/codehaus/plexus/plexus-cipher/2.0/plexus-cipher-2.0.jar:/home/runner/.m2/repository/org/codehaus/plexus/plexus-sec-dispatcher/2.0/plexus-sec-dispatcher-2.0.jar:/home/runner/.m2/repository/org/apache/maven/maven-embedder/3.9.9/maven-embedder-3.9.9.jar:/home/runner/.m2/repository/org/apache/maven/maven-core/3.9.9/maven-core-3.9.9.jar:/home/runner/.m2/repository/org/codehaus/plexus/plexus-component-annotations/2.1.0/plexus-component-annotations-2.1.0.jar:/home/runner/.m2/repository/org/apache/maven/maven-plugin-api/3.9.9/maven-plugin-api-3.9.9.jar:/home/runner/.m2/repository/org/apache/maven/shared/maven-shared-utils/3.4.2/maven-shared-utils-3.4.2.jar:/home/runner/.m2/repository/com/google/inject/guice/5.1.0/guice-5.1.0.jar:/home/runner/.m2/repository/aopalliance/aopalliance/1.0/aopalliance-1.0.jar:/home/runner/.m2/repository/org/codehaus/plexus/plexus-classworlds/2.6.0/plexus-classworlds-2.6.0.jar:/home/runner/.m2/repository/commons-cli/commons-cli/1.8.0/commons-cli-1.8.0.jar:/home/runner/.m2/repository/org/eclipse/sisu/org.eclipse.sisu.plexus/0.9.0.M3/org.eclipse.sisu.plexus-0.9.0.M3.jar:/home/runner/.m2/repository/org/apache/maven/maven-settings-builder/3.9.9/maven-settings-builder-3.9.9.jar:/home/runner/.m2/repository/org/apache/maven/maven-resolver-provider/3.9.9/maven-resolver-provider-3.9.9.jar:/home/runner/.m2/repository/org/apache/maven/resolver/maven-resolver-connector-basic/1.9.22/maven-resolver-connector-basic-1.9.22.jar:/home/runner/.m2/repository/org/apache/maven/resolver/maven-resolver-transport-wagon/1.9.22/maven-resolver-transport-wagon-1.9.22.jar:/home/runner/.m2/repository/org/apache/maven/wagon/wagon-http/3.5.3/wagon-http-3.5.3.jar:/home/runner/.m2/repository/org/apache/maven/wagon/wagon-file/3.5.3/wagon-file-3.5.3.jar:/home/runner/.m2/repository/io/quarkus/quarkus-bootstrap-gradle-resolver/3.20.2/quarkus-bootstrap-gradle-resolver-3.20.2.jar:/home/runner/.m2/repository/io/smallrye/jandex/3.3.0/jandex-3.3.0.jar:/home/runner/.m2/repository/org/jboss/logging/commons-logging-jboss-logging/1.0.0.Final/commons-logging-jboss-logging-1.0.0.Final.jar:/home/runner/.m2/repository/io/quarkus/quarkus-junit5-config/3.20.2/quarkus-junit5-config-3.20.2.jar:/home/runner/.m2/repository/org/junit/jupiter/junit-jupiter-api/5.12.1/junit-jupiter-api-5.12.1.jar:/home/runner/.m2/repository/io/smallrye/config/smallrye-config/3.11.4/smallrye-config-3.11.4.jar:/home/runner/.m2/repository/io/smallrye/config/smallrye-config-core/3.11.4/smallrye-config-core-3.11.4.jar:/home/runner/.m2/repository/io/smallrye/common/smallrye-common-classloader/2.12.0/smallrye-common-classloader-2.12.0.jar:/home/runner/.m2/repository/io/smallrye/config/smallrye-config-common/3.11.4/smallrye-config-common-3.11.4.jar:/home/runner/.m2/repository/org/junit/jupiter/junit-jupiter/5.12.1/junit-jupiter-5.12.1.jar:/home/runner/.m2/repository/org/junit/jupiter/junit-jupiter-params/5.12.1/junit-jupiter-params-5.12.1.jar:/home/runner/.m2/repository/org/junit/jupiter/junit-jupiter-engine/5.12.1/junit-jupiter-engine-5.12.1.jar:/home/runner/.m2/repository/io/quarkus/quarkus-core/3.20.2/quarkus-core-3.20.2.jar:/home/runner/.m2/repository/jakarta/enterprise/jakarta.enterprise.cdi-api/4.1.0/jakarta.enterprise.cdi-api-4.1.0.jar:/home/runner/.m2/repository/jakarta/enterprise/jakarta.enterprise.lang-model/4.1.0/jakarta.enterprise.lang-model-4.1.0.jar:/home/runner/.m2/repository/jakarta/el/jakarta.el-api/5.0.1/jakarta.el-api-5.0.1.jar:/home/runner/.m2/repository/jakarta/interceptor/jakarta.interceptor-api/2.2.0/jakarta.interceptor-api-2.2.0.jar:/home/runner/.m2/repository/jakarta/inject/jakarta.inject-api/2.0.1/jakarta.inject-api-2.0.1.jar:/home/runner/.m2/repository/io/smallrye/common/smallrye-common-os/2.12.0/smallrye-common-os-2.12.0.jar:/home/runner/.m2/repository/io/quarkus/quarkus-ide-launcher/3.20.2/quarkus-ide-launcher-3.20.2.jar:/home/runner/.m2/repository/io/quarkus/quarkus-development-mode-spi/3.20.2/quarkus-development-mode-spi-3.20.2.jar:/home/runner/.m2/repository/org/jboss/logging/jboss-logging/3.6.1.Final/jboss-logging-3.6.1.Final.jar:/home/runner/.m2/repository/org/jboss/logmanager/jboss-logmanager/3.1.2.Final/jboss-logmanager-3.1.2.Final.jar:/home/runner/.m2/repository/io/smallrye/common/smallrye-common-constraint/2.12.0/smallrye-common-constraint-2.12.0.jar:/home/runner/.m2/repository/io/smallrye/common/smallrye-common-cpu/2.12.0/smallrye-common-cpu-2.12.0.jar:/home/runner/.m2/repository/io/smallrye/common/smallrye-common-expression/2.12.0/smallrye-common-expression-2.12.0.jar:/home/runner/.m2/repository/io/smallrye/common/smallrye-common-net/2.12.0/smallrye-common-net-2.12.0.jar:/home/runner/.m2/repository/io/smallrye/common/smallrye-common-ref/2.12.0/smallrye-common-ref-2.12.0.jar:/home/runner/.m2/repository/jakarta/json/jakarta.json-api/2.1.3/jakarta.json-api-2.1.3.jar:/home/runner/.m2/repository/org/eclipse/parsson/parsson/1.1.7/parsson-1.1.7.jar:/home/runner/.m2/repository/org/jboss/logging/jboss-logging-annotations/3.0.4.Final/jboss-logging-annotations-3.0.4.Final.jar:/home/runner/.m2/repository/org/jboss/threads/jboss-threads/3.8.0.Final/jboss-threads-3.8.0.Final.jar:/home/runner/.m2/repository/io/smallrye/common/smallrye-common-annotation/2.12.0/smallrye-common-annotation-2.12.0.jar:/home/runner/.m2/repository/io/smallrye/common/smallrye-common-function/2.12.0/smallrye-common-function-2.12.0.jar:/home/runner/.m2/repository/org/jboss/slf4j/slf4j-jboss-logmanager/2.0.0.Final/slf4j-jboss-logmanager-2.0.0.Final.jar:/home/runner/.m2/repository/org/wildfly/common/wildfly-common/2.0.1/wildfly-common-2.0.1.jar:/home/runner/.m2/repository/io/quarkus/quarkus-bootstrap-runner/3.20.2/quarkus-bootstrap-runner-3.20.2.jar:/home/runner/.m2/repository/io/github/crac/org-crac/0.1.3/org-crac-0.1.3.jar:/home/runner/.m2/repository/io/quarkus/quarkus-fs-util/0.0.10/quarkus-fs-util-0.0.10.jar:/home/runner/.m2/repository/org/jboss/marshalling/jboss-marshalling/2.2.2.Final/jboss-marshalling-2.2.2.Final.jar:/home/runner/.m2/repository/io/fabric8/kubernetes-client/7.1.0/kubernetes-client-7.1.0.jar:/home/runner/.m2/repository/io/fabric8/kubernetes-client-api/7.1.0/kubernetes-client-api-7.1.0.jar:/home/runner/.m2/repository/io/fabric8/kubernetes-model-core/7.1.0/kubernetes-model-core-7.1.0.jar:/home/runner/.m2/repository/io/fabric8/kubernetes-model-common/7.1.0/kubernetes-model-common-7.1.0.jar:/home/runner/.m2/repository/javax/annotation/javax.annotation-api/1.3.2/javax.annotation-api-1.3.2.jar:/home/runner/.m2/repository/io/fabric8/kubernetes-model-gatewayapi/7.1.0/kubernetes-model-gatewayapi-7.1.0.jar:/home/runner/.m2/repository/io/fabric8/kubernetes-model-resource/7.1.0/kubernetes-model-resource-7.1.0.jar:/home/runner/.m2/repository/io/fabric8/kubernetes-model-rbac/7.1.0/kubernetes-model-rbac-7.1.0.jar:/home/runner/.m2/repository/io/fabric8/kubernetes-model-admissionregistration/7.1.0/kubernetes-model-admissionregistration-7.1.0.jar:/home/runner/.m2/repository/io/fabric8/kubernetes-model-apps/7.1.0/kubernetes-model-apps-7.1.0.jar:/home/runner/.m2/repository/io/fabric8/kubernetes-model-autoscaling/7.1.0/kubernetes-model-autoscaling-7.1.0.jar:/home/runner/.m2/repository/io/fabric8/kubernetes-model-apiextensions/7.1.0/kubernetes-model-apiextensions-7.1.0.jar:/home/runner/.m2/repository/io/fabric8/kubernetes-model-batch/7.1.0/kubernetes-model-batch-7.1.0.jar:/home/runner/.m2/repository/io/fabric8/kubernetes-model-certificates/7.1.0/kubernetes-model-certificates-7.1.0.jar:/home/runner/.m2/repository/io/fabric8/kubernetes-model-coordination/7.1.0/kubernetes-model-coordination-7.1.0.jar:/home/runner/.m2/repository/io/fabric8/kubernetes-model-discovery/7.1.0/kubernetes-model-discovery-7.1.0.jar:/home/runner/.m2/repository/io/fabric8/kubernetes-model-events/7.1.0/kubernetes-model-events-7.1.0.jar:/home/runner/.m2/repository/io/fabric8/kubernetes-model-extensions/7.1.0/kubernetes-model-extensions-7.1.0.jar:/home/runner/.m2/repository/io/fabric8/kubernetes-model-flowcontrol/7.1.0/kubernetes-model-flowcontrol-7.1.0.jar:/home/runner/.m2/repository/io/fabric8/kubernetes-model-networking/7.1.0/kubernetes-model-networking-7.1.0.jar:/home/runner/.m2/repository/io/fabric8/kubernetes-model-metrics/7.1.0/kubernetes-model-metrics-7.1.0.jar:/home/runner/.m2/repository/io/fabric8/kubernetes-model-policy/7.1.0/kubernetes-model-policy-7.1.0.jar:/home/runner/.m2/repository/io/fabric8/kubernetes-model-scheduling/7.1.0/kubernetes-model-scheduling-7.1.0.jar:/home/runner/.m2/repository/io/fabric8/kubernetes-model-storageclass/7.1.0/kubernetes-model-storageclass-7.1.0.jar:/home/runner/.m2/repository/io/fabric8/kubernetes-model-node/7.1.0/kubernetes-model-node-7.1.0.jar:/home/runner/.m2/repository/org/snakeyaml/snakeyaml-engine/2.9/snakeyaml-engine-2.9.jar:/home/runner/.m2/repository/com/fasterxml/jackson/dataformat/jackson-dataformat-yaml/2.18.2/jackson-dataformat-yaml-2.18.2.jar:/home/runner/.m2/repository/com/fasterxml/jackson/datatype/jackson-datatype-jsr310/2.18.2/jackson-datatype-jsr310-2.18.2.jar:/home/runner/.m2/repository/io/fabric8/zjsonpatch/7.1.0/zjsonpatch-7.1.0.jar:/home/runner/.m2/repository/io/fabric8/kubernetes-httpclient-vertx/7.1.0/kubernetes-httpclient-vertx-7.1.0.jar:/home/runner/.m2/repository/io/vertx/vertx-web-client/4.5.16/vertx-web-client-4.5.16.jar:/home/runner/.m2/repository/io/vertx/vertx-web-common/4.5.16/vertx-web-common-4.5.16.jar:/home/runner/.m2/repository/io/vertx/vertx-auth-common/4.5.16/vertx-auth-common-4.5.16.jar:/home/runner/.m2/repository/io/vertx/vertx-uri-template/4.5.16/vertx-uri-template-4.5.16.jar:/home/runner/.m2/repository/io/fabric8/openshift-client/7.1.0/openshift-client-7.1.0.jar:/home/runner/.m2/repository/io/fabric8/openshift-client-api/7.1.0/openshift-client-api-7.1.0.jar:/home/runner/.m2/repository/io/fabric8/openshift-model/7.1.0/openshift-model-7.1.0.jar:/home/runner/.m2/repository/io/fabric8/openshift-model-autoscaling/7.1.0/openshift-model-autoscaling-7.1.0.jar:/home/runner/.m2/repository/io/fabric8/openshift-model-operator/7.1.0/openshift-model-operator-7.1.0.jar:/home/runner/.m2/repository/io/fabric8/openshift-model-operatorhub/7.1.0/openshift-model-operatorhub-7.1.0.jar:/home/runner/.m2/repository/io/fabric8/openshift-model-machine/7.1.0/openshift-model-machine-7.1.0.jar:/home/runner/.m2/repository/io/fabric8/openshift-model-whereabouts/7.1.0/openshift-model-whereabouts-7.1.0.jar:/home/runner/.m2/repository/io/fabric8/openshift-model-monitoring/7.1.0/openshift-model-monitoring-7.1.0.jar:/home/runner/.m2/repository/io/fabric8/openshift-model-storageversionmigrator/7.1.0/openshift-model-storageversionmigrator-7.1.0.jar:/home/runner/.m2/repository/io/fabric8/openshift-model-tuned/7.1.0/openshift-model-tuned-7.1.0.jar:/home/runner/.m2/repository/io/fabric8/openshift-model-console/7.1.0/openshift-model-console-7.1.0.jar:/home/runner/.m2/repository/io/fabric8/openshift-model-config/7.1.0/openshift-model-config-7.1.0.jar:/home/runner/.m2/repository/io/fabric8/openshift-model-machineconfiguration/7.1.0/openshift-model-machineconfiguration-7.1.0.jar:/home/runner/.m2/repository/io/fabric8/openshift-model-miscellaneous/7.1.0/openshift-model-miscellaneous-7.1.0.jar:/home/runner/.m2/repository/io/fabric8/openshift-model-hive/7.1.0/openshift-model-hive-7.1.0.jar:/home/runner/.m2/repository/io/fabric8/openshift-model-installer/7.1.0/openshift-model-installer-7.1.0.jar:/home/runner/.m2/repository/org/junit/platform/junit-platform-launcher/1.12.1/junit-platform-launcher-1.12.1.jar:/home/runner/.m2/repository/org/junit/platform/junit-platform-engine/1.12.1/junit-platform-engine-1.12.1.jar:/home/runner/.m2/repository/org/opentest4j/opentest4j/1.3.0/opentest4j-1.3.0.jar:/home/runner/.m2/repository/org/junit/platform/junit-platform-commons/1.12.1/junit-platform-commons-1.12.1.jar:/home/runner/.m2/repository/org/apiguardian/apiguardian-api/1.1.2/apiguardian-api-1.1.2.jar:/home/runner/.m2/repository/jakarta/ws/rs/jakarta.ws.rs-api/3.1.0/jakarta.ws.rs-api-3.1.0.jar:/home/runner/work/apicurio-testing/apicurio-testing/clusters/ci419/namespaces/ksql043/tests/integration/apicurio-registry/java-sdk/target/apicurio-registry-java-sdk-3.0.12-SNAPSHOT.jar:/home/runner/.m2/repository/com/microsoft/kiota/microsoft-kiota-abstractions/1.8.8/microsoft-kiota-abstractions-1.8.8.jar:/home/runner/.m2/repository/io/github/std-uritemplate/std-uritemplate/2.0.0/std-uritemplate-2.0.0.jar:/home/runner/.m2/repository/io/kiota/kiota-http-jdk/0.0.29/kiota-http-jdk-0.0.29.jar:/home/runner/.m2/repository/io/kiota/kiota-http-vertx/0.0.29/kiota-http-vertx-0.0.29.jar:/home/runner/.m2/repository/io/kiota/kiota-serialization-jackson/0.0.29/kiota-serialization-jackson-0.0.29.jar:/home/runner/.m2/repository/com/microsoft/kiota/microsoft-kiota-serialization-text/1.8.8/microsoft-kiota-serialization-text-1.8.8.jar:/home/runner/.m2/repository/com/microsoft/kiota/microsoft-kiota-serialization-form/1.8.8/microsoft-kiota-serialization-form-1.8.8.jar:/home/runner/.m2/repository/com/microsoft/kiota/microsoft-kiota-serialization-multipart/1.8.8/microsoft-kiota-serialization-multipart-1.8.8.jar:/home/runner/.m2/repository/jakarta/annotation/jakarta.annotation-api/3.0.0/jakarta.annotation-api-3.0.0.jar:/home/runner/.m2/repository/io/vertx/vertx-auth-oauth2/4.5.16/vertx-auth-oauth2-4.5.16.jar:/home/runner/work/apicurio-testing/apicurio-testing/clusters/ci419/namespaces/ksql043/tests/integration/apicurio-registry/java-sdk-v2/target/apicurio-registry-v2-java-sdk-3.0.12-SNAPSHOT.jar:/home/runner/work/apicurio-testing/apicurio-testing/clusters/ci419/namespaces/ksql043/tests/integration/apicurio-registry/utils/kafka/target/apicurio-registry-utils-kafka-3.0.12-SNAPSHOT-tests.jar:/home/runner/.m2/repository/org/eclipse/microprofile/config/microprofile-config-api/3.1/microprofile-config-api-3.1.jar:/home/runner/.m2/repository/org/apache/kafka/kafka-clients/3.9.1/kafka-clients-3.9.1.jar:/home/runner/.m2/repository/com/github/luben/zstd-jni/1.5.6-4/zstd-jni-1.5.6-4.jar:/home/runner/.m2/repository/org/lz4/lz4-java/1.8.0/lz4-java-1.8.0.jar:/home/runner/.m2/repository/org/xerial/snappy/snappy-java/1.1.10.5/snappy-java-1.1.10.5.jar:/home/runner/.m2/repository/org/slf4j/slf4j-api/2.0.6/slf4j-api-2.0.6.jar:/home/runner/work/apicurio-testing/apicurio-testing/clusters/ci419/namespaces/ksql043/tests/integration/apicurio-registry/utils/tests/target/apicurio-registry-utils-tests-3.0.12-SNAPSHOT.jar:/home/runner/work/apicurio-testing/apicurio-testing/clusters/ci419/namespaces/ksql043/tests/integration/apicurio-registry/common/target/apicurio-registry-common-3.0.12-SNAPSHOT.jar:/home/runner/.m2/repository/jakarta/validation/jakarta.validation-api/3.0.2/jakarta.validation-api-3.0.2.jar:/home/runner/.m2/repository/com/github/dasniko/testcontainers-keycloak/3.8.0/testcontainers-keycloak-3.8.0.jar:/home/runner/.m2/repository/org/testcontainers/testcontainers/1.20.6/testcontainers-1.20.6.jar:/home/runner/.m2/repository/org/rnorth/duct-tape/duct-tape/1.0.8/duct-tape-1.0.8.jar:/home/runner/.m2/repository/com/github/docker-java/docker-java-transport-zerodep/3.4.1/docker-java-transport-zerodep-3.4.1.jar:/home/runner/.m2/repository/com/github/docker-java/docker-java-transport/3.4.1/docker-java-transport-3.4.1.jar:/home/runner/.m2/repository/net/java/dev/jna/jna/5.8.0/jna-5.8.0.jar:/home/runner/.m2/repository/io/quarkus/quarkus-junit4-mock/3.20.2/quarkus-junit4-mock-3.20.2.jar:/home/runner/.m2/repository/org/jboss/shrinkwrap/shrinkwrap-api/2.0.0-beta-2/shrinkwrap-api-2.0.0-beta-2.jar:/home/runner/.m2/repository/org/jboss/shrinkwrap/shrinkwrap-impl-base/2.0.0-beta-2/shrinkwrap-impl-base-2.0.0-beta-2.jar:/home/runner/.m2/repository/org/jboss/shrinkwrap/shrinkwrap-spi/2.0.0-beta-2/shrinkwrap-spi-2.0.0-beta-2.jar:/home/runner/.m2/repository/org/keycloak/keycloak-admin-client/26.0.4/keycloak-admin-client-26.0.4.jar:/home/runner/.m2/repository/org/keycloak/keycloak-client-common-synced/26.0.4/keycloak-client-common-synced-26.0.4.jar:/home/runner/.m2/repository/jakarta/activation/jakarta.activation-api/2.1.3/jakarta.activation-api-2.1.3.jar:/home/runner/.m2/repository/org/eclipse/microprofile/openapi/microprofile-openapi-api/4.0.2/microprofile-openapi-api-4.0.2.jar:/home/runner/.m2/repository/org/jboss/resteasy/resteasy-client/6.2.12.Final/resteasy-client-6.2.12.Final.jar:/home/runner/.m2/repository/org/jboss/resteasy/resteasy-client-api/6.2.12.Final/resteasy-client-api-6.2.12.Final.jar:/home/runner/.m2/repository/org/jboss/resteasy/resteasy-core-spi/6.2.12.Final/resteasy-core-spi-6.2.12.Final.jar:/home/runner/.m2/repository/org/jboss/resteasy/resteasy-core/6.2.12.Final/resteasy-core-6.2.12.Final.jar:/home/runner/.m2/repository/org/eclipse/angus/angus-activation/2.0.2/angus-activation-2.0.2.jar:/home/runner/.m2/repository/com/ibm/async/asyncutil/0.1.0/asyncutil-0.1.0.jar:/home/runner/.m2/repository/org/reactivestreams/reactive-streams/1.0.4/reactive-streams-1.0.4.jar:/home/runner/.m2/repository/org/jboss/resteasy/resteasy-multipart-provider/6.2.12.Final/resteasy-multipart-provider-6.2.12.Final.jar:/home/runner/.m2/repository/jakarta/mail/jakarta.mail-api/2.1.3/jakarta.mail-api-2.1.3.jar:/home/runner/.m2/repository/org/eclipse/angus/angus-mail/2.0.3/angus-mail-2.0.3.jar:/home/runner/.m2/repository/org/apache/james/apache-mime4j-dom/0.8.12/apache-mime4j-dom-0.8.12.jar:/home/runner/.m2/repository/org/apache/james/apache-mime4j-core/0.8.12/apache-mime4j-core-0.8.12.jar:/home/runner/.m2/repository/org/apache/james/apache-mime4j-storage/0.8.12/apache-mime4j-storage-0.8.12.jar:/home/runner/.m2/repository/org/jboss/resteasy/resteasy-jackson2-provider/6.2.12.Final/resteasy-jackson2-provider-6.2.12.Final.jar:/home/runner/.m2/repository/com/fasterxml/jackson/jakarta/rs/jackson-jakarta-rs-base/2.18.2/jackson-jakarta-rs-base-2.18.2.jar:/home/runner/.m2/repository/com/fasterxml/jackson/jakarta/rs/jackson-jakarta-rs-json-provider/2.18.2/jackson-jakarta-rs-json-provider-2.18.2.jar:/home/runner/.m2/repository/com/fasterxml/jackson/module/jackson-module-jakarta-xmlbind-annotations/2.18.2/jackson-module-jakarta-xmlbind-annotations-2.18.2.jar:/home/runner/.m2/repository/com/github/java-json-tools/json-patch/1.13/json-patch-1.13.jar:/home/runner/.m2/repository/com/github/java-json-tools/msg-simple/1.2/msg-simple-1.2.jar:/home/runner/.m2/repository/com/github/java-json-tools/btf/1.3/btf-1.3.jar:/home/runner/.m2/repository/com/github/java-json-tools/jackson-coreutils/2.0/jackson-coreutils-2.0.jar:/home/runner/.m2/repository/org/jboss/resteasy/resteasy-jaxb-provider/6.2.12.Final/resteasy-jaxb-provider-6.2.12.Final.jar:/home/runner/.m2/repository/org/glassfish/jaxb/codemodel/4.0.5/codemodel-4.0.5.jar:/home/runner/.m2/repository/org/glassfish/jaxb/jaxb-core/4.0.5/jaxb-core-4.0.5.jar:/home/runner/.m2/repository/org/glassfish/jaxb/jaxb-jxc/4.0.5/jaxb-jxc-4.0.5.jar:/home/runner/.m2/repository/org/glassfish/jaxb/jaxb-runtime/4.0.5/jaxb-runtime-4.0.5.jar:/home/runner/.m2/repository/org/glassfish/jaxb/txw2/4.0.5/txw2-4.0.5.jar:/home/runner/.m2/repository/org/glassfish/jaxb/jaxb-xjc/4.0.5/jaxb-xjc-4.0.5.jar:/home/runner/.m2/repository/org/glassfish/jaxb/xsom/4.0.5/xsom-4.0.5.jar:/home/runner/.m2/repository/com/sun/istack/istack-commons-runtime/4.1.2/istack-commons-runtime-4.1.2.jar:/home/runner/.m2/repository/com/sun/istack/istack-commons-tools/4.1.2/istack-commons-tools-4.1.2.jar:/home/runner/.m2/repository/com/sun/xml/bind/external/relaxng-datatype/4.0.5/relaxng-datatype-4.0.5.jar:/home/runner/.m2/repository/com/sun/xml/bind/external/rngom/4.0.5/rngom-4.0.5.jar:/home/runner/.m2/repository/org/testcontainers/mssqlserver/1.20.6/mssqlserver-1.20.6.jar:/home/runner/.m2/repository/org/testcontainers/jdbc/1.20.6/jdbc-1.20.6.jar:/home/runner/.m2/repository/org/testcontainers/database-commons/1.20.6/database-commons-1.20.6.jar:/home/runner/.m2/repository/org/testcontainers/mysql/1.20.6/mysql-1.20.6.jar:/home/runner/.m2/repository/io/strimzi/strimzi-test-container/0.111.0/strimzi-test-container-0.111.0.jar:/home/runner/.m2/repository/org/testcontainers/toxiproxy/1.20.6/toxiproxy-1.20.6.jar:/home/runner/.m2/repository/com/github/docker-java/docker-java-api/3.4.1/docker-java-api-3.4.1.jar:/home/runner/.m2/repository/org/apache/logging/log4j/log4j-slf4j-impl/2.19.0/log4j-slf4j-impl-2.19.0.jar:/home/runner/.m2/repository/org/apache/logging/log4j/log4j-api/2.24.3/log4j-api-2.24.3.jar:/home/runner/.m2/repository/org/apache/logging/log4j/log4j-core/2.19.0/log4j-core-2.19.0.jar:/home/runner/.m2/repository/eu/rekawek/toxiproxy/toxiproxy-java/2.1.7/toxiproxy-java-2.1.7.jar:/home/runner/.m2/repository/org/testcontainers/pulsar/1.21.3/pulsar-1.21.3.jar:/home/runner/.m2/repository/io/debezium/debezium-testing-testcontainers/2.7.4.Final/debezium-testing-testcontainers-2.7.4.Final.jar:/home/runner/.m2/repository/org/testcontainers/kafka/1.20.6/kafka-1.20.6.jar:/home/runner/.m2/repository/com/squareup/okhttp3/okhttp/4.8.1/okhttp-4.8.1.jar:/home/runner/.m2/repository/com/squareup/okio/okio/3.10.2/okio-3.10.2.jar:/home/runner/.m2/repository/com/squareup/okio/okio-jvm/3.10.2/okio-jvm-3.10.2.jar:/home/runner/.m2/repository/org/jetbrains/kotlin/kotlin-stdlib/2.0.21/kotlin-stdlib-2.0.21.jar:/home/runner/.m2/repository/org/awaitility/awaitility/4.3.0/awaitility-4.3.0.jar:/home/runner/.m2/repository/org/testcontainers/mongodb/1.20.6/mongodb-1.20.6.jar:/home/runner/.m2/repository/org/testcontainers/mariadb/1.20.6/mariadb-1.20.6.jar:/home/runner/.m2/repository/org/testcontainers/oracle-xe/1.20.6/oracle-xe-1.20.6.jar:/home/runner/.m2/repository/org/testcontainers/postgresql/1.20.6/postgresql-1.20.6.jar:/home/runner/.m2/repository/org/wiremock/wiremock/3.0.1/wiremock-3.0.1.jar:/home/runner/.m2/repository/org/eclipse/jetty/jetty-server/11.0.15/jetty-server-11.0.15.jar:/home/runner/.m2/repository/org/eclipse/jetty/toolchain/jetty-jakarta-servlet-api/5.0.2/jetty-jakarta-servlet-api-5.0.2.jar:/home/runner/.m2/repository/org/eclipse/jetty/jetty-http/11.0.15/jetty-http-11.0.15.jar:/home/runner/.m2/repository/org/eclipse/jetty/jetty-io/11.0.15/jetty-io-11.0.15.jar:/home/runner/.m2/repository/org/eclipse/jetty/jetty-servlet/11.0.15/jetty-servlet-11.0.15.jar:/home/runner/.m2/repository/org/eclipse/jetty/jetty-security/11.0.15/jetty-security-11.0.15.jar:/home/runner/.m2/repository/org/eclipse/jetty/jetty-servlets/11.0.15/jetty-servlets-11.0.15.jar:/home/runner/.m2/repository/org/eclipse/jetty/jetty-util/11.0.15/jetty-util-11.0.15.jar:/home/runner/.m2/repository/org/eclipse/jetty/jetty-webapp/11.0.15/jetty-webapp-11.0.15.jar:/home/runner/.m2/repository/org/eclipse/jetty/jetty-xml/11.0.15/jetty-xml-11.0.15.jar:/home/runner/.m2/repository/org/eclipse/jetty/jetty-proxy/11.0.15/jetty-proxy-11.0.15.jar:/home/runner/.m2/repository/org/eclipse/jetty/jetty-client/11.0.15/jetty-client-11.0.15.jar:/home/runner/.m2/repository/org/eclipse/jetty/http2/http2-server/11.0.15/http2-server-11.0.15.jar:/home/runner/.m2/repository/org/eclipse/jetty/http2/http2-common/11.0.15/http2-common-11.0.15.jar:/home/runner/.m2/repository/org/eclipse/jetty/http2/http2-hpack/11.0.15/http2-hpack-11.0.15.jar:/home/runner/.m2/repository/org/eclipse/jetty/jetty-alpn-server/11.0.15/jetty-alpn-server-11.0.15.jar:/home/runner/.m2/repository/org/eclipse/jetty/jetty-alpn-java-server/11.0.15/jetty-alpn-java-server-11.0.15.jar:/home/runner/.m2/repository/org/eclipse/jetty/jetty-alpn-java-client/11.0.15/jetty-alpn-java-client-11.0.15.jar:/home/runner/.m2/repository/org/eclipse/jetty/jetty-alpn-client/11.0.15/jetty-alpn-client-11.0.15.jar:/home/runner/.m2/repository/org/apache/httpcomponents/client5/httpclient5/5.2.1/httpclient5-5.2.1.jar:/home/runner/.m2/repository/org/apache/httpcomponents/core5/httpcore5/5.2/httpcore5-5.2.jar:/home/runner/.m2/repository/org/apache/httpcomponents/core5/httpcore5-h2/5.2/httpcore5-h2-5.2.jar:/home/runner/.m2/repository/org/xmlunit/xmlunit-core/2.9.1/xmlunit-core-2.9.1.jar:/home/runner/.m2/repository/jakarta/xml/bind/jakarta.xml.bind-api/4.0.2/jakarta.xml.bind-api-4.0.2.jar:/home/runner/.m2/repository/org/xmlunit/xmlunit-legacy/2.9.1/xmlunit-legacy-2.9.1.jar:/home/runner/.m2/repository/org/xmlunit/xmlunit-placeholders/2.9.1/xmlunit-placeholders-2.9.1.jar:/home/runner/.m2/repository/net/javacrumbs/json-unit/json-unit-core/2.38.0/json-unit-core-2.38.0.jar:/home/runner/.m2/repository/org/hamcrest/hamcrest-core/2.2/hamcrest-core-2.2.jar:/home/runner/.m2/repository/com/jayway/jsonpath/json-path/2.8.0/json-path-2.8.0.jar:/home/runner/.m2/repository/net/minidev/json-smart/2.4.10/json-smart-2.4.10.jar:/home/runner/.m2/repository/net/minidev/accessors-smart/2.4.9/accessors-smart-2.4.9.jar:/home/runner/.m2/repository/org/ow2/asm/asm/9.7.1/asm-9.7.1.jar:/home/runner/.m2/repository/net/sf/jopt-simple/jopt-simple/5.0.4/jopt-simple-5.0.4.jar:/home/runner/.m2/repository/com/github/jknack/handlebars/4.3.1/handlebars-4.3.1.jar:/home/runner/.m2/repository/com/github/jknack/handlebars-helpers/4.3.1/handlebars-helpers-4.3.1.jar:/home/runner/.m2/repository/commons-fileupload/commons-fileupload/1.5/commons-fileupload-1.5.jar:/home/runner/.m2/repository/com/networknt/json-schema-validator/1.5.8/json-schema-validator-1.5.8.jar:/home/runner/.m2/repository/com/ethlo/time/itu/1.10.3/itu-1.10.3.jar:/home/runner/.m2/repository/io/quarkus/quarkus-smallrye-jwt-build/3.20.2/quarkus-smallrye-jwt-build-3.20.2.jar:/home/runner/.m2/repository/io/smallrye/smallrye-jwt-build/4.6.2/smallrye-jwt-build-4.6.2.jar:/home/runner/.m2/repository/org/eclipse/microprofile/jwt/microprofile-jwt-auth-api/2.1/microprofile-jwt-auth-api-2.1.jar:/home/runner/.m2/repository/org/bitbucket/b_c/jose4j/0.9.6/jose4j-0.9.6.jar:/home/runner/.m2/repository/io/smallrye/smallrye-jwt-common/4.6.2/smallrye-jwt-common-4.6.2.jar:/home/runner/.m2/repository/io/quarkus/quarkus-jsonp/3.20.2/quarkus-jsonp-3.20.2.jar:/home/runner/.m2/repository/io/quarkus/quarkus-arc/3.20.2/quarkus-arc-3.20.2.jar:/home/runner/.m2/repository/io/quarkus/arc/arc/3.20.2/arc-3.20.2.jar:/home/runner/.m2/repository/jakarta/transaction/jakarta.transaction-api/2.0.1/jakarta.transaction-api-2.0.1.jar:/home/runner/.m2/repository/io/smallrye/reactive/mutiny/2.9.2/mutiny-2.9.2.jar:/home/runner/.m2/repository/org/jctools/jctools-core/4.0.5/jctools-core-4.0.5.jar:/home/runner/.m2/repository/org/eclipse/microprofile/context-propagation/microprofile-context-propagation-api/1.3/microprofile-context-propagation-api-1.3.jar:/home/runner/.m2/repository/io/apicurio/apicurio-common-rest-client-common/0.1.18.Final/apicurio-common-rest-client-common-0.1.18.Final.jar:/home/runner/work/apicurio-testing/apicurio-testing/clusters/ci419/namespaces/ksql043/tests/integration/apicurio-registry/utils/maven-plugin/target/apicurio-registry-maven-plugin-3.0.12-SNAPSHOT.jar:/home/runner/.m2/repository/com/fasterxml/jackson/core/jackson-databind/2.18.2/jackson-databind-2.18.2.jar:/home/runner/.m2/repository/org/apache/avro/avro/1.12.0/avro-1.12.0.jar:/home/runner/.m2/repository/com/google/protobuf/protobuf-java/4.31.1/protobuf-java-4.31.1.jar:/home/runner/.m2/repository/com/google/protobuf/protobuf-java-util/4.31.1/protobuf-java-util-4.31.1.jar:/home/runner/.m2/repository/com/google/code/findbugs/jsr305/3.0.2/jsr305-3.0.2.jar:/home/runner/.m2/repository/com/google/code/gson/gson/2.12.1/gson-2.12.1.jar:/home/runner/.m2/repository/com/google/errorprone/error_prone_annotations/2.36.0/error_prone_annotations-2.36.0.jar:/home/runner/.m2/repository/com/google/j2objc/j2objc-annotations/2.8/j2objc-annotations-2.8.jar:/home/runner/work/apicurio-testing/apicurio-testing/clusters/ci419/namespaces/ksql043/tests/integration/apicurio-registry/schema-util/util-provider/target/apicurio-registry-schema-util-provider-3.0.12-SNAPSHOT.jar:/home/runner/work/apicurio-testing/apicurio-testing/clusters/ci419/namespaces/ksql043/tests/integration/apicurio-registry/schema-util/common/target/apicurio-registry-schema-util-common-3.0.12-SNAPSHOT.jar:/home/runner/.m2/repository/com/fasterxml/jackson/module/jackson-module-parameter-names/2.18.2/jackson-module-parameter-names-2.18.2.jar:/home/runner/.m2/repository/com/fasterxml/jackson/datatype/jackson-datatype-json-org/2.18.2/jackson-datatype-json-org-2.18.2.jar:/home/runner/work/apicurio-testing/apicurio-testing/clusters/ci419/namespaces/ksql043/tests/integration/apicurio-registry/schema-util/json/target/apicurio-registry-schema-util-json-3.0.12-SNAPSHOT.jar:/home/runner/.m2/repository/com/github/erosb/everit-json-schema/1.14.5/everit-json-schema-1.14.5.jar:/home/runner/.m2/repository/commons-validator/commons-validator/1.9.0/commons-validator-1.9.0.jar:/home/runner/.m2/repository/commons-digester/commons-digester/2.1/commons-digester-2.1.jar:/home/runner/.m2/repository/commons-collections/commons-collections/3.2.2/commons-collections-3.2.2.jar:/home/runner/.m2/repository/com/damnhandy/handy-uri-templates/2.1.8/handy-uri-templates-2.1.8.jar:/home/runner/.m2/repository/joda-time/joda-time/2.10.2/joda-time-2.10.2.jar:/home/runner/.m2/repository/com/github/erosb/json-sKema/0.20.0/json-sKema-0.20.0.jar:/home/runner/.m2/repository/io/vertx/vertx-json-schema/4.5.16/vertx-json-schema-4.5.16.jar:/home/runner/work/apicurio-testing/apicurio-testing/clusters/ci419/namespaces/ksql043/tests/integration/apicurio-registry/schema-util/protobuf/target/apicurio-registry-schema-util-protobuf-3.0.12-SNAPSHOT.jar:/home/runner/work/apicurio-testing/apicurio-testing/clusters/ci419/namespaces/ksql043/tests/integration/apicurio-registry/utils/protobuf-schema-utilities/target/apicurio-registry-protobuf-schema-utilities-3.0.12-SNAPSHOT.jar:/home/runner/.m2/repository/com/google/api/grpc/proto-google-common-protos/2.52.0/proto-google-common-protos-2.52.0.jar:/home/runner/.m2/repository/com/squareup/wire/wire-schema-jvm/5.3.3/wire-schema-jvm-5.3.3.jar:/home/runner/.m2/repository/com/palantir/javapoet/javapoet/0.6.0/javapoet-0.6.0.jar:/home/runner/.m2/repository/com/squareup/kotlinpoet-jvm/2.0.0/kotlinpoet-jvm-2.0.0.jar:/home/runner/.m2/repository/org/jetbrains/kotlin/kotlin-reflect/2.0.21/kotlin-reflect-2.0.21.jar:/home/runner/.m2/repository/com/squareup/wire/wire-runtime-jvm/5.3.3/wire-runtime-jvm-5.3.3.jar:/home/runner/.m2/repository/com/ibm/icu/icu4j/76.1/icu4j-76.1.jar:/home/runner/.m2/repository/com/squareup/okio/okio-fakefilesystem/3.10.2/okio-fakefilesystem-3.10.2.jar:/home/runner/.m2/repository/com/squareup/okio/okio-fakefilesystem-jvm/3.10.2/okio-fakefilesystem-jvm-3.10.2.jar:/home/runner/.m2/repository/org/jetbrains/kotlinx/kotlinx-datetime-jvm/0.6.1/kotlinx-datetime-jvm-0.6.1.jar:/home/runner/work/apicurio-testing/apicurio-testing/clusters/ci419/namespaces/ksql043/tests/integration/apicurio-registry/schema-util/asyncapi/target/apicurio-registry-schema-util-asyncapi-3.0.12-SNAPSHOT.jar:/home/runner/work/apicurio-testing/apicurio-testing/clusters/ci419/namespaces/ksql043/tests/integration/apicurio-registry/schema-util/avro/target/apicurio-registry-schema-util-avro-3.0.12-SNAPSHOT.jar:/home/runner/work/apicurio-testing/apicurio-testing/clusters/ci419/namespaces/ksql043/tests/integration/apicurio-registry/schema-util/graphql/target/apicurio-registry-schema-util-graphql-3.0.12-SNAPSHOT.jar:/home/runner/.m2/repository/com/graphql-java/graphql-java/22.4/graphql-java-22.4.jar:/home/runner/.m2/repository/com/graphql-java/java-dataloader/3.3.0/java-dataloader-3.3.0.jar:/home/runner/work/apicurio-testing/apicurio-testing/clusters/ci419/namespaces/ksql043/tests/integration/apicurio-registry/schema-util/kconnect/target/apicurio-registry-schema-util-kconnect-3.0.12-SNAPSHOT.jar:/home/runner/work/apicurio-testing/apicurio-testing/clusters/ci419/namespaces/ksql043/tests/integration/apicurio-registry/schema-util/openapi/target/apicurio-registry-schema-util-openapi-3.0.12-SNAPSHOT.jar:/home/runner/.m2/repository/io/apicurio/apicurio-data-models/2.2.2/apicurio-data-models-2.2.2.jar:/home/runner/.m2/repository/org/openapitools/openapidiff/openapi-diff-core/2.1.2/openapi-diff-core-2.1.2.jar:/home/runner/.m2/repository/io/swagger/parser/v3/swagger-parser/2.1.28/swagger-parser-2.1.28.jar:/home/runner/.m2/repository/io/swagger/parser/v3/swagger-parser-v2-converter/2.1.28/swagger-parser-v2-converter-2.1.28.jar:/home/runner/.m2/repository/io/swagger/swagger-core/1.6.16/swagger-core-1.6.16.jar:/home/runner/.m2/repository/io/swagger/swagger-models/1.6.16/swagger-models-1.6.16.jar:/home/runner/.m2/repository/io/swagger/swagger-annotations/1.6.16/swagger-annotations-1.6.16.jar:/home/runner/.m2/repository/io/swagger/swagger-parser/1.0.75/swagger-parser-1.0.75.jar:/home/runner/.m2/repository/io/swagger/swagger-parser-safe-url-resolver/1.0.75/swagger-parser-safe-url-resolver-1.0.75.jar:/home/runner/.m2/repository/io/swagger/swagger-compat-spec-parser/1.0.75/swagger-compat-spec-parser-1.0.75.jar:/home/runner/.m2/repository/com/github/java-json-tools/json-schema-validator/2.2.14/json-schema-validator-2.2.14.jar:/home/runner/.m2/repository/com/github/java-json-tools/jackson-coreutils-equivalence/1.0/jackson-coreutils-equivalence-1.0.jar:/home/runner/.m2/repository/com/github/java-json-tools/json-schema-core/1.2.14/json-schema-core-1.2.14.jar:/home/runner/.m2/repository/com/github/java-json-tools/uri-template/0.10/uri-template-0.10.jar:/home/runner/.m2/repository/com/googlecode/libphonenumber/libphonenumber/8.11.1/libphonenumber-8.11.1.jar:/home/runner/.m2/repository/com/j2html/j2html/1.6.0/j2html-1.6.0.jar:/home/runner/.m2/repository/org/apache/commons/commons-collections4/4.5.0/commons-collections4-4.5.0.jar:/home/runner/.m2/repository/org/slf4j/jcl-over-slf4j/2.0.17/jcl-over-slf4j-2.0.17.jar:/home/runner/.m2/repository/io/swagger/parser/v3/swagger-parser-v3/2.1.31/swagger-parser-v3-2.1.31.jar:/home/runner/.m2/repository/io/swagger/core/v3/swagger-models/2.2.34/swagger-models-2.2.34.jar:/home/runner/.m2/repository/io/swagger/core/v3/swagger-core/2.2.34/swagger-core-2.2.34.jar:/home/runner/.m2/repository/io/swagger/parser/v3/swagger-parser-core/2.1.31/swagger-parser-core-2.1.31.jar:/home/runner/.m2/repository/io/swagger/parser/v3/swagger-parser-safe-url-resolver/2.1.31/swagger-parser-safe-url-resolver-2.1.31.jar:/home/runner/work/apicurio-testing/apicurio-testing/clusters/ci419/namespaces/ksql043/tests/integration/apicurio-registry/schema-util/wsdl/target/apicurio-registry-schema-util-wsdl-3.0.12-SNAPSHOT.jar:/home/runner/.m2/repository/wsdl4j/wsdl4j/1.6.3/wsdl4j-1.6.3.jar:/home/runner/work/apicurio-testing/apicurio-testing/clusters/ci419/namespaces/ksql043/tests/integration/apicurio-registry/schema-util/xml/target/apicurio-registry-schema-util-xml-3.0.12-SNAPSHOT.jar:/home/runner/.m2/repository/org/apache/santuario/xmlsec/4.0.4/xmlsec-4.0.4.jar:/home/runner/.m2/repository/com/fasterxml/woodstox/woodstox-core/7.1.1/woodstox-core-7.1.1.jar:/home/runner/.m2/repository/org/codehaus/woodstox/stax2-api/4.2.2/stax2-api-4.2.2.jar:/home/runner/work/apicurio-testing/apicurio-testing/clusters/ci419/namespaces/ksql043/tests/integration/apicurio-registry/schema-util/xsd/target/apicurio-registry-schema-util-xsd-3.0.12-SNAPSHOT.jar:/home/runner/work/apicurio-testing/apicurio-testing/clusters/ci419/namespaces/ksql043/tests/integration/apicurio-registry/serdes/kafka/jsonschema-serde/target/apicurio-registry-jsonschema-serde-kafka-3.0.12-SNAPSHOT.jar:/home/runner/work/apicurio-testing/apicurio-testing/clusters/ci419/namespaces/ksql043/tests/integration/apicurio-registry/serdes/kafka/serde-kafka-common/target/apicurio-registry-serde-kafka-common-3.0.12-SNAPSHOT.jar:/home/runner/work/apicurio-testing/apicurio-testing/clusters/ci419/namespaces/ksql043/tests/integration/apicurio-registry/serdes/generic/serde-common/target/apicurio-registry-serde-common-3.0.12-SNAPSHOT.jar:/home/runner/work/apicurio-testing/apicurio-testing/clusters/ci419/namespaces/ksql043/tests/integration/apicurio-registry/serdes/generic/serde-common-jsonschema/target/apicurio-registry-serde-common-jsonschema-3.0.12-SNAPSHOT.jar:/home/runner/.m2/repository/org/json/json/20250107/json-20250107.jar:/home/runner/work/apicurio-testing/apicurio-testing/clusters/ci419/namespaces/ksql043/tests/integration/apicurio-registry/serdes/kafka/avro-serde/target/apicurio-registry-avro-serde-kafka-3.0.12-SNAPSHOT.jar:/home/runner/work/apicurio-testing/apicurio-testing/clusters/ci419/namespaces/ksql043/tests/integration/apicurio-registry/serdes/generic/serde-common-avro/target/apicurio-registry-serde-common-avro-3.0.12-SNAPSHOT.jar:/home/runner/work/apicurio-testing/apicurio-testing/clusters/ci419/namespaces/ksql043/tests/integration/apicurio-registry/serdes/kafka/protobuf-serde/target/apicurio-registry-protobuf-serde-kafka-3.0.12-SNAPSHOT.jar:/home/runner/work/apicurio-testing/apicurio-testing/clusters/ci419/namespaces/ksql043/tests/integration/apicurio-registry/serdes/generic/serde-common-protobuf/target/apicurio-registry-serde-common-protobuf-3.0.12-SNAPSHOT.jar:/home/runner/.m2/repository/com/squareup/wire/wire-schema/5.3.3/wire-schema-5.3.3.jar:/home/runner/.m2/repository/com/squareup/wire/wire-runtime/5.3.3/wire-runtime-5.3.3.jar:/home/runner/work/apicurio-testing/apicurio-testing/clusters/ci419/namespaces/ksql043/tests/integration/apicurio-registry/serdes/pulsar/avro-serde/target/apicurio-registry-avro-serde-pulsar-3.0.12-SNAPSHOT.jar:/home/runner/.m2/repository/org/apache/pulsar/pulsar-functions-api/3.3.8/pulsar-functions-api-3.3.8.jar:/home/runner/work/apicurio-testing/apicurio-testing/clusters/ci419/namespaces/ksql043/tests/integration/apicurio-registry/serdes/nats/avro-serde/target/apicurio-registry-avro-serde-nats-3.0.12-SNAPSHOT.jar:/home/runner/.m2/repository/io/nats/jnats/2.21.4/jnats-2.21.4.jar:/home/runner/.m2/repository/org/bouncycastle/bcprov-lts8on/2.73.7/bcprov-lts8on-2.73.7.jar:/home/runner/.m2/repository/org/jetbrains/annotations/26.0.2/annotations-26.0.2.jar:/home/runner/work/apicurio-testing/apicurio-testing/clusters/ci419/namespaces/ksql043/tests/integration/apicurio-registry/utils/converter/target/apicurio-registry-utils-converter-3.0.12-SNAPSHOT.jar:/home/runner/work/apicurio-testing/apicurio-testing/clusters/ci419/namespaces/ksql043/tests/integration/apicurio-registry/schema-resolver/target/apicurio-registry-schema-resolver-3.0.12-SNAPSHOT.jar:/home/runner/.m2/repository/org/apache/kafka/connect-api/3.9.1/connect-api-3.9.1.jar:/home/runner/.m2/repository/javax/ws/rs/javax.ws.rs-api/2.1.1/javax.ws.rs-api-2.1.1.jar:/home/runner/.m2/repository/org/apache/kafka/connect-json/3.9.1/connect-json-3.9.1.jar:/home/runner/.m2/repository/com/fasterxml/jackson/datatype/jackson-datatype-jdk8/2.18.2/jackson-datatype-jdk8-2.18.2.jar:/home/runner/.m2/repository/com/fasterxml/jackson/module/jackson-module-afterburner/2.18.2/jackson-module-afterburner-2.18.2.jar:/home/runner/work/apicurio-testing/apicurio-testing/clusters/ci419/namespaces/ksql043/tests/integration/apicurio-registry/utils/kafka/target/apicurio-registry-utils-kafka-3.0.12-SNAPSHOT.jar:/home/runner/.m2/repository/org/apache/pulsar/pulsar-client/3.3.8/pulsar-client-3.3.8.jar:/home/runner/.m2/repository/org/apache/pulsar/pulsar-client-api/3.3.8/pulsar-client-api-3.3.8.jar:/home/runner/.m2/repository/org/apache/pulsar/pulsar-client-admin-api/3.3.8/pulsar-client-admin-api-3.3.8.jar:/home/runner/.m2/repository/org/apache/pulsar/bouncy-castle-bc/3.3.8/bouncy-castle-bc-3.3.8-pkg.jar:/home/runner/.m2/repository/org/bouncycastle/bcpkix-jdk18on/1.81/bcpkix-jdk18on-1.81.jar:/home/runner/.m2/repository/org/bouncycastle/bcutil-jdk18on/1.81/bcutil-jdk18on-1.81.jar:/home/runner/.m2/repository/org/bouncycastle/bcprov-jdk18on/1.81/bcprov-jdk18on-1.81.jar:/home/runner/.m2/repository/io/opentelemetry/opentelemetry-api/1.44.1/opentelemetry-api-1.44.1.jar:/home/runner/.m2/repository/io/opentelemetry/opentelemetry-context/1.44.1/opentelemetry-context-1.44.1.jar:/home/runner/.m2/repository/io/opentelemetry/opentelemetry-api-incubator/1.44.1-alpha/opentelemetry-api-incubator-1.44.1-alpha.jar:/home/runner/.m2/repository/com/fasterxml/jackson/core/jackson-annotations/2.18.2/jackson-annotations-2.18.2.jar:/home/runner/.m2/repository/javax/validation/validation-api/1.1.0.Final/validation-api-1.1.0.Final.jar:/home/runner/.m2/repository/org/jspecify/jspecify/1.0.0/jspecify-1.0.0.jar:/home/runner/.m2/repository/org/apache/commons/commons-configuration2/2.12.0/commons-configuration2-2.12.0.jar:/home/runner/.m2/repository/commons-logging/commons-logging/1.3.5/commons-logging-1.3.5.jar:/home/runner/.m2/repository/org/apache/commons/commons-text/1.13.0/commons-text-1.13.0.jar:/home/runner/.m2/repository/io/confluent/kafka-avro-serializer/8.0.0/kafka-avro-serializer-8.0.0.jar:/home/runner/.m2/repository/org/apache/commons/commons-compress/1.27.1/commons-compress-1.27.1.jar:/home/runner/.m2/repository/io/confluent/kafka-schema-serializer/8.0.0/kafka-schema-serializer-8.0.0.jar:/home/runner/.m2/repository/com/fasterxml/jackson/dataformat/jackson-dataformat-csv/2.18.2/jackson-dataformat-csv-2.18.2.jar:/home/runner/.m2/repository/io/confluent/kafka-schema-registry-client/8.0.0/kafka-schema-registry-client-8.0.0.jar:/home/runner/.m2/repository/org/yaml/snakeyaml/2.3/snakeyaml-2.3.jar:/home/runner/.m2/repository/io/swagger/core/v3/swagger-annotations/2.2.29/swagger-annotations-2.2.29.jar:/home/runner/.m2/repository/com/google/guava/guava/33.4.0-jre/guava-33.4.0-jre.jar:/home/runner/.m2/repository/com/google/guava/failureaccess/1.0.1/failureaccess-1.0.1.jar:/home/runner/.m2/repository/org/checkerframework/checker-qual/3.49.0/checker-qual-3.49.0.jar:/home/runner/.m2/repository/io/confluent/logredactor/1.0.13/logredactor-1.0.13.jar:/home/runner/.m2/repository/com/google/re2j/re2j/1.6/re2j-1.6.jar:/home/runner/.m2/repository/io/confluent/logredactor-metrics/1.0.13/logredactor-metrics-1.0.13.jar:/home/runner/.m2/repository/com/eclipsesource/minimal-json/minimal-json/0.9.5/minimal-json-0.9.5.jar:/home/runner/.m2/repository/io/confluent/common-utils/8.0.0/common-utils-8.0.0.jar:/home/runner/.m2/repository/io/confluent/kafka-connect-avro-converter/8.0.0/kafka-connect-avro-converter-8.0.0.jar:/home/runner/.m2/repository/io/confluent/kafka-connect-avro-data/8.0.0/kafka-connect-avro-data-8.0.0.jar:/home/runner/.m2/repository/io/confluent/kafka-schema-converter/8.0.0/kafka-schema-converter-8.0.0.jar:/home/runner/.m2/repository/io/rest-assured/rest-assured/5.5.1/rest-assured-5.5.1.jar:/home/runner/.m2/repository/org/apache/groovy/groovy/4.0.22/groovy-4.0.22.jar:/home/runner/.m2/repository/org/apache/groovy/groovy-xml/4.0.22/groovy-xml-4.0.22.jar:/home/runner/.m2/repository/org/apache/httpcomponents/httpclient/4.5.14/httpclient-4.5.14.jar:/home/runner/.m2/repository/org/apache/httpcomponents/httpcore/4.4.16/httpcore-4.4.16.jar:/home/runner/.m2/repository/org/apache/httpcomponents/httpmime/4.5.14/httpmime-4.5.14.jar:/home/runner/.m2/repository/org/hamcrest/hamcrest/2.2/hamcrest-2.2.jar:/home/runner/.m2/repository/org/ccil/cowan/tagsoup/tagsoup/1.2.1/tagsoup-1.2.1.jar:/home/runner/.m2/repository/io/rest-assured/json-path/5.5.1/json-path-5.5.1.jar:/home/runner/.m2/repository/org/apache/groovy/groovy-json/4.0.22/groovy-json-4.0.22.jar:/home/runner/.m2/repository/io/rest-assured/rest-assured-common/5.5.1/rest-assured-common-5.5.1.jar:/home/runner/.m2/repository/io/rest-assured/xml-path/5.5.1/xml-path-5.5.1.jar:/home/runner/.m2/repository/io/zonky/test/embedded-postgres/2.1.0/embedded-postgres-2.1.0.jar:/home/runner/.m2/repository/io/zonky/test/postgres/embedded-postgres-binaries-windows-amd64/14.15.0/embedded-postgres-binaries-windows-amd64-14.15.0.jar:/home/runner/.m2/repository/io/zonky/test/postgres/embedded-postgres-binaries-darwin-amd64/14.15.0/embedded-postgres-binaries-darwin-amd64-14.15.0.jar:/home/runner/.m2/repository/io/zonky/test/postgres/embedded-postgres-binaries-linux-amd64/14.15.0/embedded-postgres-binaries-linux-amd64-14.15.0.jar:/home/runner/.m2/repository/io/zonky/test/postgres/embedded-postgres-binaries-linux-amd64-alpine/14.15.0/embedded-postgres-binaries-linux-amd64-alpine-14.15.0.jar:/home/runner/.m2/repository/org/apache/commons/commons-lang3/3.17.0/commons-lang3-3.17.0.jar:/home/runner/.m2/repository/org/tukaani/xz/1.10/xz-1.10.jar:/home/runner/.m2/repository/commons-codec/commons-codec/1.19.0/commons-codec-1.19.0.jar:/home/runner/.m2/repository/org/postgresql/postgresql/42.7.7/postgresql-42.7.7.jar:/home/runner/.m2/repository/commons-io/commons-io/2.18.0/commons-io-2.18.0.jar:/home/runner/work/apicurio-testing/apicurio-testing/clusters/ci419/namespaces/ksql043/tests/integration/apicurio-registry/utils/importexport/target/apicurio-registry-utils-import-export-3.0.12-SNAPSHOT.jar:/home/runner/.m2/repository/io/vertx/vertx-core/4.5.16/vertx-core-4.5.16.jar:/home/runner/.m2/repository/io/netty/netty-common/4.1.121.Final/netty-common-4.1.121.Final.jar:/home/runner/.m2/repository/io/netty/netty-buffer/4.1.121.Final/netty-buffer-4.1.121.Final.jar:/home/runner/.m2/repository/io/netty/netty-transport/4.1.121.Final/netty-transport-4.1.121.Final.jar:/home/runner/.m2/repository/io/netty/netty-handler/4.1.121.Final/netty-handler-4.1.121.Final.jar:/home/runner/.m2/repository/io/netty/netty-transport-native-unix-common/4.1.121.Final/netty-transport-native-unix-common-4.1.121.Final.jar:/home/runner/.m2/repository/io/netty/netty-codec/4.1.121.Final/netty-codec-4.1.121.Final.jar:/home/runner/.m2/repository/io/netty/netty-handler-proxy/4.1.121.Final/netty-handler-proxy-4.1.121.Final.jar:/home/runner/.m2/repository/io/netty/netty-codec-socks/4.1.121.Final/netty-codec-socks-4.1.121.Final.jar:/home/runner/.m2/repository/io/netty/netty-codec-http/4.1.121.Final/netty-codec-http-4.1.121.Final.jar:/home/runner/.m2/repository/io/netty/netty-codec-http2/4.1.121.Final/netty-codec-http2-4.1.121.Final.jar:/home/runner/.m2/repository/io/netty/netty-resolver/4.1.121.Final/netty-resolver-4.1.121.Final.jar:/home/runner/.m2/repository/io/netty/netty-resolver-dns/4.1.121.Final/netty-resolver-dns-4.1.121.Final.jar:/home/runner/.m2/repository/io/netty/netty-codec-dns/4.1.121.Final/netty-codec-dns-4.1.121.Final.jar:/home/runner/.m2/repository/com/fasterxml/jackson/core/jackson-core/2.18.2/jackson-core-2.18.2.jar:"/>
    <property name="sun.cpu.endian" value="little"/>
    <property name="user.home" value="/home/runner"/>
    <property name="user.language" value="en"/>
    <property name="jboss.log-version" value="false"/>
    <property name="java.specification.vendor" value="Oracle Corporation"/>
    <property name="java.version.date" value="2025-07-15"/>
    <property name="java.home" value="/usr/lib/jvm/temurin-17-jdk-amd64"/>
    <property name="file.separator" value="/"/>
    <property name="basedir" value="/home/runner/work/apicurio-testing/apicurio-testing/clusters/ci419/namespaces/ksql043/tests/integration/apicurio-registry/integration-tests"/>
    <property name="java.vm.compressedOopsMode" value="32-bit"/>
    <property name="line.separator" value="&#10;"/>
    <property name="java.specification.name" value="Java Platform API Specification"/>
    <property name="java.vm.specification.vendor" value="Oracle Corporation"/>
    <property name="quarkus.http.test-host" value="registry-app-ksql043.apps.ci419.apicurio-testing.org"/>
    <property name="surefire.real.class.path" value="/home/runner/work/apicurio-testing/apicurio-testing/clusters/ci419/namespaces/ksql043/tests/integration/apicurio-registry/integration-tests/target/surefire/surefirebooter-20250806185838235_3.jar"/>
    <property name="sun.management.compiler" value="HotSpot 64-Bit Tiered Compilers"/>
    <property name="org.eclipse.jetty.http.HttpGenerator.STRICT" value="true"/>
    <property name="java.runtime.version" value="17.0.16+8"/>
    <property name="user.name" value="runner"/>
    <property name="path.separator" value=":"/>
    <property name="os.version" value="6.8.0-1031-azure"/>
    <property name="java.runtime.name" value="OpenJDK Runtime Environment"/>
    <property name="file.encoding" value="UTF-8"/>
    <property name="jnidispatch.path" value="/home/runner/.cache/JNA/temp/jna14784397140415509828.tmp"/>
    <property name="java.vm.name" value="OpenJDK 64-Bit Server VM"/>
    <property name="jna.platform.library.path" value="/usr/lib/x86_64-linux-gnu:/lib/x86_64-linux-gnu:/usr/lib64:/lib64:/usr/lib:/lib:/lib32:/usr/local/lib:/usr/lib/x86_64-linux-gnu/libfakeroot"/>
    <property name="java.vendor.version" value="Temurin-17.0.16+8"/>
    <property name="quarkus.oidc.token-path" value="https://keycloak-ksql043.apps.ci419.apicurio-testing.org/realms/registry/protocol/openid-connect/token"/>
    <property name="quarkus.http.host" value="registry-app-ksql043.apps.ci419.apicurio-testing.org"/>
    <property name="localRepository" value="/home/runner/.m2/repository"/>
    <property name="javax.xml.xpath.XPathFactory:http://java.sun.com/jaxp/xpath/dom" value="com.sun.org.apache.xpath.internal.jaxp.XPathFactoryImpl"/>
    <property name="jna.loaded" value="true"/>
    <property name="java.vendor.url.bug" value="https://github.com/adoptium/adoptium-support/issues"/>
    <property name="jetty.git.hash" value="5bc5e562c8d05c5862505aebe5cf83a61bdbcb96"/>
    <property name="java.io.tmpdir" value="/tmp"/>
    <property name="quarkus.http.test-protocol" value="http"/>
    <property name="java.version" value="17.0.16"/>
    <property name="user.dir" value="/home/runner/work/apicurio-testing/apicurio-testing/clusters/ci419/namespaces/ksql043/tests/integration/apicurio-registry/integration-tests"/>
    <property name="os.arch" value="amd64"/>
    <property name="groups" value="( smoke | serdes | acceptance | ui)"/>
    <property name="java.vm.specification.name" value="Java Virtual Machine Specification"/>
    <property name="native.encoding" value="UTF-8"/>
    <property name="java.util.logging.manager" value="org.jboss.logmanager.LogManager"/>
    <property name="java.library.path" value="/usr/java/packages/lib:/usr/lib64:/lib64:/lib:/usr/lib"/>
    <property name="jdk.console" value="java.base"/>
    <property name="java.vm.info" value="mixed mode, sharing"/>
    <property name="java.vendor" value="Eclipse Adoptium"/>
    <property name="java.vm.version" value="17.0.16+8"/>
    <property name="java.specification.maintenance.version" value="1"/>
    <property name="sun.io.unicode.encoding" value="UnicodeLittle"/>
    <property name="javax.xml.transform.TransformerFactory" value="com.sun.org.apache.xalan.internal.xsltc.trax.TransformerFactoryImpl"/>
    <property name="java.class.version" value="61.0"/>
  </properties>
  <testcase name="testSimpleTopicIdStrategyFindLatest" classname="io.apicurio.tests.serdes.apicurio.ProtobufSerdeIT" time="1.32">
    <system-out><![CDATA[**** Registry Base URL: http://registry-app-ksql043.apps.ci419.apicurio-testing.org:80
**** Registry Base URL: http://registry-app-ksql043.apps.ci419.apicurio-testing.org:80
2025-08-06 19:00:41,051 INFO  [io.api.tes.ser.api.ProtobufSerdeIT] (main) RestAssured configured with http://registry-app-ksql043.apps.ci419.apicurio-testing.org:80/apis/registry/v3
2025-08-06 19:00:41,059 INFO  [io.api.tes.uti.KafkaFacade] (main) Skipping deployment of kafka, because it's already deployed
2025-08-06 19:00:41,104 INFO  [io.api.tes.uti.TestSeparator] (main) ############################################################################
2025-08-06 19:00:41,104 INFO  [io.api.tes.uti.TestSeparator] (main) io.apicurio.tests.serdes.apicurio.ProtobufSerdeIT.testSimpleTopicIdStrategyFindLatest-STARTED
2025-08-06 19:00:41,109 INFO  [org.apa.kaf.cli.adm.AdminClientConfig] (main) AdminClientConfig values: 
	auto.include.jmx.reporter = true
	bootstrap.controllers = []
	bootstrap.servers = [PLAINTEXT://localhost:32769]
	client.dns.lookup = use_all_dns_ips
	client.id = 
	connections.max.idle.ms = 10000
	default.api.timeout.ms = 60000
	enable.metrics.push = true
	metadata.max.age.ms = 300000
	metadata.recovery.strategy = none
	metric.reporters = []
	metrics.num.samples = 2
	metrics.recording.level = INFO
	metrics.sample.window.ms = 30000
	receive.buffer.bytes = 65536
	reconnect.backoff.max.ms = 1000
	reconnect.backoff.ms = 50
	request.timeout.ms = 5000
	retries = 2147483647
	retry.backoff.max.ms = 1000
	retry.backoff.ms = 100
	sasl.client.callback.handler.class = null
	sasl.jaas.config = null
	sasl.kerberos.kinit.cmd = /usr/bin/kinit
	sasl.kerberos.min.time.before.relogin = 60000
	sasl.kerberos.service.name = null
	sasl.kerberos.ticket.renew.jitter = 0.05
	sasl.kerberos.ticket.renew.window.factor = 0.8
	sasl.login.callback.handler.class = null
	sasl.login.class = null
	sasl.login.connect.timeout.ms = null
	sasl.login.read.timeout.ms = null
	sasl.login.refresh.buffer.seconds = 300
	sasl.login.refresh.min.period.seconds = 60
	sasl.login.refresh.window.factor = 0.8
	sasl.login.refresh.window.jitter = 0.05
	sasl.login.retry.backoff.max.ms = 10000
	sasl.login.retry.backoff.ms = 100
	sasl.mechanism = GSSAPI
	sasl.oauthbearer.clock.skew.seconds = 30
	sasl.oauthbearer.expected.audience = null
	sasl.oauthbearer.expected.issuer = null
	sasl.oauthbearer.header.urlencode = false
	sasl.oauthbearer.jwks.endpoint.refresh.ms = 3600000
	sasl.oauthbearer.jwks.endpoint.retry.backoff.max.ms = 10000
	sasl.oauthbearer.jwks.endpoint.retry.backoff.ms = 100
	sasl.oauthbearer.jwks.endpoint.url = null
	sasl.oauthbearer.scope.claim.name = scope
	sasl.oauthbearer.sub.claim.name = sub
	sasl.oauthbearer.token.endpoint.url = null
	security.protocol = PLAINTEXT
	security.providers = null
	send.buffer.bytes = 131072
	socket.connection.setup.timeout.max.ms = 30000
	socket.connection.setup.timeout.ms = 10000
	ssl.cipher.suites = null
	ssl.enabled.protocols = [TLSv1.2, TLSv1.3]
	ssl.endpoint.identification.algorithm = https
	ssl.engine.factory.class = null
	ssl.key.password = null
	ssl.keymanager.algorithm = SunX509
	ssl.keystore.certificate.chain = null
	ssl.keystore.key = null
	ssl.keystore.location = null
	ssl.keystore.password = null
	ssl.keystore.type = JKS
	ssl.protocol = TLSv1.3
	ssl.provider = null
	ssl.secure.random.implementation = null
	ssl.trustmanager.algorithm = PKIX
	ssl.truststore.certificates = null
	ssl.truststore.location = null
	ssl.truststore.password = null
	ssl.truststore.type = JKS

2025-08-06 19:00:41,110 INFO  [org.apa.kaf.com.uti.AppInfoParser] (main) Kafka version: 3.9.1
2025-08-06 19:00:41,110 INFO  [org.apa.kaf.com.uti.AppInfoParser] (main) Kafka commitId: f745dfdcee2b9851
2025-08-06 19:00:41,110 INFO  [org.apa.kaf.com.uti.AppInfoParser] (main) Kafka startTimeMs: 1754506841110
2025-08-06 19:00:42,422 INFO  [io.api.tes.uti.TestSeparator] (main) io.apicurio.tests.serdes.apicurio.ProtobufSerdeIT.testSimpleTopicIdStrategyFindLatest-FINISHED
2025-08-06 19:00:42,422 INFO  [io.api.tes.uti.TestSeparator] (main) ############################################################################
Test passed: testSimpleTopicIdStrategyFindLatest
]]></system-out>
  </testcase>
  <testcase name="testFindLatestDeriveClassProtobufTypeTopicIdStrategy" classname="io.apicurio.tests.serdes.apicurio.ProtobufSerdeIT" time="1.064">
    <system-out><![CDATA[2025-08-06 19:00:42,423 INFO  [io.api.tes.uti.TestSeparator] (main) ############################################################################
2025-08-06 19:00:42,423 INFO  [io.api.tes.uti.TestSeparator] (main) io.apicurio.tests.serdes.apicurio.ProtobufSerdeIT.testFindLatestDeriveClassProtobufTypeTopicIdStrategy-STARTED
2025-08-06 19:00:43,486 INFO  [io.api.tes.uti.TestSeparator] (main) io.apicurio.tests.serdes.apicurio.ProtobufSerdeIT.testFindLatestDeriveClassProtobufTypeTopicIdStrategy-FINISHED
2025-08-06 19:00:43,486 INFO  [io.api.tes.uti.TestSeparator] (main) ############################################################################
Test passed: testFindLatestDeriveClassProtobufTypeTopicIdStrategy
]]></system-out>
  </testcase>
  <testcase name="testWrongSchema" classname="io.apicurio.tests.serdes.apicurio.ProtobufSerdeIT" time="1.063">
    <system-out><![CDATA[2025-08-06 19:00:43,487 INFO  [io.api.tes.uti.TestSeparator] (main) ############################################################################
2025-08-06 19:00:43,487 INFO  [io.api.tes.uti.TestSeparator] (main) io.apicurio.tests.serdes.apicurio.ProtobufSerdeIT.testWrongSchema-STARTED
2025-08-06 19:00:44,550 INFO  [io.api.tes.uti.TestSeparator] (main) io.apicurio.tests.serdes.apicurio.ProtobufSerdeIT.testWrongSchema-FINISHED
2025-08-06 19:00:44,550 INFO  [io.api.tes.uti.TestSeparator] (main) ############################################################################
Test passed: testWrongSchema
]]></system-out>
  </testcase>
  <testcase name="testTopicIdStrategyAutoRegister" classname="io.apicurio.tests.serdes.apicurio.ProtobufSerdeIT" time="4.395">
    <system-out><![CDATA[2025-08-06 19:00:44,552 INFO  [io.api.tes.uti.TestSeparator] (main) ############################################################################
2025-08-06 19:00:44,553 INFO  [io.api.tes.uti.TestSeparator] (main) io.apicurio.tests.serdes.apicurio.ProtobufSerdeIT.testTopicIdStrategyAutoRegister-STARTED
**** Registry Base URL: http://registry-app-ksql043.apps.ci419.apicurio-testing.org:80
2025-08-06 19:00:44,556 INFO  [org.apa.kaf.cli.pro.ProducerConfig] (main) ProducerConfig values: 
	acks = -1
	auto.include.jmx.reporter = true
	batch.size = 16384
	bootstrap.servers = [PLAINTEXT://localhost:32769]
	buffer.memory = 33554432
	client.dns.lookup = use_all_dns_ips
	client.id = Producer-topic-52b3667d_eb74_4a2c_aac7_91988f0ee9c9
	compression.gzip.level = -1
	compression.lz4.level = 9
	compression.type = none
	compression.zstd.level = 3
	connections.max.idle.ms = 10000
	delivery.timeout.ms = 120000
	enable.idempotence = true
	enable.metrics.push = true
	interceptor.classes = []
	key.serializer = class org.apache.kafka.common.serialization.StringSerializer
	linger.ms = 0
	max.block.ms = 60000
	max.in.flight.requests.per.connection = 5
	max.request.size = 1048576
	metadata.max.age.ms = 300000
	metadata.max.idle.ms = 300000
	metadata.recovery.strategy = none
	metric.reporters = []
	metrics.num.samples = 2
	metrics.recording.level = INFO
	metrics.sample.window.ms = 30000
	partitioner.adaptive.partitioning.enable = true
	partitioner.availability.timeout.ms = 0
	partitioner.class = null
	partitioner.ignore.keys = false
	receive.buffer.bytes = 32768
	reconnect.backoff.max.ms = 1000
	reconnect.backoff.ms = 50
	request.timeout.ms = 5000
	retries = 2147483647
	retry.backoff.max.ms = 1000
	retry.backoff.ms = 100
	sasl.client.callback.handler.class = null
	sasl.jaas.config = null
	sasl.kerberos.kinit.cmd = /usr/bin/kinit
	sasl.kerberos.min.time.before.relogin = 60000
	sasl.kerberos.service.name = null
	sasl.kerberos.ticket.renew.jitter = 0.05
	sasl.kerberos.ticket.renew.window.factor = 0.8
	sasl.login.callback.handler.class = null
	sasl.login.class = null
	sasl.login.connect.timeout.ms = null
	sasl.login.read.timeout.ms = null
	sasl.login.refresh.buffer.seconds = 300
	sasl.login.refresh.min.period.seconds = 60
	sasl.login.refresh.window.factor = 0.8
	sasl.login.refresh.window.jitter = 0.05
	sasl.login.retry.backoff.max.ms = 10000
	sasl.login.retry.backoff.ms = 100
	sasl.mechanism = GSSAPI
	sasl.oauthbearer.clock.skew.seconds = 30
	sasl.oauthbearer.expected.audience = null
	sasl.oauthbearer.expected.issuer = null
	sasl.oauthbearer.header.urlencode = false
	sasl.oauthbearer.jwks.endpoint.refresh.ms = 3600000
	sasl.oauthbearer.jwks.endpoint.retry.backoff.max.ms = 10000
	sasl.oauthbearer.jwks.endpoint.retry.backoff.ms = 100
	sasl.oauthbearer.jwks.endpoint.url = null
	sasl.oauthbearer.scope.claim.name = scope
	sasl.oauthbearer.sub.claim.name = sub
	sasl.oauthbearer.token.endpoint.url = null
	security.protocol = PLAINTEXT
	security.providers = null
	send.buffer.bytes = 131072
	socket.connection.setup.timeout.max.ms = 30000
	socket.connection.setup.timeout.ms = 10000
	ssl.cipher.suites = null
	ssl.enabled.protocols = [TLSv1.2, TLSv1.3]
	ssl.endpoint.identification.algorithm = https
	ssl.engine.factory.class = null
	ssl.key.password = null
	ssl.keymanager.algorithm = SunX509
	ssl.keystore.certificate.chain = null
	ssl.keystore.key = null
	ssl.keystore.location = null
	ssl.keystore.password = null
	ssl.keystore.type = JKS
	ssl.protocol = TLSv1.3
	ssl.provider = null
	ssl.secure.random.implementation = null
	ssl.trustmanager.algorithm = PKIX
	ssl.truststore.certificates = null
	ssl.truststore.location = null
	ssl.truststore.password = null
	ssl.truststore.type = JKS
	transaction.timeout.ms = 60000
	transactional.id = null
	value.serializer = class io.apicurio.registry.serde.protobuf.ProtobufKafkaSerializer

2025-08-06 19:00:44,556 INFO  [org.apa.kaf.com.tel.int.KafkaMetricsCollector] (main) initializing Kafka metrics collector
2025-08-06 19:00:44,562 INFO  [org.apa.kaf.cli.pro.KafkaProducer] (main) [Producer clientId=Producer-topic-52b3667d_eb74_4a2c_aac7_91988f0ee9c9] Instantiated an idempotent producer.
2025-08-06 19:00:44,564 INFO  [org.apa.kaf.cli.pro.ProducerConfig] (main) These configurations '[apicurio.registry.url, apicurio.registry.headers.enabled, apicurio.registry.auto-register, apicurio.registry.artifact-resolver-strategy]' were supplied but are not used yet.
2025-08-06 19:00:44,564 INFO  [org.apa.kaf.com.uti.AppInfoParser] (main) Kafka version: 3.9.1
2025-08-06 19:00:44,564 INFO  [org.apa.kaf.com.uti.AppInfoParser] (main) Kafka commitId: f745dfdcee2b9851
2025-08-06 19:00:44,564 INFO  [org.apa.kaf.com.uti.AppInfoParser] (main) Kafka startTimeMs: 1754506844564
2025-08-06 19:00:44,564 INFO  [io.api.tes.ser.api.SimpleSerdesTesterBuilder$SimpleSerdesTester] (main) Using producer configuration: {apicurio.registry.url=http://registry-app-ksql043.apps.ci419.apicurio-testing.org:80/apis/registry/v3, apicurio.registry.headers.enabled=true, apicurio.registry.auto-register=true, apicurio.registry.artifact-resolver-strategy=io.apicurio.registry.serde.strategy.TopicIdStrategy, value.serializer=io.apicurio.registry.serde.protobuf.ProtobufKafkaSerializer, request.timeout.ms=5000, acks=all, bootstrap.servers=PLAINTEXT://localhost:32769, connections.max.idle.ms=10000, key.serializer=org.apache.kafka.common.serialization.StringSerializer, client.id=Producer-topic-52b3667d_eb74_4a2c_aac7_91988f0ee9c9}
2025-08-06 19:00:44,564 INFO  [io.api.tes.ser.api.SimpleSerdesTesterBuilder$SimpleSerdesTester] (main) Using consumer configuration: {apicurio.registry.headers.enabled=true}
2025-08-06 19:00:44,575 INFO  [org.apa.kaf.cli.Metadata] (kafka-producer-network-thread | Producer-topic-52b3667d_eb74_4a2c_aac7_91988f0ee9c9) [Producer clientId=Producer-topic-52b3667d_eb74_4a2c_aac7_91988f0ee9c9] Cluster ID: T8p0IQFNTYSHGQR6rr1wVQ
2025-08-06 19:00:44,575 INFO  [org.apa.kaf.cli.pro.int.TransactionManager] (kafka-producer-network-thread | Producer-topic-52b3667d_eb74_4a2c_aac7_91988f0ee9c9) [Producer clientId=Producer-topic-52b3667d_eb74_4a2c_aac7_91988f0ee9c9] ProducerId set to 27 with epoch 0
2025-08-06 19:00:44,735 INFO  [io.api.tes.ser.api.KafkaSerdesTester] (Thread-748) Sending message header {
  time {
  }
}
d1: 1.754506844568E12
s1: "a"
i1: 123
bi1: 1
point {
  longitude: 22.0
  latitude: 22.0
  altitude: 1.0
}
 to topic topic-52b3667d_eb74_4a2c_aac7_91988f0ee9c9
2025-08-06 19:00:44,939 INFO  [io.api.tes.ser.api.KafkaSerdesTester] (Thread-748) Sending message header {
  time {
  }
}
d1: 1.754506844938E12
s1: "a"
i1: 123
bi1: 1
point {
  longitude: 22.0
  latitude: 22.0
  altitude: 1.0
}
 to topic topic-52b3667d_eb74_4a2c_aac7_91988f0ee9c9
2025-08-06 19:00:44,973 INFO  [io.api.tes.ser.api.KafkaSerdesTester] (Thread-748) Sending message header {
  time {
  }
}
d1: 1.754506844973E12
s1: "a"
i1: 123
bi1: 1
point {
  longitude: 22.0
  latitude: 22.0
  altitude: 1.0
}
 to topic topic-52b3667d_eb74_4a2c_aac7_91988f0ee9c9
2025-08-06 19:00:45,009 INFO  [io.api.tes.ser.api.KafkaSerdesTester] (Thread-748) Sending message header {
  time {
  }
}
d1: 1.754506845009E12
s1: "a"
i1: 123
bi1: 1
point {
  longitude: 22.0
  latitude: 22.0
  altitude: 1.0
}
 to topic topic-52b3667d_eb74_4a2c_aac7_91988f0ee9c9
2025-08-06 19:00:45,049 INFO  [io.api.tes.ser.api.KafkaSerdesTester] (Thread-748) Sending message header {
  time {
  }
}
d1: 1.754506845049E12
s1: "a"
i1: 123
bi1: 1
point {
  longitude: 22.0
  latitude: 22.0
  altitude: 1.0
}
 to topic topic-52b3667d_eb74_4a2c_aac7_91988f0ee9c9
2025-08-06 19:00:45,088 INFO  [io.api.tes.ser.api.KafkaSerdesTester] (Thread-748) Sending message header {
  time {
  }
}
d1: 1.754506845088E12
s1: "a"
i1: 123
bi1: 1
point {
  longitude: 22.0
  latitude: 22.0
  altitude: 1.0
}
 to topic topic-52b3667d_eb74_4a2c_aac7_91988f0ee9c9
2025-08-06 19:00:45,123 INFO  [io.api.tes.ser.api.KafkaSerdesTester] (Thread-748) Sending message header {
  time {
  }
}
d1: 1.754506845122E12
s1: "a"
i1: 123
bi1: 1
point {
  longitude: 22.0
  latitude: 22.0
  altitude: 1.0
}
 to topic topic-52b3667d_eb74_4a2c_aac7_91988f0ee9c9
2025-08-06 19:00:45,160 INFO  [io.api.tes.ser.api.KafkaSerdesTester] (Thread-748) Sending message header {
  time {
  }
}
d1: 1.754506845158E12
s1: "a"
i1: 123
bi1: 1
point {
  longitude: 22.0
  latitude: 22.0
  altitude: 1.0
}
 to topic topic-52b3667d_eb74_4a2c_aac7_91988f0ee9c9
2025-08-06 19:00:45,194 INFO  [io.api.tes.ser.api.KafkaSerdesTester] (Thread-748) Sending message header {
  time {
  }
}
d1: 1.754506845193E12
s1: "a"
i1: 123
bi1: 1
point {
  longitude: 22.0
  latitude: 22.0
  altitude: 1.0
}
 to topic topic-52b3667d_eb74_4a2c_aac7_91988f0ee9c9
2025-08-06 19:00:45,231 INFO  [io.api.tes.ser.api.KafkaSerdesTester] (Thread-748) Sending message header {
  time {
  }
}
d1: 1.75450684523E12
s1: "a"
i1: 123
bi1: 1
point {
  longitude: 22.0
  latitude: 22.0
  altitude: 1.0
}
 to topic topic-52b3667d_eb74_4a2c_aac7_91988f0ee9c9
2025-08-06 19:00:45,290 INFO  [io.api.tes.ser.api.KafkaSerdesTester] (Thread-748) Produced 10 messages
2025-08-06 19:00:45,290 INFO  [org.apa.kaf.cli.pro.KafkaProducer] (Thread-748) [Producer clientId=Producer-topic-52b3667d_eb74_4a2c_aac7_91988f0ee9c9] Closing the Kafka producer with timeoutMillis = 9223372036854775807 ms.
2025-08-06 19:00:45,292 INFO  [org.apa.kaf.com.met.Metrics] (Thread-748) Metrics scheduler closed
2025-08-06 19:00:45,292 INFO  [org.apa.kaf.com.met.Metrics] (Thread-748) Closing reporter org.apache.kafka.common.metrics.JmxReporter
2025-08-06 19:00:45,292 INFO  [org.apa.kaf.com.met.Metrics] (Thread-748) Closing reporter org.apache.kafka.common.telemetry.internals.ClientTelemetryReporter
2025-08-06 19:00:45,292 INFO  [org.apa.kaf.com.met.Metrics] (Thread-748) Metrics reporters closed
2025-08-06 19:00:45,293 INFO  [org.apa.kaf.com.uti.AppInfoParser] (Thread-748) App info kafka.producer for Producer-topic-52b3667d_eb74_4a2c_aac7_91988f0ee9c9 unregistered
**** Registry Base URL: http://registry-app-ksql043.apps.ci419.apicurio-testing.org:80
2025-08-06 19:00:45,314 INFO  [org.apa.kaf.cli.con.ConsumerConfig] (main) ConsumerConfig values: 
	allow.auto.create.topics = true
	auto.commit.interval.ms = 500
	auto.include.jmx.reporter = true
	auto.offset.reset = earliest
	bootstrap.servers = [PLAINTEXT://localhost:32769]
	check.crcs = true
	client.dns.lookup = use_all_dns_ips
	client.id = consumer-Consumer-topic-52b3667d_eb74_4a2c_aac7_91988f0ee9c9-20
	client.rack = 
	connections.max.idle.ms = 10000
	default.api.timeout.ms = 60000
	enable.auto.commit = true
	enable.metrics.push = true
	exclude.internal.topics = true
	fetch.max.bytes = 52428800
	fetch.max.wait.ms = 500
	fetch.min.bytes = 1
	group.id = Consumer-topic-52b3667d_eb74_4a2c_aac7_91988f0ee9c9
	group.instance.id = null
	group.protocol = classic
	group.remote.assignor = null
	heartbeat.interval.ms = 3000
	interceptor.classes = []
	internal.leave.group.on.close = true
	internal.throw.on.fetch.stable.offset.unsupported = false
	isolation.level = read_uncommitted
	key.deserializer = class org.apache.kafka.common.serialization.StringDeserializer
	max.partition.fetch.bytes = 1048576
	max.poll.interval.ms = 300000
	max.poll.records = 500
	metadata.max.age.ms = 300000
	metadata.recovery.strategy = none
	metric.reporters = []
	metrics.num.samples = 2
	metrics.recording.level = INFO
	metrics.sample.window.ms = 30000
	partition.assignment.strategy = [class org.apache.kafka.clients.consumer.RangeAssignor, class org.apache.kafka.clients.consumer.CooperativeStickyAssignor]
	receive.buffer.bytes = 65536
	reconnect.backoff.max.ms = 1000
	reconnect.backoff.ms = 50
	request.timeout.ms = 5000
	retry.backoff.max.ms = 1000
	retry.backoff.ms = 100
	sasl.client.callback.handler.class = null
	sasl.jaas.config = null
	sasl.kerberos.kinit.cmd = /usr/bin/kinit
	sasl.kerberos.min.time.before.relogin = 60000
	sasl.kerberos.service.name = null
	sasl.kerberos.ticket.renew.jitter = 0.05
	sasl.kerberos.ticket.renew.window.factor = 0.8
	sasl.login.callback.handler.class = null
	sasl.login.class = null
	sasl.login.connect.timeout.ms = null
	sasl.login.read.timeout.ms = null
	sasl.login.refresh.buffer.seconds = 300
	sasl.login.refresh.min.period.seconds = 60
	sasl.login.refresh.window.factor = 0.8
	sasl.login.refresh.window.jitter = 0.05
	sasl.login.retry.backoff.max.ms = 10000
	sasl.login.retry.backoff.ms = 100
	sasl.mechanism = GSSAPI
	sasl.oauthbearer.clock.skew.seconds = 30
	sasl.oauthbearer.expected.audience = null
	sasl.oauthbearer.expected.issuer = null
	sasl.oauthbearer.header.urlencode = false
	sasl.oauthbearer.jwks.endpoint.refresh.ms = 3600000
	sasl.oauthbearer.jwks.endpoint.retry.backoff.max.ms = 10000
	sasl.oauthbearer.jwks.endpoint.retry.backoff.ms = 100
	sasl.oauthbearer.jwks.endpoint.url = null
	sasl.oauthbearer.scope.claim.name = scope
	sasl.oauthbearer.sub.claim.name = sub
	sasl.oauthbearer.token.endpoint.url = null
	security.protocol = PLAINTEXT
	security.providers = null
	send.buffer.bytes = 131072
	session.timeout.ms = 45000
	socket.connection.setup.timeout.max.ms = 30000
	socket.connection.setup.timeout.ms = 10000
	ssl.cipher.suites = null
	ssl.enabled.protocols = [TLSv1.2, TLSv1.3]
	ssl.endpoint.identification.algorithm = https
	ssl.engine.factory.class = null
	ssl.key.password = null
	ssl.keymanager.algorithm = SunX509
	ssl.keystore.certificate.chain = null
	ssl.keystore.key = null
	ssl.keystore.location = null
	ssl.keystore.password = null
	ssl.keystore.type = JKS
	ssl.protocol = TLSv1.3
	ssl.provider = null
	ssl.secure.random.implementation = null
	ssl.trustmanager.algorithm = PKIX
	ssl.truststore.certificates = null
	ssl.truststore.location = null
	ssl.truststore.password = null
	ssl.truststore.type = JKS
	value.deserializer = class io.apicurio.registry.serde.protobuf.ProtobufKafkaDeserializer

2025-08-06 19:00:45,314 INFO  [org.apa.kaf.com.tel.int.KafkaMetricsCollector] (main) initializing Kafka metrics collector
2025-08-06 19:00:45,319 INFO  [org.apa.kaf.cli.con.ConsumerConfig] (main) These configurations '[apicurio.registry.url, apicurio.registry.headers.enabled]' were supplied but are not used yet.
2025-08-06 19:00:45,320 INFO  [org.apa.kaf.com.uti.AppInfoParser] (main) Kafka version: 3.9.1
2025-08-06 19:00:45,320 INFO  [org.apa.kaf.com.uti.AppInfoParser] (main) Kafka commitId: f745dfdcee2b9851
2025-08-06 19:00:45,320 INFO  [org.apa.kaf.com.uti.AppInfoParser] (main) Kafka startTimeMs: 1754506845319
2025-08-06 19:00:45,320 INFO  [org.apa.kaf.cli.con.int.ClassicKafkaConsumer] (Thread-751) [Consumer clientId=consumer-Consumer-topic-52b3667d_eb74_4a2c_aac7_91988f0ee9c9-20, groupId=Consumer-topic-52b3667d_eb74_4a2c_aac7_91988f0ee9c9] Subscribed to topic(s): topic-52b3667d_eb74_4a2c_aac7_91988f0ee9c9
2025-08-06 19:00:45,323 INFO  [org.apa.kaf.cli.Metadata] (Thread-751) [Consumer clientId=consumer-Consumer-topic-52b3667d_eb74_4a2c_aac7_91988f0ee9c9-20, groupId=Consumer-topic-52b3667d_eb74_4a2c_aac7_91988f0ee9c9] Cluster ID: T8p0IQFNTYSHGQR6rr1wVQ
2025-08-06 19:00:45,324 INFO  [org.apa.kaf.cli.con.int.ConsumerCoordinator] (Thread-751) [Consumer clientId=consumer-Consumer-topic-52b3667d_eb74_4a2c_aac7_91988f0ee9c9-20, groupId=Consumer-topic-52b3667d_eb74_4a2c_aac7_91988f0ee9c9] Discovered group coordinator localhost:32769 (id: 2147483647 rack: null)
2025-08-06 19:00:45,325 INFO  [org.apa.kaf.cli.con.int.ConsumerCoordinator] (Thread-751) [Consumer clientId=consumer-Consumer-topic-52b3667d_eb74_4a2c_aac7_91988f0ee9c9-20, groupId=Consumer-topic-52b3667d_eb74_4a2c_aac7_91988f0ee9c9] (Re-)joining group
2025-08-06 19:00:45,326 INFO  [org.apa.kaf.cli.con.int.ConsumerCoordinator] (Thread-751) [Consumer clientId=consumer-Consumer-topic-52b3667d_eb74_4a2c_aac7_91988f0ee9c9-20, groupId=Consumer-topic-52b3667d_eb74_4a2c_aac7_91988f0ee9c9] Request joining group due to: need to re-join with the given member-id: consumer-Consumer-topic-52b3667d_eb74_4a2c_aac7_91988f0ee9c9-20-7cc9db26-5eed-42e6-b9fa-9749c3284af8
2025-08-06 19:00:45,327 INFO  [org.apa.kaf.cli.con.int.ConsumerCoordinator] (Thread-751) [Consumer clientId=consumer-Consumer-topic-52b3667d_eb74_4a2c_aac7_91988f0ee9c9-20, groupId=Consumer-topic-52b3667d_eb74_4a2c_aac7_91988f0ee9c9] (Re-)joining group
2025-08-06 19:00:46,320 INFO  [io.api.tes.ser.api.KafkaSerdesTester] (Thread-751) None found
2025-08-06 19:00:47,320 INFO  [io.api.tes.ser.api.KafkaSerdesTester] (Thread-751) None found
2025-08-06 19:00:48,320 INFO  [io.api.tes.ser.api.KafkaSerdesTester] (Thread-751) None found
2025-08-06 19:00:48,329 INFO  [org.apa.kaf.cli.con.int.ConsumerCoordinator] (Thread-751) [Consumer clientId=consumer-Consumer-topic-52b3667d_eb74_4a2c_aac7_91988f0ee9c9-20, groupId=Consumer-topic-52b3667d_eb74_4a2c_aac7_91988f0ee9c9] Successfully joined group with generation Generation{generationId=1, memberId='consumer-Consumer-topic-52b3667d_eb74_4a2c_aac7_91988f0ee9c9-20-7cc9db26-5eed-42e6-b9fa-9749c3284af8', protocol='range'}
2025-08-06 19:00:48,329 INFO  [org.apa.kaf.cli.con.int.ConsumerCoordinator] (Thread-751) [Consumer clientId=consumer-Consumer-topic-52b3667d_eb74_4a2c_aac7_91988f0ee9c9-20, groupId=Consumer-topic-52b3667d_eb74_4a2c_aac7_91988f0ee9c9] Finished assignment for group at generation 1: {consumer-Consumer-topic-52b3667d_eb74_4a2c_aac7_91988f0ee9c9-20-7cc9db26-5eed-42e6-b9fa-9749c3284af8=Assignment(partitions=[topic-52b3667d_eb74_4a2c_aac7_91988f0ee9c9-0])}
2025-08-06 19:00:48,336 INFO  [org.apa.kaf.cli.con.int.ConsumerCoordinator] (Thread-751) [Consumer clientId=consumer-Consumer-topic-52b3667d_eb74_4a2c_aac7_91988f0ee9c9-20, groupId=Consumer-topic-52b3667d_eb74_4a2c_aac7_91988f0ee9c9] Successfully synced group in generation Generation{generationId=1, memberId='consumer-Consumer-topic-52b3667d_eb74_4a2c_aac7_91988f0ee9c9-20-7cc9db26-5eed-42e6-b9fa-9749c3284af8', protocol='range'}
2025-08-06 19:00:48,337 INFO  [org.apa.kaf.cli.con.int.ConsumerCoordinator] (Thread-751) [Consumer clientId=consumer-Consumer-topic-52b3667d_eb74_4a2c_aac7_91988f0ee9c9-20, groupId=Consumer-topic-52b3667d_eb74_4a2c_aac7_91988f0ee9c9] Notifying assignor about the new Assignment(partitions=[topic-52b3667d_eb74_4a2c_aac7_91988f0ee9c9-0])
2025-08-06 19:00:48,337 INFO  [org.apa.kaf.cli.con.int.ConsumerRebalanceListenerInvoker] (Thread-751) [Consumer clientId=consumer-Consumer-topic-52b3667d_eb74_4a2c_aac7_91988f0ee9c9-20, groupId=Consumer-topic-52b3667d_eb74_4a2c_aac7_91988f0ee9c9] Adding newly assigned partitions: topic-52b3667d_eb74_4a2c_aac7_91988f0ee9c9-0
2025-08-06 19:00:48,338 INFO  [org.apa.kaf.cli.con.int.ConsumerCoordinator] (Thread-751) [Consumer clientId=consumer-Consumer-topic-52b3667d_eb74_4a2c_aac7_91988f0ee9c9-20, groupId=Consumer-topic-52b3667d_eb74_4a2c_aac7_91988f0ee9c9] Found no committed offset for partition topic-52b3667d_eb74_4a2c_aac7_91988f0ee9c9-0
2025-08-06 19:00:48,342 INFO  [org.apa.kaf.cli.con.int.SubscriptionState] (Thread-751) [Consumer clientId=consumer-Consumer-topic-52b3667d_eb74_4a2c_aac7_91988f0ee9c9-20, groupId=Consumer-topic-52b3667d_eb74_4a2c_aac7_91988f0ee9c9] Resetting offset for partition topic-52b3667d_eb74_4a2c_aac7_91988f0ee9c9-0 to position FetchPosition{offset=0, offsetEpoch=Optional.empty, currentLeader=LeaderAndEpoch{leader=Optional[localhost:32769 (id: 0 rack: null)], epoch=0}}.
2025-08-06 19:00:48,422 INFO  [io.api.tes.ser.api.KafkaSerdesTester] (Thread-751) topic-52b3667d_eb74_4a2c_aac7_91988f0ee9c9 0 0 header {
  time {
  }
}
d1: 1.754506844568E12
s1: "a"
i1: 123
bi1: 1
point {
  longitude: 22.0
  latitude: 22.0
  altitude: 1.0
}

2025-08-06 19:00:48,422 INFO  [io.api.tes.ser.api.KafkaSerdesTester] (Thread-751) topic-52b3667d_eb74_4a2c_aac7_91988f0ee9c9 0 1 header {
  time {
  }
}
d1: 1.754506844938E12
s1: "a"
i1: 123
bi1: 1
point {
  longitude: 22.0
  latitude: 22.0
  altitude: 1.0
}

2025-08-06 19:00:48,422 INFO  [io.api.tes.ser.api.KafkaSerdesTester] (Thread-751) topic-52b3667d_eb74_4a2c_aac7_91988f0ee9c9 0 2 header {
  time {
  }
}
d1: 1.754506844973E12
s1: "a"
i1: 123
bi1: 1
point {
  longitude: 22.0
  latitude: 22.0
  altitude: 1.0
}

2025-08-06 19:00:48,422 INFO  [io.api.tes.ser.api.KafkaSerdesTester] (Thread-751) topic-52b3667d_eb74_4a2c_aac7_91988f0ee9c9 0 3 header {
  time {
  }
}
d1: 1.754506845009E12
s1: "a"
i1: 123
bi1: 1
point {
  longitude: 22.0
  latitude: 22.0
  altitude: 1.0
}

2025-08-06 19:00:48,423 INFO  [io.api.tes.ser.api.KafkaSerdesTester] (Thread-751) topic-52b3667d_eb74_4a2c_aac7_91988f0ee9c9 0 4 header {
  time {
  }
}
d1: 1.754506845049E12
s1: "a"
i1: 123
bi1: 1
point {
  longitude: 22.0
  latitude: 22.0
  altitude: 1.0
}

2025-08-06 19:00:48,426 INFO  [io.api.tes.ser.api.KafkaSerdesTester] (Thread-751) topic-52b3667d_eb74_4a2c_aac7_91988f0ee9c9 0 5 header {
  time {
  }
}
d1: 1.754506845088E12
s1: "a"
i1: 123
bi1: 1
point {
  longitude: 22.0
  latitude: 22.0
  altitude: 1.0
}

2025-08-06 19:00:48,426 INFO  [io.api.tes.ser.api.KafkaSerdesTester] (Thread-751) topic-52b3667d_eb74_4a2c_aac7_91988f0ee9c9 0 6 header {
  time {
  }
}
d1: 1.754506845122E12
s1: "a"
i1: 123
bi1: 1
point {
  longitude: 22.0
  latitude: 22.0
  altitude: 1.0
}

2025-08-06 19:00:48,426 INFO  [io.api.tes.ser.api.KafkaSerdesTester] (Thread-751) topic-52b3667d_eb74_4a2c_aac7_91988f0ee9c9 0 7 header {
  time {
  }
}
d1: 1.754506845158E12
s1: "a"
i1: 123
bi1: 1
point {
  longitude: 22.0
  latitude: 22.0
  altitude: 1.0
}

2025-08-06 19:00:48,427 INFO  [io.api.tes.ser.api.KafkaSerdesTester] (Thread-751) topic-52b3667d_eb74_4a2c_aac7_91988f0ee9c9 0 8 header {
  time {
  }
}
d1: 1.754506845193E12
s1: "a"
i1: 123
bi1: 1
point {
  longitude: 22.0
  latitude: 22.0
  altitude: 1.0
}

2025-08-06 19:00:48,427 INFO  [io.api.tes.ser.api.KafkaSerdesTester] (Thread-751) topic-52b3667d_eb74_4a2c_aac7_91988f0ee9c9 0 9 header {
  time {
  }
}
d1: 1.75450684523E12
s1: "a"
i1: 123
bi1: 1
point {
  longitude: 22.0
  latitude: 22.0
  altitude: 1.0
}

2025-08-06 19:00:48,427 INFO  [io.api.tes.ser.api.KafkaSerdesTester] (Thread-751) Consumed 10 messages
2025-08-06 19:00:48,436 INFO  [org.apa.kaf.cli.con.int.ConsumerRebalanceListenerInvoker] (Thread-751) [Consumer clientId=consumer-Consumer-topic-52b3667d_eb74_4a2c_aac7_91988f0ee9c9-20, groupId=Consumer-topic-52b3667d_eb74_4a2c_aac7_91988f0ee9c9] Revoke previously assigned partitions topic-52b3667d_eb74_4a2c_aac7_91988f0ee9c9-0
2025-08-06 19:00:48,436 INFO  [org.apa.kaf.cli.con.int.ConsumerCoordinator] (Thread-751) [Consumer clientId=consumer-Consumer-topic-52b3667d_eb74_4a2c_aac7_91988f0ee9c9-20, groupId=Consumer-topic-52b3667d_eb74_4a2c_aac7_91988f0ee9c9] Member consumer-Consumer-topic-52b3667d_eb74_4a2c_aac7_91988f0ee9c9-20-7cc9db26-5eed-42e6-b9fa-9749c3284af8 sending LeaveGroup request to coordinator localhost:32769 (id: 2147483647 rack: null) due to the consumer is being closed
2025-08-06 19:00:48,437 INFO  [org.apa.kaf.cli.con.int.ConsumerCoordinator] (Thread-751) [Consumer clientId=consumer-Consumer-topic-52b3667d_eb74_4a2c_aac7_91988f0ee9c9-20, groupId=Consumer-topic-52b3667d_eb74_4a2c_aac7_91988f0ee9c9] Resetting generation and member id due to: consumer pro-actively leaving the group
2025-08-06 19:00:48,437 INFO  [org.apa.kaf.cli.con.int.ConsumerCoordinator] (Thread-751) [Consumer clientId=consumer-Consumer-topic-52b3667d_eb74_4a2c_aac7_91988f0ee9c9-20, groupId=Consumer-topic-52b3667d_eb74_4a2c_aac7_91988f0ee9c9] Request joining group due to: consumer pro-actively leaving the group
2025-08-06 19:00:48,924 INFO  [org.apa.kaf.com.met.Metrics] (Thread-751) Metrics scheduler closed
2025-08-06 19:00:48,924 INFO  [org.apa.kaf.com.met.Metrics] (Thread-751) Closing reporter org.apache.kafka.common.metrics.JmxReporter
2025-08-06 19:00:48,924 INFO  [org.apa.kaf.com.met.Metrics] (Thread-751) Closing reporter org.apache.kafka.common.telemetry.internals.ClientTelemetryReporter
2025-08-06 19:00:48,924 INFO  [org.apa.kaf.com.met.Metrics] (Thread-751) Metrics reporters closed
2025-08-06 19:00:48,926 INFO  [org.apa.kaf.com.uti.AppInfoParser] (Thread-751) App info kafka.consumer for consumer-Consumer-topic-52b3667d_eb74_4a2c_aac7_91988f0ee9c9-20 unregistered
2025-08-06 19:00:48,945 INFO  [io.api.tes.uti.TestSeparator] (main) io.apicurio.tests.serdes.apicurio.ProtobufSerdeIT.testTopicIdStrategyAutoRegister-FINISHED
2025-08-06 19:00:48,946 INFO  [io.api.tes.uti.TestSeparator] (main) ############################################################################
Test passed: testTopicIdStrategyAutoRegister
]]></system-out>
  </testcase>
  <testcase name="testAutoRegisterAndUseBody" classname="io.apicurio.tests.serdes.apicurio.ProtobufSerdeIT" time="4.305">
    <system-out><![CDATA[2025-08-06 19:00:48,950 INFO  [io.api.tes.uti.TestSeparator] (main) ############################################################################
2025-08-06 19:00:48,950 INFO  [io.api.tes.uti.TestSeparator] (main) io.apicurio.tests.serdes.apicurio.ProtobufSerdeIT.testAutoRegisterAndUseBody-STARTED
**** Registry Base URL: http://registry-app-ksql043.apps.ci419.apicurio-testing.org:80
2025-08-06 19:00:48,957 INFO  [org.apa.kaf.cli.pro.ProducerConfig] (main) ProducerConfig values: 
	acks = -1
	auto.include.jmx.reporter = true
	batch.size = 16384
	bootstrap.servers = [PLAINTEXT://localhost:32769]
	buffer.memory = 33554432
	client.dns.lookup = use_all_dns_ips
	client.id = Producer-topic-d6aa70e0_d479_4cfe_ad08_cddb6670e80f
	compression.gzip.level = -1
	compression.lz4.level = 9
	compression.type = none
	compression.zstd.level = 3
	connections.max.idle.ms = 10000
	delivery.timeout.ms = 120000
	enable.idempotence = true
	enable.metrics.push = true
	interceptor.classes = []
	key.serializer = class org.apache.kafka.common.serialization.StringSerializer
	linger.ms = 0
	max.block.ms = 60000
	max.in.flight.requests.per.connection = 5
	max.request.size = 1048576
	metadata.max.age.ms = 300000
	metadata.max.idle.ms = 300000
	metadata.recovery.strategy = none
	metric.reporters = []
	metrics.num.samples = 2
	metrics.recording.level = INFO
	metrics.sample.window.ms = 30000
	partitioner.adaptive.partitioning.enable = true
	partitioner.availability.timeout.ms = 0
	partitioner.class = null
	partitioner.ignore.keys = false
	receive.buffer.bytes = 32768
	reconnect.backoff.max.ms = 1000
	reconnect.backoff.ms = 50
	request.timeout.ms = 5000
	retries = 2147483647
	retry.backoff.max.ms = 1000
	retry.backoff.ms = 100
	sasl.client.callback.handler.class = null
	sasl.jaas.config = null
	sasl.kerberos.kinit.cmd = /usr/bin/kinit
	sasl.kerberos.min.time.before.relogin = 60000
	sasl.kerberos.service.name = null
	sasl.kerberos.ticket.renew.jitter = 0.05
	sasl.kerberos.ticket.renew.window.factor = 0.8
	sasl.login.callback.handler.class = null
	sasl.login.class = null
	sasl.login.connect.timeout.ms = null
	sasl.login.read.timeout.ms = null
	sasl.login.refresh.buffer.seconds = 300
	sasl.login.refresh.min.period.seconds = 60
	sasl.login.refresh.window.factor = 0.8
	sasl.login.refresh.window.jitter = 0.05
	sasl.login.retry.backoff.max.ms = 10000
	sasl.login.retry.backoff.ms = 100
	sasl.mechanism = GSSAPI
	sasl.oauthbearer.clock.skew.seconds = 30
	sasl.oauthbearer.expected.audience = null
	sasl.oauthbearer.expected.issuer = null
	sasl.oauthbearer.header.urlencode = false
	sasl.oauthbearer.jwks.endpoint.refresh.ms = 3600000
	sasl.oauthbearer.jwks.endpoint.retry.backoff.max.ms = 10000
	sasl.oauthbearer.jwks.endpoint.retry.backoff.ms = 100
	sasl.oauthbearer.jwks.endpoint.url = null
	sasl.oauthbearer.scope.claim.name = scope
	sasl.oauthbearer.sub.claim.name = sub
	sasl.oauthbearer.token.endpoint.url = null
	security.protocol = PLAINTEXT
	security.providers = null
	send.buffer.bytes = 131072
	socket.connection.setup.timeout.max.ms = 30000
	socket.connection.setup.timeout.ms = 10000
	ssl.cipher.suites = null
	ssl.enabled.protocols = [TLSv1.2, TLSv1.3]
	ssl.endpoint.identification.algorithm = https
	ssl.engine.factory.class = null
	ssl.key.password = null
	ssl.keymanager.algorithm = SunX509
	ssl.keystore.certificate.chain = null
	ssl.keystore.key = null
	ssl.keystore.location = null
	ssl.keystore.password = null
	ssl.keystore.type = JKS
	ssl.protocol = TLSv1.3
	ssl.provider = null
	ssl.secure.random.implementation = null
	ssl.trustmanager.algorithm = PKIX
	ssl.truststore.certificates = null
	ssl.truststore.location = null
	ssl.truststore.password = null
	ssl.truststore.type = JKS
	transaction.timeout.ms = 60000
	transactional.id = null
	value.serializer = class io.apicurio.registry.serde.protobuf.ProtobufKafkaSerializer

2025-08-06 19:00:48,957 INFO  [org.apa.kaf.com.tel.int.KafkaMetricsCollector] (main) initializing Kafka metrics collector
2025-08-06 19:00:48,960 INFO  [org.apa.kaf.cli.pro.KafkaProducer] (main) [Producer clientId=Producer-topic-d6aa70e0_d479_4cfe_ad08_cddb6670e80f] Instantiated an idempotent producer.
2025-08-06 19:00:48,962 INFO  [org.apa.kaf.cli.pro.ProducerConfig] (main) These configurations '[apicurio.registry.url, apicurio.registry.auto-register, apicurio.registry.artifact-resolver-strategy]' were supplied but are not used yet.
2025-08-06 19:00:48,962 INFO  [org.apa.kaf.com.uti.AppInfoParser] (main) Kafka version: 3.9.1
2025-08-06 19:00:48,962 INFO  [org.apa.kaf.com.uti.AppInfoParser] (main) Kafka commitId: f745dfdcee2b9851
2025-08-06 19:00:48,962 INFO  [org.apa.kaf.com.uti.AppInfoParser] (main) Kafka startTimeMs: 1754506848962
2025-08-06 19:00:48,962 INFO  [io.api.tes.ser.api.SimpleSerdesTesterBuilder$SimpleSerdesTester] (main) Using producer configuration: {apicurio.registry.url=http://registry-app-ksql043.apps.ci419.apicurio-testing.org:80/apis/registry/v3, apicurio.registry.auto-register=true, apicurio.registry.artifact-resolver-strategy=io.apicurio.registry.serde.strategy.TopicIdStrategy, value.serializer=io.apicurio.registry.serde.protobuf.ProtobufKafkaSerializer, request.timeout.ms=5000, acks=all, bootstrap.servers=PLAINTEXT://localhost:32769, connections.max.idle.ms=10000, key.serializer=org.apache.kafka.common.serialization.StringSerializer, client.id=Producer-topic-d6aa70e0_d479_4cfe_ad08_cddb6670e80f}
2025-08-06 19:00:48,962 INFO  [io.api.tes.ser.api.SimpleSerdesTesterBuilder$SimpleSerdesTester] (main) Using consumer configuration: {apicurio.protobuf.derive.class=true}
2025-08-06 19:00:48,963 INFO  [io.api.tes.ser.api.KafkaSerdesTester] (Thread-754) Sending message header {
  time {
  }
}
d1: 1.754506848962E12
s1: "a"
i1: 123
bi1: 1
point {
  longitude: 22.0
  latitude: 22.0
  altitude: 1.0
}
 to topic topic-d6aa70e0_d479_4cfe_ad08_cddb6670e80f
2025-08-06 19:00:48,967 WARN  [org.apa.kaf.cli.NetworkClient] (kafka-producer-network-thread | Producer-topic-d6aa70e0_d479_4cfe_ad08_cddb6670e80f) [Producer clientId=Producer-topic-d6aa70e0_d479_4cfe_ad08_cddb6670e80f] The metadata response from the cluster reported a recoverable issue with correlation id 1 : {topic-d6aa70e0_d479_4cfe_ad08_cddb6670e80f=UNKNOWN_TOPIC_OR_PARTITION}
2025-08-06 19:00:48,967 INFO  [org.apa.kaf.cli.Metadata] (kafka-producer-network-thread | Producer-topic-d6aa70e0_d479_4cfe_ad08_cddb6670e80f) [Producer clientId=Producer-topic-d6aa70e0_d479_4cfe_ad08_cddb6670e80f] Cluster ID: T8p0IQFNTYSHGQR6rr1wVQ
2025-08-06 19:00:48,967 INFO  [org.apa.kaf.cli.pro.int.TransactionManager] (kafka-producer-network-thread | Producer-topic-d6aa70e0_d479_4cfe_ad08_cddb6670e80f) [Producer clientId=Producer-topic-d6aa70e0_d479_4cfe_ad08_cddb6670e80f] ProducerId set to 28 with epoch 0
2025-08-06 19:00:49,168 INFO  [io.api.tes.ser.api.KafkaSerdesTester] (Thread-754) Sending message header {
  time {
  }
}
d1: 1.754506849167E12
s1: "a"
i1: 123
bi1: 1
point {
  longitude: 22.0
  latitude: 22.0
  altitude: 1.0
}
 to topic topic-d6aa70e0_d479_4cfe_ad08_cddb6670e80f
2025-08-06 19:00:49,204 INFO  [io.api.tes.ser.api.KafkaSerdesTester] (Thread-754) Sending message header {
  time {
  }
}
d1: 1.754506849204E12
s1: "a"
i1: 123
bi1: 1
point {
  longitude: 22.0
  latitude: 22.0
  altitude: 1.0
}
 to topic topic-d6aa70e0_d479_4cfe_ad08_cddb6670e80f
2025-08-06 19:00:49,238 INFO  [io.api.tes.ser.api.KafkaSerdesTester] (Thread-754) Sending message header {
  time {
  }
}
d1: 1.754506849238E12
s1: "a"
i1: 123
bi1: 1
point {
  longitude: 22.0
  latitude: 22.0
  altitude: 1.0
}
 to topic topic-d6aa70e0_d479_4cfe_ad08_cddb6670e80f
2025-08-06 19:00:49,269 INFO  [io.api.tes.ser.api.KafkaSerdesTester] (Thread-754) Sending message header {
  time {
  }
}
d1: 1.754506849269E12
s1: "a"
i1: 123
bi1: 1
point {
  longitude: 22.0
  latitude: 22.0
  altitude: 1.0
}
 to topic topic-d6aa70e0_d479_4cfe_ad08_cddb6670e80f
2025-08-06 19:00:49,308 INFO  [io.api.tes.ser.api.KafkaSerdesTester] (Thread-754) Sending message header {
  time {
  }
}
d1: 1.754506849308E12
s1: "a"
i1: 123
bi1: 1
point {
  longitude: 22.0
  latitude: 22.0
  altitude: 1.0
}
 to topic topic-d6aa70e0_d479_4cfe_ad08_cddb6670e80f
2025-08-06 19:00:49,341 INFO  [io.api.tes.ser.api.KafkaSerdesTester] (Thread-754) Sending message header {
  time {
  }
}
d1: 1.75450684934E12
s1: "a"
i1: 123
bi1: 1
point {
  longitude: 22.0
  latitude: 22.0
  altitude: 1.0
}
 to topic topic-d6aa70e0_d479_4cfe_ad08_cddb6670e80f
2025-08-06 19:00:49,372 INFO  [io.api.tes.ser.api.KafkaSerdesTester] (Thread-754) Sending message header {
  time {
  }
}
d1: 1.754506849371E12
s1: "a"
i1: 123
bi1: 1
point {
  longitude: 22.0
  latitude: 22.0
  altitude: 1.0
}
 to topic topic-d6aa70e0_d479_4cfe_ad08_cddb6670e80f
2025-08-06 19:00:49,405 INFO  [io.api.tes.ser.api.KafkaSerdesTester] (Thread-754) Sending message header {
  time {
  }
}
d1: 1.754506849405E12
s1: "a"
i1: 123
bi1: 1
point {
  longitude: 22.0
  latitude: 22.0
  altitude: 1.0
}
 to topic topic-d6aa70e0_d479_4cfe_ad08_cddb6670e80f
2025-08-06 19:00:49,437 INFO  [io.api.tes.ser.api.KafkaSerdesTester] (Thread-754) Sending message header {
  time {
  }
}
d1: 1.754506849436E12
s1: "a"
i1: 123
bi1: 1
point {
  longitude: 22.0
  latitude: 22.0
  altitude: 1.0
}
 to topic topic-d6aa70e0_d479_4cfe_ad08_cddb6670e80f
2025-08-06 19:00:49,466 INFO  [io.api.tes.ser.api.KafkaSerdesTester] (Thread-754) Produced 10 messages
2025-08-06 19:00:49,466 INFO  [org.apa.kaf.cli.pro.KafkaProducer] (Thread-754) [Producer clientId=Producer-topic-d6aa70e0_d479_4cfe_ad08_cddb6670e80f] Closing the Kafka producer with timeoutMillis = 9223372036854775807 ms.
2025-08-06 19:00:49,468 INFO  [org.apa.kaf.com.met.Metrics] (Thread-754) Metrics scheduler closed
2025-08-06 19:00:49,468 INFO  [org.apa.kaf.com.met.Metrics] (Thread-754) Closing reporter org.apache.kafka.common.metrics.JmxReporter
2025-08-06 19:00:49,468 INFO  [org.apa.kaf.com.met.Metrics] (Thread-754) Closing reporter org.apache.kafka.common.telemetry.internals.ClientTelemetryReporter
2025-08-06 19:00:49,468 INFO  [org.apa.kaf.com.met.Metrics] (Thread-754) Metrics reporters closed
2025-08-06 19:00:49,468 INFO  [org.apa.kaf.com.uti.AppInfoParser] (Thread-754) App info kafka.producer for Producer-topic-d6aa70e0_d479_4cfe_ad08_cddb6670e80f unregistered
**** Registry Base URL: http://registry-app-ksql043.apps.ci419.apicurio-testing.org:80
2025-08-06 19:00:49,487 INFO  [org.apa.kaf.cli.con.ConsumerConfig] (main) ConsumerConfig values: 
	allow.auto.create.topics = true
	auto.commit.interval.ms = 500
	auto.include.jmx.reporter = true
	auto.offset.reset = earliest
	bootstrap.servers = [PLAINTEXT://localhost:32769]
	check.crcs = true
	client.dns.lookup = use_all_dns_ips
	client.id = consumer-Consumer-topic-d6aa70e0_d479_4cfe_ad08_cddb6670e80f-21
	client.rack = 
	connections.max.idle.ms = 10000
	default.api.timeout.ms = 60000
	enable.auto.commit = true
	enable.metrics.push = true
	exclude.internal.topics = true
	fetch.max.bytes = 52428800
	fetch.max.wait.ms = 500
	fetch.min.bytes = 1
	group.id = Consumer-topic-d6aa70e0_d479_4cfe_ad08_cddb6670e80f
	group.instance.id = null
	group.protocol = classic
	group.remote.assignor = null
	heartbeat.interval.ms = 3000
	interceptor.classes = []
	internal.leave.group.on.close = true
	internal.throw.on.fetch.stable.offset.unsupported = false
	isolation.level = read_uncommitted
	key.deserializer = class org.apache.kafka.common.serialization.StringDeserializer
	max.partition.fetch.bytes = 1048576
	max.poll.interval.ms = 300000
	max.poll.records = 500
	metadata.max.age.ms = 300000
	metadata.recovery.strategy = none
	metric.reporters = []
	metrics.num.samples = 2
	metrics.recording.level = INFO
	metrics.sample.window.ms = 30000
	partition.assignment.strategy = [class org.apache.kafka.clients.consumer.RangeAssignor, class org.apache.kafka.clients.consumer.CooperativeStickyAssignor]
	receive.buffer.bytes = 65536
	reconnect.backoff.max.ms = 1000
	reconnect.backoff.ms = 50
	request.timeout.ms = 5000
	retry.backoff.max.ms = 1000
	retry.backoff.ms = 100
	sasl.client.callback.handler.class = null
	sasl.jaas.config = null
	sasl.kerberos.kinit.cmd = /usr/bin/kinit
	sasl.kerberos.min.time.before.relogin = 60000
	sasl.kerberos.service.name = null
	sasl.kerberos.ticket.renew.jitter = 0.05
	sasl.kerberos.ticket.renew.window.factor = 0.8
	sasl.login.callback.handler.class = null
	sasl.login.class = null
	sasl.login.connect.timeout.ms = null
	sasl.login.read.timeout.ms = null
	sasl.login.refresh.buffer.seconds = 300
	sasl.login.refresh.min.period.seconds = 60
	sasl.login.refresh.window.factor = 0.8
	sasl.login.refresh.window.jitter = 0.05
	sasl.login.retry.backoff.max.ms = 10000
	sasl.login.retry.backoff.ms = 100
	sasl.mechanism = GSSAPI
	sasl.oauthbearer.clock.skew.seconds = 30
	sasl.oauthbearer.expected.audience = null
	sasl.oauthbearer.expected.issuer = null
	sasl.oauthbearer.header.urlencode = false
	sasl.oauthbearer.jwks.endpoint.refresh.ms = 3600000
	sasl.oauthbearer.jwks.endpoint.retry.backoff.max.ms = 10000
	sasl.oauthbearer.jwks.endpoint.retry.backoff.ms = 100
	sasl.oauthbearer.jwks.endpoint.url = null
	sasl.oauthbearer.scope.claim.name = scope
	sasl.oauthbearer.sub.claim.name = sub
	sasl.oauthbearer.token.endpoint.url = null
	security.protocol = PLAINTEXT
	security.providers = null
	send.buffer.bytes = 131072
	session.timeout.ms = 45000
	socket.connection.setup.timeout.max.ms = 30000
	socket.connection.setup.timeout.ms = 10000
	ssl.cipher.suites = null
	ssl.enabled.protocols = [TLSv1.2, TLSv1.3]
	ssl.endpoint.identification.algorithm = https
	ssl.engine.factory.class = null
	ssl.key.password = null
	ssl.keymanager.algorithm = SunX509
	ssl.keystore.certificate.chain = null
	ssl.keystore.key = null
	ssl.keystore.location = null
	ssl.keystore.password = null
	ssl.keystore.type = JKS
	ssl.protocol = TLSv1.3
	ssl.provider = null
	ssl.secure.random.implementation = null
	ssl.trustmanager.algorithm = PKIX
	ssl.truststore.certificates = null
	ssl.truststore.location = null
	ssl.truststore.password = null
	ssl.truststore.type = JKS
	value.deserializer = class io.apicurio.registry.serde.protobuf.ProtobufKafkaDeserializer

2025-08-06 19:00:49,488 INFO  [org.apa.kaf.com.tel.int.KafkaMetricsCollector] (main) initializing Kafka metrics collector
2025-08-06 19:00:49,492 INFO  [org.apa.kaf.cli.con.ConsumerConfig] (main) These configurations '[apicurio.registry.url, apicurio.protobuf.derive.class]' were supplied but are not used yet.
2025-08-06 19:00:49,492 INFO  [org.apa.kaf.com.uti.AppInfoParser] (main) Kafka version: 3.9.1
2025-08-06 19:00:49,492 INFO  [org.apa.kaf.com.uti.AppInfoParser] (main) Kafka commitId: f745dfdcee2b9851
2025-08-06 19:00:49,492 INFO  [org.apa.kaf.com.uti.AppInfoParser] (main) Kafka startTimeMs: 1754506849492
2025-08-06 19:00:49,492 INFO  [org.apa.kaf.cli.con.int.ClassicKafkaConsumer] (Thread-757) [Consumer clientId=consumer-Consumer-topic-d6aa70e0_d479_4cfe_ad08_cddb6670e80f-21, groupId=Consumer-topic-d6aa70e0_d479_4cfe_ad08_cddb6670e80f] Subscribed to topic(s): topic-d6aa70e0_d479_4cfe_ad08_cddb6670e80f
2025-08-06 19:00:49,496 INFO  [org.apa.kaf.cli.Metadata] (Thread-757) [Consumer clientId=consumer-Consumer-topic-d6aa70e0_d479_4cfe_ad08_cddb6670e80f-21, groupId=Consumer-topic-d6aa70e0_d479_4cfe_ad08_cddb6670e80f] Cluster ID: T8p0IQFNTYSHGQR6rr1wVQ
2025-08-06 19:00:49,496 INFO  [org.apa.kaf.cli.con.int.ConsumerCoordinator] (Thread-757) [Consumer clientId=consumer-Consumer-topic-d6aa70e0_d479_4cfe_ad08_cddb6670e80f-21, groupId=Consumer-topic-d6aa70e0_d479_4cfe_ad08_cddb6670e80f] Discovered group coordinator localhost:32769 (id: 2147483647 rack: null)
2025-08-06 19:00:49,498 INFO  [org.apa.kaf.cli.con.int.ConsumerCoordinator] (Thread-757) [Consumer clientId=consumer-Consumer-topic-d6aa70e0_d479_4cfe_ad08_cddb6670e80f-21, groupId=Consumer-topic-d6aa70e0_d479_4cfe_ad08_cddb6670e80f] (Re-)joining group
2025-08-06 19:00:49,501 INFO  [org.apa.kaf.cli.con.int.ConsumerCoordinator] (Thread-757) [Consumer clientId=consumer-Consumer-topic-d6aa70e0_d479_4cfe_ad08_cddb6670e80f-21, groupId=Consumer-topic-d6aa70e0_d479_4cfe_ad08_cddb6670e80f] Request joining group due to: need to re-join with the given member-id: consumer-Consumer-topic-d6aa70e0_d479_4cfe_ad08_cddb6670e80f-21-d9163027-d507-4f5a-be20-289391b9afca
2025-08-06 19:00:49,501 INFO  [org.apa.kaf.cli.con.int.ConsumerCoordinator] (Thread-757) [Consumer clientId=consumer-Consumer-topic-d6aa70e0_d479_4cfe_ad08_cddb6670e80f-21, groupId=Consumer-topic-d6aa70e0_d479_4cfe_ad08_cddb6670e80f] (Re-)joining group
2025-08-06 19:00:50,492 INFO  [io.api.tes.ser.api.KafkaSerdesTester] (Thread-757) None found
2025-08-06 19:00:51,492 INFO  [io.api.tes.ser.api.KafkaSerdesTester] (Thread-757) None found
2025-08-06 19:00:52,493 INFO  [io.api.tes.ser.api.KafkaSerdesTester] (Thread-757) None found
2025-08-06 19:00:52,504 INFO  [org.apa.kaf.cli.con.int.ConsumerCoordinator] (Thread-757) [Consumer clientId=consumer-Consumer-topic-d6aa70e0_d479_4cfe_ad08_cddb6670e80f-21, groupId=Consumer-topic-d6aa70e0_d479_4cfe_ad08_cddb6670e80f] Successfully joined group with generation Generation{generationId=1, memberId='consumer-Consumer-topic-d6aa70e0_d479_4cfe_ad08_cddb6670e80f-21-d9163027-d507-4f5a-be20-289391b9afca', protocol='range'}
2025-08-06 19:00:52,504 INFO  [org.apa.kaf.cli.con.int.ConsumerCoordinator] (Thread-757) [Consumer clientId=consumer-Consumer-topic-d6aa70e0_d479_4cfe_ad08_cddb6670e80f-21, groupId=Consumer-topic-d6aa70e0_d479_4cfe_ad08_cddb6670e80f] Finished assignment for group at generation 1: {consumer-Consumer-topic-d6aa70e0_d479_4cfe_ad08_cddb6670e80f-21-d9163027-d507-4f5a-be20-289391b9afca=Assignment(partitions=[topic-d6aa70e0_d479_4cfe_ad08_cddb6670e80f-0])}
2025-08-06 19:00:52,511 INFO  [org.apa.kaf.cli.con.int.ConsumerCoordinator] (Thread-757) [Consumer clientId=consumer-Consumer-topic-d6aa70e0_d479_4cfe_ad08_cddb6670e80f-21, groupId=Consumer-topic-d6aa70e0_d479_4cfe_ad08_cddb6670e80f] Successfully synced group in generation Generation{generationId=1, memberId='consumer-Consumer-topic-d6aa70e0_d479_4cfe_ad08_cddb6670e80f-21-d9163027-d507-4f5a-be20-289391b9afca', protocol='range'}
2025-08-06 19:00:52,511 INFO  [org.apa.kaf.cli.con.int.ConsumerCoordinator] (Thread-757) [Consumer clientId=consumer-Consumer-topic-d6aa70e0_d479_4cfe_ad08_cddb6670e80f-21, groupId=Consumer-topic-d6aa70e0_d479_4cfe_ad08_cddb6670e80f] Notifying assignor about the new Assignment(partitions=[topic-d6aa70e0_d479_4cfe_ad08_cddb6670e80f-0])
2025-08-06 19:00:52,511 INFO  [org.apa.kaf.cli.con.int.ConsumerRebalanceListenerInvoker] (Thread-757) [Consumer clientId=consumer-Consumer-topic-d6aa70e0_d479_4cfe_ad08_cddb6670e80f-21, groupId=Consumer-topic-d6aa70e0_d479_4cfe_ad08_cddb6670e80f] Adding newly assigned partitions: topic-d6aa70e0_d479_4cfe_ad08_cddb6670e80f-0
2025-08-06 19:00:52,512 INFO  [org.apa.kaf.cli.con.int.ConsumerCoordinator] (Thread-757) [Consumer clientId=consumer-Consumer-topic-d6aa70e0_d479_4cfe_ad08_cddb6670e80f-21, groupId=Consumer-topic-d6aa70e0_d479_4cfe_ad08_cddb6670e80f] Found no committed offset for partition topic-d6aa70e0_d479_4cfe_ad08_cddb6670e80f-0
2025-08-06 19:00:52,517 INFO  [org.apa.kaf.cli.con.int.SubscriptionState] (Thread-757) [Consumer clientId=consumer-Consumer-topic-d6aa70e0_d479_4cfe_ad08_cddb6670e80f-21, groupId=Consumer-topic-d6aa70e0_d479_4cfe_ad08_cddb6670e80f] Resetting offset for partition topic-d6aa70e0_d479_4cfe_ad08_cddb6670e80f-0 to position FetchPosition{offset=0, offsetEpoch=Optional.empty, currentLeader=LeaderAndEpoch{leader=Optional[localhost:32769 (id: 0 rack: null)], epoch=0}}.
2025-08-06 19:00:52,744 INFO  [io.api.tes.ser.api.KafkaSerdesTester] (Thread-757) topic-d6aa70e0_d479_4cfe_ad08_cddb6670e80f 0 0 header {
  time {
  }
}
d1: 1.754506848962E12
s1: "a"
i1: 123
bi1: 1
point {
  longitude: 22.0
  latitude: 22.0
  altitude: 1.0
}

2025-08-06 19:00:52,745 INFO  [io.api.tes.ser.api.KafkaSerdesTester] (Thread-757) topic-d6aa70e0_d479_4cfe_ad08_cddb6670e80f 0 1 header {
  time {
  }
}
d1: 1.754506849167E12
s1: "a"
i1: 123
bi1: 1
point {
  longitude: 22.0
  latitude: 22.0
  altitude: 1.0
}

2025-08-06 19:00:52,745 INFO  [io.api.tes.ser.api.KafkaSerdesTester] (Thread-757) topic-d6aa70e0_d479_4cfe_ad08_cddb6670e80f 0 2 header {
  time {
  }
}
d1: 1.754506849204E12
s1: "a"
i1: 123
bi1: 1
point {
  longitude: 22.0
  latitude: 22.0
  altitude: 1.0
}

2025-08-06 19:00:52,745 INFO  [io.api.tes.ser.api.KafkaSerdesTester] (Thread-757) topic-d6aa70e0_d479_4cfe_ad08_cddb6670e80f 0 3 header {
  time {
  }
}
d1: 1.754506849238E12
s1: "a"
i1: 123
bi1: 1
point {
  longitude: 22.0
  latitude: 22.0
  altitude: 1.0
}

2025-08-06 19:00:52,746 INFO  [io.api.tes.ser.api.KafkaSerdesTester] (Thread-757) topic-d6aa70e0_d479_4cfe_ad08_cddb6670e80f 0 4 header {
  time {
  }
}
d1: 1.754506849269E12
s1: "a"
i1: 123
bi1: 1
point {
  longitude: 22.0
  latitude: 22.0
  altitude: 1.0
}

2025-08-06 19:00:52,746 INFO  [io.api.tes.ser.api.KafkaSerdesTester] (Thread-757) topic-d6aa70e0_d479_4cfe_ad08_cddb6670e80f 0 5 header {
  time {
  }
}
d1: 1.754506849308E12
s1: "a"
i1: 123
bi1: 1
point {
  longitude: 22.0
  latitude: 22.0
  altitude: 1.0
}

2025-08-06 19:00:52,747 INFO  [io.api.tes.ser.api.KafkaSerdesTester] (Thread-757) topic-d6aa70e0_d479_4cfe_ad08_cddb6670e80f 0 6 header {
  time {
  }
}
d1: 1.75450684934E12
s1: "a"
i1: 123
bi1: 1
point {
  longitude: 22.0
  latitude: 22.0
  altitude: 1.0
}

2025-08-06 19:00:52,747 INFO  [io.api.tes.ser.api.KafkaSerdesTester] (Thread-757) topic-d6aa70e0_d479_4cfe_ad08_cddb6670e80f 0 7 header {
  time {
  }
}
d1: 1.754506849371E12
s1: "a"
i1: 123
bi1: 1
point {
  longitude: 22.0
  latitude: 22.0
  altitude: 1.0
}

2025-08-06 19:00:52,747 INFO  [io.api.tes.ser.api.KafkaSerdesTester] (Thread-757) topic-d6aa70e0_d479_4cfe_ad08_cddb6670e80f 0 8 header {
  time {
  }
}
d1: 1.754506849405E12
s1: "a"
i1: 123
bi1: 1
point {
  longitude: 22.0
  latitude: 22.0
  altitude: 1.0
}

2025-08-06 19:00:52,748 INFO  [io.api.tes.ser.api.KafkaSerdesTester] (Thread-757) topic-d6aa70e0_d479_4cfe_ad08_cddb6670e80f 0 9 header {
  time {
  }
}
d1: 1.754506849436E12
s1: "a"
i1: 123
bi1: 1
point {
  longitude: 22.0
  latitude: 22.0
  altitude: 1.0
}

2025-08-06 19:00:52,748 INFO  [io.api.tes.ser.api.KafkaSerdesTester] (Thread-757) Consumed 10 messages
2025-08-06 19:00:52,756 INFO  [org.apa.kaf.cli.con.int.ConsumerRebalanceListenerInvoker] (Thread-757) [Consumer clientId=consumer-Consumer-topic-d6aa70e0_d479_4cfe_ad08_cddb6670e80f-21, groupId=Consumer-topic-d6aa70e0_d479_4cfe_ad08_cddb6670e80f] Revoke previously assigned partitions topic-d6aa70e0_d479_4cfe_ad08_cddb6670e80f-0
2025-08-06 19:00:52,756 INFO  [org.apa.kaf.cli.con.int.ConsumerCoordinator] (Thread-757) [Consumer clientId=consumer-Consumer-topic-d6aa70e0_d479_4cfe_ad08_cddb6670e80f-21, groupId=Consumer-topic-d6aa70e0_d479_4cfe_ad08_cddb6670e80f] Member consumer-Consumer-topic-d6aa70e0_d479_4cfe_ad08_cddb6670e80f-21-d9163027-d507-4f5a-be20-289391b9afca sending LeaveGroup request to coordinator localhost:32769 (id: 2147483647 rack: null) due to the consumer is being closed
2025-08-06 19:00:52,758 INFO  [org.apa.kaf.cli.con.int.ConsumerCoordinator] (Thread-757) [Consumer clientId=consumer-Consumer-topic-d6aa70e0_d479_4cfe_ad08_cddb6670e80f-21, groupId=Consumer-topic-d6aa70e0_d479_4cfe_ad08_cddb6670e80f] Resetting generation and member id due to: consumer pro-actively leaving the group
2025-08-06 19:00:52,758 INFO  [org.apa.kaf.cli.con.int.ConsumerCoordinator] (Thread-757) [Consumer clientId=consumer-Consumer-topic-d6aa70e0_d479_4cfe_ad08_cddb6670e80f-21, groupId=Consumer-topic-d6aa70e0_d479_4cfe_ad08_cddb6670e80f] Request joining group due to: consumer pro-actively leaving the group
2025-08-06 19:00:53,247 INFO  [org.apa.kaf.com.met.Metrics] (Thread-757) Metrics scheduler closed
2025-08-06 19:00:53,247 INFO  [org.apa.kaf.com.met.Metrics] (Thread-757) Closing reporter org.apache.kafka.common.metrics.JmxReporter
2025-08-06 19:00:53,247 INFO  [org.apa.kaf.com.met.Metrics] (Thread-757) Closing reporter org.apache.kafka.common.telemetry.internals.ClientTelemetryReporter
2025-08-06 19:00:53,247 INFO  [org.apa.kaf.com.met.Metrics] (Thread-757) Metrics reporters closed
2025-08-06 19:00:53,250 INFO  [org.apa.kaf.com.uti.AppInfoParser] (Thread-757) App info kafka.consumer for consumer-Consumer-topic-d6aa70e0_d479_4cfe_ad08_cddb6670e80f-21 unregistered
2025-08-06 19:00:53,250 INFO  [io.api.tes.uti.TestSeparator] (main) io.apicurio.tests.serdes.apicurio.ProtobufSerdeIT.testAutoRegisterAndUseBody-FINISHED
2025-08-06 19:00:53,250 INFO  [io.api.tes.uti.TestSeparator] (main) ############################################################################
Test passed: testAutoRegisterAndUseBody
]]></system-out>
  </testcase>
  <testcase name="testValidation" classname="io.apicurio.tests.serdes.apicurio.ProtobufSerdeIT" time="21.74">
    <system-out><![CDATA[2025-08-06 19:00:53,253 INFO  [io.api.tes.uti.TestSeparator] (main) ############################################################################
2025-08-06 19:00:53,253 INFO  [io.api.tes.uti.TestSeparator] (main) io.apicurio.tests.serdes.apicurio.ProtobufSerdeIT.testValidation-STARTED
**** Registry Base URL: http://registry-app-ksql043.apps.ci419.apicurio-testing.org:80
2025-08-06 19:00:55,396 INFO  [org.apa.kaf.cli.pro.ProducerConfig] (main) ProducerConfig values: 
	acks = -1
	auto.include.jmx.reporter = true
	batch.size = 16384
	bootstrap.servers = [PLAINTEXT://localhost:32769]
	buffer.memory = 33554432
	client.dns.lookup = use_all_dns_ips
	client.id = Producer-sdff65111x3521x4fe8x9972xeade1fa2cb63
	compression.gzip.level = -1
	compression.lz4.level = 9
	compression.type = none
	compression.zstd.level = 3
	connections.max.idle.ms = 10000
	delivery.timeout.ms = 120000
	enable.idempotence = true
	enable.metrics.push = true
	interceptor.classes = []
	key.serializer = class org.apache.kafka.common.serialization.StringSerializer
	linger.ms = 0
	max.block.ms = 60000
	max.in.flight.requests.per.connection = 5
	max.request.size = 1048576
	metadata.max.age.ms = 300000
	metadata.max.idle.ms = 300000
	metadata.recovery.strategy = none
	metric.reporters = []
	metrics.num.samples = 2
	metrics.recording.level = INFO
	metrics.sample.window.ms = 30000
	partitioner.adaptive.partitioning.enable = true
	partitioner.availability.timeout.ms = 0
	partitioner.class = null
	partitioner.ignore.keys = false
	receive.buffer.bytes = 32768
	reconnect.backoff.max.ms = 1000
	reconnect.backoff.ms = 50
	request.timeout.ms = 5000
	retries = 2147483647
	retry.backoff.max.ms = 1000
	retry.backoff.ms = 100
	sasl.client.callback.handler.class = null
	sasl.jaas.config = null
	sasl.kerberos.kinit.cmd = /usr/bin/kinit
	sasl.kerberos.min.time.before.relogin = 60000
	sasl.kerberos.service.name = null
	sasl.kerberos.ticket.renew.jitter = 0.05
	sasl.kerberos.ticket.renew.window.factor = 0.8
	sasl.login.callback.handler.class = null
	sasl.login.class = null
	sasl.login.connect.timeout.ms = null
	sasl.login.read.timeout.ms = null
	sasl.login.refresh.buffer.seconds = 300
	sasl.login.refresh.min.period.seconds = 60
	sasl.login.refresh.window.factor = 0.8
	sasl.login.refresh.window.jitter = 0.05
	sasl.login.retry.backoff.max.ms = 10000
	sasl.login.retry.backoff.ms = 100
	sasl.mechanism = GSSAPI
	sasl.oauthbearer.clock.skew.seconds = 30
	sasl.oauthbearer.expected.audience = null
	sasl.oauthbearer.expected.issuer = null
	sasl.oauthbearer.header.urlencode = false
	sasl.oauthbearer.jwks.endpoint.refresh.ms = 3600000
	sasl.oauthbearer.jwks.endpoint.retry.backoff.max.ms = 10000
	sasl.oauthbearer.jwks.endpoint.retry.backoff.ms = 100
	sasl.oauthbearer.jwks.endpoint.url = null
	sasl.oauthbearer.scope.claim.name = scope
	sasl.oauthbearer.sub.claim.name = sub
	sasl.oauthbearer.token.endpoint.url = null
	security.protocol = PLAINTEXT
	security.providers = null
	send.buffer.bytes = 131072
	socket.connection.setup.timeout.max.ms = 30000
	socket.connection.setup.timeout.ms = 10000
	ssl.cipher.suites = null
	ssl.enabled.protocols = [TLSv1.2, TLSv1.3]
	ssl.endpoint.identification.algorithm = https
	ssl.engine.factory.class = null
	ssl.key.password = null
	ssl.keymanager.algorithm = SunX509
	ssl.keystore.certificate.chain = null
	ssl.keystore.key = null
	ssl.keystore.location = null
	ssl.keystore.password = null
	ssl.keystore.type = JKS
	ssl.protocol = TLSv1.3
	ssl.provider = null
	ssl.secure.random.implementation = null
	ssl.trustmanager.algorithm = PKIX
	ssl.truststore.certificates = null
	ssl.truststore.location = null
	ssl.truststore.password = null
	ssl.truststore.type = JKS
	transaction.timeout.ms = 60000
	transactional.id = null
	value.serializer = class io.apicurio.registry.serde.protobuf.ProtobufKafkaSerializer

2025-08-06 19:00:55,397 INFO  [org.apa.kaf.com.tel.int.KafkaMetricsCollector] (main) initializing Kafka metrics collector
2025-08-06 19:00:55,400 INFO  [org.apa.kaf.cli.pro.KafkaProducer] (main) [Producer clientId=Producer-sdff65111x3521x4fe8x9972xeade1fa2cb63] Instantiated an idempotent producer.
2025-08-06 19:00:55,402 INFO  [org.apa.kaf.cli.pro.ProducerConfig] (main) These configurations '[apicurio.registry.headers.enabled, apicurio.registry.find-latest, apicurio.registry.url, apicurio.registry.artifact-resolver-strategy, apicurio.registry.artifact.version]' were supplied but are not used yet.
2025-08-06 19:00:55,402 INFO  [org.apa.kaf.com.uti.AppInfoParser] (main) Kafka version: 3.9.1
2025-08-06 19:00:55,402 INFO  [org.apa.kaf.com.uti.AppInfoParser] (main) Kafka commitId: f745dfdcee2b9851
2025-08-06 19:00:55,402 INFO  [org.apa.kaf.com.uti.AppInfoParser] (main) Kafka startTimeMs: 1754506855402
2025-08-06 19:00:55,402 INFO  [io.api.tes.ser.api.SimpleSerdesTesterBuilder$SimpleSerdesTester] (main) Using producer configuration: {apicurio.registry.headers.enabled=true, request.timeout.ms=5000, acks=all, bootstrap.servers=PLAINTEXT://localhost:32769, key.serializer=org.apache.kafka.common.serialization.StringSerializer, apicurio.registry.find-latest=false, apicurio.registry.url=http://registry-app-ksql043.apps.ci419.apicurio-testing.org:80/apis/registry/v3, apicurio.registry.artifact-resolver-strategy=io.apicurio.registry.serde.strategy.TopicIdStrategy, value.serializer=io.apicurio.registry.serde.protobuf.ProtobufKafkaSerializer, connections.max.idle.ms=10000, apicurio.registry.artifact.version=1, client.id=Producer-sdff65111x3521x4fe8x9972xeade1fa2cb63}
2025-08-06 19:00:55,402 INFO  [io.api.tes.ser.api.SimpleSerdesTesterBuilder$SimpleSerdesTester] (main) Using consumer configuration: {apicurio.registry.headers.enabled=true}
2025-08-06 19:00:55,404 INFO  [io.api.tes.ser.api.KafkaSerdesTester] (Thread-760) Sending message header {
  time {
  }
}
d1: 1.754506855404E12
s1: "a"
i1: 123
bi1: 1
point {
  longitude: 22.0
  latitude: 22.0
  altitude: 1.0
}
 to topic sdff65111x3521x4fe8x9972xeade1fa2cb63
2025-08-06 19:00:55,410 INFO  [org.apa.kaf.cli.Metadata] (kafka-producer-network-thread | Producer-sdff65111x3521x4fe8x9972xeade1fa2cb63) [Producer clientId=Producer-sdff65111x3521x4fe8x9972xeade1fa2cb63] Cluster ID: T8p0IQFNTYSHGQR6rr1wVQ
2025-08-06 19:00:55,411 INFO  [org.apa.kaf.cli.pro.int.TransactionManager] (kafka-producer-network-thread | Producer-sdff65111x3521x4fe8x9972xeade1fa2cb63) [Producer clientId=Producer-sdff65111x3521x4fe8x9972xeade1fa2cb63] ProducerId set to 29 with epoch 0
2025-08-06 19:00:56,576 INFO  [io.api.tes.ser.api.KafkaSerdesTester] (Thread-760) Sending message header {
  time {
  }
}
d1: 1.754506856576E12
s1: "a"
i1: 123
bi1: 1
point {
  longitude: 22.0
  latitude: 22.0
  altitude: 1.0
}
 to topic sdff65111x3521x4fe8x9972xeade1fa2cb63
2025-08-06 19:00:56,582 INFO  [io.api.tes.ser.api.KafkaSerdesTester] (Thread-760) Sending message header {
  time {
  }
}
d1: 1.754506856581E12
s1: "a"
i1: 123
bi1: 1
point {
  longitude: 22.0
  latitude: 22.0
  altitude: 1.0
}
 to topic sdff65111x3521x4fe8x9972xeade1fa2cb63
2025-08-06 19:00:56,586 INFO  [io.api.tes.ser.api.KafkaSerdesTester] (Thread-760) Sending message header {
  time {
  }
}
d1: 1.754506856586E12
s1: "a"
i1: 123
bi1: 1
point {
  longitude: 22.0
  latitude: 22.0
  altitude: 1.0
}
 to topic sdff65111x3521x4fe8x9972xeade1fa2cb63
2025-08-06 19:00:56,590 INFO  [io.api.tes.ser.api.KafkaSerdesTester] (Thread-760) Sending message header {
  time {
  }
}
d1: 1.75450685659E12
s1: "a"
i1: 123
bi1: 1
point {
  longitude: 22.0
  latitude: 22.0
  altitude: 1.0
}
 to topic sdff65111x3521x4fe8x9972xeade1fa2cb63
2025-08-06 19:00:56,594 INFO  [io.api.tes.ser.api.KafkaSerdesTester] (Thread-760) Sending message header {
  time {
  }
}
d1: 1.754506856594E12
s1: "a"
i1: 123
bi1: 1
point {
  longitude: 22.0
  latitude: 22.0
  altitude: 1.0
}
 to topic sdff65111x3521x4fe8x9972xeade1fa2cb63
2025-08-06 19:00:56,598 INFO  [io.api.tes.ser.api.KafkaSerdesTester] (Thread-760) Sending message header {
  time {
  }
}
d1: 1.754506856598E12
s1: "a"
i1: 123
bi1: 1
point {
  longitude: 22.0
  latitude: 22.0
  altitude: 1.0
}
 to topic sdff65111x3521x4fe8x9972xeade1fa2cb63
2025-08-06 19:00:56,601 INFO  [io.api.tes.ser.api.KafkaSerdesTester] (Thread-760) Sending message header {
  time {
  }
}
d1: 1.754506856601E12
s1: "a"
i1: 123
bi1: 1
point {
  longitude: 22.0
  latitude: 22.0
  altitude: 1.0
}
 to topic sdff65111x3521x4fe8x9972xeade1fa2cb63
2025-08-06 19:00:56,608 INFO  [io.api.tes.ser.api.KafkaSerdesTester] (Thread-760) Sending message header {
  time {
  }
}
d1: 1.754506856608E12
s1: "a"
i1: 123
bi1: 1
point {
  longitude: 22.0
  latitude: 22.0
  altitude: 1.0
}
 to topic sdff65111x3521x4fe8x9972xeade1fa2cb63
2025-08-06 19:00:56,613 INFO  [io.api.tes.ser.api.KafkaSerdesTester] (Thread-760) Sending message header {
  time {
  }
}
d1: 1.754506856613E12
s1: "a"
i1: 123
bi1: 1
point {
  longitude: 22.0
  latitude: 22.0
  altitude: 1.0
}
 to topic sdff65111x3521x4fe8x9972xeade1fa2cb63
2025-08-06 19:00:56,616 INFO  [io.api.tes.ser.api.KafkaSerdesTester] (Thread-760) Produced 10 messages
2025-08-06 19:00:56,616 INFO  [org.apa.kaf.cli.pro.KafkaProducer] (Thread-760) [Producer clientId=Producer-sdff65111x3521x4fe8x9972xeade1fa2cb63] Closing the Kafka producer with timeoutMillis = 9223372036854775807 ms.
2025-08-06 19:00:56,619 INFO  [org.apa.kaf.com.met.Metrics] (Thread-760) Metrics scheduler closed
2025-08-06 19:00:56,619 INFO  [org.apa.kaf.com.met.Metrics] (Thread-760) Closing reporter org.apache.kafka.common.metrics.JmxReporter
2025-08-06 19:00:56,619 INFO  [org.apa.kaf.com.met.Metrics] (Thread-760) Closing reporter org.apache.kafka.common.telemetry.internals.ClientTelemetryReporter
2025-08-06 19:00:56,619 INFO  [org.apa.kaf.com.met.Metrics] (Thread-760) Metrics reporters closed
2025-08-06 19:00:56,621 INFO  [org.apa.kaf.com.uti.AppInfoParser] (Thread-760) App info kafka.producer for Producer-sdff65111x3521x4fe8x9972xeade1fa2cb63 unregistered
**** Registry Base URL: http://registry-app-ksql043.apps.ci419.apicurio-testing.org:80
2025-08-06 19:00:56,621 INFO  [org.apa.kaf.cli.con.ConsumerConfig] (main) ConsumerConfig values: 
	allow.auto.create.topics = true
	auto.commit.interval.ms = 500
	auto.include.jmx.reporter = true
	auto.offset.reset = earliest
	bootstrap.servers = [PLAINTEXT://localhost:32769]
	check.crcs = true
	client.dns.lookup = use_all_dns_ips
	client.id = consumer-Consumer-sdff65111x3521x4fe8x9972xeade1fa2cb63-22
	client.rack = 
	connections.max.idle.ms = 10000
	default.api.timeout.ms = 60000
	enable.auto.commit = true
	enable.metrics.push = true
	exclude.internal.topics = true
	fetch.max.bytes = 52428800
	fetch.max.wait.ms = 500
	fetch.min.bytes = 1
	group.id = Consumer-sdff65111x3521x4fe8x9972xeade1fa2cb63
	group.instance.id = null
	group.protocol = classic
	group.remote.assignor = null
	heartbeat.interval.ms = 3000
	interceptor.classes = []
	internal.leave.group.on.close = true
	internal.throw.on.fetch.stable.offset.unsupported = false
	isolation.level = read_uncommitted
	key.deserializer = class org.apache.kafka.common.serialization.StringDeserializer
	max.partition.fetch.bytes = 1048576
	max.poll.interval.ms = 300000
	max.poll.records = 500
	metadata.max.age.ms = 300000
	metadata.recovery.strategy = none
	metric.reporters = []
	metrics.num.samples = 2
	metrics.recording.level = INFO
	metrics.sample.window.ms = 30000
	partition.assignment.strategy = [class org.apache.kafka.clients.consumer.RangeAssignor, class org.apache.kafka.clients.consumer.CooperativeStickyAssignor]
	receive.buffer.bytes = 65536
	reconnect.backoff.max.ms = 1000
	reconnect.backoff.ms = 50
	request.timeout.ms = 5000
	retry.backoff.max.ms = 1000
	retry.backoff.ms = 100
	sasl.client.callback.handler.class = null
	sasl.jaas.config = null
	sasl.kerberos.kinit.cmd = /usr/bin/kinit
	sasl.kerberos.min.time.before.relogin = 60000
	sasl.kerberos.service.name = null
	sasl.kerberos.ticket.renew.jitter = 0.05
	sasl.kerberos.ticket.renew.window.factor = 0.8
	sasl.login.callback.handler.class = null
	sasl.login.class = null
	sasl.login.connect.timeout.ms = null
	sasl.login.read.timeout.ms = null
	sasl.login.refresh.buffer.seconds = 300
	sasl.login.refresh.min.period.seconds = 60
	sasl.login.refresh.window.factor = 0.8
	sasl.login.refresh.window.jitter = 0.05
	sasl.login.retry.backoff.max.ms = 10000
	sasl.login.retry.backoff.ms = 100
	sasl.mechanism = GSSAPI
	sasl.oauthbearer.clock.skew.seconds = 30
	sasl.oauthbearer.expected.audience = null
	sasl.oauthbearer.expected.issuer = null
	sasl.oauthbearer.header.urlencode = false
	sasl.oauthbearer.jwks.endpoint.refresh.ms = 3600000
	sasl.oauthbearer.jwks.endpoint.retry.backoff.max.ms = 10000
	sasl.oauthbearer.jwks.endpoint.retry.backoff.ms = 100
	sasl.oauthbearer.jwks.endpoint.url = null
	sasl.oauthbearer.scope.claim.name = scope
	sasl.oauthbearer.sub.claim.name = sub
	sasl.oauthbearer.token.endpoint.url = null
	security.protocol = PLAINTEXT
	security.providers = null
	send.buffer.bytes = 131072
	session.timeout.ms = 45000
	socket.connection.setup.timeout.max.ms = 30000
	socket.connection.setup.timeout.ms = 10000
	ssl.cipher.suites = null
	ssl.enabled.protocols = [TLSv1.2, TLSv1.3]
	ssl.endpoint.identification.algorithm = https
	ssl.engine.factory.class = null
	ssl.key.password = null
	ssl.keymanager.algorithm = SunX509
	ssl.keystore.certificate.chain = null
	ssl.keystore.key = null
	ssl.keystore.location = null
	ssl.keystore.password = null
	ssl.keystore.type = JKS
	ssl.protocol = TLSv1.3
	ssl.provider = null
	ssl.secure.random.implementation = null
	ssl.trustmanager.algorithm = PKIX
	ssl.truststore.certificates = null
	ssl.truststore.location = null
	ssl.truststore.password = null
	ssl.truststore.type = JKS
	value.deserializer = class io.apicurio.registry.serde.protobuf.ProtobufKafkaDeserializer

2025-08-06 19:00:56,623 INFO  [org.apa.kaf.com.tel.int.KafkaMetricsCollector] (main) initializing Kafka metrics collector
2025-08-06 19:00:56,633 INFO  [org.apa.kaf.cli.con.ConsumerConfig] (main) These configurations '[apicurio.registry.url, apicurio.registry.headers.enabled]' were supplied but are not used yet.
2025-08-06 19:00:56,633 INFO  [org.apa.kaf.com.uti.AppInfoParser] (main) Kafka version: 3.9.1
2025-08-06 19:00:56,633 INFO  [org.apa.kaf.com.uti.AppInfoParser] (main) Kafka commitId: f745dfdcee2b9851
2025-08-06 19:00:56,633 INFO  [org.apa.kaf.com.uti.AppInfoParser] (main) Kafka startTimeMs: 1754506856633
2025-08-06 19:00:56,634 INFO  [org.apa.kaf.cli.con.int.ClassicKafkaConsumer] (Thread-763) [Consumer clientId=consumer-Consumer-sdff65111x3521x4fe8x9972xeade1fa2cb63-22, groupId=Consumer-sdff65111x3521x4fe8x9972xeade1fa2cb63] Subscribed to topic(s): sdff65111x3521x4fe8x9972xeade1fa2cb63
2025-08-06 19:00:56,638 INFO  [org.apa.kaf.cli.Metadata] (Thread-763) [Consumer clientId=consumer-Consumer-sdff65111x3521x4fe8x9972xeade1fa2cb63-22, groupId=Consumer-sdff65111x3521x4fe8x9972xeade1fa2cb63] Cluster ID: T8p0IQFNTYSHGQR6rr1wVQ
2025-08-06 19:00:56,639 INFO  [org.apa.kaf.cli.con.int.ConsumerCoordinator] (Thread-763) [Consumer clientId=consumer-Consumer-sdff65111x3521x4fe8x9972xeade1fa2cb63-22, groupId=Consumer-sdff65111x3521x4fe8x9972xeade1fa2cb63] Discovered group coordinator localhost:32769 (id: 2147483647 rack: null)
2025-08-06 19:00:56,641 INFO  [org.apa.kaf.cli.con.int.ConsumerCoordinator] (Thread-763) [Consumer clientId=consumer-Consumer-sdff65111x3521x4fe8x9972xeade1fa2cb63-22, groupId=Consumer-sdff65111x3521x4fe8x9972xeade1fa2cb63] (Re-)joining group
2025-08-06 19:00:56,645 INFO  [org.apa.kaf.cli.con.int.ConsumerCoordinator] (Thread-763) [Consumer clientId=consumer-Consumer-sdff65111x3521x4fe8x9972xeade1fa2cb63-22, groupId=Consumer-sdff65111x3521x4fe8x9972xeade1fa2cb63] Request joining group due to: need to re-join with the given member-id: consumer-Consumer-sdff65111x3521x4fe8x9972xeade1fa2cb63-22-1ef4b38c-5ba5-4c35-a77a-98a06148b7f0
2025-08-06 19:00:56,645 INFO  [org.apa.kaf.cli.con.int.ConsumerCoordinator] (Thread-763) [Consumer clientId=consumer-Consumer-sdff65111x3521x4fe8x9972xeade1fa2cb63-22, groupId=Consumer-sdff65111x3521x4fe8x9972xeade1fa2cb63] (Re-)joining group
2025-08-06 19:00:57,634 INFO  [io.api.tes.ser.api.KafkaSerdesTester] (Thread-763) None found
2025-08-06 19:00:58,634 INFO  [io.api.tes.ser.api.KafkaSerdesTester] (Thread-763) None found
2025-08-06 19:00:59,636 INFO  [io.api.tes.ser.api.KafkaSerdesTester] (Thread-763) None found
2025-08-06 19:00:59,648 INFO  [org.apa.kaf.cli.con.int.ConsumerCoordinator] (Thread-763) [Consumer clientId=consumer-Consumer-sdff65111x3521x4fe8x9972xeade1fa2cb63-22, groupId=Consumer-sdff65111x3521x4fe8x9972xeade1fa2cb63] Successfully joined group with generation Generation{generationId=1, memberId='consumer-Consumer-sdff65111x3521x4fe8x9972xeade1fa2cb63-22-1ef4b38c-5ba5-4c35-a77a-98a06148b7f0', protocol='range'}
2025-08-06 19:00:59,648 INFO  [org.apa.kaf.cli.con.int.ConsumerCoordinator] (Thread-763) [Consumer clientId=consumer-Consumer-sdff65111x3521x4fe8x9972xeade1fa2cb63-22, groupId=Consumer-sdff65111x3521x4fe8x9972xeade1fa2cb63] Finished assignment for group at generation 1: {consumer-Consumer-sdff65111x3521x4fe8x9972xeade1fa2cb63-22-1ef4b38c-5ba5-4c35-a77a-98a06148b7f0=Assignment(partitions=[sdff65111x3521x4fe8x9972xeade1fa2cb63-0])}
2025-08-06 19:00:59,656 INFO  [org.apa.kaf.cli.con.int.ConsumerCoordinator] (Thread-763) [Consumer clientId=consumer-Consumer-sdff65111x3521x4fe8x9972xeade1fa2cb63-22, groupId=Consumer-sdff65111x3521x4fe8x9972xeade1fa2cb63] Successfully synced group in generation Generation{generationId=1, memberId='consumer-Consumer-sdff65111x3521x4fe8x9972xeade1fa2cb63-22-1ef4b38c-5ba5-4c35-a77a-98a06148b7f0', protocol='range'}
2025-08-06 19:00:59,656 INFO  [org.apa.kaf.cli.con.int.ConsumerCoordinator] (Thread-763) [Consumer clientId=consumer-Consumer-sdff65111x3521x4fe8x9972xeade1fa2cb63-22, groupId=Consumer-sdff65111x3521x4fe8x9972xeade1fa2cb63] Notifying assignor about the new Assignment(partitions=[sdff65111x3521x4fe8x9972xeade1fa2cb63-0])
2025-08-06 19:00:59,656 INFO  [org.apa.kaf.cli.con.int.ConsumerRebalanceListenerInvoker] (Thread-763) [Consumer clientId=consumer-Consumer-sdff65111x3521x4fe8x9972xeade1fa2cb63-22, groupId=Consumer-sdff65111x3521x4fe8x9972xeade1fa2cb63] Adding newly assigned partitions: sdff65111x3521x4fe8x9972xeade1fa2cb63-0
2025-08-06 19:00:59,657 INFO  [org.apa.kaf.cli.con.int.ConsumerCoordinator] (Thread-763) [Consumer clientId=consumer-Consumer-sdff65111x3521x4fe8x9972xeade1fa2cb63-22, groupId=Consumer-sdff65111x3521x4fe8x9972xeade1fa2cb63] Found no committed offset for partition sdff65111x3521x4fe8x9972xeade1fa2cb63-0
2025-08-06 19:00:59,660 INFO  [org.apa.kaf.cli.con.int.SubscriptionState] (Thread-763) [Consumer clientId=consumer-Consumer-sdff65111x3521x4fe8x9972xeade1fa2cb63-22, groupId=Consumer-sdff65111x3521x4fe8x9972xeade1fa2cb63] Resetting offset for partition sdff65111x3521x4fe8x9972xeade1fa2cb63-0 to position FetchPosition{offset=0, offsetEpoch=Optional.empty, currentLeader=LeaderAndEpoch{leader=Optional[localhost:32769 (id: 0 rack: null)], epoch=0}}.
2025-08-06 19:00:59,783 INFO  [io.api.tes.ser.api.KafkaSerdesTester] (Thread-763) sdff65111x3521x4fe8x9972xeade1fa2cb63 0 0 header {
  time {
  }
}
d1: 1.754506855404E12
s1: "a"
i1: 123
bi1: 1
point {
  longitude: 22.0
  latitude: 22.0
  altitude: 1.0
}

2025-08-06 19:00:59,783 INFO  [io.api.tes.ser.api.KafkaSerdesTester] (Thread-763) sdff65111x3521x4fe8x9972xeade1fa2cb63 0 1 header {
  time {
  }
}
d1: 1.754506856576E12
s1: "a"
i1: 123
bi1: 1
point {
  longitude: 22.0
  latitude: 22.0
  altitude: 1.0
}

2025-08-06 19:00:59,783 INFO  [io.api.tes.ser.api.KafkaSerdesTester] (Thread-763) sdff65111x3521x4fe8x9972xeade1fa2cb63 0 2 header {
  time {
  }
}
d1: 1.754506856581E12
s1: "a"
i1: 123
bi1: 1
point {
  longitude: 22.0
  latitude: 22.0
  altitude: 1.0
}

2025-08-06 19:00:59,783 INFO  [io.api.tes.ser.api.KafkaSerdesTester] (Thread-763) sdff65111x3521x4fe8x9972xeade1fa2cb63 0 3 header {
  time {
  }
}
d1: 1.754506856586E12
s1: "a"
i1: 123
bi1: 1
point {
  longitude: 22.0
  latitude: 22.0
  altitude: 1.0
}

2025-08-06 19:00:59,783 INFO  [io.api.tes.ser.api.KafkaSerdesTester] (Thread-763) sdff65111x3521x4fe8x9972xeade1fa2cb63 0 4 header {
  time {
  }
}
d1: 1.75450685659E12
s1: "a"
i1: 123
bi1: 1
point {
  longitude: 22.0
  latitude: 22.0
  altitude: 1.0
}

2025-08-06 19:00:59,783 INFO  [io.api.tes.ser.api.KafkaSerdesTester] (Thread-763) sdff65111x3521x4fe8x9972xeade1fa2cb63 0 5 header {
  time {
  }
}
d1: 1.754506856594E12
s1: "a"
i1: 123
bi1: 1
point {
  longitude: 22.0
  latitude: 22.0
  altitude: 1.0
}

2025-08-06 19:00:59,783 INFO  [io.api.tes.ser.api.KafkaSerdesTester] (Thread-763) sdff65111x3521x4fe8x9972xeade1fa2cb63 0 6 header {
  time {
  }
}
d1: 1.754506856598E12
s1: "a"
i1: 123
bi1: 1
point {
  longitude: 22.0
  latitude: 22.0
  altitude: 1.0
}

2025-08-06 19:00:59,784 INFO  [io.api.tes.ser.api.KafkaSerdesTester] (Thread-763) sdff65111x3521x4fe8x9972xeade1fa2cb63 0 7 header {
  time {
  }
}
d1: 1.754506856601E12
s1: "a"
i1: 123
bi1: 1
point {
  longitude: 22.0
  latitude: 22.0
  altitude: 1.0
}

2025-08-06 19:00:59,784 INFO  [io.api.tes.ser.api.KafkaSerdesTester] (Thread-763) sdff65111x3521x4fe8x9972xeade1fa2cb63 0 8 header {
  time {
  }
}
d1: 1.754506856608E12
s1: "a"
i1: 123
bi1: 1
point {
  longitude: 22.0
  latitude: 22.0
  altitude: 1.0
}

2025-08-06 19:00:59,784 INFO  [io.api.tes.ser.api.KafkaSerdesTester] (Thread-763) sdff65111x3521x4fe8x9972xeade1fa2cb63 0 9 header {
  time {
  }
}
d1: 1.754506856613E12
s1: "a"
i1: 123
bi1: 1
point {
  longitude: 22.0
  latitude: 22.0
  altitude: 1.0
}

2025-08-06 19:00:59,784 INFO  [io.api.tes.ser.api.KafkaSerdesTester] (Thread-763) Consumed 10 messages
2025-08-06 19:00:59,792 INFO  [org.apa.kaf.cli.con.int.ConsumerRebalanceListenerInvoker] (Thread-763) [Consumer clientId=consumer-Consumer-sdff65111x3521x4fe8x9972xeade1fa2cb63-22, groupId=Consumer-sdff65111x3521x4fe8x9972xeade1fa2cb63] Revoke previously assigned partitions sdff65111x3521x4fe8x9972xeade1fa2cb63-0
2025-08-06 19:00:59,792 INFO  [org.apa.kaf.cli.con.int.ConsumerCoordinator] (Thread-763) [Consumer clientId=consumer-Consumer-sdff65111x3521x4fe8x9972xeade1fa2cb63-22, groupId=Consumer-sdff65111x3521x4fe8x9972xeade1fa2cb63] Member consumer-Consumer-sdff65111x3521x4fe8x9972xeade1fa2cb63-22-1ef4b38c-5ba5-4c35-a77a-98a06148b7f0 sending LeaveGroup request to coordinator localhost:32769 (id: 2147483647 rack: null) due to the consumer is being closed
2025-08-06 19:00:59,793 INFO  [org.apa.kaf.cli.con.int.ConsumerCoordinator] (Thread-763) [Consumer clientId=consumer-Consumer-sdff65111x3521x4fe8x9972xeade1fa2cb63-22, groupId=Consumer-sdff65111x3521x4fe8x9972xeade1fa2cb63] Resetting generation and member id due to: consumer pro-actively leaving the group
2025-08-06 19:00:59,793 INFO  [org.apa.kaf.cli.con.int.ConsumerCoordinator] (Thread-763) [Consumer clientId=consumer-Consumer-sdff65111x3521x4fe8x9972xeade1fa2cb63-22, groupId=Consumer-sdff65111x3521x4fe8x9972xeade1fa2cb63] Request joining group due to: consumer pro-actively leaving the group
2025-08-06 19:01:00,285 INFO  [org.apa.kaf.com.met.Metrics] (Thread-763) Metrics scheduler closed
2025-08-06 19:01:00,286 INFO  [org.apa.kaf.com.met.Metrics] (Thread-763) Closing reporter org.apache.kafka.common.metrics.JmxReporter
2025-08-06 19:01:00,286 INFO  [org.apa.kaf.com.met.Metrics] (Thread-763) Closing reporter org.apache.kafka.common.telemetry.internals.ClientTelemetryReporter
2025-08-06 19:01:00,286 INFO  [org.apa.kaf.com.met.Metrics] (Thread-763) Metrics reporters closed
2025-08-06 19:01:00,295 INFO  [org.apa.kaf.com.uti.AppInfoParser] (Thread-763) App info kafka.consumer for consumer-Consumer-sdff65111x3521x4fe8x9972xeade1fa2cb63-22 unregistered
**** Registry Base URL: http://registry-app-ksql043.apps.ci419.apicurio-testing.org:80
2025-08-06 19:01:00,297 INFO  [org.apa.kaf.cli.pro.ProducerConfig] (main) ProducerConfig values: 
	acks = -1
	auto.include.jmx.reporter = true
	batch.size = 16384
	bootstrap.servers = [PLAINTEXT://localhost:32769]
	buffer.memory = 33554432
	client.dns.lookup = use_all_dns_ips
	client.id = Producer-sdff65111x3521x4fe8x9972xeade1fa2cb63
	compression.gzip.level = -1
	compression.lz4.level = 9
	compression.type = none
	compression.zstd.level = 3
	connections.max.idle.ms = 10000
	delivery.timeout.ms = 120000
	enable.idempotence = true
	enable.metrics.push = true
	interceptor.classes = []
	key.serializer = class org.apache.kafka.common.serialization.StringSerializer
	linger.ms = 0
	max.block.ms = 60000
	max.in.flight.requests.per.connection = 5
	max.request.size = 1048576
	metadata.max.age.ms = 300000
	metadata.max.idle.ms = 300000
	metadata.recovery.strategy = none
	metric.reporters = []
	metrics.num.samples = 2
	metrics.recording.level = INFO
	metrics.sample.window.ms = 30000
	partitioner.adaptive.partitioning.enable = true
	partitioner.availability.timeout.ms = 0
	partitioner.class = null
	partitioner.ignore.keys = false
	receive.buffer.bytes = 32768
	reconnect.backoff.max.ms = 1000
	reconnect.backoff.ms = 50
	request.timeout.ms = 5000
	retries = 2147483647
	retry.backoff.max.ms = 1000
	retry.backoff.ms = 100
	sasl.client.callback.handler.class = null
	sasl.jaas.config = null
	sasl.kerberos.kinit.cmd = /usr/bin/kinit
	sasl.kerberos.min.time.before.relogin = 60000
	sasl.kerberos.service.name = null
	sasl.kerberos.ticket.renew.jitter = 0.05
	sasl.kerberos.ticket.renew.window.factor = 0.8
	sasl.login.callback.handler.class = null
	sasl.login.class = null
	sasl.login.connect.timeout.ms = null
	sasl.login.read.timeout.ms = null
	sasl.login.refresh.buffer.seconds = 300
	sasl.login.refresh.min.period.seconds = 60
	sasl.login.refresh.window.factor = 0.8
	sasl.login.refresh.window.jitter = 0.05
	sasl.login.retry.backoff.max.ms = 10000
	sasl.login.retry.backoff.ms = 100
	sasl.mechanism = GSSAPI
	sasl.oauthbearer.clock.skew.seconds = 30
	sasl.oauthbearer.expected.audience = null
	sasl.oauthbearer.expected.issuer = null
	sasl.oauthbearer.header.urlencode = false
	sasl.oauthbearer.jwks.endpoint.refresh.ms = 3600000
	sasl.oauthbearer.jwks.endpoint.retry.backoff.max.ms = 10000
	sasl.oauthbearer.jwks.endpoint.retry.backoff.ms = 100
	sasl.oauthbearer.jwks.endpoint.url = null
	sasl.oauthbearer.scope.claim.name = scope
	sasl.oauthbearer.sub.claim.name = sub
	sasl.oauthbearer.token.endpoint.url = null
	security.protocol = PLAINTEXT
	security.providers = null
	send.buffer.bytes = 131072
	socket.connection.setup.timeout.max.ms = 30000
	socket.connection.setup.timeout.ms = 10000
	ssl.cipher.suites = null
	ssl.enabled.protocols = [TLSv1.2, TLSv1.3]
	ssl.endpoint.identification.algorithm = https
	ssl.engine.factory.class = null
	ssl.key.password = null
	ssl.keymanager.algorithm = SunX509
	ssl.keystore.certificate.chain = null
	ssl.keystore.key = null
	ssl.keystore.location = null
	ssl.keystore.password = null
	ssl.keystore.type = JKS
	ssl.protocol = TLSv1.3
	ssl.provider = null
	ssl.secure.random.implementation = null
	ssl.trustmanager.algorithm = PKIX
	ssl.truststore.certificates = null
	ssl.truststore.location = null
	ssl.truststore.password = null
	ssl.truststore.type = JKS
	transaction.timeout.ms = 60000
	transactional.id = null
	value.serializer = class io.apicurio.registry.serde.protobuf.ProtobufKafkaSerializer

2025-08-06 19:01:00,297 INFO  [org.apa.kaf.com.tel.int.KafkaMetricsCollector] (main) initializing Kafka metrics collector
2025-08-06 19:01:00,301 INFO  [org.apa.kaf.cli.pro.KafkaProducer] (main) [Producer clientId=Producer-sdff65111x3521x4fe8x9972xeade1fa2cb63] Instantiated an idempotent producer.
2025-08-06 19:01:00,302 INFO  [org.apa.kaf.cli.pro.ProducerConfig] (main) These configurations '[apicurio.registry.find-latest, apicurio.registry.url, apicurio.registry.headers.enabled, apicurio.registry.artifact-resolver-strategy]' were supplied but are not used yet.
2025-08-06 19:01:00,302 INFO  [org.apa.kaf.com.uti.AppInfoParser] (main) Kafka version: 3.9.1
2025-08-06 19:01:00,302 INFO  [org.apa.kaf.com.uti.AppInfoParser] (main) Kafka commitId: f745dfdcee2b9851
2025-08-06 19:01:00,302 INFO  [org.apa.kaf.com.uti.AppInfoParser] (main) Kafka startTimeMs: 1754506860302
2025-08-06 19:01:00,302 INFO  [io.api.tes.ser.api.SimpleSerdesTesterBuilder$SimpleSerdesTester] (main) Using producer configuration: {apicurio.registry.find-latest=false, apicurio.registry.url=http://registry-app-ksql043.apps.ci419.apicurio-testing.org:80/apis/registry/v3, apicurio.registry.headers.enabled=true, apicurio.registry.artifact-resolver-strategy=io.apicurio.registry.serde.strategy.TopicIdStrategy, value.serializer=io.apicurio.registry.serde.protobuf.ProtobufKafkaSerializer, request.timeout.ms=5000, acks=all, bootstrap.servers=PLAINTEXT://localhost:32769, connections.max.idle.ms=10000, key.serializer=org.apache.kafka.common.serialization.StringSerializer, client.id=Producer-sdff65111x3521x4fe8x9972xeade1fa2cb63}
2025-08-06 19:01:00,302 INFO  [io.api.tes.ser.api.SimpleSerdesTesterBuilder$SimpleSerdesTester] (main) Using consumer configuration: {apicurio.registry.headers.enabled=true}
2025-08-06 19:01:00,303 INFO  [io.api.tes.ser.api.KafkaSerdesTester] (Thread-766) Sending message header {
  time {
  }
}
d1: 1.754506860303E12
s1: "a"
i1: 123
bi1: 1
point {
  longitude: 22.0
  latitude: 22.0
  altitude: 1.0
}
 to topic sdff65111x3521x4fe8x9972xeade1fa2cb63
2025-08-06 19:01:00,307 INFO  [org.apa.kaf.cli.Metadata] (kafka-producer-network-thread | Producer-sdff65111x3521x4fe8x9972xeade1fa2cb63) [Producer clientId=Producer-sdff65111x3521x4fe8x9972xeade1fa2cb63] Cluster ID: T8p0IQFNTYSHGQR6rr1wVQ
2025-08-06 19:01:00,307 INFO  [org.apa.kaf.cli.pro.int.TransactionManager] (kafka-producer-network-thread | Producer-sdff65111x3521x4fe8x9972xeade1fa2cb63) [Producer clientId=Producer-sdff65111x3521x4fe8x9972xeade1fa2cb63] ProducerId set to 30 with epoch 0
2025-08-06 19:01:00,308 INFO  [DefaultSchemaResolver] (Thread-766) Retrieving schema content using string: // Proto schema formatted by Wire, do not edit.
// Source: 

syntax = "proto3";

package io.apicurio.tests.protobuf;

import "google/protobuf/timestamp.proto";

option java_multiple_files = true;

message ProtobufTestMessage {
  .io.apicurio.tests.protobuf.Header header = 1;

  double d1 = 2;

  string s1 = 4;

  int32 i1 = 7;

  int64 bi1 = 12;

  .google.protobuf.Timestamp state_time = 22;

  .io.apicurio.tests.protobuf.Point point = 30;
}

message Header {
  .google.protobuf.Timestamp time = 1;

  string source = 2;

  string destination = 3;

  string uuid = 4;

  repeated string source_uuids = 5;

  string message_type_id = 6;

  string raw_message = 7;
}

message Point {
  oneof longitude_oneof {
    double longitude = 1;
  }

  oneof latitude_oneof {
    double latitude = 2;
  }

  oneof altitude_oneof {
    double altitude = 3;
  }
}

2025-08-06 19:01:00,333 INFO  [io.api.tes.ser.api.KafkaSerdesTester] (Thread-766) Sending message header {
  time {
  }
}
d1: 1.754506860332E12
s1: "a"
i1: 123
bi1: 1
point {
  longitude: 22.0
  latitude: 22.0
  altitude: 1.0
}
 to topic sdff65111x3521x4fe8x9972xeade1fa2cb63
2025-08-06 19:01:00,335 INFO  [io.api.tes.ser.api.KafkaSerdesTester] (Thread-766) Sending message header {
  time {
  }
}
d1: 1.754506860335E12
s1: "a"
i1: 123
bi1: 1
point {
  longitude: 22.0
  latitude: 22.0
  altitude: 1.0
}
 to topic sdff65111x3521x4fe8x9972xeade1fa2cb63
2025-08-06 19:01:00,338 INFO  [io.api.tes.ser.api.KafkaSerdesTester] (Thread-766) Sending message header {
  time {
  }
}
d1: 1.754506860338E12
s1: "a"
i1: 123
bi1: 1
point {
  longitude: 22.0
  latitude: 22.0
  altitude: 1.0
}
 to topic sdff65111x3521x4fe8x9972xeade1fa2cb63
2025-08-06 19:01:00,340 INFO  [io.api.tes.ser.api.KafkaSerdesTester] (Thread-766) Sending message header {
  time {
  }
}
d1: 1.75450686034E12
s1: "a"
i1: 123
bi1: 1
point {
  longitude: 22.0
  latitude: 22.0
  altitude: 1.0
}
 to topic sdff65111x3521x4fe8x9972xeade1fa2cb63
2025-08-06 19:01:00,343 INFO  [io.api.tes.ser.api.KafkaSerdesTester] (Thread-766) Sending message header {
  time {
  }
}
d1: 1.754506860343E12
s1: "a"
i1: 123
bi1: 1
point {
  longitude: 22.0
  latitude: 22.0
  altitude: 1.0
}
 to topic sdff65111x3521x4fe8x9972xeade1fa2cb63
2025-08-06 19:01:00,346 INFO  [io.api.tes.ser.api.KafkaSerdesTester] (Thread-766) Sending message header {
  time {
  }
}
d1: 1.754506860345E12
s1: "a"
i1: 123
bi1: 1
point {
  longitude: 22.0
  latitude: 22.0
  altitude: 1.0
}
 to topic sdff65111x3521x4fe8x9972xeade1fa2cb63
2025-08-06 19:01:00,348 INFO  [io.api.tes.ser.api.KafkaSerdesTester] (Thread-766) Sending message header {
  time {
  }
}
d1: 1.754506860348E12
s1: "a"
i1: 123
bi1: 1
point {
  longitude: 22.0
  latitude: 22.0
  altitude: 1.0
}
 to topic sdff65111x3521x4fe8x9972xeade1fa2cb63
2025-08-06 19:01:00,352 INFO  [io.api.tes.ser.api.KafkaSerdesTester] (Thread-766) Sending message header {
  time {
  }
}
d1: 1.754506860351E12
s1: "a"
i1: 123
bi1: 1
point {
  longitude: 22.0
  latitude: 22.0
  altitude: 1.0
}
 to topic sdff65111x3521x4fe8x9972xeade1fa2cb63
2025-08-06 19:01:00,355 INFO  [io.api.tes.ser.api.KafkaSerdesTester] (Thread-766) Sending message header {
  time {
  }
}
d1: 1.754506860355E12
s1: "a"
i1: 123
bi1: 1
point {
  longitude: 22.0
  latitude: 22.0
  altitude: 1.0
}
 to topic sdff65111x3521x4fe8x9972xeade1fa2cb63
2025-08-06 19:01:00,362 INFO  [io.api.tes.ser.api.KafkaSerdesTester] (Thread-766) Produced 10 messages
2025-08-06 19:01:00,362 INFO  [org.apa.kaf.cli.pro.KafkaProducer] (Thread-766) [Producer clientId=Producer-sdff65111x3521x4fe8x9972xeade1fa2cb63] Closing the Kafka producer with timeoutMillis = 9223372036854775807 ms.
2025-08-06 19:01:00,364 INFO  [org.apa.kaf.com.met.Metrics] (Thread-766) Metrics scheduler closed
2025-08-06 19:01:00,364 INFO  [org.apa.kaf.com.met.Metrics] (Thread-766) Closing reporter org.apache.kafka.common.metrics.JmxReporter
2025-08-06 19:01:00,364 INFO  [org.apa.kaf.com.met.Metrics] (Thread-766) Closing reporter org.apache.kafka.common.telemetry.internals.ClientTelemetryReporter
2025-08-06 19:01:00,364 INFO  [org.apa.kaf.com.met.Metrics] (Thread-766) Metrics reporters closed
2025-08-06 19:01:00,364 INFO  [org.apa.kaf.com.uti.AppInfoParser] (Thread-766) App info kafka.producer for Producer-sdff65111x3521x4fe8x9972xeade1fa2cb63 unregistered
**** Registry Base URL: http://registry-app-ksql043.apps.ci419.apicurio-testing.org:80
2025-08-06 19:01:00,366 INFO  [org.apa.kaf.cli.con.ConsumerConfig] (main) ConsumerConfig values: 
	allow.auto.create.topics = true
	auto.commit.interval.ms = 500
	auto.include.jmx.reporter = true
	auto.offset.reset = earliest
	bootstrap.servers = [PLAINTEXT://localhost:32769]
	check.crcs = true
	client.dns.lookup = use_all_dns_ips
	client.id = consumer-Consumer-sdff65111x3521x4fe8x9972xeade1fa2cb63-23
	client.rack = 
	connections.max.idle.ms = 10000
	default.api.timeout.ms = 60000
	enable.auto.commit = true
	enable.metrics.push = true
	exclude.internal.topics = true
	fetch.max.bytes = 52428800
	fetch.max.wait.ms = 500
	fetch.min.bytes = 1
	group.id = Consumer-sdff65111x3521x4fe8x9972xeade1fa2cb63
	group.instance.id = null
	group.protocol = classic
	group.remote.assignor = null
	heartbeat.interval.ms = 3000
	interceptor.classes = []
	internal.leave.group.on.close = true
	internal.throw.on.fetch.stable.offset.unsupported = false
	isolation.level = read_uncommitted
	key.deserializer = class org.apache.kafka.common.serialization.StringDeserializer
	max.partition.fetch.bytes = 1048576
	max.poll.interval.ms = 300000
	max.poll.records = 500
	metadata.max.age.ms = 300000
	metadata.recovery.strategy = none
	metric.reporters = []
	metrics.num.samples = 2
	metrics.recording.level = INFO
	metrics.sample.window.ms = 30000
	partition.assignment.strategy = [class org.apache.kafka.clients.consumer.RangeAssignor, class org.apache.kafka.clients.consumer.CooperativeStickyAssignor]
	receive.buffer.bytes = 65536
	reconnect.backoff.max.ms = 1000
	reconnect.backoff.ms = 50
	request.timeout.ms = 5000
	retry.backoff.max.ms = 1000
	retry.backoff.ms = 100
	sasl.client.callback.handler.class = null
	sasl.jaas.config = null
	sasl.kerberos.kinit.cmd = /usr/bin/kinit
	sasl.kerberos.min.time.before.relogin = 60000
	sasl.kerberos.service.name = null
	sasl.kerberos.ticket.renew.jitter = 0.05
	sasl.kerberos.ticket.renew.window.factor = 0.8
	sasl.login.callback.handler.class = null
	sasl.login.class = null
	sasl.login.connect.timeout.ms = null
	sasl.login.read.timeout.ms = null
	sasl.login.refresh.buffer.seconds = 300
	sasl.login.refresh.min.period.seconds = 60
	sasl.login.refresh.window.factor = 0.8
	sasl.login.refresh.window.jitter = 0.05
	sasl.login.retry.backoff.max.ms = 10000
	sasl.login.retry.backoff.ms = 100
	sasl.mechanism = GSSAPI
	sasl.oauthbearer.clock.skew.seconds = 30
	sasl.oauthbearer.expected.audience = null
	sasl.oauthbearer.expected.issuer = null
	sasl.oauthbearer.header.urlencode = false
	sasl.oauthbearer.jwks.endpoint.refresh.ms = 3600000
	sasl.oauthbearer.jwks.endpoint.retry.backoff.max.ms = 10000
	sasl.oauthbearer.jwks.endpoint.retry.backoff.ms = 100
	sasl.oauthbearer.jwks.endpoint.url = null
	sasl.oauthbearer.scope.claim.name = scope
	sasl.oauthbearer.sub.claim.name = sub
	sasl.oauthbearer.token.endpoint.url = null
	security.protocol = PLAINTEXT
	security.providers = null
	send.buffer.bytes = 131072
	session.timeout.ms = 45000
	socket.connection.setup.timeout.max.ms = 30000
	socket.connection.setup.timeout.ms = 10000
	ssl.cipher.suites = null
	ssl.enabled.protocols = [TLSv1.2, TLSv1.3]
	ssl.endpoint.identification.algorithm = https
	ssl.engine.factory.class = null
	ssl.key.password = null
	ssl.keymanager.algorithm = SunX509
	ssl.keystore.certificate.chain = null
	ssl.keystore.key = null
	ssl.keystore.location = null
	ssl.keystore.password = null
	ssl.keystore.type = JKS
	ssl.protocol = TLSv1.3
	ssl.provider = null
	ssl.secure.random.implementation = null
	ssl.trustmanager.algorithm = PKIX
	ssl.truststore.certificates = null
	ssl.truststore.location = null
	ssl.truststore.password = null
	ssl.truststore.type = JKS
	value.deserializer = class io.apicurio.registry.serde.protobuf.ProtobufKafkaDeserializer

2025-08-06 19:01:00,366 INFO  [org.apa.kaf.com.tel.int.KafkaMetricsCollector] (main) initializing Kafka metrics collector
2025-08-06 19:01:00,375 INFO  [org.apa.kaf.cli.con.ConsumerConfig] (main) These configurations '[apicurio.registry.url, apicurio.registry.headers.enabled]' were supplied but are not used yet.
2025-08-06 19:01:00,376 INFO  [org.apa.kaf.com.uti.AppInfoParser] (main) Kafka version: 3.9.1
2025-08-06 19:01:00,376 INFO  [org.apa.kaf.com.uti.AppInfoParser] (main) Kafka commitId: f745dfdcee2b9851
2025-08-06 19:01:00,376 INFO  [org.apa.kaf.com.uti.AppInfoParser] (main) Kafka startTimeMs: 1754506860376
2025-08-06 19:01:00,376 INFO  [org.apa.kaf.cli.con.int.ClassicKafkaConsumer] (Thread-769) [Consumer clientId=consumer-Consumer-sdff65111x3521x4fe8x9972xeade1fa2cb63-23, groupId=Consumer-sdff65111x3521x4fe8x9972xeade1fa2cb63] Subscribed to topic(s): sdff65111x3521x4fe8x9972xeade1fa2cb63
2025-08-06 19:01:00,385 INFO  [org.apa.kaf.cli.Metadata] (Thread-769) [Consumer clientId=consumer-Consumer-sdff65111x3521x4fe8x9972xeade1fa2cb63-23, groupId=Consumer-sdff65111x3521x4fe8x9972xeade1fa2cb63] Cluster ID: T8p0IQFNTYSHGQR6rr1wVQ
2025-08-06 19:01:00,386 INFO  [org.apa.kaf.cli.con.int.ConsumerCoordinator] (Thread-769) [Consumer clientId=consumer-Consumer-sdff65111x3521x4fe8x9972xeade1fa2cb63-23, groupId=Consumer-sdff65111x3521x4fe8x9972xeade1fa2cb63] Discovered group coordinator localhost:32769 (id: 2147483647 rack: null)
2025-08-06 19:01:00,390 INFO  [org.apa.kaf.cli.con.int.ConsumerCoordinator] (Thread-769) [Consumer clientId=consumer-Consumer-sdff65111x3521x4fe8x9972xeade1fa2cb63-23, groupId=Consumer-sdff65111x3521x4fe8x9972xeade1fa2cb63] (Re-)joining group
2025-08-06 19:01:00,393 INFO  [org.apa.kaf.cli.con.int.ConsumerCoordinator] (Thread-769) [Consumer clientId=consumer-Consumer-sdff65111x3521x4fe8x9972xeade1fa2cb63-23, groupId=Consumer-sdff65111x3521x4fe8x9972xeade1fa2cb63] Request joining group due to: need to re-join with the given member-id: consumer-Consumer-sdff65111x3521x4fe8x9972xeade1fa2cb63-23-fba4ab86-6826-47e1-9f6c-de418aa5068d
2025-08-06 19:01:00,393 INFO  [org.apa.kaf.cli.con.int.ConsumerCoordinator] (Thread-769) [Consumer clientId=consumer-Consumer-sdff65111x3521x4fe8x9972xeade1fa2cb63-23, groupId=Consumer-sdff65111x3521x4fe8x9972xeade1fa2cb63] (Re-)joining group
2025-08-06 19:01:01,377 INFO  [io.api.tes.ser.api.KafkaSerdesTester] (Thread-769) None found
2025-08-06 19:01:02,377 INFO  [io.api.tes.ser.api.KafkaSerdesTester] (Thread-769) None found
2025-08-06 19:01:03,377 INFO  [io.api.tes.ser.api.KafkaSerdesTester] (Thread-769) None found
2025-08-06 19:01:03,396 INFO  [org.apa.kaf.cli.con.int.ConsumerCoordinator] (Thread-769) [Consumer clientId=consumer-Consumer-sdff65111x3521x4fe8x9972xeade1fa2cb63-23, groupId=Consumer-sdff65111x3521x4fe8x9972xeade1fa2cb63] Successfully joined group with generation Generation{generationId=3, memberId='consumer-Consumer-sdff65111x3521x4fe8x9972xeade1fa2cb63-23-fba4ab86-6826-47e1-9f6c-de418aa5068d', protocol='range'}
2025-08-06 19:01:03,396 INFO  [org.apa.kaf.cli.con.int.ConsumerCoordinator] (Thread-769) [Consumer clientId=consumer-Consumer-sdff65111x3521x4fe8x9972xeade1fa2cb63-23, groupId=Consumer-sdff65111x3521x4fe8x9972xeade1fa2cb63] Finished assignment for group at generation 3: {consumer-Consumer-sdff65111x3521x4fe8x9972xeade1fa2cb63-23-fba4ab86-6826-47e1-9f6c-de418aa5068d=Assignment(partitions=[sdff65111x3521x4fe8x9972xeade1fa2cb63-0])}
2025-08-06 19:01:03,404 INFO  [org.apa.kaf.cli.con.int.ConsumerCoordinator] (Thread-769) [Consumer clientId=consumer-Consumer-sdff65111x3521x4fe8x9972xeade1fa2cb63-23, groupId=Consumer-sdff65111x3521x4fe8x9972xeade1fa2cb63] Successfully synced group in generation Generation{generationId=3, memberId='consumer-Consumer-sdff65111x3521x4fe8x9972xeade1fa2cb63-23-fba4ab86-6826-47e1-9f6c-de418aa5068d', protocol='range'}
2025-08-06 19:01:03,404 INFO  [org.apa.kaf.cli.con.int.ConsumerCoordinator] (Thread-769) [Consumer clientId=consumer-Consumer-sdff65111x3521x4fe8x9972xeade1fa2cb63-23, groupId=Consumer-sdff65111x3521x4fe8x9972xeade1fa2cb63] Notifying assignor about the new Assignment(partitions=[sdff65111x3521x4fe8x9972xeade1fa2cb63-0])
2025-08-06 19:01:03,404 INFO  [org.apa.kaf.cli.con.int.ConsumerRebalanceListenerInvoker] (Thread-769) [Consumer clientId=consumer-Consumer-sdff65111x3521x4fe8x9972xeade1fa2cb63-23, groupId=Consumer-sdff65111x3521x4fe8x9972xeade1fa2cb63] Adding newly assigned partitions: sdff65111x3521x4fe8x9972xeade1fa2cb63-0
2025-08-06 19:01:03,406 INFO  [org.apa.kaf.cli.con.int.ConsumerUtils] (Thread-769) Setting offset for partition sdff65111x3521x4fe8x9972xeade1fa2cb63-0 to the committed offset FetchPosition{offset=10, offsetEpoch=Optional[0], currentLeader=LeaderAndEpoch{leader=Optional[localhost:32769 (id: 0 rack: null)], epoch=0}}
2025-08-06 19:01:03,496 INFO  [io.api.tes.ser.api.KafkaSerdesTester] (Thread-769) sdff65111x3521x4fe8x9972xeade1fa2cb63 0 10 header {
  time {
  }
}
d1: 1.754506860303E12
s1: "a"
i1: 123
bi1: 1
point {
  longitude: 22.0
  latitude: 22.0
  altitude: 1.0
}

2025-08-06 19:01:03,496 INFO  [io.api.tes.ser.api.KafkaSerdesTester] (Thread-769) sdff65111x3521x4fe8x9972xeade1fa2cb63 0 11 header {
  time {
  }
}
d1: 1.754506860332E12
s1: "a"
i1: 123
bi1: 1
point {
  longitude: 22.0
  latitude: 22.0
  altitude: 1.0
}

2025-08-06 19:01:03,496 INFO  [io.api.tes.ser.api.KafkaSerdesTester] (Thread-769) sdff65111x3521x4fe8x9972xeade1fa2cb63 0 12 header {
  time {
  }
}
d1: 1.754506860335E12
s1: "a"
i1: 123
bi1: 1
point {
  longitude: 22.0
  latitude: 22.0
  altitude: 1.0
}

2025-08-06 19:01:03,497 INFO  [io.api.tes.ser.api.KafkaSerdesTester] (Thread-769) sdff65111x3521x4fe8x9972xeade1fa2cb63 0 13 header {
  time {
  }
}
d1: 1.754506860338E12
s1: "a"
i1: 123
bi1: 1
point {
  longitude: 22.0
  latitude: 22.0
  altitude: 1.0
}

2025-08-06 19:01:03,497 INFO  [io.api.tes.ser.api.KafkaSerdesTester] (Thread-769) sdff65111x3521x4fe8x9972xeade1fa2cb63 0 14 header {
  time {
  }
}
d1: 1.75450686034E12
s1: "a"
i1: 123
bi1: 1
point {
  longitude: 22.0
  latitude: 22.0
  altitude: 1.0
}

2025-08-06 19:01:03,497 INFO  [io.api.tes.ser.api.KafkaSerdesTester] (Thread-769) sdff65111x3521x4fe8x9972xeade1fa2cb63 0 15 header {
  time {
  }
}
d1: 1.754506860343E12
s1: "a"
i1: 123
bi1: 1
point {
  longitude: 22.0
  latitude: 22.0
  altitude: 1.0
}

2025-08-06 19:01:03,497 INFO  [io.api.tes.ser.api.KafkaSerdesTester] (Thread-769) sdff65111x3521x4fe8x9972xeade1fa2cb63 0 16 header {
  time {
  }
}
d1: 1.754506860345E12
s1: "a"
i1: 123
bi1: 1
point {
  longitude: 22.0
  latitude: 22.0
  altitude: 1.0
}

2025-08-06 19:01:03,497 INFO  [io.api.tes.ser.api.KafkaSerdesTester] (Thread-769) sdff65111x3521x4fe8x9972xeade1fa2cb63 0 17 header {
  time {
  }
}
d1: 1.754506860348E12
s1: "a"
i1: 123
bi1: 1
point {
  longitude: 22.0
  latitude: 22.0
  altitude: 1.0
}

2025-08-06 19:01:03,497 INFO  [io.api.tes.ser.api.KafkaSerdesTester] (Thread-769) sdff65111x3521x4fe8x9972xeade1fa2cb63 0 18 header {
  time {
  }
}
d1: 1.754506860351E12
s1: "a"
i1: 123
bi1: 1
point {
  longitude: 22.0
  latitude: 22.0
  altitude: 1.0
}

2025-08-06 19:01:03,497 INFO  [io.api.tes.ser.api.KafkaSerdesTester] (Thread-769) sdff65111x3521x4fe8x9972xeade1fa2cb63 0 19 header {
  time {
  }
}
d1: 1.754506860355E12
s1: "a"
i1: 123
bi1: 1
point {
  longitude: 22.0
  latitude: 22.0
  altitude: 1.0
}

2025-08-06 19:01:03,497 INFO  [io.api.tes.ser.api.KafkaSerdesTester] (Thread-769) Consumed 10 messages
2025-08-06 19:01:03,508 INFO  [org.apa.kaf.cli.con.int.ConsumerRebalanceListenerInvoker] (Thread-769) [Consumer clientId=consumer-Consumer-sdff65111x3521x4fe8x9972xeade1fa2cb63-23, groupId=Consumer-sdff65111x3521x4fe8x9972xeade1fa2cb63] Revoke previously assigned partitions sdff65111x3521x4fe8x9972xeade1fa2cb63-0
2025-08-06 19:01:03,508 INFO  [org.apa.kaf.cli.con.int.ConsumerCoordinator] (Thread-769) [Consumer clientId=consumer-Consumer-sdff65111x3521x4fe8x9972xeade1fa2cb63-23, groupId=Consumer-sdff65111x3521x4fe8x9972xeade1fa2cb63] Member consumer-Consumer-sdff65111x3521x4fe8x9972xeade1fa2cb63-23-fba4ab86-6826-47e1-9f6c-de418aa5068d sending LeaveGroup request to coordinator localhost:32769 (id: 2147483647 rack: null) due to the consumer is being closed
2025-08-06 19:01:03,509 INFO  [org.apa.kaf.cli.con.int.ConsumerCoordinator] (Thread-769) [Consumer clientId=consumer-Consumer-sdff65111x3521x4fe8x9972xeade1fa2cb63-23, groupId=Consumer-sdff65111x3521x4fe8x9972xeade1fa2cb63] Resetting generation and member id due to: consumer pro-actively leaving the group
2025-08-06 19:01:03,509 INFO  [org.apa.kaf.cli.con.int.ConsumerCoordinator] (Thread-769) [Consumer clientId=consumer-Consumer-sdff65111x3521x4fe8x9972xeade1fa2cb63-23, groupId=Consumer-sdff65111x3521x4fe8x9972xeade1fa2cb63] Request joining group due to: consumer pro-actively leaving the group
2025-08-06 19:01:04,000 INFO  [org.apa.kaf.com.met.Metrics] (Thread-769) Metrics scheduler closed
2025-08-06 19:01:04,001 INFO  [org.apa.kaf.com.met.Metrics] (Thread-769) Closing reporter org.apache.kafka.common.metrics.JmxReporter
2025-08-06 19:01:04,001 INFO  [org.apa.kaf.com.met.Metrics] (Thread-769) Closing reporter org.apache.kafka.common.telemetry.internals.ClientTelemetryReporter
2025-08-06 19:01:04,001 INFO  [org.apa.kaf.com.met.Metrics] (Thread-769) Metrics reporters closed
2025-08-06 19:01:04,003 INFO  [org.apa.kaf.com.uti.AppInfoParser] (Thread-769) App info kafka.consumer for consumer-Consumer-sdff65111x3521x4fe8x9972xeade1fa2cb63-23 unregistered
**** Registry Base URL: http://registry-app-ksql043.apps.ci419.apicurio-testing.org:80
2025-08-06 19:01:04,004 INFO  [org.apa.kaf.cli.pro.ProducerConfig] (main) ProducerConfig values: 
	acks = -1
	auto.include.jmx.reporter = true
	batch.size = 16384
	bootstrap.servers = [PLAINTEXT://localhost:32769]
	buffer.memory = 33554432
	client.dns.lookup = use_all_dns_ips
	client.id = Producer-sdff65111x3521x4fe8x9972xeade1fa2cb63
	compression.gzip.level = -1
	compression.lz4.level = 9
	compression.type = none
	compression.zstd.level = 3
	connections.max.idle.ms = 10000
	delivery.timeout.ms = 120000
	enable.idempotence = true
	enable.metrics.push = true
	interceptor.classes = []
	key.serializer = class org.apache.kafka.common.serialization.StringSerializer
	linger.ms = 0
	max.block.ms = 60000
	max.in.flight.requests.per.connection = 5
	max.request.size = 1048576
	metadata.max.age.ms = 300000
	metadata.max.idle.ms = 300000
	metadata.recovery.strategy = none
	metric.reporters = []
	metrics.num.samples = 2
	metrics.recording.level = INFO
	metrics.sample.window.ms = 30000
	partitioner.adaptive.partitioning.enable = true
	partitioner.availability.timeout.ms = 0
	partitioner.class = null
	partitioner.ignore.keys = false
	receive.buffer.bytes = 32768
	reconnect.backoff.max.ms = 1000
	reconnect.backoff.ms = 50
	request.timeout.ms = 5000
	retries = 2147483647
	retry.backoff.max.ms = 1000
	retry.backoff.ms = 100
	sasl.client.callback.handler.class = null
	sasl.jaas.config = null
	sasl.kerberos.kinit.cmd = /usr/bin/kinit
	sasl.kerberos.min.time.before.relogin = 60000
	sasl.kerberos.service.name = null
	sasl.kerberos.ticket.renew.jitter = 0.05
	sasl.kerberos.ticket.renew.window.factor = 0.8
	sasl.login.callback.handler.class = null
	sasl.login.class = null
	sasl.login.connect.timeout.ms = null
	sasl.login.read.timeout.ms = null
	sasl.login.refresh.buffer.seconds = 300
	sasl.login.refresh.min.period.seconds = 60
	sasl.login.refresh.window.factor = 0.8
	sasl.login.refresh.window.jitter = 0.05
	sasl.login.retry.backoff.max.ms = 10000
	sasl.login.retry.backoff.ms = 100
	sasl.mechanism = GSSAPI
	sasl.oauthbearer.clock.skew.seconds = 30
	sasl.oauthbearer.expected.audience = null
	sasl.oauthbearer.expected.issuer = null
	sasl.oauthbearer.header.urlencode = false
	sasl.oauthbearer.jwks.endpoint.refresh.ms = 3600000
	sasl.oauthbearer.jwks.endpoint.retry.backoff.max.ms = 10000
	sasl.oauthbearer.jwks.endpoint.retry.backoff.ms = 100
	sasl.oauthbearer.jwks.endpoint.url = null
	sasl.oauthbearer.scope.claim.name = scope
	sasl.oauthbearer.sub.claim.name = sub
	sasl.oauthbearer.token.endpoint.url = null
	security.protocol = PLAINTEXT
	security.providers = null
	send.buffer.bytes = 131072
	socket.connection.setup.timeout.max.ms = 30000
	socket.connection.setup.timeout.ms = 10000
	ssl.cipher.suites = null
	ssl.enabled.protocols = [TLSv1.2, TLSv1.3]
	ssl.endpoint.identification.algorithm = https
	ssl.engine.factory.class = null
	ssl.key.password = null
	ssl.keymanager.algorithm = SunX509
	ssl.keystore.certificate.chain = null
	ssl.keystore.key = null
	ssl.keystore.location = null
	ssl.keystore.password = null
	ssl.keystore.type = JKS
	ssl.protocol = TLSv1.3
	ssl.provider = null
	ssl.secure.random.implementation = null
	ssl.trustmanager.algorithm = PKIX
	ssl.truststore.certificates = null
	ssl.truststore.location = null
	ssl.truststore.password = null
	ssl.truststore.type = JKS
	transaction.timeout.ms = 60000
	transactional.id = null
	value.serializer = class io.apicurio.registry.serde.protobuf.ProtobufKafkaSerializer

2025-08-06 19:01:04,005 INFO  [org.apa.kaf.com.tel.int.KafkaMetricsCollector] (main) initializing Kafka metrics collector
2025-08-06 19:01:04,009 INFO  [org.apa.kaf.cli.pro.KafkaProducer] (main) [Producer clientId=Producer-sdff65111x3521x4fe8x9972xeade1fa2cb63] Instantiated an idempotent producer.
2025-08-06 19:01:04,011 INFO  [org.apa.kaf.cli.pro.ProducerConfig] (main) These configurations '[apicurio.registry.url, apicurio.registry.headers.enabled, apicurio.registry.artifact-resolver-strategy]' were supplied but are not used yet.
2025-08-06 19:01:04,011 INFO  [org.apa.kaf.com.uti.AppInfoParser] (main) Kafka version: 3.9.1
2025-08-06 19:01:04,011 INFO  [org.apa.kaf.com.uti.AppInfoParser] (main) Kafka commitId: f745dfdcee2b9851
2025-08-06 19:01:04,011 INFO  [org.apa.kaf.com.uti.AppInfoParser] (main) Kafka startTimeMs: 1754506864011
2025-08-06 19:01:04,011 INFO  [io.api.tes.ser.api.SimpleSerdesTesterBuilder$SimpleSerdesTester] (main) Using producer configuration: {apicurio.registry.url=http://registry-app-ksql043.apps.ci419.apicurio-testing.org:80/apis/registry/v3, apicurio.registry.headers.enabled=true, apicurio.registry.artifact-resolver-strategy=io.apicurio.registry.serde.strategy.TopicIdStrategy, value.serializer=io.apicurio.registry.serde.protobuf.ProtobufKafkaSerializer, request.timeout.ms=5000, acks=all, bootstrap.servers=PLAINTEXT://localhost:32769, connections.max.idle.ms=10000, key.serializer=org.apache.kafka.common.serialization.StringSerializer, client.id=Producer-sdff65111x3521x4fe8x9972xeade1fa2cb63}
2025-08-06 19:01:04,011 INFO  [io.api.tes.ser.api.SimpleSerdesTesterBuilder$SimpleSerdesTester] (main) Using consumer configuration: {apicurio.registry.headers.enabled=true}
2025-08-06 19:01:04,014 INFO  [io.api.tes.ser.api.KafkaSerdesTester] (Thread-772) Sending message msb: 1754506864014
lsb: 321
 to topic sdff65111x3521x4fe8x9972xeade1fa2cb63
2025-08-06 19:01:04,016 INFO  [org.apa.kaf.cli.Metadata] (kafka-producer-network-thread | Producer-sdff65111x3521x4fe8x9972xeade1fa2cb63) [Producer clientId=Producer-sdff65111x3521x4fe8x9972xeade1fa2cb63] Cluster ID: T8p0IQFNTYSHGQR6rr1wVQ
2025-08-06 19:01:04,017 INFO  [DefaultSchemaResolver] (Thread-772) Retrieving schema content using string: // Proto schema formatted by Wire, do not edit.
// Source: 

syntax = "proto3";

package io.apicurio.registry.common.proto;

option java_package = "io.apicurio.registry.common.proto";
option java_outer_classname = "Cmmn";

message UUID {
  fixed64 msb = 1;

  fixed64 lsb = 2;
}

2025-08-06 19:01:04,019 INFO  [org.apa.kaf.cli.pro.int.TransactionManager] (kafka-producer-network-thread | Producer-sdff65111x3521x4fe8x9972xeade1fa2cb63) [Producer clientId=Producer-sdff65111x3521x4fe8x9972xeade1fa2cb63] ProducerId set to 31 with epoch 0
2025-08-06 19:01:04,041 INFO  [io.api.tes.ser.api.KafkaSerdesTester] (Thread-772) Sending message msb: 1754506864041
lsb: 321
 to topic sdff65111x3521x4fe8x9972xeade1fa2cb63
2025-08-06 19:01:04,044 INFO  [io.api.tes.ser.api.KafkaSerdesTester] (Thread-772) Sending message msb: 1754506864044
lsb: 321
 to topic sdff65111x3521x4fe8x9972xeade1fa2cb63
2025-08-06 19:01:04,048 INFO  [io.api.tes.ser.api.KafkaSerdesTester] (Thread-772) Sending message msb: 1754506864047
lsb: 321
 to topic sdff65111x3521x4fe8x9972xeade1fa2cb63
2025-08-06 19:01:04,051 INFO  [io.api.tes.ser.api.KafkaSerdesTester] (Thread-772) Sending message msb: 1754506864051
lsb: 321
 to topic sdff65111x3521x4fe8x9972xeade1fa2cb63
2025-08-06 19:01:04,055 INFO  [io.api.tes.ser.api.KafkaSerdesTester] (Thread-772) Sending message msb: 1754506864055
lsb: 321
 to topic sdff65111x3521x4fe8x9972xeade1fa2cb63
2025-08-06 19:01:04,057 INFO  [io.api.tes.ser.api.KafkaSerdesTester] (Thread-772) Sending message msb: 1754506864056
lsb: 321
 to topic sdff65111x3521x4fe8x9972xeade1fa2cb63
2025-08-06 19:01:04,063 INFO  [io.api.tes.ser.api.KafkaSerdesTester] (Thread-772) Sending message msb: 1754506864063
lsb: 321
 to topic sdff65111x3521x4fe8x9972xeade1fa2cb63
2025-08-06 19:01:04,071 INFO  [io.api.tes.ser.api.KafkaSerdesTester] (Thread-772) Sending message msb: 1754506864071
lsb: 321
 to topic sdff65111x3521x4fe8x9972xeade1fa2cb63
2025-08-06 19:01:04,073 INFO  [io.api.tes.ser.api.KafkaSerdesTester] (Thread-772) Sending message msb: 1754506864073
lsb: 321
 to topic sdff65111x3521x4fe8x9972xeade1fa2cb63
2025-08-06 19:01:04,075 INFO  [io.api.tes.ser.api.KafkaSerdesTester] (Thread-772) Produced 10 messages
2025-08-06 19:01:04,075 INFO  [org.apa.kaf.cli.pro.KafkaProducer] (Thread-772) [Producer clientId=Producer-sdff65111x3521x4fe8x9972xeade1fa2cb63] Closing the Kafka producer with timeoutMillis = 9223372036854775807 ms.
2025-08-06 19:01:04,078 INFO  [org.apa.kaf.com.met.Metrics] (Thread-772) Metrics scheduler closed
2025-08-06 19:01:04,078 INFO  [org.apa.kaf.com.met.Metrics] (Thread-772) Closing reporter org.apache.kafka.common.metrics.JmxReporter
2025-08-06 19:01:04,078 INFO  [org.apa.kaf.com.met.Metrics] (Thread-772) Closing reporter org.apache.kafka.common.telemetry.internals.ClientTelemetryReporter
2025-08-06 19:01:04,078 INFO  [org.apa.kaf.com.met.Metrics] (Thread-772) Metrics reporters closed
2025-08-06 19:01:04,079 INFO  [org.apa.kaf.com.uti.AppInfoParser] (Thread-772) App info kafka.producer for Producer-sdff65111x3521x4fe8x9972xeade1fa2cb63 unregistered
**** Registry Base URL: http://registry-app-ksql043.apps.ci419.apicurio-testing.org:80
2025-08-06 19:01:04,079 INFO  [org.apa.kaf.cli.con.ConsumerConfig] (main) ConsumerConfig values: 
	allow.auto.create.topics = true
	auto.commit.interval.ms = 500
	auto.include.jmx.reporter = true
	auto.offset.reset = earliest
	bootstrap.servers = [PLAINTEXT://localhost:32769]
	check.crcs = true
	client.dns.lookup = use_all_dns_ips
	client.id = consumer-Consumer-sdff65111x3521x4fe8x9972xeade1fa2cb63-24
	client.rack = 
	connections.max.idle.ms = 10000
	default.api.timeout.ms = 60000
	enable.auto.commit = true
	enable.metrics.push = true
	exclude.internal.topics = true
	fetch.max.bytes = 52428800
	fetch.max.wait.ms = 500
	fetch.min.bytes = 1
	group.id = Consumer-sdff65111x3521x4fe8x9972xeade1fa2cb63
	group.instance.id = null
	group.protocol = classic
	group.remote.assignor = null
	heartbeat.interval.ms = 3000
	interceptor.classes = []
	internal.leave.group.on.close = true
	internal.throw.on.fetch.stable.offset.unsupported = false
	isolation.level = read_uncommitted
	key.deserializer = class org.apache.kafka.common.serialization.StringDeserializer
	max.partition.fetch.bytes = 1048576
	max.poll.interval.ms = 300000
	max.poll.records = 500
	metadata.max.age.ms = 300000
	metadata.recovery.strategy = none
	metric.reporters = []
	metrics.num.samples = 2
	metrics.recording.level = INFO
	metrics.sample.window.ms = 30000
	partition.assignment.strategy = [class org.apache.kafka.clients.consumer.RangeAssignor, class org.apache.kafka.clients.consumer.CooperativeStickyAssignor]
	receive.buffer.bytes = 65536
	reconnect.backoff.max.ms = 1000
	reconnect.backoff.ms = 50
	request.timeout.ms = 5000
	retry.backoff.max.ms = 1000
	retry.backoff.ms = 100
	sasl.client.callback.handler.class = null
	sasl.jaas.config = null
	sasl.kerberos.kinit.cmd = /usr/bin/kinit
	sasl.kerberos.min.time.before.relogin = 60000
	sasl.kerberos.service.name = null
	sasl.kerberos.ticket.renew.jitter = 0.05
	sasl.kerberos.ticket.renew.window.factor = 0.8
	sasl.login.callback.handler.class = null
	sasl.login.class = null
	sasl.login.connect.timeout.ms = null
	sasl.login.read.timeout.ms = null
	sasl.login.refresh.buffer.seconds = 300
	sasl.login.refresh.min.period.seconds = 60
	sasl.login.refresh.window.factor = 0.8
	sasl.login.refresh.window.jitter = 0.05
	sasl.login.retry.backoff.max.ms = 10000
	sasl.login.retry.backoff.ms = 100
	sasl.mechanism = GSSAPI
	sasl.oauthbearer.clock.skew.seconds = 30
	sasl.oauthbearer.expected.audience = null
	sasl.oauthbearer.expected.issuer = null
	sasl.oauthbearer.header.urlencode = false
	sasl.oauthbearer.jwks.endpoint.refresh.ms = 3600000
	sasl.oauthbearer.jwks.endpoint.retry.backoff.max.ms = 10000
	sasl.oauthbearer.jwks.endpoint.retry.backoff.ms = 100
	sasl.oauthbearer.jwks.endpoint.url = null
	sasl.oauthbearer.scope.claim.name = scope
	sasl.oauthbearer.sub.claim.name = sub
	sasl.oauthbearer.token.endpoint.url = null
	security.protocol = PLAINTEXT
	security.providers = null
	send.buffer.bytes = 131072
	session.timeout.ms = 45000
	socket.connection.setup.timeout.max.ms = 30000
	socket.connection.setup.timeout.ms = 10000
	ssl.cipher.suites = null
	ssl.enabled.protocols = [TLSv1.2, TLSv1.3]
	ssl.endpoint.identification.algorithm = https
	ssl.engine.factory.class = null
	ssl.key.password = null
	ssl.keymanager.algorithm = SunX509
	ssl.keystore.certificate.chain = null
	ssl.keystore.key = null
	ssl.keystore.location = null
	ssl.keystore.password = null
	ssl.keystore.type = JKS
	ssl.protocol = TLSv1.3
	ssl.provider = null
	ssl.secure.random.implementation = null
	ssl.trustmanager.algorithm = PKIX
	ssl.truststore.certificates = null
	ssl.truststore.location = null
	ssl.truststore.password = null
	ssl.truststore.type = JKS
	value.deserializer = class io.apicurio.registry.serde.protobuf.ProtobufKafkaDeserializer

2025-08-06 19:01:04,080 INFO  [org.apa.kaf.com.tel.int.KafkaMetricsCollector] (main) initializing Kafka metrics collector
2025-08-06 19:01:04,088 INFO  [org.apa.kaf.cli.con.ConsumerConfig] (main) These configurations '[apicurio.registry.url, apicurio.registry.headers.enabled]' were supplied but are not used yet.
2025-08-06 19:01:04,088 INFO  [org.apa.kaf.com.uti.AppInfoParser] (main) Kafka version: 3.9.1
2025-08-06 19:01:04,088 INFO  [org.apa.kaf.com.uti.AppInfoParser] (main) Kafka commitId: f745dfdcee2b9851
2025-08-06 19:01:04,088 INFO  [org.apa.kaf.com.uti.AppInfoParser] (main) Kafka startTimeMs: 1754506864088
2025-08-06 19:01:04,089 INFO  [org.apa.kaf.cli.con.int.ClassicKafkaConsumer] (Thread-775) [Consumer clientId=consumer-Consumer-sdff65111x3521x4fe8x9972xeade1fa2cb63-24, groupId=Consumer-sdff65111x3521x4fe8x9972xeade1fa2cb63] Subscribed to topic(s): sdff65111x3521x4fe8x9972xeade1fa2cb63
2025-08-06 19:01:04,094 INFO  [org.apa.kaf.cli.Metadata] (Thread-775) [Consumer clientId=consumer-Consumer-sdff65111x3521x4fe8x9972xeade1fa2cb63-24, groupId=Consumer-sdff65111x3521x4fe8x9972xeade1fa2cb63] Cluster ID: T8p0IQFNTYSHGQR6rr1wVQ
2025-08-06 19:01:04,094 INFO  [org.apa.kaf.cli.con.int.ConsumerCoordinator] (Thread-775) [Consumer clientId=consumer-Consumer-sdff65111x3521x4fe8x9972xeade1fa2cb63-24, groupId=Consumer-sdff65111x3521x4fe8x9972xeade1fa2cb63] Discovered group coordinator localhost:32769 (id: 2147483647 rack: null)
2025-08-06 19:01:04,097 INFO  [org.apa.kaf.cli.con.int.ConsumerCoordinator] (Thread-775) [Consumer clientId=consumer-Consumer-sdff65111x3521x4fe8x9972xeade1fa2cb63-24, groupId=Consumer-sdff65111x3521x4fe8x9972xeade1fa2cb63] (Re-)joining group
2025-08-06 19:01:04,099 INFO  [org.apa.kaf.cli.con.int.ConsumerCoordinator] (Thread-775) [Consumer clientId=consumer-Consumer-sdff65111x3521x4fe8x9972xeade1fa2cb63-24, groupId=Consumer-sdff65111x3521x4fe8x9972xeade1fa2cb63] Request joining group due to: need to re-join with the given member-id: consumer-Consumer-sdff65111x3521x4fe8x9972xeade1fa2cb63-24-c300dbfa-50cd-4024-995d-16d9e3a465bb
2025-08-06 19:01:04,099 INFO  [org.apa.kaf.cli.con.int.ConsumerCoordinator] (Thread-775) [Consumer clientId=consumer-Consumer-sdff65111x3521x4fe8x9972xeade1fa2cb63-24, groupId=Consumer-sdff65111x3521x4fe8x9972xeade1fa2cb63] (Re-)joining group
2025-08-06 19:01:05,090 INFO  [io.api.tes.ser.api.KafkaSerdesTester] (Thread-775) None found
2025-08-06 19:01:06,090 INFO  [io.api.tes.ser.api.KafkaSerdesTester] (Thread-775) None found
2025-08-06 19:01:07,091 INFO  [io.api.tes.ser.api.KafkaSerdesTester] (Thread-775) None found
2025-08-06 19:01:07,102 INFO  [org.apa.kaf.cli.con.int.ConsumerCoordinator] (Thread-775) [Consumer clientId=consumer-Consumer-sdff65111x3521x4fe8x9972xeade1fa2cb63-24, groupId=Consumer-sdff65111x3521x4fe8x9972xeade1fa2cb63] Successfully joined group with generation Generation{generationId=5, memberId='consumer-Consumer-sdff65111x3521x4fe8x9972xeade1fa2cb63-24-c300dbfa-50cd-4024-995d-16d9e3a465bb', protocol='range'}
2025-08-06 19:01:07,102 INFO  [org.apa.kaf.cli.con.int.ConsumerCoordinator] (Thread-775) [Consumer clientId=consumer-Consumer-sdff65111x3521x4fe8x9972xeade1fa2cb63-24, groupId=Consumer-sdff65111x3521x4fe8x9972xeade1fa2cb63] Finished assignment for group at generation 5: {consumer-Consumer-sdff65111x3521x4fe8x9972xeade1fa2cb63-24-c300dbfa-50cd-4024-995d-16d9e3a465bb=Assignment(partitions=[sdff65111x3521x4fe8x9972xeade1fa2cb63-0])}
2025-08-06 19:01:07,110 INFO  [org.apa.kaf.cli.con.int.ConsumerCoordinator] (Thread-775) [Consumer clientId=consumer-Consumer-sdff65111x3521x4fe8x9972xeade1fa2cb63-24, groupId=Consumer-sdff65111x3521x4fe8x9972xeade1fa2cb63] Successfully synced group in generation Generation{generationId=5, memberId='consumer-Consumer-sdff65111x3521x4fe8x9972xeade1fa2cb63-24-c300dbfa-50cd-4024-995d-16d9e3a465bb', protocol='range'}
2025-08-06 19:01:07,110 INFO  [org.apa.kaf.cli.con.int.ConsumerCoordinator] (Thread-775) [Consumer clientId=consumer-Consumer-sdff65111x3521x4fe8x9972xeade1fa2cb63-24, groupId=Consumer-sdff65111x3521x4fe8x9972xeade1fa2cb63] Notifying assignor about the new Assignment(partitions=[sdff65111x3521x4fe8x9972xeade1fa2cb63-0])
2025-08-06 19:01:07,110 INFO  [org.apa.kaf.cli.con.int.ConsumerRebalanceListenerInvoker] (Thread-775) [Consumer clientId=consumer-Consumer-sdff65111x3521x4fe8x9972xeade1fa2cb63-24, groupId=Consumer-sdff65111x3521x4fe8x9972xeade1fa2cb63] Adding newly assigned partitions: sdff65111x3521x4fe8x9972xeade1fa2cb63-0
2025-08-06 19:01:07,111 INFO  [org.apa.kaf.cli.con.int.ConsumerUtils] (Thread-775) Setting offset for partition sdff65111x3521x4fe8x9972xeade1fa2cb63-0 to the committed offset FetchPosition{offset=20, offsetEpoch=Optional[0], currentLeader=LeaderAndEpoch{leader=Optional[localhost:32769 (id: 0 rack: null)], epoch=0}}
2025-08-06 19:01:07,142 INFO  [io.api.tes.ser.api.KafkaSerdesTester] (Thread-775) sdff65111x3521x4fe8x9972xeade1fa2cb63 0 20 msb: 1754506864014
lsb: 321

2025-08-06 19:01:07,142 INFO  [io.api.tes.ser.api.KafkaSerdesTester] (Thread-775) sdff65111x3521x4fe8x9972xeade1fa2cb63 0 21 msb: 1754506864041
lsb: 321

2025-08-06 19:01:07,142 INFO  [io.api.tes.ser.api.KafkaSerdesTester] (Thread-775) sdff65111x3521x4fe8x9972xeade1fa2cb63 0 22 msb: 1754506864044
lsb: 321

2025-08-06 19:01:07,142 INFO  [io.api.tes.ser.api.KafkaSerdesTester] (Thread-775) sdff65111x3521x4fe8x9972xeade1fa2cb63 0 23 msb: 1754506864047
lsb: 321

2025-08-06 19:01:07,142 INFO  [io.api.tes.ser.api.KafkaSerdesTester] (Thread-775) sdff65111x3521x4fe8x9972xeade1fa2cb63 0 24 msb: 1754506864051
lsb: 321

2025-08-06 19:01:07,142 INFO  [io.api.tes.ser.api.KafkaSerdesTester] (Thread-775) sdff65111x3521x4fe8x9972xeade1fa2cb63 0 25 msb: 1754506864055
lsb: 321

2025-08-06 19:01:07,142 INFO  [io.api.tes.ser.api.KafkaSerdesTester] (Thread-775) sdff65111x3521x4fe8x9972xeade1fa2cb63 0 26 msb: 1754506864056
lsb: 321

2025-08-06 19:01:07,142 INFO  [io.api.tes.ser.api.KafkaSerdesTester] (Thread-775) sdff65111x3521x4fe8x9972xeade1fa2cb63 0 27 msb: 1754506864063
lsb: 321

2025-08-06 19:01:07,142 INFO  [io.api.tes.ser.api.KafkaSerdesTester] (Thread-775) sdff65111x3521x4fe8x9972xeade1fa2cb63 0 28 msb: 1754506864071
lsb: 321

2025-08-06 19:01:07,142 INFO  [io.api.tes.ser.api.KafkaSerdesTester] (Thread-775) sdff65111x3521x4fe8x9972xeade1fa2cb63 0 29 msb: 1754506864073
lsb: 321

2025-08-06 19:01:07,142 INFO  [io.api.tes.ser.api.KafkaSerdesTester] (Thread-775) Consumed 10 messages
2025-08-06 19:01:07,151 INFO  [org.apa.kaf.cli.con.int.ConsumerRebalanceListenerInvoker] (Thread-775) [Consumer clientId=consumer-Consumer-sdff65111x3521x4fe8x9972xeade1fa2cb63-24, groupId=Consumer-sdff65111x3521x4fe8x9972xeade1fa2cb63] Revoke previously assigned partitions sdff65111x3521x4fe8x9972xeade1fa2cb63-0
2025-08-06 19:01:07,152 INFO  [org.apa.kaf.cli.con.int.ConsumerCoordinator] (Thread-775) [Consumer clientId=consumer-Consumer-sdff65111x3521x4fe8x9972xeade1fa2cb63-24, groupId=Consumer-sdff65111x3521x4fe8x9972xeade1fa2cb63] Member consumer-Consumer-sdff65111x3521x4fe8x9972xeade1fa2cb63-24-c300dbfa-50cd-4024-995d-16d9e3a465bb sending LeaveGroup request to coordinator localhost:32769 (id: 2147483647 rack: null) due to the consumer is being closed
2025-08-06 19:01:07,152 INFO  [org.apa.kaf.cli.con.int.ConsumerCoordinator] (Thread-775) [Consumer clientId=consumer-Consumer-sdff65111x3521x4fe8x9972xeade1fa2cb63-24, groupId=Consumer-sdff65111x3521x4fe8x9972xeade1fa2cb63] Resetting generation and member id due to: consumer pro-actively leaving the group
2025-08-06 19:01:07,152 INFO  [org.apa.kaf.cli.con.int.ConsumerCoordinator] (Thread-775) [Consumer clientId=consumer-Consumer-sdff65111x3521x4fe8x9972xeade1fa2cb63-24, groupId=Consumer-sdff65111x3521x4fe8x9972xeade1fa2cb63] Request joining group due to: consumer pro-actively leaving the group
2025-08-06 19:01:07,646 INFO  [org.apa.kaf.com.met.Metrics] (Thread-775) Metrics scheduler closed
2025-08-06 19:01:07,646 INFO  [org.apa.kaf.com.met.Metrics] (Thread-775) Closing reporter org.apache.kafka.common.metrics.JmxReporter
2025-08-06 19:01:07,646 INFO  [org.apa.kaf.com.met.Metrics] (Thread-775) Closing reporter org.apache.kafka.common.telemetry.internals.ClientTelemetryReporter
2025-08-06 19:01:07,647 INFO  [org.apa.kaf.com.met.Metrics] (Thread-775) Metrics reporters closed
2025-08-06 19:01:07,650 INFO  [org.apa.kaf.com.uti.AppInfoParser] (Thread-775) App info kafka.consumer for consumer-Consumer-sdff65111x3521x4fe8x9972xeade1fa2cb63-24 unregistered
**** Registry Base URL: http://registry-app-ksql043.apps.ci419.apicurio-testing.org:80
2025-08-06 19:01:07,651 INFO  [org.apa.kaf.cli.pro.ProducerConfig] (main) ProducerConfig values: 
	acks = -1
	auto.include.jmx.reporter = true
	batch.size = 16384
	bootstrap.servers = [PLAINTEXT://localhost:32769]
	buffer.memory = 33554432
	client.dns.lookup = use_all_dns_ips
	client.id = Producer-sdff65111x3521x4fe8x9972xeade1fa2cb63
	compression.gzip.level = -1
	compression.lz4.level = 9
	compression.type = none
	compression.zstd.level = 3
	connections.max.idle.ms = 10000
	delivery.timeout.ms = 120000
	enable.idempotence = true
	enable.metrics.push = true
	interceptor.classes = []
	key.serializer = class org.apache.kafka.common.serialization.StringSerializer
	linger.ms = 0
	max.block.ms = 60000
	max.in.flight.requests.per.connection = 5
	max.request.size = 1048576
	metadata.max.age.ms = 300000
	metadata.max.idle.ms = 300000
	metadata.recovery.strategy = none
	metric.reporters = []
	metrics.num.samples = 2
	metrics.recording.level = INFO
	metrics.sample.window.ms = 30000
	partitioner.adaptive.partitioning.enable = true
	partitioner.availability.timeout.ms = 0
	partitioner.class = null
	partitioner.ignore.keys = false
	receive.buffer.bytes = 32768
	reconnect.backoff.max.ms = 1000
	reconnect.backoff.ms = 50
	request.timeout.ms = 5000
	retries = 2147483647
	retry.backoff.max.ms = 1000
	retry.backoff.ms = 100
	sasl.client.callback.handler.class = null
	sasl.jaas.config = null
	sasl.kerberos.kinit.cmd = /usr/bin/kinit
	sasl.kerberos.min.time.before.relogin = 60000
	sasl.kerberos.service.name = null
	sasl.kerberos.ticket.renew.jitter = 0.05
	sasl.kerberos.ticket.renew.window.factor = 0.8
	sasl.login.callback.handler.class = null
	sasl.login.class = null
	sasl.login.connect.timeout.ms = null
	sasl.login.read.timeout.ms = null
	sasl.login.refresh.buffer.seconds = 300
	sasl.login.refresh.min.period.seconds = 60
	sasl.login.refresh.window.factor = 0.8
	sasl.login.refresh.window.jitter = 0.05
	sasl.login.retry.backoff.max.ms = 10000
	sasl.login.retry.backoff.ms = 100
	sasl.mechanism = GSSAPI
	sasl.oauthbearer.clock.skew.seconds = 30
	sasl.oauthbearer.expected.audience = null
	sasl.oauthbearer.expected.issuer = null
	sasl.oauthbearer.header.urlencode = false
	sasl.oauthbearer.jwks.endpoint.refresh.ms = 3600000
	sasl.oauthbearer.jwks.endpoint.retry.backoff.max.ms = 10000
	sasl.oauthbearer.jwks.endpoint.retry.backoff.ms = 100
	sasl.oauthbearer.jwks.endpoint.url = null
	sasl.oauthbearer.scope.claim.name = scope
	sasl.oauthbearer.sub.claim.name = sub
	sasl.oauthbearer.token.endpoint.url = null
	security.protocol = PLAINTEXT
	security.providers = null
	send.buffer.bytes = 131072
	socket.connection.setup.timeout.max.ms = 30000
	socket.connection.setup.timeout.ms = 10000
	ssl.cipher.suites = null
	ssl.enabled.protocols = [TLSv1.2, TLSv1.3]
	ssl.endpoint.identification.algorithm = https
	ssl.engine.factory.class = null
	ssl.key.password = null
	ssl.keymanager.algorithm = SunX509
	ssl.keystore.certificate.chain = null
	ssl.keystore.key = null
	ssl.keystore.location = null
	ssl.keystore.password = null
	ssl.keystore.type = JKS
	ssl.protocol = TLSv1.3
	ssl.provider = null
	ssl.secure.random.implementation = null
	ssl.trustmanager.algorithm = PKIX
	ssl.truststore.certificates = null
	ssl.truststore.location = null
	ssl.truststore.password = null
	ssl.truststore.type = JKS
	transaction.timeout.ms = 60000
	transactional.id = null
	value.serializer = class io.apicurio.registry.serde.protobuf.ProtobufKafkaSerializer

2025-08-06 19:01:07,651 INFO  [org.apa.kaf.com.tel.int.KafkaMetricsCollector] (main) initializing Kafka metrics collector
2025-08-06 19:01:07,657 INFO  [org.apa.kaf.cli.pro.KafkaProducer] (main) [Producer clientId=Producer-sdff65111x3521x4fe8x9972xeade1fa2cb63] Instantiated an idempotent producer.
2025-08-06 19:01:07,660 INFO  [org.apa.kaf.cli.pro.ProducerConfig] (main) These configurations '[apicurio.registry.find-latest, apicurio.registry.url, apicurio.registry.artifact-resolver-strategy]' were supplied but are not used yet.
2025-08-06 19:01:07,660 INFO  [org.apa.kaf.com.uti.AppInfoParser] (main) Kafka version: 3.9.1
2025-08-06 19:01:07,660 INFO  [org.apa.kaf.com.uti.AppInfoParser] (main) Kafka commitId: f745dfdcee2b9851
2025-08-06 19:01:07,660 INFO  [org.apa.kaf.com.uti.AppInfoParser] (main) Kafka startTimeMs: 1754506867660
2025-08-06 19:01:07,663 INFO  [io.api.tes.ser.api.KafkaSerdesTester] (Thread-778) Sending message header {
  time {
  }
}
d1: 1.754506867662E12
s1: "a"
i1: 123
bi1: 1
point {
  longitude: 22.0
  latitude: 22.0
  altitude: 1.0
}
 to topic sdff65111x3521x4fe8x9972xeade1fa2cb63
2025-08-06 19:01:07,666 INFO  [org.apa.kaf.cli.Metadata] (kafka-producer-network-thread | Producer-sdff65111x3521x4fe8x9972xeade1fa2cb63) [Producer clientId=Producer-sdff65111x3521x4fe8x9972xeade1fa2cb63] Cluster ID: T8p0IQFNTYSHGQR6rr1wVQ
2025-08-06 19:01:07,666 INFO  [org.apa.kaf.cli.pro.int.TransactionManager] (kafka-producer-network-thread | Producer-sdff65111x3521x4fe8x9972xeade1fa2cb63) [Producer clientId=Producer-sdff65111x3521x4fe8x9972xeade1fa2cb63] ProducerId set to 32 with epoch 0
2025-08-06 19:01:07,697 INFO  [org.apa.kaf.cli.pro.KafkaProducer] (Thread-778) [Producer clientId=Producer-sdff65111x3521x4fe8x9972xeade1fa2cb63] Closing the Kafka producer with timeoutMillis = 9223372036854775807 ms.
2025-08-06 19:01:07,698 INFO  [org.apa.kaf.com.met.Metrics] (Thread-778) Metrics scheduler closed
2025-08-06 19:01:07,699 INFO  [org.apa.kaf.com.met.Metrics] (Thread-778) Closing reporter org.apache.kafka.common.metrics.JmxReporter
2025-08-06 19:01:07,699 INFO  [org.apa.kaf.com.met.Metrics] (Thread-778) Closing reporter org.apache.kafka.common.telemetry.internals.ClientTelemetryReporter
2025-08-06 19:01:07,699 INFO  [org.apa.kaf.com.met.Metrics] (Thread-778) Metrics reporters closed
2025-08-06 19:01:07,699 INFO  [org.apa.kaf.com.uti.AppInfoParser] (Thread-778) App info kafka.producer for Producer-sdff65111x3521x4fe8x9972xeade1fa2cb63 unregistered
**** Registry Base URL: http://registry-app-ksql043.apps.ci419.apicurio-testing.org:80
2025-08-06 19:01:07,700 INFO  [org.apa.kaf.cli.pro.ProducerConfig] (main) ProducerConfig values: 
	acks = -1
	auto.include.jmx.reporter = true
	batch.size = 16384
	bootstrap.servers = [PLAINTEXT://localhost:32769]
	buffer.memory = 33554432
	client.dns.lookup = use_all_dns_ips
	client.id = Producer-sdff65111x3521x4fe8x9972xeade1fa2cb63
	compression.gzip.level = -1
	compression.lz4.level = 9
	compression.type = none
	compression.zstd.level = 3
	connections.max.idle.ms = 10000
	delivery.timeout.ms = 120000
	enable.idempotence = true
	enable.metrics.push = true
	interceptor.classes = []
	key.serializer = class org.apache.kafka.common.serialization.StringSerializer
	linger.ms = 0
	max.block.ms = 60000
	max.in.flight.requests.per.connection = 5
	max.request.size = 1048576
	metadata.max.age.ms = 300000
	metadata.max.idle.ms = 300000
	metadata.recovery.strategy = none
	metric.reporters = []
	metrics.num.samples = 2
	metrics.recording.level = INFO
	metrics.sample.window.ms = 30000
	partitioner.adaptive.partitioning.enable = true
	partitioner.availability.timeout.ms = 0
	partitioner.class = null
	partitioner.ignore.keys = false
	receive.buffer.bytes = 32768
	reconnect.backoff.max.ms = 1000
	reconnect.backoff.ms = 50
	request.timeout.ms = 5000
	retries = 2147483647
	retry.backoff.max.ms = 1000
	retry.backoff.ms = 100
	sasl.client.callback.handler.class = null
	sasl.jaas.config = null
	sasl.kerberos.kinit.cmd = /usr/bin/kinit
	sasl.kerberos.min.time.before.relogin = 60000
	sasl.kerberos.service.name = null
	sasl.kerberos.ticket.renew.jitter = 0.05
	sasl.kerberos.ticket.renew.window.factor = 0.8
	sasl.login.callback.handler.class = null
	sasl.login.class = null
	sasl.login.connect.timeout.ms = null
	sasl.login.read.timeout.ms = null
	sasl.login.refresh.buffer.seconds = 300
	sasl.login.refresh.min.period.seconds = 60
	sasl.login.refresh.window.factor = 0.8
	sasl.login.refresh.window.jitter = 0.05
	sasl.login.retry.backoff.max.ms = 10000
	sasl.login.retry.backoff.ms = 100
	sasl.mechanism = GSSAPI
	sasl.oauthbearer.clock.skew.seconds = 30
	sasl.oauthbearer.expected.audience = null
	sasl.oauthbearer.expected.issuer = null
	sasl.oauthbearer.header.urlencode = false
	sasl.oauthbearer.jwks.endpoint.refresh.ms = 3600000
	sasl.oauthbearer.jwks.endpoint.retry.backoff.max.ms = 10000
	sasl.oauthbearer.jwks.endpoint.retry.backoff.ms = 100
	sasl.oauthbearer.jwks.endpoint.url = null
	sasl.oauthbearer.scope.claim.name = scope
	sasl.oauthbearer.sub.claim.name = sub
	sasl.oauthbearer.token.endpoint.url = null
	security.protocol = PLAINTEXT
	security.providers = null
	send.buffer.bytes = 131072
	socket.connection.setup.timeout.max.ms = 30000
	socket.connection.setup.timeout.ms = 10000
	ssl.cipher.suites = null
	ssl.enabled.protocols = [TLSv1.2, TLSv1.3]
	ssl.endpoint.identification.algorithm = https
	ssl.engine.factory.class = null
	ssl.key.password = null
	ssl.keymanager.algorithm = SunX509
	ssl.keystore.certificate.chain = null
	ssl.keystore.key = null
	ssl.keystore.location = null
	ssl.keystore.password = null
	ssl.keystore.type = JKS
	ssl.protocol = TLSv1.3
	ssl.provider = null
	ssl.secure.random.implementation = null
	ssl.trustmanager.algorithm = PKIX
	ssl.truststore.certificates = null
	ssl.truststore.location = null
	ssl.truststore.password = null
	ssl.truststore.type = JKS
	transaction.timeout.ms = 60000
	transactional.id = null
	value.serializer = class io.apicurio.registry.serde.protobuf.ProtobufKafkaSerializer

2025-08-06 19:01:07,700 INFO  [org.apa.kaf.com.tel.int.KafkaMetricsCollector] (main) initializing Kafka metrics collector
2025-08-06 19:01:07,705 INFO  [org.apa.kaf.cli.pro.KafkaProducer] (main) [Producer clientId=Producer-sdff65111x3521x4fe8x9972xeade1fa2cb63] Instantiated an idempotent producer.
2025-08-06 19:01:07,707 INFO  [org.apa.kaf.cli.pro.ProducerConfig] (main) These configurations '[apicurio.registry.find-latest, apicurio.registry.url, apicurio.registry.headers.enabled, apicurio.registry.artifact-resolver-strategy]' were supplied but are not used yet.
2025-08-06 19:01:07,707 INFO  [org.apa.kaf.com.uti.AppInfoParser] (main) Kafka version: 3.9.1
2025-08-06 19:01:07,707 INFO  [org.apa.kaf.com.uti.AppInfoParser] (main) Kafka commitId: f745dfdcee2b9851
2025-08-06 19:01:07,707 INFO  [org.apa.kaf.com.uti.AppInfoParser] (main) Kafka startTimeMs: 1754506867707
2025-08-06 19:01:07,707 INFO  [io.api.tes.ser.api.SimpleSerdesTesterBuilder$SimpleSerdesTester] (main) Using producer configuration: {apicurio.registry.find-latest=true, apicurio.registry.url=http://registry-app-ksql043.apps.ci419.apicurio-testing.org:80/apis/registry/v3, apicurio.registry.headers.enabled=true, apicurio.registry.artifact-resolver-strategy=io.apicurio.registry.serde.strategy.TopicIdStrategy, value.serializer=io.apicurio.registry.serde.protobuf.ProtobufKafkaSerializer, request.timeout.ms=5000, acks=all, bootstrap.servers=PLAINTEXT://localhost:32769, connections.max.idle.ms=10000, key.serializer=org.apache.kafka.common.serialization.StringSerializer, client.id=Producer-sdff65111x3521x4fe8x9972xeade1fa2cb63}
2025-08-06 19:01:07,707 INFO  [io.api.tes.ser.api.SimpleSerdesTesterBuilder$SimpleSerdesTester] (main) Using consumer configuration: {apicurio.registry.headers.enabled=true}
2025-08-06 19:01:07,708 INFO  [io.api.tes.ser.api.KafkaSerdesTester] (Thread-781) Sending message msb: 1754506867708
lsb: 321
 to topic sdff65111x3521x4fe8x9972xeade1fa2cb63
2025-08-06 19:01:07,712 INFO  [org.apa.kaf.cli.Metadata] (kafka-producer-network-thread | Producer-sdff65111x3521x4fe8x9972xeade1fa2cb63) [Producer clientId=Producer-sdff65111x3521x4fe8x9972xeade1fa2cb63] Cluster ID: T8p0IQFNTYSHGQR6rr1wVQ
2025-08-06 19:01:07,712 INFO  [org.apa.kaf.cli.pro.int.TransactionManager] (kafka-producer-network-thread | Producer-sdff65111x3521x4fe8x9972xeade1fa2cb63) [Producer clientId=Producer-sdff65111x3521x4fe8x9972xeade1fa2cb63] ProducerId set to 33 with epoch 0
2025-08-06 19:01:07,751 INFO  [io.api.tes.ser.api.KafkaSerdesTester] (Thread-781) Sending message msb: 1754506867751
lsb: 321
 to topic sdff65111x3521x4fe8x9972xeade1fa2cb63
2025-08-06 19:01:07,755 INFO  [io.api.tes.ser.api.KafkaSerdesTester] (Thread-781) Sending message msb: 1754506867755
lsb: 321
 to topic sdff65111x3521x4fe8x9972xeade1fa2cb63
2025-08-06 19:01:07,758 INFO  [io.api.tes.ser.api.KafkaSerdesTester] (Thread-781) Sending message msb: 1754506867758
lsb: 321
 to topic sdff65111x3521x4fe8x9972xeade1fa2cb63
2025-08-06 19:01:07,760 INFO  [io.api.tes.ser.api.KafkaSerdesTester] (Thread-781) Sending message msb: 1754506867760
lsb: 321
 to topic sdff65111x3521x4fe8x9972xeade1fa2cb63
2025-08-06 19:01:07,762 INFO  [io.api.tes.ser.api.KafkaSerdesTester] (Thread-781) Sending message msb: 1754506867762
lsb: 321
 to topic sdff65111x3521x4fe8x9972xeade1fa2cb63
2025-08-06 19:01:07,764 INFO  [io.api.tes.ser.api.KafkaSerdesTester] (Thread-781) Sending message msb: 1754506867764
lsb: 321
 to topic sdff65111x3521x4fe8x9972xeade1fa2cb63
2025-08-06 19:01:07,767 INFO  [io.api.tes.ser.api.KafkaSerdesTester] (Thread-781) Sending message msb: 1754506867767
lsb: 321
 to topic sdff65111x3521x4fe8x9972xeade1fa2cb63
2025-08-06 19:01:07,768 INFO  [io.api.tes.ser.api.KafkaSerdesTester] (Thread-781) Sending message msb: 1754506867768
lsb: 321
 to topic sdff65111x3521x4fe8x9972xeade1fa2cb63
2025-08-06 19:01:07,772 INFO  [io.api.tes.ser.api.KafkaSerdesTester] (Thread-781) Sending message msb: 1754506867771
lsb: 321
 to topic sdff65111x3521x4fe8x9972xeade1fa2cb63
2025-08-06 19:01:07,773 INFO  [io.api.tes.ser.api.KafkaSerdesTester] (Thread-781) Produced 10 messages
2025-08-06 19:01:07,773 INFO  [org.apa.kaf.cli.pro.KafkaProducer] (Thread-781) [Producer clientId=Producer-sdff65111x3521x4fe8x9972xeade1fa2cb63] Closing the Kafka producer with timeoutMillis = 9223372036854775807 ms.
2025-08-06 19:01:07,776 INFO  [org.apa.kaf.com.met.Metrics] (Thread-781) Metrics scheduler closed
2025-08-06 19:01:07,776 INFO  [org.apa.kaf.com.met.Metrics] (Thread-781) Closing reporter org.apache.kafka.common.metrics.JmxReporter
2025-08-06 19:01:07,776 INFO  [org.apa.kaf.com.met.Metrics] (Thread-781) Closing reporter org.apache.kafka.common.telemetry.internals.ClientTelemetryReporter
2025-08-06 19:01:07,776 INFO  [org.apa.kaf.com.met.Metrics] (Thread-781) Metrics reporters closed
2025-08-06 19:01:07,776 INFO  [org.apa.kaf.com.uti.AppInfoParser] (Thread-781) App info kafka.producer for Producer-sdff65111x3521x4fe8x9972xeade1fa2cb63 unregistered
**** Registry Base URL: http://registry-app-ksql043.apps.ci419.apicurio-testing.org:80
2025-08-06 19:01:07,778 INFO  [org.apa.kaf.cli.con.ConsumerConfig] (main) ConsumerConfig values: 
	allow.auto.create.topics = true
	auto.commit.interval.ms = 500
	auto.include.jmx.reporter = true
	auto.offset.reset = earliest
	bootstrap.servers = [PLAINTEXT://localhost:32769]
	check.crcs = true
	client.dns.lookup = use_all_dns_ips
	client.id = consumer-Consumer-sdff65111x3521x4fe8x9972xeade1fa2cb63-25
	client.rack = 
	connections.max.idle.ms = 10000
	default.api.timeout.ms = 60000
	enable.auto.commit = true
	enable.metrics.push = true
	exclude.internal.topics = true
	fetch.max.bytes = 52428800
	fetch.max.wait.ms = 500
	fetch.min.bytes = 1
	group.id = Consumer-sdff65111x3521x4fe8x9972xeade1fa2cb63
	group.instance.id = null
	group.protocol = classic
	group.remote.assignor = null
	heartbeat.interval.ms = 3000
	interceptor.classes = []
	internal.leave.group.on.close = true
	internal.throw.on.fetch.stable.offset.unsupported = false
	isolation.level = read_uncommitted
	key.deserializer = class org.apache.kafka.common.serialization.StringDeserializer
	max.partition.fetch.bytes = 1048576
	max.poll.interval.ms = 300000
	max.poll.records = 500
	metadata.max.age.ms = 300000
	metadata.recovery.strategy = none
	metric.reporters = []
	metrics.num.samples = 2
	metrics.recording.level = INFO
	metrics.sample.window.ms = 30000
	partition.assignment.strategy = [class org.apache.kafka.clients.consumer.RangeAssignor, class org.apache.kafka.clients.consumer.CooperativeStickyAssignor]
	receive.buffer.bytes = 65536
	reconnect.backoff.max.ms = 1000
	reconnect.backoff.ms = 50
	request.timeout.ms = 5000
	retry.backoff.max.ms = 1000
	retry.backoff.ms = 100
	sasl.client.callback.handler.class = null
	sasl.jaas.config = null
	sasl.kerberos.kinit.cmd = /usr/bin/kinit
	sasl.kerberos.min.time.before.relogin = 60000
	sasl.kerberos.service.name = null
	sasl.kerberos.ticket.renew.jitter = 0.05
	sasl.kerberos.ticket.renew.window.factor = 0.8
	sasl.login.callback.handler.class = null
	sasl.login.class = null
	sasl.login.connect.timeout.ms = null
	sasl.login.read.timeout.ms = null
	sasl.login.refresh.buffer.seconds = 300
	sasl.login.refresh.min.period.seconds = 60
	sasl.login.refresh.window.factor = 0.8
	sasl.login.refresh.window.jitter = 0.05
	sasl.login.retry.backoff.max.ms = 10000
	sasl.login.retry.backoff.ms = 100
	sasl.mechanism = GSSAPI
	sasl.oauthbearer.clock.skew.seconds = 30
	sasl.oauthbearer.expected.audience = null
	sasl.oauthbearer.expected.issuer = null
	sasl.oauthbearer.header.urlencode = false
	sasl.oauthbearer.jwks.endpoint.refresh.ms = 3600000
	sasl.oauthbearer.jwks.endpoint.retry.backoff.max.ms = 10000
	sasl.oauthbearer.jwks.endpoint.retry.backoff.ms = 100
	sasl.oauthbearer.jwks.endpoint.url = null
	sasl.oauthbearer.scope.claim.name = scope
	sasl.oauthbearer.sub.claim.name = sub
	sasl.oauthbearer.token.endpoint.url = null
	security.protocol = PLAINTEXT
	security.providers = null
	send.buffer.bytes = 131072
	session.timeout.ms = 45000
	socket.connection.setup.timeout.max.ms = 30000
	socket.connection.setup.timeout.ms = 10000
	ssl.cipher.suites = null
	ssl.enabled.protocols = [TLSv1.2, TLSv1.3]
	ssl.endpoint.identification.algorithm = https
	ssl.engine.factory.class = null
	ssl.key.password = null
	ssl.keymanager.algorithm = SunX509
	ssl.keystore.certificate.chain = null
	ssl.keystore.key = null
	ssl.keystore.location = null
	ssl.keystore.password = null
	ssl.keystore.type = JKS
	ssl.protocol = TLSv1.3
	ssl.provider = null
	ssl.secure.random.implementation = null
	ssl.trustmanager.algorithm = PKIX
	ssl.truststore.certificates = null
	ssl.truststore.location = null
	ssl.truststore.password = null
	ssl.truststore.type = JKS
	value.deserializer = class io.apicurio.registry.serde.protobuf.ProtobufKafkaDeserializer

2025-08-06 19:01:07,778 INFO  [org.apa.kaf.com.tel.int.KafkaMetricsCollector] (main) initializing Kafka metrics collector
2025-08-06 19:01:07,785 INFO  [org.apa.kaf.cli.con.ConsumerConfig] (main) These configurations '[apicurio.registry.url, apicurio.registry.headers.enabled]' were supplied but are not used yet.
2025-08-06 19:01:07,785 INFO  [org.apa.kaf.com.uti.AppInfoParser] (main) Kafka version: 3.9.1
2025-08-06 19:01:07,785 INFO  [org.apa.kaf.com.uti.AppInfoParser] (main) Kafka commitId: f745dfdcee2b9851
2025-08-06 19:01:07,785 INFO  [org.apa.kaf.com.uti.AppInfoParser] (main) Kafka startTimeMs: 1754506867785
2025-08-06 19:01:07,785 INFO  [org.apa.kaf.cli.con.int.ClassicKafkaConsumer] (Thread-784) [Consumer clientId=consumer-Consumer-sdff65111x3521x4fe8x9972xeade1fa2cb63-25, groupId=Consumer-sdff65111x3521x4fe8x9972xeade1fa2cb63] Subscribed to topic(s): sdff65111x3521x4fe8x9972xeade1fa2cb63
2025-08-06 19:01:07,791 INFO  [org.apa.kaf.cli.Metadata] (Thread-784) [Consumer clientId=consumer-Consumer-sdff65111x3521x4fe8x9972xeade1fa2cb63-25, groupId=Consumer-sdff65111x3521x4fe8x9972xeade1fa2cb63] Cluster ID: T8p0IQFNTYSHGQR6rr1wVQ
2025-08-06 19:01:07,792 INFO  [org.apa.kaf.cli.con.int.ConsumerCoordinator] (Thread-784) [Consumer clientId=consumer-Consumer-sdff65111x3521x4fe8x9972xeade1fa2cb63-25, groupId=Consumer-sdff65111x3521x4fe8x9972xeade1fa2cb63] Discovered group coordinator localhost:32769 (id: 2147483647 rack: null)
2025-08-06 19:01:07,793 INFO  [org.apa.kaf.cli.con.int.ConsumerCoordinator] (Thread-784) [Consumer clientId=consumer-Consumer-sdff65111x3521x4fe8x9972xeade1fa2cb63-25, groupId=Consumer-sdff65111x3521x4fe8x9972xeade1fa2cb63] (Re-)joining group
2025-08-06 19:01:07,795 INFO  [org.apa.kaf.cli.con.int.ConsumerCoordinator] (Thread-784) [Consumer clientId=consumer-Consumer-sdff65111x3521x4fe8x9972xeade1fa2cb63-25, groupId=Consumer-sdff65111x3521x4fe8x9972xeade1fa2cb63] Request joining group due to: need to re-join with the given member-id: consumer-Consumer-sdff65111x3521x4fe8x9972xeade1fa2cb63-25-7ddc5fd5-4cb3-433e-8003-b74f51d52c62
2025-08-06 19:01:07,795 INFO  [org.apa.kaf.cli.con.int.ConsumerCoordinator] (Thread-784) [Consumer clientId=consumer-Consumer-sdff65111x3521x4fe8x9972xeade1fa2cb63-25, groupId=Consumer-sdff65111x3521x4fe8x9972xeade1fa2cb63] (Re-)joining group
2025-08-06 19:01:08,785 INFO  [io.api.tes.ser.api.KafkaSerdesTester] (Thread-784) None found
2025-08-06 19:01:09,785 INFO  [io.api.tes.ser.api.KafkaSerdesTester] (Thread-784) None found
2025-08-06 19:01:10,787 INFO  [io.api.tes.ser.api.KafkaSerdesTester] (Thread-784) None found
2025-08-06 19:01:10,796 INFO  [org.apa.kaf.cli.con.int.ConsumerCoordinator] (Thread-784) [Consumer clientId=consumer-Consumer-sdff65111x3521x4fe8x9972xeade1fa2cb63-25, groupId=Consumer-sdff65111x3521x4fe8x9972xeade1fa2cb63] Successfully joined group with generation Generation{generationId=7, memberId='consumer-Consumer-sdff65111x3521x4fe8x9972xeade1fa2cb63-25-7ddc5fd5-4cb3-433e-8003-b74f51d52c62', protocol='range'}
2025-08-06 19:01:10,796 INFO  [org.apa.kaf.cli.con.int.ConsumerCoordinator] (Thread-784) [Consumer clientId=consumer-Consumer-sdff65111x3521x4fe8x9972xeade1fa2cb63-25, groupId=Consumer-sdff65111x3521x4fe8x9972xeade1fa2cb63] Finished assignment for group at generation 7: {consumer-Consumer-sdff65111x3521x4fe8x9972xeade1fa2cb63-25-7ddc5fd5-4cb3-433e-8003-b74f51d52c62=Assignment(partitions=[sdff65111x3521x4fe8x9972xeade1fa2cb63-0])}
2025-08-06 19:01:10,803 INFO  [org.apa.kaf.cli.con.int.ConsumerCoordinator] (Thread-784) [Consumer clientId=consumer-Consumer-sdff65111x3521x4fe8x9972xeade1fa2cb63-25, groupId=Consumer-sdff65111x3521x4fe8x9972xeade1fa2cb63] Successfully synced group in generation Generation{generationId=7, memberId='consumer-Consumer-sdff65111x3521x4fe8x9972xeade1fa2cb63-25-7ddc5fd5-4cb3-433e-8003-b74f51d52c62', protocol='range'}
2025-08-06 19:01:10,803 INFO  [org.apa.kaf.cli.con.int.ConsumerCoordinator] (Thread-784) [Consumer clientId=consumer-Consumer-sdff65111x3521x4fe8x9972xeade1fa2cb63-25, groupId=Consumer-sdff65111x3521x4fe8x9972xeade1fa2cb63] Notifying assignor about the new Assignment(partitions=[sdff65111x3521x4fe8x9972xeade1fa2cb63-0])
2025-08-06 19:01:10,803 INFO  [org.apa.kaf.cli.con.int.ConsumerRebalanceListenerInvoker] (Thread-784) [Consumer clientId=consumer-Consumer-sdff65111x3521x4fe8x9972xeade1fa2cb63-25, groupId=Consumer-sdff65111x3521x4fe8x9972xeade1fa2cb63] Adding newly assigned partitions: sdff65111x3521x4fe8x9972xeade1fa2cb63-0
2025-08-06 19:01:10,805 INFO  [org.apa.kaf.cli.con.int.ConsumerUtils] (Thread-784) Setting offset for partition sdff65111x3521x4fe8x9972xeade1fa2cb63-0 to the committed offset FetchPosition{offset=30, offsetEpoch=Optional[0], currentLeader=LeaderAndEpoch{leader=Optional[localhost:32769 (id: 0 rack: null)], epoch=0}}
2025-08-06 19:01:10,832 INFO  [io.api.tes.ser.api.KafkaSerdesTester] (Thread-784) sdff65111x3521x4fe8x9972xeade1fa2cb63 0 30 msb: 1754506867708
lsb: 321

2025-08-06 19:01:10,833 INFO  [io.api.tes.ser.api.KafkaSerdesTester] (Thread-784) sdff65111x3521x4fe8x9972xeade1fa2cb63 0 31 msb: 1754506867751
lsb: 321

2025-08-06 19:01:10,833 INFO  [io.api.tes.ser.api.KafkaSerdesTester] (Thread-784) sdff65111x3521x4fe8x9972xeade1fa2cb63 0 32 msb: 1754506867755
lsb: 321

2025-08-06 19:01:10,833 INFO  [io.api.tes.ser.api.KafkaSerdesTester] (Thread-784) sdff65111x3521x4fe8x9972xeade1fa2cb63 0 33 msb: 1754506867758
lsb: 321

2025-08-06 19:01:10,833 INFO  [io.api.tes.ser.api.KafkaSerdesTester] (Thread-784) sdff65111x3521x4fe8x9972xeade1fa2cb63 0 34 msb: 1754506867760
lsb: 321

2025-08-06 19:01:10,833 INFO  [io.api.tes.ser.api.KafkaSerdesTester] (Thread-784) sdff65111x3521x4fe8x9972xeade1fa2cb63 0 35 msb: 1754506867762
lsb: 321

2025-08-06 19:01:10,833 INFO  [io.api.tes.ser.api.KafkaSerdesTester] (Thread-784) sdff65111x3521x4fe8x9972xeade1fa2cb63 0 36 msb: 1754506867764
lsb: 321

2025-08-06 19:01:10,833 INFO  [io.api.tes.ser.api.KafkaSerdesTester] (Thread-784) sdff65111x3521x4fe8x9972xeade1fa2cb63 0 37 msb: 1754506867767
lsb: 321

2025-08-06 19:01:10,833 INFO  [io.api.tes.ser.api.KafkaSerdesTester] (Thread-784) sdff65111x3521x4fe8x9972xeade1fa2cb63 0 38 msb: 1754506867768
lsb: 321

2025-08-06 19:01:10,833 INFO  [io.api.tes.ser.api.KafkaSerdesTester] (Thread-784) sdff65111x3521x4fe8x9972xeade1fa2cb63 0 39 msb: 1754506867771
lsb: 321

2025-08-06 19:01:10,833 INFO  [io.api.tes.ser.api.KafkaSerdesTester] (Thread-784) Consumed 10 messages
2025-08-06 19:01:10,840 INFO  [org.apa.kaf.cli.con.int.ConsumerRebalanceListenerInvoker] (Thread-784) [Consumer clientId=consumer-Consumer-sdff65111x3521x4fe8x9972xeade1fa2cb63-25, groupId=Consumer-sdff65111x3521x4fe8x9972xeade1fa2cb63] Revoke previously assigned partitions sdff65111x3521x4fe8x9972xeade1fa2cb63-0
2025-08-06 19:01:10,840 INFO  [org.apa.kaf.cli.con.int.ConsumerCoordinator] (Thread-784) [Consumer clientId=consumer-Consumer-sdff65111x3521x4fe8x9972xeade1fa2cb63-25, groupId=Consumer-sdff65111x3521x4fe8x9972xeade1fa2cb63] Member consumer-Consumer-sdff65111x3521x4fe8x9972xeade1fa2cb63-25-7ddc5fd5-4cb3-433e-8003-b74f51d52c62 sending LeaveGroup request to coordinator localhost:32769 (id: 2147483647 rack: null) due to the consumer is being closed
2025-08-06 19:01:10,841 INFO  [org.apa.kaf.cli.con.int.ConsumerCoordinator] (Thread-784) [Consumer clientId=consumer-Consumer-sdff65111x3521x4fe8x9972xeade1fa2cb63-25, groupId=Consumer-sdff65111x3521x4fe8x9972xeade1fa2cb63] Resetting generation and member id due to: consumer pro-actively leaving the group
2025-08-06 19:01:10,841 INFO  [org.apa.kaf.cli.con.int.ConsumerCoordinator] (Thread-784) [Consumer clientId=consumer-Consumer-sdff65111x3521x4fe8x9972xeade1fa2cb63-25, groupId=Consumer-sdff65111x3521x4fe8x9972xeade1fa2cb63] Request joining group due to: consumer pro-actively leaving the group
2025-08-06 19:01:11,335 INFO  [org.apa.kaf.com.met.Metrics] (Thread-784) Metrics scheduler closed
2025-08-06 19:01:11,335 INFO  [org.apa.kaf.com.met.Metrics] (Thread-784) Closing reporter org.apache.kafka.common.metrics.JmxReporter
2025-08-06 19:01:11,335 INFO  [org.apa.kaf.com.met.Metrics] (Thread-784) Closing reporter org.apache.kafka.common.telemetry.internals.ClientTelemetryReporter
2025-08-06 19:01:11,335 INFO  [org.apa.kaf.com.met.Metrics] (Thread-784) Metrics reporters closed
2025-08-06 19:01:11,337 INFO  [org.apa.kaf.com.uti.AppInfoParser] (Thread-784) App info kafka.consumer for consumer-Consumer-sdff65111x3521x4fe8x9972xeade1fa2cb63-25 unregistered
**** Registry Base URL: http://registry-app-ksql043.apps.ci419.apicurio-testing.org:80
2025-08-06 19:01:11,339 INFO  [org.apa.kaf.cli.pro.ProducerConfig] (main) ProducerConfig values: 
	acks = -1
	auto.include.jmx.reporter = true
	batch.size = 16384
	bootstrap.servers = [PLAINTEXT://localhost:32769]
	buffer.memory = 33554432
	client.dns.lookup = use_all_dns_ips
	client.id = Producer-sdff65111x3521x4fe8x9972xeade1fa2cb63
	compression.gzip.level = -1
	compression.lz4.level = 9
	compression.type = none
	compression.zstd.level = 3
	connections.max.idle.ms = 10000
	delivery.timeout.ms = 120000
	enable.idempotence = true
	enable.metrics.push = true
	interceptor.classes = []
	key.serializer = class org.apache.kafka.common.serialization.StringSerializer
	linger.ms = 0
	max.block.ms = 60000
	max.in.flight.requests.per.connection = 5
	max.request.size = 1048576
	metadata.max.age.ms = 300000
	metadata.max.idle.ms = 300000
	metadata.recovery.strategy = none
	metric.reporters = []
	metrics.num.samples = 2
	metrics.recording.level = INFO
	metrics.sample.window.ms = 30000
	partitioner.adaptive.partitioning.enable = true
	partitioner.availability.timeout.ms = 0
	partitioner.class = null
	partitioner.ignore.keys = false
	receive.buffer.bytes = 32768
	reconnect.backoff.max.ms = 1000
	reconnect.backoff.ms = 50
	request.timeout.ms = 5000
	retries = 2147483647
	retry.backoff.max.ms = 1000
	retry.backoff.ms = 100
	sasl.client.callback.handler.class = null
	sasl.jaas.config = null
	sasl.kerberos.kinit.cmd = /usr/bin/kinit
	sasl.kerberos.min.time.before.relogin = 60000
	sasl.kerberos.service.name = null
	sasl.kerberos.ticket.renew.jitter = 0.05
	sasl.kerberos.ticket.renew.window.factor = 0.8
	sasl.login.callback.handler.class = null
	sasl.login.class = null
	sasl.login.connect.timeout.ms = null
	sasl.login.read.timeout.ms = null
	sasl.login.refresh.buffer.seconds = 300
	sasl.login.refresh.min.period.seconds = 60
	sasl.login.refresh.window.factor = 0.8
	sasl.login.refresh.window.jitter = 0.05
	sasl.login.retry.backoff.max.ms = 10000
	sasl.login.retry.backoff.ms = 100
	sasl.mechanism = GSSAPI
	sasl.oauthbearer.clock.skew.seconds = 30
	sasl.oauthbearer.expected.audience = null
	sasl.oauthbearer.expected.issuer = null
	sasl.oauthbearer.header.urlencode = false
	sasl.oauthbearer.jwks.endpoint.refresh.ms = 3600000
	sasl.oauthbearer.jwks.endpoint.retry.backoff.max.ms = 10000
	sasl.oauthbearer.jwks.endpoint.retry.backoff.ms = 100
	sasl.oauthbearer.jwks.endpoint.url = null
	sasl.oauthbearer.scope.claim.name = scope
	sasl.oauthbearer.sub.claim.name = sub
	sasl.oauthbearer.token.endpoint.url = null
	security.protocol = PLAINTEXT
	security.providers = null
	send.buffer.bytes = 131072
	socket.connection.setup.timeout.max.ms = 30000
	socket.connection.setup.timeout.ms = 10000
	ssl.cipher.suites = null
	ssl.enabled.protocols = [TLSv1.2, TLSv1.3]
	ssl.endpoint.identification.algorithm = https
	ssl.engine.factory.class = null
	ssl.key.password = null
	ssl.keymanager.algorithm = SunX509
	ssl.keystore.certificate.chain = null
	ssl.keystore.key = null
	ssl.keystore.location = null
	ssl.keystore.password = null
	ssl.keystore.type = JKS
	ssl.protocol = TLSv1.3
	ssl.provider = null
	ssl.secure.random.implementation = null
	ssl.trustmanager.algorithm = PKIX
	ssl.truststore.certificates = null
	ssl.truststore.location = null
	ssl.truststore.password = null
	ssl.truststore.type = JKS
	transaction.timeout.ms = 60000
	transactional.id = null
	value.serializer = class io.apicurio.registry.serde.protobuf.ProtobufKafkaSerializer

2025-08-06 19:01:11,339 INFO  [org.apa.kaf.com.tel.int.KafkaMetricsCollector] (main) initializing Kafka metrics collector
2025-08-06 19:01:11,346 INFO  [org.apa.kaf.cli.pro.KafkaProducer] (main) [Producer clientId=Producer-sdff65111x3521x4fe8x9972xeade1fa2cb63] Instantiated an idempotent producer.
2025-08-06 19:01:11,349 INFO  [org.apa.kaf.cli.pro.ProducerConfig] (main) These configurations '[apicurio.registry.url, apicurio.registry.headers.enabled, apicurio.registry.artifact-resolver-strategy, apicurio.registry.artifact.version]' were supplied but are not used yet.
2025-08-06 19:01:11,349 INFO  [org.apa.kaf.com.uti.AppInfoParser] (main) Kafka version: 3.9.1
2025-08-06 19:01:11,349 INFO  [org.apa.kaf.com.uti.AppInfoParser] (main) Kafka commitId: f745dfdcee2b9851
2025-08-06 19:01:11,349 INFO  [org.apa.kaf.com.uti.AppInfoParser] (main) Kafka startTimeMs: 1754506871349
2025-08-06 19:01:11,349 INFO  [io.api.tes.ser.api.SimpleSerdesTesterBuilder$SimpleSerdesTester] (main) Using producer configuration: {apicurio.registry.url=http://registry-app-ksql043.apps.ci419.apicurio-testing.org:80/apis/registry/v3, apicurio.registry.headers.enabled=true, apicurio.registry.artifact-resolver-strategy=io.apicurio.registry.serde.strategy.TopicIdStrategy, value.serializer=io.apicurio.registry.serde.protobuf.ProtobufKafkaSerializer, request.timeout.ms=5000, acks=all, bootstrap.servers=PLAINTEXT://localhost:32769, connections.max.idle.ms=10000, apicurio.registry.artifact.version=2, key.serializer=org.apache.kafka.common.serialization.StringSerializer, client.id=Producer-sdff65111x3521x4fe8x9972xeade1fa2cb63}
2025-08-06 19:01:11,349 INFO  [io.api.tes.ser.api.SimpleSerdesTesterBuilder$SimpleSerdesTester] (main) Using consumer configuration: {apicurio.registry.headers.enabled=true}
2025-08-06 19:01:11,350 INFO  [io.api.tes.ser.api.KafkaSerdesTester] (Thread-787) Sending message msb: 1754506871350
lsb: 321
 to topic sdff65111x3521x4fe8x9972xeade1fa2cb63
2025-08-06 19:01:11,356 INFO  [org.apa.kaf.cli.Metadata] (kafka-producer-network-thread | Producer-sdff65111x3521x4fe8x9972xeade1fa2cb63) [Producer clientId=Producer-sdff65111x3521x4fe8x9972xeade1fa2cb63] Cluster ID: T8p0IQFNTYSHGQR6rr1wVQ
2025-08-06 19:01:11,357 INFO  [org.apa.kaf.cli.pro.int.TransactionManager] (kafka-producer-network-thread | Producer-sdff65111x3521x4fe8x9972xeade1fa2cb63) [Producer clientId=Producer-sdff65111x3521x4fe8x9972xeade1fa2cb63] ProducerId set to 34 with epoch 0
2025-08-06 19:01:11,391 INFO  [io.api.tes.ser.api.KafkaSerdesTester] (Thread-787) Sending message msb: 1754506871391
lsb: 321
 to topic sdff65111x3521x4fe8x9972xeade1fa2cb63
2025-08-06 19:01:11,393 INFO  [io.api.tes.ser.api.KafkaSerdesTester] (Thread-787) Sending message msb: 1754506871393
lsb: 321
 to topic sdff65111x3521x4fe8x9972xeade1fa2cb63
2025-08-06 19:01:11,396 INFO  [io.api.tes.ser.api.KafkaSerdesTester] (Thread-787) Sending message msb: 1754506871395
lsb: 321
 to topic sdff65111x3521x4fe8x9972xeade1fa2cb63
2025-08-06 19:01:11,400 INFO  [io.api.tes.ser.api.KafkaSerdesTester] (Thread-787) Sending message msb: 1754506871398
lsb: 321
 to topic sdff65111x3521x4fe8x9972xeade1fa2cb63
2025-08-06 19:01:11,406 INFO  [io.api.tes.ser.api.KafkaSerdesTester] (Thread-787) Sending message msb: 1754506871406
lsb: 321
 to topic sdff65111x3521x4fe8x9972xeade1fa2cb63
2025-08-06 19:01:11,408 INFO  [io.api.tes.ser.api.KafkaSerdesTester] (Thread-787) Sending message msb: 1754506871408
lsb: 321
 to topic sdff65111x3521x4fe8x9972xeade1fa2cb63
2025-08-06 19:01:11,412 INFO  [io.api.tes.ser.api.KafkaSerdesTester] (Thread-787) Sending message msb: 1754506871411
lsb: 321
 to topic sdff65111x3521x4fe8x9972xeade1fa2cb63
2025-08-06 19:01:11,413 INFO  [io.api.tes.ser.api.KafkaSerdesTester] (Thread-787) Sending message msb: 1754506871413
lsb: 321
 to topic sdff65111x3521x4fe8x9972xeade1fa2cb63
2025-08-06 19:01:11,416 INFO  [io.api.tes.ser.api.KafkaSerdesTester] (Thread-787) Sending message msb: 1754506871416
lsb: 321
 to topic sdff65111x3521x4fe8x9972xeade1fa2cb63
2025-08-06 19:01:11,419 INFO  [io.api.tes.ser.api.KafkaSerdesTester] (Thread-787) Produced 10 messages
2025-08-06 19:01:11,419 INFO  [org.apa.kaf.cli.pro.KafkaProducer] (Thread-787) [Producer clientId=Producer-sdff65111x3521x4fe8x9972xeade1fa2cb63] Closing the Kafka producer with timeoutMillis = 9223372036854775807 ms.
2025-08-06 19:01:11,421 INFO  [org.apa.kaf.com.met.Metrics] (Thread-787) Metrics scheduler closed
2025-08-06 19:01:11,421 INFO  [org.apa.kaf.com.met.Metrics] (Thread-787) Closing reporter org.apache.kafka.common.metrics.JmxReporter
2025-08-06 19:01:11,421 INFO  [org.apa.kaf.com.met.Metrics] (Thread-787) Closing reporter org.apache.kafka.common.telemetry.internals.ClientTelemetryReporter
2025-08-06 19:01:11,421 INFO  [org.apa.kaf.com.met.Metrics] (Thread-787) Metrics reporters closed
2025-08-06 19:01:11,421 INFO  [org.apa.kaf.com.uti.AppInfoParser] (Thread-787) App info kafka.producer for Producer-sdff65111x3521x4fe8x9972xeade1fa2cb63 unregistered
**** Registry Base URL: http://registry-app-ksql043.apps.ci419.apicurio-testing.org:80
2025-08-06 19:01:11,423 INFO  [org.apa.kaf.cli.con.ConsumerConfig] (main) ConsumerConfig values: 
	allow.auto.create.topics = true
	auto.commit.interval.ms = 500
	auto.include.jmx.reporter = true
	auto.offset.reset = earliest
	bootstrap.servers = [PLAINTEXT://localhost:32769]
	check.crcs = true
	client.dns.lookup = use_all_dns_ips
	client.id = consumer-Consumer-sdff65111x3521x4fe8x9972xeade1fa2cb63-26
	client.rack = 
	connections.max.idle.ms = 10000
	default.api.timeout.ms = 60000
	enable.auto.commit = true
	enable.metrics.push = true
	exclude.internal.topics = true
	fetch.max.bytes = 52428800
	fetch.max.wait.ms = 500
	fetch.min.bytes = 1
	group.id = Consumer-sdff65111x3521x4fe8x9972xeade1fa2cb63
	group.instance.id = null
	group.protocol = classic
	group.remote.assignor = null
	heartbeat.interval.ms = 3000
	interceptor.classes = []
	internal.leave.group.on.close = true
	internal.throw.on.fetch.stable.offset.unsupported = false
	isolation.level = read_uncommitted
	key.deserializer = class org.apache.kafka.common.serialization.StringDeserializer
	max.partition.fetch.bytes = 1048576
	max.poll.interval.ms = 300000
	max.poll.records = 500
	metadata.max.age.ms = 300000
	metadata.recovery.strategy = none
	metric.reporters = []
	metrics.num.samples = 2
	metrics.recording.level = INFO
	metrics.sample.window.ms = 30000
	partition.assignment.strategy = [class org.apache.kafka.clients.consumer.RangeAssignor, class org.apache.kafka.clients.consumer.CooperativeStickyAssignor]
	receive.buffer.bytes = 65536
	reconnect.backoff.max.ms = 1000
	reconnect.backoff.ms = 50
	request.timeout.ms = 5000
	retry.backoff.max.ms = 1000
	retry.backoff.ms = 100
	sasl.client.callback.handler.class = null
	sasl.jaas.config = null
	sasl.kerberos.kinit.cmd = /usr/bin/kinit
	sasl.kerberos.min.time.before.relogin = 60000
	sasl.kerberos.service.name = null
	sasl.kerberos.ticket.renew.jitter = 0.05
	sasl.kerberos.ticket.renew.window.factor = 0.8
	sasl.login.callback.handler.class = null
	sasl.login.class = null
	sasl.login.connect.timeout.ms = null
	sasl.login.read.timeout.ms = null
	sasl.login.refresh.buffer.seconds = 300
	sasl.login.refresh.min.period.seconds = 60
	sasl.login.refresh.window.factor = 0.8
	sasl.login.refresh.window.jitter = 0.05
	sasl.login.retry.backoff.max.ms = 10000
	sasl.login.retry.backoff.ms = 100
	sasl.mechanism = GSSAPI
	sasl.oauthbearer.clock.skew.seconds = 30
	sasl.oauthbearer.expected.audience = null
	sasl.oauthbearer.expected.issuer = null
	sasl.oauthbearer.header.urlencode = false
	sasl.oauthbearer.jwks.endpoint.refresh.ms = 3600000
	sasl.oauthbearer.jwks.endpoint.retry.backoff.max.ms = 10000
	sasl.oauthbearer.jwks.endpoint.retry.backoff.ms = 100
	sasl.oauthbearer.jwks.endpoint.url = null
	sasl.oauthbearer.scope.claim.name = scope
	sasl.oauthbearer.sub.claim.name = sub
	sasl.oauthbearer.token.endpoint.url = null
	security.protocol = PLAINTEXT
	security.providers = null
	send.buffer.bytes = 131072
	session.timeout.ms = 45000
	socket.connection.setup.timeout.max.ms = 30000
	socket.connection.setup.timeout.ms = 10000
	ssl.cipher.suites = null
	ssl.enabled.protocols = [TLSv1.2, TLSv1.3]
	ssl.endpoint.identification.algorithm = https
	ssl.engine.factory.class = null
	ssl.key.password = null
	ssl.keymanager.algorithm = SunX509
	ssl.keystore.certificate.chain = null
	ssl.keystore.key = null
	ssl.keystore.location = null
	ssl.keystore.password = null
	ssl.keystore.type = JKS
	ssl.protocol = TLSv1.3
	ssl.provider = null
	ssl.secure.random.implementation = null
	ssl.trustmanager.algorithm = PKIX
	ssl.truststore.certificates = null
	ssl.truststore.location = null
	ssl.truststore.password = null
	ssl.truststore.type = JKS
	value.deserializer = class io.apicurio.registry.serde.protobuf.ProtobufKafkaDeserializer

2025-08-06 19:01:11,423 INFO  [org.apa.kaf.com.tel.int.KafkaMetricsCollector] (main) initializing Kafka metrics collector
2025-08-06 19:01:11,431 INFO  [org.apa.kaf.cli.con.ConsumerConfig] (main) These configurations '[apicurio.registry.url, apicurio.registry.headers.enabled]' were supplied but are not used yet.
2025-08-06 19:01:11,431 INFO  [org.apa.kaf.com.uti.AppInfoParser] (main) Kafka version: 3.9.1
2025-08-06 19:01:11,431 INFO  [org.apa.kaf.com.uti.AppInfoParser] (main) Kafka commitId: f745dfdcee2b9851
2025-08-06 19:01:11,431 INFO  [org.apa.kaf.com.uti.AppInfoParser] (main) Kafka startTimeMs: 1754506871431
2025-08-06 19:01:11,432 INFO  [org.apa.kaf.cli.con.int.ClassicKafkaConsumer] (Thread-790) [Consumer clientId=consumer-Consumer-sdff65111x3521x4fe8x9972xeade1fa2cb63-26, groupId=Consumer-sdff65111x3521x4fe8x9972xeade1fa2cb63] Subscribed to topic(s): sdff65111x3521x4fe8x9972xeade1fa2cb63
2025-08-06 19:01:11,435 INFO  [org.apa.kaf.cli.Metadata] (Thread-790) [Consumer clientId=consumer-Consumer-sdff65111x3521x4fe8x9972xeade1fa2cb63-26, groupId=Consumer-sdff65111x3521x4fe8x9972xeade1fa2cb63] Cluster ID: T8p0IQFNTYSHGQR6rr1wVQ
2025-08-06 19:01:11,436 INFO  [org.apa.kaf.cli.con.int.ConsumerCoordinator] (Thread-790) [Consumer clientId=consumer-Consumer-sdff65111x3521x4fe8x9972xeade1fa2cb63-26, groupId=Consumer-sdff65111x3521x4fe8x9972xeade1fa2cb63] Discovered group coordinator localhost:32769 (id: 2147483647 rack: null)
2025-08-06 19:01:11,439 INFO  [org.apa.kaf.cli.con.int.ConsumerCoordinator] (Thread-790) [Consumer clientId=consumer-Consumer-sdff65111x3521x4fe8x9972xeade1fa2cb63-26, groupId=Consumer-sdff65111x3521x4fe8x9972xeade1fa2cb63] (Re-)joining group
2025-08-06 19:01:11,442 INFO  [org.apa.kaf.cli.con.int.ConsumerCoordinator] (Thread-790) [Consumer clientId=consumer-Consumer-sdff65111x3521x4fe8x9972xeade1fa2cb63-26, groupId=Consumer-sdff65111x3521x4fe8x9972xeade1fa2cb63] Request joining group due to: need to re-join with the given member-id: consumer-Consumer-sdff65111x3521x4fe8x9972xeade1fa2cb63-26-20e06975-8a9b-4e5a-87a0-adaf403e9e0e
2025-08-06 19:01:11,442 INFO  [org.apa.kaf.cli.con.int.ConsumerCoordinator] (Thread-790) [Consumer clientId=consumer-Consumer-sdff65111x3521x4fe8x9972xeade1fa2cb63-26, groupId=Consumer-sdff65111x3521x4fe8x9972xeade1fa2cb63] (Re-)joining group
2025-08-06 19:01:12,432 INFO  [io.api.tes.ser.api.KafkaSerdesTester] (Thread-790) None found
2025-08-06 19:01:13,432 INFO  [io.api.tes.ser.api.KafkaSerdesTester] (Thread-790) None found
2025-08-06 19:01:14,432 INFO  [io.api.tes.ser.api.KafkaSerdesTester] (Thread-790) None found
2025-08-06 19:01:14,445 INFO  [org.apa.kaf.cli.con.int.ConsumerCoordinator] (Thread-790) [Consumer clientId=consumer-Consumer-sdff65111x3521x4fe8x9972xeade1fa2cb63-26, groupId=Consumer-sdff65111x3521x4fe8x9972xeade1fa2cb63] Successfully joined group with generation Generation{generationId=9, memberId='consumer-Consumer-sdff65111x3521x4fe8x9972xeade1fa2cb63-26-20e06975-8a9b-4e5a-87a0-adaf403e9e0e', protocol='range'}
2025-08-06 19:01:14,445 INFO  [org.apa.kaf.cli.con.int.ConsumerCoordinator] (Thread-790) [Consumer clientId=consumer-Consumer-sdff65111x3521x4fe8x9972xeade1fa2cb63-26, groupId=Consumer-sdff65111x3521x4fe8x9972xeade1fa2cb63] Finished assignment for group at generation 9: {consumer-Consumer-sdff65111x3521x4fe8x9972xeade1fa2cb63-26-20e06975-8a9b-4e5a-87a0-adaf403e9e0e=Assignment(partitions=[sdff65111x3521x4fe8x9972xeade1fa2cb63-0])}
2025-08-06 19:01:14,453 INFO  [org.apa.kaf.cli.con.int.ConsumerCoordinator] (Thread-790) [Consumer clientId=consumer-Consumer-sdff65111x3521x4fe8x9972xeade1fa2cb63-26, groupId=Consumer-sdff65111x3521x4fe8x9972xeade1fa2cb63] Successfully synced group in generation Generation{generationId=9, memberId='consumer-Consumer-sdff65111x3521x4fe8x9972xeade1fa2cb63-26-20e06975-8a9b-4e5a-87a0-adaf403e9e0e', protocol='range'}
2025-08-06 19:01:14,453 INFO  [org.apa.kaf.cli.con.int.ConsumerCoordinator] (Thread-790) [Consumer clientId=consumer-Consumer-sdff65111x3521x4fe8x9972xeade1fa2cb63-26, groupId=Consumer-sdff65111x3521x4fe8x9972xeade1fa2cb63] Notifying assignor about the new Assignment(partitions=[sdff65111x3521x4fe8x9972xeade1fa2cb63-0])
2025-08-06 19:01:14,453 INFO  [org.apa.kaf.cli.con.int.ConsumerRebalanceListenerInvoker] (Thread-790) [Consumer clientId=consumer-Consumer-sdff65111x3521x4fe8x9972xeade1fa2cb63-26, groupId=Consumer-sdff65111x3521x4fe8x9972xeade1fa2cb63] Adding newly assigned partitions: sdff65111x3521x4fe8x9972xeade1fa2cb63-0
2025-08-06 19:01:14,455 INFO  [org.apa.kaf.cli.con.int.ConsumerUtils] (Thread-790) Setting offset for partition sdff65111x3521x4fe8x9972xeade1fa2cb63-0 to the committed offset FetchPosition{offset=40, offsetEpoch=Optional[0], currentLeader=LeaderAndEpoch{leader=Optional[localhost:32769 (id: 0 rack: null)], epoch=0}}
2025-08-06 19:01:14,483 INFO  [io.api.tes.ser.api.KafkaSerdesTester] (Thread-790) sdff65111x3521x4fe8x9972xeade1fa2cb63 0 40 msb: 1754506871350
lsb: 321

2025-08-06 19:01:14,483 INFO  [io.api.tes.ser.api.KafkaSerdesTester] (Thread-790) sdff65111x3521x4fe8x9972xeade1fa2cb63 0 41 msb: 1754506871391
lsb: 321

2025-08-06 19:01:14,485 INFO  [io.api.tes.ser.api.KafkaSerdesTester] (Thread-790) sdff65111x3521x4fe8x9972xeade1fa2cb63 0 42 msb: 1754506871393
lsb: 321

2025-08-06 19:01:14,485 INFO  [io.api.tes.ser.api.KafkaSerdesTester] (Thread-790) sdff65111x3521x4fe8x9972xeade1fa2cb63 0 43 msb: 1754506871395
lsb: 321

2025-08-06 19:01:14,485 INFO  [io.api.tes.ser.api.KafkaSerdesTester] (Thread-790) sdff65111x3521x4fe8x9972xeade1fa2cb63 0 44 msb: 1754506871398
lsb: 321

2025-08-06 19:01:14,485 INFO  [io.api.tes.ser.api.KafkaSerdesTester] (Thread-790) sdff65111x3521x4fe8x9972xeade1fa2cb63 0 45 msb: 1754506871406
lsb: 321

2025-08-06 19:01:14,485 INFO  [io.api.tes.ser.api.KafkaSerdesTester] (Thread-790) sdff65111x3521x4fe8x9972xeade1fa2cb63 0 46 msb: 1754506871408
lsb: 321

2025-08-06 19:01:14,485 INFO  [io.api.tes.ser.api.KafkaSerdesTester] (Thread-790) sdff65111x3521x4fe8x9972xeade1fa2cb63 0 47 msb: 1754506871411
lsb: 321

2025-08-06 19:01:14,485 INFO  [io.api.tes.ser.api.KafkaSerdesTester] (Thread-790) sdff65111x3521x4fe8x9972xeade1fa2cb63 0 48 msb: 1754506871413
lsb: 321

2025-08-06 19:01:14,485 INFO  [io.api.tes.ser.api.KafkaSerdesTester] (Thread-790) sdff65111x3521x4fe8x9972xeade1fa2cb63 0 49 msb: 1754506871416
lsb: 321

2025-08-06 19:01:14,485 INFO  [io.api.tes.ser.api.KafkaSerdesTester] (Thread-790) Consumed 10 messages
2025-08-06 19:01:14,493 INFO  [org.apa.kaf.cli.con.int.ConsumerRebalanceListenerInvoker] (Thread-790) [Consumer clientId=consumer-Consumer-sdff65111x3521x4fe8x9972xeade1fa2cb63-26, groupId=Consumer-sdff65111x3521x4fe8x9972xeade1fa2cb63] Revoke previously assigned partitions sdff65111x3521x4fe8x9972xeade1fa2cb63-0
2025-08-06 19:01:14,493 INFO  [org.apa.kaf.cli.con.int.ConsumerCoordinator] (Thread-790) [Consumer clientId=consumer-Consumer-sdff65111x3521x4fe8x9972xeade1fa2cb63-26, groupId=Consumer-sdff65111x3521x4fe8x9972xeade1fa2cb63] Member consumer-Consumer-sdff65111x3521x4fe8x9972xeade1fa2cb63-26-20e06975-8a9b-4e5a-87a0-adaf403e9e0e sending LeaveGroup request to coordinator localhost:32769 (id: 2147483647 rack: null) due to the consumer is being closed
2025-08-06 19:01:14,493 INFO  [org.apa.kaf.cli.con.int.ConsumerCoordinator] (Thread-790) [Consumer clientId=consumer-Consumer-sdff65111x3521x4fe8x9972xeade1fa2cb63-26, groupId=Consumer-sdff65111x3521x4fe8x9972xeade1fa2cb63] Resetting generation and member id due to: consumer pro-actively leaving the group
2025-08-06 19:01:14,493 INFO  [org.apa.kaf.cli.con.int.ConsumerCoordinator] (Thread-790) [Consumer clientId=consumer-Consumer-sdff65111x3521x4fe8x9972xeade1fa2cb63-26, groupId=Consumer-sdff65111x3521x4fe8x9972xeade1fa2cb63] Request joining group due to: consumer pro-actively leaving the group
2025-08-06 19:01:14,987 INFO  [org.apa.kaf.com.met.Metrics] (Thread-790) Metrics scheduler closed
2025-08-06 19:01:14,987 INFO  [org.apa.kaf.com.met.Metrics] (Thread-790) Closing reporter org.apache.kafka.common.metrics.JmxReporter
2025-08-06 19:01:14,987 INFO  [org.apa.kaf.com.met.Metrics] (Thread-790) Closing reporter org.apache.kafka.common.telemetry.internals.ClientTelemetryReporter
2025-08-06 19:01:14,987 INFO  [org.apa.kaf.com.met.Metrics] (Thread-790) Metrics reporters closed
2025-08-06 19:01:14,990 INFO  [org.apa.kaf.com.uti.AppInfoParser] (Thread-790) App info kafka.consumer for consumer-Consumer-sdff65111x3521x4fe8x9972xeade1fa2cb63-26 unregistered
2025-08-06 19:01:14,990 INFO  [io.api.tes.uti.TestSeparator] (main) io.apicurio.tests.serdes.apicurio.ProtobufSerdeIT.testValidation-FINISHED
2025-08-06 19:01:14,990 INFO  [io.api.tes.uti.TestSeparator] (main) ############################################################################
Test passed: testValidation
]]></system-out>
  </testcase>
  <testcase name="testArtifactNotFound" classname="io.apicurio.tests.serdes.apicurio.ProtobufSerdeIT" time="0.002">
    <system-out><![CDATA[2025-08-06 19:01:14,992 INFO  [io.api.tes.uti.TestSeparator] (main) ############################################################################
2025-08-06 19:01:14,992 INFO  [io.api.tes.uti.TestSeparator] (main) io.apicurio.tests.serdes.apicurio.ProtobufSerdeIT.testArtifactNotFound-STARTED
2025-08-06 19:01:14,993 INFO  [io.api.tes.uti.TestSeparator] (main) io.apicurio.tests.serdes.apicurio.ProtobufSerdeIT.testArtifactNotFound-FINISHED
2025-08-06 19:01:14,993 INFO  [io.api.tes.uti.TestSeparator] (main) ############################################################################
Test passed: testArtifactNotFound
]]></system-out>
  </testcase>
  <testcase name="testTopicIdStrategyFindLatest" classname="io.apicurio.tests.serdes.apicurio.ProtobufSerdeIT" time="1.083">
    <system-out><![CDATA[2025-08-06 19:01:14,994 INFO  [io.api.tes.uti.TestSeparator] (main) ############################################################################
2025-08-06 19:01:14,994 INFO  [io.api.tes.uti.TestSeparator] (main) io.apicurio.tests.serdes.apicurio.ProtobufSerdeIT.testTopicIdStrategyFindLatest-STARTED
2025-08-06 19:01:16,077 INFO  [io.api.tes.uti.TestSeparator] (main) io.apicurio.tests.serdes.apicurio.ProtobufSerdeIT.testTopicIdStrategyFindLatest-FINISHED
2025-08-06 19:01:16,077 INFO  [io.api.tes.uti.TestSeparator] (main) ############################################################################
Test passed: testTopicIdStrategyFindLatest
]]></system-out>
  </testcase>
  <testcase name="testWrongSchemaFindLatest" classname="io.apicurio.tests.serdes.apicurio.ProtobufSerdeIT" time="1.062">
    <system-out><![CDATA[2025-08-06 19:01:16,079 INFO  [io.api.tes.uti.TestSeparator] (main) ############################################################################
2025-08-06 19:01:16,079 INFO  [io.api.tes.uti.TestSeparator] (main) io.apicurio.tests.serdes.apicurio.ProtobufSerdeIT.testWrongSchemaFindLatest-STARTED
2025-08-06 19:01:17,139 INFO  [io.api.tes.uti.TestSeparator] (main) io.apicurio.tests.serdes.apicurio.ProtobufSerdeIT.testWrongSchemaFindLatest-FINISHED
2025-08-06 19:01:17,139 INFO  [io.api.tes.uti.TestSeparator] (main) ############################################################################
Test passed: testWrongSchemaFindLatest
]]></system-out>
  </testcase>
  <testcase name="testAutoRegisterDeriveClassProtobufType" classname="io.apicurio.tests.serdes.apicurio.ProtobufSerdeIT" time="4.105">
    <system-out><![CDATA[2025-08-06 19:01:17,141 INFO  [io.api.tes.uti.TestSeparator] (main) ############################################################################
2025-08-06 19:01:17,141 INFO  [io.api.tes.uti.TestSeparator] (main) io.apicurio.tests.serdes.apicurio.ProtobufSerdeIT.testAutoRegisterDeriveClassProtobufType-STARTED
**** Registry Base URL: http://registry-app-ksql043.apps.ci419.apicurio-testing.org:80
2025-08-06 19:01:17,142 INFO  [org.apa.kaf.cli.pro.ProducerConfig] (main) ProducerConfig values: 
	acks = -1
	auto.include.jmx.reporter = true
	batch.size = 16384
	bootstrap.servers = [PLAINTEXT://localhost:32769]
	buffer.memory = 33554432
	client.dns.lookup = use_all_dns_ips
	client.id = Producer-topic-a38e1236_c1e3_4a87_805d_539797e2eef0
	compression.gzip.level = -1
	compression.lz4.level = 9
	compression.type = none
	compression.zstd.level = 3
	connections.max.idle.ms = 10000
	delivery.timeout.ms = 120000
	enable.idempotence = true
	enable.metrics.push = true
	interceptor.classes = []
	key.serializer = class org.apache.kafka.common.serialization.StringSerializer
	linger.ms = 0
	max.block.ms = 60000
	max.in.flight.requests.per.connection = 5
	max.request.size = 1048576
	metadata.max.age.ms = 300000
	metadata.max.idle.ms = 300000
	metadata.recovery.strategy = none
	metric.reporters = []
	metrics.num.samples = 2
	metrics.recording.level = INFO
	metrics.sample.window.ms = 30000
	partitioner.adaptive.partitioning.enable = true
	partitioner.availability.timeout.ms = 0
	partitioner.class = null
	partitioner.ignore.keys = false
	receive.buffer.bytes = 32768
	reconnect.backoff.max.ms = 1000
	reconnect.backoff.ms = 50
	request.timeout.ms = 5000
	retries = 2147483647
	retry.backoff.max.ms = 1000
	retry.backoff.ms = 100
	sasl.client.callback.handler.class = null
	sasl.jaas.config = null
	sasl.kerberos.kinit.cmd = /usr/bin/kinit
	sasl.kerberos.min.time.before.relogin = 60000
	sasl.kerberos.service.name = null
	sasl.kerberos.ticket.renew.jitter = 0.05
	sasl.kerberos.ticket.renew.window.factor = 0.8
	sasl.login.callback.handler.class = null
	sasl.login.class = null
	sasl.login.connect.timeout.ms = null
	sasl.login.read.timeout.ms = null
	sasl.login.refresh.buffer.seconds = 300
	sasl.login.refresh.min.period.seconds = 60
	sasl.login.refresh.window.factor = 0.8
	sasl.login.refresh.window.jitter = 0.05
	sasl.login.retry.backoff.max.ms = 10000
	sasl.login.retry.backoff.ms = 100
	sasl.mechanism = GSSAPI
	sasl.oauthbearer.clock.skew.seconds = 30
	sasl.oauthbearer.expected.audience = null
	sasl.oauthbearer.expected.issuer = null
	sasl.oauthbearer.header.urlencode = false
	sasl.oauthbearer.jwks.endpoint.refresh.ms = 3600000
	sasl.oauthbearer.jwks.endpoint.retry.backoff.max.ms = 10000
	sasl.oauthbearer.jwks.endpoint.retry.backoff.ms = 100
	sasl.oauthbearer.jwks.endpoint.url = null
	sasl.oauthbearer.scope.claim.name = scope
	sasl.oauthbearer.sub.claim.name = sub
	sasl.oauthbearer.token.endpoint.url = null
	security.protocol = PLAINTEXT
	security.providers = null
	send.buffer.bytes = 131072
	socket.connection.setup.timeout.max.ms = 30000
	socket.connection.setup.timeout.ms = 10000
	ssl.cipher.suites = null
	ssl.enabled.protocols = [TLSv1.2, TLSv1.3]
	ssl.endpoint.identification.algorithm = https
	ssl.engine.factory.class = null
	ssl.key.password = null
	ssl.keymanager.algorithm = SunX509
	ssl.keystore.certificate.chain = null
	ssl.keystore.key = null
	ssl.keystore.location = null
	ssl.keystore.password = null
	ssl.keystore.type = JKS
	ssl.protocol = TLSv1.3
	ssl.provider = null
	ssl.secure.random.implementation = null
	ssl.trustmanager.algorithm = PKIX
	ssl.truststore.certificates = null
	ssl.truststore.location = null
	ssl.truststore.password = null
	ssl.truststore.type = JKS
	transaction.timeout.ms = 60000
	transactional.id = null
	value.serializer = class io.apicurio.registry.serde.protobuf.ProtobufKafkaSerializer

2025-08-06 19:01:17,142 INFO  [org.apa.kaf.com.tel.int.KafkaMetricsCollector] (main) initializing Kafka metrics collector
2025-08-06 19:01:17,147 INFO  [org.apa.kaf.cli.pro.KafkaProducer] (main) [Producer clientId=Producer-topic-a38e1236_c1e3_4a87_805d_539797e2eef0] Instantiated an idempotent producer.
2025-08-06 19:01:17,149 INFO  [org.apa.kaf.cli.pro.ProducerConfig] (main) These configurations '[apicurio.registry.url, apicurio.registry.auto-register, apicurio.registry.artifact-resolver-strategy]' were supplied but are not used yet.
2025-08-06 19:01:17,149 INFO  [org.apa.kaf.com.uti.AppInfoParser] (main) Kafka version: 3.9.1
2025-08-06 19:01:17,149 INFO  [org.apa.kaf.com.uti.AppInfoParser] (main) Kafka commitId: f745dfdcee2b9851
2025-08-06 19:01:17,149 INFO  [org.apa.kaf.com.uti.AppInfoParser] (main) Kafka startTimeMs: 1754506877149
2025-08-06 19:01:17,149 INFO  [io.api.tes.ser.api.SimpleSerdesTesterBuilder$SimpleSerdesTester] (main) Using producer configuration: {apicurio.registry.url=http://registry-app-ksql043.apps.ci419.apicurio-testing.org:80/apis/registry/v3, apicurio.registry.auto-register=true, apicurio.registry.artifact-resolver-strategy=io.apicurio.registry.serde.strategy.TopicIdStrategy, value.serializer=io.apicurio.registry.serde.protobuf.ProtobufKafkaSerializer, request.timeout.ms=5000, acks=all, bootstrap.servers=PLAINTEXT://localhost:32769, connections.max.idle.ms=10000, key.serializer=org.apache.kafka.common.serialization.StringSerializer, client.id=Producer-topic-a38e1236_c1e3_4a87_805d_539797e2eef0}
2025-08-06 19:01:17,149 INFO  [io.api.tes.ser.api.SimpleSerdesTesterBuilder$SimpleSerdesTester] (main) Using consumer configuration: {apicurio.protobuf.derive.class=true}
2025-08-06 19:01:17,152 INFO  [io.api.tes.ser.api.KafkaSerdesTester] (Thread-793) Sending message header {
  time {
  }
}
d1: 1.754506877151E12
s1: "a"
i1: 123
bi1: 1
point {
  longitude: 22.0
  latitude: 22.0
  altitude: 1.0
}
 to topic topic-a38e1236_c1e3_4a87_805d_539797e2eef0
2025-08-06 19:01:17,155 WARN  [org.apa.kaf.cli.NetworkClient] (kafka-producer-network-thread | Producer-topic-a38e1236_c1e3_4a87_805d_539797e2eef0) [Producer clientId=Producer-topic-a38e1236_c1e3_4a87_805d_539797e2eef0] The metadata response from the cluster reported a recoverable issue with correlation id 1 : {topic-a38e1236_c1e3_4a87_805d_539797e2eef0=UNKNOWN_TOPIC_OR_PARTITION}
2025-08-06 19:01:17,155 INFO  [org.apa.kaf.cli.Metadata] (kafka-producer-network-thread | Producer-topic-a38e1236_c1e3_4a87_805d_539797e2eef0) [Producer clientId=Producer-topic-a38e1236_c1e3_4a87_805d_539797e2eef0] Cluster ID: T8p0IQFNTYSHGQR6rr1wVQ
2025-08-06 19:01:17,155 INFO  [org.apa.kaf.cli.pro.int.TransactionManager] (kafka-producer-network-thread | Producer-topic-a38e1236_c1e3_4a87_805d_539797e2eef0) [Producer clientId=Producer-topic-a38e1236_c1e3_4a87_805d_539797e2eef0] ProducerId set to 35 with epoch 0
2025-08-06 19:01:17,363 INFO  [io.api.tes.ser.api.KafkaSerdesTester] (Thread-793) Sending message header {
  time {
  }
}
d1: 1.754506877363E12
s1: "a"
i1: 123
bi1: 1
point {
  longitude: 22.0
  latitude: 22.0
  altitude: 1.0
}
 to topic topic-a38e1236_c1e3_4a87_805d_539797e2eef0
2025-08-06 19:01:17,396 INFO  [io.api.tes.ser.api.KafkaSerdesTester] (Thread-793) Sending message header {
  time {
  }
}
d1: 1.754506877396E12
s1: "a"
i1: 123
bi1: 1
point {
  longitude: 22.0
  latitude: 22.0
  altitude: 1.0
}
 to topic topic-a38e1236_c1e3_4a87_805d_539797e2eef0
2025-08-06 19:01:17,426 INFO  [io.api.tes.ser.api.KafkaSerdesTester] (Thread-793) Sending message header {
  time {
  }
}
d1: 1.754506877425E12
s1: "a"
i1: 123
bi1: 1
point {
  longitude: 22.0
  latitude: 22.0
  altitude: 1.0
}
 to topic topic-a38e1236_c1e3_4a87_805d_539797e2eef0
2025-08-06 19:01:17,454 INFO  [io.api.tes.ser.api.KafkaSerdesTester] (Thread-793) Sending message header {
  time {
  }
}
d1: 1.754506877454E12
s1: "a"
i1: 123
bi1: 1
point {
  longitude: 22.0
  latitude: 22.0
  altitude: 1.0
}
 to topic topic-a38e1236_c1e3_4a87_805d_539797e2eef0
2025-08-06 19:01:17,484 INFO  [io.api.tes.ser.api.KafkaSerdesTester] (Thread-793) Sending message header {
  time {
  }
}
d1: 1.754506877484E12
s1: "a"
i1: 123
bi1: 1
point {
  longitude: 22.0
  latitude: 22.0
  altitude: 1.0
}
 to topic topic-a38e1236_c1e3_4a87_805d_539797e2eef0
2025-08-06 19:01:17,513 INFO  [io.api.tes.ser.api.KafkaSerdesTester] (Thread-793) Sending message header {
  time {
  }
}
d1: 1.754506877513E12
s1: "a"
i1: 123
bi1: 1
point {
  longitude: 22.0
  latitude: 22.0
  altitude: 1.0
}
 to topic topic-a38e1236_c1e3_4a87_805d_539797e2eef0
2025-08-06 19:01:17,542 INFO  [io.api.tes.ser.api.KafkaSerdesTester] (Thread-793) Sending message header {
  time {
  }
}
d1: 1.754506877541E12
s1: "a"
i1: 123
bi1: 1
point {
  longitude: 22.0
  latitude: 22.0
  altitude: 1.0
}
 to topic topic-a38e1236_c1e3_4a87_805d_539797e2eef0
2025-08-06 19:01:17,576 INFO  [io.api.tes.ser.api.KafkaSerdesTester] (Thread-793) Sending message header {
  time {
  }
}
d1: 1.754506877576E12
s1: "a"
i1: 123
bi1: 1
point {
  longitude: 22.0
  latitude: 22.0
  altitude: 1.0
}
 to topic topic-a38e1236_c1e3_4a87_805d_539797e2eef0
2025-08-06 19:01:17,605 INFO  [io.api.tes.ser.api.KafkaSerdesTester] (Thread-793) Sending message header {
  time {
  }
}
d1: 1.754506877605E12
s1: "a"
i1: 123
bi1: 1
point {
  longitude: 22.0
  latitude: 22.0
  altitude: 1.0
}
 to topic topic-a38e1236_c1e3_4a87_805d_539797e2eef0
2025-08-06 19:01:17,634 INFO  [io.api.tes.ser.api.KafkaSerdesTester] (Thread-793) Produced 10 messages
2025-08-06 19:01:17,634 INFO  [org.apa.kaf.cli.pro.KafkaProducer] (Thread-793) [Producer clientId=Producer-topic-a38e1236_c1e3_4a87_805d_539797e2eef0] Closing the Kafka producer with timeoutMillis = 9223372036854775807 ms.
2025-08-06 19:01:17,636 INFO  [org.apa.kaf.com.met.Metrics] (Thread-793) Metrics scheduler closed
2025-08-06 19:01:17,636 INFO  [org.apa.kaf.com.met.Metrics] (Thread-793) Closing reporter org.apache.kafka.common.metrics.JmxReporter
2025-08-06 19:01:17,637 INFO  [org.apa.kaf.com.met.Metrics] (Thread-793) Closing reporter org.apache.kafka.common.telemetry.internals.ClientTelemetryReporter
2025-08-06 19:01:17,637 INFO  [org.apa.kaf.com.met.Metrics] (Thread-793) Metrics reporters closed
2025-08-06 19:01:17,637 INFO  [org.apa.kaf.com.uti.AppInfoParser] (Thread-793) App info kafka.producer for Producer-topic-a38e1236_c1e3_4a87_805d_539797e2eef0 unregistered
**** Registry Base URL: http://registry-app-ksql043.apps.ci419.apicurio-testing.org:80
2025-08-06 19:01:17,660 INFO  [org.apa.kaf.cli.con.ConsumerConfig] (main) ConsumerConfig values: 
	allow.auto.create.topics = true
	auto.commit.interval.ms = 500
	auto.include.jmx.reporter = true
	auto.offset.reset = earliest
	bootstrap.servers = [PLAINTEXT://localhost:32769]
	check.crcs = true
	client.dns.lookup = use_all_dns_ips
	client.id = consumer-Consumer-topic-a38e1236_c1e3_4a87_805d_539797e2eef0-27
	client.rack = 
	connections.max.idle.ms = 10000
	default.api.timeout.ms = 60000
	enable.auto.commit = true
	enable.metrics.push = true
	exclude.internal.topics = true
	fetch.max.bytes = 52428800
	fetch.max.wait.ms = 500
	fetch.min.bytes = 1
	group.id = Consumer-topic-a38e1236_c1e3_4a87_805d_539797e2eef0
	group.instance.id = null
	group.protocol = classic
	group.remote.assignor = null
	heartbeat.interval.ms = 3000
	interceptor.classes = []
	internal.leave.group.on.close = true
	internal.throw.on.fetch.stable.offset.unsupported = false
	isolation.level = read_uncommitted
	key.deserializer = class org.apache.kafka.common.serialization.StringDeserializer
	max.partition.fetch.bytes = 1048576
	max.poll.interval.ms = 300000
	max.poll.records = 500
	metadata.max.age.ms = 300000
	metadata.recovery.strategy = none
	metric.reporters = []
	metrics.num.samples = 2
	metrics.recording.level = INFO
	metrics.sample.window.ms = 30000
	partition.assignment.strategy = [class org.apache.kafka.clients.consumer.RangeAssignor, class org.apache.kafka.clients.consumer.CooperativeStickyAssignor]
	receive.buffer.bytes = 65536
	reconnect.backoff.max.ms = 1000
	reconnect.backoff.ms = 50
	request.timeout.ms = 5000
	retry.backoff.max.ms = 1000
	retry.backoff.ms = 100
	sasl.client.callback.handler.class = null
	sasl.jaas.config = null
	sasl.kerberos.kinit.cmd = /usr/bin/kinit
	sasl.kerberos.min.time.before.relogin = 60000
	sasl.kerberos.service.name = null
	sasl.kerberos.ticket.renew.jitter = 0.05
	sasl.kerberos.ticket.renew.window.factor = 0.8
	sasl.login.callback.handler.class = null
	sasl.login.class = null
	sasl.login.connect.timeout.ms = null
	sasl.login.read.timeout.ms = null
	sasl.login.refresh.buffer.seconds = 300
	sasl.login.refresh.min.period.seconds = 60
	sasl.login.refresh.window.factor = 0.8
	sasl.login.refresh.window.jitter = 0.05
	sasl.login.retry.backoff.max.ms = 10000
	sasl.login.retry.backoff.ms = 100
	sasl.mechanism = GSSAPI
	sasl.oauthbearer.clock.skew.seconds = 30
	sasl.oauthbearer.expected.audience = null
	sasl.oauthbearer.expected.issuer = null
	sasl.oauthbearer.header.urlencode = false
	sasl.oauthbearer.jwks.endpoint.refresh.ms = 3600000
	sasl.oauthbearer.jwks.endpoint.retry.backoff.max.ms = 10000
	sasl.oauthbearer.jwks.endpoint.retry.backoff.ms = 100
	sasl.oauthbearer.jwks.endpoint.url = null
	sasl.oauthbearer.scope.claim.name = scope
	sasl.oauthbearer.sub.claim.name = sub
	sasl.oauthbearer.token.endpoint.url = null
	security.protocol = PLAINTEXT
	security.providers = null
	send.buffer.bytes = 131072
	session.timeout.ms = 45000
	socket.connection.setup.timeout.max.ms = 30000
	socket.connection.setup.timeout.ms = 10000
	ssl.cipher.suites = null
	ssl.enabled.protocols = [TLSv1.2, TLSv1.3]
	ssl.endpoint.identification.algorithm = https
	ssl.engine.factory.class = null
	ssl.key.password = null
	ssl.keymanager.algorithm = SunX509
	ssl.keystore.certificate.chain = null
	ssl.keystore.key = null
	ssl.keystore.location = null
	ssl.keystore.password = null
	ssl.keystore.type = JKS
	ssl.protocol = TLSv1.3
	ssl.provider = null
	ssl.secure.random.implementation = null
	ssl.trustmanager.algorithm = PKIX
	ssl.truststore.certificates = null
	ssl.truststore.location = null
	ssl.truststore.password = null
	ssl.truststore.type = JKS
	value.deserializer = class io.apicurio.registry.serde.protobuf.ProtobufKafkaDeserializer

2025-08-06 19:01:17,661 INFO  [org.apa.kaf.com.tel.int.KafkaMetricsCollector] (main) initializing Kafka metrics collector
2025-08-06 19:01:17,664 INFO  [org.apa.kaf.cli.con.ConsumerConfig] (main) These configurations '[apicurio.registry.url, apicurio.protobuf.derive.class]' were supplied but are not used yet.
2025-08-06 19:01:17,664 INFO  [org.apa.kaf.com.uti.AppInfoParser] (main) Kafka version: 3.9.1
2025-08-06 19:01:17,664 INFO  [org.apa.kaf.com.uti.AppInfoParser] (main) Kafka commitId: f745dfdcee2b9851
2025-08-06 19:01:17,664 INFO  [org.apa.kaf.com.uti.AppInfoParser] (main) Kafka startTimeMs: 1754506877664
2025-08-06 19:01:17,665 INFO  [org.apa.kaf.cli.con.int.ClassicKafkaConsumer] (Thread-796) [Consumer clientId=consumer-Consumer-topic-a38e1236_c1e3_4a87_805d_539797e2eef0-27, groupId=Consumer-topic-a38e1236_c1e3_4a87_805d_539797e2eef0] Subscribed to topic(s): topic-a38e1236_c1e3_4a87_805d_539797e2eef0
2025-08-06 19:01:17,669 INFO  [org.apa.kaf.cli.Metadata] (Thread-796) [Consumer clientId=consumer-Consumer-topic-a38e1236_c1e3_4a87_805d_539797e2eef0-27, groupId=Consumer-topic-a38e1236_c1e3_4a87_805d_539797e2eef0] Cluster ID: T8p0IQFNTYSHGQR6rr1wVQ
2025-08-06 19:01:17,670 INFO  [org.apa.kaf.cli.con.int.ConsumerCoordinator] (Thread-796) [Consumer clientId=consumer-Consumer-topic-a38e1236_c1e3_4a87_805d_539797e2eef0-27, groupId=Consumer-topic-a38e1236_c1e3_4a87_805d_539797e2eef0] Discovered group coordinator localhost:32769 (id: 2147483647 rack: null)
2025-08-06 19:01:17,671 INFO  [org.apa.kaf.cli.con.int.ConsumerCoordinator] (Thread-796) [Consumer clientId=consumer-Consumer-topic-a38e1236_c1e3_4a87_805d_539797e2eef0-27, groupId=Consumer-topic-a38e1236_c1e3_4a87_805d_539797e2eef0] (Re-)joining group
2025-08-06 19:01:17,672 INFO  [org.apa.kaf.cli.con.int.ConsumerCoordinator] (Thread-796) [Consumer clientId=consumer-Consumer-topic-a38e1236_c1e3_4a87_805d_539797e2eef0-27, groupId=Consumer-topic-a38e1236_c1e3_4a87_805d_539797e2eef0] Request joining group due to: need to re-join with the given member-id: consumer-Consumer-topic-a38e1236_c1e3_4a87_805d_539797e2eef0-27-c26c56b6-6b0c-4e11-b59f-8c5fd736c2f9
2025-08-06 19:01:17,673 INFO  [org.apa.kaf.cli.con.int.ConsumerCoordinator] (Thread-796) [Consumer clientId=consumer-Consumer-topic-a38e1236_c1e3_4a87_805d_539797e2eef0-27, groupId=Consumer-topic-a38e1236_c1e3_4a87_805d_539797e2eef0] (Re-)joining group
2025-08-06 19:01:18,665 INFO  [io.api.tes.ser.api.KafkaSerdesTester] (Thread-796) None found
2025-08-06 19:01:19,665 INFO  [io.api.tes.ser.api.KafkaSerdesTester] (Thread-796) None found
2025-08-06 19:01:20,665 INFO  [io.api.tes.ser.api.KafkaSerdesTester] (Thread-796) None found
2025-08-06 19:01:20,674 INFO  [org.apa.kaf.cli.con.int.ConsumerCoordinator] (Thread-796) [Consumer clientId=consumer-Consumer-topic-a38e1236_c1e3_4a87_805d_539797e2eef0-27, groupId=Consumer-topic-a38e1236_c1e3_4a87_805d_539797e2eef0] Successfully joined group with generation Generation{generationId=1, memberId='consumer-Consumer-topic-a38e1236_c1e3_4a87_805d_539797e2eef0-27-c26c56b6-6b0c-4e11-b59f-8c5fd736c2f9', protocol='range'}
2025-08-06 19:01:20,675 INFO  [org.apa.kaf.cli.con.int.ConsumerCoordinator] (Thread-796) [Consumer clientId=consumer-Consumer-topic-a38e1236_c1e3_4a87_805d_539797e2eef0-27, groupId=Consumer-topic-a38e1236_c1e3_4a87_805d_539797e2eef0] Finished assignment for group at generation 1: {consumer-Consumer-topic-a38e1236_c1e3_4a87_805d_539797e2eef0-27-c26c56b6-6b0c-4e11-b59f-8c5fd736c2f9=Assignment(partitions=[topic-a38e1236_c1e3_4a87_805d_539797e2eef0-0])}
2025-08-06 19:01:20,683 INFO  [org.apa.kaf.cli.con.int.ConsumerCoordinator] (Thread-796) [Consumer clientId=consumer-Consumer-topic-a38e1236_c1e3_4a87_805d_539797e2eef0-27, groupId=Consumer-topic-a38e1236_c1e3_4a87_805d_539797e2eef0] Successfully synced group in generation Generation{generationId=1, memberId='consumer-Consumer-topic-a38e1236_c1e3_4a87_805d_539797e2eef0-27-c26c56b6-6b0c-4e11-b59f-8c5fd736c2f9', protocol='range'}
2025-08-06 19:01:20,683 INFO  [org.apa.kaf.cli.con.int.ConsumerCoordinator] (Thread-796) [Consumer clientId=consumer-Consumer-topic-a38e1236_c1e3_4a87_805d_539797e2eef0-27, groupId=Consumer-topic-a38e1236_c1e3_4a87_805d_539797e2eef0] Notifying assignor about the new Assignment(partitions=[topic-a38e1236_c1e3_4a87_805d_539797e2eef0-0])
2025-08-06 19:01:20,683 INFO  [org.apa.kaf.cli.con.int.ConsumerRebalanceListenerInvoker] (Thread-796) [Consumer clientId=consumer-Consumer-topic-a38e1236_c1e3_4a87_805d_539797e2eef0-27, groupId=Consumer-topic-a38e1236_c1e3_4a87_805d_539797e2eef0] Adding newly assigned partitions: topic-a38e1236_c1e3_4a87_805d_539797e2eef0-0
2025-08-06 19:01:20,684 INFO  [org.apa.kaf.cli.con.int.ConsumerCoordinator] (Thread-796) [Consumer clientId=consumer-Consumer-topic-a38e1236_c1e3_4a87_805d_539797e2eef0-27, groupId=Consumer-topic-a38e1236_c1e3_4a87_805d_539797e2eef0] Found no committed offset for partition topic-a38e1236_c1e3_4a87_805d_539797e2eef0-0
2025-08-06 19:01:20,687 INFO  [org.apa.kaf.cli.con.int.SubscriptionState] (Thread-796) [Consumer clientId=consumer-Consumer-topic-a38e1236_c1e3_4a87_805d_539797e2eef0-27, groupId=Consumer-topic-a38e1236_c1e3_4a87_805d_539797e2eef0] Resetting offset for partition topic-a38e1236_c1e3_4a87_805d_539797e2eef0-0 to position FetchPosition{offset=0, offsetEpoch=Optional.empty, currentLeader=LeaderAndEpoch{leader=Optional[localhost:32769 (id: 0 rack: null)], epoch=0}}.
2025-08-06 19:01:20,728 INFO  [io.api.tes.ser.api.KafkaSerdesTester] (Thread-796) topic-a38e1236_c1e3_4a87_805d_539797e2eef0 0 0 header {
  time {
  }
}
d1: 1.754506877151E12
s1: "a"
i1: 123
bi1: 1
point {
  longitude: 22.0
  latitude: 22.0
  altitude: 1.0
}

2025-08-06 19:01:20,728 INFO  [io.api.tes.ser.api.KafkaSerdesTester] (Thread-796) topic-a38e1236_c1e3_4a87_805d_539797e2eef0 0 1 header {
  time {
  }
}
d1: 1.754506877363E12
s1: "a"
i1: 123
bi1: 1
point {
  longitude: 22.0
  latitude: 22.0
  altitude: 1.0
}

2025-08-06 19:01:20,728 INFO  [io.api.tes.ser.api.KafkaSerdesTester] (Thread-796) topic-a38e1236_c1e3_4a87_805d_539797e2eef0 0 2 header {
  time {
  }
}
d1: 1.754506877396E12
s1: "a"
i1: 123
bi1: 1
point {
  longitude: 22.0
  latitude: 22.0
  altitude: 1.0
}

2025-08-06 19:01:20,728 INFO  [io.api.tes.ser.api.KafkaSerdesTester] (Thread-796) topic-a38e1236_c1e3_4a87_805d_539797e2eef0 0 3 header {
  time {
  }
}
d1: 1.754506877425E12
s1: "a"
i1: 123
bi1: 1
point {
  longitude: 22.0
  latitude: 22.0
  altitude: 1.0
}

2025-08-06 19:01:20,728 INFO  [io.api.tes.ser.api.KafkaSerdesTester] (Thread-796) topic-a38e1236_c1e3_4a87_805d_539797e2eef0 0 4 header {
  time {
  }
}
d1: 1.754506877454E12
s1: "a"
i1: 123
bi1: 1
point {
  longitude: 22.0
  latitude: 22.0
  altitude: 1.0
}

2025-08-06 19:01:20,728 INFO  [io.api.tes.ser.api.KafkaSerdesTester] (Thread-796) topic-a38e1236_c1e3_4a87_805d_539797e2eef0 0 5 header {
  time {
  }
}
d1: 1.754506877484E12
s1: "a"
i1: 123
bi1: 1
point {
  longitude: 22.0
  latitude: 22.0
  altitude: 1.0
}

2025-08-06 19:01:20,728 INFO  [io.api.tes.ser.api.KafkaSerdesTester] (Thread-796) topic-a38e1236_c1e3_4a87_805d_539797e2eef0 0 6 header {
  time {
  }
}
d1: 1.754506877513E12
s1: "a"
i1: 123
bi1: 1
point {
  longitude: 22.0
  latitude: 22.0
  altitude: 1.0
}

2025-08-06 19:01:20,728 INFO  [io.api.tes.ser.api.KafkaSerdesTester] (Thread-796) topic-a38e1236_c1e3_4a87_805d_539797e2eef0 0 7 header {
  time {
  }
}
d1: 1.754506877541E12
s1: "a"
i1: 123
bi1: 1
point {
  longitude: 22.0
  latitude: 22.0
  altitude: 1.0
}

2025-08-06 19:01:20,729 INFO  [io.api.tes.ser.api.KafkaSerdesTester] (Thread-796) topic-a38e1236_c1e3_4a87_805d_539797e2eef0 0 8 header {
  time {
  }
}
d1: 1.754506877576E12
s1: "a"
i1: 123
bi1: 1
point {
  longitude: 22.0
  latitude: 22.0
  altitude: 1.0
}

2025-08-06 19:01:20,729 INFO  [io.api.tes.ser.api.KafkaSerdesTester] (Thread-796) topic-a38e1236_c1e3_4a87_805d_539797e2eef0 0 9 header {
  time {
  }
}
d1: 1.754506877605E12
s1: "a"
i1: 123
bi1: 1
point {
  longitude: 22.0
  latitude: 22.0
  altitude: 1.0
}

2025-08-06 19:01:20,729 INFO  [io.api.tes.ser.api.KafkaSerdesTester] (Thread-796) Consumed 10 messages
2025-08-06 19:01:20,737 INFO  [org.apa.kaf.cli.con.int.ConsumerRebalanceListenerInvoker] (Thread-796) [Consumer clientId=consumer-Consumer-topic-a38e1236_c1e3_4a87_805d_539797e2eef0-27, groupId=Consumer-topic-a38e1236_c1e3_4a87_805d_539797e2eef0] Revoke previously assigned partitions topic-a38e1236_c1e3_4a87_805d_539797e2eef0-0
2025-08-06 19:01:20,737 INFO  [org.apa.kaf.cli.con.int.ConsumerCoordinator] (Thread-796) [Consumer clientId=consumer-Consumer-topic-a38e1236_c1e3_4a87_805d_539797e2eef0-27, groupId=Consumer-topic-a38e1236_c1e3_4a87_805d_539797e2eef0] Member consumer-Consumer-topic-a38e1236_c1e3_4a87_805d_539797e2eef0-27-c26c56b6-6b0c-4e11-b59f-8c5fd736c2f9 sending LeaveGroup request to coordinator localhost:32769 (id: 2147483647 rack: null) due to the consumer is being closed
2025-08-06 19:01:20,737 INFO  [org.apa.kaf.cli.con.int.ConsumerCoordinator] (Thread-796) [Consumer clientId=consumer-Consumer-topic-a38e1236_c1e3_4a87_805d_539797e2eef0-27, groupId=Consumer-topic-a38e1236_c1e3_4a87_805d_539797e2eef0] Resetting generation and member id due to: consumer pro-actively leaving the group
2025-08-06 19:01:20,737 INFO  [org.apa.kaf.cli.con.int.ConsumerCoordinator] (Thread-796) [Consumer clientId=consumer-Consumer-topic-a38e1236_c1e3_4a87_805d_539797e2eef0-27, groupId=Consumer-topic-a38e1236_c1e3_4a87_805d_539797e2eef0] Request joining group due to: consumer pro-actively leaving the group
2025-08-06 19:01:21,231 INFO  [org.apa.kaf.com.met.Metrics] (Thread-796) Metrics scheduler closed
2025-08-06 19:01:21,232 INFO  [org.apa.kaf.com.met.Metrics] (Thread-796) Closing reporter org.apache.kafka.common.metrics.JmxReporter
2025-08-06 19:01:21,232 INFO  [org.apa.kaf.com.met.Metrics] (Thread-796) Closing reporter org.apache.kafka.common.telemetry.internals.ClientTelemetryReporter
2025-08-06 19:01:21,232 INFO  [org.apa.kaf.com.met.Metrics] (Thread-796) Metrics reporters closed
2025-08-06 19:01:21,234 INFO  [org.apa.kaf.com.uti.AppInfoParser] (Thread-796) App info kafka.consumer for consumer-Consumer-topic-a38e1236_c1e3_4a87_805d_539797e2eef0-27 unregistered
2025-08-06 19:01:21,245 INFO  [io.api.tes.uti.TestSeparator] (main) io.apicurio.tests.serdes.apicurio.ProtobufSerdeIT.testAutoRegisterDeriveClassProtobufType-FINISHED
2025-08-06 19:01:21,245 INFO  [io.api.tes.uti.TestSeparator] (main) ############################################################################
Test passed: testAutoRegisterDeriveClassProtobufType
]]></system-out>
  </testcase>
  <testcase name="testConsumeReturnSpecificClass" classname="io.apicurio.tests.serdes.apicurio.ProtobufSerdeIT" time="1.068">
    <system-out><![CDATA[2025-08-06 19:01:21,246 INFO  [io.api.tes.uti.TestSeparator] (main) ############################################################################
2025-08-06 19:01:21,246 INFO  [io.api.tes.uti.TestSeparator] (main) io.apicurio.tests.serdes.apicurio.ProtobufSerdeIT.testConsumeReturnSpecificClass-STARTED
2025-08-06 19:01:22,314 INFO  [io.api.tes.uti.TestSeparator] (main) io.apicurio.tests.serdes.apicurio.ProtobufSerdeIT.testConsumeReturnSpecificClass-FINISHED
2025-08-06 19:01:22,314 INFO  [io.api.tes.uti.TestSeparator] (main) ############################################################################
Test passed: testConsumeReturnSpecificClass
]]></system-out>
  </testcase>
  <testcase name="testFindLatestSpecificProtobufType" classname="io.apicurio.tests.serdes.apicurio.ProtobufSerdeIT" time="1.154">
    <system-out><![CDATA[2025-08-06 19:01:22,316 INFO  [io.api.tes.uti.TestSeparator] (main) ############################################################################
2025-08-06 19:01:22,316 INFO  [io.api.tes.uti.TestSeparator] (main) io.apicurio.tests.serdes.apicurio.ProtobufSerdeIT.testFindLatestSpecificProtobufType-STARTED
2025-08-06 19:01:23,468 INFO  [io.api.tes.uti.TestSeparator] (main) io.apicurio.tests.serdes.apicurio.ProtobufSerdeIT.testFindLatestSpecificProtobufType-FINISHED
2025-08-06 19:01:23,468 INFO  [io.api.tes.uti.TestSeparator] (main) ############################################################################
Test passed: testFindLatestSpecificProtobufType
]]></system-out>
  </testcase>
  <testcase name="testFindLatestDynamicMessageProtobufType" classname="io.apicurio.tests.serdes.apicurio.ProtobufSerdeIT" time="4.796">
    <system-out><![CDATA[2025-08-06 19:01:23,470 INFO  [io.api.tes.uti.TestSeparator] (main) ############################################################################
2025-08-06 19:01:23,470 INFO  [io.api.tes.uti.TestSeparator] (main) io.apicurio.tests.serdes.apicurio.ProtobufSerdeIT.testFindLatestDynamicMessageProtobufType-STARTED
**** Registry Base URL: http://registry-app-ksql043.apps.ci419.apicurio-testing.org:80
2025-08-06 19:01:24,528 INFO  [org.apa.kaf.cli.pro.ProducerConfig] (main) ProducerConfig values: 
	acks = -1
	auto.include.jmx.reporter = true
	batch.size = 16384
	bootstrap.servers = [PLAINTEXT://localhost:32769]
	buffer.memory = 33554432
	client.dns.lookup = use_all_dns_ips
	client.id = Producer-topic-3d6c2f95_5030_486e_97f7_6eeaccf32836
	compression.gzip.level = -1
	compression.lz4.level = 9
	compression.type = none
	compression.zstd.level = 3
	connections.max.idle.ms = 10000
	delivery.timeout.ms = 120000
	enable.idempotence = true
	enable.metrics.push = true
	interceptor.classes = []
	key.serializer = class org.apache.kafka.common.serialization.StringSerializer
	linger.ms = 0
	max.block.ms = 60000
	max.in.flight.requests.per.connection = 5
	max.request.size = 1048576
	metadata.max.age.ms = 300000
	metadata.max.idle.ms = 300000
	metadata.recovery.strategy = none
	metric.reporters = []
	metrics.num.samples = 2
	metrics.recording.level = INFO
	metrics.sample.window.ms = 30000
	partitioner.adaptive.partitioning.enable = true
	partitioner.availability.timeout.ms = 0
	partitioner.class = null
	partitioner.ignore.keys = false
	receive.buffer.bytes = 32768
	reconnect.backoff.max.ms = 1000
	reconnect.backoff.ms = 50
	request.timeout.ms = 5000
	retries = 2147483647
	retry.backoff.max.ms = 1000
	retry.backoff.ms = 100
	sasl.client.callback.handler.class = null
	sasl.jaas.config = null
	sasl.kerberos.kinit.cmd = /usr/bin/kinit
	sasl.kerberos.min.time.before.relogin = 60000
	sasl.kerberos.service.name = null
	sasl.kerberos.ticket.renew.jitter = 0.05
	sasl.kerberos.ticket.renew.window.factor = 0.8
	sasl.login.callback.handler.class = null
	sasl.login.class = null
	sasl.login.connect.timeout.ms = null
	sasl.login.read.timeout.ms = null
	sasl.login.refresh.buffer.seconds = 300
	sasl.login.refresh.min.period.seconds = 60
	sasl.login.refresh.window.factor = 0.8
	sasl.login.refresh.window.jitter = 0.05
	sasl.login.retry.backoff.max.ms = 10000
	sasl.login.retry.backoff.ms = 100
	sasl.mechanism = GSSAPI
	sasl.oauthbearer.clock.skew.seconds = 30
	sasl.oauthbearer.expected.audience = null
	sasl.oauthbearer.expected.issuer = null
	sasl.oauthbearer.header.urlencode = false
	sasl.oauthbearer.jwks.endpoint.refresh.ms = 3600000
	sasl.oauthbearer.jwks.endpoint.retry.backoff.max.ms = 10000
	sasl.oauthbearer.jwks.endpoint.retry.backoff.ms = 100
	sasl.oauthbearer.jwks.endpoint.url = null
	sasl.oauthbearer.scope.claim.name = scope
	sasl.oauthbearer.sub.claim.name = sub
	sasl.oauthbearer.token.endpoint.url = null
	security.protocol = PLAINTEXT
	security.providers = null
	send.buffer.bytes = 131072
	socket.connection.setup.timeout.max.ms = 30000
	socket.connection.setup.timeout.ms = 10000
	ssl.cipher.suites = null
	ssl.enabled.protocols = [TLSv1.2, TLSv1.3]
	ssl.endpoint.identification.algorithm = https
	ssl.engine.factory.class = null
	ssl.key.password = null
	ssl.keymanager.algorithm = SunX509
	ssl.keystore.certificate.chain = null
	ssl.keystore.key = null
	ssl.keystore.location = null
	ssl.keystore.password = null
	ssl.keystore.type = JKS
	ssl.protocol = TLSv1.3
	ssl.provider = null
	ssl.secure.random.implementation = null
	ssl.trustmanager.algorithm = PKIX
	ssl.truststore.certificates = null
	ssl.truststore.location = null
	ssl.truststore.password = null
	ssl.truststore.type = JKS
	transaction.timeout.ms = 60000
	transactional.id = null
	value.serializer = class io.apicurio.registry.serde.protobuf.ProtobufKafkaSerializer

2025-08-06 19:01:24,529 INFO  [org.apa.kaf.com.tel.int.KafkaMetricsCollector] (main) initializing Kafka metrics collector
2025-08-06 19:01:24,532 INFO  [org.apa.kaf.cli.pro.KafkaProducer] (main) [Producer clientId=Producer-topic-3d6c2f95_5030_486e_97f7_6eeaccf32836] Instantiated an idempotent producer.
2025-08-06 19:01:24,534 INFO  [org.apa.kaf.cli.pro.ProducerConfig] (main) These configurations '[apicurio.registry.find-latest, apicurio.registry.url, apicurio.registry.artifact-resolver-strategy]' were supplied but are not used yet.
2025-08-06 19:01:24,534 INFO  [org.apa.kaf.com.uti.AppInfoParser] (main) Kafka version: 3.9.1
2025-08-06 19:01:24,534 INFO  [org.apa.kaf.com.uti.AppInfoParser] (main) Kafka commitId: f745dfdcee2b9851
2025-08-06 19:01:24,534 INFO  [org.apa.kaf.com.uti.AppInfoParser] (main) Kafka startTimeMs: 1754506884534
2025-08-06 19:01:24,534 INFO  [io.api.tes.ser.api.SimpleSerdesTesterBuilder$SimpleSerdesTester] (main) Using producer configuration: {apicurio.registry.find-latest=true, apicurio.registry.url=http://registry-app-ksql043.apps.ci419.apicurio-testing.org:80/apis/registry/v3, apicurio.registry.artifact-resolver-strategy=io.apicurio.registry.serde.strategy.SimpleTopicIdStrategy, value.serializer=io.apicurio.registry.serde.protobuf.ProtobufKafkaSerializer, request.timeout.ms=5000, acks=all, bootstrap.servers=PLAINTEXT://localhost:32769, connections.max.idle.ms=10000, key.serializer=org.apache.kafka.common.serialization.StringSerializer, client.id=Producer-topic-3d6c2f95_5030_486e_97f7_6eeaccf32836}
2025-08-06 19:01:24,534 INFO  [io.api.tes.ser.api.SimpleSerdesTesterBuilder$SimpleSerdesTester] (main) Using consumer configuration: {apicurio.registry.deserializer.value.return-class=com.google.protobuf.DynamicMessage}
2025-08-06 19:01:24,536 INFO  [io.api.tes.ser.api.KafkaSerdesTester] (Thread-799) Sending message header {
  time {
  }
}
d1: 1.754506884536E12
s1: "a"
i1: 123
bi1: 1
point {
  longitude: 22.0
  latitude: 22.0
  altitude: 1.0
}
 to topic topic-3d6c2f95_5030_486e_97f7_6eeaccf32836
2025-08-06 19:01:24,540 INFO  [org.apa.kaf.cli.Metadata] (kafka-producer-network-thread | Producer-topic-3d6c2f95_5030_486e_97f7_6eeaccf32836) [Producer clientId=Producer-topic-3d6c2f95_5030_486e_97f7_6eeaccf32836] Cluster ID: T8p0IQFNTYSHGQR6rr1wVQ
2025-08-06 19:01:24,540 INFO  [org.apa.kaf.cli.pro.int.TransactionManager] (kafka-producer-network-thread | Producer-topic-3d6c2f95_5030_486e_97f7_6eeaccf32836) [Producer clientId=Producer-topic-3d6c2f95_5030_486e_97f7_6eeaccf32836] ProducerId set to 36 with epoch 0
2025-08-06 19:01:24,608 INFO  [io.api.tes.ser.api.KafkaSerdesTester] (Thread-799) Sending message header {
  time {
  }
}
d1: 1.754506884608E12
s1: "a"
i1: 123
bi1: 1
point {
  longitude: 22.0
  latitude: 22.0
  altitude: 1.0
}
 to topic topic-3d6c2f95_5030_486e_97f7_6eeaccf32836
2025-08-06 19:01:24,611 INFO  [io.api.tes.ser.api.KafkaSerdesTester] (Thread-799) Sending message header {
  time {
  }
}
d1: 1.754506884611E12
s1: "a"
i1: 123
bi1: 1
point {
  longitude: 22.0
  latitude: 22.0
  altitude: 1.0
}
 to topic topic-3d6c2f95_5030_486e_97f7_6eeaccf32836
2025-08-06 19:01:24,622 INFO  [io.api.tes.ser.api.KafkaSerdesTester] (Thread-799) Sending message header {
  time {
  }
}
d1: 1.754506884622E12
s1: "a"
i1: 123
bi1: 1
point {
  longitude: 22.0
  latitude: 22.0
  altitude: 1.0
}
 to topic topic-3d6c2f95_5030_486e_97f7_6eeaccf32836
2025-08-06 19:01:24,626 INFO  [io.api.tes.ser.api.KafkaSerdesTester] (Thread-799) Sending message header {
  time {
  }
}
d1: 1.754506884625E12
s1: "a"
i1: 123
bi1: 1
point {
  longitude: 22.0
  latitude: 22.0
  altitude: 1.0
}
 to topic topic-3d6c2f95_5030_486e_97f7_6eeaccf32836
2025-08-06 19:01:24,630 INFO  [io.api.tes.ser.api.KafkaSerdesTester] (Thread-799) Sending message header {
  time {
  }
}
d1: 1.75450688463E12
s1: "a"
i1: 123
bi1: 1
point {
  longitude: 22.0
  latitude: 22.0
  altitude: 1.0
}
 to topic topic-3d6c2f95_5030_486e_97f7_6eeaccf32836
2025-08-06 19:01:24,635 INFO  [io.api.tes.ser.api.KafkaSerdesTester] (Thread-799) Sending message header {
  time {
  }
}
d1: 1.754506884635E12
s1: "a"
i1: 123
bi1: 1
point {
  longitude: 22.0
  latitude: 22.0
  altitude: 1.0
}
 to topic topic-3d6c2f95_5030_486e_97f7_6eeaccf32836
2025-08-06 19:01:24,638 INFO  [io.api.tes.ser.api.KafkaSerdesTester] (Thread-799) Sending message header {
  time {
  }
}
d1: 1.754506884638E12
s1: "a"
i1: 123
bi1: 1
point {
  longitude: 22.0
  latitude: 22.0
  altitude: 1.0
}
 to topic topic-3d6c2f95_5030_486e_97f7_6eeaccf32836
2025-08-06 19:01:24,642 INFO  [io.api.tes.ser.api.KafkaSerdesTester] (Thread-799) Sending message header {
  time {
  }
}
d1: 1.754506884642E12
s1: "a"
i1: 123
bi1: 1
point {
  longitude: 22.0
  latitude: 22.0
  altitude: 1.0
}
 to topic topic-3d6c2f95_5030_486e_97f7_6eeaccf32836
2025-08-06 19:01:24,646 INFO  [io.api.tes.ser.api.KafkaSerdesTester] (Thread-799) Sending message header {
  time {
  }
}
d1: 1.754506884646E12
s1: "a"
i1: 123
bi1: 1
point {
  longitude: 22.0
  latitude: 22.0
  altitude: 1.0
}
 to topic topic-3d6c2f95_5030_486e_97f7_6eeaccf32836
2025-08-06 19:01:24,649 INFO  [io.api.tes.ser.api.KafkaSerdesTester] (Thread-799) Produced 10 messages
2025-08-06 19:01:24,649 INFO  [org.apa.kaf.cli.pro.KafkaProducer] (Thread-799) [Producer clientId=Producer-topic-3d6c2f95_5030_486e_97f7_6eeaccf32836] Closing the Kafka producer with timeoutMillis = 9223372036854775807 ms.
2025-08-06 19:01:24,651 INFO  [org.apa.kaf.com.met.Metrics] (Thread-799) Metrics scheduler closed
2025-08-06 19:01:24,651 INFO  [org.apa.kaf.com.met.Metrics] (Thread-799) Closing reporter org.apache.kafka.common.metrics.JmxReporter
2025-08-06 19:01:24,651 INFO  [org.apa.kaf.com.met.Metrics] (Thread-799) Closing reporter org.apache.kafka.common.telemetry.internals.ClientTelemetryReporter
2025-08-06 19:01:24,651 INFO  [org.apa.kaf.com.met.Metrics] (Thread-799) Metrics reporters closed
2025-08-06 19:01:24,651 INFO  [org.apa.kaf.com.uti.AppInfoParser] (Thread-799) App info kafka.producer for Producer-topic-3d6c2f95_5030_486e_97f7_6eeaccf32836 unregistered
**** Registry Base URL: http://registry-app-ksql043.apps.ci419.apicurio-testing.org:80
2025-08-06 19:01:24,652 INFO  [org.apa.kaf.cli.con.ConsumerConfig] (main) ConsumerConfig values: 
	allow.auto.create.topics = true
	auto.commit.interval.ms = 500
	auto.include.jmx.reporter = true
	auto.offset.reset = earliest
	bootstrap.servers = [PLAINTEXT://localhost:32769]
	check.crcs = true
	client.dns.lookup = use_all_dns_ips
	client.id = consumer-Consumer-topic-3d6c2f95_5030_486e_97f7_6eeaccf32836-28
	client.rack = 
	connections.max.idle.ms = 10000
	default.api.timeout.ms = 60000
	enable.auto.commit = true
	enable.metrics.push = true
	exclude.internal.topics = true
	fetch.max.bytes = 52428800
	fetch.max.wait.ms = 500
	fetch.min.bytes = 1
	group.id = Consumer-topic-3d6c2f95_5030_486e_97f7_6eeaccf32836
	group.instance.id = null
	group.protocol = classic
	group.remote.assignor = null
	heartbeat.interval.ms = 3000
	interceptor.classes = []
	internal.leave.group.on.close = true
	internal.throw.on.fetch.stable.offset.unsupported = false
	isolation.level = read_uncommitted
	key.deserializer = class org.apache.kafka.common.serialization.StringDeserializer
	max.partition.fetch.bytes = 1048576
	max.poll.interval.ms = 300000
	max.poll.records = 500
	metadata.max.age.ms = 300000
	metadata.recovery.strategy = none
	metric.reporters = []
	metrics.num.samples = 2
	metrics.recording.level = INFO
	metrics.sample.window.ms = 30000
	partition.assignment.strategy = [class org.apache.kafka.clients.consumer.RangeAssignor, class org.apache.kafka.clients.consumer.CooperativeStickyAssignor]
	receive.buffer.bytes = 65536
	reconnect.backoff.max.ms = 1000
	reconnect.backoff.ms = 50
	request.timeout.ms = 5000
	retry.backoff.max.ms = 1000
	retry.backoff.ms = 100
	sasl.client.callback.handler.class = null
	sasl.jaas.config = null
	sasl.kerberos.kinit.cmd = /usr/bin/kinit
	sasl.kerberos.min.time.before.relogin = 60000
	sasl.kerberos.service.name = null
	sasl.kerberos.ticket.renew.jitter = 0.05
	sasl.kerberos.ticket.renew.window.factor = 0.8
	sasl.login.callback.handler.class = null
	sasl.login.class = null
	sasl.login.connect.timeout.ms = null
	sasl.login.read.timeout.ms = null
	sasl.login.refresh.buffer.seconds = 300
	sasl.login.refresh.min.period.seconds = 60
	sasl.login.refresh.window.factor = 0.8
	sasl.login.refresh.window.jitter = 0.05
	sasl.login.retry.backoff.max.ms = 10000
	sasl.login.retry.backoff.ms = 100
	sasl.mechanism = GSSAPI
	sasl.oauthbearer.clock.skew.seconds = 30
	sasl.oauthbearer.expected.audience = null
	sasl.oauthbearer.expected.issuer = null
	sasl.oauthbearer.header.urlencode = false
	sasl.oauthbearer.jwks.endpoint.refresh.ms = 3600000
	sasl.oauthbearer.jwks.endpoint.retry.backoff.max.ms = 10000
	sasl.oauthbearer.jwks.endpoint.retry.backoff.ms = 100
	sasl.oauthbearer.jwks.endpoint.url = null
	sasl.oauthbearer.scope.claim.name = scope
	sasl.oauthbearer.sub.claim.name = sub
	sasl.oauthbearer.token.endpoint.url = null
	security.protocol = PLAINTEXT
	security.providers = null
	send.buffer.bytes = 131072
	session.timeout.ms = 45000
	socket.connection.setup.timeout.max.ms = 30000
	socket.connection.setup.timeout.ms = 10000
	ssl.cipher.suites = null
	ssl.enabled.protocols = [TLSv1.2, TLSv1.3]
	ssl.endpoint.identification.algorithm = https
	ssl.engine.factory.class = null
	ssl.key.password = null
	ssl.keymanager.algorithm = SunX509
	ssl.keystore.certificate.chain = null
	ssl.keystore.key = null
	ssl.keystore.location = null
	ssl.keystore.password = null
	ssl.keystore.type = JKS
	ssl.protocol = TLSv1.3
	ssl.provider = null
	ssl.secure.random.implementation = null
	ssl.trustmanager.algorithm = PKIX
	ssl.truststore.certificates = null
	ssl.truststore.location = null
	ssl.truststore.password = null
	ssl.truststore.type = JKS
	value.deserializer = class io.apicurio.registry.serde.protobuf.ProtobufKafkaDeserializer

2025-08-06 19:01:24,652 INFO  [org.apa.kaf.com.tel.int.KafkaMetricsCollector] (main) initializing Kafka metrics collector
2025-08-06 19:01:24,666 INFO  [org.apa.kaf.cli.con.ConsumerConfig] (main) These configurations '[apicurio.registry.deserializer.value.return-class, apicurio.registry.url]' were supplied but are not used yet.
2025-08-06 19:01:24,666 INFO  [org.apa.kaf.com.uti.AppInfoParser] (main) Kafka version: 3.9.1
2025-08-06 19:01:24,666 INFO  [org.apa.kaf.com.uti.AppInfoParser] (main) Kafka commitId: f745dfdcee2b9851
2025-08-06 19:01:24,666 INFO  [org.apa.kaf.com.uti.AppInfoParser] (main) Kafka startTimeMs: 1754506884666
2025-08-06 19:01:24,667 INFO  [org.apa.kaf.cli.con.int.ClassicKafkaConsumer] (Thread-802) [Consumer clientId=consumer-Consumer-topic-3d6c2f95_5030_486e_97f7_6eeaccf32836-28, groupId=Consumer-topic-3d6c2f95_5030_486e_97f7_6eeaccf32836] Subscribed to topic(s): topic-3d6c2f95_5030_486e_97f7_6eeaccf32836
2025-08-06 19:01:24,672 INFO  [org.apa.kaf.cli.Metadata] (Thread-802) [Consumer clientId=consumer-Consumer-topic-3d6c2f95_5030_486e_97f7_6eeaccf32836-28, groupId=Consumer-topic-3d6c2f95_5030_486e_97f7_6eeaccf32836] Cluster ID: T8p0IQFNTYSHGQR6rr1wVQ
2025-08-06 19:01:24,674 INFO  [org.apa.kaf.cli.con.int.ConsumerCoordinator] (Thread-802) [Consumer clientId=consumer-Consumer-topic-3d6c2f95_5030_486e_97f7_6eeaccf32836-28, groupId=Consumer-topic-3d6c2f95_5030_486e_97f7_6eeaccf32836] Discovered group coordinator localhost:32769 (id: 2147483647 rack: null)
2025-08-06 19:01:24,676 INFO  [org.apa.kaf.cli.con.int.ConsumerCoordinator] (Thread-802) [Consumer clientId=consumer-Consumer-topic-3d6c2f95_5030_486e_97f7_6eeaccf32836-28, groupId=Consumer-topic-3d6c2f95_5030_486e_97f7_6eeaccf32836] (Re-)joining group
2025-08-06 19:01:24,681 INFO  [org.apa.kaf.cli.con.int.ConsumerCoordinator] (Thread-802) [Consumer clientId=consumer-Consumer-topic-3d6c2f95_5030_486e_97f7_6eeaccf32836-28, groupId=Consumer-topic-3d6c2f95_5030_486e_97f7_6eeaccf32836] Request joining group due to: need to re-join with the given member-id: consumer-Consumer-topic-3d6c2f95_5030_486e_97f7_6eeaccf32836-28-d8eb0eb3-9239-4a38-9302-9e4b01d85947
2025-08-06 19:01:24,682 INFO  [org.apa.kaf.cli.con.int.ConsumerCoordinator] (Thread-802) [Consumer clientId=consumer-Consumer-topic-3d6c2f95_5030_486e_97f7_6eeaccf32836-28, groupId=Consumer-topic-3d6c2f95_5030_486e_97f7_6eeaccf32836] (Re-)joining group
2025-08-06 19:01:25,667 INFO  [io.api.tes.ser.api.KafkaSerdesTester] (Thread-802) None found
2025-08-06 19:01:26,667 INFO  [io.api.tes.ser.api.KafkaSerdesTester] (Thread-802) None found
2025-08-06 19:01:27,667 INFO  [io.api.tes.ser.api.KafkaSerdesTester] (Thread-802) None found
2025-08-06 19:01:27,683 INFO  [org.apa.kaf.cli.con.int.ConsumerCoordinator] (Thread-802) [Consumer clientId=consumer-Consumer-topic-3d6c2f95_5030_486e_97f7_6eeaccf32836-28, groupId=Consumer-topic-3d6c2f95_5030_486e_97f7_6eeaccf32836] Successfully joined group with generation Generation{generationId=1, memberId='consumer-Consumer-topic-3d6c2f95_5030_486e_97f7_6eeaccf32836-28-d8eb0eb3-9239-4a38-9302-9e4b01d85947', protocol='range'}
2025-08-06 19:01:27,683 INFO  [org.apa.kaf.cli.con.int.ConsumerCoordinator] (Thread-802) [Consumer clientId=consumer-Consumer-topic-3d6c2f95_5030_486e_97f7_6eeaccf32836-28, groupId=Consumer-topic-3d6c2f95_5030_486e_97f7_6eeaccf32836] Finished assignment for group at generation 1: {consumer-Consumer-topic-3d6c2f95_5030_486e_97f7_6eeaccf32836-28-d8eb0eb3-9239-4a38-9302-9e4b01d85947=Assignment(partitions=[topic-3d6c2f95_5030_486e_97f7_6eeaccf32836-0])}
2025-08-06 19:01:27,690 INFO  [org.apa.kaf.cli.con.int.ConsumerCoordinator] (Thread-802) [Consumer clientId=consumer-Consumer-topic-3d6c2f95_5030_486e_97f7_6eeaccf32836-28, groupId=Consumer-topic-3d6c2f95_5030_486e_97f7_6eeaccf32836] Successfully synced group in generation Generation{generationId=1, memberId='consumer-Consumer-topic-3d6c2f95_5030_486e_97f7_6eeaccf32836-28-d8eb0eb3-9239-4a38-9302-9e4b01d85947', protocol='range'}
2025-08-06 19:01:27,690 INFO  [org.apa.kaf.cli.con.int.ConsumerCoordinator] (Thread-802) [Consumer clientId=consumer-Consumer-topic-3d6c2f95_5030_486e_97f7_6eeaccf32836-28, groupId=Consumer-topic-3d6c2f95_5030_486e_97f7_6eeaccf32836] Notifying assignor about the new Assignment(partitions=[topic-3d6c2f95_5030_486e_97f7_6eeaccf32836-0])
2025-08-06 19:01:27,690 INFO  [org.apa.kaf.cli.con.int.ConsumerRebalanceListenerInvoker] (Thread-802) [Consumer clientId=consumer-Consumer-topic-3d6c2f95_5030_486e_97f7_6eeaccf32836-28, groupId=Consumer-topic-3d6c2f95_5030_486e_97f7_6eeaccf32836] Adding newly assigned partitions: topic-3d6c2f95_5030_486e_97f7_6eeaccf32836-0
2025-08-06 19:01:27,691 INFO  [org.apa.kaf.cli.con.int.ConsumerCoordinator] (Thread-802) [Consumer clientId=consumer-Consumer-topic-3d6c2f95_5030_486e_97f7_6eeaccf32836-28, groupId=Consumer-topic-3d6c2f95_5030_486e_97f7_6eeaccf32836] Found no committed offset for partition topic-3d6c2f95_5030_486e_97f7_6eeaccf32836-0
2025-08-06 19:01:27,693 INFO  [org.apa.kaf.cli.con.int.SubscriptionState] (Thread-802) [Consumer clientId=consumer-Consumer-topic-3d6c2f95_5030_486e_97f7_6eeaccf32836-28, groupId=Consumer-topic-3d6c2f95_5030_486e_97f7_6eeaccf32836] Resetting offset for partition topic-3d6c2f95_5030_486e_97f7_6eeaccf32836-0 to position FetchPosition{offset=0, offsetEpoch=Optional.empty, currentLeader=LeaderAndEpoch{leader=Optional[localhost:32769 (id: 0 rack: null)], epoch=0}}.
2025-08-06 19:01:27,758 INFO  [io.api.tes.ser.api.KafkaSerdesTester] (Thread-802) topic-3d6c2f95_5030_486e_97f7_6eeaccf32836 0 0 header {
  time {
  }
}
d1: 1.754506884536E12
s1: "a"
i1: 123
bi1: 1
point {
  longitude: 22.0
  latitude: 22.0
  altitude: 1.0
}

2025-08-06 19:01:27,758 INFO  [io.api.tes.ser.api.KafkaSerdesTester] (Thread-802) topic-3d6c2f95_5030_486e_97f7_6eeaccf32836 0 1 header {
  time {
  }
}
d1: 1.754506884608E12
s1: "a"
i1: 123
bi1: 1
point {
  longitude: 22.0
  latitude: 22.0
  altitude: 1.0
}

2025-08-06 19:01:27,758 INFO  [io.api.tes.ser.api.KafkaSerdesTester] (Thread-802) topic-3d6c2f95_5030_486e_97f7_6eeaccf32836 0 2 header {
  time {
  }
}
d1: 1.754506884611E12
s1: "a"
i1: 123
bi1: 1
point {
  longitude: 22.0
  latitude: 22.0
  altitude: 1.0
}

2025-08-06 19:01:27,758 INFO  [io.api.tes.ser.api.KafkaSerdesTester] (Thread-802) topic-3d6c2f95_5030_486e_97f7_6eeaccf32836 0 3 header {
  time {
  }
}
d1: 1.754506884622E12
s1: "a"
i1: 123
bi1: 1
point {
  longitude: 22.0
  latitude: 22.0
  altitude: 1.0
}

2025-08-06 19:01:27,759 INFO  [io.api.tes.ser.api.KafkaSerdesTester] (Thread-802) topic-3d6c2f95_5030_486e_97f7_6eeaccf32836 0 4 header {
  time {
  }
}
d1: 1.754506884625E12
s1: "a"
i1: 123
bi1: 1
point {
  longitude: 22.0
  latitude: 22.0
  altitude: 1.0
}

2025-08-06 19:01:27,759 INFO  [io.api.tes.ser.api.KafkaSerdesTester] (Thread-802) topic-3d6c2f95_5030_486e_97f7_6eeaccf32836 0 5 header {
  time {
  }
}
d1: 1.75450688463E12
s1: "a"
i1: 123
bi1: 1
point {
  longitude: 22.0
  latitude: 22.0
  altitude: 1.0
}

2025-08-06 19:01:27,759 INFO  [io.api.tes.ser.api.KafkaSerdesTester] (Thread-802) topic-3d6c2f95_5030_486e_97f7_6eeaccf32836 0 6 header {
  time {
  }
}
d1: 1.754506884635E12
s1: "a"
i1: 123
bi1: 1
point {
  longitude: 22.0
  latitude: 22.0
  altitude: 1.0
}

2025-08-06 19:01:27,759 INFO  [io.api.tes.ser.api.KafkaSerdesTester] (Thread-802) topic-3d6c2f95_5030_486e_97f7_6eeaccf32836 0 7 header {
  time {
  }
}
d1: 1.754506884638E12
s1: "a"
i1: 123
bi1: 1
point {
  longitude: 22.0
  latitude: 22.0
  altitude: 1.0
}

2025-08-06 19:01:27,759 INFO  [io.api.tes.ser.api.KafkaSerdesTester] (Thread-802) topic-3d6c2f95_5030_486e_97f7_6eeaccf32836 0 8 header {
  time {
  }
}
d1: 1.754506884642E12
s1: "a"
i1: 123
bi1: 1
point {
  longitude: 22.0
  latitude: 22.0
  altitude: 1.0
}

2025-08-06 19:01:27,762 INFO  [io.api.tes.ser.api.KafkaSerdesTester] (Thread-802) topic-3d6c2f95_5030_486e_97f7_6eeaccf32836 0 9 header {
  time {
  }
}
d1: 1.754506884646E12
s1: "a"
i1: 123
bi1: 1
point {
  longitude: 22.0
  latitude: 22.0
  altitude: 1.0
}

2025-08-06 19:01:27,762 INFO  [io.api.tes.ser.api.KafkaSerdesTester] (Thread-802) Consumed 10 messages
2025-08-06 19:01:27,772 INFO  [org.apa.kaf.cli.con.int.ConsumerRebalanceListenerInvoker] (Thread-802) [Consumer clientId=consumer-Consumer-topic-3d6c2f95_5030_486e_97f7_6eeaccf32836-28, groupId=Consumer-topic-3d6c2f95_5030_486e_97f7_6eeaccf32836] Revoke previously assigned partitions topic-3d6c2f95_5030_486e_97f7_6eeaccf32836-0
2025-08-06 19:01:27,772 INFO  [org.apa.kaf.cli.con.int.ConsumerCoordinator] (Thread-802) [Consumer clientId=consumer-Consumer-topic-3d6c2f95_5030_486e_97f7_6eeaccf32836-28, groupId=Consumer-topic-3d6c2f95_5030_486e_97f7_6eeaccf32836] Member consumer-Consumer-topic-3d6c2f95_5030_486e_97f7_6eeaccf32836-28-d8eb0eb3-9239-4a38-9302-9e4b01d85947 sending LeaveGroup request to coordinator localhost:32769 (id: 2147483647 rack: null) due to the consumer is being closed
2025-08-06 19:01:27,773 INFO  [org.apa.kaf.cli.con.int.ConsumerCoordinator] (Thread-802) [Consumer clientId=consumer-Consumer-topic-3d6c2f95_5030_486e_97f7_6eeaccf32836-28, groupId=Consumer-topic-3d6c2f95_5030_486e_97f7_6eeaccf32836] Resetting generation and member id due to: consumer pro-actively leaving the group
2025-08-06 19:01:27,773 INFO  [org.apa.kaf.cli.con.int.ConsumerCoordinator] (Thread-802) [Consumer clientId=consumer-Consumer-topic-3d6c2f95_5030_486e_97f7_6eeaccf32836-28, groupId=Consumer-topic-3d6c2f95_5030_486e_97f7_6eeaccf32836] Request joining group due to: consumer pro-actively leaving the group
2025-08-06 19:01:28,261 INFO  [org.apa.kaf.com.met.Metrics] (Thread-802) Metrics scheduler closed
2025-08-06 19:01:28,262 INFO  [org.apa.kaf.com.met.Metrics] (Thread-802) Closing reporter org.apache.kafka.common.metrics.JmxReporter
2025-08-06 19:01:28,262 INFO  [org.apa.kaf.com.met.Metrics] (Thread-802) Closing reporter org.apache.kafka.common.telemetry.internals.ClientTelemetryReporter
2025-08-06 19:01:28,262 INFO  [org.apa.kaf.com.met.Metrics] (Thread-802) Metrics reporters closed
2025-08-06 19:01:28,264 INFO  [org.apa.kaf.com.uti.AppInfoParser] (Thread-802) App info kafka.consumer for consumer-Consumer-topic-3d6c2f95_5030_486e_97f7_6eeaccf32836-28 unregistered
2025-08-06 19:01:28,264 INFO  [io.api.tes.uti.TestSeparator] (main) io.apicurio.tests.serdes.apicurio.ProtobufSerdeIT.testFindLatestDynamicMessageProtobufType-FINISHED
2025-08-06 19:01:28,264 INFO  [io.api.tes.uti.TestSeparator] (main) ############################################################################
Test passed: testFindLatestDynamicMessageProtobufType
]]></system-out>
  </testcase>
  <testcase name="testFindLatestDeriveClassProtobufTypeSimpleTopicIdStrategy" classname="io.apicurio.tests.serdes.apicurio.ProtobufSerdeIT" time="1.06">
    <system-out><![CDATA[2025-08-06 19:01:28,266 INFO  [io.api.tes.uti.TestSeparator] (main) ############################################################################
2025-08-06 19:01:28,266 INFO  [io.api.tes.uti.TestSeparator] (main) io.apicurio.tests.serdes.apicurio.ProtobufSerdeIT.testFindLatestDeriveClassProtobufTypeSimpleTopicIdStrategy-STARTED
2025-08-06 19:01:29,324 INFO  [io.api.tes.uti.TestSeparator] (main) io.apicurio.tests.serdes.apicurio.ProtobufSerdeIT.testFindLatestDeriveClassProtobufTypeSimpleTopicIdStrategy-FINISHED
2025-08-06 19:01:29,325 INFO  [io.api.tes.uti.TestSeparator] (main) ############################################################################
Test passed: testFindLatestDeriveClassProtobufTypeSimpleTopicIdStrategy
]]></system-out>
  </testcase>
  <testcase name="testFindLatestAndUseBody" classname="io.apicurio.tests.serdes.apicurio.ProtobufSerdeIT" time="4.787">
    <system-out><![CDATA[2025-08-06 19:01:29,326 INFO  [io.api.tes.uti.TestSeparator] (main) ############################################################################
2025-08-06 19:01:29,326 INFO  [io.api.tes.uti.TestSeparator] (main) io.apicurio.tests.serdes.apicurio.ProtobufSerdeIT.testFindLatestAndUseBody-STARTED
**** Registry Base URL: http://registry-app-ksql043.apps.ci419.apicurio-testing.org:80
2025-08-06 19:01:30,387 INFO  [org.apa.kaf.cli.pro.ProducerConfig] (main) ProducerConfig values: 
	acks = -1
	auto.include.jmx.reporter = true
	batch.size = 16384
	bootstrap.servers = [PLAINTEXT://localhost:32769]
	buffer.memory = 33554432
	client.dns.lookup = use_all_dns_ips
	client.id = Producer-topic-35dfc5e2_430b_400f_ae3c_ca95ecd2a84e
	compression.gzip.level = -1
	compression.lz4.level = 9
	compression.type = none
	compression.zstd.level = 3
	connections.max.idle.ms = 10000
	delivery.timeout.ms = 120000
	enable.idempotence = true
	enable.metrics.push = true
	interceptor.classes = []
	key.serializer = class org.apache.kafka.common.serialization.StringSerializer
	linger.ms = 0
	max.block.ms = 60000
	max.in.flight.requests.per.connection = 5
	max.request.size = 1048576
	metadata.max.age.ms = 300000
	metadata.max.idle.ms = 300000
	metadata.recovery.strategy = none
	metric.reporters = []
	metrics.num.samples = 2
	metrics.recording.level = INFO
	metrics.sample.window.ms = 30000
	partitioner.adaptive.partitioning.enable = true
	partitioner.availability.timeout.ms = 0
	partitioner.class = null
	partitioner.ignore.keys = false
	receive.buffer.bytes = 32768
	reconnect.backoff.max.ms = 1000
	reconnect.backoff.ms = 50
	request.timeout.ms = 5000
	retries = 2147483647
	retry.backoff.max.ms = 1000
	retry.backoff.ms = 100
	sasl.client.callback.handler.class = null
	sasl.jaas.config = null
	sasl.kerberos.kinit.cmd = /usr/bin/kinit
	sasl.kerberos.min.time.before.relogin = 60000
	sasl.kerberos.service.name = null
	sasl.kerberos.ticket.renew.jitter = 0.05
	sasl.kerberos.ticket.renew.window.factor = 0.8
	sasl.login.callback.handler.class = null
	sasl.login.class = null
	sasl.login.connect.timeout.ms = null
	sasl.login.read.timeout.ms = null
	sasl.login.refresh.buffer.seconds = 300
	sasl.login.refresh.min.period.seconds = 60
	sasl.login.refresh.window.factor = 0.8
	sasl.login.refresh.window.jitter = 0.05
	sasl.login.retry.backoff.max.ms = 10000
	sasl.login.retry.backoff.ms = 100
	sasl.mechanism = GSSAPI
	sasl.oauthbearer.clock.skew.seconds = 30
	sasl.oauthbearer.expected.audience = null
	sasl.oauthbearer.expected.issuer = null
	sasl.oauthbearer.header.urlencode = false
	sasl.oauthbearer.jwks.endpoint.refresh.ms = 3600000
	sasl.oauthbearer.jwks.endpoint.retry.backoff.max.ms = 10000
	sasl.oauthbearer.jwks.endpoint.retry.backoff.ms = 100
	sasl.oauthbearer.jwks.endpoint.url = null
	sasl.oauthbearer.scope.claim.name = scope
	sasl.oauthbearer.sub.claim.name = sub
	sasl.oauthbearer.token.endpoint.url = null
	security.protocol = PLAINTEXT
	security.providers = null
	send.buffer.bytes = 131072
	socket.connection.setup.timeout.max.ms = 30000
	socket.connection.setup.timeout.ms = 10000
	ssl.cipher.suites = null
	ssl.enabled.protocols = [TLSv1.2, TLSv1.3]
	ssl.endpoint.identification.algorithm = https
	ssl.engine.factory.class = null
	ssl.key.password = null
	ssl.keymanager.algorithm = SunX509
	ssl.keystore.certificate.chain = null
	ssl.keystore.key = null
	ssl.keystore.location = null
	ssl.keystore.password = null
	ssl.keystore.type = JKS
	ssl.protocol = TLSv1.3
	ssl.provider = null
	ssl.secure.random.implementation = null
	ssl.trustmanager.algorithm = PKIX
	ssl.truststore.certificates = null
	ssl.truststore.location = null
	ssl.truststore.password = null
	ssl.truststore.type = JKS
	transaction.timeout.ms = 60000
	transactional.id = null
	value.serializer = class io.apicurio.registry.serde.protobuf.ProtobufKafkaSerializer

2025-08-06 19:01:30,388 INFO  [org.apa.kaf.com.tel.int.KafkaMetricsCollector] (main) initializing Kafka metrics collector
2025-08-06 19:01:30,392 INFO  [org.apa.kaf.cli.pro.KafkaProducer] (main) [Producer clientId=Producer-topic-35dfc5e2_430b_400f_ae3c_ca95ecd2a84e] Instantiated an idempotent producer.
2025-08-06 19:01:30,394 INFO  [org.apa.kaf.cli.pro.ProducerConfig] (main) These configurations '[apicurio.registry.find-latest, apicurio.registry.url, apicurio.registry.artifact-resolver-strategy]' were supplied but are not used yet.
2025-08-06 19:01:30,394 INFO  [org.apa.kaf.com.uti.AppInfoParser] (main) Kafka version: 3.9.1
2025-08-06 19:01:30,394 INFO  [org.apa.kaf.com.uti.AppInfoParser] (main) Kafka commitId: f745dfdcee2b9851
2025-08-06 19:01:30,395 INFO  [org.apa.kaf.com.uti.AppInfoParser] (main) Kafka startTimeMs: 1754506890394
2025-08-06 19:01:30,395 INFO  [io.api.tes.ser.api.SimpleSerdesTesterBuilder$SimpleSerdesTester] (main) Using producer configuration: {apicurio.registry.find-latest=true, apicurio.registry.url=http://registry-app-ksql043.apps.ci419.apicurio-testing.org:80/apis/registry/v3, apicurio.registry.artifact-resolver-strategy=io.apicurio.registry.serde.strategy.TopicIdStrategy, value.serializer=io.apicurio.registry.serde.protobuf.ProtobufKafkaSerializer, request.timeout.ms=5000, acks=all, bootstrap.servers=PLAINTEXT://localhost:32769, connections.max.idle.ms=10000, key.serializer=org.apache.kafka.common.serialization.StringSerializer, client.id=Producer-topic-35dfc5e2_430b_400f_ae3c_ca95ecd2a84e}
2025-08-06 19:01:30,395 INFO  [io.api.tes.ser.api.SimpleSerdesTesterBuilder$SimpleSerdesTester] (main) Using consumer configuration: {}
2025-08-06 19:01:30,397 INFO  [io.api.tes.ser.api.KafkaSerdesTester] (Thread-805) Sending message header {
  time {
  }
}
d1: 1.754506890397E12
s1: "a"
i1: 123
bi1: 1
point {
  longitude: 22.0
  latitude: 22.0
  altitude: 1.0
}
 to topic topic-35dfc5e2_430b_400f_ae3c_ca95ecd2a84e
2025-08-06 19:01:30,400 INFO  [org.apa.kaf.cli.Metadata] (kafka-producer-network-thread | Producer-topic-35dfc5e2_430b_400f_ae3c_ca95ecd2a84e) [Producer clientId=Producer-topic-35dfc5e2_430b_400f_ae3c_ca95ecd2a84e] Cluster ID: T8p0IQFNTYSHGQR6rr1wVQ
2025-08-06 19:01:30,402 INFO  [org.apa.kaf.cli.pro.int.TransactionManager] (kafka-producer-network-thread | Producer-topic-35dfc5e2_430b_400f_ae3c_ca95ecd2a84e) [Producer clientId=Producer-topic-35dfc5e2_430b_400f_ae3c_ca95ecd2a84e] ProducerId set to 37 with epoch 0
2025-08-06 19:01:30,475 INFO  [io.api.tes.ser.api.KafkaSerdesTester] (Thread-805) Sending message header {
  time {
  }
}
d1: 1.754506890474E12
s1: "a"
i1: 123
bi1: 1
point {
  longitude: 22.0
  latitude: 22.0
  altitude: 1.0
}
 to topic topic-35dfc5e2_430b_400f_ae3c_ca95ecd2a84e
2025-08-06 19:01:30,479 INFO  [io.api.tes.ser.api.KafkaSerdesTester] (Thread-805) Sending message header {
  time {
  }
}
d1: 1.754506890479E12
s1: "a"
i1: 123
bi1: 1
point {
  longitude: 22.0
  latitude: 22.0
  altitude: 1.0
}
 to topic topic-35dfc5e2_430b_400f_ae3c_ca95ecd2a84e
2025-08-06 19:01:30,481 INFO  [io.api.tes.ser.api.KafkaSerdesTester] (Thread-805) Sending message header {
  time {
  }
}
d1: 1.754506890481E12
s1: "a"
i1: 123
bi1: 1
point {
  longitude: 22.0
  latitude: 22.0
  altitude: 1.0
}
 to topic topic-35dfc5e2_430b_400f_ae3c_ca95ecd2a84e
2025-08-06 19:01:30,484 INFO  [io.api.tes.ser.api.KafkaSerdesTester] (Thread-805) Sending message header {
  time {
  }
}
d1: 1.754506890484E12
s1: "a"
i1: 123
bi1: 1
point {
  longitude: 22.0
  latitude: 22.0
  altitude: 1.0
}
 to topic topic-35dfc5e2_430b_400f_ae3c_ca95ecd2a84e
2025-08-06 19:01:30,486 INFO  [io.api.tes.ser.api.KafkaSerdesTester] (Thread-805) Sending message header {
  time {
  }
}
d1: 1.754506890486E12
s1: "a"
i1: 123
bi1: 1
point {
  longitude: 22.0
  latitude: 22.0
  altitude: 1.0
}
 to topic topic-35dfc5e2_430b_400f_ae3c_ca95ecd2a84e
2025-08-06 19:01:30,490 INFO  [io.api.tes.ser.api.KafkaSerdesTester] (Thread-805) Sending message header {
  time {
  }
}
d1: 1.75450689049E12
s1: "a"
i1: 123
bi1: 1
point {
  longitude: 22.0
  latitude: 22.0
  altitude: 1.0
}
 to topic topic-35dfc5e2_430b_400f_ae3c_ca95ecd2a84e
2025-08-06 19:01:30,493 INFO  [io.api.tes.ser.api.KafkaSerdesTester] (Thread-805) Sending message header {
  time {
  }
}
d1: 1.754506890493E12
s1: "a"
i1: 123
bi1: 1
point {
  longitude: 22.0
  latitude: 22.0
  altitude: 1.0
}
 to topic topic-35dfc5e2_430b_400f_ae3c_ca95ecd2a84e
2025-08-06 19:01:30,496 INFO  [io.api.tes.ser.api.KafkaSerdesTester] (Thread-805) Sending message header {
  time {
  }
}
d1: 1.754506890495E12
s1: "a"
i1: 123
bi1: 1
point {
  longitude: 22.0
  latitude: 22.0
  altitude: 1.0
}
 to topic topic-35dfc5e2_430b_400f_ae3c_ca95ecd2a84e
2025-08-06 19:01:30,497 INFO  [io.api.tes.ser.api.KafkaSerdesTester] (Thread-805) Sending message header {
  time {
  }
}
d1: 1.754506890497E12
s1: "a"
i1: 123
bi1: 1
point {
  longitude: 22.0
  latitude: 22.0
  altitude: 1.0
}
 to topic topic-35dfc5e2_430b_400f_ae3c_ca95ecd2a84e
2025-08-06 19:01:30,499 INFO  [io.api.tes.ser.api.KafkaSerdesTester] (Thread-805) Produced 10 messages
2025-08-06 19:01:30,499 INFO  [org.apa.kaf.cli.pro.KafkaProducer] (Thread-805) [Producer clientId=Producer-topic-35dfc5e2_430b_400f_ae3c_ca95ecd2a84e] Closing the Kafka producer with timeoutMillis = 9223372036854775807 ms.
2025-08-06 19:01:30,501 INFO  [org.apa.kaf.com.met.Metrics] (Thread-805) Metrics scheduler closed
2025-08-06 19:01:30,501 INFO  [org.apa.kaf.com.met.Metrics] (Thread-805) Closing reporter org.apache.kafka.common.metrics.JmxReporter
2025-08-06 19:01:30,501 INFO  [org.apa.kaf.com.met.Metrics] (Thread-805) Closing reporter org.apache.kafka.common.telemetry.internals.ClientTelemetryReporter
2025-08-06 19:01:30,501 INFO  [org.apa.kaf.com.met.Metrics] (Thread-805) Metrics reporters closed
2025-08-06 19:01:30,502 INFO  [org.apa.kaf.com.uti.AppInfoParser] (Thread-805) App info kafka.producer for Producer-topic-35dfc5e2_430b_400f_ae3c_ca95ecd2a84e unregistered
**** Registry Base URL: http://registry-app-ksql043.apps.ci419.apicurio-testing.org:80
2025-08-06 19:01:30,502 INFO  [org.apa.kaf.cli.con.ConsumerConfig] (main) ConsumerConfig values: 
	allow.auto.create.topics = true
	auto.commit.interval.ms = 500
	auto.include.jmx.reporter = true
	auto.offset.reset = earliest
	bootstrap.servers = [PLAINTEXT://localhost:32769]
	check.crcs = true
	client.dns.lookup = use_all_dns_ips
	client.id = consumer-Consumer-topic-35dfc5e2_430b_400f_ae3c_ca95ecd2a84e-29
	client.rack = 
	connections.max.idle.ms = 10000
	default.api.timeout.ms = 60000
	enable.auto.commit = true
	enable.metrics.push = true
	exclude.internal.topics = true
	fetch.max.bytes = 52428800
	fetch.max.wait.ms = 500
	fetch.min.bytes = 1
	group.id = Consumer-topic-35dfc5e2_430b_400f_ae3c_ca95ecd2a84e
	group.instance.id = null
	group.protocol = classic
	group.remote.assignor = null
	heartbeat.interval.ms = 3000
	interceptor.classes = []
	internal.leave.group.on.close = true
	internal.throw.on.fetch.stable.offset.unsupported = false
	isolation.level = read_uncommitted
	key.deserializer = class org.apache.kafka.common.serialization.StringDeserializer
	max.partition.fetch.bytes = 1048576
	max.poll.interval.ms = 300000
	max.poll.records = 500
	metadata.max.age.ms = 300000
	metadata.recovery.strategy = none
	metric.reporters = []
	metrics.num.samples = 2
	metrics.recording.level = INFO
	metrics.sample.window.ms = 30000
	partition.assignment.strategy = [class org.apache.kafka.clients.consumer.RangeAssignor, class org.apache.kafka.clients.consumer.CooperativeStickyAssignor]
	receive.buffer.bytes = 65536
	reconnect.backoff.max.ms = 1000
	reconnect.backoff.ms = 50
	request.timeout.ms = 5000
	retry.backoff.max.ms = 1000
	retry.backoff.ms = 100
	sasl.client.callback.handler.class = null
	sasl.jaas.config = null
	sasl.kerberos.kinit.cmd = /usr/bin/kinit
	sasl.kerberos.min.time.before.relogin = 60000
	sasl.kerberos.service.name = null
	sasl.kerberos.ticket.renew.jitter = 0.05
	sasl.kerberos.ticket.renew.window.factor = 0.8
	sasl.login.callback.handler.class = null
	sasl.login.class = null
	sasl.login.connect.timeout.ms = null
	sasl.login.read.timeout.ms = null
	sasl.login.refresh.buffer.seconds = 300
	sasl.login.refresh.min.period.seconds = 60
	sasl.login.refresh.window.factor = 0.8
	sasl.login.refresh.window.jitter = 0.05
	sasl.login.retry.backoff.max.ms = 10000
	sasl.login.retry.backoff.ms = 100
	sasl.mechanism = GSSAPI
	sasl.oauthbearer.clock.skew.seconds = 30
	sasl.oauthbearer.expected.audience = null
	sasl.oauthbearer.expected.issuer = null
	sasl.oauthbearer.header.urlencode = false
	sasl.oauthbearer.jwks.endpoint.refresh.ms = 3600000
	sasl.oauthbearer.jwks.endpoint.retry.backoff.max.ms = 10000
	sasl.oauthbearer.jwks.endpoint.retry.backoff.ms = 100
	sasl.oauthbearer.jwks.endpoint.url = null
	sasl.oauthbearer.scope.claim.name = scope
	sasl.oauthbearer.sub.claim.name = sub
	sasl.oauthbearer.token.endpoint.url = null
	security.protocol = PLAINTEXT
	security.providers = null
	send.buffer.bytes = 131072
	session.timeout.ms = 45000
	socket.connection.setup.timeout.max.ms = 30000
	socket.connection.setup.timeout.ms = 10000
	ssl.cipher.suites = null
	ssl.enabled.protocols = [TLSv1.2, TLSv1.3]
	ssl.endpoint.identification.algorithm = https
	ssl.engine.factory.class = null
	ssl.key.password = null
	ssl.keymanager.algorithm = SunX509
	ssl.keystore.certificate.chain = null
	ssl.keystore.key = null
	ssl.keystore.location = null
	ssl.keystore.password = null
	ssl.keystore.type = JKS
	ssl.protocol = TLSv1.3
	ssl.provider = null
	ssl.secure.random.implementation = null
	ssl.trustmanager.algorithm = PKIX
	ssl.truststore.certificates = null
	ssl.truststore.location = null
	ssl.truststore.password = null
	ssl.truststore.type = JKS
	value.deserializer = class io.apicurio.registry.serde.protobuf.ProtobufKafkaDeserializer

2025-08-06 19:01:30,502 INFO  [org.apa.kaf.com.tel.int.KafkaMetricsCollector] (main) initializing Kafka metrics collector
2025-08-06 19:01:30,513 INFO  [org.apa.kaf.cli.con.ConsumerConfig] (main) These configurations '[apicurio.registry.url]' were supplied but are not used yet.
2025-08-06 19:01:30,513 INFO  [org.apa.kaf.com.uti.AppInfoParser] (main) Kafka version: 3.9.1
2025-08-06 19:01:30,513 INFO  [org.apa.kaf.com.uti.AppInfoParser] (main) Kafka commitId: f745dfdcee2b9851
2025-08-06 19:01:30,513 INFO  [org.apa.kaf.com.uti.AppInfoParser] (main) Kafka startTimeMs: 1754506890513
2025-08-06 19:01:30,513 INFO  [org.apa.kaf.cli.con.int.ClassicKafkaConsumer] (Thread-808) [Consumer clientId=consumer-Consumer-topic-35dfc5e2_430b_400f_ae3c_ca95ecd2a84e-29, groupId=Consumer-topic-35dfc5e2_430b_400f_ae3c_ca95ecd2a84e] Subscribed to topic(s): topic-35dfc5e2_430b_400f_ae3c_ca95ecd2a84e
2025-08-06 19:01:30,520 INFO  [org.apa.kaf.cli.Metadata] (Thread-808) [Consumer clientId=consumer-Consumer-topic-35dfc5e2_430b_400f_ae3c_ca95ecd2a84e-29, groupId=Consumer-topic-35dfc5e2_430b_400f_ae3c_ca95ecd2a84e] Cluster ID: T8p0IQFNTYSHGQR6rr1wVQ
2025-08-06 19:01:30,520 INFO  [org.apa.kaf.cli.con.int.ConsumerCoordinator] (Thread-808) [Consumer clientId=consumer-Consumer-topic-35dfc5e2_430b_400f_ae3c_ca95ecd2a84e-29, groupId=Consumer-topic-35dfc5e2_430b_400f_ae3c_ca95ecd2a84e] Discovered group coordinator localhost:32769 (id: 2147483647 rack: null)
2025-08-06 19:01:30,529 INFO  [org.apa.kaf.cli.con.int.ConsumerCoordinator] (Thread-808) [Consumer clientId=consumer-Consumer-topic-35dfc5e2_430b_400f_ae3c_ca95ecd2a84e-29, groupId=Consumer-topic-35dfc5e2_430b_400f_ae3c_ca95ecd2a84e] (Re-)joining group
2025-08-06 19:01:30,537 INFO  [org.apa.kaf.cli.con.int.ConsumerCoordinator] (Thread-808) [Consumer clientId=consumer-Consumer-topic-35dfc5e2_430b_400f_ae3c_ca95ecd2a84e-29, groupId=Consumer-topic-35dfc5e2_430b_400f_ae3c_ca95ecd2a84e] Request joining group due to: need to re-join with the given member-id: consumer-Consumer-topic-35dfc5e2_430b_400f_ae3c_ca95ecd2a84e-29-1d0d4eea-72c0-44b6-b921-4e6e05a33ec8
2025-08-06 19:01:30,537 INFO  [org.apa.kaf.cli.con.int.ConsumerCoordinator] (Thread-808) [Consumer clientId=consumer-Consumer-topic-35dfc5e2_430b_400f_ae3c_ca95ecd2a84e-29, groupId=Consumer-topic-35dfc5e2_430b_400f_ae3c_ca95ecd2a84e] (Re-)joining group
2025-08-06 19:01:31,514 INFO  [io.api.tes.ser.api.KafkaSerdesTester] (Thread-808) None found
2025-08-06 19:01:32,514 INFO  [io.api.tes.ser.api.KafkaSerdesTester] (Thread-808) None found
2025-08-06 19:01:33,515 INFO  [io.api.tes.ser.api.KafkaSerdesTester] (Thread-808) None found
2025-08-06 19:01:33,540 INFO  [org.apa.kaf.cli.con.int.ConsumerCoordinator] (Thread-808) [Consumer clientId=consumer-Consumer-topic-35dfc5e2_430b_400f_ae3c_ca95ecd2a84e-29, groupId=Consumer-topic-35dfc5e2_430b_400f_ae3c_ca95ecd2a84e] Successfully joined group with generation Generation{generationId=1, memberId='consumer-Consumer-topic-35dfc5e2_430b_400f_ae3c_ca95ecd2a84e-29-1d0d4eea-72c0-44b6-b921-4e6e05a33ec8', protocol='range'}
2025-08-06 19:01:33,541 INFO  [org.apa.kaf.cli.con.int.ConsumerCoordinator] (Thread-808) [Consumer clientId=consumer-Consumer-topic-35dfc5e2_430b_400f_ae3c_ca95ecd2a84e-29, groupId=Consumer-topic-35dfc5e2_430b_400f_ae3c_ca95ecd2a84e] Finished assignment for group at generation 1: {consumer-Consumer-topic-35dfc5e2_430b_400f_ae3c_ca95ecd2a84e-29-1d0d4eea-72c0-44b6-b921-4e6e05a33ec8=Assignment(partitions=[topic-35dfc5e2_430b_400f_ae3c_ca95ecd2a84e-0])}
2025-08-06 19:01:33,547 INFO  [org.apa.kaf.cli.con.int.ConsumerCoordinator] (Thread-808) [Consumer clientId=consumer-Consumer-topic-35dfc5e2_430b_400f_ae3c_ca95ecd2a84e-29, groupId=Consumer-topic-35dfc5e2_430b_400f_ae3c_ca95ecd2a84e] Successfully synced group in generation Generation{generationId=1, memberId='consumer-Consumer-topic-35dfc5e2_430b_400f_ae3c_ca95ecd2a84e-29-1d0d4eea-72c0-44b6-b921-4e6e05a33ec8', protocol='range'}
2025-08-06 19:01:33,548 INFO  [org.apa.kaf.cli.con.int.ConsumerCoordinator] (Thread-808) [Consumer clientId=consumer-Consumer-topic-35dfc5e2_430b_400f_ae3c_ca95ecd2a84e-29, groupId=Consumer-topic-35dfc5e2_430b_400f_ae3c_ca95ecd2a84e] Notifying assignor about the new Assignment(partitions=[topic-35dfc5e2_430b_400f_ae3c_ca95ecd2a84e-0])
2025-08-06 19:01:33,548 INFO  [org.apa.kaf.cli.con.int.ConsumerRebalanceListenerInvoker] (Thread-808) [Consumer clientId=consumer-Consumer-topic-35dfc5e2_430b_400f_ae3c_ca95ecd2a84e-29, groupId=Consumer-topic-35dfc5e2_430b_400f_ae3c_ca95ecd2a84e] Adding newly assigned partitions: topic-35dfc5e2_430b_400f_ae3c_ca95ecd2a84e-0
2025-08-06 19:01:33,548 INFO  [org.apa.kaf.cli.con.int.ConsumerCoordinator] (Thread-808) [Consumer clientId=consumer-Consumer-topic-35dfc5e2_430b_400f_ae3c_ca95ecd2a84e-29, groupId=Consumer-topic-35dfc5e2_430b_400f_ae3c_ca95ecd2a84e] Found no committed offset for partition topic-35dfc5e2_430b_400f_ae3c_ca95ecd2a84e-0
2025-08-06 19:01:33,553 INFO  [org.apa.kaf.cli.con.int.SubscriptionState] (Thread-808) [Consumer clientId=consumer-Consumer-topic-35dfc5e2_430b_400f_ae3c_ca95ecd2a84e-29, groupId=Consumer-topic-35dfc5e2_430b_400f_ae3c_ca95ecd2a84e] Resetting offset for partition topic-35dfc5e2_430b_400f_ae3c_ca95ecd2a84e-0 to position FetchPosition{offset=0, offsetEpoch=Optional.empty, currentLeader=LeaderAndEpoch{leader=Optional[localhost:32769 (id: 0 rack: null)], epoch=0}}.
2025-08-06 19:01:33,605 INFO  [io.api.tes.ser.api.KafkaSerdesTester] (Thread-808) topic-35dfc5e2_430b_400f_ae3c_ca95ecd2a84e 0 0 header {
  time {
  }
}
d1: 1.754506890397E12
s1: "a"
i1: 123
bi1: 1
point {
  longitude: 22.0
  latitude: 22.0
  altitude: 1.0
}

2025-08-06 19:01:33,605 INFO  [io.api.tes.ser.api.KafkaSerdesTester] (Thread-808) topic-35dfc5e2_430b_400f_ae3c_ca95ecd2a84e 0 1 header {
  time {
  }
}
d1: 1.754506890474E12
s1: "a"
i1: 123
bi1: 1
point {
  longitude: 22.0
  latitude: 22.0
  altitude: 1.0
}

2025-08-06 19:01:33,605 INFO  [io.api.tes.ser.api.KafkaSerdesTester] (Thread-808) topic-35dfc5e2_430b_400f_ae3c_ca95ecd2a84e 0 2 header {
  time {
  }
}
d1: 1.754506890479E12
s1: "a"
i1: 123
bi1: 1
point {
  longitude: 22.0
  latitude: 22.0
  altitude: 1.0
}

2025-08-06 19:01:33,605 INFO  [io.api.tes.ser.api.KafkaSerdesTester] (Thread-808) topic-35dfc5e2_430b_400f_ae3c_ca95ecd2a84e 0 3 header {
  time {
  }
}
d1: 1.754506890481E12
s1: "a"
i1: 123
bi1: 1
point {
  longitude: 22.0
  latitude: 22.0
  altitude: 1.0
}

2025-08-06 19:01:33,605 INFO  [io.api.tes.ser.api.KafkaSerdesTester] (Thread-808) topic-35dfc5e2_430b_400f_ae3c_ca95ecd2a84e 0 4 header {
  time {
  }
}
d1: 1.754506890484E12
s1: "a"
i1: 123
bi1: 1
point {
  longitude: 22.0
  latitude: 22.0
  altitude: 1.0
}

2025-08-06 19:01:33,605 INFO  [io.api.tes.ser.api.KafkaSerdesTester] (Thread-808) topic-35dfc5e2_430b_400f_ae3c_ca95ecd2a84e 0 5 header {
  time {
  }
}
d1: 1.754506890486E12
s1: "a"
i1: 123
bi1: 1
point {
  longitude: 22.0
  latitude: 22.0
  altitude: 1.0
}

2025-08-06 19:01:33,605 INFO  [io.api.tes.ser.api.KafkaSerdesTester] (Thread-808) topic-35dfc5e2_430b_400f_ae3c_ca95ecd2a84e 0 6 header {
  time {
  }
}
d1: 1.75450689049E12
s1: "a"
i1: 123
bi1: 1
point {
  longitude: 22.0
  latitude: 22.0
  altitude: 1.0
}

2025-08-06 19:01:33,605 INFO  [io.api.tes.ser.api.KafkaSerdesTester] (Thread-808) topic-35dfc5e2_430b_400f_ae3c_ca95ecd2a84e 0 7 header {
  time {
  }
}
d1: 1.754506890493E12
s1: "a"
i1: 123
bi1: 1
point {
  longitude: 22.0
  latitude: 22.0
  altitude: 1.0
}

2025-08-06 19:01:33,605 INFO  [io.api.tes.ser.api.KafkaSerdesTester] (Thread-808) topic-35dfc5e2_430b_400f_ae3c_ca95ecd2a84e 0 8 header {
  time {
  }
}
d1: 1.754506890495E12
s1: "a"
i1: 123
bi1: 1
point {
  longitude: 22.0
  latitude: 22.0
  altitude: 1.0
}

2025-08-06 19:01:33,605 INFO  [io.api.tes.ser.api.KafkaSerdesTester] (Thread-808) topic-35dfc5e2_430b_400f_ae3c_ca95ecd2a84e 0 9 header {
  time {
  }
}
d1: 1.754506890497E12
s1: "a"
i1: 123
bi1: 1
point {
  longitude: 22.0
  latitude: 22.0
  altitude: 1.0
}

2025-08-06 19:01:33,606 INFO  [io.api.tes.ser.api.KafkaSerdesTester] (Thread-808) Consumed 10 messages
2025-08-06 19:01:33,619 INFO  [org.apa.kaf.cli.con.int.ConsumerRebalanceListenerInvoker] (Thread-808) [Consumer clientId=consumer-Consumer-topic-35dfc5e2_430b_400f_ae3c_ca95ecd2a84e-29, groupId=Consumer-topic-35dfc5e2_430b_400f_ae3c_ca95ecd2a84e] Revoke previously assigned partitions topic-35dfc5e2_430b_400f_ae3c_ca95ecd2a84e-0
2025-08-06 19:01:33,619 INFO  [org.apa.kaf.cli.con.int.ConsumerCoordinator] (Thread-808) [Consumer clientId=consumer-Consumer-topic-35dfc5e2_430b_400f_ae3c_ca95ecd2a84e-29, groupId=Consumer-topic-35dfc5e2_430b_400f_ae3c_ca95ecd2a84e] Member consumer-Consumer-topic-35dfc5e2_430b_400f_ae3c_ca95ecd2a84e-29-1d0d4eea-72c0-44b6-b921-4e6e05a33ec8 sending LeaveGroup request to coordinator localhost:32769 (id: 2147483647 rack: null) due to the consumer is being closed
2025-08-06 19:01:33,619 INFO  [org.apa.kaf.cli.con.int.ConsumerCoordinator] (Thread-808) [Consumer clientId=consumer-Consumer-topic-35dfc5e2_430b_400f_ae3c_ca95ecd2a84e-29, groupId=Consumer-topic-35dfc5e2_430b_400f_ae3c_ca95ecd2a84e] Resetting generation and member id due to: consumer pro-actively leaving the group
2025-08-06 19:01:33,619 INFO  [org.apa.kaf.cli.con.int.ConsumerCoordinator] (Thread-808) [Consumer clientId=consumer-Consumer-topic-35dfc5e2_430b_400f_ae3c_ca95ecd2a84e-29, groupId=Consumer-topic-35dfc5e2_430b_400f_ae3c_ca95ecd2a84e] Request joining group due to: consumer pro-actively leaving the group
2025-08-06 19:01:34,108 INFO  [org.apa.kaf.com.met.Metrics] (Thread-808) Metrics scheduler closed
2025-08-06 19:01:34,108 INFO  [org.apa.kaf.com.met.Metrics] (Thread-808) Closing reporter org.apache.kafka.common.metrics.JmxReporter
2025-08-06 19:01:34,108 INFO  [org.apa.kaf.com.met.Metrics] (Thread-808) Closing reporter org.apache.kafka.common.telemetry.internals.ClientTelemetryReporter
2025-08-06 19:01:34,108 INFO  [org.apa.kaf.com.met.Metrics] (Thread-808) Metrics reporters closed
2025-08-06 19:01:34,111 INFO  [org.apa.kaf.com.uti.AppInfoParser] (Thread-808) App info kafka.consumer for consumer-Consumer-topic-35dfc5e2_430b_400f_ae3c_ca95ecd2a84e-29 unregistered
2025-08-06 19:01:34,111 INFO  [io.api.tes.uti.TestSeparator] (main) io.apicurio.tests.serdes.apicurio.ProtobufSerdeIT.testFindLatestAndUseBody-FINISHED
2025-08-06 19:01:34,111 INFO  [io.api.tes.uti.TestSeparator] (main) ############################################################################
Test passed: testFindLatestAndUseBody
]]></system-out>
  </testcase>
  <testcase name="testConsumeDynamicMessage" classname="io.apicurio.tests.serdes.apicurio.ProtobufSerdeIT" time="1.071">
    <system-out><![CDATA[2025-08-06 19:01:34,114 INFO  [io.api.tes.uti.TestSeparator] (main) ############################################################################
2025-08-06 19:01:34,114 INFO  [io.api.tes.uti.TestSeparator] (main) io.apicurio.tests.serdes.apicurio.ProtobufSerdeIT.testConsumeDynamicMessage-STARTED
2025-08-06 19:01:35,182 INFO  [io.api.tes.uti.TestSeparator] (main) io.apicurio.tests.serdes.apicurio.ProtobufSerdeIT.testConsumeDynamicMessage-FINISHED
2025-08-06 19:01:35,182 INFO  [io.api.tes.uti.TestSeparator] (main) ############################################################################
Test passed: testConsumeDynamicMessage
]]></system-out>
  </testcase>
  <testcase name="testAutoRegisterDynamicMessageProtobufType" classname="io.apicurio.tests.serdes.apicurio.ProtobufSerdeIT" time="4.119">
    <system-out><![CDATA[2025-08-06 19:01:35,184 INFO  [io.api.tes.uti.TestSeparator] (main) ############################################################################
2025-08-06 19:01:35,184 INFO  [io.api.tes.uti.TestSeparator] (main) io.apicurio.tests.serdes.apicurio.ProtobufSerdeIT.testAutoRegisterDynamicMessageProtobufType-STARTED
**** Registry Base URL: http://registry-app-ksql043.apps.ci419.apicurio-testing.org:80
2025-08-06 19:01:35,186 INFO  [org.apa.kaf.cli.pro.ProducerConfig] (main) ProducerConfig values: 
	acks = -1
	auto.include.jmx.reporter = true
	batch.size = 16384
	bootstrap.servers = [PLAINTEXT://localhost:32769]
	buffer.memory = 33554432
	client.dns.lookup = use_all_dns_ips
	client.id = Producer-topic-9765b975_9165_467b_9ccb_4f714debc7cd
	compression.gzip.level = -1
	compression.lz4.level = 9
	compression.type = none
	compression.zstd.level = 3
	connections.max.idle.ms = 10000
	delivery.timeout.ms = 120000
	enable.idempotence = true
	enable.metrics.push = true
	interceptor.classes = []
	key.serializer = class org.apache.kafka.common.serialization.StringSerializer
	linger.ms = 0
	max.block.ms = 60000
	max.in.flight.requests.per.connection = 5
	max.request.size = 1048576
	metadata.max.age.ms = 300000
	metadata.max.idle.ms = 300000
	metadata.recovery.strategy = none
	metric.reporters = []
	metrics.num.samples = 2
	metrics.recording.level = INFO
	metrics.sample.window.ms = 30000
	partitioner.adaptive.partitioning.enable = true
	partitioner.availability.timeout.ms = 0
	partitioner.class = null
	partitioner.ignore.keys = false
	receive.buffer.bytes = 32768
	reconnect.backoff.max.ms = 1000
	reconnect.backoff.ms = 50
	request.timeout.ms = 5000
	retries = 2147483647
	retry.backoff.max.ms = 1000
	retry.backoff.ms = 100
	sasl.client.callback.handler.class = null
	sasl.jaas.config = null
	sasl.kerberos.kinit.cmd = /usr/bin/kinit
	sasl.kerberos.min.time.before.relogin = 60000
	sasl.kerberos.service.name = null
	sasl.kerberos.ticket.renew.jitter = 0.05
	sasl.kerberos.ticket.renew.window.factor = 0.8
	sasl.login.callback.handler.class = null
	sasl.login.class = null
	sasl.login.connect.timeout.ms = null
	sasl.login.read.timeout.ms = null
	sasl.login.refresh.buffer.seconds = 300
	sasl.login.refresh.min.period.seconds = 60
	sasl.login.refresh.window.factor = 0.8
	sasl.login.refresh.window.jitter = 0.05
	sasl.login.retry.backoff.max.ms = 10000
	sasl.login.retry.backoff.ms = 100
	sasl.mechanism = GSSAPI
	sasl.oauthbearer.clock.skew.seconds = 30
	sasl.oauthbearer.expected.audience = null
	sasl.oauthbearer.expected.issuer = null
	sasl.oauthbearer.header.urlencode = false
	sasl.oauthbearer.jwks.endpoint.refresh.ms = 3600000
	sasl.oauthbearer.jwks.endpoint.retry.backoff.max.ms = 10000
	sasl.oauthbearer.jwks.endpoint.retry.backoff.ms = 100
	sasl.oauthbearer.jwks.endpoint.url = null
	sasl.oauthbearer.scope.claim.name = scope
	sasl.oauthbearer.sub.claim.name = sub
	sasl.oauthbearer.token.endpoint.url = null
	security.protocol = PLAINTEXT
	security.providers = null
	send.buffer.bytes = 131072
	socket.connection.setup.timeout.max.ms = 30000
	socket.connection.setup.timeout.ms = 10000
	ssl.cipher.suites = null
	ssl.enabled.protocols = [TLSv1.2, TLSv1.3]
	ssl.endpoint.identification.algorithm = https
	ssl.engine.factory.class = null
	ssl.key.password = null
	ssl.keymanager.algorithm = SunX509
	ssl.keystore.certificate.chain = null
	ssl.keystore.key = null
	ssl.keystore.location = null
	ssl.keystore.password = null
	ssl.keystore.type = JKS
	ssl.protocol = TLSv1.3
	ssl.provider = null
	ssl.secure.random.implementation = null
	ssl.trustmanager.algorithm = PKIX
	ssl.truststore.certificates = null
	ssl.truststore.location = null
	ssl.truststore.password = null
	ssl.truststore.type = JKS
	transaction.timeout.ms = 60000
	transactional.id = null
	value.serializer = class io.apicurio.registry.serde.protobuf.ProtobufKafkaSerializer

2025-08-06 19:01:35,186 INFO  [org.apa.kaf.com.tel.int.KafkaMetricsCollector] (main) initializing Kafka metrics collector
2025-08-06 19:01:35,191 INFO  [org.apa.kaf.cli.pro.KafkaProducer] (main) [Producer clientId=Producer-topic-9765b975_9165_467b_9ccb_4f714debc7cd] Instantiated an idempotent producer.
2025-08-06 19:01:35,192 INFO  [org.apa.kaf.cli.pro.ProducerConfig] (main) These configurations '[apicurio.registry.url, apicurio.registry.auto-register, apicurio.registry.artifact-resolver-strategy]' were supplied but are not used yet.
2025-08-06 19:01:35,192 INFO  [org.apa.kaf.com.uti.AppInfoParser] (main) Kafka version: 3.9.1
2025-08-06 19:01:35,192 INFO  [org.apa.kaf.com.uti.AppInfoParser] (main) Kafka commitId: f745dfdcee2b9851
2025-08-06 19:01:35,192 INFO  [org.apa.kaf.com.uti.AppInfoParser] (main) Kafka startTimeMs: 1754506895192
2025-08-06 19:01:35,194 INFO  [io.api.tes.ser.api.SimpleSerdesTesterBuilder$SimpleSerdesTester] (main) Using producer configuration: {apicurio.registry.url=http://registry-app-ksql043.apps.ci419.apicurio-testing.org:80/apis/registry/v3, apicurio.registry.auto-register=true, apicurio.registry.artifact-resolver-strategy=io.apicurio.registry.serde.strategy.TopicIdStrategy, value.serializer=io.apicurio.registry.serde.protobuf.ProtobufKafkaSerializer, request.timeout.ms=5000, acks=all, bootstrap.servers=PLAINTEXT://localhost:32769, connections.max.idle.ms=10000, key.serializer=org.apache.kafka.common.serialization.StringSerializer, client.id=Producer-topic-9765b975_9165_467b_9ccb_4f714debc7cd}
2025-08-06 19:01:35,194 INFO  [io.api.tes.ser.api.SimpleSerdesTesterBuilder$SimpleSerdesTester] (main) Using consumer configuration: {apicurio.registry.deserializer.value.return-class=com.google.protobuf.DynamicMessage}
2025-08-06 19:01:35,195 INFO  [io.api.tes.ser.api.KafkaSerdesTester] (Thread-811) Sending message header {
  time {
  }
}
d1: 1.754506895195E12
s1: "a"
i1: 123
bi1: 1
point {
  longitude: 22.0
  latitude: 22.0
  altitude: 1.0
}
 to topic topic-9765b975_9165_467b_9ccb_4f714debc7cd
2025-08-06 19:01:35,197 WARN  [org.apa.kaf.cli.NetworkClient] (kafka-producer-network-thread | Producer-topic-9765b975_9165_467b_9ccb_4f714debc7cd) [Producer clientId=Producer-topic-9765b975_9165_467b_9ccb_4f714debc7cd] The metadata response from the cluster reported a recoverable issue with correlation id 1 : {topic-9765b975_9165_467b_9ccb_4f714debc7cd=UNKNOWN_TOPIC_OR_PARTITION}
2025-08-06 19:01:35,197 INFO  [org.apa.kaf.cli.Metadata] (kafka-producer-network-thread | Producer-topic-9765b975_9165_467b_9ccb_4f714debc7cd) [Producer clientId=Producer-topic-9765b975_9165_467b_9ccb_4f714debc7cd] Cluster ID: T8p0IQFNTYSHGQR6rr1wVQ
2025-08-06 19:01:35,198 INFO  [org.apa.kaf.cli.pro.int.TransactionManager] (kafka-producer-network-thread | Producer-topic-9765b975_9165_467b_9ccb_4f714debc7cd) [Producer clientId=Producer-topic-9765b975_9165_467b_9ccb_4f714debc7cd] ProducerId set to 38 with epoch 0
2025-08-06 19:01:35,404 INFO  [io.api.tes.ser.api.KafkaSerdesTester] (Thread-811) Sending message header {
  time {
  }
}
d1: 1.754506895403E12
s1: "a"
i1: 123
bi1: 1
point {
  longitude: 22.0
  latitude: 22.0
  altitude: 1.0
}
 to topic topic-9765b975_9165_467b_9ccb_4f714debc7cd
2025-08-06 19:01:35,435 INFO  [io.api.tes.ser.api.KafkaSerdesTester] (Thread-811) Sending message header {
  time {
  }
}
d1: 1.754506895435E12
s1: "a"
i1: 123
bi1: 1
point {
  longitude: 22.0
  latitude: 22.0
  altitude: 1.0
}
 to topic topic-9765b975_9165_467b_9ccb_4f714debc7cd
2025-08-06 19:01:35,464 INFO  [io.api.tes.ser.api.KafkaSerdesTester] (Thread-811) Sending message header {
  time {
  }
}
d1: 1.754506895463E12
s1: "a"
i1: 123
bi1: 1
point {
  longitude: 22.0
  latitude: 22.0
  altitude: 1.0
}
 to topic topic-9765b975_9165_467b_9ccb_4f714debc7cd
2025-08-06 19:01:35,496 INFO  [io.api.tes.ser.api.KafkaSerdesTester] (Thread-811) Sending message header {
  time {
  }
}
d1: 1.754506895496E12
s1: "a"
i1: 123
bi1: 1
point {
  longitude: 22.0
  latitude: 22.0
  altitude: 1.0
}
 to topic topic-9765b975_9165_467b_9ccb_4f714debc7cd
2025-08-06 19:01:35,526 INFO  [io.api.tes.ser.api.KafkaSerdesTester] (Thread-811) Sending message header {
  time {
  }
}
d1: 1.754506895526E12
s1: "a"
i1: 123
bi1: 1
point {
  longitude: 22.0
  latitude: 22.0
  altitude: 1.0
}
 to topic topic-9765b975_9165_467b_9ccb_4f714debc7cd
2025-08-06 19:01:35,556 INFO  [io.api.tes.ser.api.KafkaSerdesTester] (Thread-811) Sending message header {
  time {
  }
}
d1: 1.754506895556E12
s1: "a"
i1: 123
bi1: 1
point {
  longitude: 22.0
  latitude: 22.0
  altitude: 1.0
}
 to topic topic-9765b975_9165_467b_9ccb_4f714debc7cd
2025-08-06 19:01:35,585 INFO  [io.api.tes.ser.api.KafkaSerdesTester] (Thread-811) Sending message header {
  time {
  }
}
d1: 1.754506895585E12
s1: "a"
i1: 123
bi1: 1
point {
  longitude: 22.0
  latitude: 22.0
  altitude: 1.0
}
 to topic topic-9765b975_9165_467b_9ccb_4f714debc7cd
2025-08-06 19:01:35,619 INFO  [io.api.tes.ser.api.KafkaSerdesTester] (Thread-811) Sending message header {
  time {
  }
}
d1: 1.754506895619E12
s1: "a"
i1: 123
bi1: 1
point {
  longitude: 22.0
  latitude: 22.0
  altitude: 1.0
}
 to topic topic-9765b975_9165_467b_9ccb_4f714debc7cd
2025-08-06 19:01:35,650 INFO  [io.api.tes.ser.api.KafkaSerdesTester] (Thread-811) Sending message header {
  time {
  }
}
d1: 1.75450689565E12
s1: "a"
i1: 123
bi1: 1
point {
  longitude: 22.0
  latitude: 22.0
  altitude: 1.0
}
 to topic topic-9765b975_9165_467b_9ccb_4f714debc7cd
2025-08-06 19:01:35,682 INFO  [io.api.tes.ser.api.KafkaSerdesTester] (Thread-811) Produced 10 messages
2025-08-06 19:01:35,682 INFO  [org.apa.kaf.cli.pro.KafkaProducer] (Thread-811) [Producer clientId=Producer-topic-9765b975_9165_467b_9ccb_4f714debc7cd] Closing the Kafka producer with timeoutMillis = 9223372036854775807 ms.
2025-08-06 19:01:35,683 INFO  [org.apa.kaf.com.met.Metrics] (Thread-811) Metrics scheduler closed
2025-08-06 19:01:35,683 INFO  [org.apa.kaf.com.met.Metrics] (Thread-811) Closing reporter org.apache.kafka.common.metrics.JmxReporter
2025-08-06 19:01:35,683 INFO  [org.apa.kaf.com.met.Metrics] (Thread-811) Closing reporter org.apache.kafka.common.telemetry.internals.ClientTelemetryReporter
2025-08-06 19:01:35,683 INFO  [org.apa.kaf.com.met.Metrics] (Thread-811) Metrics reporters closed
2025-08-06 19:01:35,684 INFO  [org.apa.kaf.com.uti.AppInfoParser] (Thread-811) App info kafka.producer for Producer-topic-9765b975_9165_467b_9ccb_4f714debc7cd unregistered
**** Registry Base URL: http://registry-app-ksql043.apps.ci419.apicurio-testing.org:80
2025-08-06 19:01:35,701 INFO  [org.apa.kaf.cli.con.ConsumerConfig] (main) ConsumerConfig values: 
	allow.auto.create.topics = true
	auto.commit.interval.ms = 500
	auto.include.jmx.reporter = true
	auto.offset.reset = earliest
	bootstrap.servers = [PLAINTEXT://localhost:32769]
	check.crcs = true
	client.dns.lookup = use_all_dns_ips
	client.id = consumer-Consumer-topic-9765b975_9165_467b_9ccb_4f714debc7cd-30
	client.rack = 
	connections.max.idle.ms = 10000
	default.api.timeout.ms = 60000
	enable.auto.commit = true
	enable.metrics.push = true
	exclude.internal.topics = true
	fetch.max.bytes = 52428800
	fetch.max.wait.ms = 500
	fetch.min.bytes = 1
	group.id = Consumer-topic-9765b975_9165_467b_9ccb_4f714debc7cd
	group.instance.id = null
	group.protocol = classic
	group.remote.assignor = null
	heartbeat.interval.ms = 3000
	interceptor.classes = []
	internal.leave.group.on.close = true
	internal.throw.on.fetch.stable.offset.unsupported = false
	isolation.level = read_uncommitted
	key.deserializer = class org.apache.kafka.common.serialization.StringDeserializer
	max.partition.fetch.bytes = 1048576
	max.poll.interval.ms = 300000
	max.poll.records = 500
	metadata.max.age.ms = 300000
	metadata.recovery.strategy = none
	metric.reporters = []
	metrics.num.samples = 2
	metrics.recording.level = INFO
	metrics.sample.window.ms = 30000
	partition.assignment.strategy = [class org.apache.kafka.clients.consumer.RangeAssignor, class org.apache.kafka.clients.consumer.CooperativeStickyAssignor]
	receive.buffer.bytes = 65536
	reconnect.backoff.max.ms = 1000
	reconnect.backoff.ms = 50
	request.timeout.ms = 5000
	retry.backoff.max.ms = 1000
	retry.backoff.ms = 100
	sasl.client.callback.handler.class = null
	sasl.jaas.config = null
	sasl.kerberos.kinit.cmd = /usr/bin/kinit
	sasl.kerberos.min.time.before.relogin = 60000
	sasl.kerberos.service.name = null
	sasl.kerberos.ticket.renew.jitter = 0.05
	sasl.kerberos.ticket.renew.window.factor = 0.8
	sasl.login.callback.handler.class = null
	sasl.login.class = null
	sasl.login.connect.timeout.ms = null
	sasl.login.read.timeout.ms = null
	sasl.login.refresh.buffer.seconds = 300
	sasl.login.refresh.min.period.seconds = 60
	sasl.login.refresh.window.factor = 0.8
	sasl.login.refresh.window.jitter = 0.05
	sasl.login.retry.backoff.max.ms = 10000
	sasl.login.retry.backoff.ms = 100
	sasl.mechanism = GSSAPI
	sasl.oauthbearer.clock.skew.seconds = 30
	sasl.oauthbearer.expected.audience = null
	sasl.oauthbearer.expected.issuer = null
	sasl.oauthbearer.header.urlencode = false
	sasl.oauthbearer.jwks.endpoint.refresh.ms = 3600000
	sasl.oauthbearer.jwks.endpoint.retry.backoff.max.ms = 10000
	sasl.oauthbearer.jwks.endpoint.retry.backoff.ms = 100
	sasl.oauthbearer.jwks.endpoint.url = null
	sasl.oauthbearer.scope.claim.name = scope
	sasl.oauthbearer.sub.claim.name = sub
	sasl.oauthbearer.token.endpoint.url = null
	security.protocol = PLAINTEXT
	security.providers = null
	send.buffer.bytes = 131072
	session.timeout.ms = 45000
	socket.connection.setup.timeout.max.ms = 30000
	socket.connection.setup.timeout.ms = 10000
	ssl.cipher.suites = null
	ssl.enabled.protocols = [TLSv1.2, TLSv1.3]
	ssl.endpoint.identification.algorithm = https
	ssl.engine.factory.class = null
	ssl.key.password = null
	ssl.keymanager.algorithm = SunX509
	ssl.keystore.certificate.chain = null
	ssl.keystore.key = null
	ssl.keystore.location = null
	ssl.keystore.password = null
	ssl.keystore.type = JKS
	ssl.protocol = TLSv1.3
	ssl.provider = null
	ssl.secure.random.implementation = null
	ssl.trustmanager.algorithm = PKIX
	ssl.truststore.certificates = null
	ssl.truststore.location = null
	ssl.truststore.password = null
	ssl.truststore.type = JKS
	value.deserializer = class io.apicurio.registry.serde.protobuf.ProtobufKafkaDeserializer

2025-08-06 19:01:35,702 INFO  [org.apa.kaf.com.tel.int.KafkaMetricsCollector] (main) initializing Kafka metrics collector
2025-08-06 19:01:35,708 INFO  [org.apa.kaf.cli.con.ConsumerConfig] (main) These configurations '[apicurio.registry.deserializer.value.return-class, apicurio.registry.url]' were supplied but are not used yet.
2025-08-06 19:01:35,708 INFO  [org.apa.kaf.com.uti.AppInfoParser] (main) Kafka version: 3.9.1
2025-08-06 19:01:35,708 INFO  [org.apa.kaf.com.uti.AppInfoParser] (main) Kafka commitId: f745dfdcee2b9851
2025-08-06 19:01:35,708 INFO  [org.apa.kaf.com.uti.AppInfoParser] (main) Kafka startTimeMs: 1754506895708
2025-08-06 19:01:35,709 INFO  [org.apa.kaf.cli.con.int.ClassicKafkaConsumer] (Thread-814) [Consumer clientId=consumer-Consumer-topic-9765b975_9165_467b_9ccb_4f714debc7cd-30, groupId=Consumer-topic-9765b975_9165_467b_9ccb_4f714debc7cd] Subscribed to topic(s): topic-9765b975_9165_467b_9ccb_4f714debc7cd
2025-08-06 19:01:35,714 INFO  [org.apa.kaf.cli.Metadata] (Thread-814) [Consumer clientId=consumer-Consumer-topic-9765b975_9165_467b_9ccb_4f714debc7cd-30, groupId=Consumer-topic-9765b975_9165_467b_9ccb_4f714debc7cd] Cluster ID: T8p0IQFNTYSHGQR6rr1wVQ
2025-08-06 19:01:35,716 INFO  [org.apa.kaf.cli.con.int.ConsumerCoordinator] (Thread-814) [Consumer clientId=consumer-Consumer-topic-9765b975_9165_467b_9ccb_4f714debc7cd-30, groupId=Consumer-topic-9765b975_9165_467b_9ccb_4f714debc7cd] Discovered group coordinator localhost:32769 (id: 2147483647 rack: null)
2025-08-06 19:01:35,718 INFO  [org.apa.kaf.cli.con.int.ConsumerCoordinator] (Thread-814) [Consumer clientId=consumer-Consumer-topic-9765b975_9165_467b_9ccb_4f714debc7cd-30, groupId=Consumer-topic-9765b975_9165_467b_9ccb_4f714debc7cd] (Re-)joining group
2025-08-06 19:01:35,722 INFO  [org.apa.kaf.cli.con.int.ConsumerCoordinator] (Thread-814) [Consumer clientId=consumer-Consumer-topic-9765b975_9165_467b_9ccb_4f714debc7cd-30, groupId=Consumer-topic-9765b975_9165_467b_9ccb_4f714debc7cd] Request joining group due to: need to re-join with the given member-id: consumer-Consumer-topic-9765b975_9165_467b_9ccb_4f714debc7cd-30-5d1af092-f73e-4297-bc8d-23acd06e103c
2025-08-06 19:01:35,722 INFO  [org.apa.kaf.cli.con.int.ConsumerCoordinator] (Thread-814) [Consumer clientId=consumer-Consumer-topic-9765b975_9165_467b_9ccb_4f714debc7cd-30, groupId=Consumer-topic-9765b975_9165_467b_9ccb_4f714debc7cd] (Re-)joining group
2025-08-06 19:01:36,709 INFO  [io.api.tes.ser.api.KafkaSerdesTester] (Thread-814) None found
2025-08-06 19:01:37,709 INFO  [io.api.tes.ser.api.KafkaSerdesTester] (Thread-814) None found
2025-08-06 19:01:38,711 INFO  [io.api.tes.ser.api.KafkaSerdesTester] (Thread-814) None found
2025-08-06 19:01:38,726 INFO  [org.apa.kaf.cli.con.int.ConsumerCoordinator] (Thread-814) [Consumer clientId=consumer-Consumer-topic-9765b975_9165_467b_9ccb_4f714debc7cd-30, groupId=Consumer-topic-9765b975_9165_467b_9ccb_4f714debc7cd] Successfully joined group with generation Generation{generationId=1, memberId='consumer-Consumer-topic-9765b975_9165_467b_9ccb_4f714debc7cd-30-5d1af092-f73e-4297-bc8d-23acd06e103c', protocol='range'}
2025-08-06 19:01:38,726 INFO  [org.apa.kaf.cli.con.int.ConsumerCoordinator] (Thread-814) [Consumer clientId=consumer-Consumer-topic-9765b975_9165_467b_9ccb_4f714debc7cd-30, groupId=Consumer-topic-9765b975_9165_467b_9ccb_4f714debc7cd] Finished assignment for group at generation 1: {consumer-Consumer-topic-9765b975_9165_467b_9ccb_4f714debc7cd-30-5d1af092-f73e-4297-bc8d-23acd06e103c=Assignment(partitions=[topic-9765b975_9165_467b_9ccb_4f714debc7cd-0])}
2025-08-06 19:01:38,733 INFO  [org.apa.kaf.cli.con.int.ConsumerCoordinator] (Thread-814) [Consumer clientId=consumer-Consumer-topic-9765b975_9165_467b_9ccb_4f714debc7cd-30, groupId=Consumer-topic-9765b975_9165_467b_9ccb_4f714debc7cd] Successfully synced group in generation Generation{generationId=1, memberId='consumer-Consumer-topic-9765b975_9165_467b_9ccb_4f714debc7cd-30-5d1af092-f73e-4297-bc8d-23acd06e103c', protocol='range'}
2025-08-06 19:01:38,733 INFO  [org.apa.kaf.cli.con.int.ConsumerCoordinator] (Thread-814) [Consumer clientId=consumer-Consumer-topic-9765b975_9165_467b_9ccb_4f714debc7cd-30, groupId=Consumer-topic-9765b975_9165_467b_9ccb_4f714debc7cd] Notifying assignor about the new Assignment(partitions=[topic-9765b975_9165_467b_9ccb_4f714debc7cd-0])
2025-08-06 19:01:38,733 INFO  [org.apa.kaf.cli.con.int.ConsumerRebalanceListenerInvoker] (Thread-814) [Consumer clientId=consumer-Consumer-topic-9765b975_9165_467b_9ccb_4f714debc7cd-30, groupId=Consumer-topic-9765b975_9165_467b_9ccb_4f714debc7cd] Adding newly assigned partitions: topic-9765b975_9165_467b_9ccb_4f714debc7cd-0
2025-08-06 19:01:38,734 INFO  [org.apa.kaf.cli.con.int.ConsumerCoordinator] (Thread-814) [Consumer clientId=consumer-Consumer-topic-9765b975_9165_467b_9ccb_4f714debc7cd-30, groupId=Consumer-topic-9765b975_9165_467b_9ccb_4f714debc7cd] Found no committed offset for partition topic-9765b975_9165_467b_9ccb_4f714debc7cd-0
2025-08-06 19:01:38,736 INFO  [org.apa.kaf.cli.con.int.SubscriptionState] (Thread-814) [Consumer clientId=consumer-Consumer-topic-9765b975_9165_467b_9ccb_4f714debc7cd-30, groupId=Consumer-topic-9765b975_9165_467b_9ccb_4f714debc7cd] Resetting offset for partition topic-9765b975_9165_467b_9ccb_4f714debc7cd-0 to position FetchPosition{offset=0, offsetEpoch=Optional.empty, currentLeader=LeaderAndEpoch{leader=Optional[localhost:32769 (id: 0 rack: null)], epoch=0}}.
2025-08-06 19:01:38,786 INFO  [io.api.tes.ser.api.KafkaSerdesTester] (Thread-814) topic-9765b975_9165_467b_9ccb_4f714debc7cd 0 0 header {
  time {
  }
}
d1: 1.754506895195E12
s1: "a"
i1: 123
bi1: 1
point {
  longitude: 22.0
  latitude: 22.0
  altitude: 1.0
}

2025-08-06 19:01:38,786 INFO  [io.api.tes.ser.api.KafkaSerdesTester] (Thread-814) topic-9765b975_9165_467b_9ccb_4f714debc7cd 0 1 header {
  time {
  }
}
d1: 1.754506895403E12
s1: "a"
i1: 123
bi1: 1
point {
  longitude: 22.0
  latitude: 22.0
  altitude: 1.0
}

2025-08-06 19:01:38,786 INFO  [io.api.tes.ser.api.KafkaSerdesTester] (Thread-814) topic-9765b975_9165_467b_9ccb_4f714debc7cd 0 2 header {
  time {
  }
}
d1: 1.754506895435E12
s1: "a"
i1: 123
bi1: 1
point {
  longitude: 22.0
  latitude: 22.0
  altitude: 1.0
}

2025-08-06 19:01:38,786 INFO  [io.api.tes.ser.api.KafkaSerdesTester] (Thread-814) topic-9765b975_9165_467b_9ccb_4f714debc7cd 0 3 header {
  time {
  }
}
d1: 1.754506895463E12
s1: "a"
i1: 123
bi1: 1
point {
  longitude: 22.0
  latitude: 22.0
  altitude: 1.0
}

2025-08-06 19:01:38,786 INFO  [io.api.tes.ser.api.KafkaSerdesTester] (Thread-814) topic-9765b975_9165_467b_9ccb_4f714debc7cd 0 4 header {
  time {
  }
}
d1: 1.754506895496E12
s1: "a"
i1: 123
bi1: 1
point {
  longitude: 22.0
  latitude: 22.0
  altitude: 1.0
}

2025-08-06 19:01:38,786 INFO  [io.api.tes.ser.api.KafkaSerdesTester] (Thread-814) topic-9765b975_9165_467b_9ccb_4f714debc7cd 0 5 header {
  time {
  }
}
d1: 1.754506895526E12
s1: "a"
i1: 123
bi1: 1
point {
  longitude: 22.0
  latitude: 22.0
  altitude: 1.0
}

2025-08-06 19:01:38,786 INFO  [io.api.tes.ser.api.KafkaSerdesTester] (Thread-814) topic-9765b975_9165_467b_9ccb_4f714debc7cd 0 6 header {
  time {
  }
}
d1: 1.754506895556E12
s1: "a"
i1: 123
bi1: 1
point {
  longitude: 22.0
  latitude: 22.0
  altitude: 1.0
}

2025-08-06 19:01:38,786 INFO  [io.api.tes.ser.api.KafkaSerdesTester] (Thread-814) topic-9765b975_9165_467b_9ccb_4f714debc7cd 0 7 header {
  time {
  }
}
d1: 1.754506895585E12
s1: "a"
i1: 123
bi1: 1
point {
  longitude: 22.0
  latitude: 22.0
  altitude: 1.0
}

2025-08-06 19:01:38,786 INFO  [io.api.tes.ser.api.KafkaSerdesTester] (Thread-814) topic-9765b975_9165_467b_9ccb_4f714debc7cd 0 8 header {
  time {
  }
}
d1: 1.754506895619E12
s1: "a"
i1: 123
bi1: 1
point {
  longitude: 22.0
  latitude: 22.0
  altitude: 1.0
}

2025-08-06 19:01:38,786 INFO  [io.api.tes.ser.api.KafkaSerdesTester] (Thread-814) topic-9765b975_9165_467b_9ccb_4f714debc7cd 0 9 header {
  time {
  }
}
d1: 1.75450689565E12
s1: "a"
i1: 123
bi1: 1
point {
  longitude: 22.0
  latitude: 22.0
  altitude: 1.0
}

2025-08-06 19:01:38,786 INFO  [io.api.tes.ser.api.KafkaSerdesTester] (Thread-814) Consumed 10 messages
2025-08-06 19:01:38,795 INFO  [org.apa.kaf.cli.con.int.ConsumerRebalanceListenerInvoker] (Thread-814) [Consumer clientId=consumer-Consumer-topic-9765b975_9165_467b_9ccb_4f714debc7cd-30, groupId=Consumer-topic-9765b975_9165_467b_9ccb_4f714debc7cd] Revoke previously assigned partitions topic-9765b975_9165_467b_9ccb_4f714debc7cd-0
2025-08-06 19:01:38,795 INFO  [org.apa.kaf.cli.con.int.ConsumerCoordinator] (Thread-814) [Consumer clientId=consumer-Consumer-topic-9765b975_9165_467b_9ccb_4f714debc7cd-30, groupId=Consumer-topic-9765b975_9165_467b_9ccb_4f714debc7cd] Member consumer-Consumer-topic-9765b975_9165_467b_9ccb_4f714debc7cd-30-5d1af092-f73e-4297-bc8d-23acd06e103c sending LeaveGroup request to coordinator localhost:32769 (id: 2147483647 rack: null) due to the consumer is being closed
2025-08-06 19:01:38,795 INFO  [org.apa.kaf.cli.con.int.ConsumerCoordinator] (Thread-814) [Consumer clientId=consumer-Consumer-topic-9765b975_9165_467b_9ccb_4f714debc7cd-30, groupId=Consumer-topic-9765b975_9165_467b_9ccb_4f714debc7cd] Resetting generation and member id due to: consumer pro-actively leaving the group
2025-08-06 19:01:38,795 INFO  [org.apa.kaf.cli.con.int.ConsumerCoordinator] (Thread-814) [Consumer clientId=consumer-Consumer-topic-9765b975_9165_467b_9ccb_4f714debc7cd-30, groupId=Consumer-topic-9765b975_9165_467b_9ccb_4f714debc7cd] Request joining group due to: consumer pro-actively leaving the group
2025-08-06 19:01:39,290 INFO  [org.apa.kaf.com.met.Metrics] (Thread-814) Metrics scheduler closed
2025-08-06 19:01:39,290 INFO  [org.apa.kaf.com.met.Metrics] (Thread-814) Closing reporter org.apache.kafka.common.metrics.JmxReporter
2025-08-06 19:01:39,290 INFO  [org.apa.kaf.com.met.Metrics] (Thread-814) Closing reporter org.apache.kafka.common.telemetry.internals.ClientTelemetryReporter
2025-08-06 19:01:39,290 INFO  [org.apa.kaf.com.met.Metrics] (Thread-814) Metrics reporters closed
2025-08-06 19:01:39,292 INFO  [org.apa.kaf.com.uti.AppInfoParser] (Thread-814) App info kafka.consumer for consumer-Consumer-topic-9765b975_9165_467b_9ccb_4f714debc7cd-30 unregistered
2025-08-06 19:01:39,303 INFO  [io.api.tes.uti.TestSeparator] (main) io.apicurio.tests.serdes.apicurio.ProtobufSerdeIT.testAutoRegisterDynamicMessageProtobufType-FINISHED
2025-08-06 19:01:39,303 INFO  [io.api.tes.uti.TestSeparator] (main) ############################################################################
Test passed: testAutoRegisterDynamicMessageProtobufType
]]></system-out>
  </testcase>
</testsuite>