<?xml version="1.0" encoding="UTF-8"?>
<testsuite xmlns:xsi="http://www.w3.org/2001/XMLSchema-instance" xsi:noNamespaceSchemaLocation="https://maven.apache.org/surefire/maven-failsafe-plugin/xsd/failsafe-test-report.xsd" version="3.0.2" name="io.apicurio.tests.serdes.apicurio.ProtobufSerdeIT" time="62.27" tests="17" errors="0" skipped="0" failures="0">
  <properties>
    <property name="java.specification.version" value="17"/>
    <property name="sun.jnu.encoding" value="UTF-8"/>
    <property name="java.class.path" value="/home/runner/work/apicurio-testing/apicurio-testing/clusters/ci419/namespaces/inmemory/tests/integration/apicurio-registry/integration-tests/target/test-classes:/home/runner/work/apicurio-testing/apicurio-testing/clusters/ci419/namespaces/inmemory/tests/integration/apicurio-registry/integration-tests/target/apicurio-registry-integration-tests-3.0.15.jar:/home/runner/.m2/repository/io/quarkus/quarkus-junit5/3.20.2/quarkus-junit5-3.20.2.jar:/home/runner/.m2/repository/io/quarkus/quarkus-bootstrap-core/3.20.2/quarkus-bootstrap-core-3.20.2.jar:/home/runner/.m2/repository/io/quarkus/quarkus-classloader-commons/3.20.2/quarkus-classloader-commons-3.20.2.jar:/home/runner/.m2/repository/io/quarkus/quarkus-bootstrap-app-model/3.20.2/quarkus-bootstrap-app-model-3.20.2.jar:/home/runner/.m2/repository/io/smallrye/common/smallrye-common-io/2.12.0/smallrye-common-io-2.12.0.jar:/home/runner/.m2/repository/org/eclipse/sisu/org.eclipse.sisu.inject/0.9.0.M3/org.eclipse.sisu.inject-0.9.0.M3.jar:/home/runner/.m2/repository/io/quarkus/quarkus-test-common/3.20.2/quarkus-test-common-3.20.2.jar:/home/runner/.m2/repository/io/quarkus/quarkus-core-deployment/3.20.2/quarkus-core-deployment-3.20.2.jar:/home/runner/.m2/repository/org/aesh/readline/2.6/readline-2.6.jar:/home/runner/.m2/repository/org/fusesource/jansi/jansi/2.4.0/jansi-2.4.0.jar:/home/runner/.m2/repository/org/aesh/aesh/2.8.2/aesh-2.8.2.jar:/home/runner/.m2/repository/io/quarkus/gizmo/gizmo/1.8.0/gizmo-1.8.0.jar:/home/runner/.m2/repository/org/ow2/asm/asm-util/9.7.1/asm-util-9.7.1.jar:/home/runner/.m2/repository/org/ow2/asm/asm-analysis/9.7.1/asm-analysis-9.7.1.jar:/home/runner/.m2/repository/org/ow2/asm/asm-commons/9.7.1/asm-commons-9.7.1.jar:/home/runner/.m2/repository/org/ow2/asm/asm-tree/9.7.1/asm-tree-9.7.1.jar:/home/runner/.m2/repository/io/quarkus/quarkus-hibernate-validator-spi/3.20.2/quarkus-hibernate-validator-spi-3.20.2.jar:/home/runner/.m2/repository/io/quarkus/quarkus-class-change-agent/3.20.2/quarkus-class-change-agent-3.20.2.jar:/home/runner/.m2/repository/io/quarkus/quarkus-devtools-utilities/3.20.2/quarkus-devtools-utilities-3.20.2.jar:/home/runner/.m2/repository/io/quarkus/quarkus-builder/3.20.2/quarkus-builder-3.20.2.jar:/home/runner/.m2/repository/org/graalvm/sdk/nativeimage/23.1.2/nativeimage-23.1.2.jar:/home/runner/.m2/repository/org/graalvm/sdk/word/23.1.2/word-23.1.2.jar:/home/runner/.m2/repository/io/quarkus/quarkus-bootstrap-maven-resolver/3.20.2/quarkus-bootstrap-maven-resolver-3.20.2.jar:/home/runner/.m2/repository/io/smallrye/beanbag/smallrye-beanbag-maven/1.5.2/smallrye-beanbag-maven-1.5.2.jar:/home/runner/.m2/repository/io/smallrye/beanbag/smallrye-beanbag-sisu/1.5.2/smallrye-beanbag-sisu-1.5.2.jar:/home/runner/.m2/repository/io/smallrye/beanbag/smallrye-beanbag/1.5.2/smallrye-beanbag-1.5.2.jar:/home/runner/.m2/repository/javax/inject/javax.inject/1/javax.inject-1.jar:/home/runner/.m2/repository/org/apache/maven/maven-artifact/3.9.9/maven-artifact-3.9.9.jar:/home/runner/.m2/repository/org/apache/maven/maven-builder-support/3.9.9/maven-builder-support-3.9.9.jar:/home/runner/.m2/repository/org/apache/maven/maven-model/3.9.9/maven-model-3.9.9.jar:/home/runner/.m2/repository/org/apache/maven/maven-model-builder/3.9.9/maven-model-builder-3.9.9.jar:/home/runner/.m2/repository/org/apache/maven/maven-repository-metadata/3.9.9/maven-repository-metadata-3.9.9.jar:/home/runner/.m2/repository/org/apache/maven/maven-settings/3.9.9/maven-settings-3.9.9.jar:/home/runner/.m2/repository/org/apache/maven/resolver/maven-resolver-api/1.9.22/maven-resolver-api-1.9.22.jar:/home/runner/.m2/repository/org/apache/maven/resolver/maven-resolver-impl/1.9.22/maven-resolver-impl-1.9.22.jar:/home/runner/.m2/repository/org/apache/maven/resolver/maven-resolver-named-locks/1.9.22/maven-resolver-named-locks-1.9.22.jar:/home/runner/.m2/repository/org/apache/maven/resolver/maven-resolver-spi/1.9.22/maven-resolver-spi-1.9.22.jar:/home/runner/.m2/repository/org/apache/maven/resolver/maven-resolver-util/1.9.22/maven-resolver-util-1.9.22.jar:/home/runner/.m2/repository/org/apache/maven/resolver/maven-resolver-transport-http/1.9.20/maven-resolver-transport-http-1.9.20.jar:/home/runner/.m2/repository/org/apache/maven/wagon/wagon-provider-api/3.5.3/wagon-provider-api-3.5.3.jar:/home/runner/.m2/repository/org/apache/maven/wagon/wagon-http-shared/3.5.3/wagon-http-shared-3.5.3.jar:/home/runner/.m2/repository/org/codehaus/plexus/plexus-interpolation/1.26/plexus-interpolation-1.26.jar:/home/runner/.m2/repository/org/codehaus/plexus/plexus-utils/3.5.1/plexus-utils-3.5.1.jar:/home/runner/.m2/repository/org/codehaus/plexus/plexus-xml/4.0.1/plexus-xml-4.0.1.jar:/home/runner/.m2/repository/org/apache/maven/maven-xml-impl/4.0.0-alpha-5/maven-xml-impl-4.0.0-alpha-5.jar:/home/runner/.m2/repository/org/apache/maven/maven-api-xml/4.0.0-alpha-5/maven-api-xml-4.0.0-alpha-5.jar:/home/runner/.m2/repository/org/apache/maven/maven-api-meta/4.0.0-alpha-5/maven-api-meta-4.0.0-alpha-5.jar:/home/runner/.m2/repository/org/codehaus/plexus/plexus-cipher/2.0/plexus-cipher-2.0.jar:/home/runner/.m2/repository/org/codehaus/plexus/plexus-sec-dispatcher/2.0/plexus-sec-dispatcher-2.0.jar:/home/runner/.m2/repository/org/apache/maven/maven-embedder/3.9.9/maven-embedder-3.9.9.jar:/home/runner/.m2/repository/org/apache/maven/maven-core/3.9.9/maven-core-3.9.9.jar:/home/runner/.m2/repository/org/codehaus/plexus/plexus-component-annotations/2.1.0/plexus-component-annotations-2.1.0.jar:/home/runner/.m2/repository/org/apache/maven/maven-plugin-api/3.9.9/maven-plugin-api-3.9.9.jar:/home/runner/.m2/repository/org/apache/maven/shared/maven-shared-utils/3.4.2/maven-shared-utils-3.4.2.jar:/home/runner/.m2/repository/com/google/inject/guice/5.1.0/guice-5.1.0.jar:/home/runner/.m2/repository/aopalliance/aopalliance/1.0/aopalliance-1.0.jar:/home/runner/.m2/repository/org/codehaus/plexus/plexus-classworlds/2.6.0/plexus-classworlds-2.6.0.jar:/home/runner/.m2/repository/commons-cli/commons-cli/1.8.0/commons-cli-1.8.0.jar:/home/runner/.m2/repository/org/eclipse/sisu/org.eclipse.sisu.plexus/0.9.0.M3/org.eclipse.sisu.plexus-0.9.0.M3.jar:/home/runner/.m2/repository/org/apache/maven/maven-settings-builder/3.9.9/maven-settings-builder-3.9.9.jar:/home/runner/.m2/repository/org/apache/maven/maven-resolver-provider/3.9.9/maven-resolver-provider-3.9.9.jar:/home/runner/.m2/repository/org/apache/maven/resolver/maven-resolver-connector-basic/1.9.22/maven-resolver-connector-basic-1.9.22.jar:/home/runner/.m2/repository/org/apache/maven/resolver/maven-resolver-transport-wagon/1.9.22/maven-resolver-transport-wagon-1.9.22.jar:/home/runner/.m2/repository/org/apache/maven/wagon/wagon-http/3.5.3/wagon-http-3.5.3.jar:/home/runner/.m2/repository/org/apache/maven/wagon/wagon-file/3.5.3/wagon-file-3.5.3.jar:/home/runner/.m2/repository/io/quarkus/quarkus-bootstrap-gradle-resolver/3.20.2/quarkus-bootstrap-gradle-resolver-3.20.2.jar:/home/runner/.m2/repository/io/smallrye/jandex/3.3.0/jandex-3.3.0.jar:/home/runner/.m2/repository/org/jboss/logging/commons-logging-jboss-logging/1.0.0.Final/commons-logging-jboss-logging-1.0.0.Final.jar:/home/runner/.m2/repository/io/quarkus/quarkus-junit5-config/3.20.2/quarkus-junit5-config-3.20.2.jar:/home/runner/.m2/repository/org/junit/jupiter/junit-jupiter-api/5.12.1/junit-jupiter-api-5.12.1.jar:/home/runner/.m2/repository/io/smallrye/config/smallrye-config/3.11.4/smallrye-config-3.11.4.jar:/home/runner/.m2/repository/io/smallrye/config/smallrye-config-core/3.11.4/smallrye-config-core-3.11.4.jar:/home/runner/.m2/repository/io/smallrye/common/smallrye-common-classloader/2.12.0/smallrye-common-classloader-2.12.0.jar:/home/runner/.m2/repository/io/smallrye/config/smallrye-config-common/3.11.4/smallrye-config-common-3.11.4.jar:/home/runner/.m2/repository/org/junit/jupiter/junit-jupiter/5.12.1/junit-jupiter-5.12.1.jar:/home/runner/.m2/repository/org/junit/jupiter/junit-jupiter-params/5.12.1/junit-jupiter-params-5.12.1.jar:/home/runner/.m2/repository/org/junit/jupiter/junit-jupiter-engine/5.12.1/junit-jupiter-engine-5.12.1.jar:/home/runner/.m2/repository/io/quarkus/quarkus-core/3.20.2/quarkus-core-3.20.2.jar:/home/runner/.m2/repository/jakarta/enterprise/jakarta.enterprise.cdi-api/4.1.0/jakarta.enterprise.cdi-api-4.1.0.jar:/home/runner/.m2/repository/jakarta/enterprise/jakarta.enterprise.lang-model/4.1.0/jakarta.enterprise.lang-model-4.1.0.jar:/home/runner/.m2/repository/jakarta/el/jakarta.el-api/5.0.1/jakarta.el-api-5.0.1.jar:/home/runner/.m2/repository/jakarta/interceptor/jakarta.interceptor-api/2.2.0/jakarta.interceptor-api-2.2.0.jar:/home/runner/.m2/repository/jakarta/inject/jakarta.inject-api/2.0.1/jakarta.inject-api-2.0.1.jar:/home/runner/.m2/repository/io/smallrye/common/smallrye-common-os/2.12.0/smallrye-common-os-2.12.0.jar:/home/runner/.m2/repository/io/quarkus/quarkus-ide-launcher/3.20.2/quarkus-ide-launcher-3.20.2.jar:/home/runner/.m2/repository/io/quarkus/quarkus-development-mode-spi/3.20.2/quarkus-development-mode-spi-3.20.2.jar:/home/runner/.m2/repository/org/jboss/logging/jboss-logging/3.6.1.Final/jboss-logging-3.6.1.Final.jar:/home/runner/.m2/repository/org/jboss/logmanager/jboss-logmanager/3.1.2.Final/jboss-logmanager-3.1.2.Final.jar:/home/runner/.m2/repository/io/smallrye/common/smallrye-common-constraint/2.12.0/smallrye-common-constraint-2.12.0.jar:/home/runner/.m2/repository/io/smallrye/common/smallrye-common-cpu/2.12.0/smallrye-common-cpu-2.12.0.jar:/home/runner/.m2/repository/io/smallrye/common/smallrye-common-expression/2.12.0/smallrye-common-expression-2.12.0.jar:/home/runner/.m2/repository/io/smallrye/common/smallrye-common-net/2.12.0/smallrye-common-net-2.12.0.jar:/home/runner/.m2/repository/io/smallrye/common/smallrye-common-ref/2.12.0/smallrye-common-ref-2.12.0.jar:/home/runner/.m2/repository/jakarta/json/jakarta.json-api/2.1.3/jakarta.json-api-2.1.3.jar:/home/runner/.m2/repository/org/eclipse/parsson/parsson/1.1.7/parsson-1.1.7.jar:/home/runner/.m2/repository/org/jboss/logging/jboss-logging-annotations/3.0.4.Final/jboss-logging-annotations-3.0.4.Final.jar:/home/runner/.m2/repository/org/jboss/threads/jboss-threads/3.8.0.Final/jboss-threads-3.8.0.Final.jar:/home/runner/.m2/repository/io/smallrye/common/smallrye-common-annotation/2.12.0/smallrye-common-annotation-2.12.0.jar:/home/runner/.m2/repository/io/smallrye/common/smallrye-common-function/2.12.0/smallrye-common-function-2.12.0.jar:/home/runner/.m2/repository/org/jboss/slf4j/slf4j-jboss-logmanager/2.0.0.Final/slf4j-jboss-logmanager-2.0.0.Final.jar:/home/runner/.m2/repository/org/wildfly/common/wildfly-common/2.0.1/wildfly-common-2.0.1.jar:/home/runner/.m2/repository/io/quarkus/quarkus-bootstrap-runner/3.20.2/quarkus-bootstrap-runner-3.20.2.jar:/home/runner/.m2/repository/io/github/crac/org-crac/0.1.3/org-crac-0.1.3.jar:/home/runner/.m2/repository/io/quarkus/quarkus-fs-util/0.0.10/quarkus-fs-util-0.0.10.jar:/home/runner/.m2/repository/org/jboss/marshalling/jboss-marshalling/2.2.2.Final/jboss-marshalling-2.2.2.Final.jar:/home/runner/.m2/repository/io/fabric8/kubernetes-client/7.1.0/kubernetes-client-7.1.0.jar:/home/runner/.m2/repository/io/fabric8/kubernetes-client-api/7.1.0/kubernetes-client-api-7.1.0.jar:/home/runner/.m2/repository/io/fabric8/kubernetes-model-core/7.1.0/kubernetes-model-core-7.1.0.jar:/home/runner/.m2/repository/io/fabric8/kubernetes-model-common/7.1.0/kubernetes-model-common-7.1.0.jar:/home/runner/.m2/repository/javax/annotation/javax.annotation-api/1.3.2/javax.annotation-api-1.3.2.jar:/home/runner/.m2/repository/io/fabric8/kubernetes-model-gatewayapi/7.1.0/kubernetes-model-gatewayapi-7.1.0.jar:/home/runner/.m2/repository/io/fabric8/kubernetes-model-resource/7.1.0/kubernetes-model-resource-7.1.0.jar:/home/runner/.m2/repository/io/fabric8/kubernetes-model-rbac/7.1.0/kubernetes-model-rbac-7.1.0.jar:/home/runner/.m2/repository/io/fabric8/kubernetes-model-admissionregistration/7.1.0/kubernetes-model-admissionregistration-7.1.0.jar:/home/runner/.m2/repository/io/fabric8/kubernetes-model-apps/7.1.0/kubernetes-model-apps-7.1.0.jar:/home/runner/.m2/repository/io/fabric8/kubernetes-model-autoscaling/7.1.0/kubernetes-model-autoscaling-7.1.0.jar:/home/runner/.m2/repository/io/fabric8/kubernetes-model-apiextensions/7.1.0/kubernetes-model-apiextensions-7.1.0.jar:/home/runner/.m2/repository/io/fabric8/kubernetes-model-batch/7.1.0/kubernetes-model-batch-7.1.0.jar:/home/runner/.m2/repository/io/fabric8/kubernetes-model-certificates/7.1.0/kubernetes-model-certificates-7.1.0.jar:/home/runner/.m2/repository/io/fabric8/kubernetes-model-coordination/7.1.0/kubernetes-model-coordination-7.1.0.jar:/home/runner/.m2/repository/io/fabric8/kubernetes-model-discovery/7.1.0/kubernetes-model-discovery-7.1.0.jar:/home/runner/.m2/repository/io/fabric8/kubernetes-model-events/7.1.0/kubernetes-model-events-7.1.0.jar:/home/runner/.m2/repository/io/fabric8/kubernetes-model-extensions/7.1.0/kubernetes-model-extensions-7.1.0.jar:/home/runner/.m2/repository/io/fabric8/kubernetes-model-flowcontrol/7.1.0/kubernetes-model-flowcontrol-7.1.0.jar:/home/runner/.m2/repository/io/fabric8/kubernetes-model-networking/7.1.0/kubernetes-model-networking-7.1.0.jar:/home/runner/.m2/repository/io/fabric8/kubernetes-model-metrics/7.1.0/kubernetes-model-metrics-7.1.0.jar:/home/runner/.m2/repository/io/fabric8/kubernetes-model-policy/7.1.0/kubernetes-model-policy-7.1.0.jar:/home/runner/.m2/repository/io/fabric8/kubernetes-model-scheduling/7.1.0/kubernetes-model-scheduling-7.1.0.jar:/home/runner/.m2/repository/io/fabric8/kubernetes-model-storageclass/7.1.0/kubernetes-model-storageclass-7.1.0.jar:/home/runner/.m2/repository/io/fabric8/kubernetes-model-node/7.1.0/kubernetes-model-node-7.1.0.jar:/home/runner/.m2/repository/org/snakeyaml/snakeyaml-engine/2.9/snakeyaml-engine-2.9.jar:/home/runner/.m2/repository/com/fasterxml/jackson/dataformat/jackson-dataformat-yaml/2.18.2/jackson-dataformat-yaml-2.18.2.jar:/home/runner/.m2/repository/com/fasterxml/jackson/datatype/jackson-datatype-jsr310/2.18.2/jackson-datatype-jsr310-2.18.2.jar:/home/runner/.m2/repository/io/fabric8/zjsonpatch/7.1.0/zjsonpatch-7.1.0.jar:/home/runner/.m2/repository/io/fabric8/kubernetes-httpclient-vertx/7.1.0/kubernetes-httpclient-vertx-7.1.0.jar:/home/runner/.m2/repository/io/vertx/vertx-web-client/4.5.16/vertx-web-client-4.5.16.jar:/home/runner/.m2/repository/io/vertx/vertx-web-common/4.5.16/vertx-web-common-4.5.16.jar:/home/runner/.m2/repository/io/vertx/vertx-auth-common/4.5.16/vertx-auth-common-4.5.16.jar:/home/runner/.m2/repository/io/vertx/vertx-uri-template/4.5.16/vertx-uri-template-4.5.16.jar:/home/runner/.m2/repository/io/fabric8/openshift-client/7.1.0/openshift-client-7.1.0.jar:/home/runner/.m2/repository/io/fabric8/openshift-client-api/7.1.0/openshift-client-api-7.1.0.jar:/home/runner/.m2/repository/io/fabric8/openshift-model/7.1.0/openshift-model-7.1.0.jar:/home/runner/.m2/repository/io/fabric8/openshift-model-autoscaling/7.1.0/openshift-model-autoscaling-7.1.0.jar:/home/runner/.m2/repository/io/fabric8/openshift-model-operator/7.1.0/openshift-model-operator-7.1.0.jar:/home/runner/.m2/repository/io/fabric8/openshift-model-operatorhub/7.1.0/openshift-model-operatorhub-7.1.0.jar:/home/runner/.m2/repository/io/fabric8/openshift-model-machine/7.1.0/openshift-model-machine-7.1.0.jar:/home/runner/.m2/repository/io/fabric8/openshift-model-whereabouts/7.1.0/openshift-model-whereabouts-7.1.0.jar:/home/runner/.m2/repository/io/fabric8/openshift-model-monitoring/7.1.0/openshift-model-monitoring-7.1.0.jar:/home/runner/.m2/repository/io/fabric8/openshift-model-storageversionmigrator/7.1.0/openshift-model-storageversionmigrator-7.1.0.jar:/home/runner/.m2/repository/io/fabric8/openshift-model-tuned/7.1.0/openshift-model-tuned-7.1.0.jar:/home/runner/.m2/repository/io/fabric8/openshift-model-console/7.1.0/openshift-model-console-7.1.0.jar:/home/runner/.m2/repository/io/fabric8/openshift-model-config/7.1.0/openshift-model-config-7.1.0.jar:/home/runner/.m2/repository/io/fabric8/openshift-model-machineconfiguration/7.1.0/openshift-model-machineconfiguration-7.1.0.jar:/home/runner/.m2/repository/io/fabric8/openshift-model-miscellaneous/7.1.0/openshift-model-miscellaneous-7.1.0.jar:/home/runner/.m2/repository/io/fabric8/openshift-model-hive/7.1.0/openshift-model-hive-7.1.0.jar:/home/runner/.m2/repository/io/fabric8/openshift-model-installer/7.1.0/openshift-model-installer-7.1.0.jar:/home/runner/.m2/repository/org/junit/platform/junit-platform-launcher/1.12.1/junit-platform-launcher-1.12.1.jar:/home/runner/.m2/repository/org/junit/platform/junit-platform-engine/1.12.1/junit-platform-engine-1.12.1.jar:/home/runner/.m2/repository/org/opentest4j/opentest4j/1.3.0/opentest4j-1.3.0.jar:/home/runner/.m2/repository/org/junit/platform/junit-platform-commons/1.12.1/junit-platform-commons-1.12.1.jar:/home/runner/.m2/repository/org/apiguardian/apiguardian-api/1.1.2/apiguardian-api-1.1.2.jar:/home/runner/.m2/repository/jakarta/ws/rs/jakarta.ws.rs-api/3.1.0/jakarta.ws.rs-api-3.1.0.jar:/home/runner/work/apicurio-testing/apicurio-testing/clusters/ci419/namespaces/inmemory/tests/integration/apicurio-registry/java-sdk/target/apicurio-registry-java-sdk-3.0.15.jar:/home/runner/.m2/repository/com/microsoft/kiota/microsoft-kiota-abstractions/1.8.10/microsoft-kiota-abstractions-1.8.10.jar:/home/runner/.m2/repository/io/github/std-uritemplate/std-uritemplate/2.0.0/std-uritemplate-2.0.0.jar:/home/runner/.m2/repository/io/kiota/kiota-http-jdk/0.0.29/kiota-http-jdk-0.0.29.jar:/home/runner/.m2/repository/io/kiota/kiota-http-vertx/0.0.29/kiota-http-vertx-0.0.29.jar:/home/runner/.m2/repository/io/kiota/kiota-serialization-jackson/0.0.29/kiota-serialization-jackson-0.0.29.jar:/home/runner/.m2/repository/com/microsoft/kiota/microsoft-kiota-serialization-text/1.8.10/microsoft-kiota-serialization-text-1.8.10.jar:/home/runner/.m2/repository/com/microsoft/kiota/microsoft-kiota-serialization-form/1.8.10/microsoft-kiota-serialization-form-1.8.10.jar:/home/runner/.m2/repository/com/microsoft/kiota/microsoft-kiota-serialization-multipart/1.8.10/microsoft-kiota-serialization-multipart-1.8.10.jar:/home/runner/.m2/repository/jakarta/annotation/jakarta.annotation-api/3.0.0/jakarta.annotation-api-3.0.0.jar:/home/runner/.m2/repository/io/vertx/vertx-auth-oauth2/4.5.16/vertx-auth-oauth2-4.5.16.jar:/home/runner/work/apicurio-testing/apicurio-testing/clusters/ci419/namespaces/inmemory/tests/integration/apicurio-registry/java-sdk-v2/target/apicurio-registry-v2-java-sdk-3.0.15.jar:/home/runner/work/apicurio-testing/apicurio-testing/clusters/ci419/namespaces/inmemory/tests/integration/apicurio-registry/utils/kafka/target/apicurio-registry-utils-kafka-3.0.15-tests.jar:/home/runner/.m2/repository/org/eclipse/microprofile/config/microprofile-config-api/3.1/microprofile-config-api-3.1.jar:/home/runner/.m2/repository/org/apache/kafka/kafka-clients/3.9.1/kafka-clients-3.9.1.jar:/home/runner/.m2/repository/com/github/luben/zstd-jni/1.5.6-4/zstd-jni-1.5.6-4.jar:/home/runner/.m2/repository/org/lz4/lz4-java/1.8.0/lz4-java-1.8.0.jar:/home/runner/.m2/repository/org/xerial/snappy/snappy-java/1.1.10.5/snappy-java-1.1.10.5.jar:/home/runner/.m2/repository/org/slf4j/slf4j-api/2.0.6/slf4j-api-2.0.6.jar:/home/runner/work/apicurio-testing/apicurio-testing/clusters/ci419/namespaces/inmemory/tests/integration/apicurio-registry/utils/tests/target/apicurio-registry-utils-tests-3.0.15.jar:/home/runner/work/apicurio-testing/apicurio-testing/clusters/ci419/namespaces/inmemory/tests/integration/apicurio-registry/common/target/apicurio-registry-common-3.0.15.jar:/home/runner/.m2/repository/jakarta/validation/jakarta.validation-api/3.0.2/jakarta.validation-api-3.0.2.jar:/home/runner/.m2/repository/com/github/dasniko/testcontainers-keycloak/3.8.0/testcontainers-keycloak-3.8.0.jar:/home/runner/.m2/repository/org/testcontainers/testcontainers/1.20.6/testcontainers-1.20.6.jar:/home/runner/.m2/repository/org/rnorth/duct-tape/duct-tape/1.0.8/duct-tape-1.0.8.jar:/home/runner/.m2/repository/com/github/docker-java/docker-java-transport-zerodep/3.4.1/docker-java-transport-zerodep-3.4.1.jar:/home/runner/.m2/repository/com/github/docker-java/docker-java-transport/3.4.1/docker-java-transport-3.4.1.jar:/home/runner/.m2/repository/net/java/dev/jna/jna/5.8.0/jna-5.8.0.jar:/home/runner/.m2/repository/io/quarkus/quarkus-junit4-mock/3.20.2/quarkus-junit4-mock-3.20.2.jar:/home/runner/.m2/repository/org/jboss/shrinkwrap/shrinkwrap-api/2.0.0-beta-2/shrinkwrap-api-2.0.0-beta-2.jar:/home/runner/.m2/repository/org/jboss/shrinkwrap/shrinkwrap-impl-base/2.0.0-beta-2/shrinkwrap-impl-base-2.0.0-beta-2.jar:/home/runner/.m2/repository/org/jboss/shrinkwrap/shrinkwrap-spi/2.0.0-beta-2/shrinkwrap-spi-2.0.0-beta-2.jar:/home/runner/.m2/repository/org/keycloak/keycloak-admin-client/26.0.4/keycloak-admin-client-26.0.4.jar:/home/runner/.m2/repository/org/keycloak/keycloak-client-common-synced/26.0.4/keycloak-client-common-synced-26.0.4.jar:/home/runner/.m2/repository/jakarta/activation/jakarta.activation-api/2.1.3/jakarta.activation-api-2.1.3.jar:/home/runner/.m2/repository/org/eclipse/microprofile/openapi/microprofile-openapi-api/4.0.2/microprofile-openapi-api-4.0.2.jar:/home/runner/.m2/repository/org/jboss/resteasy/resteasy-client/6.2.12.Final/resteasy-client-6.2.12.Final.jar:/home/runner/.m2/repository/org/jboss/resteasy/resteasy-client-api/6.2.12.Final/resteasy-client-api-6.2.12.Final.jar:/home/runner/.m2/repository/org/jboss/resteasy/resteasy-core-spi/6.2.12.Final/resteasy-core-spi-6.2.12.Final.jar:/home/runner/.m2/repository/org/jboss/resteasy/resteasy-core/6.2.12.Final/resteasy-core-6.2.12.Final.jar:/home/runner/.m2/repository/org/eclipse/angus/angus-activation/2.0.2/angus-activation-2.0.2.jar:/home/runner/.m2/repository/com/ibm/async/asyncutil/0.1.0/asyncutil-0.1.0.jar:/home/runner/.m2/repository/org/reactivestreams/reactive-streams/1.0.4/reactive-streams-1.0.4.jar:/home/runner/.m2/repository/org/jboss/resteasy/resteasy-multipart-provider/6.2.12.Final/resteasy-multipart-provider-6.2.12.Final.jar:/home/runner/.m2/repository/jakarta/mail/jakarta.mail-api/2.1.3/jakarta.mail-api-2.1.3.jar:/home/runner/.m2/repository/org/eclipse/angus/angus-mail/2.0.3/angus-mail-2.0.3.jar:/home/runner/.m2/repository/org/apache/james/apache-mime4j-dom/0.8.12/apache-mime4j-dom-0.8.12.jar:/home/runner/.m2/repository/org/apache/james/apache-mime4j-core/0.8.12/apache-mime4j-core-0.8.12.jar:/home/runner/.m2/repository/org/apache/james/apache-mime4j-storage/0.8.12/apache-mime4j-storage-0.8.12.jar:/home/runner/.m2/repository/org/jboss/resteasy/resteasy-jackson2-provider/6.2.12.Final/resteasy-jackson2-provider-6.2.12.Final.jar:/home/runner/.m2/repository/com/fasterxml/jackson/jakarta/rs/jackson-jakarta-rs-base/2.18.2/jackson-jakarta-rs-base-2.18.2.jar:/home/runner/.m2/repository/com/fasterxml/jackson/jakarta/rs/jackson-jakarta-rs-json-provider/2.18.2/jackson-jakarta-rs-json-provider-2.18.2.jar:/home/runner/.m2/repository/com/fasterxml/jackson/module/jackson-module-jakarta-xmlbind-annotations/2.18.2/jackson-module-jakarta-xmlbind-annotations-2.18.2.jar:/home/runner/.m2/repository/com/github/java-json-tools/json-patch/1.13/json-patch-1.13.jar:/home/runner/.m2/repository/com/github/java-json-tools/msg-simple/1.2/msg-simple-1.2.jar:/home/runner/.m2/repository/com/github/java-json-tools/btf/1.3/btf-1.3.jar:/home/runner/.m2/repository/com/github/java-json-tools/jackson-coreutils/2.0/jackson-coreutils-2.0.jar:/home/runner/.m2/repository/org/jboss/resteasy/resteasy-jaxb-provider/6.2.12.Final/resteasy-jaxb-provider-6.2.12.Final.jar:/home/runner/.m2/repository/org/glassfish/jaxb/codemodel/4.0.5/codemodel-4.0.5.jar:/home/runner/.m2/repository/org/glassfish/jaxb/jaxb-core/4.0.5/jaxb-core-4.0.5.jar:/home/runner/.m2/repository/org/glassfish/jaxb/jaxb-jxc/4.0.5/jaxb-jxc-4.0.5.jar:/home/runner/.m2/repository/org/glassfish/jaxb/jaxb-runtime/4.0.5/jaxb-runtime-4.0.5.jar:/home/runner/.m2/repository/org/glassfish/jaxb/txw2/4.0.5/txw2-4.0.5.jar:/home/runner/.m2/repository/org/glassfish/jaxb/jaxb-xjc/4.0.5/jaxb-xjc-4.0.5.jar:/home/runner/.m2/repository/org/glassfish/jaxb/xsom/4.0.5/xsom-4.0.5.jar:/home/runner/.m2/repository/com/sun/istack/istack-commons-runtime/4.1.2/istack-commons-runtime-4.1.2.jar:/home/runner/.m2/repository/com/sun/istack/istack-commons-tools/4.1.2/istack-commons-tools-4.1.2.jar:/home/runner/.m2/repository/com/sun/xml/bind/external/relaxng-datatype/4.0.5/relaxng-datatype-4.0.5.jar:/home/runner/.m2/repository/com/sun/xml/bind/external/rngom/4.0.5/rngom-4.0.5.jar:/home/runner/.m2/repository/org/testcontainers/mssqlserver/1.20.6/mssqlserver-1.20.6.jar:/home/runner/.m2/repository/org/testcontainers/jdbc/1.20.6/jdbc-1.20.6.jar:/home/runner/.m2/repository/org/testcontainers/database-commons/1.20.6/database-commons-1.20.6.jar:/home/runner/.m2/repository/org/testcontainers/mysql/1.20.6/mysql-1.20.6.jar:/home/runner/.m2/repository/io/strimzi/strimzi-test-container/0.112.0/strimzi-test-container-0.112.0.jar:/home/runner/.m2/repository/org/testcontainers/toxiproxy/1.20.6/toxiproxy-1.20.6.jar:/home/runner/.m2/repository/com/github/docker-java/docker-java-api/3.4.1/docker-java-api-3.4.1.jar:/home/runner/.m2/repository/org/apache/logging/log4j/log4j-slf4j-impl/2.19.0/log4j-slf4j-impl-2.19.0.jar:/home/runner/.m2/repository/org/apache/logging/log4j/log4j-api/2.24.3/log4j-api-2.24.3.jar:/home/runner/.m2/repository/org/apache/logging/log4j/log4j-core/2.19.0/log4j-core-2.19.0.jar:/home/runner/.m2/repository/eu/rekawek/toxiproxy/toxiproxy-java/2.1.7/toxiproxy-java-2.1.7.jar:/home/runner/.m2/repository/org/testcontainers/pulsar/1.21.3/pulsar-1.21.3.jar:/home/runner/.m2/repository/io/debezium/debezium-testing-testcontainers/2.7.4.Final/debezium-testing-testcontainers-2.7.4.Final.jar:/home/runner/.m2/repository/org/testcontainers/kafka/1.20.6/kafka-1.20.6.jar:/home/runner/.m2/repository/com/squareup/okhttp3/okhttp/4.8.1/okhttp-4.8.1.jar:/home/runner/.m2/repository/com/squareup/okio/okio/3.10.2/okio-3.10.2.jar:/home/runner/.m2/repository/com/squareup/okio/okio-jvm/3.10.2/okio-jvm-3.10.2.jar:/home/runner/.m2/repository/org/jetbrains/kotlin/kotlin-stdlib/2.0.21/kotlin-stdlib-2.0.21.jar:/home/runner/.m2/repository/org/awaitility/awaitility/4.3.0/awaitility-4.3.0.jar:/home/runner/.m2/repository/org/testcontainers/mongodb/1.20.6/mongodb-1.20.6.jar:/home/runner/.m2/repository/org/testcontainers/mariadb/1.20.6/mariadb-1.20.6.jar:/home/runner/.m2/repository/org/testcontainers/oracle-xe/1.20.6/oracle-xe-1.20.6.jar:/home/runner/.m2/repository/org/testcontainers/postgresql/1.20.6/postgresql-1.20.6.jar:/home/runner/.m2/repository/org/wiremock/wiremock/3.0.1/wiremock-3.0.1.jar:/home/runner/.m2/repository/org/eclipse/jetty/jetty-server/11.0.15/jetty-server-11.0.15.jar:/home/runner/.m2/repository/org/eclipse/jetty/toolchain/jetty-jakarta-servlet-api/5.0.2/jetty-jakarta-servlet-api-5.0.2.jar:/home/runner/.m2/repository/org/eclipse/jetty/jetty-http/11.0.15/jetty-http-11.0.15.jar:/home/runner/.m2/repository/org/eclipse/jetty/jetty-io/11.0.15/jetty-io-11.0.15.jar:/home/runner/.m2/repository/org/eclipse/jetty/jetty-servlet/11.0.15/jetty-servlet-11.0.15.jar:/home/runner/.m2/repository/org/eclipse/jetty/jetty-security/11.0.15/jetty-security-11.0.15.jar:/home/runner/.m2/repository/org/eclipse/jetty/jetty-servlets/11.0.15/jetty-servlets-11.0.15.jar:/home/runner/.m2/repository/org/eclipse/jetty/jetty-util/11.0.15/jetty-util-11.0.15.jar:/home/runner/.m2/repository/org/eclipse/jetty/jetty-webapp/11.0.15/jetty-webapp-11.0.15.jar:/home/runner/.m2/repository/org/eclipse/jetty/jetty-xml/11.0.15/jetty-xml-11.0.15.jar:/home/runner/.m2/repository/org/eclipse/jetty/jetty-proxy/11.0.15/jetty-proxy-11.0.15.jar:/home/runner/.m2/repository/org/eclipse/jetty/jetty-client/11.0.15/jetty-client-11.0.15.jar:/home/runner/.m2/repository/org/eclipse/jetty/http2/http2-server/11.0.15/http2-server-11.0.15.jar:/home/runner/.m2/repository/org/eclipse/jetty/http2/http2-common/11.0.15/http2-common-11.0.15.jar:/home/runner/.m2/repository/org/eclipse/jetty/http2/http2-hpack/11.0.15/http2-hpack-11.0.15.jar:/home/runner/.m2/repository/org/eclipse/jetty/jetty-alpn-server/11.0.15/jetty-alpn-server-11.0.15.jar:/home/runner/.m2/repository/org/eclipse/jetty/jetty-alpn-java-server/11.0.15/jetty-alpn-java-server-11.0.15.jar:/home/runner/.m2/repository/org/eclipse/jetty/jetty-alpn-java-client/11.0.15/jetty-alpn-java-client-11.0.15.jar:/home/runner/.m2/repository/org/eclipse/jetty/jetty-alpn-client/11.0.15/jetty-alpn-client-11.0.15.jar:/home/runner/.m2/repository/org/apache/httpcomponents/client5/httpclient5/5.2.1/httpclient5-5.2.1.jar:/home/runner/.m2/repository/org/apache/httpcomponents/core5/httpcore5/5.2/httpcore5-5.2.jar:/home/runner/.m2/repository/org/apache/httpcomponents/core5/httpcore5-h2/5.2/httpcore5-h2-5.2.jar:/home/runner/.m2/repository/org/xmlunit/xmlunit-core/2.9.1/xmlunit-core-2.9.1.jar:/home/runner/.m2/repository/jakarta/xml/bind/jakarta.xml.bind-api/4.0.2/jakarta.xml.bind-api-4.0.2.jar:/home/runner/.m2/repository/org/xmlunit/xmlunit-legacy/2.9.1/xmlunit-legacy-2.9.1.jar:/home/runner/.m2/repository/org/xmlunit/xmlunit-placeholders/2.9.1/xmlunit-placeholders-2.9.1.jar:/home/runner/.m2/repository/net/javacrumbs/json-unit/json-unit-core/2.38.0/json-unit-core-2.38.0.jar:/home/runner/.m2/repository/org/hamcrest/hamcrest-core/2.2/hamcrest-core-2.2.jar:/home/runner/.m2/repository/com/jayway/jsonpath/json-path/2.8.0/json-path-2.8.0.jar:/home/runner/.m2/repository/net/minidev/json-smart/2.4.10/json-smart-2.4.10.jar:/home/runner/.m2/repository/net/minidev/accessors-smart/2.4.9/accessors-smart-2.4.9.jar:/home/runner/.m2/repository/org/ow2/asm/asm/9.7.1/asm-9.7.1.jar:/home/runner/.m2/repository/net/sf/jopt-simple/jopt-simple/5.0.4/jopt-simple-5.0.4.jar:/home/runner/.m2/repository/com/github/jknack/handlebars/4.3.1/handlebars-4.3.1.jar:/home/runner/.m2/repository/com/github/jknack/handlebars-helpers/4.3.1/handlebars-helpers-4.3.1.jar:/home/runner/.m2/repository/commons-fileupload/commons-fileupload/1.5/commons-fileupload-1.5.jar:/home/runner/.m2/repository/com/networknt/json-schema-validator/1.5.8/json-schema-validator-1.5.8.jar:/home/runner/.m2/repository/com/ethlo/time/itu/1.10.3/itu-1.10.3.jar:/home/runner/.m2/repository/io/quarkus/quarkus-smallrye-jwt-build/3.20.2/quarkus-smallrye-jwt-build-3.20.2.jar:/home/runner/.m2/repository/io/smallrye/smallrye-jwt-build/4.6.2/smallrye-jwt-build-4.6.2.jar:/home/runner/.m2/repository/org/eclipse/microprofile/jwt/microprofile-jwt-auth-api/2.1/microprofile-jwt-auth-api-2.1.jar:/home/runner/.m2/repository/org/bitbucket/b_c/jose4j/0.9.6/jose4j-0.9.6.jar:/home/runner/.m2/repository/io/smallrye/smallrye-jwt-common/4.6.2/smallrye-jwt-common-4.6.2.jar:/home/runner/.m2/repository/io/quarkus/quarkus-jsonp/3.20.2/quarkus-jsonp-3.20.2.jar:/home/runner/.m2/repository/io/quarkus/quarkus-arc/3.20.2/quarkus-arc-3.20.2.jar:/home/runner/.m2/repository/io/quarkus/arc/arc/3.20.2/arc-3.20.2.jar:/home/runner/.m2/repository/jakarta/transaction/jakarta.transaction-api/2.0.1/jakarta.transaction-api-2.0.1.jar:/home/runner/.m2/repository/io/smallrye/reactive/mutiny/2.9.2/mutiny-2.9.2.jar:/home/runner/.m2/repository/org/jctools/jctools-core/4.0.5/jctools-core-4.0.5.jar:/home/runner/.m2/repository/org/eclipse/microprofile/context-propagation/microprofile-context-propagation-api/1.3/microprofile-context-propagation-api-1.3.jar:/home/runner/.m2/repository/io/apicurio/apicurio-common-rest-client-common/0.1.18.Final/apicurio-common-rest-client-common-0.1.18.Final.jar:/home/runner/work/apicurio-testing/apicurio-testing/clusters/ci419/namespaces/inmemory/tests/integration/apicurio-registry/utils/maven-plugin/target/apicurio-registry-maven-plugin-3.0.15.jar:/home/runner/.m2/repository/com/fasterxml/jackson/core/jackson-databind/2.18.2/jackson-databind-2.18.2.jar:/home/runner/.m2/repository/org/apache/avro/avro/1.12.0/avro-1.12.0.jar:/home/runner/.m2/repository/com/google/protobuf/protobuf-java/4.32.1/protobuf-java-4.32.1.jar:/home/runner/.m2/repository/com/google/protobuf/protobuf-java-util/4.32.1/protobuf-java-util-4.32.1.jar:/home/runner/.m2/repository/com/google/code/findbugs/jsr305/3.0.2/jsr305-3.0.2.jar:/home/runner/.m2/repository/com/google/code/gson/gson/2.12.1/gson-2.12.1.jar:/home/runner/.m2/repository/com/google/errorprone/error_prone_annotations/2.36.0/error_prone_annotations-2.36.0.jar:/home/runner/.m2/repository/com/google/j2objc/j2objc-annotations/2.8/j2objc-annotations-2.8.jar:/home/runner/work/apicurio-testing/apicurio-testing/clusters/ci419/namespaces/inmemory/tests/integration/apicurio-registry/schema-util/util-provider/target/apicurio-registry-schema-util-provider-3.0.15.jar:/home/runner/work/apicurio-testing/apicurio-testing/clusters/ci419/namespaces/inmemory/tests/integration/apicurio-registry/schema-util/common/target/apicurio-registry-schema-util-common-3.0.15.jar:/home/runner/.m2/repository/com/fasterxml/jackson/module/jackson-module-parameter-names/2.18.2/jackson-module-parameter-names-2.18.2.jar:/home/runner/.m2/repository/com/fasterxml/jackson/datatype/jackson-datatype-json-org/2.18.2/jackson-datatype-json-org-2.18.2.jar:/home/runner/work/apicurio-testing/apicurio-testing/clusters/ci419/namespaces/inmemory/tests/integration/apicurio-registry/schema-util/json/target/apicurio-registry-schema-util-json-3.0.15.jar:/home/runner/.m2/repository/com/github/erosb/everit-json-schema/1.14.5/everit-json-schema-1.14.5.jar:/home/runner/.m2/repository/commons-validator/commons-validator/1.9.0/commons-validator-1.9.0.jar:/home/runner/.m2/repository/commons-digester/commons-digester/2.1/commons-digester-2.1.jar:/home/runner/.m2/repository/commons-collections/commons-collections/3.2.2/commons-collections-3.2.2.jar:/home/runner/.m2/repository/com/damnhandy/handy-uri-templates/2.1.8/handy-uri-templates-2.1.8.jar:/home/runner/.m2/repository/joda-time/joda-time/2.10.2/joda-time-2.10.2.jar:/home/runner/.m2/repository/com/github/erosb/json-sKema/0.20.0/json-sKema-0.20.0.jar:/home/runner/.m2/repository/io/vertx/vertx-json-schema/4.5.16/vertx-json-schema-4.5.16.jar:/home/runner/work/apicurio-testing/apicurio-testing/clusters/ci419/namespaces/inmemory/tests/integration/apicurio-registry/schema-util/protobuf/target/apicurio-registry-schema-util-protobuf-3.0.15.jar:/home/runner/work/apicurio-testing/apicurio-testing/clusters/ci419/namespaces/inmemory/tests/integration/apicurio-registry/utils/protobuf-schema-utilities/target/apicurio-registry-protobuf-schema-utilities-3.0.15.jar:/home/runner/.m2/repository/com/google/api/grpc/proto-google-common-protos/2.52.0/proto-google-common-protos-2.52.0.jar:/home/runner/.m2/repository/com/squareup/wire/wire-schema-jvm/5.3.3/wire-schema-jvm-5.3.3.jar:/home/runner/.m2/repository/com/palantir/javapoet/javapoet/0.6.0/javapoet-0.6.0.jar:/home/runner/.m2/repository/com/squareup/kotlinpoet-jvm/2.0.0/kotlinpoet-jvm-2.0.0.jar:/home/runner/.m2/repository/org/jetbrains/kotlin/kotlin-reflect/2.0.21/kotlin-reflect-2.0.21.jar:/home/runner/.m2/repository/com/squareup/wire/wire-runtime-jvm/5.3.3/wire-runtime-jvm-5.3.3.jar:/home/runner/.m2/repository/com/ibm/icu/icu4j/76.1/icu4j-76.1.jar:/home/runner/.m2/repository/com/squareup/okio/okio-fakefilesystem/3.10.2/okio-fakefilesystem-3.10.2.jar:/home/runner/.m2/repository/com/squareup/okio/okio-fakefilesystem-jvm/3.10.2/okio-fakefilesystem-jvm-3.10.2.jar:/home/runner/.m2/repository/org/jetbrains/kotlinx/kotlinx-datetime-jvm/0.6.1/kotlinx-datetime-jvm-0.6.1.jar:/home/runner/work/apicurio-testing/apicurio-testing/clusters/ci419/namespaces/inmemory/tests/integration/apicurio-registry/schema-util/asyncapi/target/apicurio-registry-schema-util-asyncapi-3.0.15.jar:/home/runner/work/apicurio-testing/apicurio-testing/clusters/ci419/namespaces/inmemory/tests/integration/apicurio-registry/schema-util/avro/target/apicurio-registry-schema-util-avro-3.0.15.jar:/home/runner/work/apicurio-testing/apicurio-testing/clusters/ci419/namespaces/inmemory/tests/integration/apicurio-registry/schema-util/graphql/target/apicurio-registry-schema-util-graphql-3.0.15.jar:/home/runner/.m2/repository/com/graphql-java/graphql-java/22.4/graphql-java-22.4.jar:/home/runner/.m2/repository/com/graphql-java/java-dataloader/3.3.0/java-dataloader-3.3.0.jar:/home/runner/work/apicurio-testing/apicurio-testing/clusters/ci419/namespaces/inmemory/tests/integration/apicurio-registry/schema-util/kconnect/target/apicurio-registry-schema-util-kconnect-3.0.15.jar:/home/runner/work/apicurio-testing/apicurio-testing/clusters/ci419/namespaces/inmemory/tests/integration/apicurio-registry/schema-util/openapi/target/apicurio-registry-schema-util-openapi-3.0.15.jar:/home/runner/.m2/repository/io/apicurio/apicurio-data-models/2.2.2/apicurio-data-models-2.2.2.jar:/home/runner/.m2/repository/org/slf4j/jcl-over-slf4j/2.0.6/jcl-over-slf4j-2.0.6.jar:/home/runner/.m2/repository/org/openapitools/openapidiff/openapi-diff-core/2.1.2/openapi-diff-core-2.1.2.jar:/home/runner/.m2/repository/io/swagger/parser/v3/swagger-parser/2.1.28/swagger-parser-2.1.28.jar:/home/runner/.m2/repository/io/swagger/parser/v3/swagger-parser-v2-converter/2.1.28/swagger-parser-v2-converter-2.1.28.jar:/home/runner/.m2/repository/io/swagger/swagger-core/1.6.16/swagger-core-1.6.16.jar:/home/runner/.m2/repository/io/swagger/swagger-models/1.6.16/swagger-models-1.6.16.jar:/home/runner/.m2/repository/io/swagger/swagger-annotations/1.6.16/swagger-annotations-1.6.16.jar:/home/runner/.m2/repository/io/swagger/swagger-parser/1.0.75/swagger-parser-1.0.75.jar:/home/runner/.m2/repository/io/swagger/swagger-parser-safe-url-resolver/1.0.75/swagger-parser-safe-url-resolver-1.0.75.jar:/home/runner/.m2/repository/io/swagger/swagger-compat-spec-parser/1.0.75/swagger-compat-spec-parser-1.0.75.jar:/home/runner/.m2/repository/com/github/java-json-tools/json-schema-validator/2.2.14/json-schema-validator-2.2.14.jar:/home/runner/.m2/repository/com/github/java-json-tools/jackson-coreutils-equivalence/1.0/jackson-coreutils-equivalence-1.0.jar:/home/runner/.m2/repository/com/github/java-json-tools/json-schema-core/1.2.14/json-schema-core-1.2.14.jar:/home/runner/.m2/repository/com/github/java-json-tools/uri-template/0.10/uri-template-0.10.jar:/home/runner/.m2/repository/com/googlecode/libphonenumber/libphonenumber/8.11.1/libphonenumber-8.11.1.jar:/home/runner/.m2/repository/com/j2html/j2html/1.6.0/j2html-1.6.0.jar:/home/runner/.m2/repository/org/apache/commons/commons-collections4/4.5.0/commons-collections4-4.5.0.jar:/home/runner/.m2/repository/io/swagger/parser/v3/swagger-parser-v3/2.1.31/swagger-parser-v3-2.1.31.jar:/home/runner/.m2/repository/io/swagger/core/v3/swagger-models/2.2.34/swagger-models-2.2.34.jar:/home/runner/.m2/repository/io/swagger/core/v3/swagger-core/2.2.34/swagger-core-2.2.34.jar:/home/runner/.m2/repository/io/swagger/parser/v3/swagger-parser-core/2.1.31/swagger-parser-core-2.1.31.jar:/home/runner/.m2/repository/io/swagger/parser/v3/swagger-parser-safe-url-resolver/2.1.31/swagger-parser-safe-url-resolver-2.1.31.jar:/home/runner/work/apicurio-testing/apicurio-testing/clusters/ci419/namespaces/inmemory/tests/integration/apicurio-registry/schema-util/wsdl/target/apicurio-registry-schema-util-wsdl-3.0.15.jar:/home/runner/.m2/repository/wsdl4j/wsdl4j/1.6.3/wsdl4j-1.6.3.jar:/home/runner/work/apicurio-testing/apicurio-testing/clusters/ci419/namespaces/inmemory/tests/integration/apicurio-registry/schema-util/xml/target/apicurio-registry-schema-util-xml-3.0.15.jar:/home/runner/.m2/repository/org/apache/santuario/xmlsec/4.0.4/xmlsec-4.0.4.jar:/home/runner/.m2/repository/com/fasterxml/woodstox/woodstox-core/7.1.1/woodstox-core-7.1.1.jar:/home/runner/.m2/repository/org/codehaus/woodstox/stax2-api/4.2.2/stax2-api-4.2.2.jar:/home/runner/work/apicurio-testing/apicurio-testing/clusters/ci419/namespaces/inmemory/tests/integration/apicurio-registry/schema-util/xsd/target/apicurio-registry-schema-util-xsd-3.0.15.jar:/home/runner/work/apicurio-testing/apicurio-testing/clusters/ci419/namespaces/inmemory/tests/integration/apicurio-registry/serdes/kafka/jsonschema-serde/target/apicurio-registry-jsonschema-serde-kafka-3.0.15.jar:/home/runner/work/apicurio-testing/apicurio-testing/clusters/ci419/namespaces/inmemory/tests/integration/apicurio-registry/serdes/kafka/serde-kafka-common/target/apicurio-registry-serde-kafka-common-3.0.15.jar:/home/runner/work/apicurio-testing/apicurio-testing/clusters/ci419/namespaces/inmemory/tests/integration/apicurio-registry/serdes/generic/serde-common/target/apicurio-registry-serde-common-3.0.15.jar:/home/runner/work/apicurio-testing/apicurio-testing/clusters/ci419/namespaces/inmemory/tests/integration/apicurio-registry/serdes/generic/serde-common-jsonschema/target/apicurio-registry-serde-common-jsonschema-3.0.15.jar:/home/runner/.m2/repository/org/json/json/20250107/json-20250107.jar:/home/runner/work/apicurio-testing/apicurio-testing/clusters/ci419/namespaces/inmemory/tests/integration/apicurio-registry/serdes/kafka/avro-serde/target/apicurio-registry-avro-serde-kafka-3.0.15.jar:/home/runner/work/apicurio-testing/apicurio-testing/clusters/ci419/namespaces/inmemory/tests/integration/apicurio-registry/serdes/generic/serde-common-avro/target/apicurio-registry-serde-common-avro-3.0.15.jar:/home/runner/work/apicurio-testing/apicurio-testing/clusters/ci419/namespaces/inmemory/tests/integration/apicurio-registry/serdes/kafka/protobuf-serde/target/apicurio-registry-protobuf-serde-kafka-3.0.15.jar:/home/runner/work/apicurio-testing/apicurio-testing/clusters/ci419/namespaces/inmemory/tests/integration/apicurio-registry/serdes/generic/serde-common-protobuf/target/apicurio-registry-serde-common-protobuf-3.0.15.jar:/home/runner/.m2/repository/com/squareup/wire/wire-schema/5.3.3/wire-schema-5.3.3.jar:/home/runner/.m2/repository/com/squareup/wire/wire-runtime/5.3.3/wire-runtime-5.3.3.jar:/home/runner/work/apicurio-testing/apicurio-testing/clusters/ci419/namespaces/inmemory/tests/integration/apicurio-registry/serdes/pulsar/avro-serde/target/apicurio-registry-avro-serde-pulsar-3.0.15.jar:/home/runner/.m2/repository/org/apache/pulsar/pulsar-functions-api/3.3.8/pulsar-functions-api-3.3.8.jar:/home/runner/work/apicurio-testing/apicurio-testing/clusters/ci419/namespaces/inmemory/tests/integration/apicurio-registry/serdes/nats/avro-serde/target/apicurio-registry-avro-serde-nats-3.0.15.jar:/home/runner/.m2/repository/io/nats/jnats/2.21.4/jnats-2.21.4.jar:/home/runner/.m2/repository/org/bouncycastle/bcprov-lts8on/2.73.7/bcprov-lts8on-2.73.7.jar:/home/runner/.m2/repository/org/jetbrains/annotations/26.0.2/annotations-26.0.2.jar:/home/runner/work/apicurio-testing/apicurio-testing/clusters/ci419/namespaces/inmemory/tests/integration/apicurio-registry/utils/converter/target/apicurio-registry-utils-converter-3.0.15.jar:/home/runner/work/apicurio-testing/apicurio-testing/clusters/ci419/namespaces/inmemory/tests/integration/apicurio-registry/schema-resolver/target/apicurio-registry-schema-resolver-3.0.15.jar:/home/runner/.m2/repository/org/apache/kafka/connect-api/3.9.1/connect-api-3.9.1.jar:/home/runner/.m2/repository/javax/ws/rs/javax.ws.rs-api/2.1.1/javax.ws.rs-api-2.1.1.jar:/home/runner/.m2/repository/org/apache/kafka/connect-json/3.9.1/connect-json-3.9.1.jar:/home/runner/.m2/repository/com/fasterxml/jackson/datatype/jackson-datatype-jdk8/2.18.2/jackson-datatype-jdk8-2.18.2.jar:/home/runner/.m2/repository/com/fasterxml/jackson/module/jackson-module-afterburner/2.18.2/jackson-module-afterburner-2.18.2.jar:/home/runner/work/apicurio-testing/apicurio-testing/clusters/ci419/namespaces/inmemory/tests/integration/apicurio-registry/utils/kafka/target/apicurio-registry-utils-kafka-3.0.15.jar:/home/runner/.m2/repository/org/apache/pulsar/pulsar-client/3.3.8/pulsar-client-3.3.8.jar:/home/runner/.m2/repository/org/apache/pulsar/pulsar-client-api/3.3.8/pulsar-client-api-3.3.8.jar:/home/runner/.m2/repository/org/apache/pulsar/pulsar-client-admin-api/3.3.8/pulsar-client-admin-api-3.3.8.jar:/home/runner/.m2/repository/org/apache/pulsar/bouncy-castle-bc/3.3.8/bouncy-castle-bc-3.3.8-pkg.jar:/home/runner/.m2/repository/org/bouncycastle/bcpkix-jdk18on/1.81/bcpkix-jdk18on-1.81.jar:/home/runner/.m2/repository/org/bouncycastle/bcutil-jdk18on/1.81/bcutil-jdk18on-1.81.jar:/home/runner/.m2/repository/org/bouncycastle/bcprov-jdk18on/1.81/bcprov-jdk18on-1.81.jar:/home/runner/.m2/repository/io/opentelemetry/opentelemetry-api/1.44.1/opentelemetry-api-1.44.1.jar:/home/runner/.m2/repository/io/opentelemetry/opentelemetry-context/1.44.1/opentelemetry-context-1.44.1.jar:/home/runner/.m2/repository/io/opentelemetry/opentelemetry-api-incubator/1.44.1-alpha/opentelemetry-api-incubator-1.44.1-alpha.jar:/home/runner/.m2/repository/com/fasterxml/jackson/core/jackson-annotations/2.18.2/jackson-annotations-2.18.2.jar:/home/runner/.m2/repository/javax/validation/validation-api/1.1.0.Final/validation-api-1.1.0.Final.jar:/home/runner/.m2/repository/org/jspecify/jspecify/1.0.0/jspecify-1.0.0.jar:/home/runner/.m2/repository/org/apache/commons/commons-configuration2/2.12.0/commons-configuration2-2.12.0.jar:/home/runner/.m2/repository/commons-logging/commons-logging/1.3.5/commons-logging-1.3.5.jar:/home/runner/.m2/repository/org/apache/commons/commons-text/1.13.0/commons-text-1.13.0.jar:/home/runner/.m2/repository/io/confluent/kafka-avro-serializer/8.0.0/kafka-avro-serializer-8.0.0.jar:/home/runner/.m2/repository/org/apache/commons/commons-compress/1.27.1/commons-compress-1.27.1.jar:/home/runner/.m2/repository/io/confluent/kafka-schema-serializer/8.0.0/kafka-schema-serializer-8.0.0.jar:/home/runner/.m2/repository/com/fasterxml/jackson/dataformat/jackson-dataformat-csv/2.18.2/jackson-dataformat-csv-2.18.2.jar:/home/runner/.m2/repository/io/confluent/kafka-schema-registry-client/8.0.0/kafka-schema-registry-client-8.0.0.jar:/home/runner/.m2/repository/org/yaml/snakeyaml/2.3/snakeyaml-2.3.jar:/home/runner/.m2/repository/io/swagger/core/v3/swagger-annotations/2.2.29/swagger-annotations-2.2.29.jar:/home/runner/.m2/repository/com/google/guava/guava/33.4.0-jre/guava-33.4.0-jre.jar:/home/runner/.m2/repository/com/google/guava/failureaccess/1.0.1/failureaccess-1.0.1.jar:/home/runner/.m2/repository/org/checkerframework/checker-qual/3.49.0/checker-qual-3.49.0.jar:/home/runner/.m2/repository/io/confluent/logredactor/1.0.13/logredactor-1.0.13.jar:/home/runner/.m2/repository/com/google/re2j/re2j/1.6/re2j-1.6.jar:/home/runner/.m2/repository/io/confluent/logredactor-metrics/1.0.13/logredactor-metrics-1.0.13.jar:/home/runner/.m2/repository/com/eclipsesource/minimal-json/minimal-json/0.9.5/minimal-json-0.9.5.jar:/home/runner/.m2/repository/io/confluent/common-utils/8.0.0/common-utils-8.0.0.jar:/home/runner/.m2/repository/io/confluent/kafka-connect-avro-converter/8.0.0/kafka-connect-avro-converter-8.0.0.jar:/home/runner/.m2/repository/io/confluent/kafka-connect-avro-data/8.0.0/kafka-connect-avro-data-8.0.0.jar:/home/runner/.m2/repository/io/confluent/kafka-schema-converter/8.0.0/kafka-schema-converter-8.0.0.jar:/home/runner/.m2/repository/io/rest-assured/rest-assured/5.5.1/rest-assured-5.5.1.jar:/home/runner/.m2/repository/org/apache/groovy/groovy/4.0.22/groovy-4.0.22.jar:/home/runner/.m2/repository/org/apache/groovy/groovy-xml/4.0.22/groovy-xml-4.0.22.jar:/home/runner/.m2/repository/org/apache/httpcomponents/httpclient/4.5.14/httpclient-4.5.14.jar:/home/runner/.m2/repository/org/apache/httpcomponents/httpcore/4.4.16/httpcore-4.4.16.jar:/home/runner/.m2/repository/org/apache/httpcomponents/httpmime/4.5.14/httpmime-4.5.14.jar:/home/runner/.m2/repository/org/hamcrest/hamcrest/2.2/hamcrest-2.2.jar:/home/runner/.m2/repository/org/ccil/cowan/tagsoup/tagsoup/1.2.1/tagsoup-1.2.1.jar:/home/runner/.m2/repository/io/rest-assured/json-path/5.5.1/json-path-5.5.1.jar:/home/runner/.m2/repository/org/apache/groovy/groovy-json/4.0.22/groovy-json-4.0.22.jar:/home/runner/.m2/repository/io/rest-assured/rest-assured-common/5.5.1/rest-assured-common-5.5.1.jar:/home/runner/.m2/repository/io/rest-assured/xml-path/5.5.1/xml-path-5.5.1.jar:/home/runner/.m2/repository/io/zonky/test/embedded-postgres/2.1.0/embedded-postgres-2.1.0.jar:/home/runner/.m2/repository/io/zonky/test/postgres/embedded-postgres-binaries-windows-amd64/14.15.0/embedded-postgres-binaries-windows-amd64-14.15.0.jar:/home/runner/.m2/repository/io/zonky/test/postgres/embedded-postgres-binaries-darwin-amd64/14.15.0/embedded-postgres-binaries-darwin-amd64-14.15.0.jar:/home/runner/.m2/repository/io/zonky/test/postgres/embedded-postgres-binaries-linux-amd64/14.15.0/embedded-postgres-binaries-linux-amd64-14.15.0.jar:/home/runner/.m2/repository/io/zonky/test/postgres/embedded-postgres-binaries-linux-amd64-alpine/14.15.0/embedded-postgres-binaries-linux-amd64-alpine-14.15.0.jar:/home/runner/.m2/repository/org/apache/commons/commons-lang3/3.17.0/commons-lang3-3.17.0.jar:/home/runner/.m2/repository/org/tukaani/xz/1.10/xz-1.10.jar:/home/runner/.m2/repository/commons-codec/commons-codec/1.19.0/commons-codec-1.19.0.jar:/home/runner/.m2/repository/org/postgresql/postgresql/42.7.7/postgresql-42.7.7.jar:/home/runner/.m2/repository/commons-io/commons-io/2.18.0/commons-io-2.18.0.jar:/home/runner/work/apicurio-testing/apicurio-testing/clusters/ci419/namespaces/inmemory/tests/integration/apicurio-registry/utils/importexport/target/apicurio-registry-utils-import-export-3.0.15.jar:/home/runner/.m2/repository/io/vertx/vertx-core/4.5.16/vertx-core-4.5.16.jar:/home/runner/.m2/repository/io/netty/netty-common/4.1.121.Final/netty-common-4.1.121.Final.jar:/home/runner/.m2/repository/io/netty/netty-buffer/4.1.121.Final/netty-buffer-4.1.121.Final.jar:/home/runner/.m2/repository/io/netty/netty-transport/4.1.121.Final/netty-transport-4.1.121.Final.jar:/home/runner/.m2/repository/io/netty/netty-handler/4.1.121.Final/netty-handler-4.1.121.Final.jar:/home/runner/.m2/repository/io/netty/netty-transport-native-unix-common/4.1.121.Final/netty-transport-native-unix-common-4.1.121.Final.jar:/home/runner/.m2/repository/io/netty/netty-codec/4.1.121.Final/netty-codec-4.1.121.Final.jar:/home/runner/.m2/repository/io/netty/netty-handler-proxy/4.1.121.Final/netty-handler-proxy-4.1.121.Final.jar:/home/runner/.m2/repository/io/netty/netty-codec-socks/4.1.121.Final/netty-codec-socks-4.1.121.Final.jar:/home/runner/.m2/repository/io/netty/netty-codec-http/4.1.121.Final/netty-codec-http-4.1.121.Final.jar:/home/runner/.m2/repository/io/netty/netty-codec-http2/4.1.121.Final/netty-codec-http2-4.1.121.Final.jar:/home/runner/.m2/repository/io/netty/netty-resolver/4.1.121.Final/netty-resolver-4.1.121.Final.jar:/home/runner/.m2/repository/io/netty/netty-resolver-dns/4.1.121.Final/netty-resolver-dns-4.1.121.Final.jar:/home/runner/.m2/repository/io/netty/netty-codec-dns/4.1.121.Final/netty-codec-dns-4.1.121.Final.jar:/home/runner/.m2/repository/com/fasterxml/jackson/core/jackson-core/2.18.2/jackson-core-2.18.2.jar:"/>
    <property name="java.vm.vendor" value="Eclipse Adoptium"/>
    <property name="maven.javadoc.skip" value="true"/>
    <property name="sun.arch.data.model" value="64"/>
    <property name="java.vendor.url" value="https://adoptium.net/"/>
    <property name="user.timezone" value="Etc/UTC"/>
    <property name="os.name" value="Linux"/>
    <property name="java.vm.specification.version" value="17"/>
    <property name="sun.java.launcher" value="SUN_STANDARD"/>
    <property name="quarkus.http.test-port" value="80"/>
    <property name="sun.boot.library.path" value="/usr/lib/jvm/temurin-17-jdk-amd64/lib"/>
    <property name="sun.java.command" value="/home/runner/work/apicurio-testing/apicurio-testing/clusters/ci419/namespaces/inmemory/tests/integration/apicurio-registry/integration-tests/target/surefire/surefirebooter-20250926111158684_3.jar /home/runner/work/apicurio-testing/apicurio-testing/clusters/ci419/namespaces/inmemory/tests/integration/apicurio-registry/integration-tests/target/surefire 2025-09-26T11-11-58_626-jvmRun1 surefire-20250926111158684_1tmp surefire_0-20250926111158684_2tmp"/>
    <property name="maven.home" value="/home/runner/.m2/wrapper/dists/apache-maven-3.9.8-bin/4fnp1ql35bgk2a0p7m31ovbgb0/apache-maven-3.9.8"/>
    <property name="jdk.debug" value="release"/>
    <property name="surefire.test.class.path" value="/home/runner/work/apicurio-testing/apicurio-testing/clusters/ci419/namespaces/inmemory/tests/integration/apicurio-registry/integration-tests/target/test-classes:/home/runner/work/apicurio-testing/apicurio-testing/clusters/ci419/namespaces/inmemory/tests/integration/apicurio-registry/integration-tests/target/apicurio-registry-integration-tests-3.0.15.jar:/home/runner/.m2/repository/io/quarkus/quarkus-junit5/3.20.2/quarkus-junit5-3.20.2.jar:/home/runner/.m2/repository/io/quarkus/quarkus-bootstrap-core/3.20.2/quarkus-bootstrap-core-3.20.2.jar:/home/runner/.m2/repository/io/quarkus/quarkus-classloader-commons/3.20.2/quarkus-classloader-commons-3.20.2.jar:/home/runner/.m2/repository/io/quarkus/quarkus-bootstrap-app-model/3.20.2/quarkus-bootstrap-app-model-3.20.2.jar:/home/runner/.m2/repository/io/smallrye/common/smallrye-common-io/2.12.0/smallrye-common-io-2.12.0.jar:/home/runner/.m2/repository/org/eclipse/sisu/org.eclipse.sisu.inject/0.9.0.M3/org.eclipse.sisu.inject-0.9.0.M3.jar:/home/runner/.m2/repository/io/quarkus/quarkus-test-common/3.20.2/quarkus-test-common-3.20.2.jar:/home/runner/.m2/repository/io/quarkus/quarkus-core-deployment/3.20.2/quarkus-core-deployment-3.20.2.jar:/home/runner/.m2/repository/org/aesh/readline/2.6/readline-2.6.jar:/home/runner/.m2/repository/org/fusesource/jansi/jansi/2.4.0/jansi-2.4.0.jar:/home/runner/.m2/repository/org/aesh/aesh/2.8.2/aesh-2.8.2.jar:/home/runner/.m2/repository/io/quarkus/gizmo/gizmo/1.8.0/gizmo-1.8.0.jar:/home/runner/.m2/repository/org/ow2/asm/asm-util/9.7.1/asm-util-9.7.1.jar:/home/runner/.m2/repository/org/ow2/asm/asm-analysis/9.7.1/asm-analysis-9.7.1.jar:/home/runner/.m2/repository/org/ow2/asm/asm-commons/9.7.1/asm-commons-9.7.1.jar:/home/runner/.m2/repository/org/ow2/asm/asm-tree/9.7.1/asm-tree-9.7.1.jar:/home/runner/.m2/repository/io/quarkus/quarkus-hibernate-validator-spi/3.20.2/quarkus-hibernate-validator-spi-3.20.2.jar:/home/runner/.m2/repository/io/quarkus/quarkus-class-change-agent/3.20.2/quarkus-class-change-agent-3.20.2.jar:/home/runner/.m2/repository/io/quarkus/quarkus-devtools-utilities/3.20.2/quarkus-devtools-utilities-3.20.2.jar:/home/runner/.m2/repository/io/quarkus/quarkus-builder/3.20.2/quarkus-builder-3.20.2.jar:/home/runner/.m2/repository/org/graalvm/sdk/nativeimage/23.1.2/nativeimage-23.1.2.jar:/home/runner/.m2/repository/org/graalvm/sdk/word/23.1.2/word-23.1.2.jar:/home/runner/.m2/repository/io/quarkus/quarkus-bootstrap-maven-resolver/3.20.2/quarkus-bootstrap-maven-resolver-3.20.2.jar:/home/runner/.m2/repository/io/smallrye/beanbag/smallrye-beanbag-maven/1.5.2/smallrye-beanbag-maven-1.5.2.jar:/home/runner/.m2/repository/io/smallrye/beanbag/smallrye-beanbag-sisu/1.5.2/smallrye-beanbag-sisu-1.5.2.jar:/home/runner/.m2/repository/io/smallrye/beanbag/smallrye-beanbag/1.5.2/smallrye-beanbag-1.5.2.jar:/home/runner/.m2/repository/javax/inject/javax.inject/1/javax.inject-1.jar:/home/runner/.m2/repository/org/apache/maven/maven-artifact/3.9.9/maven-artifact-3.9.9.jar:/home/runner/.m2/repository/org/apache/maven/maven-builder-support/3.9.9/maven-builder-support-3.9.9.jar:/home/runner/.m2/repository/org/apache/maven/maven-model/3.9.9/maven-model-3.9.9.jar:/home/runner/.m2/repository/org/apache/maven/maven-model-builder/3.9.9/maven-model-builder-3.9.9.jar:/home/runner/.m2/repository/org/apache/maven/maven-repository-metadata/3.9.9/maven-repository-metadata-3.9.9.jar:/home/runner/.m2/repository/org/apache/maven/maven-settings/3.9.9/maven-settings-3.9.9.jar:/home/runner/.m2/repository/org/apache/maven/resolver/maven-resolver-api/1.9.22/maven-resolver-api-1.9.22.jar:/home/runner/.m2/repository/org/apache/maven/resolver/maven-resolver-impl/1.9.22/maven-resolver-impl-1.9.22.jar:/home/runner/.m2/repository/org/apache/maven/resolver/maven-resolver-named-locks/1.9.22/maven-resolver-named-locks-1.9.22.jar:/home/runner/.m2/repository/org/apache/maven/resolver/maven-resolver-spi/1.9.22/maven-resolver-spi-1.9.22.jar:/home/runner/.m2/repository/org/apache/maven/resolver/maven-resolver-util/1.9.22/maven-resolver-util-1.9.22.jar:/home/runner/.m2/repository/org/apache/maven/resolver/maven-resolver-transport-http/1.9.20/maven-resolver-transport-http-1.9.20.jar:/home/runner/.m2/repository/org/apache/maven/wagon/wagon-provider-api/3.5.3/wagon-provider-api-3.5.3.jar:/home/runner/.m2/repository/org/apache/maven/wagon/wagon-http-shared/3.5.3/wagon-http-shared-3.5.3.jar:/home/runner/.m2/repository/org/codehaus/plexus/plexus-interpolation/1.26/plexus-interpolation-1.26.jar:/home/runner/.m2/repository/org/codehaus/plexus/plexus-utils/3.5.1/plexus-utils-3.5.1.jar:/home/runner/.m2/repository/org/codehaus/plexus/plexus-xml/4.0.1/plexus-xml-4.0.1.jar:/home/runner/.m2/repository/org/apache/maven/maven-xml-impl/4.0.0-alpha-5/maven-xml-impl-4.0.0-alpha-5.jar:/home/runner/.m2/repository/org/apache/maven/maven-api-xml/4.0.0-alpha-5/maven-api-xml-4.0.0-alpha-5.jar:/home/runner/.m2/repository/org/apache/maven/maven-api-meta/4.0.0-alpha-5/maven-api-meta-4.0.0-alpha-5.jar:/home/runner/.m2/repository/org/codehaus/plexus/plexus-cipher/2.0/plexus-cipher-2.0.jar:/home/runner/.m2/repository/org/codehaus/plexus/plexus-sec-dispatcher/2.0/plexus-sec-dispatcher-2.0.jar:/home/runner/.m2/repository/org/apache/maven/maven-embedder/3.9.9/maven-embedder-3.9.9.jar:/home/runner/.m2/repository/org/apache/maven/maven-core/3.9.9/maven-core-3.9.9.jar:/home/runner/.m2/repository/org/codehaus/plexus/plexus-component-annotations/2.1.0/plexus-component-annotations-2.1.0.jar:/home/runner/.m2/repository/org/apache/maven/maven-plugin-api/3.9.9/maven-plugin-api-3.9.9.jar:/home/runner/.m2/repository/org/apache/maven/shared/maven-shared-utils/3.4.2/maven-shared-utils-3.4.2.jar:/home/runner/.m2/repository/com/google/inject/guice/5.1.0/guice-5.1.0.jar:/home/runner/.m2/repository/aopalliance/aopalliance/1.0/aopalliance-1.0.jar:/home/runner/.m2/repository/org/codehaus/plexus/plexus-classworlds/2.6.0/plexus-classworlds-2.6.0.jar:/home/runner/.m2/repository/commons-cli/commons-cli/1.8.0/commons-cli-1.8.0.jar:/home/runner/.m2/repository/org/eclipse/sisu/org.eclipse.sisu.plexus/0.9.0.M3/org.eclipse.sisu.plexus-0.9.0.M3.jar:/home/runner/.m2/repository/org/apache/maven/maven-settings-builder/3.9.9/maven-settings-builder-3.9.9.jar:/home/runner/.m2/repository/org/apache/maven/maven-resolver-provider/3.9.9/maven-resolver-provider-3.9.9.jar:/home/runner/.m2/repository/org/apache/maven/resolver/maven-resolver-connector-basic/1.9.22/maven-resolver-connector-basic-1.9.22.jar:/home/runner/.m2/repository/org/apache/maven/resolver/maven-resolver-transport-wagon/1.9.22/maven-resolver-transport-wagon-1.9.22.jar:/home/runner/.m2/repository/org/apache/maven/wagon/wagon-http/3.5.3/wagon-http-3.5.3.jar:/home/runner/.m2/repository/org/apache/maven/wagon/wagon-file/3.5.3/wagon-file-3.5.3.jar:/home/runner/.m2/repository/io/quarkus/quarkus-bootstrap-gradle-resolver/3.20.2/quarkus-bootstrap-gradle-resolver-3.20.2.jar:/home/runner/.m2/repository/io/smallrye/jandex/3.3.0/jandex-3.3.0.jar:/home/runner/.m2/repository/org/jboss/logging/commons-logging-jboss-logging/1.0.0.Final/commons-logging-jboss-logging-1.0.0.Final.jar:/home/runner/.m2/repository/io/quarkus/quarkus-junit5-config/3.20.2/quarkus-junit5-config-3.20.2.jar:/home/runner/.m2/repository/org/junit/jupiter/junit-jupiter-api/5.12.1/junit-jupiter-api-5.12.1.jar:/home/runner/.m2/repository/io/smallrye/config/smallrye-config/3.11.4/smallrye-config-3.11.4.jar:/home/runner/.m2/repository/io/smallrye/config/smallrye-config-core/3.11.4/smallrye-config-core-3.11.4.jar:/home/runner/.m2/repository/io/smallrye/common/smallrye-common-classloader/2.12.0/smallrye-common-classloader-2.12.0.jar:/home/runner/.m2/repository/io/smallrye/config/smallrye-config-common/3.11.4/smallrye-config-common-3.11.4.jar:/home/runner/.m2/repository/org/junit/jupiter/junit-jupiter/5.12.1/junit-jupiter-5.12.1.jar:/home/runner/.m2/repository/org/junit/jupiter/junit-jupiter-params/5.12.1/junit-jupiter-params-5.12.1.jar:/home/runner/.m2/repository/org/junit/jupiter/junit-jupiter-engine/5.12.1/junit-jupiter-engine-5.12.1.jar:/home/runner/.m2/repository/io/quarkus/quarkus-core/3.20.2/quarkus-core-3.20.2.jar:/home/runner/.m2/repository/jakarta/enterprise/jakarta.enterprise.cdi-api/4.1.0/jakarta.enterprise.cdi-api-4.1.0.jar:/home/runner/.m2/repository/jakarta/enterprise/jakarta.enterprise.lang-model/4.1.0/jakarta.enterprise.lang-model-4.1.0.jar:/home/runner/.m2/repository/jakarta/el/jakarta.el-api/5.0.1/jakarta.el-api-5.0.1.jar:/home/runner/.m2/repository/jakarta/interceptor/jakarta.interceptor-api/2.2.0/jakarta.interceptor-api-2.2.0.jar:/home/runner/.m2/repository/jakarta/inject/jakarta.inject-api/2.0.1/jakarta.inject-api-2.0.1.jar:/home/runner/.m2/repository/io/smallrye/common/smallrye-common-os/2.12.0/smallrye-common-os-2.12.0.jar:/home/runner/.m2/repository/io/quarkus/quarkus-ide-launcher/3.20.2/quarkus-ide-launcher-3.20.2.jar:/home/runner/.m2/repository/io/quarkus/quarkus-development-mode-spi/3.20.2/quarkus-development-mode-spi-3.20.2.jar:/home/runner/.m2/repository/org/jboss/logging/jboss-logging/3.6.1.Final/jboss-logging-3.6.1.Final.jar:/home/runner/.m2/repository/org/jboss/logmanager/jboss-logmanager/3.1.2.Final/jboss-logmanager-3.1.2.Final.jar:/home/runner/.m2/repository/io/smallrye/common/smallrye-common-constraint/2.12.0/smallrye-common-constraint-2.12.0.jar:/home/runner/.m2/repository/io/smallrye/common/smallrye-common-cpu/2.12.0/smallrye-common-cpu-2.12.0.jar:/home/runner/.m2/repository/io/smallrye/common/smallrye-common-expression/2.12.0/smallrye-common-expression-2.12.0.jar:/home/runner/.m2/repository/io/smallrye/common/smallrye-common-net/2.12.0/smallrye-common-net-2.12.0.jar:/home/runner/.m2/repository/io/smallrye/common/smallrye-common-ref/2.12.0/smallrye-common-ref-2.12.0.jar:/home/runner/.m2/repository/jakarta/json/jakarta.json-api/2.1.3/jakarta.json-api-2.1.3.jar:/home/runner/.m2/repository/org/eclipse/parsson/parsson/1.1.7/parsson-1.1.7.jar:/home/runner/.m2/repository/org/jboss/logging/jboss-logging-annotations/3.0.4.Final/jboss-logging-annotations-3.0.4.Final.jar:/home/runner/.m2/repository/org/jboss/threads/jboss-threads/3.8.0.Final/jboss-threads-3.8.0.Final.jar:/home/runner/.m2/repository/io/smallrye/common/smallrye-common-annotation/2.12.0/smallrye-common-annotation-2.12.0.jar:/home/runner/.m2/repository/io/smallrye/common/smallrye-common-function/2.12.0/smallrye-common-function-2.12.0.jar:/home/runner/.m2/repository/org/jboss/slf4j/slf4j-jboss-logmanager/2.0.0.Final/slf4j-jboss-logmanager-2.0.0.Final.jar:/home/runner/.m2/repository/org/wildfly/common/wildfly-common/2.0.1/wildfly-common-2.0.1.jar:/home/runner/.m2/repository/io/quarkus/quarkus-bootstrap-runner/3.20.2/quarkus-bootstrap-runner-3.20.2.jar:/home/runner/.m2/repository/io/github/crac/org-crac/0.1.3/org-crac-0.1.3.jar:/home/runner/.m2/repository/io/quarkus/quarkus-fs-util/0.0.10/quarkus-fs-util-0.0.10.jar:/home/runner/.m2/repository/org/jboss/marshalling/jboss-marshalling/2.2.2.Final/jboss-marshalling-2.2.2.Final.jar:/home/runner/.m2/repository/io/fabric8/kubernetes-client/7.1.0/kubernetes-client-7.1.0.jar:/home/runner/.m2/repository/io/fabric8/kubernetes-client-api/7.1.0/kubernetes-client-api-7.1.0.jar:/home/runner/.m2/repository/io/fabric8/kubernetes-model-core/7.1.0/kubernetes-model-core-7.1.0.jar:/home/runner/.m2/repository/io/fabric8/kubernetes-model-common/7.1.0/kubernetes-model-common-7.1.0.jar:/home/runner/.m2/repository/javax/annotation/javax.annotation-api/1.3.2/javax.annotation-api-1.3.2.jar:/home/runner/.m2/repository/io/fabric8/kubernetes-model-gatewayapi/7.1.0/kubernetes-model-gatewayapi-7.1.0.jar:/home/runner/.m2/repository/io/fabric8/kubernetes-model-resource/7.1.0/kubernetes-model-resource-7.1.0.jar:/home/runner/.m2/repository/io/fabric8/kubernetes-model-rbac/7.1.0/kubernetes-model-rbac-7.1.0.jar:/home/runner/.m2/repository/io/fabric8/kubernetes-model-admissionregistration/7.1.0/kubernetes-model-admissionregistration-7.1.0.jar:/home/runner/.m2/repository/io/fabric8/kubernetes-model-apps/7.1.0/kubernetes-model-apps-7.1.0.jar:/home/runner/.m2/repository/io/fabric8/kubernetes-model-autoscaling/7.1.0/kubernetes-model-autoscaling-7.1.0.jar:/home/runner/.m2/repository/io/fabric8/kubernetes-model-apiextensions/7.1.0/kubernetes-model-apiextensions-7.1.0.jar:/home/runner/.m2/repository/io/fabric8/kubernetes-model-batch/7.1.0/kubernetes-model-batch-7.1.0.jar:/home/runner/.m2/repository/io/fabric8/kubernetes-model-certificates/7.1.0/kubernetes-model-certificates-7.1.0.jar:/home/runner/.m2/repository/io/fabric8/kubernetes-model-coordination/7.1.0/kubernetes-model-coordination-7.1.0.jar:/home/runner/.m2/repository/io/fabric8/kubernetes-model-discovery/7.1.0/kubernetes-model-discovery-7.1.0.jar:/home/runner/.m2/repository/io/fabric8/kubernetes-model-events/7.1.0/kubernetes-model-events-7.1.0.jar:/home/runner/.m2/repository/io/fabric8/kubernetes-model-extensions/7.1.0/kubernetes-model-extensions-7.1.0.jar:/home/runner/.m2/repository/io/fabric8/kubernetes-model-flowcontrol/7.1.0/kubernetes-model-flowcontrol-7.1.0.jar:/home/runner/.m2/repository/io/fabric8/kubernetes-model-networking/7.1.0/kubernetes-model-networking-7.1.0.jar:/home/runner/.m2/repository/io/fabric8/kubernetes-model-metrics/7.1.0/kubernetes-model-metrics-7.1.0.jar:/home/runner/.m2/repository/io/fabric8/kubernetes-model-policy/7.1.0/kubernetes-model-policy-7.1.0.jar:/home/runner/.m2/repository/io/fabric8/kubernetes-model-scheduling/7.1.0/kubernetes-model-scheduling-7.1.0.jar:/home/runner/.m2/repository/io/fabric8/kubernetes-model-storageclass/7.1.0/kubernetes-model-storageclass-7.1.0.jar:/home/runner/.m2/repository/io/fabric8/kubernetes-model-node/7.1.0/kubernetes-model-node-7.1.0.jar:/home/runner/.m2/repository/org/snakeyaml/snakeyaml-engine/2.9/snakeyaml-engine-2.9.jar:/home/runner/.m2/repository/com/fasterxml/jackson/dataformat/jackson-dataformat-yaml/2.18.2/jackson-dataformat-yaml-2.18.2.jar:/home/runner/.m2/repository/com/fasterxml/jackson/datatype/jackson-datatype-jsr310/2.18.2/jackson-datatype-jsr310-2.18.2.jar:/home/runner/.m2/repository/io/fabric8/zjsonpatch/7.1.0/zjsonpatch-7.1.0.jar:/home/runner/.m2/repository/io/fabric8/kubernetes-httpclient-vertx/7.1.0/kubernetes-httpclient-vertx-7.1.0.jar:/home/runner/.m2/repository/io/vertx/vertx-web-client/4.5.16/vertx-web-client-4.5.16.jar:/home/runner/.m2/repository/io/vertx/vertx-web-common/4.5.16/vertx-web-common-4.5.16.jar:/home/runner/.m2/repository/io/vertx/vertx-auth-common/4.5.16/vertx-auth-common-4.5.16.jar:/home/runner/.m2/repository/io/vertx/vertx-uri-template/4.5.16/vertx-uri-template-4.5.16.jar:/home/runner/.m2/repository/io/fabric8/openshift-client/7.1.0/openshift-client-7.1.0.jar:/home/runner/.m2/repository/io/fabric8/openshift-client-api/7.1.0/openshift-client-api-7.1.0.jar:/home/runner/.m2/repository/io/fabric8/openshift-model/7.1.0/openshift-model-7.1.0.jar:/home/runner/.m2/repository/io/fabric8/openshift-model-autoscaling/7.1.0/openshift-model-autoscaling-7.1.0.jar:/home/runner/.m2/repository/io/fabric8/openshift-model-operator/7.1.0/openshift-model-operator-7.1.0.jar:/home/runner/.m2/repository/io/fabric8/openshift-model-operatorhub/7.1.0/openshift-model-operatorhub-7.1.0.jar:/home/runner/.m2/repository/io/fabric8/openshift-model-machine/7.1.0/openshift-model-machine-7.1.0.jar:/home/runner/.m2/repository/io/fabric8/openshift-model-whereabouts/7.1.0/openshift-model-whereabouts-7.1.0.jar:/home/runner/.m2/repository/io/fabric8/openshift-model-monitoring/7.1.0/openshift-model-monitoring-7.1.0.jar:/home/runner/.m2/repository/io/fabric8/openshift-model-storageversionmigrator/7.1.0/openshift-model-storageversionmigrator-7.1.0.jar:/home/runner/.m2/repository/io/fabric8/openshift-model-tuned/7.1.0/openshift-model-tuned-7.1.0.jar:/home/runner/.m2/repository/io/fabric8/openshift-model-console/7.1.0/openshift-model-console-7.1.0.jar:/home/runner/.m2/repository/io/fabric8/openshift-model-config/7.1.0/openshift-model-config-7.1.0.jar:/home/runner/.m2/repository/io/fabric8/openshift-model-machineconfiguration/7.1.0/openshift-model-machineconfiguration-7.1.0.jar:/home/runner/.m2/repository/io/fabric8/openshift-model-miscellaneous/7.1.0/openshift-model-miscellaneous-7.1.0.jar:/home/runner/.m2/repository/io/fabric8/openshift-model-hive/7.1.0/openshift-model-hive-7.1.0.jar:/home/runner/.m2/repository/io/fabric8/openshift-model-installer/7.1.0/openshift-model-installer-7.1.0.jar:/home/runner/.m2/repository/org/junit/platform/junit-platform-launcher/1.12.1/junit-platform-launcher-1.12.1.jar:/home/runner/.m2/repository/org/junit/platform/junit-platform-engine/1.12.1/junit-platform-engine-1.12.1.jar:/home/runner/.m2/repository/org/opentest4j/opentest4j/1.3.0/opentest4j-1.3.0.jar:/home/runner/.m2/repository/org/junit/platform/junit-platform-commons/1.12.1/junit-platform-commons-1.12.1.jar:/home/runner/.m2/repository/org/apiguardian/apiguardian-api/1.1.2/apiguardian-api-1.1.2.jar:/home/runner/.m2/repository/jakarta/ws/rs/jakarta.ws.rs-api/3.1.0/jakarta.ws.rs-api-3.1.0.jar:/home/runner/work/apicurio-testing/apicurio-testing/clusters/ci419/namespaces/inmemory/tests/integration/apicurio-registry/java-sdk/target/apicurio-registry-java-sdk-3.0.15.jar:/home/runner/.m2/repository/com/microsoft/kiota/microsoft-kiota-abstractions/1.8.10/microsoft-kiota-abstractions-1.8.10.jar:/home/runner/.m2/repository/io/github/std-uritemplate/std-uritemplate/2.0.0/std-uritemplate-2.0.0.jar:/home/runner/.m2/repository/io/kiota/kiota-http-jdk/0.0.29/kiota-http-jdk-0.0.29.jar:/home/runner/.m2/repository/io/kiota/kiota-http-vertx/0.0.29/kiota-http-vertx-0.0.29.jar:/home/runner/.m2/repository/io/kiota/kiota-serialization-jackson/0.0.29/kiota-serialization-jackson-0.0.29.jar:/home/runner/.m2/repository/com/microsoft/kiota/microsoft-kiota-serialization-text/1.8.10/microsoft-kiota-serialization-text-1.8.10.jar:/home/runner/.m2/repository/com/microsoft/kiota/microsoft-kiota-serialization-form/1.8.10/microsoft-kiota-serialization-form-1.8.10.jar:/home/runner/.m2/repository/com/microsoft/kiota/microsoft-kiota-serialization-multipart/1.8.10/microsoft-kiota-serialization-multipart-1.8.10.jar:/home/runner/.m2/repository/jakarta/annotation/jakarta.annotation-api/3.0.0/jakarta.annotation-api-3.0.0.jar:/home/runner/.m2/repository/io/vertx/vertx-auth-oauth2/4.5.16/vertx-auth-oauth2-4.5.16.jar:/home/runner/work/apicurio-testing/apicurio-testing/clusters/ci419/namespaces/inmemory/tests/integration/apicurio-registry/java-sdk-v2/target/apicurio-registry-v2-java-sdk-3.0.15.jar:/home/runner/work/apicurio-testing/apicurio-testing/clusters/ci419/namespaces/inmemory/tests/integration/apicurio-registry/utils/kafka/target/apicurio-registry-utils-kafka-3.0.15-tests.jar:/home/runner/.m2/repository/org/eclipse/microprofile/config/microprofile-config-api/3.1/microprofile-config-api-3.1.jar:/home/runner/.m2/repository/org/apache/kafka/kafka-clients/3.9.1/kafka-clients-3.9.1.jar:/home/runner/.m2/repository/com/github/luben/zstd-jni/1.5.6-4/zstd-jni-1.5.6-4.jar:/home/runner/.m2/repository/org/lz4/lz4-java/1.8.0/lz4-java-1.8.0.jar:/home/runner/.m2/repository/org/xerial/snappy/snappy-java/1.1.10.5/snappy-java-1.1.10.5.jar:/home/runner/.m2/repository/org/slf4j/slf4j-api/2.0.6/slf4j-api-2.0.6.jar:/home/runner/work/apicurio-testing/apicurio-testing/clusters/ci419/namespaces/inmemory/tests/integration/apicurio-registry/utils/tests/target/apicurio-registry-utils-tests-3.0.15.jar:/home/runner/work/apicurio-testing/apicurio-testing/clusters/ci419/namespaces/inmemory/tests/integration/apicurio-registry/common/target/apicurio-registry-common-3.0.15.jar:/home/runner/.m2/repository/jakarta/validation/jakarta.validation-api/3.0.2/jakarta.validation-api-3.0.2.jar:/home/runner/.m2/repository/com/github/dasniko/testcontainers-keycloak/3.8.0/testcontainers-keycloak-3.8.0.jar:/home/runner/.m2/repository/org/testcontainers/testcontainers/1.20.6/testcontainers-1.20.6.jar:/home/runner/.m2/repository/org/rnorth/duct-tape/duct-tape/1.0.8/duct-tape-1.0.8.jar:/home/runner/.m2/repository/com/github/docker-java/docker-java-transport-zerodep/3.4.1/docker-java-transport-zerodep-3.4.1.jar:/home/runner/.m2/repository/com/github/docker-java/docker-java-transport/3.4.1/docker-java-transport-3.4.1.jar:/home/runner/.m2/repository/net/java/dev/jna/jna/5.8.0/jna-5.8.0.jar:/home/runner/.m2/repository/io/quarkus/quarkus-junit4-mock/3.20.2/quarkus-junit4-mock-3.20.2.jar:/home/runner/.m2/repository/org/jboss/shrinkwrap/shrinkwrap-api/2.0.0-beta-2/shrinkwrap-api-2.0.0-beta-2.jar:/home/runner/.m2/repository/org/jboss/shrinkwrap/shrinkwrap-impl-base/2.0.0-beta-2/shrinkwrap-impl-base-2.0.0-beta-2.jar:/home/runner/.m2/repository/org/jboss/shrinkwrap/shrinkwrap-spi/2.0.0-beta-2/shrinkwrap-spi-2.0.0-beta-2.jar:/home/runner/.m2/repository/org/keycloak/keycloak-admin-client/26.0.4/keycloak-admin-client-26.0.4.jar:/home/runner/.m2/repository/org/keycloak/keycloak-client-common-synced/26.0.4/keycloak-client-common-synced-26.0.4.jar:/home/runner/.m2/repository/jakarta/activation/jakarta.activation-api/2.1.3/jakarta.activation-api-2.1.3.jar:/home/runner/.m2/repository/org/eclipse/microprofile/openapi/microprofile-openapi-api/4.0.2/microprofile-openapi-api-4.0.2.jar:/home/runner/.m2/repository/org/jboss/resteasy/resteasy-client/6.2.12.Final/resteasy-client-6.2.12.Final.jar:/home/runner/.m2/repository/org/jboss/resteasy/resteasy-client-api/6.2.12.Final/resteasy-client-api-6.2.12.Final.jar:/home/runner/.m2/repository/org/jboss/resteasy/resteasy-core-spi/6.2.12.Final/resteasy-core-spi-6.2.12.Final.jar:/home/runner/.m2/repository/org/jboss/resteasy/resteasy-core/6.2.12.Final/resteasy-core-6.2.12.Final.jar:/home/runner/.m2/repository/org/eclipse/angus/angus-activation/2.0.2/angus-activation-2.0.2.jar:/home/runner/.m2/repository/com/ibm/async/asyncutil/0.1.0/asyncutil-0.1.0.jar:/home/runner/.m2/repository/org/reactivestreams/reactive-streams/1.0.4/reactive-streams-1.0.4.jar:/home/runner/.m2/repository/org/jboss/resteasy/resteasy-multipart-provider/6.2.12.Final/resteasy-multipart-provider-6.2.12.Final.jar:/home/runner/.m2/repository/jakarta/mail/jakarta.mail-api/2.1.3/jakarta.mail-api-2.1.3.jar:/home/runner/.m2/repository/org/eclipse/angus/angus-mail/2.0.3/angus-mail-2.0.3.jar:/home/runner/.m2/repository/org/apache/james/apache-mime4j-dom/0.8.12/apache-mime4j-dom-0.8.12.jar:/home/runner/.m2/repository/org/apache/james/apache-mime4j-core/0.8.12/apache-mime4j-core-0.8.12.jar:/home/runner/.m2/repository/org/apache/james/apache-mime4j-storage/0.8.12/apache-mime4j-storage-0.8.12.jar:/home/runner/.m2/repository/org/jboss/resteasy/resteasy-jackson2-provider/6.2.12.Final/resteasy-jackson2-provider-6.2.12.Final.jar:/home/runner/.m2/repository/com/fasterxml/jackson/jakarta/rs/jackson-jakarta-rs-base/2.18.2/jackson-jakarta-rs-base-2.18.2.jar:/home/runner/.m2/repository/com/fasterxml/jackson/jakarta/rs/jackson-jakarta-rs-json-provider/2.18.2/jackson-jakarta-rs-json-provider-2.18.2.jar:/home/runner/.m2/repository/com/fasterxml/jackson/module/jackson-module-jakarta-xmlbind-annotations/2.18.2/jackson-module-jakarta-xmlbind-annotations-2.18.2.jar:/home/runner/.m2/repository/com/github/java-json-tools/json-patch/1.13/json-patch-1.13.jar:/home/runner/.m2/repository/com/github/java-json-tools/msg-simple/1.2/msg-simple-1.2.jar:/home/runner/.m2/repository/com/github/java-json-tools/btf/1.3/btf-1.3.jar:/home/runner/.m2/repository/com/github/java-json-tools/jackson-coreutils/2.0/jackson-coreutils-2.0.jar:/home/runner/.m2/repository/org/jboss/resteasy/resteasy-jaxb-provider/6.2.12.Final/resteasy-jaxb-provider-6.2.12.Final.jar:/home/runner/.m2/repository/org/glassfish/jaxb/codemodel/4.0.5/codemodel-4.0.5.jar:/home/runner/.m2/repository/org/glassfish/jaxb/jaxb-core/4.0.5/jaxb-core-4.0.5.jar:/home/runner/.m2/repository/org/glassfish/jaxb/jaxb-jxc/4.0.5/jaxb-jxc-4.0.5.jar:/home/runner/.m2/repository/org/glassfish/jaxb/jaxb-runtime/4.0.5/jaxb-runtime-4.0.5.jar:/home/runner/.m2/repository/org/glassfish/jaxb/txw2/4.0.5/txw2-4.0.5.jar:/home/runner/.m2/repository/org/glassfish/jaxb/jaxb-xjc/4.0.5/jaxb-xjc-4.0.5.jar:/home/runner/.m2/repository/org/glassfish/jaxb/xsom/4.0.5/xsom-4.0.5.jar:/home/runner/.m2/repository/com/sun/istack/istack-commons-runtime/4.1.2/istack-commons-runtime-4.1.2.jar:/home/runner/.m2/repository/com/sun/istack/istack-commons-tools/4.1.2/istack-commons-tools-4.1.2.jar:/home/runner/.m2/repository/com/sun/xml/bind/external/relaxng-datatype/4.0.5/relaxng-datatype-4.0.5.jar:/home/runner/.m2/repository/com/sun/xml/bind/external/rngom/4.0.5/rngom-4.0.5.jar:/home/runner/.m2/repository/org/testcontainers/mssqlserver/1.20.6/mssqlserver-1.20.6.jar:/home/runner/.m2/repository/org/testcontainers/jdbc/1.20.6/jdbc-1.20.6.jar:/home/runner/.m2/repository/org/testcontainers/database-commons/1.20.6/database-commons-1.20.6.jar:/home/runner/.m2/repository/org/testcontainers/mysql/1.20.6/mysql-1.20.6.jar:/home/runner/.m2/repository/io/strimzi/strimzi-test-container/0.112.0/strimzi-test-container-0.112.0.jar:/home/runner/.m2/repository/org/testcontainers/toxiproxy/1.20.6/toxiproxy-1.20.6.jar:/home/runner/.m2/repository/com/github/docker-java/docker-java-api/3.4.1/docker-java-api-3.4.1.jar:/home/runner/.m2/repository/org/apache/logging/log4j/log4j-slf4j-impl/2.19.0/log4j-slf4j-impl-2.19.0.jar:/home/runner/.m2/repository/org/apache/logging/log4j/log4j-api/2.24.3/log4j-api-2.24.3.jar:/home/runner/.m2/repository/org/apache/logging/log4j/log4j-core/2.19.0/log4j-core-2.19.0.jar:/home/runner/.m2/repository/eu/rekawek/toxiproxy/toxiproxy-java/2.1.7/toxiproxy-java-2.1.7.jar:/home/runner/.m2/repository/org/testcontainers/pulsar/1.21.3/pulsar-1.21.3.jar:/home/runner/.m2/repository/io/debezium/debezium-testing-testcontainers/2.7.4.Final/debezium-testing-testcontainers-2.7.4.Final.jar:/home/runner/.m2/repository/org/testcontainers/kafka/1.20.6/kafka-1.20.6.jar:/home/runner/.m2/repository/com/squareup/okhttp3/okhttp/4.8.1/okhttp-4.8.1.jar:/home/runner/.m2/repository/com/squareup/okio/okio/3.10.2/okio-3.10.2.jar:/home/runner/.m2/repository/com/squareup/okio/okio-jvm/3.10.2/okio-jvm-3.10.2.jar:/home/runner/.m2/repository/org/jetbrains/kotlin/kotlin-stdlib/2.0.21/kotlin-stdlib-2.0.21.jar:/home/runner/.m2/repository/org/awaitility/awaitility/4.3.0/awaitility-4.3.0.jar:/home/runner/.m2/repository/org/testcontainers/mongodb/1.20.6/mongodb-1.20.6.jar:/home/runner/.m2/repository/org/testcontainers/mariadb/1.20.6/mariadb-1.20.6.jar:/home/runner/.m2/repository/org/testcontainers/oracle-xe/1.20.6/oracle-xe-1.20.6.jar:/home/runner/.m2/repository/org/testcontainers/postgresql/1.20.6/postgresql-1.20.6.jar:/home/runner/.m2/repository/org/wiremock/wiremock/3.0.1/wiremock-3.0.1.jar:/home/runner/.m2/repository/org/eclipse/jetty/jetty-server/11.0.15/jetty-server-11.0.15.jar:/home/runner/.m2/repository/org/eclipse/jetty/toolchain/jetty-jakarta-servlet-api/5.0.2/jetty-jakarta-servlet-api-5.0.2.jar:/home/runner/.m2/repository/org/eclipse/jetty/jetty-http/11.0.15/jetty-http-11.0.15.jar:/home/runner/.m2/repository/org/eclipse/jetty/jetty-io/11.0.15/jetty-io-11.0.15.jar:/home/runner/.m2/repository/org/eclipse/jetty/jetty-servlet/11.0.15/jetty-servlet-11.0.15.jar:/home/runner/.m2/repository/org/eclipse/jetty/jetty-security/11.0.15/jetty-security-11.0.15.jar:/home/runner/.m2/repository/org/eclipse/jetty/jetty-servlets/11.0.15/jetty-servlets-11.0.15.jar:/home/runner/.m2/repository/org/eclipse/jetty/jetty-util/11.0.15/jetty-util-11.0.15.jar:/home/runner/.m2/repository/org/eclipse/jetty/jetty-webapp/11.0.15/jetty-webapp-11.0.15.jar:/home/runner/.m2/repository/org/eclipse/jetty/jetty-xml/11.0.15/jetty-xml-11.0.15.jar:/home/runner/.m2/repository/org/eclipse/jetty/jetty-proxy/11.0.15/jetty-proxy-11.0.15.jar:/home/runner/.m2/repository/org/eclipse/jetty/jetty-client/11.0.15/jetty-client-11.0.15.jar:/home/runner/.m2/repository/org/eclipse/jetty/http2/http2-server/11.0.15/http2-server-11.0.15.jar:/home/runner/.m2/repository/org/eclipse/jetty/http2/http2-common/11.0.15/http2-common-11.0.15.jar:/home/runner/.m2/repository/org/eclipse/jetty/http2/http2-hpack/11.0.15/http2-hpack-11.0.15.jar:/home/runner/.m2/repository/org/eclipse/jetty/jetty-alpn-server/11.0.15/jetty-alpn-server-11.0.15.jar:/home/runner/.m2/repository/org/eclipse/jetty/jetty-alpn-java-server/11.0.15/jetty-alpn-java-server-11.0.15.jar:/home/runner/.m2/repository/org/eclipse/jetty/jetty-alpn-java-client/11.0.15/jetty-alpn-java-client-11.0.15.jar:/home/runner/.m2/repository/org/eclipse/jetty/jetty-alpn-client/11.0.15/jetty-alpn-client-11.0.15.jar:/home/runner/.m2/repository/org/apache/httpcomponents/client5/httpclient5/5.2.1/httpclient5-5.2.1.jar:/home/runner/.m2/repository/org/apache/httpcomponents/core5/httpcore5/5.2/httpcore5-5.2.jar:/home/runner/.m2/repository/org/apache/httpcomponents/core5/httpcore5-h2/5.2/httpcore5-h2-5.2.jar:/home/runner/.m2/repository/org/xmlunit/xmlunit-core/2.9.1/xmlunit-core-2.9.1.jar:/home/runner/.m2/repository/jakarta/xml/bind/jakarta.xml.bind-api/4.0.2/jakarta.xml.bind-api-4.0.2.jar:/home/runner/.m2/repository/org/xmlunit/xmlunit-legacy/2.9.1/xmlunit-legacy-2.9.1.jar:/home/runner/.m2/repository/org/xmlunit/xmlunit-placeholders/2.9.1/xmlunit-placeholders-2.9.1.jar:/home/runner/.m2/repository/net/javacrumbs/json-unit/json-unit-core/2.38.0/json-unit-core-2.38.0.jar:/home/runner/.m2/repository/org/hamcrest/hamcrest-core/2.2/hamcrest-core-2.2.jar:/home/runner/.m2/repository/com/jayway/jsonpath/json-path/2.8.0/json-path-2.8.0.jar:/home/runner/.m2/repository/net/minidev/json-smart/2.4.10/json-smart-2.4.10.jar:/home/runner/.m2/repository/net/minidev/accessors-smart/2.4.9/accessors-smart-2.4.9.jar:/home/runner/.m2/repository/org/ow2/asm/asm/9.7.1/asm-9.7.1.jar:/home/runner/.m2/repository/net/sf/jopt-simple/jopt-simple/5.0.4/jopt-simple-5.0.4.jar:/home/runner/.m2/repository/com/github/jknack/handlebars/4.3.1/handlebars-4.3.1.jar:/home/runner/.m2/repository/com/github/jknack/handlebars-helpers/4.3.1/handlebars-helpers-4.3.1.jar:/home/runner/.m2/repository/commons-fileupload/commons-fileupload/1.5/commons-fileupload-1.5.jar:/home/runner/.m2/repository/com/networknt/json-schema-validator/1.5.8/json-schema-validator-1.5.8.jar:/home/runner/.m2/repository/com/ethlo/time/itu/1.10.3/itu-1.10.3.jar:/home/runner/.m2/repository/io/quarkus/quarkus-smallrye-jwt-build/3.20.2/quarkus-smallrye-jwt-build-3.20.2.jar:/home/runner/.m2/repository/io/smallrye/smallrye-jwt-build/4.6.2/smallrye-jwt-build-4.6.2.jar:/home/runner/.m2/repository/org/eclipse/microprofile/jwt/microprofile-jwt-auth-api/2.1/microprofile-jwt-auth-api-2.1.jar:/home/runner/.m2/repository/org/bitbucket/b_c/jose4j/0.9.6/jose4j-0.9.6.jar:/home/runner/.m2/repository/io/smallrye/smallrye-jwt-common/4.6.2/smallrye-jwt-common-4.6.2.jar:/home/runner/.m2/repository/io/quarkus/quarkus-jsonp/3.20.2/quarkus-jsonp-3.20.2.jar:/home/runner/.m2/repository/io/quarkus/quarkus-arc/3.20.2/quarkus-arc-3.20.2.jar:/home/runner/.m2/repository/io/quarkus/arc/arc/3.20.2/arc-3.20.2.jar:/home/runner/.m2/repository/jakarta/transaction/jakarta.transaction-api/2.0.1/jakarta.transaction-api-2.0.1.jar:/home/runner/.m2/repository/io/smallrye/reactive/mutiny/2.9.2/mutiny-2.9.2.jar:/home/runner/.m2/repository/org/jctools/jctools-core/4.0.5/jctools-core-4.0.5.jar:/home/runner/.m2/repository/org/eclipse/microprofile/context-propagation/microprofile-context-propagation-api/1.3/microprofile-context-propagation-api-1.3.jar:/home/runner/.m2/repository/io/apicurio/apicurio-common-rest-client-common/0.1.18.Final/apicurio-common-rest-client-common-0.1.18.Final.jar:/home/runner/work/apicurio-testing/apicurio-testing/clusters/ci419/namespaces/inmemory/tests/integration/apicurio-registry/utils/maven-plugin/target/apicurio-registry-maven-plugin-3.0.15.jar:/home/runner/.m2/repository/com/fasterxml/jackson/core/jackson-databind/2.18.2/jackson-databind-2.18.2.jar:/home/runner/.m2/repository/org/apache/avro/avro/1.12.0/avro-1.12.0.jar:/home/runner/.m2/repository/com/google/protobuf/protobuf-java/4.32.1/protobuf-java-4.32.1.jar:/home/runner/.m2/repository/com/google/protobuf/protobuf-java-util/4.32.1/protobuf-java-util-4.32.1.jar:/home/runner/.m2/repository/com/google/code/findbugs/jsr305/3.0.2/jsr305-3.0.2.jar:/home/runner/.m2/repository/com/google/code/gson/gson/2.12.1/gson-2.12.1.jar:/home/runner/.m2/repository/com/google/errorprone/error_prone_annotations/2.36.0/error_prone_annotations-2.36.0.jar:/home/runner/.m2/repository/com/google/j2objc/j2objc-annotations/2.8/j2objc-annotations-2.8.jar:/home/runner/work/apicurio-testing/apicurio-testing/clusters/ci419/namespaces/inmemory/tests/integration/apicurio-registry/schema-util/util-provider/target/apicurio-registry-schema-util-provider-3.0.15.jar:/home/runner/work/apicurio-testing/apicurio-testing/clusters/ci419/namespaces/inmemory/tests/integration/apicurio-registry/schema-util/common/target/apicurio-registry-schema-util-common-3.0.15.jar:/home/runner/.m2/repository/com/fasterxml/jackson/module/jackson-module-parameter-names/2.18.2/jackson-module-parameter-names-2.18.2.jar:/home/runner/.m2/repository/com/fasterxml/jackson/datatype/jackson-datatype-json-org/2.18.2/jackson-datatype-json-org-2.18.2.jar:/home/runner/work/apicurio-testing/apicurio-testing/clusters/ci419/namespaces/inmemory/tests/integration/apicurio-registry/schema-util/json/target/apicurio-registry-schema-util-json-3.0.15.jar:/home/runner/.m2/repository/com/github/erosb/everit-json-schema/1.14.5/everit-json-schema-1.14.5.jar:/home/runner/.m2/repository/commons-validator/commons-validator/1.9.0/commons-validator-1.9.0.jar:/home/runner/.m2/repository/commons-digester/commons-digester/2.1/commons-digester-2.1.jar:/home/runner/.m2/repository/commons-collections/commons-collections/3.2.2/commons-collections-3.2.2.jar:/home/runner/.m2/repository/com/damnhandy/handy-uri-templates/2.1.8/handy-uri-templates-2.1.8.jar:/home/runner/.m2/repository/joda-time/joda-time/2.10.2/joda-time-2.10.2.jar:/home/runner/.m2/repository/com/github/erosb/json-sKema/0.20.0/json-sKema-0.20.0.jar:/home/runner/.m2/repository/io/vertx/vertx-json-schema/4.5.16/vertx-json-schema-4.5.16.jar:/home/runner/work/apicurio-testing/apicurio-testing/clusters/ci419/namespaces/inmemory/tests/integration/apicurio-registry/schema-util/protobuf/target/apicurio-registry-schema-util-protobuf-3.0.15.jar:/home/runner/work/apicurio-testing/apicurio-testing/clusters/ci419/namespaces/inmemory/tests/integration/apicurio-registry/utils/protobuf-schema-utilities/target/apicurio-registry-protobuf-schema-utilities-3.0.15.jar:/home/runner/.m2/repository/com/google/api/grpc/proto-google-common-protos/2.52.0/proto-google-common-protos-2.52.0.jar:/home/runner/.m2/repository/com/squareup/wire/wire-schema-jvm/5.3.3/wire-schema-jvm-5.3.3.jar:/home/runner/.m2/repository/com/palantir/javapoet/javapoet/0.6.0/javapoet-0.6.0.jar:/home/runner/.m2/repository/com/squareup/kotlinpoet-jvm/2.0.0/kotlinpoet-jvm-2.0.0.jar:/home/runner/.m2/repository/org/jetbrains/kotlin/kotlin-reflect/2.0.21/kotlin-reflect-2.0.21.jar:/home/runner/.m2/repository/com/squareup/wire/wire-runtime-jvm/5.3.3/wire-runtime-jvm-5.3.3.jar:/home/runner/.m2/repository/com/ibm/icu/icu4j/76.1/icu4j-76.1.jar:/home/runner/.m2/repository/com/squareup/okio/okio-fakefilesystem/3.10.2/okio-fakefilesystem-3.10.2.jar:/home/runner/.m2/repository/com/squareup/okio/okio-fakefilesystem-jvm/3.10.2/okio-fakefilesystem-jvm-3.10.2.jar:/home/runner/.m2/repository/org/jetbrains/kotlinx/kotlinx-datetime-jvm/0.6.1/kotlinx-datetime-jvm-0.6.1.jar:/home/runner/work/apicurio-testing/apicurio-testing/clusters/ci419/namespaces/inmemory/tests/integration/apicurio-registry/schema-util/asyncapi/target/apicurio-registry-schema-util-asyncapi-3.0.15.jar:/home/runner/work/apicurio-testing/apicurio-testing/clusters/ci419/namespaces/inmemory/tests/integration/apicurio-registry/schema-util/avro/target/apicurio-registry-schema-util-avro-3.0.15.jar:/home/runner/work/apicurio-testing/apicurio-testing/clusters/ci419/namespaces/inmemory/tests/integration/apicurio-registry/schema-util/graphql/target/apicurio-registry-schema-util-graphql-3.0.15.jar:/home/runner/.m2/repository/com/graphql-java/graphql-java/22.4/graphql-java-22.4.jar:/home/runner/.m2/repository/com/graphql-java/java-dataloader/3.3.0/java-dataloader-3.3.0.jar:/home/runner/work/apicurio-testing/apicurio-testing/clusters/ci419/namespaces/inmemory/tests/integration/apicurio-registry/schema-util/kconnect/target/apicurio-registry-schema-util-kconnect-3.0.15.jar:/home/runner/work/apicurio-testing/apicurio-testing/clusters/ci419/namespaces/inmemory/tests/integration/apicurio-registry/schema-util/openapi/target/apicurio-registry-schema-util-openapi-3.0.15.jar:/home/runner/.m2/repository/io/apicurio/apicurio-data-models/2.2.2/apicurio-data-models-2.2.2.jar:/home/runner/.m2/repository/org/slf4j/jcl-over-slf4j/2.0.6/jcl-over-slf4j-2.0.6.jar:/home/runner/.m2/repository/org/openapitools/openapidiff/openapi-diff-core/2.1.2/openapi-diff-core-2.1.2.jar:/home/runner/.m2/repository/io/swagger/parser/v3/swagger-parser/2.1.28/swagger-parser-2.1.28.jar:/home/runner/.m2/repository/io/swagger/parser/v3/swagger-parser-v2-converter/2.1.28/swagger-parser-v2-converter-2.1.28.jar:/home/runner/.m2/repository/io/swagger/swagger-core/1.6.16/swagger-core-1.6.16.jar:/home/runner/.m2/repository/io/swagger/swagger-models/1.6.16/swagger-models-1.6.16.jar:/home/runner/.m2/repository/io/swagger/swagger-annotations/1.6.16/swagger-annotations-1.6.16.jar:/home/runner/.m2/repository/io/swagger/swagger-parser/1.0.75/swagger-parser-1.0.75.jar:/home/runner/.m2/repository/io/swagger/swagger-parser-safe-url-resolver/1.0.75/swagger-parser-safe-url-resolver-1.0.75.jar:/home/runner/.m2/repository/io/swagger/swagger-compat-spec-parser/1.0.75/swagger-compat-spec-parser-1.0.75.jar:/home/runner/.m2/repository/com/github/java-json-tools/json-schema-validator/2.2.14/json-schema-validator-2.2.14.jar:/home/runner/.m2/repository/com/github/java-json-tools/jackson-coreutils-equivalence/1.0/jackson-coreutils-equivalence-1.0.jar:/home/runner/.m2/repository/com/github/java-json-tools/json-schema-core/1.2.14/json-schema-core-1.2.14.jar:/home/runner/.m2/repository/com/github/java-json-tools/uri-template/0.10/uri-template-0.10.jar:/home/runner/.m2/repository/com/googlecode/libphonenumber/libphonenumber/8.11.1/libphonenumber-8.11.1.jar:/home/runner/.m2/repository/com/j2html/j2html/1.6.0/j2html-1.6.0.jar:/home/runner/.m2/repository/org/apache/commons/commons-collections4/4.5.0/commons-collections4-4.5.0.jar:/home/runner/.m2/repository/io/swagger/parser/v3/swagger-parser-v3/2.1.31/swagger-parser-v3-2.1.31.jar:/home/runner/.m2/repository/io/swagger/core/v3/swagger-models/2.2.34/swagger-models-2.2.34.jar:/home/runner/.m2/repository/io/swagger/core/v3/swagger-core/2.2.34/swagger-core-2.2.34.jar:/home/runner/.m2/repository/io/swagger/parser/v3/swagger-parser-core/2.1.31/swagger-parser-core-2.1.31.jar:/home/runner/.m2/repository/io/swagger/parser/v3/swagger-parser-safe-url-resolver/2.1.31/swagger-parser-safe-url-resolver-2.1.31.jar:/home/runner/work/apicurio-testing/apicurio-testing/clusters/ci419/namespaces/inmemory/tests/integration/apicurio-registry/schema-util/wsdl/target/apicurio-registry-schema-util-wsdl-3.0.15.jar:/home/runner/.m2/repository/wsdl4j/wsdl4j/1.6.3/wsdl4j-1.6.3.jar:/home/runner/work/apicurio-testing/apicurio-testing/clusters/ci419/namespaces/inmemory/tests/integration/apicurio-registry/schema-util/xml/target/apicurio-registry-schema-util-xml-3.0.15.jar:/home/runner/.m2/repository/org/apache/santuario/xmlsec/4.0.4/xmlsec-4.0.4.jar:/home/runner/.m2/repository/com/fasterxml/woodstox/woodstox-core/7.1.1/woodstox-core-7.1.1.jar:/home/runner/.m2/repository/org/codehaus/woodstox/stax2-api/4.2.2/stax2-api-4.2.2.jar:/home/runner/work/apicurio-testing/apicurio-testing/clusters/ci419/namespaces/inmemory/tests/integration/apicurio-registry/schema-util/xsd/target/apicurio-registry-schema-util-xsd-3.0.15.jar:/home/runner/work/apicurio-testing/apicurio-testing/clusters/ci419/namespaces/inmemory/tests/integration/apicurio-registry/serdes/kafka/jsonschema-serde/target/apicurio-registry-jsonschema-serde-kafka-3.0.15.jar:/home/runner/work/apicurio-testing/apicurio-testing/clusters/ci419/namespaces/inmemory/tests/integration/apicurio-registry/serdes/kafka/serde-kafka-common/target/apicurio-registry-serde-kafka-common-3.0.15.jar:/home/runner/work/apicurio-testing/apicurio-testing/clusters/ci419/namespaces/inmemory/tests/integration/apicurio-registry/serdes/generic/serde-common/target/apicurio-registry-serde-common-3.0.15.jar:/home/runner/work/apicurio-testing/apicurio-testing/clusters/ci419/namespaces/inmemory/tests/integration/apicurio-registry/serdes/generic/serde-common-jsonschema/target/apicurio-registry-serde-common-jsonschema-3.0.15.jar:/home/runner/.m2/repository/org/json/json/20250107/json-20250107.jar:/home/runner/work/apicurio-testing/apicurio-testing/clusters/ci419/namespaces/inmemory/tests/integration/apicurio-registry/serdes/kafka/avro-serde/target/apicurio-registry-avro-serde-kafka-3.0.15.jar:/home/runner/work/apicurio-testing/apicurio-testing/clusters/ci419/namespaces/inmemory/tests/integration/apicurio-registry/serdes/generic/serde-common-avro/target/apicurio-registry-serde-common-avro-3.0.15.jar:/home/runner/work/apicurio-testing/apicurio-testing/clusters/ci419/namespaces/inmemory/tests/integration/apicurio-registry/serdes/kafka/protobuf-serde/target/apicurio-registry-protobuf-serde-kafka-3.0.15.jar:/home/runner/work/apicurio-testing/apicurio-testing/clusters/ci419/namespaces/inmemory/tests/integration/apicurio-registry/serdes/generic/serde-common-protobuf/target/apicurio-registry-serde-common-protobuf-3.0.15.jar:/home/runner/.m2/repository/com/squareup/wire/wire-schema/5.3.3/wire-schema-5.3.3.jar:/home/runner/.m2/repository/com/squareup/wire/wire-runtime/5.3.3/wire-runtime-5.3.3.jar:/home/runner/work/apicurio-testing/apicurio-testing/clusters/ci419/namespaces/inmemory/tests/integration/apicurio-registry/serdes/pulsar/avro-serde/target/apicurio-registry-avro-serde-pulsar-3.0.15.jar:/home/runner/.m2/repository/org/apache/pulsar/pulsar-functions-api/3.3.8/pulsar-functions-api-3.3.8.jar:/home/runner/work/apicurio-testing/apicurio-testing/clusters/ci419/namespaces/inmemory/tests/integration/apicurio-registry/serdes/nats/avro-serde/target/apicurio-registry-avro-serde-nats-3.0.15.jar:/home/runner/.m2/repository/io/nats/jnats/2.21.4/jnats-2.21.4.jar:/home/runner/.m2/repository/org/bouncycastle/bcprov-lts8on/2.73.7/bcprov-lts8on-2.73.7.jar:/home/runner/.m2/repository/org/jetbrains/annotations/26.0.2/annotations-26.0.2.jar:/home/runner/work/apicurio-testing/apicurio-testing/clusters/ci419/namespaces/inmemory/tests/integration/apicurio-registry/utils/converter/target/apicurio-registry-utils-converter-3.0.15.jar:/home/runner/work/apicurio-testing/apicurio-testing/clusters/ci419/namespaces/inmemory/tests/integration/apicurio-registry/schema-resolver/target/apicurio-registry-schema-resolver-3.0.15.jar:/home/runner/.m2/repository/org/apache/kafka/connect-api/3.9.1/connect-api-3.9.1.jar:/home/runner/.m2/repository/javax/ws/rs/javax.ws.rs-api/2.1.1/javax.ws.rs-api-2.1.1.jar:/home/runner/.m2/repository/org/apache/kafka/connect-json/3.9.1/connect-json-3.9.1.jar:/home/runner/.m2/repository/com/fasterxml/jackson/datatype/jackson-datatype-jdk8/2.18.2/jackson-datatype-jdk8-2.18.2.jar:/home/runner/.m2/repository/com/fasterxml/jackson/module/jackson-module-afterburner/2.18.2/jackson-module-afterburner-2.18.2.jar:/home/runner/work/apicurio-testing/apicurio-testing/clusters/ci419/namespaces/inmemory/tests/integration/apicurio-registry/utils/kafka/target/apicurio-registry-utils-kafka-3.0.15.jar:/home/runner/.m2/repository/org/apache/pulsar/pulsar-client/3.3.8/pulsar-client-3.3.8.jar:/home/runner/.m2/repository/org/apache/pulsar/pulsar-client-api/3.3.8/pulsar-client-api-3.3.8.jar:/home/runner/.m2/repository/org/apache/pulsar/pulsar-client-admin-api/3.3.8/pulsar-client-admin-api-3.3.8.jar:/home/runner/.m2/repository/org/apache/pulsar/bouncy-castle-bc/3.3.8/bouncy-castle-bc-3.3.8-pkg.jar:/home/runner/.m2/repository/org/bouncycastle/bcpkix-jdk18on/1.81/bcpkix-jdk18on-1.81.jar:/home/runner/.m2/repository/org/bouncycastle/bcutil-jdk18on/1.81/bcutil-jdk18on-1.81.jar:/home/runner/.m2/repository/org/bouncycastle/bcprov-jdk18on/1.81/bcprov-jdk18on-1.81.jar:/home/runner/.m2/repository/io/opentelemetry/opentelemetry-api/1.44.1/opentelemetry-api-1.44.1.jar:/home/runner/.m2/repository/io/opentelemetry/opentelemetry-context/1.44.1/opentelemetry-context-1.44.1.jar:/home/runner/.m2/repository/io/opentelemetry/opentelemetry-api-incubator/1.44.1-alpha/opentelemetry-api-incubator-1.44.1-alpha.jar:/home/runner/.m2/repository/com/fasterxml/jackson/core/jackson-annotations/2.18.2/jackson-annotations-2.18.2.jar:/home/runner/.m2/repository/javax/validation/validation-api/1.1.0.Final/validation-api-1.1.0.Final.jar:/home/runner/.m2/repository/org/jspecify/jspecify/1.0.0/jspecify-1.0.0.jar:/home/runner/.m2/repository/org/apache/commons/commons-configuration2/2.12.0/commons-configuration2-2.12.0.jar:/home/runner/.m2/repository/commons-logging/commons-logging/1.3.5/commons-logging-1.3.5.jar:/home/runner/.m2/repository/org/apache/commons/commons-text/1.13.0/commons-text-1.13.0.jar:/home/runner/.m2/repository/io/confluent/kafka-avro-serializer/8.0.0/kafka-avro-serializer-8.0.0.jar:/home/runner/.m2/repository/org/apache/commons/commons-compress/1.27.1/commons-compress-1.27.1.jar:/home/runner/.m2/repository/io/confluent/kafka-schema-serializer/8.0.0/kafka-schema-serializer-8.0.0.jar:/home/runner/.m2/repository/com/fasterxml/jackson/dataformat/jackson-dataformat-csv/2.18.2/jackson-dataformat-csv-2.18.2.jar:/home/runner/.m2/repository/io/confluent/kafka-schema-registry-client/8.0.0/kafka-schema-registry-client-8.0.0.jar:/home/runner/.m2/repository/org/yaml/snakeyaml/2.3/snakeyaml-2.3.jar:/home/runner/.m2/repository/io/swagger/core/v3/swagger-annotations/2.2.29/swagger-annotations-2.2.29.jar:/home/runner/.m2/repository/com/google/guava/guava/33.4.0-jre/guava-33.4.0-jre.jar:/home/runner/.m2/repository/com/google/guava/failureaccess/1.0.1/failureaccess-1.0.1.jar:/home/runner/.m2/repository/org/checkerframework/checker-qual/3.49.0/checker-qual-3.49.0.jar:/home/runner/.m2/repository/io/confluent/logredactor/1.0.13/logredactor-1.0.13.jar:/home/runner/.m2/repository/com/google/re2j/re2j/1.6/re2j-1.6.jar:/home/runner/.m2/repository/io/confluent/logredactor-metrics/1.0.13/logredactor-metrics-1.0.13.jar:/home/runner/.m2/repository/com/eclipsesource/minimal-json/minimal-json/0.9.5/minimal-json-0.9.5.jar:/home/runner/.m2/repository/io/confluent/common-utils/8.0.0/common-utils-8.0.0.jar:/home/runner/.m2/repository/io/confluent/kafka-connect-avro-converter/8.0.0/kafka-connect-avro-converter-8.0.0.jar:/home/runner/.m2/repository/io/confluent/kafka-connect-avro-data/8.0.0/kafka-connect-avro-data-8.0.0.jar:/home/runner/.m2/repository/io/confluent/kafka-schema-converter/8.0.0/kafka-schema-converter-8.0.0.jar:/home/runner/.m2/repository/io/rest-assured/rest-assured/5.5.1/rest-assured-5.5.1.jar:/home/runner/.m2/repository/org/apache/groovy/groovy/4.0.22/groovy-4.0.22.jar:/home/runner/.m2/repository/org/apache/groovy/groovy-xml/4.0.22/groovy-xml-4.0.22.jar:/home/runner/.m2/repository/org/apache/httpcomponents/httpclient/4.5.14/httpclient-4.5.14.jar:/home/runner/.m2/repository/org/apache/httpcomponents/httpcore/4.4.16/httpcore-4.4.16.jar:/home/runner/.m2/repository/org/apache/httpcomponents/httpmime/4.5.14/httpmime-4.5.14.jar:/home/runner/.m2/repository/org/hamcrest/hamcrest/2.2/hamcrest-2.2.jar:/home/runner/.m2/repository/org/ccil/cowan/tagsoup/tagsoup/1.2.1/tagsoup-1.2.1.jar:/home/runner/.m2/repository/io/rest-assured/json-path/5.5.1/json-path-5.5.1.jar:/home/runner/.m2/repository/org/apache/groovy/groovy-json/4.0.22/groovy-json-4.0.22.jar:/home/runner/.m2/repository/io/rest-assured/rest-assured-common/5.5.1/rest-assured-common-5.5.1.jar:/home/runner/.m2/repository/io/rest-assured/xml-path/5.5.1/xml-path-5.5.1.jar:/home/runner/.m2/repository/io/zonky/test/embedded-postgres/2.1.0/embedded-postgres-2.1.0.jar:/home/runner/.m2/repository/io/zonky/test/postgres/embedded-postgres-binaries-windows-amd64/14.15.0/embedded-postgres-binaries-windows-amd64-14.15.0.jar:/home/runner/.m2/repository/io/zonky/test/postgres/embedded-postgres-binaries-darwin-amd64/14.15.0/embedded-postgres-binaries-darwin-amd64-14.15.0.jar:/home/runner/.m2/repository/io/zonky/test/postgres/embedded-postgres-binaries-linux-amd64/14.15.0/embedded-postgres-binaries-linux-amd64-14.15.0.jar:/home/runner/.m2/repository/io/zonky/test/postgres/embedded-postgres-binaries-linux-amd64-alpine/14.15.0/embedded-postgres-binaries-linux-amd64-alpine-14.15.0.jar:/home/runner/.m2/repository/org/apache/commons/commons-lang3/3.17.0/commons-lang3-3.17.0.jar:/home/runner/.m2/repository/org/tukaani/xz/1.10/xz-1.10.jar:/home/runner/.m2/repository/commons-codec/commons-codec/1.19.0/commons-codec-1.19.0.jar:/home/runner/.m2/repository/org/postgresql/postgresql/42.7.7/postgresql-42.7.7.jar:/home/runner/.m2/repository/commons-io/commons-io/2.18.0/commons-io-2.18.0.jar:/home/runner/work/apicurio-testing/apicurio-testing/clusters/ci419/namespaces/inmemory/tests/integration/apicurio-registry/utils/importexport/target/apicurio-registry-utils-import-export-3.0.15.jar:/home/runner/.m2/repository/io/vertx/vertx-core/4.5.16/vertx-core-4.5.16.jar:/home/runner/.m2/repository/io/netty/netty-common/4.1.121.Final/netty-common-4.1.121.Final.jar:/home/runner/.m2/repository/io/netty/netty-buffer/4.1.121.Final/netty-buffer-4.1.121.Final.jar:/home/runner/.m2/repository/io/netty/netty-transport/4.1.121.Final/netty-transport-4.1.121.Final.jar:/home/runner/.m2/repository/io/netty/netty-handler/4.1.121.Final/netty-handler-4.1.121.Final.jar:/home/runner/.m2/repository/io/netty/netty-transport-native-unix-common/4.1.121.Final/netty-transport-native-unix-common-4.1.121.Final.jar:/home/runner/.m2/repository/io/netty/netty-codec/4.1.121.Final/netty-codec-4.1.121.Final.jar:/home/runner/.m2/repository/io/netty/netty-handler-proxy/4.1.121.Final/netty-handler-proxy-4.1.121.Final.jar:/home/runner/.m2/repository/io/netty/netty-codec-socks/4.1.121.Final/netty-codec-socks-4.1.121.Final.jar:/home/runner/.m2/repository/io/netty/netty-codec-http/4.1.121.Final/netty-codec-http-4.1.121.Final.jar:/home/runner/.m2/repository/io/netty/netty-codec-http2/4.1.121.Final/netty-codec-http2-4.1.121.Final.jar:/home/runner/.m2/repository/io/netty/netty-resolver/4.1.121.Final/netty-resolver-4.1.121.Final.jar:/home/runner/.m2/repository/io/netty/netty-resolver-dns/4.1.121.Final/netty-resolver-dns-4.1.121.Final.jar:/home/runner/.m2/repository/io/netty/netty-codec-dns/4.1.121.Final/netty-codec-dns-4.1.121.Final.jar:/home/runner/.m2/repository/com/fasterxml/jackson/core/jackson-core/2.18.2/jackson-core-2.18.2.jar:"/>
    <property name="sun.cpu.endian" value="little"/>
    <property name="user.home" value="/home/runner"/>
    <property name="user.language" value="en"/>
    <property name="jboss.log-version" value="false"/>
    <property name="java.specification.vendor" value="Oracle Corporation"/>
    <property name="java.version.date" value="2025-07-15"/>
    <property name="java.home" value="/usr/lib/jvm/temurin-17-jdk-amd64"/>
    <property name="file.separator" value="/"/>
    <property name="basedir" value="/home/runner/work/apicurio-testing/apicurio-testing/clusters/ci419/namespaces/inmemory/tests/integration/apicurio-registry/integration-tests"/>
    <property name="java.vm.compressedOopsMode" value="Zero based"/>
    <property name="line.separator" value="&#10;"/>
    <property name="java.specification.name" value="Java Platform API Specification"/>
    <property name="java.vm.specification.vendor" value="Oracle Corporation"/>
    <property name="quarkus.http.test-host" value="registry-app-inmemory.apps.ci419.apicurio-testing.org"/>
    <property name="surefire.real.class.path" value="/home/runner/work/apicurio-testing/apicurio-testing/clusters/ci419/namespaces/inmemory/tests/integration/apicurio-registry/integration-tests/target/surefire/surefirebooter-20250926111158684_3.jar"/>
    <property name="sun.management.compiler" value="HotSpot 64-Bit Tiered Compilers"/>
    <property name="org.eclipse.jetty.http.HttpGenerator.STRICT" value="true"/>
    <property name="java.runtime.version" value="17.0.16+8"/>
    <property name="user.name" value="runner"/>
    <property name="path.separator" value=":"/>
    <property name="os.version" value="6.11.0-1018-azure"/>
    <property name="java.runtime.name" value="OpenJDK Runtime Environment"/>
    <property name="file.encoding" value="UTF-8"/>
    <property name="jnidispatch.path" value="/home/runner/.cache/JNA/temp/jna3134315943843998942.tmp"/>
    <property name="java.vm.name" value="OpenJDK 64-Bit Server VM"/>
    <property name="jna.platform.library.path" value="/usr/lib/x86_64-linux-gnu:/lib/x86_64-linux-gnu:/usr/lib64:/lib64:/usr/lib:/lib:/lib32:/usr/local/lib:/usr/lib/x86_64-linux-gnu/libfakeroot"/>
    <property name="java.vendor.version" value="Temurin-17.0.16+8"/>
    <property name="quarkus.oidc.token-path" value="https://keycloak-inmemory.apps.ci419.apicurio-testing.org/realms/registry/protocol/openid-connect/token"/>
    <property name="quarkus.http.host" value="registry-app-inmemory.apps.ci419.apicurio-testing.org"/>
    <property name="localRepository" value="/home/runner/.m2/repository"/>
    <property name="javax.xml.xpath.XPathFactory:http://java.sun.com/jaxp/xpath/dom" value="com.sun.org.apache.xpath.internal.jaxp.XPathFactoryImpl"/>
    <property name="jna.loaded" value="true"/>
    <property name="java.vendor.url.bug" value="https://github.com/adoptium/adoptium-support/issues"/>
    <property name="jetty.git.hash" value="5bc5e562c8d05c5862505aebe5cf83a61bdbcb96"/>
    <property name="java.io.tmpdir" value="/tmp"/>
    <property name="quarkus.http.test-protocol" value="http"/>
    <property name="java.version" value="17.0.16"/>
    <property name="user.dir" value="/home/runner/work/apicurio-testing/apicurio-testing/clusters/ci419/namespaces/inmemory/tests/integration/apicurio-registry/integration-tests"/>
    <property name="os.arch" value="amd64"/>
    <property name="groups" value="( smoke | serdes | acceptance | ui)"/>
    <property name="java.vm.specification.name" value="Java Virtual Machine Specification"/>
    <property name="native.encoding" value="UTF-8"/>
    <property name="java.util.logging.manager" value="org.jboss.logmanager.LogManager"/>
    <property name="java.library.path" value="/usr/java/packages/lib:/usr/lib64:/lib64:/lib:/usr/lib"/>
    <property name="jdk.console" value="java.base"/>
    <property name="java.vm.info" value="mixed mode, sharing"/>
    <property name="java.vendor" value="Eclipse Adoptium"/>
    <property name="java.vm.version" value="17.0.16+8"/>
    <property name="java.specification.maintenance.version" value="1"/>
    <property name="sun.io.unicode.encoding" value="UnicodeLittle"/>
    <property name="javax.xml.transform.TransformerFactory" value="com.sun.org.apache.xalan.internal.xsltc.trax.TransformerFactoryImpl"/>
    <property name="java.class.version" value="61.0"/>
  </properties>
  <testcase name="testSimpleTopicIdStrategyFindLatest" classname="io.apicurio.tests.serdes.apicurio.ProtobufSerdeIT" time="1.395">
    <system-out><![CDATA[**** Registry Base URL: http://registry-app-inmemory.apps.ci419.apicurio-testing.org:80
**** Registry Base URL: http://registry-app-inmemory.apps.ci419.apicurio-testing.org:80
2025-09-26 11:14:14,711 INFO  [io.api.tes.ser.api.ProtobufSerdeIT] (main) RestAssured configured with http://registry-app-inmemory.apps.ci419.apicurio-testing.org:80/apis/registry/v3
2025-09-26 11:14:14,816 INFO  [io.api.tes.uti.KafkaFacade] (main) Skipping deployment of kafka, because it's already deployed
2025-09-26 11:14:14,817 INFO  [io.api.tes.uti.TestSeparator] (main) ############################################################################
2025-09-26 11:14:14,817 INFO  [io.api.tes.uti.TestSeparator] (main) io.apicurio.tests.serdes.apicurio.ProtobufSerdeIT.testSimpleTopicIdStrategyFindLatest-STARTED
2025-09-26 11:14:14,817 INFO  [org.apa.kaf.cli.adm.AdminClientConfig] (main) AdminClientConfig values: 
	auto.include.jmx.reporter = true
	bootstrap.controllers = []
	bootstrap.servers = [PLAINTEXT://localhost:32769]
	client.dns.lookup = use_all_dns_ips
	client.id = 
	connections.max.idle.ms = 10000
	default.api.timeout.ms = 60000
	enable.metrics.push = true
	metadata.max.age.ms = 300000
	metadata.recovery.strategy = none
	metric.reporters = []
	metrics.num.samples = 2
	metrics.recording.level = INFO
	metrics.sample.window.ms = 30000
	receive.buffer.bytes = 65536
	reconnect.backoff.max.ms = 1000
	reconnect.backoff.ms = 50
	request.timeout.ms = 5000
	retries = 2147483647
	retry.backoff.max.ms = 1000
	retry.backoff.ms = 100
	sasl.client.callback.handler.class = null
	sasl.jaas.config = null
	sasl.kerberos.kinit.cmd = /usr/bin/kinit
	sasl.kerberos.min.time.before.relogin = 60000
	sasl.kerberos.service.name = null
	sasl.kerberos.ticket.renew.jitter = 0.05
	sasl.kerberos.ticket.renew.window.factor = 0.8
	sasl.login.callback.handler.class = null
	sasl.login.class = null
	sasl.login.connect.timeout.ms = null
	sasl.login.read.timeout.ms = null
	sasl.login.refresh.buffer.seconds = 300
	sasl.login.refresh.min.period.seconds = 60
	sasl.login.refresh.window.factor = 0.8
	sasl.login.refresh.window.jitter = 0.05
	sasl.login.retry.backoff.max.ms = 10000
	sasl.login.retry.backoff.ms = 100
	sasl.mechanism = GSSAPI
	sasl.oauthbearer.clock.skew.seconds = 30
	sasl.oauthbearer.expected.audience = null
	sasl.oauthbearer.expected.issuer = null
	sasl.oauthbearer.header.urlencode = false
	sasl.oauthbearer.jwks.endpoint.refresh.ms = 3600000
	sasl.oauthbearer.jwks.endpoint.retry.backoff.max.ms = 10000
	sasl.oauthbearer.jwks.endpoint.retry.backoff.ms = 100
	sasl.oauthbearer.jwks.endpoint.url = null
	sasl.oauthbearer.scope.claim.name = scope
	sasl.oauthbearer.sub.claim.name = sub
	sasl.oauthbearer.token.endpoint.url = null
	security.protocol = PLAINTEXT
	security.providers = null
	send.buffer.bytes = 131072
	socket.connection.setup.timeout.max.ms = 30000
	socket.connection.setup.timeout.ms = 10000
	ssl.cipher.suites = null
	ssl.enabled.protocols = [TLSv1.2, TLSv1.3]
	ssl.endpoint.identification.algorithm = https
	ssl.engine.factory.class = null
	ssl.key.password = null
	ssl.keymanager.algorithm = SunX509
	ssl.keystore.certificate.chain = null
	ssl.keystore.key = null
	ssl.keystore.location = null
	ssl.keystore.password = null
	ssl.keystore.type = JKS
	ssl.protocol = TLSv1.3
	ssl.provider = null
	ssl.secure.random.implementation = null
	ssl.trustmanager.algorithm = PKIX
	ssl.truststore.certificates = null
	ssl.truststore.location = null
	ssl.truststore.password = null
	ssl.truststore.type = JKS

2025-09-26 11:14:14,819 INFO  [org.apa.kaf.com.uti.AppInfoParser] (main) Kafka version: 3.9.1
2025-09-26 11:14:14,819 INFO  [org.apa.kaf.com.uti.AppInfoParser] (main) Kafka commitId: f745dfdcee2b9851
2025-09-26 11:14:14,819 INFO  [org.apa.kaf.com.uti.AppInfoParser] (main) Kafka startTimeMs: 1758885254819
2025-09-26 11:14:16,211 INFO  [io.api.tes.uti.TestSeparator] (main) io.apicurio.tests.serdes.apicurio.ProtobufSerdeIT.testSimpleTopicIdStrategyFindLatest-FINISHED
2025-09-26 11:14:16,211 INFO  [io.api.tes.uti.TestSeparator] (main) ############################################################################
Test passed: testSimpleTopicIdStrategyFindLatest
]]></system-out>
  </testcase>
  <testcase name="testFindLatestDeriveClassProtobufTypeTopicIdStrategy" classname="io.apicurio.tests.serdes.apicurio.ProtobufSerdeIT" time="1.111">
    <system-out><![CDATA[2025-09-26 11:14:16,212 INFO  [io.api.tes.uti.TestSeparator] (main) ############################################################################
2025-09-26 11:14:16,212 INFO  [io.api.tes.uti.TestSeparator] (main) io.apicurio.tests.serdes.apicurio.ProtobufSerdeIT.testFindLatestDeriveClassProtobufTypeTopicIdStrategy-STARTED
2025-09-26 11:14:17,322 INFO  [io.api.tes.uti.TestSeparator] (main) io.apicurio.tests.serdes.apicurio.ProtobufSerdeIT.testFindLatestDeriveClassProtobufTypeTopicIdStrategy-FINISHED
2025-09-26 11:14:17,322 INFO  [io.api.tes.uti.TestSeparator] (main) ############################################################################
Test passed: testFindLatestDeriveClassProtobufTypeTopicIdStrategy
]]></system-out>
  </testcase>
  <testcase name="testWrongSchema" classname="io.apicurio.tests.serdes.apicurio.ProtobufSerdeIT" time="1.113">
    <system-out><![CDATA[2025-09-26 11:14:17,323 INFO  [io.api.tes.uti.TestSeparator] (main) ############################################################################
2025-09-26 11:14:17,323 INFO  [io.api.tes.uti.TestSeparator] (main) io.apicurio.tests.serdes.apicurio.ProtobufSerdeIT.testWrongSchema-STARTED
2025-09-26 11:14:18,434 INFO  [io.api.tes.uti.TestSeparator] (main) io.apicurio.tests.serdes.apicurio.ProtobufSerdeIT.testWrongSchema-FINISHED
2025-09-26 11:14:18,435 INFO  [io.api.tes.uti.TestSeparator] (main) ############################################################################
Test passed: testWrongSchema
]]></system-out>
  </testcase>
  <testcase name="testTopicIdStrategyAutoRegister" classname="io.apicurio.tests.serdes.apicurio.ProtobufSerdeIT" time="4.86">
    <system-out><![CDATA[2025-09-26 11:14:18,436 INFO  [io.api.tes.uti.TestSeparator] (main) ############################################################################
2025-09-26 11:14:18,436 INFO  [io.api.tes.uti.TestSeparator] (main) io.apicurio.tests.serdes.apicurio.ProtobufSerdeIT.testTopicIdStrategyAutoRegister-STARTED
**** Registry Base URL: http://registry-app-inmemory.apps.ci419.apicurio-testing.org:80
2025-09-26 11:14:18,437 INFO  [org.apa.kaf.cli.pro.ProducerConfig] (main) ProducerConfig values: 
	acks = -1
	auto.include.jmx.reporter = true
	batch.size = 16384
	bootstrap.servers = [PLAINTEXT://localhost:32769]
	buffer.memory = 33554432
	client.dns.lookup = use_all_dns_ips
	client.id = Producer-topic-2a45fd1b_22df_4a05_ada0_354bf79f2163
	compression.gzip.level = -1
	compression.lz4.level = 9
	compression.type = none
	compression.zstd.level = 3
	connections.max.idle.ms = 10000
	delivery.timeout.ms = 120000
	enable.idempotence = true
	enable.metrics.push = true
	interceptor.classes = []
	key.serializer = class org.apache.kafka.common.serialization.StringSerializer
	linger.ms = 0
	max.block.ms = 60000
	max.in.flight.requests.per.connection = 5
	max.request.size = 1048576
	metadata.max.age.ms = 300000
	metadata.max.idle.ms = 300000
	metadata.recovery.strategy = none
	metric.reporters = []
	metrics.num.samples = 2
	metrics.recording.level = INFO
	metrics.sample.window.ms = 30000
	partitioner.adaptive.partitioning.enable = true
	partitioner.availability.timeout.ms = 0
	partitioner.class = null
	partitioner.ignore.keys = false
	receive.buffer.bytes = 32768
	reconnect.backoff.max.ms = 1000
	reconnect.backoff.ms = 50
	request.timeout.ms = 5000
	retries = 2147483647
	retry.backoff.max.ms = 1000
	retry.backoff.ms = 100
	sasl.client.callback.handler.class = null
	sasl.jaas.config = null
	sasl.kerberos.kinit.cmd = /usr/bin/kinit
	sasl.kerberos.min.time.before.relogin = 60000
	sasl.kerberos.service.name = null
	sasl.kerberos.ticket.renew.jitter = 0.05
	sasl.kerberos.ticket.renew.window.factor = 0.8
	sasl.login.callback.handler.class = null
	sasl.login.class = null
	sasl.login.connect.timeout.ms = null
	sasl.login.read.timeout.ms = null
	sasl.login.refresh.buffer.seconds = 300
	sasl.login.refresh.min.period.seconds = 60
	sasl.login.refresh.window.factor = 0.8
	sasl.login.refresh.window.jitter = 0.05
	sasl.login.retry.backoff.max.ms = 10000
	sasl.login.retry.backoff.ms = 100
	sasl.mechanism = GSSAPI
	sasl.oauthbearer.clock.skew.seconds = 30
	sasl.oauthbearer.expected.audience = null
	sasl.oauthbearer.expected.issuer = null
	sasl.oauthbearer.header.urlencode = false
	sasl.oauthbearer.jwks.endpoint.refresh.ms = 3600000
	sasl.oauthbearer.jwks.endpoint.retry.backoff.max.ms = 10000
	sasl.oauthbearer.jwks.endpoint.retry.backoff.ms = 100
	sasl.oauthbearer.jwks.endpoint.url = null
	sasl.oauthbearer.scope.claim.name = scope
	sasl.oauthbearer.sub.claim.name = sub
	sasl.oauthbearer.token.endpoint.url = null
	security.protocol = PLAINTEXT
	security.providers = null
	send.buffer.bytes = 131072
	socket.connection.setup.timeout.max.ms = 30000
	socket.connection.setup.timeout.ms = 10000
	ssl.cipher.suites = null
	ssl.enabled.protocols = [TLSv1.2, TLSv1.3]
	ssl.endpoint.identification.algorithm = https
	ssl.engine.factory.class = null
	ssl.key.password = null
	ssl.keymanager.algorithm = SunX509
	ssl.keystore.certificate.chain = null
	ssl.keystore.key = null
	ssl.keystore.location = null
	ssl.keystore.password = null
	ssl.keystore.type = JKS
	ssl.protocol = TLSv1.3
	ssl.provider = null
	ssl.secure.random.implementation = null
	ssl.trustmanager.algorithm = PKIX
	ssl.truststore.certificates = null
	ssl.truststore.location = null
	ssl.truststore.password = null
	ssl.truststore.type = JKS
	transaction.timeout.ms = 60000
	transactional.id = null
	value.serializer = class io.apicurio.registry.serde.protobuf.ProtobufKafkaSerializer

2025-09-26 11:14:18,438 INFO  [org.apa.kaf.com.tel.int.KafkaMetricsCollector] (main) initializing Kafka metrics collector
2025-09-26 11:14:18,442 INFO  [org.apa.kaf.cli.pro.KafkaProducer] (main) [Producer clientId=Producer-topic-2a45fd1b_22df_4a05_ada0_354bf79f2163] Instantiated an idempotent producer.
2025-09-26 11:14:18,443 INFO  [org.apa.kaf.cli.pro.ProducerConfig] (main) These configurations '[apicurio.registry.url, apicurio.registry.headers.enabled, apicurio.registry.auto-register, apicurio.registry.artifact-resolver-strategy]' were supplied but are not used yet.
2025-09-26 11:14:18,443 INFO  [org.apa.kaf.com.uti.AppInfoParser] (main) Kafka version: 3.9.1
2025-09-26 11:14:18,443 INFO  [org.apa.kaf.com.uti.AppInfoParser] (main) Kafka commitId: f745dfdcee2b9851
2025-09-26 11:14:18,444 INFO  [org.apa.kaf.com.uti.AppInfoParser] (main) Kafka startTimeMs: 1758885258443
2025-09-26 11:14:18,444 INFO  [io.api.tes.ser.api.SimpleSerdesTesterBuilder$SimpleSerdesTester] (main) Using producer configuration: {apicurio.registry.url=http://registry-app-inmemory.apps.ci419.apicurio-testing.org:80/apis/registry/v3, apicurio.registry.headers.enabled=true, apicurio.registry.auto-register=true, apicurio.registry.artifact-resolver-strategy=io.apicurio.registry.serde.strategy.TopicIdStrategy, value.serializer=io.apicurio.registry.serde.protobuf.ProtobufKafkaSerializer, request.timeout.ms=5000, acks=all, bootstrap.servers=PLAINTEXT://localhost:32769, connections.max.idle.ms=10000, key.serializer=org.apache.kafka.common.serialization.StringSerializer, client.id=Producer-topic-2a45fd1b_22df_4a05_ada0_354bf79f2163}
2025-09-26 11:14:18,444 INFO  [io.api.tes.ser.api.SimpleSerdesTesterBuilder$SimpleSerdesTester] (main) Using consumer configuration: {apicurio.registry.headers.enabled=true}
2025-09-26 11:14:18,446 INFO  [org.apa.kaf.cli.Metadata] (kafka-producer-network-thread | Producer-topic-2a45fd1b_22df_4a05_ada0_354bf79f2163) [Producer clientId=Producer-topic-2a45fd1b_22df_4a05_ada0_354bf79f2163] Cluster ID: X5UxcvqSRVGy35VKMRH4NQ
2025-09-26 11:14:18,446 INFO  [org.apa.kaf.cli.pro.int.TransactionManager] (kafka-producer-network-thread | Producer-topic-2a45fd1b_22df_4a05_ada0_354bf79f2163) [Producer clientId=Producer-topic-2a45fd1b_22df_4a05_ada0_354bf79f2163] ProducerId set to 32 with epoch 0
2025-09-26 11:14:18,548 INFO  [io.api.tes.ser.api.KafkaSerdesTester] (ForkJoinPool.commonPool-worker-3) Sending message header {
  time {
  }
}
d1: 1.758885258444E12
s1: "a"
i1: 123
bi1: 1
point {
  longitude: 22.0
  latitude: 22.0
  altitude: 1.0
}
 to topic topic-2a45fd1b_22df_4a05_ada0_354bf79f2163
2025-09-26 11:14:18,775 INFO  [io.api.tes.ser.api.KafkaSerdesTester] (ForkJoinPool.commonPool-worker-3) Sending message header {
  time {
  }
}
d1: 1.758885258774E12
s1: "a"
i1: 123
bi1: 1
point {
  longitude: 22.0
  latitude: 22.0
  altitude: 1.0
}
 to topic topic-2a45fd1b_22df_4a05_ada0_354bf79f2163
2025-09-26 11:14:18,835 INFO  [io.api.tes.ser.api.KafkaSerdesTester] (ForkJoinPool.commonPool-worker-3) Sending message header {
  time {
  }
}
d1: 1.758885258835E12
s1: "a"
i1: 123
bi1: 1
point {
  longitude: 22.0
  latitude: 22.0
  altitude: 1.0
}
 to topic topic-2a45fd1b_22df_4a05_ada0_354bf79f2163
2025-09-26 11:14:18,895 INFO  [io.api.tes.ser.api.KafkaSerdesTester] (ForkJoinPool.commonPool-worker-3) Sending message header {
  time {
  }
}
d1: 1.758885258895E12
s1: "a"
i1: 123
bi1: 1
point {
  longitude: 22.0
  latitude: 22.0
  altitude: 1.0
}
 to topic topic-2a45fd1b_22df_4a05_ada0_354bf79f2163
2025-09-26 11:14:18,956 INFO  [io.api.tes.ser.api.KafkaSerdesTester] (ForkJoinPool.commonPool-worker-3) Sending message header {
  time {
  }
}
d1: 1.758885258955E12
s1: "a"
i1: 123
bi1: 1
point {
  longitude: 22.0
  latitude: 22.0
  altitude: 1.0
}
 to topic topic-2a45fd1b_22df_4a05_ada0_354bf79f2163
2025-09-26 11:14:19,018 INFO  [io.api.tes.ser.api.KafkaSerdesTester] (ForkJoinPool.commonPool-worker-3) Sending message header {
  time {
  }
}
d1: 1.758885259018E12
s1: "a"
i1: 123
bi1: 1
point {
  longitude: 22.0
  latitude: 22.0
  altitude: 1.0
}
 to topic topic-2a45fd1b_22df_4a05_ada0_354bf79f2163
2025-09-26 11:14:19,077 INFO  [io.api.tes.ser.api.KafkaSerdesTester] (ForkJoinPool.commonPool-worker-3) Sending message header {
  time {
  }
}
d1: 1.758885259077E12
s1: "a"
i1: 123
bi1: 1
point {
  longitude: 22.0
  latitude: 22.0
  altitude: 1.0
}
 to topic topic-2a45fd1b_22df_4a05_ada0_354bf79f2163
2025-09-26 11:14:19,137 INFO  [io.api.tes.ser.api.KafkaSerdesTester] (ForkJoinPool.commonPool-worker-3) Sending message header {
  time {
  }
}
d1: 1.758885259136E12
s1: "a"
i1: 123
bi1: 1
point {
  longitude: 22.0
  latitude: 22.0
  altitude: 1.0
}
 to topic topic-2a45fd1b_22df_4a05_ada0_354bf79f2163
2025-09-26 11:14:19,196 INFO  [io.api.tes.ser.api.KafkaSerdesTester] (ForkJoinPool.commonPool-worker-3) Sending message header {
  time {
  }
}
d1: 1.758885259196E12
s1: "a"
i1: 123
bi1: 1
point {
  longitude: 22.0
  latitude: 22.0
  altitude: 1.0
}
 to topic topic-2a45fd1b_22df_4a05_ada0_354bf79f2163
2025-09-26 11:14:19,257 INFO  [io.api.tes.ser.api.KafkaSerdesTester] (ForkJoinPool.commonPool-worker-3) Sending message header {
  time {
  }
}
d1: 1.758885259257E12
s1: "a"
i1: 123
bi1: 1
point {
  longitude: 22.0
  latitude: 22.0
  altitude: 1.0
}
 to topic topic-2a45fd1b_22df_4a05_ada0_354bf79f2163
2025-09-26 11:14:19,319 INFO  [io.api.tes.ser.api.KafkaSerdesTester] (ForkJoinPool.commonPool-worker-3) Produced 10 messages
2025-09-26 11:14:19,319 INFO  [org.apa.kaf.cli.pro.KafkaProducer] (ForkJoinPool.commonPool-worker-3) [Producer clientId=Producer-topic-2a45fd1b_22df_4a05_ada0_354bf79f2163] Closing the Kafka producer with timeoutMillis = 9223372036854775807 ms.
2025-09-26 11:14:19,320 INFO  [org.apa.kaf.com.met.Metrics] (ForkJoinPool.commonPool-worker-3) Metrics scheduler closed
2025-09-26 11:14:19,320 INFO  [org.apa.kaf.com.met.Metrics] (ForkJoinPool.commonPool-worker-3) Closing reporter org.apache.kafka.common.metrics.JmxReporter
2025-09-26 11:14:19,320 INFO  [org.apa.kaf.com.met.Metrics] (ForkJoinPool.commonPool-worker-3) Closing reporter org.apache.kafka.common.telemetry.internals.ClientTelemetryReporter
2025-09-26 11:14:19,320 INFO  [org.apa.kaf.com.met.Metrics] (ForkJoinPool.commonPool-worker-3) Metrics reporters closed
2025-09-26 11:14:19,320 INFO  [org.apa.kaf.com.uti.AppInfoParser] (ForkJoinPool.commonPool-worker-3) App info kafka.producer for Producer-topic-2a45fd1b_22df_4a05_ada0_354bf79f2163 unregistered
**** Registry Base URL: http://registry-app-inmemory.apps.ci419.apicurio-testing.org:80
2025-09-26 11:14:19,429 INFO  [org.apa.kaf.cli.con.ConsumerConfig] (main) ConsumerConfig values: 
	allow.auto.create.topics = true
	auto.commit.interval.ms = 500
	auto.include.jmx.reporter = true
	auto.offset.reset = earliest
	bootstrap.servers = [PLAINTEXT://localhost:32769]
	check.crcs = true
	client.dns.lookup = use_all_dns_ips
	client.id = consumer-Consumer-topic-2a45fd1b_22df_4a05_ada0_354bf79f2163-23
	client.rack = 
	connections.max.idle.ms = 10000
	default.api.timeout.ms = 60000
	enable.auto.commit = true
	enable.metrics.push = true
	exclude.internal.topics = true
	fetch.max.bytes = 52428800
	fetch.max.wait.ms = 500
	fetch.min.bytes = 1
	group.id = Consumer-topic-2a45fd1b_22df_4a05_ada0_354bf79f2163
	group.instance.id = null
	group.protocol = classic
	group.remote.assignor = null
	heartbeat.interval.ms = 3000
	interceptor.classes = []
	internal.leave.group.on.close = true
	internal.throw.on.fetch.stable.offset.unsupported = false
	isolation.level = read_uncommitted
	key.deserializer = class org.apache.kafka.common.serialization.StringDeserializer
	max.partition.fetch.bytes = 1048576
	max.poll.interval.ms = 300000
	max.poll.records = 500
	metadata.max.age.ms = 300000
	metadata.recovery.strategy = none
	metric.reporters = []
	metrics.num.samples = 2
	metrics.recording.level = INFO
	metrics.sample.window.ms = 30000
	partition.assignment.strategy = [class org.apache.kafka.clients.consumer.RangeAssignor, class org.apache.kafka.clients.consumer.CooperativeStickyAssignor]
	receive.buffer.bytes = 65536
	reconnect.backoff.max.ms = 1000
	reconnect.backoff.ms = 50
	request.timeout.ms = 5000
	retry.backoff.max.ms = 1000
	retry.backoff.ms = 100
	sasl.client.callback.handler.class = null
	sasl.jaas.config = null
	sasl.kerberos.kinit.cmd = /usr/bin/kinit
	sasl.kerberos.min.time.before.relogin = 60000
	sasl.kerberos.service.name = null
	sasl.kerberos.ticket.renew.jitter = 0.05
	sasl.kerberos.ticket.renew.window.factor = 0.8
	sasl.login.callback.handler.class = null
	sasl.login.class = null
	sasl.login.connect.timeout.ms = null
	sasl.login.read.timeout.ms = null
	sasl.login.refresh.buffer.seconds = 300
	sasl.login.refresh.min.period.seconds = 60
	sasl.login.refresh.window.factor = 0.8
	sasl.login.refresh.window.jitter = 0.05
	sasl.login.retry.backoff.max.ms = 10000
	sasl.login.retry.backoff.ms = 100
	sasl.mechanism = GSSAPI
	sasl.oauthbearer.clock.skew.seconds = 30
	sasl.oauthbearer.expected.audience = null
	sasl.oauthbearer.expected.issuer = null
	sasl.oauthbearer.header.urlencode = false
	sasl.oauthbearer.jwks.endpoint.refresh.ms = 3600000
	sasl.oauthbearer.jwks.endpoint.retry.backoff.max.ms = 10000
	sasl.oauthbearer.jwks.endpoint.retry.backoff.ms = 100
	sasl.oauthbearer.jwks.endpoint.url = null
	sasl.oauthbearer.scope.claim.name = scope
	sasl.oauthbearer.sub.claim.name = sub
	sasl.oauthbearer.token.endpoint.url = null
	security.protocol = PLAINTEXT
	security.providers = null
	send.buffer.bytes = 131072
	session.timeout.ms = 45000
	socket.connection.setup.timeout.max.ms = 30000
	socket.connection.setup.timeout.ms = 10000
	ssl.cipher.suites = null
	ssl.enabled.protocols = [TLSv1.2, TLSv1.3]
	ssl.endpoint.identification.algorithm = https
	ssl.engine.factory.class = null
	ssl.key.password = null
	ssl.keymanager.algorithm = SunX509
	ssl.keystore.certificate.chain = null
	ssl.keystore.key = null
	ssl.keystore.location = null
	ssl.keystore.password = null
	ssl.keystore.type = JKS
	ssl.protocol = TLSv1.3
	ssl.provider = null
	ssl.secure.random.implementation = null
	ssl.trustmanager.algorithm = PKIX
	ssl.truststore.certificates = null
	ssl.truststore.location = null
	ssl.truststore.password = null
	ssl.truststore.type = JKS
	value.deserializer = class io.apicurio.registry.serde.protobuf.ProtobufKafkaDeserializer

2025-09-26 11:14:19,429 INFO  [org.apa.kaf.com.tel.int.KafkaMetricsCollector] (main) initializing Kafka metrics collector
2025-09-26 11:14:19,433 INFO  [org.apa.kaf.cli.con.ConsumerConfig] (main) These configurations '[apicurio.registry.url, apicurio.registry.headers.enabled]' were supplied but are not used yet.
2025-09-26 11:14:19,433 INFO  [org.apa.kaf.com.uti.AppInfoParser] (main) Kafka version: 3.9.1
2025-09-26 11:14:19,433 INFO  [org.apa.kaf.com.uti.AppInfoParser] (main) Kafka commitId: f745dfdcee2b9851
2025-09-26 11:14:19,433 INFO  [org.apa.kaf.com.uti.AppInfoParser] (main) Kafka startTimeMs: 1758885259433
2025-09-26 11:14:19,433 INFO  [org.apa.kaf.cli.con.int.ClassicKafkaConsumer] (ForkJoinPool.commonPool-worker-3) [Consumer clientId=consumer-Consumer-topic-2a45fd1b_22df_4a05_ada0_354bf79f2163-23, groupId=Consumer-topic-2a45fd1b_22df_4a05_ada0_354bf79f2163] Subscribed to topic(s): topic-2a45fd1b_22df_4a05_ada0_354bf79f2163
2025-09-26 11:14:19,435 INFO  [org.apa.kaf.cli.Metadata] (ForkJoinPool.commonPool-worker-3) [Consumer clientId=consumer-Consumer-topic-2a45fd1b_22df_4a05_ada0_354bf79f2163-23, groupId=Consumer-topic-2a45fd1b_22df_4a05_ada0_354bf79f2163] Cluster ID: X5UxcvqSRVGy35VKMRH4NQ
2025-09-26 11:14:19,435 INFO  [org.apa.kaf.cli.con.int.ConsumerCoordinator] (ForkJoinPool.commonPool-worker-3) [Consumer clientId=consumer-Consumer-topic-2a45fd1b_22df_4a05_ada0_354bf79f2163-23, groupId=Consumer-topic-2a45fd1b_22df_4a05_ada0_354bf79f2163] Discovered group coordinator localhost:32769 (id: 2147483647 rack: null)
2025-09-26 11:14:19,436 INFO  [org.apa.kaf.cli.con.int.ConsumerCoordinator] (ForkJoinPool.commonPool-worker-3) [Consumer clientId=consumer-Consumer-topic-2a45fd1b_22df_4a05_ada0_354bf79f2163-23, groupId=Consumer-topic-2a45fd1b_22df_4a05_ada0_354bf79f2163] (Re-)joining group
2025-09-26 11:14:19,437 INFO  [org.apa.kaf.cli.con.int.ConsumerCoordinator] (ForkJoinPool.commonPool-worker-3) [Consumer clientId=consumer-Consumer-topic-2a45fd1b_22df_4a05_ada0_354bf79f2163-23, groupId=Consumer-topic-2a45fd1b_22df_4a05_ada0_354bf79f2163] Request joining group due to: need to re-join with the given member-id: consumer-Consumer-topic-2a45fd1b_22df_4a05_ada0_354bf79f2163-23-59694a80-cded-4218-8939-7c8f6ab86171
2025-09-26 11:14:19,437 INFO  [org.apa.kaf.cli.con.int.ConsumerCoordinator] (ForkJoinPool.commonPool-worker-3) [Consumer clientId=consumer-Consumer-topic-2a45fd1b_22df_4a05_ada0_354bf79f2163-23, groupId=Consumer-topic-2a45fd1b_22df_4a05_ada0_354bf79f2163] (Re-)joining group
2025-09-26 11:14:20,433 INFO  [io.api.tes.ser.api.KafkaSerdesTester] (ForkJoinPool.commonPool-worker-3) None found
2025-09-26 11:14:21,433 INFO  [io.api.tes.ser.api.KafkaSerdesTester] (ForkJoinPool.commonPool-worker-3) None found
2025-09-26 11:14:22,433 INFO  [io.api.tes.ser.api.KafkaSerdesTester] (ForkJoinPool.commonPool-worker-3) None found
2025-09-26 11:14:22,439 INFO  [org.apa.kaf.cli.con.int.ConsumerCoordinator] (ForkJoinPool.commonPool-worker-3) [Consumer clientId=consumer-Consumer-topic-2a45fd1b_22df_4a05_ada0_354bf79f2163-23, groupId=Consumer-topic-2a45fd1b_22df_4a05_ada0_354bf79f2163] Successfully joined group with generation Generation{generationId=1, memberId='consumer-Consumer-topic-2a45fd1b_22df_4a05_ada0_354bf79f2163-23-59694a80-cded-4218-8939-7c8f6ab86171', protocol='range'}
2025-09-26 11:14:22,439 INFO  [org.apa.kaf.cli.con.int.ConsumerCoordinator] (ForkJoinPool.commonPool-worker-3) [Consumer clientId=consumer-Consumer-topic-2a45fd1b_22df_4a05_ada0_354bf79f2163-23, groupId=Consumer-topic-2a45fd1b_22df_4a05_ada0_354bf79f2163] Finished assignment for group at generation 1: {consumer-Consumer-topic-2a45fd1b_22df_4a05_ada0_354bf79f2163-23-59694a80-cded-4218-8939-7c8f6ab86171=Assignment(partitions=[topic-2a45fd1b_22df_4a05_ada0_354bf79f2163-0])}
2025-09-26 11:14:22,445 INFO  [org.apa.kaf.cli.con.int.ConsumerCoordinator] (ForkJoinPool.commonPool-worker-3) [Consumer clientId=consumer-Consumer-topic-2a45fd1b_22df_4a05_ada0_354bf79f2163-23, groupId=Consumer-topic-2a45fd1b_22df_4a05_ada0_354bf79f2163] Successfully synced group in generation Generation{generationId=1, memberId='consumer-Consumer-topic-2a45fd1b_22df_4a05_ada0_354bf79f2163-23-59694a80-cded-4218-8939-7c8f6ab86171', protocol='range'}
2025-09-26 11:14:22,445 INFO  [org.apa.kaf.cli.con.int.ConsumerCoordinator] (ForkJoinPool.commonPool-worker-3) [Consumer clientId=consumer-Consumer-topic-2a45fd1b_22df_4a05_ada0_354bf79f2163-23, groupId=Consumer-topic-2a45fd1b_22df_4a05_ada0_354bf79f2163] Notifying assignor about the new Assignment(partitions=[topic-2a45fd1b_22df_4a05_ada0_354bf79f2163-0])
2025-09-26 11:14:22,445 INFO  [org.apa.kaf.cli.con.int.ConsumerRebalanceListenerInvoker] (ForkJoinPool.commonPool-worker-3) [Consumer clientId=consumer-Consumer-topic-2a45fd1b_22df_4a05_ada0_354bf79f2163-23, groupId=Consumer-topic-2a45fd1b_22df_4a05_ada0_354bf79f2163] Adding newly assigned partitions: topic-2a45fd1b_22df_4a05_ada0_354bf79f2163-0
2025-09-26 11:14:22,446 INFO  [org.apa.kaf.cli.con.int.ConsumerCoordinator] (ForkJoinPool.commonPool-worker-3) [Consumer clientId=consumer-Consumer-topic-2a45fd1b_22df_4a05_ada0_354bf79f2163-23, groupId=Consumer-topic-2a45fd1b_22df_4a05_ada0_354bf79f2163] Found no committed offset for partition topic-2a45fd1b_22df_4a05_ada0_354bf79f2163-0
2025-09-26 11:14:22,448 INFO  [org.apa.kaf.cli.con.int.SubscriptionState] (ForkJoinPool.commonPool-worker-3) [Consumer clientId=consumer-Consumer-topic-2a45fd1b_22df_4a05_ada0_354bf79f2163-23, groupId=Consumer-topic-2a45fd1b_22df_4a05_ada0_354bf79f2163] Resetting offset for partition topic-2a45fd1b_22df_4a05_ada0_354bf79f2163-0 to position FetchPosition{offset=0, offsetEpoch=Optional.empty, currentLeader=LeaderAndEpoch{leader=Optional[localhost:32769 (id: 0 rack: null)], epoch=0}}.
2025-09-26 11:14:22,736 INFO  [io.api.tes.ser.api.KafkaSerdesTester] (ForkJoinPool.commonPool-worker-3) topic-2a45fd1b_22df_4a05_ada0_354bf79f2163 0 0 header {
  time {
  }
}
d1: 1.758885258444E12
s1: "a"
i1: 123
bi1: 1
point {
  longitude: 22.0
  latitude: 22.0
  altitude: 1.0
}

2025-09-26 11:14:22,736 INFO  [io.api.tes.ser.api.KafkaSerdesTester] (ForkJoinPool.commonPool-worker-3) topic-2a45fd1b_22df_4a05_ada0_354bf79f2163 0 1 header {
  time {
  }
}
d1: 1.758885258774E12
s1: "a"
i1: 123
bi1: 1
point {
  longitude: 22.0
  latitude: 22.0
  altitude: 1.0
}

2025-09-26 11:14:22,736 INFO  [io.api.tes.ser.api.KafkaSerdesTester] (ForkJoinPool.commonPool-worker-3) topic-2a45fd1b_22df_4a05_ada0_354bf79f2163 0 2 header {
  time {
  }
}
d1: 1.758885258835E12
s1: "a"
i1: 123
bi1: 1
point {
  longitude: 22.0
  latitude: 22.0
  altitude: 1.0
}

2025-09-26 11:14:22,736 INFO  [io.api.tes.ser.api.KafkaSerdesTester] (ForkJoinPool.commonPool-worker-3) topic-2a45fd1b_22df_4a05_ada0_354bf79f2163 0 3 header {
  time {
  }
}
d1: 1.758885258895E12
s1: "a"
i1: 123
bi1: 1
point {
  longitude: 22.0
  latitude: 22.0
  altitude: 1.0
}

2025-09-26 11:14:22,737 INFO  [io.api.tes.ser.api.KafkaSerdesTester] (ForkJoinPool.commonPool-worker-3) topic-2a45fd1b_22df_4a05_ada0_354bf79f2163 0 4 header {
  time {
  }
}
d1: 1.758885258955E12
s1: "a"
i1: 123
bi1: 1
point {
  longitude: 22.0
  latitude: 22.0
  altitude: 1.0
}

2025-09-26 11:14:22,739 INFO  [io.api.tes.ser.api.KafkaSerdesTester] (ForkJoinPool.commonPool-worker-3) topic-2a45fd1b_22df_4a05_ada0_354bf79f2163 0 5 header {
  time {
  }
}
d1: 1.758885259018E12
s1: "a"
i1: 123
bi1: 1
point {
  longitude: 22.0
  latitude: 22.0
  altitude: 1.0
}

2025-09-26 11:14:22,739 INFO  [io.api.tes.ser.api.KafkaSerdesTester] (ForkJoinPool.commonPool-worker-3) topic-2a45fd1b_22df_4a05_ada0_354bf79f2163 0 6 header {
  time {
  }
}
d1: 1.758885259077E12
s1: "a"
i1: 123
bi1: 1
point {
  longitude: 22.0
  latitude: 22.0
  altitude: 1.0
}

2025-09-26 11:14:22,739 INFO  [io.api.tes.ser.api.KafkaSerdesTester] (ForkJoinPool.commonPool-worker-3) topic-2a45fd1b_22df_4a05_ada0_354bf79f2163 0 7 header {
  time {
  }
}
d1: 1.758885259136E12
s1: "a"
i1: 123
bi1: 1
point {
  longitude: 22.0
  latitude: 22.0
  altitude: 1.0
}

2025-09-26 11:14:22,739 INFO  [io.api.tes.ser.api.KafkaSerdesTester] (ForkJoinPool.commonPool-worker-3) topic-2a45fd1b_22df_4a05_ada0_354bf79f2163 0 8 header {
  time {
  }
}
d1: 1.758885259196E12
s1: "a"
i1: 123
bi1: 1
point {
  longitude: 22.0
  latitude: 22.0
  altitude: 1.0
}

2025-09-26 11:14:22,739 INFO  [io.api.tes.ser.api.KafkaSerdesTester] (ForkJoinPool.commonPool-worker-3) topic-2a45fd1b_22df_4a05_ada0_354bf79f2163 0 9 header {
  time {
  }
}
d1: 1.758885259257E12
s1: "a"
i1: 123
bi1: 1
point {
  longitude: 22.0
  latitude: 22.0
  altitude: 1.0
}

2025-09-26 11:14:22,739 INFO  [io.api.tes.ser.api.KafkaSerdesTester] (ForkJoinPool.commonPool-worker-3) Consumed 10 messages
2025-09-26 11:14:22,746 INFO  [org.apa.kaf.cli.con.int.ConsumerRebalanceListenerInvoker] (ForkJoinPool.commonPool-worker-3) [Consumer clientId=consumer-Consumer-topic-2a45fd1b_22df_4a05_ada0_354bf79f2163-23, groupId=Consumer-topic-2a45fd1b_22df_4a05_ada0_354bf79f2163] Revoke previously assigned partitions topic-2a45fd1b_22df_4a05_ada0_354bf79f2163-0
2025-09-26 11:14:22,746 INFO  [org.apa.kaf.cli.con.int.ConsumerCoordinator] (ForkJoinPool.commonPool-worker-3) [Consumer clientId=consumer-Consumer-topic-2a45fd1b_22df_4a05_ada0_354bf79f2163-23, groupId=Consumer-topic-2a45fd1b_22df_4a05_ada0_354bf79f2163] Member consumer-Consumer-topic-2a45fd1b_22df_4a05_ada0_354bf79f2163-23-59694a80-cded-4218-8939-7c8f6ab86171 sending LeaveGroup request to coordinator localhost:32769 (id: 2147483647 rack: null) due to the consumer is being closed
2025-09-26 11:14:22,746 INFO  [org.apa.kaf.cli.con.int.ConsumerCoordinator] (ForkJoinPool.commonPool-worker-3) [Consumer clientId=consumer-Consumer-topic-2a45fd1b_22df_4a05_ada0_354bf79f2163-23, groupId=Consumer-topic-2a45fd1b_22df_4a05_ada0_354bf79f2163] Resetting generation and member id due to: consumer pro-actively leaving the group
2025-09-26 11:14:22,746 INFO  [org.apa.kaf.cli.con.int.ConsumerCoordinator] (ForkJoinPool.commonPool-worker-3) [Consumer clientId=consumer-Consumer-topic-2a45fd1b_22df_4a05_ada0_354bf79f2163-23, groupId=Consumer-topic-2a45fd1b_22df_4a05_ada0_354bf79f2163] Request joining group due to: consumer pro-actively leaving the group
2025-09-26 11:14:23,237 INFO  [org.apa.kaf.com.met.Metrics] (ForkJoinPool.commonPool-worker-3) Metrics scheduler closed
2025-09-26 11:14:23,237 INFO  [org.apa.kaf.com.met.Metrics] (ForkJoinPool.commonPool-worker-3) Closing reporter org.apache.kafka.common.metrics.JmxReporter
2025-09-26 11:14:23,237 INFO  [org.apa.kaf.com.met.Metrics] (ForkJoinPool.commonPool-worker-3) Closing reporter org.apache.kafka.common.telemetry.internals.ClientTelemetryReporter
2025-09-26 11:14:23,237 INFO  [org.apa.kaf.com.met.Metrics] (ForkJoinPool.commonPool-worker-3) Metrics reporters closed
2025-09-26 11:14:23,238 INFO  [org.apa.kaf.com.uti.AppInfoParser] (ForkJoinPool.commonPool-worker-3) App info kafka.consumer for consumer-Consumer-topic-2a45fd1b_22df_4a05_ada0_354bf79f2163-23 unregistered
2025-09-26 11:14:23,294 INFO  [io.api.tes.uti.TestSeparator] (main) io.apicurio.tests.serdes.apicurio.ProtobufSerdeIT.testTopicIdStrategyAutoRegister-FINISHED
2025-09-26 11:14:23,294 INFO  [io.api.tes.uti.TestSeparator] (main) ############################################################################
Test passed: testTopicIdStrategyAutoRegister
]]></system-out>
  </testcase>
  <testcase name="testAutoRegisterAndUseBody" classname="io.apicurio.tests.serdes.apicurio.ProtobufSerdeIT" time="4.742">
    <system-out><![CDATA[2025-09-26 11:14:23,296 INFO  [io.api.tes.uti.TestSeparator] (main) ############################################################################
2025-09-26 11:14:23,296 INFO  [io.api.tes.uti.TestSeparator] (main) io.apicurio.tests.serdes.apicurio.ProtobufSerdeIT.testAutoRegisterAndUseBody-STARTED
**** Registry Base URL: http://registry-app-inmemory.apps.ci419.apicurio-testing.org:80
2025-09-26 11:14:23,297 INFO  [org.apa.kaf.cli.pro.ProducerConfig] (main) ProducerConfig values: 
	acks = -1
	auto.include.jmx.reporter = true
	batch.size = 16384
	bootstrap.servers = [PLAINTEXT://localhost:32769]
	buffer.memory = 33554432
	client.dns.lookup = use_all_dns_ips
	client.id = Producer-topic-c9652df7_9808_4b68_917a_21cfce4857df
	compression.gzip.level = -1
	compression.lz4.level = 9
	compression.type = none
	compression.zstd.level = 3
	connections.max.idle.ms = 10000
	delivery.timeout.ms = 120000
	enable.idempotence = true
	enable.metrics.push = true
	interceptor.classes = []
	key.serializer = class org.apache.kafka.common.serialization.StringSerializer
	linger.ms = 0
	max.block.ms = 60000
	max.in.flight.requests.per.connection = 5
	max.request.size = 1048576
	metadata.max.age.ms = 300000
	metadata.max.idle.ms = 300000
	metadata.recovery.strategy = none
	metric.reporters = []
	metrics.num.samples = 2
	metrics.recording.level = INFO
	metrics.sample.window.ms = 30000
	partitioner.adaptive.partitioning.enable = true
	partitioner.availability.timeout.ms = 0
	partitioner.class = null
	partitioner.ignore.keys = false
	receive.buffer.bytes = 32768
	reconnect.backoff.max.ms = 1000
	reconnect.backoff.ms = 50
	request.timeout.ms = 5000
	retries = 2147483647
	retry.backoff.max.ms = 1000
	retry.backoff.ms = 100
	sasl.client.callback.handler.class = null
	sasl.jaas.config = null
	sasl.kerberos.kinit.cmd = /usr/bin/kinit
	sasl.kerberos.min.time.before.relogin = 60000
	sasl.kerberos.service.name = null
	sasl.kerberos.ticket.renew.jitter = 0.05
	sasl.kerberos.ticket.renew.window.factor = 0.8
	sasl.login.callback.handler.class = null
	sasl.login.class = null
	sasl.login.connect.timeout.ms = null
	sasl.login.read.timeout.ms = null
	sasl.login.refresh.buffer.seconds = 300
	sasl.login.refresh.min.period.seconds = 60
	sasl.login.refresh.window.factor = 0.8
	sasl.login.refresh.window.jitter = 0.05
	sasl.login.retry.backoff.max.ms = 10000
	sasl.login.retry.backoff.ms = 100
	sasl.mechanism = GSSAPI
	sasl.oauthbearer.clock.skew.seconds = 30
	sasl.oauthbearer.expected.audience = null
	sasl.oauthbearer.expected.issuer = null
	sasl.oauthbearer.header.urlencode = false
	sasl.oauthbearer.jwks.endpoint.refresh.ms = 3600000
	sasl.oauthbearer.jwks.endpoint.retry.backoff.max.ms = 10000
	sasl.oauthbearer.jwks.endpoint.retry.backoff.ms = 100
	sasl.oauthbearer.jwks.endpoint.url = null
	sasl.oauthbearer.scope.claim.name = scope
	sasl.oauthbearer.sub.claim.name = sub
	sasl.oauthbearer.token.endpoint.url = null
	security.protocol = PLAINTEXT
	security.providers = null
	send.buffer.bytes = 131072
	socket.connection.setup.timeout.max.ms = 30000
	socket.connection.setup.timeout.ms = 10000
	ssl.cipher.suites = null
	ssl.enabled.protocols = [TLSv1.2, TLSv1.3]
	ssl.endpoint.identification.algorithm = https
	ssl.engine.factory.class = null
	ssl.key.password = null
	ssl.keymanager.algorithm = SunX509
	ssl.keystore.certificate.chain = null
	ssl.keystore.key = null
	ssl.keystore.location = null
	ssl.keystore.password = null
	ssl.keystore.type = JKS
	ssl.protocol = TLSv1.3
	ssl.provider = null
	ssl.secure.random.implementation = null
	ssl.trustmanager.algorithm = PKIX
	ssl.truststore.certificates = null
	ssl.truststore.location = null
	ssl.truststore.password = null
	ssl.truststore.type = JKS
	transaction.timeout.ms = 60000
	transactional.id = null
	value.serializer = class io.apicurio.registry.serde.protobuf.ProtobufKafkaSerializer

2025-09-26 11:14:23,297 INFO  [org.apa.kaf.com.tel.int.KafkaMetricsCollector] (main) initializing Kafka metrics collector
2025-09-26 11:14:23,299 INFO  [org.apa.kaf.cli.pro.KafkaProducer] (main) [Producer clientId=Producer-topic-c9652df7_9808_4b68_917a_21cfce4857df] Instantiated an idempotent producer.
2025-09-26 11:14:23,300 INFO  [org.apa.kaf.cli.pro.ProducerConfig] (main) These configurations '[apicurio.registry.url, apicurio.registry.auto-register, apicurio.registry.artifact-resolver-strategy]' were supplied but are not used yet.
2025-09-26 11:14:23,300 INFO  [org.apa.kaf.com.uti.AppInfoParser] (main) Kafka version: 3.9.1
2025-09-26 11:14:23,301 INFO  [org.apa.kaf.com.uti.AppInfoParser] (main) Kafka commitId: f745dfdcee2b9851
2025-09-26 11:14:23,301 INFO  [org.apa.kaf.com.uti.AppInfoParser] (main) Kafka startTimeMs: 1758885263300
2025-09-26 11:14:23,301 INFO  [io.api.tes.ser.api.SimpleSerdesTesterBuilder$SimpleSerdesTester] (main) Using producer configuration: {apicurio.registry.url=http://registry-app-inmemory.apps.ci419.apicurio-testing.org:80/apis/registry/v3, apicurio.registry.auto-register=true, apicurio.registry.artifact-resolver-strategy=io.apicurio.registry.serde.strategy.TopicIdStrategy, value.serializer=io.apicurio.registry.serde.protobuf.ProtobufKafkaSerializer, request.timeout.ms=5000, acks=all, bootstrap.servers=PLAINTEXT://localhost:32769, connections.max.idle.ms=10000, key.serializer=org.apache.kafka.common.serialization.StringSerializer, client.id=Producer-topic-c9652df7_9808_4b68_917a_21cfce4857df}
2025-09-26 11:14:23,301 INFO  [io.api.tes.ser.api.SimpleSerdesTesterBuilder$SimpleSerdesTester] (main) Using consumer configuration: {apicurio.protobuf.derive.class=true}
2025-09-26 11:14:23,301 INFO  [io.api.tes.ser.api.KafkaSerdesTester] (ForkJoinPool.commonPool-worker-3) Sending message header {
  time {
  }
}
d1: 1.758885263301E12
s1: "a"
i1: 123
bi1: 1
point {
  longitude: 22.0
  latitude: 22.0
  altitude: 1.0
}
 to topic topic-c9652df7_9808_4b68_917a_21cfce4857df
2025-09-26 11:14:23,303 WARN  [org.apa.kaf.cli.NetworkClient] (kafka-producer-network-thread | Producer-topic-c9652df7_9808_4b68_917a_21cfce4857df) [Producer clientId=Producer-topic-c9652df7_9808_4b68_917a_21cfce4857df] The metadata response from the cluster reported a recoverable issue with correlation id 1 : {topic-c9652df7_9808_4b68_917a_21cfce4857df=UNKNOWN_TOPIC_OR_PARTITION}
2025-09-26 11:14:23,303 INFO  [org.apa.kaf.cli.Metadata] (kafka-producer-network-thread | Producer-topic-c9652df7_9808_4b68_917a_21cfce4857df) [Producer clientId=Producer-topic-c9652df7_9808_4b68_917a_21cfce4857df] Cluster ID: X5UxcvqSRVGy35VKMRH4NQ
2025-09-26 11:14:23,303 INFO  [org.apa.kaf.cli.pro.int.TransactionManager] (kafka-producer-network-thread | Producer-topic-c9652df7_9808_4b68_917a_21cfce4857df) [Producer clientId=Producer-topic-c9652df7_9808_4b68_917a_21cfce4857df] ProducerId set to 33 with epoch 0
2025-09-26 11:14:23,591 INFO  [io.api.tes.ser.api.KafkaSerdesTester] (ForkJoinPool.commonPool-worker-3) Sending message header {
  time {
  }
}
d1: 1.758885263591E12
s1: "a"
i1: 123
bi1: 1
point {
  longitude: 22.0
  latitude: 22.0
  altitude: 1.0
}
 to topic topic-c9652df7_9808_4b68_917a_21cfce4857df
2025-09-26 11:14:23,655 INFO  [io.api.tes.ser.api.KafkaSerdesTester] (ForkJoinPool.commonPool-worker-3) Sending message header {
  time {
  }
}
d1: 1.758885263655E12
s1: "a"
i1: 123
bi1: 1
point {
  longitude: 22.0
  latitude: 22.0
  altitude: 1.0
}
 to topic topic-c9652df7_9808_4b68_917a_21cfce4857df
2025-09-26 11:14:23,716 INFO  [io.api.tes.ser.api.KafkaSerdesTester] (ForkJoinPool.commonPool-worker-3) Sending message header {
  time {
  }
}
d1: 1.758885263716E12
s1: "a"
i1: 123
bi1: 1
point {
  longitude: 22.0
  latitude: 22.0
  altitude: 1.0
}
 to topic topic-c9652df7_9808_4b68_917a_21cfce4857df
2025-09-26 11:14:23,780 INFO  [io.api.tes.ser.api.KafkaSerdesTester] (ForkJoinPool.commonPool-worker-3) Sending message header {
  time {
  }
}
d1: 1.758885263779E12
s1: "a"
i1: 123
bi1: 1
point {
  longitude: 22.0
  latitude: 22.0
  altitude: 1.0
}
 to topic topic-c9652df7_9808_4b68_917a_21cfce4857df
2025-09-26 11:14:23,842 INFO  [io.api.tes.ser.api.KafkaSerdesTester] (ForkJoinPool.commonPool-worker-3) Sending message header {
  time {
  }
}
d1: 1.758885263841E12
s1: "a"
i1: 123
bi1: 1
point {
  longitude: 22.0
  latitude: 22.0
  altitude: 1.0
}
 to topic topic-c9652df7_9808_4b68_917a_21cfce4857df
2025-09-26 11:14:23,904 INFO  [io.api.tes.ser.api.KafkaSerdesTester] (ForkJoinPool.commonPool-worker-3) Sending message header {
  time {
  }
}
d1: 1.758885263903E12
s1: "a"
i1: 123
bi1: 1
point {
  longitude: 22.0
  latitude: 22.0
  altitude: 1.0
}
 to topic topic-c9652df7_9808_4b68_917a_21cfce4857df
2025-09-26 11:14:23,966 INFO  [io.api.tes.ser.api.KafkaSerdesTester] (ForkJoinPool.commonPool-worker-3) Sending message header {
  time {
  }
}
d1: 1.758885263966E12
s1: "a"
i1: 123
bi1: 1
point {
  longitude: 22.0
  latitude: 22.0
  altitude: 1.0
}
 to topic topic-c9652df7_9808_4b68_917a_21cfce4857df
2025-09-26 11:14:24,027 INFO  [io.api.tes.ser.api.KafkaSerdesTester] (ForkJoinPool.commonPool-worker-3) Sending message header {
  time {
  }
}
d1: 1.758885264027E12
s1: "a"
i1: 123
bi1: 1
point {
  longitude: 22.0
  latitude: 22.0
  altitude: 1.0
}
 to topic topic-c9652df7_9808_4b68_917a_21cfce4857df
2025-09-26 11:14:24,086 INFO  [io.api.tes.ser.api.KafkaSerdesTester] (ForkJoinPool.commonPool-worker-3) Sending message header {
  time {
  }
}
d1: 1.758885264086E12
s1: "a"
i1: 123
bi1: 1
point {
  longitude: 22.0
  latitude: 22.0
  altitude: 1.0
}
 to topic topic-c9652df7_9808_4b68_917a_21cfce4857df
2025-09-26 11:14:24,145 INFO  [io.api.tes.ser.api.KafkaSerdesTester] (ForkJoinPool.commonPool-worker-3) Produced 10 messages
2025-09-26 11:14:24,145 INFO  [org.apa.kaf.cli.pro.KafkaProducer] (ForkJoinPool.commonPool-worker-3) [Producer clientId=Producer-topic-c9652df7_9808_4b68_917a_21cfce4857df] Closing the Kafka producer with timeoutMillis = 9223372036854775807 ms.
2025-09-26 11:14:24,146 INFO  [org.apa.kaf.com.met.Metrics] (ForkJoinPool.commonPool-worker-3) Metrics scheduler closed
2025-09-26 11:14:24,146 INFO  [org.apa.kaf.com.met.Metrics] (ForkJoinPool.commonPool-worker-3) Closing reporter org.apache.kafka.common.metrics.JmxReporter
2025-09-26 11:14:24,146 INFO  [org.apa.kaf.com.met.Metrics] (ForkJoinPool.commonPool-worker-3) Closing reporter org.apache.kafka.common.telemetry.internals.ClientTelemetryReporter
2025-09-26 11:14:24,146 INFO  [org.apa.kaf.com.met.Metrics] (ForkJoinPool.commonPool-worker-3) Metrics reporters closed
2025-09-26 11:14:24,146 INFO  [org.apa.kaf.com.uti.AppInfoParser] (ForkJoinPool.commonPool-worker-3) App info kafka.producer for Producer-topic-c9652df7_9808_4b68_917a_21cfce4857df unregistered
**** Registry Base URL: http://registry-app-inmemory.apps.ci419.apicurio-testing.org:80
2025-09-26 11:14:24,251 INFO  [org.apa.kaf.cli.con.ConsumerConfig] (main) ConsumerConfig values: 
	allow.auto.create.topics = true
	auto.commit.interval.ms = 500
	auto.include.jmx.reporter = true
	auto.offset.reset = earliest
	bootstrap.servers = [PLAINTEXT://localhost:32769]
	check.crcs = true
	client.dns.lookup = use_all_dns_ips
	client.id = consumer-Consumer-topic-c9652df7_9808_4b68_917a_21cfce4857df-24
	client.rack = 
	connections.max.idle.ms = 10000
	default.api.timeout.ms = 60000
	enable.auto.commit = true
	enable.metrics.push = true
	exclude.internal.topics = true
	fetch.max.bytes = 52428800
	fetch.max.wait.ms = 500
	fetch.min.bytes = 1
	group.id = Consumer-topic-c9652df7_9808_4b68_917a_21cfce4857df
	group.instance.id = null
	group.protocol = classic
	group.remote.assignor = null
	heartbeat.interval.ms = 3000
	interceptor.classes = []
	internal.leave.group.on.close = true
	internal.throw.on.fetch.stable.offset.unsupported = false
	isolation.level = read_uncommitted
	key.deserializer = class org.apache.kafka.common.serialization.StringDeserializer
	max.partition.fetch.bytes = 1048576
	max.poll.interval.ms = 300000
	max.poll.records = 500
	metadata.max.age.ms = 300000
	metadata.recovery.strategy = none
	metric.reporters = []
	metrics.num.samples = 2
	metrics.recording.level = INFO
	metrics.sample.window.ms = 30000
	partition.assignment.strategy = [class org.apache.kafka.clients.consumer.RangeAssignor, class org.apache.kafka.clients.consumer.CooperativeStickyAssignor]
	receive.buffer.bytes = 65536
	reconnect.backoff.max.ms = 1000
	reconnect.backoff.ms = 50
	request.timeout.ms = 5000
	retry.backoff.max.ms = 1000
	retry.backoff.ms = 100
	sasl.client.callback.handler.class = null
	sasl.jaas.config = null
	sasl.kerberos.kinit.cmd = /usr/bin/kinit
	sasl.kerberos.min.time.before.relogin = 60000
	sasl.kerberos.service.name = null
	sasl.kerberos.ticket.renew.jitter = 0.05
	sasl.kerberos.ticket.renew.window.factor = 0.8
	sasl.login.callback.handler.class = null
	sasl.login.class = null
	sasl.login.connect.timeout.ms = null
	sasl.login.read.timeout.ms = null
	sasl.login.refresh.buffer.seconds = 300
	sasl.login.refresh.min.period.seconds = 60
	sasl.login.refresh.window.factor = 0.8
	sasl.login.refresh.window.jitter = 0.05
	sasl.login.retry.backoff.max.ms = 10000
	sasl.login.retry.backoff.ms = 100
	sasl.mechanism = GSSAPI
	sasl.oauthbearer.clock.skew.seconds = 30
	sasl.oauthbearer.expected.audience = null
	sasl.oauthbearer.expected.issuer = null
	sasl.oauthbearer.header.urlencode = false
	sasl.oauthbearer.jwks.endpoint.refresh.ms = 3600000
	sasl.oauthbearer.jwks.endpoint.retry.backoff.max.ms = 10000
	sasl.oauthbearer.jwks.endpoint.retry.backoff.ms = 100
	sasl.oauthbearer.jwks.endpoint.url = null
	sasl.oauthbearer.scope.claim.name = scope
	sasl.oauthbearer.sub.claim.name = sub
	sasl.oauthbearer.token.endpoint.url = null
	security.protocol = PLAINTEXT
	security.providers = null
	send.buffer.bytes = 131072
	session.timeout.ms = 45000
	socket.connection.setup.timeout.max.ms = 30000
	socket.connection.setup.timeout.ms = 10000
	ssl.cipher.suites = null
	ssl.enabled.protocols = [TLSv1.2, TLSv1.3]
	ssl.endpoint.identification.algorithm = https
	ssl.engine.factory.class = null
	ssl.key.password = null
	ssl.keymanager.algorithm = SunX509
	ssl.keystore.certificate.chain = null
	ssl.keystore.key = null
	ssl.keystore.location = null
	ssl.keystore.password = null
	ssl.keystore.type = JKS
	ssl.protocol = TLSv1.3
	ssl.provider = null
	ssl.secure.random.implementation = null
	ssl.trustmanager.algorithm = PKIX
	ssl.truststore.certificates = null
	ssl.truststore.location = null
	ssl.truststore.password = null
	ssl.truststore.type = JKS
	value.deserializer = class io.apicurio.registry.serde.protobuf.ProtobufKafkaDeserializer

2025-09-26 11:14:24,251 INFO  [org.apa.kaf.com.tel.int.KafkaMetricsCollector] (main) initializing Kafka metrics collector
2025-09-26 11:14:24,254 INFO  [org.apa.kaf.cli.con.ConsumerConfig] (main) These configurations '[apicurio.registry.url, apicurio.protobuf.derive.class]' were supplied but are not used yet.
2025-09-26 11:14:24,254 INFO  [org.apa.kaf.com.uti.AppInfoParser] (main) Kafka version: 3.9.1
2025-09-26 11:14:24,254 INFO  [org.apa.kaf.com.uti.AppInfoParser] (main) Kafka commitId: f745dfdcee2b9851
2025-09-26 11:14:24,255 INFO  [org.apa.kaf.com.uti.AppInfoParser] (main) Kafka startTimeMs: 1758885264254
2025-09-26 11:14:24,255 INFO  [org.apa.kaf.cli.con.int.ClassicKafkaConsumer] (ForkJoinPool.commonPool-worker-3) [Consumer clientId=consumer-Consumer-topic-c9652df7_9808_4b68_917a_21cfce4857df-24, groupId=Consumer-topic-c9652df7_9808_4b68_917a_21cfce4857df] Subscribed to topic(s): topic-c9652df7_9808_4b68_917a_21cfce4857df
2025-09-26 11:14:24,257 INFO  [org.apa.kaf.cli.Metadata] (ForkJoinPool.commonPool-worker-3) [Consumer clientId=consumer-Consumer-topic-c9652df7_9808_4b68_917a_21cfce4857df-24, groupId=Consumer-topic-c9652df7_9808_4b68_917a_21cfce4857df] Cluster ID: X5UxcvqSRVGy35VKMRH4NQ
2025-09-26 11:14:24,257 INFO  [org.apa.kaf.cli.con.int.ConsumerCoordinator] (ForkJoinPool.commonPool-worker-3) [Consumer clientId=consumer-Consumer-topic-c9652df7_9808_4b68_917a_21cfce4857df-24, groupId=Consumer-topic-c9652df7_9808_4b68_917a_21cfce4857df] Discovered group coordinator localhost:32769 (id: 2147483647 rack: null)
2025-09-26 11:14:24,258 INFO  [org.apa.kaf.cli.con.int.ConsumerCoordinator] (ForkJoinPool.commonPool-worker-3) [Consumer clientId=consumer-Consumer-topic-c9652df7_9808_4b68_917a_21cfce4857df-24, groupId=Consumer-topic-c9652df7_9808_4b68_917a_21cfce4857df] (Re-)joining group
2025-09-26 11:14:24,259 INFO  [org.apa.kaf.cli.con.int.ConsumerCoordinator] (ForkJoinPool.commonPool-worker-3) [Consumer clientId=consumer-Consumer-topic-c9652df7_9808_4b68_917a_21cfce4857df-24, groupId=Consumer-topic-c9652df7_9808_4b68_917a_21cfce4857df] Request joining group due to: need to re-join with the given member-id: consumer-Consumer-topic-c9652df7_9808_4b68_917a_21cfce4857df-24-6df1901f-9194-48e1-ac7a-04610ac38148
2025-09-26 11:14:24,259 INFO  [org.apa.kaf.cli.con.int.ConsumerCoordinator] (ForkJoinPool.commonPool-worker-3) [Consumer clientId=consumer-Consumer-topic-c9652df7_9808_4b68_917a_21cfce4857df-24, groupId=Consumer-topic-c9652df7_9808_4b68_917a_21cfce4857df] (Re-)joining group
2025-09-26 11:14:25,255 INFO  [io.api.tes.ser.api.KafkaSerdesTester] (ForkJoinPool.commonPool-worker-3) None found
2025-09-26 11:14:26,255 INFO  [io.api.tes.ser.api.KafkaSerdesTester] (ForkJoinPool.commonPool-worker-3) None found
2025-09-26 11:14:27,255 INFO  [io.api.tes.ser.api.KafkaSerdesTester] (ForkJoinPool.commonPool-worker-3) None found
2025-09-26 11:14:27,260 INFO  [org.apa.kaf.cli.con.int.ConsumerCoordinator] (ForkJoinPool.commonPool-worker-3) [Consumer clientId=consumer-Consumer-topic-c9652df7_9808_4b68_917a_21cfce4857df-24, groupId=Consumer-topic-c9652df7_9808_4b68_917a_21cfce4857df] Successfully joined group with generation Generation{generationId=1, memberId='consumer-Consumer-topic-c9652df7_9808_4b68_917a_21cfce4857df-24-6df1901f-9194-48e1-ac7a-04610ac38148', protocol='range'}
2025-09-26 11:14:27,261 INFO  [org.apa.kaf.cli.con.int.ConsumerCoordinator] (ForkJoinPool.commonPool-worker-3) [Consumer clientId=consumer-Consumer-topic-c9652df7_9808_4b68_917a_21cfce4857df-24, groupId=Consumer-topic-c9652df7_9808_4b68_917a_21cfce4857df] Finished assignment for group at generation 1: {consumer-Consumer-topic-c9652df7_9808_4b68_917a_21cfce4857df-24-6df1901f-9194-48e1-ac7a-04610ac38148=Assignment(partitions=[topic-c9652df7_9808_4b68_917a_21cfce4857df-0])}
2025-09-26 11:14:27,267 INFO  [org.apa.kaf.cli.con.int.ConsumerCoordinator] (ForkJoinPool.commonPool-worker-3) [Consumer clientId=consumer-Consumer-topic-c9652df7_9808_4b68_917a_21cfce4857df-24, groupId=Consumer-topic-c9652df7_9808_4b68_917a_21cfce4857df] Successfully synced group in generation Generation{generationId=1, memberId='consumer-Consumer-topic-c9652df7_9808_4b68_917a_21cfce4857df-24-6df1901f-9194-48e1-ac7a-04610ac38148', protocol='range'}
2025-09-26 11:14:27,267 INFO  [org.apa.kaf.cli.con.int.ConsumerCoordinator] (ForkJoinPool.commonPool-worker-3) [Consumer clientId=consumer-Consumer-topic-c9652df7_9808_4b68_917a_21cfce4857df-24, groupId=Consumer-topic-c9652df7_9808_4b68_917a_21cfce4857df] Notifying assignor about the new Assignment(partitions=[topic-c9652df7_9808_4b68_917a_21cfce4857df-0])
2025-09-26 11:14:27,267 INFO  [org.apa.kaf.cli.con.int.ConsumerRebalanceListenerInvoker] (ForkJoinPool.commonPool-worker-3) [Consumer clientId=consumer-Consumer-topic-c9652df7_9808_4b68_917a_21cfce4857df-24, groupId=Consumer-topic-c9652df7_9808_4b68_917a_21cfce4857df] Adding newly assigned partitions: topic-c9652df7_9808_4b68_917a_21cfce4857df-0
2025-09-26 11:14:27,268 INFO  [org.apa.kaf.cli.con.int.ConsumerCoordinator] (ForkJoinPool.commonPool-worker-3) [Consumer clientId=consumer-Consumer-topic-c9652df7_9808_4b68_917a_21cfce4857df-24, groupId=Consumer-topic-c9652df7_9808_4b68_917a_21cfce4857df] Found no committed offset for partition topic-c9652df7_9808_4b68_917a_21cfce4857df-0
2025-09-26 11:14:27,270 INFO  [org.apa.kaf.cli.con.int.SubscriptionState] (ForkJoinPool.commonPool-worker-3) [Consumer clientId=consumer-Consumer-topic-c9652df7_9808_4b68_917a_21cfce4857df-24, groupId=Consumer-topic-c9652df7_9808_4b68_917a_21cfce4857df] Resetting offset for partition topic-c9652df7_9808_4b68_917a_21cfce4857df-0 to position FetchPosition{offset=0, offsetEpoch=Optional.empty, currentLeader=LeaderAndEpoch{leader=Optional[localhost:32769 (id: 0 rack: null)], epoch=0}}.
2025-09-26 11:14:27,534 INFO  [io.api.tes.ser.api.KafkaSerdesTester] (ForkJoinPool.commonPool-worker-3) topic-c9652df7_9808_4b68_917a_21cfce4857df 0 0 header {
  time {
  }
}
d1: 1.758885263301E12
s1: "a"
i1: 123
bi1: 1
point {
  longitude: 22.0
  latitude: 22.0
  altitude: 1.0
}

2025-09-26 11:14:27,534 INFO  [io.api.tes.ser.api.KafkaSerdesTester] (ForkJoinPool.commonPool-worker-3) topic-c9652df7_9808_4b68_917a_21cfce4857df 0 1 header {
  time {
  }
}
d1: 1.758885263591E12
s1: "a"
i1: 123
bi1: 1
point {
  longitude: 22.0
  latitude: 22.0
  altitude: 1.0
}

2025-09-26 11:14:27,534 INFO  [io.api.tes.ser.api.KafkaSerdesTester] (ForkJoinPool.commonPool-worker-3) topic-c9652df7_9808_4b68_917a_21cfce4857df 0 2 header {
  time {
  }
}
d1: 1.758885263655E12
s1: "a"
i1: 123
bi1: 1
point {
  longitude: 22.0
  latitude: 22.0
  altitude: 1.0
}

2025-09-26 11:14:27,534 INFO  [io.api.tes.ser.api.KafkaSerdesTester] (ForkJoinPool.commonPool-worker-3) topic-c9652df7_9808_4b68_917a_21cfce4857df 0 3 header {
  time {
  }
}
d1: 1.758885263716E12
s1: "a"
i1: 123
bi1: 1
point {
  longitude: 22.0
  latitude: 22.0
  altitude: 1.0
}

2025-09-26 11:14:27,534 INFO  [io.api.tes.ser.api.KafkaSerdesTester] (ForkJoinPool.commonPool-worker-3) topic-c9652df7_9808_4b68_917a_21cfce4857df 0 4 header {
  time {
  }
}
d1: 1.758885263779E12
s1: "a"
i1: 123
bi1: 1
point {
  longitude: 22.0
  latitude: 22.0
  altitude: 1.0
}

2025-09-26 11:14:27,534 INFO  [io.api.tes.ser.api.KafkaSerdesTester] (ForkJoinPool.commonPool-worker-3) topic-c9652df7_9808_4b68_917a_21cfce4857df 0 5 header {
  time {
  }
}
d1: 1.758885263841E12
s1: "a"
i1: 123
bi1: 1
point {
  longitude: 22.0
  latitude: 22.0
  altitude: 1.0
}

2025-09-26 11:14:27,534 INFO  [io.api.tes.ser.api.KafkaSerdesTester] (ForkJoinPool.commonPool-worker-3) topic-c9652df7_9808_4b68_917a_21cfce4857df 0 6 header {
  time {
  }
}
d1: 1.758885263903E12
s1: "a"
i1: 123
bi1: 1
point {
  longitude: 22.0
  latitude: 22.0
  altitude: 1.0
}

2025-09-26 11:14:27,534 INFO  [io.api.tes.ser.api.KafkaSerdesTester] (ForkJoinPool.commonPool-worker-3) topic-c9652df7_9808_4b68_917a_21cfce4857df 0 7 header {
  time {
  }
}
d1: 1.758885263966E12
s1: "a"
i1: 123
bi1: 1
point {
  longitude: 22.0
  latitude: 22.0
  altitude: 1.0
}

2025-09-26 11:14:27,535 INFO  [io.api.tes.ser.api.KafkaSerdesTester] (ForkJoinPool.commonPool-worker-3) topic-c9652df7_9808_4b68_917a_21cfce4857df 0 8 header {
  time {
  }
}
d1: 1.758885264027E12
s1: "a"
i1: 123
bi1: 1
point {
  longitude: 22.0
  latitude: 22.0
  altitude: 1.0
}

2025-09-26 11:14:27,535 INFO  [io.api.tes.ser.api.KafkaSerdesTester] (ForkJoinPool.commonPool-worker-3) topic-c9652df7_9808_4b68_917a_21cfce4857df 0 9 header {
  time {
  }
}
d1: 1.758885264086E12
s1: "a"
i1: 123
bi1: 1
point {
  longitude: 22.0
  latitude: 22.0
  altitude: 1.0
}

2025-09-26 11:14:27,535 INFO  [io.api.tes.ser.api.KafkaSerdesTester] (ForkJoinPool.commonPool-worker-3) Consumed 10 messages
2025-09-26 11:14:27,540 INFO  [org.apa.kaf.cli.con.int.ConsumerRebalanceListenerInvoker] (ForkJoinPool.commonPool-worker-3) [Consumer clientId=consumer-Consumer-topic-c9652df7_9808_4b68_917a_21cfce4857df-24, groupId=Consumer-topic-c9652df7_9808_4b68_917a_21cfce4857df] Revoke previously assigned partitions topic-c9652df7_9808_4b68_917a_21cfce4857df-0
2025-09-26 11:14:27,540 INFO  [org.apa.kaf.cli.con.int.ConsumerCoordinator] (ForkJoinPool.commonPool-worker-3) [Consumer clientId=consumer-Consumer-topic-c9652df7_9808_4b68_917a_21cfce4857df-24, groupId=Consumer-topic-c9652df7_9808_4b68_917a_21cfce4857df] Member consumer-Consumer-topic-c9652df7_9808_4b68_917a_21cfce4857df-24-6df1901f-9194-48e1-ac7a-04610ac38148 sending LeaveGroup request to coordinator localhost:32769 (id: 2147483647 rack: null) due to the consumer is being closed
2025-09-26 11:14:27,540 INFO  [org.apa.kaf.cli.con.int.ConsumerCoordinator] (ForkJoinPool.commonPool-worker-3) [Consumer clientId=consumer-Consumer-topic-c9652df7_9808_4b68_917a_21cfce4857df-24, groupId=Consumer-topic-c9652df7_9808_4b68_917a_21cfce4857df] Resetting generation and member id due to: consumer pro-actively leaving the group
2025-09-26 11:14:27,540 INFO  [org.apa.kaf.cli.con.int.ConsumerCoordinator] (ForkJoinPool.commonPool-worker-3) [Consumer clientId=consumer-Consumer-topic-c9652df7_9808_4b68_917a_21cfce4857df-24, groupId=Consumer-topic-c9652df7_9808_4b68_917a_21cfce4857df] Request joining group due to: consumer pro-actively leaving the group
2025-09-26 11:14:28,035 INFO  [org.apa.kaf.com.met.Metrics] (ForkJoinPool.commonPool-worker-3) Metrics scheduler closed
2025-09-26 11:14:28,035 INFO  [org.apa.kaf.com.met.Metrics] (ForkJoinPool.commonPool-worker-3) Closing reporter org.apache.kafka.common.metrics.JmxReporter
2025-09-26 11:14:28,035 INFO  [org.apa.kaf.com.met.Metrics] (ForkJoinPool.commonPool-worker-3) Closing reporter org.apache.kafka.common.telemetry.internals.ClientTelemetryReporter
2025-09-26 11:14:28,036 INFO  [org.apa.kaf.com.met.Metrics] (ForkJoinPool.commonPool-worker-3) Metrics reporters closed
2025-09-26 11:14:28,037 INFO  [org.apa.kaf.com.uti.AppInfoParser] (ForkJoinPool.commonPool-worker-3) App info kafka.consumer for consumer-Consumer-topic-c9652df7_9808_4b68_917a_21cfce4857df-24 unregistered
2025-09-26 11:14:28,037 INFO  [io.api.tes.uti.TestSeparator] (main) io.apicurio.tests.serdes.apicurio.ProtobufSerdeIT.testAutoRegisterAndUseBody-FINISHED
2025-09-26 11:14:28,037 INFO  [io.api.tes.uti.TestSeparator] (main) ############################################################################
Test passed: testAutoRegisterAndUseBody
]]></system-out>
  </testcase>
  <testcase name="testValidation" classname="io.apicurio.tests.serdes.apicurio.ProtobufSerdeIT" time="22.539">
    <system-out><![CDATA[2025-09-26 11:14:28,038 INFO  [io.api.tes.uti.TestSeparator] (main) ############################################################################
2025-09-26 11:14:28,038 INFO  [io.api.tes.uti.TestSeparator] (main) io.apicurio.tests.serdes.apicurio.ProtobufSerdeIT.testValidation-STARTED
**** Registry Base URL: http://registry-app-inmemory.apps.ci419.apicurio-testing.org:80
2025-09-26 11:14:30,262 INFO  [org.apa.kaf.cli.pro.ProducerConfig] (main) ProducerConfig values: 
	acks = -1
	auto.include.jmx.reporter = true
	batch.size = 16384
	bootstrap.servers = [PLAINTEXT://localhost:32769]
	buffer.memory = 33554432
	client.dns.lookup = use_all_dns_ips
	client.id = Producer-sd7bfdc5dx128dx436dxb44ax3efc2a1bc38d
	compression.gzip.level = -1
	compression.lz4.level = 9
	compression.type = none
	compression.zstd.level = 3
	connections.max.idle.ms = 10000
	delivery.timeout.ms = 120000
	enable.idempotence = true
	enable.metrics.push = true
	interceptor.classes = []
	key.serializer = class org.apache.kafka.common.serialization.StringSerializer
	linger.ms = 0
	max.block.ms = 60000
	max.in.flight.requests.per.connection = 5
	max.request.size = 1048576
	metadata.max.age.ms = 300000
	metadata.max.idle.ms = 300000
	metadata.recovery.strategy = none
	metric.reporters = []
	metrics.num.samples = 2
	metrics.recording.level = INFO
	metrics.sample.window.ms = 30000
	partitioner.adaptive.partitioning.enable = true
	partitioner.availability.timeout.ms = 0
	partitioner.class = null
	partitioner.ignore.keys = false
	receive.buffer.bytes = 32768
	reconnect.backoff.max.ms = 1000
	reconnect.backoff.ms = 50
	request.timeout.ms = 5000
	retries = 2147483647
	retry.backoff.max.ms = 1000
	retry.backoff.ms = 100
	sasl.client.callback.handler.class = null
	sasl.jaas.config = null
	sasl.kerberos.kinit.cmd = /usr/bin/kinit
	sasl.kerberos.min.time.before.relogin = 60000
	sasl.kerberos.service.name = null
	sasl.kerberos.ticket.renew.jitter = 0.05
	sasl.kerberos.ticket.renew.window.factor = 0.8
	sasl.login.callback.handler.class = null
	sasl.login.class = null
	sasl.login.connect.timeout.ms = null
	sasl.login.read.timeout.ms = null
	sasl.login.refresh.buffer.seconds = 300
	sasl.login.refresh.min.period.seconds = 60
	sasl.login.refresh.window.factor = 0.8
	sasl.login.refresh.window.jitter = 0.05
	sasl.login.retry.backoff.max.ms = 10000
	sasl.login.retry.backoff.ms = 100
	sasl.mechanism = GSSAPI
	sasl.oauthbearer.clock.skew.seconds = 30
	sasl.oauthbearer.expected.audience = null
	sasl.oauthbearer.expected.issuer = null
	sasl.oauthbearer.header.urlencode = false
	sasl.oauthbearer.jwks.endpoint.refresh.ms = 3600000
	sasl.oauthbearer.jwks.endpoint.retry.backoff.max.ms = 10000
	sasl.oauthbearer.jwks.endpoint.retry.backoff.ms = 100
	sasl.oauthbearer.jwks.endpoint.url = null
	sasl.oauthbearer.scope.claim.name = scope
	sasl.oauthbearer.sub.claim.name = sub
	sasl.oauthbearer.token.endpoint.url = null
	security.protocol = PLAINTEXT
	security.providers = null
	send.buffer.bytes = 131072
	socket.connection.setup.timeout.max.ms = 30000
	socket.connection.setup.timeout.ms = 10000
	ssl.cipher.suites = null
	ssl.enabled.protocols = [TLSv1.2, TLSv1.3]
	ssl.endpoint.identification.algorithm = https
	ssl.engine.factory.class = null
	ssl.key.password = null
	ssl.keymanager.algorithm = SunX509
	ssl.keystore.certificate.chain = null
	ssl.keystore.key = null
	ssl.keystore.location = null
	ssl.keystore.password = null
	ssl.keystore.type = JKS
	ssl.protocol = TLSv1.3
	ssl.provider = null
	ssl.secure.random.implementation = null
	ssl.trustmanager.algorithm = PKIX
	ssl.truststore.certificates = null
	ssl.truststore.location = null
	ssl.truststore.password = null
	ssl.truststore.type = JKS
	transaction.timeout.ms = 60000
	transactional.id = null
	value.serializer = class io.apicurio.registry.serde.protobuf.ProtobufKafkaSerializer

2025-09-26 11:14:30,262 INFO  [org.apa.kaf.com.tel.int.KafkaMetricsCollector] (main) initializing Kafka metrics collector
2025-09-26 11:14:30,265 INFO  [org.apa.kaf.cli.pro.KafkaProducer] (main) [Producer clientId=Producer-sd7bfdc5dx128dx436dxb44ax3efc2a1bc38d] Instantiated an idempotent producer.
2025-09-26 11:14:30,265 INFO  [org.apa.kaf.cli.pro.ProducerConfig] (main) These configurations '[apicurio.registry.headers.enabled, apicurio.registry.find-latest, apicurio.registry.url, apicurio.registry.artifact-resolver-strategy, apicurio.registry.artifact.version]' were supplied but are not used yet.
2025-09-26 11:14:30,266 INFO  [org.apa.kaf.com.uti.AppInfoParser] (main) Kafka version: 3.9.1
2025-09-26 11:14:30,266 INFO  [org.apa.kaf.com.uti.AppInfoParser] (main) Kafka commitId: f745dfdcee2b9851
2025-09-26 11:14:30,266 INFO  [org.apa.kaf.com.uti.AppInfoParser] (main) Kafka startTimeMs: 1758885270266
2025-09-26 11:14:30,266 INFO  [io.api.tes.ser.api.SimpleSerdesTesterBuilder$SimpleSerdesTester] (main) Using producer configuration: {apicurio.registry.headers.enabled=true, request.timeout.ms=5000, acks=all, bootstrap.servers=PLAINTEXT://localhost:32769, key.serializer=org.apache.kafka.common.serialization.StringSerializer, apicurio.registry.find-latest=false, apicurio.registry.url=http://registry-app-inmemory.apps.ci419.apicurio-testing.org:80/apis/registry/v3, apicurio.registry.artifact-resolver-strategy=io.apicurio.registry.serde.strategy.TopicIdStrategy, value.serializer=io.apicurio.registry.serde.protobuf.ProtobufKafkaSerializer, connections.max.idle.ms=10000, apicurio.registry.artifact.version=1, client.id=Producer-sd7bfdc5dx128dx436dxb44ax3efc2a1bc38d}
2025-09-26 11:14:30,266 INFO  [io.api.tes.ser.api.SimpleSerdesTesterBuilder$SimpleSerdesTester] (main) Using consumer configuration: {apicurio.registry.headers.enabled=true}
2025-09-26 11:14:30,266 INFO  [io.api.tes.ser.api.KafkaSerdesTester] (ForkJoinPool.commonPool-worker-3) Sending message header {
  time {
  }
}
d1: 1.758885270266E12
s1: "a"
i1: 123
bi1: 1
point {
  longitude: 22.0
  latitude: 22.0
  altitude: 1.0
}
 to topic sd7bfdc5dx128dx436dxb44ax3efc2a1bc38d
2025-09-26 11:14:30,268 INFO  [org.apa.kaf.cli.Metadata] (kafka-producer-network-thread | Producer-sd7bfdc5dx128dx436dxb44ax3efc2a1bc38d) [Producer clientId=Producer-sd7bfdc5dx128dx436dxb44ax3efc2a1bc38d] Cluster ID: X5UxcvqSRVGy35VKMRH4NQ
2025-09-26 11:14:30,268 INFO  [org.apa.kaf.cli.pro.int.TransactionManager] (kafka-producer-network-thread | Producer-sd7bfdc5dx128dx436dxb44ax3efc2a1bc38d) [Producer clientId=Producer-sd7bfdc5dx128dx436dxb44ax3efc2a1bc38d] ProducerId set to 34 with epoch 0
2025-09-26 11:14:31,150 INFO  [io.api.tes.ser.api.KafkaSerdesTester] (ForkJoinPool.commonPool-worker-3) Sending message header {
  time {
  }
}
d1: 1.75888527115E12
s1: "a"
i1: 123
bi1: 1
point {
  longitude: 22.0
  latitude: 22.0
  altitude: 1.0
}
 to topic sd7bfdc5dx128dx436dxb44ax3efc2a1bc38d
2025-09-26 11:14:31,151 INFO  [io.api.tes.ser.api.KafkaSerdesTester] (ForkJoinPool.commonPool-worker-3) Sending message header {
  time {
  }
}
d1: 1.758885271151E12
s1: "a"
i1: 123
bi1: 1
point {
  longitude: 22.0
  latitude: 22.0
  altitude: 1.0
}
 to topic sd7bfdc5dx128dx436dxb44ax3efc2a1bc38d
2025-09-26 11:14:31,153 INFO  [io.api.tes.ser.api.KafkaSerdesTester] (ForkJoinPool.commonPool-worker-3) Sending message header {
  time {
  }
}
d1: 1.758885271152E12
s1: "a"
i1: 123
bi1: 1
point {
  longitude: 22.0
  latitude: 22.0
  altitude: 1.0
}
 to topic sd7bfdc5dx128dx436dxb44ax3efc2a1bc38d
2025-09-26 11:14:31,154 INFO  [io.api.tes.ser.api.KafkaSerdesTester] (ForkJoinPool.commonPool-worker-3) Sending message header {
  time {
  }
}
d1: 1.758885271154E12
s1: "a"
i1: 123
bi1: 1
point {
  longitude: 22.0
  latitude: 22.0
  altitude: 1.0
}
 to topic sd7bfdc5dx128dx436dxb44ax3efc2a1bc38d
2025-09-26 11:14:31,155 INFO  [io.api.tes.ser.api.KafkaSerdesTester] (ForkJoinPool.commonPool-worker-3) Sending message header {
  time {
  }
}
d1: 1.758885271155E12
s1: "a"
i1: 123
bi1: 1
point {
  longitude: 22.0
  latitude: 22.0
  altitude: 1.0
}
 to topic sd7bfdc5dx128dx436dxb44ax3efc2a1bc38d
2025-09-26 11:14:31,156 INFO  [io.api.tes.ser.api.KafkaSerdesTester] (ForkJoinPool.commonPool-worker-3) Sending message header {
  time {
  }
}
d1: 1.758885271156E12
s1: "a"
i1: 123
bi1: 1
point {
  longitude: 22.0
  latitude: 22.0
  altitude: 1.0
}
 to topic sd7bfdc5dx128dx436dxb44ax3efc2a1bc38d
2025-09-26 11:14:31,158 INFO  [io.api.tes.ser.api.KafkaSerdesTester] (ForkJoinPool.commonPool-worker-3) Sending message header {
  time {
  }
}
d1: 1.758885271157E12
s1: "a"
i1: 123
bi1: 1
point {
  longitude: 22.0
  latitude: 22.0
  altitude: 1.0
}
 to topic sd7bfdc5dx128dx436dxb44ax3efc2a1bc38d
2025-09-26 11:14:31,159 INFO  [io.api.tes.ser.api.KafkaSerdesTester] (ForkJoinPool.commonPool-worker-3) Sending message header {
  time {
  }
}
d1: 1.758885271159E12
s1: "a"
i1: 123
bi1: 1
point {
  longitude: 22.0
  latitude: 22.0
  altitude: 1.0
}
 to topic sd7bfdc5dx128dx436dxb44ax3efc2a1bc38d
2025-09-26 11:14:31,161 INFO  [io.api.tes.ser.api.KafkaSerdesTester] (ForkJoinPool.commonPool-worker-3) Sending message header {
  time {
  }
}
d1: 1.758885271161E12
s1: "a"
i1: 123
bi1: 1
point {
  longitude: 22.0
  latitude: 22.0
  altitude: 1.0
}
 to topic sd7bfdc5dx128dx436dxb44ax3efc2a1bc38d
2025-09-26 11:14:31,163 INFO  [io.api.tes.ser.api.KafkaSerdesTester] (ForkJoinPool.commonPool-worker-3) Produced 10 messages
2025-09-26 11:14:31,163 INFO  [org.apa.kaf.cli.pro.KafkaProducer] (ForkJoinPool.commonPool-worker-3) [Producer clientId=Producer-sd7bfdc5dx128dx436dxb44ax3efc2a1bc38d] Closing the Kafka producer with timeoutMillis = 9223372036854775807 ms.
2025-09-26 11:14:31,165 INFO  [org.apa.kaf.com.met.Metrics] (ForkJoinPool.commonPool-worker-3) Metrics scheduler closed
2025-09-26 11:14:31,165 INFO  [org.apa.kaf.com.met.Metrics] (ForkJoinPool.commonPool-worker-3) Closing reporter org.apache.kafka.common.metrics.JmxReporter
2025-09-26 11:14:31,165 INFO  [org.apa.kaf.com.met.Metrics] (ForkJoinPool.commonPool-worker-3) Closing reporter org.apache.kafka.common.telemetry.internals.ClientTelemetryReporter
2025-09-26 11:14:31,165 INFO  [org.apa.kaf.com.met.Metrics] (ForkJoinPool.commonPool-worker-3) Metrics reporters closed
2025-09-26 11:14:31,165 INFO  [org.apa.kaf.com.uti.AppInfoParser] (ForkJoinPool.commonPool-worker-3) App info kafka.producer for Producer-sd7bfdc5dx128dx436dxb44ax3efc2a1bc38d unregistered
**** Registry Base URL: http://registry-app-inmemory.apps.ci419.apicurio-testing.org:80
2025-09-26 11:14:31,166 INFO  [org.apa.kaf.cli.con.ConsumerConfig] (main) ConsumerConfig values: 
	allow.auto.create.topics = true
	auto.commit.interval.ms = 500
	auto.include.jmx.reporter = true
	auto.offset.reset = earliest
	bootstrap.servers = [PLAINTEXT://localhost:32769]
	check.crcs = true
	client.dns.lookup = use_all_dns_ips
	client.id = consumer-Consumer-sd7bfdc5dx128dx436dxb44ax3efc2a1bc38d-25
	client.rack = 
	connections.max.idle.ms = 10000
	default.api.timeout.ms = 60000
	enable.auto.commit = true
	enable.metrics.push = true
	exclude.internal.topics = true
	fetch.max.bytes = 52428800
	fetch.max.wait.ms = 500
	fetch.min.bytes = 1
	group.id = Consumer-sd7bfdc5dx128dx436dxb44ax3efc2a1bc38d
	group.instance.id = null
	group.protocol = classic
	group.remote.assignor = null
	heartbeat.interval.ms = 3000
	interceptor.classes = []
	internal.leave.group.on.close = true
	internal.throw.on.fetch.stable.offset.unsupported = false
	isolation.level = read_uncommitted
	key.deserializer = class org.apache.kafka.common.serialization.StringDeserializer
	max.partition.fetch.bytes = 1048576
	max.poll.interval.ms = 300000
	max.poll.records = 500
	metadata.max.age.ms = 300000
	metadata.recovery.strategy = none
	metric.reporters = []
	metrics.num.samples = 2
	metrics.recording.level = INFO
	metrics.sample.window.ms = 30000
	partition.assignment.strategy = [class org.apache.kafka.clients.consumer.RangeAssignor, class org.apache.kafka.clients.consumer.CooperativeStickyAssignor]
	receive.buffer.bytes = 65536
	reconnect.backoff.max.ms = 1000
	reconnect.backoff.ms = 50
	request.timeout.ms = 5000
	retry.backoff.max.ms = 1000
	retry.backoff.ms = 100
	sasl.client.callback.handler.class = null
	sasl.jaas.config = null
	sasl.kerberos.kinit.cmd = /usr/bin/kinit
	sasl.kerberos.min.time.before.relogin = 60000
	sasl.kerberos.service.name = null
	sasl.kerberos.ticket.renew.jitter = 0.05
	sasl.kerberos.ticket.renew.window.factor = 0.8
	sasl.login.callback.handler.class = null
	sasl.login.class = null
	sasl.login.connect.timeout.ms = null
	sasl.login.read.timeout.ms = null
	sasl.login.refresh.buffer.seconds = 300
	sasl.login.refresh.min.period.seconds = 60
	sasl.login.refresh.window.factor = 0.8
	sasl.login.refresh.window.jitter = 0.05
	sasl.login.retry.backoff.max.ms = 10000
	sasl.login.retry.backoff.ms = 100
	sasl.mechanism = GSSAPI
	sasl.oauthbearer.clock.skew.seconds = 30
	sasl.oauthbearer.expected.audience = null
	sasl.oauthbearer.expected.issuer = null
	sasl.oauthbearer.header.urlencode = false
	sasl.oauthbearer.jwks.endpoint.refresh.ms = 3600000
	sasl.oauthbearer.jwks.endpoint.retry.backoff.max.ms = 10000
	sasl.oauthbearer.jwks.endpoint.retry.backoff.ms = 100
	sasl.oauthbearer.jwks.endpoint.url = null
	sasl.oauthbearer.scope.claim.name = scope
	sasl.oauthbearer.sub.claim.name = sub
	sasl.oauthbearer.token.endpoint.url = null
	security.protocol = PLAINTEXT
	security.providers = null
	send.buffer.bytes = 131072
	session.timeout.ms = 45000
	socket.connection.setup.timeout.max.ms = 30000
	socket.connection.setup.timeout.ms = 10000
	ssl.cipher.suites = null
	ssl.enabled.protocols = [TLSv1.2, TLSv1.3]
	ssl.endpoint.identification.algorithm = https
	ssl.engine.factory.class = null
	ssl.key.password = null
	ssl.keymanager.algorithm = SunX509
	ssl.keystore.certificate.chain = null
	ssl.keystore.key = null
	ssl.keystore.location = null
	ssl.keystore.password = null
	ssl.keystore.type = JKS
	ssl.protocol = TLSv1.3
	ssl.provider = null
	ssl.secure.random.implementation = null
	ssl.trustmanager.algorithm = PKIX
	ssl.truststore.certificates = null
	ssl.truststore.location = null
	ssl.truststore.password = null
	ssl.truststore.type = JKS
	value.deserializer = class io.apicurio.registry.serde.protobuf.ProtobufKafkaDeserializer

2025-09-26 11:14:31,166 INFO  [org.apa.kaf.com.tel.int.KafkaMetricsCollector] (main) initializing Kafka metrics collector
2025-09-26 11:14:31,173 INFO  [org.apa.kaf.cli.con.ConsumerConfig] (main) These configurations '[apicurio.registry.url, apicurio.registry.headers.enabled]' were supplied but are not used yet.
2025-09-26 11:14:31,173 INFO  [org.apa.kaf.com.uti.AppInfoParser] (main) Kafka version: 3.9.1
2025-09-26 11:14:31,173 INFO  [org.apa.kaf.com.uti.AppInfoParser] (main) Kafka commitId: f745dfdcee2b9851
2025-09-26 11:14:31,173 INFO  [org.apa.kaf.com.uti.AppInfoParser] (main) Kafka startTimeMs: 1758885271173
2025-09-26 11:14:31,173 INFO  [org.apa.kaf.cli.con.int.ClassicKafkaConsumer] (ForkJoinPool.commonPool-worker-3) [Consumer clientId=consumer-Consumer-sd7bfdc5dx128dx436dxb44ax3efc2a1bc38d-25, groupId=Consumer-sd7bfdc5dx128dx436dxb44ax3efc2a1bc38d] Subscribed to topic(s): sd7bfdc5dx128dx436dxb44ax3efc2a1bc38d
2025-09-26 11:14:31,176 INFO  [org.apa.kaf.cli.Metadata] (ForkJoinPool.commonPool-worker-3) [Consumer clientId=consumer-Consumer-sd7bfdc5dx128dx436dxb44ax3efc2a1bc38d-25, groupId=Consumer-sd7bfdc5dx128dx436dxb44ax3efc2a1bc38d] Cluster ID: X5UxcvqSRVGy35VKMRH4NQ
2025-09-26 11:14:31,177 INFO  [org.apa.kaf.cli.con.int.ConsumerCoordinator] (ForkJoinPool.commonPool-worker-3) [Consumer clientId=consumer-Consumer-sd7bfdc5dx128dx436dxb44ax3efc2a1bc38d-25, groupId=Consumer-sd7bfdc5dx128dx436dxb44ax3efc2a1bc38d] Discovered group coordinator localhost:32769 (id: 2147483647 rack: null)
2025-09-26 11:14:31,178 INFO  [org.apa.kaf.cli.con.int.ConsumerCoordinator] (ForkJoinPool.commonPool-worker-3) [Consumer clientId=consumer-Consumer-sd7bfdc5dx128dx436dxb44ax3efc2a1bc38d-25, groupId=Consumer-sd7bfdc5dx128dx436dxb44ax3efc2a1bc38d] (Re-)joining group
2025-09-26 11:14:31,180 INFO  [org.apa.kaf.cli.con.int.ConsumerCoordinator] (ForkJoinPool.commonPool-worker-3) [Consumer clientId=consumer-Consumer-sd7bfdc5dx128dx436dxb44ax3efc2a1bc38d-25, groupId=Consumer-sd7bfdc5dx128dx436dxb44ax3efc2a1bc38d] Request joining group due to: need to re-join with the given member-id: consumer-Consumer-sd7bfdc5dx128dx436dxb44ax3efc2a1bc38d-25-1102406a-9dbd-4c99-9404-7e82903a372c
2025-09-26 11:14:31,180 INFO  [org.apa.kaf.cli.con.int.ConsumerCoordinator] (ForkJoinPool.commonPool-worker-3) [Consumer clientId=consumer-Consumer-sd7bfdc5dx128dx436dxb44ax3efc2a1bc38d-25, groupId=Consumer-sd7bfdc5dx128dx436dxb44ax3efc2a1bc38d] (Re-)joining group
2025-09-26 11:14:32,173 INFO  [io.api.tes.ser.api.KafkaSerdesTester] (ForkJoinPool.commonPool-worker-3) None found
2025-09-26 11:14:33,173 INFO  [io.api.tes.ser.api.KafkaSerdesTester] (ForkJoinPool.commonPool-worker-3) None found
2025-09-26 11:14:34,173 INFO  [io.api.tes.ser.api.KafkaSerdesTester] (ForkJoinPool.commonPool-worker-3) None found
2025-09-26 11:14:34,181 INFO  [org.apa.kaf.cli.con.int.ConsumerCoordinator] (ForkJoinPool.commonPool-worker-3) [Consumer clientId=consumer-Consumer-sd7bfdc5dx128dx436dxb44ax3efc2a1bc38d-25, groupId=Consumer-sd7bfdc5dx128dx436dxb44ax3efc2a1bc38d] Successfully joined group with generation Generation{generationId=1, memberId='consumer-Consumer-sd7bfdc5dx128dx436dxb44ax3efc2a1bc38d-25-1102406a-9dbd-4c99-9404-7e82903a372c', protocol='range'}
2025-09-26 11:14:34,182 INFO  [org.apa.kaf.cli.con.int.ConsumerCoordinator] (ForkJoinPool.commonPool-worker-3) [Consumer clientId=consumer-Consumer-sd7bfdc5dx128dx436dxb44ax3efc2a1bc38d-25, groupId=Consumer-sd7bfdc5dx128dx436dxb44ax3efc2a1bc38d] Finished assignment for group at generation 1: {consumer-Consumer-sd7bfdc5dx128dx436dxb44ax3efc2a1bc38d-25-1102406a-9dbd-4c99-9404-7e82903a372c=Assignment(partitions=[sd7bfdc5dx128dx436dxb44ax3efc2a1bc38d-0])}
2025-09-26 11:14:34,188 INFO  [org.apa.kaf.cli.con.int.ConsumerCoordinator] (ForkJoinPool.commonPool-worker-3) [Consumer clientId=consumer-Consumer-sd7bfdc5dx128dx436dxb44ax3efc2a1bc38d-25, groupId=Consumer-sd7bfdc5dx128dx436dxb44ax3efc2a1bc38d] Successfully synced group in generation Generation{generationId=1, memberId='consumer-Consumer-sd7bfdc5dx128dx436dxb44ax3efc2a1bc38d-25-1102406a-9dbd-4c99-9404-7e82903a372c', protocol='range'}
2025-09-26 11:14:34,188 INFO  [org.apa.kaf.cli.con.int.ConsumerCoordinator] (ForkJoinPool.commonPool-worker-3) [Consumer clientId=consumer-Consumer-sd7bfdc5dx128dx436dxb44ax3efc2a1bc38d-25, groupId=Consumer-sd7bfdc5dx128dx436dxb44ax3efc2a1bc38d] Notifying assignor about the new Assignment(partitions=[sd7bfdc5dx128dx436dxb44ax3efc2a1bc38d-0])
2025-09-26 11:14:34,188 INFO  [org.apa.kaf.cli.con.int.ConsumerRebalanceListenerInvoker] (ForkJoinPool.commonPool-worker-3) [Consumer clientId=consumer-Consumer-sd7bfdc5dx128dx436dxb44ax3efc2a1bc38d-25, groupId=Consumer-sd7bfdc5dx128dx436dxb44ax3efc2a1bc38d] Adding newly assigned partitions: sd7bfdc5dx128dx436dxb44ax3efc2a1bc38d-0
2025-09-26 11:14:34,188 INFO  [org.apa.kaf.cli.con.int.ConsumerCoordinator] (ForkJoinPool.commonPool-worker-3) [Consumer clientId=consumer-Consumer-sd7bfdc5dx128dx436dxb44ax3efc2a1bc38d-25, groupId=Consumer-sd7bfdc5dx128dx436dxb44ax3efc2a1bc38d] Found no committed offset for partition sd7bfdc5dx128dx436dxb44ax3efc2a1bc38d-0
2025-09-26 11:14:34,190 INFO  [org.apa.kaf.cli.con.int.SubscriptionState] (ForkJoinPool.commonPool-worker-3) [Consumer clientId=consumer-Consumer-sd7bfdc5dx128dx436dxb44ax3efc2a1bc38d-25, groupId=Consumer-sd7bfdc5dx128dx436dxb44ax3efc2a1bc38d] Resetting offset for partition sd7bfdc5dx128dx436dxb44ax3efc2a1bc38d-0 to position FetchPosition{offset=0, offsetEpoch=Optional.empty, currentLeader=LeaderAndEpoch{leader=Optional[localhost:32769 (id: 0 rack: null)], epoch=0}}.
2025-09-26 11:14:34,386 INFO  [io.api.tes.ser.api.KafkaSerdesTester] (ForkJoinPool.commonPool-worker-3) sd7bfdc5dx128dx436dxb44ax3efc2a1bc38d 0 0 header {
  time {
  }
}
d1: 1.758885270266E12
s1: "a"
i1: 123
bi1: 1
point {
  longitude: 22.0
  latitude: 22.0
  altitude: 1.0
}

2025-09-26 11:14:34,386 INFO  [io.api.tes.ser.api.KafkaSerdesTester] (ForkJoinPool.commonPool-worker-3) sd7bfdc5dx128dx436dxb44ax3efc2a1bc38d 0 1 header {
  time {
  }
}
d1: 1.75888527115E12
s1: "a"
i1: 123
bi1: 1
point {
  longitude: 22.0
  latitude: 22.0
  altitude: 1.0
}

2025-09-26 11:14:34,386 INFO  [io.api.tes.ser.api.KafkaSerdesTester] (ForkJoinPool.commonPool-worker-3) sd7bfdc5dx128dx436dxb44ax3efc2a1bc38d 0 2 header {
  time {
  }
}
d1: 1.758885271151E12
s1: "a"
i1: 123
bi1: 1
point {
  longitude: 22.0
  latitude: 22.0
  altitude: 1.0
}

2025-09-26 11:14:34,386 INFO  [io.api.tes.ser.api.KafkaSerdesTester] (ForkJoinPool.commonPool-worker-3) sd7bfdc5dx128dx436dxb44ax3efc2a1bc38d 0 3 header {
  time {
  }
}
d1: 1.758885271152E12
s1: "a"
i1: 123
bi1: 1
point {
  longitude: 22.0
  latitude: 22.0
  altitude: 1.0
}

2025-09-26 11:14:34,386 INFO  [io.api.tes.ser.api.KafkaSerdesTester] (ForkJoinPool.commonPool-worker-3) sd7bfdc5dx128dx436dxb44ax3efc2a1bc38d 0 4 header {
  time {
  }
}
d1: 1.758885271154E12
s1: "a"
i1: 123
bi1: 1
point {
  longitude: 22.0
  latitude: 22.0
  altitude: 1.0
}

2025-09-26 11:14:34,387 INFO  [io.api.tes.ser.api.KafkaSerdesTester] (ForkJoinPool.commonPool-worker-3) sd7bfdc5dx128dx436dxb44ax3efc2a1bc38d 0 5 header {
  time {
  }
}
d1: 1.758885271155E12
s1: "a"
i1: 123
bi1: 1
point {
  longitude: 22.0
  latitude: 22.0
  altitude: 1.0
}

2025-09-26 11:14:34,387 INFO  [io.api.tes.ser.api.KafkaSerdesTester] (ForkJoinPool.commonPool-worker-3) sd7bfdc5dx128dx436dxb44ax3efc2a1bc38d 0 6 header {
  time {
  }
}
d1: 1.758885271156E12
s1: "a"
i1: 123
bi1: 1
point {
  longitude: 22.0
  latitude: 22.0
  altitude: 1.0
}

2025-09-26 11:14:34,387 INFO  [io.api.tes.ser.api.KafkaSerdesTester] (ForkJoinPool.commonPool-worker-3) sd7bfdc5dx128dx436dxb44ax3efc2a1bc38d 0 7 header {
  time {
  }
}
d1: 1.758885271157E12
s1: "a"
i1: 123
bi1: 1
point {
  longitude: 22.0
  latitude: 22.0
  altitude: 1.0
}

2025-09-26 11:14:34,387 INFO  [io.api.tes.ser.api.KafkaSerdesTester] (ForkJoinPool.commonPool-worker-3) sd7bfdc5dx128dx436dxb44ax3efc2a1bc38d 0 8 header {
  time {
  }
}
d1: 1.758885271159E12
s1: "a"
i1: 123
bi1: 1
point {
  longitude: 22.0
  latitude: 22.0
  altitude: 1.0
}

2025-09-26 11:14:34,387 INFO  [io.api.tes.ser.api.KafkaSerdesTester] (ForkJoinPool.commonPool-worker-3) sd7bfdc5dx128dx436dxb44ax3efc2a1bc38d 0 9 header {
  time {
  }
}
d1: 1.758885271161E12
s1: "a"
i1: 123
bi1: 1
point {
  longitude: 22.0
  latitude: 22.0
  altitude: 1.0
}

2025-09-26 11:14:34,387 INFO  [io.api.tes.ser.api.KafkaSerdesTester] (ForkJoinPool.commonPool-worker-3) Consumed 10 messages
2025-09-26 11:14:34,395 INFO  [org.apa.kaf.cli.con.int.ConsumerRebalanceListenerInvoker] (ForkJoinPool.commonPool-worker-3) [Consumer clientId=consumer-Consumer-sd7bfdc5dx128dx436dxb44ax3efc2a1bc38d-25, groupId=Consumer-sd7bfdc5dx128dx436dxb44ax3efc2a1bc38d] Revoke previously assigned partitions sd7bfdc5dx128dx436dxb44ax3efc2a1bc38d-0
2025-09-26 11:14:34,395 INFO  [org.apa.kaf.cli.con.int.ConsumerCoordinator] (ForkJoinPool.commonPool-worker-3) [Consumer clientId=consumer-Consumer-sd7bfdc5dx128dx436dxb44ax3efc2a1bc38d-25, groupId=Consumer-sd7bfdc5dx128dx436dxb44ax3efc2a1bc38d] Member consumer-Consumer-sd7bfdc5dx128dx436dxb44ax3efc2a1bc38d-25-1102406a-9dbd-4c99-9404-7e82903a372c sending LeaveGroup request to coordinator localhost:32769 (id: 2147483647 rack: null) due to the consumer is being closed
2025-09-26 11:14:34,395 INFO  [org.apa.kaf.cli.con.int.ConsumerCoordinator] (ForkJoinPool.commonPool-worker-3) [Consumer clientId=consumer-Consumer-sd7bfdc5dx128dx436dxb44ax3efc2a1bc38d-25, groupId=Consumer-sd7bfdc5dx128dx436dxb44ax3efc2a1bc38d] Resetting generation and member id due to: consumer pro-actively leaving the group
2025-09-26 11:14:34,395 INFO  [org.apa.kaf.cli.con.int.ConsumerCoordinator] (ForkJoinPool.commonPool-worker-3) [Consumer clientId=consumer-Consumer-sd7bfdc5dx128dx436dxb44ax3efc2a1bc38d-25, groupId=Consumer-sd7bfdc5dx128dx436dxb44ax3efc2a1bc38d] Request joining group due to: consumer pro-actively leaving the group
2025-09-26 11:14:34,889 INFO  [org.apa.kaf.com.met.Metrics] (ForkJoinPool.commonPool-worker-3) Metrics scheduler closed
2025-09-26 11:14:34,889 INFO  [org.apa.kaf.com.met.Metrics] (ForkJoinPool.commonPool-worker-3) Closing reporter org.apache.kafka.common.metrics.JmxReporter
2025-09-26 11:14:34,889 INFO  [org.apa.kaf.com.met.Metrics] (ForkJoinPool.commonPool-worker-3) Closing reporter org.apache.kafka.common.telemetry.internals.ClientTelemetryReporter
2025-09-26 11:14:34,889 INFO  [org.apa.kaf.com.met.Metrics] (ForkJoinPool.commonPool-worker-3) Metrics reporters closed
2025-09-26 11:14:34,890 INFO  [org.apa.kaf.com.uti.AppInfoParser] (ForkJoinPool.commonPool-worker-3) App info kafka.consumer for consumer-Consumer-sd7bfdc5dx128dx436dxb44ax3efc2a1bc38d-25 unregistered
**** Registry Base URL: http://registry-app-inmemory.apps.ci419.apicurio-testing.org:80
2025-09-26 11:14:34,891 INFO  [org.apa.kaf.cli.pro.ProducerConfig] (main) ProducerConfig values: 
	acks = -1
	auto.include.jmx.reporter = true
	batch.size = 16384
	bootstrap.servers = [PLAINTEXT://localhost:32769]
	buffer.memory = 33554432
	client.dns.lookup = use_all_dns_ips
	client.id = Producer-sd7bfdc5dx128dx436dxb44ax3efc2a1bc38d
	compression.gzip.level = -1
	compression.lz4.level = 9
	compression.type = none
	compression.zstd.level = 3
	connections.max.idle.ms = 10000
	delivery.timeout.ms = 120000
	enable.idempotence = true
	enable.metrics.push = true
	interceptor.classes = []
	key.serializer = class org.apache.kafka.common.serialization.StringSerializer
	linger.ms = 0
	max.block.ms = 60000
	max.in.flight.requests.per.connection = 5
	max.request.size = 1048576
	metadata.max.age.ms = 300000
	metadata.max.idle.ms = 300000
	metadata.recovery.strategy = none
	metric.reporters = []
	metrics.num.samples = 2
	metrics.recording.level = INFO
	metrics.sample.window.ms = 30000
	partitioner.adaptive.partitioning.enable = true
	partitioner.availability.timeout.ms = 0
	partitioner.class = null
	partitioner.ignore.keys = false
	receive.buffer.bytes = 32768
	reconnect.backoff.max.ms = 1000
	reconnect.backoff.ms = 50
	request.timeout.ms = 5000
	retries = 2147483647
	retry.backoff.max.ms = 1000
	retry.backoff.ms = 100
	sasl.client.callback.handler.class = null
	sasl.jaas.config = null
	sasl.kerberos.kinit.cmd = /usr/bin/kinit
	sasl.kerberos.min.time.before.relogin = 60000
	sasl.kerberos.service.name = null
	sasl.kerberos.ticket.renew.jitter = 0.05
	sasl.kerberos.ticket.renew.window.factor = 0.8
	sasl.login.callback.handler.class = null
	sasl.login.class = null
	sasl.login.connect.timeout.ms = null
	sasl.login.read.timeout.ms = null
	sasl.login.refresh.buffer.seconds = 300
	sasl.login.refresh.min.period.seconds = 60
	sasl.login.refresh.window.factor = 0.8
	sasl.login.refresh.window.jitter = 0.05
	sasl.login.retry.backoff.max.ms = 10000
	sasl.login.retry.backoff.ms = 100
	sasl.mechanism = GSSAPI
	sasl.oauthbearer.clock.skew.seconds = 30
	sasl.oauthbearer.expected.audience = null
	sasl.oauthbearer.expected.issuer = null
	sasl.oauthbearer.header.urlencode = false
	sasl.oauthbearer.jwks.endpoint.refresh.ms = 3600000
	sasl.oauthbearer.jwks.endpoint.retry.backoff.max.ms = 10000
	sasl.oauthbearer.jwks.endpoint.retry.backoff.ms = 100
	sasl.oauthbearer.jwks.endpoint.url = null
	sasl.oauthbearer.scope.claim.name = scope
	sasl.oauthbearer.sub.claim.name = sub
	sasl.oauthbearer.token.endpoint.url = null
	security.protocol = PLAINTEXT
	security.providers = null
	send.buffer.bytes = 131072
	socket.connection.setup.timeout.max.ms = 30000
	socket.connection.setup.timeout.ms = 10000
	ssl.cipher.suites = null
	ssl.enabled.protocols = [TLSv1.2, TLSv1.3]
	ssl.endpoint.identification.algorithm = https
	ssl.engine.factory.class = null
	ssl.key.password = null
	ssl.keymanager.algorithm = SunX509
	ssl.keystore.certificate.chain = null
	ssl.keystore.key = null
	ssl.keystore.location = null
	ssl.keystore.password = null
	ssl.keystore.type = JKS
	ssl.protocol = TLSv1.3
	ssl.provider = null
	ssl.secure.random.implementation = null
	ssl.trustmanager.algorithm = PKIX
	ssl.truststore.certificates = null
	ssl.truststore.location = null
	ssl.truststore.password = null
	ssl.truststore.type = JKS
	transaction.timeout.ms = 60000
	transactional.id = null
	value.serializer = class io.apicurio.registry.serde.protobuf.ProtobufKafkaSerializer

2025-09-26 11:14:34,891 INFO  [org.apa.kaf.com.tel.int.KafkaMetricsCollector] (main) initializing Kafka metrics collector
2025-09-26 11:14:34,894 INFO  [org.apa.kaf.cli.pro.KafkaProducer] (main) [Producer clientId=Producer-sd7bfdc5dx128dx436dxb44ax3efc2a1bc38d] Instantiated an idempotent producer.
2025-09-26 11:14:34,895 INFO  [org.apa.kaf.cli.pro.ProducerConfig] (main) These configurations '[apicurio.registry.find-latest, apicurio.registry.url, apicurio.registry.headers.enabled, apicurio.registry.artifact-resolver-strategy]' were supplied but are not used yet.
2025-09-26 11:14:34,895 INFO  [org.apa.kaf.com.uti.AppInfoParser] (main) Kafka version: 3.9.1
2025-09-26 11:14:34,895 INFO  [org.apa.kaf.com.uti.AppInfoParser] (main) Kafka commitId: f745dfdcee2b9851
2025-09-26 11:14:34,895 INFO  [org.apa.kaf.com.uti.AppInfoParser] (main) Kafka startTimeMs: 1758885274895
2025-09-26 11:14:34,895 INFO  [io.api.tes.ser.api.SimpleSerdesTesterBuilder$SimpleSerdesTester] (main) Using producer configuration: {apicurio.registry.find-latest=false, apicurio.registry.url=http://registry-app-inmemory.apps.ci419.apicurio-testing.org:80/apis/registry/v3, apicurio.registry.headers.enabled=true, apicurio.registry.artifact-resolver-strategy=io.apicurio.registry.serde.strategy.TopicIdStrategy, value.serializer=io.apicurio.registry.serde.protobuf.ProtobufKafkaSerializer, request.timeout.ms=5000, acks=all, bootstrap.servers=PLAINTEXT://localhost:32769, connections.max.idle.ms=10000, key.serializer=org.apache.kafka.common.serialization.StringSerializer, client.id=Producer-sd7bfdc5dx128dx436dxb44ax3efc2a1bc38d}
2025-09-26 11:14:34,895 INFO  [io.api.tes.ser.api.SimpleSerdesTesterBuilder$SimpleSerdesTester] (main) Using consumer configuration: {apicurio.registry.headers.enabled=true}
2025-09-26 11:14:34,896 INFO  [io.api.tes.ser.api.KafkaSerdesTester] (ForkJoinPool.commonPool-worker-3) Sending message header {
  time {
  }
}
d1: 1.758885274895E12
s1: "a"
i1: 123
bi1: 1
point {
  longitude: 22.0
  latitude: 22.0
  altitude: 1.0
}
 to topic sd7bfdc5dx128dx436dxb44ax3efc2a1bc38d
2025-09-26 11:14:34,897 INFO  [org.apa.kaf.cli.Metadata] (kafka-producer-network-thread | Producer-sd7bfdc5dx128dx436dxb44ax3efc2a1bc38d) [Producer clientId=Producer-sd7bfdc5dx128dx436dxb44ax3efc2a1bc38d] Cluster ID: X5UxcvqSRVGy35VKMRH4NQ
2025-09-26 11:14:34,897 INFO  [org.apa.kaf.cli.pro.int.TransactionManager] (kafka-producer-network-thread | Producer-sd7bfdc5dx128dx436dxb44ax3efc2a1bc38d) [Producer clientId=Producer-sd7bfdc5dx128dx436dxb44ax3efc2a1bc38d] ProducerId set to 35 with epoch 0
2025-09-26 11:14:34,898 INFO  [DefaultSchemaResolver] (ForkJoinPool.commonPool-worker-3) Retrieving schema content using string: // Proto schema formatted by Wire, do not edit.
// Source: 

syntax = "proto3";

package io.apicurio.tests.protobuf;

import "google/protobuf/timestamp.proto";

option java_multiple_files = true;

message ProtobufTestMessage {
  .io.apicurio.tests.protobuf.Header header = 1;

  double d1 = 2;

  string s1 = 4;

  int32 i1 = 7;

  int64 bi1 = 12;

  .google.protobuf.Timestamp state_time = 22;

  .io.apicurio.tests.protobuf.Point point = 30;
}

message Header {
  .google.protobuf.Timestamp time = 1;

  string source = 2;

  string destination = 3;

  string uuid = 4;

  repeated string source_uuids = 5;

  string message_type_id = 6;

  string raw_message = 7;
}

message Point {
  oneof longitude_oneof {
    double longitude = 1;
  }

  oneof latitude_oneof {
    double latitude = 2;
  }

  oneof altitude_oneof {
    double altitude = 3;
  }
}

2025-09-26 11:14:35,012 INFO  [io.api.tes.ser.api.KafkaSerdesTester] (ForkJoinPool.commonPool-worker-3) Sending message header {
  time {
  }
}
d1: 1.758885275011E12
s1: "a"
i1: 123
bi1: 1
point {
  longitude: 22.0
  latitude: 22.0
  altitude: 1.0
}
 to topic sd7bfdc5dx128dx436dxb44ax3efc2a1bc38d
2025-09-26 11:14:35,013 INFO  [io.api.tes.ser.api.KafkaSerdesTester] (ForkJoinPool.commonPool-worker-3) Sending message header {
  time {
  }
}
d1: 1.758885275013E12
s1: "a"
i1: 123
bi1: 1
point {
  longitude: 22.0
  latitude: 22.0
  altitude: 1.0
}
 to topic sd7bfdc5dx128dx436dxb44ax3efc2a1bc38d
2025-09-26 11:14:35,015 INFO  [io.api.tes.ser.api.KafkaSerdesTester] (ForkJoinPool.commonPool-worker-3) Sending message header {
  time {
  }
}
d1: 1.758885275014E12
s1: "a"
i1: 123
bi1: 1
point {
  longitude: 22.0
  latitude: 22.0
  altitude: 1.0
}
 to topic sd7bfdc5dx128dx436dxb44ax3efc2a1bc38d
2025-09-26 11:14:35,017 INFO  [io.api.tes.ser.api.KafkaSerdesTester] (ForkJoinPool.commonPool-worker-3) Sending message header {
  time {
  }
}
d1: 1.758885275016E12
s1: "a"
i1: 123
bi1: 1
point {
  longitude: 22.0
  latitude: 22.0
  altitude: 1.0
}
 to topic sd7bfdc5dx128dx436dxb44ax3efc2a1bc38d
2025-09-26 11:14:35,020 INFO  [io.api.tes.ser.api.KafkaSerdesTester] (ForkJoinPool.commonPool-worker-3) Sending message header {
  time {
  }
}
d1: 1.75888527502E12
s1: "a"
i1: 123
bi1: 1
point {
  longitude: 22.0
  latitude: 22.0
  altitude: 1.0
}
 to topic sd7bfdc5dx128dx436dxb44ax3efc2a1bc38d
2025-09-26 11:14:35,022 INFO  [io.api.tes.ser.api.KafkaSerdesTester] (ForkJoinPool.commonPool-worker-3) Sending message header {
  time {
  }
}
d1: 1.758885275022E12
s1: "a"
i1: 123
bi1: 1
point {
  longitude: 22.0
  latitude: 22.0
  altitude: 1.0
}
 to topic sd7bfdc5dx128dx436dxb44ax3efc2a1bc38d
2025-09-26 11:14:35,024 INFO  [io.api.tes.ser.api.KafkaSerdesTester] (ForkJoinPool.commonPool-worker-3) Sending message header {
  time {
  }
}
d1: 1.758885275024E12
s1: "a"
i1: 123
bi1: 1
point {
  longitude: 22.0
  latitude: 22.0
  altitude: 1.0
}
 to topic sd7bfdc5dx128dx436dxb44ax3efc2a1bc38d
2025-09-26 11:14:35,025 INFO  [io.api.tes.ser.api.KafkaSerdesTester] (ForkJoinPool.commonPool-worker-3) Sending message header {
  time {
  }
}
d1: 1.758885275025E12
s1: "a"
i1: 123
bi1: 1
point {
  longitude: 22.0
  latitude: 22.0
  altitude: 1.0
}
 to topic sd7bfdc5dx128dx436dxb44ax3efc2a1bc38d
2025-09-26 11:14:35,027 INFO  [io.api.tes.ser.api.KafkaSerdesTester] (ForkJoinPool.commonPool-worker-3) Sending message header {
  time {
  }
}
d1: 1.758885275027E12
s1: "a"
i1: 123
bi1: 1
point {
  longitude: 22.0
  latitude: 22.0
  altitude: 1.0
}
 to topic sd7bfdc5dx128dx436dxb44ax3efc2a1bc38d
2025-09-26 11:14:35,028 INFO  [io.api.tes.ser.api.KafkaSerdesTester] (ForkJoinPool.commonPool-worker-3) Produced 10 messages
2025-09-26 11:14:35,028 INFO  [org.apa.kaf.cli.pro.KafkaProducer] (ForkJoinPool.commonPool-worker-3) [Producer clientId=Producer-sd7bfdc5dx128dx436dxb44ax3efc2a1bc38d] Closing the Kafka producer with timeoutMillis = 9223372036854775807 ms.
2025-09-26 11:14:35,030 INFO  [org.apa.kaf.com.met.Metrics] (ForkJoinPool.commonPool-worker-3) Metrics scheduler closed
2025-09-26 11:14:35,030 INFO  [org.apa.kaf.com.met.Metrics] (ForkJoinPool.commonPool-worker-3) Closing reporter org.apache.kafka.common.metrics.JmxReporter
2025-09-26 11:14:35,030 INFO  [org.apa.kaf.com.met.Metrics] (ForkJoinPool.commonPool-worker-3) Closing reporter org.apache.kafka.common.telemetry.internals.ClientTelemetryReporter
2025-09-26 11:14:35,030 INFO  [org.apa.kaf.com.met.Metrics] (ForkJoinPool.commonPool-worker-3) Metrics reporters closed
2025-09-26 11:14:35,030 INFO  [org.apa.kaf.com.uti.AppInfoParser] (ForkJoinPool.commonPool-worker-3) App info kafka.producer for Producer-sd7bfdc5dx128dx436dxb44ax3efc2a1bc38d unregistered
**** Registry Base URL: http://registry-app-inmemory.apps.ci419.apicurio-testing.org:80
2025-09-26 11:14:35,031 INFO  [org.apa.kaf.cli.con.ConsumerConfig] (main) ConsumerConfig values: 
	allow.auto.create.topics = true
	auto.commit.interval.ms = 500
	auto.include.jmx.reporter = true
	auto.offset.reset = earliest
	bootstrap.servers = [PLAINTEXT://localhost:32769]
	check.crcs = true
	client.dns.lookup = use_all_dns_ips
	client.id = consumer-Consumer-sd7bfdc5dx128dx436dxb44ax3efc2a1bc38d-26
	client.rack = 
	connections.max.idle.ms = 10000
	default.api.timeout.ms = 60000
	enable.auto.commit = true
	enable.metrics.push = true
	exclude.internal.topics = true
	fetch.max.bytes = 52428800
	fetch.max.wait.ms = 500
	fetch.min.bytes = 1
	group.id = Consumer-sd7bfdc5dx128dx436dxb44ax3efc2a1bc38d
	group.instance.id = null
	group.protocol = classic
	group.remote.assignor = null
	heartbeat.interval.ms = 3000
	interceptor.classes = []
	internal.leave.group.on.close = true
	internal.throw.on.fetch.stable.offset.unsupported = false
	isolation.level = read_uncommitted
	key.deserializer = class org.apache.kafka.common.serialization.StringDeserializer
	max.partition.fetch.bytes = 1048576
	max.poll.interval.ms = 300000
	max.poll.records = 500
	metadata.max.age.ms = 300000
	metadata.recovery.strategy = none
	metric.reporters = []
	metrics.num.samples = 2
	metrics.recording.level = INFO
	metrics.sample.window.ms = 30000
	partition.assignment.strategy = [class org.apache.kafka.clients.consumer.RangeAssignor, class org.apache.kafka.clients.consumer.CooperativeStickyAssignor]
	receive.buffer.bytes = 65536
	reconnect.backoff.max.ms = 1000
	reconnect.backoff.ms = 50
	request.timeout.ms = 5000
	retry.backoff.max.ms = 1000
	retry.backoff.ms = 100
	sasl.client.callback.handler.class = null
	sasl.jaas.config = null
	sasl.kerberos.kinit.cmd = /usr/bin/kinit
	sasl.kerberos.min.time.before.relogin = 60000
	sasl.kerberos.service.name = null
	sasl.kerberos.ticket.renew.jitter = 0.05
	sasl.kerberos.ticket.renew.window.factor = 0.8
	sasl.login.callback.handler.class = null
	sasl.login.class = null
	sasl.login.connect.timeout.ms = null
	sasl.login.read.timeout.ms = null
	sasl.login.refresh.buffer.seconds = 300
	sasl.login.refresh.min.period.seconds = 60
	sasl.login.refresh.window.factor = 0.8
	sasl.login.refresh.window.jitter = 0.05
	sasl.login.retry.backoff.max.ms = 10000
	sasl.login.retry.backoff.ms = 100
	sasl.mechanism = GSSAPI
	sasl.oauthbearer.clock.skew.seconds = 30
	sasl.oauthbearer.expected.audience = null
	sasl.oauthbearer.expected.issuer = null
	sasl.oauthbearer.header.urlencode = false
	sasl.oauthbearer.jwks.endpoint.refresh.ms = 3600000
	sasl.oauthbearer.jwks.endpoint.retry.backoff.max.ms = 10000
	sasl.oauthbearer.jwks.endpoint.retry.backoff.ms = 100
	sasl.oauthbearer.jwks.endpoint.url = null
	sasl.oauthbearer.scope.claim.name = scope
	sasl.oauthbearer.sub.claim.name = sub
	sasl.oauthbearer.token.endpoint.url = null
	security.protocol = PLAINTEXT
	security.providers = null
	send.buffer.bytes = 131072
	session.timeout.ms = 45000
	socket.connection.setup.timeout.max.ms = 30000
	socket.connection.setup.timeout.ms = 10000
	ssl.cipher.suites = null
	ssl.enabled.protocols = [TLSv1.2, TLSv1.3]
	ssl.endpoint.identification.algorithm = https
	ssl.engine.factory.class = null
	ssl.key.password = null
	ssl.keymanager.algorithm = SunX509
	ssl.keystore.certificate.chain = null
	ssl.keystore.key = null
	ssl.keystore.location = null
	ssl.keystore.password = null
	ssl.keystore.type = JKS
	ssl.protocol = TLSv1.3
	ssl.provider = null
	ssl.secure.random.implementation = null
	ssl.trustmanager.algorithm = PKIX
	ssl.truststore.certificates = null
	ssl.truststore.location = null
	ssl.truststore.password = null
	ssl.truststore.type = JKS
	value.deserializer = class io.apicurio.registry.serde.protobuf.ProtobufKafkaDeserializer

2025-09-26 11:14:35,031 INFO  [org.apa.kaf.com.tel.int.KafkaMetricsCollector] (main) initializing Kafka metrics collector
2025-09-26 11:14:35,036 INFO  [org.apa.kaf.cli.con.ConsumerConfig] (main) These configurations '[apicurio.registry.url, apicurio.registry.headers.enabled]' were supplied but are not used yet.
2025-09-26 11:14:35,036 INFO  [org.apa.kaf.com.uti.AppInfoParser] (main) Kafka version: 3.9.1
2025-09-26 11:14:35,036 INFO  [org.apa.kaf.com.uti.AppInfoParser] (main) Kafka commitId: f745dfdcee2b9851
2025-09-26 11:14:35,036 INFO  [org.apa.kaf.com.uti.AppInfoParser] (main) Kafka startTimeMs: 1758885275036
2025-09-26 11:14:35,036 INFO  [org.apa.kaf.cli.con.int.ClassicKafkaConsumer] (ForkJoinPool.commonPool-worker-3) [Consumer clientId=consumer-Consumer-sd7bfdc5dx128dx436dxb44ax3efc2a1bc38d-26, groupId=Consumer-sd7bfdc5dx128dx436dxb44ax3efc2a1bc38d] Subscribed to topic(s): sd7bfdc5dx128dx436dxb44ax3efc2a1bc38d
2025-09-26 11:14:35,039 INFO  [org.apa.kaf.cli.Metadata] (ForkJoinPool.commonPool-worker-3) [Consumer clientId=consumer-Consumer-sd7bfdc5dx128dx436dxb44ax3efc2a1bc38d-26, groupId=Consumer-sd7bfdc5dx128dx436dxb44ax3efc2a1bc38d] Cluster ID: X5UxcvqSRVGy35VKMRH4NQ
2025-09-26 11:14:35,041 INFO  [org.apa.kaf.cli.con.int.ConsumerCoordinator] (ForkJoinPool.commonPool-worker-3) [Consumer clientId=consumer-Consumer-sd7bfdc5dx128dx436dxb44ax3efc2a1bc38d-26, groupId=Consumer-sd7bfdc5dx128dx436dxb44ax3efc2a1bc38d] Discovered group coordinator localhost:32769 (id: 2147483647 rack: null)
2025-09-26 11:14:35,042 INFO  [org.apa.kaf.cli.con.int.ConsumerCoordinator] (ForkJoinPool.commonPool-worker-3) [Consumer clientId=consumer-Consumer-sd7bfdc5dx128dx436dxb44ax3efc2a1bc38d-26, groupId=Consumer-sd7bfdc5dx128dx436dxb44ax3efc2a1bc38d] (Re-)joining group
2025-09-26 11:14:35,043 INFO  [org.apa.kaf.cli.con.int.ConsumerCoordinator] (ForkJoinPool.commonPool-worker-3) [Consumer clientId=consumer-Consumer-sd7bfdc5dx128dx436dxb44ax3efc2a1bc38d-26, groupId=Consumer-sd7bfdc5dx128dx436dxb44ax3efc2a1bc38d] Request joining group due to: need to re-join with the given member-id: consumer-Consumer-sd7bfdc5dx128dx436dxb44ax3efc2a1bc38d-26-8d0d6095-ecdf-48b1-9c37-48e8df2a9641
2025-09-26 11:14:35,043 INFO  [org.apa.kaf.cli.con.int.ConsumerCoordinator] (ForkJoinPool.commonPool-worker-3) [Consumer clientId=consumer-Consumer-sd7bfdc5dx128dx436dxb44ax3efc2a1bc38d-26, groupId=Consumer-sd7bfdc5dx128dx436dxb44ax3efc2a1bc38d] (Re-)joining group
2025-09-26 11:14:36,036 INFO  [io.api.tes.ser.api.KafkaSerdesTester] (ForkJoinPool.commonPool-worker-3) None found
2025-09-26 11:14:37,036 INFO  [io.api.tes.ser.api.KafkaSerdesTester] (ForkJoinPool.commonPool-worker-3) None found
2025-09-26 11:14:38,036 INFO  [io.api.tes.ser.api.KafkaSerdesTester] (ForkJoinPool.commonPool-worker-3) None found
2025-09-26 11:14:38,044 INFO  [org.apa.kaf.cli.con.int.ConsumerCoordinator] (ForkJoinPool.commonPool-worker-3) [Consumer clientId=consumer-Consumer-sd7bfdc5dx128dx436dxb44ax3efc2a1bc38d-26, groupId=Consumer-sd7bfdc5dx128dx436dxb44ax3efc2a1bc38d] Successfully joined group with generation Generation{generationId=3, memberId='consumer-Consumer-sd7bfdc5dx128dx436dxb44ax3efc2a1bc38d-26-8d0d6095-ecdf-48b1-9c37-48e8df2a9641', protocol='range'}
2025-09-26 11:14:38,045 INFO  [org.apa.kaf.cli.con.int.ConsumerCoordinator] (ForkJoinPool.commonPool-worker-3) [Consumer clientId=consumer-Consumer-sd7bfdc5dx128dx436dxb44ax3efc2a1bc38d-26, groupId=Consumer-sd7bfdc5dx128dx436dxb44ax3efc2a1bc38d] Finished assignment for group at generation 3: {consumer-Consumer-sd7bfdc5dx128dx436dxb44ax3efc2a1bc38d-26-8d0d6095-ecdf-48b1-9c37-48e8df2a9641=Assignment(partitions=[sd7bfdc5dx128dx436dxb44ax3efc2a1bc38d-0])}
2025-09-26 11:14:38,051 INFO  [org.apa.kaf.cli.con.int.ConsumerCoordinator] (ForkJoinPool.commonPool-worker-3) [Consumer clientId=consumer-Consumer-sd7bfdc5dx128dx436dxb44ax3efc2a1bc38d-26, groupId=Consumer-sd7bfdc5dx128dx436dxb44ax3efc2a1bc38d] Successfully synced group in generation Generation{generationId=3, memberId='consumer-Consumer-sd7bfdc5dx128dx436dxb44ax3efc2a1bc38d-26-8d0d6095-ecdf-48b1-9c37-48e8df2a9641', protocol='range'}
2025-09-26 11:14:38,051 INFO  [org.apa.kaf.cli.con.int.ConsumerCoordinator] (ForkJoinPool.commonPool-worker-3) [Consumer clientId=consumer-Consumer-sd7bfdc5dx128dx436dxb44ax3efc2a1bc38d-26, groupId=Consumer-sd7bfdc5dx128dx436dxb44ax3efc2a1bc38d] Notifying assignor about the new Assignment(partitions=[sd7bfdc5dx128dx436dxb44ax3efc2a1bc38d-0])
2025-09-26 11:14:38,051 INFO  [org.apa.kaf.cli.con.int.ConsumerRebalanceListenerInvoker] (ForkJoinPool.commonPool-worker-3) [Consumer clientId=consumer-Consumer-sd7bfdc5dx128dx436dxb44ax3efc2a1bc38d-26, groupId=Consumer-sd7bfdc5dx128dx436dxb44ax3efc2a1bc38d] Adding newly assigned partitions: sd7bfdc5dx128dx436dxb44ax3efc2a1bc38d-0
2025-09-26 11:14:38,052 INFO  [org.apa.kaf.cli.con.int.ConsumerUtils] (ForkJoinPool.commonPool-worker-3) Setting offset for partition sd7bfdc5dx128dx436dxb44ax3efc2a1bc38d-0 to the committed offset FetchPosition{offset=10, offsetEpoch=Optional[0], currentLeader=LeaderAndEpoch{leader=Optional[localhost:32769 (id: 0 rack: null)], epoch=0}}
2025-09-26 11:14:38,244 INFO  [io.api.tes.ser.api.KafkaSerdesTester] (ForkJoinPool.commonPool-worker-3) sd7bfdc5dx128dx436dxb44ax3efc2a1bc38d 0 10 header {
  time {
  }
}
d1: 1.758885274895E12
s1: "a"
i1: 123
bi1: 1
point {
  longitude: 22.0
  latitude: 22.0
  altitude: 1.0
}

2025-09-26 11:14:38,244 INFO  [io.api.tes.ser.api.KafkaSerdesTester] (ForkJoinPool.commonPool-worker-3) sd7bfdc5dx128dx436dxb44ax3efc2a1bc38d 0 11 header {
  time {
  }
}
d1: 1.758885275011E12
s1: "a"
i1: 123
bi1: 1
point {
  longitude: 22.0
  latitude: 22.0
  altitude: 1.0
}

2025-09-26 11:14:38,244 INFO  [io.api.tes.ser.api.KafkaSerdesTester] (ForkJoinPool.commonPool-worker-3) sd7bfdc5dx128dx436dxb44ax3efc2a1bc38d 0 12 header {
  time {
  }
}
d1: 1.758885275013E12
s1: "a"
i1: 123
bi1: 1
point {
  longitude: 22.0
  latitude: 22.0
  altitude: 1.0
}

2025-09-26 11:14:38,244 INFO  [io.api.tes.ser.api.KafkaSerdesTester] (ForkJoinPool.commonPool-worker-3) sd7bfdc5dx128dx436dxb44ax3efc2a1bc38d 0 13 header {
  time {
  }
}
d1: 1.758885275014E12
s1: "a"
i1: 123
bi1: 1
point {
  longitude: 22.0
  latitude: 22.0
  altitude: 1.0
}

2025-09-26 11:14:38,244 INFO  [io.api.tes.ser.api.KafkaSerdesTester] (ForkJoinPool.commonPool-worker-3) sd7bfdc5dx128dx436dxb44ax3efc2a1bc38d 0 14 header {
  time {
  }
}
d1: 1.758885275016E12
s1: "a"
i1: 123
bi1: 1
point {
  longitude: 22.0
  latitude: 22.0
  altitude: 1.0
}

2025-09-26 11:14:38,244 INFO  [io.api.tes.ser.api.KafkaSerdesTester] (ForkJoinPool.commonPool-worker-3) sd7bfdc5dx128dx436dxb44ax3efc2a1bc38d 0 15 header {
  time {
  }
}
d1: 1.75888527502E12
s1: "a"
i1: 123
bi1: 1
point {
  longitude: 22.0
  latitude: 22.0
  altitude: 1.0
}

2025-09-26 11:14:38,245 INFO  [io.api.tes.ser.api.KafkaSerdesTester] (ForkJoinPool.commonPool-worker-3) sd7bfdc5dx128dx436dxb44ax3efc2a1bc38d 0 16 header {
  time {
  }
}
d1: 1.758885275022E12
s1: "a"
i1: 123
bi1: 1
point {
  longitude: 22.0
  latitude: 22.0
  altitude: 1.0
}

2025-09-26 11:14:38,245 INFO  [io.api.tes.ser.api.KafkaSerdesTester] (ForkJoinPool.commonPool-worker-3) sd7bfdc5dx128dx436dxb44ax3efc2a1bc38d 0 17 header {
  time {
  }
}
d1: 1.758885275024E12
s1: "a"
i1: 123
bi1: 1
point {
  longitude: 22.0
  latitude: 22.0
  altitude: 1.0
}

2025-09-26 11:14:38,245 INFO  [io.api.tes.ser.api.KafkaSerdesTester] (ForkJoinPool.commonPool-worker-3) sd7bfdc5dx128dx436dxb44ax3efc2a1bc38d 0 18 header {
  time {
  }
}
d1: 1.758885275025E12
s1: "a"
i1: 123
bi1: 1
point {
  longitude: 22.0
  latitude: 22.0
  altitude: 1.0
}

2025-09-26 11:14:38,245 INFO  [io.api.tes.ser.api.KafkaSerdesTester] (ForkJoinPool.commonPool-worker-3) sd7bfdc5dx128dx436dxb44ax3efc2a1bc38d 0 19 header {
  time {
  }
}
d1: 1.758885275027E12
s1: "a"
i1: 123
bi1: 1
point {
  longitude: 22.0
  latitude: 22.0
  altitude: 1.0
}

2025-09-26 11:14:38,245 INFO  [io.api.tes.ser.api.KafkaSerdesTester] (ForkJoinPool.commonPool-worker-3) Consumed 10 messages
2025-09-26 11:14:38,251 INFO  [org.apa.kaf.cli.con.int.ConsumerRebalanceListenerInvoker] (ForkJoinPool.commonPool-worker-3) [Consumer clientId=consumer-Consumer-sd7bfdc5dx128dx436dxb44ax3efc2a1bc38d-26, groupId=Consumer-sd7bfdc5dx128dx436dxb44ax3efc2a1bc38d] Revoke previously assigned partitions sd7bfdc5dx128dx436dxb44ax3efc2a1bc38d-0
2025-09-26 11:14:38,251 INFO  [org.apa.kaf.cli.con.int.ConsumerCoordinator] (ForkJoinPool.commonPool-worker-3) [Consumer clientId=consumer-Consumer-sd7bfdc5dx128dx436dxb44ax3efc2a1bc38d-26, groupId=Consumer-sd7bfdc5dx128dx436dxb44ax3efc2a1bc38d] Member consumer-Consumer-sd7bfdc5dx128dx436dxb44ax3efc2a1bc38d-26-8d0d6095-ecdf-48b1-9c37-48e8df2a9641 sending LeaveGroup request to coordinator localhost:32769 (id: 2147483647 rack: null) due to the consumer is being closed
2025-09-26 11:14:38,252 INFO  [org.apa.kaf.cli.con.int.ConsumerCoordinator] (ForkJoinPool.commonPool-worker-3) [Consumer clientId=consumer-Consumer-sd7bfdc5dx128dx436dxb44ax3efc2a1bc38d-26, groupId=Consumer-sd7bfdc5dx128dx436dxb44ax3efc2a1bc38d] Resetting generation and member id due to: consumer pro-actively leaving the group
2025-09-26 11:14:38,252 INFO  [org.apa.kaf.cli.con.int.ConsumerCoordinator] (ForkJoinPool.commonPool-worker-3) [Consumer clientId=consumer-Consumer-sd7bfdc5dx128dx436dxb44ax3efc2a1bc38d-26, groupId=Consumer-sd7bfdc5dx128dx436dxb44ax3efc2a1bc38d] Request joining group due to: consumer pro-actively leaving the group
2025-09-26 11:14:38,748 INFO  [org.apa.kaf.com.met.Metrics] (ForkJoinPool.commonPool-worker-3) Metrics scheduler closed
2025-09-26 11:14:38,748 INFO  [org.apa.kaf.com.met.Metrics] (ForkJoinPool.commonPool-worker-3) Closing reporter org.apache.kafka.common.metrics.JmxReporter
2025-09-26 11:14:38,748 INFO  [org.apa.kaf.com.met.Metrics] (ForkJoinPool.commonPool-worker-3) Closing reporter org.apache.kafka.common.telemetry.internals.ClientTelemetryReporter
2025-09-26 11:14:38,748 INFO  [org.apa.kaf.com.met.Metrics] (ForkJoinPool.commonPool-worker-3) Metrics reporters closed
2025-09-26 11:14:38,749 INFO  [org.apa.kaf.com.uti.AppInfoParser] (ForkJoinPool.commonPool-worker-3) App info kafka.consumer for consumer-Consumer-sd7bfdc5dx128dx436dxb44ax3efc2a1bc38d-26 unregistered
**** Registry Base URL: http://registry-app-inmemory.apps.ci419.apicurio-testing.org:80
2025-09-26 11:14:38,750 INFO  [org.apa.kaf.cli.pro.ProducerConfig] (main) ProducerConfig values: 
	acks = -1
	auto.include.jmx.reporter = true
	batch.size = 16384
	bootstrap.servers = [PLAINTEXT://localhost:32769]
	buffer.memory = 33554432
	client.dns.lookup = use_all_dns_ips
	client.id = Producer-sd7bfdc5dx128dx436dxb44ax3efc2a1bc38d
	compression.gzip.level = -1
	compression.lz4.level = 9
	compression.type = none
	compression.zstd.level = 3
	connections.max.idle.ms = 10000
	delivery.timeout.ms = 120000
	enable.idempotence = true
	enable.metrics.push = true
	interceptor.classes = []
	key.serializer = class org.apache.kafka.common.serialization.StringSerializer
	linger.ms = 0
	max.block.ms = 60000
	max.in.flight.requests.per.connection = 5
	max.request.size = 1048576
	metadata.max.age.ms = 300000
	metadata.max.idle.ms = 300000
	metadata.recovery.strategy = none
	metric.reporters = []
	metrics.num.samples = 2
	metrics.recording.level = INFO
	metrics.sample.window.ms = 30000
	partitioner.adaptive.partitioning.enable = true
	partitioner.availability.timeout.ms = 0
	partitioner.class = null
	partitioner.ignore.keys = false
	receive.buffer.bytes = 32768
	reconnect.backoff.max.ms = 1000
	reconnect.backoff.ms = 50
	request.timeout.ms = 5000
	retries = 2147483647
	retry.backoff.max.ms = 1000
	retry.backoff.ms = 100
	sasl.client.callback.handler.class = null
	sasl.jaas.config = null
	sasl.kerberos.kinit.cmd = /usr/bin/kinit
	sasl.kerberos.min.time.before.relogin = 60000
	sasl.kerberos.service.name = null
	sasl.kerberos.ticket.renew.jitter = 0.05
	sasl.kerberos.ticket.renew.window.factor = 0.8
	sasl.login.callback.handler.class = null
	sasl.login.class = null
	sasl.login.connect.timeout.ms = null
	sasl.login.read.timeout.ms = null
	sasl.login.refresh.buffer.seconds = 300
	sasl.login.refresh.min.period.seconds = 60
	sasl.login.refresh.window.factor = 0.8
	sasl.login.refresh.window.jitter = 0.05
	sasl.login.retry.backoff.max.ms = 10000
	sasl.login.retry.backoff.ms = 100
	sasl.mechanism = GSSAPI
	sasl.oauthbearer.clock.skew.seconds = 30
	sasl.oauthbearer.expected.audience = null
	sasl.oauthbearer.expected.issuer = null
	sasl.oauthbearer.header.urlencode = false
	sasl.oauthbearer.jwks.endpoint.refresh.ms = 3600000
	sasl.oauthbearer.jwks.endpoint.retry.backoff.max.ms = 10000
	sasl.oauthbearer.jwks.endpoint.retry.backoff.ms = 100
	sasl.oauthbearer.jwks.endpoint.url = null
	sasl.oauthbearer.scope.claim.name = scope
	sasl.oauthbearer.sub.claim.name = sub
	sasl.oauthbearer.token.endpoint.url = null
	security.protocol = PLAINTEXT
	security.providers = null
	send.buffer.bytes = 131072
	socket.connection.setup.timeout.max.ms = 30000
	socket.connection.setup.timeout.ms = 10000
	ssl.cipher.suites = null
	ssl.enabled.protocols = [TLSv1.2, TLSv1.3]
	ssl.endpoint.identification.algorithm = https
	ssl.engine.factory.class = null
	ssl.key.password = null
	ssl.keymanager.algorithm = SunX509
	ssl.keystore.certificate.chain = null
	ssl.keystore.key = null
	ssl.keystore.location = null
	ssl.keystore.password = null
	ssl.keystore.type = JKS
	ssl.protocol = TLSv1.3
	ssl.provider = null
	ssl.secure.random.implementation = null
	ssl.trustmanager.algorithm = PKIX
	ssl.truststore.certificates = null
	ssl.truststore.location = null
	ssl.truststore.password = null
	ssl.truststore.type = JKS
	transaction.timeout.ms = 60000
	transactional.id = null
	value.serializer = class io.apicurio.registry.serde.protobuf.ProtobufKafkaSerializer

2025-09-26 11:14:38,750 INFO  [org.apa.kaf.com.tel.int.KafkaMetricsCollector] (main) initializing Kafka metrics collector
2025-09-26 11:14:38,753 INFO  [org.apa.kaf.cli.pro.KafkaProducer] (main) [Producer clientId=Producer-sd7bfdc5dx128dx436dxb44ax3efc2a1bc38d] Instantiated an idempotent producer.
2025-09-26 11:14:38,754 INFO  [org.apa.kaf.cli.pro.ProducerConfig] (main) These configurations '[apicurio.registry.url, apicurio.registry.headers.enabled, apicurio.registry.artifact-resolver-strategy]' were supplied but are not used yet.
2025-09-26 11:14:38,754 INFO  [org.apa.kaf.com.uti.AppInfoParser] (main) Kafka version: 3.9.1
2025-09-26 11:14:38,755 INFO  [org.apa.kaf.com.uti.AppInfoParser] (main) Kafka commitId: f745dfdcee2b9851
2025-09-26 11:14:38,755 INFO  [org.apa.kaf.com.uti.AppInfoParser] (main) Kafka startTimeMs: 1758885278754
2025-09-26 11:14:38,755 INFO  [io.api.tes.ser.api.SimpleSerdesTesterBuilder$SimpleSerdesTester] (main) Using producer configuration: {apicurio.registry.url=http://registry-app-inmemory.apps.ci419.apicurio-testing.org:80/apis/registry/v3, apicurio.registry.headers.enabled=true, apicurio.registry.artifact-resolver-strategy=io.apicurio.registry.serde.strategy.TopicIdStrategy, value.serializer=io.apicurio.registry.serde.protobuf.ProtobufKafkaSerializer, request.timeout.ms=5000, acks=all, bootstrap.servers=PLAINTEXT://localhost:32769, connections.max.idle.ms=10000, key.serializer=org.apache.kafka.common.serialization.StringSerializer, client.id=Producer-sd7bfdc5dx128dx436dxb44ax3efc2a1bc38d}
2025-09-26 11:14:38,755 INFO  [io.api.tes.ser.api.SimpleSerdesTesterBuilder$SimpleSerdesTester] (main) Using consumer configuration: {apicurio.registry.headers.enabled=true}
2025-09-26 11:14:38,755 INFO  [io.api.tes.ser.api.KafkaSerdesTester] (ForkJoinPool.commonPool-worker-3) Sending message msb: 1758885278755
lsb: 321
 to topic sd7bfdc5dx128dx436dxb44ax3efc2a1bc38d
2025-09-26 11:14:38,757 INFO  [org.apa.kaf.cli.Metadata] (kafka-producer-network-thread | Producer-sd7bfdc5dx128dx436dxb44ax3efc2a1bc38d) [Producer clientId=Producer-sd7bfdc5dx128dx436dxb44ax3efc2a1bc38d] Cluster ID: X5UxcvqSRVGy35VKMRH4NQ
2025-09-26 11:14:38,757 INFO  [org.apa.kaf.cli.pro.int.TransactionManager] (kafka-producer-network-thread | Producer-sd7bfdc5dx128dx436dxb44ax3efc2a1bc38d) [Producer clientId=Producer-sd7bfdc5dx128dx436dxb44ax3efc2a1bc38d] ProducerId set to 36 with epoch 0
2025-09-26 11:14:38,757 INFO  [DefaultSchemaResolver] (ForkJoinPool.commonPool-worker-3) Retrieving schema content using string: // Proto schema formatted by Wire, do not edit.
// Source: 

syntax = "proto3";

package io.apicurio.registry.common.proto;

option java_package = "io.apicurio.registry.common.proto";
option java_outer_classname = "Cmmn";

message UUID {
  fixed64 msb = 1;

  fixed64 lsb = 2;
}

2025-09-26 11:14:38,862 INFO  [io.api.tes.ser.api.KafkaSerdesTester] (ForkJoinPool.commonPool-worker-3) Sending message msb: 1758885278862
lsb: 321
 to topic sd7bfdc5dx128dx436dxb44ax3efc2a1bc38d
2025-09-26 11:14:38,863 INFO  [io.api.tes.ser.api.KafkaSerdesTester] (ForkJoinPool.commonPool-worker-3) Sending message msb: 1758885278863
lsb: 321
 to topic sd7bfdc5dx128dx436dxb44ax3efc2a1bc38d
2025-09-26 11:14:38,863 INFO  [io.api.tes.ser.api.KafkaSerdesTester] (ForkJoinPool.commonPool-worker-3) Sending message msb: 1758885278863
lsb: 321
 to topic sd7bfdc5dx128dx436dxb44ax3efc2a1bc38d
2025-09-26 11:14:38,864 INFO  [io.api.tes.ser.api.KafkaSerdesTester] (ForkJoinPool.commonPool-worker-3) Sending message msb: 1758885278864
lsb: 321
 to topic sd7bfdc5dx128dx436dxb44ax3efc2a1bc38d
2025-09-26 11:14:38,865 INFO  [io.api.tes.ser.api.KafkaSerdesTester] (ForkJoinPool.commonPool-worker-3) Sending message msb: 1758885278865
lsb: 321
 to topic sd7bfdc5dx128dx436dxb44ax3efc2a1bc38d
2025-09-26 11:14:38,867 INFO  [io.api.tes.ser.api.KafkaSerdesTester] (ForkJoinPool.commonPool-worker-3) Sending message msb: 1758885278866
lsb: 321
 to topic sd7bfdc5dx128dx436dxb44ax3efc2a1bc38d
2025-09-26 11:14:38,868 INFO  [io.api.tes.ser.api.KafkaSerdesTester] (ForkJoinPool.commonPool-worker-3) Sending message msb: 1758885278867
lsb: 321
 to topic sd7bfdc5dx128dx436dxb44ax3efc2a1bc38d
2025-09-26 11:14:38,869 INFO  [io.api.tes.ser.api.KafkaSerdesTester] (ForkJoinPool.commonPool-worker-3) Sending message msb: 1758885278869
lsb: 321
 to topic sd7bfdc5dx128dx436dxb44ax3efc2a1bc38d
2025-09-26 11:14:38,870 INFO  [io.api.tes.ser.api.KafkaSerdesTester] (ForkJoinPool.commonPool-worker-3) Sending message msb: 1758885278870
lsb: 321
 to topic sd7bfdc5dx128dx436dxb44ax3efc2a1bc38d
2025-09-26 11:14:38,871 INFO  [io.api.tes.ser.api.KafkaSerdesTester] (ForkJoinPool.commonPool-worker-3) Produced 10 messages
2025-09-26 11:14:38,871 INFO  [org.apa.kaf.cli.pro.KafkaProducer] (ForkJoinPool.commonPool-worker-3) [Producer clientId=Producer-sd7bfdc5dx128dx436dxb44ax3efc2a1bc38d] Closing the Kafka producer with timeoutMillis = 9223372036854775807 ms.
2025-09-26 11:14:38,872 INFO  [org.apa.kaf.com.met.Metrics] (ForkJoinPool.commonPool-worker-3) Metrics scheduler closed
2025-09-26 11:14:38,872 INFO  [org.apa.kaf.com.met.Metrics] (ForkJoinPool.commonPool-worker-3) Closing reporter org.apache.kafka.common.metrics.JmxReporter
2025-09-26 11:14:38,872 INFO  [org.apa.kaf.com.met.Metrics] (ForkJoinPool.commonPool-worker-3) Closing reporter org.apache.kafka.common.telemetry.internals.ClientTelemetryReporter
2025-09-26 11:14:38,872 INFO  [org.apa.kaf.com.met.Metrics] (ForkJoinPool.commonPool-worker-3) Metrics reporters closed
2025-09-26 11:14:38,872 INFO  [org.apa.kaf.com.uti.AppInfoParser] (ForkJoinPool.commonPool-worker-3) App info kafka.producer for Producer-sd7bfdc5dx128dx436dxb44ax3efc2a1bc38d unregistered
**** Registry Base URL: http://registry-app-inmemory.apps.ci419.apicurio-testing.org:80
2025-09-26 11:14:38,872 INFO  [org.apa.kaf.cli.con.ConsumerConfig] (main) ConsumerConfig values: 
	allow.auto.create.topics = true
	auto.commit.interval.ms = 500
	auto.include.jmx.reporter = true
	auto.offset.reset = earliest
	bootstrap.servers = [PLAINTEXT://localhost:32769]
	check.crcs = true
	client.dns.lookup = use_all_dns_ips
	client.id = consumer-Consumer-sd7bfdc5dx128dx436dxb44ax3efc2a1bc38d-27
	client.rack = 
	connections.max.idle.ms = 10000
	default.api.timeout.ms = 60000
	enable.auto.commit = true
	enable.metrics.push = true
	exclude.internal.topics = true
	fetch.max.bytes = 52428800
	fetch.max.wait.ms = 500
	fetch.min.bytes = 1
	group.id = Consumer-sd7bfdc5dx128dx436dxb44ax3efc2a1bc38d
	group.instance.id = null
	group.protocol = classic
	group.remote.assignor = null
	heartbeat.interval.ms = 3000
	interceptor.classes = []
	internal.leave.group.on.close = true
	internal.throw.on.fetch.stable.offset.unsupported = false
	isolation.level = read_uncommitted
	key.deserializer = class org.apache.kafka.common.serialization.StringDeserializer
	max.partition.fetch.bytes = 1048576
	max.poll.interval.ms = 300000
	max.poll.records = 500
	metadata.max.age.ms = 300000
	metadata.recovery.strategy = none
	metric.reporters = []
	metrics.num.samples = 2
	metrics.recording.level = INFO
	metrics.sample.window.ms = 30000
	partition.assignment.strategy = [class org.apache.kafka.clients.consumer.RangeAssignor, class org.apache.kafka.clients.consumer.CooperativeStickyAssignor]
	receive.buffer.bytes = 65536
	reconnect.backoff.max.ms = 1000
	reconnect.backoff.ms = 50
	request.timeout.ms = 5000
	retry.backoff.max.ms = 1000
	retry.backoff.ms = 100
	sasl.client.callback.handler.class = null
	sasl.jaas.config = null
	sasl.kerberos.kinit.cmd = /usr/bin/kinit
	sasl.kerberos.min.time.before.relogin = 60000
	sasl.kerberos.service.name = null
	sasl.kerberos.ticket.renew.jitter = 0.05
	sasl.kerberos.ticket.renew.window.factor = 0.8
	sasl.login.callback.handler.class = null
	sasl.login.class = null
	sasl.login.connect.timeout.ms = null
	sasl.login.read.timeout.ms = null
	sasl.login.refresh.buffer.seconds = 300
	sasl.login.refresh.min.period.seconds = 60
	sasl.login.refresh.window.factor = 0.8
	sasl.login.refresh.window.jitter = 0.05
	sasl.login.retry.backoff.max.ms = 10000
	sasl.login.retry.backoff.ms = 100
	sasl.mechanism = GSSAPI
	sasl.oauthbearer.clock.skew.seconds = 30
	sasl.oauthbearer.expected.audience = null
	sasl.oauthbearer.expected.issuer = null
	sasl.oauthbearer.header.urlencode = false
	sasl.oauthbearer.jwks.endpoint.refresh.ms = 3600000
	sasl.oauthbearer.jwks.endpoint.retry.backoff.max.ms = 10000
	sasl.oauthbearer.jwks.endpoint.retry.backoff.ms = 100
	sasl.oauthbearer.jwks.endpoint.url = null
	sasl.oauthbearer.scope.claim.name = scope
	sasl.oauthbearer.sub.claim.name = sub
	sasl.oauthbearer.token.endpoint.url = null
	security.protocol = PLAINTEXT
	security.providers = null
	send.buffer.bytes = 131072
	session.timeout.ms = 45000
	socket.connection.setup.timeout.max.ms = 30000
	socket.connection.setup.timeout.ms = 10000
	ssl.cipher.suites = null
	ssl.enabled.protocols = [TLSv1.2, TLSv1.3]
	ssl.endpoint.identification.algorithm = https
	ssl.engine.factory.class = null
	ssl.key.password = null
	ssl.keymanager.algorithm = SunX509
	ssl.keystore.certificate.chain = null
	ssl.keystore.key = null
	ssl.keystore.location = null
	ssl.keystore.password = null
	ssl.keystore.type = JKS
	ssl.protocol = TLSv1.3
	ssl.provider = null
	ssl.secure.random.implementation = null
	ssl.trustmanager.algorithm = PKIX
	ssl.truststore.certificates = null
	ssl.truststore.location = null
	ssl.truststore.password = null
	ssl.truststore.type = JKS
	value.deserializer = class io.apicurio.registry.serde.protobuf.ProtobufKafkaDeserializer

2025-09-26 11:14:38,873 INFO  [org.apa.kaf.com.tel.int.KafkaMetricsCollector] (main) initializing Kafka metrics collector
2025-09-26 11:14:38,876 INFO  [org.apa.kaf.cli.con.ConsumerConfig] (main) These configurations '[apicurio.registry.url, apicurio.registry.headers.enabled]' were supplied but are not used yet.
2025-09-26 11:14:38,876 INFO  [org.apa.kaf.com.uti.AppInfoParser] (main) Kafka version: 3.9.1
2025-09-26 11:14:38,876 INFO  [org.apa.kaf.com.uti.AppInfoParser] (main) Kafka commitId: f745dfdcee2b9851
2025-09-26 11:14:38,876 INFO  [org.apa.kaf.com.uti.AppInfoParser] (main) Kafka startTimeMs: 1758885278876
2025-09-26 11:14:38,877 INFO  [org.apa.kaf.cli.con.int.ClassicKafkaConsumer] (ForkJoinPool.commonPool-worker-3) [Consumer clientId=consumer-Consumer-sd7bfdc5dx128dx436dxb44ax3efc2a1bc38d-27, groupId=Consumer-sd7bfdc5dx128dx436dxb44ax3efc2a1bc38d] Subscribed to topic(s): sd7bfdc5dx128dx436dxb44ax3efc2a1bc38d
2025-09-26 11:14:38,879 INFO  [org.apa.kaf.cli.Metadata] (ForkJoinPool.commonPool-worker-3) [Consumer clientId=consumer-Consumer-sd7bfdc5dx128dx436dxb44ax3efc2a1bc38d-27, groupId=Consumer-sd7bfdc5dx128dx436dxb44ax3efc2a1bc38d] Cluster ID: X5UxcvqSRVGy35VKMRH4NQ
2025-09-26 11:14:38,879 INFO  [org.apa.kaf.cli.con.int.ConsumerCoordinator] (ForkJoinPool.commonPool-worker-3) [Consumer clientId=consumer-Consumer-sd7bfdc5dx128dx436dxb44ax3efc2a1bc38d-27, groupId=Consumer-sd7bfdc5dx128dx436dxb44ax3efc2a1bc38d] Discovered group coordinator localhost:32769 (id: 2147483647 rack: null)
2025-09-26 11:14:38,883 INFO  [org.apa.kaf.cli.con.int.ConsumerCoordinator] (ForkJoinPool.commonPool-worker-3) [Consumer clientId=consumer-Consumer-sd7bfdc5dx128dx436dxb44ax3efc2a1bc38d-27, groupId=Consumer-sd7bfdc5dx128dx436dxb44ax3efc2a1bc38d] (Re-)joining group
2025-09-26 11:14:38,885 INFO  [org.apa.kaf.cli.con.int.ConsumerCoordinator] (ForkJoinPool.commonPool-worker-3) [Consumer clientId=consumer-Consumer-sd7bfdc5dx128dx436dxb44ax3efc2a1bc38d-27, groupId=Consumer-sd7bfdc5dx128dx436dxb44ax3efc2a1bc38d] Request joining group due to: need to re-join with the given member-id: consumer-Consumer-sd7bfdc5dx128dx436dxb44ax3efc2a1bc38d-27-442e0967-3865-46bf-9400-8f2d3c452dac
2025-09-26 11:14:38,885 INFO  [org.apa.kaf.cli.con.int.ConsumerCoordinator] (ForkJoinPool.commonPool-worker-3) [Consumer clientId=consumer-Consumer-sd7bfdc5dx128dx436dxb44ax3efc2a1bc38d-27, groupId=Consumer-sd7bfdc5dx128dx436dxb44ax3efc2a1bc38d] (Re-)joining group
2025-09-26 11:14:39,877 INFO  [io.api.tes.ser.api.KafkaSerdesTester] (ForkJoinPool.commonPool-worker-3) None found
2025-09-26 11:14:40,879 INFO  [io.api.tes.ser.api.KafkaSerdesTester] (ForkJoinPool.commonPool-worker-3) None found
2025-09-26 11:14:41,880 INFO  [io.api.tes.ser.api.KafkaSerdesTester] (ForkJoinPool.commonPool-worker-3) None found
2025-09-26 11:14:41,886 INFO  [org.apa.kaf.cli.con.int.ConsumerCoordinator] (ForkJoinPool.commonPool-worker-3) [Consumer clientId=consumer-Consumer-sd7bfdc5dx128dx436dxb44ax3efc2a1bc38d-27, groupId=Consumer-sd7bfdc5dx128dx436dxb44ax3efc2a1bc38d] Successfully joined group with generation Generation{generationId=5, memberId='consumer-Consumer-sd7bfdc5dx128dx436dxb44ax3efc2a1bc38d-27-442e0967-3865-46bf-9400-8f2d3c452dac', protocol='range'}
2025-09-26 11:14:41,886 INFO  [org.apa.kaf.cli.con.int.ConsumerCoordinator] (ForkJoinPool.commonPool-worker-3) [Consumer clientId=consumer-Consumer-sd7bfdc5dx128dx436dxb44ax3efc2a1bc38d-27, groupId=Consumer-sd7bfdc5dx128dx436dxb44ax3efc2a1bc38d] Finished assignment for group at generation 5: {consumer-Consumer-sd7bfdc5dx128dx436dxb44ax3efc2a1bc38d-27-442e0967-3865-46bf-9400-8f2d3c452dac=Assignment(partitions=[sd7bfdc5dx128dx436dxb44ax3efc2a1bc38d-0])}
2025-09-26 11:14:41,893 INFO  [org.apa.kaf.cli.con.int.ConsumerCoordinator] (ForkJoinPool.commonPool-worker-3) [Consumer clientId=consumer-Consumer-sd7bfdc5dx128dx436dxb44ax3efc2a1bc38d-27, groupId=Consumer-sd7bfdc5dx128dx436dxb44ax3efc2a1bc38d] Successfully synced group in generation Generation{generationId=5, memberId='consumer-Consumer-sd7bfdc5dx128dx436dxb44ax3efc2a1bc38d-27-442e0967-3865-46bf-9400-8f2d3c452dac', protocol='range'}
2025-09-26 11:14:41,893 INFO  [org.apa.kaf.cli.con.int.ConsumerCoordinator] (ForkJoinPool.commonPool-worker-3) [Consumer clientId=consumer-Consumer-sd7bfdc5dx128dx436dxb44ax3efc2a1bc38d-27, groupId=Consumer-sd7bfdc5dx128dx436dxb44ax3efc2a1bc38d] Notifying assignor about the new Assignment(partitions=[sd7bfdc5dx128dx436dxb44ax3efc2a1bc38d-0])
2025-09-26 11:14:41,893 INFO  [org.apa.kaf.cli.con.int.ConsumerRebalanceListenerInvoker] (ForkJoinPool.commonPool-worker-3) [Consumer clientId=consumer-Consumer-sd7bfdc5dx128dx436dxb44ax3efc2a1bc38d-27, groupId=Consumer-sd7bfdc5dx128dx436dxb44ax3efc2a1bc38d] Adding newly assigned partitions: sd7bfdc5dx128dx436dxb44ax3efc2a1bc38d-0
2025-09-26 11:14:41,894 INFO  [org.apa.kaf.cli.con.int.ConsumerUtils] (ForkJoinPool.commonPool-worker-3) Setting offset for partition sd7bfdc5dx128dx436dxb44ax3efc2a1bc38d-0 to the committed offset FetchPosition{offset=20, offsetEpoch=Optional[0], currentLeader=LeaderAndEpoch{leader=Optional[localhost:32769 (id: 0 rack: null)], epoch=0}}
2025-09-26 11:14:42,051 INFO  [io.api.tes.ser.api.KafkaSerdesTester] (ForkJoinPool.commonPool-worker-3) sd7bfdc5dx128dx436dxb44ax3efc2a1bc38d 0 20 msb: 1758885278755
lsb: 321

2025-09-26 11:14:42,051 INFO  [io.api.tes.ser.api.KafkaSerdesTester] (ForkJoinPool.commonPool-worker-3) sd7bfdc5dx128dx436dxb44ax3efc2a1bc38d 0 21 msb: 1758885278862
lsb: 321

2025-09-26 11:14:42,051 INFO  [io.api.tes.ser.api.KafkaSerdesTester] (ForkJoinPool.commonPool-worker-3) sd7bfdc5dx128dx436dxb44ax3efc2a1bc38d 0 22 msb: 1758885278863
lsb: 321

2025-09-26 11:14:42,051 INFO  [io.api.tes.ser.api.KafkaSerdesTester] (ForkJoinPool.commonPool-worker-3) sd7bfdc5dx128dx436dxb44ax3efc2a1bc38d 0 23 msb: 1758885278863
lsb: 321

2025-09-26 11:14:42,051 INFO  [io.api.tes.ser.api.KafkaSerdesTester] (ForkJoinPool.commonPool-worker-3) sd7bfdc5dx128dx436dxb44ax3efc2a1bc38d 0 24 msb: 1758885278864
lsb: 321

2025-09-26 11:14:42,051 INFO  [io.api.tes.ser.api.KafkaSerdesTester] (ForkJoinPool.commonPool-worker-3) sd7bfdc5dx128dx436dxb44ax3efc2a1bc38d 0 25 msb: 1758885278865
lsb: 321

2025-09-26 11:14:42,051 INFO  [io.api.tes.ser.api.KafkaSerdesTester] (ForkJoinPool.commonPool-worker-3) sd7bfdc5dx128dx436dxb44ax3efc2a1bc38d 0 26 msb: 1758885278866
lsb: 321

2025-09-26 11:14:42,052 INFO  [io.api.tes.ser.api.KafkaSerdesTester] (ForkJoinPool.commonPool-worker-3) sd7bfdc5dx128dx436dxb44ax3efc2a1bc38d 0 27 msb: 1758885278867
lsb: 321

2025-09-26 11:14:42,052 INFO  [io.api.tes.ser.api.KafkaSerdesTester] (ForkJoinPool.commonPool-worker-3) sd7bfdc5dx128dx436dxb44ax3efc2a1bc38d 0 28 msb: 1758885278869
lsb: 321

2025-09-26 11:14:42,052 INFO  [io.api.tes.ser.api.KafkaSerdesTester] (ForkJoinPool.commonPool-worker-3) sd7bfdc5dx128dx436dxb44ax3efc2a1bc38d 0 29 msb: 1758885278870
lsb: 321

2025-09-26 11:14:42,052 INFO  [io.api.tes.ser.api.KafkaSerdesTester] (ForkJoinPool.commonPool-worker-3) Consumed 10 messages
2025-09-26 11:14:42,058 INFO  [org.apa.kaf.cli.con.int.ConsumerRebalanceListenerInvoker] (ForkJoinPool.commonPool-worker-3) [Consumer clientId=consumer-Consumer-sd7bfdc5dx128dx436dxb44ax3efc2a1bc38d-27, groupId=Consumer-sd7bfdc5dx128dx436dxb44ax3efc2a1bc38d] Revoke previously assigned partitions sd7bfdc5dx128dx436dxb44ax3efc2a1bc38d-0
2025-09-26 11:14:42,058 INFO  [org.apa.kaf.cli.con.int.ConsumerCoordinator] (ForkJoinPool.commonPool-worker-3) [Consumer clientId=consumer-Consumer-sd7bfdc5dx128dx436dxb44ax3efc2a1bc38d-27, groupId=Consumer-sd7bfdc5dx128dx436dxb44ax3efc2a1bc38d] Member consumer-Consumer-sd7bfdc5dx128dx436dxb44ax3efc2a1bc38d-27-442e0967-3865-46bf-9400-8f2d3c452dac sending LeaveGroup request to coordinator localhost:32769 (id: 2147483647 rack: null) due to the consumer is being closed
2025-09-26 11:14:42,059 INFO  [org.apa.kaf.cli.con.int.ConsumerCoordinator] (ForkJoinPool.commonPool-worker-3) [Consumer clientId=consumer-Consumer-sd7bfdc5dx128dx436dxb44ax3efc2a1bc38d-27, groupId=Consumer-sd7bfdc5dx128dx436dxb44ax3efc2a1bc38d] Resetting generation and member id due to: consumer pro-actively leaving the group
2025-09-26 11:14:42,059 INFO  [org.apa.kaf.cli.con.int.ConsumerCoordinator] (ForkJoinPool.commonPool-worker-3) [Consumer clientId=consumer-Consumer-sd7bfdc5dx128dx436dxb44ax3efc2a1bc38d-27, groupId=Consumer-sd7bfdc5dx128dx436dxb44ax3efc2a1bc38d] Request joining group due to: consumer pro-actively leaving the group
2025-09-26 11:14:42,552 INFO  [org.apa.kaf.com.met.Metrics] (ForkJoinPool.commonPool-worker-3) Metrics scheduler closed
2025-09-26 11:14:42,552 INFO  [org.apa.kaf.com.met.Metrics] (ForkJoinPool.commonPool-worker-3) Closing reporter org.apache.kafka.common.metrics.JmxReporter
2025-09-26 11:14:42,552 INFO  [org.apa.kaf.com.met.Metrics] (ForkJoinPool.commonPool-worker-3) Closing reporter org.apache.kafka.common.telemetry.internals.ClientTelemetryReporter
2025-09-26 11:14:42,553 INFO  [org.apa.kaf.com.met.Metrics] (ForkJoinPool.commonPool-worker-3) Metrics reporters closed
2025-09-26 11:14:42,554 INFO  [org.apa.kaf.com.uti.AppInfoParser] (ForkJoinPool.commonPool-worker-3) App info kafka.consumer for consumer-Consumer-sd7bfdc5dx128dx436dxb44ax3efc2a1bc38d-27 unregistered
**** Registry Base URL: http://registry-app-inmemory.apps.ci419.apicurio-testing.org:80
2025-09-26 11:14:42,554 INFO  [org.apa.kaf.cli.pro.ProducerConfig] (main) ProducerConfig values: 
	acks = -1
	auto.include.jmx.reporter = true
	batch.size = 16384
	bootstrap.servers = [PLAINTEXT://localhost:32769]
	buffer.memory = 33554432
	client.dns.lookup = use_all_dns_ips
	client.id = Producer-sd7bfdc5dx128dx436dxb44ax3efc2a1bc38d
	compression.gzip.level = -1
	compression.lz4.level = 9
	compression.type = none
	compression.zstd.level = 3
	connections.max.idle.ms = 10000
	delivery.timeout.ms = 120000
	enable.idempotence = true
	enable.metrics.push = true
	interceptor.classes = []
	key.serializer = class org.apache.kafka.common.serialization.StringSerializer
	linger.ms = 0
	max.block.ms = 60000
	max.in.flight.requests.per.connection = 5
	max.request.size = 1048576
	metadata.max.age.ms = 300000
	metadata.max.idle.ms = 300000
	metadata.recovery.strategy = none
	metric.reporters = []
	metrics.num.samples = 2
	metrics.recording.level = INFO
	metrics.sample.window.ms = 30000
	partitioner.adaptive.partitioning.enable = true
	partitioner.availability.timeout.ms = 0
	partitioner.class = null
	partitioner.ignore.keys = false
	receive.buffer.bytes = 32768
	reconnect.backoff.max.ms = 1000
	reconnect.backoff.ms = 50
	request.timeout.ms = 5000
	retries = 2147483647
	retry.backoff.max.ms = 1000
	retry.backoff.ms = 100
	sasl.client.callback.handler.class = null
	sasl.jaas.config = null
	sasl.kerberos.kinit.cmd = /usr/bin/kinit
	sasl.kerberos.min.time.before.relogin = 60000
	sasl.kerberos.service.name = null
	sasl.kerberos.ticket.renew.jitter = 0.05
	sasl.kerberos.ticket.renew.window.factor = 0.8
	sasl.login.callback.handler.class = null
	sasl.login.class = null
	sasl.login.connect.timeout.ms = null
	sasl.login.read.timeout.ms = null
	sasl.login.refresh.buffer.seconds = 300
	sasl.login.refresh.min.period.seconds = 60
	sasl.login.refresh.window.factor = 0.8
	sasl.login.refresh.window.jitter = 0.05
	sasl.login.retry.backoff.max.ms = 10000
	sasl.login.retry.backoff.ms = 100
	sasl.mechanism = GSSAPI
	sasl.oauthbearer.clock.skew.seconds = 30
	sasl.oauthbearer.expected.audience = null
	sasl.oauthbearer.expected.issuer = null
	sasl.oauthbearer.header.urlencode = false
	sasl.oauthbearer.jwks.endpoint.refresh.ms = 3600000
	sasl.oauthbearer.jwks.endpoint.retry.backoff.max.ms = 10000
	sasl.oauthbearer.jwks.endpoint.retry.backoff.ms = 100
	sasl.oauthbearer.jwks.endpoint.url = null
	sasl.oauthbearer.scope.claim.name = scope
	sasl.oauthbearer.sub.claim.name = sub
	sasl.oauthbearer.token.endpoint.url = null
	security.protocol = PLAINTEXT
	security.providers = null
	send.buffer.bytes = 131072
	socket.connection.setup.timeout.max.ms = 30000
	socket.connection.setup.timeout.ms = 10000
	ssl.cipher.suites = null
	ssl.enabled.protocols = [TLSv1.2, TLSv1.3]
	ssl.endpoint.identification.algorithm = https
	ssl.engine.factory.class = null
	ssl.key.password = null
	ssl.keymanager.algorithm = SunX509
	ssl.keystore.certificate.chain = null
	ssl.keystore.key = null
	ssl.keystore.location = null
	ssl.keystore.password = null
	ssl.keystore.type = JKS
	ssl.protocol = TLSv1.3
	ssl.provider = null
	ssl.secure.random.implementation = null
	ssl.trustmanager.algorithm = PKIX
	ssl.truststore.certificates = null
	ssl.truststore.location = null
	ssl.truststore.password = null
	ssl.truststore.type = JKS
	transaction.timeout.ms = 60000
	transactional.id = null
	value.serializer = class io.apicurio.registry.serde.protobuf.ProtobufKafkaSerializer

2025-09-26 11:14:42,555 INFO  [org.apa.kaf.com.tel.int.KafkaMetricsCollector] (main) initializing Kafka metrics collector
2025-09-26 11:14:42,557 INFO  [org.apa.kaf.cli.pro.KafkaProducer] (main) [Producer clientId=Producer-sd7bfdc5dx128dx436dxb44ax3efc2a1bc38d] Instantiated an idempotent producer.
2025-09-26 11:14:42,559 INFO  [org.apa.kaf.cli.pro.ProducerConfig] (main) These configurations '[apicurio.registry.find-latest, apicurio.registry.url, apicurio.registry.artifact-resolver-strategy]' were supplied but are not used yet.
2025-09-26 11:14:42,559 INFO  [org.apa.kaf.com.uti.AppInfoParser] (main) Kafka version: 3.9.1
2025-09-26 11:14:42,559 INFO  [org.apa.kaf.com.uti.AppInfoParser] (main) Kafka commitId: f745dfdcee2b9851
2025-09-26 11:14:42,559 INFO  [org.apa.kaf.com.uti.AppInfoParser] (main) Kafka startTimeMs: 1758885282559
2025-09-26 11:14:42,560 INFO  [io.api.tes.ser.api.KafkaSerdesTester] (ForkJoinPool.commonPool-worker-3) Sending message header {
  time {
  }
}
d1: 1.758885282559E12
s1: "a"
i1: 123
bi1: 1
point {
  longitude: 22.0
  latitude: 22.0
  altitude: 1.0
}
 to topic sd7bfdc5dx128dx436dxb44ax3efc2a1bc38d
2025-09-26 11:14:42,561 INFO  [org.apa.kaf.cli.Metadata] (kafka-producer-network-thread | Producer-sd7bfdc5dx128dx436dxb44ax3efc2a1bc38d) [Producer clientId=Producer-sd7bfdc5dx128dx436dxb44ax3efc2a1bc38d] Cluster ID: X5UxcvqSRVGy35VKMRH4NQ
2025-09-26 11:14:42,561 INFO  [org.apa.kaf.cli.pro.int.TransactionManager] (kafka-producer-network-thread | Producer-sd7bfdc5dx128dx436dxb44ax3efc2a1bc38d) [Producer clientId=Producer-sd7bfdc5dx128dx436dxb44ax3efc2a1bc38d] ProducerId set to 37 with epoch 0
2025-09-26 11:14:42,771 INFO  [org.apa.kaf.cli.pro.KafkaProducer] (ForkJoinPool.commonPool-worker-3) [Producer clientId=Producer-sd7bfdc5dx128dx436dxb44ax3efc2a1bc38d] Closing the Kafka producer with timeoutMillis = 9223372036854775807 ms.
2025-09-26 11:14:42,772 INFO  [org.apa.kaf.com.met.Metrics] (ForkJoinPool.commonPool-worker-3) Metrics scheduler closed
2025-09-26 11:14:42,772 INFO  [org.apa.kaf.com.met.Metrics] (ForkJoinPool.commonPool-worker-3) Closing reporter org.apache.kafka.common.metrics.JmxReporter
2025-09-26 11:14:42,772 INFO  [org.apa.kaf.com.met.Metrics] (ForkJoinPool.commonPool-worker-3) Closing reporter org.apache.kafka.common.telemetry.internals.ClientTelemetryReporter
2025-09-26 11:14:42,772 INFO  [org.apa.kaf.com.met.Metrics] (ForkJoinPool.commonPool-worker-3) Metrics reporters closed
2025-09-26 11:14:42,772 INFO  [org.apa.kaf.com.uti.AppInfoParser] (ForkJoinPool.commonPool-worker-3) App info kafka.producer for Producer-sd7bfdc5dx128dx436dxb44ax3efc2a1bc38d unregistered
**** Registry Base URL: http://registry-app-inmemory.apps.ci419.apicurio-testing.org:80
2025-09-26 11:14:42,772 INFO  [org.apa.kaf.cli.pro.ProducerConfig] (main) ProducerConfig values: 
	acks = -1
	auto.include.jmx.reporter = true
	batch.size = 16384
	bootstrap.servers = [PLAINTEXT://localhost:32769]
	buffer.memory = 33554432
	client.dns.lookup = use_all_dns_ips
	client.id = Producer-sd7bfdc5dx128dx436dxb44ax3efc2a1bc38d
	compression.gzip.level = -1
	compression.lz4.level = 9
	compression.type = none
	compression.zstd.level = 3
	connections.max.idle.ms = 10000
	delivery.timeout.ms = 120000
	enable.idempotence = true
	enable.metrics.push = true
	interceptor.classes = []
	key.serializer = class org.apache.kafka.common.serialization.StringSerializer
	linger.ms = 0
	max.block.ms = 60000
	max.in.flight.requests.per.connection = 5
	max.request.size = 1048576
	metadata.max.age.ms = 300000
	metadata.max.idle.ms = 300000
	metadata.recovery.strategy = none
	metric.reporters = []
	metrics.num.samples = 2
	metrics.recording.level = INFO
	metrics.sample.window.ms = 30000
	partitioner.adaptive.partitioning.enable = true
	partitioner.availability.timeout.ms = 0
	partitioner.class = null
	partitioner.ignore.keys = false
	receive.buffer.bytes = 32768
	reconnect.backoff.max.ms = 1000
	reconnect.backoff.ms = 50
	request.timeout.ms = 5000
	retries = 2147483647
	retry.backoff.max.ms = 1000
	retry.backoff.ms = 100
	sasl.client.callback.handler.class = null
	sasl.jaas.config = null
	sasl.kerberos.kinit.cmd = /usr/bin/kinit
	sasl.kerberos.min.time.before.relogin = 60000
	sasl.kerberos.service.name = null
	sasl.kerberos.ticket.renew.jitter = 0.05
	sasl.kerberos.ticket.renew.window.factor = 0.8
	sasl.login.callback.handler.class = null
	sasl.login.class = null
	sasl.login.connect.timeout.ms = null
	sasl.login.read.timeout.ms = null
	sasl.login.refresh.buffer.seconds = 300
	sasl.login.refresh.min.period.seconds = 60
	sasl.login.refresh.window.factor = 0.8
	sasl.login.refresh.window.jitter = 0.05
	sasl.login.retry.backoff.max.ms = 10000
	sasl.login.retry.backoff.ms = 100
	sasl.mechanism = GSSAPI
	sasl.oauthbearer.clock.skew.seconds = 30
	sasl.oauthbearer.expected.audience = null
	sasl.oauthbearer.expected.issuer = null
	sasl.oauthbearer.header.urlencode = false
	sasl.oauthbearer.jwks.endpoint.refresh.ms = 3600000
	sasl.oauthbearer.jwks.endpoint.retry.backoff.max.ms = 10000
	sasl.oauthbearer.jwks.endpoint.retry.backoff.ms = 100
	sasl.oauthbearer.jwks.endpoint.url = null
	sasl.oauthbearer.scope.claim.name = scope
	sasl.oauthbearer.sub.claim.name = sub
	sasl.oauthbearer.token.endpoint.url = null
	security.protocol = PLAINTEXT
	security.providers = null
	send.buffer.bytes = 131072
	socket.connection.setup.timeout.max.ms = 30000
	socket.connection.setup.timeout.ms = 10000
	ssl.cipher.suites = null
	ssl.enabled.protocols = [TLSv1.2, TLSv1.3]
	ssl.endpoint.identification.algorithm = https
	ssl.engine.factory.class = null
	ssl.key.password = null
	ssl.keymanager.algorithm = SunX509
	ssl.keystore.certificate.chain = null
	ssl.keystore.key = null
	ssl.keystore.location = null
	ssl.keystore.password = null
	ssl.keystore.type = JKS
	ssl.protocol = TLSv1.3
	ssl.provider = null
	ssl.secure.random.implementation = null
	ssl.trustmanager.algorithm = PKIX
	ssl.truststore.certificates = null
	ssl.truststore.location = null
	ssl.truststore.password = null
	ssl.truststore.type = JKS
	transaction.timeout.ms = 60000
	transactional.id = null
	value.serializer = class io.apicurio.registry.serde.protobuf.ProtobufKafkaSerializer

2025-09-26 11:14:42,773 INFO  [org.apa.kaf.com.tel.int.KafkaMetricsCollector] (main) initializing Kafka metrics collector
2025-09-26 11:14:42,775 INFO  [org.apa.kaf.cli.pro.KafkaProducer] (main) [Producer clientId=Producer-sd7bfdc5dx128dx436dxb44ax3efc2a1bc38d] Instantiated an idempotent producer.
2025-09-26 11:14:42,776 INFO  [org.apa.kaf.cli.pro.ProducerConfig] (main) These configurations '[apicurio.registry.find-latest, apicurio.registry.url, apicurio.registry.headers.enabled, apicurio.registry.artifact-resolver-strategy]' were supplied but are not used yet.
2025-09-26 11:14:42,776 INFO  [org.apa.kaf.com.uti.AppInfoParser] (main) Kafka version: 3.9.1
2025-09-26 11:14:42,776 INFO  [org.apa.kaf.com.uti.AppInfoParser] (main) Kafka commitId: f745dfdcee2b9851
2025-09-26 11:14:42,776 INFO  [org.apa.kaf.com.uti.AppInfoParser] (main) Kafka startTimeMs: 1758885282776
2025-09-26 11:14:42,776 INFO  [io.api.tes.ser.api.SimpleSerdesTesterBuilder$SimpleSerdesTester] (main) Using producer configuration: {apicurio.registry.find-latest=true, apicurio.registry.url=http://registry-app-inmemory.apps.ci419.apicurio-testing.org:80/apis/registry/v3, apicurio.registry.headers.enabled=true, apicurio.registry.artifact-resolver-strategy=io.apicurio.registry.serde.strategy.TopicIdStrategy, value.serializer=io.apicurio.registry.serde.protobuf.ProtobufKafkaSerializer, request.timeout.ms=5000, acks=all, bootstrap.servers=PLAINTEXT://localhost:32769, connections.max.idle.ms=10000, key.serializer=org.apache.kafka.common.serialization.StringSerializer, client.id=Producer-sd7bfdc5dx128dx436dxb44ax3efc2a1bc38d}
2025-09-26 11:14:42,776 INFO  [io.api.tes.ser.api.SimpleSerdesTesterBuilder$SimpleSerdesTester] (main) Using consumer configuration: {apicurio.registry.headers.enabled=true}
2025-09-26 11:14:42,776 INFO  [io.api.tes.ser.api.KafkaSerdesTester] (ForkJoinPool.commonPool-worker-3) Sending message msb: 1758885282776
lsb: 321
 to topic sd7bfdc5dx128dx436dxb44ax3efc2a1bc38d
2025-09-26 11:14:42,778 INFO  [org.apa.kaf.cli.Metadata] (kafka-producer-network-thread | Producer-sd7bfdc5dx128dx436dxb44ax3efc2a1bc38d) [Producer clientId=Producer-sd7bfdc5dx128dx436dxb44ax3efc2a1bc38d] Cluster ID: X5UxcvqSRVGy35VKMRH4NQ
2025-09-26 11:14:42,778 INFO  [org.apa.kaf.cli.pro.int.TransactionManager] (kafka-producer-network-thread | Producer-sd7bfdc5dx128dx436dxb44ax3efc2a1bc38d) [Producer clientId=Producer-sd7bfdc5dx128dx436dxb44ax3efc2a1bc38d] ProducerId set to 38 with epoch 0
2025-09-26 11:14:42,985 INFO  [io.api.tes.ser.api.KafkaSerdesTester] (ForkJoinPool.commonPool-worker-3) Sending message msb: 1758885282985
lsb: 321
 to topic sd7bfdc5dx128dx436dxb44ax3efc2a1bc38d
2025-09-26 11:14:42,986 INFO  [io.api.tes.ser.api.KafkaSerdesTester] (ForkJoinPool.commonPool-worker-3) Sending message msb: 1758885282986
lsb: 321
 to topic sd7bfdc5dx128dx436dxb44ax3efc2a1bc38d
2025-09-26 11:14:42,987 INFO  [io.api.tes.ser.api.KafkaSerdesTester] (ForkJoinPool.commonPool-worker-3) Sending message msb: 1758885282987
lsb: 321
 to topic sd7bfdc5dx128dx436dxb44ax3efc2a1bc38d
2025-09-26 11:14:42,988 INFO  [io.api.tes.ser.api.KafkaSerdesTester] (ForkJoinPool.commonPool-worker-3) Sending message msb: 1758885282988
lsb: 321
 to topic sd7bfdc5dx128dx436dxb44ax3efc2a1bc38d
2025-09-26 11:14:42,989 INFO  [io.api.tes.ser.api.KafkaSerdesTester] (ForkJoinPool.commonPool-worker-3) Sending message msb: 1758885282989
lsb: 321
 to topic sd7bfdc5dx128dx436dxb44ax3efc2a1bc38d
2025-09-26 11:14:42,990 INFO  [io.api.tes.ser.api.KafkaSerdesTester] (ForkJoinPool.commonPool-worker-3) Sending message msb: 1758885282990
lsb: 321
 to topic sd7bfdc5dx128dx436dxb44ax3efc2a1bc38d
2025-09-26 11:14:42,991 INFO  [io.api.tes.ser.api.KafkaSerdesTester] (ForkJoinPool.commonPool-worker-3) Sending message msb: 1758885282991
lsb: 321
 to topic sd7bfdc5dx128dx436dxb44ax3efc2a1bc38d
2025-09-26 11:14:42,992 INFO  [io.api.tes.ser.api.KafkaSerdesTester] (ForkJoinPool.commonPool-worker-3) Sending message msb: 1758885282992
lsb: 321
 to topic sd7bfdc5dx128dx436dxb44ax3efc2a1bc38d
2025-09-26 11:14:42,993 INFO  [io.api.tes.ser.api.KafkaSerdesTester] (ForkJoinPool.commonPool-worker-3) Sending message msb: 1758885282993
lsb: 321
 to topic sd7bfdc5dx128dx436dxb44ax3efc2a1bc38d
2025-09-26 11:14:42,994 INFO  [io.api.tes.ser.api.KafkaSerdesTester] (ForkJoinPool.commonPool-worker-3) Produced 10 messages
2025-09-26 11:14:42,994 INFO  [org.apa.kaf.cli.pro.KafkaProducer] (ForkJoinPool.commonPool-worker-3) [Producer clientId=Producer-sd7bfdc5dx128dx436dxb44ax3efc2a1bc38d] Closing the Kafka producer with timeoutMillis = 9223372036854775807 ms.
2025-09-26 11:14:42,995 INFO  [org.apa.kaf.com.met.Metrics] (ForkJoinPool.commonPool-worker-3) Metrics scheduler closed
2025-09-26 11:14:42,995 INFO  [org.apa.kaf.com.met.Metrics] (ForkJoinPool.commonPool-worker-3) Closing reporter org.apache.kafka.common.metrics.JmxReporter
2025-09-26 11:14:42,995 INFO  [org.apa.kaf.com.met.Metrics] (ForkJoinPool.commonPool-worker-3) Closing reporter org.apache.kafka.common.telemetry.internals.ClientTelemetryReporter
2025-09-26 11:14:42,995 INFO  [org.apa.kaf.com.met.Metrics] (ForkJoinPool.commonPool-worker-3) Metrics reporters closed
2025-09-26 11:14:42,995 INFO  [org.apa.kaf.com.uti.AppInfoParser] (ForkJoinPool.commonPool-worker-3) App info kafka.producer for Producer-sd7bfdc5dx128dx436dxb44ax3efc2a1bc38d unregistered
**** Registry Base URL: http://registry-app-inmemory.apps.ci419.apicurio-testing.org:80
2025-09-26 11:14:42,996 INFO  [org.apa.kaf.cli.con.ConsumerConfig] (main) ConsumerConfig values: 
	allow.auto.create.topics = true
	auto.commit.interval.ms = 500
	auto.include.jmx.reporter = true
	auto.offset.reset = earliest
	bootstrap.servers = [PLAINTEXT://localhost:32769]
	check.crcs = true
	client.dns.lookup = use_all_dns_ips
	client.id = consumer-Consumer-sd7bfdc5dx128dx436dxb44ax3efc2a1bc38d-28
	client.rack = 
	connections.max.idle.ms = 10000
	default.api.timeout.ms = 60000
	enable.auto.commit = true
	enable.metrics.push = true
	exclude.internal.topics = true
	fetch.max.bytes = 52428800
	fetch.max.wait.ms = 500
	fetch.min.bytes = 1
	group.id = Consumer-sd7bfdc5dx128dx436dxb44ax3efc2a1bc38d
	group.instance.id = null
	group.protocol = classic
	group.remote.assignor = null
	heartbeat.interval.ms = 3000
	interceptor.classes = []
	internal.leave.group.on.close = true
	internal.throw.on.fetch.stable.offset.unsupported = false
	isolation.level = read_uncommitted
	key.deserializer = class org.apache.kafka.common.serialization.StringDeserializer
	max.partition.fetch.bytes = 1048576
	max.poll.interval.ms = 300000
	max.poll.records = 500
	metadata.max.age.ms = 300000
	metadata.recovery.strategy = none
	metric.reporters = []
	metrics.num.samples = 2
	metrics.recording.level = INFO
	metrics.sample.window.ms = 30000
	partition.assignment.strategy = [class org.apache.kafka.clients.consumer.RangeAssignor, class org.apache.kafka.clients.consumer.CooperativeStickyAssignor]
	receive.buffer.bytes = 65536
	reconnect.backoff.max.ms = 1000
	reconnect.backoff.ms = 50
	request.timeout.ms = 5000
	retry.backoff.max.ms = 1000
	retry.backoff.ms = 100
	sasl.client.callback.handler.class = null
	sasl.jaas.config = null
	sasl.kerberos.kinit.cmd = /usr/bin/kinit
	sasl.kerberos.min.time.before.relogin = 60000
	sasl.kerberos.service.name = null
	sasl.kerberos.ticket.renew.jitter = 0.05
	sasl.kerberos.ticket.renew.window.factor = 0.8
	sasl.login.callback.handler.class = null
	sasl.login.class = null
	sasl.login.connect.timeout.ms = null
	sasl.login.read.timeout.ms = null
	sasl.login.refresh.buffer.seconds = 300
	sasl.login.refresh.min.period.seconds = 60
	sasl.login.refresh.window.factor = 0.8
	sasl.login.refresh.window.jitter = 0.05
	sasl.login.retry.backoff.max.ms = 10000
	sasl.login.retry.backoff.ms = 100
	sasl.mechanism = GSSAPI
	sasl.oauthbearer.clock.skew.seconds = 30
	sasl.oauthbearer.expected.audience = null
	sasl.oauthbearer.expected.issuer = null
	sasl.oauthbearer.header.urlencode = false
	sasl.oauthbearer.jwks.endpoint.refresh.ms = 3600000
	sasl.oauthbearer.jwks.endpoint.retry.backoff.max.ms = 10000
	sasl.oauthbearer.jwks.endpoint.retry.backoff.ms = 100
	sasl.oauthbearer.jwks.endpoint.url = null
	sasl.oauthbearer.scope.claim.name = scope
	sasl.oauthbearer.sub.claim.name = sub
	sasl.oauthbearer.token.endpoint.url = null
	security.protocol = PLAINTEXT
	security.providers = null
	send.buffer.bytes = 131072
	session.timeout.ms = 45000
	socket.connection.setup.timeout.max.ms = 30000
	socket.connection.setup.timeout.ms = 10000
	ssl.cipher.suites = null
	ssl.enabled.protocols = [TLSv1.2, TLSv1.3]
	ssl.endpoint.identification.algorithm = https
	ssl.engine.factory.class = null
	ssl.key.password = null
	ssl.keymanager.algorithm = SunX509
	ssl.keystore.certificate.chain = null
	ssl.keystore.key = null
	ssl.keystore.location = null
	ssl.keystore.password = null
	ssl.keystore.type = JKS
	ssl.protocol = TLSv1.3
	ssl.provider = null
	ssl.secure.random.implementation = null
	ssl.trustmanager.algorithm = PKIX
	ssl.truststore.certificates = null
	ssl.truststore.location = null
	ssl.truststore.password = null
	ssl.truststore.type = JKS
	value.deserializer = class io.apicurio.registry.serde.protobuf.ProtobufKafkaDeserializer

2025-09-26 11:14:42,996 INFO  [org.apa.kaf.com.tel.int.KafkaMetricsCollector] (main) initializing Kafka metrics collector
2025-09-26 11:14:43,000 INFO  [org.apa.kaf.cli.con.ConsumerConfig] (main) These configurations '[apicurio.registry.url, apicurio.registry.headers.enabled]' were supplied but are not used yet.
2025-09-26 11:14:43,000 INFO  [org.apa.kaf.com.uti.AppInfoParser] (main) Kafka version: 3.9.1
2025-09-26 11:14:43,000 INFO  [org.apa.kaf.com.uti.AppInfoParser] (main) Kafka commitId: f745dfdcee2b9851
2025-09-26 11:14:43,000 INFO  [org.apa.kaf.com.uti.AppInfoParser] (main) Kafka startTimeMs: 1758885283000
2025-09-26 11:14:43,001 INFO  [org.apa.kaf.cli.con.int.ClassicKafkaConsumer] (ForkJoinPool.commonPool-worker-3) [Consumer clientId=consumer-Consumer-sd7bfdc5dx128dx436dxb44ax3efc2a1bc38d-28, groupId=Consumer-sd7bfdc5dx128dx436dxb44ax3efc2a1bc38d] Subscribed to topic(s): sd7bfdc5dx128dx436dxb44ax3efc2a1bc38d
2025-09-26 11:14:43,003 INFO  [org.apa.kaf.cli.Metadata] (ForkJoinPool.commonPool-worker-3) [Consumer clientId=consumer-Consumer-sd7bfdc5dx128dx436dxb44ax3efc2a1bc38d-28, groupId=Consumer-sd7bfdc5dx128dx436dxb44ax3efc2a1bc38d] Cluster ID: X5UxcvqSRVGy35VKMRH4NQ
2025-09-26 11:14:43,003 INFO  [org.apa.kaf.cli.con.int.ConsumerCoordinator] (ForkJoinPool.commonPool-worker-3) [Consumer clientId=consumer-Consumer-sd7bfdc5dx128dx436dxb44ax3efc2a1bc38d-28, groupId=Consumer-sd7bfdc5dx128dx436dxb44ax3efc2a1bc38d] Discovered group coordinator localhost:32769 (id: 2147483647 rack: null)
2025-09-26 11:14:43,004 INFO  [org.apa.kaf.cli.con.int.ConsumerCoordinator] (ForkJoinPool.commonPool-worker-3) [Consumer clientId=consumer-Consumer-sd7bfdc5dx128dx436dxb44ax3efc2a1bc38d-28, groupId=Consumer-sd7bfdc5dx128dx436dxb44ax3efc2a1bc38d] (Re-)joining group
2025-09-26 11:14:43,005 INFO  [org.apa.kaf.cli.con.int.ConsumerCoordinator] (ForkJoinPool.commonPool-worker-3) [Consumer clientId=consumer-Consumer-sd7bfdc5dx128dx436dxb44ax3efc2a1bc38d-28, groupId=Consumer-sd7bfdc5dx128dx436dxb44ax3efc2a1bc38d] Request joining group due to: need to re-join with the given member-id: consumer-Consumer-sd7bfdc5dx128dx436dxb44ax3efc2a1bc38d-28-c27c078b-0360-4225-a6d0-65f01ae8ec62
2025-09-26 11:14:43,006 INFO  [org.apa.kaf.cli.con.int.ConsumerCoordinator] (ForkJoinPool.commonPool-worker-3) [Consumer clientId=consumer-Consumer-sd7bfdc5dx128dx436dxb44ax3efc2a1bc38d-28, groupId=Consumer-sd7bfdc5dx128dx436dxb44ax3efc2a1bc38d] (Re-)joining group
2025-09-26 11:14:44,001 INFO  [io.api.tes.ser.api.KafkaSerdesTester] (ForkJoinPool.commonPool-worker-3) None found
2025-09-26 11:14:45,001 INFO  [io.api.tes.ser.api.KafkaSerdesTester] (ForkJoinPool.commonPool-worker-3) None found
2025-09-26 11:14:46,001 INFO  [io.api.tes.ser.api.KafkaSerdesTester] (ForkJoinPool.commonPool-worker-3) None found
2025-09-26 11:14:46,007 INFO  [org.apa.kaf.cli.con.int.ConsumerCoordinator] (ForkJoinPool.commonPool-worker-3) [Consumer clientId=consumer-Consumer-sd7bfdc5dx128dx436dxb44ax3efc2a1bc38d-28, groupId=Consumer-sd7bfdc5dx128dx436dxb44ax3efc2a1bc38d] Successfully joined group with generation Generation{generationId=7, memberId='consumer-Consumer-sd7bfdc5dx128dx436dxb44ax3efc2a1bc38d-28-c27c078b-0360-4225-a6d0-65f01ae8ec62', protocol='range'}
2025-09-26 11:14:46,007 INFO  [org.apa.kaf.cli.con.int.ConsumerCoordinator] (ForkJoinPool.commonPool-worker-3) [Consumer clientId=consumer-Consumer-sd7bfdc5dx128dx436dxb44ax3efc2a1bc38d-28, groupId=Consumer-sd7bfdc5dx128dx436dxb44ax3efc2a1bc38d] Finished assignment for group at generation 7: {consumer-Consumer-sd7bfdc5dx128dx436dxb44ax3efc2a1bc38d-28-c27c078b-0360-4225-a6d0-65f01ae8ec62=Assignment(partitions=[sd7bfdc5dx128dx436dxb44ax3efc2a1bc38d-0])}
2025-09-26 11:14:46,013 INFO  [org.apa.kaf.cli.con.int.ConsumerCoordinator] (ForkJoinPool.commonPool-worker-3) [Consumer clientId=consumer-Consumer-sd7bfdc5dx128dx436dxb44ax3efc2a1bc38d-28, groupId=Consumer-sd7bfdc5dx128dx436dxb44ax3efc2a1bc38d] Successfully synced group in generation Generation{generationId=7, memberId='consumer-Consumer-sd7bfdc5dx128dx436dxb44ax3efc2a1bc38d-28-c27c078b-0360-4225-a6d0-65f01ae8ec62', protocol='range'}
2025-09-26 11:14:46,013 INFO  [org.apa.kaf.cli.con.int.ConsumerCoordinator] (ForkJoinPool.commonPool-worker-3) [Consumer clientId=consumer-Consumer-sd7bfdc5dx128dx436dxb44ax3efc2a1bc38d-28, groupId=Consumer-sd7bfdc5dx128dx436dxb44ax3efc2a1bc38d] Notifying assignor about the new Assignment(partitions=[sd7bfdc5dx128dx436dxb44ax3efc2a1bc38d-0])
2025-09-26 11:14:46,014 INFO  [org.apa.kaf.cli.con.int.ConsumerRebalanceListenerInvoker] (ForkJoinPool.commonPool-worker-3) [Consumer clientId=consumer-Consumer-sd7bfdc5dx128dx436dxb44ax3efc2a1bc38d-28, groupId=Consumer-sd7bfdc5dx128dx436dxb44ax3efc2a1bc38d] Adding newly assigned partitions: sd7bfdc5dx128dx436dxb44ax3efc2a1bc38d-0
2025-09-26 11:14:46,014 INFO  [org.apa.kaf.cli.con.int.ConsumerUtils] (ForkJoinPool.commonPool-worker-3) Setting offset for partition sd7bfdc5dx128dx436dxb44ax3efc2a1bc38d-0 to the committed offset FetchPosition{offset=30, offsetEpoch=Optional[0], currentLeader=LeaderAndEpoch{leader=Optional[localhost:32769 (id: 0 rack: null)], epoch=0}}
2025-09-26 11:14:46,172 INFO  [io.api.tes.ser.api.KafkaSerdesTester] (ForkJoinPool.commonPool-worker-3) sd7bfdc5dx128dx436dxb44ax3efc2a1bc38d 0 30 msb: 1758885282776
lsb: 321

2025-09-26 11:14:46,173 INFO  [io.api.tes.ser.api.KafkaSerdesTester] (ForkJoinPool.commonPool-worker-3) sd7bfdc5dx128dx436dxb44ax3efc2a1bc38d 0 31 msb: 1758885282985
lsb: 321

2025-09-26 11:14:46,173 INFO  [io.api.tes.ser.api.KafkaSerdesTester] (ForkJoinPool.commonPool-worker-3) sd7bfdc5dx128dx436dxb44ax3efc2a1bc38d 0 32 msb: 1758885282986
lsb: 321

2025-09-26 11:14:46,173 INFO  [io.api.tes.ser.api.KafkaSerdesTester] (ForkJoinPool.commonPool-worker-3) sd7bfdc5dx128dx436dxb44ax3efc2a1bc38d 0 33 msb: 1758885282987
lsb: 321

2025-09-26 11:14:46,173 INFO  [io.api.tes.ser.api.KafkaSerdesTester] (ForkJoinPool.commonPool-worker-3) sd7bfdc5dx128dx436dxb44ax3efc2a1bc38d 0 34 msb: 1758885282988
lsb: 321

2025-09-26 11:14:46,173 INFO  [io.api.tes.ser.api.KafkaSerdesTester] (ForkJoinPool.commonPool-worker-3) sd7bfdc5dx128dx436dxb44ax3efc2a1bc38d 0 35 msb: 1758885282989
lsb: 321

2025-09-26 11:14:46,173 INFO  [io.api.tes.ser.api.KafkaSerdesTester] (ForkJoinPool.commonPool-worker-3) sd7bfdc5dx128dx436dxb44ax3efc2a1bc38d 0 36 msb: 1758885282990
lsb: 321

2025-09-26 11:14:46,173 INFO  [io.api.tes.ser.api.KafkaSerdesTester] (ForkJoinPool.commonPool-worker-3) sd7bfdc5dx128dx436dxb44ax3efc2a1bc38d 0 37 msb: 1758885282991
lsb: 321

2025-09-26 11:14:46,173 INFO  [io.api.tes.ser.api.KafkaSerdesTester] (ForkJoinPool.commonPool-worker-3) sd7bfdc5dx128dx436dxb44ax3efc2a1bc38d 0 38 msb: 1758885282992
lsb: 321

2025-09-26 11:14:46,173 INFO  [io.api.tes.ser.api.KafkaSerdesTester] (ForkJoinPool.commonPool-worker-3) sd7bfdc5dx128dx436dxb44ax3efc2a1bc38d 0 39 msb: 1758885282993
lsb: 321

2025-09-26 11:14:46,173 INFO  [io.api.tes.ser.api.KafkaSerdesTester] (ForkJoinPool.commonPool-worker-3) Consumed 10 messages
2025-09-26 11:14:46,179 INFO  [org.apa.kaf.cli.con.int.ConsumerRebalanceListenerInvoker] (ForkJoinPool.commonPool-worker-3) [Consumer clientId=consumer-Consumer-sd7bfdc5dx128dx436dxb44ax3efc2a1bc38d-28, groupId=Consumer-sd7bfdc5dx128dx436dxb44ax3efc2a1bc38d] Revoke previously assigned partitions sd7bfdc5dx128dx436dxb44ax3efc2a1bc38d-0
2025-09-26 11:14:46,179 INFO  [org.apa.kaf.cli.con.int.ConsumerCoordinator] (ForkJoinPool.commonPool-worker-3) [Consumer clientId=consumer-Consumer-sd7bfdc5dx128dx436dxb44ax3efc2a1bc38d-28, groupId=Consumer-sd7bfdc5dx128dx436dxb44ax3efc2a1bc38d] Member consumer-Consumer-sd7bfdc5dx128dx436dxb44ax3efc2a1bc38d-28-c27c078b-0360-4225-a6d0-65f01ae8ec62 sending LeaveGroup request to coordinator localhost:32769 (id: 2147483647 rack: null) due to the consumer is being closed
2025-09-26 11:14:46,180 INFO  [org.apa.kaf.cli.con.int.ConsumerCoordinator] (ForkJoinPool.commonPool-worker-3) [Consumer clientId=consumer-Consumer-sd7bfdc5dx128dx436dxb44ax3efc2a1bc38d-28, groupId=Consumer-sd7bfdc5dx128dx436dxb44ax3efc2a1bc38d] Resetting generation and member id due to: consumer pro-actively leaving the group
2025-09-26 11:14:46,180 INFO  [org.apa.kaf.cli.con.int.ConsumerCoordinator] (ForkJoinPool.commonPool-worker-3) [Consumer clientId=consumer-Consumer-sd7bfdc5dx128dx436dxb44ax3efc2a1bc38d-28, groupId=Consumer-sd7bfdc5dx128dx436dxb44ax3efc2a1bc38d] Request joining group due to: consumer pro-actively leaving the group
2025-09-26 11:14:46,674 INFO  [org.apa.kaf.com.met.Metrics] (ForkJoinPool.commonPool-worker-3) Metrics scheduler closed
2025-09-26 11:14:46,674 INFO  [org.apa.kaf.com.met.Metrics] (ForkJoinPool.commonPool-worker-3) Closing reporter org.apache.kafka.common.metrics.JmxReporter
2025-09-26 11:14:46,674 INFO  [org.apa.kaf.com.met.Metrics] (ForkJoinPool.commonPool-worker-3) Closing reporter org.apache.kafka.common.telemetry.internals.ClientTelemetryReporter
2025-09-26 11:14:46,674 INFO  [org.apa.kaf.com.met.Metrics] (ForkJoinPool.commonPool-worker-3) Metrics reporters closed
2025-09-26 11:14:46,675 INFO  [org.apa.kaf.com.uti.AppInfoParser] (ForkJoinPool.commonPool-worker-3) App info kafka.consumer for consumer-Consumer-sd7bfdc5dx128dx436dxb44ax3efc2a1bc38d-28 unregistered
**** Registry Base URL: http://registry-app-inmemory.apps.ci419.apicurio-testing.org:80
2025-09-26 11:14:46,676 INFO  [org.apa.kaf.cli.pro.ProducerConfig] (main) ProducerConfig values: 
	acks = -1
	auto.include.jmx.reporter = true
	batch.size = 16384
	bootstrap.servers = [PLAINTEXT://localhost:32769]
	buffer.memory = 33554432
	client.dns.lookup = use_all_dns_ips
	client.id = Producer-sd7bfdc5dx128dx436dxb44ax3efc2a1bc38d
	compression.gzip.level = -1
	compression.lz4.level = 9
	compression.type = none
	compression.zstd.level = 3
	connections.max.idle.ms = 10000
	delivery.timeout.ms = 120000
	enable.idempotence = true
	enable.metrics.push = true
	interceptor.classes = []
	key.serializer = class org.apache.kafka.common.serialization.StringSerializer
	linger.ms = 0
	max.block.ms = 60000
	max.in.flight.requests.per.connection = 5
	max.request.size = 1048576
	metadata.max.age.ms = 300000
	metadata.max.idle.ms = 300000
	metadata.recovery.strategy = none
	metric.reporters = []
	metrics.num.samples = 2
	metrics.recording.level = INFO
	metrics.sample.window.ms = 30000
	partitioner.adaptive.partitioning.enable = true
	partitioner.availability.timeout.ms = 0
	partitioner.class = null
	partitioner.ignore.keys = false
	receive.buffer.bytes = 32768
	reconnect.backoff.max.ms = 1000
	reconnect.backoff.ms = 50
	request.timeout.ms = 5000
	retries = 2147483647
	retry.backoff.max.ms = 1000
	retry.backoff.ms = 100
	sasl.client.callback.handler.class = null
	sasl.jaas.config = null
	sasl.kerberos.kinit.cmd = /usr/bin/kinit
	sasl.kerberos.min.time.before.relogin = 60000
	sasl.kerberos.service.name = null
	sasl.kerberos.ticket.renew.jitter = 0.05
	sasl.kerberos.ticket.renew.window.factor = 0.8
	sasl.login.callback.handler.class = null
	sasl.login.class = null
	sasl.login.connect.timeout.ms = null
	sasl.login.read.timeout.ms = null
	sasl.login.refresh.buffer.seconds = 300
	sasl.login.refresh.min.period.seconds = 60
	sasl.login.refresh.window.factor = 0.8
	sasl.login.refresh.window.jitter = 0.05
	sasl.login.retry.backoff.max.ms = 10000
	sasl.login.retry.backoff.ms = 100
	sasl.mechanism = GSSAPI
	sasl.oauthbearer.clock.skew.seconds = 30
	sasl.oauthbearer.expected.audience = null
	sasl.oauthbearer.expected.issuer = null
	sasl.oauthbearer.header.urlencode = false
	sasl.oauthbearer.jwks.endpoint.refresh.ms = 3600000
	sasl.oauthbearer.jwks.endpoint.retry.backoff.max.ms = 10000
	sasl.oauthbearer.jwks.endpoint.retry.backoff.ms = 100
	sasl.oauthbearer.jwks.endpoint.url = null
	sasl.oauthbearer.scope.claim.name = scope
	sasl.oauthbearer.sub.claim.name = sub
	sasl.oauthbearer.token.endpoint.url = null
	security.protocol = PLAINTEXT
	security.providers = null
	send.buffer.bytes = 131072
	socket.connection.setup.timeout.max.ms = 30000
	socket.connection.setup.timeout.ms = 10000
	ssl.cipher.suites = null
	ssl.enabled.protocols = [TLSv1.2, TLSv1.3]
	ssl.endpoint.identification.algorithm = https
	ssl.engine.factory.class = null
	ssl.key.password = null
	ssl.keymanager.algorithm = SunX509
	ssl.keystore.certificate.chain = null
	ssl.keystore.key = null
	ssl.keystore.location = null
	ssl.keystore.password = null
	ssl.keystore.type = JKS
	ssl.protocol = TLSv1.3
	ssl.provider = null
	ssl.secure.random.implementation = null
	ssl.trustmanager.algorithm = PKIX
	ssl.truststore.certificates = null
	ssl.truststore.location = null
	ssl.truststore.password = null
	ssl.truststore.type = JKS
	transaction.timeout.ms = 60000
	transactional.id = null
	value.serializer = class io.apicurio.registry.serde.protobuf.ProtobufKafkaSerializer

2025-09-26 11:14:46,676 INFO  [org.apa.kaf.com.tel.int.KafkaMetricsCollector] (main) initializing Kafka metrics collector
2025-09-26 11:14:46,679 INFO  [org.apa.kaf.cli.pro.KafkaProducer] (main) [Producer clientId=Producer-sd7bfdc5dx128dx436dxb44ax3efc2a1bc38d] Instantiated an idempotent producer.
2025-09-26 11:14:46,680 INFO  [org.apa.kaf.cli.pro.ProducerConfig] (main) These configurations '[apicurio.registry.url, apicurio.registry.headers.enabled, apicurio.registry.artifact-resolver-strategy, apicurio.registry.artifact.version]' were supplied but are not used yet.
2025-09-26 11:14:46,680 INFO  [org.apa.kaf.com.uti.AppInfoParser] (main) Kafka version: 3.9.1
2025-09-26 11:14:46,680 INFO  [org.apa.kaf.com.uti.AppInfoParser] (main) Kafka commitId: f745dfdcee2b9851
2025-09-26 11:14:46,680 INFO  [org.apa.kaf.com.uti.AppInfoParser] (main) Kafka startTimeMs: 1758885286680
2025-09-26 11:14:46,680 INFO  [io.api.tes.ser.api.SimpleSerdesTesterBuilder$SimpleSerdesTester] (main) Using producer configuration: {apicurio.registry.url=http://registry-app-inmemory.apps.ci419.apicurio-testing.org:80/apis/registry/v3, apicurio.registry.headers.enabled=true, apicurio.registry.artifact-resolver-strategy=io.apicurio.registry.serde.strategy.TopicIdStrategy, value.serializer=io.apicurio.registry.serde.protobuf.ProtobufKafkaSerializer, request.timeout.ms=5000, acks=all, bootstrap.servers=PLAINTEXT://localhost:32769, connections.max.idle.ms=10000, apicurio.registry.artifact.version=2, key.serializer=org.apache.kafka.common.serialization.StringSerializer, client.id=Producer-sd7bfdc5dx128dx436dxb44ax3efc2a1bc38d}
2025-09-26 11:14:46,680 INFO  [io.api.tes.ser.api.SimpleSerdesTesterBuilder$SimpleSerdesTester] (main) Using consumer configuration: {apicurio.registry.headers.enabled=true}
2025-09-26 11:14:46,680 INFO  [io.api.tes.ser.api.KafkaSerdesTester] (ForkJoinPool.commonPool-worker-3) Sending message msb: 1758885286680
lsb: 321
 to topic sd7bfdc5dx128dx436dxb44ax3efc2a1bc38d
2025-09-26 11:14:46,682 INFO  [org.apa.kaf.cli.Metadata] (kafka-producer-network-thread | Producer-sd7bfdc5dx128dx436dxb44ax3efc2a1bc38d) [Producer clientId=Producer-sd7bfdc5dx128dx436dxb44ax3efc2a1bc38d] Cluster ID: X5UxcvqSRVGy35VKMRH4NQ
2025-09-26 11:14:46,682 INFO  [org.apa.kaf.cli.pro.int.TransactionManager] (kafka-producer-network-thread | Producer-sd7bfdc5dx128dx436dxb44ax3efc2a1bc38d) [Producer clientId=Producer-sd7bfdc5dx128dx436dxb44ax3efc2a1bc38d] ProducerId set to 39 with epoch 0
2025-09-26 11:14:46,886 INFO  [io.api.tes.ser.api.KafkaSerdesTester] (ForkJoinPool.commonPool-worker-3) Sending message msb: 1758885286886
lsb: 321
 to topic sd7bfdc5dx128dx436dxb44ax3efc2a1bc38d
2025-09-26 11:14:46,887 INFO  [io.api.tes.ser.api.KafkaSerdesTester] (ForkJoinPool.commonPool-worker-3) Sending message msb: 1758885286887
lsb: 321
 to topic sd7bfdc5dx128dx436dxb44ax3efc2a1bc38d
2025-09-26 11:14:46,888 INFO  [io.api.tes.ser.api.KafkaSerdesTester] (ForkJoinPool.commonPool-worker-3) Sending message msb: 1758885286888
lsb: 321
 to topic sd7bfdc5dx128dx436dxb44ax3efc2a1bc38d
2025-09-26 11:14:46,889 INFO  [io.api.tes.ser.api.KafkaSerdesTester] (ForkJoinPool.commonPool-worker-3) Sending message msb: 1758885286889
lsb: 321
 to topic sd7bfdc5dx128dx436dxb44ax3efc2a1bc38d
2025-09-26 11:14:46,890 INFO  [io.api.tes.ser.api.KafkaSerdesTester] (ForkJoinPool.commonPool-worker-3) Sending message msb: 1758885286890
lsb: 321
 to topic sd7bfdc5dx128dx436dxb44ax3efc2a1bc38d
2025-09-26 11:14:46,891 INFO  [io.api.tes.ser.api.KafkaSerdesTester] (ForkJoinPool.commonPool-worker-3) Sending message msb: 1758885286891
lsb: 321
 to topic sd7bfdc5dx128dx436dxb44ax3efc2a1bc38d
2025-09-26 11:14:46,892 INFO  [io.api.tes.ser.api.KafkaSerdesTester] (ForkJoinPool.commonPool-worker-3) Sending message msb: 1758885286892
lsb: 321
 to topic sd7bfdc5dx128dx436dxb44ax3efc2a1bc38d
2025-09-26 11:14:46,893 INFO  [io.api.tes.ser.api.KafkaSerdesTester] (ForkJoinPool.commonPool-worker-3) Sending message msb: 1758885286893
lsb: 321
 to topic sd7bfdc5dx128dx436dxb44ax3efc2a1bc38d
2025-09-26 11:14:46,894 INFO  [io.api.tes.ser.api.KafkaSerdesTester] (ForkJoinPool.commonPool-worker-3) Sending message msb: 1758885286894
lsb: 321
 to topic sd7bfdc5dx128dx436dxb44ax3efc2a1bc38d
2025-09-26 11:14:46,895 INFO  [io.api.tes.ser.api.KafkaSerdesTester] (ForkJoinPool.commonPool-worker-3) Produced 10 messages
2025-09-26 11:14:46,895 INFO  [org.apa.kaf.cli.pro.KafkaProducer] (ForkJoinPool.commonPool-worker-3) [Producer clientId=Producer-sd7bfdc5dx128dx436dxb44ax3efc2a1bc38d] Closing the Kafka producer with timeoutMillis = 9223372036854775807 ms.
2025-09-26 11:14:46,896 INFO  [org.apa.kaf.com.met.Metrics] (ForkJoinPool.commonPool-worker-3) Metrics scheduler closed
2025-09-26 11:14:46,896 INFO  [org.apa.kaf.com.met.Metrics] (ForkJoinPool.commonPool-worker-3) Closing reporter org.apache.kafka.common.metrics.JmxReporter
2025-09-26 11:14:46,896 INFO  [org.apa.kaf.com.met.Metrics] (ForkJoinPool.commonPool-worker-3) Closing reporter org.apache.kafka.common.telemetry.internals.ClientTelemetryReporter
2025-09-26 11:14:46,896 INFO  [org.apa.kaf.com.met.Metrics] (ForkJoinPool.commonPool-worker-3) Metrics reporters closed
2025-09-26 11:14:46,896 INFO  [org.apa.kaf.com.uti.AppInfoParser] (ForkJoinPool.commonPool-worker-3) App info kafka.producer for Producer-sd7bfdc5dx128dx436dxb44ax3efc2a1bc38d unregistered
**** Registry Base URL: http://registry-app-inmemory.apps.ci419.apicurio-testing.org:80
2025-09-26 11:14:46,897 INFO  [org.apa.kaf.cli.con.ConsumerConfig] (main) ConsumerConfig values: 
	allow.auto.create.topics = true
	auto.commit.interval.ms = 500
	auto.include.jmx.reporter = true
	auto.offset.reset = earliest
	bootstrap.servers = [PLAINTEXT://localhost:32769]
	check.crcs = true
	client.dns.lookup = use_all_dns_ips
	client.id = consumer-Consumer-sd7bfdc5dx128dx436dxb44ax3efc2a1bc38d-29
	client.rack = 
	connections.max.idle.ms = 10000
	default.api.timeout.ms = 60000
	enable.auto.commit = true
	enable.metrics.push = true
	exclude.internal.topics = true
	fetch.max.bytes = 52428800
	fetch.max.wait.ms = 500
	fetch.min.bytes = 1
	group.id = Consumer-sd7bfdc5dx128dx436dxb44ax3efc2a1bc38d
	group.instance.id = null
	group.protocol = classic
	group.remote.assignor = null
	heartbeat.interval.ms = 3000
	interceptor.classes = []
	internal.leave.group.on.close = true
	internal.throw.on.fetch.stable.offset.unsupported = false
	isolation.level = read_uncommitted
	key.deserializer = class org.apache.kafka.common.serialization.StringDeserializer
	max.partition.fetch.bytes = 1048576
	max.poll.interval.ms = 300000
	max.poll.records = 500
	metadata.max.age.ms = 300000
	metadata.recovery.strategy = none
	metric.reporters = []
	metrics.num.samples = 2
	metrics.recording.level = INFO
	metrics.sample.window.ms = 30000
	partition.assignment.strategy = [class org.apache.kafka.clients.consumer.RangeAssignor, class org.apache.kafka.clients.consumer.CooperativeStickyAssignor]
	receive.buffer.bytes = 65536
	reconnect.backoff.max.ms = 1000
	reconnect.backoff.ms = 50
	request.timeout.ms = 5000
	retry.backoff.max.ms = 1000
	retry.backoff.ms = 100
	sasl.client.callback.handler.class = null
	sasl.jaas.config = null
	sasl.kerberos.kinit.cmd = /usr/bin/kinit
	sasl.kerberos.min.time.before.relogin = 60000
	sasl.kerberos.service.name = null
	sasl.kerberos.ticket.renew.jitter = 0.05
	sasl.kerberos.ticket.renew.window.factor = 0.8
	sasl.login.callback.handler.class = null
	sasl.login.class = null
	sasl.login.connect.timeout.ms = null
	sasl.login.read.timeout.ms = null
	sasl.login.refresh.buffer.seconds = 300
	sasl.login.refresh.min.period.seconds = 60
	sasl.login.refresh.window.factor = 0.8
	sasl.login.refresh.window.jitter = 0.05
	sasl.login.retry.backoff.max.ms = 10000
	sasl.login.retry.backoff.ms = 100
	sasl.mechanism = GSSAPI
	sasl.oauthbearer.clock.skew.seconds = 30
	sasl.oauthbearer.expected.audience = null
	sasl.oauthbearer.expected.issuer = null
	sasl.oauthbearer.header.urlencode = false
	sasl.oauthbearer.jwks.endpoint.refresh.ms = 3600000
	sasl.oauthbearer.jwks.endpoint.retry.backoff.max.ms = 10000
	sasl.oauthbearer.jwks.endpoint.retry.backoff.ms = 100
	sasl.oauthbearer.jwks.endpoint.url = null
	sasl.oauthbearer.scope.claim.name = scope
	sasl.oauthbearer.sub.claim.name = sub
	sasl.oauthbearer.token.endpoint.url = null
	security.protocol = PLAINTEXT
	security.providers = null
	send.buffer.bytes = 131072
	session.timeout.ms = 45000
	socket.connection.setup.timeout.max.ms = 30000
	socket.connection.setup.timeout.ms = 10000
	ssl.cipher.suites = null
	ssl.enabled.protocols = [TLSv1.2, TLSv1.3]
	ssl.endpoint.identification.algorithm = https
	ssl.engine.factory.class = null
	ssl.key.password = null
	ssl.keymanager.algorithm = SunX509
	ssl.keystore.certificate.chain = null
	ssl.keystore.key = null
	ssl.keystore.location = null
	ssl.keystore.password = null
	ssl.keystore.type = JKS
	ssl.protocol = TLSv1.3
	ssl.provider = null
	ssl.secure.random.implementation = null
	ssl.trustmanager.algorithm = PKIX
	ssl.truststore.certificates = null
	ssl.truststore.location = null
	ssl.truststore.password = null
	ssl.truststore.type = JKS
	value.deserializer = class io.apicurio.registry.serde.protobuf.ProtobufKafkaDeserializer

2025-09-26 11:14:46,897 INFO  [org.apa.kaf.com.tel.int.KafkaMetricsCollector] (main) initializing Kafka metrics collector
2025-09-26 11:14:46,901 INFO  [org.apa.kaf.cli.con.ConsumerConfig] (main) These configurations '[apicurio.registry.url, apicurio.registry.headers.enabled]' were supplied but are not used yet.
2025-09-26 11:14:46,901 INFO  [org.apa.kaf.com.uti.AppInfoParser] (main) Kafka version: 3.9.1
2025-09-26 11:14:46,901 INFO  [org.apa.kaf.com.uti.AppInfoParser] (main) Kafka commitId: f745dfdcee2b9851
2025-09-26 11:14:46,901 INFO  [org.apa.kaf.com.uti.AppInfoParser] (main) Kafka startTimeMs: 1758885286901
2025-09-26 11:14:46,901 INFO  [org.apa.kaf.cli.con.int.ClassicKafkaConsumer] (ForkJoinPool.commonPool-worker-3) [Consumer clientId=consumer-Consumer-sd7bfdc5dx128dx436dxb44ax3efc2a1bc38d-29, groupId=Consumer-sd7bfdc5dx128dx436dxb44ax3efc2a1bc38d] Subscribed to topic(s): sd7bfdc5dx128dx436dxb44ax3efc2a1bc38d
2025-09-26 11:14:46,903 INFO  [org.apa.kaf.cli.Metadata] (ForkJoinPool.commonPool-worker-3) [Consumer clientId=consumer-Consumer-sd7bfdc5dx128dx436dxb44ax3efc2a1bc38d-29, groupId=Consumer-sd7bfdc5dx128dx436dxb44ax3efc2a1bc38d] Cluster ID: X5UxcvqSRVGy35VKMRH4NQ
2025-09-26 11:14:46,903 INFO  [org.apa.kaf.cli.con.int.ConsumerCoordinator] (ForkJoinPool.commonPool-worker-3) [Consumer clientId=consumer-Consumer-sd7bfdc5dx128dx436dxb44ax3efc2a1bc38d-29, groupId=Consumer-sd7bfdc5dx128dx436dxb44ax3efc2a1bc38d] Discovered group coordinator localhost:32769 (id: 2147483647 rack: null)
2025-09-26 11:14:46,904 INFO  [org.apa.kaf.cli.con.int.ConsumerCoordinator] (ForkJoinPool.commonPool-worker-3) [Consumer clientId=consumer-Consumer-sd7bfdc5dx128dx436dxb44ax3efc2a1bc38d-29, groupId=Consumer-sd7bfdc5dx128dx436dxb44ax3efc2a1bc38d] (Re-)joining group
2025-09-26 11:14:46,905 INFO  [org.apa.kaf.cli.con.int.ConsumerCoordinator] (ForkJoinPool.commonPool-worker-3) [Consumer clientId=consumer-Consumer-sd7bfdc5dx128dx436dxb44ax3efc2a1bc38d-29, groupId=Consumer-sd7bfdc5dx128dx436dxb44ax3efc2a1bc38d] Request joining group due to: need to re-join with the given member-id: consumer-Consumer-sd7bfdc5dx128dx436dxb44ax3efc2a1bc38d-29-4efa085b-51ad-4b57-a21b-c147412b36cf
2025-09-26 11:14:46,905 INFO  [org.apa.kaf.cli.con.int.ConsumerCoordinator] (ForkJoinPool.commonPool-worker-3) [Consumer clientId=consumer-Consumer-sd7bfdc5dx128dx436dxb44ax3efc2a1bc38d-29, groupId=Consumer-sd7bfdc5dx128dx436dxb44ax3efc2a1bc38d] (Re-)joining group
2025-09-26 11:14:47,901 INFO  [io.api.tes.ser.api.KafkaSerdesTester] (ForkJoinPool.commonPool-worker-3) None found
2025-09-26 11:14:48,901 INFO  [io.api.tes.ser.api.KafkaSerdesTester] (ForkJoinPool.commonPool-worker-3) None found
2025-09-26 11:14:49,901 INFO  [io.api.tes.ser.api.KafkaSerdesTester] (ForkJoinPool.commonPool-worker-3) None found
2025-09-26 11:14:49,907 INFO  [org.apa.kaf.cli.con.int.ConsumerCoordinator] (ForkJoinPool.commonPool-worker-3) [Consumer clientId=consumer-Consumer-sd7bfdc5dx128dx436dxb44ax3efc2a1bc38d-29, groupId=Consumer-sd7bfdc5dx128dx436dxb44ax3efc2a1bc38d] Successfully joined group with generation Generation{generationId=9, memberId='consumer-Consumer-sd7bfdc5dx128dx436dxb44ax3efc2a1bc38d-29-4efa085b-51ad-4b57-a21b-c147412b36cf', protocol='range'}
2025-09-26 11:14:49,907 INFO  [org.apa.kaf.cli.con.int.ConsumerCoordinator] (ForkJoinPool.commonPool-worker-3) [Consumer clientId=consumer-Consumer-sd7bfdc5dx128dx436dxb44ax3efc2a1bc38d-29, groupId=Consumer-sd7bfdc5dx128dx436dxb44ax3efc2a1bc38d] Finished assignment for group at generation 9: {consumer-Consumer-sd7bfdc5dx128dx436dxb44ax3efc2a1bc38d-29-4efa085b-51ad-4b57-a21b-c147412b36cf=Assignment(partitions=[sd7bfdc5dx128dx436dxb44ax3efc2a1bc38d-0])}
2025-09-26 11:14:49,913 INFO  [org.apa.kaf.cli.con.int.ConsumerCoordinator] (ForkJoinPool.commonPool-worker-3) [Consumer clientId=consumer-Consumer-sd7bfdc5dx128dx436dxb44ax3efc2a1bc38d-29, groupId=Consumer-sd7bfdc5dx128dx436dxb44ax3efc2a1bc38d] Successfully synced group in generation Generation{generationId=9, memberId='consumer-Consumer-sd7bfdc5dx128dx436dxb44ax3efc2a1bc38d-29-4efa085b-51ad-4b57-a21b-c147412b36cf', protocol='range'}
2025-09-26 11:14:49,913 INFO  [org.apa.kaf.cli.con.int.ConsumerCoordinator] (ForkJoinPool.commonPool-worker-3) [Consumer clientId=consumer-Consumer-sd7bfdc5dx128dx436dxb44ax3efc2a1bc38d-29, groupId=Consumer-sd7bfdc5dx128dx436dxb44ax3efc2a1bc38d] Notifying assignor about the new Assignment(partitions=[sd7bfdc5dx128dx436dxb44ax3efc2a1bc38d-0])
2025-09-26 11:14:49,913 INFO  [org.apa.kaf.cli.con.int.ConsumerRebalanceListenerInvoker] (ForkJoinPool.commonPool-worker-3) [Consumer clientId=consumer-Consumer-sd7bfdc5dx128dx436dxb44ax3efc2a1bc38d-29, groupId=Consumer-sd7bfdc5dx128dx436dxb44ax3efc2a1bc38d] Adding newly assigned partitions: sd7bfdc5dx128dx436dxb44ax3efc2a1bc38d-0
2025-09-26 11:14:49,914 INFO  [org.apa.kaf.cli.con.int.ConsumerUtils] (ForkJoinPool.commonPool-worker-3) Setting offset for partition sd7bfdc5dx128dx436dxb44ax3efc2a1bc38d-0 to the committed offset FetchPosition{offset=40, offsetEpoch=Optional[0], currentLeader=LeaderAndEpoch{leader=Optional[localhost:32769 (id: 0 rack: null)], epoch=0}}
2025-09-26 11:14:50,074 INFO  [io.api.tes.ser.api.KafkaSerdesTester] (ForkJoinPool.commonPool-worker-3) sd7bfdc5dx128dx436dxb44ax3efc2a1bc38d 0 40 msb: 1758885286680
lsb: 321

2025-09-26 11:14:50,074 INFO  [io.api.tes.ser.api.KafkaSerdesTester] (ForkJoinPool.commonPool-worker-3) sd7bfdc5dx128dx436dxb44ax3efc2a1bc38d 0 41 msb: 1758885286886
lsb: 321

2025-09-26 11:14:50,074 INFO  [io.api.tes.ser.api.KafkaSerdesTester] (ForkJoinPool.commonPool-worker-3) sd7bfdc5dx128dx436dxb44ax3efc2a1bc38d 0 42 msb: 1758885286887
lsb: 321

2025-09-26 11:14:50,074 INFO  [io.api.tes.ser.api.KafkaSerdesTester] (ForkJoinPool.commonPool-worker-3) sd7bfdc5dx128dx436dxb44ax3efc2a1bc38d 0 43 msb: 1758885286888
lsb: 321

2025-09-26 11:14:50,074 INFO  [io.api.tes.ser.api.KafkaSerdesTester] (ForkJoinPool.commonPool-worker-3) sd7bfdc5dx128dx436dxb44ax3efc2a1bc38d 0 44 msb: 1758885286889
lsb: 321

2025-09-26 11:14:50,074 INFO  [io.api.tes.ser.api.KafkaSerdesTester] (ForkJoinPool.commonPool-worker-3) sd7bfdc5dx128dx436dxb44ax3efc2a1bc38d 0 45 msb: 1758885286890
lsb: 321

2025-09-26 11:14:50,074 INFO  [io.api.tes.ser.api.KafkaSerdesTester] (ForkJoinPool.commonPool-worker-3) sd7bfdc5dx128dx436dxb44ax3efc2a1bc38d 0 46 msb: 1758885286891
lsb: 321

2025-09-26 11:14:50,074 INFO  [io.api.tes.ser.api.KafkaSerdesTester] (ForkJoinPool.commonPool-worker-3) sd7bfdc5dx128dx436dxb44ax3efc2a1bc38d 0 47 msb: 1758885286892
lsb: 321

2025-09-26 11:14:50,074 INFO  [io.api.tes.ser.api.KafkaSerdesTester] (ForkJoinPool.commonPool-worker-3) sd7bfdc5dx128dx436dxb44ax3efc2a1bc38d 0 48 msb: 1758885286893
lsb: 321

2025-09-26 11:14:50,074 INFO  [io.api.tes.ser.api.KafkaSerdesTester] (ForkJoinPool.commonPool-worker-3) sd7bfdc5dx128dx436dxb44ax3efc2a1bc38d 0 49 msb: 1758885286894
lsb: 321

2025-09-26 11:14:50,074 INFO  [io.api.tes.ser.api.KafkaSerdesTester] (ForkJoinPool.commonPool-worker-3) Consumed 10 messages
2025-09-26 11:14:50,081 INFO  [org.apa.kaf.cli.con.int.ConsumerRebalanceListenerInvoker] (ForkJoinPool.commonPool-worker-3) [Consumer clientId=consumer-Consumer-sd7bfdc5dx128dx436dxb44ax3efc2a1bc38d-29, groupId=Consumer-sd7bfdc5dx128dx436dxb44ax3efc2a1bc38d] Revoke previously assigned partitions sd7bfdc5dx128dx436dxb44ax3efc2a1bc38d-0
2025-09-26 11:14:50,081 INFO  [org.apa.kaf.cli.con.int.ConsumerCoordinator] (ForkJoinPool.commonPool-worker-3) [Consumer clientId=consumer-Consumer-sd7bfdc5dx128dx436dxb44ax3efc2a1bc38d-29, groupId=Consumer-sd7bfdc5dx128dx436dxb44ax3efc2a1bc38d] Member consumer-Consumer-sd7bfdc5dx128dx436dxb44ax3efc2a1bc38d-29-4efa085b-51ad-4b57-a21b-c147412b36cf sending LeaveGroup request to coordinator localhost:32769 (id: 2147483647 rack: null) due to the consumer is being closed
2025-09-26 11:14:50,081 INFO  [org.apa.kaf.cli.con.int.ConsumerCoordinator] (ForkJoinPool.commonPool-worker-3) [Consumer clientId=consumer-Consumer-sd7bfdc5dx128dx436dxb44ax3efc2a1bc38d-29, groupId=Consumer-sd7bfdc5dx128dx436dxb44ax3efc2a1bc38d] Resetting generation and member id due to: consumer pro-actively leaving the group
2025-09-26 11:14:50,081 INFO  [org.apa.kaf.cli.con.int.ConsumerCoordinator] (ForkJoinPool.commonPool-worker-3) [Consumer clientId=consumer-Consumer-sd7bfdc5dx128dx436dxb44ax3efc2a1bc38d-29, groupId=Consumer-sd7bfdc5dx128dx436dxb44ax3efc2a1bc38d] Request joining group due to: consumer pro-actively leaving the group
2025-09-26 11:14:50,575 INFO  [org.apa.kaf.com.met.Metrics] (ForkJoinPool.commonPool-worker-3) Metrics scheduler closed
2025-09-26 11:14:50,575 INFO  [org.apa.kaf.com.met.Metrics] (ForkJoinPool.commonPool-worker-3) Closing reporter org.apache.kafka.common.metrics.JmxReporter
2025-09-26 11:14:50,575 INFO  [org.apa.kaf.com.met.Metrics] (ForkJoinPool.commonPool-worker-3) Closing reporter org.apache.kafka.common.telemetry.internals.ClientTelemetryReporter
2025-09-26 11:14:50,575 INFO  [org.apa.kaf.com.met.Metrics] (ForkJoinPool.commonPool-worker-3) Metrics reporters closed
2025-09-26 11:14:50,577 INFO  [org.apa.kaf.com.uti.AppInfoParser] (ForkJoinPool.commonPool-worker-3) App info kafka.consumer for consumer-Consumer-sd7bfdc5dx128dx436dxb44ax3efc2a1bc38d-29 unregistered
2025-09-26 11:14:50,577 INFO  [io.api.tes.uti.TestSeparator] (main) io.apicurio.tests.serdes.apicurio.ProtobufSerdeIT.testValidation-FINISHED
2025-09-26 11:14:50,577 INFO  [io.api.tes.uti.TestSeparator] (main) ############################################################################
Test passed: testValidation
]]></system-out>
  </testcase>
  <testcase name="testArtifactNotFound" classname="io.apicurio.tests.serdes.apicurio.ProtobufSerdeIT" time="0.001">
    <system-out><![CDATA[2025-09-26 11:14:50,578 INFO  [io.api.tes.uti.TestSeparator] (main) ############################################################################
2025-09-26 11:14:50,578 INFO  [io.api.tes.uti.TestSeparator] (main) io.apicurio.tests.serdes.apicurio.ProtobufSerdeIT.testArtifactNotFound-STARTED
2025-09-26 11:14:50,579 INFO  [io.api.tes.uti.TestSeparator] (main) io.apicurio.tests.serdes.apicurio.ProtobufSerdeIT.testArtifactNotFound-FINISHED
2025-09-26 11:14:50,579 INFO  [io.api.tes.uti.TestSeparator] (main) ############################################################################
Test passed: testArtifactNotFound
]]></system-out>
  </testcase>
  <testcase name="testTopicIdStrategyFindLatest" classname="io.apicurio.tests.serdes.apicurio.ProtobufSerdeIT" time="1.115">
    <system-out><![CDATA[2025-09-26 11:14:50,580 INFO  [io.api.tes.uti.TestSeparator] (main) ############################################################################
2025-09-26 11:14:50,580 INFO  [io.api.tes.uti.TestSeparator] (main) io.apicurio.tests.serdes.apicurio.ProtobufSerdeIT.testTopicIdStrategyFindLatest-STARTED
2025-09-26 11:14:51,694 INFO  [io.api.tes.uti.TestSeparator] (main) io.apicurio.tests.serdes.apicurio.ProtobufSerdeIT.testTopicIdStrategyFindLatest-FINISHED
2025-09-26 11:14:51,694 INFO  [io.api.tes.uti.TestSeparator] (main) ############################################################################
Test passed: testTopicIdStrategyFindLatest
]]></system-out>
  </testcase>
  <testcase name="testWrongSchemaFindLatest" classname="io.apicurio.tests.serdes.apicurio.ProtobufSerdeIT" time="1.11">
    <system-out><![CDATA[2025-09-26 11:14:51,695 INFO  [io.api.tes.uti.TestSeparator] (main) ############################################################################
2025-09-26 11:14:51,695 INFO  [io.api.tes.uti.TestSeparator] (main) io.apicurio.tests.serdes.apicurio.ProtobufSerdeIT.testWrongSchemaFindLatest-STARTED
2025-09-26 11:14:52,804 INFO  [io.api.tes.uti.TestSeparator] (main) io.apicurio.tests.serdes.apicurio.ProtobufSerdeIT.testWrongSchemaFindLatest-FINISHED
2025-09-26 11:14:52,804 INFO  [io.api.tes.uti.TestSeparator] (main) ############################################################################
Test passed: testWrongSchemaFindLatest
]]></system-out>
  </testcase>
  <testcase name="testAutoRegisterDeriveClassProtobufType" classname="io.apicurio.tests.serdes.apicurio.ProtobufSerdeIT" time="4.78">
    <system-out><![CDATA[2025-09-26 11:14:52,805 INFO  [io.api.tes.uti.TestSeparator] (main) ############################################################################
2025-09-26 11:14:52,805 INFO  [io.api.tes.uti.TestSeparator] (main) io.apicurio.tests.serdes.apicurio.ProtobufSerdeIT.testAutoRegisterDeriveClassProtobufType-STARTED
**** Registry Base URL: http://registry-app-inmemory.apps.ci419.apicurio-testing.org:80
2025-09-26 11:14:52,806 INFO  [org.apa.kaf.cli.pro.ProducerConfig] (main) ProducerConfig values: 
	acks = -1
	auto.include.jmx.reporter = true
	batch.size = 16384
	bootstrap.servers = [PLAINTEXT://localhost:32769]
	buffer.memory = 33554432
	client.dns.lookup = use_all_dns_ips
	client.id = Producer-topic-1abceea7_4814_41b5_b66f_5850cab008d1
	compression.gzip.level = -1
	compression.lz4.level = 9
	compression.type = none
	compression.zstd.level = 3
	connections.max.idle.ms = 10000
	delivery.timeout.ms = 120000
	enable.idempotence = true
	enable.metrics.push = true
	interceptor.classes = []
	key.serializer = class org.apache.kafka.common.serialization.StringSerializer
	linger.ms = 0
	max.block.ms = 60000
	max.in.flight.requests.per.connection = 5
	max.request.size = 1048576
	metadata.max.age.ms = 300000
	metadata.max.idle.ms = 300000
	metadata.recovery.strategy = none
	metric.reporters = []
	metrics.num.samples = 2
	metrics.recording.level = INFO
	metrics.sample.window.ms = 30000
	partitioner.adaptive.partitioning.enable = true
	partitioner.availability.timeout.ms = 0
	partitioner.class = null
	partitioner.ignore.keys = false
	receive.buffer.bytes = 32768
	reconnect.backoff.max.ms = 1000
	reconnect.backoff.ms = 50
	request.timeout.ms = 5000
	retries = 2147483647
	retry.backoff.max.ms = 1000
	retry.backoff.ms = 100
	sasl.client.callback.handler.class = null
	sasl.jaas.config = null
	sasl.kerberos.kinit.cmd = /usr/bin/kinit
	sasl.kerberos.min.time.before.relogin = 60000
	sasl.kerberos.service.name = null
	sasl.kerberos.ticket.renew.jitter = 0.05
	sasl.kerberos.ticket.renew.window.factor = 0.8
	sasl.login.callback.handler.class = null
	sasl.login.class = null
	sasl.login.connect.timeout.ms = null
	sasl.login.read.timeout.ms = null
	sasl.login.refresh.buffer.seconds = 300
	sasl.login.refresh.min.period.seconds = 60
	sasl.login.refresh.window.factor = 0.8
	sasl.login.refresh.window.jitter = 0.05
	sasl.login.retry.backoff.max.ms = 10000
	sasl.login.retry.backoff.ms = 100
	sasl.mechanism = GSSAPI
	sasl.oauthbearer.clock.skew.seconds = 30
	sasl.oauthbearer.expected.audience = null
	sasl.oauthbearer.expected.issuer = null
	sasl.oauthbearer.header.urlencode = false
	sasl.oauthbearer.jwks.endpoint.refresh.ms = 3600000
	sasl.oauthbearer.jwks.endpoint.retry.backoff.max.ms = 10000
	sasl.oauthbearer.jwks.endpoint.retry.backoff.ms = 100
	sasl.oauthbearer.jwks.endpoint.url = null
	sasl.oauthbearer.scope.claim.name = scope
	sasl.oauthbearer.sub.claim.name = sub
	sasl.oauthbearer.token.endpoint.url = null
	security.protocol = PLAINTEXT
	security.providers = null
	send.buffer.bytes = 131072
	socket.connection.setup.timeout.max.ms = 30000
	socket.connection.setup.timeout.ms = 10000
	ssl.cipher.suites = null
	ssl.enabled.protocols = [TLSv1.2, TLSv1.3]
	ssl.endpoint.identification.algorithm = https
	ssl.engine.factory.class = null
	ssl.key.password = null
	ssl.keymanager.algorithm = SunX509
	ssl.keystore.certificate.chain = null
	ssl.keystore.key = null
	ssl.keystore.location = null
	ssl.keystore.password = null
	ssl.keystore.type = JKS
	ssl.protocol = TLSv1.3
	ssl.provider = null
	ssl.secure.random.implementation = null
	ssl.trustmanager.algorithm = PKIX
	ssl.truststore.certificates = null
	ssl.truststore.location = null
	ssl.truststore.password = null
	ssl.truststore.type = JKS
	transaction.timeout.ms = 60000
	transactional.id = null
	value.serializer = class io.apicurio.registry.serde.protobuf.ProtobufKafkaSerializer

2025-09-26 11:14:52,806 INFO  [org.apa.kaf.com.tel.int.KafkaMetricsCollector] (main) initializing Kafka metrics collector
2025-09-26 11:14:52,809 INFO  [org.apa.kaf.cli.pro.KafkaProducer] (main) [Producer clientId=Producer-topic-1abceea7_4814_41b5_b66f_5850cab008d1] Instantiated an idempotent producer.
2025-09-26 11:14:52,810 INFO  [org.apa.kaf.cli.pro.ProducerConfig] (main) These configurations '[apicurio.registry.url, apicurio.registry.auto-register, apicurio.registry.artifact-resolver-strategy]' were supplied but are not used yet.
2025-09-26 11:14:52,810 INFO  [org.apa.kaf.com.uti.AppInfoParser] (main) Kafka version: 3.9.1
2025-09-26 11:14:52,810 INFO  [org.apa.kaf.com.uti.AppInfoParser] (main) Kafka commitId: f745dfdcee2b9851
2025-09-26 11:14:52,810 INFO  [org.apa.kaf.com.uti.AppInfoParser] (main) Kafka startTimeMs: 1758885292810
2025-09-26 11:14:52,810 INFO  [io.api.tes.ser.api.SimpleSerdesTesterBuilder$SimpleSerdesTester] (main) Using producer configuration: {apicurio.registry.url=http://registry-app-inmemory.apps.ci419.apicurio-testing.org:80/apis/registry/v3, apicurio.registry.auto-register=true, apicurio.registry.artifact-resolver-strategy=io.apicurio.registry.serde.strategy.TopicIdStrategy, value.serializer=io.apicurio.registry.serde.protobuf.ProtobufKafkaSerializer, request.timeout.ms=5000, acks=all, bootstrap.servers=PLAINTEXT://localhost:32769, connections.max.idle.ms=10000, key.serializer=org.apache.kafka.common.serialization.StringSerializer, client.id=Producer-topic-1abceea7_4814_41b5_b66f_5850cab008d1}
2025-09-26 11:14:52,810 INFO  [io.api.tes.ser.api.SimpleSerdesTesterBuilder$SimpleSerdesTester] (main) Using consumer configuration: {apicurio.protobuf.derive.class=true}
2025-09-26 11:14:52,810 INFO  [io.api.tes.ser.api.KafkaSerdesTester] (ForkJoinPool.commonPool-worker-3) Sending message header {
  time {
  }
}
d1: 1.75888529281E12
s1: "a"
i1: 123
bi1: 1
point {
  longitude: 22.0
  latitude: 22.0
  altitude: 1.0
}
 to topic topic-1abceea7_4814_41b5_b66f_5850cab008d1
2025-09-26 11:14:52,812 WARN  [org.apa.kaf.cli.NetworkClient] (kafka-producer-network-thread | Producer-topic-1abceea7_4814_41b5_b66f_5850cab008d1) [Producer clientId=Producer-topic-1abceea7_4814_41b5_b66f_5850cab008d1] The metadata response from the cluster reported a recoverable issue with correlation id 1 : {topic-1abceea7_4814_41b5_b66f_5850cab008d1=UNKNOWN_TOPIC_OR_PARTITION}
2025-09-26 11:14:52,813 INFO  [org.apa.kaf.cli.Metadata] (kafka-producer-network-thread | Producer-topic-1abceea7_4814_41b5_b66f_5850cab008d1) [Producer clientId=Producer-topic-1abceea7_4814_41b5_b66f_5850cab008d1] Cluster ID: X5UxcvqSRVGy35VKMRH4NQ
2025-09-26 11:14:52,813 INFO  [org.apa.kaf.cli.pro.int.TransactionManager] (kafka-producer-network-thread | Producer-topic-1abceea7_4814_41b5_b66f_5850cab008d1) [Producer clientId=Producer-topic-1abceea7_4814_41b5_b66f_5850cab008d1] ProducerId set to 40 with epoch 0
2025-09-26 11:14:53,102 INFO  [io.api.tes.ser.api.KafkaSerdesTester] (ForkJoinPool.commonPool-worker-3) Sending message header {
  time {
  }
}
d1: 1.758885293102E12
s1: "a"
i1: 123
bi1: 1
point {
  longitude: 22.0
  latitude: 22.0
  altitude: 1.0
}
 to topic topic-1abceea7_4814_41b5_b66f_5850cab008d1
2025-09-26 11:14:53,163 INFO  [io.api.tes.ser.api.KafkaSerdesTester] (ForkJoinPool.commonPool-worker-3) Sending message header {
  time {
  }
}
d1: 1.758885293163E12
s1: "a"
i1: 123
bi1: 1
point {
  longitude: 22.0
  latitude: 22.0
  altitude: 1.0
}
 to topic topic-1abceea7_4814_41b5_b66f_5850cab008d1
2025-09-26 11:14:53,223 INFO  [io.api.tes.ser.api.KafkaSerdesTester] (ForkJoinPool.commonPool-worker-3) Sending message header {
  time {
  }
}
d1: 1.758885293223E12
s1: "a"
i1: 123
bi1: 1
point {
  longitude: 22.0
  latitude: 22.0
  altitude: 1.0
}
 to topic topic-1abceea7_4814_41b5_b66f_5850cab008d1
2025-09-26 11:14:53,282 INFO  [io.api.tes.ser.api.KafkaSerdesTester] (ForkJoinPool.commonPool-worker-3) Sending message header {
  time {
  }
}
d1: 1.758885293282E12
s1: "a"
i1: 123
bi1: 1
point {
  longitude: 22.0
  latitude: 22.0
  altitude: 1.0
}
 to topic topic-1abceea7_4814_41b5_b66f_5850cab008d1
2025-09-26 11:14:53,342 INFO  [io.api.tes.ser.api.KafkaSerdesTester] (ForkJoinPool.commonPool-worker-3) Sending message header {
  time {
  }
}
d1: 1.758885293342E12
s1: "a"
i1: 123
bi1: 1
point {
  longitude: 22.0
  latitude: 22.0
  altitude: 1.0
}
 to topic topic-1abceea7_4814_41b5_b66f_5850cab008d1
2025-09-26 11:14:53,402 INFO  [io.api.tes.ser.api.KafkaSerdesTester] (ForkJoinPool.commonPool-worker-3) Sending message header {
  time {
  }
}
d1: 1.758885293402E12
s1: "a"
i1: 123
bi1: 1
point {
  longitude: 22.0
  latitude: 22.0
  altitude: 1.0
}
 to topic topic-1abceea7_4814_41b5_b66f_5850cab008d1
2025-09-26 11:14:53,462 INFO  [io.api.tes.ser.api.KafkaSerdesTester] (ForkJoinPool.commonPool-worker-3) Sending message header {
  time {
  }
}
d1: 1.758885293462E12
s1: "a"
i1: 123
bi1: 1
point {
  longitude: 22.0
  latitude: 22.0
  altitude: 1.0
}
 to topic topic-1abceea7_4814_41b5_b66f_5850cab008d1
2025-09-26 11:14:53,522 INFO  [io.api.tes.ser.api.KafkaSerdesTester] (ForkJoinPool.commonPool-worker-3) Sending message header {
  time {
  }
}
d1: 1.758885293522E12
s1: "a"
i1: 123
bi1: 1
point {
  longitude: 22.0
  latitude: 22.0
  altitude: 1.0
}
 to topic topic-1abceea7_4814_41b5_b66f_5850cab008d1
2025-09-26 11:14:53,581 INFO  [io.api.tes.ser.api.KafkaSerdesTester] (ForkJoinPool.commonPool-worker-3) Sending message header {
  time {
  }
}
d1: 1.75888529358E12
s1: "a"
i1: 123
bi1: 1
point {
  longitude: 22.0
  latitude: 22.0
  altitude: 1.0
}
 to topic topic-1abceea7_4814_41b5_b66f_5850cab008d1
2025-09-26 11:14:53,639 INFO  [io.api.tes.ser.api.KafkaSerdesTester] (ForkJoinPool.commonPool-worker-3) Produced 10 messages
2025-09-26 11:14:53,639 INFO  [org.apa.kaf.cli.pro.KafkaProducer] (ForkJoinPool.commonPool-worker-3) [Producer clientId=Producer-topic-1abceea7_4814_41b5_b66f_5850cab008d1] Closing the Kafka producer with timeoutMillis = 9223372036854775807 ms.
2025-09-26 11:14:53,640 INFO  [org.apa.kaf.com.met.Metrics] (ForkJoinPool.commonPool-worker-3) Metrics scheduler closed
2025-09-26 11:14:53,640 INFO  [org.apa.kaf.com.met.Metrics] (ForkJoinPool.commonPool-worker-3) Closing reporter org.apache.kafka.common.metrics.JmxReporter
2025-09-26 11:14:53,640 INFO  [org.apa.kaf.com.met.Metrics] (ForkJoinPool.commonPool-worker-3) Closing reporter org.apache.kafka.common.telemetry.internals.ClientTelemetryReporter
2025-09-26 11:14:53,640 INFO  [org.apa.kaf.com.met.Metrics] (ForkJoinPool.commonPool-worker-3) Metrics reporters closed
2025-09-26 11:14:53,641 INFO  [org.apa.kaf.com.uti.AppInfoParser] (ForkJoinPool.commonPool-worker-3) App info kafka.producer for Producer-topic-1abceea7_4814_41b5_b66f_5850cab008d1 unregistered
**** Registry Base URL: http://registry-app-inmemory.apps.ci419.apicurio-testing.org:80
2025-09-26 11:14:53,745 INFO  [org.apa.kaf.cli.con.ConsumerConfig] (main) ConsumerConfig values: 
	allow.auto.create.topics = true
	auto.commit.interval.ms = 500
	auto.include.jmx.reporter = true
	auto.offset.reset = earliest
	bootstrap.servers = [PLAINTEXT://localhost:32769]
	check.crcs = true
	client.dns.lookup = use_all_dns_ips
	client.id = consumer-Consumer-topic-1abceea7_4814_41b5_b66f_5850cab008d1-30
	client.rack = 
	connections.max.idle.ms = 10000
	default.api.timeout.ms = 60000
	enable.auto.commit = true
	enable.metrics.push = true
	exclude.internal.topics = true
	fetch.max.bytes = 52428800
	fetch.max.wait.ms = 500
	fetch.min.bytes = 1
	group.id = Consumer-topic-1abceea7_4814_41b5_b66f_5850cab008d1
	group.instance.id = null
	group.protocol = classic
	group.remote.assignor = null
	heartbeat.interval.ms = 3000
	interceptor.classes = []
	internal.leave.group.on.close = true
	internal.throw.on.fetch.stable.offset.unsupported = false
	isolation.level = read_uncommitted
	key.deserializer = class org.apache.kafka.common.serialization.StringDeserializer
	max.partition.fetch.bytes = 1048576
	max.poll.interval.ms = 300000
	max.poll.records = 500
	metadata.max.age.ms = 300000
	metadata.recovery.strategy = none
	metric.reporters = []
	metrics.num.samples = 2
	metrics.recording.level = INFO
	metrics.sample.window.ms = 30000
	partition.assignment.strategy = [class org.apache.kafka.clients.consumer.RangeAssignor, class org.apache.kafka.clients.consumer.CooperativeStickyAssignor]
	receive.buffer.bytes = 65536
	reconnect.backoff.max.ms = 1000
	reconnect.backoff.ms = 50
	request.timeout.ms = 5000
	retry.backoff.max.ms = 1000
	retry.backoff.ms = 100
	sasl.client.callback.handler.class = null
	sasl.jaas.config = null
	sasl.kerberos.kinit.cmd = /usr/bin/kinit
	sasl.kerberos.min.time.before.relogin = 60000
	sasl.kerberos.service.name = null
	sasl.kerberos.ticket.renew.jitter = 0.05
	sasl.kerberos.ticket.renew.window.factor = 0.8
	sasl.login.callback.handler.class = null
	sasl.login.class = null
	sasl.login.connect.timeout.ms = null
	sasl.login.read.timeout.ms = null
	sasl.login.refresh.buffer.seconds = 300
	sasl.login.refresh.min.period.seconds = 60
	sasl.login.refresh.window.factor = 0.8
	sasl.login.refresh.window.jitter = 0.05
	sasl.login.retry.backoff.max.ms = 10000
	sasl.login.retry.backoff.ms = 100
	sasl.mechanism = GSSAPI
	sasl.oauthbearer.clock.skew.seconds = 30
	sasl.oauthbearer.expected.audience = null
	sasl.oauthbearer.expected.issuer = null
	sasl.oauthbearer.header.urlencode = false
	sasl.oauthbearer.jwks.endpoint.refresh.ms = 3600000
	sasl.oauthbearer.jwks.endpoint.retry.backoff.max.ms = 10000
	sasl.oauthbearer.jwks.endpoint.retry.backoff.ms = 100
	sasl.oauthbearer.jwks.endpoint.url = null
	sasl.oauthbearer.scope.claim.name = scope
	sasl.oauthbearer.sub.claim.name = sub
	sasl.oauthbearer.token.endpoint.url = null
	security.protocol = PLAINTEXT
	security.providers = null
	send.buffer.bytes = 131072
	session.timeout.ms = 45000
	socket.connection.setup.timeout.max.ms = 30000
	socket.connection.setup.timeout.ms = 10000
	ssl.cipher.suites = null
	ssl.enabled.protocols = [TLSv1.2, TLSv1.3]
	ssl.endpoint.identification.algorithm = https
	ssl.engine.factory.class = null
	ssl.key.password = null
	ssl.keymanager.algorithm = SunX509
	ssl.keystore.certificate.chain = null
	ssl.keystore.key = null
	ssl.keystore.location = null
	ssl.keystore.password = null
	ssl.keystore.type = JKS
	ssl.protocol = TLSv1.3
	ssl.provider = null
	ssl.secure.random.implementation = null
	ssl.trustmanager.algorithm = PKIX
	ssl.truststore.certificates = null
	ssl.truststore.location = null
	ssl.truststore.password = null
	ssl.truststore.type = JKS
	value.deserializer = class io.apicurio.registry.serde.protobuf.ProtobufKafkaDeserializer

2025-09-26 11:14:53,745 INFO  [org.apa.kaf.com.tel.int.KafkaMetricsCollector] (main) initializing Kafka metrics collector
2025-09-26 11:14:53,748 INFO  [org.apa.kaf.cli.con.ConsumerConfig] (main) These configurations '[apicurio.registry.url, apicurio.protobuf.derive.class]' were supplied but are not used yet.
2025-09-26 11:14:53,748 INFO  [org.apa.kaf.com.uti.AppInfoParser] (main) Kafka version: 3.9.1
2025-09-26 11:14:53,748 INFO  [org.apa.kaf.com.uti.AppInfoParser] (main) Kafka commitId: f745dfdcee2b9851
2025-09-26 11:14:53,748 INFO  [org.apa.kaf.com.uti.AppInfoParser] (main) Kafka startTimeMs: 1758885293748
2025-09-26 11:14:53,749 INFO  [org.apa.kaf.cli.con.int.ClassicKafkaConsumer] (ForkJoinPool.commonPool-worker-3) [Consumer clientId=consumer-Consumer-topic-1abceea7_4814_41b5_b66f_5850cab008d1-30, groupId=Consumer-topic-1abceea7_4814_41b5_b66f_5850cab008d1] Subscribed to topic(s): topic-1abceea7_4814_41b5_b66f_5850cab008d1
2025-09-26 11:14:53,751 INFO  [org.apa.kaf.cli.Metadata] (ForkJoinPool.commonPool-worker-3) [Consumer clientId=consumer-Consumer-topic-1abceea7_4814_41b5_b66f_5850cab008d1-30, groupId=Consumer-topic-1abceea7_4814_41b5_b66f_5850cab008d1] Cluster ID: X5UxcvqSRVGy35VKMRH4NQ
2025-09-26 11:14:53,751 INFO  [org.apa.kaf.cli.con.int.ConsumerCoordinator] (ForkJoinPool.commonPool-worker-3) [Consumer clientId=consumer-Consumer-topic-1abceea7_4814_41b5_b66f_5850cab008d1-30, groupId=Consumer-topic-1abceea7_4814_41b5_b66f_5850cab008d1] Discovered group coordinator localhost:32769 (id: 2147483647 rack: null)
2025-09-26 11:14:53,752 INFO  [org.apa.kaf.cli.con.int.ConsumerCoordinator] (ForkJoinPool.commonPool-worker-3) [Consumer clientId=consumer-Consumer-topic-1abceea7_4814_41b5_b66f_5850cab008d1-30, groupId=Consumer-topic-1abceea7_4814_41b5_b66f_5850cab008d1] (Re-)joining group
2025-09-26 11:14:53,753 INFO  [org.apa.kaf.cli.con.int.ConsumerCoordinator] (ForkJoinPool.commonPool-worker-3) [Consumer clientId=consumer-Consumer-topic-1abceea7_4814_41b5_b66f_5850cab008d1-30, groupId=Consumer-topic-1abceea7_4814_41b5_b66f_5850cab008d1] Request joining group due to: need to re-join with the given member-id: consumer-Consumer-topic-1abceea7_4814_41b5_b66f_5850cab008d1-30-4c8d81ce-48a4-49da-afe3-9b6ea30a044c
2025-09-26 11:14:53,753 INFO  [org.apa.kaf.cli.con.int.ConsumerCoordinator] (ForkJoinPool.commonPool-worker-3) [Consumer clientId=consumer-Consumer-topic-1abceea7_4814_41b5_b66f_5850cab008d1-30, groupId=Consumer-topic-1abceea7_4814_41b5_b66f_5850cab008d1] (Re-)joining group
2025-09-26 11:14:54,749 INFO  [io.api.tes.ser.api.KafkaSerdesTester] (ForkJoinPool.commonPool-worker-3) None found
2025-09-26 11:14:55,749 INFO  [io.api.tes.ser.api.KafkaSerdesTester] (ForkJoinPool.commonPool-worker-3) None found
2025-09-26 11:14:56,749 INFO  [io.api.tes.ser.api.KafkaSerdesTester] (ForkJoinPool.commonPool-worker-3) None found
2025-09-26 11:14:56,754 INFO  [org.apa.kaf.cli.con.int.ConsumerCoordinator] (ForkJoinPool.commonPool-worker-3) [Consumer clientId=consumer-Consumer-topic-1abceea7_4814_41b5_b66f_5850cab008d1-30, groupId=Consumer-topic-1abceea7_4814_41b5_b66f_5850cab008d1] Successfully joined group with generation Generation{generationId=1, memberId='consumer-Consumer-topic-1abceea7_4814_41b5_b66f_5850cab008d1-30-4c8d81ce-48a4-49da-afe3-9b6ea30a044c', protocol='range'}
2025-09-26 11:14:56,755 INFO  [org.apa.kaf.cli.con.int.ConsumerCoordinator] (ForkJoinPool.commonPool-worker-3) [Consumer clientId=consumer-Consumer-topic-1abceea7_4814_41b5_b66f_5850cab008d1-30, groupId=Consumer-topic-1abceea7_4814_41b5_b66f_5850cab008d1] Finished assignment for group at generation 1: {consumer-Consumer-topic-1abceea7_4814_41b5_b66f_5850cab008d1-30-4c8d81ce-48a4-49da-afe3-9b6ea30a044c=Assignment(partitions=[topic-1abceea7_4814_41b5_b66f_5850cab008d1-0])}
2025-09-26 11:14:56,761 INFO  [org.apa.kaf.cli.con.int.ConsumerCoordinator] (ForkJoinPool.commonPool-worker-3) [Consumer clientId=consumer-Consumer-topic-1abceea7_4814_41b5_b66f_5850cab008d1-30, groupId=Consumer-topic-1abceea7_4814_41b5_b66f_5850cab008d1] Successfully synced group in generation Generation{generationId=1, memberId='consumer-Consumer-topic-1abceea7_4814_41b5_b66f_5850cab008d1-30-4c8d81ce-48a4-49da-afe3-9b6ea30a044c', protocol='range'}
2025-09-26 11:14:56,761 INFO  [org.apa.kaf.cli.con.int.ConsumerCoordinator] (ForkJoinPool.commonPool-worker-3) [Consumer clientId=consumer-Consumer-topic-1abceea7_4814_41b5_b66f_5850cab008d1-30, groupId=Consumer-topic-1abceea7_4814_41b5_b66f_5850cab008d1] Notifying assignor about the new Assignment(partitions=[topic-1abceea7_4814_41b5_b66f_5850cab008d1-0])
2025-09-26 11:14:56,761 INFO  [org.apa.kaf.cli.con.int.ConsumerRebalanceListenerInvoker] (ForkJoinPool.commonPool-worker-3) [Consumer clientId=consumer-Consumer-topic-1abceea7_4814_41b5_b66f_5850cab008d1-30, groupId=Consumer-topic-1abceea7_4814_41b5_b66f_5850cab008d1] Adding newly assigned partitions: topic-1abceea7_4814_41b5_b66f_5850cab008d1-0
2025-09-26 11:14:56,762 INFO  [org.apa.kaf.cli.con.int.ConsumerCoordinator] (ForkJoinPool.commonPool-worker-3) [Consumer clientId=consumer-Consumer-topic-1abceea7_4814_41b5_b66f_5850cab008d1-30, groupId=Consumer-topic-1abceea7_4814_41b5_b66f_5850cab008d1] Found no committed offset for partition topic-1abceea7_4814_41b5_b66f_5850cab008d1-0
2025-09-26 11:14:56,764 INFO  [org.apa.kaf.cli.con.int.SubscriptionState] (ForkJoinPool.commonPool-worker-3) [Consumer clientId=consumer-Consumer-topic-1abceea7_4814_41b5_b66f_5850cab008d1-30, groupId=Consumer-topic-1abceea7_4814_41b5_b66f_5850cab008d1] Resetting offset for partition topic-1abceea7_4814_41b5_b66f_5850cab008d1-0 to position FetchPosition{offset=0, offsetEpoch=Optional.empty, currentLeader=LeaderAndEpoch{leader=Optional[localhost:32769 (id: 0 rack: null)], epoch=0}}.
2025-09-26 11:14:57,023 INFO  [io.api.tes.ser.api.KafkaSerdesTester] (ForkJoinPool.commonPool-worker-3) topic-1abceea7_4814_41b5_b66f_5850cab008d1 0 0 header {
  time {
  }
}
d1: 1.75888529281E12
s1: "a"
i1: 123
bi1: 1
point {
  longitude: 22.0
  latitude: 22.0
  altitude: 1.0
}

2025-09-26 11:14:57,024 INFO  [io.api.tes.ser.api.KafkaSerdesTester] (ForkJoinPool.commonPool-worker-3) topic-1abceea7_4814_41b5_b66f_5850cab008d1 0 1 header {
  time {
  }
}
d1: 1.758885293102E12
s1: "a"
i1: 123
bi1: 1
point {
  longitude: 22.0
  latitude: 22.0
  altitude: 1.0
}

2025-09-26 11:14:57,024 INFO  [io.api.tes.ser.api.KafkaSerdesTester] (ForkJoinPool.commonPool-worker-3) topic-1abceea7_4814_41b5_b66f_5850cab008d1 0 2 header {
  time {
  }
}
d1: 1.758885293163E12
s1: "a"
i1: 123
bi1: 1
point {
  longitude: 22.0
  latitude: 22.0
  altitude: 1.0
}

2025-09-26 11:14:57,024 INFO  [io.api.tes.ser.api.KafkaSerdesTester] (ForkJoinPool.commonPool-worker-3) topic-1abceea7_4814_41b5_b66f_5850cab008d1 0 3 header {
  time {
  }
}
d1: 1.758885293223E12
s1: "a"
i1: 123
bi1: 1
point {
  longitude: 22.0
  latitude: 22.0
  altitude: 1.0
}

2025-09-26 11:14:57,024 INFO  [io.api.tes.ser.api.KafkaSerdesTester] (ForkJoinPool.commonPool-worker-3) topic-1abceea7_4814_41b5_b66f_5850cab008d1 0 4 header {
  time {
  }
}
d1: 1.758885293282E12
s1: "a"
i1: 123
bi1: 1
point {
  longitude: 22.0
  latitude: 22.0
  altitude: 1.0
}

2025-09-26 11:14:57,024 INFO  [io.api.tes.ser.api.KafkaSerdesTester] (ForkJoinPool.commonPool-worker-3) topic-1abceea7_4814_41b5_b66f_5850cab008d1 0 5 header {
  time {
  }
}
d1: 1.758885293342E12
s1: "a"
i1: 123
bi1: 1
point {
  longitude: 22.0
  latitude: 22.0
  altitude: 1.0
}

2025-09-26 11:14:57,024 INFO  [io.api.tes.ser.api.KafkaSerdesTester] (ForkJoinPool.commonPool-worker-3) topic-1abceea7_4814_41b5_b66f_5850cab008d1 0 6 header {
  time {
  }
}
d1: 1.758885293402E12
s1: "a"
i1: 123
bi1: 1
point {
  longitude: 22.0
  latitude: 22.0
  altitude: 1.0
}

2025-09-26 11:14:57,024 INFO  [io.api.tes.ser.api.KafkaSerdesTester] (ForkJoinPool.commonPool-worker-3) topic-1abceea7_4814_41b5_b66f_5850cab008d1 0 7 header {
  time {
  }
}
d1: 1.758885293462E12
s1: "a"
i1: 123
bi1: 1
point {
  longitude: 22.0
  latitude: 22.0
  altitude: 1.0
}

2025-09-26 11:14:57,024 INFO  [io.api.tes.ser.api.KafkaSerdesTester] (ForkJoinPool.commonPool-worker-3) topic-1abceea7_4814_41b5_b66f_5850cab008d1 0 8 header {
  time {
  }
}
d1: 1.758885293522E12
s1: "a"
i1: 123
bi1: 1
point {
  longitude: 22.0
  latitude: 22.0
  altitude: 1.0
}

2025-09-26 11:14:57,024 INFO  [io.api.tes.ser.api.KafkaSerdesTester] (ForkJoinPool.commonPool-worker-3) topic-1abceea7_4814_41b5_b66f_5850cab008d1 0 9 header {
  time {
  }
}
d1: 1.75888529358E12
s1: "a"
i1: 123
bi1: 1
point {
  longitude: 22.0
  latitude: 22.0
  altitude: 1.0
}

2025-09-26 11:14:57,024 INFO  [io.api.tes.ser.api.KafkaSerdesTester] (ForkJoinPool.commonPool-worker-3) Consumed 10 messages
2025-09-26 11:14:57,031 INFO  [org.apa.kaf.cli.con.int.ConsumerRebalanceListenerInvoker] (ForkJoinPool.commonPool-worker-3) [Consumer clientId=consumer-Consumer-topic-1abceea7_4814_41b5_b66f_5850cab008d1-30, groupId=Consumer-topic-1abceea7_4814_41b5_b66f_5850cab008d1] Revoke previously assigned partitions topic-1abceea7_4814_41b5_b66f_5850cab008d1-0
2025-09-26 11:14:57,031 INFO  [org.apa.kaf.cli.con.int.ConsumerCoordinator] (ForkJoinPool.commonPool-worker-3) [Consumer clientId=consumer-Consumer-topic-1abceea7_4814_41b5_b66f_5850cab008d1-30, groupId=Consumer-topic-1abceea7_4814_41b5_b66f_5850cab008d1] Member consumer-Consumer-topic-1abceea7_4814_41b5_b66f_5850cab008d1-30-4c8d81ce-48a4-49da-afe3-9b6ea30a044c sending LeaveGroup request to coordinator localhost:32769 (id: 2147483647 rack: null) due to the consumer is being closed
2025-09-26 11:14:57,031 INFO  [org.apa.kaf.cli.con.int.ConsumerCoordinator] (ForkJoinPool.commonPool-worker-3) [Consumer clientId=consumer-Consumer-topic-1abceea7_4814_41b5_b66f_5850cab008d1-30, groupId=Consumer-topic-1abceea7_4814_41b5_b66f_5850cab008d1] Resetting generation and member id due to: consumer pro-actively leaving the group
2025-09-26 11:14:57,031 INFO  [org.apa.kaf.cli.con.int.ConsumerCoordinator] (ForkJoinPool.commonPool-worker-3) [Consumer clientId=consumer-Consumer-topic-1abceea7_4814_41b5_b66f_5850cab008d1-30, groupId=Consumer-topic-1abceea7_4814_41b5_b66f_5850cab008d1] Request joining group due to: consumer pro-actively leaving the group
2025-09-26 11:14:57,526 INFO  [org.apa.kaf.com.met.Metrics] (ForkJoinPool.commonPool-worker-3) Metrics scheduler closed
2025-09-26 11:14:57,526 INFO  [org.apa.kaf.com.met.Metrics] (ForkJoinPool.commonPool-worker-3) Closing reporter org.apache.kafka.common.metrics.JmxReporter
2025-09-26 11:14:57,526 INFO  [org.apa.kaf.com.met.Metrics] (ForkJoinPool.commonPool-worker-3) Closing reporter org.apache.kafka.common.telemetry.internals.ClientTelemetryReporter
2025-09-26 11:14:57,526 INFO  [org.apa.kaf.com.met.Metrics] (ForkJoinPool.commonPool-worker-3) Metrics reporters closed
2025-09-26 11:14:57,528 INFO  [org.apa.kaf.com.uti.AppInfoParser] (ForkJoinPool.commonPool-worker-3) App info kafka.consumer for consumer-Consumer-topic-1abceea7_4814_41b5_b66f_5850cab008d1-30 unregistered
2025-09-26 11:14:57,584 INFO  [io.api.tes.uti.TestSeparator] (main) io.apicurio.tests.serdes.apicurio.ProtobufSerdeIT.testAutoRegisterDeriveClassProtobufType-FINISHED
2025-09-26 11:14:57,584 INFO  [io.api.tes.uti.TestSeparator] (main) ############################################################################
Test passed: testAutoRegisterDeriveClassProtobufType
]]></system-out>
  </testcase>
  <testcase name="testConsumeReturnSpecificClass" classname="io.apicurio.tests.serdes.apicurio.ProtobufSerdeIT" time="1.112">
    <system-out><![CDATA[2025-09-26 11:14:57,585 INFO  [io.api.tes.uti.TestSeparator] (main) ############################################################################
2025-09-26 11:14:57,585 INFO  [io.api.tes.uti.TestSeparator] (main) io.apicurio.tests.serdes.apicurio.ProtobufSerdeIT.testConsumeReturnSpecificClass-STARTED
2025-09-26 11:14:58,697 INFO  [io.api.tes.uti.TestSeparator] (main) io.apicurio.tests.serdes.apicurio.ProtobufSerdeIT.testConsumeReturnSpecificClass-FINISHED
2025-09-26 11:14:58,697 INFO  [io.api.tes.uti.TestSeparator] (main) ############################################################################
Test passed: testConsumeReturnSpecificClass
]]></system-out>
  </testcase>
  <testcase name="testFindLatestSpecificProtobufType" classname="io.apicurio.tests.serdes.apicurio.ProtobufSerdeIT" time="1.109">
    <system-out><![CDATA[2025-09-26 11:14:58,698 INFO  [io.api.tes.uti.TestSeparator] (main) ############################################################################
2025-09-26 11:14:58,698 INFO  [io.api.tes.uti.TestSeparator] (main) io.apicurio.tests.serdes.apicurio.ProtobufSerdeIT.testFindLatestSpecificProtobufType-STARTED
2025-09-26 11:14:59,806 INFO  [io.api.tes.uti.TestSeparator] (main) io.apicurio.tests.serdes.apicurio.ProtobufSerdeIT.testFindLatestSpecificProtobufType-FINISHED
2025-09-26 11:14:59,806 INFO  [io.api.tes.uti.TestSeparator] (main) ############################################################################
Test passed: testFindLatestSpecificProtobufType
]]></system-out>
  </testcase>
  <testcase name="testFindLatestDynamicMessageProtobufType" classname="io.apicurio.tests.serdes.apicurio.ProtobufSerdeIT" time="5.076">
    <system-out><![CDATA[2025-09-26 11:14:59,807 INFO  [io.api.tes.uti.TestSeparator] (main) ############################################################################
2025-09-26 11:14:59,807 INFO  [io.api.tes.uti.TestSeparator] (main) io.apicurio.tests.serdes.apicurio.ProtobufSerdeIT.testFindLatestDynamicMessageProtobufType-STARTED
**** Registry Base URL: http://registry-app-inmemory.apps.ci419.apicurio-testing.org:80
2025-09-26 11:15:00,915 INFO  [org.apa.kaf.cli.pro.ProducerConfig] (main) ProducerConfig values: 
	acks = -1
	auto.include.jmx.reporter = true
	batch.size = 16384
	bootstrap.servers = [PLAINTEXT://localhost:32769]
	buffer.memory = 33554432
	client.dns.lookup = use_all_dns_ips
	client.id = Producer-topic-c6960dd8_b637_48f0_abf8_d452df8e0420
	compression.gzip.level = -1
	compression.lz4.level = 9
	compression.type = none
	compression.zstd.level = 3
	connections.max.idle.ms = 10000
	delivery.timeout.ms = 120000
	enable.idempotence = true
	enable.metrics.push = true
	interceptor.classes = []
	key.serializer = class org.apache.kafka.common.serialization.StringSerializer
	linger.ms = 0
	max.block.ms = 60000
	max.in.flight.requests.per.connection = 5
	max.request.size = 1048576
	metadata.max.age.ms = 300000
	metadata.max.idle.ms = 300000
	metadata.recovery.strategy = none
	metric.reporters = []
	metrics.num.samples = 2
	metrics.recording.level = INFO
	metrics.sample.window.ms = 30000
	partitioner.adaptive.partitioning.enable = true
	partitioner.availability.timeout.ms = 0
	partitioner.class = null
	partitioner.ignore.keys = false
	receive.buffer.bytes = 32768
	reconnect.backoff.max.ms = 1000
	reconnect.backoff.ms = 50
	request.timeout.ms = 5000
	retries = 2147483647
	retry.backoff.max.ms = 1000
	retry.backoff.ms = 100
	sasl.client.callback.handler.class = null
	sasl.jaas.config = null
	sasl.kerberos.kinit.cmd = /usr/bin/kinit
	sasl.kerberos.min.time.before.relogin = 60000
	sasl.kerberos.service.name = null
	sasl.kerberos.ticket.renew.jitter = 0.05
	sasl.kerberos.ticket.renew.window.factor = 0.8
	sasl.login.callback.handler.class = null
	sasl.login.class = null
	sasl.login.connect.timeout.ms = null
	sasl.login.read.timeout.ms = null
	sasl.login.refresh.buffer.seconds = 300
	sasl.login.refresh.min.period.seconds = 60
	sasl.login.refresh.window.factor = 0.8
	sasl.login.refresh.window.jitter = 0.05
	sasl.login.retry.backoff.max.ms = 10000
	sasl.login.retry.backoff.ms = 100
	sasl.mechanism = GSSAPI
	sasl.oauthbearer.clock.skew.seconds = 30
	sasl.oauthbearer.expected.audience = null
	sasl.oauthbearer.expected.issuer = null
	sasl.oauthbearer.header.urlencode = false
	sasl.oauthbearer.jwks.endpoint.refresh.ms = 3600000
	sasl.oauthbearer.jwks.endpoint.retry.backoff.max.ms = 10000
	sasl.oauthbearer.jwks.endpoint.retry.backoff.ms = 100
	sasl.oauthbearer.jwks.endpoint.url = null
	sasl.oauthbearer.scope.claim.name = scope
	sasl.oauthbearer.sub.claim.name = sub
	sasl.oauthbearer.token.endpoint.url = null
	security.protocol = PLAINTEXT
	security.providers = null
	send.buffer.bytes = 131072
	socket.connection.setup.timeout.max.ms = 30000
	socket.connection.setup.timeout.ms = 10000
	ssl.cipher.suites = null
	ssl.enabled.protocols = [TLSv1.2, TLSv1.3]
	ssl.endpoint.identification.algorithm = https
	ssl.engine.factory.class = null
	ssl.key.password = null
	ssl.keymanager.algorithm = SunX509
	ssl.keystore.certificate.chain = null
	ssl.keystore.key = null
	ssl.keystore.location = null
	ssl.keystore.password = null
	ssl.keystore.type = JKS
	ssl.protocol = TLSv1.3
	ssl.provider = null
	ssl.secure.random.implementation = null
	ssl.trustmanager.algorithm = PKIX
	ssl.truststore.certificates = null
	ssl.truststore.location = null
	ssl.truststore.password = null
	ssl.truststore.type = JKS
	transaction.timeout.ms = 60000
	transactional.id = null
	value.serializer = class io.apicurio.registry.serde.protobuf.ProtobufKafkaSerializer

2025-09-26 11:15:00,915 INFO  [org.apa.kaf.com.tel.int.KafkaMetricsCollector] (main) initializing Kafka metrics collector
2025-09-26 11:15:00,917 INFO  [org.apa.kaf.cli.pro.KafkaProducer] (main) [Producer clientId=Producer-topic-c6960dd8_b637_48f0_abf8_d452df8e0420] Instantiated an idempotent producer.
2025-09-26 11:15:00,918 INFO  [org.apa.kaf.cli.pro.ProducerConfig] (main) These configurations '[apicurio.registry.find-latest, apicurio.registry.url, apicurio.registry.artifact-resolver-strategy]' were supplied but are not used yet.
2025-09-26 11:15:00,918 INFO  [org.apa.kaf.com.uti.AppInfoParser] (main) Kafka version: 3.9.1
2025-09-26 11:15:00,918 INFO  [org.apa.kaf.com.uti.AppInfoParser] (main) Kafka commitId: f745dfdcee2b9851
2025-09-26 11:15:00,918 INFO  [org.apa.kaf.com.uti.AppInfoParser] (main) Kafka startTimeMs: 1758885300918
2025-09-26 11:15:00,918 INFO  [io.api.tes.ser.api.SimpleSerdesTesterBuilder$SimpleSerdesTester] (main) Using producer configuration: {apicurio.registry.find-latest=true, apicurio.registry.url=http://registry-app-inmemory.apps.ci419.apicurio-testing.org:80/apis/registry/v3, apicurio.registry.artifact-resolver-strategy=io.apicurio.registry.serde.strategy.SimpleTopicIdStrategy, value.serializer=io.apicurio.registry.serde.protobuf.ProtobufKafkaSerializer, request.timeout.ms=5000, acks=all, bootstrap.servers=PLAINTEXT://localhost:32769, connections.max.idle.ms=10000, key.serializer=org.apache.kafka.common.serialization.StringSerializer, client.id=Producer-topic-c6960dd8_b637_48f0_abf8_d452df8e0420}
2025-09-26 11:15:00,918 INFO  [io.api.tes.ser.api.SimpleSerdesTesterBuilder$SimpleSerdesTester] (main) Using consumer configuration: {apicurio.registry.deserializer.value.return-class=com.google.protobuf.DynamicMessage}
2025-09-26 11:15:00,919 INFO  [io.api.tes.ser.api.KafkaSerdesTester] (ForkJoinPool.commonPool-worker-3) Sending message header {
  time {
  }
}
d1: 1.758885300918E12
s1: "a"
i1: 123
bi1: 1
point {
  longitude: 22.0
  latitude: 22.0
  altitude: 1.0
}
 to topic topic-c6960dd8_b637_48f0_abf8_d452df8e0420
2025-09-26 11:15:00,920 INFO  [org.apa.kaf.cli.Metadata] (kafka-producer-network-thread | Producer-topic-c6960dd8_b637_48f0_abf8_d452df8e0420) [Producer clientId=Producer-topic-c6960dd8_b637_48f0_abf8_d452df8e0420] Cluster ID: X5UxcvqSRVGy35VKMRH4NQ
2025-09-26 11:15:00,920 INFO  [org.apa.kaf.cli.pro.int.TransactionManager] (kafka-producer-network-thread | Producer-topic-c6960dd8_b637_48f0_abf8_d452df8e0420) [Producer clientId=Producer-topic-c6960dd8_b637_48f0_abf8_d452df8e0420] ProducerId set to 41 with epoch 0
2025-09-26 11:15:01,159 INFO  [io.api.tes.ser.api.KafkaSerdesTester] (ForkJoinPool.commonPool-worker-3) Sending message header {
  time {
  }
}
d1: 1.758885301159E12
s1: "a"
i1: 123
bi1: 1
point {
  longitude: 22.0
  latitude: 22.0
  altitude: 1.0
}
 to topic topic-c6960dd8_b637_48f0_abf8_d452df8e0420
2025-09-26 11:15:01,160 INFO  [io.api.tes.ser.api.KafkaSerdesTester] (ForkJoinPool.commonPool-worker-3) Sending message header {
  time {
  }
}
d1: 1.75888530116E12
s1: "a"
i1: 123
bi1: 1
point {
  longitude: 22.0
  latitude: 22.0
  altitude: 1.0
}
 to topic topic-c6960dd8_b637_48f0_abf8_d452df8e0420
2025-09-26 11:15:01,161 INFO  [io.api.tes.ser.api.KafkaSerdesTester] (ForkJoinPool.commonPool-worker-3) Sending message header {
  time {
  }
}
d1: 1.758885301161E12
s1: "a"
i1: 123
bi1: 1
point {
  longitude: 22.0
  latitude: 22.0
  altitude: 1.0
}
 to topic topic-c6960dd8_b637_48f0_abf8_d452df8e0420
2025-09-26 11:15:01,165 INFO  [io.api.tes.ser.api.KafkaSerdesTester] (ForkJoinPool.commonPool-worker-3) Sending message header {
  time {
  }
}
d1: 1.758885301163E12
s1: "a"
i1: 123
bi1: 1
point {
  longitude: 22.0
  latitude: 22.0
  altitude: 1.0
}
 to topic topic-c6960dd8_b637_48f0_abf8_d452df8e0420
2025-09-26 11:15:01,166 INFO  [io.api.tes.ser.api.KafkaSerdesTester] (ForkJoinPool.commonPool-worker-3) Sending message header {
  time {
  }
}
d1: 1.758885301166E12
s1: "a"
i1: 123
bi1: 1
point {
  longitude: 22.0
  latitude: 22.0
  altitude: 1.0
}
 to topic topic-c6960dd8_b637_48f0_abf8_d452df8e0420
2025-09-26 11:15:01,167 INFO  [io.api.tes.ser.api.KafkaSerdesTester] (ForkJoinPool.commonPool-worker-3) Sending message header {
  time {
  }
}
d1: 1.758885301167E12
s1: "a"
i1: 123
bi1: 1
point {
  longitude: 22.0
  latitude: 22.0
  altitude: 1.0
}
 to topic topic-c6960dd8_b637_48f0_abf8_d452df8e0420
2025-09-26 11:15:01,168 INFO  [io.api.tes.ser.api.KafkaSerdesTester] (ForkJoinPool.commonPool-worker-3) Sending message header {
  time {
  }
}
d1: 1.758885301168E12
s1: "a"
i1: 123
bi1: 1
point {
  longitude: 22.0
  latitude: 22.0
  altitude: 1.0
}
 to topic topic-c6960dd8_b637_48f0_abf8_d452df8e0420
2025-09-26 11:15:01,170 INFO  [io.api.tes.ser.api.KafkaSerdesTester] (ForkJoinPool.commonPool-worker-3) Sending message header {
  time {
  }
}
d1: 1.758885301169E12
s1: "a"
i1: 123
bi1: 1
point {
  longitude: 22.0
  latitude: 22.0
  altitude: 1.0
}
 to topic topic-c6960dd8_b637_48f0_abf8_d452df8e0420
2025-09-26 11:15:01,170 INFO  [io.api.tes.ser.api.KafkaSerdesTester] (ForkJoinPool.commonPool-worker-3) Sending message header {
  time {
  }
}
d1: 1.75888530117E12
s1: "a"
i1: 123
bi1: 1
point {
  longitude: 22.0
  latitude: 22.0
  altitude: 1.0
}
 to topic topic-c6960dd8_b637_48f0_abf8_d452df8e0420
2025-09-26 11:15:01,171 INFO  [io.api.tes.ser.api.KafkaSerdesTester] (ForkJoinPool.commonPool-worker-3) Produced 10 messages
2025-09-26 11:15:01,171 INFO  [org.apa.kaf.cli.pro.KafkaProducer] (ForkJoinPool.commonPool-worker-3) [Producer clientId=Producer-topic-c6960dd8_b637_48f0_abf8_d452df8e0420] Closing the Kafka producer with timeoutMillis = 9223372036854775807 ms.
2025-09-26 11:15:01,173 INFO  [org.apa.kaf.com.met.Metrics] (ForkJoinPool.commonPool-worker-3) Metrics scheduler closed
2025-09-26 11:15:01,173 INFO  [org.apa.kaf.com.met.Metrics] (ForkJoinPool.commonPool-worker-3) Closing reporter org.apache.kafka.common.metrics.JmxReporter
2025-09-26 11:15:01,173 INFO  [org.apa.kaf.com.met.Metrics] (ForkJoinPool.commonPool-worker-3) Closing reporter org.apache.kafka.common.telemetry.internals.ClientTelemetryReporter
2025-09-26 11:15:01,173 INFO  [org.apa.kaf.com.met.Metrics] (ForkJoinPool.commonPool-worker-3) Metrics reporters closed
2025-09-26 11:15:01,173 INFO  [org.apa.kaf.com.uti.AppInfoParser] (ForkJoinPool.commonPool-worker-3) App info kafka.producer for Producer-topic-c6960dd8_b637_48f0_abf8_d452df8e0420 unregistered
**** Registry Base URL: http://registry-app-inmemory.apps.ci419.apicurio-testing.org:80
2025-09-26 11:15:01,173 INFO  [org.apa.kaf.cli.con.ConsumerConfig] (main) ConsumerConfig values: 
	allow.auto.create.topics = true
	auto.commit.interval.ms = 500
	auto.include.jmx.reporter = true
	auto.offset.reset = earliest
	bootstrap.servers = [PLAINTEXT://localhost:32769]
	check.crcs = true
	client.dns.lookup = use_all_dns_ips
	client.id = consumer-Consumer-topic-c6960dd8_b637_48f0_abf8_d452df8e0420-31
	client.rack = 
	connections.max.idle.ms = 10000
	default.api.timeout.ms = 60000
	enable.auto.commit = true
	enable.metrics.push = true
	exclude.internal.topics = true
	fetch.max.bytes = 52428800
	fetch.max.wait.ms = 500
	fetch.min.bytes = 1
	group.id = Consumer-topic-c6960dd8_b637_48f0_abf8_d452df8e0420
	group.instance.id = null
	group.protocol = classic
	group.remote.assignor = null
	heartbeat.interval.ms = 3000
	interceptor.classes = []
	internal.leave.group.on.close = true
	internal.throw.on.fetch.stable.offset.unsupported = false
	isolation.level = read_uncommitted
	key.deserializer = class org.apache.kafka.common.serialization.StringDeserializer
	max.partition.fetch.bytes = 1048576
	max.poll.interval.ms = 300000
	max.poll.records = 500
	metadata.max.age.ms = 300000
	metadata.recovery.strategy = none
	metric.reporters = []
	metrics.num.samples = 2
	metrics.recording.level = INFO
	metrics.sample.window.ms = 30000
	partition.assignment.strategy = [class org.apache.kafka.clients.consumer.RangeAssignor, class org.apache.kafka.clients.consumer.CooperativeStickyAssignor]
	receive.buffer.bytes = 65536
	reconnect.backoff.max.ms = 1000
	reconnect.backoff.ms = 50
	request.timeout.ms = 5000
	retry.backoff.max.ms = 1000
	retry.backoff.ms = 100
	sasl.client.callback.handler.class = null
	sasl.jaas.config = null
	sasl.kerberos.kinit.cmd = /usr/bin/kinit
	sasl.kerberos.min.time.before.relogin = 60000
	sasl.kerberos.service.name = null
	sasl.kerberos.ticket.renew.jitter = 0.05
	sasl.kerberos.ticket.renew.window.factor = 0.8
	sasl.login.callback.handler.class = null
	sasl.login.class = null
	sasl.login.connect.timeout.ms = null
	sasl.login.read.timeout.ms = null
	sasl.login.refresh.buffer.seconds = 300
	sasl.login.refresh.min.period.seconds = 60
	sasl.login.refresh.window.factor = 0.8
	sasl.login.refresh.window.jitter = 0.05
	sasl.login.retry.backoff.max.ms = 10000
	sasl.login.retry.backoff.ms = 100
	sasl.mechanism = GSSAPI
	sasl.oauthbearer.clock.skew.seconds = 30
	sasl.oauthbearer.expected.audience = null
	sasl.oauthbearer.expected.issuer = null
	sasl.oauthbearer.header.urlencode = false
	sasl.oauthbearer.jwks.endpoint.refresh.ms = 3600000
	sasl.oauthbearer.jwks.endpoint.retry.backoff.max.ms = 10000
	sasl.oauthbearer.jwks.endpoint.retry.backoff.ms = 100
	sasl.oauthbearer.jwks.endpoint.url = null
	sasl.oauthbearer.scope.claim.name = scope
	sasl.oauthbearer.sub.claim.name = sub
	sasl.oauthbearer.token.endpoint.url = null
	security.protocol = PLAINTEXT
	security.providers = null
	send.buffer.bytes = 131072
	session.timeout.ms = 45000
	socket.connection.setup.timeout.max.ms = 30000
	socket.connection.setup.timeout.ms = 10000
	ssl.cipher.suites = null
	ssl.enabled.protocols = [TLSv1.2, TLSv1.3]
	ssl.endpoint.identification.algorithm = https
	ssl.engine.factory.class = null
	ssl.key.password = null
	ssl.keymanager.algorithm = SunX509
	ssl.keystore.certificate.chain = null
	ssl.keystore.key = null
	ssl.keystore.location = null
	ssl.keystore.password = null
	ssl.keystore.type = JKS
	ssl.protocol = TLSv1.3
	ssl.provider = null
	ssl.secure.random.implementation = null
	ssl.trustmanager.algorithm = PKIX
	ssl.truststore.certificates = null
	ssl.truststore.location = null
	ssl.truststore.password = null
	ssl.truststore.type = JKS
	value.deserializer = class io.apicurio.registry.serde.protobuf.ProtobufKafkaDeserializer

2025-09-26 11:15:01,174 INFO  [org.apa.kaf.com.tel.int.KafkaMetricsCollector] (main) initializing Kafka metrics collector
2025-09-26 11:15:01,179 INFO  [org.apa.kaf.cli.con.ConsumerConfig] (main) These configurations '[apicurio.registry.deserializer.value.return-class, apicurio.registry.url]' were supplied but are not used yet.
2025-09-26 11:15:01,179 INFO  [org.apa.kaf.com.uti.AppInfoParser] (main) Kafka version: 3.9.1
2025-09-26 11:15:01,179 INFO  [org.apa.kaf.com.uti.AppInfoParser] (main) Kafka commitId: f745dfdcee2b9851
2025-09-26 11:15:01,179 INFO  [org.apa.kaf.com.uti.AppInfoParser] (main) Kafka startTimeMs: 1758885301179
2025-09-26 11:15:01,179 INFO  [org.apa.kaf.cli.con.int.ClassicKafkaConsumer] (ForkJoinPool.commonPool-worker-3) [Consumer clientId=consumer-Consumer-topic-c6960dd8_b637_48f0_abf8_d452df8e0420-31, groupId=Consumer-topic-c6960dd8_b637_48f0_abf8_d452df8e0420] Subscribed to topic(s): topic-c6960dd8_b637_48f0_abf8_d452df8e0420
2025-09-26 11:15:01,181 INFO  [org.apa.kaf.cli.Metadata] (ForkJoinPool.commonPool-worker-3) [Consumer clientId=consumer-Consumer-topic-c6960dd8_b637_48f0_abf8_d452df8e0420-31, groupId=Consumer-topic-c6960dd8_b637_48f0_abf8_d452df8e0420] Cluster ID: X5UxcvqSRVGy35VKMRH4NQ
2025-09-26 11:15:01,181 INFO  [org.apa.kaf.cli.con.int.ConsumerCoordinator] (ForkJoinPool.commonPool-worker-3) [Consumer clientId=consumer-Consumer-topic-c6960dd8_b637_48f0_abf8_d452df8e0420-31, groupId=Consumer-topic-c6960dd8_b637_48f0_abf8_d452df8e0420] Discovered group coordinator localhost:32769 (id: 2147483647 rack: null)
2025-09-26 11:15:01,182 INFO  [org.apa.kaf.cli.con.int.ConsumerCoordinator] (ForkJoinPool.commonPool-worker-3) [Consumer clientId=consumer-Consumer-topic-c6960dd8_b637_48f0_abf8_d452df8e0420-31, groupId=Consumer-topic-c6960dd8_b637_48f0_abf8_d452df8e0420] (Re-)joining group
2025-09-26 11:15:01,183 INFO  [org.apa.kaf.cli.con.int.ConsumerCoordinator] (ForkJoinPool.commonPool-worker-3) [Consumer clientId=consumer-Consumer-topic-c6960dd8_b637_48f0_abf8_d452df8e0420-31, groupId=Consumer-topic-c6960dd8_b637_48f0_abf8_d452df8e0420] Request joining group due to: need to re-join with the given member-id: consumer-Consumer-topic-c6960dd8_b637_48f0_abf8_d452df8e0420-31-33bb0100-d275-47c2-a424-a79bab837ffe
2025-09-26 11:15:01,183 INFO  [org.apa.kaf.cli.con.int.ConsumerCoordinator] (ForkJoinPool.commonPool-worker-3) [Consumer clientId=consumer-Consumer-topic-c6960dd8_b637_48f0_abf8_d452df8e0420-31, groupId=Consumer-topic-c6960dd8_b637_48f0_abf8_d452df8e0420] (Re-)joining group
2025-09-26 11:15:02,179 INFO  [io.api.tes.ser.api.KafkaSerdesTester] (ForkJoinPool.commonPool-worker-3) None found
2025-09-26 11:15:03,179 INFO  [io.api.tes.ser.api.KafkaSerdesTester] (ForkJoinPool.commonPool-worker-3) None found
2025-09-26 11:15:04,180 INFO  [io.api.tes.ser.api.KafkaSerdesTester] (ForkJoinPool.commonPool-worker-3) None found
2025-09-26 11:15:04,184 INFO  [org.apa.kaf.cli.con.int.ConsumerCoordinator] (ForkJoinPool.commonPool-worker-3) [Consumer clientId=consumer-Consumer-topic-c6960dd8_b637_48f0_abf8_d452df8e0420-31, groupId=Consumer-topic-c6960dd8_b637_48f0_abf8_d452df8e0420] Successfully joined group with generation Generation{generationId=1, memberId='consumer-Consumer-topic-c6960dd8_b637_48f0_abf8_d452df8e0420-31-33bb0100-d275-47c2-a424-a79bab837ffe', protocol='range'}
2025-09-26 11:15:04,185 INFO  [org.apa.kaf.cli.con.int.ConsumerCoordinator] (ForkJoinPool.commonPool-worker-3) [Consumer clientId=consumer-Consumer-topic-c6960dd8_b637_48f0_abf8_d452df8e0420-31, groupId=Consumer-topic-c6960dd8_b637_48f0_abf8_d452df8e0420] Finished assignment for group at generation 1: {consumer-Consumer-topic-c6960dd8_b637_48f0_abf8_d452df8e0420-31-33bb0100-d275-47c2-a424-a79bab837ffe=Assignment(partitions=[topic-c6960dd8_b637_48f0_abf8_d452df8e0420-0])}
2025-09-26 11:15:04,191 INFO  [org.apa.kaf.cli.con.int.ConsumerCoordinator] (ForkJoinPool.commonPool-worker-3) [Consumer clientId=consumer-Consumer-topic-c6960dd8_b637_48f0_abf8_d452df8e0420-31, groupId=Consumer-topic-c6960dd8_b637_48f0_abf8_d452df8e0420] Successfully synced group in generation Generation{generationId=1, memberId='consumer-Consumer-topic-c6960dd8_b637_48f0_abf8_d452df8e0420-31-33bb0100-d275-47c2-a424-a79bab837ffe', protocol='range'}
2025-09-26 11:15:04,191 INFO  [org.apa.kaf.cli.con.int.ConsumerCoordinator] (ForkJoinPool.commonPool-worker-3) [Consumer clientId=consumer-Consumer-topic-c6960dd8_b637_48f0_abf8_d452df8e0420-31, groupId=Consumer-topic-c6960dd8_b637_48f0_abf8_d452df8e0420] Notifying assignor about the new Assignment(partitions=[topic-c6960dd8_b637_48f0_abf8_d452df8e0420-0])
2025-09-26 11:15:04,191 INFO  [org.apa.kaf.cli.con.int.ConsumerRebalanceListenerInvoker] (ForkJoinPool.commonPool-worker-3) [Consumer clientId=consumer-Consumer-topic-c6960dd8_b637_48f0_abf8_d452df8e0420-31, groupId=Consumer-topic-c6960dd8_b637_48f0_abf8_d452df8e0420] Adding newly assigned partitions: topic-c6960dd8_b637_48f0_abf8_d452df8e0420-0
2025-09-26 11:15:04,192 INFO  [org.apa.kaf.cli.con.int.ConsumerCoordinator] (ForkJoinPool.commonPool-worker-3) [Consumer clientId=consumer-Consumer-topic-c6960dd8_b637_48f0_abf8_d452df8e0420-31, groupId=Consumer-topic-c6960dd8_b637_48f0_abf8_d452df8e0420] Found no committed offset for partition topic-c6960dd8_b637_48f0_abf8_d452df8e0420-0
2025-09-26 11:15:04,194 INFO  [org.apa.kaf.cli.con.int.SubscriptionState] (ForkJoinPool.commonPool-worker-3) [Consumer clientId=consumer-Consumer-topic-c6960dd8_b637_48f0_abf8_d452df8e0420-31, groupId=Consumer-topic-c6960dd8_b637_48f0_abf8_d452df8e0420] Resetting offset for partition topic-c6960dd8_b637_48f0_abf8_d452df8e0420-0 to position FetchPosition{offset=0, offsetEpoch=Optional.empty, currentLeader=LeaderAndEpoch{leader=Optional[localhost:32769 (id: 0 rack: null)], epoch=0}}.
2025-09-26 11:15:04,379 INFO  [io.api.tes.ser.api.KafkaSerdesTester] (ForkJoinPool.commonPool-worker-3) topic-c6960dd8_b637_48f0_abf8_d452df8e0420 0 0 header {
  time {
  }
}
d1: 1.758885300918E12
s1: "a"
i1: 123
bi1: 1
point {
  longitude: 22.0
  latitude: 22.0
  altitude: 1.0
}

2025-09-26 11:15:04,379 INFO  [io.api.tes.ser.api.KafkaSerdesTester] (ForkJoinPool.commonPool-worker-3) topic-c6960dd8_b637_48f0_abf8_d452df8e0420 0 1 header {
  time {
  }
}
d1: 1.758885301159E12
s1: "a"
i1: 123
bi1: 1
point {
  longitude: 22.0
  latitude: 22.0
  altitude: 1.0
}

2025-09-26 11:15:04,379 INFO  [io.api.tes.ser.api.KafkaSerdesTester] (ForkJoinPool.commonPool-worker-3) topic-c6960dd8_b637_48f0_abf8_d452df8e0420 0 2 header {
  time {
  }
}
d1: 1.75888530116E12
s1: "a"
i1: 123
bi1: 1
point {
  longitude: 22.0
  latitude: 22.0
  altitude: 1.0
}

2025-09-26 11:15:04,379 INFO  [io.api.tes.ser.api.KafkaSerdesTester] (ForkJoinPool.commonPool-worker-3) topic-c6960dd8_b637_48f0_abf8_d452df8e0420 0 3 header {
  time {
  }
}
d1: 1.758885301161E12
s1: "a"
i1: 123
bi1: 1
point {
  longitude: 22.0
  latitude: 22.0
  altitude: 1.0
}

2025-09-26 11:15:04,379 INFO  [io.api.tes.ser.api.KafkaSerdesTester] (ForkJoinPool.commonPool-worker-3) topic-c6960dd8_b637_48f0_abf8_d452df8e0420 0 4 header {
  time {
  }
}
d1: 1.758885301163E12
s1: "a"
i1: 123
bi1: 1
point {
  longitude: 22.0
  latitude: 22.0
  altitude: 1.0
}

2025-09-26 11:15:04,379 INFO  [io.api.tes.ser.api.KafkaSerdesTester] (ForkJoinPool.commonPool-worker-3) topic-c6960dd8_b637_48f0_abf8_d452df8e0420 0 5 header {
  time {
  }
}
d1: 1.758885301166E12
s1: "a"
i1: 123
bi1: 1
point {
  longitude: 22.0
  latitude: 22.0
  altitude: 1.0
}

2025-09-26 11:15:04,379 INFO  [io.api.tes.ser.api.KafkaSerdesTester] (ForkJoinPool.commonPool-worker-3) topic-c6960dd8_b637_48f0_abf8_d452df8e0420 0 6 header {
  time {
  }
}
d1: 1.758885301167E12
s1: "a"
i1: 123
bi1: 1
point {
  longitude: 22.0
  latitude: 22.0
  altitude: 1.0
}

2025-09-26 11:15:04,379 INFO  [io.api.tes.ser.api.KafkaSerdesTester] (ForkJoinPool.commonPool-worker-3) topic-c6960dd8_b637_48f0_abf8_d452df8e0420 0 7 header {
  time {
  }
}
d1: 1.758885301168E12
s1: "a"
i1: 123
bi1: 1
point {
  longitude: 22.0
  latitude: 22.0
  altitude: 1.0
}

2025-09-26 11:15:04,379 INFO  [io.api.tes.ser.api.KafkaSerdesTester] (ForkJoinPool.commonPool-worker-3) topic-c6960dd8_b637_48f0_abf8_d452df8e0420 0 8 header {
  time {
  }
}
d1: 1.758885301169E12
s1: "a"
i1: 123
bi1: 1
point {
  longitude: 22.0
  latitude: 22.0
  altitude: 1.0
}

2025-09-26 11:15:04,379 INFO  [io.api.tes.ser.api.KafkaSerdesTester] (ForkJoinPool.commonPool-worker-3) topic-c6960dd8_b637_48f0_abf8_d452df8e0420 0 9 header {
  time {
  }
}
d1: 1.75888530117E12
s1: "a"
i1: 123
bi1: 1
point {
  longitude: 22.0
  latitude: 22.0
  altitude: 1.0
}

2025-09-26 11:15:04,379 INFO  [io.api.tes.ser.api.KafkaSerdesTester] (ForkJoinPool.commonPool-worker-3) Consumed 10 messages
2025-09-26 11:15:04,386 INFO  [org.apa.kaf.cli.con.int.ConsumerRebalanceListenerInvoker] (ForkJoinPool.commonPool-worker-3) [Consumer clientId=consumer-Consumer-topic-c6960dd8_b637_48f0_abf8_d452df8e0420-31, groupId=Consumer-topic-c6960dd8_b637_48f0_abf8_d452df8e0420] Revoke previously assigned partitions topic-c6960dd8_b637_48f0_abf8_d452df8e0420-0
2025-09-26 11:15:04,386 INFO  [org.apa.kaf.cli.con.int.ConsumerCoordinator] (ForkJoinPool.commonPool-worker-3) [Consumer clientId=consumer-Consumer-topic-c6960dd8_b637_48f0_abf8_d452df8e0420-31, groupId=Consumer-topic-c6960dd8_b637_48f0_abf8_d452df8e0420] Member consumer-Consumer-topic-c6960dd8_b637_48f0_abf8_d452df8e0420-31-33bb0100-d275-47c2-a424-a79bab837ffe sending LeaveGroup request to coordinator localhost:32769 (id: 2147483647 rack: null) due to the consumer is being closed
2025-09-26 11:15:04,386 INFO  [org.apa.kaf.cli.con.int.ConsumerCoordinator] (ForkJoinPool.commonPool-worker-3) [Consumer clientId=consumer-Consumer-topic-c6960dd8_b637_48f0_abf8_d452df8e0420-31, groupId=Consumer-topic-c6960dd8_b637_48f0_abf8_d452df8e0420] Resetting generation and member id due to: consumer pro-actively leaving the group
2025-09-26 11:15:04,386 INFO  [org.apa.kaf.cli.con.int.ConsumerCoordinator] (ForkJoinPool.commonPool-worker-3) [Consumer clientId=consumer-Consumer-topic-c6960dd8_b637_48f0_abf8_d452df8e0420-31, groupId=Consumer-topic-c6960dd8_b637_48f0_abf8_d452df8e0420] Request joining group due to: consumer pro-actively leaving the group
2025-09-26 11:15:04,880 INFO  [org.apa.kaf.com.met.Metrics] (ForkJoinPool.commonPool-worker-3) Metrics scheduler closed
2025-09-26 11:15:04,880 INFO  [org.apa.kaf.com.met.Metrics] (ForkJoinPool.commonPool-worker-3) Closing reporter org.apache.kafka.common.metrics.JmxReporter
2025-09-26 11:15:04,880 INFO  [org.apa.kaf.com.met.Metrics] (ForkJoinPool.commonPool-worker-3) Closing reporter org.apache.kafka.common.telemetry.internals.ClientTelemetryReporter
2025-09-26 11:15:04,880 INFO  [org.apa.kaf.com.met.Metrics] (ForkJoinPool.commonPool-worker-3) Metrics reporters closed
2025-09-26 11:15:04,882 INFO  [org.apa.kaf.com.uti.AppInfoParser] (ForkJoinPool.commonPool-worker-3) App info kafka.consumer for consumer-Consumer-topic-c6960dd8_b637_48f0_abf8_d452df8e0420-31 unregistered
2025-09-26 11:15:04,882 INFO  [io.api.tes.uti.TestSeparator] (main) io.apicurio.tests.serdes.apicurio.ProtobufSerdeIT.testFindLatestDynamicMessageProtobufType-FINISHED
2025-09-26 11:15:04,882 INFO  [io.api.tes.uti.TestSeparator] (main) ############################################################################
Test passed: testFindLatestDynamicMessageProtobufType
]]></system-out>
  </testcase>
  <testcase name="testFindLatestDeriveClassProtobufTypeSimpleTopicIdStrategy" classname="io.apicurio.tests.serdes.apicurio.ProtobufSerdeIT" time="1.111">
    <system-out><![CDATA[2025-09-26 11:15:04,883 INFO  [io.api.tes.uti.TestSeparator] (main) ############################################################################
2025-09-26 11:15:04,883 INFO  [io.api.tes.uti.TestSeparator] (main) io.apicurio.tests.serdes.apicurio.ProtobufSerdeIT.testFindLatestDeriveClassProtobufTypeSimpleTopicIdStrategy-STARTED
2025-09-26 11:15:05,993 INFO  [io.api.tes.uti.TestSeparator] (main) io.apicurio.tests.serdes.apicurio.ProtobufSerdeIT.testFindLatestDeriveClassProtobufTypeSimpleTopicIdStrategy-FINISHED
2025-09-26 11:15:05,993 INFO  [io.api.tes.uti.TestSeparator] (main) ############################################################################
Test passed: testFindLatestDeriveClassProtobufTypeSimpleTopicIdStrategy
]]></system-out>
  </testcase>
  <testcase name="testFindLatestAndUseBody" classname="io.apicurio.tests.serdes.apicurio.ProtobufSerdeIT" time="5.089">
    <system-out><![CDATA[2025-09-26 11:15:05,994 INFO  [io.api.tes.uti.TestSeparator] (main) ############################################################################
2025-09-26 11:15:05,994 INFO  [io.api.tes.uti.TestSeparator] (main) io.apicurio.tests.serdes.apicurio.ProtobufSerdeIT.testFindLatestAndUseBody-STARTED
**** Registry Base URL: http://registry-app-inmemory.apps.ci419.apicurio-testing.org:80
2025-09-26 11:15:07,105 INFO  [org.apa.kaf.cli.pro.ProducerConfig] (main) ProducerConfig values: 
	acks = -1
	auto.include.jmx.reporter = true
	batch.size = 16384
	bootstrap.servers = [PLAINTEXT://localhost:32769]
	buffer.memory = 33554432
	client.dns.lookup = use_all_dns_ips
	client.id = Producer-topic-db5fdaf4_8d97_4486_ab47_920a0e84e710
	compression.gzip.level = -1
	compression.lz4.level = 9
	compression.type = none
	compression.zstd.level = 3
	connections.max.idle.ms = 10000
	delivery.timeout.ms = 120000
	enable.idempotence = true
	enable.metrics.push = true
	interceptor.classes = []
	key.serializer = class org.apache.kafka.common.serialization.StringSerializer
	linger.ms = 0
	max.block.ms = 60000
	max.in.flight.requests.per.connection = 5
	max.request.size = 1048576
	metadata.max.age.ms = 300000
	metadata.max.idle.ms = 300000
	metadata.recovery.strategy = none
	metric.reporters = []
	metrics.num.samples = 2
	metrics.recording.level = INFO
	metrics.sample.window.ms = 30000
	partitioner.adaptive.partitioning.enable = true
	partitioner.availability.timeout.ms = 0
	partitioner.class = null
	partitioner.ignore.keys = false
	receive.buffer.bytes = 32768
	reconnect.backoff.max.ms = 1000
	reconnect.backoff.ms = 50
	request.timeout.ms = 5000
	retries = 2147483647
	retry.backoff.max.ms = 1000
	retry.backoff.ms = 100
	sasl.client.callback.handler.class = null
	sasl.jaas.config = null
	sasl.kerberos.kinit.cmd = /usr/bin/kinit
	sasl.kerberos.min.time.before.relogin = 60000
	sasl.kerberos.service.name = null
	sasl.kerberos.ticket.renew.jitter = 0.05
	sasl.kerberos.ticket.renew.window.factor = 0.8
	sasl.login.callback.handler.class = null
	sasl.login.class = null
	sasl.login.connect.timeout.ms = null
	sasl.login.read.timeout.ms = null
	sasl.login.refresh.buffer.seconds = 300
	sasl.login.refresh.min.period.seconds = 60
	sasl.login.refresh.window.factor = 0.8
	sasl.login.refresh.window.jitter = 0.05
	sasl.login.retry.backoff.max.ms = 10000
	sasl.login.retry.backoff.ms = 100
	sasl.mechanism = GSSAPI
	sasl.oauthbearer.clock.skew.seconds = 30
	sasl.oauthbearer.expected.audience = null
	sasl.oauthbearer.expected.issuer = null
	sasl.oauthbearer.header.urlencode = false
	sasl.oauthbearer.jwks.endpoint.refresh.ms = 3600000
	sasl.oauthbearer.jwks.endpoint.retry.backoff.max.ms = 10000
	sasl.oauthbearer.jwks.endpoint.retry.backoff.ms = 100
	sasl.oauthbearer.jwks.endpoint.url = null
	sasl.oauthbearer.scope.claim.name = scope
	sasl.oauthbearer.sub.claim.name = sub
	sasl.oauthbearer.token.endpoint.url = null
	security.protocol = PLAINTEXT
	security.providers = null
	send.buffer.bytes = 131072
	socket.connection.setup.timeout.max.ms = 30000
	socket.connection.setup.timeout.ms = 10000
	ssl.cipher.suites = null
	ssl.enabled.protocols = [TLSv1.2, TLSv1.3]
	ssl.endpoint.identification.algorithm = https
	ssl.engine.factory.class = null
	ssl.key.password = null
	ssl.keymanager.algorithm = SunX509
	ssl.keystore.certificate.chain = null
	ssl.keystore.key = null
	ssl.keystore.location = null
	ssl.keystore.password = null
	ssl.keystore.type = JKS
	ssl.protocol = TLSv1.3
	ssl.provider = null
	ssl.secure.random.implementation = null
	ssl.trustmanager.algorithm = PKIX
	ssl.truststore.certificates = null
	ssl.truststore.location = null
	ssl.truststore.password = null
	ssl.truststore.type = JKS
	transaction.timeout.ms = 60000
	transactional.id = null
	value.serializer = class io.apicurio.registry.serde.protobuf.ProtobufKafkaSerializer

2025-09-26 11:15:07,106 INFO  [org.apa.kaf.com.tel.int.KafkaMetricsCollector] (main) initializing Kafka metrics collector
2025-09-26 11:15:07,108 INFO  [org.apa.kaf.cli.pro.KafkaProducer] (main) [Producer clientId=Producer-topic-db5fdaf4_8d97_4486_ab47_920a0e84e710] Instantiated an idempotent producer.
2025-09-26 11:15:07,109 INFO  [org.apa.kaf.cli.pro.ProducerConfig] (main) These configurations '[apicurio.registry.find-latest, apicurio.registry.url, apicurio.registry.artifact-resolver-strategy]' were supplied but are not used yet.
2025-09-26 11:15:07,109 INFO  [org.apa.kaf.com.uti.AppInfoParser] (main) Kafka version: 3.9.1
2025-09-26 11:15:07,109 INFO  [org.apa.kaf.com.uti.AppInfoParser] (main) Kafka commitId: f745dfdcee2b9851
2025-09-26 11:15:07,109 INFO  [org.apa.kaf.com.uti.AppInfoParser] (main) Kafka startTimeMs: 1758885307109
2025-09-26 11:15:07,109 INFO  [io.api.tes.ser.api.SimpleSerdesTesterBuilder$SimpleSerdesTester] (main) Using producer configuration: {apicurio.registry.find-latest=true, apicurio.registry.url=http://registry-app-inmemory.apps.ci419.apicurio-testing.org:80/apis/registry/v3, apicurio.registry.artifact-resolver-strategy=io.apicurio.registry.serde.strategy.TopicIdStrategy, value.serializer=io.apicurio.registry.serde.protobuf.ProtobufKafkaSerializer, request.timeout.ms=5000, acks=all, bootstrap.servers=PLAINTEXT://localhost:32769, connections.max.idle.ms=10000, key.serializer=org.apache.kafka.common.serialization.StringSerializer, client.id=Producer-topic-db5fdaf4_8d97_4486_ab47_920a0e84e710}
2025-09-26 11:15:07,109 INFO  [io.api.tes.ser.api.SimpleSerdesTesterBuilder$SimpleSerdesTester] (main) Using consumer configuration: {}
2025-09-26 11:15:07,109 INFO  [io.api.tes.ser.api.KafkaSerdesTester] (ForkJoinPool.commonPool-worker-3) Sending message header {
  time {
  }
}
d1: 1.758885307109E12
s1: "a"
i1: 123
bi1: 1
point {
  longitude: 22.0
  latitude: 22.0
  altitude: 1.0
}
 to topic topic-db5fdaf4_8d97_4486_ab47_920a0e84e710
2025-09-26 11:15:07,111 INFO  [org.apa.kaf.cli.Metadata] (kafka-producer-network-thread | Producer-topic-db5fdaf4_8d97_4486_ab47_920a0e84e710) [Producer clientId=Producer-topic-db5fdaf4_8d97_4486_ab47_920a0e84e710] Cluster ID: X5UxcvqSRVGy35VKMRH4NQ
2025-09-26 11:15:07,111 INFO  [org.apa.kaf.cli.pro.int.TransactionManager] (kafka-producer-network-thread | Producer-topic-db5fdaf4_8d97_4486_ab47_920a0e84e710) [Producer clientId=Producer-topic-db5fdaf4_8d97_4486_ab47_920a0e84e710] ProducerId set to 42 with epoch 0
2025-09-26 11:15:07,344 INFO  [io.api.tes.ser.api.KafkaSerdesTester] (ForkJoinPool.commonPool-worker-3) Sending message header {
  time {
  }
}
d1: 1.758885307344E12
s1: "a"
i1: 123
bi1: 1
point {
  longitude: 22.0
  latitude: 22.0
  altitude: 1.0
}
 to topic topic-db5fdaf4_8d97_4486_ab47_920a0e84e710
2025-09-26 11:15:07,345 INFO  [io.api.tes.ser.api.KafkaSerdesTester] (ForkJoinPool.commonPool-worker-3) Sending message header {
  time {
  }
}
d1: 1.758885307345E12
s1: "a"
i1: 123
bi1: 1
point {
  longitude: 22.0
  latitude: 22.0
  altitude: 1.0
}
 to topic topic-db5fdaf4_8d97_4486_ab47_920a0e84e710
2025-09-26 11:15:07,347 INFO  [io.api.tes.ser.api.KafkaSerdesTester] (ForkJoinPool.commonPool-worker-3) Sending message header {
  time {
  }
}
d1: 1.758885307347E12
s1: "a"
i1: 123
bi1: 1
point {
  longitude: 22.0
  latitude: 22.0
  altitude: 1.0
}
 to topic topic-db5fdaf4_8d97_4486_ab47_920a0e84e710
2025-09-26 11:15:07,349 INFO  [io.api.tes.ser.api.KafkaSerdesTester] (ForkJoinPool.commonPool-worker-3) Sending message header {
  time {
  }
}
d1: 1.758885307348E12
s1: "a"
i1: 123
bi1: 1
point {
  longitude: 22.0
  latitude: 22.0
  altitude: 1.0
}
 to topic topic-db5fdaf4_8d97_4486_ab47_920a0e84e710
2025-09-26 11:15:07,350 INFO  [io.api.tes.ser.api.KafkaSerdesTester] (ForkJoinPool.commonPool-worker-3) Sending message header {
  time {
  }
}
d1: 1.75888530735E12
s1: "a"
i1: 123
bi1: 1
point {
  longitude: 22.0
  latitude: 22.0
  altitude: 1.0
}
 to topic topic-db5fdaf4_8d97_4486_ab47_920a0e84e710
2025-09-26 11:15:07,351 INFO  [io.api.tes.ser.api.KafkaSerdesTester] (ForkJoinPool.commonPool-worker-3) Sending message header {
  time {
  }
}
d1: 1.758885307351E12
s1: "a"
i1: 123
bi1: 1
point {
  longitude: 22.0
  latitude: 22.0
  altitude: 1.0
}
 to topic topic-db5fdaf4_8d97_4486_ab47_920a0e84e710
2025-09-26 11:15:07,353 INFO  [io.api.tes.ser.api.KafkaSerdesTester] (ForkJoinPool.commonPool-worker-3) Sending message header {
  time {
  }
}
d1: 1.758885307352E12
s1: "a"
i1: 123
bi1: 1
point {
  longitude: 22.0
  latitude: 22.0
  altitude: 1.0
}
 to topic topic-db5fdaf4_8d97_4486_ab47_920a0e84e710
2025-09-26 11:15:07,354 INFO  [io.api.tes.ser.api.KafkaSerdesTester] (ForkJoinPool.commonPool-worker-3) Sending message header {
  time {
  }
}
d1: 1.758885307354E12
s1: "a"
i1: 123
bi1: 1
point {
  longitude: 22.0
  latitude: 22.0
  altitude: 1.0
}
 to topic topic-db5fdaf4_8d97_4486_ab47_920a0e84e710
2025-09-26 11:15:07,355 INFO  [io.api.tes.ser.api.KafkaSerdesTester] (ForkJoinPool.commonPool-worker-3) Sending message header {
  time {
  }
}
d1: 1.758885307355E12
s1: "a"
i1: 123
bi1: 1
point {
  longitude: 22.0
  latitude: 22.0
  altitude: 1.0
}
 to topic topic-db5fdaf4_8d97_4486_ab47_920a0e84e710
2025-09-26 11:15:07,356 INFO  [io.api.tes.ser.api.KafkaSerdesTester] (ForkJoinPool.commonPool-worker-3) Produced 10 messages
2025-09-26 11:15:07,356 INFO  [org.apa.kaf.cli.pro.KafkaProducer] (ForkJoinPool.commonPool-worker-3) [Producer clientId=Producer-topic-db5fdaf4_8d97_4486_ab47_920a0e84e710] Closing the Kafka producer with timeoutMillis = 9223372036854775807 ms.
2025-09-26 11:15:07,358 INFO  [org.apa.kaf.com.met.Metrics] (ForkJoinPool.commonPool-worker-3) Metrics scheduler closed
2025-09-26 11:15:07,358 INFO  [org.apa.kaf.com.met.Metrics] (ForkJoinPool.commonPool-worker-3) Closing reporter org.apache.kafka.common.metrics.JmxReporter
2025-09-26 11:15:07,358 INFO  [org.apa.kaf.com.met.Metrics] (ForkJoinPool.commonPool-worker-3) Closing reporter org.apache.kafka.common.telemetry.internals.ClientTelemetryReporter
2025-09-26 11:15:07,358 INFO  [org.apa.kaf.com.met.Metrics] (ForkJoinPool.commonPool-worker-3) Metrics reporters closed
2025-09-26 11:15:07,359 INFO  [org.apa.kaf.com.uti.AppInfoParser] (ForkJoinPool.commonPool-worker-3) App info kafka.producer for Producer-topic-db5fdaf4_8d97_4486_ab47_920a0e84e710 unregistered
**** Registry Base URL: http://registry-app-inmemory.apps.ci419.apicurio-testing.org:80
2025-09-26 11:15:07,359 INFO  [org.apa.kaf.cli.con.ConsumerConfig] (main) ConsumerConfig values: 
	allow.auto.create.topics = true
	auto.commit.interval.ms = 500
	auto.include.jmx.reporter = true
	auto.offset.reset = earliest
	bootstrap.servers = [PLAINTEXT://localhost:32769]
	check.crcs = true
	client.dns.lookup = use_all_dns_ips
	client.id = consumer-Consumer-topic-db5fdaf4_8d97_4486_ab47_920a0e84e710-32
	client.rack = 
	connections.max.idle.ms = 10000
	default.api.timeout.ms = 60000
	enable.auto.commit = true
	enable.metrics.push = true
	exclude.internal.topics = true
	fetch.max.bytes = 52428800
	fetch.max.wait.ms = 500
	fetch.min.bytes = 1
	group.id = Consumer-topic-db5fdaf4_8d97_4486_ab47_920a0e84e710
	group.instance.id = null
	group.protocol = classic
	group.remote.assignor = null
	heartbeat.interval.ms = 3000
	interceptor.classes = []
	internal.leave.group.on.close = true
	internal.throw.on.fetch.stable.offset.unsupported = false
	isolation.level = read_uncommitted
	key.deserializer = class org.apache.kafka.common.serialization.StringDeserializer
	max.partition.fetch.bytes = 1048576
	max.poll.interval.ms = 300000
	max.poll.records = 500
	metadata.max.age.ms = 300000
	metadata.recovery.strategy = none
	metric.reporters = []
	metrics.num.samples = 2
	metrics.recording.level = INFO
	metrics.sample.window.ms = 30000
	partition.assignment.strategy = [class org.apache.kafka.clients.consumer.RangeAssignor, class org.apache.kafka.clients.consumer.CooperativeStickyAssignor]
	receive.buffer.bytes = 65536
	reconnect.backoff.max.ms = 1000
	reconnect.backoff.ms = 50
	request.timeout.ms = 5000
	retry.backoff.max.ms = 1000
	retry.backoff.ms = 100
	sasl.client.callback.handler.class = null
	sasl.jaas.config = null
	sasl.kerberos.kinit.cmd = /usr/bin/kinit
	sasl.kerberos.min.time.before.relogin = 60000
	sasl.kerberos.service.name = null
	sasl.kerberos.ticket.renew.jitter = 0.05
	sasl.kerberos.ticket.renew.window.factor = 0.8
	sasl.login.callback.handler.class = null
	sasl.login.class = null
	sasl.login.connect.timeout.ms = null
	sasl.login.read.timeout.ms = null
	sasl.login.refresh.buffer.seconds = 300
	sasl.login.refresh.min.period.seconds = 60
	sasl.login.refresh.window.factor = 0.8
	sasl.login.refresh.window.jitter = 0.05
	sasl.login.retry.backoff.max.ms = 10000
	sasl.login.retry.backoff.ms = 100
	sasl.mechanism = GSSAPI
	sasl.oauthbearer.clock.skew.seconds = 30
	sasl.oauthbearer.expected.audience = null
	sasl.oauthbearer.expected.issuer = null
	sasl.oauthbearer.header.urlencode = false
	sasl.oauthbearer.jwks.endpoint.refresh.ms = 3600000
	sasl.oauthbearer.jwks.endpoint.retry.backoff.max.ms = 10000
	sasl.oauthbearer.jwks.endpoint.retry.backoff.ms = 100
	sasl.oauthbearer.jwks.endpoint.url = null
	sasl.oauthbearer.scope.claim.name = scope
	sasl.oauthbearer.sub.claim.name = sub
	sasl.oauthbearer.token.endpoint.url = null
	security.protocol = PLAINTEXT
	security.providers = null
	send.buffer.bytes = 131072
	session.timeout.ms = 45000
	socket.connection.setup.timeout.max.ms = 30000
	socket.connection.setup.timeout.ms = 10000
	ssl.cipher.suites = null
	ssl.enabled.protocols = [TLSv1.2, TLSv1.3]
	ssl.endpoint.identification.algorithm = https
	ssl.engine.factory.class = null
	ssl.key.password = null
	ssl.keymanager.algorithm = SunX509
	ssl.keystore.certificate.chain = null
	ssl.keystore.key = null
	ssl.keystore.location = null
	ssl.keystore.password = null
	ssl.keystore.type = JKS
	ssl.protocol = TLSv1.3
	ssl.provider = null
	ssl.secure.random.implementation = null
	ssl.trustmanager.algorithm = PKIX
	ssl.truststore.certificates = null
	ssl.truststore.location = null
	ssl.truststore.password = null
	ssl.truststore.type = JKS
	value.deserializer = class io.apicurio.registry.serde.protobuf.ProtobufKafkaDeserializer

2025-09-26 11:15:07,359 INFO  [org.apa.kaf.com.tel.int.KafkaMetricsCollector] (main) initializing Kafka metrics collector
2025-09-26 11:15:07,367 INFO  [org.apa.kaf.cli.con.ConsumerConfig] (main) These configurations '[apicurio.registry.url]' were supplied but are not used yet.
2025-09-26 11:15:07,367 INFO  [org.apa.kaf.com.uti.AppInfoParser] (main) Kafka version: 3.9.1
2025-09-26 11:15:07,367 INFO  [org.apa.kaf.com.uti.AppInfoParser] (main) Kafka commitId: f745dfdcee2b9851
2025-09-26 11:15:07,367 INFO  [org.apa.kaf.com.uti.AppInfoParser] (main) Kafka startTimeMs: 1758885307367
2025-09-26 11:15:07,367 INFO  [org.apa.kaf.cli.con.int.ClassicKafkaConsumer] (ForkJoinPool.commonPool-worker-3) [Consumer clientId=consumer-Consumer-topic-db5fdaf4_8d97_4486_ab47_920a0e84e710-32, groupId=Consumer-topic-db5fdaf4_8d97_4486_ab47_920a0e84e710] Subscribed to topic(s): topic-db5fdaf4_8d97_4486_ab47_920a0e84e710
2025-09-26 11:15:07,370 INFO  [org.apa.kaf.cli.Metadata] (ForkJoinPool.commonPool-worker-3) [Consumer clientId=consumer-Consumer-topic-db5fdaf4_8d97_4486_ab47_920a0e84e710-32, groupId=Consumer-topic-db5fdaf4_8d97_4486_ab47_920a0e84e710] Cluster ID: X5UxcvqSRVGy35VKMRH4NQ
2025-09-26 11:15:07,370 INFO  [org.apa.kaf.cli.con.int.ConsumerCoordinator] (ForkJoinPool.commonPool-worker-3) [Consumer clientId=consumer-Consumer-topic-db5fdaf4_8d97_4486_ab47_920a0e84e710-32, groupId=Consumer-topic-db5fdaf4_8d97_4486_ab47_920a0e84e710] Discovered group coordinator localhost:32769 (id: 2147483647 rack: null)
2025-09-26 11:15:07,371 INFO  [org.apa.kaf.cli.con.int.ConsumerCoordinator] (ForkJoinPool.commonPool-worker-3) [Consumer clientId=consumer-Consumer-topic-db5fdaf4_8d97_4486_ab47_920a0e84e710-32, groupId=Consumer-topic-db5fdaf4_8d97_4486_ab47_920a0e84e710] (Re-)joining group
2025-09-26 11:15:07,372 INFO  [org.apa.kaf.cli.con.int.ConsumerCoordinator] (ForkJoinPool.commonPool-worker-3) [Consumer clientId=consumer-Consumer-topic-db5fdaf4_8d97_4486_ab47_920a0e84e710-32, groupId=Consumer-topic-db5fdaf4_8d97_4486_ab47_920a0e84e710] Request joining group due to: need to re-join with the given member-id: consumer-Consumer-topic-db5fdaf4_8d97_4486_ab47_920a0e84e710-32-4c355848-9a63-44cb-b9b1-ef990c295d51
2025-09-26 11:15:07,373 INFO  [org.apa.kaf.cli.con.int.ConsumerCoordinator] (ForkJoinPool.commonPool-worker-3) [Consumer clientId=consumer-Consumer-topic-db5fdaf4_8d97_4486_ab47_920a0e84e710-32, groupId=Consumer-topic-db5fdaf4_8d97_4486_ab47_920a0e84e710] (Re-)joining group
2025-09-26 11:15:08,368 INFO  [io.api.tes.ser.api.KafkaSerdesTester] (ForkJoinPool.commonPool-worker-3) None found
2025-09-26 11:15:09,369 INFO  [io.api.tes.ser.api.KafkaSerdesTester] (ForkJoinPool.commonPool-worker-3) None found
2025-09-26 11:15:10,370 INFO  [io.api.tes.ser.api.KafkaSerdesTester] (ForkJoinPool.commonPool-worker-3) None found
2025-09-26 11:15:10,374 INFO  [org.apa.kaf.cli.con.int.ConsumerCoordinator] (ForkJoinPool.commonPool-worker-3) [Consumer clientId=consumer-Consumer-topic-db5fdaf4_8d97_4486_ab47_920a0e84e710-32, groupId=Consumer-topic-db5fdaf4_8d97_4486_ab47_920a0e84e710] Successfully joined group with generation Generation{generationId=1, memberId='consumer-Consumer-topic-db5fdaf4_8d97_4486_ab47_920a0e84e710-32-4c355848-9a63-44cb-b9b1-ef990c295d51', protocol='range'}
2025-09-26 11:15:10,374 INFO  [org.apa.kaf.cli.con.int.ConsumerCoordinator] (ForkJoinPool.commonPool-worker-3) [Consumer clientId=consumer-Consumer-topic-db5fdaf4_8d97_4486_ab47_920a0e84e710-32, groupId=Consumer-topic-db5fdaf4_8d97_4486_ab47_920a0e84e710] Finished assignment for group at generation 1: {consumer-Consumer-topic-db5fdaf4_8d97_4486_ab47_920a0e84e710-32-4c355848-9a63-44cb-b9b1-ef990c295d51=Assignment(partitions=[topic-db5fdaf4_8d97_4486_ab47_920a0e84e710-0])}
2025-09-26 11:15:10,380 INFO  [org.apa.kaf.cli.con.int.ConsumerCoordinator] (ForkJoinPool.commonPool-worker-3) [Consumer clientId=consumer-Consumer-topic-db5fdaf4_8d97_4486_ab47_920a0e84e710-32, groupId=Consumer-topic-db5fdaf4_8d97_4486_ab47_920a0e84e710] Successfully synced group in generation Generation{generationId=1, memberId='consumer-Consumer-topic-db5fdaf4_8d97_4486_ab47_920a0e84e710-32-4c355848-9a63-44cb-b9b1-ef990c295d51', protocol='range'}
2025-09-26 11:15:10,381 INFO  [org.apa.kaf.cli.con.int.ConsumerCoordinator] (ForkJoinPool.commonPool-worker-3) [Consumer clientId=consumer-Consumer-topic-db5fdaf4_8d97_4486_ab47_920a0e84e710-32, groupId=Consumer-topic-db5fdaf4_8d97_4486_ab47_920a0e84e710] Notifying assignor about the new Assignment(partitions=[topic-db5fdaf4_8d97_4486_ab47_920a0e84e710-0])
2025-09-26 11:15:10,381 INFO  [org.apa.kaf.cli.con.int.ConsumerRebalanceListenerInvoker] (ForkJoinPool.commonPool-worker-3) [Consumer clientId=consumer-Consumer-topic-db5fdaf4_8d97_4486_ab47_920a0e84e710-32, groupId=Consumer-topic-db5fdaf4_8d97_4486_ab47_920a0e84e710] Adding newly assigned partitions: topic-db5fdaf4_8d97_4486_ab47_920a0e84e710-0
2025-09-26 11:15:10,381 INFO  [org.apa.kaf.cli.con.int.ConsumerCoordinator] (ForkJoinPool.commonPool-worker-3) [Consumer clientId=consumer-Consumer-topic-db5fdaf4_8d97_4486_ab47_920a0e84e710-32, groupId=Consumer-topic-db5fdaf4_8d97_4486_ab47_920a0e84e710] Found no committed offset for partition topic-db5fdaf4_8d97_4486_ab47_920a0e84e710-0
2025-09-26 11:15:10,384 INFO  [org.apa.kaf.cli.con.int.SubscriptionState] (ForkJoinPool.commonPool-worker-3) [Consumer clientId=consumer-Consumer-topic-db5fdaf4_8d97_4486_ab47_920a0e84e710-32, groupId=Consumer-topic-db5fdaf4_8d97_4486_ab47_920a0e84e710] Resetting offset for partition topic-db5fdaf4_8d97_4486_ab47_920a0e84e710-0 to position FetchPosition{offset=0, offsetEpoch=Optional.empty, currentLeader=LeaderAndEpoch{leader=Optional[localhost:32769 (id: 0 rack: null)], epoch=0}}.
2025-09-26 11:15:10,578 INFO  [io.api.tes.ser.api.KafkaSerdesTester] (ForkJoinPool.commonPool-worker-3) topic-db5fdaf4_8d97_4486_ab47_920a0e84e710 0 0 header {
  time {
  }
}
d1: 1.758885307109E12
s1: "a"
i1: 123
bi1: 1
point {
  longitude: 22.0
  latitude: 22.0
  altitude: 1.0
}

2025-09-26 11:15:10,578 INFO  [io.api.tes.ser.api.KafkaSerdesTester] (ForkJoinPool.commonPool-worker-3) topic-db5fdaf4_8d97_4486_ab47_920a0e84e710 0 1 header {
  time {
  }
}
d1: 1.758885307344E12
s1: "a"
i1: 123
bi1: 1
point {
  longitude: 22.0
  latitude: 22.0
  altitude: 1.0
}

2025-09-26 11:15:10,578 INFO  [io.api.tes.ser.api.KafkaSerdesTester] (ForkJoinPool.commonPool-worker-3) topic-db5fdaf4_8d97_4486_ab47_920a0e84e710 0 2 header {
  time {
  }
}
d1: 1.758885307345E12
s1: "a"
i1: 123
bi1: 1
point {
  longitude: 22.0
  latitude: 22.0
  altitude: 1.0
}

2025-09-26 11:15:10,578 INFO  [io.api.tes.ser.api.KafkaSerdesTester] (ForkJoinPool.commonPool-worker-3) topic-db5fdaf4_8d97_4486_ab47_920a0e84e710 0 3 header {
  time {
  }
}
d1: 1.758885307347E12
s1: "a"
i1: 123
bi1: 1
point {
  longitude: 22.0
  latitude: 22.0
  altitude: 1.0
}

2025-09-26 11:15:10,578 INFO  [io.api.tes.ser.api.KafkaSerdesTester] (ForkJoinPool.commonPool-worker-3) topic-db5fdaf4_8d97_4486_ab47_920a0e84e710 0 4 header {
  time {
  }
}
d1: 1.758885307348E12
s1: "a"
i1: 123
bi1: 1
point {
  longitude: 22.0
  latitude: 22.0
  altitude: 1.0
}

2025-09-26 11:15:10,578 INFO  [io.api.tes.ser.api.KafkaSerdesTester] (ForkJoinPool.commonPool-worker-3) topic-db5fdaf4_8d97_4486_ab47_920a0e84e710 0 5 header {
  time {
  }
}
d1: 1.75888530735E12
s1: "a"
i1: 123
bi1: 1
point {
  longitude: 22.0
  latitude: 22.0
  altitude: 1.0
}

2025-09-26 11:15:10,578 INFO  [io.api.tes.ser.api.KafkaSerdesTester] (ForkJoinPool.commonPool-worker-3) topic-db5fdaf4_8d97_4486_ab47_920a0e84e710 0 6 header {
  time {
  }
}
d1: 1.758885307351E12
s1: "a"
i1: 123
bi1: 1
point {
  longitude: 22.0
  latitude: 22.0
  altitude: 1.0
}

2025-09-26 11:15:10,578 INFO  [io.api.tes.ser.api.KafkaSerdesTester] (ForkJoinPool.commonPool-worker-3) topic-db5fdaf4_8d97_4486_ab47_920a0e84e710 0 7 header {
  time {
  }
}
d1: 1.758885307352E12
s1: "a"
i1: 123
bi1: 1
point {
  longitude: 22.0
  latitude: 22.0
  altitude: 1.0
}

2025-09-26 11:15:10,578 INFO  [io.api.tes.ser.api.KafkaSerdesTester] (ForkJoinPool.commonPool-worker-3) topic-db5fdaf4_8d97_4486_ab47_920a0e84e710 0 8 header {
  time {
  }
}
d1: 1.758885307354E12
s1: "a"
i1: 123
bi1: 1
point {
  longitude: 22.0
  latitude: 22.0
  altitude: 1.0
}

2025-09-26 11:15:10,578 INFO  [io.api.tes.ser.api.KafkaSerdesTester] (ForkJoinPool.commonPool-worker-3) topic-db5fdaf4_8d97_4486_ab47_920a0e84e710 0 9 header {
  time {
  }
}
d1: 1.758885307355E12
s1: "a"
i1: 123
bi1: 1
point {
  longitude: 22.0
  latitude: 22.0
  altitude: 1.0
}

2025-09-26 11:15:10,578 INFO  [io.api.tes.ser.api.KafkaSerdesTester] (ForkJoinPool.commonPool-worker-3) Consumed 10 messages
2025-09-26 11:15:10,585 INFO  [org.apa.kaf.cli.con.int.ConsumerRebalanceListenerInvoker] (ForkJoinPool.commonPool-worker-3) [Consumer clientId=consumer-Consumer-topic-db5fdaf4_8d97_4486_ab47_920a0e84e710-32, groupId=Consumer-topic-db5fdaf4_8d97_4486_ab47_920a0e84e710] Revoke previously assigned partitions topic-db5fdaf4_8d97_4486_ab47_920a0e84e710-0
2025-09-26 11:15:10,585 INFO  [org.apa.kaf.cli.con.int.ConsumerCoordinator] (ForkJoinPool.commonPool-worker-3) [Consumer clientId=consumer-Consumer-topic-db5fdaf4_8d97_4486_ab47_920a0e84e710-32, groupId=Consumer-topic-db5fdaf4_8d97_4486_ab47_920a0e84e710] Member consumer-Consumer-topic-db5fdaf4_8d97_4486_ab47_920a0e84e710-32-4c355848-9a63-44cb-b9b1-ef990c295d51 sending LeaveGroup request to coordinator localhost:32769 (id: 2147483647 rack: null) due to the consumer is being closed
2025-09-26 11:15:10,585 INFO  [org.apa.kaf.cli.con.int.ConsumerCoordinator] (ForkJoinPool.commonPool-worker-3) [Consumer clientId=consumer-Consumer-topic-db5fdaf4_8d97_4486_ab47_920a0e84e710-32, groupId=Consumer-topic-db5fdaf4_8d97_4486_ab47_920a0e84e710] Resetting generation and member id due to: consumer pro-actively leaving the group
2025-09-26 11:15:10,585 INFO  [org.apa.kaf.cli.con.int.ConsumerCoordinator] (ForkJoinPool.commonPool-worker-3) [Consumer clientId=consumer-Consumer-topic-db5fdaf4_8d97_4486_ab47_920a0e84e710-32, groupId=Consumer-topic-db5fdaf4_8d97_4486_ab47_920a0e84e710] Request joining group due to: consumer pro-actively leaving the group
2025-09-26 11:15:11,080 INFO  [org.apa.kaf.com.met.Metrics] (ForkJoinPool.commonPool-worker-3) Metrics scheduler closed
2025-09-26 11:15:11,080 INFO  [org.apa.kaf.com.met.Metrics] (ForkJoinPool.commonPool-worker-3) Closing reporter org.apache.kafka.common.metrics.JmxReporter
2025-09-26 11:15:11,080 INFO  [org.apa.kaf.com.met.Metrics] (ForkJoinPool.commonPool-worker-3) Closing reporter org.apache.kafka.common.telemetry.internals.ClientTelemetryReporter
2025-09-26 11:15:11,080 INFO  [org.apa.kaf.com.met.Metrics] (ForkJoinPool.commonPool-worker-3) Metrics reporters closed
2025-09-26 11:15:11,082 INFO  [org.apa.kaf.com.uti.AppInfoParser] (ForkJoinPool.commonPool-worker-3) App info kafka.consumer for consumer-Consumer-topic-db5fdaf4_8d97_4486_ab47_920a0e84e710-32 unregistered
2025-09-26 11:15:11,082 INFO  [io.api.tes.uti.TestSeparator] (main) io.apicurio.tests.serdes.apicurio.ProtobufSerdeIT.testFindLatestAndUseBody-FINISHED
2025-09-26 11:15:11,082 INFO  [io.api.tes.uti.TestSeparator] (main) ############################################################################
Test passed: testFindLatestAndUseBody
]]></system-out>
  </testcase>
  <testcase name="testConsumeDynamicMessage" classname="io.apicurio.tests.serdes.apicurio.ProtobufSerdeIT" time="1.109">
    <system-out><![CDATA[2025-09-26 11:15:11,083 INFO  [io.api.tes.uti.TestSeparator] (main) ############################################################################
2025-09-26 11:15:11,083 INFO  [io.api.tes.uti.TestSeparator] (main) io.apicurio.tests.serdes.apicurio.ProtobufSerdeIT.testConsumeDynamicMessage-STARTED
2025-09-26 11:15:12,192 INFO  [io.api.tes.uti.TestSeparator] (main) io.apicurio.tests.serdes.apicurio.ProtobufSerdeIT.testConsumeDynamicMessage-FINISHED
2025-09-26 11:15:12,192 INFO  [io.api.tes.uti.TestSeparator] (main) ############################################################################
Test passed: testConsumeDynamicMessage
]]></system-out>
  </testcase>
  <testcase name="testAutoRegisterDynamicMessageProtobufType" classname="io.apicurio.tests.serdes.apicurio.ProtobufSerdeIT" time="4.749">
    <system-out><![CDATA[2025-09-26 11:15:12,193 INFO  [io.api.tes.uti.TestSeparator] (main) ############################################################################
2025-09-26 11:15:12,193 INFO  [io.api.tes.uti.TestSeparator] (main) io.apicurio.tests.serdes.apicurio.ProtobufSerdeIT.testAutoRegisterDynamicMessageProtobufType-STARTED
**** Registry Base URL: http://registry-app-inmemory.apps.ci419.apicurio-testing.org:80
2025-09-26 11:15:12,194 INFO  [org.apa.kaf.cli.pro.ProducerConfig] (main) ProducerConfig values: 
	acks = -1
	auto.include.jmx.reporter = true
	batch.size = 16384
	bootstrap.servers = [PLAINTEXT://localhost:32769]
	buffer.memory = 33554432
	client.dns.lookup = use_all_dns_ips
	client.id = Producer-topic-4f19ea0e_781f_4e55_9263_71c78fb5b11d
	compression.gzip.level = -1
	compression.lz4.level = 9
	compression.type = none
	compression.zstd.level = 3
	connections.max.idle.ms = 10000
	delivery.timeout.ms = 120000
	enable.idempotence = true
	enable.metrics.push = true
	interceptor.classes = []
	key.serializer = class org.apache.kafka.common.serialization.StringSerializer
	linger.ms = 0
	max.block.ms = 60000
	max.in.flight.requests.per.connection = 5
	max.request.size = 1048576
	metadata.max.age.ms = 300000
	metadata.max.idle.ms = 300000
	metadata.recovery.strategy = none
	metric.reporters = []
	metrics.num.samples = 2
	metrics.recording.level = INFO
	metrics.sample.window.ms = 30000
	partitioner.adaptive.partitioning.enable = true
	partitioner.availability.timeout.ms = 0
	partitioner.class = null
	partitioner.ignore.keys = false
	receive.buffer.bytes = 32768
	reconnect.backoff.max.ms = 1000
	reconnect.backoff.ms = 50
	request.timeout.ms = 5000
	retries = 2147483647
	retry.backoff.max.ms = 1000
	retry.backoff.ms = 100
	sasl.client.callback.handler.class = null
	sasl.jaas.config = null
	sasl.kerberos.kinit.cmd = /usr/bin/kinit
	sasl.kerberos.min.time.before.relogin = 60000
	sasl.kerberos.service.name = null
	sasl.kerberos.ticket.renew.jitter = 0.05
	sasl.kerberos.ticket.renew.window.factor = 0.8
	sasl.login.callback.handler.class = null
	sasl.login.class = null
	sasl.login.connect.timeout.ms = null
	sasl.login.read.timeout.ms = null
	sasl.login.refresh.buffer.seconds = 300
	sasl.login.refresh.min.period.seconds = 60
	sasl.login.refresh.window.factor = 0.8
	sasl.login.refresh.window.jitter = 0.05
	sasl.login.retry.backoff.max.ms = 10000
	sasl.login.retry.backoff.ms = 100
	sasl.mechanism = GSSAPI
	sasl.oauthbearer.clock.skew.seconds = 30
	sasl.oauthbearer.expected.audience = null
	sasl.oauthbearer.expected.issuer = null
	sasl.oauthbearer.header.urlencode = false
	sasl.oauthbearer.jwks.endpoint.refresh.ms = 3600000
	sasl.oauthbearer.jwks.endpoint.retry.backoff.max.ms = 10000
	sasl.oauthbearer.jwks.endpoint.retry.backoff.ms = 100
	sasl.oauthbearer.jwks.endpoint.url = null
	sasl.oauthbearer.scope.claim.name = scope
	sasl.oauthbearer.sub.claim.name = sub
	sasl.oauthbearer.token.endpoint.url = null
	security.protocol = PLAINTEXT
	security.providers = null
	send.buffer.bytes = 131072
	socket.connection.setup.timeout.max.ms = 30000
	socket.connection.setup.timeout.ms = 10000
	ssl.cipher.suites = null
	ssl.enabled.protocols = [TLSv1.2, TLSv1.3]
	ssl.endpoint.identification.algorithm = https
	ssl.engine.factory.class = null
	ssl.key.password = null
	ssl.keymanager.algorithm = SunX509
	ssl.keystore.certificate.chain = null
	ssl.keystore.key = null
	ssl.keystore.location = null
	ssl.keystore.password = null
	ssl.keystore.type = JKS
	ssl.protocol = TLSv1.3
	ssl.provider = null
	ssl.secure.random.implementation = null
	ssl.trustmanager.algorithm = PKIX
	ssl.truststore.certificates = null
	ssl.truststore.location = null
	ssl.truststore.password = null
	ssl.truststore.type = JKS
	transaction.timeout.ms = 60000
	transactional.id = null
	value.serializer = class io.apicurio.registry.serde.protobuf.ProtobufKafkaSerializer

2025-09-26 11:15:12,194 INFO  [org.apa.kaf.com.tel.int.KafkaMetricsCollector] (main) initializing Kafka metrics collector
2025-09-26 11:15:12,197 INFO  [org.apa.kaf.cli.pro.KafkaProducer] (main) [Producer clientId=Producer-topic-4f19ea0e_781f_4e55_9263_71c78fb5b11d] Instantiated an idempotent producer.
2025-09-26 11:15:12,198 INFO  [org.apa.kaf.cli.pro.ProducerConfig] (main) These configurations '[apicurio.registry.url, apicurio.registry.auto-register, apicurio.registry.artifact-resolver-strategy]' were supplied but are not used yet.
2025-09-26 11:15:12,198 INFO  [org.apa.kaf.com.uti.AppInfoParser] (main) Kafka version: 3.9.1
2025-09-26 11:15:12,198 INFO  [org.apa.kaf.com.uti.AppInfoParser] (main) Kafka commitId: f745dfdcee2b9851
2025-09-26 11:15:12,198 INFO  [org.apa.kaf.com.uti.AppInfoParser] (main) Kafka startTimeMs: 1758885312198
2025-09-26 11:15:12,198 INFO  [io.api.tes.ser.api.SimpleSerdesTesterBuilder$SimpleSerdesTester] (main) Using producer configuration: {apicurio.registry.url=http://registry-app-inmemory.apps.ci419.apicurio-testing.org:80/apis/registry/v3, apicurio.registry.auto-register=true, apicurio.registry.artifact-resolver-strategy=io.apicurio.registry.serde.strategy.TopicIdStrategy, value.serializer=io.apicurio.registry.serde.protobuf.ProtobufKafkaSerializer, request.timeout.ms=5000, acks=all, bootstrap.servers=PLAINTEXT://localhost:32769, connections.max.idle.ms=10000, key.serializer=org.apache.kafka.common.serialization.StringSerializer, client.id=Producer-topic-4f19ea0e_781f_4e55_9263_71c78fb5b11d}
2025-09-26 11:15:12,198 INFO  [io.api.tes.ser.api.SimpleSerdesTesterBuilder$SimpleSerdesTester] (main) Using consumer configuration: {apicurio.registry.deserializer.value.return-class=com.google.protobuf.DynamicMessage}
2025-09-26 11:15:12,198 INFO  [io.api.tes.ser.api.KafkaSerdesTester] (ForkJoinPool.commonPool-worker-3) Sending message header {
  time {
  }
}
d1: 1.758885312198E12
s1: "a"
i1: 123
bi1: 1
point {
  longitude: 22.0
  latitude: 22.0
  altitude: 1.0
}
 to topic topic-4f19ea0e_781f_4e55_9263_71c78fb5b11d
2025-09-26 11:15:12,201 WARN  [org.apa.kaf.cli.NetworkClient] (kafka-producer-network-thread | Producer-topic-4f19ea0e_781f_4e55_9263_71c78fb5b11d) [Producer clientId=Producer-topic-4f19ea0e_781f_4e55_9263_71c78fb5b11d] The metadata response from the cluster reported a recoverable issue with correlation id 1 : {topic-4f19ea0e_781f_4e55_9263_71c78fb5b11d=UNKNOWN_TOPIC_OR_PARTITION}
2025-09-26 11:15:12,201 INFO  [org.apa.kaf.cli.Metadata] (kafka-producer-network-thread | Producer-topic-4f19ea0e_781f_4e55_9263_71c78fb5b11d) [Producer clientId=Producer-topic-4f19ea0e_781f_4e55_9263_71c78fb5b11d] Cluster ID: X5UxcvqSRVGy35VKMRH4NQ
2025-09-26 11:15:12,201 INFO  [org.apa.kaf.cli.pro.int.TransactionManager] (kafka-producer-network-thread | Producer-topic-4f19ea0e_781f_4e55_9263_71c78fb5b11d) [Producer clientId=Producer-topic-4f19ea0e_781f_4e55_9263_71c78fb5b11d] ProducerId set to 43 with epoch 0
2025-09-26 11:15:12,483 INFO  [io.api.tes.ser.api.KafkaSerdesTester] (ForkJoinPool.commonPool-worker-3) Sending message header {
  time {
  }
}
d1: 1.758885312483E12
s1: "a"
i1: 123
bi1: 1
point {
  longitude: 22.0
  latitude: 22.0
  altitude: 1.0
}
 to topic topic-4f19ea0e_781f_4e55_9263_71c78fb5b11d
2025-09-26 11:15:12,541 INFO  [io.api.tes.ser.api.KafkaSerdesTester] (ForkJoinPool.commonPool-worker-3) Sending message header {
  time {
  }
}
d1: 1.758885312541E12
s1: "a"
i1: 123
bi1: 1
point {
  longitude: 22.0
  latitude: 22.0
  altitude: 1.0
}
 to topic topic-4f19ea0e_781f_4e55_9263_71c78fb5b11d
2025-09-26 11:15:12,598 INFO  [io.api.tes.ser.api.KafkaSerdesTester] (ForkJoinPool.commonPool-worker-3) Sending message header {
  time {
  }
}
d1: 1.758885312598E12
s1: "a"
i1: 123
bi1: 1
point {
  longitude: 22.0
  latitude: 22.0
  altitude: 1.0
}
 to topic topic-4f19ea0e_781f_4e55_9263_71c78fb5b11d
2025-09-26 11:15:12,655 INFO  [io.api.tes.ser.api.KafkaSerdesTester] (ForkJoinPool.commonPool-worker-3) Sending message header {
  time {
  }
}
d1: 1.758885312655E12
s1: "a"
i1: 123
bi1: 1
point {
  longitude: 22.0
  latitude: 22.0
  altitude: 1.0
}
 to topic topic-4f19ea0e_781f_4e55_9263_71c78fb5b11d
2025-09-26 11:15:12,711 INFO  [io.api.tes.ser.api.KafkaSerdesTester] (ForkJoinPool.commonPool-worker-3) Sending message header {
  time {
  }
}
d1: 1.758885312711E12
s1: "a"
i1: 123
bi1: 1
point {
  longitude: 22.0
  latitude: 22.0
  altitude: 1.0
}
 to topic topic-4f19ea0e_781f_4e55_9263_71c78fb5b11d
2025-09-26 11:15:12,774 INFO  [io.api.tes.ser.api.KafkaSerdesTester] (ForkJoinPool.commonPool-worker-3) Sending message header {
  time {
  }
}
d1: 1.758885312774E12
s1: "a"
i1: 123
bi1: 1
point {
  longitude: 22.0
  latitude: 22.0
  altitude: 1.0
}
 to topic topic-4f19ea0e_781f_4e55_9263_71c78fb5b11d
2025-09-26 11:15:12,831 INFO  [io.api.tes.ser.api.KafkaSerdesTester] (ForkJoinPool.commonPool-worker-3) Sending message header {
  time {
  }
}
d1: 1.758885312831E12
s1: "a"
i1: 123
bi1: 1
point {
  longitude: 22.0
  latitude: 22.0
  altitude: 1.0
}
 to topic topic-4f19ea0e_781f_4e55_9263_71c78fb5b11d
2025-09-26 11:15:12,887 INFO  [io.api.tes.ser.api.KafkaSerdesTester] (ForkJoinPool.commonPool-worker-3) Sending message header {
  time {
  }
}
d1: 1.758885312887E12
s1: "a"
i1: 123
bi1: 1
point {
  longitude: 22.0
  latitude: 22.0
  altitude: 1.0
}
 to topic topic-4f19ea0e_781f_4e55_9263_71c78fb5b11d
2025-09-26 11:15:12,943 INFO  [io.api.tes.ser.api.KafkaSerdesTester] (ForkJoinPool.commonPool-worker-3) Sending message header {
  time {
  }
}
d1: 1.758885312943E12
s1: "a"
i1: 123
bi1: 1
point {
  longitude: 22.0
  latitude: 22.0
  altitude: 1.0
}
 to topic topic-4f19ea0e_781f_4e55_9263_71c78fb5b11d
2025-09-26 11:15:12,998 INFO  [io.api.tes.ser.api.KafkaSerdesTester] (ForkJoinPool.commonPool-worker-3) Produced 10 messages
2025-09-26 11:15:12,998 INFO  [org.apa.kaf.cli.pro.KafkaProducer] (ForkJoinPool.commonPool-worker-3) [Producer clientId=Producer-topic-4f19ea0e_781f_4e55_9263_71c78fb5b11d] Closing the Kafka producer with timeoutMillis = 9223372036854775807 ms.
2025-09-26 11:15:12,999 INFO  [org.apa.kaf.com.met.Metrics] (ForkJoinPool.commonPool-worker-3) Metrics scheduler closed
2025-09-26 11:15:12,999 INFO  [org.apa.kaf.com.met.Metrics] (ForkJoinPool.commonPool-worker-3) Closing reporter org.apache.kafka.common.metrics.JmxReporter
2025-09-26 11:15:12,999 INFO  [org.apa.kaf.com.met.Metrics] (ForkJoinPool.commonPool-worker-3) Closing reporter org.apache.kafka.common.telemetry.internals.ClientTelemetryReporter
2025-09-26 11:15:12,999 INFO  [org.apa.kaf.com.met.Metrics] (ForkJoinPool.commonPool-worker-3) Metrics reporters closed
2025-09-26 11:15:12,999 INFO  [org.apa.kaf.com.uti.AppInfoParser] (ForkJoinPool.commonPool-worker-3) App info kafka.producer for Producer-topic-4f19ea0e_781f_4e55_9263_71c78fb5b11d unregistered
**** Registry Base URL: http://registry-app-inmemory.apps.ci419.apicurio-testing.org:80
2025-09-26 11:15:13,101 INFO  [org.apa.kaf.cli.con.ConsumerConfig] (main) ConsumerConfig values: 
	allow.auto.create.topics = true
	auto.commit.interval.ms = 500
	auto.include.jmx.reporter = true
	auto.offset.reset = earliest
	bootstrap.servers = [PLAINTEXT://localhost:32769]
	check.crcs = true
	client.dns.lookup = use_all_dns_ips
	client.id = consumer-Consumer-topic-4f19ea0e_781f_4e55_9263_71c78fb5b11d-33
	client.rack = 
	connections.max.idle.ms = 10000
	default.api.timeout.ms = 60000
	enable.auto.commit = true
	enable.metrics.push = true
	exclude.internal.topics = true
	fetch.max.bytes = 52428800
	fetch.max.wait.ms = 500
	fetch.min.bytes = 1
	group.id = Consumer-topic-4f19ea0e_781f_4e55_9263_71c78fb5b11d
	group.instance.id = null
	group.protocol = classic
	group.remote.assignor = null
	heartbeat.interval.ms = 3000
	interceptor.classes = []
	internal.leave.group.on.close = true
	internal.throw.on.fetch.stable.offset.unsupported = false
	isolation.level = read_uncommitted
	key.deserializer = class org.apache.kafka.common.serialization.StringDeserializer
	max.partition.fetch.bytes = 1048576
	max.poll.interval.ms = 300000
	max.poll.records = 500
	metadata.max.age.ms = 300000
	metadata.recovery.strategy = none
	metric.reporters = []
	metrics.num.samples = 2
	metrics.recording.level = INFO
	metrics.sample.window.ms = 30000
	partition.assignment.strategy = [class org.apache.kafka.clients.consumer.RangeAssignor, class org.apache.kafka.clients.consumer.CooperativeStickyAssignor]
	receive.buffer.bytes = 65536
	reconnect.backoff.max.ms = 1000
	reconnect.backoff.ms = 50
	request.timeout.ms = 5000
	retry.backoff.max.ms = 1000
	retry.backoff.ms = 100
	sasl.client.callback.handler.class = null
	sasl.jaas.config = null
	sasl.kerberos.kinit.cmd = /usr/bin/kinit
	sasl.kerberos.min.time.before.relogin = 60000
	sasl.kerberos.service.name = null
	sasl.kerberos.ticket.renew.jitter = 0.05
	sasl.kerberos.ticket.renew.window.factor = 0.8
	sasl.login.callback.handler.class = null
	sasl.login.class = null
	sasl.login.connect.timeout.ms = null
	sasl.login.read.timeout.ms = null
	sasl.login.refresh.buffer.seconds = 300
	sasl.login.refresh.min.period.seconds = 60
	sasl.login.refresh.window.factor = 0.8
	sasl.login.refresh.window.jitter = 0.05
	sasl.login.retry.backoff.max.ms = 10000
	sasl.login.retry.backoff.ms = 100
	sasl.mechanism = GSSAPI
	sasl.oauthbearer.clock.skew.seconds = 30
	sasl.oauthbearer.expected.audience = null
	sasl.oauthbearer.expected.issuer = null
	sasl.oauthbearer.header.urlencode = false
	sasl.oauthbearer.jwks.endpoint.refresh.ms = 3600000
	sasl.oauthbearer.jwks.endpoint.retry.backoff.max.ms = 10000
	sasl.oauthbearer.jwks.endpoint.retry.backoff.ms = 100
	sasl.oauthbearer.jwks.endpoint.url = null
	sasl.oauthbearer.scope.claim.name = scope
	sasl.oauthbearer.sub.claim.name = sub
	sasl.oauthbearer.token.endpoint.url = null
	security.protocol = PLAINTEXT
	security.providers = null
	send.buffer.bytes = 131072
	session.timeout.ms = 45000
	socket.connection.setup.timeout.max.ms = 30000
	socket.connection.setup.timeout.ms = 10000
	ssl.cipher.suites = null
	ssl.enabled.protocols = [TLSv1.2, TLSv1.3]
	ssl.endpoint.identification.algorithm = https
	ssl.engine.factory.class = null
	ssl.key.password = null
	ssl.keymanager.algorithm = SunX509
	ssl.keystore.certificate.chain = null
	ssl.keystore.key = null
	ssl.keystore.location = null
	ssl.keystore.password = null
	ssl.keystore.type = JKS
	ssl.protocol = TLSv1.3
	ssl.provider = null
	ssl.secure.random.implementation = null
	ssl.trustmanager.algorithm = PKIX
	ssl.truststore.certificates = null
	ssl.truststore.location = null
	ssl.truststore.password = null
	ssl.truststore.type = JKS
	value.deserializer = class io.apicurio.registry.serde.protobuf.ProtobufKafkaDeserializer

2025-09-26 11:15:13,101 INFO  [org.apa.kaf.com.tel.int.KafkaMetricsCollector] (main) initializing Kafka metrics collector
2025-09-26 11:15:13,105 INFO  [org.apa.kaf.cli.con.ConsumerConfig] (main) These configurations '[apicurio.registry.deserializer.value.return-class, apicurio.registry.url]' were supplied but are not used yet.
2025-09-26 11:15:13,105 INFO  [org.apa.kaf.com.uti.AppInfoParser] (main) Kafka version: 3.9.1
2025-09-26 11:15:13,105 INFO  [org.apa.kaf.com.uti.AppInfoParser] (main) Kafka commitId: f745dfdcee2b9851
2025-09-26 11:15:13,105 INFO  [org.apa.kaf.com.uti.AppInfoParser] (main) Kafka startTimeMs: 1758885313105
2025-09-26 11:15:13,105 INFO  [org.apa.kaf.cli.con.int.ClassicKafkaConsumer] (ForkJoinPool.commonPool-worker-3) [Consumer clientId=consumer-Consumer-topic-4f19ea0e_781f_4e55_9263_71c78fb5b11d-33, groupId=Consumer-topic-4f19ea0e_781f_4e55_9263_71c78fb5b11d] Subscribed to topic(s): topic-4f19ea0e_781f_4e55_9263_71c78fb5b11d
2025-09-26 11:15:13,107 INFO  [org.apa.kaf.cli.Metadata] (ForkJoinPool.commonPool-worker-3) [Consumer clientId=consumer-Consumer-topic-4f19ea0e_781f_4e55_9263_71c78fb5b11d-33, groupId=Consumer-topic-4f19ea0e_781f_4e55_9263_71c78fb5b11d] Cluster ID: X5UxcvqSRVGy35VKMRH4NQ
2025-09-26 11:15:13,107 INFO  [org.apa.kaf.cli.con.int.ConsumerCoordinator] (ForkJoinPool.commonPool-worker-3) [Consumer clientId=consumer-Consumer-topic-4f19ea0e_781f_4e55_9263_71c78fb5b11d-33, groupId=Consumer-topic-4f19ea0e_781f_4e55_9263_71c78fb5b11d] Discovered group coordinator localhost:32769 (id: 2147483647 rack: null)
2025-09-26 11:15:13,108 INFO  [org.apa.kaf.cli.con.int.ConsumerCoordinator] (ForkJoinPool.commonPool-worker-3) [Consumer clientId=consumer-Consumer-topic-4f19ea0e_781f_4e55_9263_71c78fb5b11d-33, groupId=Consumer-topic-4f19ea0e_781f_4e55_9263_71c78fb5b11d] (Re-)joining group
2025-09-26 11:15:13,109 INFO  [org.apa.kaf.cli.con.int.ConsumerCoordinator] (ForkJoinPool.commonPool-worker-3) [Consumer clientId=consumer-Consumer-topic-4f19ea0e_781f_4e55_9263_71c78fb5b11d-33, groupId=Consumer-topic-4f19ea0e_781f_4e55_9263_71c78fb5b11d] Request joining group due to: need to re-join with the given member-id: consumer-Consumer-topic-4f19ea0e_781f_4e55_9263_71c78fb5b11d-33-f2a50b57-64e5-406f-927d-a5422576bb3e
2025-09-26 11:15:13,109 INFO  [org.apa.kaf.cli.con.int.ConsumerCoordinator] (ForkJoinPool.commonPool-worker-3) [Consumer clientId=consumer-Consumer-topic-4f19ea0e_781f_4e55_9263_71c78fb5b11d-33, groupId=Consumer-topic-4f19ea0e_781f_4e55_9263_71c78fb5b11d] (Re-)joining group
2025-09-26 11:15:14,105 INFO  [io.api.tes.ser.api.KafkaSerdesTester] (ForkJoinPool.commonPool-worker-3) None found
2025-09-26 11:15:15,106 INFO  [io.api.tes.ser.api.KafkaSerdesTester] (ForkJoinPool.commonPool-worker-3) None found
2025-09-26 11:15:16,106 INFO  [io.api.tes.ser.api.KafkaSerdesTester] (ForkJoinPool.commonPool-worker-3) None found
2025-09-26 11:15:16,111 INFO  [org.apa.kaf.cli.con.int.ConsumerCoordinator] (ForkJoinPool.commonPool-worker-3) [Consumer clientId=consumer-Consumer-topic-4f19ea0e_781f_4e55_9263_71c78fb5b11d-33, groupId=Consumer-topic-4f19ea0e_781f_4e55_9263_71c78fb5b11d] Successfully joined group with generation Generation{generationId=1, memberId='consumer-Consumer-topic-4f19ea0e_781f_4e55_9263_71c78fb5b11d-33-f2a50b57-64e5-406f-927d-a5422576bb3e', protocol='range'}
2025-09-26 11:15:16,111 INFO  [org.apa.kaf.cli.con.int.ConsumerCoordinator] (ForkJoinPool.commonPool-worker-3) [Consumer clientId=consumer-Consumer-topic-4f19ea0e_781f_4e55_9263_71c78fb5b11d-33, groupId=Consumer-topic-4f19ea0e_781f_4e55_9263_71c78fb5b11d] Finished assignment for group at generation 1: {consumer-Consumer-topic-4f19ea0e_781f_4e55_9263_71c78fb5b11d-33-f2a50b57-64e5-406f-927d-a5422576bb3e=Assignment(partitions=[topic-4f19ea0e_781f_4e55_9263_71c78fb5b11d-0])}
2025-09-26 11:15:16,117 INFO  [org.apa.kaf.cli.con.int.ConsumerCoordinator] (ForkJoinPool.commonPool-worker-3) [Consumer clientId=consumer-Consumer-topic-4f19ea0e_781f_4e55_9263_71c78fb5b11d-33, groupId=Consumer-topic-4f19ea0e_781f_4e55_9263_71c78fb5b11d] Successfully synced group in generation Generation{generationId=1, memberId='consumer-Consumer-topic-4f19ea0e_781f_4e55_9263_71c78fb5b11d-33-f2a50b57-64e5-406f-927d-a5422576bb3e', protocol='range'}
2025-09-26 11:15:16,117 INFO  [org.apa.kaf.cli.con.int.ConsumerCoordinator] (ForkJoinPool.commonPool-worker-3) [Consumer clientId=consumer-Consumer-topic-4f19ea0e_781f_4e55_9263_71c78fb5b11d-33, groupId=Consumer-topic-4f19ea0e_781f_4e55_9263_71c78fb5b11d] Notifying assignor about the new Assignment(partitions=[topic-4f19ea0e_781f_4e55_9263_71c78fb5b11d-0])
2025-09-26 11:15:16,117 INFO  [org.apa.kaf.cli.con.int.ConsumerRebalanceListenerInvoker] (ForkJoinPool.commonPool-worker-3) [Consumer clientId=consumer-Consumer-topic-4f19ea0e_781f_4e55_9263_71c78fb5b11d-33, groupId=Consumer-topic-4f19ea0e_781f_4e55_9263_71c78fb5b11d] Adding newly assigned partitions: topic-4f19ea0e_781f_4e55_9263_71c78fb5b11d-0
2025-09-26 11:15:16,118 INFO  [org.apa.kaf.cli.con.int.ConsumerCoordinator] (ForkJoinPool.commonPool-worker-3) [Consumer clientId=consumer-Consumer-topic-4f19ea0e_781f_4e55_9263_71c78fb5b11d-33, groupId=Consumer-topic-4f19ea0e_781f_4e55_9263_71c78fb5b11d] Found no committed offset for partition topic-4f19ea0e_781f_4e55_9263_71c78fb5b11d-0
2025-09-26 11:15:16,120 INFO  [org.apa.kaf.cli.con.int.SubscriptionState] (ForkJoinPool.commonPool-worker-3) [Consumer clientId=consumer-Consumer-topic-4f19ea0e_781f_4e55_9263_71c78fb5b11d-33, groupId=Consumer-topic-4f19ea0e_781f_4e55_9263_71c78fb5b11d] Resetting offset for partition topic-4f19ea0e_781f_4e55_9263_71c78fb5b11d-0 to position FetchPosition{offset=0, offsetEpoch=Optional.empty, currentLeader=LeaderAndEpoch{leader=Optional[localhost:32769 (id: 0 rack: null)], epoch=0}}.
2025-09-26 11:15:16,385 INFO  [io.api.tes.ser.api.KafkaSerdesTester] (ForkJoinPool.commonPool-worker-3) topic-4f19ea0e_781f_4e55_9263_71c78fb5b11d 0 0 header {
  time {
  }
}
d1: 1.758885312198E12
s1: "a"
i1: 123
bi1: 1
point {
  longitude: 22.0
  latitude: 22.0
  altitude: 1.0
}

2025-09-26 11:15:16,385 INFO  [io.api.tes.ser.api.KafkaSerdesTester] (ForkJoinPool.commonPool-worker-3) topic-4f19ea0e_781f_4e55_9263_71c78fb5b11d 0 1 header {
  time {
  }
}
d1: 1.758885312483E12
s1: "a"
i1: 123
bi1: 1
point {
  longitude: 22.0
  latitude: 22.0
  altitude: 1.0
}

2025-09-26 11:15:16,385 INFO  [io.api.tes.ser.api.KafkaSerdesTester] (ForkJoinPool.commonPool-worker-3) topic-4f19ea0e_781f_4e55_9263_71c78fb5b11d 0 2 header {
  time {
  }
}
d1: 1.758885312541E12
s1: "a"
i1: 123
bi1: 1
point {
  longitude: 22.0
  latitude: 22.0
  altitude: 1.0
}

2025-09-26 11:15:16,385 INFO  [io.api.tes.ser.api.KafkaSerdesTester] (ForkJoinPool.commonPool-worker-3) topic-4f19ea0e_781f_4e55_9263_71c78fb5b11d 0 3 header {
  time {
  }
}
d1: 1.758885312598E12
s1: "a"
i1: 123
bi1: 1
point {
  longitude: 22.0
  latitude: 22.0
  altitude: 1.0
}

2025-09-26 11:15:16,385 INFO  [io.api.tes.ser.api.KafkaSerdesTester] (ForkJoinPool.commonPool-worker-3) topic-4f19ea0e_781f_4e55_9263_71c78fb5b11d 0 4 header {
  time {
  }
}
d1: 1.758885312655E12
s1: "a"
i1: 123
bi1: 1
point {
  longitude: 22.0
  latitude: 22.0
  altitude: 1.0
}

2025-09-26 11:15:16,385 INFO  [io.api.tes.ser.api.KafkaSerdesTester] (ForkJoinPool.commonPool-worker-3) topic-4f19ea0e_781f_4e55_9263_71c78fb5b11d 0 5 header {
  time {
  }
}
d1: 1.758885312711E12
s1: "a"
i1: 123
bi1: 1
point {
  longitude: 22.0
  latitude: 22.0
  altitude: 1.0
}

2025-09-26 11:15:16,385 INFO  [io.api.tes.ser.api.KafkaSerdesTester] (ForkJoinPool.commonPool-worker-3) topic-4f19ea0e_781f_4e55_9263_71c78fb5b11d 0 6 header {
  time {
  }
}
d1: 1.758885312774E12
s1: "a"
i1: 123
bi1: 1
point {
  longitude: 22.0
  latitude: 22.0
  altitude: 1.0
}

2025-09-26 11:15:16,385 INFO  [io.api.tes.ser.api.KafkaSerdesTester] (ForkJoinPool.commonPool-worker-3) topic-4f19ea0e_781f_4e55_9263_71c78fb5b11d 0 7 header {
  time {
  }
}
d1: 1.758885312831E12
s1: "a"
i1: 123
bi1: 1
point {
  longitude: 22.0
  latitude: 22.0
  altitude: 1.0
}

2025-09-26 11:15:16,385 INFO  [io.api.tes.ser.api.KafkaSerdesTester] (ForkJoinPool.commonPool-worker-3) topic-4f19ea0e_781f_4e55_9263_71c78fb5b11d 0 8 header {
  time {
  }
}
d1: 1.758885312887E12
s1: "a"
i1: 123
bi1: 1
point {
  longitude: 22.0
  latitude: 22.0
  altitude: 1.0
}

2025-09-26 11:15:16,385 INFO  [io.api.tes.ser.api.KafkaSerdesTester] (ForkJoinPool.commonPool-worker-3) topic-4f19ea0e_781f_4e55_9263_71c78fb5b11d 0 9 header {
  time {
  }
}
d1: 1.758885312943E12
s1: "a"
i1: 123
bi1: 1
point {
  longitude: 22.0
  latitude: 22.0
  altitude: 1.0
}

2025-09-26 11:15:16,385 INFO  [io.api.tes.ser.api.KafkaSerdesTester] (ForkJoinPool.commonPool-worker-3) Consumed 10 messages
2025-09-26 11:15:16,392 INFO  [org.apa.kaf.cli.con.int.ConsumerRebalanceListenerInvoker] (ForkJoinPool.commonPool-worker-3) [Consumer clientId=consumer-Consumer-topic-4f19ea0e_781f_4e55_9263_71c78fb5b11d-33, groupId=Consumer-topic-4f19ea0e_781f_4e55_9263_71c78fb5b11d] Revoke previously assigned partitions topic-4f19ea0e_781f_4e55_9263_71c78fb5b11d-0
2025-09-26 11:15:16,392 INFO  [org.apa.kaf.cli.con.int.ConsumerCoordinator] (ForkJoinPool.commonPool-worker-3) [Consumer clientId=consumer-Consumer-topic-4f19ea0e_781f_4e55_9263_71c78fb5b11d-33, groupId=Consumer-topic-4f19ea0e_781f_4e55_9263_71c78fb5b11d] Member consumer-Consumer-topic-4f19ea0e_781f_4e55_9263_71c78fb5b11d-33-f2a50b57-64e5-406f-927d-a5422576bb3e sending LeaveGroup request to coordinator localhost:32769 (id: 2147483647 rack: null) due to the consumer is being closed
2025-09-26 11:15:16,392 INFO  [org.apa.kaf.cli.con.int.ConsumerCoordinator] (ForkJoinPool.commonPool-worker-3) [Consumer clientId=consumer-Consumer-topic-4f19ea0e_781f_4e55_9263_71c78fb5b11d-33, groupId=Consumer-topic-4f19ea0e_781f_4e55_9263_71c78fb5b11d] Resetting generation and member id due to: consumer pro-actively leaving the group
2025-09-26 11:15:16,392 INFO  [org.apa.kaf.cli.con.int.ConsumerCoordinator] (ForkJoinPool.commonPool-worker-3) [Consumer clientId=consumer-Consumer-topic-4f19ea0e_781f_4e55_9263_71c78fb5b11d-33, groupId=Consumer-topic-4f19ea0e_781f_4e55_9263_71c78fb5b11d] Request joining group due to: consumer pro-actively leaving the group
2025-09-26 11:15:16,887 INFO  [org.apa.kaf.com.met.Metrics] (ForkJoinPool.commonPool-worker-3) Metrics scheduler closed
2025-09-26 11:15:16,887 INFO  [org.apa.kaf.com.met.Metrics] (ForkJoinPool.commonPool-worker-3) Closing reporter org.apache.kafka.common.metrics.JmxReporter
2025-09-26 11:15:16,887 INFO  [org.apa.kaf.com.met.Metrics] (ForkJoinPool.commonPool-worker-3) Closing reporter org.apache.kafka.common.telemetry.internals.ClientTelemetryReporter
2025-09-26 11:15:16,887 INFO  [org.apa.kaf.com.met.Metrics] (ForkJoinPool.commonPool-worker-3) Metrics reporters closed
2025-09-26 11:15:16,889 INFO  [org.apa.kaf.com.uti.AppInfoParser] (ForkJoinPool.commonPool-worker-3) App info kafka.consumer for consumer-Consumer-topic-4f19ea0e_781f_4e55_9263_71c78fb5b11d-33 unregistered
2025-09-26 11:15:16,942 INFO  [io.api.tes.uti.TestSeparator] (main) io.apicurio.tests.serdes.apicurio.ProtobufSerdeIT.testAutoRegisterDynamicMessageProtobufType-FINISHED
2025-09-26 11:15:16,942 INFO  [io.api.tes.uti.TestSeparator] (main) ############################################################################
Test passed: testAutoRegisterDynamicMessageProtobufType
]]></system-out>
  </testcase>
</testsuite>