<?xml version="1.0" encoding="UTF-8"?>
<testsuite xmlns:xsi="http://www.w3.org/2001/XMLSchema-instance" xsi:noNamespaceSchemaLocation="https://maven.apache.org/surefire/maven-failsafe-plugin/xsd/failsafe-test-report.xsd" version="3.0.2" name="io.apicurio.tests.serdes.apicurio.AvroSerdeIT" time="110.82" tests="21" errors="0" skipped="2" failures="0">
  <properties>
    <property name="java.specification.version" value="17"/>
    <property name="sun.jnu.encoding" value="UTF-8"/>
    <property name="java.class.path" value="/home/runner/work/apicurio-testing/apicurio-testing/clusters/ci419/namespaces/mysql/tests/integration/apicurio-registry/integration-tests/target/test-classes:/home/runner/work/apicurio-testing/apicurio-testing/clusters/ci419/namespaces/mysql/tests/integration/apicurio-registry/integration-tests/target/apicurio-registry-integration-tests-3.0.12-SNAPSHOT.jar:/home/runner/.m2/repository/io/quarkus/quarkus-junit5/3.20.2/quarkus-junit5-3.20.2.jar:/home/runner/.m2/repository/io/quarkus/quarkus-bootstrap-core/3.20.2/quarkus-bootstrap-core-3.20.2.jar:/home/runner/.m2/repository/io/quarkus/quarkus-classloader-commons/3.20.2/quarkus-classloader-commons-3.20.2.jar:/home/runner/.m2/repository/io/quarkus/quarkus-bootstrap-app-model/3.20.2/quarkus-bootstrap-app-model-3.20.2.jar:/home/runner/.m2/repository/io/smallrye/common/smallrye-common-io/2.12.0/smallrye-common-io-2.12.0.jar:/home/runner/.m2/repository/org/eclipse/sisu/org.eclipse.sisu.inject/0.9.0.M3/org.eclipse.sisu.inject-0.9.0.M3.jar:/home/runner/.m2/repository/io/quarkus/quarkus-test-common/3.20.2/quarkus-test-common-3.20.2.jar:/home/runner/.m2/repository/io/quarkus/quarkus-core-deployment/3.20.2/quarkus-core-deployment-3.20.2.jar:/home/runner/.m2/repository/org/aesh/readline/2.6/readline-2.6.jar:/home/runner/.m2/repository/org/fusesource/jansi/jansi/2.4.0/jansi-2.4.0.jar:/home/runner/.m2/repository/org/aesh/aesh/2.8.2/aesh-2.8.2.jar:/home/runner/.m2/repository/io/quarkus/gizmo/gizmo/1.8.0/gizmo-1.8.0.jar:/home/runner/.m2/repository/org/ow2/asm/asm-util/9.7.1/asm-util-9.7.1.jar:/home/runner/.m2/repository/org/ow2/asm/asm-analysis/9.7.1/asm-analysis-9.7.1.jar:/home/runner/.m2/repository/org/ow2/asm/asm-commons/9.7.1/asm-commons-9.7.1.jar:/home/runner/.m2/repository/org/ow2/asm/asm-tree/9.7.1/asm-tree-9.7.1.jar:/home/runner/.m2/repository/io/quarkus/quarkus-hibernate-validator-spi/3.20.2/quarkus-hibernate-validator-spi-3.20.2.jar:/home/runner/.m2/repository/io/quarkus/quarkus-class-change-agent/3.20.2/quarkus-class-change-agent-3.20.2.jar:/home/runner/.m2/repository/io/quarkus/quarkus-devtools-utilities/3.20.2/quarkus-devtools-utilities-3.20.2.jar:/home/runner/.m2/repository/io/quarkus/quarkus-builder/3.20.2/quarkus-builder-3.20.2.jar:/home/runner/.m2/repository/org/graalvm/sdk/nativeimage/23.1.2/nativeimage-23.1.2.jar:/home/runner/.m2/repository/org/graalvm/sdk/word/23.1.2/word-23.1.2.jar:/home/runner/.m2/repository/io/quarkus/quarkus-bootstrap-maven-resolver/3.20.2/quarkus-bootstrap-maven-resolver-3.20.2.jar:/home/runner/.m2/repository/io/smallrye/beanbag/smallrye-beanbag-maven/1.5.2/smallrye-beanbag-maven-1.5.2.jar:/home/runner/.m2/repository/io/smallrye/beanbag/smallrye-beanbag-sisu/1.5.2/smallrye-beanbag-sisu-1.5.2.jar:/home/runner/.m2/repository/io/smallrye/beanbag/smallrye-beanbag/1.5.2/smallrye-beanbag-1.5.2.jar:/home/runner/.m2/repository/javax/inject/javax.inject/1/javax.inject-1.jar:/home/runner/.m2/repository/org/apache/maven/maven-artifact/3.9.9/maven-artifact-3.9.9.jar:/home/runner/.m2/repository/org/apache/maven/maven-builder-support/3.9.9/maven-builder-support-3.9.9.jar:/home/runner/.m2/repository/org/apache/maven/maven-model/3.9.9/maven-model-3.9.9.jar:/home/runner/.m2/repository/org/apache/maven/maven-model-builder/3.9.9/maven-model-builder-3.9.9.jar:/home/runner/.m2/repository/org/apache/maven/maven-repository-metadata/3.9.9/maven-repository-metadata-3.9.9.jar:/home/runner/.m2/repository/org/apache/maven/maven-settings/3.9.9/maven-settings-3.9.9.jar:/home/runner/.m2/repository/org/apache/maven/resolver/maven-resolver-api/1.9.22/maven-resolver-api-1.9.22.jar:/home/runner/.m2/repository/org/apache/maven/resolver/maven-resolver-impl/1.9.22/maven-resolver-impl-1.9.22.jar:/home/runner/.m2/repository/org/apache/maven/resolver/maven-resolver-named-locks/1.9.22/maven-resolver-named-locks-1.9.22.jar:/home/runner/.m2/repository/org/apache/maven/resolver/maven-resolver-spi/1.9.22/maven-resolver-spi-1.9.22.jar:/home/runner/.m2/repository/org/apache/maven/resolver/maven-resolver-util/1.9.22/maven-resolver-util-1.9.22.jar:/home/runner/.m2/repository/org/apache/maven/resolver/maven-resolver-transport-http/1.9.20/maven-resolver-transport-http-1.9.20.jar:/home/runner/.m2/repository/org/apache/maven/wagon/wagon-provider-api/3.5.3/wagon-provider-api-3.5.3.jar:/home/runner/.m2/repository/org/apache/maven/wagon/wagon-http-shared/3.5.3/wagon-http-shared-3.5.3.jar:/home/runner/.m2/repository/org/codehaus/plexus/plexus-interpolation/1.26/plexus-interpolation-1.26.jar:/home/runner/.m2/repository/org/codehaus/plexus/plexus-utils/3.5.1/plexus-utils-3.5.1.jar:/home/runner/.m2/repository/org/codehaus/plexus/plexus-xml/4.0.1/plexus-xml-4.0.1.jar:/home/runner/.m2/repository/org/apache/maven/maven-xml-impl/4.0.0-alpha-5/maven-xml-impl-4.0.0-alpha-5.jar:/home/runner/.m2/repository/org/apache/maven/maven-api-xml/4.0.0-alpha-5/maven-api-xml-4.0.0-alpha-5.jar:/home/runner/.m2/repository/org/apache/maven/maven-api-meta/4.0.0-alpha-5/maven-api-meta-4.0.0-alpha-5.jar:/home/runner/.m2/repository/org/codehaus/plexus/plexus-cipher/2.0/plexus-cipher-2.0.jar:/home/runner/.m2/repository/org/codehaus/plexus/plexus-sec-dispatcher/2.0/plexus-sec-dispatcher-2.0.jar:/home/runner/.m2/repository/org/apache/maven/maven-embedder/3.9.9/maven-embedder-3.9.9.jar:/home/runner/.m2/repository/org/apache/maven/maven-core/3.9.9/maven-core-3.9.9.jar:/home/runner/.m2/repository/org/codehaus/plexus/plexus-component-annotations/2.1.0/plexus-component-annotations-2.1.0.jar:/home/runner/.m2/repository/org/apache/maven/maven-plugin-api/3.9.9/maven-plugin-api-3.9.9.jar:/home/runner/.m2/repository/org/apache/maven/shared/maven-shared-utils/3.4.2/maven-shared-utils-3.4.2.jar:/home/runner/.m2/repository/com/google/inject/guice/5.1.0/guice-5.1.0.jar:/home/runner/.m2/repository/aopalliance/aopalliance/1.0/aopalliance-1.0.jar:/home/runner/.m2/repository/org/codehaus/plexus/plexus-classworlds/2.6.0/plexus-classworlds-2.6.0.jar:/home/runner/.m2/repository/commons-cli/commons-cli/1.8.0/commons-cli-1.8.0.jar:/home/runner/.m2/repository/org/eclipse/sisu/org.eclipse.sisu.plexus/0.9.0.M3/org.eclipse.sisu.plexus-0.9.0.M3.jar:/home/runner/.m2/repository/org/apache/maven/maven-settings-builder/3.9.9/maven-settings-builder-3.9.9.jar:/home/runner/.m2/repository/org/apache/maven/maven-resolver-provider/3.9.9/maven-resolver-provider-3.9.9.jar:/home/runner/.m2/repository/org/apache/maven/resolver/maven-resolver-connector-basic/1.9.22/maven-resolver-connector-basic-1.9.22.jar:/home/runner/.m2/repository/org/apache/maven/resolver/maven-resolver-transport-wagon/1.9.22/maven-resolver-transport-wagon-1.9.22.jar:/home/runner/.m2/repository/org/apache/maven/wagon/wagon-http/3.5.3/wagon-http-3.5.3.jar:/home/runner/.m2/repository/org/apache/maven/wagon/wagon-file/3.5.3/wagon-file-3.5.3.jar:/home/runner/.m2/repository/io/quarkus/quarkus-bootstrap-gradle-resolver/3.20.2/quarkus-bootstrap-gradle-resolver-3.20.2.jar:/home/runner/.m2/repository/io/smallrye/jandex/3.3.0/jandex-3.3.0.jar:/home/runner/.m2/repository/org/jboss/logging/commons-logging-jboss-logging/1.0.0.Final/commons-logging-jboss-logging-1.0.0.Final.jar:/home/runner/.m2/repository/io/quarkus/quarkus-junit5-config/3.20.2/quarkus-junit5-config-3.20.2.jar:/home/runner/.m2/repository/org/junit/jupiter/junit-jupiter-api/5.12.1/junit-jupiter-api-5.12.1.jar:/home/runner/.m2/repository/io/smallrye/config/smallrye-config/3.11.4/smallrye-config-3.11.4.jar:/home/runner/.m2/repository/io/smallrye/config/smallrye-config-core/3.11.4/smallrye-config-core-3.11.4.jar:/home/runner/.m2/repository/io/smallrye/common/smallrye-common-classloader/2.12.0/smallrye-common-classloader-2.12.0.jar:/home/runner/.m2/repository/io/smallrye/config/smallrye-config-common/3.11.4/smallrye-config-common-3.11.4.jar:/home/runner/.m2/repository/org/junit/jupiter/junit-jupiter/5.12.1/junit-jupiter-5.12.1.jar:/home/runner/.m2/repository/org/junit/jupiter/junit-jupiter-params/5.12.1/junit-jupiter-params-5.12.1.jar:/home/runner/.m2/repository/org/junit/jupiter/junit-jupiter-engine/5.12.1/junit-jupiter-engine-5.12.1.jar:/home/runner/.m2/repository/io/quarkus/quarkus-core/3.20.2/quarkus-core-3.20.2.jar:/home/runner/.m2/repository/jakarta/enterprise/jakarta.enterprise.cdi-api/4.1.0/jakarta.enterprise.cdi-api-4.1.0.jar:/home/runner/.m2/repository/jakarta/enterprise/jakarta.enterprise.lang-model/4.1.0/jakarta.enterprise.lang-model-4.1.0.jar:/home/runner/.m2/repository/jakarta/el/jakarta.el-api/5.0.1/jakarta.el-api-5.0.1.jar:/home/runner/.m2/repository/jakarta/interceptor/jakarta.interceptor-api/2.2.0/jakarta.interceptor-api-2.2.0.jar:/home/runner/.m2/repository/jakarta/inject/jakarta.inject-api/2.0.1/jakarta.inject-api-2.0.1.jar:/home/runner/.m2/repository/io/smallrye/common/smallrye-common-os/2.12.0/smallrye-common-os-2.12.0.jar:/home/runner/.m2/repository/io/quarkus/quarkus-ide-launcher/3.20.2/quarkus-ide-launcher-3.20.2.jar:/home/runner/.m2/repository/io/quarkus/quarkus-development-mode-spi/3.20.2/quarkus-development-mode-spi-3.20.2.jar:/home/runner/.m2/repository/org/jboss/logging/jboss-logging/3.6.1.Final/jboss-logging-3.6.1.Final.jar:/home/runner/.m2/repository/org/jboss/logmanager/jboss-logmanager/3.1.2.Final/jboss-logmanager-3.1.2.Final.jar:/home/runner/.m2/repository/io/smallrye/common/smallrye-common-constraint/2.12.0/smallrye-common-constraint-2.12.0.jar:/home/runner/.m2/repository/io/smallrye/common/smallrye-common-cpu/2.12.0/smallrye-common-cpu-2.12.0.jar:/home/runner/.m2/repository/io/smallrye/common/smallrye-common-expression/2.12.0/smallrye-common-expression-2.12.0.jar:/home/runner/.m2/repository/io/smallrye/common/smallrye-common-net/2.12.0/smallrye-common-net-2.12.0.jar:/home/runner/.m2/repository/io/smallrye/common/smallrye-common-ref/2.12.0/smallrye-common-ref-2.12.0.jar:/home/runner/.m2/repository/jakarta/json/jakarta.json-api/2.1.3/jakarta.json-api-2.1.3.jar:/home/runner/.m2/repository/org/eclipse/parsson/parsson/1.1.7/parsson-1.1.7.jar:/home/runner/.m2/repository/org/jboss/logging/jboss-logging-annotations/3.0.4.Final/jboss-logging-annotations-3.0.4.Final.jar:/home/runner/.m2/repository/org/jboss/threads/jboss-threads/3.8.0.Final/jboss-threads-3.8.0.Final.jar:/home/runner/.m2/repository/io/smallrye/common/smallrye-common-annotation/2.12.0/smallrye-common-annotation-2.12.0.jar:/home/runner/.m2/repository/io/smallrye/common/smallrye-common-function/2.12.0/smallrye-common-function-2.12.0.jar:/home/runner/.m2/repository/org/jboss/slf4j/slf4j-jboss-logmanager/2.0.0.Final/slf4j-jboss-logmanager-2.0.0.Final.jar:/home/runner/.m2/repository/org/wildfly/common/wildfly-common/2.0.1/wildfly-common-2.0.1.jar:/home/runner/.m2/repository/io/quarkus/quarkus-bootstrap-runner/3.20.2/quarkus-bootstrap-runner-3.20.2.jar:/home/runner/.m2/repository/io/github/crac/org-crac/0.1.3/org-crac-0.1.3.jar:/home/runner/.m2/repository/io/quarkus/quarkus-fs-util/0.0.10/quarkus-fs-util-0.0.10.jar:/home/runner/.m2/repository/org/jboss/marshalling/jboss-marshalling/2.2.2.Final/jboss-marshalling-2.2.2.Final.jar:/home/runner/.m2/repository/io/fabric8/kubernetes-client/7.1.0/kubernetes-client-7.1.0.jar:/home/runner/.m2/repository/io/fabric8/kubernetes-client-api/7.1.0/kubernetes-client-api-7.1.0.jar:/home/runner/.m2/repository/io/fabric8/kubernetes-model-core/7.1.0/kubernetes-model-core-7.1.0.jar:/home/runner/.m2/repository/io/fabric8/kubernetes-model-common/7.1.0/kubernetes-model-common-7.1.0.jar:/home/runner/.m2/repository/javax/annotation/javax.annotation-api/1.3.2/javax.annotation-api-1.3.2.jar:/home/runner/.m2/repository/io/fabric8/kubernetes-model-gatewayapi/7.1.0/kubernetes-model-gatewayapi-7.1.0.jar:/home/runner/.m2/repository/io/fabric8/kubernetes-model-resource/7.1.0/kubernetes-model-resource-7.1.0.jar:/home/runner/.m2/repository/io/fabric8/kubernetes-model-rbac/7.1.0/kubernetes-model-rbac-7.1.0.jar:/home/runner/.m2/repository/io/fabric8/kubernetes-model-admissionregistration/7.1.0/kubernetes-model-admissionregistration-7.1.0.jar:/home/runner/.m2/repository/io/fabric8/kubernetes-model-apps/7.1.0/kubernetes-model-apps-7.1.0.jar:/home/runner/.m2/repository/io/fabric8/kubernetes-model-autoscaling/7.1.0/kubernetes-model-autoscaling-7.1.0.jar:/home/runner/.m2/repository/io/fabric8/kubernetes-model-apiextensions/7.1.0/kubernetes-model-apiextensions-7.1.0.jar:/home/runner/.m2/repository/io/fabric8/kubernetes-model-batch/7.1.0/kubernetes-model-batch-7.1.0.jar:/home/runner/.m2/repository/io/fabric8/kubernetes-model-certificates/7.1.0/kubernetes-model-certificates-7.1.0.jar:/home/runner/.m2/repository/io/fabric8/kubernetes-model-coordination/7.1.0/kubernetes-model-coordination-7.1.0.jar:/home/runner/.m2/repository/io/fabric8/kubernetes-model-discovery/7.1.0/kubernetes-model-discovery-7.1.0.jar:/home/runner/.m2/repository/io/fabric8/kubernetes-model-events/7.1.0/kubernetes-model-events-7.1.0.jar:/home/runner/.m2/repository/io/fabric8/kubernetes-model-extensions/7.1.0/kubernetes-model-extensions-7.1.0.jar:/home/runner/.m2/repository/io/fabric8/kubernetes-model-flowcontrol/7.1.0/kubernetes-model-flowcontrol-7.1.0.jar:/home/runner/.m2/repository/io/fabric8/kubernetes-model-networking/7.1.0/kubernetes-model-networking-7.1.0.jar:/home/runner/.m2/repository/io/fabric8/kubernetes-model-metrics/7.1.0/kubernetes-model-metrics-7.1.0.jar:/home/runner/.m2/repository/io/fabric8/kubernetes-model-policy/7.1.0/kubernetes-model-policy-7.1.0.jar:/home/runner/.m2/repository/io/fabric8/kubernetes-model-scheduling/7.1.0/kubernetes-model-scheduling-7.1.0.jar:/home/runner/.m2/repository/io/fabric8/kubernetes-model-storageclass/7.1.0/kubernetes-model-storageclass-7.1.0.jar:/home/runner/.m2/repository/io/fabric8/kubernetes-model-node/7.1.0/kubernetes-model-node-7.1.0.jar:/home/runner/.m2/repository/org/snakeyaml/snakeyaml-engine/2.9/snakeyaml-engine-2.9.jar:/home/runner/.m2/repository/com/fasterxml/jackson/dataformat/jackson-dataformat-yaml/2.18.2/jackson-dataformat-yaml-2.18.2.jar:/home/runner/.m2/repository/com/fasterxml/jackson/datatype/jackson-datatype-jsr310/2.18.2/jackson-datatype-jsr310-2.18.2.jar:/home/runner/.m2/repository/io/fabric8/zjsonpatch/7.1.0/zjsonpatch-7.1.0.jar:/home/runner/.m2/repository/io/fabric8/kubernetes-httpclient-vertx/7.1.0/kubernetes-httpclient-vertx-7.1.0.jar:/home/runner/.m2/repository/io/vertx/vertx-web-client/4.5.16/vertx-web-client-4.5.16.jar:/home/runner/.m2/repository/io/vertx/vertx-web-common/4.5.16/vertx-web-common-4.5.16.jar:/home/runner/.m2/repository/io/vertx/vertx-auth-common/4.5.16/vertx-auth-common-4.5.16.jar:/home/runner/.m2/repository/io/vertx/vertx-uri-template/4.5.16/vertx-uri-template-4.5.16.jar:/home/runner/.m2/repository/io/fabric8/openshift-client/7.1.0/openshift-client-7.1.0.jar:/home/runner/.m2/repository/io/fabric8/openshift-client-api/7.1.0/openshift-client-api-7.1.0.jar:/home/runner/.m2/repository/io/fabric8/openshift-model/7.1.0/openshift-model-7.1.0.jar:/home/runner/.m2/repository/io/fabric8/openshift-model-autoscaling/7.1.0/openshift-model-autoscaling-7.1.0.jar:/home/runner/.m2/repository/io/fabric8/openshift-model-operator/7.1.0/openshift-model-operator-7.1.0.jar:/home/runner/.m2/repository/io/fabric8/openshift-model-operatorhub/7.1.0/openshift-model-operatorhub-7.1.0.jar:/home/runner/.m2/repository/io/fabric8/openshift-model-machine/7.1.0/openshift-model-machine-7.1.0.jar:/home/runner/.m2/repository/io/fabric8/openshift-model-whereabouts/7.1.0/openshift-model-whereabouts-7.1.0.jar:/home/runner/.m2/repository/io/fabric8/openshift-model-monitoring/7.1.0/openshift-model-monitoring-7.1.0.jar:/home/runner/.m2/repository/io/fabric8/openshift-model-storageversionmigrator/7.1.0/openshift-model-storageversionmigrator-7.1.0.jar:/home/runner/.m2/repository/io/fabric8/openshift-model-tuned/7.1.0/openshift-model-tuned-7.1.0.jar:/home/runner/.m2/repository/io/fabric8/openshift-model-console/7.1.0/openshift-model-console-7.1.0.jar:/home/runner/.m2/repository/io/fabric8/openshift-model-config/7.1.0/openshift-model-config-7.1.0.jar:/home/runner/.m2/repository/io/fabric8/openshift-model-machineconfiguration/7.1.0/openshift-model-machineconfiguration-7.1.0.jar:/home/runner/.m2/repository/io/fabric8/openshift-model-miscellaneous/7.1.0/openshift-model-miscellaneous-7.1.0.jar:/home/runner/.m2/repository/io/fabric8/openshift-model-hive/7.1.0/openshift-model-hive-7.1.0.jar:/home/runner/.m2/repository/io/fabric8/openshift-model-installer/7.1.0/openshift-model-installer-7.1.0.jar:/home/runner/.m2/repository/org/junit/platform/junit-platform-launcher/1.12.1/junit-platform-launcher-1.12.1.jar:/home/runner/.m2/repository/org/junit/platform/junit-platform-engine/1.12.1/junit-platform-engine-1.12.1.jar:/home/runner/.m2/repository/org/opentest4j/opentest4j/1.3.0/opentest4j-1.3.0.jar:/home/runner/.m2/repository/org/junit/platform/junit-platform-commons/1.12.1/junit-platform-commons-1.12.1.jar:/home/runner/.m2/repository/org/apiguardian/apiguardian-api/1.1.2/apiguardian-api-1.1.2.jar:/home/runner/.m2/repository/jakarta/ws/rs/jakarta.ws.rs-api/3.1.0/jakarta.ws.rs-api-3.1.0.jar:/home/runner/work/apicurio-testing/apicurio-testing/clusters/ci419/namespaces/mysql/tests/integration/apicurio-registry/java-sdk/target/apicurio-registry-java-sdk-3.0.12-SNAPSHOT.jar:/home/runner/.m2/repository/com/microsoft/kiota/microsoft-kiota-abstractions/1.8.9/microsoft-kiota-abstractions-1.8.9.jar:/home/runner/.m2/repository/io/github/std-uritemplate/std-uritemplate/2.0.0/std-uritemplate-2.0.0.jar:/home/runner/.m2/repository/io/kiota/kiota-http-jdk/0.0.29/kiota-http-jdk-0.0.29.jar:/home/runner/.m2/repository/io/kiota/kiota-http-vertx/0.0.29/kiota-http-vertx-0.0.29.jar:/home/runner/.m2/repository/io/kiota/kiota-serialization-jackson/0.0.29/kiota-serialization-jackson-0.0.29.jar:/home/runner/.m2/repository/com/microsoft/kiota/microsoft-kiota-serialization-text/1.8.9/microsoft-kiota-serialization-text-1.8.9.jar:/home/runner/.m2/repository/com/microsoft/kiota/microsoft-kiota-serialization-form/1.8.9/microsoft-kiota-serialization-form-1.8.9.jar:/home/runner/.m2/repository/com/microsoft/kiota/microsoft-kiota-serialization-multipart/1.8.9/microsoft-kiota-serialization-multipart-1.8.9.jar:/home/runner/.m2/repository/jakarta/annotation/jakarta.annotation-api/3.0.0/jakarta.annotation-api-3.0.0.jar:/home/runner/.m2/repository/io/vertx/vertx-auth-oauth2/4.5.16/vertx-auth-oauth2-4.5.16.jar:/home/runner/work/apicurio-testing/apicurio-testing/clusters/ci419/namespaces/mysql/tests/integration/apicurio-registry/java-sdk-v2/target/apicurio-registry-v2-java-sdk-3.0.12-SNAPSHOT.jar:/home/runner/work/apicurio-testing/apicurio-testing/clusters/ci419/namespaces/mysql/tests/integration/apicurio-registry/utils/kafka/target/apicurio-registry-utils-kafka-3.0.12-SNAPSHOT-tests.jar:/home/runner/.m2/repository/org/eclipse/microprofile/config/microprofile-config-api/3.1/microprofile-config-api-3.1.jar:/home/runner/.m2/repository/org/apache/kafka/kafka-clients/3.9.1/kafka-clients-3.9.1.jar:/home/runner/.m2/repository/com/github/luben/zstd-jni/1.5.6-4/zstd-jni-1.5.6-4.jar:/home/runner/.m2/repository/org/lz4/lz4-java/1.8.0/lz4-java-1.8.0.jar:/home/runner/.m2/repository/org/xerial/snappy/snappy-java/1.1.10.5/snappy-java-1.1.10.5.jar:/home/runner/.m2/repository/org/slf4j/slf4j-api/2.0.6/slf4j-api-2.0.6.jar:/home/runner/work/apicurio-testing/apicurio-testing/clusters/ci419/namespaces/mysql/tests/integration/apicurio-registry/utils/tests/target/apicurio-registry-utils-tests-3.0.12-SNAPSHOT.jar:/home/runner/work/apicurio-testing/apicurio-testing/clusters/ci419/namespaces/mysql/tests/integration/apicurio-registry/common/target/apicurio-registry-common-3.0.12-SNAPSHOT.jar:/home/runner/.m2/repository/jakarta/validation/jakarta.validation-api/3.0.2/jakarta.validation-api-3.0.2.jar:/home/runner/.m2/repository/com/github/dasniko/testcontainers-keycloak/3.8.0/testcontainers-keycloak-3.8.0.jar:/home/runner/.m2/repository/org/testcontainers/testcontainers/1.20.6/testcontainers-1.20.6.jar:/home/runner/.m2/repository/org/rnorth/duct-tape/duct-tape/1.0.8/duct-tape-1.0.8.jar:/home/runner/.m2/repository/com/github/docker-java/docker-java-transport-zerodep/3.4.1/docker-java-transport-zerodep-3.4.1.jar:/home/runner/.m2/repository/com/github/docker-java/docker-java-transport/3.4.1/docker-java-transport-3.4.1.jar:/home/runner/.m2/repository/net/java/dev/jna/jna/5.8.0/jna-5.8.0.jar:/home/runner/.m2/repository/io/quarkus/quarkus-junit4-mock/3.20.2/quarkus-junit4-mock-3.20.2.jar:/home/runner/.m2/repository/org/jboss/shrinkwrap/shrinkwrap-api/2.0.0-beta-2/shrinkwrap-api-2.0.0-beta-2.jar:/home/runner/.m2/repository/org/jboss/shrinkwrap/shrinkwrap-impl-base/2.0.0-beta-2/shrinkwrap-impl-base-2.0.0-beta-2.jar:/home/runner/.m2/repository/org/jboss/shrinkwrap/shrinkwrap-spi/2.0.0-beta-2/shrinkwrap-spi-2.0.0-beta-2.jar:/home/runner/.m2/repository/org/keycloak/keycloak-admin-client/26.0.4/keycloak-admin-client-26.0.4.jar:/home/runner/.m2/repository/org/keycloak/keycloak-client-common-synced/26.0.4/keycloak-client-common-synced-26.0.4.jar:/home/runner/.m2/repository/jakarta/activation/jakarta.activation-api/2.1.3/jakarta.activation-api-2.1.3.jar:/home/runner/.m2/repository/org/eclipse/microprofile/openapi/microprofile-openapi-api/4.0.2/microprofile-openapi-api-4.0.2.jar:/home/runner/.m2/repository/org/jboss/resteasy/resteasy-client/6.2.12.Final/resteasy-client-6.2.12.Final.jar:/home/runner/.m2/repository/org/jboss/resteasy/resteasy-client-api/6.2.12.Final/resteasy-client-api-6.2.12.Final.jar:/home/runner/.m2/repository/org/jboss/resteasy/resteasy-core-spi/6.2.12.Final/resteasy-core-spi-6.2.12.Final.jar:/home/runner/.m2/repository/org/jboss/resteasy/resteasy-core/6.2.12.Final/resteasy-core-6.2.12.Final.jar:/home/runner/.m2/repository/org/eclipse/angus/angus-activation/2.0.2/angus-activation-2.0.2.jar:/home/runner/.m2/repository/com/ibm/async/asyncutil/0.1.0/asyncutil-0.1.0.jar:/home/runner/.m2/repository/org/reactivestreams/reactive-streams/1.0.4/reactive-streams-1.0.4.jar:/home/runner/.m2/repository/org/jboss/resteasy/resteasy-multipart-provider/6.2.12.Final/resteasy-multipart-provider-6.2.12.Final.jar:/home/runner/.m2/repository/jakarta/mail/jakarta.mail-api/2.1.3/jakarta.mail-api-2.1.3.jar:/home/runner/.m2/repository/org/eclipse/angus/angus-mail/2.0.3/angus-mail-2.0.3.jar:/home/runner/.m2/repository/org/apache/james/apache-mime4j-dom/0.8.12/apache-mime4j-dom-0.8.12.jar:/home/runner/.m2/repository/org/apache/james/apache-mime4j-core/0.8.12/apache-mime4j-core-0.8.12.jar:/home/runner/.m2/repository/org/apache/james/apache-mime4j-storage/0.8.12/apache-mime4j-storage-0.8.12.jar:/home/runner/.m2/repository/org/jboss/resteasy/resteasy-jackson2-provider/6.2.12.Final/resteasy-jackson2-provider-6.2.12.Final.jar:/home/runner/.m2/repository/com/fasterxml/jackson/jakarta/rs/jackson-jakarta-rs-base/2.18.2/jackson-jakarta-rs-base-2.18.2.jar:/home/runner/.m2/repository/com/fasterxml/jackson/jakarta/rs/jackson-jakarta-rs-json-provider/2.18.2/jackson-jakarta-rs-json-provider-2.18.2.jar:/home/runner/.m2/repository/com/fasterxml/jackson/module/jackson-module-jakarta-xmlbind-annotations/2.18.2/jackson-module-jakarta-xmlbind-annotations-2.18.2.jar:/home/runner/.m2/repository/com/github/java-json-tools/json-patch/1.13/json-patch-1.13.jar:/home/runner/.m2/repository/com/github/java-json-tools/msg-simple/1.2/msg-simple-1.2.jar:/home/runner/.m2/repository/com/github/java-json-tools/btf/1.3/btf-1.3.jar:/home/runner/.m2/repository/com/github/java-json-tools/jackson-coreutils/2.0/jackson-coreutils-2.0.jar:/home/runner/.m2/repository/org/jboss/resteasy/resteasy-jaxb-provider/6.2.12.Final/resteasy-jaxb-provider-6.2.12.Final.jar:/home/runner/.m2/repository/org/glassfish/jaxb/codemodel/4.0.5/codemodel-4.0.5.jar:/home/runner/.m2/repository/org/glassfish/jaxb/jaxb-core/4.0.5/jaxb-core-4.0.5.jar:/home/runner/.m2/repository/org/glassfish/jaxb/jaxb-jxc/4.0.5/jaxb-jxc-4.0.5.jar:/home/runner/.m2/repository/org/glassfish/jaxb/jaxb-runtime/4.0.5/jaxb-runtime-4.0.5.jar:/home/runner/.m2/repository/org/glassfish/jaxb/txw2/4.0.5/txw2-4.0.5.jar:/home/runner/.m2/repository/org/glassfish/jaxb/jaxb-xjc/4.0.5/jaxb-xjc-4.0.5.jar:/home/runner/.m2/repository/org/glassfish/jaxb/xsom/4.0.5/xsom-4.0.5.jar:/home/runner/.m2/repository/com/sun/istack/istack-commons-runtime/4.1.2/istack-commons-runtime-4.1.2.jar:/home/runner/.m2/repository/com/sun/istack/istack-commons-tools/4.1.2/istack-commons-tools-4.1.2.jar:/home/runner/.m2/repository/com/sun/xml/bind/external/relaxng-datatype/4.0.5/relaxng-datatype-4.0.5.jar:/home/runner/.m2/repository/com/sun/xml/bind/external/rngom/4.0.5/rngom-4.0.5.jar:/home/runner/.m2/repository/org/testcontainers/mssqlserver/1.20.6/mssqlserver-1.20.6.jar:/home/runner/.m2/repository/org/testcontainers/jdbc/1.20.6/jdbc-1.20.6.jar:/home/runner/.m2/repository/org/testcontainers/database-commons/1.20.6/database-commons-1.20.6.jar:/home/runner/.m2/repository/org/testcontainers/mysql/1.20.6/mysql-1.20.6.jar:/home/runner/.m2/repository/io/strimzi/strimzi-test-container/0.111.0/strimzi-test-container-0.111.0.jar:/home/runner/.m2/repository/org/testcontainers/toxiproxy/1.20.6/toxiproxy-1.20.6.jar:/home/runner/.m2/repository/com/github/docker-java/docker-java-api/3.4.1/docker-java-api-3.4.1.jar:/home/runner/.m2/repository/org/apache/logging/log4j/log4j-slf4j-impl/2.19.0/log4j-slf4j-impl-2.19.0.jar:/home/runner/.m2/repository/org/apache/logging/log4j/log4j-api/2.24.3/log4j-api-2.24.3.jar:/home/runner/.m2/repository/org/apache/logging/log4j/log4j-core/2.19.0/log4j-core-2.19.0.jar:/home/runner/.m2/repository/eu/rekawek/toxiproxy/toxiproxy-java/2.1.7/toxiproxy-java-2.1.7.jar:/home/runner/.m2/repository/org/testcontainers/pulsar/1.21.3/pulsar-1.21.3.jar:/home/runner/.m2/repository/io/debezium/debezium-testing-testcontainers/2.7.4.Final/debezium-testing-testcontainers-2.7.4.Final.jar:/home/runner/.m2/repository/org/testcontainers/kafka/1.20.6/kafka-1.20.6.jar:/home/runner/.m2/repository/com/squareup/okhttp3/okhttp/4.8.1/okhttp-4.8.1.jar:/home/runner/.m2/repository/com/squareup/okio/okio/3.10.2/okio-3.10.2.jar:/home/runner/.m2/repository/com/squareup/okio/okio-jvm/3.10.2/okio-jvm-3.10.2.jar:/home/runner/.m2/repository/org/jetbrains/kotlin/kotlin-stdlib/2.0.21/kotlin-stdlib-2.0.21.jar:/home/runner/.m2/repository/org/awaitility/awaitility/4.3.0/awaitility-4.3.0.jar:/home/runner/.m2/repository/org/testcontainers/mongodb/1.20.6/mongodb-1.20.6.jar:/home/runner/.m2/repository/org/testcontainers/mariadb/1.20.6/mariadb-1.20.6.jar:/home/runner/.m2/repository/org/testcontainers/oracle-xe/1.20.6/oracle-xe-1.20.6.jar:/home/runner/.m2/repository/org/testcontainers/postgresql/1.20.6/postgresql-1.20.6.jar:/home/runner/.m2/repository/org/wiremock/wiremock/3.0.1/wiremock-3.0.1.jar:/home/runner/.m2/repository/org/eclipse/jetty/jetty-server/11.0.15/jetty-server-11.0.15.jar:/home/runner/.m2/repository/org/eclipse/jetty/toolchain/jetty-jakarta-servlet-api/5.0.2/jetty-jakarta-servlet-api-5.0.2.jar:/home/runner/.m2/repository/org/eclipse/jetty/jetty-http/11.0.15/jetty-http-11.0.15.jar:/home/runner/.m2/repository/org/eclipse/jetty/jetty-io/11.0.15/jetty-io-11.0.15.jar:/home/runner/.m2/repository/org/eclipse/jetty/jetty-servlet/11.0.15/jetty-servlet-11.0.15.jar:/home/runner/.m2/repository/org/eclipse/jetty/jetty-security/11.0.15/jetty-security-11.0.15.jar:/home/runner/.m2/repository/org/eclipse/jetty/jetty-servlets/11.0.15/jetty-servlets-11.0.15.jar:/home/runner/.m2/repository/org/eclipse/jetty/jetty-util/11.0.15/jetty-util-11.0.15.jar:/home/runner/.m2/repository/org/eclipse/jetty/jetty-webapp/11.0.15/jetty-webapp-11.0.15.jar:/home/runner/.m2/repository/org/eclipse/jetty/jetty-xml/11.0.15/jetty-xml-11.0.15.jar:/home/runner/.m2/repository/org/eclipse/jetty/jetty-proxy/11.0.15/jetty-proxy-11.0.15.jar:/home/runner/.m2/repository/org/eclipse/jetty/jetty-client/11.0.15/jetty-client-11.0.15.jar:/home/runner/.m2/repository/org/eclipse/jetty/http2/http2-server/11.0.15/http2-server-11.0.15.jar:/home/runner/.m2/repository/org/eclipse/jetty/http2/http2-common/11.0.15/http2-common-11.0.15.jar:/home/runner/.m2/repository/org/eclipse/jetty/http2/http2-hpack/11.0.15/http2-hpack-11.0.15.jar:/home/runner/.m2/repository/org/eclipse/jetty/jetty-alpn-server/11.0.15/jetty-alpn-server-11.0.15.jar:/home/runner/.m2/repository/org/eclipse/jetty/jetty-alpn-java-server/11.0.15/jetty-alpn-java-server-11.0.15.jar:/home/runner/.m2/repository/org/eclipse/jetty/jetty-alpn-java-client/11.0.15/jetty-alpn-java-client-11.0.15.jar:/home/runner/.m2/repository/org/eclipse/jetty/jetty-alpn-client/11.0.15/jetty-alpn-client-11.0.15.jar:/home/runner/.m2/repository/org/apache/httpcomponents/client5/httpclient5/5.2.1/httpclient5-5.2.1.jar:/home/runner/.m2/repository/org/apache/httpcomponents/core5/httpcore5/5.2/httpcore5-5.2.jar:/home/runner/.m2/repository/org/apache/httpcomponents/core5/httpcore5-h2/5.2/httpcore5-h2-5.2.jar:/home/runner/.m2/repository/org/xmlunit/xmlunit-core/2.9.1/xmlunit-core-2.9.1.jar:/home/runner/.m2/repository/jakarta/xml/bind/jakarta.xml.bind-api/4.0.2/jakarta.xml.bind-api-4.0.2.jar:/home/runner/.m2/repository/org/xmlunit/xmlunit-legacy/2.9.1/xmlunit-legacy-2.9.1.jar:/home/runner/.m2/repository/org/xmlunit/xmlunit-placeholders/2.9.1/xmlunit-placeholders-2.9.1.jar:/home/runner/.m2/repository/net/javacrumbs/json-unit/json-unit-core/2.38.0/json-unit-core-2.38.0.jar:/home/runner/.m2/repository/org/hamcrest/hamcrest-core/2.2/hamcrest-core-2.2.jar:/home/runner/.m2/repository/com/jayway/jsonpath/json-path/2.8.0/json-path-2.8.0.jar:/home/runner/.m2/repository/net/minidev/json-smart/2.4.10/json-smart-2.4.10.jar:/home/runner/.m2/repository/net/minidev/accessors-smart/2.4.9/accessors-smart-2.4.9.jar:/home/runner/.m2/repository/org/ow2/asm/asm/9.7.1/asm-9.7.1.jar:/home/runner/.m2/repository/net/sf/jopt-simple/jopt-simple/5.0.4/jopt-simple-5.0.4.jar:/home/runner/.m2/repository/com/github/jknack/handlebars/4.3.1/handlebars-4.3.1.jar:/home/runner/.m2/repository/com/github/jknack/handlebars-helpers/4.3.1/handlebars-helpers-4.3.1.jar:/home/runner/.m2/repository/commons-fileupload/commons-fileupload/1.5/commons-fileupload-1.5.jar:/home/runner/.m2/repository/com/networknt/json-schema-validator/1.5.8/json-schema-validator-1.5.8.jar:/home/runner/.m2/repository/com/ethlo/time/itu/1.10.3/itu-1.10.3.jar:/home/runner/.m2/repository/io/quarkus/quarkus-smallrye-jwt-build/3.20.2/quarkus-smallrye-jwt-build-3.20.2.jar:/home/runner/.m2/repository/io/smallrye/smallrye-jwt-build/4.6.2/smallrye-jwt-build-4.6.2.jar:/home/runner/.m2/repository/org/eclipse/microprofile/jwt/microprofile-jwt-auth-api/2.1/microprofile-jwt-auth-api-2.1.jar:/home/runner/.m2/repository/org/bitbucket/b_c/jose4j/0.9.6/jose4j-0.9.6.jar:/home/runner/.m2/repository/io/smallrye/smallrye-jwt-common/4.6.2/smallrye-jwt-common-4.6.2.jar:/home/runner/.m2/repository/io/quarkus/quarkus-jsonp/3.20.2/quarkus-jsonp-3.20.2.jar:/home/runner/.m2/repository/io/quarkus/quarkus-arc/3.20.2/quarkus-arc-3.20.2.jar:/home/runner/.m2/repository/io/quarkus/arc/arc/3.20.2/arc-3.20.2.jar:/home/runner/.m2/repository/jakarta/transaction/jakarta.transaction-api/2.0.1/jakarta.transaction-api-2.0.1.jar:/home/runner/.m2/repository/io/smallrye/reactive/mutiny/2.9.2/mutiny-2.9.2.jar:/home/runner/.m2/repository/org/jctools/jctools-core/4.0.5/jctools-core-4.0.5.jar:/home/runner/.m2/repository/org/eclipse/microprofile/context-propagation/microprofile-context-propagation-api/1.3/microprofile-context-propagation-api-1.3.jar:/home/runner/.m2/repository/io/apicurio/apicurio-common-rest-client-common/0.1.18.Final/apicurio-common-rest-client-common-0.1.18.Final.jar:/home/runner/work/apicurio-testing/apicurio-testing/clusters/ci419/namespaces/mysql/tests/integration/apicurio-registry/utils/maven-plugin/target/apicurio-registry-maven-plugin-3.0.12-SNAPSHOT.jar:/home/runner/.m2/repository/com/fasterxml/jackson/core/jackson-databind/2.18.2/jackson-databind-2.18.2.jar:/home/runner/.m2/repository/org/apache/avro/avro/1.12.0/avro-1.12.0.jar:/home/runner/.m2/repository/com/google/protobuf/protobuf-java/4.31.1/protobuf-java-4.31.1.jar:/home/runner/.m2/repository/com/google/protobuf/protobuf-java-util/4.31.1/protobuf-java-util-4.31.1.jar:/home/runner/.m2/repository/com/google/code/findbugs/jsr305/3.0.2/jsr305-3.0.2.jar:/home/runner/.m2/repository/com/google/code/gson/gson/2.12.1/gson-2.12.1.jar:/home/runner/.m2/repository/com/google/errorprone/error_prone_annotations/2.36.0/error_prone_annotations-2.36.0.jar:/home/runner/.m2/repository/com/google/j2objc/j2objc-annotations/2.8/j2objc-annotations-2.8.jar:/home/runner/work/apicurio-testing/apicurio-testing/clusters/ci419/namespaces/mysql/tests/integration/apicurio-registry/schema-util/util-provider/target/apicurio-registry-schema-util-provider-3.0.12-SNAPSHOT.jar:/home/runner/work/apicurio-testing/apicurio-testing/clusters/ci419/namespaces/mysql/tests/integration/apicurio-registry/schema-util/common/target/apicurio-registry-schema-util-common-3.0.12-SNAPSHOT.jar:/home/runner/.m2/repository/com/fasterxml/jackson/module/jackson-module-parameter-names/2.18.2/jackson-module-parameter-names-2.18.2.jar:/home/runner/.m2/repository/com/fasterxml/jackson/datatype/jackson-datatype-json-org/2.18.2/jackson-datatype-json-org-2.18.2.jar:/home/runner/work/apicurio-testing/apicurio-testing/clusters/ci419/namespaces/mysql/tests/integration/apicurio-registry/schema-util/json/target/apicurio-registry-schema-util-json-3.0.12-SNAPSHOT.jar:/home/runner/.m2/repository/com/github/erosb/everit-json-schema/1.14.5/everit-json-schema-1.14.5.jar:/home/runner/.m2/repository/commons-validator/commons-validator/1.9.0/commons-validator-1.9.0.jar:/home/runner/.m2/repository/commons-digester/commons-digester/2.1/commons-digester-2.1.jar:/home/runner/.m2/repository/commons-collections/commons-collections/3.2.2/commons-collections-3.2.2.jar:/home/runner/.m2/repository/com/damnhandy/handy-uri-templates/2.1.8/handy-uri-templates-2.1.8.jar:/home/runner/.m2/repository/joda-time/joda-time/2.10.2/joda-time-2.10.2.jar:/home/runner/.m2/repository/com/github/erosb/json-sKema/0.20.0/json-sKema-0.20.0.jar:/home/runner/.m2/repository/io/vertx/vertx-json-schema/4.5.16/vertx-json-schema-4.5.16.jar:/home/runner/work/apicurio-testing/apicurio-testing/clusters/ci419/namespaces/mysql/tests/integration/apicurio-registry/schema-util/protobuf/target/apicurio-registry-schema-util-protobuf-3.0.12-SNAPSHOT.jar:/home/runner/work/apicurio-testing/apicurio-testing/clusters/ci419/namespaces/mysql/tests/integration/apicurio-registry/utils/protobuf-schema-utilities/target/apicurio-registry-protobuf-schema-utilities-3.0.12-SNAPSHOT.jar:/home/runner/.m2/repository/com/google/api/grpc/proto-google-common-protos/2.52.0/proto-google-common-protos-2.52.0.jar:/home/runner/.m2/repository/com/squareup/wire/wire-schema-jvm/5.3.3/wire-schema-jvm-5.3.3.jar:/home/runner/.m2/repository/com/palantir/javapoet/javapoet/0.6.0/javapoet-0.6.0.jar:/home/runner/.m2/repository/com/squareup/kotlinpoet-jvm/2.0.0/kotlinpoet-jvm-2.0.0.jar:/home/runner/.m2/repository/org/jetbrains/kotlin/kotlin-reflect/2.0.21/kotlin-reflect-2.0.21.jar:/home/runner/.m2/repository/com/squareup/wire/wire-runtime-jvm/5.3.3/wire-runtime-jvm-5.3.3.jar:/home/runner/.m2/repository/com/ibm/icu/icu4j/76.1/icu4j-76.1.jar:/home/runner/.m2/repository/com/squareup/okio/okio-fakefilesystem/3.10.2/okio-fakefilesystem-3.10.2.jar:/home/runner/.m2/repository/com/squareup/okio/okio-fakefilesystem-jvm/3.10.2/okio-fakefilesystem-jvm-3.10.2.jar:/home/runner/.m2/repository/org/jetbrains/kotlinx/kotlinx-datetime-jvm/0.6.1/kotlinx-datetime-jvm-0.6.1.jar:/home/runner/work/apicurio-testing/apicurio-testing/clusters/ci419/namespaces/mysql/tests/integration/apicurio-registry/schema-util/asyncapi/target/apicurio-registry-schema-util-asyncapi-3.0.12-SNAPSHOT.jar:/home/runner/work/apicurio-testing/apicurio-testing/clusters/ci419/namespaces/mysql/tests/integration/apicurio-registry/schema-util/avro/target/apicurio-registry-schema-util-avro-3.0.12-SNAPSHOT.jar:/home/runner/work/apicurio-testing/apicurio-testing/clusters/ci419/namespaces/mysql/tests/integration/apicurio-registry/schema-util/graphql/target/apicurio-registry-schema-util-graphql-3.0.12-SNAPSHOT.jar:/home/runner/.m2/repository/com/graphql-java/graphql-java/22.4/graphql-java-22.4.jar:/home/runner/.m2/repository/com/graphql-java/java-dataloader/3.3.0/java-dataloader-3.3.0.jar:/home/runner/work/apicurio-testing/apicurio-testing/clusters/ci419/namespaces/mysql/tests/integration/apicurio-registry/schema-util/kconnect/target/apicurio-registry-schema-util-kconnect-3.0.12-SNAPSHOT.jar:/home/runner/work/apicurio-testing/apicurio-testing/clusters/ci419/namespaces/mysql/tests/integration/apicurio-registry/schema-util/openapi/target/apicurio-registry-schema-util-openapi-3.0.12-SNAPSHOT.jar:/home/runner/.m2/repository/io/apicurio/apicurio-data-models/2.2.2/apicurio-data-models-2.2.2.jar:/home/runner/.m2/repository/org/openapitools/openapidiff/openapi-diff-core/2.1.2/openapi-diff-core-2.1.2.jar:/home/runner/.m2/repository/io/swagger/parser/v3/swagger-parser/2.1.28/swagger-parser-2.1.28.jar:/home/runner/.m2/repository/io/swagger/parser/v3/swagger-parser-v2-converter/2.1.28/swagger-parser-v2-converter-2.1.28.jar:/home/runner/.m2/repository/io/swagger/swagger-core/1.6.16/swagger-core-1.6.16.jar:/home/runner/.m2/repository/io/swagger/swagger-models/1.6.16/swagger-models-1.6.16.jar:/home/runner/.m2/repository/io/swagger/swagger-annotations/1.6.16/swagger-annotations-1.6.16.jar:/home/runner/.m2/repository/io/swagger/swagger-parser/1.0.75/swagger-parser-1.0.75.jar:/home/runner/.m2/repository/io/swagger/swagger-parser-safe-url-resolver/1.0.75/swagger-parser-safe-url-resolver-1.0.75.jar:/home/runner/.m2/repository/io/swagger/swagger-compat-spec-parser/1.0.75/swagger-compat-spec-parser-1.0.75.jar:/home/runner/.m2/repository/com/github/java-json-tools/json-schema-validator/2.2.14/json-schema-validator-2.2.14.jar:/home/runner/.m2/repository/com/github/java-json-tools/jackson-coreutils-equivalence/1.0/jackson-coreutils-equivalence-1.0.jar:/home/runner/.m2/repository/com/github/java-json-tools/json-schema-core/1.2.14/json-schema-core-1.2.14.jar:/home/runner/.m2/repository/com/github/java-json-tools/uri-template/0.10/uri-template-0.10.jar:/home/runner/.m2/repository/com/googlecode/libphonenumber/libphonenumber/8.11.1/libphonenumber-8.11.1.jar:/home/runner/.m2/repository/com/j2html/j2html/1.6.0/j2html-1.6.0.jar:/home/runner/.m2/repository/org/apache/commons/commons-collections4/4.5.0/commons-collections4-4.5.0.jar:/home/runner/.m2/repository/org/slf4j/jcl-over-slf4j/2.0.17/jcl-over-slf4j-2.0.17.jar:/home/runner/.m2/repository/io/swagger/parser/v3/swagger-parser-v3/2.1.31/swagger-parser-v3-2.1.31.jar:/home/runner/.m2/repository/io/swagger/core/v3/swagger-models/2.2.34/swagger-models-2.2.34.jar:/home/runner/.m2/repository/io/swagger/core/v3/swagger-core/2.2.34/swagger-core-2.2.34.jar:/home/runner/.m2/repository/io/swagger/parser/v3/swagger-parser-core/2.1.31/swagger-parser-core-2.1.31.jar:/home/runner/.m2/repository/io/swagger/parser/v3/swagger-parser-safe-url-resolver/2.1.31/swagger-parser-safe-url-resolver-2.1.31.jar:/home/runner/work/apicurio-testing/apicurio-testing/clusters/ci419/namespaces/mysql/tests/integration/apicurio-registry/schema-util/wsdl/target/apicurio-registry-schema-util-wsdl-3.0.12-SNAPSHOT.jar:/home/runner/.m2/repository/wsdl4j/wsdl4j/1.6.3/wsdl4j-1.6.3.jar:/home/runner/work/apicurio-testing/apicurio-testing/clusters/ci419/namespaces/mysql/tests/integration/apicurio-registry/schema-util/xml/target/apicurio-registry-schema-util-xml-3.0.12-SNAPSHOT.jar:/home/runner/.m2/repository/org/apache/santuario/xmlsec/4.0.4/xmlsec-4.0.4.jar:/home/runner/.m2/repository/com/fasterxml/woodstox/woodstox-core/7.1.1/woodstox-core-7.1.1.jar:/home/runner/.m2/repository/org/codehaus/woodstox/stax2-api/4.2.2/stax2-api-4.2.2.jar:/home/runner/work/apicurio-testing/apicurio-testing/clusters/ci419/namespaces/mysql/tests/integration/apicurio-registry/schema-util/xsd/target/apicurio-registry-schema-util-xsd-3.0.12-SNAPSHOT.jar:/home/runner/work/apicurio-testing/apicurio-testing/clusters/ci419/namespaces/mysql/tests/integration/apicurio-registry/serdes/kafka/jsonschema-serde/target/apicurio-registry-jsonschema-serde-kafka-3.0.12-SNAPSHOT.jar:/home/runner/work/apicurio-testing/apicurio-testing/clusters/ci419/namespaces/mysql/tests/integration/apicurio-registry/serdes/kafka/serde-kafka-common/target/apicurio-registry-serde-kafka-common-3.0.12-SNAPSHOT.jar:/home/runner/work/apicurio-testing/apicurio-testing/clusters/ci419/namespaces/mysql/tests/integration/apicurio-registry/serdes/generic/serde-common/target/apicurio-registry-serde-common-3.0.12-SNAPSHOT.jar:/home/runner/work/apicurio-testing/apicurio-testing/clusters/ci419/namespaces/mysql/tests/integration/apicurio-registry/serdes/generic/serde-common-jsonschema/target/apicurio-registry-serde-common-jsonschema-3.0.12-SNAPSHOT.jar:/home/runner/.m2/repository/org/json/json/20250107/json-20250107.jar:/home/runner/work/apicurio-testing/apicurio-testing/clusters/ci419/namespaces/mysql/tests/integration/apicurio-registry/serdes/kafka/avro-serde/target/apicurio-registry-avro-serde-kafka-3.0.12-SNAPSHOT.jar:/home/runner/work/apicurio-testing/apicurio-testing/clusters/ci419/namespaces/mysql/tests/integration/apicurio-registry/serdes/generic/serde-common-avro/target/apicurio-registry-serde-common-avro-3.0.12-SNAPSHOT.jar:/home/runner/work/apicurio-testing/apicurio-testing/clusters/ci419/namespaces/mysql/tests/integration/apicurio-registry/serdes/kafka/protobuf-serde/target/apicurio-registry-protobuf-serde-kafka-3.0.12-SNAPSHOT.jar:/home/runner/work/apicurio-testing/apicurio-testing/clusters/ci419/namespaces/mysql/tests/integration/apicurio-registry/serdes/generic/serde-common-protobuf/target/apicurio-registry-serde-common-protobuf-3.0.12-SNAPSHOT.jar:/home/runner/.m2/repository/com/squareup/wire/wire-schema/5.3.3/wire-schema-5.3.3.jar:/home/runner/.m2/repository/com/squareup/wire/wire-runtime/5.3.3/wire-runtime-5.3.3.jar:/home/runner/work/apicurio-testing/apicurio-testing/clusters/ci419/namespaces/mysql/tests/integration/apicurio-registry/serdes/pulsar/avro-serde/target/apicurio-registry-avro-serde-pulsar-3.0.12-SNAPSHOT.jar:/home/runner/.m2/repository/org/apache/pulsar/pulsar-functions-api/3.3.8/pulsar-functions-api-3.3.8.jar:/home/runner/work/apicurio-testing/apicurio-testing/clusters/ci419/namespaces/mysql/tests/integration/apicurio-registry/serdes/nats/avro-serde/target/apicurio-registry-avro-serde-nats-3.0.12-SNAPSHOT.jar:/home/runner/.m2/repository/io/nats/jnats/2.21.4/jnats-2.21.4.jar:/home/runner/.m2/repository/org/bouncycastle/bcprov-lts8on/2.73.7/bcprov-lts8on-2.73.7.jar:/home/runner/.m2/repository/org/jetbrains/annotations/26.0.2/annotations-26.0.2.jar:/home/runner/work/apicurio-testing/apicurio-testing/clusters/ci419/namespaces/mysql/tests/integration/apicurio-registry/utils/converter/target/apicurio-registry-utils-converter-3.0.12-SNAPSHOT.jar:/home/runner/work/apicurio-testing/apicurio-testing/clusters/ci419/namespaces/mysql/tests/integration/apicurio-registry/schema-resolver/target/apicurio-registry-schema-resolver-3.0.12-SNAPSHOT.jar:/home/runner/.m2/repository/org/apache/kafka/connect-api/3.9.1/connect-api-3.9.1.jar:/home/runner/.m2/repository/javax/ws/rs/javax.ws.rs-api/2.1.1/javax.ws.rs-api-2.1.1.jar:/home/runner/.m2/repository/org/apache/kafka/connect-json/3.9.1/connect-json-3.9.1.jar:/home/runner/.m2/repository/com/fasterxml/jackson/datatype/jackson-datatype-jdk8/2.18.2/jackson-datatype-jdk8-2.18.2.jar:/home/runner/.m2/repository/com/fasterxml/jackson/module/jackson-module-afterburner/2.18.2/jackson-module-afterburner-2.18.2.jar:/home/runner/work/apicurio-testing/apicurio-testing/clusters/ci419/namespaces/mysql/tests/integration/apicurio-registry/utils/kafka/target/apicurio-registry-utils-kafka-3.0.12-SNAPSHOT.jar:/home/runner/.m2/repository/org/apache/pulsar/pulsar-client/3.3.8/pulsar-client-3.3.8.jar:/home/runner/.m2/repository/org/apache/pulsar/pulsar-client-api/3.3.8/pulsar-client-api-3.3.8.jar:/home/runner/.m2/repository/org/apache/pulsar/pulsar-client-admin-api/3.3.8/pulsar-client-admin-api-3.3.8.jar:/home/runner/.m2/repository/org/apache/pulsar/bouncy-castle-bc/3.3.8/bouncy-castle-bc-3.3.8-pkg.jar:/home/runner/.m2/repository/org/bouncycastle/bcpkix-jdk18on/1.81/bcpkix-jdk18on-1.81.jar:/home/runner/.m2/repository/org/bouncycastle/bcutil-jdk18on/1.81/bcutil-jdk18on-1.81.jar:/home/runner/.m2/repository/org/bouncycastle/bcprov-jdk18on/1.81/bcprov-jdk18on-1.81.jar:/home/runner/.m2/repository/io/opentelemetry/opentelemetry-api/1.44.1/opentelemetry-api-1.44.1.jar:/home/runner/.m2/repository/io/opentelemetry/opentelemetry-context/1.44.1/opentelemetry-context-1.44.1.jar:/home/runner/.m2/repository/io/opentelemetry/opentelemetry-api-incubator/1.44.1-alpha/opentelemetry-api-incubator-1.44.1-alpha.jar:/home/runner/.m2/repository/com/fasterxml/jackson/core/jackson-annotations/2.18.2/jackson-annotations-2.18.2.jar:/home/runner/.m2/repository/javax/validation/validation-api/1.1.0.Final/validation-api-1.1.0.Final.jar:/home/runner/.m2/repository/org/jspecify/jspecify/1.0.0/jspecify-1.0.0.jar:/home/runner/.m2/repository/org/apache/commons/commons-configuration2/2.12.0/commons-configuration2-2.12.0.jar:/home/runner/.m2/repository/commons-logging/commons-logging/1.3.5/commons-logging-1.3.5.jar:/home/runner/.m2/repository/org/apache/commons/commons-text/1.13.0/commons-text-1.13.0.jar:/home/runner/.m2/repository/io/confluent/kafka-avro-serializer/8.0.0/kafka-avro-serializer-8.0.0.jar:/home/runner/.m2/repository/org/apache/commons/commons-compress/1.27.1/commons-compress-1.27.1.jar:/home/runner/.m2/repository/io/confluent/kafka-schema-serializer/8.0.0/kafka-schema-serializer-8.0.0.jar:/home/runner/.m2/repository/com/fasterxml/jackson/dataformat/jackson-dataformat-csv/2.18.2/jackson-dataformat-csv-2.18.2.jar:/home/runner/.m2/repository/io/confluent/kafka-schema-registry-client/8.0.0/kafka-schema-registry-client-8.0.0.jar:/home/runner/.m2/repository/org/yaml/snakeyaml/2.3/snakeyaml-2.3.jar:/home/runner/.m2/repository/io/swagger/core/v3/swagger-annotations/2.2.29/swagger-annotations-2.2.29.jar:/home/runner/.m2/repository/com/google/guava/guava/33.4.0-jre/guava-33.4.0-jre.jar:/home/runner/.m2/repository/com/google/guava/failureaccess/1.0.1/failureaccess-1.0.1.jar:/home/runner/.m2/repository/org/checkerframework/checker-qual/3.49.0/checker-qual-3.49.0.jar:/home/runner/.m2/repository/io/confluent/logredactor/1.0.13/logredactor-1.0.13.jar:/home/runner/.m2/repository/com/google/re2j/re2j/1.6/re2j-1.6.jar:/home/runner/.m2/repository/io/confluent/logredactor-metrics/1.0.13/logredactor-metrics-1.0.13.jar:/home/runner/.m2/repository/com/eclipsesource/minimal-json/minimal-json/0.9.5/minimal-json-0.9.5.jar:/home/runner/.m2/repository/io/confluent/common-utils/8.0.0/common-utils-8.0.0.jar:/home/runner/.m2/repository/io/confluent/kafka-connect-avro-converter/8.0.0/kafka-connect-avro-converter-8.0.0.jar:/home/runner/.m2/repository/io/confluent/kafka-connect-avro-data/8.0.0/kafka-connect-avro-data-8.0.0.jar:/home/runner/.m2/repository/io/confluent/kafka-schema-converter/8.0.0/kafka-schema-converter-8.0.0.jar:/home/runner/.m2/repository/io/rest-assured/rest-assured/5.5.1/rest-assured-5.5.1.jar:/home/runner/.m2/repository/org/apache/groovy/groovy/4.0.22/groovy-4.0.22.jar:/home/runner/.m2/repository/org/apache/groovy/groovy-xml/4.0.22/groovy-xml-4.0.22.jar:/home/runner/.m2/repository/org/apache/httpcomponents/httpclient/4.5.14/httpclient-4.5.14.jar:/home/runner/.m2/repository/org/apache/httpcomponents/httpcore/4.4.16/httpcore-4.4.16.jar:/home/runner/.m2/repository/org/apache/httpcomponents/httpmime/4.5.14/httpmime-4.5.14.jar:/home/runner/.m2/repository/org/hamcrest/hamcrest/2.2/hamcrest-2.2.jar:/home/runner/.m2/repository/org/ccil/cowan/tagsoup/tagsoup/1.2.1/tagsoup-1.2.1.jar:/home/runner/.m2/repository/io/rest-assured/json-path/5.5.1/json-path-5.5.1.jar:/home/runner/.m2/repository/org/apache/groovy/groovy-json/4.0.22/groovy-json-4.0.22.jar:/home/runner/.m2/repository/io/rest-assured/rest-assured-common/5.5.1/rest-assured-common-5.5.1.jar:/home/runner/.m2/repository/io/rest-assured/xml-path/5.5.1/xml-path-5.5.1.jar:/home/runner/.m2/repository/io/zonky/test/embedded-postgres/2.1.0/embedded-postgres-2.1.0.jar:/home/runner/.m2/repository/io/zonky/test/postgres/embedded-postgres-binaries-windows-amd64/14.15.0/embedded-postgres-binaries-windows-amd64-14.15.0.jar:/home/runner/.m2/repository/io/zonky/test/postgres/embedded-postgres-binaries-darwin-amd64/14.15.0/embedded-postgres-binaries-darwin-amd64-14.15.0.jar:/home/runner/.m2/repository/io/zonky/test/postgres/embedded-postgres-binaries-linux-amd64/14.15.0/embedded-postgres-binaries-linux-amd64-14.15.0.jar:/home/runner/.m2/repository/io/zonky/test/postgres/embedded-postgres-binaries-linux-amd64-alpine/14.15.0/embedded-postgres-binaries-linux-amd64-alpine-14.15.0.jar:/home/runner/.m2/repository/org/apache/commons/commons-lang3/3.17.0/commons-lang3-3.17.0.jar:/home/runner/.m2/repository/org/tukaani/xz/1.10/xz-1.10.jar:/home/runner/.m2/repository/commons-codec/commons-codec/1.19.0/commons-codec-1.19.0.jar:/home/runner/.m2/repository/org/postgresql/postgresql/42.7.7/postgresql-42.7.7.jar:/home/runner/.m2/repository/commons-io/commons-io/2.18.0/commons-io-2.18.0.jar:/home/runner/work/apicurio-testing/apicurio-testing/clusters/ci419/namespaces/mysql/tests/integration/apicurio-registry/utils/importexport/target/apicurio-registry-utils-import-export-3.0.12-SNAPSHOT.jar:/home/runner/.m2/repository/io/vertx/vertx-core/4.5.16/vertx-core-4.5.16.jar:/home/runner/.m2/repository/io/netty/netty-common/4.1.121.Final/netty-common-4.1.121.Final.jar:/home/runner/.m2/repository/io/netty/netty-buffer/4.1.121.Final/netty-buffer-4.1.121.Final.jar:/home/runner/.m2/repository/io/netty/netty-transport/4.1.121.Final/netty-transport-4.1.121.Final.jar:/home/runner/.m2/repository/io/netty/netty-handler/4.1.121.Final/netty-handler-4.1.121.Final.jar:/home/runner/.m2/repository/io/netty/netty-transport-native-unix-common/4.1.121.Final/netty-transport-native-unix-common-4.1.121.Final.jar:/home/runner/.m2/repository/io/netty/netty-codec/4.1.121.Final/netty-codec-4.1.121.Final.jar:/home/runner/.m2/repository/io/netty/netty-handler-proxy/4.1.121.Final/netty-handler-proxy-4.1.121.Final.jar:/home/runner/.m2/repository/io/netty/netty-codec-socks/4.1.121.Final/netty-codec-socks-4.1.121.Final.jar:/home/runner/.m2/repository/io/netty/netty-codec-http/4.1.121.Final/netty-codec-http-4.1.121.Final.jar:/home/runner/.m2/repository/io/netty/netty-codec-http2/4.1.121.Final/netty-codec-http2-4.1.121.Final.jar:/home/runner/.m2/repository/io/netty/netty-resolver/4.1.121.Final/netty-resolver-4.1.121.Final.jar:/home/runner/.m2/repository/io/netty/netty-resolver-dns/4.1.121.Final/netty-resolver-dns-4.1.121.Final.jar:/home/runner/.m2/repository/io/netty/netty-codec-dns/4.1.121.Final/netty-codec-dns-4.1.121.Final.jar:/home/runner/.m2/repository/com/fasterxml/jackson/core/jackson-core/2.18.2/jackson-core-2.18.2.jar:"/>
    <property name="java.vm.vendor" value="Eclipse Adoptium"/>
    <property name="maven.javadoc.skip" value="true"/>
    <property name="sun.arch.data.model" value="64"/>
    <property name="java.vendor.url" value="https://adoptium.net/"/>
    <property name="user.timezone" value="Etc/UTC"/>
    <property name="os.name" value="Linux"/>
    <property name="java.vm.specification.version" value="17"/>
    <property name="sun.java.launcher" value="SUN_STANDARD"/>
    <property name="quarkus.http.test-port" value="80"/>
    <property name="sun.boot.library.path" value="/usr/lib/jvm/temurin-17-jdk-amd64/lib"/>
    <property name="sun.java.command" value="/home/runner/work/apicurio-testing/apicurio-testing/clusters/ci419/namespaces/mysql/tests/integration/apicurio-registry/integration-tests/target/surefire/surefirebooter-20250812172052457_3.jar /home/runner/work/apicurio-testing/apicurio-testing/clusters/ci419/namespaces/mysql/tests/integration/apicurio-registry/integration-tests/target/surefire 2025-08-12T17-20-52_397-jvmRun1 surefire-20250812172052457_1tmp surefire_0-20250812172052457_2tmp"/>
    <property name="maven.home" value="/home/runner/.m2/wrapper/dists/apache-maven-3.9.8-bin/4fnp1ql35bgk2a0p7m31ovbgb0/apache-maven-3.9.8"/>
    <property name="jdk.debug" value="release"/>
    <property name="surefire.test.class.path" value="/home/runner/work/apicurio-testing/apicurio-testing/clusters/ci419/namespaces/mysql/tests/integration/apicurio-registry/integration-tests/target/test-classes:/home/runner/work/apicurio-testing/apicurio-testing/clusters/ci419/namespaces/mysql/tests/integration/apicurio-registry/integration-tests/target/apicurio-registry-integration-tests-3.0.12-SNAPSHOT.jar:/home/runner/.m2/repository/io/quarkus/quarkus-junit5/3.20.2/quarkus-junit5-3.20.2.jar:/home/runner/.m2/repository/io/quarkus/quarkus-bootstrap-core/3.20.2/quarkus-bootstrap-core-3.20.2.jar:/home/runner/.m2/repository/io/quarkus/quarkus-classloader-commons/3.20.2/quarkus-classloader-commons-3.20.2.jar:/home/runner/.m2/repository/io/quarkus/quarkus-bootstrap-app-model/3.20.2/quarkus-bootstrap-app-model-3.20.2.jar:/home/runner/.m2/repository/io/smallrye/common/smallrye-common-io/2.12.0/smallrye-common-io-2.12.0.jar:/home/runner/.m2/repository/org/eclipse/sisu/org.eclipse.sisu.inject/0.9.0.M3/org.eclipse.sisu.inject-0.9.0.M3.jar:/home/runner/.m2/repository/io/quarkus/quarkus-test-common/3.20.2/quarkus-test-common-3.20.2.jar:/home/runner/.m2/repository/io/quarkus/quarkus-core-deployment/3.20.2/quarkus-core-deployment-3.20.2.jar:/home/runner/.m2/repository/org/aesh/readline/2.6/readline-2.6.jar:/home/runner/.m2/repository/org/fusesource/jansi/jansi/2.4.0/jansi-2.4.0.jar:/home/runner/.m2/repository/org/aesh/aesh/2.8.2/aesh-2.8.2.jar:/home/runner/.m2/repository/io/quarkus/gizmo/gizmo/1.8.0/gizmo-1.8.0.jar:/home/runner/.m2/repository/org/ow2/asm/asm-util/9.7.1/asm-util-9.7.1.jar:/home/runner/.m2/repository/org/ow2/asm/asm-analysis/9.7.1/asm-analysis-9.7.1.jar:/home/runner/.m2/repository/org/ow2/asm/asm-commons/9.7.1/asm-commons-9.7.1.jar:/home/runner/.m2/repository/org/ow2/asm/asm-tree/9.7.1/asm-tree-9.7.1.jar:/home/runner/.m2/repository/io/quarkus/quarkus-hibernate-validator-spi/3.20.2/quarkus-hibernate-validator-spi-3.20.2.jar:/home/runner/.m2/repository/io/quarkus/quarkus-class-change-agent/3.20.2/quarkus-class-change-agent-3.20.2.jar:/home/runner/.m2/repository/io/quarkus/quarkus-devtools-utilities/3.20.2/quarkus-devtools-utilities-3.20.2.jar:/home/runner/.m2/repository/io/quarkus/quarkus-builder/3.20.2/quarkus-builder-3.20.2.jar:/home/runner/.m2/repository/org/graalvm/sdk/nativeimage/23.1.2/nativeimage-23.1.2.jar:/home/runner/.m2/repository/org/graalvm/sdk/word/23.1.2/word-23.1.2.jar:/home/runner/.m2/repository/io/quarkus/quarkus-bootstrap-maven-resolver/3.20.2/quarkus-bootstrap-maven-resolver-3.20.2.jar:/home/runner/.m2/repository/io/smallrye/beanbag/smallrye-beanbag-maven/1.5.2/smallrye-beanbag-maven-1.5.2.jar:/home/runner/.m2/repository/io/smallrye/beanbag/smallrye-beanbag-sisu/1.5.2/smallrye-beanbag-sisu-1.5.2.jar:/home/runner/.m2/repository/io/smallrye/beanbag/smallrye-beanbag/1.5.2/smallrye-beanbag-1.5.2.jar:/home/runner/.m2/repository/javax/inject/javax.inject/1/javax.inject-1.jar:/home/runner/.m2/repository/org/apache/maven/maven-artifact/3.9.9/maven-artifact-3.9.9.jar:/home/runner/.m2/repository/org/apache/maven/maven-builder-support/3.9.9/maven-builder-support-3.9.9.jar:/home/runner/.m2/repository/org/apache/maven/maven-model/3.9.9/maven-model-3.9.9.jar:/home/runner/.m2/repository/org/apache/maven/maven-model-builder/3.9.9/maven-model-builder-3.9.9.jar:/home/runner/.m2/repository/org/apache/maven/maven-repository-metadata/3.9.9/maven-repository-metadata-3.9.9.jar:/home/runner/.m2/repository/org/apache/maven/maven-settings/3.9.9/maven-settings-3.9.9.jar:/home/runner/.m2/repository/org/apache/maven/resolver/maven-resolver-api/1.9.22/maven-resolver-api-1.9.22.jar:/home/runner/.m2/repository/org/apache/maven/resolver/maven-resolver-impl/1.9.22/maven-resolver-impl-1.9.22.jar:/home/runner/.m2/repository/org/apache/maven/resolver/maven-resolver-named-locks/1.9.22/maven-resolver-named-locks-1.9.22.jar:/home/runner/.m2/repository/org/apache/maven/resolver/maven-resolver-spi/1.9.22/maven-resolver-spi-1.9.22.jar:/home/runner/.m2/repository/org/apache/maven/resolver/maven-resolver-util/1.9.22/maven-resolver-util-1.9.22.jar:/home/runner/.m2/repository/org/apache/maven/resolver/maven-resolver-transport-http/1.9.20/maven-resolver-transport-http-1.9.20.jar:/home/runner/.m2/repository/org/apache/maven/wagon/wagon-provider-api/3.5.3/wagon-provider-api-3.5.3.jar:/home/runner/.m2/repository/org/apache/maven/wagon/wagon-http-shared/3.5.3/wagon-http-shared-3.5.3.jar:/home/runner/.m2/repository/org/codehaus/plexus/plexus-interpolation/1.26/plexus-interpolation-1.26.jar:/home/runner/.m2/repository/org/codehaus/plexus/plexus-utils/3.5.1/plexus-utils-3.5.1.jar:/home/runner/.m2/repository/org/codehaus/plexus/plexus-xml/4.0.1/plexus-xml-4.0.1.jar:/home/runner/.m2/repository/org/apache/maven/maven-xml-impl/4.0.0-alpha-5/maven-xml-impl-4.0.0-alpha-5.jar:/home/runner/.m2/repository/org/apache/maven/maven-api-xml/4.0.0-alpha-5/maven-api-xml-4.0.0-alpha-5.jar:/home/runner/.m2/repository/org/apache/maven/maven-api-meta/4.0.0-alpha-5/maven-api-meta-4.0.0-alpha-5.jar:/home/runner/.m2/repository/org/codehaus/plexus/plexus-cipher/2.0/plexus-cipher-2.0.jar:/home/runner/.m2/repository/org/codehaus/plexus/plexus-sec-dispatcher/2.0/plexus-sec-dispatcher-2.0.jar:/home/runner/.m2/repository/org/apache/maven/maven-embedder/3.9.9/maven-embedder-3.9.9.jar:/home/runner/.m2/repository/org/apache/maven/maven-core/3.9.9/maven-core-3.9.9.jar:/home/runner/.m2/repository/org/codehaus/plexus/plexus-component-annotations/2.1.0/plexus-component-annotations-2.1.0.jar:/home/runner/.m2/repository/org/apache/maven/maven-plugin-api/3.9.9/maven-plugin-api-3.9.9.jar:/home/runner/.m2/repository/org/apache/maven/shared/maven-shared-utils/3.4.2/maven-shared-utils-3.4.2.jar:/home/runner/.m2/repository/com/google/inject/guice/5.1.0/guice-5.1.0.jar:/home/runner/.m2/repository/aopalliance/aopalliance/1.0/aopalliance-1.0.jar:/home/runner/.m2/repository/org/codehaus/plexus/plexus-classworlds/2.6.0/plexus-classworlds-2.6.0.jar:/home/runner/.m2/repository/commons-cli/commons-cli/1.8.0/commons-cli-1.8.0.jar:/home/runner/.m2/repository/org/eclipse/sisu/org.eclipse.sisu.plexus/0.9.0.M3/org.eclipse.sisu.plexus-0.9.0.M3.jar:/home/runner/.m2/repository/org/apache/maven/maven-settings-builder/3.9.9/maven-settings-builder-3.9.9.jar:/home/runner/.m2/repository/org/apache/maven/maven-resolver-provider/3.9.9/maven-resolver-provider-3.9.9.jar:/home/runner/.m2/repository/org/apache/maven/resolver/maven-resolver-connector-basic/1.9.22/maven-resolver-connector-basic-1.9.22.jar:/home/runner/.m2/repository/org/apache/maven/resolver/maven-resolver-transport-wagon/1.9.22/maven-resolver-transport-wagon-1.9.22.jar:/home/runner/.m2/repository/org/apache/maven/wagon/wagon-http/3.5.3/wagon-http-3.5.3.jar:/home/runner/.m2/repository/org/apache/maven/wagon/wagon-file/3.5.3/wagon-file-3.5.3.jar:/home/runner/.m2/repository/io/quarkus/quarkus-bootstrap-gradle-resolver/3.20.2/quarkus-bootstrap-gradle-resolver-3.20.2.jar:/home/runner/.m2/repository/io/smallrye/jandex/3.3.0/jandex-3.3.0.jar:/home/runner/.m2/repository/org/jboss/logging/commons-logging-jboss-logging/1.0.0.Final/commons-logging-jboss-logging-1.0.0.Final.jar:/home/runner/.m2/repository/io/quarkus/quarkus-junit5-config/3.20.2/quarkus-junit5-config-3.20.2.jar:/home/runner/.m2/repository/org/junit/jupiter/junit-jupiter-api/5.12.1/junit-jupiter-api-5.12.1.jar:/home/runner/.m2/repository/io/smallrye/config/smallrye-config/3.11.4/smallrye-config-3.11.4.jar:/home/runner/.m2/repository/io/smallrye/config/smallrye-config-core/3.11.4/smallrye-config-core-3.11.4.jar:/home/runner/.m2/repository/io/smallrye/common/smallrye-common-classloader/2.12.0/smallrye-common-classloader-2.12.0.jar:/home/runner/.m2/repository/io/smallrye/config/smallrye-config-common/3.11.4/smallrye-config-common-3.11.4.jar:/home/runner/.m2/repository/org/junit/jupiter/junit-jupiter/5.12.1/junit-jupiter-5.12.1.jar:/home/runner/.m2/repository/org/junit/jupiter/junit-jupiter-params/5.12.1/junit-jupiter-params-5.12.1.jar:/home/runner/.m2/repository/org/junit/jupiter/junit-jupiter-engine/5.12.1/junit-jupiter-engine-5.12.1.jar:/home/runner/.m2/repository/io/quarkus/quarkus-core/3.20.2/quarkus-core-3.20.2.jar:/home/runner/.m2/repository/jakarta/enterprise/jakarta.enterprise.cdi-api/4.1.0/jakarta.enterprise.cdi-api-4.1.0.jar:/home/runner/.m2/repository/jakarta/enterprise/jakarta.enterprise.lang-model/4.1.0/jakarta.enterprise.lang-model-4.1.0.jar:/home/runner/.m2/repository/jakarta/el/jakarta.el-api/5.0.1/jakarta.el-api-5.0.1.jar:/home/runner/.m2/repository/jakarta/interceptor/jakarta.interceptor-api/2.2.0/jakarta.interceptor-api-2.2.0.jar:/home/runner/.m2/repository/jakarta/inject/jakarta.inject-api/2.0.1/jakarta.inject-api-2.0.1.jar:/home/runner/.m2/repository/io/smallrye/common/smallrye-common-os/2.12.0/smallrye-common-os-2.12.0.jar:/home/runner/.m2/repository/io/quarkus/quarkus-ide-launcher/3.20.2/quarkus-ide-launcher-3.20.2.jar:/home/runner/.m2/repository/io/quarkus/quarkus-development-mode-spi/3.20.2/quarkus-development-mode-spi-3.20.2.jar:/home/runner/.m2/repository/org/jboss/logging/jboss-logging/3.6.1.Final/jboss-logging-3.6.1.Final.jar:/home/runner/.m2/repository/org/jboss/logmanager/jboss-logmanager/3.1.2.Final/jboss-logmanager-3.1.2.Final.jar:/home/runner/.m2/repository/io/smallrye/common/smallrye-common-constraint/2.12.0/smallrye-common-constraint-2.12.0.jar:/home/runner/.m2/repository/io/smallrye/common/smallrye-common-cpu/2.12.0/smallrye-common-cpu-2.12.0.jar:/home/runner/.m2/repository/io/smallrye/common/smallrye-common-expression/2.12.0/smallrye-common-expression-2.12.0.jar:/home/runner/.m2/repository/io/smallrye/common/smallrye-common-net/2.12.0/smallrye-common-net-2.12.0.jar:/home/runner/.m2/repository/io/smallrye/common/smallrye-common-ref/2.12.0/smallrye-common-ref-2.12.0.jar:/home/runner/.m2/repository/jakarta/json/jakarta.json-api/2.1.3/jakarta.json-api-2.1.3.jar:/home/runner/.m2/repository/org/eclipse/parsson/parsson/1.1.7/parsson-1.1.7.jar:/home/runner/.m2/repository/org/jboss/logging/jboss-logging-annotations/3.0.4.Final/jboss-logging-annotations-3.0.4.Final.jar:/home/runner/.m2/repository/org/jboss/threads/jboss-threads/3.8.0.Final/jboss-threads-3.8.0.Final.jar:/home/runner/.m2/repository/io/smallrye/common/smallrye-common-annotation/2.12.0/smallrye-common-annotation-2.12.0.jar:/home/runner/.m2/repository/io/smallrye/common/smallrye-common-function/2.12.0/smallrye-common-function-2.12.0.jar:/home/runner/.m2/repository/org/jboss/slf4j/slf4j-jboss-logmanager/2.0.0.Final/slf4j-jboss-logmanager-2.0.0.Final.jar:/home/runner/.m2/repository/org/wildfly/common/wildfly-common/2.0.1/wildfly-common-2.0.1.jar:/home/runner/.m2/repository/io/quarkus/quarkus-bootstrap-runner/3.20.2/quarkus-bootstrap-runner-3.20.2.jar:/home/runner/.m2/repository/io/github/crac/org-crac/0.1.3/org-crac-0.1.3.jar:/home/runner/.m2/repository/io/quarkus/quarkus-fs-util/0.0.10/quarkus-fs-util-0.0.10.jar:/home/runner/.m2/repository/org/jboss/marshalling/jboss-marshalling/2.2.2.Final/jboss-marshalling-2.2.2.Final.jar:/home/runner/.m2/repository/io/fabric8/kubernetes-client/7.1.0/kubernetes-client-7.1.0.jar:/home/runner/.m2/repository/io/fabric8/kubernetes-client-api/7.1.0/kubernetes-client-api-7.1.0.jar:/home/runner/.m2/repository/io/fabric8/kubernetes-model-core/7.1.0/kubernetes-model-core-7.1.0.jar:/home/runner/.m2/repository/io/fabric8/kubernetes-model-common/7.1.0/kubernetes-model-common-7.1.0.jar:/home/runner/.m2/repository/javax/annotation/javax.annotation-api/1.3.2/javax.annotation-api-1.3.2.jar:/home/runner/.m2/repository/io/fabric8/kubernetes-model-gatewayapi/7.1.0/kubernetes-model-gatewayapi-7.1.0.jar:/home/runner/.m2/repository/io/fabric8/kubernetes-model-resource/7.1.0/kubernetes-model-resource-7.1.0.jar:/home/runner/.m2/repository/io/fabric8/kubernetes-model-rbac/7.1.0/kubernetes-model-rbac-7.1.0.jar:/home/runner/.m2/repository/io/fabric8/kubernetes-model-admissionregistration/7.1.0/kubernetes-model-admissionregistration-7.1.0.jar:/home/runner/.m2/repository/io/fabric8/kubernetes-model-apps/7.1.0/kubernetes-model-apps-7.1.0.jar:/home/runner/.m2/repository/io/fabric8/kubernetes-model-autoscaling/7.1.0/kubernetes-model-autoscaling-7.1.0.jar:/home/runner/.m2/repository/io/fabric8/kubernetes-model-apiextensions/7.1.0/kubernetes-model-apiextensions-7.1.0.jar:/home/runner/.m2/repository/io/fabric8/kubernetes-model-batch/7.1.0/kubernetes-model-batch-7.1.0.jar:/home/runner/.m2/repository/io/fabric8/kubernetes-model-certificates/7.1.0/kubernetes-model-certificates-7.1.0.jar:/home/runner/.m2/repository/io/fabric8/kubernetes-model-coordination/7.1.0/kubernetes-model-coordination-7.1.0.jar:/home/runner/.m2/repository/io/fabric8/kubernetes-model-discovery/7.1.0/kubernetes-model-discovery-7.1.0.jar:/home/runner/.m2/repository/io/fabric8/kubernetes-model-events/7.1.0/kubernetes-model-events-7.1.0.jar:/home/runner/.m2/repository/io/fabric8/kubernetes-model-extensions/7.1.0/kubernetes-model-extensions-7.1.0.jar:/home/runner/.m2/repository/io/fabric8/kubernetes-model-flowcontrol/7.1.0/kubernetes-model-flowcontrol-7.1.0.jar:/home/runner/.m2/repository/io/fabric8/kubernetes-model-networking/7.1.0/kubernetes-model-networking-7.1.0.jar:/home/runner/.m2/repository/io/fabric8/kubernetes-model-metrics/7.1.0/kubernetes-model-metrics-7.1.0.jar:/home/runner/.m2/repository/io/fabric8/kubernetes-model-policy/7.1.0/kubernetes-model-policy-7.1.0.jar:/home/runner/.m2/repository/io/fabric8/kubernetes-model-scheduling/7.1.0/kubernetes-model-scheduling-7.1.0.jar:/home/runner/.m2/repository/io/fabric8/kubernetes-model-storageclass/7.1.0/kubernetes-model-storageclass-7.1.0.jar:/home/runner/.m2/repository/io/fabric8/kubernetes-model-node/7.1.0/kubernetes-model-node-7.1.0.jar:/home/runner/.m2/repository/org/snakeyaml/snakeyaml-engine/2.9/snakeyaml-engine-2.9.jar:/home/runner/.m2/repository/com/fasterxml/jackson/dataformat/jackson-dataformat-yaml/2.18.2/jackson-dataformat-yaml-2.18.2.jar:/home/runner/.m2/repository/com/fasterxml/jackson/datatype/jackson-datatype-jsr310/2.18.2/jackson-datatype-jsr310-2.18.2.jar:/home/runner/.m2/repository/io/fabric8/zjsonpatch/7.1.0/zjsonpatch-7.1.0.jar:/home/runner/.m2/repository/io/fabric8/kubernetes-httpclient-vertx/7.1.0/kubernetes-httpclient-vertx-7.1.0.jar:/home/runner/.m2/repository/io/vertx/vertx-web-client/4.5.16/vertx-web-client-4.5.16.jar:/home/runner/.m2/repository/io/vertx/vertx-web-common/4.5.16/vertx-web-common-4.5.16.jar:/home/runner/.m2/repository/io/vertx/vertx-auth-common/4.5.16/vertx-auth-common-4.5.16.jar:/home/runner/.m2/repository/io/vertx/vertx-uri-template/4.5.16/vertx-uri-template-4.5.16.jar:/home/runner/.m2/repository/io/fabric8/openshift-client/7.1.0/openshift-client-7.1.0.jar:/home/runner/.m2/repository/io/fabric8/openshift-client-api/7.1.0/openshift-client-api-7.1.0.jar:/home/runner/.m2/repository/io/fabric8/openshift-model/7.1.0/openshift-model-7.1.0.jar:/home/runner/.m2/repository/io/fabric8/openshift-model-autoscaling/7.1.0/openshift-model-autoscaling-7.1.0.jar:/home/runner/.m2/repository/io/fabric8/openshift-model-operator/7.1.0/openshift-model-operator-7.1.0.jar:/home/runner/.m2/repository/io/fabric8/openshift-model-operatorhub/7.1.0/openshift-model-operatorhub-7.1.0.jar:/home/runner/.m2/repository/io/fabric8/openshift-model-machine/7.1.0/openshift-model-machine-7.1.0.jar:/home/runner/.m2/repository/io/fabric8/openshift-model-whereabouts/7.1.0/openshift-model-whereabouts-7.1.0.jar:/home/runner/.m2/repository/io/fabric8/openshift-model-monitoring/7.1.0/openshift-model-monitoring-7.1.0.jar:/home/runner/.m2/repository/io/fabric8/openshift-model-storageversionmigrator/7.1.0/openshift-model-storageversionmigrator-7.1.0.jar:/home/runner/.m2/repository/io/fabric8/openshift-model-tuned/7.1.0/openshift-model-tuned-7.1.0.jar:/home/runner/.m2/repository/io/fabric8/openshift-model-console/7.1.0/openshift-model-console-7.1.0.jar:/home/runner/.m2/repository/io/fabric8/openshift-model-config/7.1.0/openshift-model-config-7.1.0.jar:/home/runner/.m2/repository/io/fabric8/openshift-model-machineconfiguration/7.1.0/openshift-model-machineconfiguration-7.1.0.jar:/home/runner/.m2/repository/io/fabric8/openshift-model-miscellaneous/7.1.0/openshift-model-miscellaneous-7.1.0.jar:/home/runner/.m2/repository/io/fabric8/openshift-model-hive/7.1.0/openshift-model-hive-7.1.0.jar:/home/runner/.m2/repository/io/fabric8/openshift-model-installer/7.1.0/openshift-model-installer-7.1.0.jar:/home/runner/.m2/repository/org/junit/platform/junit-platform-launcher/1.12.1/junit-platform-launcher-1.12.1.jar:/home/runner/.m2/repository/org/junit/platform/junit-platform-engine/1.12.1/junit-platform-engine-1.12.1.jar:/home/runner/.m2/repository/org/opentest4j/opentest4j/1.3.0/opentest4j-1.3.0.jar:/home/runner/.m2/repository/org/junit/platform/junit-platform-commons/1.12.1/junit-platform-commons-1.12.1.jar:/home/runner/.m2/repository/org/apiguardian/apiguardian-api/1.1.2/apiguardian-api-1.1.2.jar:/home/runner/.m2/repository/jakarta/ws/rs/jakarta.ws.rs-api/3.1.0/jakarta.ws.rs-api-3.1.0.jar:/home/runner/work/apicurio-testing/apicurio-testing/clusters/ci419/namespaces/mysql/tests/integration/apicurio-registry/java-sdk/target/apicurio-registry-java-sdk-3.0.12-SNAPSHOT.jar:/home/runner/.m2/repository/com/microsoft/kiota/microsoft-kiota-abstractions/1.8.9/microsoft-kiota-abstractions-1.8.9.jar:/home/runner/.m2/repository/io/github/std-uritemplate/std-uritemplate/2.0.0/std-uritemplate-2.0.0.jar:/home/runner/.m2/repository/io/kiota/kiota-http-jdk/0.0.29/kiota-http-jdk-0.0.29.jar:/home/runner/.m2/repository/io/kiota/kiota-http-vertx/0.0.29/kiota-http-vertx-0.0.29.jar:/home/runner/.m2/repository/io/kiota/kiota-serialization-jackson/0.0.29/kiota-serialization-jackson-0.0.29.jar:/home/runner/.m2/repository/com/microsoft/kiota/microsoft-kiota-serialization-text/1.8.9/microsoft-kiota-serialization-text-1.8.9.jar:/home/runner/.m2/repository/com/microsoft/kiota/microsoft-kiota-serialization-form/1.8.9/microsoft-kiota-serialization-form-1.8.9.jar:/home/runner/.m2/repository/com/microsoft/kiota/microsoft-kiota-serialization-multipart/1.8.9/microsoft-kiota-serialization-multipart-1.8.9.jar:/home/runner/.m2/repository/jakarta/annotation/jakarta.annotation-api/3.0.0/jakarta.annotation-api-3.0.0.jar:/home/runner/.m2/repository/io/vertx/vertx-auth-oauth2/4.5.16/vertx-auth-oauth2-4.5.16.jar:/home/runner/work/apicurio-testing/apicurio-testing/clusters/ci419/namespaces/mysql/tests/integration/apicurio-registry/java-sdk-v2/target/apicurio-registry-v2-java-sdk-3.0.12-SNAPSHOT.jar:/home/runner/work/apicurio-testing/apicurio-testing/clusters/ci419/namespaces/mysql/tests/integration/apicurio-registry/utils/kafka/target/apicurio-registry-utils-kafka-3.0.12-SNAPSHOT-tests.jar:/home/runner/.m2/repository/org/eclipse/microprofile/config/microprofile-config-api/3.1/microprofile-config-api-3.1.jar:/home/runner/.m2/repository/org/apache/kafka/kafka-clients/3.9.1/kafka-clients-3.9.1.jar:/home/runner/.m2/repository/com/github/luben/zstd-jni/1.5.6-4/zstd-jni-1.5.6-4.jar:/home/runner/.m2/repository/org/lz4/lz4-java/1.8.0/lz4-java-1.8.0.jar:/home/runner/.m2/repository/org/xerial/snappy/snappy-java/1.1.10.5/snappy-java-1.1.10.5.jar:/home/runner/.m2/repository/org/slf4j/slf4j-api/2.0.6/slf4j-api-2.0.6.jar:/home/runner/work/apicurio-testing/apicurio-testing/clusters/ci419/namespaces/mysql/tests/integration/apicurio-registry/utils/tests/target/apicurio-registry-utils-tests-3.0.12-SNAPSHOT.jar:/home/runner/work/apicurio-testing/apicurio-testing/clusters/ci419/namespaces/mysql/tests/integration/apicurio-registry/common/target/apicurio-registry-common-3.0.12-SNAPSHOT.jar:/home/runner/.m2/repository/jakarta/validation/jakarta.validation-api/3.0.2/jakarta.validation-api-3.0.2.jar:/home/runner/.m2/repository/com/github/dasniko/testcontainers-keycloak/3.8.0/testcontainers-keycloak-3.8.0.jar:/home/runner/.m2/repository/org/testcontainers/testcontainers/1.20.6/testcontainers-1.20.6.jar:/home/runner/.m2/repository/org/rnorth/duct-tape/duct-tape/1.0.8/duct-tape-1.0.8.jar:/home/runner/.m2/repository/com/github/docker-java/docker-java-transport-zerodep/3.4.1/docker-java-transport-zerodep-3.4.1.jar:/home/runner/.m2/repository/com/github/docker-java/docker-java-transport/3.4.1/docker-java-transport-3.4.1.jar:/home/runner/.m2/repository/net/java/dev/jna/jna/5.8.0/jna-5.8.0.jar:/home/runner/.m2/repository/io/quarkus/quarkus-junit4-mock/3.20.2/quarkus-junit4-mock-3.20.2.jar:/home/runner/.m2/repository/org/jboss/shrinkwrap/shrinkwrap-api/2.0.0-beta-2/shrinkwrap-api-2.0.0-beta-2.jar:/home/runner/.m2/repository/org/jboss/shrinkwrap/shrinkwrap-impl-base/2.0.0-beta-2/shrinkwrap-impl-base-2.0.0-beta-2.jar:/home/runner/.m2/repository/org/jboss/shrinkwrap/shrinkwrap-spi/2.0.0-beta-2/shrinkwrap-spi-2.0.0-beta-2.jar:/home/runner/.m2/repository/org/keycloak/keycloak-admin-client/26.0.4/keycloak-admin-client-26.0.4.jar:/home/runner/.m2/repository/org/keycloak/keycloak-client-common-synced/26.0.4/keycloak-client-common-synced-26.0.4.jar:/home/runner/.m2/repository/jakarta/activation/jakarta.activation-api/2.1.3/jakarta.activation-api-2.1.3.jar:/home/runner/.m2/repository/org/eclipse/microprofile/openapi/microprofile-openapi-api/4.0.2/microprofile-openapi-api-4.0.2.jar:/home/runner/.m2/repository/org/jboss/resteasy/resteasy-client/6.2.12.Final/resteasy-client-6.2.12.Final.jar:/home/runner/.m2/repository/org/jboss/resteasy/resteasy-client-api/6.2.12.Final/resteasy-client-api-6.2.12.Final.jar:/home/runner/.m2/repository/org/jboss/resteasy/resteasy-core-spi/6.2.12.Final/resteasy-core-spi-6.2.12.Final.jar:/home/runner/.m2/repository/org/jboss/resteasy/resteasy-core/6.2.12.Final/resteasy-core-6.2.12.Final.jar:/home/runner/.m2/repository/org/eclipse/angus/angus-activation/2.0.2/angus-activation-2.0.2.jar:/home/runner/.m2/repository/com/ibm/async/asyncutil/0.1.0/asyncutil-0.1.0.jar:/home/runner/.m2/repository/org/reactivestreams/reactive-streams/1.0.4/reactive-streams-1.0.4.jar:/home/runner/.m2/repository/org/jboss/resteasy/resteasy-multipart-provider/6.2.12.Final/resteasy-multipart-provider-6.2.12.Final.jar:/home/runner/.m2/repository/jakarta/mail/jakarta.mail-api/2.1.3/jakarta.mail-api-2.1.3.jar:/home/runner/.m2/repository/org/eclipse/angus/angus-mail/2.0.3/angus-mail-2.0.3.jar:/home/runner/.m2/repository/org/apache/james/apache-mime4j-dom/0.8.12/apache-mime4j-dom-0.8.12.jar:/home/runner/.m2/repository/org/apache/james/apache-mime4j-core/0.8.12/apache-mime4j-core-0.8.12.jar:/home/runner/.m2/repository/org/apache/james/apache-mime4j-storage/0.8.12/apache-mime4j-storage-0.8.12.jar:/home/runner/.m2/repository/org/jboss/resteasy/resteasy-jackson2-provider/6.2.12.Final/resteasy-jackson2-provider-6.2.12.Final.jar:/home/runner/.m2/repository/com/fasterxml/jackson/jakarta/rs/jackson-jakarta-rs-base/2.18.2/jackson-jakarta-rs-base-2.18.2.jar:/home/runner/.m2/repository/com/fasterxml/jackson/jakarta/rs/jackson-jakarta-rs-json-provider/2.18.2/jackson-jakarta-rs-json-provider-2.18.2.jar:/home/runner/.m2/repository/com/fasterxml/jackson/module/jackson-module-jakarta-xmlbind-annotations/2.18.2/jackson-module-jakarta-xmlbind-annotations-2.18.2.jar:/home/runner/.m2/repository/com/github/java-json-tools/json-patch/1.13/json-patch-1.13.jar:/home/runner/.m2/repository/com/github/java-json-tools/msg-simple/1.2/msg-simple-1.2.jar:/home/runner/.m2/repository/com/github/java-json-tools/btf/1.3/btf-1.3.jar:/home/runner/.m2/repository/com/github/java-json-tools/jackson-coreutils/2.0/jackson-coreutils-2.0.jar:/home/runner/.m2/repository/org/jboss/resteasy/resteasy-jaxb-provider/6.2.12.Final/resteasy-jaxb-provider-6.2.12.Final.jar:/home/runner/.m2/repository/org/glassfish/jaxb/codemodel/4.0.5/codemodel-4.0.5.jar:/home/runner/.m2/repository/org/glassfish/jaxb/jaxb-core/4.0.5/jaxb-core-4.0.5.jar:/home/runner/.m2/repository/org/glassfish/jaxb/jaxb-jxc/4.0.5/jaxb-jxc-4.0.5.jar:/home/runner/.m2/repository/org/glassfish/jaxb/jaxb-runtime/4.0.5/jaxb-runtime-4.0.5.jar:/home/runner/.m2/repository/org/glassfish/jaxb/txw2/4.0.5/txw2-4.0.5.jar:/home/runner/.m2/repository/org/glassfish/jaxb/jaxb-xjc/4.0.5/jaxb-xjc-4.0.5.jar:/home/runner/.m2/repository/org/glassfish/jaxb/xsom/4.0.5/xsom-4.0.5.jar:/home/runner/.m2/repository/com/sun/istack/istack-commons-runtime/4.1.2/istack-commons-runtime-4.1.2.jar:/home/runner/.m2/repository/com/sun/istack/istack-commons-tools/4.1.2/istack-commons-tools-4.1.2.jar:/home/runner/.m2/repository/com/sun/xml/bind/external/relaxng-datatype/4.0.5/relaxng-datatype-4.0.5.jar:/home/runner/.m2/repository/com/sun/xml/bind/external/rngom/4.0.5/rngom-4.0.5.jar:/home/runner/.m2/repository/org/testcontainers/mssqlserver/1.20.6/mssqlserver-1.20.6.jar:/home/runner/.m2/repository/org/testcontainers/jdbc/1.20.6/jdbc-1.20.6.jar:/home/runner/.m2/repository/org/testcontainers/database-commons/1.20.6/database-commons-1.20.6.jar:/home/runner/.m2/repository/org/testcontainers/mysql/1.20.6/mysql-1.20.6.jar:/home/runner/.m2/repository/io/strimzi/strimzi-test-container/0.111.0/strimzi-test-container-0.111.0.jar:/home/runner/.m2/repository/org/testcontainers/toxiproxy/1.20.6/toxiproxy-1.20.6.jar:/home/runner/.m2/repository/com/github/docker-java/docker-java-api/3.4.1/docker-java-api-3.4.1.jar:/home/runner/.m2/repository/org/apache/logging/log4j/log4j-slf4j-impl/2.19.0/log4j-slf4j-impl-2.19.0.jar:/home/runner/.m2/repository/org/apache/logging/log4j/log4j-api/2.24.3/log4j-api-2.24.3.jar:/home/runner/.m2/repository/org/apache/logging/log4j/log4j-core/2.19.0/log4j-core-2.19.0.jar:/home/runner/.m2/repository/eu/rekawek/toxiproxy/toxiproxy-java/2.1.7/toxiproxy-java-2.1.7.jar:/home/runner/.m2/repository/org/testcontainers/pulsar/1.21.3/pulsar-1.21.3.jar:/home/runner/.m2/repository/io/debezium/debezium-testing-testcontainers/2.7.4.Final/debezium-testing-testcontainers-2.7.4.Final.jar:/home/runner/.m2/repository/org/testcontainers/kafka/1.20.6/kafka-1.20.6.jar:/home/runner/.m2/repository/com/squareup/okhttp3/okhttp/4.8.1/okhttp-4.8.1.jar:/home/runner/.m2/repository/com/squareup/okio/okio/3.10.2/okio-3.10.2.jar:/home/runner/.m2/repository/com/squareup/okio/okio-jvm/3.10.2/okio-jvm-3.10.2.jar:/home/runner/.m2/repository/org/jetbrains/kotlin/kotlin-stdlib/2.0.21/kotlin-stdlib-2.0.21.jar:/home/runner/.m2/repository/org/awaitility/awaitility/4.3.0/awaitility-4.3.0.jar:/home/runner/.m2/repository/org/testcontainers/mongodb/1.20.6/mongodb-1.20.6.jar:/home/runner/.m2/repository/org/testcontainers/mariadb/1.20.6/mariadb-1.20.6.jar:/home/runner/.m2/repository/org/testcontainers/oracle-xe/1.20.6/oracle-xe-1.20.6.jar:/home/runner/.m2/repository/org/testcontainers/postgresql/1.20.6/postgresql-1.20.6.jar:/home/runner/.m2/repository/org/wiremock/wiremock/3.0.1/wiremock-3.0.1.jar:/home/runner/.m2/repository/org/eclipse/jetty/jetty-server/11.0.15/jetty-server-11.0.15.jar:/home/runner/.m2/repository/org/eclipse/jetty/toolchain/jetty-jakarta-servlet-api/5.0.2/jetty-jakarta-servlet-api-5.0.2.jar:/home/runner/.m2/repository/org/eclipse/jetty/jetty-http/11.0.15/jetty-http-11.0.15.jar:/home/runner/.m2/repository/org/eclipse/jetty/jetty-io/11.0.15/jetty-io-11.0.15.jar:/home/runner/.m2/repository/org/eclipse/jetty/jetty-servlet/11.0.15/jetty-servlet-11.0.15.jar:/home/runner/.m2/repository/org/eclipse/jetty/jetty-security/11.0.15/jetty-security-11.0.15.jar:/home/runner/.m2/repository/org/eclipse/jetty/jetty-servlets/11.0.15/jetty-servlets-11.0.15.jar:/home/runner/.m2/repository/org/eclipse/jetty/jetty-util/11.0.15/jetty-util-11.0.15.jar:/home/runner/.m2/repository/org/eclipse/jetty/jetty-webapp/11.0.15/jetty-webapp-11.0.15.jar:/home/runner/.m2/repository/org/eclipse/jetty/jetty-xml/11.0.15/jetty-xml-11.0.15.jar:/home/runner/.m2/repository/org/eclipse/jetty/jetty-proxy/11.0.15/jetty-proxy-11.0.15.jar:/home/runner/.m2/repository/org/eclipse/jetty/jetty-client/11.0.15/jetty-client-11.0.15.jar:/home/runner/.m2/repository/org/eclipse/jetty/http2/http2-server/11.0.15/http2-server-11.0.15.jar:/home/runner/.m2/repository/org/eclipse/jetty/http2/http2-common/11.0.15/http2-common-11.0.15.jar:/home/runner/.m2/repository/org/eclipse/jetty/http2/http2-hpack/11.0.15/http2-hpack-11.0.15.jar:/home/runner/.m2/repository/org/eclipse/jetty/jetty-alpn-server/11.0.15/jetty-alpn-server-11.0.15.jar:/home/runner/.m2/repository/org/eclipse/jetty/jetty-alpn-java-server/11.0.15/jetty-alpn-java-server-11.0.15.jar:/home/runner/.m2/repository/org/eclipse/jetty/jetty-alpn-java-client/11.0.15/jetty-alpn-java-client-11.0.15.jar:/home/runner/.m2/repository/org/eclipse/jetty/jetty-alpn-client/11.0.15/jetty-alpn-client-11.0.15.jar:/home/runner/.m2/repository/org/apache/httpcomponents/client5/httpclient5/5.2.1/httpclient5-5.2.1.jar:/home/runner/.m2/repository/org/apache/httpcomponents/core5/httpcore5/5.2/httpcore5-5.2.jar:/home/runner/.m2/repository/org/apache/httpcomponents/core5/httpcore5-h2/5.2/httpcore5-h2-5.2.jar:/home/runner/.m2/repository/org/xmlunit/xmlunit-core/2.9.1/xmlunit-core-2.9.1.jar:/home/runner/.m2/repository/jakarta/xml/bind/jakarta.xml.bind-api/4.0.2/jakarta.xml.bind-api-4.0.2.jar:/home/runner/.m2/repository/org/xmlunit/xmlunit-legacy/2.9.1/xmlunit-legacy-2.9.1.jar:/home/runner/.m2/repository/org/xmlunit/xmlunit-placeholders/2.9.1/xmlunit-placeholders-2.9.1.jar:/home/runner/.m2/repository/net/javacrumbs/json-unit/json-unit-core/2.38.0/json-unit-core-2.38.0.jar:/home/runner/.m2/repository/org/hamcrest/hamcrest-core/2.2/hamcrest-core-2.2.jar:/home/runner/.m2/repository/com/jayway/jsonpath/json-path/2.8.0/json-path-2.8.0.jar:/home/runner/.m2/repository/net/minidev/json-smart/2.4.10/json-smart-2.4.10.jar:/home/runner/.m2/repository/net/minidev/accessors-smart/2.4.9/accessors-smart-2.4.9.jar:/home/runner/.m2/repository/org/ow2/asm/asm/9.7.1/asm-9.7.1.jar:/home/runner/.m2/repository/net/sf/jopt-simple/jopt-simple/5.0.4/jopt-simple-5.0.4.jar:/home/runner/.m2/repository/com/github/jknack/handlebars/4.3.1/handlebars-4.3.1.jar:/home/runner/.m2/repository/com/github/jknack/handlebars-helpers/4.3.1/handlebars-helpers-4.3.1.jar:/home/runner/.m2/repository/commons-fileupload/commons-fileupload/1.5/commons-fileupload-1.5.jar:/home/runner/.m2/repository/com/networknt/json-schema-validator/1.5.8/json-schema-validator-1.5.8.jar:/home/runner/.m2/repository/com/ethlo/time/itu/1.10.3/itu-1.10.3.jar:/home/runner/.m2/repository/io/quarkus/quarkus-smallrye-jwt-build/3.20.2/quarkus-smallrye-jwt-build-3.20.2.jar:/home/runner/.m2/repository/io/smallrye/smallrye-jwt-build/4.6.2/smallrye-jwt-build-4.6.2.jar:/home/runner/.m2/repository/org/eclipse/microprofile/jwt/microprofile-jwt-auth-api/2.1/microprofile-jwt-auth-api-2.1.jar:/home/runner/.m2/repository/org/bitbucket/b_c/jose4j/0.9.6/jose4j-0.9.6.jar:/home/runner/.m2/repository/io/smallrye/smallrye-jwt-common/4.6.2/smallrye-jwt-common-4.6.2.jar:/home/runner/.m2/repository/io/quarkus/quarkus-jsonp/3.20.2/quarkus-jsonp-3.20.2.jar:/home/runner/.m2/repository/io/quarkus/quarkus-arc/3.20.2/quarkus-arc-3.20.2.jar:/home/runner/.m2/repository/io/quarkus/arc/arc/3.20.2/arc-3.20.2.jar:/home/runner/.m2/repository/jakarta/transaction/jakarta.transaction-api/2.0.1/jakarta.transaction-api-2.0.1.jar:/home/runner/.m2/repository/io/smallrye/reactive/mutiny/2.9.2/mutiny-2.9.2.jar:/home/runner/.m2/repository/org/jctools/jctools-core/4.0.5/jctools-core-4.0.5.jar:/home/runner/.m2/repository/org/eclipse/microprofile/context-propagation/microprofile-context-propagation-api/1.3/microprofile-context-propagation-api-1.3.jar:/home/runner/.m2/repository/io/apicurio/apicurio-common-rest-client-common/0.1.18.Final/apicurio-common-rest-client-common-0.1.18.Final.jar:/home/runner/work/apicurio-testing/apicurio-testing/clusters/ci419/namespaces/mysql/tests/integration/apicurio-registry/utils/maven-plugin/target/apicurio-registry-maven-plugin-3.0.12-SNAPSHOT.jar:/home/runner/.m2/repository/com/fasterxml/jackson/core/jackson-databind/2.18.2/jackson-databind-2.18.2.jar:/home/runner/.m2/repository/org/apache/avro/avro/1.12.0/avro-1.12.0.jar:/home/runner/.m2/repository/com/google/protobuf/protobuf-java/4.31.1/protobuf-java-4.31.1.jar:/home/runner/.m2/repository/com/google/protobuf/protobuf-java-util/4.31.1/protobuf-java-util-4.31.1.jar:/home/runner/.m2/repository/com/google/code/findbugs/jsr305/3.0.2/jsr305-3.0.2.jar:/home/runner/.m2/repository/com/google/code/gson/gson/2.12.1/gson-2.12.1.jar:/home/runner/.m2/repository/com/google/errorprone/error_prone_annotations/2.36.0/error_prone_annotations-2.36.0.jar:/home/runner/.m2/repository/com/google/j2objc/j2objc-annotations/2.8/j2objc-annotations-2.8.jar:/home/runner/work/apicurio-testing/apicurio-testing/clusters/ci419/namespaces/mysql/tests/integration/apicurio-registry/schema-util/util-provider/target/apicurio-registry-schema-util-provider-3.0.12-SNAPSHOT.jar:/home/runner/work/apicurio-testing/apicurio-testing/clusters/ci419/namespaces/mysql/tests/integration/apicurio-registry/schema-util/common/target/apicurio-registry-schema-util-common-3.0.12-SNAPSHOT.jar:/home/runner/.m2/repository/com/fasterxml/jackson/module/jackson-module-parameter-names/2.18.2/jackson-module-parameter-names-2.18.2.jar:/home/runner/.m2/repository/com/fasterxml/jackson/datatype/jackson-datatype-json-org/2.18.2/jackson-datatype-json-org-2.18.2.jar:/home/runner/work/apicurio-testing/apicurio-testing/clusters/ci419/namespaces/mysql/tests/integration/apicurio-registry/schema-util/json/target/apicurio-registry-schema-util-json-3.0.12-SNAPSHOT.jar:/home/runner/.m2/repository/com/github/erosb/everit-json-schema/1.14.5/everit-json-schema-1.14.5.jar:/home/runner/.m2/repository/commons-validator/commons-validator/1.9.0/commons-validator-1.9.0.jar:/home/runner/.m2/repository/commons-digester/commons-digester/2.1/commons-digester-2.1.jar:/home/runner/.m2/repository/commons-collections/commons-collections/3.2.2/commons-collections-3.2.2.jar:/home/runner/.m2/repository/com/damnhandy/handy-uri-templates/2.1.8/handy-uri-templates-2.1.8.jar:/home/runner/.m2/repository/joda-time/joda-time/2.10.2/joda-time-2.10.2.jar:/home/runner/.m2/repository/com/github/erosb/json-sKema/0.20.0/json-sKema-0.20.0.jar:/home/runner/.m2/repository/io/vertx/vertx-json-schema/4.5.16/vertx-json-schema-4.5.16.jar:/home/runner/work/apicurio-testing/apicurio-testing/clusters/ci419/namespaces/mysql/tests/integration/apicurio-registry/schema-util/protobuf/target/apicurio-registry-schema-util-protobuf-3.0.12-SNAPSHOT.jar:/home/runner/work/apicurio-testing/apicurio-testing/clusters/ci419/namespaces/mysql/tests/integration/apicurio-registry/utils/protobuf-schema-utilities/target/apicurio-registry-protobuf-schema-utilities-3.0.12-SNAPSHOT.jar:/home/runner/.m2/repository/com/google/api/grpc/proto-google-common-protos/2.52.0/proto-google-common-protos-2.52.0.jar:/home/runner/.m2/repository/com/squareup/wire/wire-schema-jvm/5.3.3/wire-schema-jvm-5.3.3.jar:/home/runner/.m2/repository/com/palantir/javapoet/javapoet/0.6.0/javapoet-0.6.0.jar:/home/runner/.m2/repository/com/squareup/kotlinpoet-jvm/2.0.0/kotlinpoet-jvm-2.0.0.jar:/home/runner/.m2/repository/org/jetbrains/kotlin/kotlin-reflect/2.0.21/kotlin-reflect-2.0.21.jar:/home/runner/.m2/repository/com/squareup/wire/wire-runtime-jvm/5.3.3/wire-runtime-jvm-5.3.3.jar:/home/runner/.m2/repository/com/ibm/icu/icu4j/76.1/icu4j-76.1.jar:/home/runner/.m2/repository/com/squareup/okio/okio-fakefilesystem/3.10.2/okio-fakefilesystem-3.10.2.jar:/home/runner/.m2/repository/com/squareup/okio/okio-fakefilesystem-jvm/3.10.2/okio-fakefilesystem-jvm-3.10.2.jar:/home/runner/.m2/repository/org/jetbrains/kotlinx/kotlinx-datetime-jvm/0.6.1/kotlinx-datetime-jvm-0.6.1.jar:/home/runner/work/apicurio-testing/apicurio-testing/clusters/ci419/namespaces/mysql/tests/integration/apicurio-registry/schema-util/asyncapi/target/apicurio-registry-schema-util-asyncapi-3.0.12-SNAPSHOT.jar:/home/runner/work/apicurio-testing/apicurio-testing/clusters/ci419/namespaces/mysql/tests/integration/apicurio-registry/schema-util/avro/target/apicurio-registry-schema-util-avro-3.0.12-SNAPSHOT.jar:/home/runner/work/apicurio-testing/apicurio-testing/clusters/ci419/namespaces/mysql/tests/integration/apicurio-registry/schema-util/graphql/target/apicurio-registry-schema-util-graphql-3.0.12-SNAPSHOT.jar:/home/runner/.m2/repository/com/graphql-java/graphql-java/22.4/graphql-java-22.4.jar:/home/runner/.m2/repository/com/graphql-java/java-dataloader/3.3.0/java-dataloader-3.3.0.jar:/home/runner/work/apicurio-testing/apicurio-testing/clusters/ci419/namespaces/mysql/tests/integration/apicurio-registry/schema-util/kconnect/target/apicurio-registry-schema-util-kconnect-3.0.12-SNAPSHOT.jar:/home/runner/work/apicurio-testing/apicurio-testing/clusters/ci419/namespaces/mysql/tests/integration/apicurio-registry/schema-util/openapi/target/apicurio-registry-schema-util-openapi-3.0.12-SNAPSHOT.jar:/home/runner/.m2/repository/io/apicurio/apicurio-data-models/2.2.2/apicurio-data-models-2.2.2.jar:/home/runner/.m2/repository/org/openapitools/openapidiff/openapi-diff-core/2.1.2/openapi-diff-core-2.1.2.jar:/home/runner/.m2/repository/io/swagger/parser/v3/swagger-parser/2.1.28/swagger-parser-2.1.28.jar:/home/runner/.m2/repository/io/swagger/parser/v3/swagger-parser-v2-converter/2.1.28/swagger-parser-v2-converter-2.1.28.jar:/home/runner/.m2/repository/io/swagger/swagger-core/1.6.16/swagger-core-1.6.16.jar:/home/runner/.m2/repository/io/swagger/swagger-models/1.6.16/swagger-models-1.6.16.jar:/home/runner/.m2/repository/io/swagger/swagger-annotations/1.6.16/swagger-annotations-1.6.16.jar:/home/runner/.m2/repository/io/swagger/swagger-parser/1.0.75/swagger-parser-1.0.75.jar:/home/runner/.m2/repository/io/swagger/swagger-parser-safe-url-resolver/1.0.75/swagger-parser-safe-url-resolver-1.0.75.jar:/home/runner/.m2/repository/io/swagger/swagger-compat-spec-parser/1.0.75/swagger-compat-spec-parser-1.0.75.jar:/home/runner/.m2/repository/com/github/java-json-tools/json-schema-validator/2.2.14/json-schema-validator-2.2.14.jar:/home/runner/.m2/repository/com/github/java-json-tools/jackson-coreutils-equivalence/1.0/jackson-coreutils-equivalence-1.0.jar:/home/runner/.m2/repository/com/github/java-json-tools/json-schema-core/1.2.14/json-schema-core-1.2.14.jar:/home/runner/.m2/repository/com/github/java-json-tools/uri-template/0.10/uri-template-0.10.jar:/home/runner/.m2/repository/com/googlecode/libphonenumber/libphonenumber/8.11.1/libphonenumber-8.11.1.jar:/home/runner/.m2/repository/com/j2html/j2html/1.6.0/j2html-1.6.0.jar:/home/runner/.m2/repository/org/apache/commons/commons-collections4/4.5.0/commons-collections4-4.5.0.jar:/home/runner/.m2/repository/org/slf4j/jcl-over-slf4j/2.0.17/jcl-over-slf4j-2.0.17.jar:/home/runner/.m2/repository/io/swagger/parser/v3/swagger-parser-v3/2.1.31/swagger-parser-v3-2.1.31.jar:/home/runner/.m2/repository/io/swagger/core/v3/swagger-models/2.2.34/swagger-models-2.2.34.jar:/home/runner/.m2/repository/io/swagger/core/v3/swagger-core/2.2.34/swagger-core-2.2.34.jar:/home/runner/.m2/repository/io/swagger/parser/v3/swagger-parser-core/2.1.31/swagger-parser-core-2.1.31.jar:/home/runner/.m2/repository/io/swagger/parser/v3/swagger-parser-safe-url-resolver/2.1.31/swagger-parser-safe-url-resolver-2.1.31.jar:/home/runner/work/apicurio-testing/apicurio-testing/clusters/ci419/namespaces/mysql/tests/integration/apicurio-registry/schema-util/wsdl/target/apicurio-registry-schema-util-wsdl-3.0.12-SNAPSHOT.jar:/home/runner/.m2/repository/wsdl4j/wsdl4j/1.6.3/wsdl4j-1.6.3.jar:/home/runner/work/apicurio-testing/apicurio-testing/clusters/ci419/namespaces/mysql/tests/integration/apicurio-registry/schema-util/xml/target/apicurio-registry-schema-util-xml-3.0.12-SNAPSHOT.jar:/home/runner/.m2/repository/org/apache/santuario/xmlsec/4.0.4/xmlsec-4.0.4.jar:/home/runner/.m2/repository/com/fasterxml/woodstox/woodstox-core/7.1.1/woodstox-core-7.1.1.jar:/home/runner/.m2/repository/org/codehaus/woodstox/stax2-api/4.2.2/stax2-api-4.2.2.jar:/home/runner/work/apicurio-testing/apicurio-testing/clusters/ci419/namespaces/mysql/tests/integration/apicurio-registry/schema-util/xsd/target/apicurio-registry-schema-util-xsd-3.0.12-SNAPSHOT.jar:/home/runner/work/apicurio-testing/apicurio-testing/clusters/ci419/namespaces/mysql/tests/integration/apicurio-registry/serdes/kafka/jsonschema-serde/target/apicurio-registry-jsonschema-serde-kafka-3.0.12-SNAPSHOT.jar:/home/runner/work/apicurio-testing/apicurio-testing/clusters/ci419/namespaces/mysql/tests/integration/apicurio-registry/serdes/kafka/serde-kafka-common/target/apicurio-registry-serde-kafka-common-3.0.12-SNAPSHOT.jar:/home/runner/work/apicurio-testing/apicurio-testing/clusters/ci419/namespaces/mysql/tests/integration/apicurio-registry/serdes/generic/serde-common/target/apicurio-registry-serde-common-3.0.12-SNAPSHOT.jar:/home/runner/work/apicurio-testing/apicurio-testing/clusters/ci419/namespaces/mysql/tests/integration/apicurio-registry/serdes/generic/serde-common-jsonschema/target/apicurio-registry-serde-common-jsonschema-3.0.12-SNAPSHOT.jar:/home/runner/.m2/repository/org/json/json/20250107/json-20250107.jar:/home/runner/work/apicurio-testing/apicurio-testing/clusters/ci419/namespaces/mysql/tests/integration/apicurio-registry/serdes/kafka/avro-serde/target/apicurio-registry-avro-serde-kafka-3.0.12-SNAPSHOT.jar:/home/runner/work/apicurio-testing/apicurio-testing/clusters/ci419/namespaces/mysql/tests/integration/apicurio-registry/serdes/generic/serde-common-avro/target/apicurio-registry-serde-common-avro-3.0.12-SNAPSHOT.jar:/home/runner/work/apicurio-testing/apicurio-testing/clusters/ci419/namespaces/mysql/tests/integration/apicurio-registry/serdes/kafka/protobuf-serde/target/apicurio-registry-protobuf-serde-kafka-3.0.12-SNAPSHOT.jar:/home/runner/work/apicurio-testing/apicurio-testing/clusters/ci419/namespaces/mysql/tests/integration/apicurio-registry/serdes/generic/serde-common-protobuf/target/apicurio-registry-serde-common-protobuf-3.0.12-SNAPSHOT.jar:/home/runner/.m2/repository/com/squareup/wire/wire-schema/5.3.3/wire-schema-5.3.3.jar:/home/runner/.m2/repository/com/squareup/wire/wire-runtime/5.3.3/wire-runtime-5.3.3.jar:/home/runner/work/apicurio-testing/apicurio-testing/clusters/ci419/namespaces/mysql/tests/integration/apicurio-registry/serdes/pulsar/avro-serde/target/apicurio-registry-avro-serde-pulsar-3.0.12-SNAPSHOT.jar:/home/runner/.m2/repository/org/apache/pulsar/pulsar-functions-api/3.3.8/pulsar-functions-api-3.3.8.jar:/home/runner/work/apicurio-testing/apicurio-testing/clusters/ci419/namespaces/mysql/tests/integration/apicurio-registry/serdes/nats/avro-serde/target/apicurio-registry-avro-serde-nats-3.0.12-SNAPSHOT.jar:/home/runner/.m2/repository/io/nats/jnats/2.21.4/jnats-2.21.4.jar:/home/runner/.m2/repository/org/bouncycastle/bcprov-lts8on/2.73.7/bcprov-lts8on-2.73.7.jar:/home/runner/.m2/repository/org/jetbrains/annotations/26.0.2/annotations-26.0.2.jar:/home/runner/work/apicurio-testing/apicurio-testing/clusters/ci419/namespaces/mysql/tests/integration/apicurio-registry/utils/converter/target/apicurio-registry-utils-converter-3.0.12-SNAPSHOT.jar:/home/runner/work/apicurio-testing/apicurio-testing/clusters/ci419/namespaces/mysql/tests/integration/apicurio-registry/schema-resolver/target/apicurio-registry-schema-resolver-3.0.12-SNAPSHOT.jar:/home/runner/.m2/repository/org/apache/kafka/connect-api/3.9.1/connect-api-3.9.1.jar:/home/runner/.m2/repository/javax/ws/rs/javax.ws.rs-api/2.1.1/javax.ws.rs-api-2.1.1.jar:/home/runner/.m2/repository/org/apache/kafka/connect-json/3.9.1/connect-json-3.9.1.jar:/home/runner/.m2/repository/com/fasterxml/jackson/datatype/jackson-datatype-jdk8/2.18.2/jackson-datatype-jdk8-2.18.2.jar:/home/runner/.m2/repository/com/fasterxml/jackson/module/jackson-module-afterburner/2.18.2/jackson-module-afterburner-2.18.2.jar:/home/runner/work/apicurio-testing/apicurio-testing/clusters/ci419/namespaces/mysql/tests/integration/apicurio-registry/utils/kafka/target/apicurio-registry-utils-kafka-3.0.12-SNAPSHOT.jar:/home/runner/.m2/repository/org/apache/pulsar/pulsar-client/3.3.8/pulsar-client-3.3.8.jar:/home/runner/.m2/repository/org/apache/pulsar/pulsar-client-api/3.3.8/pulsar-client-api-3.3.8.jar:/home/runner/.m2/repository/org/apache/pulsar/pulsar-client-admin-api/3.3.8/pulsar-client-admin-api-3.3.8.jar:/home/runner/.m2/repository/org/apache/pulsar/bouncy-castle-bc/3.3.8/bouncy-castle-bc-3.3.8-pkg.jar:/home/runner/.m2/repository/org/bouncycastle/bcpkix-jdk18on/1.81/bcpkix-jdk18on-1.81.jar:/home/runner/.m2/repository/org/bouncycastle/bcutil-jdk18on/1.81/bcutil-jdk18on-1.81.jar:/home/runner/.m2/repository/org/bouncycastle/bcprov-jdk18on/1.81/bcprov-jdk18on-1.81.jar:/home/runner/.m2/repository/io/opentelemetry/opentelemetry-api/1.44.1/opentelemetry-api-1.44.1.jar:/home/runner/.m2/repository/io/opentelemetry/opentelemetry-context/1.44.1/opentelemetry-context-1.44.1.jar:/home/runner/.m2/repository/io/opentelemetry/opentelemetry-api-incubator/1.44.1-alpha/opentelemetry-api-incubator-1.44.1-alpha.jar:/home/runner/.m2/repository/com/fasterxml/jackson/core/jackson-annotations/2.18.2/jackson-annotations-2.18.2.jar:/home/runner/.m2/repository/javax/validation/validation-api/1.1.0.Final/validation-api-1.1.0.Final.jar:/home/runner/.m2/repository/org/jspecify/jspecify/1.0.0/jspecify-1.0.0.jar:/home/runner/.m2/repository/org/apache/commons/commons-configuration2/2.12.0/commons-configuration2-2.12.0.jar:/home/runner/.m2/repository/commons-logging/commons-logging/1.3.5/commons-logging-1.3.5.jar:/home/runner/.m2/repository/org/apache/commons/commons-text/1.13.0/commons-text-1.13.0.jar:/home/runner/.m2/repository/io/confluent/kafka-avro-serializer/8.0.0/kafka-avro-serializer-8.0.0.jar:/home/runner/.m2/repository/org/apache/commons/commons-compress/1.27.1/commons-compress-1.27.1.jar:/home/runner/.m2/repository/io/confluent/kafka-schema-serializer/8.0.0/kafka-schema-serializer-8.0.0.jar:/home/runner/.m2/repository/com/fasterxml/jackson/dataformat/jackson-dataformat-csv/2.18.2/jackson-dataformat-csv-2.18.2.jar:/home/runner/.m2/repository/io/confluent/kafka-schema-registry-client/8.0.0/kafka-schema-registry-client-8.0.0.jar:/home/runner/.m2/repository/org/yaml/snakeyaml/2.3/snakeyaml-2.3.jar:/home/runner/.m2/repository/io/swagger/core/v3/swagger-annotations/2.2.29/swagger-annotations-2.2.29.jar:/home/runner/.m2/repository/com/google/guava/guava/33.4.0-jre/guava-33.4.0-jre.jar:/home/runner/.m2/repository/com/google/guava/failureaccess/1.0.1/failureaccess-1.0.1.jar:/home/runner/.m2/repository/org/checkerframework/checker-qual/3.49.0/checker-qual-3.49.0.jar:/home/runner/.m2/repository/io/confluent/logredactor/1.0.13/logredactor-1.0.13.jar:/home/runner/.m2/repository/com/google/re2j/re2j/1.6/re2j-1.6.jar:/home/runner/.m2/repository/io/confluent/logredactor-metrics/1.0.13/logredactor-metrics-1.0.13.jar:/home/runner/.m2/repository/com/eclipsesource/minimal-json/minimal-json/0.9.5/minimal-json-0.9.5.jar:/home/runner/.m2/repository/io/confluent/common-utils/8.0.0/common-utils-8.0.0.jar:/home/runner/.m2/repository/io/confluent/kafka-connect-avro-converter/8.0.0/kafka-connect-avro-converter-8.0.0.jar:/home/runner/.m2/repository/io/confluent/kafka-connect-avro-data/8.0.0/kafka-connect-avro-data-8.0.0.jar:/home/runner/.m2/repository/io/confluent/kafka-schema-converter/8.0.0/kafka-schema-converter-8.0.0.jar:/home/runner/.m2/repository/io/rest-assured/rest-assured/5.5.1/rest-assured-5.5.1.jar:/home/runner/.m2/repository/org/apache/groovy/groovy/4.0.22/groovy-4.0.22.jar:/home/runner/.m2/repository/org/apache/groovy/groovy-xml/4.0.22/groovy-xml-4.0.22.jar:/home/runner/.m2/repository/org/apache/httpcomponents/httpclient/4.5.14/httpclient-4.5.14.jar:/home/runner/.m2/repository/org/apache/httpcomponents/httpcore/4.4.16/httpcore-4.4.16.jar:/home/runner/.m2/repository/org/apache/httpcomponents/httpmime/4.5.14/httpmime-4.5.14.jar:/home/runner/.m2/repository/org/hamcrest/hamcrest/2.2/hamcrest-2.2.jar:/home/runner/.m2/repository/org/ccil/cowan/tagsoup/tagsoup/1.2.1/tagsoup-1.2.1.jar:/home/runner/.m2/repository/io/rest-assured/json-path/5.5.1/json-path-5.5.1.jar:/home/runner/.m2/repository/org/apache/groovy/groovy-json/4.0.22/groovy-json-4.0.22.jar:/home/runner/.m2/repository/io/rest-assured/rest-assured-common/5.5.1/rest-assured-common-5.5.1.jar:/home/runner/.m2/repository/io/rest-assured/xml-path/5.5.1/xml-path-5.5.1.jar:/home/runner/.m2/repository/io/zonky/test/embedded-postgres/2.1.0/embedded-postgres-2.1.0.jar:/home/runner/.m2/repository/io/zonky/test/postgres/embedded-postgres-binaries-windows-amd64/14.15.0/embedded-postgres-binaries-windows-amd64-14.15.0.jar:/home/runner/.m2/repository/io/zonky/test/postgres/embedded-postgres-binaries-darwin-amd64/14.15.0/embedded-postgres-binaries-darwin-amd64-14.15.0.jar:/home/runner/.m2/repository/io/zonky/test/postgres/embedded-postgres-binaries-linux-amd64/14.15.0/embedded-postgres-binaries-linux-amd64-14.15.0.jar:/home/runner/.m2/repository/io/zonky/test/postgres/embedded-postgres-binaries-linux-amd64-alpine/14.15.0/embedded-postgres-binaries-linux-amd64-alpine-14.15.0.jar:/home/runner/.m2/repository/org/apache/commons/commons-lang3/3.17.0/commons-lang3-3.17.0.jar:/home/runner/.m2/repository/org/tukaani/xz/1.10/xz-1.10.jar:/home/runner/.m2/repository/commons-codec/commons-codec/1.19.0/commons-codec-1.19.0.jar:/home/runner/.m2/repository/org/postgresql/postgresql/42.7.7/postgresql-42.7.7.jar:/home/runner/.m2/repository/commons-io/commons-io/2.18.0/commons-io-2.18.0.jar:/home/runner/work/apicurio-testing/apicurio-testing/clusters/ci419/namespaces/mysql/tests/integration/apicurio-registry/utils/importexport/target/apicurio-registry-utils-import-export-3.0.12-SNAPSHOT.jar:/home/runner/.m2/repository/io/vertx/vertx-core/4.5.16/vertx-core-4.5.16.jar:/home/runner/.m2/repository/io/netty/netty-common/4.1.121.Final/netty-common-4.1.121.Final.jar:/home/runner/.m2/repository/io/netty/netty-buffer/4.1.121.Final/netty-buffer-4.1.121.Final.jar:/home/runner/.m2/repository/io/netty/netty-transport/4.1.121.Final/netty-transport-4.1.121.Final.jar:/home/runner/.m2/repository/io/netty/netty-handler/4.1.121.Final/netty-handler-4.1.121.Final.jar:/home/runner/.m2/repository/io/netty/netty-transport-native-unix-common/4.1.121.Final/netty-transport-native-unix-common-4.1.121.Final.jar:/home/runner/.m2/repository/io/netty/netty-codec/4.1.121.Final/netty-codec-4.1.121.Final.jar:/home/runner/.m2/repository/io/netty/netty-handler-proxy/4.1.121.Final/netty-handler-proxy-4.1.121.Final.jar:/home/runner/.m2/repository/io/netty/netty-codec-socks/4.1.121.Final/netty-codec-socks-4.1.121.Final.jar:/home/runner/.m2/repository/io/netty/netty-codec-http/4.1.121.Final/netty-codec-http-4.1.121.Final.jar:/home/runner/.m2/repository/io/netty/netty-codec-http2/4.1.121.Final/netty-codec-http2-4.1.121.Final.jar:/home/runner/.m2/repository/io/netty/netty-resolver/4.1.121.Final/netty-resolver-4.1.121.Final.jar:/home/runner/.m2/repository/io/netty/netty-resolver-dns/4.1.121.Final/netty-resolver-dns-4.1.121.Final.jar:/home/runner/.m2/repository/io/netty/netty-codec-dns/4.1.121.Final/netty-codec-dns-4.1.121.Final.jar:/home/runner/.m2/repository/com/fasterxml/jackson/core/jackson-core/2.18.2/jackson-core-2.18.2.jar:"/>
    <property name="sun.cpu.endian" value="little"/>
    <property name="user.home" value="/home/runner"/>
    <property name="user.language" value="en"/>
    <property name="jboss.log-version" value="false"/>
    <property name="java.specification.vendor" value="Oracle Corporation"/>
    <property name="java.version.date" value="2025-07-15"/>
    <property name="java.home" value="/usr/lib/jvm/temurin-17-jdk-amd64"/>
    <property name="file.separator" value="/"/>
    <property name="basedir" value="/home/runner/work/apicurio-testing/apicurio-testing/clusters/ci419/namespaces/mysql/tests/integration/apicurio-registry/integration-tests"/>
    <property name="java.vm.compressedOopsMode" value="32-bit"/>
    <property name="line.separator" value="&#10;"/>
    <property name="java.specification.name" value="Java Platform API Specification"/>
    <property name="java.vm.specification.vendor" value="Oracle Corporation"/>
    <property name="quarkus.http.test-host" value="registry-app-mysql.apps.ci419.apicurio-testing.org"/>
    <property name="surefire.real.class.path" value="/home/runner/work/apicurio-testing/apicurio-testing/clusters/ci419/namespaces/mysql/tests/integration/apicurio-registry/integration-tests/target/surefire/surefirebooter-20250812172052457_3.jar"/>
    <property name="sun.management.compiler" value="HotSpot 64-Bit Tiered Compilers"/>
    <property name="org.eclipse.jetty.http.HttpGenerator.STRICT" value="true"/>
    <property name="java.runtime.version" value="17.0.16+8"/>
    <property name="user.name" value="runner"/>
    <property name="path.separator" value=":"/>
    <property name="os.version" value="6.8.0-1031-azure"/>
    <property name="java.runtime.name" value="OpenJDK Runtime Environment"/>
    <property name="file.encoding" value="UTF-8"/>
    <property name="jnidispatch.path" value="/home/runner/.cache/JNA/temp/jna6683862769461896107.tmp"/>
    <property name="java.vm.name" value="OpenJDK 64-Bit Server VM"/>
    <property name="jna.platform.library.path" value="/usr/lib/x86_64-linux-gnu:/lib/x86_64-linux-gnu:/usr/lib64:/lib64:/usr/lib:/lib:/lib32:/usr/local/lib:/usr/lib/x86_64-linux-gnu/libfakeroot"/>
    <property name="java.vendor.version" value="Temurin-17.0.16+8"/>
    <property name="quarkus.oidc.token-path" value="https://keycloak-mysql.apps.ci419.apicurio-testing.org/realms/registry/protocol/openid-connect/token"/>
    <property name="quarkus.http.host" value="registry-app-mysql.apps.ci419.apicurio-testing.org"/>
    <property name="localRepository" value="/home/runner/.m2/repository"/>
    <property name="javax.xml.xpath.XPathFactory:http://java.sun.com/jaxp/xpath/dom" value="com.sun.org.apache.xpath.internal.jaxp.XPathFactoryImpl"/>
    <property name="jna.loaded" value="true"/>
    <property name="java.vendor.url.bug" value="https://github.com/adoptium/adoptium-support/issues"/>
    <property name="jetty.git.hash" value="5bc5e562c8d05c5862505aebe5cf83a61bdbcb96"/>
    <property name="java.io.tmpdir" value="/tmp"/>
    <property name="quarkus.http.test-protocol" value="http"/>
    <property name="java.version" value="17.0.16"/>
    <property name="user.dir" value="/home/runner/work/apicurio-testing/apicurio-testing/clusters/ci419/namespaces/mysql/tests/integration/apicurio-registry/integration-tests"/>
    <property name="os.arch" value="amd64"/>
    <property name="groups" value="( smoke | serdes | acceptance | ui)"/>
    <property name="java.vm.specification.name" value="Java Virtual Machine Specification"/>
    <property name="native.encoding" value="UTF-8"/>
    <property name="java.util.logging.manager" value="org.jboss.logmanager.LogManager"/>
    <property name="java.library.path" value="/usr/java/packages/lib:/usr/lib64:/lib64:/lib:/usr/lib"/>
    <property name="jdk.console" value="java.base"/>
    <property name="java.vm.info" value="mixed mode, sharing"/>
    <property name="java.vendor" value="Eclipse Adoptium"/>
    <property name="java.vm.version" value="17.0.16+8"/>
    <property name="java.specification.maintenance.version" value="1"/>
    <property name="sun.io.unicode.encoding" value="UnicodeLittle"/>
    <property name="javax.xml.transform.TransformerFactory" value="com.sun.org.apache.xalan.internal.xsltc.trax.TransformerFactoryImpl"/>
    <property name="java.class.version" value="61.0"/>
  </properties>
  <testcase name="testGlobalIdInHeaders" classname="io.apicurio.tests.serdes.apicurio.AvroSerdeIT" time="6.209">
    <system-out><![CDATA[**** Registry Base URL: http://registry-app-mysql.apps.ci419.apicurio-testing.org:80
**** Registry Base URL: http://registry-app-mysql.apps.ci419.apicurio-testing.org:80
2025-08-12 17:21:05,831 INFO  [io.api.tes.ser.api.AvroSerdeIT] (main) RestAssured configured with http://registry-app-mysql.apps.ci419.apicurio-testing.org:80/apis/registry/v3
2025-08-12 17:21:05,909 INFO  [io.api.tes.uti.KafkaFacade] (main) Starting kafka container
2025-08-12 17:21:05,952 INFO  [org.tes.ima.PullPolicy] (main) Image pull policy will be performed by: DefaultPullPolicy()
2025-08-12 17:21:05,955 INFO  [org.tes.uti.ImageNameSubstitutor] (main) Image name substitution will be performed by: DefaultImageNameSubstitutor (composite of 'ConfigurationFileImageNameSubstitutor' and 'PrefixingImageNameSubstitutor')
2025-08-12 17:21:05,965 INFO  [org.tes.DockerClientFactory] (main) Testcontainers version: 1.20.6
2025-08-12 17:21:06,480 INFO  [org.tes.doc.DockerClientProviderStrategy] (main) Found Docker environment with local Unix socket (unix:///var/run/docker.sock)
2025-08-12 17:21:06,490 INFO  [org.tes.DockerClientFactory] (main) Docker host IP address is localhost
2025-08-12 17:21:06,511 INFO  [org.tes.DockerClientFactory] (main) Connected to docker: 
  Server Version: 28.0.4
  API Version: 1.48
  Operating System: Ubuntu 22.04.5 LTS
  Total Memory: 7944 MB
2025-08-12 17:21:06,556 INFO  [tc.tes.11.0] (main) Pulling docker image: testcontainers/ryuk:0.11.0. Please be patient; this may take some time but only needs to be done once.
2025-08-12 17:21:07,274 INFO  [tc.tes.11.0] (docker-java-stream--1295187651) Starting to pull image
2025-08-12 17:21:07,296 INFO  [tc.tes.11.0] (docker-java-stream--1295187651) Pulling image layers:  0 pending,  0 downloaded,  0 extracted, (0 bytes/0 bytes)
2025-08-12 17:21:07,893 INFO  [tc.tes.11.0] (docker-java-stream--1295187651) Pulling image layers:  2 pending,  1 downloaded,  0 extracted, (525 KB/? MB)
2025-08-12 17:21:08,014 INFO  [tc.tes.11.0] (docker-java-stream--1295187651) Pulling image layers:  1 pending,  2 downloaded,  0 extracted, (4 MB/? MB)
2025-08-12 17:21:08,039 INFO  [tc.tes.11.0] (docker-java-stream--1295187651) Pulling image layers:  0 pending,  3 downloaded,  0 extracted, (8 MB/10 MB)
2025-08-12 17:21:08,140 INFO  [tc.tes.11.0] (docker-java-stream--1295187651) Pulling image layers:  0 pending,  3 downloaded,  1 extracted, (8 MB/10 MB)
2025-08-12 17:21:09,136 INFO  [tc.tes.11.0] (docker-java-stream--1295187651) Pulling image layers:  0 pending,  3 downloaded,  2 extracted, (9 MB/10 MB)
2025-08-12 17:21:09,181 INFO  [tc.tes.11.0] (docker-java-stream--1295187651) Pulling image layers:  0 pending,  3 downloaded,  3 extracted, (10 MB/10 MB)
2025-08-12 17:21:09,189 INFO  [tc.tes.11.0] (docker-java-stream--1295187651) Pull complete. 3 layers, pulled in 1s (downloaded 10 MB at 10 MB/s)
2025-08-12 17:21:09,189 INFO  [tc.tes.11.0] (main) Image testcontainers/ryuk:0.11.0 pull took PT2.632867736S
2025-08-12 17:21:09,207 INFO  [tc.tes.11.0] (main) Creating container for image: testcontainers/ryuk:0.11.0
2025-08-12 17:21:09,290 INFO  [tc.tes.11.0] (main) Container testcontainers/ryuk:0.11.0 is starting: b8a9c42e7c622ed978299e6caa0638eddb75b5ea8e259c5f1155ed237e57750c
2025-08-12 17:21:09,619 INFO  [tc.tes.11.0] (main) Container testcontainers/ryuk:0.11.0 started in PT0.411759179S
2025-08-12 17:21:09,624 INFO  [org.tes.uti.RyukResourceReaper] (main) Ryuk started - will monitor and terminate Testcontainers containers on JVM exit
2025-08-12 17:21:09,624 INFO  [org.tes.DockerClientFactory] (main) Checking the system...
2025-08-12 17:21:09,625 INFO  [org.tes.DockerClientFactory] (main) ✔︎ Docker server version should be at least 1.6.0
2025-08-12 17:21:09,627 INFO  [io.str.tes.con.KafkaVersionService] (main) Latest release of Kafka is:LogicalKafkaVersionEntity{version='4.0.0', image='quay.io/strimzi-test-container/test-container:0.111.0-kafka-4.0.0'}
2025-08-12 17:21:09,627 INFO  [io.str.tes.con.KafkaVersionService] (main) Latest release of Kafka is:LogicalKafkaVersionEntity{version='4.0.0', image='quay.io/strimzi-test-container/test-container:0.111.0-kafka-4.0.0'}
2025-08-12 17:21:09,628 INFO  [io.str.tes.con.KafkaVersionService] (main) No Kafka version specified. Using latest release: 4.0.0
2025-08-12 17:21:09,632 INFO  [tc.qua.io/.111.0-k.0.0] (main) Pulling docker image: quay.io/strimzi-test-container/test-container:0.111.0-kafka-4.0.0. Please be patient; this may take some time but only needs to be done once.
2025-08-12 17:21:10,554 INFO  [tc.qua.io/.111.0-k.0.0] (docker-java-stream--29267298) Starting to pull image
2025-08-12 17:21:10,555 INFO  [tc.qua.io/.111.0-k.0.0] (docker-java-stream--29267298) Pulling image layers:  0 pending,  0 downloaded,  0 extracted, (0 bytes/0 bytes)
2025-08-12 17:21:11,182 INFO  [tc.qua.io/.111.0-k.0.0] (docker-java-stream--29267298) Pulling image layers:  6 pending,  1 downloaded,  0 extracted, (4 MB/? MB)
2025-08-12 17:21:11,559 INFO  [tc.qua.io/.111.0-k.0.0] (docker-java-stream--29267298) Pulling image layers:  5 pending,  2 downloaded,  0 extracted, (31 MB/? MB)
2025-08-12 17:21:11,860 INFO  [tc.qua.io/.111.0-k.0.0] (docker-java-stream--29267298) Pulling image layers:  4 pending,  3 downloaded,  0 extracted, (58 MB/? MB)
2025-08-12 17:21:12,276 INFO  [tc.qua.io/.111.0-k.0.0] (docker-java-stream--29267298) Pulling image layers:  3 pending,  4 downloaded,  0 extracted, (86 MB/? MB)
2025-08-12 17:21:12,523 INFO  [tc.qua.io/.111.0-k.0.0] (docker-java-stream--29267298) Pulling image layers:  2 pending,  5 downloaded,  0 extracted, (113 MB/? MB)
2025-08-12 17:21:13,070 INFO  [tc.qua.io/.111.0-k.0.0] (docker-java-stream--29267298) Pulling image layers:  2 pending,  5 downloaded,  1 extracted, (169 MB/? MB)
2025-08-12 17:21:13,424 INFO  [tc.qua.io/.111.0-k.0.0] (docker-java-stream--29267298) Pulling image layers:  1 pending,  6 downloaded,  1 extracted, (204 MB/? MB)
2025-08-12 17:21:14,216 INFO  [tc.qua.io/.111.0-k.0.0] (docker-java-stream--29267298) Pulling image layers:  0 pending,  7 downloaded,  1 extracted, (242 MB/249 MB)
2025-08-12 17:21:17,582 INFO  [tc.qua.io/.111.0-k.0.0] (docker-java-stream--29267298) Pulling image layers:  0 pending,  7 downloaded,  2 extracted, (244 MB/249 MB)
2025-08-12 17:21:17,619 INFO  [tc.qua.io/.111.0-k.0.0] (docker-java-stream--29267298) Pulling image layers:  0 pending,  7 downloaded,  3 extracted, (246 MB/249 MB)
2025-08-12 17:21:17,640 INFO  [tc.qua.io/.111.0-k.0.0] (docker-java-stream--29267298) Pulling image layers:  0 pending,  7 downloaded,  4 extracted, (246 MB/249 MB)
2025-08-12 17:21:18,522 INFO  [tc.qua.io/.111.0-k.0.0] (docker-java-stream--29267298) Pulling image layers:  0 pending,  7 downloaded,  5 extracted, (249 MB/249 MB)
2025-08-12 17:21:18,781 INFO  [tc.qua.io/.111.0-k.0.0] (docker-java-stream--29267298) Pulling image layers:  0 pending,  7 downloaded,  6 extracted, (249 MB/249 MB)
2025-08-12 17:21:18,795 INFO  [tc.qua.io/.111.0-k.0.0] (docker-java-stream--29267298) Pulling image layers:  0 pending,  7 downloaded,  7 extracted, (249 MB/249 MB)
2025-08-12 17:21:18,803 INFO  [tc.qua.io/.111.0-k.0.0] (docker-java-stream--29267298) Pull complete. 7 layers, pulled in 8s (downloaded 249 MB at 31 MB/s)
2025-08-12 17:21:18,803 INFO  [tc.qua.io/.111.0-k.0.0] (main) Image quay.io/strimzi-test-container/test-container:0.111.0-kafka-4.0.0 pull took PT9.170726876S
2025-08-12 17:21:18,809 INFO  [tc.qua.io/.111.0-k.0.0] (main) Creating container for image: quay.io/strimzi-test-container/test-container:0.111.0-kafka-4.0.0
2025-08-12 17:21:18,886 INFO  [tc.qua.io/.111.0-k.0.0] (main) Container quay.io/strimzi-test-container/test-container:0.111.0-kafka-4.0.0 is starting: cdb593a7f421269b25c95ee80f82e2d82d8092ca7ccc481c1b25d5fa3f69506b
2025-08-12 17:21:19,062 INFO  [io.str.tes.con.StrimziKafkaContainer] (main) Mapped port: 32769
2025-08-12 17:21:19,062 WARN  [io.str.tes.con.StrimziKafkaContainer] (main) Node ID is not set. Using broker ID 0 as the default node ID.
2025-08-12 17:21:19,062 INFO  [io.str.tes.con.StrimziKafkaContainer] (main) This is all advertised listeners for Kafka PLAINTEXT://localhost:32769,BROKER1://172.18.0.2:9091,CONTROLLER://broker-0:9094
2025-08-12 17:21:19,094 INFO  [io.str.tes.con.StrimziKafkaContainer] (main) New `cluster.id` has been generated: 7o-lMpHSRFKHq4uTXFQncw
2025-08-12 17:21:19,095 INFO  [io.str.tes.con.StrimziKafkaContainer] (main) Copying command to 'STARTER_SCRIPT' script.
2025-08-12 17:21:24,319 INFO  [tc.qua.io/.111.0-k.0.0] (main) Container quay.io/strimzi-test-container/test-container:0.111.0-kafka-4.0.0 started in PT5.510549027S
2025-08-12 17:21:24,323 INFO  [io.api.tes.uti.TestSeparator] (main) ############################################################################
2025-08-12 17:21:24,323 INFO  [io.api.tes.uti.TestSeparator] (main) io.apicurio.tests.serdes.apicurio.AvroSerdeIT.testGlobalIdInHeaders-STARTED
2025-08-12 17:21:24,330 INFO  [org.apa.kaf.cli.adm.AdminClientConfig] (main) AdminClientConfig values: 
	auto.include.jmx.reporter = true
	bootstrap.controllers = []
	bootstrap.servers = [PLAINTEXT://localhost:32769]
	client.dns.lookup = use_all_dns_ips
	client.id = 
	connections.max.idle.ms = 10000
	default.api.timeout.ms = 60000
	enable.metrics.push = true
	metadata.max.age.ms = 300000
	metadata.recovery.strategy = none
	metric.reporters = []
	metrics.num.samples = 2
	metrics.recording.level = INFO
	metrics.sample.window.ms = 30000
	receive.buffer.bytes = 65536
	reconnect.backoff.max.ms = 1000
	reconnect.backoff.ms = 50
	request.timeout.ms = 5000
	retries = 2147483647
	retry.backoff.max.ms = 1000
	retry.backoff.ms = 100
	sasl.client.callback.handler.class = null
	sasl.jaas.config = null
	sasl.kerberos.kinit.cmd = /usr/bin/kinit
	sasl.kerberos.min.time.before.relogin = 60000
	sasl.kerberos.service.name = null
	sasl.kerberos.ticket.renew.jitter = 0.05
	sasl.kerberos.ticket.renew.window.factor = 0.8
	sasl.login.callback.handler.class = null
	sasl.login.class = null
	sasl.login.connect.timeout.ms = null
	sasl.login.read.timeout.ms = null
	sasl.login.refresh.buffer.seconds = 300
	sasl.login.refresh.min.period.seconds = 60
	sasl.login.refresh.window.factor = 0.8
	sasl.login.refresh.window.jitter = 0.05
	sasl.login.retry.backoff.max.ms = 10000
	sasl.login.retry.backoff.ms = 100
	sasl.mechanism = GSSAPI
	sasl.oauthbearer.clock.skew.seconds = 30
	sasl.oauthbearer.expected.audience = null
	sasl.oauthbearer.expected.issuer = null
	sasl.oauthbearer.header.urlencode = false
	sasl.oauthbearer.jwks.endpoint.refresh.ms = 3600000
	sasl.oauthbearer.jwks.endpoint.retry.backoff.max.ms = 10000
	sasl.oauthbearer.jwks.endpoint.retry.backoff.ms = 100
	sasl.oauthbearer.jwks.endpoint.url = null
	sasl.oauthbearer.scope.claim.name = scope
	sasl.oauthbearer.sub.claim.name = sub
	sasl.oauthbearer.token.endpoint.url = null
	security.protocol = PLAINTEXT
	security.providers = null
	send.buffer.bytes = 131072
	socket.connection.setup.timeout.max.ms = 30000
	socket.connection.setup.timeout.ms = 10000
	ssl.cipher.suites = null
	ssl.enabled.protocols = [TLSv1.2, TLSv1.3]
	ssl.endpoint.identification.algorithm = https
	ssl.engine.factory.class = null
	ssl.key.password = null
	ssl.keymanager.algorithm = SunX509
	ssl.keystore.certificate.chain = null
	ssl.keystore.key = null
	ssl.keystore.location = null
	ssl.keystore.password = null
	ssl.keystore.type = JKS
	ssl.protocol = TLSv1.3
	ssl.provider = null
	ssl.secure.random.implementation = null
	ssl.trustmanager.algorithm = PKIX
	ssl.truststore.certificates = null
	ssl.truststore.location = null
	ssl.truststore.password = null
	ssl.truststore.type = JKS

2025-08-12 17:21:24,654 INFO  [org.apa.kaf.com.uti.AppInfoParser] (main) Kafka version: 3.9.1
2025-08-12 17:21:24,656 INFO  [org.apa.kaf.com.uti.AppInfoParser] (main) Kafka commitId: f745dfdcee2b9851
2025-08-12 17:21:24,656 INFO  [org.apa.kaf.com.uti.AppInfoParser] (main) Kafka startTimeMs: 1755019284653
**** Registry Base URL: http://registry-app-mysql.apps.ci419.apicurio-testing.org:80
2025-08-12 17:21:24,693 INFO  [org.apa.kaf.cli.pro.ProducerConfig] (main) ProducerConfig values: 
	acks = -1
	auto.include.jmx.reporter = true
	batch.size = 16384
	bootstrap.servers = [PLAINTEXT://localhost:32769]
	buffer.memory = 33554432
	client.dns.lookup = use_all_dns_ips
	client.id = Producer-topic-5b0acf36_2c7b_4ce0_8202_ca18c1dd1897
	compression.gzip.level = -1
	compression.lz4.level = 9
	compression.type = none
	compression.zstd.level = 3
	connections.max.idle.ms = 10000
	delivery.timeout.ms = 120000
	enable.idempotence = true
	enable.metrics.push = true
	interceptor.classes = []
	key.serializer = class org.apache.kafka.common.serialization.StringSerializer
	linger.ms = 0
	max.block.ms = 60000
	max.in.flight.requests.per.connection = 5
	max.request.size = 1048576
	metadata.max.age.ms = 300000
	metadata.max.idle.ms = 300000
	metadata.recovery.strategy = none
	metric.reporters = []
	metrics.num.samples = 2
	metrics.recording.level = INFO
	metrics.sample.window.ms = 30000
	partitioner.adaptive.partitioning.enable = true
	partitioner.availability.timeout.ms = 0
	partitioner.class = null
	partitioner.ignore.keys = false
	receive.buffer.bytes = 32768
	reconnect.backoff.max.ms = 1000
	reconnect.backoff.ms = 50
	request.timeout.ms = 5000
	retries = 2147483647
	retry.backoff.max.ms = 1000
	retry.backoff.ms = 100
	sasl.client.callback.handler.class = null
	sasl.jaas.config = null
	sasl.kerberos.kinit.cmd = /usr/bin/kinit
	sasl.kerberos.min.time.before.relogin = 60000
	sasl.kerberos.service.name = null
	sasl.kerberos.ticket.renew.jitter = 0.05
	sasl.kerberos.ticket.renew.window.factor = 0.8
	sasl.login.callback.handler.class = null
	sasl.login.class = null
	sasl.login.connect.timeout.ms = null
	sasl.login.read.timeout.ms = null
	sasl.login.refresh.buffer.seconds = 300
	sasl.login.refresh.min.period.seconds = 60
	sasl.login.refresh.window.factor = 0.8
	sasl.login.refresh.window.jitter = 0.05
	sasl.login.retry.backoff.max.ms = 10000
	sasl.login.retry.backoff.ms = 100
	sasl.mechanism = GSSAPI
	sasl.oauthbearer.clock.skew.seconds = 30
	sasl.oauthbearer.expected.audience = null
	sasl.oauthbearer.expected.issuer = null
	sasl.oauthbearer.header.urlencode = false
	sasl.oauthbearer.jwks.endpoint.refresh.ms = 3600000
	sasl.oauthbearer.jwks.endpoint.retry.backoff.max.ms = 10000
	sasl.oauthbearer.jwks.endpoint.retry.backoff.ms = 100
	sasl.oauthbearer.jwks.endpoint.url = null
	sasl.oauthbearer.scope.claim.name = scope
	sasl.oauthbearer.sub.claim.name = sub
	sasl.oauthbearer.token.endpoint.url = null
	security.protocol = PLAINTEXT
	security.providers = null
	send.buffer.bytes = 131072
	socket.connection.setup.timeout.max.ms = 30000
	socket.connection.setup.timeout.ms = 10000
	ssl.cipher.suites = null
	ssl.enabled.protocols = [TLSv1.2, TLSv1.3]
	ssl.endpoint.identification.algorithm = https
	ssl.engine.factory.class = null
	ssl.key.password = null
	ssl.keymanager.algorithm = SunX509
	ssl.keystore.certificate.chain = null
	ssl.keystore.key = null
	ssl.keystore.location = null
	ssl.keystore.password = null
	ssl.keystore.type = JKS
	ssl.protocol = TLSv1.3
	ssl.provider = null
	ssl.secure.random.implementation = null
	ssl.trustmanager.algorithm = PKIX
	ssl.truststore.certificates = null
	ssl.truststore.location = null
	ssl.truststore.password = null
	ssl.truststore.type = JKS
	transaction.timeout.ms = 60000
	transactional.id = null
	value.serializer = class io.apicurio.registry.serde.avro.AvroKafkaSerializer

2025-08-12 17:21:24,717 INFO  [org.apa.kaf.com.tel.int.KafkaMetricsCollector] (main) initializing Kafka metrics collector
2025-08-12 17:21:24,746 INFO  [org.apa.kaf.cli.pro.KafkaProducer] (main) [Producer clientId=Producer-topic-5b0acf36_2c7b_4ce0_8202_ca18c1dd1897] Instantiated an idempotent producer.
2025-08-12 17:21:24,792 INFO  [org.apa.kaf.cli.pro.ProducerConfig] (main) These configurations '[apicurio.registry.url, apicurio.registry.auto-register, apicurio.registry.use-id, apicurio.registry.artifact-resolver-strategy]' were supplied but are not used yet.
2025-08-12 17:21:24,792 INFO  [org.apa.kaf.com.uti.AppInfoParser] (main) Kafka version: 3.9.1
2025-08-12 17:21:24,792 INFO  [org.apa.kaf.com.uti.AppInfoParser] (main) Kafka commitId: f745dfdcee2b9851
2025-08-12 17:21:24,792 INFO  [org.apa.kaf.com.uti.AppInfoParser] (main) Kafka startTimeMs: 1755019284792
2025-08-12 17:21:24,793 INFO  [io.api.tes.ser.api.SimpleSerdesTesterBuilder$SimpleSerdesTester] (main) Using producer configuration: {apicurio.registry.url=http://registry-app-mysql.apps.ci419.apicurio-testing.org:80/apis/registry/v3, apicurio.registry.auto-register=true, apicurio.registry.use-id=globalId, apicurio.registry.artifact-resolver-strategy=io.apicurio.registry.serde.strategy.TopicIdStrategy, value.serializer=io.apicurio.registry.serde.avro.AvroKafkaSerializer, request.timeout.ms=5000, acks=all, bootstrap.servers=PLAINTEXT://localhost:32769, connections.max.idle.ms=10000, key.serializer=org.apache.kafka.common.serialization.StringSerializer, client.id=Producer-topic-5b0acf36_2c7b_4ce0_8202_ca18c1dd1897}
2025-08-12 17:21:24,799 INFO  [io.api.tes.ser.api.SimpleSerdesTesterBuilder$SimpleSerdesTester] (main) Using consumer configuration: {apicurio.registry.use-id=globalId}
2025-08-12 17:21:24,804 INFO  [io.api.tes.ser.api.KafkaSerdesTester] (Thread-600) Sending message {"key11755019284681": "value-0"} to topic topic-5b0acf36_2c7b_4ce0_8202_ca18c1dd1897
2025-08-12 17:21:25,110 WARN  [org.apa.kaf.cli.NetworkClient] (kafka-producer-network-thread | Producer-topic-5b0acf36_2c7b_4ce0_8202_ca18c1dd1897) [Producer clientId=Producer-topic-5b0acf36_2c7b_4ce0_8202_ca18c1dd1897] The metadata response from the cluster reported a recoverable issue with correlation id 1 : {topic-5b0acf36_2c7b_4ce0_8202_ca18c1dd1897=UNKNOWN_TOPIC_OR_PARTITION}
2025-08-12 17:21:25,116 INFO  [org.apa.kaf.cli.Metadata] (kafka-producer-network-thread | Producer-topic-5b0acf36_2c7b_4ce0_8202_ca18c1dd1897) [Producer clientId=Producer-topic-5b0acf36_2c7b_4ce0_8202_ca18c1dd1897] Cluster ID: 7o-lMpHSRFKHq4uTXFQncw
2025-08-12 17:21:25,235 INFO  [org.apa.kaf.cli.pro.int.TransactionManager] (kafka-producer-network-thread | Producer-topic-5b0acf36_2c7b_4ce0_8202_ca18c1dd1897) [Producer clientId=Producer-topic-5b0acf36_2c7b_4ce0_8202_ca18c1dd1897] ProducerId set to 0 with epoch 0
2025-08-12 17:21:25,557 INFO  [io.api.tes.ser.api.KafkaSerdesTester] (Thread-600) Sending message {"key11755019284681": "value-1"} to topic topic-5b0acf36_2c7b_4ce0_8202_ca18c1dd1897
2025-08-12 17:21:25,568 INFO  [io.api.tes.ser.api.KafkaSerdesTester] (Thread-600) Sending message {"key11755019284681": "value-2"} to topic topic-5b0acf36_2c7b_4ce0_8202_ca18c1dd1897
2025-08-12 17:21:25,573 INFO  [io.api.tes.ser.api.KafkaSerdesTester] (Thread-600) Sending message {"key11755019284681": "value-3"} to topic topic-5b0acf36_2c7b_4ce0_8202_ca18c1dd1897
2025-08-12 17:21:25,577 INFO  [io.api.tes.ser.api.KafkaSerdesTester] (Thread-600) Sending message {"key11755019284681": "value-4"} to topic topic-5b0acf36_2c7b_4ce0_8202_ca18c1dd1897
2025-08-12 17:21:25,581 INFO  [io.api.tes.ser.api.KafkaSerdesTester] (Thread-600) Sending message {"key11755019284681": "value-5"} to topic topic-5b0acf36_2c7b_4ce0_8202_ca18c1dd1897
2025-08-12 17:21:25,586 INFO  [io.api.tes.ser.api.KafkaSerdesTester] (Thread-600) Sending message {"key11755019284681": "value-6"} to topic topic-5b0acf36_2c7b_4ce0_8202_ca18c1dd1897
2025-08-12 17:21:25,594 INFO  [io.api.tes.ser.api.KafkaSerdesTester] (Thread-600) Sending message {"key11755019284681": "value-7"} to topic topic-5b0acf36_2c7b_4ce0_8202_ca18c1dd1897
2025-08-12 17:21:25,609 INFO  [io.api.tes.ser.api.KafkaSerdesTester] (Thread-600) Sending message {"key11755019284681": "value-8"} to topic topic-5b0acf36_2c7b_4ce0_8202_ca18c1dd1897
2025-08-12 17:21:25,620 INFO  [io.api.tes.ser.api.KafkaSerdesTester] (Thread-600) Sending message {"key11755019284681": "value-9"} to topic topic-5b0acf36_2c7b_4ce0_8202_ca18c1dd1897
2025-08-12 17:21:25,638 INFO  [io.api.tes.ser.api.KafkaSerdesTester] (Thread-600) Produced 10 messages
2025-08-12 17:21:25,639 INFO  [org.apa.kaf.cli.pro.KafkaProducer] (Thread-600) [Producer clientId=Producer-topic-5b0acf36_2c7b_4ce0_8202_ca18c1dd1897] Closing the Kafka producer with timeoutMillis = 9223372036854775807 ms.
2025-08-12 17:21:25,653 INFO  [org.apa.kaf.com.met.Metrics] (Thread-600) Metrics scheduler closed
2025-08-12 17:21:25,654 INFO  [org.apa.kaf.com.met.Metrics] (Thread-600) Closing reporter org.apache.kafka.common.metrics.JmxReporter
2025-08-12 17:21:25,654 INFO  [org.apa.kaf.com.met.Metrics] (Thread-600) Closing reporter org.apache.kafka.common.telemetry.internals.ClientTelemetryReporter
2025-08-12 17:21:25,654 INFO  [org.apa.kaf.com.met.Metrics] (Thread-600) Metrics reporters closed
2025-08-12 17:21:25,655 INFO  [org.apa.kaf.com.uti.AppInfoParser] (Thread-600) App info kafka.producer for Producer-topic-5b0acf36_2c7b_4ce0_8202_ca18c1dd1897 unregistered
**** Registry Base URL: http://registry-app-mysql.apps.ci419.apicurio-testing.org:80
2025-08-12 17:21:25,757 INFO  [org.apa.kaf.cli.con.ConsumerConfig] (main) ConsumerConfig values: 
	allow.auto.create.topics = true
	auto.commit.interval.ms = 500
	auto.include.jmx.reporter = true
	auto.offset.reset = earliest
	bootstrap.servers = [PLAINTEXT://localhost:32769]
	check.crcs = true
	client.dns.lookup = use_all_dns_ips
	client.id = consumer-Consumer-topic-5b0acf36_2c7b_4ce0_8202_ca18c1dd1897-1
	client.rack = 
	connections.max.idle.ms = 10000
	default.api.timeout.ms = 60000
	enable.auto.commit = true
	enable.metrics.push = true
	exclude.internal.topics = true
	fetch.max.bytes = 52428800
	fetch.max.wait.ms = 500
	fetch.min.bytes = 1
	group.id = Consumer-topic-5b0acf36_2c7b_4ce0_8202_ca18c1dd1897
	group.instance.id = null
	group.protocol = classic
	group.remote.assignor = null
	heartbeat.interval.ms = 3000
	interceptor.classes = []
	internal.leave.group.on.close = true
	internal.throw.on.fetch.stable.offset.unsupported = false
	isolation.level = read_uncommitted
	key.deserializer = class org.apache.kafka.common.serialization.StringDeserializer
	max.partition.fetch.bytes = 1048576
	max.poll.interval.ms = 300000
	max.poll.records = 500
	metadata.max.age.ms = 300000
	metadata.recovery.strategy = none
	metric.reporters = []
	metrics.num.samples = 2
	metrics.recording.level = INFO
	metrics.sample.window.ms = 30000
	partition.assignment.strategy = [class org.apache.kafka.clients.consumer.RangeAssignor, class org.apache.kafka.clients.consumer.CooperativeStickyAssignor]
	receive.buffer.bytes = 65536
	reconnect.backoff.max.ms = 1000
	reconnect.backoff.ms = 50
	request.timeout.ms = 5000
	retry.backoff.max.ms = 1000
	retry.backoff.ms = 100
	sasl.client.callback.handler.class = null
	sasl.jaas.config = null
	sasl.kerberos.kinit.cmd = /usr/bin/kinit
	sasl.kerberos.min.time.before.relogin = 60000
	sasl.kerberos.service.name = null
	sasl.kerberos.ticket.renew.jitter = 0.05
	sasl.kerberos.ticket.renew.window.factor = 0.8
	sasl.login.callback.handler.class = null
	sasl.login.class = null
	sasl.login.connect.timeout.ms = null
	sasl.login.read.timeout.ms = null
	sasl.login.refresh.buffer.seconds = 300
	sasl.login.refresh.min.period.seconds = 60
	sasl.login.refresh.window.factor = 0.8
	sasl.login.refresh.window.jitter = 0.05
	sasl.login.retry.backoff.max.ms = 10000
	sasl.login.retry.backoff.ms = 100
	sasl.mechanism = GSSAPI
	sasl.oauthbearer.clock.skew.seconds = 30
	sasl.oauthbearer.expected.audience = null
	sasl.oauthbearer.expected.issuer = null
	sasl.oauthbearer.header.urlencode = false
	sasl.oauthbearer.jwks.endpoint.refresh.ms = 3600000
	sasl.oauthbearer.jwks.endpoint.retry.backoff.max.ms = 10000
	sasl.oauthbearer.jwks.endpoint.retry.backoff.ms = 100
	sasl.oauthbearer.jwks.endpoint.url = null
	sasl.oauthbearer.scope.claim.name = scope
	sasl.oauthbearer.sub.claim.name = sub
	sasl.oauthbearer.token.endpoint.url = null
	security.protocol = PLAINTEXT
	security.providers = null
	send.buffer.bytes = 131072
	session.timeout.ms = 45000
	socket.connection.setup.timeout.max.ms = 30000
	socket.connection.setup.timeout.ms = 10000
	ssl.cipher.suites = null
	ssl.enabled.protocols = [TLSv1.2, TLSv1.3]
	ssl.endpoint.identification.algorithm = https
	ssl.engine.factory.class = null
	ssl.key.password = null
	ssl.keymanager.algorithm = SunX509
	ssl.keystore.certificate.chain = null
	ssl.keystore.key = null
	ssl.keystore.location = null
	ssl.keystore.password = null
	ssl.keystore.type = JKS
	ssl.protocol = TLSv1.3
	ssl.provider = null
	ssl.secure.random.implementation = null
	ssl.trustmanager.algorithm = PKIX
	ssl.truststore.certificates = null
	ssl.truststore.location = null
	ssl.truststore.password = null
	ssl.truststore.type = JKS
	value.deserializer = class io.apicurio.registry.serde.avro.AvroKafkaDeserializer

2025-08-12 17:21:25,766 INFO  [org.apa.kaf.com.tel.int.KafkaMetricsCollector] (main) initializing Kafka metrics collector
2025-08-12 17:21:25,820 INFO  [org.apa.kaf.cli.con.ConsumerConfig] (main) These configurations '[apicurio.registry.url, apicurio.registry.use-id]' were supplied but are not used yet.
2025-08-12 17:21:25,821 INFO  [org.apa.kaf.com.uti.AppInfoParser] (main) Kafka version: 3.9.1
2025-08-12 17:21:25,821 INFO  [org.apa.kaf.com.uti.AppInfoParser] (main) Kafka commitId: f745dfdcee2b9851
2025-08-12 17:21:25,821 INFO  [org.apa.kaf.com.uti.AppInfoParser] (main) Kafka startTimeMs: 1755019285821
2025-08-12 17:21:25,825 INFO  [org.apa.kaf.cli.con.int.ClassicKafkaConsumer] (Thread-603) [Consumer clientId=consumer-Consumer-topic-5b0acf36_2c7b_4ce0_8202_ca18c1dd1897-1, groupId=Consumer-topic-5b0acf36_2c7b_4ce0_8202_ca18c1dd1897] Subscribed to topic(s): topic-5b0acf36_2c7b_4ce0_8202_ca18c1dd1897
2025-08-12 17:21:25,840 INFO  [org.apa.kaf.cli.Metadata] (Thread-603) [Consumer clientId=consumer-Consumer-topic-5b0acf36_2c7b_4ce0_8202_ca18c1dd1897-1, groupId=Consumer-topic-5b0acf36_2c7b_4ce0_8202_ca18c1dd1897] Cluster ID: 7o-lMpHSRFKHq4uTXFQncw
2025-08-12 17:21:25,983 INFO  [org.apa.kaf.cli.con.int.ConsumerCoordinator] (Thread-603) [Consumer clientId=consumer-Consumer-topic-5b0acf36_2c7b_4ce0_8202_ca18c1dd1897-1, groupId=Consumer-topic-5b0acf36_2c7b_4ce0_8202_ca18c1dd1897] Discovered group coordinator localhost:32769 (id: 2147483647 rack: null)
2025-08-12 17:21:26,006 INFO  [org.apa.kaf.cli.con.int.ConsumerCoordinator] (Thread-603) [Consumer clientId=consumer-Consumer-topic-5b0acf36_2c7b_4ce0_8202_ca18c1dd1897-1, groupId=Consumer-topic-5b0acf36_2c7b_4ce0_8202_ca18c1dd1897] (Re-)joining group
2025-08-12 17:21:26,055 INFO  [org.apa.kaf.cli.con.int.ConsumerCoordinator] (Thread-603) [Consumer clientId=consumer-Consumer-topic-5b0acf36_2c7b_4ce0_8202_ca18c1dd1897-1, groupId=Consumer-topic-5b0acf36_2c7b_4ce0_8202_ca18c1dd1897] Group coordinator localhost:32769 (id: 2147483647 rack: null) is unavailable or invalid due to cause: error response NOT_COORDINATOR. isDisconnected: false. Rediscovery will be attempted.
2025-08-12 17:21:26,055 INFO  [org.apa.kaf.cli.con.int.ConsumerCoordinator] (Thread-603) [Consumer clientId=consumer-Consumer-topic-5b0acf36_2c7b_4ce0_8202_ca18c1dd1897-1, groupId=Consumer-topic-5b0acf36_2c7b_4ce0_8202_ca18c1dd1897] Requesting disconnect from last known coordinator localhost:32769 (id: 2147483647 rack: null)
2025-08-12 17:21:26,056 INFO  [org.apa.kaf.cli.con.int.ConsumerCoordinator] (Thread-603) [Consumer clientId=consumer-Consumer-topic-5b0acf36_2c7b_4ce0_8202_ca18c1dd1897-1, groupId=Consumer-topic-5b0acf36_2c7b_4ce0_8202_ca18c1dd1897] JoinGroup failed: This is not the correct coordinator. Marking coordinator unknown. Sent generation was Generation{generationId=-1, memberId='', protocol='null'}
2025-08-12 17:21:26,056 INFO  [org.apa.kaf.cli.NetworkClient] (Thread-603) [Consumer clientId=consumer-Consumer-topic-5b0acf36_2c7b_4ce0_8202_ca18c1dd1897-1, groupId=Consumer-topic-5b0acf36_2c7b_4ce0_8202_ca18c1dd1897] Client requested disconnect from node 2147483647
2025-08-12 17:21:26,060 INFO  [org.apa.kaf.cli.con.int.ConsumerCoordinator] (Thread-603) [Consumer clientId=consumer-Consumer-topic-5b0acf36_2c7b_4ce0_8202_ca18c1dd1897-1, groupId=Consumer-topic-5b0acf36_2c7b_4ce0_8202_ca18c1dd1897] Discovered group coordinator localhost:32769 (id: 2147483647 rack: null)
2025-08-12 17:21:26,061 INFO  [org.apa.kaf.cli.con.int.ConsumerCoordinator] (Thread-603) [Consumer clientId=consumer-Consumer-topic-5b0acf36_2c7b_4ce0_8202_ca18c1dd1897-1, groupId=Consumer-topic-5b0acf36_2c7b_4ce0_8202_ca18c1dd1897] Group coordinator localhost:32769 (id: 2147483647 rack: null) is unavailable or invalid due to cause: coordinator unavailable. isDisconnected: false. Rediscovery will be attempted.
2025-08-12 17:21:26,061 INFO  [org.apa.kaf.cli.con.int.ConsumerCoordinator] (Thread-603) [Consumer clientId=consumer-Consumer-topic-5b0acf36_2c7b_4ce0_8202_ca18c1dd1897-1, groupId=Consumer-topic-5b0acf36_2c7b_4ce0_8202_ca18c1dd1897] Requesting disconnect from last known coordinator localhost:32769 (id: 2147483647 rack: null)
2025-08-12 17:21:26,175 INFO  [org.apa.kaf.cli.con.int.ConsumerCoordinator] (Thread-603) [Consumer clientId=consumer-Consumer-topic-5b0acf36_2c7b_4ce0_8202_ca18c1dd1897-1, groupId=Consumer-topic-5b0acf36_2c7b_4ce0_8202_ca18c1dd1897] Discovered group coordinator localhost:32769 (id: 2147483647 rack: null)
2025-08-12 17:21:26,178 INFO  [org.apa.kaf.cli.con.int.ConsumerCoordinator] (Thread-603) [Consumer clientId=consumer-Consumer-topic-5b0acf36_2c7b_4ce0_8202_ca18c1dd1897-1, groupId=Consumer-topic-5b0acf36_2c7b_4ce0_8202_ca18c1dd1897] Request joining group due to: rebalance failed due to 'This is not the correct coordinator.' (NotCoordinatorException)
2025-08-12 17:21:26,181 INFO  [org.apa.kaf.cli.con.int.ConsumerCoordinator] (Thread-603) [Consumer clientId=consumer-Consumer-topic-5b0acf36_2c7b_4ce0_8202_ca18c1dd1897-1, groupId=Consumer-topic-5b0acf36_2c7b_4ce0_8202_ca18c1dd1897] (Re-)joining group
2025-08-12 17:21:26,186 INFO  [org.apa.kaf.cli.con.int.ConsumerCoordinator] (Thread-603) [Consumer clientId=consumer-Consumer-topic-5b0acf36_2c7b_4ce0_8202_ca18c1dd1897-1, groupId=Consumer-topic-5b0acf36_2c7b_4ce0_8202_ca18c1dd1897] Group coordinator localhost:32769 (id: 2147483647 rack: null) is unavailable or invalid due to cause: error response NOT_COORDINATOR. isDisconnected: false. Rediscovery will be attempted.
2025-08-12 17:21:26,186 INFO  [org.apa.kaf.cli.con.int.ConsumerCoordinator] (Thread-603) [Consumer clientId=consumer-Consumer-topic-5b0acf36_2c7b_4ce0_8202_ca18c1dd1897-1, groupId=Consumer-topic-5b0acf36_2c7b_4ce0_8202_ca18c1dd1897] Requesting disconnect from last known coordinator localhost:32769 (id: 2147483647 rack: null)
2025-08-12 17:21:26,186 INFO  [org.apa.kaf.cli.con.int.ConsumerCoordinator] (Thread-603) [Consumer clientId=consumer-Consumer-topic-5b0acf36_2c7b_4ce0_8202_ca18c1dd1897-1, groupId=Consumer-topic-5b0acf36_2c7b_4ce0_8202_ca18c1dd1897] JoinGroup failed: This is not the correct coordinator. Marking coordinator unknown. Sent generation was Generation{generationId=-1, memberId='', protocol='null'}
2025-08-12 17:21:26,186 INFO  [org.apa.kaf.cli.NetworkClient] (Thread-603) [Consumer clientId=consumer-Consumer-topic-5b0acf36_2c7b_4ce0_8202_ca18c1dd1897-1, groupId=Consumer-topic-5b0acf36_2c7b_4ce0_8202_ca18c1dd1897] Client requested disconnect from node 2147483647
2025-08-12 17:21:26,191 INFO  [org.apa.kaf.cli.con.int.ConsumerCoordinator] (Thread-603) [Consumer clientId=consumer-Consumer-topic-5b0acf36_2c7b_4ce0_8202_ca18c1dd1897-1, groupId=Consumer-topic-5b0acf36_2c7b_4ce0_8202_ca18c1dd1897] Discovered group coordinator localhost:32769 (id: 2147483647 rack: null)
2025-08-12 17:21:26,191 INFO  [org.apa.kaf.cli.con.int.ConsumerCoordinator] (Thread-603) [Consumer clientId=consumer-Consumer-topic-5b0acf36_2c7b_4ce0_8202_ca18c1dd1897-1, groupId=Consumer-topic-5b0acf36_2c7b_4ce0_8202_ca18c1dd1897] Group coordinator localhost:32769 (id: 2147483647 rack: null) is unavailable or invalid due to cause: coordinator unavailable. isDisconnected: false. Rediscovery will be attempted.
2025-08-12 17:21:26,191 INFO  [org.apa.kaf.cli.con.int.ConsumerCoordinator] (Thread-603) [Consumer clientId=consumer-Consumer-topic-5b0acf36_2c7b_4ce0_8202_ca18c1dd1897-1, groupId=Consumer-topic-5b0acf36_2c7b_4ce0_8202_ca18c1dd1897] Requesting disconnect from last known coordinator localhost:32769 (id: 2147483647 rack: null)
2025-08-12 17:21:26,290 INFO  [org.apa.kaf.cli.con.int.ConsumerCoordinator] (Thread-603) [Consumer clientId=consumer-Consumer-topic-5b0acf36_2c7b_4ce0_8202_ca18c1dd1897-1, groupId=Consumer-topic-5b0acf36_2c7b_4ce0_8202_ca18c1dd1897] Discovered group coordinator localhost:32769 (id: 2147483647 rack: null)
2025-08-12 17:21:26,293 INFO  [org.apa.kaf.cli.con.int.ConsumerCoordinator] (Thread-603) [Consumer clientId=consumer-Consumer-topic-5b0acf36_2c7b_4ce0_8202_ca18c1dd1897-1, groupId=Consumer-topic-5b0acf36_2c7b_4ce0_8202_ca18c1dd1897] Request joining group due to: rebalance failed due to 'This is not the correct coordinator.' (NotCoordinatorException)
2025-08-12 17:21:26,294 INFO  [org.apa.kaf.cli.con.int.ConsumerCoordinator] (Thread-603) [Consumer clientId=consumer-Consumer-topic-5b0acf36_2c7b_4ce0_8202_ca18c1dd1897-1, groupId=Consumer-topic-5b0acf36_2c7b_4ce0_8202_ca18c1dd1897] (Re-)joining group
2025-08-12 17:21:26,307 INFO  [org.apa.kaf.cli.con.int.ConsumerCoordinator] (Thread-603) [Consumer clientId=consumer-Consumer-topic-5b0acf36_2c7b_4ce0_8202_ca18c1dd1897-1, groupId=Consumer-topic-5b0acf36_2c7b_4ce0_8202_ca18c1dd1897] Group coordinator localhost:32769 (id: 2147483647 rack: null) is unavailable or invalid due to cause: error response NOT_COORDINATOR. isDisconnected: false. Rediscovery will be attempted.
2025-08-12 17:21:26,307 INFO  [org.apa.kaf.cli.con.int.ConsumerCoordinator] (Thread-603) [Consumer clientId=consumer-Consumer-topic-5b0acf36_2c7b_4ce0_8202_ca18c1dd1897-1, groupId=Consumer-topic-5b0acf36_2c7b_4ce0_8202_ca18c1dd1897] Requesting disconnect from last known coordinator localhost:32769 (id: 2147483647 rack: null)
2025-08-12 17:21:26,307 INFO  [org.apa.kaf.cli.con.int.ConsumerCoordinator] (Thread-603) [Consumer clientId=consumer-Consumer-topic-5b0acf36_2c7b_4ce0_8202_ca18c1dd1897-1, groupId=Consumer-topic-5b0acf36_2c7b_4ce0_8202_ca18c1dd1897] JoinGroup failed: This is not the correct coordinator. Marking coordinator unknown. Sent generation was Generation{generationId=-1, memberId='', protocol='null'}
2025-08-12 17:21:26,307 INFO  [org.apa.kaf.cli.NetworkClient] (Thread-603) [Consumer clientId=consumer-Consumer-topic-5b0acf36_2c7b_4ce0_8202_ca18c1dd1897-1, groupId=Consumer-topic-5b0acf36_2c7b_4ce0_8202_ca18c1dd1897] Client requested disconnect from node 2147483647
2025-08-12 17:21:26,313 INFO  [org.apa.kaf.cli.con.int.ConsumerCoordinator] (Thread-603) [Consumer clientId=consumer-Consumer-topic-5b0acf36_2c7b_4ce0_8202_ca18c1dd1897-1, groupId=Consumer-topic-5b0acf36_2c7b_4ce0_8202_ca18c1dd1897] Discovered group coordinator localhost:32769 (id: 2147483647 rack: null)
2025-08-12 17:21:26,313 INFO  [org.apa.kaf.cli.con.int.ConsumerCoordinator] (Thread-603) [Consumer clientId=consumer-Consumer-topic-5b0acf36_2c7b_4ce0_8202_ca18c1dd1897-1, groupId=Consumer-topic-5b0acf36_2c7b_4ce0_8202_ca18c1dd1897] Group coordinator localhost:32769 (id: 2147483647 rack: null) is unavailable or invalid due to cause: coordinator unavailable. isDisconnected: false. Rediscovery will be attempted.
2025-08-12 17:21:26,314 INFO  [org.apa.kaf.cli.con.int.ConsumerCoordinator] (Thread-603) [Consumer clientId=consumer-Consumer-topic-5b0acf36_2c7b_4ce0_8202_ca18c1dd1897-1, groupId=Consumer-topic-5b0acf36_2c7b_4ce0_8202_ca18c1dd1897] Requesting disconnect from last known coordinator localhost:32769 (id: 2147483647 rack: null)
2025-08-12 17:21:26,419 INFO  [org.apa.kaf.cli.con.int.ConsumerCoordinator] (Thread-603) [Consumer clientId=consumer-Consumer-topic-5b0acf36_2c7b_4ce0_8202_ca18c1dd1897-1, groupId=Consumer-topic-5b0acf36_2c7b_4ce0_8202_ca18c1dd1897] Discovered group coordinator localhost:32769 (id: 2147483647 rack: null)
2025-08-12 17:21:26,422 INFO  [org.apa.kaf.cli.con.int.ConsumerCoordinator] (Thread-603) [Consumer clientId=consumer-Consumer-topic-5b0acf36_2c7b_4ce0_8202_ca18c1dd1897-1, groupId=Consumer-topic-5b0acf36_2c7b_4ce0_8202_ca18c1dd1897] Request joining group due to: rebalance failed due to 'This is not the correct coordinator.' (NotCoordinatorException)
2025-08-12 17:21:26,423 INFO  [org.apa.kaf.cli.con.int.ConsumerCoordinator] (Thread-603) [Consumer clientId=consumer-Consumer-topic-5b0acf36_2c7b_4ce0_8202_ca18c1dd1897-1, groupId=Consumer-topic-5b0acf36_2c7b_4ce0_8202_ca18c1dd1897] (Re-)joining group
2025-08-12 17:21:26,431 INFO  [org.apa.kaf.cli.con.int.ConsumerCoordinator] (Thread-603) [Consumer clientId=consumer-Consumer-topic-5b0acf36_2c7b_4ce0_8202_ca18c1dd1897-1, groupId=Consumer-topic-5b0acf36_2c7b_4ce0_8202_ca18c1dd1897] Group coordinator localhost:32769 (id: 2147483647 rack: null) is unavailable or invalid due to cause: error response NOT_COORDINATOR. isDisconnected: false. Rediscovery will be attempted.
2025-08-12 17:21:26,431 INFO  [org.apa.kaf.cli.con.int.ConsumerCoordinator] (Thread-603) [Consumer clientId=consumer-Consumer-topic-5b0acf36_2c7b_4ce0_8202_ca18c1dd1897-1, groupId=Consumer-topic-5b0acf36_2c7b_4ce0_8202_ca18c1dd1897] Requesting disconnect from last known coordinator localhost:32769 (id: 2147483647 rack: null)
2025-08-12 17:21:26,433 INFO  [org.apa.kaf.cli.con.int.ConsumerCoordinator] (Thread-603) [Consumer clientId=consumer-Consumer-topic-5b0acf36_2c7b_4ce0_8202_ca18c1dd1897-1, groupId=Consumer-topic-5b0acf36_2c7b_4ce0_8202_ca18c1dd1897] JoinGroup failed: This is not the correct coordinator. Marking coordinator unknown. Sent generation was Generation{generationId=-1, memberId='', protocol='null'}
2025-08-12 17:21:26,433 INFO  [org.apa.kaf.cli.NetworkClient] (Thread-603) [Consumer clientId=consumer-Consumer-topic-5b0acf36_2c7b_4ce0_8202_ca18c1dd1897-1, groupId=Consumer-topic-5b0acf36_2c7b_4ce0_8202_ca18c1dd1897] Client requested disconnect from node 2147483647
2025-08-12 17:21:26,441 INFO  [org.apa.kaf.cli.con.int.ConsumerCoordinator] (Thread-603) [Consumer clientId=consumer-Consumer-topic-5b0acf36_2c7b_4ce0_8202_ca18c1dd1897-1, groupId=Consumer-topic-5b0acf36_2c7b_4ce0_8202_ca18c1dd1897] Discovered group coordinator localhost:32769 (id: 2147483647 rack: null)
2025-08-12 17:21:26,441 INFO  [org.apa.kaf.cli.con.int.ConsumerCoordinator] (Thread-603) [Consumer clientId=consumer-Consumer-topic-5b0acf36_2c7b_4ce0_8202_ca18c1dd1897-1, groupId=Consumer-topic-5b0acf36_2c7b_4ce0_8202_ca18c1dd1897] Group coordinator localhost:32769 (id: 2147483647 rack: null) is unavailable or invalid due to cause: coordinator unavailable. isDisconnected: false. Rediscovery will be attempted.
2025-08-12 17:21:26,441 INFO  [org.apa.kaf.cli.con.int.ConsumerCoordinator] (Thread-603) [Consumer clientId=consumer-Consumer-topic-5b0acf36_2c7b_4ce0_8202_ca18c1dd1897-1, groupId=Consumer-topic-5b0acf36_2c7b_4ce0_8202_ca18c1dd1897] Requesting disconnect from last known coordinator localhost:32769 (id: 2147483647 rack: null)
2025-08-12 17:21:26,531 INFO  [org.apa.kaf.cli.con.int.ConsumerCoordinator] (Thread-603) [Consumer clientId=consumer-Consumer-topic-5b0acf36_2c7b_4ce0_8202_ca18c1dd1897-1, groupId=Consumer-topic-5b0acf36_2c7b_4ce0_8202_ca18c1dd1897] Discovered group coordinator localhost:32769 (id: 2147483647 rack: null)
2025-08-12 17:21:26,533 INFO  [org.apa.kaf.cli.con.int.ConsumerCoordinator] (Thread-603) [Consumer clientId=consumer-Consumer-topic-5b0acf36_2c7b_4ce0_8202_ca18c1dd1897-1, groupId=Consumer-topic-5b0acf36_2c7b_4ce0_8202_ca18c1dd1897] Request joining group due to: rebalance failed due to 'This is not the correct coordinator.' (NotCoordinatorException)
2025-08-12 17:21:26,535 INFO  [org.apa.kaf.cli.con.int.ConsumerCoordinator] (Thread-603) [Consumer clientId=consumer-Consumer-topic-5b0acf36_2c7b_4ce0_8202_ca18c1dd1897-1, groupId=Consumer-topic-5b0acf36_2c7b_4ce0_8202_ca18c1dd1897] (Re-)joining group
2025-08-12 17:21:26,555 INFO  [org.apa.kaf.cli.con.int.ConsumerCoordinator] (Thread-603) [Consumer clientId=consumer-Consumer-topic-5b0acf36_2c7b_4ce0_8202_ca18c1dd1897-1, groupId=Consumer-topic-5b0acf36_2c7b_4ce0_8202_ca18c1dd1897] Group coordinator localhost:32769 (id: 2147483647 rack: null) is unavailable or invalid due to cause: error response NOT_COORDINATOR. isDisconnected: false. Rediscovery will be attempted.
2025-08-12 17:21:26,556 INFO  [org.apa.kaf.cli.con.int.ConsumerCoordinator] (Thread-603) [Consumer clientId=consumer-Consumer-topic-5b0acf36_2c7b_4ce0_8202_ca18c1dd1897-1, groupId=Consumer-topic-5b0acf36_2c7b_4ce0_8202_ca18c1dd1897] Requesting disconnect from last known coordinator localhost:32769 (id: 2147483647 rack: null)
2025-08-12 17:21:26,556 INFO  [org.apa.kaf.cli.con.int.ConsumerCoordinator] (Thread-603) [Consumer clientId=consumer-Consumer-topic-5b0acf36_2c7b_4ce0_8202_ca18c1dd1897-1, groupId=Consumer-topic-5b0acf36_2c7b_4ce0_8202_ca18c1dd1897] JoinGroup failed: This is not the correct coordinator. Marking coordinator unknown. Sent generation was Generation{generationId=-1, memberId='', protocol='null'}
2025-08-12 17:21:26,556 INFO  [org.apa.kaf.cli.NetworkClient] (Thread-603) [Consumer clientId=consumer-Consumer-topic-5b0acf36_2c7b_4ce0_8202_ca18c1dd1897-1, groupId=Consumer-topic-5b0acf36_2c7b_4ce0_8202_ca18c1dd1897] Client requested disconnect from node 2147483647
2025-08-12 17:21:26,562 INFO  [org.apa.kaf.cli.con.int.ConsumerCoordinator] (Thread-603) [Consumer clientId=consumer-Consumer-topic-5b0acf36_2c7b_4ce0_8202_ca18c1dd1897-1, groupId=Consumer-topic-5b0acf36_2c7b_4ce0_8202_ca18c1dd1897] Discovered group coordinator localhost:32769 (id: 2147483647 rack: null)
2025-08-12 17:21:26,562 INFO  [org.apa.kaf.cli.con.int.ConsumerCoordinator] (Thread-603) [Consumer clientId=consumer-Consumer-topic-5b0acf36_2c7b_4ce0_8202_ca18c1dd1897-1, groupId=Consumer-topic-5b0acf36_2c7b_4ce0_8202_ca18c1dd1897] Group coordinator localhost:32769 (id: 2147483647 rack: null) is unavailable or invalid due to cause: coordinator unavailable. isDisconnected: false. Rediscovery will be attempted.
2025-08-12 17:21:26,562 INFO  [org.apa.kaf.cli.con.int.ConsumerCoordinator] (Thread-603) [Consumer clientId=consumer-Consumer-topic-5b0acf36_2c7b_4ce0_8202_ca18c1dd1897-1, groupId=Consumer-topic-5b0acf36_2c7b_4ce0_8202_ca18c1dd1897] Requesting disconnect from last known coordinator localhost:32769 (id: 2147483647 rack: null)
2025-08-12 17:21:26,659 INFO  [org.apa.kaf.cli.con.int.ConsumerCoordinator] (Thread-603) [Consumer clientId=consumer-Consumer-topic-5b0acf36_2c7b_4ce0_8202_ca18c1dd1897-1, groupId=Consumer-topic-5b0acf36_2c7b_4ce0_8202_ca18c1dd1897] Discovered group coordinator localhost:32769 (id: 2147483647 rack: null)
2025-08-12 17:21:26,660 INFO  [org.apa.kaf.cli.con.int.ConsumerCoordinator] (Thread-603) [Consumer clientId=consumer-Consumer-topic-5b0acf36_2c7b_4ce0_8202_ca18c1dd1897-1, groupId=Consumer-topic-5b0acf36_2c7b_4ce0_8202_ca18c1dd1897] Request joining group due to: rebalance failed due to 'This is not the correct coordinator.' (NotCoordinatorException)
2025-08-12 17:21:26,660 INFO  [org.apa.kaf.cli.con.int.ConsumerCoordinator] (Thread-603) [Consumer clientId=consumer-Consumer-topic-5b0acf36_2c7b_4ce0_8202_ca18c1dd1897-1, groupId=Consumer-topic-5b0acf36_2c7b_4ce0_8202_ca18c1dd1897] (Re-)joining group
2025-08-12 17:21:26,671 INFO  [org.apa.kaf.cli.con.int.ConsumerCoordinator] (Thread-603) [Consumer clientId=consumer-Consumer-topic-5b0acf36_2c7b_4ce0_8202_ca18c1dd1897-1, groupId=Consumer-topic-5b0acf36_2c7b_4ce0_8202_ca18c1dd1897] Request joining group due to: need to re-join with the given member-id: consumer-Consumer-topic-5b0acf36_2c7b_4ce0_8202_ca18c1dd1897-1-278f3d2b-9f93-4c43-af9b-cc822990498e
2025-08-12 17:21:26,671 INFO  [org.apa.kaf.cli.con.int.ConsumerCoordinator] (Thread-603) [Consumer clientId=consumer-Consumer-topic-5b0acf36_2c7b_4ce0_8202_ca18c1dd1897-1, groupId=Consumer-topic-5b0acf36_2c7b_4ce0_8202_ca18c1dd1897] (Re-)joining group
2025-08-12 17:21:26,826 INFO  [io.api.tes.ser.api.KafkaSerdesTester] (Thread-603) None found
2025-08-12 17:21:27,826 INFO  [io.api.tes.ser.api.KafkaSerdesTester] (Thread-603) None found
2025-08-12 17:21:28,827 INFO  [io.api.tes.ser.api.KafkaSerdesTester] (Thread-603) None found
2025-08-12 17:21:29,697 INFO  [org.apa.kaf.cli.con.int.ConsumerCoordinator] (Thread-603) [Consumer clientId=consumer-Consumer-topic-5b0acf36_2c7b_4ce0_8202_ca18c1dd1897-1, groupId=Consumer-topic-5b0acf36_2c7b_4ce0_8202_ca18c1dd1897] Successfully joined group with generation Generation{generationId=1, memberId='consumer-Consumer-topic-5b0acf36_2c7b_4ce0_8202_ca18c1dd1897-1-278f3d2b-9f93-4c43-af9b-cc822990498e', protocol='range'}
2025-08-12 17:21:29,710 INFO  [org.apa.kaf.cli.con.int.ConsumerCoordinator] (Thread-603) [Consumer clientId=consumer-Consumer-topic-5b0acf36_2c7b_4ce0_8202_ca18c1dd1897-1, groupId=Consumer-topic-5b0acf36_2c7b_4ce0_8202_ca18c1dd1897] Finished assignment for group at generation 1: {consumer-Consumer-topic-5b0acf36_2c7b_4ce0_8202_ca18c1dd1897-1-278f3d2b-9f93-4c43-af9b-cc822990498e=Assignment(partitions=[topic-5b0acf36_2c7b_4ce0_8202_ca18c1dd1897-0])}
2025-08-12 17:21:29,727 INFO  [org.apa.kaf.cli.con.int.ConsumerCoordinator] (Thread-603) [Consumer clientId=consumer-Consumer-topic-5b0acf36_2c7b_4ce0_8202_ca18c1dd1897-1, groupId=Consumer-topic-5b0acf36_2c7b_4ce0_8202_ca18c1dd1897] Successfully synced group in generation Generation{generationId=1, memberId='consumer-Consumer-topic-5b0acf36_2c7b_4ce0_8202_ca18c1dd1897-1-278f3d2b-9f93-4c43-af9b-cc822990498e', protocol='range'}
2025-08-12 17:21:29,730 INFO  [org.apa.kaf.cli.con.int.ConsumerCoordinator] (Thread-603) [Consumer clientId=consumer-Consumer-topic-5b0acf36_2c7b_4ce0_8202_ca18c1dd1897-1, groupId=Consumer-topic-5b0acf36_2c7b_4ce0_8202_ca18c1dd1897] Notifying assignor about the new Assignment(partitions=[topic-5b0acf36_2c7b_4ce0_8202_ca18c1dd1897-0])
2025-08-12 17:21:29,733 INFO  [org.apa.kaf.cli.con.int.ConsumerRebalanceListenerInvoker] (Thread-603) [Consumer clientId=consumer-Consumer-topic-5b0acf36_2c7b_4ce0_8202_ca18c1dd1897-1, groupId=Consumer-topic-5b0acf36_2c7b_4ce0_8202_ca18c1dd1897] Adding newly assigned partitions: topic-5b0acf36_2c7b_4ce0_8202_ca18c1dd1897-0
2025-08-12 17:21:29,757 INFO  [org.apa.kaf.cli.con.int.ConsumerCoordinator] (Thread-603) [Consumer clientId=consumer-Consumer-topic-5b0acf36_2c7b_4ce0_8202_ca18c1dd1897-1, groupId=Consumer-topic-5b0acf36_2c7b_4ce0_8202_ca18c1dd1897] Found no committed offset for partition topic-5b0acf36_2c7b_4ce0_8202_ca18c1dd1897-0
2025-08-12 17:21:29,784 INFO  [org.apa.kaf.cli.con.int.SubscriptionState] (Thread-603) [Consumer clientId=consumer-Consumer-topic-5b0acf36_2c7b_4ce0_8202_ca18c1dd1897-1, groupId=Consumer-topic-5b0acf36_2c7b_4ce0_8202_ca18c1dd1897] Resetting offset for partition topic-5b0acf36_2c7b_4ce0_8202_ca18c1dd1897-0 to position FetchPosition{offset=0, offsetEpoch=Optional.empty, currentLeader=LeaderAndEpoch{leader=Optional[localhost:32769 (id: 0 rack: null)], epoch=0}}.
2025-08-12 17:21:29,990 INFO  [io.api.tes.ser.api.KafkaSerdesTester] (Thread-603) topic-5b0acf36_2c7b_4ce0_8202_ca18c1dd1897 0 0 {"key11755019284681": "value-0"}
2025-08-12 17:21:29,990 INFO  [io.api.tes.ser.api.KafkaSerdesTester] (Thread-603) topic-5b0acf36_2c7b_4ce0_8202_ca18c1dd1897 0 1 {"key11755019284681": "value-1"}
2025-08-12 17:21:29,991 INFO  [io.api.tes.ser.api.KafkaSerdesTester] (Thread-603) topic-5b0acf36_2c7b_4ce0_8202_ca18c1dd1897 0 2 {"key11755019284681": "value-2"}
2025-08-12 17:21:29,991 INFO  [io.api.tes.ser.api.KafkaSerdesTester] (Thread-603) topic-5b0acf36_2c7b_4ce0_8202_ca18c1dd1897 0 3 {"key11755019284681": "value-3"}
2025-08-12 17:21:29,991 INFO  [io.api.tes.ser.api.KafkaSerdesTester] (Thread-603) topic-5b0acf36_2c7b_4ce0_8202_ca18c1dd1897 0 4 {"key11755019284681": "value-4"}
2025-08-12 17:21:29,991 INFO  [io.api.tes.ser.api.KafkaSerdesTester] (Thread-603) topic-5b0acf36_2c7b_4ce0_8202_ca18c1dd1897 0 5 {"key11755019284681": "value-5"}
2025-08-12 17:21:29,991 INFO  [io.api.tes.ser.api.KafkaSerdesTester] (Thread-603) topic-5b0acf36_2c7b_4ce0_8202_ca18c1dd1897 0 6 {"key11755019284681": "value-6"}
2025-08-12 17:21:29,991 INFO  [io.api.tes.ser.api.KafkaSerdesTester] (Thread-603) topic-5b0acf36_2c7b_4ce0_8202_ca18c1dd1897 0 7 {"key11755019284681": "value-7"}
2025-08-12 17:21:29,991 INFO  [io.api.tes.ser.api.KafkaSerdesTester] (Thread-603) topic-5b0acf36_2c7b_4ce0_8202_ca18c1dd1897 0 8 {"key11755019284681": "value-8"}
2025-08-12 17:21:29,991 INFO  [io.api.tes.ser.api.KafkaSerdesTester] (Thread-603) topic-5b0acf36_2c7b_4ce0_8202_ca18c1dd1897 0 9 {"key11755019284681": "value-9"}
2025-08-12 17:21:29,991 INFO  [io.api.tes.ser.api.KafkaSerdesTester] (Thread-603) Consumed 10 messages
2025-08-12 17:21:30,028 INFO  [org.apa.kaf.cli.con.int.ConsumerRebalanceListenerInvoker] (Thread-603) [Consumer clientId=consumer-Consumer-topic-5b0acf36_2c7b_4ce0_8202_ca18c1dd1897-1, groupId=Consumer-topic-5b0acf36_2c7b_4ce0_8202_ca18c1dd1897] Revoke previously assigned partitions topic-5b0acf36_2c7b_4ce0_8202_ca18c1dd1897-0
2025-08-12 17:21:30,033 INFO  [org.apa.kaf.cli.con.int.ConsumerCoordinator] (Thread-603) [Consumer clientId=consumer-Consumer-topic-5b0acf36_2c7b_4ce0_8202_ca18c1dd1897-1, groupId=Consumer-topic-5b0acf36_2c7b_4ce0_8202_ca18c1dd1897] Member consumer-Consumer-topic-5b0acf36_2c7b_4ce0_8202_ca18c1dd1897-1-278f3d2b-9f93-4c43-af9b-cc822990498e sending LeaveGroup request to coordinator localhost:32769 (id: 2147483647 rack: null) due to the consumer is being closed
2025-08-12 17:21:30,036 INFO  [org.apa.kaf.cli.con.int.ConsumerCoordinator] (Thread-603) [Consumer clientId=consumer-Consumer-topic-5b0acf36_2c7b_4ce0_8202_ca18c1dd1897-1, groupId=Consumer-topic-5b0acf36_2c7b_4ce0_8202_ca18c1dd1897] Resetting generation and member id due to: consumer pro-actively leaving the group
2025-08-12 17:21:30,037 INFO  [org.apa.kaf.cli.con.int.ConsumerCoordinator] (Thread-603) [Consumer clientId=consumer-Consumer-topic-5b0acf36_2c7b_4ce0_8202_ca18c1dd1897-1, groupId=Consumer-topic-5b0acf36_2c7b_4ce0_8202_ca18c1dd1897] Request joining group due to: consumer pro-actively leaving the group
2025-08-12 17:21:30,514 INFO  [org.apa.kaf.com.met.Metrics] (Thread-603) Metrics scheduler closed
2025-08-12 17:21:30,514 INFO  [org.apa.kaf.com.met.Metrics] (Thread-603) Closing reporter org.apache.kafka.common.metrics.JmxReporter
2025-08-12 17:21:30,514 INFO  [org.apa.kaf.com.met.Metrics] (Thread-603) Closing reporter org.apache.kafka.common.telemetry.internals.ClientTelemetryReporter
2025-08-12 17:21:30,514 INFO  [org.apa.kaf.com.met.Metrics] (Thread-603) Metrics reporters closed
2025-08-12 17:21:30,529 INFO  [org.apa.kaf.com.uti.AppInfoParser] (Thread-603) App info kafka.consumer for consumer-Consumer-topic-5b0acf36_2c7b_4ce0_8202_ca18c1dd1897-1 unregistered
2025-08-12 17:21:30,531 INFO  [io.api.tes.uti.TestSeparator] (main) io.apicurio.tests.serdes.apicurio.AvroSerdeIT.testGlobalIdInHeaders-FINISHED
2025-08-12 17:21:30,531 INFO  [io.api.tes.uti.TestSeparator] (main) ############################################################################
Test passed: testGlobalIdInHeaders
]]></system-out>
  </testcase>
  <testcase name="testSimpleTopicIdStrategyFindLatest" classname="io.apicurio.tests.serdes.apicurio.AvroSerdeIT" time="5.12">
    <system-out><![CDATA[2025-08-12 17:21:30,535 INFO  [io.api.tes.uti.TestSeparator] (main) ############################################################################
2025-08-12 17:21:30,535 INFO  [io.api.tes.uti.TestSeparator] (main) io.apicurio.tests.serdes.apicurio.AvroSerdeIT.testSimpleTopicIdStrategyFindLatest-STARTED
2025-08-12 17:21:30,539 INFO  [io.api.tes.ser.api.AvroSerdeIT] (main) Registering Avro Schema: {"type":"record","name":"myrecordapicurio1","fields":[{"name":"key11755019290539","type":"string"}]}
**** Registry Base URL: http://registry-app-mysql.apps.ci419.apicurio-testing.org:80
2025-08-12 17:21:31,682 INFO  [org.apa.kaf.cli.pro.ProducerConfig] (main) ProducerConfig values: 
	acks = -1
	auto.include.jmx.reporter = true
	batch.size = 16384
	bootstrap.servers = [PLAINTEXT://localhost:32769]
	buffer.memory = 33554432
	client.dns.lookup = use_all_dns_ips
	client.id = Producer-topic-4c39321d_85ed_4d2e_943c_9893b403fd77
	compression.gzip.level = -1
	compression.lz4.level = 9
	compression.type = none
	compression.zstd.level = 3
	connections.max.idle.ms = 10000
	delivery.timeout.ms = 120000
	enable.idempotence = true
	enable.metrics.push = true
	interceptor.classes = []
	key.serializer = class org.apache.kafka.common.serialization.StringSerializer
	linger.ms = 0
	max.block.ms = 60000
	max.in.flight.requests.per.connection = 5
	max.request.size = 1048576
	metadata.max.age.ms = 300000
	metadata.max.idle.ms = 300000
	metadata.recovery.strategy = none
	metric.reporters = []
	metrics.num.samples = 2
	metrics.recording.level = INFO
	metrics.sample.window.ms = 30000
	partitioner.adaptive.partitioning.enable = true
	partitioner.availability.timeout.ms = 0
	partitioner.class = null
	partitioner.ignore.keys = false
	receive.buffer.bytes = 32768
	reconnect.backoff.max.ms = 1000
	reconnect.backoff.ms = 50
	request.timeout.ms = 5000
	retries = 2147483647
	retry.backoff.max.ms = 1000
	retry.backoff.ms = 100
	sasl.client.callback.handler.class = null
	sasl.jaas.config = null
	sasl.kerberos.kinit.cmd = /usr/bin/kinit
	sasl.kerberos.min.time.before.relogin = 60000
	sasl.kerberos.service.name = null
	sasl.kerberos.ticket.renew.jitter = 0.05
	sasl.kerberos.ticket.renew.window.factor = 0.8
	sasl.login.callback.handler.class = null
	sasl.login.class = null
	sasl.login.connect.timeout.ms = null
	sasl.login.read.timeout.ms = null
	sasl.login.refresh.buffer.seconds = 300
	sasl.login.refresh.min.period.seconds = 60
	sasl.login.refresh.window.factor = 0.8
	sasl.login.refresh.window.jitter = 0.05
	sasl.login.retry.backoff.max.ms = 10000
	sasl.login.retry.backoff.ms = 100
	sasl.mechanism = GSSAPI
	sasl.oauthbearer.clock.skew.seconds = 30
	sasl.oauthbearer.expected.audience = null
	sasl.oauthbearer.expected.issuer = null
	sasl.oauthbearer.header.urlencode = false
	sasl.oauthbearer.jwks.endpoint.refresh.ms = 3600000
	sasl.oauthbearer.jwks.endpoint.retry.backoff.max.ms = 10000
	sasl.oauthbearer.jwks.endpoint.retry.backoff.ms = 100
	sasl.oauthbearer.jwks.endpoint.url = null
	sasl.oauthbearer.scope.claim.name = scope
	sasl.oauthbearer.sub.claim.name = sub
	sasl.oauthbearer.token.endpoint.url = null
	security.protocol = PLAINTEXT
	security.providers = null
	send.buffer.bytes = 131072
	socket.connection.setup.timeout.max.ms = 30000
	socket.connection.setup.timeout.ms = 10000
	ssl.cipher.suites = null
	ssl.enabled.protocols = [TLSv1.2, TLSv1.3]
	ssl.endpoint.identification.algorithm = https
	ssl.engine.factory.class = null
	ssl.key.password = null
	ssl.keymanager.algorithm = SunX509
	ssl.keystore.certificate.chain = null
	ssl.keystore.key = null
	ssl.keystore.location = null
	ssl.keystore.password = null
	ssl.keystore.type = JKS
	ssl.protocol = TLSv1.3
	ssl.provider = null
	ssl.secure.random.implementation = null
	ssl.trustmanager.algorithm = PKIX
	ssl.truststore.certificates = null
	ssl.truststore.location = null
	ssl.truststore.password = null
	ssl.truststore.type = JKS
	transaction.timeout.ms = 60000
	transactional.id = null
	value.serializer = class io.apicurio.registry.serde.avro.AvroKafkaSerializer

2025-08-12 17:21:31,683 INFO  [org.apa.kaf.com.tel.int.KafkaMetricsCollector] (main) initializing Kafka metrics collector
2025-08-12 17:21:31,688 INFO  [org.apa.kaf.cli.pro.KafkaProducer] (main) [Producer clientId=Producer-topic-4c39321d_85ed_4d2e_943c_9893b403fd77] Instantiated an idempotent producer.
2025-08-12 17:21:31,698 INFO  [org.apa.kaf.cli.pro.ProducerConfig] (main) These configurations '[apicurio.registry.find-latest, apicurio.registry.artifact.group-id, apicurio.registry.url, apicurio.registry.artifact-resolver-strategy]' were supplied but are not used yet.
2025-08-12 17:21:31,698 INFO  [org.apa.kaf.com.uti.AppInfoParser] (main) Kafka version: 3.9.1
2025-08-12 17:21:31,698 INFO  [org.apa.kaf.com.uti.AppInfoParser] (main) Kafka commitId: f745dfdcee2b9851
2025-08-12 17:21:31,698 INFO  [org.apa.kaf.com.uti.AppInfoParser] (main) Kafka startTimeMs: 1755019291698
2025-08-12 17:21:31,699 INFO  [io.api.tes.ser.api.SimpleSerdesTesterBuilder$SimpleSerdesTester] (main) Using producer configuration: {apicurio.registry.find-latest=true, apicurio.registry.artifact.group-id=topic-4c39321d_85ed_4d2e_943c_9893b403fd77, apicurio.registry.url=http://registry-app-mysql.apps.ci419.apicurio-testing.org:80/apis/registry/v3, apicurio.registry.artifact-resolver-strategy=io.apicurio.registry.serde.strategy.SimpleTopicIdStrategy, value.serializer=io.apicurio.registry.serde.avro.AvroKafkaSerializer, request.timeout.ms=5000, acks=all, bootstrap.servers=PLAINTEXT://localhost:32769, connections.max.idle.ms=10000, key.serializer=org.apache.kafka.common.serialization.StringSerializer, client.id=Producer-topic-4c39321d_85ed_4d2e_943c_9893b403fd77}
2025-08-12 17:21:31,700 INFO  [io.api.tes.ser.api.SimpleSerdesTesterBuilder$SimpleSerdesTester] (main) Using consumer configuration: {}
2025-08-12 17:21:31,705 INFO  [io.api.tes.ser.api.KafkaSerdesTester] (Thread-606) Sending message {"key11755019290539": "value-0"} to topic topic-4c39321d_85ed_4d2e_943c_9893b403fd77
2025-08-12 17:21:31,712 INFO  [org.apa.kaf.cli.Metadata] (kafka-producer-network-thread | Producer-topic-4c39321d_85ed_4d2e_943c_9893b403fd77) [Producer clientId=Producer-topic-4c39321d_85ed_4d2e_943c_9893b403fd77] Cluster ID: 7o-lMpHSRFKHq4uTXFQncw
2025-08-12 17:21:31,715 INFO  [org.apa.kaf.cli.pro.int.TransactionManager] (kafka-producer-network-thread | Producer-topic-4c39321d_85ed_4d2e_943c_9893b403fd77) [Producer clientId=Producer-topic-4c39321d_85ed_4d2e_943c_9893b403fd77] ProducerId set to 1 with epoch 0
2025-08-12 17:21:31,903 INFO  [io.api.tes.ser.api.KafkaSerdesTester] (Thread-606) Sending message {"key11755019290539": "value-1"} to topic topic-4c39321d_85ed_4d2e_943c_9893b403fd77
2025-08-12 17:21:31,908 INFO  [io.api.tes.ser.api.KafkaSerdesTester] (Thread-606) Sending message {"key11755019290539": "value-2"} to topic topic-4c39321d_85ed_4d2e_943c_9893b403fd77
2025-08-12 17:21:31,913 INFO  [io.api.tes.ser.api.KafkaSerdesTester] (Thread-606) Sending message {"key11755019290539": "value-3"} to topic topic-4c39321d_85ed_4d2e_943c_9893b403fd77
2025-08-12 17:21:31,917 INFO  [io.api.tes.ser.api.KafkaSerdesTester] (Thread-606) Sending message {"key11755019290539": "value-4"} to topic topic-4c39321d_85ed_4d2e_943c_9893b403fd77
2025-08-12 17:21:31,921 INFO  [io.api.tes.ser.api.KafkaSerdesTester] (Thread-606) Sending message {"key11755019290539": "value-5"} to topic topic-4c39321d_85ed_4d2e_943c_9893b403fd77
2025-08-12 17:21:31,924 INFO  [io.api.tes.ser.api.KafkaSerdesTester] (Thread-606) Sending message {"key11755019290539": "value-6"} to topic topic-4c39321d_85ed_4d2e_943c_9893b403fd77
2025-08-12 17:21:31,926 INFO  [io.api.tes.ser.api.KafkaSerdesTester] (Thread-606) Sending message {"key11755019290539": "value-7"} to topic topic-4c39321d_85ed_4d2e_943c_9893b403fd77
2025-08-12 17:21:31,928 INFO  [io.api.tes.ser.api.KafkaSerdesTester] (Thread-606) Sending message {"key11755019290539": "value-8"} to topic topic-4c39321d_85ed_4d2e_943c_9893b403fd77
2025-08-12 17:21:31,930 INFO  [io.api.tes.ser.api.KafkaSerdesTester] (Thread-606) Sending message {"key11755019290539": "value-9"} to topic topic-4c39321d_85ed_4d2e_943c_9893b403fd77
2025-08-12 17:21:31,932 INFO  [io.api.tes.ser.api.KafkaSerdesTester] (Thread-606) Produced 10 messages
2025-08-12 17:21:31,932 INFO  [org.apa.kaf.cli.pro.KafkaProducer] (Thread-606) [Producer clientId=Producer-topic-4c39321d_85ed_4d2e_943c_9893b403fd77] Closing the Kafka producer with timeoutMillis = 9223372036854775807 ms.
2025-08-12 17:21:31,937 INFO  [org.apa.kaf.com.met.Metrics] (Thread-606) Metrics scheduler closed
2025-08-12 17:21:31,937 INFO  [org.apa.kaf.com.met.Metrics] (Thread-606) Closing reporter org.apache.kafka.common.metrics.JmxReporter
2025-08-12 17:21:31,937 INFO  [org.apa.kaf.com.met.Metrics] (Thread-606) Closing reporter org.apache.kafka.common.telemetry.internals.ClientTelemetryReporter
2025-08-12 17:21:31,938 INFO  [org.apa.kaf.com.met.Metrics] (Thread-606) Metrics reporters closed
2025-08-12 17:21:31,938 INFO  [org.apa.kaf.com.uti.AppInfoParser] (Thread-606) App info kafka.producer for Producer-topic-4c39321d_85ed_4d2e_943c_9893b403fd77 unregistered
**** Registry Base URL: http://registry-app-mysql.apps.ci419.apicurio-testing.org:80
2025-08-12 17:21:31,939 INFO  [org.apa.kaf.cli.con.ConsumerConfig] (main) ConsumerConfig values: 
	allow.auto.create.topics = true
	auto.commit.interval.ms = 500
	auto.include.jmx.reporter = true
	auto.offset.reset = earliest
	bootstrap.servers = [PLAINTEXT://localhost:32769]
	check.crcs = true
	client.dns.lookup = use_all_dns_ips
	client.id = consumer-Consumer-topic-4c39321d_85ed_4d2e_943c_9893b403fd77-2
	client.rack = 
	connections.max.idle.ms = 10000
	default.api.timeout.ms = 60000
	enable.auto.commit = true
	enable.metrics.push = true
	exclude.internal.topics = true
	fetch.max.bytes = 52428800
	fetch.max.wait.ms = 500
	fetch.min.bytes = 1
	group.id = Consumer-topic-4c39321d_85ed_4d2e_943c_9893b403fd77
	group.instance.id = null
	group.protocol = classic
	group.remote.assignor = null
	heartbeat.interval.ms = 3000
	interceptor.classes = []
	internal.leave.group.on.close = true
	internal.throw.on.fetch.stable.offset.unsupported = false
	isolation.level = read_uncommitted
	key.deserializer = class org.apache.kafka.common.serialization.StringDeserializer
	max.partition.fetch.bytes = 1048576
	max.poll.interval.ms = 300000
	max.poll.records = 500
	metadata.max.age.ms = 300000
	metadata.recovery.strategy = none
	metric.reporters = []
	metrics.num.samples = 2
	metrics.recording.level = INFO
	metrics.sample.window.ms = 30000
	partition.assignment.strategy = [class org.apache.kafka.clients.consumer.RangeAssignor, class org.apache.kafka.clients.consumer.CooperativeStickyAssignor]
	receive.buffer.bytes = 65536
	reconnect.backoff.max.ms = 1000
	reconnect.backoff.ms = 50
	request.timeout.ms = 5000
	retry.backoff.max.ms = 1000
	retry.backoff.ms = 100
	sasl.client.callback.handler.class = null
	sasl.jaas.config = null
	sasl.kerberos.kinit.cmd = /usr/bin/kinit
	sasl.kerberos.min.time.before.relogin = 60000
	sasl.kerberos.service.name = null
	sasl.kerberos.ticket.renew.jitter = 0.05
	sasl.kerberos.ticket.renew.window.factor = 0.8
	sasl.login.callback.handler.class = null
	sasl.login.class = null
	sasl.login.connect.timeout.ms = null
	sasl.login.read.timeout.ms = null
	sasl.login.refresh.buffer.seconds = 300
	sasl.login.refresh.min.period.seconds = 60
	sasl.login.refresh.window.factor = 0.8
	sasl.login.refresh.window.jitter = 0.05
	sasl.login.retry.backoff.max.ms = 10000
	sasl.login.retry.backoff.ms = 100
	sasl.mechanism = GSSAPI
	sasl.oauthbearer.clock.skew.seconds = 30
	sasl.oauthbearer.expected.audience = null
	sasl.oauthbearer.expected.issuer = null
	sasl.oauthbearer.header.urlencode = false
	sasl.oauthbearer.jwks.endpoint.refresh.ms = 3600000
	sasl.oauthbearer.jwks.endpoint.retry.backoff.max.ms = 10000
	sasl.oauthbearer.jwks.endpoint.retry.backoff.ms = 100
	sasl.oauthbearer.jwks.endpoint.url = null
	sasl.oauthbearer.scope.claim.name = scope
	sasl.oauthbearer.sub.claim.name = sub
	sasl.oauthbearer.token.endpoint.url = null
	security.protocol = PLAINTEXT
	security.providers = null
	send.buffer.bytes = 131072
	session.timeout.ms = 45000
	socket.connection.setup.timeout.max.ms = 30000
	socket.connection.setup.timeout.ms = 10000
	ssl.cipher.suites = null
	ssl.enabled.protocols = [TLSv1.2, TLSv1.3]
	ssl.endpoint.identification.algorithm = https
	ssl.engine.factory.class = null
	ssl.key.password = null
	ssl.keymanager.algorithm = SunX509
	ssl.keystore.certificate.chain = null
	ssl.keystore.key = null
	ssl.keystore.location = null
	ssl.keystore.password = null
	ssl.keystore.type = JKS
	ssl.protocol = TLSv1.3
	ssl.provider = null
	ssl.secure.random.implementation = null
	ssl.trustmanager.algorithm = PKIX
	ssl.truststore.certificates = null
	ssl.truststore.location = null
	ssl.truststore.password = null
	ssl.truststore.type = JKS
	value.deserializer = class io.apicurio.registry.serde.avro.AvroKafkaDeserializer

2025-08-12 17:21:31,940 INFO  [org.apa.kaf.com.tel.int.KafkaMetricsCollector] (main) initializing Kafka metrics collector
2025-08-12 17:21:31,956 INFO  [org.apa.kaf.cli.con.ConsumerConfig] (main) These configurations '[apicurio.registry.url]' were supplied but are not used yet.
2025-08-12 17:21:31,956 INFO  [org.apa.kaf.com.uti.AppInfoParser] (main) Kafka version: 3.9.1
2025-08-12 17:21:31,957 INFO  [org.apa.kaf.com.uti.AppInfoParser] (main) Kafka commitId: f745dfdcee2b9851
2025-08-12 17:21:31,957 INFO  [org.apa.kaf.com.uti.AppInfoParser] (main) Kafka startTimeMs: 1755019291956
2025-08-12 17:21:31,958 INFO  [org.apa.kaf.cli.con.int.ClassicKafkaConsumer] (Thread-609) [Consumer clientId=consumer-Consumer-topic-4c39321d_85ed_4d2e_943c_9893b403fd77-2, groupId=Consumer-topic-4c39321d_85ed_4d2e_943c_9893b403fd77] Subscribed to topic(s): topic-4c39321d_85ed_4d2e_943c_9893b403fd77
2025-08-12 17:21:31,964 INFO  [org.apa.kaf.cli.Metadata] (Thread-609) [Consumer clientId=consumer-Consumer-topic-4c39321d_85ed_4d2e_943c_9893b403fd77-2, groupId=Consumer-topic-4c39321d_85ed_4d2e_943c_9893b403fd77] Cluster ID: 7o-lMpHSRFKHq4uTXFQncw
2025-08-12 17:21:31,965 INFO  [org.apa.kaf.cli.con.int.ConsumerCoordinator] (Thread-609) [Consumer clientId=consumer-Consumer-topic-4c39321d_85ed_4d2e_943c_9893b403fd77-2, groupId=Consumer-topic-4c39321d_85ed_4d2e_943c_9893b403fd77] Discovered group coordinator localhost:32769 (id: 2147483647 rack: null)
2025-08-12 17:21:31,970 INFO  [org.apa.kaf.cli.con.int.ConsumerCoordinator] (Thread-609) [Consumer clientId=consumer-Consumer-topic-4c39321d_85ed_4d2e_943c_9893b403fd77-2, groupId=Consumer-topic-4c39321d_85ed_4d2e_943c_9893b403fd77] (Re-)joining group
2025-08-12 17:21:31,975 INFO  [org.apa.kaf.cli.con.int.ConsumerCoordinator] (Thread-609) [Consumer clientId=consumer-Consumer-topic-4c39321d_85ed_4d2e_943c_9893b403fd77-2, groupId=Consumer-topic-4c39321d_85ed_4d2e_943c_9893b403fd77] Request joining group due to: need to re-join with the given member-id: consumer-Consumer-topic-4c39321d_85ed_4d2e_943c_9893b403fd77-2-d0fb1b05-f529-4ce7-9631-c02374cd0758
2025-08-12 17:21:31,975 INFO  [org.apa.kaf.cli.con.int.ConsumerCoordinator] (Thread-609) [Consumer clientId=consumer-Consumer-topic-4c39321d_85ed_4d2e_943c_9893b403fd77-2, groupId=Consumer-topic-4c39321d_85ed_4d2e_943c_9893b403fd77] (Re-)joining group
2025-08-12 17:21:32,958 INFO  [io.api.tes.ser.api.KafkaSerdesTester] (Thread-609) None found
2025-08-12 17:21:33,959 INFO  [io.api.tes.ser.api.KafkaSerdesTester] (Thread-609) None found
2025-08-12 17:21:34,959 INFO  [io.api.tes.ser.api.KafkaSerdesTester] (Thread-609) None found
2025-08-12 17:21:34,980 INFO  [org.apa.kaf.cli.con.int.ConsumerCoordinator] (Thread-609) [Consumer clientId=consumer-Consumer-topic-4c39321d_85ed_4d2e_943c_9893b403fd77-2, groupId=Consumer-topic-4c39321d_85ed_4d2e_943c_9893b403fd77] Successfully joined group with generation Generation{generationId=1, memberId='consumer-Consumer-topic-4c39321d_85ed_4d2e_943c_9893b403fd77-2-d0fb1b05-f529-4ce7-9631-c02374cd0758', protocol='range'}
2025-08-12 17:21:34,981 INFO  [org.apa.kaf.cli.con.int.ConsumerCoordinator] (Thread-609) [Consumer clientId=consumer-Consumer-topic-4c39321d_85ed_4d2e_943c_9893b403fd77-2, groupId=Consumer-topic-4c39321d_85ed_4d2e_943c_9893b403fd77] Finished assignment for group at generation 1: {consumer-Consumer-topic-4c39321d_85ed_4d2e_943c_9893b403fd77-2-d0fb1b05-f529-4ce7-9631-c02374cd0758=Assignment(partitions=[topic-4c39321d_85ed_4d2e_943c_9893b403fd77-0])}
2025-08-12 17:21:34,989 INFO  [org.apa.kaf.cli.con.int.ConsumerCoordinator] (Thread-609) [Consumer clientId=consumer-Consumer-topic-4c39321d_85ed_4d2e_943c_9893b403fd77-2, groupId=Consumer-topic-4c39321d_85ed_4d2e_943c_9893b403fd77] Successfully synced group in generation Generation{generationId=1, memberId='consumer-Consumer-topic-4c39321d_85ed_4d2e_943c_9893b403fd77-2-d0fb1b05-f529-4ce7-9631-c02374cd0758', protocol='range'}
2025-08-12 17:21:34,990 INFO  [org.apa.kaf.cli.con.int.ConsumerCoordinator] (Thread-609) [Consumer clientId=consumer-Consumer-topic-4c39321d_85ed_4d2e_943c_9893b403fd77-2, groupId=Consumer-topic-4c39321d_85ed_4d2e_943c_9893b403fd77] Notifying assignor about the new Assignment(partitions=[topic-4c39321d_85ed_4d2e_943c_9893b403fd77-0])
2025-08-12 17:21:34,990 INFO  [org.apa.kaf.cli.con.int.ConsumerRebalanceListenerInvoker] (Thread-609) [Consumer clientId=consumer-Consumer-topic-4c39321d_85ed_4d2e_943c_9893b403fd77-2, groupId=Consumer-topic-4c39321d_85ed_4d2e_943c_9893b403fd77] Adding newly assigned partitions: topic-4c39321d_85ed_4d2e_943c_9893b403fd77-0
2025-08-12 17:21:34,992 INFO  [org.apa.kaf.cli.con.int.ConsumerCoordinator] (Thread-609) [Consumer clientId=consumer-Consumer-topic-4c39321d_85ed_4d2e_943c_9893b403fd77-2, groupId=Consumer-topic-4c39321d_85ed_4d2e_943c_9893b403fd77] Found no committed offset for partition topic-4c39321d_85ed_4d2e_943c_9893b403fd77-0
2025-08-12 17:21:34,997 INFO  [org.apa.kaf.cli.con.int.SubscriptionState] (Thread-609) [Consumer clientId=consumer-Consumer-topic-4c39321d_85ed_4d2e_943c_9893b403fd77-2, groupId=Consumer-topic-4c39321d_85ed_4d2e_943c_9893b403fd77] Resetting offset for partition topic-4c39321d_85ed_4d2e_943c_9893b403fd77-0 to position FetchPosition{offset=0, offsetEpoch=Optional.empty, currentLeader=LeaderAndEpoch{leader=Optional[localhost:32769 (id: 0 rack: null)], epoch=0}}.
2025-08-12 17:21:35,133 INFO  [io.api.tes.ser.api.KafkaSerdesTester] (Thread-609) topic-4c39321d_85ed_4d2e_943c_9893b403fd77 0 0 {"key11755019290539": "value-0"}
2025-08-12 17:21:35,134 INFO  [io.api.tes.ser.api.KafkaSerdesTester] (Thread-609) topic-4c39321d_85ed_4d2e_943c_9893b403fd77 0 1 {"key11755019290539": "value-1"}
2025-08-12 17:21:35,134 INFO  [io.api.tes.ser.api.KafkaSerdesTester] (Thread-609) topic-4c39321d_85ed_4d2e_943c_9893b403fd77 0 2 {"key11755019290539": "value-2"}
2025-08-12 17:21:35,134 INFO  [io.api.tes.ser.api.KafkaSerdesTester] (Thread-609) topic-4c39321d_85ed_4d2e_943c_9893b403fd77 0 3 {"key11755019290539": "value-3"}
2025-08-12 17:21:35,136 INFO  [io.api.tes.ser.api.KafkaSerdesTester] (Thread-609) topic-4c39321d_85ed_4d2e_943c_9893b403fd77 0 4 {"key11755019290539": "value-4"}
2025-08-12 17:21:35,136 INFO  [io.api.tes.ser.api.KafkaSerdesTester] (Thread-609) topic-4c39321d_85ed_4d2e_943c_9893b403fd77 0 5 {"key11755019290539": "value-5"}
2025-08-12 17:21:35,136 INFO  [io.api.tes.ser.api.KafkaSerdesTester] (Thread-609) topic-4c39321d_85ed_4d2e_943c_9893b403fd77 0 6 {"key11755019290539": "value-6"}
2025-08-12 17:21:35,136 INFO  [io.api.tes.ser.api.KafkaSerdesTester] (Thread-609) topic-4c39321d_85ed_4d2e_943c_9893b403fd77 0 7 {"key11755019290539": "value-7"}
2025-08-12 17:21:35,136 INFO  [io.api.tes.ser.api.KafkaSerdesTester] (Thread-609) topic-4c39321d_85ed_4d2e_943c_9893b403fd77 0 8 {"key11755019290539": "value-8"}
2025-08-12 17:21:35,136 INFO  [io.api.tes.ser.api.KafkaSerdesTester] (Thread-609) topic-4c39321d_85ed_4d2e_943c_9893b403fd77 0 9 {"key11755019290539": "value-9"}
2025-08-12 17:21:35,137 INFO  [io.api.tes.ser.api.KafkaSerdesTester] (Thread-609) Consumed 10 messages
2025-08-12 17:21:35,149 INFO  [org.apa.kaf.cli.con.int.ConsumerRebalanceListenerInvoker] (Thread-609) [Consumer clientId=consumer-Consumer-topic-4c39321d_85ed_4d2e_943c_9893b403fd77-2, groupId=Consumer-topic-4c39321d_85ed_4d2e_943c_9893b403fd77] Revoke previously assigned partitions topic-4c39321d_85ed_4d2e_943c_9893b403fd77-0
2025-08-12 17:21:35,149 INFO  [org.apa.kaf.cli.con.int.ConsumerCoordinator] (Thread-609) [Consumer clientId=consumer-Consumer-topic-4c39321d_85ed_4d2e_943c_9893b403fd77-2, groupId=Consumer-topic-4c39321d_85ed_4d2e_943c_9893b403fd77] Member consumer-Consumer-topic-4c39321d_85ed_4d2e_943c_9893b403fd77-2-d0fb1b05-f529-4ce7-9631-c02374cd0758 sending LeaveGroup request to coordinator localhost:32769 (id: 2147483647 rack: null) due to the consumer is being closed
2025-08-12 17:21:35,150 INFO  [org.apa.kaf.cli.con.int.ConsumerCoordinator] (Thread-609) [Consumer clientId=consumer-Consumer-topic-4c39321d_85ed_4d2e_943c_9893b403fd77-2, groupId=Consumer-topic-4c39321d_85ed_4d2e_943c_9893b403fd77] Resetting generation and member id due to: consumer pro-actively leaving the group
2025-08-12 17:21:35,150 INFO  [org.apa.kaf.cli.con.int.ConsumerCoordinator] (Thread-609) [Consumer clientId=consumer-Consumer-topic-4c39321d_85ed_4d2e_943c_9893b403fd77-2, groupId=Consumer-topic-4c39321d_85ed_4d2e_943c_9893b403fd77] Request joining group due to: consumer pro-actively leaving the group
2025-08-12 17:21:35,637 INFO  [org.apa.kaf.com.met.Metrics] (Thread-609) Metrics scheduler closed
2025-08-12 17:21:35,637 INFO  [org.apa.kaf.com.met.Metrics] (Thread-609) Closing reporter org.apache.kafka.common.metrics.JmxReporter
2025-08-12 17:21:35,637 INFO  [org.apa.kaf.com.met.Metrics] (Thread-609) Closing reporter org.apache.kafka.common.telemetry.internals.ClientTelemetryReporter
2025-08-12 17:21:35,637 INFO  [org.apa.kaf.com.met.Metrics] (Thread-609) Metrics reporters closed
2025-08-12 17:21:35,649 INFO  [org.apa.kaf.com.uti.AppInfoParser] (Thread-609) App info kafka.consumer for consumer-Consumer-topic-4c39321d_85ed_4d2e_943c_9893b403fd77-2 unregistered
2025-08-12 17:21:35,651 INFO  [io.api.tes.uti.TestSeparator] (main) io.apicurio.tests.serdes.apicurio.AvroSerdeIT.testSimpleTopicIdStrategyFindLatest-FINISHED
2025-08-12 17:21:35,651 INFO  [io.api.tes.uti.TestSeparator] (main) ############################################################################
Test passed: testSimpleTopicIdStrategyFindLatest
]]></system-out>
  </testcase>
  <testcase name="testWrongSchema" classname="io.apicurio.tests.serdes.apicurio.AvroSerdeIT" time="1.292">
    <system-out><![CDATA[2025-08-12 17:21:35,658 INFO  [io.api.tes.uti.TestSeparator] (main) ############################################################################
2025-08-12 17:21:35,658 INFO  [io.api.tes.uti.TestSeparator] (main) io.apicurio.tests.serdes.apicurio.AvroSerdeIT.testWrongSchema-STARTED
**** Registry Base URL: http://registry-app-mysql.apps.ci419.apicurio-testing.org:80
2025-08-12 17:21:36,808 INFO  [org.apa.kaf.cli.pro.ProducerConfig] (main) ProducerConfig values: 
	acks = -1
	auto.include.jmx.reporter = true
	batch.size = 16384
	bootstrap.servers = [PLAINTEXT://localhost:32769]
	buffer.memory = 33554432
	client.dns.lookup = use_all_dns_ips
	client.id = Producer-sb99fcdd9x08c1x4dfcx9ee7x57620ed7e347
	compression.gzip.level = -1
	compression.lz4.level = 9
	compression.type = none
	compression.zstd.level = 3
	connections.max.idle.ms = 10000
	delivery.timeout.ms = 120000
	enable.idempotence = true
	enable.metrics.push = true
	interceptor.classes = []
	key.serializer = class org.apache.kafka.common.serialization.StringSerializer
	linger.ms = 0
	max.block.ms = 60000
	max.in.flight.requests.per.connection = 5
	max.request.size = 1048576
	metadata.max.age.ms = 300000
	metadata.max.idle.ms = 300000
	metadata.recovery.strategy = none
	metric.reporters = []
	metrics.num.samples = 2
	metrics.recording.level = INFO
	metrics.sample.window.ms = 30000
	partitioner.adaptive.partitioning.enable = true
	partitioner.availability.timeout.ms = 0
	partitioner.class = null
	partitioner.ignore.keys = false
	receive.buffer.bytes = 32768
	reconnect.backoff.max.ms = 1000
	reconnect.backoff.ms = 50
	request.timeout.ms = 5000
	retries = 2147483647
	retry.backoff.max.ms = 1000
	retry.backoff.ms = 100
	sasl.client.callback.handler.class = null
	sasl.jaas.config = null
	sasl.kerberos.kinit.cmd = /usr/bin/kinit
	sasl.kerberos.min.time.before.relogin = 60000
	sasl.kerberos.service.name = null
	sasl.kerberos.ticket.renew.jitter = 0.05
	sasl.kerberos.ticket.renew.window.factor = 0.8
	sasl.login.callback.handler.class = null
	sasl.login.class = null
	sasl.login.connect.timeout.ms = null
	sasl.login.read.timeout.ms = null
	sasl.login.refresh.buffer.seconds = 300
	sasl.login.refresh.min.period.seconds = 60
	sasl.login.refresh.window.factor = 0.8
	sasl.login.refresh.window.jitter = 0.05
	sasl.login.retry.backoff.max.ms = 10000
	sasl.login.retry.backoff.ms = 100
	sasl.mechanism = GSSAPI
	sasl.oauthbearer.clock.skew.seconds = 30
	sasl.oauthbearer.expected.audience = null
	sasl.oauthbearer.expected.issuer = null
	sasl.oauthbearer.header.urlencode = false
	sasl.oauthbearer.jwks.endpoint.refresh.ms = 3600000
	sasl.oauthbearer.jwks.endpoint.retry.backoff.max.ms = 10000
	sasl.oauthbearer.jwks.endpoint.retry.backoff.ms = 100
	sasl.oauthbearer.jwks.endpoint.url = null
	sasl.oauthbearer.scope.claim.name = scope
	sasl.oauthbearer.sub.claim.name = sub
	sasl.oauthbearer.token.endpoint.url = null
	security.protocol = PLAINTEXT
	security.providers = null
	send.buffer.bytes = 131072
	socket.connection.setup.timeout.max.ms = 30000
	socket.connection.setup.timeout.ms = 10000
	ssl.cipher.suites = null
	ssl.enabled.protocols = [TLSv1.2, TLSv1.3]
	ssl.endpoint.identification.algorithm = https
	ssl.engine.factory.class = null
	ssl.key.password = null
	ssl.keymanager.algorithm = SunX509
	ssl.keystore.certificate.chain = null
	ssl.keystore.key = null
	ssl.keystore.location = null
	ssl.keystore.password = null
	ssl.keystore.type = JKS
	ssl.protocol = TLSv1.3
	ssl.provider = null
	ssl.secure.random.implementation = null
	ssl.trustmanager.algorithm = PKIX
	ssl.truststore.certificates = null
	ssl.truststore.location = null
	ssl.truststore.password = null
	ssl.truststore.type = JKS
	transaction.timeout.ms = 60000
	transactional.id = null
	value.serializer = class io.apicurio.registry.serde.avro.AvroKafkaSerializer

2025-08-12 17:21:36,809 INFO  [org.apa.kaf.com.tel.int.KafkaMetricsCollector] (main) initializing Kafka metrics collector
2025-08-12 17:21:36,813 INFO  [org.apa.kaf.cli.pro.KafkaProducer] (main) [Producer clientId=Producer-sb99fcdd9x08c1x4dfcx9ee7x57620ed7e347] Instantiated an idempotent producer.
2025-08-12 17:21:36,819 INFO  [org.apa.kaf.cli.pro.ProducerConfig] (main) These configurations '[apicurio.registry.find-latest, apicurio.registry.url, apicurio.registry.artifact-resolver-strategy]' were supplied but are not used yet.
2025-08-12 17:21:36,820 INFO  [org.apa.kaf.com.uti.AppInfoParser] (main) Kafka version: 3.9.1
2025-08-12 17:21:36,820 INFO  [org.apa.kaf.com.uti.AppInfoParser] (main) Kafka commitId: f745dfdcee2b9851
2025-08-12 17:21:36,820 INFO  [org.apa.kaf.com.uti.AppInfoParser] (main) Kafka startTimeMs: 1755019296819
2025-08-12 17:21:36,824 INFO  [io.api.tes.ser.api.KafkaSerdesTester] (Thread-612) Sending message {"keyB": "value-0"} to topic sb99fcdd9x08c1x4dfcx9ee7x57620ed7e347
2025-08-12 17:21:36,827 INFO  [org.apa.kaf.cli.Metadata] (kafka-producer-network-thread | Producer-sb99fcdd9x08c1x4dfcx9ee7x57620ed7e347) [Producer clientId=Producer-sb99fcdd9x08c1x4dfcx9ee7x57620ed7e347] Cluster ID: 7o-lMpHSRFKHq4uTXFQncw
2025-08-12 17:21:36,828 INFO  [org.apa.kaf.cli.pro.int.TransactionManager] (kafka-producer-network-thread | Producer-sb99fcdd9x08c1x4dfcx9ee7x57620ed7e347) [Producer clientId=Producer-sb99fcdd9x08c1x4dfcx9ee7x57620ed7e347] ProducerId set to 2 with epoch 0
2025-08-12 17:21:36,938 INFO  [org.apa.kaf.cli.pro.KafkaProducer] (Thread-612) [Producer clientId=Producer-sb99fcdd9x08c1x4dfcx9ee7x57620ed7e347] Closing the Kafka producer with timeoutMillis = 9223372036854775807 ms.
2025-08-12 17:21:36,944 INFO  [org.apa.kaf.com.met.Metrics] (Thread-612) Metrics scheduler closed
2025-08-12 17:21:36,944 INFO  [org.apa.kaf.com.met.Metrics] (Thread-612) Closing reporter org.apache.kafka.common.metrics.JmxReporter
2025-08-12 17:21:36,944 INFO  [org.apa.kaf.com.met.Metrics] (Thread-612) Closing reporter org.apache.kafka.common.telemetry.internals.ClientTelemetryReporter
2025-08-12 17:21:36,944 INFO  [org.apa.kaf.com.met.Metrics] (Thread-612) Metrics reporters closed
2025-08-12 17:21:36,945 INFO  [org.apa.kaf.com.uti.AppInfoParser] (Thread-612) App info kafka.producer for Producer-sb99fcdd9x08c1x4dfcx9ee7x57620ed7e347 unregistered
2025-08-12 17:21:36,945 INFO  [io.api.tes.uti.TestSeparator] (main) io.apicurio.tests.serdes.apicurio.AvroSerdeIT.testWrongSchema-FINISHED
2025-08-12 17:21:36,945 INFO  [io.api.tes.uti.TestSeparator] (main) ############################################################################
Test passed: testWrongSchema
]]></system-out>
    <system-err><![CDATA[io.apicurio.registry.rest.client.models.ProblemDetails
	at io.apicurio.registry.rest.client.models.ProblemDetails.createFromDiscriminatorValue(ProblemDetails.java:58)
	at io.kiota.serialization.json.JsonParseNode.getObjectValue(JsonParseNode.java:247)
	at io.kiota.http.vertx.VertXRequestAdapter.lambda$throwIfFailedResponse$0(VertXRequestAdapter.java:400)
	at com.microsoft.kiota.ApiExceptionBuilder.<init>(ApiExceptionBuilder.java:26)
	at io.kiota.http.vertx.VertXRequestAdapter.throwIfFailedResponse(VertXRequestAdapter.java:399)
	at io.kiota.http.vertx.VertXRequestAdapter.send(VertXRequestAdapter.java:170)
	at io.apicurio.registry.rest.client.groups.item.artifacts.item.versions.item.WithVersionExpressionItemRequestBuilder.get(WithVersionExpressionItemRequestBuilder.java:128)
	at io.apicurio.registry.rest.client.groups.item.artifacts.item.versions.item.WithVersionExpressionItemRequestBuilder.get(WithVersionExpressionItemRequestBuilder.java:111)
	at io.apicurio.registry.resolver.client.RegistryClientFacadeImpl.getVersionCoordinatesByGAV(RegistryClientFacadeImpl.java:159)
	at io.apicurio.registry.resolver.DefaultSchemaResolver.resolveByCoordinates(DefaultSchemaResolver.java:352)
	at io.apicurio.registry.resolver.DefaultSchemaResolver.lambda$resolveSchemaByArtifactReferenceCached$6(DefaultSchemaResolver.java:340)
	at io.apicurio.registry.resolver.cache.ERCache.lambda$getValue$0(ERCache.java:174)
	at io.apicurio.registry.resolver.cache.ERCache.retry(ERCache.java:227)
	at io.apicurio.registry.resolver.cache.ERCache.getValue(ERCache.java:173)
	at io.apicurio.registry.resolver.cache.ERCache.getByArtifactCoordinates(ERCache.java:158)
	at io.apicurio.registry.resolver.DefaultSchemaResolver.resolveSchemaByArtifactReferenceCached(DefaultSchemaResolver.java:338)
	at io.apicurio.registry.resolver.DefaultSchemaResolver.resolveSchemaByCoordinates(DefaultSchemaResolver.java:193)
	at io.apicurio.registry.resolver.DefaultSchemaResolver.getSchemaFromRegistry(DefaultSchemaResolver.java:130)
	at io.apicurio.registry.resolver.DefaultSchemaResolver.lambda$resolveSchema$0(DefaultSchemaResolver.java:84)
	at java.base/java.util.Optional.orElseGet(Optional.java:364)
	at io.apicurio.registry.resolver.DefaultSchemaResolver.resolveSchema(DefaultSchemaResolver.java:84)
	at io.apicurio.registry.serde.AbstractSerializer.serializeData(AbstractSerializer.java:62)
	at io.apicurio.registry.serde.KafkaSerializer.serialize(KafkaSerializer.java:77)
	at org.apache.kafka.clients.producer.KafkaProducer.doSend(KafkaProducer.java:1046)
	at org.apache.kafka.clients.producer.KafkaProducer.send(KafkaProducer.java:993)
	at org.apache.kafka.clients.producer.KafkaProducer.send(KafkaProducer.java:875)
	at io.apicurio.tests.serdes.apicurio.KafkaSerdesTester.lambda$produceMessages$3(KafkaSerdesTester.java:138)
	at java.base/java.util.concurrent.CompletableFuture$AsyncSupply.run(CompletableFuture.java:1768)
	at java.base/java.lang.Thread.run(Thread.java:840)
]]></system-err>
  </testcase>
  <testcase name="testAvroJSON" classname="io.apicurio.tests.serdes.apicurio.AvroSerdeIT" time="4.001">
    <system-out><![CDATA[2025-08-12 17:21:36,947 INFO  [io.api.tes.uti.TestSeparator] (main) ############################################################################
2025-08-12 17:21:36,953 INFO  [io.api.tes.uti.TestSeparator] (main) io.apicurio.tests.serdes.apicurio.AvroSerdeIT.testAvroJSON-STARTED
**** Registry Base URL: http://registry-app-mysql.apps.ci419.apicurio-testing.org:80
2025-08-12 17:21:36,955 INFO  [org.apa.kaf.cli.pro.ProducerConfig] (main) ProducerConfig values: 
	acks = -1
	auto.include.jmx.reporter = true
	batch.size = 16384
	bootstrap.servers = [PLAINTEXT://localhost:32769]
	buffer.memory = 33554432
	client.dns.lookup = use_all_dns_ips
	client.id = Producer-topic-a82b7020_8d85_4f24_aa0a_8b73ab31e696
	compression.gzip.level = -1
	compression.lz4.level = 9
	compression.type = none
	compression.zstd.level = 3
	connections.max.idle.ms = 10000
	delivery.timeout.ms = 120000
	enable.idempotence = true
	enable.metrics.push = true
	interceptor.classes = []
	key.serializer = class org.apache.kafka.common.serialization.StringSerializer
	linger.ms = 0
	max.block.ms = 60000
	max.in.flight.requests.per.connection = 5
	max.request.size = 1048576
	metadata.max.age.ms = 300000
	metadata.max.idle.ms = 300000
	metadata.recovery.strategy = none
	metric.reporters = []
	metrics.num.samples = 2
	metrics.recording.level = INFO
	metrics.sample.window.ms = 30000
	partitioner.adaptive.partitioning.enable = true
	partitioner.availability.timeout.ms = 0
	partitioner.class = null
	partitioner.ignore.keys = false
	receive.buffer.bytes = 32768
	reconnect.backoff.max.ms = 1000
	reconnect.backoff.ms = 50
	request.timeout.ms = 5000
	retries = 2147483647
	retry.backoff.max.ms = 1000
	retry.backoff.ms = 100
	sasl.client.callback.handler.class = null
	sasl.jaas.config = null
	sasl.kerberos.kinit.cmd = /usr/bin/kinit
	sasl.kerberos.min.time.before.relogin = 60000
	sasl.kerberos.service.name = null
	sasl.kerberos.ticket.renew.jitter = 0.05
	sasl.kerberos.ticket.renew.window.factor = 0.8
	sasl.login.callback.handler.class = null
	sasl.login.class = null
	sasl.login.connect.timeout.ms = null
	sasl.login.read.timeout.ms = null
	sasl.login.refresh.buffer.seconds = 300
	sasl.login.refresh.min.period.seconds = 60
	sasl.login.refresh.window.factor = 0.8
	sasl.login.refresh.window.jitter = 0.05
	sasl.login.retry.backoff.max.ms = 10000
	sasl.login.retry.backoff.ms = 100
	sasl.mechanism = GSSAPI
	sasl.oauthbearer.clock.skew.seconds = 30
	sasl.oauthbearer.expected.audience = null
	sasl.oauthbearer.expected.issuer = null
	sasl.oauthbearer.header.urlencode = false
	sasl.oauthbearer.jwks.endpoint.refresh.ms = 3600000
	sasl.oauthbearer.jwks.endpoint.retry.backoff.max.ms = 10000
	sasl.oauthbearer.jwks.endpoint.retry.backoff.ms = 100
	sasl.oauthbearer.jwks.endpoint.url = null
	sasl.oauthbearer.scope.claim.name = scope
	sasl.oauthbearer.sub.claim.name = sub
	sasl.oauthbearer.token.endpoint.url = null
	security.protocol = PLAINTEXT
	security.providers = null
	send.buffer.bytes = 131072
	socket.connection.setup.timeout.max.ms = 30000
	socket.connection.setup.timeout.ms = 10000
	ssl.cipher.suites = null
	ssl.enabled.protocols = [TLSv1.2, TLSv1.3]
	ssl.endpoint.identification.algorithm = https
	ssl.engine.factory.class = null
	ssl.key.password = null
	ssl.keymanager.algorithm = SunX509
	ssl.keystore.certificate.chain = null
	ssl.keystore.key = null
	ssl.keystore.location = null
	ssl.keystore.password = null
	ssl.keystore.type = JKS
	ssl.protocol = TLSv1.3
	ssl.provider = null
	ssl.secure.random.implementation = null
	ssl.trustmanager.algorithm = PKIX
	ssl.truststore.certificates = null
	ssl.truststore.location = null
	ssl.truststore.password = null
	ssl.truststore.type = JKS
	transaction.timeout.ms = 60000
	transactional.id = null
	value.serializer = class io.apicurio.registry.serde.avro.AvroKafkaSerializer

2025-08-12 17:21:36,966 INFO  [org.apa.kaf.com.tel.int.KafkaMetricsCollector] (main) initializing Kafka metrics collector
2025-08-12 17:21:36,970 INFO  [org.apa.kaf.cli.pro.KafkaProducer] (main) [Producer clientId=Producer-topic-a82b7020_8d85_4f24_aa0a_8b73ab31e696] Instantiated an idempotent producer.
2025-08-12 17:21:36,978 INFO  [org.apa.kaf.cli.pro.ProducerConfig] (main) These configurations '[apicurio.registry.avro.encoding, apicurio.registry.url, apicurio.registry.auto-register, apicurio.registry.artifact-resolver-strategy]' were supplied but are not used yet.
2025-08-12 17:21:36,978 INFO  [org.apa.kaf.com.uti.AppInfoParser] (main) Kafka version: 3.9.1
2025-08-12 17:21:36,978 INFO  [org.apa.kaf.com.uti.AppInfoParser] (main) Kafka commitId: f745dfdcee2b9851
2025-08-12 17:21:36,978 INFO  [org.apa.kaf.com.uti.AppInfoParser] (main) Kafka startTimeMs: 1755019296978
2025-08-12 17:21:36,981 INFO  [io.api.tes.ser.api.SimpleSerdesTesterBuilder$SimpleSerdesTester] (main) Using producer configuration: {apicurio.registry.avro.encoding=JSON, apicurio.registry.url=http://registry-app-mysql.apps.ci419.apicurio-testing.org:80/apis/registry/v3, apicurio.registry.auto-register=true, apicurio.registry.artifact-resolver-strategy=io.apicurio.registry.serde.strategy.TopicIdStrategy, value.serializer=io.apicurio.registry.serde.avro.AvroKafkaSerializer, request.timeout.ms=5000, acks=all, bootstrap.servers=PLAINTEXT://localhost:32769, connections.max.idle.ms=10000, key.serializer=org.apache.kafka.common.serialization.StringSerializer, client.id=Producer-topic-a82b7020_8d85_4f24_aa0a_8b73ab31e696}
2025-08-12 17:21:36,981 INFO  [io.api.tes.ser.api.SimpleSerdesTesterBuilder$SimpleSerdesTester] (main) Using consumer configuration: {apicurio.registry.avro.encoding=JSON}
2025-08-12 17:21:36,982 INFO  [io.api.tes.ser.api.KafkaSerdesTester] (Thread-615) Sending message {"bar": "value-0"} to topic topic-a82b7020_8d85_4f24_aa0a_8b73ab31e696
2025-08-12 17:21:36,996 INFO  [org.apa.kaf.cli.Metadata] (kafka-producer-network-thread | Producer-topic-a82b7020_8d85_4f24_aa0a_8b73ab31e696) [Producer clientId=Producer-topic-a82b7020_8d85_4f24_aa0a_8b73ab31e696] Cluster ID: 7o-lMpHSRFKHq4uTXFQncw
2025-08-12 17:21:37,009 INFO  [org.apa.kaf.cli.pro.int.TransactionManager] (kafka-producer-network-thread | Producer-topic-a82b7020_8d85_4f24_aa0a_8b73ab31e696) [Producer clientId=Producer-topic-a82b7020_8d85_4f24_aa0a_8b73ab31e696] ProducerId set to 3 with epoch 0
2025-08-12 17:21:37,130 INFO  [io.api.tes.ser.api.KafkaSerdesTester] (Thread-615) Sending message {"bar": "value-1"} to topic topic-a82b7020_8d85_4f24_aa0a_8b73ab31e696
2025-08-12 17:21:37,134 INFO  [io.api.tes.ser.api.KafkaSerdesTester] (Thread-615) Sending message {"bar": "value-2"} to topic topic-a82b7020_8d85_4f24_aa0a_8b73ab31e696
2025-08-12 17:21:37,137 INFO  [io.api.tes.ser.api.KafkaSerdesTester] (Thread-615) Sending message {"bar": "value-3"} to topic topic-a82b7020_8d85_4f24_aa0a_8b73ab31e696
2025-08-12 17:21:37,140 INFO  [io.api.tes.ser.api.KafkaSerdesTester] (Thread-615) Sending message {"bar": "value-4"} to topic topic-a82b7020_8d85_4f24_aa0a_8b73ab31e696
2025-08-12 17:21:37,143 INFO  [io.api.tes.ser.api.KafkaSerdesTester] (Thread-615) Sending message {"bar": "value-5"} to topic topic-a82b7020_8d85_4f24_aa0a_8b73ab31e696
2025-08-12 17:21:37,145 INFO  [io.api.tes.ser.api.KafkaSerdesTester] (Thread-615) Sending message {"bar": "value-6"} to topic topic-a82b7020_8d85_4f24_aa0a_8b73ab31e696
2025-08-12 17:21:37,147 INFO  [io.api.tes.ser.api.KafkaSerdesTester] (Thread-615) Sending message {"bar": "value-7"} to topic topic-a82b7020_8d85_4f24_aa0a_8b73ab31e696
2025-08-12 17:21:37,150 INFO  [io.api.tes.ser.api.KafkaSerdesTester] (Thread-615) Sending message {"bar": "value-8"} to topic topic-a82b7020_8d85_4f24_aa0a_8b73ab31e696
2025-08-12 17:21:37,153 INFO  [io.api.tes.ser.api.KafkaSerdesTester] (Thread-615) Sending message {"bar": "value-9"} to topic topic-a82b7020_8d85_4f24_aa0a_8b73ab31e696
2025-08-12 17:21:37,157 INFO  [io.api.tes.ser.api.KafkaSerdesTester] (Thread-615) Produced 10 messages
2025-08-12 17:21:37,158 INFO  [org.apa.kaf.cli.pro.KafkaProducer] (Thread-615) [Producer clientId=Producer-topic-a82b7020_8d85_4f24_aa0a_8b73ab31e696] Closing the Kafka producer with timeoutMillis = 9223372036854775807 ms.
2025-08-12 17:21:37,162 INFO  [org.apa.kaf.com.met.Metrics] (Thread-615) Metrics scheduler closed
2025-08-12 17:21:37,162 INFO  [org.apa.kaf.com.met.Metrics] (Thread-615) Closing reporter org.apache.kafka.common.metrics.JmxReporter
2025-08-12 17:21:37,163 INFO  [org.apa.kaf.com.met.Metrics] (Thread-615) Closing reporter org.apache.kafka.common.telemetry.internals.ClientTelemetryReporter
2025-08-12 17:21:37,163 INFO  [org.apa.kaf.com.met.Metrics] (Thread-615) Metrics reporters closed
2025-08-12 17:21:37,163 INFO  [org.apa.kaf.com.uti.AppInfoParser] (Thread-615) App info kafka.producer for Producer-topic-a82b7020_8d85_4f24_aa0a_8b73ab31e696 unregistered
**** Registry Base URL: http://registry-app-mysql.apps.ci419.apicurio-testing.org:80
2025-08-12 17:21:37,256 INFO  [org.apa.kaf.cli.con.ConsumerConfig] (main) ConsumerConfig values: 
	allow.auto.create.topics = true
	auto.commit.interval.ms = 500
	auto.include.jmx.reporter = true
	auto.offset.reset = earliest
	bootstrap.servers = [PLAINTEXT://localhost:32769]
	check.crcs = true
	client.dns.lookup = use_all_dns_ips
	client.id = consumer-Consumer-topic-a82b7020_8d85_4f24_aa0a_8b73ab31e696-3
	client.rack = 
	connections.max.idle.ms = 10000
	default.api.timeout.ms = 60000
	enable.auto.commit = true
	enable.metrics.push = true
	exclude.internal.topics = true
	fetch.max.bytes = 52428800
	fetch.max.wait.ms = 500
	fetch.min.bytes = 1
	group.id = Consumer-topic-a82b7020_8d85_4f24_aa0a_8b73ab31e696
	group.instance.id = null
	group.protocol = classic
	group.remote.assignor = null
	heartbeat.interval.ms = 3000
	interceptor.classes = []
	internal.leave.group.on.close = true
	internal.throw.on.fetch.stable.offset.unsupported = false
	isolation.level = read_uncommitted
	key.deserializer = class org.apache.kafka.common.serialization.StringDeserializer
	max.partition.fetch.bytes = 1048576
	max.poll.interval.ms = 300000
	max.poll.records = 500
	metadata.max.age.ms = 300000
	metadata.recovery.strategy = none
	metric.reporters = []
	metrics.num.samples = 2
	metrics.recording.level = INFO
	metrics.sample.window.ms = 30000
	partition.assignment.strategy = [class org.apache.kafka.clients.consumer.RangeAssignor, class org.apache.kafka.clients.consumer.CooperativeStickyAssignor]
	receive.buffer.bytes = 65536
	reconnect.backoff.max.ms = 1000
	reconnect.backoff.ms = 50
	request.timeout.ms = 5000
	retry.backoff.max.ms = 1000
	retry.backoff.ms = 100
	sasl.client.callback.handler.class = null
	sasl.jaas.config = null
	sasl.kerberos.kinit.cmd = /usr/bin/kinit
	sasl.kerberos.min.time.before.relogin = 60000
	sasl.kerberos.service.name = null
	sasl.kerberos.ticket.renew.jitter = 0.05
	sasl.kerberos.ticket.renew.window.factor = 0.8
	sasl.login.callback.handler.class = null
	sasl.login.class = null
	sasl.login.connect.timeout.ms = null
	sasl.login.read.timeout.ms = null
	sasl.login.refresh.buffer.seconds = 300
	sasl.login.refresh.min.period.seconds = 60
	sasl.login.refresh.window.factor = 0.8
	sasl.login.refresh.window.jitter = 0.05
	sasl.login.retry.backoff.max.ms = 10000
	sasl.login.retry.backoff.ms = 100
	sasl.mechanism = GSSAPI
	sasl.oauthbearer.clock.skew.seconds = 30
	sasl.oauthbearer.expected.audience = null
	sasl.oauthbearer.expected.issuer = null
	sasl.oauthbearer.header.urlencode = false
	sasl.oauthbearer.jwks.endpoint.refresh.ms = 3600000
	sasl.oauthbearer.jwks.endpoint.retry.backoff.max.ms = 10000
	sasl.oauthbearer.jwks.endpoint.retry.backoff.ms = 100
	sasl.oauthbearer.jwks.endpoint.url = null
	sasl.oauthbearer.scope.claim.name = scope
	sasl.oauthbearer.sub.claim.name = sub
	sasl.oauthbearer.token.endpoint.url = null
	security.protocol = PLAINTEXT
	security.providers = null
	send.buffer.bytes = 131072
	session.timeout.ms = 45000
	socket.connection.setup.timeout.max.ms = 30000
	socket.connection.setup.timeout.ms = 10000
	ssl.cipher.suites = null
	ssl.enabled.protocols = [TLSv1.2, TLSv1.3]
	ssl.endpoint.identification.algorithm = https
	ssl.engine.factory.class = null
	ssl.key.password = null
	ssl.keymanager.algorithm = SunX509
	ssl.keystore.certificate.chain = null
	ssl.keystore.key = null
	ssl.keystore.location = null
	ssl.keystore.password = null
	ssl.keystore.type = JKS
	ssl.protocol = TLSv1.3
	ssl.provider = null
	ssl.secure.random.implementation = null
	ssl.trustmanager.algorithm = PKIX
	ssl.truststore.certificates = null
	ssl.truststore.location = null
	ssl.truststore.password = null
	ssl.truststore.type = JKS
	value.deserializer = class io.apicurio.registry.serde.avro.AvroKafkaDeserializer

2025-08-12 17:21:37,257 INFO  [org.apa.kaf.com.tel.int.KafkaMetricsCollector] (main) initializing Kafka metrics collector
2025-08-12 17:21:37,263 INFO  [org.apa.kaf.cli.con.ConsumerConfig] (main) These configurations '[apicurio.registry.avro.encoding, apicurio.registry.url]' were supplied but are not used yet.
2025-08-12 17:21:37,263 INFO  [org.apa.kaf.com.uti.AppInfoParser] (main) Kafka version: 3.9.1
2025-08-12 17:21:37,263 INFO  [org.apa.kaf.com.uti.AppInfoParser] (main) Kafka commitId: f745dfdcee2b9851
2025-08-12 17:21:37,263 INFO  [org.apa.kaf.com.uti.AppInfoParser] (main) Kafka startTimeMs: 1755019297263
2025-08-12 17:21:37,263 INFO  [org.apa.kaf.cli.con.int.ClassicKafkaConsumer] (Thread-618) [Consumer clientId=consumer-Consumer-topic-a82b7020_8d85_4f24_aa0a_8b73ab31e696-3, groupId=Consumer-topic-a82b7020_8d85_4f24_aa0a_8b73ab31e696] Subscribed to topic(s): topic-a82b7020_8d85_4f24_aa0a_8b73ab31e696
2025-08-12 17:21:37,273 INFO  [org.apa.kaf.cli.Metadata] (Thread-618) [Consumer clientId=consumer-Consumer-topic-a82b7020_8d85_4f24_aa0a_8b73ab31e696-3, groupId=Consumer-topic-a82b7020_8d85_4f24_aa0a_8b73ab31e696] Cluster ID: 7o-lMpHSRFKHq4uTXFQncw
2025-08-12 17:21:37,274 INFO  [org.apa.kaf.cli.con.int.ConsumerCoordinator] (Thread-618) [Consumer clientId=consumer-Consumer-topic-a82b7020_8d85_4f24_aa0a_8b73ab31e696-3, groupId=Consumer-topic-a82b7020_8d85_4f24_aa0a_8b73ab31e696] Discovered group coordinator localhost:32769 (id: 2147483647 rack: null)
2025-08-12 17:21:37,276 INFO  [org.apa.kaf.cli.con.int.ConsumerCoordinator] (Thread-618) [Consumer clientId=consumer-Consumer-topic-a82b7020_8d85_4f24_aa0a_8b73ab31e696-3, groupId=Consumer-topic-a82b7020_8d85_4f24_aa0a_8b73ab31e696] (Re-)joining group
2025-08-12 17:21:37,278 INFO  [org.apa.kaf.cli.con.int.ConsumerCoordinator] (Thread-618) [Consumer clientId=consumer-Consumer-topic-a82b7020_8d85_4f24_aa0a_8b73ab31e696-3, groupId=Consumer-topic-a82b7020_8d85_4f24_aa0a_8b73ab31e696] Request joining group due to: need to re-join with the given member-id: consumer-Consumer-topic-a82b7020_8d85_4f24_aa0a_8b73ab31e696-3-4393fe58-8631-4253-ab23-0ade0d81a811
2025-08-12 17:21:37,278 INFO  [org.apa.kaf.cli.con.int.ConsumerCoordinator] (Thread-618) [Consumer clientId=consumer-Consumer-topic-a82b7020_8d85_4f24_aa0a_8b73ab31e696-3, groupId=Consumer-topic-a82b7020_8d85_4f24_aa0a_8b73ab31e696] (Re-)joining group
2025-08-12 17:21:38,263 INFO  [io.api.tes.ser.api.KafkaSerdesTester] (Thread-618) None found
2025-08-12 17:21:39,263 INFO  [io.api.tes.ser.api.KafkaSerdesTester] (Thread-618) None found
2025-08-12 17:21:40,263 INFO  [io.api.tes.ser.api.KafkaSerdesTester] (Thread-618) None found
2025-08-12 17:21:40,282 INFO  [org.apa.kaf.cli.con.int.ConsumerCoordinator] (Thread-618) [Consumer clientId=consumer-Consumer-topic-a82b7020_8d85_4f24_aa0a_8b73ab31e696-3, groupId=Consumer-topic-a82b7020_8d85_4f24_aa0a_8b73ab31e696] Successfully joined group with generation Generation{generationId=1, memberId='consumer-Consumer-topic-a82b7020_8d85_4f24_aa0a_8b73ab31e696-3-4393fe58-8631-4253-ab23-0ade0d81a811', protocol='range'}
2025-08-12 17:21:40,282 INFO  [org.apa.kaf.cli.con.int.ConsumerCoordinator] (Thread-618) [Consumer clientId=consumer-Consumer-topic-a82b7020_8d85_4f24_aa0a_8b73ab31e696-3, groupId=Consumer-topic-a82b7020_8d85_4f24_aa0a_8b73ab31e696] Finished assignment for group at generation 1: {consumer-Consumer-topic-a82b7020_8d85_4f24_aa0a_8b73ab31e696-3-4393fe58-8631-4253-ab23-0ade0d81a811=Assignment(partitions=[topic-a82b7020_8d85_4f24_aa0a_8b73ab31e696-0])}
2025-08-12 17:21:40,292 INFO  [org.apa.kaf.cli.con.int.ConsumerCoordinator] (Thread-618) [Consumer clientId=consumer-Consumer-topic-a82b7020_8d85_4f24_aa0a_8b73ab31e696-3, groupId=Consumer-topic-a82b7020_8d85_4f24_aa0a_8b73ab31e696] Successfully synced group in generation Generation{generationId=1, memberId='consumer-Consumer-topic-a82b7020_8d85_4f24_aa0a_8b73ab31e696-3-4393fe58-8631-4253-ab23-0ade0d81a811', protocol='range'}
2025-08-12 17:21:40,292 INFO  [org.apa.kaf.cli.con.int.ConsumerCoordinator] (Thread-618) [Consumer clientId=consumer-Consumer-topic-a82b7020_8d85_4f24_aa0a_8b73ab31e696-3, groupId=Consumer-topic-a82b7020_8d85_4f24_aa0a_8b73ab31e696] Notifying assignor about the new Assignment(partitions=[topic-a82b7020_8d85_4f24_aa0a_8b73ab31e696-0])
2025-08-12 17:21:40,292 INFO  [org.apa.kaf.cli.con.int.ConsumerRebalanceListenerInvoker] (Thread-618) [Consumer clientId=consumer-Consumer-topic-a82b7020_8d85_4f24_aa0a_8b73ab31e696-3, groupId=Consumer-topic-a82b7020_8d85_4f24_aa0a_8b73ab31e696] Adding newly assigned partitions: topic-a82b7020_8d85_4f24_aa0a_8b73ab31e696-0
2025-08-12 17:21:40,296 INFO  [org.apa.kaf.cli.con.int.ConsumerCoordinator] (Thread-618) [Consumer clientId=consumer-Consumer-topic-a82b7020_8d85_4f24_aa0a_8b73ab31e696-3, groupId=Consumer-topic-a82b7020_8d85_4f24_aa0a_8b73ab31e696] Found no committed offset for partition topic-a82b7020_8d85_4f24_aa0a_8b73ab31e696-0
2025-08-12 17:21:40,302 INFO  [org.apa.kaf.cli.con.int.SubscriptionState] (Thread-618) [Consumer clientId=consumer-Consumer-topic-a82b7020_8d85_4f24_aa0a_8b73ab31e696-3, groupId=Consumer-topic-a82b7020_8d85_4f24_aa0a_8b73ab31e696] Resetting offset for partition topic-a82b7020_8d85_4f24_aa0a_8b73ab31e696-0 to position FetchPosition{offset=0, offsetEpoch=Optional.empty, currentLeader=LeaderAndEpoch{leader=Optional[localhost:32769 (id: 0 rack: null)], epoch=0}}.
2025-08-12 17:21:40,437 INFO  [io.api.tes.ser.api.KafkaSerdesTester] (Thread-618) topic-a82b7020_8d85_4f24_aa0a_8b73ab31e696 0 0 {"bar": "value-0"}
2025-08-12 17:21:40,437 INFO  [io.api.tes.ser.api.KafkaSerdesTester] (Thread-618) topic-a82b7020_8d85_4f24_aa0a_8b73ab31e696 0 1 {"bar": "value-1"}
2025-08-12 17:21:40,437 INFO  [io.api.tes.ser.api.KafkaSerdesTester] (Thread-618) topic-a82b7020_8d85_4f24_aa0a_8b73ab31e696 0 2 {"bar": "value-2"}
2025-08-12 17:21:40,437 INFO  [io.api.tes.ser.api.KafkaSerdesTester] (Thread-618) topic-a82b7020_8d85_4f24_aa0a_8b73ab31e696 0 3 {"bar": "value-3"}
2025-08-12 17:21:40,437 INFO  [io.api.tes.ser.api.KafkaSerdesTester] (Thread-618) topic-a82b7020_8d85_4f24_aa0a_8b73ab31e696 0 4 {"bar": "value-4"}
2025-08-12 17:21:40,437 INFO  [io.api.tes.ser.api.KafkaSerdesTester] (Thread-618) topic-a82b7020_8d85_4f24_aa0a_8b73ab31e696 0 5 {"bar": "value-5"}
2025-08-12 17:21:40,437 INFO  [io.api.tes.ser.api.KafkaSerdesTester] (Thread-618) topic-a82b7020_8d85_4f24_aa0a_8b73ab31e696 0 6 {"bar": "value-6"}
2025-08-12 17:21:40,437 INFO  [io.api.tes.ser.api.KafkaSerdesTester] (Thread-618) topic-a82b7020_8d85_4f24_aa0a_8b73ab31e696 0 7 {"bar": "value-7"}
2025-08-12 17:21:40,437 INFO  [io.api.tes.ser.api.KafkaSerdesTester] (Thread-618) topic-a82b7020_8d85_4f24_aa0a_8b73ab31e696 0 8 {"bar": "value-8"}
2025-08-12 17:21:40,438 INFO  [io.api.tes.ser.api.KafkaSerdesTester] (Thread-618) topic-a82b7020_8d85_4f24_aa0a_8b73ab31e696 0 9 {"bar": "value-9"}
2025-08-12 17:21:40,438 INFO  [io.api.tes.ser.api.KafkaSerdesTester] (Thread-618) Consumed 10 messages
2025-08-12 17:21:40,446 INFO  [org.apa.kaf.cli.con.int.ConsumerRebalanceListenerInvoker] (Thread-618) [Consumer clientId=consumer-Consumer-topic-a82b7020_8d85_4f24_aa0a_8b73ab31e696-3, groupId=Consumer-topic-a82b7020_8d85_4f24_aa0a_8b73ab31e696] Revoke previously assigned partitions topic-a82b7020_8d85_4f24_aa0a_8b73ab31e696-0
2025-08-12 17:21:40,446 INFO  [org.apa.kaf.cli.con.int.ConsumerCoordinator] (Thread-618) [Consumer clientId=consumer-Consumer-topic-a82b7020_8d85_4f24_aa0a_8b73ab31e696-3, groupId=Consumer-topic-a82b7020_8d85_4f24_aa0a_8b73ab31e696] Member consumer-Consumer-topic-a82b7020_8d85_4f24_aa0a_8b73ab31e696-3-4393fe58-8631-4253-ab23-0ade0d81a811 sending LeaveGroup request to coordinator localhost:32769 (id: 2147483647 rack: null) due to the consumer is being closed
2025-08-12 17:21:40,447 INFO  [org.apa.kaf.cli.con.int.ConsumerCoordinator] (Thread-618) [Consumer clientId=consumer-Consumer-topic-a82b7020_8d85_4f24_aa0a_8b73ab31e696-3, groupId=Consumer-topic-a82b7020_8d85_4f24_aa0a_8b73ab31e696] Resetting generation and member id due to: consumer pro-actively leaving the group
2025-08-12 17:21:40,447 INFO  [org.apa.kaf.cli.con.int.ConsumerCoordinator] (Thread-618) [Consumer clientId=consumer-Consumer-topic-a82b7020_8d85_4f24_aa0a_8b73ab31e696-3, groupId=Consumer-topic-a82b7020_8d85_4f24_aa0a_8b73ab31e696] Request joining group due to: consumer pro-actively leaving the group
2025-08-12 17:21:40,941 INFO  [org.apa.kaf.com.met.Metrics] (Thread-618) Metrics scheduler closed
2025-08-12 17:21:40,941 INFO  [org.apa.kaf.com.met.Metrics] (Thread-618) Closing reporter org.apache.kafka.common.metrics.JmxReporter
2025-08-12 17:21:40,941 INFO  [org.apa.kaf.com.met.Metrics] (Thread-618) Closing reporter org.apache.kafka.common.telemetry.internals.ClientTelemetryReporter
2025-08-12 17:21:40,941 INFO  [org.apa.kaf.com.met.Metrics] (Thread-618) Metrics reporters closed
2025-08-12 17:21:40,945 INFO  [org.apa.kaf.com.uti.AppInfoParser] (Thread-618) App info kafka.consumer for consumer-Consumer-topic-a82b7020_8d85_4f24_aa0a_8b73ab31e696-3 unregistered
2025-08-12 17:21:40,947 INFO  [io.api.tes.uti.TestSeparator] (main) io.apicurio.tests.serdes.apicurio.AvroSerdeIT.testAvroJSON-FINISHED
2025-08-12 17:21:40,947 INFO  [io.api.tes.uti.TestSeparator] (main) ############################################################################
Test passed: testAvroJSON
]]></system-out>
  </testcase>
  <testcase name="testTopicIdStrategyAutoRegister" classname="io.apicurio.tests.serdes.apicurio.AvroSerdeIT" time="4.179">
    <system-out><![CDATA[2025-08-12 17:21:40,949 INFO  [io.api.tes.uti.TestSeparator] (main) ############################################################################
2025-08-12 17:21:40,949 INFO  [io.api.tes.uti.TestSeparator] (main) io.apicurio.tests.serdes.apicurio.AvroSerdeIT.testTopicIdStrategyAutoRegister-STARTED
**** Registry Base URL: http://registry-app-mysql.apps.ci419.apicurio-testing.org:80
2025-08-12 17:21:40,953 INFO  [org.apa.kaf.cli.pro.ProducerConfig] (main) ProducerConfig values: 
	acks = -1
	auto.include.jmx.reporter = true
	batch.size = 16384
	bootstrap.servers = [PLAINTEXT://localhost:32769]
	buffer.memory = 33554432
	client.dns.lookup = use_all_dns_ips
	client.id = Producer-topic-35846daa_46ce_404a_8a62_b9a2d067af1c
	compression.gzip.level = -1
	compression.lz4.level = 9
	compression.type = none
	compression.zstd.level = 3
	connections.max.idle.ms = 10000
	delivery.timeout.ms = 120000
	enable.idempotence = true
	enable.metrics.push = true
	interceptor.classes = []
	key.serializer = class org.apache.kafka.common.serialization.StringSerializer
	linger.ms = 0
	max.block.ms = 60000
	max.in.flight.requests.per.connection = 5
	max.request.size = 1048576
	metadata.max.age.ms = 300000
	metadata.max.idle.ms = 300000
	metadata.recovery.strategy = none
	metric.reporters = []
	metrics.num.samples = 2
	metrics.recording.level = INFO
	metrics.sample.window.ms = 30000
	partitioner.adaptive.partitioning.enable = true
	partitioner.availability.timeout.ms = 0
	partitioner.class = null
	partitioner.ignore.keys = false
	receive.buffer.bytes = 32768
	reconnect.backoff.max.ms = 1000
	reconnect.backoff.ms = 50
	request.timeout.ms = 5000
	retries = 2147483647
	retry.backoff.max.ms = 1000
	retry.backoff.ms = 100
	sasl.client.callback.handler.class = null
	sasl.jaas.config = null
	sasl.kerberos.kinit.cmd = /usr/bin/kinit
	sasl.kerberos.min.time.before.relogin = 60000
	sasl.kerberos.service.name = null
	sasl.kerberos.ticket.renew.jitter = 0.05
	sasl.kerberos.ticket.renew.window.factor = 0.8
	sasl.login.callback.handler.class = null
	sasl.login.class = null
	sasl.login.connect.timeout.ms = null
	sasl.login.read.timeout.ms = null
	sasl.login.refresh.buffer.seconds = 300
	sasl.login.refresh.min.period.seconds = 60
	sasl.login.refresh.window.factor = 0.8
	sasl.login.refresh.window.jitter = 0.05
	sasl.login.retry.backoff.max.ms = 10000
	sasl.login.retry.backoff.ms = 100
	sasl.mechanism = GSSAPI
	sasl.oauthbearer.clock.skew.seconds = 30
	sasl.oauthbearer.expected.audience = null
	sasl.oauthbearer.expected.issuer = null
	sasl.oauthbearer.header.urlencode = false
	sasl.oauthbearer.jwks.endpoint.refresh.ms = 3600000
	sasl.oauthbearer.jwks.endpoint.retry.backoff.max.ms = 10000
	sasl.oauthbearer.jwks.endpoint.retry.backoff.ms = 100
	sasl.oauthbearer.jwks.endpoint.url = null
	sasl.oauthbearer.scope.claim.name = scope
	sasl.oauthbearer.sub.claim.name = sub
	sasl.oauthbearer.token.endpoint.url = null
	security.protocol = PLAINTEXT
	security.providers = null
	send.buffer.bytes = 131072
	socket.connection.setup.timeout.max.ms = 30000
	socket.connection.setup.timeout.ms = 10000
	ssl.cipher.suites = null
	ssl.enabled.protocols = [TLSv1.2, TLSv1.3]
	ssl.endpoint.identification.algorithm = https
	ssl.engine.factory.class = null
	ssl.key.password = null
	ssl.keymanager.algorithm = SunX509
	ssl.keystore.certificate.chain = null
	ssl.keystore.key = null
	ssl.keystore.location = null
	ssl.keystore.password = null
	ssl.keystore.type = JKS
	ssl.protocol = TLSv1.3
	ssl.provider = null
	ssl.secure.random.implementation = null
	ssl.trustmanager.algorithm = PKIX
	ssl.truststore.certificates = null
	ssl.truststore.location = null
	ssl.truststore.password = null
	ssl.truststore.type = JKS
	transaction.timeout.ms = 60000
	transactional.id = null
	value.serializer = class io.apicurio.registry.serde.avro.AvroKafkaSerializer

2025-08-12 17:21:40,954 INFO  [org.apa.kaf.com.tel.int.KafkaMetricsCollector] (main) initializing Kafka metrics collector
2025-08-12 17:21:40,961 INFO  [org.apa.kaf.cli.pro.KafkaProducer] (main) [Producer clientId=Producer-topic-35846daa_46ce_404a_8a62_b9a2d067af1c] Instantiated an idempotent producer.
2025-08-12 17:21:40,965 INFO  [org.apa.kaf.cli.pro.ProducerConfig] (main) These configurations '[apicurio.registry.url, apicurio.registry.auto-register, apicurio.registry.artifact-resolver-strategy]' were supplied but are not used yet.
2025-08-12 17:21:40,965 INFO  [org.apa.kaf.com.uti.AppInfoParser] (main) Kafka version: 3.9.1
2025-08-12 17:21:40,966 INFO  [org.apa.kaf.com.uti.AppInfoParser] (main) Kafka commitId: f745dfdcee2b9851
2025-08-12 17:21:40,966 INFO  [org.apa.kaf.com.uti.AppInfoParser] (main) Kafka startTimeMs: 1755019300965
2025-08-12 17:21:40,966 INFO  [io.api.tes.ser.api.SimpleSerdesTesterBuilder$SimpleSerdesTester] (main) Using producer configuration: {apicurio.registry.url=http://registry-app-mysql.apps.ci419.apicurio-testing.org:80/apis/registry/v3, apicurio.registry.auto-register=true, apicurio.registry.artifact-resolver-strategy=io.apicurio.registry.serde.strategy.TopicIdStrategy, value.serializer=io.apicurio.registry.serde.avro.AvroKafkaSerializer, request.timeout.ms=5000, acks=all, bootstrap.servers=PLAINTEXT://localhost:32769, connections.max.idle.ms=10000, key.serializer=org.apache.kafka.common.serialization.StringSerializer, client.id=Producer-topic-35846daa_46ce_404a_8a62_b9a2d067af1c}
2025-08-12 17:21:40,966 INFO  [io.api.tes.ser.api.SimpleSerdesTesterBuilder$SimpleSerdesTester] (main) Using consumer configuration: {}
2025-08-12 17:21:40,969 INFO  [io.api.tes.ser.api.KafkaSerdesTester] (Thread-621) Sending message {"key11755019300950": "value-0"} to topic topic-35846daa_46ce_404a_8a62_b9a2d067af1c
2025-08-12 17:21:40,974 WARN  [org.apa.kaf.cli.NetworkClient] (kafka-producer-network-thread | Producer-topic-35846daa_46ce_404a_8a62_b9a2d067af1c) [Producer clientId=Producer-topic-35846daa_46ce_404a_8a62_b9a2d067af1c] The metadata response from the cluster reported a recoverable issue with correlation id 1 : {topic-35846daa_46ce_404a_8a62_b9a2d067af1c=UNKNOWN_TOPIC_OR_PARTITION}
2025-08-12 17:21:40,974 INFO  [org.apa.kaf.cli.Metadata] (kafka-producer-network-thread | Producer-topic-35846daa_46ce_404a_8a62_b9a2d067af1c) [Producer clientId=Producer-topic-35846daa_46ce_404a_8a62_b9a2d067af1c] Cluster ID: 7o-lMpHSRFKHq4uTXFQncw
2025-08-12 17:21:40,974 INFO  [org.apa.kaf.cli.pro.int.TransactionManager] (kafka-producer-network-thread | Producer-topic-35846daa_46ce_404a_8a62_b9a2d067af1c) [Producer clientId=Producer-topic-35846daa_46ce_404a_8a62_b9a2d067af1c] ProducerId set to 4 with epoch 0
2025-08-12 17:21:41,213 INFO  [io.api.tes.ser.api.KafkaSerdesTester] (Thread-621) Sending message {"key11755019300950": "value-1"} to topic topic-35846daa_46ce_404a_8a62_b9a2d067af1c
2025-08-12 17:21:41,216 INFO  [io.api.tes.ser.api.KafkaSerdesTester] (Thread-621) Sending message {"key11755019300950": "value-2"} to topic topic-35846daa_46ce_404a_8a62_b9a2d067af1c
2025-08-12 17:21:41,219 INFO  [io.api.tes.ser.api.KafkaSerdesTester] (Thread-621) Sending message {"key11755019300950": "value-3"} to topic topic-35846daa_46ce_404a_8a62_b9a2d067af1c
2025-08-12 17:21:41,222 INFO  [io.api.tes.ser.api.KafkaSerdesTester] (Thread-621) Sending message {"key11755019300950": "value-4"} to topic topic-35846daa_46ce_404a_8a62_b9a2d067af1c
2025-08-12 17:21:41,224 INFO  [io.api.tes.ser.api.KafkaSerdesTester] (Thread-621) Sending message {"key11755019300950": "value-5"} to topic topic-35846daa_46ce_404a_8a62_b9a2d067af1c
2025-08-12 17:21:41,226 INFO  [io.api.tes.ser.api.KafkaSerdesTester] (Thread-621) Sending message {"key11755019300950": "value-6"} to topic topic-35846daa_46ce_404a_8a62_b9a2d067af1c
2025-08-12 17:21:41,229 INFO  [io.api.tes.ser.api.KafkaSerdesTester] (Thread-621) Sending message {"key11755019300950": "value-7"} to topic topic-35846daa_46ce_404a_8a62_b9a2d067af1c
2025-08-12 17:21:41,231 INFO  [io.api.tes.ser.api.KafkaSerdesTester] (Thread-621) Sending message {"key11755019300950": "value-8"} to topic topic-35846daa_46ce_404a_8a62_b9a2d067af1c
2025-08-12 17:21:41,233 INFO  [io.api.tes.ser.api.KafkaSerdesTester] (Thread-621) Sending message {"key11755019300950": "value-9"} to topic topic-35846daa_46ce_404a_8a62_b9a2d067af1c
2025-08-12 17:21:41,236 INFO  [io.api.tes.ser.api.KafkaSerdesTester] (Thread-621) Produced 10 messages
2025-08-12 17:21:41,237 INFO  [org.apa.kaf.cli.pro.KafkaProducer] (Thread-621) [Producer clientId=Producer-topic-35846daa_46ce_404a_8a62_b9a2d067af1c] Closing the Kafka producer with timeoutMillis = 9223372036854775807 ms.
2025-08-12 17:21:41,242 INFO  [org.apa.kaf.com.met.Metrics] (Thread-621) Metrics scheduler closed
2025-08-12 17:21:41,242 INFO  [org.apa.kaf.com.met.Metrics] (Thread-621) Closing reporter org.apache.kafka.common.metrics.JmxReporter
2025-08-12 17:21:41,242 INFO  [org.apa.kaf.com.met.Metrics] (Thread-621) Closing reporter org.apache.kafka.common.telemetry.internals.ClientTelemetryReporter
2025-08-12 17:21:41,242 INFO  [org.apa.kaf.com.met.Metrics] (Thread-621) Metrics reporters closed
2025-08-12 17:21:41,242 INFO  [org.apa.kaf.com.uti.AppInfoParser] (Thread-621) App info kafka.producer for Producer-topic-35846daa_46ce_404a_8a62_b9a2d067af1c unregistered
**** Registry Base URL: http://registry-app-mysql.apps.ci419.apicurio-testing.org:80
2025-08-12 17:21:41,345 INFO  [org.apa.kaf.cli.con.ConsumerConfig] (main) ConsumerConfig values: 
	allow.auto.create.topics = true
	auto.commit.interval.ms = 500
	auto.include.jmx.reporter = true
	auto.offset.reset = earliest
	bootstrap.servers = [PLAINTEXT://localhost:32769]
	check.crcs = true
	client.dns.lookup = use_all_dns_ips
	client.id = consumer-Consumer-topic-35846daa_46ce_404a_8a62_b9a2d067af1c-4
	client.rack = 
	connections.max.idle.ms = 10000
	default.api.timeout.ms = 60000
	enable.auto.commit = true
	enable.metrics.push = true
	exclude.internal.topics = true
	fetch.max.bytes = 52428800
	fetch.max.wait.ms = 500
	fetch.min.bytes = 1
	group.id = Consumer-topic-35846daa_46ce_404a_8a62_b9a2d067af1c
	group.instance.id = null
	group.protocol = classic
	group.remote.assignor = null
	heartbeat.interval.ms = 3000
	interceptor.classes = []
	internal.leave.group.on.close = true
	internal.throw.on.fetch.stable.offset.unsupported = false
	isolation.level = read_uncommitted
	key.deserializer = class org.apache.kafka.common.serialization.StringDeserializer
	max.partition.fetch.bytes = 1048576
	max.poll.interval.ms = 300000
	max.poll.records = 500
	metadata.max.age.ms = 300000
	metadata.recovery.strategy = none
	metric.reporters = []
	metrics.num.samples = 2
	metrics.recording.level = INFO
	metrics.sample.window.ms = 30000
	partition.assignment.strategy = [class org.apache.kafka.clients.consumer.RangeAssignor, class org.apache.kafka.clients.consumer.CooperativeStickyAssignor]
	receive.buffer.bytes = 65536
	reconnect.backoff.max.ms = 1000
	reconnect.backoff.ms = 50
	request.timeout.ms = 5000
	retry.backoff.max.ms = 1000
	retry.backoff.ms = 100
	sasl.client.callback.handler.class = null
	sasl.jaas.config = null
	sasl.kerberos.kinit.cmd = /usr/bin/kinit
	sasl.kerberos.min.time.before.relogin = 60000
	sasl.kerberos.service.name = null
	sasl.kerberos.ticket.renew.jitter = 0.05
	sasl.kerberos.ticket.renew.window.factor = 0.8
	sasl.login.callback.handler.class = null
	sasl.login.class = null
	sasl.login.connect.timeout.ms = null
	sasl.login.read.timeout.ms = null
	sasl.login.refresh.buffer.seconds = 300
	sasl.login.refresh.min.period.seconds = 60
	sasl.login.refresh.window.factor = 0.8
	sasl.login.refresh.window.jitter = 0.05
	sasl.login.retry.backoff.max.ms = 10000
	sasl.login.retry.backoff.ms = 100
	sasl.mechanism = GSSAPI
	sasl.oauthbearer.clock.skew.seconds = 30
	sasl.oauthbearer.expected.audience = null
	sasl.oauthbearer.expected.issuer = null
	sasl.oauthbearer.header.urlencode = false
	sasl.oauthbearer.jwks.endpoint.refresh.ms = 3600000
	sasl.oauthbearer.jwks.endpoint.retry.backoff.max.ms = 10000
	sasl.oauthbearer.jwks.endpoint.retry.backoff.ms = 100
	sasl.oauthbearer.jwks.endpoint.url = null
	sasl.oauthbearer.scope.claim.name = scope
	sasl.oauthbearer.sub.claim.name = sub
	sasl.oauthbearer.token.endpoint.url = null
	security.protocol = PLAINTEXT
	security.providers = null
	send.buffer.bytes = 131072
	session.timeout.ms = 45000
	socket.connection.setup.timeout.max.ms = 30000
	socket.connection.setup.timeout.ms = 10000
	ssl.cipher.suites = null
	ssl.enabled.protocols = [TLSv1.2, TLSv1.3]
	ssl.endpoint.identification.algorithm = https
	ssl.engine.factory.class = null
	ssl.key.password = null
	ssl.keymanager.algorithm = SunX509
	ssl.keystore.certificate.chain = null
	ssl.keystore.key = null
	ssl.keystore.location = null
	ssl.keystore.password = null
	ssl.keystore.type = JKS
	ssl.protocol = TLSv1.3
	ssl.provider = null
	ssl.secure.random.implementation = null
	ssl.trustmanager.algorithm = PKIX
	ssl.truststore.certificates = null
	ssl.truststore.location = null
	ssl.truststore.password = null
	ssl.truststore.type = JKS
	value.deserializer = class io.apicurio.registry.serde.avro.AvroKafkaDeserializer

2025-08-12 17:21:41,346 INFO  [org.apa.kaf.com.tel.int.KafkaMetricsCollector] (main) initializing Kafka metrics collector
2025-08-12 17:21:41,353 INFO  [org.apa.kaf.cli.con.ConsumerConfig] (main) These configurations '[apicurio.registry.url]' were supplied but are not used yet.
2025-08-12 17:21:41,353 INFO  [org.apa.kaf.com.uti.AppInfoParser] (main) Kafka version: 3.9.1
2025-08-12 17:21:41,353 INFO  [org.apa.kaf.com.uti.AppInfoParser] (main) Kafka commitId: f745dfdcee2b9851
2025-08-12 17:21:41,353 INFO  [org.apa.kaf.com.uti.AppInfoParser] (main) Kafka startTimeMs: 1755019301353
2025-08-12 17:21:41,353 INFO  [org.apa.kaf.cli.con.int.ClassicKafkaConsumer] (Thread-624) [Consumer clientId=consumer-Consumer-topic-35846daa_46ce_404a_8a62_b9a2d067af1c-4, groupId=Consumer-topic-35846daa_46ce_404a_8a62_b9a2d067af1c] Subscribed to topic(s): topic-35846daa_46ce_404a_8a62_b9a2d067af1c
2025-08-12 17:21:41,364 INFO  [org.apa.kaf.cli.Metadata] (Thread-624) [Consumer clientId=consumer-Consumer-topic-35846daa_46ce_404a_8a62_b9a2d067af1c-4, groupId=Consumer-topic-35846daa_46ce_404a_8a62_b9a2d067af1c] Cluster ID: 7o-lMpHSRFKHq4uTXFQncw
2025-08-12 17:21:41,366 INFO  [org.apa.kaf.cli.con.int.ConsumerCoordinator] (Thread-624) [Consumer clientId=consumer-Consumer-topic-35846daa_46ce_404a_8a62_b9a2d067af1c-4, groupId=Consumer-topic-35846daa_46ce_404a_8a62_b9a2d067af1c] Discovered group coordinator localhost:32769 (id: 2147483647 rack: null)
2025-08-12 17:21:41,369 INFO  [org.apa.kaf.cli.con.int.ConsumerCoordinator] (Thread-624) [Consumer clientId=consumer-Consumer-topic-35846daa_46ce_404a_8a62_b9a2d067af1c-4, groupId=Consumer-topic-35846daa_46ce_404a_8a62_b9a2d067af1c] (Re-)joining group
2025-08-12 17:21:41,374 INFO  [org.apa.kaf.cli.con.int.ConsumerCoordinator] (Thread-624) [Consumer clientId=consumer-Consumer-topic-35846daa_46ce_404a_8a62_b9a2d067af1c-4, groupId=Consumer-topic-35846daa_46ce_404a_8a62_b9a2d067af1c] Request joining group due to: need to re-join with the given member-id: consumer-Consumer-topic-35846daa_46ce_404a_8a62_b9a2d067af1c-4-299f00f9-bf29-4e9f-aa32-800b7958f5ef
2025-08-12 17:21:41,374 INFO  [org.apa.kaf.cli.con.int.ConsumerCoordinator] (Thread-624) [Consumer clientId=consumer-Consumer-topic-35846daa_46ce_404a_8a62_b9a2d067af1c-4, groupId=Consumer-topic-35846daa_46ce_404a_8a62_b9a2d067af1c] (Re-)joining group
2025-08-12 17:21:42,354 INFO  [io.api.tes.ser.api.KafkaSerdesTester] (Thread-624) None found
2025-08-12 17:21:43,354 INFO  [io.api.tes.ser.api.KafkaSerdesTester] (Thread-624) None found
2025-08-12 17:21:44,354 INFO  [io.api.tes.ser.api.KafkaSerdesTester] (Thread-624) None found
2025-08-12 17:21:44,377 INFO  [org.apa.kaf.cli.con.int.ConsumerCoordinator] (Thread-624) [Consumer clientId=consumer-Consumer-topic-35846daa_46ce_404a_8a62_b9a2d067af1c-4, groupId=Consumer-topic-35846daa_46ce_404a_8a62_b9a2d067af1c] Successfully joined group with generation Generation{generationId=1, memberId='consumer-Consumer-topic-35846daa_46ce_404a_8a62_b9a2d067af1c-4-299f00f9-bf29-4e9f-aa32-800b7958f5ef', protocol='range'}
2025-08-12 17:21:44,378 INFO  [org.apa.kaf.cli.con.int.ConsumerCoordinator] (Thread-624) [Consumer clientId=consumer-Consumer-topic-35846daa_46ce_404a_8a62_b9a2d067af1c-4, groupId=Consumer-topic-35846daa_46ce_404a_8a62_b9a2d067af1c] Finished assignment for group at generation 1: {consumer-Consumer-topic-35846daa_46ce_404a_8a62_b9a2d067af1c-4-299f00f9-bf29-4e9f-aa32-800b7958f5ef=Assignment(partitions=[topic-35846daa_46ce_404a_8a62_b9a2d067af1c-0])}
2025-08-12 17:21:44,384 INFO  [org.apa.kaf.cli.con.int.ConsumerCoordinator] (Thread-624) [Consumer clientId=consumer-Consumer-topic-35846daa_46ce_404a_8a62_b9a2d067af1c-4, groupId=Consumer-topic-35846daa_46ce_404a_8a62_b9a2d067af1c] Successfully synced group in generation Generation{generationId=1, memberId='consumer-Consumer-topic-35846daa_46ce_404a_8a62_b9a2d067af1c-4-299f00f9-bf29-4e9f-aa32-800b7958f5ef', protocol='range'}
2025-08-12 17:21:44,385 INFO  [org.apa.kaf.cli.con.int.ConsumerCoordinator] (Thread-624) [Consumer clientId=consumer-Consumer-topic-35846daa_46ce_404a_8a62_b9a2d067af1c-4, groupId=Consumer-topic-35846daa_46ce_404a_8a62_b9a2d067af1c] Notifying assignor about the new Assignment(partitions=[topic-35846daa_46ce_404a_8a62_b9a2d067af1c-0])
2025-08-12 17:21:44,385 INFO  [org.apa.kaf.cli.con.int.ConsumerRebalanceListenerInvoker] (Thread-624) [Consumer clientId=consumer-Consumer-topic-35846daa_46ce_404a_8a62_b9a2d067af1c-4, groupId=Consumer-topic-35846daa_46ce_404a_8a62_b9a2d067af1c] Adding newly assigned partitions: topic-35846daa_46ce_404a_8a62_b9a2d067af1c-0
2025-08-12 17:21:44,386 INFO  [org.apa.kaf.cli.con.int.ConsumerCoordinator] (Thread-624) [Consumer clientId=consumer-Consumer-topic-35846daa_46ce_404a_8a62_b9a2d067af1c-4, groupId=Consumer-topic-35846daa_46ce_404a_8a62_b9a2d067af1c] Found no committed offset for partition topic-35846daa_46ce_404a_8a62_b9a2d067af1c-0
2025-08-12 17:21:44,391 INFO  [org.apa.kaf.cli.con.int.SubscriptionState] (Thread-624) [Consumer clientId=consumer-Consumer-topic-35846daa_46ce_404a_8a62_b9a2d067af1c-4, groupId=Consumer-topic-35846daa_46ce_404a_8a62_b9a2d067af1c] Resetting offset for partition topic-35846daa_46ce_404a_8a62_b9a2d067af1c-0 to position FetchPosition{offset=0, offsetEpoch=Optional.empty, currentLeader=LeaderAndEpoch{leader=Optional[localhost:32769 (id: 0 rack: null)], epoch=0}}.
2025-08-12 17:21:44,525 INFO  [io.api.tes.ser.api.KafkaSerdesTester] (Thread-624) topic-35846daa_46ce_404a_8a62_b9a2d067af1c 0 0 {"key11755019300950": "value-0"}
2025-08-12 17:21:44,525 INFO  [io.api.tes.ser.api.KafkaSerdesTester] (Thread-624) topic-35846daa_46ce_404a_8a62_b9a2d067af1c 0 1 {"key11755019300950": "value-1"}
2025-08-12 17:21:44,525 INFO  [io.api.tes.ser.api.KafkaSerdesTester] (Thread-624) topic-35846daa_46ce_404a_8a62_b9a2d067af1c 0 2 {"key11755019300950": "value-2"}
2025-08-12 17:21:44,525 INFO  [io.api.tes.ser.api.KafkaSerdesTester] (Thread-624) topic-35846daa_46ce_404a_8a62_b9a2d067af1c 0 3 {"key11755019300950": "value-3"}
2025-08-12 17:21:44,525 INFO  [io.api.tes.ser.api.KafkaSerdesTester] (Thread-624) topic-35846daa_46ce_404a_8a62_b9a2d067af1c 0 4 {"key11755019300950": "value-4"}
2025-08-12 17:21:44,525 INFO  [io.api.tes.ser.api.KafkaSerdesTester] (Thread-624) topic-35846daa_46ce_404a_8a62_b9a2d067af1c 0 5 {"key11755019300950": "value-5"}
2025-08-12 17:21:44,525 INFO  [io.api.tes.ser.api.KafkaSerdesTester] (Thread-624) topic-35846daa_46ce_404a_8a62_b9a2d067af1c 0 6 {"key11755019300950": "value-6"}
2025-08-12 17:21:44,525 INFO  [io.api.tes.ser.api.KafkaSerdesTester] (Thread-624) topic-35846daa_46ce_404a_8a62_b9a2d067af1c 0 7 {"key11755019300950": "value-7"}
2025-08-12 17:21:44,526 INFO  [io.api.tes.ser.api.KafkaSerdesTester] (Thread-624) topic-35846daa_46ce_404a_8a62_b9a2d067af1c 0 8 {"key11755019300950": "value-8"}
2025-08-12 17:21:44,526 INFO  [io.api.tes.ser.api.KafkaSerdesTester] (Thread-624) topic-35846daa_46ce_404a_8a62_b9a2d067af1c 0 9 {"key11755019300950": "value-9"}
2025-08-12 17:21:44,526 INFO  [io.api.tes.ser.api.KafkaSerdesTester] (Thread-624) Consumed 10 messages
2025-08-12 17:21:44,533 INFO  [org.apa.kaf.cli.con.int.ConsumerRebalanceListenerInvoker] (Thread-624) [Consumer clientId=consumer-Consumer-topic-35846daa_46ce_404a_8a62_b9a2d067af1c-4, groupId=Consumer-topic-35846daa_46ce_404a_8a62_b9a2d067af1c] Revoke previously assigned partitions topic-35846daa_46ce_404a_8a62_b9a2d067af1c-0
2025-08-12 17:21:44,533 INFO  [org.apa.kaf.cli.con.int.ConsumerCoordinator] (Thread-624) [Consumer clientId=consumer-Consumer-topic-35846daa_46ce_404a_8a62_b9a2d067af1c-4, groupId=Consumer-topic-35846daa_46ce_404a_8a62_b9a2d067af1c] Member consumer-Consumer-topic-35846daa_46ce_404a_8a62_b9a2d067af1c-4-299f00f9-bf29-4e9f-aa32-800b7958f5ef sending LeaveGroup request to coordinator localhost:32769 (id: 2147483647 rack: null) due to the consumer is being closed
2025-08-12 17:21:44,533 INFO  [org.apa.kaf.cli.con.int.ConsumerCoordinator] (Thread-624) [Consumer clientId=consumer-Consumer-topic-35846daa_46ce_404a_8a62_b9a2d067af1c-4, groupId=Consumer-topic-35846daa_46ce_404a_8a62_b9a2d067af1c] Resetting generation and member id due to: consumer pro-actively leaving the group
2025-08-12 17:21:44,533 INFO  [org.apa.kaf.cli.con.int.ConsumerCoordinator] (Thread-624) [Consumer clientId=consumer-Consumer-topic-35846daa_46ce_404a_8a62_b9a2d067af1c-4, groupId=Consumer-topic-35846daa_46ce_404a_8a62_b9a2d067af1c] Request joining group due to: consumer pro-actively leaving the group
2025-08-12 17:21:45,028 INFO  [org.apa.kaf.com.met.Metrics] (Thread-624) Metrics scheduler closed
2025-08-12 17:21:45,028 INFO  [org.apa.kaf.com.met.Metrics] (Thread-624) Closing reporter org.apache.kafka.common.metrics.JmxReporter
2025-08-12 17:21:45,028 INFO  [org.apa.kaf.com.met.Metrics] (Thread-624) Closing reporter org.apache.kafka.common.telemetry.internals.ClientTelemetryReporter
2025-08-12 17:21:45,028 INFO  [org.apa.kaf.com.met.Metrics] (Thread-624) Metrics reporters closed
2025-08-12 17:21:45,032 INFO  [org.apa.kaf.com.uti.AppInfoParser] (Thread-624) App info kafka.consumer for consumer-Consumer-topic-35846daa_46ce_404a_8a62_b9a2d067af1c-4 unregistered
2025-08-12 17:21:45,127 INFO  [io.api.tes.uti.TestSeparator] (main) io.apicurio.tests.serdes.apicurio.AvroSerdeIT.testTopicIdStrategyAutoRegister-FINISHED
2025-08-12 17:21:45,127 INFO  [io.api.tes.uti.TestSeparator] (main) ############################################################################
Test passed: testTopicIdStrategyAutoRegister
]]></system-out>
  </testcase>
  <testcase name="testRecordIdStrategydFindLatest" classname="io.apicurio.tests.serdes.apicurio.AvroSerdeIT" time="5.032">
    <system-out><![CDATA[2025-08-12 17:21:45,128 INFO  [io.api.tes.uti.TestSeparator] (main) ############################################################################
2025-08-12 17:21:45,129 INFO  [io.api.tes.uti.TestSeparator] (main) io.apicurio.tests.serdes.apicurio.AvroSerdeIT.testRecordIdStrategydFindLatest-STARTED
2025-08-12 17:21:45,130 INFO  [io.api.tes.ser.api.AvroSerdeIT] (main) Registering Avro Schema: {"type":"record","name":"sa028df59x8ce0x4019x9403x901de615c3ca","namespace":"s4f66aed6x27e3x4eb9xa8afx62a9ffdd7ff1","fields":[{"name":"key11755019305129","type":"string"}]}
**** Registry Base URL: http://registry-app-mysql.apps.ci419.apicurio-testing.org:80
2025-08-12 17:21:46,250 INFO  [org.apa.kaf.cli.pro.ProducerConfig] (main) ProducerConfig values: 
	acks = -1
	auto.include.jmx.reporter = true
	batch.size = 16384
	bootstrap.servers = [PLAINTEXT://localhost:32769]
	buffer.memory = 33554432
	client.dns.lookup = use_all_dns_ips
	client.id = Producer-topic-aa81d40e_a184_45f9_80b3_9f6bf91dc491
	compression.gzip.level = -1
	compression.lz4.level = 9
	compression.type = none
	compression.zstd.level = 3
	connections.max.idle.ms = 10000
	delivery.timeout.ms = 120000
	enable.idempotence = true
	enable.metrics.push = true
	interceptor.classes = []
	key.serializer = class org.apache.kafka.common.serialization.StringSerializer
	linger.ms = 0
	max.block.ms = 60000
	max.in.flight.requests.per.connection = 5
	max.request.size = 1048576
	metadata.max.age.ms = 300000
	metadata.max.idle.ms = 300000
	metadata.recovery.strategy = none
	metric.reporters = []
	metrics.num.samples = 2
	metrics.recording.level = INFO
	metrics.sample.window.ms = 30000
	partitioner.adaptive.partitioning.enable = true
	partitioner.availability.timeout.ms = 0
	partitioner.class = null
	partitioner.ignore.keys = false
	receive.buffer.bytes = 32768
	reconnect.backoff.max.ms = 1000
	reconnect.backoff.ms = 50
	request.timeout.ms = 5000
	retries = 2147483647
	retry.backoff.max.ms = 1000
	retry.backoff.ms = 100
	sasl.client.callback.handler.class = null
	sasl.jaas.config = null
	sasl.kerberos.kinit.cmd = /usr/bin/kinit
	sasl.kerberos.min.time.before.relogin = 60000
	sasl.kerberos.service.name = null
	sasl.kerberos.ticket.renew.jitter = 0.05
	sasl.kerberos.ticket.renew.window.factor = 0.8
	sasl.login.callback.handler.class = null
	sasl.login.class = null
	sasl.login.connect.timeout.ms = null
	sasl.login.read.timeout.ms = null
	sasl.login.refresh.buffer.seconds = 300
	sasl.login.refresh.min.period.seconds = 60
	sasl.login.refresh.window.factor = 0.8
	sasl.login.refresh.window.jitter = 0.05
	sasl.login.retry.backoff.max.ms = 10000
	sasl.login.retry.backoff.ms = 100
	sasl.mechanism = GSSAPI
	sasl.oauthbearer.clock.skew.seconds = 30
	sasl.oauthbearer.expected.audience = null
	sasl.oauthbearer.expected.issuer = null
	sasl.oauthbearer.header.urlencode = false
	sasl.oauthbearer.jwks.endpoint.refresh.ms = 3600000
	sasl.oauthbearer.jwks.endpoint.retry.backoff.max.ms = 10000
	sasl.oauthbearer.jwks.endpoint.retry.backoff.ms = 100
	sasl.oauthbearer.jwks.endpoint.url = null
	sasl.oauthbearer.scope.claim.name = scope
	sasl.oauthbearer.sub.claim.name = sub
	sasl.oauthbearer.token.endpoint.url = null
	security.protocol = PLAINTEXT
	security.providers = null
	send.buffer.bytes = 131072
	socket.connection.setup.timeout.max.ms = 30000
	socket.connection.setup.timeout.ms = 10000
	ssl.cipher.suites = null
	ssl.enabled.protocols = [TLSv1.2, TLSv1.3]
	ssl.endpoint.identification.algorithm = https
	ssl.engine.factory.class = null
	ssl.key.password = null
	ssl.keymanager.algorithm = SunX509
	ssl.keystore.certificate.chain = null
	ssl.keystore.key = null
	ssl.keystore.location = null
	ssl.keystore.password = null
	ssl.keystore.type = JKS
	ssl.protocol = TLSv1.3
	ssl.provider = null
	ssl.secure.random.implementation = null
	ssl.trustmanager.algorithm = PKIX
	ssl.truststore.certificates = null
	ssl.truststore.location = null
	ssl.truststore.password = null
	ssl.truststore.type = JKS
	transaction.timeout.ms = 60000
	transactional.id = null
	value.serializer = class io.apicurio.registry.serde.avro.AvroKafkaSerializer

2025-08-12 17:21:46,250 INFO  [org.apa.kaf.com.tel.int.KafkaMetricsCollector] (main) initializing Kafka metrics collector
2025-08-12 17:21:46,254 INFO  [org.apa.kaf.cli.pro.KafkaProducer] (main) [Producer clientId=Producer-topic-aa81d40e_a184_45f9_80b3_9f6bf91dc491] Instantiated an idempotent producer.
2025-08-12 17:21:46,256 INFO  [org.apa.kaf.cli.pro.ProducerConfig] (main) These configurations '[apicurio.registry.find-latest, apicurio.registry.url, apicurio.registry.artifact-resolver-strategy]' were supplied but are not used yet.
2025-08-12 17:21:46,257 INFO  [org.apa.kaf.com.uti.AppInfoParser] (main) Kafka version: 3.9.1
2025-08-12 17:21:46,257 INFO  [org.apa.kaf.com.uti.AppInfoParser] (main) Kafka commitId: f745dfdcee2b9851
2025-08-12 17:21:46,257 INFO  [org.apa.kaf.com.uti.AppInfoParser] (main) Kafka startTimeMs: 1755019306257
2025-08-12 17:21:46,257 INFO  [io.api.tes.ser.api.SimpleSerdesTesterBuilder$SimpleSerdesTester] (main) Using producer configuration: {apicurio.registry.find-latest=true, apicurio.registry.url=http://registry-app-mysql.apps.ci419.apicurio-testing.org:80/apis/registry/v3, apicurio.registry.artifact-resolver-strategy=io.apicurio.registry.serde.avro.strategy.RecordIdStrategy, value.serializer=io.apicurio.registry.serde.avro.AvroKafkaSerializer, request.timeout.ms=5000, acks=all, bootstrap.servers=PLAINTEXT://localhost:32769, connections.max.idle.ms=10000, key.serializer=org.apache.kafka.common.serialization.StringSerializer, client.id=Producer-topic-aa81d40e_a184_45f9_80b3_9f6bf91dc491}
2025-08-12 17:21:46,257 INFO  [io.api.tes.ser.api.SimpleSerdesTesterBuilder$SimpleSerdesTester] (main) Using consumer configuration: {}
2025-08-12 17:21:46,258 INFO  [io.api.tes.ser.api.KafkaSerdesTester] (Thread-627) Sending message {"key11755019305129": "value-0"} to topic topic-aa81d40e_a184_45f9_80b3_9f6bf91dc491
2025-08-12 17:21:46,264 INFO  [org.apa.kaf.cli.Metadata] (kafka-producer-network-thread | Producer-topic-aa81d40e_a184_45f9_80b3_9f6bf91dc491) [Producer clientId=Producer-topic-aa81d40e_a184_45f9_80b3_9f6bf91dc491] Cluster ID: 7o-lMpHSRFKHq4uTXFQncw
2025-08-12 17:21:46,265 INFO  [org.apa.kaf.cli.pro.int.TransactionManager] (kafka-producer-network-thread | Producer-topic-aa81d40e_a184_45f9_80b3_9f6bf91dc491) [Producer clientId=Producer-topic-aa81d40e_a184_45f9_80b3_9f6bf91dc491] ProducerId set to 5 with epoch 0
2025-08-12 17:21:46,448 INFO  [io.api.tes.ser.api.KafkaSerdesTester] (Thread-627) Sending message {"key11755019305129": "value-1"} to topic topic-aa81d40e_a184_45f9_80b3_9f6bf91dc491
2025-08-12 17:21:46,451 INFO  [io.api.tes.ser.api.KafkaSerdesTester] (Thread-627) Sending message {"key11755019305129": "value-2"} to topic topic-aa81d40e_a184_45f9_80b3_9f6bf91dc491
2025-08-12 17:21:46,453 INFO  [io.api.tes.ser.api.KafkaSerdesTester] (Thread-627) Sending message {"key11755019305129": "value-3"} to topic topic-aa81d40e_a184_45f9_80b3_9f6bf91dc491
2025-08-12 17:21:46,456 INFO  [io.api.tes.ser.api.KafkaSerdesTester] (Thread-627) Sending message {"key11755019305129": "value-4"} to topic topic-aa81d40e_a184_45f9_80b3_9f6bf91dc491
2025-08-12 17:21:46,459 INFO  [io.api.tes.ser.api.KafkaSerdesTester] (Thread-627) Sending message {"key11755019305129": "value-5"} to topic topic-aa81d40e_a184_45f9_80b3_9f6bf91dc491
2025-08-12 17:21:46,461 INFO  [io.api.tes.ser.api.KafkaSerdesTester] (Thread-627) Sending message {"key11755019305129": "value-6"} to topic topic-aa81d40e_a184_45f9_80b3_9f6bf91dc491
2025-08-12 17:21:46,467 INFO  [io.api.tes.ser.api.KafkaSerdesTester] (Thread-627) Sending message {"key11755019305129": "value-7"} to topic topic-aa81d40e_a184_45f9_80b3_9f6bf91dc491
2025-08-12 17:21:46,470 INFO  [io.api.tes.ser.api.KafkaSerdesTester] (Thread-627) Sending message {"key11755019305129": "value-8"} to topic topic-aa81d40e_a184_45f9_80b3_9f6bf91dc491
2025-08-12 17:21:46,474 INFO  [io.api.tes.ser.api.KafkaSerdesTester] (Thread-627) Sending message {"key11755019305129": "value-9"} to topic topic-aa81d40e_a184_45f9_80b3_9f6bf91dc491
2025-08-12 17:21:46,476 INFO  [io.api.tes.ser.api.KafkaSerdesTester] (Thread-627) Produced 10 messages
2025-08-12 17:21:46,476 INFO  [org.apa.kaf.cli.pro.KafkaProducer] (Thread-627) [Producer clientId=Producer-topic-aa81d40e_a184_45f9_80b3_9f6bf91dc491] Closing the Kafka producer with timeoutMillis = 9223372036854775807 ms.
2025-08-12 17:21:46,480 INFO  [org.apa.kaf.com.met.Metrics] (Thread-627) Metrics scheduler closed
2025-08-12 17:21:46,480 INFO  [org.apa.kaf.com.met.Metrics] (Thread-627) Closing reporter org.apache.kafka.common.metrics.JmxReporter
2025-08-12 17:21:46,480 INFO  [org.apa.kaf.com.met.Metrics] (Thread-627) Closing reporter org.apache.kafka.common.telemetry.internals.ClientTelemetryReporter
2025-08-12 17:21:46,480 INFO  [org.apa.kaf.com.met.Metrics] (Thread-627) Metrics reporters closed
2025-08-12 17:21:46,480 INFO  [org.apa.kaf.com.uti.AppInfoParser] (Thread-627) App info kafka.producer for Producer-topic-aa81d40e_a184_45f9_80b3_9f6bf91dc491 unregistered
**** Registry Base URL: http://registry-app-mysql.apps.ci419.apicurio-testing.org:80
2025-08-12 17:21:46,482 INFO  [org.apa.kaf.cli.con.ConsumerConfig] (main) ConsumerConfig values: 
	allow.auto.create.topics = true
	auto.commit.interval.ms = 500
	auto.include.jmx.reporter = true
	auto.offset.reset = earliest
	bootstrap.servers = [PLAINTEXT://localhost:32769]
	check.crcs = true
	client.dns.lookup = use_all_dns_ips
	client.id = consumer-Consumer-topic-aa81d40e_a184_45f9_80b3_9f6bf91dc491-5
	client.rack = 
	connections.max.idle.ms = 10000
	default.api.timeout.ms = 60000
	enable.auto.commit = true
	enable.metrics.push = true
	exclude.internal.topics = true
	fetch.max.bytes = 52428800
	fetch.max.wait.ms = 500
	fetch.min.bytes = 1
	group.id = Consumer-topic-aa81d40e_a184_45f9_80b3_9f6bf91dc491
	group.instance.id = null
	group.protocol = classic
	group.remote.assignor = null
	heartbeat.interval.ms = 3000
	interceptor.classes = []
	internal.leave.group.on.close = true
	internal.throw.on.fetch.stable.offset.unsupported = false
	isolation.level = read_uncommitted
	key.deserializer = class org.apache.kafka.common.serialization.StringDeserializer
	max.partition.fetch.bytes = 1048576
	max.poll.interval.ms = 300000
	max.poll.records = 500
	metadata.max.age.ms = 300000
	metadata.recovery.strategy = none
	metric.reporters = []
	metrics.num.samples = 2
	metrics.recording.level = INFO
	metrics.sample.window.ms = 30000
	partition.assignment.strategy = [class org.apache.kafka.clients.consumer.RangeAssignor, class org.apache.kafka.clients.consumer.CooperativeStickyAssignor]
	receive.buffer.bytes = 65536
	reconnect.backoff.max.ms = 1000
	reconnect.backoff.ms = 50
	request.timeout.ms = 5000
	retry.backoff.max.ms = 1000
	retry.backoff.ms = 100
	sasl.client.callback.handler.class = null
	sasl.jaas.config = null
	sasl.kerberos.kinit.cmd = /usr/bin/kinit
	sasl.kerberos.min.time.before.relogin = 60000
	sasl.kerberos.service.name = null
	sasl.kerberos.ticket.renew.jitter = 0.05
	sasl.kerberos.ticket.renew.window.factor = 0.8
	sasl.login.callback.handler.class = null
	sasl.login.class = null
	sasl.login.connect.timeout.ms = null
	sasl.login.read.timeout.ms = null
	sasl.login.refresh.buffer.seconds = 300
	sasl.login.refresh.min.period.seconds = 60
	sasl.login.refresh.window.factor = 0.8
	sasl.login.refresh.window.jitter = 0.05
	sasl.login.retry.backoff.max.ms = 10000
	sasl.login.retry.backoff.ms = 100
	sasl.mechanism = GSSAPI
	sasl.oauthbearer.clock.skew.seconds = 30
	sasl.oauthbearer.expected.audience = null
	sasl.oauthbearer.expected.issuer = null
	sasl.oauthbearer.header.urlencode = false
	sasl.oauthbearer.jwks.endpoint.refresh.ms = 3600000
	sasl.oauthbearer.jwks.endpoint.retry.backoff.max.ms = 10000
	sasl.oauthbearer.jwks.endpoint.retry.backoff.ms = 100
	sasl.oauthbearer.jwks.endpoint.url = null
	sasl.oauthbearer.scope.claim.name = scope
	sasl.oauthbearer.sub.claim.name = sub
	sasl.oauthbearer.token.endpoint.url = null
	security.protocol = PLAINTEXT
	security.providers = null
	send.buffer.bytes = 131072
	session.timeout.ms = 45000
	socket.connection.setup.timeout.max.ms = 30000
	socket.connection.setup.timeout.ms = 10000
	ssl.cipher.suites = null
	ssl.enabled.protocols = [TLSv1.2, TLSv1.3]
	ssl.endpoint.identification.algorithm = https
	ssl.engine.factory.class = null
	ssl.key.password = null
	ssl.keymanager.algorithm = SunX509
	ssl.keystore.certificate.chain = null
	ssl.keystore.key = null
	ssl.keystore.location = null
	ssl.keystore.password = null
	ssl.keystore.type = JKS
	ssl.protocol = TLSv1.3
	ssl.provider = null
	ssl.secure.random.implementation = null
	ssl.trustmanager.algorithm = PKIX
	ssl.truststore.certificates = null
	ssl.truststore.location = null
	ssl.truststore.password = null
	ssl.truststore.type = JKS
	value.deserializer = class io.apicurio.registry.serde.avro.AvroKafkaDeserializer

2025-08-12 17:21:46,482 INFO  [org.apa.kaf.com.tel.int.KafkaMetricsCollector] (main) initializing Kafka metrics collector
2025-08-12 17:21:46,492 INFO  [org.apa.kaf.cli.con.ConsumerConfig] (main) These configurations '[apicurio.registry.url]' were supplied but are not used yet.
2025-08-12 17:21:46,492 INFO  [org.apa.kaf.com.uti.AppInfoParser] (main) Kafka version: 3.9.1
2025-08-12 17:21:46,492 INFO  [org.apa.kaf.com.uti.AppInfoParser] (main) Kafka commitId: f745dfdcee2b9851
2025-08-12 17:21:46,492 INFO  [org.apa.kaf.com.uti.AppInfoParser] (main) Kafka startTimeMs: 1755019306492
2025-08-12 17:21:46,493 INFO  [org.apa.kaf.cli.con.int.ClassicKafkaConsumer] (Thread-630) [Consumer clientId=consumer-Consumer-topic-aa81d40e_a184_45f9_80b3_9f6bf91dc491-5, groupId=Consumer-topic-aa81d40e_a184_45f9_80b3_9f6bf91dc491] Subscribed to topic(s): topic-aa81d40e_a184_45f9_80b3_9f6bf91dc491
2025-08-12 17:21:46,497 INFO  [org.apa.kaf.cli.Metadata] (Thread-630) [Consumer clientId=consumer-Consumer-topic-aa81d40e_a184_45f9_80b3_9f6bf91dc491-5, groupId=Consumer-topic-aa81d40e_a184_45f9_80b3_9f6bf91dc491] Cluster ID: 7o-lMpHSRFKHq4uTXFQncw
2025-08-12 17:21:46,501 INFO  [org.apa.kaf.cli.con.int.ConsumerCoordinator] (Thread-630) [Consumer clientId=consumer-Consumer-topic-aa81d40e_a184_45f9_80b3_9f6bf91dc491-5, groupId=Consumer-topic-aa81d40e_a184_45f9_80b3_9f6bf91dc491] Discovered group coordinator localhost:32769 (id: 2147483647 rack: null)
2025-08-12 17:21:46,503 INFO  [org.apa.kaf.cli.con.int.ConsumerCoordinator] (Thread-630) [Consumer clientId=consumer-Consumer-topic-aa81d40e_a184_45f9_80b3_9f6bf91dc491-5, groupId=Consumer-topic-aa81d40e_a184_45f9_80b3_9f6bf91dc491] (Re-)joining group
2025-08-12 17:21:46,506 INFO  [org.apa.kaf.cli.con.int.ConsumerCoordinator] (Thread-630) [Consumer clientId=consumer-Consumer-topic-aa81d40e_a184_45f9_80b3_9f6bf91dc491-5, groupId=Consumer-topic-aa81d40e_a184_45f9_80b3_9f6bf91dc491] Request joining group due to: need to re-join with the given member-id: consumer-Consumer-topic-aa81d40e_a184_45f9_80b3_9f6bf91dc491-5-1c8a70dc-c353-430a-ad48-5308aa7562f5
2025-08-12 17:21:46,506 INFO  [org.apa.kaf.cli.con.int.ConsumerCoordinator] (Thread-630) [Consumer clientId=consumer-Consumer-topic-aa81d40e_a184_45f9_80b3_9f6bf91dc491-5, groupId=Consumer-topic-aa81d40e_a184_45f9_80b3_9f6bf91dc491] (Re-)joining group
2025-08-12 17:21:47,493 INFO  [io.api.tes.ser.api.KafkaSerdesTester] (Thread-630) None found
2025-08-12 17:21:48,494 INFO  [io.api.tes.ser.api.KafkaSerdesTester] (Thread-630) None found
2025-08-12 17:21:49,494 INFO  [io.api.tes.ser.api.KafkaSerdesTester] (Thread-630) None found
2025-08-12 17:21:49,508 INFO  [org.apa.kaf.cli.con.int.ConsumerCoordinator] (Thread-630) [Consumer clientId=consumer-Consumer-topic-aa81d40e_a184_45f9_80b3_9f6bf91dc491-5, groupId=Consumer-topic-aa81d40e_a184_45f9_80b3_9f6bf91dc491] Successfully joined group with generation Generation{generationId=1, memberId='consumer-Consumer-topic-aa81d40e_a184_45f9_80b3_9f6bf91dc491-5-1c8a70dc-c353-430a-ad48-5308aa7562f5', protocol='range'}
2025-08-12 17:21:49,509 INFO  [org.apa.kaf.cli.con.int.ConsumerCoordinator] (Thread-630) [Consumer clientId=consumer-Consumer-topic-aa81d40e_a184_45f9_80b3_9f6bf91dc491-5, groupId=Consumer-topic-aa81d40e_a184_45f9_80b3_9f6bf91dc491] Finished assignment for group at generation 1: {consumer-Consumer-topic-aa81d40e_a184_45f9_80b3_9f6bf91dc491-5-1c8a70dc-c353-430a-ad48-5308aa7562f5=Assignment(partitions=[topic-aa81d40e_a184_45f9_80b3_9f6bf91dc491-0])}
2025-08-12 17:21:49,516 INFO  [org.apa.kaf.cli.con.int.ConsumerCoordinator] (Thread-630) [Consumer clientId=consumer-Consumer-topic-aa81d40e_a184_45f9_80b3_9f6bf91dc491-5, groupId=Consumer-topic-aa81d40e_a184_45f9_80b3_9f6bf91dc491] Successfully synced group in generation Generation{generationId=1, memberId='consumer-Consumer-topic-aa81d40e_a184_45f9_80b3_9f6bf91dc491-5-1c8a70dc-c353-430a-ad48-5308aa7562f5', protocol='range'}
2025-08-12 17:21:49,516 INFO  [org.apa.kaf.cli.con.int.ConsumerCoordinator] (Thread-630) [Consumer clientId=consumer-Consumer-topic-aa81d40e_a184_45f9_80b3_9f6bf91dc491-5, groupId=Consumer-topic-aa81d40e_a184_45f9_80b3_9f6bf91dc491] Notifying assignor about the new Assignment(partitions=[topic-aa81d40e_a184_45f9_80b3_9f6bf91dc491-0])
2025-08-12 17:21:49,516 INFO  [org.apa.kaf.cli.con.int.ConsumerRebalanceListenerInvoker] (Thread-630) [Consumer clientId=consumer-Consumer-topic-aa81d40e_a184_45f9_80b3_9f6bf91dc491-5, groupId=Consumer-topic-aa81d40e_a184_45f9_80b3_9f6bf91dc491] Adding newly assigned partitions: topic-aa81d40e_a184_45f9_80b3_9f6bf91dc491-0
2025-08-12 17:21:49,518 INFO  [org.apa.kaf.cli.con.int.ConsumerCoordinator] (Thread-630) [Consumer clientId=consumer-Consumer-topic-aa81d40e_a184_45f9_80b3_9f6bf91dc491-5, groupId=Consumer-topic-aa81d40e_a184_45f9_80b3_9f6bf91dc491] Found no committed offset for partition topic-aa81d40e_a184_45f9_80b3_9f6bf91dc491-0
2025-08-12 17:21:49,523 INFO  [org.apa.kaf.cli.con.int.SubscriptionState] (Thread-630) [Consumer clientId=consumer-Consumer-topic-aa81d40e_a184_45f9_80b3_9f6bf91dc491-5, groupId=Consumer-topic-aa81d40e_a184_45f9_80b3_9f6bf91dc491] Resetting offset for partition topic-aa81d40e_a184_45f9_80b3_9f6bf91dc491-0 to position FetchPosition{offset=0, offsetEpoch=Optional.empty, currentLeader=LeaderAndEpoch{leader=Optional[localhost:32769 (id: 0 rack: null)], epoch=0}}.
2025-08-12 17:21:49,652 INFO  [io.api.tes.ser.api.KafkaSerdesTester] (Thread-630) topic-aa81d40e_a184_45f9_80b3_9f6bf91dc491 0 0 {"key11755019305129": "value-0"}
2025-08-12 17:21:49,652 INFO  [io.api.tes.ser.api.KafkaSerdesTester] (Thread-630) topic-aa81d40e_a184_45f9_80b3_9f6bf91dc491 0 1 {"key11755019305129": "value-1"}
2025-08-12 17:21:49,652 INFO  [io.api.tes.ser.api.KafkaSerdesTester] (Thread-630) topic-aa81d40e_a184_45f9_80b3_9f6bf91dc491 0 2 {"key11755019305129": "value-2"}
2025-08-12 17:21:49,652 INFO  [io.api.tes.ser.api.KafkaSerdesTester] (Thread-630) topic-aa81d40e_a184_45f9_80b3_9f6bf91dc491 0 3 {"key11755019305129": "value-3"}
2025-08-12 17:21:49,652 INFO  [io.api.tes.ser.api.KafkaSerdesTester] (Thread-630) topic-aa81d40e_a184_45f9_80b3_9f6bf91dc491 0 4 {"key11755019305129": "value-4"}
2025-08-12 17:21:49,652 INFO  [io.api.tes.ser.api.KafkaSerdesTester] (Thread-630) topic-aa81d40e_a184_45f9_80b3_9f6bf91dc491 0 5 {"key11755019305129": "value-5"}
2025-08-12 17:21:49,652 INFO  [io.api.tes.ser.api.KafkaSerdesTester] (Thread-630) topic-aa81d40e_a184_45f9_80b3_9f6bf91dc491 0 6 {"key11755019305129": "value-6"}
2025-08-12 17:21:49,652 INFO  [io.api.tes.ser.api.KafkaSerdesTester] (Thread-630) topic-aa81d40e_a184_45f9_80b3_9f6bf91dc491 0 7 {"key11755019305129": "value-7"}
2025-08-12 17:21:49,652 INFO  [io.api.tes.ser.api.KafkaSerdesTester] (Thread-630) topic-aa81d40e_a184_45f9_80b3_9f6bf91dc491 0 8 {"key11755019305129": "value-8"}
2025-08-12 17:21:49,652 INFO  [io.api.tes.ser.api.KafkaSerdesTester] (Thread-630) topic-aa81d40e_a184_45f9_80b3_9f6bf91dc491 0 9 {"key11755019305129": "value-9"}
2025-08-12 17:21:49,652 INFO  [io.api.tes.ser.api.KafkaSerdesTester] (Thread-630) Consumed 10 messages
2025-08-12 17:21:49,660 INFO  [org.apa.kaf.cli.con.int.ConsumerRebalanceListenerInvoker] (Thread-630) [Consumer clientId=consumer-Consumer-topic-aa81d40e_a184_45f9_80b3_9f6bf91dc491-5, groupId=Consumer-topic-aa81d40e_a184_45f9_80b3_9f6bf91dc491] Revoke previously assigned partitions topic-aa81d40e_a184_45f9_80b3_9f6bf91dc491-0
2025-08-12 17:21:49,660 INFO  [org.apa.kaf.cli.con.int.ConsumerCoordinator] (Thread-630) [Consumer clientId=consumer-Consumer-topic-aa81d40e_a184_45f9_80b3_9f6bf91dc491-5, groupId=Consumer-topic-aa81d40e_a184_45f9_80b3_9f6bf91dc491] Member consumer-Consumer-topic-aa81d40e_a184_45f9_80b3_9f6bf91dc491-5-1c8a70dc-c353-430a-ad48-5308aa7562f5 sending LeaveGroup request to coordinator localhost:32769 (id: 2147483647 rack: null) due to the consumer is being closed
2025-08-12 17:21:49,662 INFO  [org.apa.kaf.cli.con.int.ConsumerCoordinator] (Thread-630) [Consumer clientId=consumer-Consumer-topic-aa81d40e_a184_45f9_80b3_9f6bf91dc491-5, groupId=Consumer-topic-aa81d40e_a184_45f9_80b3_9f6bf91dc491] Resetting generation and member id due to: consumer pro-actively leaving the group
2025-08-12 17:21:49,662 INFO  [org.apa.kaf.cli.con.int.ConsumerCoordinator] (Thread-630) [Consumer clientId=consumer-Consumer-topic-aa81d40e_a184_45f9_80b3_9f6bf91dc491-5, groupId=Consumer-topic-aa81d40e_a184_45f9_80b3_9f6bf91dc491] Request joining group due to: consumer pro-actively leaving the group
2025-08-12 17:21:50,156 INFO  [org.apa.kaf.com.met.Metrics] (Thread-630) Metrics scheduler closed
2025-08-12 17:21:50,156 INFO  [org.apa.kaf.com.met.Metrics] (Thread-630) Closing reporter org.apache.kafka.common.metrics.JmxReporter
2025-08-12 17:21:50,156 INFO  [org.apa.kaf.com.met.Metrics] (Thread-630) Closing reporter org.apache.kafka.common.telemetry.internals.ClientTelemetryReporter
2025-08-12 17:21:50,156 INFO  [org.apa.kaf.com.met.Metrics] (Thread-630) Metrics reporters closed
2025-08-12 17:21:50,159 INFO  [org.apa.kaf.com.uti.AppInfoParser] (Thread-630) App info kafka.consumer for consumer-Consumer-topic-aa81d40e_a184_45f9_80b3_9f6bf91dc491-5 unregistered
2025-08-12 17:21:50,160 INFO  [io.api.tes.uti.TestSeparator] (main) io.apicurio.tests.serdes.apicurio.AvroSerdeIT.testRecordIdStrategydFindLatest-FINISHED
2025-08-12 17:21:50,160 INFO  [io.api.tes.uti.TestSeparator] (main) ############################################################################
Test passed: testRecordIdStrategydFindLatest
]]></system-out>
  </testcase>
  <testcase name="testReflectAutoRegister" classname="io.apicurio.tests.serdes.apicurio.AvroSerdeIT" time="4.13">
    <system-out><![CDATA[2025-08-12 17:21:50,162 INFO  [io.api.tes.uti.TestSeparator] (main) ############################################################################
2025-08-12 17:21:50,162 INFO  [io.api.tes.uti.TestSeparator] (main) io.apicurio.tests.serdes.apicurio.AvroSerdeIT.testReflectAutoRegister-STARTED
**** Registry Base URL: http://registry-app-mysql.apps.ci419.apicurio-testing.org:80
2025-08-12 17:21:50,164 INFO  [org.apa.kaf.cli.pro.ProducerConfig] (main) ProducerConfig values: 
	acks = -1
	auto.include.jmx.reporter = true
	batch.size = 16384
	bootstrap.servers = [PLAINTEXT://localhost:32769]
	buffer.memory = 33554432
	client.dns.lookup = use_all_dns_ips
	client.id = Producer-topic-07a38cc3_16ed_40c4_acac_ae84e22df91e
	compression.gzip.level = -1
	compression.lz4.level = 9
	compression.type = none
	compression.zstd.level = 3
	connections.max.idle.ms = 10000
	delivery.timeout.ms = 120000
	enable.idempotence = true
	enable.metrics.push = true
	interceptor.classes = []
	key.serializer = class org.apache.kafka.common.serialization.StringSerializer
	linger.ms = 0
	max.block.ms = 60000
	max.in.flight.requests.per.connection = 5
	max.request.size = 1048576
	metadata.max.age.ms = 300000
	metadata.max.idle.ms = 300000
	metadata.recovery.strategy = none
	metric.reporters = []
	metrics.num.samples = 2
	metrics.recording.level = INFO
	metrics.sample.window.ms = 30000
	partitioner.adaptive.partitioning.enable = true
	partitioner.availability.timeout.ms = 0
	partitioner.class = null
	partitioner.ignore.keys = false
	receive.buffer.bytes = 32768
	reconnect.backoff.max.ms = 1000
	reconnect.backoff.ms = 50
	request.timeout.ms = 5000
	retries = 2147483647
	retry.backoff.max.ms = 1000
	retry.backoff.ms = 100
	sasl.client.callback.handler.class = null
	sasl.jaas.config = null
	sasl.kerberos.kinit.cmd = /usr/bin/kinit
	sasl.kerberos.min.time.before.relogin = 60000
	sasl.kerberos.service.name = null
	sasl.kerberos.ticket.renew.jitter = 0.05
	sasl.kerberos.ticket.renew.window.factor = 0.8
	sasl.login.callback.handler.class = null
	sasl.login.class = null
	sasl.login.connect.timeout.ms = null
	sasl.login.read.timeout.ms = null
	sasl.login.refresh.buffer.seconds = 300
	sasl.login.refresh.min.period.seconds = 60
	sasl.login.refresh.window.factor = 0.8
	sasl.login.refresh.window.jitter = 0.05
	sasl.login.retry.backoff.max.ms = 10000
	sasl.login.retry.backoff.ms = 100
	sasl.mechanism = GSSAPI
	sasl.oauthbearer.clock.skew.seconds = 30
	sasl.oauthbearer.expected.audience = null
	sasl.oauthbearer.expected.issuer = null
	sasl.oauthbearer.header.urlencode = false
	sasl.oauthbearer.jwks.endpoint.refresh.ms = 3600000
	sasl.oauthbearer.jwks.endpoint.retry.backoff.max.ms = 10000
	sasl.oauthbearer.jwks.endpoint.retry.backoff.ms = 100
	sasl.oauthbearer.jwks.endpoint.url = null
	sasl.oauthbearer.scope.claim.name = scope
	sasl.oauthbearer.sub.claim.name = sub
	sasl.oauthbearer.token.endpoint.url = null
	security.protocol = PLAINTEXT
	security.providers = null
	send.buffer.bytes = 131072
	socket.connection.setup.timeout.max.ms = 30000
	socket.connection.setup.timeout.ms = 10000
	ssl.cipher.suites = null
	ssl.enabled.protocols = [TLSv1.2, TLSv1.3]
	ssl.endpoint.identification.algorithm = https
	ssl.engine.factory.class = null
	ssl.key.password = null
	ssl.keymanager.algorithm = SunX509
	ssl.keystore.certificate.chain = null
	ssl.keystore.key = null
	ssl.keystore.location = null
	ssl.keystore.password = null
	ssl.keystore.type = JKS
	ssl.protocol = TLSv1.3
	ssl.provider = null
	ssl.secure.random.implementation = null
	ssl.trustmanager.algorithm = PKIX
	ssl.truststore.certificates = null
	ssl.truststore.location = null
	ssl.truststore.password = null
	ssl.truststore.type = JKS
	transaction.timeout.ms = 60000
	transactional.id = null
	value.serializer = class io.apicurio.registry.serde.avro.AvroKafkaSerializer

2025-08-12 17:21:50,166 INFO  [org.apa.kaf.com.tel.int.KafkaMetricsCollector] (main) initializing Kafka metrics collector
2025-08-12 17:21:50,181 INFO  [org.apa.kaf.cli.pro.KafkaProducer] (main) [Producer clientId=Producer-topic-07a38cc3_16ed_40c4_acac_ae84e22df91e] Instantiated an idempotent producer.
2025-08-12 17:21:50,183 INFO  [org.apa.kaf.cli.pro.ProducerConfig] (main) These configurations '[apicurio.registry.url, apicurio.registry.auto-register, apicurio.registry.artifact-resolver-strategy, apicurio.registry.avro-datum-provider]' were supplied but are not used yet.
2025-08-12 17:21:50,184 INFO  [org.apa.kaf.com.uti.AppInfoParser] (main) Kafka version: 3.9.1
2025-08-12 17:21:50,184 INFO  [org.apa.kaf.com.uti.AppInfoParser] (main) Kafka commitId: f745dfdcee2b9851
2025-08-12 17:21:50,184 INFO  [org.apa.kaf.com.uti.AppInfoParser] (main) Kafka startTimeMs: 1755019310183
2025-08-12 17:21:50,185 INFO  [io.api.tes.ser.api.SimpleSerdesTesterBuilder$SimpleSerdesTester] (main) Using producer configuration: {apicurio.registry.url=http://registry-app-mysql.apps.ci419.apicurio-testing.org:80/apis/registry/v3, apicurio.registry.auto-register=true, apicurio.registry.artifact-resolver-strategy=io.apicurio.registry.serde.strategy.TopicIdStrategy, value.serializer=io.apicurio.registry.serde.avro.AvroKafkaSerializer, request.timeout.ms=5000, acks=all, bootstrap.servers=PLAINTEXT://localhost:32769, connections.max.idle.ms=10000, key.serializer=org.apache.kafka.common.serialization.StringSerializer, apicurio.registry.avro-datum-provider=io.apicurio.registry.serde.avro.ReflectAvroDatumProvider, client.id=Producer-topic-07a38cc3_16ed_40c4_acac_ae84e22df91e}
2025-08-12 17:21:50,185 INFO  [io.api.tes.ser.api.SimpleSerdesTesterBuilder$SimpleSerdesTester] (main) Using consumer configuration: {apicurio.registry.avro-datum-provider=io.apicurio.registry.serde.avro.ReflectAvroDatumProvider}
2025-08-12 17:21:50,185 INFO  [io.api.tes.ser.api.KafkaSerdesTester] (Thread-633) Sending message io.apicurio.tests.common.serdes.TestObject@3dbd29cb to topic topic-07a38cc3_16ed_40c4_acac_ae84e22df91e
2025-08-12 17:21:50,190 WARN  [org.apa.kaf.cli.NetworkClient] (kafka-producer-network-thread | Producer-topic-07a38cc3_16ed_40c4_acac_ae84e22df91e) [Producer clientId=Producer-topic-07a38cc3_16ed_40c4_acac_ae84e22df91e] The metadata response from the cluster reported a recoverable issue with correlation id 1 : {topic-07a38cc3_16ed_40c4_acac_ae84e22df91e=UNKNOWN_TOPIC_OR_PARTITION}
2025-08-12 17:21:50,190 INFO  [org.apa.kaf.cli.Metadata] (kafka-producer-network-thread | Producer-topic-07a38cc3_16ed_40c4_acac_ae84e22df91e) [Producer clientId=Producer-topic-07a38cc3_16ed_40c4_acac_ae84e22df91e] Cluster ID: 7o-lMpHSRFKHq4uTXFQncw
2025-08-12 17:21:50,190 INFO  [org.apa.kaf.cli.pro.int.TransactionManager] (kafka-producer-network-thread | Producer-topic-07a38cc3_16ed_40c4_acac_ae84e22df91e) [Producer clientId=Producer-topic-07a38cc3_16ed_40c4_acac_ae84e22df91e] ProducerId set to 6 with epoch 0
2025-08-12 17:21:50,434 INFO  [io.api.tes.ser.api.KafkaSerdesTester] (Thread-633) Sending message io.apicurio.tests.common.serdes.TestObject@3dbd29cb to topic topic-07a38cc3_16ed_40c4_acac_ae84e22df91e
2025-08-12 17:21:50,436 INFO  [io.api.tes.ser.api.KafkaSerdesTester] (Thread-633) Sending message io.apicurio.tests.common.serdes.TestObject@3dbd29cb to topic topic-07a38cc3_16ed_40c4_acac_ae84e22df91e
2025-08-12 17:21:50,439 INFO  [io.api.tes.ser.api.KafkaSerdesTester] (Thread-633) Sending message io.apicurio.tests.common.serdes.TestObject@3dbd29cb to topic topic-07a38cc3_16ed_40c4_acac_ae84e22df91e
2025-08-12 17:21:50,444 INFO  [io.api.tes.ser.api.KafkaSerdesTester] (Thread-633) Sending message io.apicurio.tests.common.serdes.TestObject@3dbd29cb to topic topic-07a38cc3_16ed_40c4_acac_ae84e22df91e
2025-08-12 17:21:50,448 INFO  [io.api.tes.ser.api.KafkaSerdesTester] (Thread-633) Sending message io.apicurio.tests.common.serdes.TestObject@3dbd29cb to topic topic-07a38cc3_16ed_40c4_acac_ae84e22df91e
2025-08-12 17:21:50,451 INFO  [io.api.tes.ser.api.KafkaSerdesTester] (Thread-633) Sending message io.apicurio.tests.common.serdes.TestObject@3dbd29cb to topic topic-07a38cc3_16ed_40c4_acac_ae84e22df91e
2025-08-12 17:21:50,456 INFO  [io.api.tes.ser.api.KafkaSerdesTester] (Thread-633) Sending message io.apicurio.tests.common.serdes.TestObject@3dbd29cb to topic topic-07a38cc3_16ed_40c4_acac_ae84e22df91e
2025-08-12 17:21:50,461 INFO  [io.api.tes.ser.api.KafkaSerdesTester] (Thread-633) Sending message io.apicurio.tests.common.serdes.TestObject@3dbd29cb to topic topic-07a38cc3_16ed_40c4_acac_ae84e22df91e
2025-08-12 17:21:50,463 INFO  [io.api.tes.ser.api.KafkaSerdesTester] (Thread-633) Sending message io.apicurio.tests.common.serdes.TestObject@3dbd29cb to topic topic-07a38cc3_16ed_40c4_acac_ae84e22df91e
2025-08-12 17:21:50,467 INFO  [io.api.tes.ser.api.KafkaSerdesTester] (Thread-633) Produced 10 messages
2025-08-12 17:21:50,467 INFO  [org.apa.kaf.cli.pro.KafkaProducer] (Thread-633) [Producer clientId=Producer-topic-07a38cc3_16ed_40c4_acac_ae84e22df91e] Closing the Kafka producer with timeoutMillis = 9223372036854775807 ms.
2025-08-12 17:21:50,472 INFO  [org.apa.kaf.com.met.Metrics] (Thread-633) Metrics scheduler closed
2025-08-12 17:21:50,473 INFO  [org.apa.kaf.com.met.Metrics] (Thread-633) Closing reporter org.apache.kafka.common.metrics.JmxReporter
2025-08-12 17:21:50,473 INFO  [org.apa.kaf.com.met.Metrics] (Thread-633) Closing reporter org.apache.kafka.common.telemetry.internals.ClientTelemetryReporter
2025-08-12 17:21:50,473 INFO  [org.apa.kaf.com.met.Metrics] (Thread-633) Metrics reporters closed
2025-08-12 17:21:50,473 INFO  [org.apa.kaf.com.uti.AppInfoParser] (Thread-633) App info kafka.producer for Producer-topic-07a38cc3_16ed_40c4_acac_ae84e22df91e unregistered
**** Registry Base URL: http://registry-app-mysql.apps.ci419.apicurio-testing.org:80
2025-08-12 17:21:50,614 INFO  [org.apa.kaf.cli.con.ConsumerConfig] (main) ConsumerConfig values: 
	allow.auto.create.topics = true
	auto.commit.interval.ms = 500
	auto.include.jmx.reporter = true
	auto.offset.reset = earliest
	bootstrap.servers = [PLAINTEXT://localhost:32769]
	check.crcs = true
	client.dns.lookup = use_all_dns_ips
	client.id = consumer-Consumer-topic-07a38cc3_16ed_40c4_acac_ae84e22df91e-6
	client.rack = 
	connections.max.idle.ms = 10000
	default.api.timeout.ms = 60000
	enable.auto.commit = true
	enable.metrics.push = true
	exclude.internal.topics = true
	fetch.max.bytes = 52428800
	fetch.max.wait.ms = 500
	fetch.min.bytes = 1
	group.id = Consumer-topic-07a38cc3_16ed_40c4_acac_ae84e22df91e
	group.instance.id = null
	group.protocol = classic
	group.remote.assignor = null
	heartbeat.interval.ms = 3000
	interceptor.classes = []
	internal.leave.group.on.close = true
	internal.throw.on.fetch.stable.offset.unsupported = false
	isolation.level = read_uncommitted
	key.deserializer = class org.apache.kafka.common.serialization.StringDeserializer
	max.partition.fetch.bytes = 1048576
	max.poll.interval.ms = 300000
	max.poll.records = 500
	metadata.max.age.ms = 300000
	metadata.recovery.strategy = none
	metric.reporters = []
	metrics.num.samples = 2
	metrics.recording.level = INFO
	metrics.sample.window.ms = 30000
	partition.assignment.strategy = [class org.apache.kafka.clients.consumer.RangeAssignor, class org.apache.kafka.clients.consumer.CooperativeStickyAssignor]
	receive.buffer.bytes = 65536
	reconnect.backoff.max.ms = 1000
	reconnect.backoff.ms = 50
	request.timeout.ms = 5000
	retry.backoff.max.ms = 1000
	retry.backoff.ms = 100
	sasl.client.callback.handler.class = null
	sasl.jaas.config = null
	sasl.kerberos.kinit.cmd = /usr/bin/kinit
	sasl.kerberos.min.time.before.relogin = 60000
	sasl.kerberos.service.name = null
	sasl.kerberos.ticket.renew.jitter = 0.05
	sasl.kerberos.ticket.renew.window.factor = 0.8
	sasl.login.callback.handler.class = null
	sasl.login.class = null
	sasl.login.connect.timeout.ms = null
	sasl.login.read.timeout.ms = null
	sasl.login.refresh.buffer.seconds = 300
	sasl.login.refresh.min.period.seconds = 60
	sasl.login.refresh.window.factor = 0.8
	sasl.login.refresh.window.jitter = 0.05
	sasl.login.retry.backoff.max.ms = 10000
	sasl.login.retry.backoff.ms = 100
	sasl.mechanism = GSSAPI
	sasl.oauthbearer.clock.skew.seconds = 30
	sasl.oauthbearer.expected.audience = null
	sasl.oauthbearer.expected.issuer = null
	sasl.oauthbearer.header.urlencode = false
	sasl.oauthbearer.jwks.endpoint.refresh.ms = 3600000
	sasl.oauthbearer.jwks.endpoint.retry.backoff.max.ms = 10000
	sasl.oauthbearer.jwks.endpoint.retry.backoff.ms = 100
	sasl.oauthbearer.jwks.endpoint.url = null
	sasl.oauthbearer.scope.claim.name = scope
	sasl.oauthbearer.sub.claim.name = sub
	sasl.oauthbearer.token.endpoint.url = null
	security.protocol = PLAINTEXT
	security.providers = null
	send.buffer.bytes = 131072
	session.timeout.ms = 45000
	socket.connection.setup.timeout.max.ms = 30000
	socket.connection.setup.timeout.ms = 10000
	ssl.cipher.suites = null
	ssl.enabled.protocols = [TLSv1.2, TLSv1.3]
	ssl.endpoint.identification.algorithm = https
	ssl.engine.factory.class = null
	ssl.key.password = null
	ssl.keymanager.algorithm = SunX509
	ssl.keystore.certificate.chain = null
	ssl.keystore.key = null
	ssl.keystore.location = null
	ssl.keystore.password = null
	ssl.keystore.type = JKS
	ssl.protocol = TLSv1.3
	ssl.provider = null
	ssl.secure.random.implementation = null
	ssl.trustmanager.algorithm = PKIX
	ssl.truststore.certificates = null
	ssl.truststore.location = null
	ssl.truststore.password = null
	ssl.truststore.type = JKS
	value.deserializer = class io.apicurio.registry.serde.avro.AvroKafkaDeserializer

2025-08-12 17:21:50,614 INFO  [org.apa.kaf.com.tel.int.KafkaMetricsCollector] (main) initializing Kafka metrics collector
2025-08-12 17:21:50,620 INFO  [org.apa.kaf.cli.con.ConsumerConfig] (main) These configurations '[apicurio.registry.url, apicurio.registry.avro-datum-provider]' were supplied but are not used yet.
2025-08-12 17:21:50,620 INFO  [org.apa.kaf.com.uti.AppInfoParser] (main) Kafka version: 3.9.1
2025-08-12 17:21:50,620 INFO  [org.apa.kaf.com.uti.AppInfoParser] (main) Kafka commitId: f745dfdcee2b9851
2025-08-12 17:21:50,620 INFO  [org.apa.kaf.com.uti.AppInfoParser] (main) Kafka startTimeMs: 1755019310620
2025-08-12 17:21:50,620 INFO  [org.apa.kaf.cli.con.int.ClassicKafkaConsumer] (Thread-636) [Consumer clientId=consumer-Consumer-topic-07a38cc3_16ed_40c4_acac_ae84e22df91e-6, groupId=Consumer-topic-07a38cc3_16ed_40c4_acac_ae84e22df91e] Subscribed to topic(s): topic-07a38cc3_16ed_40c4_acac_ae84e22df91e
2025-08-12 17:21:50,627 INFO  [org.apa.kaf.cli.Metadata] (Thread-636) [Consumer clientId=consumer-Consumer-topic-07a38cc3_16ed_40c4_acac_ae84e22df91e-6, groupId=Consumer-topic-07a38cc3_16ed_40c4_acac_ae84e22df91e] Cluster ID: 7o-lMpHSRFKHq4uTXFQncw
2025-08-12 17:21:50,627 INFO  [org.apa.kaf.cli.con.int.ConsumerCoordinator] (Thread-636) [Consumer clientId=consumer-Consumer-topic-07a38cc3_16ed_40c4_acac_ae84e22df91e-6, groupId=Consumer-topic-07a38cc3_16ed_40c4_acac_ae84e22df91e] Discovered group coordinator localhost:32769 (id: 2147483647 rack: null)
2025-08-12 17:21:50,629 INFO  [org.apa.kaf.cli.con.int.ConsumerCoordinator] (Thread-636) [Consumer clientId=consumer-Consumer-topic-07a38cc3_16ed_40c4_acac_ae84e22df91e-6, groupId=Consumer-topic-07a38cc3_16ed_40c4_acac_ae84e22df91e] (Re-)joining group
2025-08-12 17:21:50,634 INFO  [org.apa.kaf.cli.con.int.ConsumerCoordinator] (Thread-636) [Consumer clientId=consumer-Consumer-topic-07a38cc3_16ed_40c4_acac_ae84e22df91e-6, groupId=Consumer-topic-07a38cc3_16ed_40c4_acac_ae84e22df91e] Request joining group due to: need to re-join with the given member-id: consumer-Consumer-topic-07a38cc3_16ed_40c4_acac_ae84e22df91e-6-4003ad35-0fdb-4fc3-8c5f-27c3f8068f81
2025-08-12 17:21:50,635 INFO  [org.apa.kaf.cli.con.int.ConsumerCoordinator] (Thread-636) [Consumer clientId=consumer-Consumer-topic-07a38cc3_16ed_40c4_acac_ae84e22df91e-6, groupId=Consumer-topic-07a38cc3_16ed_40c4_acac_ae84e22df91e] (Re-)joining group
2025-08-12 17:21:51,620 INFO  [io.api.tes.ser.api.KafkaSerdesTester] (Thread-636) None found
2025-08-12 17:21:52,621 INFO  [io.api.tes.ser.api.KafkaSerdesTester] (Thread-636) None found
2025-08-12 17:21:53,621 INFO  [io.api.tes.ser.api.KafkaSerdesTester] (Thread-636) None found
2025-08-12 17:21:53,638 INFO  [org.apa.kaf.cli.con.int.ConsumerCoordinator] (Thread-636) [Consumer clientId=consumer-Consumer-topic-07a38cc3_16ed_40c4_acac_ae84e22df91e-6, groupId=Consumer-topic-07a38cc3_16ed_40c4_acac_ae84e22df91e] Successfully joined group with generation Generation{generationId=1, memberId='consumer-Consumer-topic-07a38cc3_16ed_40c4_acac_ae84e22df91e-6-4003ad35-0fdb-4fc3-8c5f-27c3f8068f81', protocol='range'}
2025-08-12 17:21:53,639 INFO  [org.apa.kaf.cli.con.int.ConsumerCoordinator] (Thread-636) [Consumer clientId=consumer-Consumer-topic-07a38cc3_16ed_40c4_acac_ae84e22df91e-6, groupId=Consumer-topic-07a38cc3_16ed_40c4_acac_ae84e22df91e] Finished assignment for group at generation 1: {consumer-Consumer-topic-07a38cc3_16ed_40c4_acac_ae84e22df91e-6-4003ad35-0fdb-4fc3-8c5f-27c3f8068f81=Assignment(partitions=[topic-07a38cc3_16ed_40c4_acac_ae84e22df91e-0])}
2025-08-12 17:21:53,646 INFO  [org.apa.kaf.cli.con.int.ConsumerCoordinator] (Thread-636) [Consumer clientId=consumer-Consumer-topic-07a38cc3_16ed_40c4_acac_ae84e22df91e-6, groupId=Consumer-topic-07a38cc3_16ed_40c4_acac_ae84e22df91e] Successfully synced group in generation Generation{generationId=1, memberId='consumer-Consumer-topic-07a38cc3_16ed_40c4_acac_ae84e22df91e-6-4003ad35-0fdb-4fc3-8c5f-27c3f8068f81', protocol='range'}
2025-08-12 17:21:53,646 INFO  [org.apa.kaf.cli.con.int.ConsumerCoordinator] (Thread-636) [Consumer clientId=consumer-Consumer-topic-07a38cc3_16ed_40c4_acac_ae84e22df91e-6, groupId=Consumer-topic-07a38cc3_16ed_40c4_acac_ae84e22df91e] Notifying assignor about the new Assignment(partitions=[topic-07a38cc3_16ed_40c4_acac_ae84e22df91e-0])
2025-08-12 17:21:53,646 INFO  [org.apa.kaf.cli.con.int.ConsumerRebalanceListenerInvoker] (Thread-636) [Consumer clientId=consumer-Consumer-topic-07a38cc3_16ed_40c4_acac_ae84e22df91e-6, groupId=Consumer-topic-07a38cc3_16ed_40c4_acac_ae84e22df91e] Adding newly assigned partitions: topic-07a38cc3_16ed_40c4_acac_ae84e22df91e-0
2025-08-12 17:21:53,647 INFO  [org.apa.kaf.cli.con.int.ConsumerCoordinator] (Thread-636) [Consumer clientId=consumer-Consumer-topic-07a38cc3_16ed_40c4_acac_ae84e22df91e-6, groupId=Consumer-topic-07a38cc3_16ed_40c4_acac_ae84e22df91e] Found no committed offset for partition topic-07a38cc3_16ed_40c4_acac_ae84e22df91e-0
2025-08-12 17:21:53,652 INFO  [org.apa.kaf.cli.con.int.SubscriptionState] (Thread-636) [Consumer clientId=consumer-Consumer-topic-07a38cc3_16ed_40c4_acac_ae84e22df91e-6, groupId=Consumer-topic-07a38cc3_16ed_40c4_acac_ae84e22df91e] Resetting offset for partition topic-07a38cc3_16ed_40c4_acac_ae84e22df91e-0 to position FetchPosition{offset=0, offsetEpoch=Optional.empty, currentLeader=LeaderAndEpoch{leader=Optional[localhost:32769 (id: 0 rack: null)], epoch=0}}.
2025-08-12 17:21:53,783 INFO  [io.api.tes.ser.api.KafkaSerdesTester] (Thread-636) topic-07a38cc3_16ed_40c4_acac_ae84e22df91e 0 0 io.apicurio.tests.common.serdes.TestObject@3dbd29cb
2025-08-12 17:21:53,783 INFO  [io.api.tes.ser.api.KafkaSerdesTester] (Thread-636) topic-07a38cc3_16ed_40c4_acac_ae84e22df91e 0 1 io.apicurio.tests.common.serdes.TestObject@3dbd29cb
2025-08-12 17:21:53,784 INFO  [io.api.tes.ser.api.KafkaSerdesTester] (Thread-636) topic-07a38cc3_16ed_40c4_acac_ae84e22df91e 0 2 io.apicurio.tests.common.serdes.TestObject@3dbd29cb
2025-08-12 17:21:53,784 INFO  [io.api.tes.ser.api.KafkaSerdesTester] (Thread-636) topic-07a38cc3_16ed_40c4_acac_ae84e22df91e 0 3 io.apicurio.tests.common.serdes.TestObject@3dbd29cb
2025-08-12 17:21:53,784 INFO  [io.api.tes.ser.api.KafkaSerdesTester] (Thread-636) topic-07a38cc3_16ed_40c4_acac_ae84e22df91e 0 4 io.apicurio.tests.common.serdes.TestObject@3dbd29cb
2025-08-12 17:21:53,784 INFO  [io.api.tes.ser.api.KafkaSerdesTester] (Thread-636) topic-07a38cc3_16ed_40c4_acac_ae84e22df91e 0 5 io.apicurio.tests.common.serdes.TestObject@3dbd29cb
2025-08-12 17:21:53,784 INFO  [io.api.tes.ser.api.KafkaSerdesTester] (Thread-636) topic-07a38cc3_16ed_40c4_acac_ae84e22df91e 0 6 io.apicurio.tests.common.serdes.TestObject@3dbd29cb
2025-08-12 17:21:53,784 INFO  [io.api.tes.ser.api.KafkaSerdesTester] (Thread-636) topic-07a38cc3_16ed_40c4_acac_ae84e22df91e 0 7 io.apicurio.tests.common.serdes.TestObject@3dbd29cb
2025-08-12 17:21:53,784 INFO  [io.api.tes.ser.api.KafkaSerdesTester] (Thread-636) topic-07a38cc3_16ed_40c4_acac_ae84e22df91e 0 8 io.apicurio.tests.common.serdes.TestObject@3dbd29cb
2025-08-12 17:21:53,784 INFO  [io.api.tes.ser.api.KafkaSerdesTester] (Thread-636) topic-07a38cc3_16ed_40c4_acac_ae84e22df91e 0 9 io.apicurio.tests.common.serdes.TestObject@3dbd29cb
2025-08-12 17:21:53,784 INFO  [io.api.tes.ser.api.KafkaSerdesTester] (Thread-636) Consumed 10 messages
2025-08-12 17:21:53,792 INFO  [org.apa.kaf.cli.con.int.ConsumerRebalanceListenerInvoker] (Thread-636) [Consumer clientId=consumer-Consumer-topic-07a38cc3_16ed_40c4_acac_ae84e22df91e-6, groupId=Consumer-topic-07a38cc3_16ed_40c4_acac_ae84e22df91e] Revoke previously assigned partitions topic-07a38cc3_16ed_40c4_acac_ae84e22df91e-0
2025-08-12 17:21:53,792 INFO  [org.apa.kaf.cli.con.int.ConsumerCoordinator] (Thread-636) [Consumer clientId=consumer-Consumer-topic-07a38cc3_16ed_40c4_acac_ae84e22df91e-6, groupId=Consumer-topic-07a38cc3_16ed_40c4_acac_ae84e22df91e] Member consumer-Consumer-topic-07a38cc3_16ed_40c4_acac_ae84e22df91e-6-4003ad35-0fdb-4fc3-8c5f-27c3f8068f81 sending LeaveGroup request to coordinator localhost:32769 (id: 2147483647 rack: null) due to the consumer is being closed
2025-08-12 17:21:53,792 INFO  [org.apa.kaf.cli.con.int.ConsumerCoordinator] (Thread-636) [Consumer clientId=consumer-Consumer-topic-07a38cc3_16ed_40c4_acac_ae84e22df91e-6, groupId=Consumer-topic-07a38cc3_16ed_40c4_acac_ae84e22df91e] Resetting generation and member id due to: consumer pro-actively leaving the group
2025-08-12 17:21:53,792 INFO  [org.apa.kaf.cli.con.int.ConsumerCoordinator] (Thread-636) [Consumer clientId=consumer-Consumer-topic-07a38cc3_16ed_40c4_acac_ae84e22df91e-6, groupId=Consumer-topic-07a38cc3_16ed_40c4_acac_ae84e22df91e] Request joining group due to: consumer pro-actively leaving the group
2025-08-12 17:21:54,287 INFO  [org.apa.kaf.com.met.Metrics] (Thread-636) Metrics scheduler closed
2025-08-12 17:21:54,287 INFO  [org.apa.kaf.com.met.Metrics] (Thread-636) Closing reporter org.apache.kafka.common.metrics.JmxReporter
2025-08-12 17:21:54,287 INFO  [org.apa.kaf.com.met.Metrics] (Thread-636) Closing reporter org.apache.kafka.common.telemetry.internals.ClientTelemetryReporter
2025-08-12 17:21:54,287 INFO  [org.apa.kaf.com.met.Metrics] (Thread-636) Metrics reporters closed
2025-08-12 17:21:54,289 INFO  [org.apa.kaf.com.uti.AppInfoParser] (Thread-636) App info kafka.consumer for consumer-Consumer-topic-07a38cc3_16ed_40c4_acac_ae84e22df91e-6 unregistered
2025-08-12 17:21:54,290 INFO  [io.api.tes.uti.TestSeparator] (main) io.apicurio.tests.serdes.apicurio.AvroSerdeIT.testReflectAutoRegister-FINISHED
2025-08-12 17:21:54,290 INFO  [io.api.tes.uti.TestSeparator] (main) ############################################################################
Test passed: testReflectAutoRegister
]]></system-out>
  </testcase>
  <testcase name="testArtifactNotFound" classname="io.apicurio.tests.serdes.apicurio.AvroSerdeIT" time="0.28">
    <system-out><![CDATA[2025-08-12 17:21:54,293 INFO  [io.api.tes.uti.TestSeparator] (main) ############################################################################
2025-08-12 17:21:54,293 INFO  [io.api.tes.uti.TestSeparator] (main) io.apicurio.tests.serdes.apicurio.AvroSerdeIT.testArtifactNotFound-STARTED
**** Registry Base URL: http://registry-app-mysql.apps.ci419.apicurio-testing.org:80
2025-08-12 17:21:54,295 INFO  [org.apa.kaf.cli.pro.ProducerConfig] (main) ProducerConfig values: 
	acks = -1
	auto.include.jmx.reporter = true
	batch.size = 16384
	bootstrap.servers = [PLAINTEXT://localhost:32769]
	buffer.memory = 33554432
	client.dns.lookup = use_all_dns_ips
	client.id = Producer-s5e2443d9x23d2x4bf7x865fx455aa429b915
	compression.gzip.level = -1
	compression.lz4.level = 9
	compression.type = none
	compression.zstd.level = 3
	connections.max.idle.ms = 10000
	delivery.timeout.ms = 120000
	enable.idempotence = true
	enable.metrics.push = true
	interceptor.classes = []
	key.serializer = class org.apache.kafka.common.serialization.StringSerializer
	linger.ms = 0
	max.block.ms = 60000
	max.in.flight.requests.per.connection = 5
	max.request.size = 1048576
	metadata.max.age.ms = 300000
	metadata.max.idle.ms = 300000
	metadata.recovery.strategy = none
	metric.reporters = []
	metrics.num.samples = 2
	metrics.recording.level = INFO
	metrics.sample.window.ms = 30000
	partitioner.adaptive.partitioning.enable = true
	partitioner.availability.timeout.ms = 0
	partitioner.class = null
	partitioner.ignore.keys = false
	receive.buffer.bytes = 32768
	reconnect.backoff.max.ms = 1000
	reconnect.backoff.ms = 50
	request.timeout.ms = 5000
	retries = 2147483647
	retry.backoff.max.ms = 1000
	retry.backoff.ms = 100
	sasl.client.callback.handler.class = null
	sasl.jaas.config = null
	sasl.kerberos.kinit.cmd = /usr/bin/kinit
	sasl.kerberos.min.time.before.relogin = 60000
	sasl.kerberos.service.name = null
	sasl.kerberos.ticket.renew.jitter = 0.05
	sasl.kerberos.ticket.renew.window.factor = 0.8
	sasl.login.callback.handler.class = null
	sasl.login.class = null
	sasl.login.connect.timeout.ms = null
	sasl.login.read.timeout.ms = null
	sasl.login.refresh.buffer.seconds = 300
	sasl.login.refresh.min.period.seconds = 60
	sasl.login.refresh.window.factor = 0.8
	sasl.login.refresh.window.jitter = 0.05
	sasl.login.retry.backoff.max.ms = 10000
	sasl.login.retry.backoff.ms = 100
	sasl.mechanism = GSSAPI
	sasl.oauthbearer.clock.skew.seconds = 30
	sasl.oauthbearer.expected.audience = null
	sasl.oauthbearer.expected.issuer = null
	sasl.oauthbearer.header.urlencode = false
	sasl.oauthbearer.jwks.endpoint.refresh.ms = 3600000
	sasl.oauthbearer.jwks.endpoint.retry.backoff.max.ms = 10000
	sasl.oauthbearer.jwks.endpoint.retry.backoff.ms = 100
	sasl.oauthbearer.jwks.endpoint.url = null
	sasl.oauthbearer.scope.claim.name = scope
	sasl.oauthbearer.sub.claim.name = sub
	sasl.oauthbearer.token.endpoint.url = null
	security.protocol = PLAINTEXT
	security.providers = null
	send.buffer.bytes = 131072
	socket.connection.setup.timeout.max.ms = 30000
	socket.connection.setup.timeout.ms = 10000
	ssl.cipher.suites = null
	ssl.enabled.protocols = [TLSv1.2, TLSv1.3]
	ssl.endpoint.identification.algorithm = https
	ssl.engine.factory.class = null
	ssl.key.password = null
	ssl.keymanager.algorithm = SunX509
	ssl.keystore.certificate.chain = null
	ssl.keystore.key = null
	ssl.keystore.location = null
	ssl.keystore.password = null
	ssl.keystore.type = JKS
	ssl.protocol = TLSv1.3
	ssl.provider = null
	ssl.secure.random.implementation = null
	ssl.trustmanager.algorithm = PKIX
	ssl.truststore.certificates = null
	ssl.truststore.location = null
	ssl.truststore.password = null
	ssl.truststore.type = JKS
	transaction.timeout.ms = 60000
	transactional.id = null
	value.serializer = class io.apicurio.registry.serde.avro.AvroKafkaSerializer

2025-08-12 17:21:54,295 INFO  [org.apa.kaf.com.tel.int.KafkaMetricsCollector] (main) initializing Kafka metrics collector
2025-08-12 17:21:54,301 INFO  [org.apa.kaf.cli.pro.KafkaProducer] (main) [Producer clientId=Producer-s5e2443d9x23d2x4bf7x865fx455aa429b915] Instantiated an idempotent producer.
2025-08-12 17:21:54,304 INFO  [org.apa.kaf.cli.pro.ProducerConfig] (main) These configurations '[apicurio.registry.url, apicurio.registry.artifact-resolver-strategy]' were supplied but are not used yet.
2025-08-12 17:21:54,304 INFO  [org.apa.kaf.com.uti.AppInfoParser] (main) Kafka version: 3.9.1
2025-08-12 17:21:54,304 INFO  [org.apa.kaf.com.uti.AppInfoParser] (main) Kafka commitId: f745dfdcee2b9851
2025-08-12 17:21:54,304 INFO  [org.apa.kaf.com.uti.AppInfoParser] (main) Kafka startTimeMs: 1755019314304
2025-08-12 17:21:54,310 INFO  [io.api.tes.ser.api.KafkaSerdesTester] (Thread-639) Sending message {"keyB": "value-0"} to topic s5e2443d9x23d2x4bf7x865fx455aa429b915
2025-08-12 17:21:54,314 WARN  [org.apa.kaf.cli.NetworkClient] (kafka-producer-network-thread | Producer-s5e2443d9x23d2x4bf7x865fx455aa429b915) [Producer clientId=Producer-s5e2443d9x23d2x4bf7x865fx455aa429b915] The metadata response from the cluster reported a recoverable issue with correlation id 1 : {s5e2443d9x23d2x4bf7x865fx455aa429b915=UNKNOWN_TOPIC_OR_PARTITION}
2025-08-12 17:21:54,314 INFO  [org.apa.kaf.cli.Metadata] (kafka-producer-network-thread | Producer-s5e2443d9x23d2x4bf7x865fx455aa429b915) [Producer clientId=Producer-s5e2443d9x23d2x4bf7x865fx455aa429b915] Cluster ID: 7o-lMpHSRFKHq4uTXFQncw
2025-08-12 17:21:54,315 INFO  [org.apa.kaf.cli.pro.int.TransactionManager] (kafka-producer-network-thread | Producer-s5e2443d9x23d2x4bf7x865fx455aa429b915) [Producer clientId=Producer-s5e2443d9x23d2x4bf7x865fx455aa429b915] ProducerId set to 7 with epoch 0
2025-08-12 17:21:54,424 INFO  [DefaultSchemaResolver] (Thread-639) Retrieving schema content using string: {"type":"record","name":"myrecord","namespace":"mygroup","fields":[{"name":"keyB","type":"string"}]}
2025-08-12 17:21:54,566 INFO  [org.apa.kaf.cli.pro.KafkaProducer] (Thread-639) [Producer clientId=Producer-s5e2443d9x23d2x4bf7x865fx455aa429b915] Closing the Kafka producer with timeoutMillis = 9223372036854775807 ms.
2025-08-12 17:21:54,569 INFO  [org.apa.kaf.com.met.Metrics] (Thread-639) Metrics scheduler closed
2025-08-12 17:21:54,569 INFO  [org.apa.kaf.com.met.Metrics] (Thread-639) Closing reporter org.apache.kafka.common.metrics.JmxReporter
2025-08-12 17:21:54,569 INFO  [org.apa.kaf.com.met.Metrics] (Thread-639) Closing reporter org.apache.kafka.common.telemetry.internals.ClientTelemetryReporter
2025-08-12 17:21:54,569 INFO  [org.apa.kaf.com.met.Metrics] (Thread-639) Metrics reporters closed
2025-08-12 17:21:54,570 INFO  [org.apa.kaf.com.uti.AppInfoParser] (Thread-639) App info kafka.producer for Producer-s5e2443d9x23d2x4bf7x865fx455aa429b915 unregistered
2025-08-12 17:21:54,570 INFO  [io.api.tes.uti.TestSeparator] (main) io.apicurio.tests.serdes.apicurio.AvroSerdeIT.testArtifactNotFound-FINISHED
2025-08-12 17:21:54,571 INFO  [io.api.tes.uti.TestSeparator] (main) ############################################################################
Test passed: testArtifactNotFound
]]></system-out>
    <system-err><![CDATA[java.lang.RuntimeException: Could not resolve artifact reference by content: {"type":"record","name":"myrecord","namespace":"mygroup","fields":[{"name":"keyB","type":"string"}]}&ArtifactReference [groupId=default, artifactId=s5e2443d9x23d2x4bf7x865fx455aa429b915-value, version=null, globalId=null, contentId=null, contentHash=null]
	at io.apicurio.registry.resolver.DefaultSchemaResolver.lambda$handleResolveSchemaByContent$3(DefaultSchemaResolver.java:265)
	at io.apicurio.registry.resolver.cache.ERCache.lambda$getValue$0(ERCache.java:174)
	at io.apicurio.registry.resolver.cache.ERCache.retry(ERCache.java:227)
	at io.apicurio.registry.resolver.cache.ERCache.getValue(ERCache.java:173)
	at io.apicurio.registry.resolver.cache.ERCache.getByContent(ERCache.java:147)
	at io.apicurio.registry.resolver.DefaultSchemaResolver.handleResolveSchemaByContent(DefaultSchemaResolver.java:253)
	at io.apicurio.registry.resolver.DefaultSchemaResolver.getSchemaFromRegistry(DefaultSchemaResolver.java:138)
	at io.apicurio.registry.resolver.DefaultSchemaResolver.lambda$resolveSchema$0(DefaultSchemaResolver.java:84)
	at java.base/java.util.Optional.orElseGet(Optional.java:364)
	at io.apicurio.registry.resolver.DefaultSchemaResolver.resolveSchema(DefaultSchemaResolver.java:84)
	at io.apicurio.registry.serde.AbstractSerializer.serializeData(AbstractSerializer.java:62)
	at io.apicurio.registry.serde.KafkaSerializer.serialize(KafkaSerializer.java:77)
	at org.apache.kafka.clients.producer.KafkaProducer.doSend(KafkaProducer.java:1046)
	at org.apache.kafka.clients.producer.KafkaProducer.send(KafkaProducer.java:993)
	at org.apache.kafka.clients.producer.KafkaProducer.send(KafkaProducer.java:875)
	at io.apicurio.tests.serdes.apicurio.KafkaSerdesTester.lambda$produceMessages$3(KafkaSerdesTester.java:138)
	at java.base/java.util.concurrent.CompletableFuture$AsyncSupply.run(CompletableFuture.java:1768)
	at java.base/java.lang.Thread.run(Thread.java:840)
]]></system-err>
  </testcase>
  <testcase name="testAvroSerDesFailDifferentSchemaByRecordName" classname="io.apicurio.tests.serdes.apicurio.AvroSerdeIT" time="1.227">
    <system-out><![CDATA[2025-08-12 17:21:54,572 INFO  [io.api.tes.uti.TestSeparator] (main) ############################################################################
2025-08-12 17:21:54,572 INFO  [io.api.tes.uti.TestSeparator] (main) io.apicurio.tests.serdes.apicurio.AvroSerdeIT.testAvroSerDesFailDifferentSchemaByRecordName-STARTED
**** Registry Base URL: http://registry-app-mysql.apps.ci419.apicurio-testing.org:80
2025-08-12 17:21:55,696 INFO  [org.apa.kaf.cli.pro.ProducerConfig] (main) ProducerConfig values: 
	acks = -1
	auto.include.jmx.reporter = true
	batch.size = 16384
	bootstrap.servers = [PLAINTEXT://localhost:32769]
	buffer.memory = 33554432
	client.dns.lookup = use_all_dns_ips
	client.id = Producer-topic-9c34b10b_b7e1_4ba2_b28e_59f1e7616bbe
	compression.gzip.level = -1
	compression.lz4.level = 9
	compression.type = none
	compression.zstd.level = 3
	connections.max.idle.ms = 10000
	delivery.timeout.ms = 120000
	enable.idempotence = true
	enable.metrics.push = true
	interceptor.classes = []
	key.serializer = class org.apache.kafka.common.serialization.StringSerializer
	linger.ms = 0
	max.block.ms = 60000
	max.in.flight.requests.per.connection = 5
	max.request.size = 1048576
	metadata.max.age.ms = 300000
	metadata.max.idle.ms = 300000
	metadata.recovery.strategy = none
	metric.reporters = []
	metrics.num.samples = 2
	metrics.recording.level = INFO
	metrics.sample.window.ms = 30000
	partitioner.adaptive.partitioning.enable = true
	partitioner.availability.timeout.ms = 0
	partitioner.class = null
	partitioner.ignore.keys = false
	receive.buffer.bytes = 32768
	reconnect.backoff.max.ms = 1000
	reconnect.backoff.ms = 50
	request.timeout.ms = 5000
	retries = 2147483647
	retry.backoff.max.ms = 1000
	retry.backoff.ms = 100
	sasl.client.callback.handler.class = null
	sasl.jaas.config = null
	sasl.kerberos.kinit.cmd = /usr/bin/kinit
	sasl.kerberos.min.time.before.relogin = 60000
	sasl.kerberos.service.name = null
	sasl.kerberos.ticket.renew.jitter = 0.05
	sasl.kerberos.ticket.renew.window.factor = 0.8
	sasl.login.callback.handler.class = null
	sasl.login.class = null
	sasl.login.connect.timeout.ms = null
	sasl.login.read.timeout.ms = null
	sasl.login.refresh.buffer.seconds = 300
	sasl.login.refresh.min.period.seconds = 60
	sasl.login.refresh.window.factor = 0.8
	sasl.login.refresh.window.jitter = 0.05
	sasl.login.retry.backoff.max.ms = 10000
	sasl.login.retry.backoff.ms = 100
	sasl.mechanism = GSSAPI
	sasl.oauthbearer.clock.skew.seconds = 30
	sasl.oauthbearer.expected.audience = null
	sasl.oauthbearer.expected.issuer = null
	sasl.oauthbearer.header.urlencode = false
	sasl.oauthbearer.jwks.endpoint.refresh.ms = 3600000
	sasl.oauthbearer.jwks.endpoint.retry.backoff.max.ms = 10000
	sasl.oauthbearer.jwks.endpoint.retry.backoff.ms = 100
	sasl.oauthbearer.jwks.endpoint.url = null
	sasl.oauthbearer.scope.claim.name = scope
	sasl.oauthbearer.sub.claim.name = sub
	sasl.oauthbearer.token.endpoint.url = null
	security.protocol = PLAINTEXT
	security.providers = null
	send.buffer.bytes = 131072
	socket.connection.setup.timeout.max.ms = 30000
	socket.connection.setup.timeout.ms = 10000
	ssl.cipher.suites = null
	ssl.enabled.protocols = [TLSv1.2, TLSv1.3]
	ssl.endpoint.identification.algorithm = https
	ssl.engine.factory.class = null
	ssl.key.password = null
	ssl.keymanager.algorithm = SunX509
	ssl.keystore.certificate.chain = null
	ssl.keystore.key = null
	ssl.keystore.location = null
	ssl.keystore.password = null
	ssl.keystore.type = JKS
	ssl.protocol = TLSv1.3
	ssl.provider = null
	ssl.secure.random.implementation = null
	ssl.trustmanager.algorithm = PKIX
	ssl.truststore.certificates = null
	ssl.truststore.location = null
	ssl.truststore.password = null
	ssl.truststore.type = JKS
	transaction.timeout.ms = 60000
	transactional.id = null
	value.serializer = class io.apicurio.registry.serde.avro.AvroKafkaSerializer

2025-08-12 17:21:55,696 INFO  [org.apa.kaf.com.tel.int.KafkaMetricsCollector] (main) initializing Kafka metrics collector
2025-08-12 17:21:55,700 INFO  [org.apa.kaf.cli.pro.KafkaProducer] (main) [Producer clientId=Producer-topic-9c34b10b_b7e1_4ba2_b28e_59f1e7616bbe] Instantiated an idempotent producer.
2025-08-12 17:21:55,703 INFO  [org.apa.kaf.cli.pro.ProducerConfig] (main) These configurations '[apicurio.registry.find-latest, apicurio.registry.url, apicurio.registry.artifact-resolver-strategy]' were supplied but are not used yet.
2025-08-12 17:21:55,703 INFO  [org.apa.kaf.com.uti.AppInfoParser] (main) Kafka version: 3.9.1
2025-08-12 17:21:55,703 INFO  [org.apa.kaf.com.uti.AppInfoParser] (main) Kafka commitId: f745dfdcee2b9851
2025-08-12 17:21:55,703 INFO  [org.apa.kaf.com.uti.AppInfoParser] (main) Kafka startTimeMs: 1755019315703
2025-08-12 17:21:55,704 INFO  [io.api.tes.ser.api.KafkaSerdesTester] (Thread-642) Sending message {"keyB": "value-0"} to topic topic-9c34b10b_b7e1_4ba2_b28e_59f1e7616bbe
2025-08-12 17:21:55,709 INFO  [org.apa.kaf.cli.Metadata] (kafka-producer-network-thread | Producer-topic-9c34b10b_b7e1_4ba2_b28e_59f1e7616bbe) [Producer clientId=Producer-topic-9c34b10b_b7e1_4ba2_b28e_59f1e7616bbe] Cluster ID: 7o-lMpHSRFKHq4uTXFQncw
2025-08-12 17:21:55,710 INFO  [org.apa.kaf.cli.pro.int.TransactionManager] (kafka-producer-network-thread | Producer-topic-9c34b10b_b7e1_4ba2_b28e_59f1e7616bbe) [Producer clientId=Producer-topic-9c34b10b_b7e1_4ba2_b28e_59f1e7616bbe] ProducerId set to 8 with epoch 0
2025-08-12 17:21:55,795 INFO  [org.apa.kaf.cli.pro.KafkaProducer] (Thread-642) [Producer clientId=Producer-topic-9c34b10b_b7e1_4ba2_b28e_59f1e7616bbe] Closing the Kafka producer with timeoutMillis = 9223372036854775807 ms.
2025-08-12 17:21:55,796 INFO  [org.apa.kaf.com.met.Metrics] (Thread-642) Metrics scheduler closed
2025-08-12 17:21:55,797 INFO  [org.apa.kaf.com.met.Metrics] (Thread-642) Closing reporter org.apache.kafka.common.metrics.JmxReporter
2025-08-12 17:21:55,797 INFO  [org.apa.kaf.com.met.Metrics] (Thread-642) Closing reporter org.apache.kafka.common.telemetry.internals.ClientTelemetryReporter
2025-08-12 17:21:55,797 INFO  [org.apa.kaf.com.met.Metrics] (Thread-642) Metrics reporters closed
2025-08-12 17:21:55,797 INFO  [org.apa.kaf.com.uti.AppInfoParser] (Thread-642) App info kafka.producer for Producer-topic-9c34b10b_b7e1_4ba2_b28e_59f1e7616bbe unregistered
2025-08-12 17:21:55,797 INFO  [io.api.tes.uti.TestSeparator] (main) io.apicurio.tests.serdes.apicurio.AvroSerdeIT.testAvroSerDesFailDifferentSchemaByRecordName-FINISHED
2025-08-12 17:21:55,797 INFO  [io.api.tes.uti.TestSeparator] (main) ############################################################################
Test passed: testAvroSerDesFailDifferentSchemaByRecordName
]]></system-out>
    <system-err><![CDATA[io.apicurio.registry.rest.client.models.ProblemDetails
	at io.apicurio.registry.rest.client.models.ProblemDetails.createFromDiscriminatorValue(ProblemDetails.java:58)
	at io.kiota.serialization.json.JsonParseNode.getObjectValue(JsonParseNode.java:247)
	at io.kiota.http.vertx.VertXRequestAdapter.lambda$throwIfFailedResponse$0(VertXRequestAdapter.java:400)
	at com.microsoft.kiota.ApiExceptionBuilder.<init>(ApiExceptionBuilder.java:26)
	at io.kiota.http.vertx.VertXRequestAdapter.throwIfFailedResponse(VertXRequestAdapter.java:399)
	at io.kiota.http.vertx.VertXRequestAdapter.send(VertXRequestAdapter.java:170)
	at io.apicurio.registry.rest.client.groups.item.artifacts.item.versions.item.WithVersionExpressionItemRequestBuilder.get(WithVersionExpressionItemRequestBuilder.java:128)
	at io.apicurio.registry.rest.client.groups.item.artifacts.item.versions.item.WithVersionExpressionItemRequestBuilder.get(WithVersionExpressionItemRequestBuilder.java:111)
	at io.apicurio.registry.resolver.client.RegistryClientFacadeImpl.getVersionCoordinatesByGAV(RegistryClientFacadeImpl.java:159)
	at io.apicurio.registry.resolver.DefaultSchemaResolver.resolveByCoordinates(DefaultSchemaResolver.java:352)
	at io.apicurio.registry.resolver.DefaultSchemaResolver.lambda$resolveSchemaByArtifactReferenceCached$6(DefaultSchemaResolver.java:340)
	at io.apicurio.registry.resolver.cache.ERCache.lambda$getValue$0(ERCache.java:174)
	at io.apicurio.registry.resolver.cache.ERCache.retry(ERCache.java:227)
	at io.apicurio.registry.resolver.cache.ERCache.getValue(ERCache.java:173)
	at io.apicurio.registry.resolver.cache.ERCache.getByArtifactCoordinates(ERCache.java:158)
	at io.apicurio.registry.resolver.DefaultSchemaResolver.resolveSchemaByArtifactReferenceCached(DefaultSchemaResolver.java:338)
	at io.apicurio.registry.resolver.DefaultSchemaResolver.resolveSchemaByCoordinates(DefaultSchemaResolver.java:193)
	at io.apicurio.registry.resolver.DefaultSchemaResolver.getSchemaFromRegistry(DefaultSchemaResolver.java:130)
	at io.apicurio.registry.resolver.DefaultSchemaResolver.lambda$resolveSchema$0(DefaultSchemaResolver.java:84)
	at java.base/java.util.Optional.orElseGet(Optional.java:364)
	at io.apicurio.registry.resolver.DefaultSchemaResolver.resolveSchema(DefaultSchemaResolver.java:84)
	at io.apicurio.registry.serde.AbstractSerializer.serializeData(AbstractSerializer.java:62)
	at io.apicurio.registry.serde.KafkaSerializer.serialize(KafkaSerializer.java:77)
	at org.apache.kafka.clients.producer.KafkaProducer.doSend(KafkaProducer.java:1046)
	at org.apache.kafka.clients.producer.KafkaProducer.send(KafkaProducer.java:993)
	at org.apache.kafka.clients.producer.KafkaProducer.send(KafkaProducer.java:875)
	at io.apicurio.tests.serdes.apicurio.KafkaSerdesTester.lambda$produceMessages$3(KafkaSerdesTester.java:138)
	at java.base/java.util.concurrent.CompletableFuture$AsyncSupply.run(CompletableFuture.java:1768)
	at java.base/java.lang.Thread.run(Thread.java:840)
]]></system-err>
  </testcase>
  <testcase name="testTopicIdStrategyFindLatest" classname="io.apicurio.tests.serdes.apicurio.AvroSerdeIT" time="5.026">
    <system-out><![CDATA[2025-08-12 17:21:55,800 INFO  [io.api.tes.uti.TestSeparator] (main) ############################################################################
2025-08-12 17:21:55,800 INFO  [io.api.tes.uti.TestSeparator] (main) io.apicurio.tests.serdes.apicurio.AvroSerdeIT.testTopicIdStrategyFindLatest-STARTED
2025-08-12 17:21:55,801 INFO  [io.api.tes.ser.api.AvroSerdeIT] (main) Registering Avro Schema: {"type":"record","name":"myrecordapicurio1","fields":[{"name":"key11755019315800","type":"string"}]}
**** Registry Base URL: http://registry-app-mysql.apps.ci419.apicurio-testing.org:80
2025-08-12 17:21:56,916 INFO  [org.apa.kaf.cli.pro.ProducerConfig] (main) ProducerConfig values: 
	acks = -1
	auto.include.jmx.reporter = true
	batch.size = 16384
	bootstrap.servers = [PLAINTEXT://localhost:32769]
	buffer.memory = 33554432
	client.dns.lookup = use_all_dns_ips
	client.id = Producer-topic-c49ceb45_3935_4149_a503_9c68b6385016
	compression.gzip.level = -1
	compression.lz4.level = 9
	compression.type = none
	compression.zstd.level = 3
	connections.max.idle.ms = 10000
	delivery.timeout.ms = 120000
	enable.idempotence = true
	enable.metrics.push = true
	interceptor.classes = []
	key.serializer = class org.apache.kafka.common.serialization.StringSerializer
	linger.ms = 0
	max.block.ms = 60000
	max.in.flight.requests.per.connection = 5
	max.request.size = 1048576
	metadata.max.age.ms = 300000
	metadata.max.idle.ms = 300000
	metadata.recovery.strategy = none
	metric.reporters = []
	metrics.num.samples = 2
	metrics.recording.level = INFO
	metrics.sample.window.ms = 30000
	partitioner.adaptive.partitioning.enable = true
	partitioner.availability.timeout.ms = 0
	partitioner.class = null
	partitioner.ignore.keys = false
	receive.buffer.bytes = 32768
	reconnect.backoff.max.ms = 1000
	reconnect.backoff.ms = 50
	request.timeout.ms = 5000
	retries = 2147483647
	retry.backoff.max.ms = 1000
	retry.backoff.ms = 100
	sasl.client.callback.handler.class = null
	sasl.jaas.config = null
	sasl.kerberos.kinit.cmd = /usr/bin/kinit
	sasl.kerberos.min.time.before.relogin = 60000
	sasl.kerberos.service.name = null
	sasl.kerberos.ticket.renew.jitter = 0.05
	sasl.kerberos.ticket.renew.window.factor = 0.8
	sasl.login.callback.handler.class = null
	sasl.login.class = null
	sasl.login.connect.timeout.ms = null
	sasl.login.read.timeout.ms = null
	sasl.login.refresh.buffer.seconds = 300
	sasl.login.refresh.min.period.seconds = 60
	sasl.login.refresh.window.factor = 0.8
	sasl.login.refresh.window.jitter = 0.05
	sasl.login.retry.backoff.max.ms = 10000
	sasl.login.retry.backoff.ms = 100
	sasl.mechanism = GSSAPI
	sasl.oauthbearer.clock.skew.seconds = 30
	sasl.oauthbearer.expected.audience = null
	sasl.oauthbearer.expected.issuer = null
	sasl.oauthbearer.header.urlencode = false
	sasl.oauthbearer.jwks.endpoint.refresh.ms = 3600000
	sasl.oauthbearer.jwks.endpoint.retry.backoff.max.ms = 10000
	sasl.oauthbearer.jwks.endpoint.retry.backoff.ms = 100
	sasl.oauthbearer.jwks.endpoint.url = null
	sasl.oauthbearer.scope.claim.name = scope
	sasl.oauthbearer.sub.claim.name = sub
	sasl.oauthbearer.token.endpoint.url = null
	security.protocol = PLAINTEXT
	security.providers = null
	send.buffer.bytes = 131072
	socket.connection.setup.timeout.max.ms = 30000
	socket.connection.setup.timeout.ms = 10000
	ssl.cipher.suites = null
	ssl.enabled.protocols = [TLSv1.2, TLSv1.3]
	ssl.endpoint.identification.algorithm = https
	ssl.engine.factory.class = null
	ssl.key.password = null
	ssl.keymanager.algorithm = SunX509
	ssl.keystore.certificate.chain = null
	ssl.keystore.key = null
	ssl.keystore.location = null
	ssl.keystore.password = null
	ssl.keystore.type = JKS
	ssl.protocol = TLSv1.3
	ssl.provider = null
	ssl.secure.random.implementation = null
	ssl.trustmanager.algorithm = PKIX
	ssl.truststore.certificates = null
	ssl.truststore.location = null
	ssl.truststore.password = null
	ssl.truststore.type = JKS
	transaction.timeout.ms = 60000
	transactional.id = null
	value.serializer = class io.apicurio.registry.serde.avro.AvroKafkaSerializer

2025-08-12 17:21:56,916 INFO  [org.apa.kaf.com.tel.int.KafkaMetricsCollector] (main) initializing Kafka metrics collector
2025-08-12 17:21:56,919 INFO  [org.apa.kaf.cli.pro.KafkaProducer] (main) [Producer clientId=Producer-topic-c49ceb45_3935_4149_a503_9c68b6385016] Instantiated an idempotent producer.
2025-08-12 17:21:56,925 INFO  [org.apa.kaf.cli.pro.ProducerConfig] (main) These configurations '[apicurio.registry.find-latest, apicurio.registry.url, apicurio.registry.artifact-resolver-strategy]' were supplied but are not used yet.
2025-08-12 17:21:56,925 INFO  [org.apa.kaf.com.uti.AppInfoParser] (main) Kafka version: 3.9.1
2025-08-12 17:21:56,925 INFO  [org.apa.kaf.com.uti.AppInfoParser] (main) Kafka commitId: f745dfdcee2b9851
2025-08-12 17:21:56,927 INFO  [org.apa.kaf.com.uti.AppInfoParser] (main) Kafka startTimeMs: 1755019316925
2025-08-12 17:21:56,927 INFO  [io.api.tes.ser.api.SimpleSerdesTesterBuilder$SimpleSerdesTester] (main) Using producer configuration: {apicurio.registry.find-latest=true, apicurio.registry.url=http://registry-app-mysql.apps.ci419.apicurio-testing.org:80/apis/registry/v3, apicurio.registry.artifact-resolver-strategy=io.apicurio.registry.serde.strategy.TopicIdStrategy, value.serializer=io.apicurio.registry.serde.avro.AvroKafkaSerializer, request.timeout.ms=5000, acks=all, bootstrap.servers=PLAINTEXT://localhost:32769, connections.max.idle.ms=10000, key.serializer=org.apache.kafka.common.serialization.StringSerializer, client.id=Producer-topic-c49ceb45_3935_4149_a503_9c68b6385016}
2025-08-12 17:21:56,927 INFO  [io.api.tes.ser.api.SimpleSerdesTesterBuilder$SimpleSerdesTester] (main) Using consumer configuration: {}
2025-08-12 17:21:56,928 INFO  [io.api.tes.ser.api.KafkaSerdesTester] (Thread-645) Sending message {"key11755019315800": "value-0"} to topic topic-c49ceb45_3935_4149_a503_9c68b6385016
2025-08-12 17:21:56,932 INFO  [org.apa.kaf.cli.Metadata] (kafka-producer-network-thread | Producer-topic-c49ceb45_3935_4149_a503_9c68b6385016) [Producer clientId=Producer-topic-c49ceb45_3935_4149_a503_9c68b6385016] Cluster ID: 7o-lMpHSRFKHq4uTXFQncw
2025-08-12 17:21:56,934 INFO  [org.apa.kaf.cli.pro.int.TransactionManager] (kafka-producer-network-thread | Producer-topic-c49ceb45_3935_4149_a503_9c68b6385016) [Producer clientId=Producer-topic-c49ceb45_3935_4149_a503_9c68b6385016] ProducerId set to 9 with epoch 0
2025-08-12 17:21:57,115 INFO  [io.api.tes.ser.api.KafkaSerdesTester] (Thread-645) Sending message {"key11755019315800": "value-1"} to topic topic-c49ceb45_3935_4149_a503_9c68b6385016
2025-08-12 17:21:57,117 INFO  [io.api.tes.ser.api.KafkaSerdesTester] (Thread-645) Sending message {"key11755019315800": "value-2"} to topic topic-c49ceb45_3935_4149_a503_9c68b6385016
2025-08-12 17:21:57,119 INFO  [io.api.tes.ser.api.KafkaSerdesTester] (Thread-645) Sending message {"key11755019315800": "value-3"} to topic topic-c49ceb45_3935_4149_a503_9c68b6385016
2025-08-12 17:21:57,123 INFO  [io.api.tes.ser.api.KafkaSerdesTester] (Thread-645) Sending message {"key11755019315800": "value-4"} to topic topic-c49ceb45_3935_4149_a503_9c68b6385016
2025-08-12 17:21:57,125 INFO  [io.api.tes.ser.api.KafkaSerdesTester] (Thread-645) Sending message {"key11755019315800": "value-5"} to topic topic-c49ceb45_3935_4149_a503_9c68b6385016
2025-08-12 17:21:57,128 INFO  [io.api.tes.ser.api.KafkaSerdesTester] (Thread-645) Sending message {"key11755019315800": "value-6"} to topic topic-c49ceb45_3935_4149_a503_9c68b6385016
2025-08-12 17:21:57,131 INFO  [io.api.tes.ser.api.KafkaSerdesTester] (Thread-645) Sending message {"key11755019315800": "value-7"} to topic topic-c49ceb45_3935_4149_a503_9c68b6385016
2025-08-12 17:21:57,133 INFO  [io.api.tes.ser.api.KafkaSerdesTester] (Thread-645) Sending message {"key11755019315800": "value-8"} to topic topic-c49ceb45_3935_4149_a503_9c68b6385016
2025-08-12 17:21:57,135 INFO  [io.api.tes.ser.api.KafkaSerdesTester] (Thread-645) Sending message {"key11755019315800": "value-9"} to topic topic-c49ceb45_3935_4149_a503_9c68b6385016
2025-08-12 17:21:57,136 INFO  [io.api.tes.ser.api.KafkaSerdesTester] (Thread-645) Produced 10 messages
2025-08-12 17:21:57,136 INFO  [org.apa.kaf.cli.pro.KafkaProducer] (Thread-645) [Producer clientId=Producer-topic-c49ceb45_3935_4149_a503_9c68b6385016] Closing the Kafka producer with timeoutMillis = 9223372036854775807 ms.
2025-08-12 17:21:57,139 INFO  [org.apa.kaf.com.met.Metrics] (Thread-645) Metrics scheduler closed
2025-08-12 17:21:57,139 INFO  [org.apa.kaf.com.met.Metrics] (Thread-645) Closing reporter org.apache.kafka.common.metrics.JmxReporter
2025-08-12 17:21:57,139 INFO  [org.apa.kaf.com.met.Metrics] (Thread-645) Closing reporter org.apache.kafka.common.telemetry.internals.ClientTelemetryReporter
2025-08-12 17:21:57,139 INFO  [org.apa.kaf.com.met.Metrics] (Thread-645) Metrics reporters closed
2025-08-12 17:21:57,140 INFO  [org.apa.kaf.com.uti.AppInfoParser] (Thread-645) App info kafka.producer for Producer-topic-c49ceb45_3935_4149_a503_9c68b6385016 unregistered
**** Registry Base URL: http://registry-app-mysql.apps.ci419.apicurio-testing.org:80
2025-08-12 17:21:57,140 INFO  [org.apa.kaf.cli.con.ConsumerConfig] (main) ConsumerConfig values: 
	allow.auto.create.topics = true
	auto.commit.interval.ms = 500
	auto.include.jmx.reporter = true
	auto.offset.reset = earliest
	bootstrap.servers = [PLAINTEXT://localhost:32769]
	check.crcs = true
	client.dns.lookup = use_all_dns_ips
	client.id = consumer-Consumer-topic-c49ceb45_3935_4149_a503_9c68b6385016-7
	client.rack = 
	connections.max.idle.ms = 10000
	default.api.timeout.ms = 60000
	enable.auto.commit = true
	enable.metrics.push = true
	exclude.internal.topics = true
	fetch.max.bytes = 52428800
	fetch.max.wait.ms = 500
	fetch.min.bytes = 1
	group.id = Consumer-topic-c49ceb45_3935_4149_a503_9c68b6385016
	group.instance.id = null
	group.protocol = classic
	group.remote.assignor = null
	heartbeat.interval.ms = 3000
	interceptor.classes = []
	internal.leave.group.on.close = true
	internal.throw.on.fetch.stable.offset.unsupported = false
	isolation.level = read_uncommitted
	key.deserializer = class org.apache.kafka.common.serialization.StringDeserializer
	max.partition.fetch.bytes = 1048576
	max.poll.interval.ms = 300000
	max.poll.records = 500
	metadata.max.age.ms = 300000
	metadata.recovery.strategy = none
	metric.reporters = []
	metrics.num.samples = 2
	metrics.recording.level = INFO
	metrics.sample.window.ms = 30000
	partition.assignment.strategy = [class org.apache.kafka.clients.consumer.RangeAssignor, class org.apache.kafka.clients.consumer.CooperativeStickyAssignor]
	receive.buffer.bytes = 65536
	reconnect.backoff.max.ms = 1000
	reconnect.backoff.ms = 50
	request.timeout.ms = 5000
	retry.backoff.max.ms = 1000
	retry.backoff.ms = 100
	sasl.client.callback.handler.class = null
	sasl.jaas.config = null
	sasl.kerberos.kinit.cmd = /usr/bin/kinit
	sasl.kerberos.min.time.before.relogin = 60000
	sasl.kerberos.service.name = null
	sasl.kerberos.ticket.renew.jitter = 0.05
	sasl.kerberos.ticket.renew.window.factor = 0.8
	sasl.login.callback.handler.class = null
	sasl.login.class = null
	sasl.login.connect.timeout.ms = null
	sasl.login.read.timeout.ms = null
	sasl.login.refresh.buffer.seconds = 300
	sasl.login.refresh.min.period.seconds = 60
	sasl.login.refresh.window.factor = 0.8
	sasl.login.refresh.window.jitter = 0.05
	sasl.login.retry.backoff.max.ms = 10000
	sasl.login.retry.backoff.ms = 100
	sasl.mechanism = GSSAPI
	sasl.oauthbearer.clock.skew.seconds = 30
	sasl.oauthbearer.expected.audience = null
	sasl.oauthbearer.expected.issuer = null
	sasl.oauthbearer.header.urlencode = false
	sasl.oauthbearer.jwks.endpoint.refresh.ms = 3600000
	sasl.oauthbearer.jwks.endpoint.retry.backoff.max.ms = 10000
	sasl.oauthbearer.jwks.endpoint.retry.backoff.ms = 100
	sasl.oauthbearer.jwks.endpoint.url = null
	sasl.oauthbearer.scope.claim.name = scope
	sasl.oauthbearer.sub.claim.name = sub
	sasl.oauthbearer.token.endpoint.url = null
	security.protocol = PLAINTEXT
	security.providers = null
	send.buffer.bytes = 131072
	session.timeout.ms = 45000
	socket.connection.setup.timeout.max.ms = 30000
	socket.connection.setup.timeout.ms = 10000
	ssl.cipher.suites = null
	ssl.enabled.protocols = [TLSv1.2, TLSv1.3]
	ssl.endpoint.identification.algorithm = https
	ssl.engine.factory.class = null
	ssl.key.password = null
	ssl.keymanager.algorithm = SunX509
	ssl.keystore.certificate.chain = null
	ssl.keystore.key = null
	ssl.keystore.location = null
	ssl.keystore.password = null
	ssl.keystore.type = JKS
	ssl.protocol = TLSv1.3
	ssl.provider = null
	ssl.secure.random.implementation = null
	ssl.trustmanager.algorithm = PKIX
	ssl.truststore.certificates = null
	ssl.truststore.location = null
	ssl.truststore.password = null
	ssl.truststore.type = JKS
	value.deserializer = class io.apicurio.registry.serde.avro.AvroKafkaDeserializer

2025-08-12 17:21:57,140 INFO  [org.apa.kaf.com.tel.int.KafkaMetricsCollector] (main) initializing Kafka metrics collector
2025-08-12 17:21:57,150 INFO  [org.apa.kaf.cli.con.ConsumerConfig] (main) These configurations '[apicurio.registry.url]' were supplied but are not used yet.
2025-08-12 17:21:57,150 INFO  [org.apa.kaf.com.uti.AppInfoParser] (main) Kafka version: 3.9.1
2025-08-12 17:21:57,150 INFO  [org.apa.kaf.com.uti.AppInfoParser] (main) Kafka commitId: f745dfdcee2b9851
2025-08-12 17:21:57,150 INFO  [org.apa.kaf.com.uti.AppInfoParser] (main) Kafka startTimeMs: 1755019317150
2025-08-12 17:21:57,151 INFO  [org.apa.kaf.cli.con.int.ClassicKafkaConsumer] (Thread-648) [Consumer clientId=consumer-Consumer-topic-c49ceb45_3935_4149_a503_9c68b6385016-7, groupId=Consumer-topic-c49ceb45_3935_4149_a503_9c68b6385016] Subscribed to topic(s): topic-c49ceb45_3935_4149_a503_9c68b6385016
2025-08-12 17:21:57,157 INFO  [org.apa.kaf.cli.Metadata] (Thread-648) [Consumer clientId=consumer-Consumer-topic-c49ceb45_3935_4149_a503_9c68b6385016-7, groupId=Consumer-topic-c49ceb45_3935_4149_a503_9c68b6385016] Cluster ID: 7o-lMpHSRFKHq4uTXFQncw
2025-08-12 17:21:57,157 INFO  [org.apa.kaf.cli.con.int.ConsumerCoordinator] (Thread-648) [Consumer clientId=consumer-Consumer-topic-c49ceb45_3935_4149_a503_9c68b6385016-7, groupId=Consumer-topic-c49ceb45_3935_4149_a503_9c68b6385016] Discovered group coordinator localhost:32769 (id: 2147483647 rack: null)
2025-08-12 17:21:57,159 INFO  [org.apa.kaf.cli.con.int.ConsumerCoordinator] (Thread-648) [Consumer clientId=consumer-Consumer-topic-c49ceb45_3935_4149_a503_9c68b6385016-7, groupId=Consumer-topic-c49ceb45_3935_4149_a503_9c68b6385016] (Re-)joining group
2025-08-12 17:21:57,163 INFO  [org.apa.kaf.cli.con.int.ConsumerCoordinator] (Thread-648) [Consumer clientId=consumer-Consumer-topic-c49ceb45_3935_4149_a503_9c68b6385016-7, groupId=Consumer-topic-c49ceb45_3935_4149_a503_9c68b6385016] Request joining group due to: need to re-join with the given member-id: consumer-Consumer-topic-c49ceb45_3935_4149_a503_9c68b6385016-7-ef4926bb-274c-42a5-b4a6-84cdfa9e0870
2025-08-12 17:21:57,163 INFO  [org.apa.kaf.cli.con.int.ConsumerCoordinator] (Thread-648) [Consumer clientId=consumer-Consumer-topic-c49ceb45_3935_4149_a503_9c68b6385016-7, groupId=Consumer-topic-c49ceb45_3935_4149_a503_9c68b6385016] (Re-)joining group
2025-08-12 17:21:58,151 INFO  [io.api.tes.ser.api.KafkaSerdesTester] (Thread-648) None found
2025-08-12 17:21:59,151 INFO  [io.api.tes.ser.api.KafkaSerdesTester] (Thread-648) None found
2025-08-12 17:22:00,152 INFO  [io.api.tes.ser.api.KafkaSerdesTester] (Thread-648) None found
2025-08-12 17:22:00,165 INFO  [org.apa.kaf.cli.con.int.ConsumerCoordinator] (Thread-648) [Consumer clientId=consumer-Consumer-topic-c49ceb45_3935_4149_a503_9c68b6385016-7, groupId=Consumer-topic-c49ceb45_3935_4149_a503_9c68b6385016] Successfully joined group with generation Generation{generationId=1, memberId='consumer-Consumer-topic-c49ceb45_3935_4149_a503_9c68b6385016-7-ef4926bb-274c-42a5-b4a6-84cdfa9e0870', protocol='range'}
2025-08-12 17:22:00,166 INFO  [org.apa.kaf.cli.con.int.ConsumerCoordinator] (Thread-648) [Consumer clientId=consumer-Consumer-topic-c49ceb45_3935_4149_a503_9c68b6385016-7, groupId=Consumer-topic-c49ceb45_3935_4149_a503_9c68b6385016] Finished assignment for group at generation 1: {consumer-Consumer-topic-c49ceb45_3935_4149_a503_9c68b6385016-7-ef4926bb-274c-42a5-b4a6-84cdfa9e0870=Assignment(partitions=[topic-c49ceb45_3935_4149_a503_9c68b6385016-0])}
2025-08-12 17:22:00,175 INFO  [org.apa.kaf.cli.con.int.ConsumerCoordinator] (Thread-648) [Consumer clientId=consumer-Consumer-topic-c49ceb45_3935_4149_a503_9c68b6385016-7, groupId=Consumer-topic-c49ceb45_3935_4149_a503_9c68b6385016] Successfully synced group in generation Generation{generationId=1, memberId='consumer-Consumer-topic-c49ceb45_3935_4149_a503_9c68b6385016-7-ef4926bb-274c-42a5-b4a6-84cdfa9e0870', protocol='range'}
2025-08-12 17:22:00,175 INFO  [org.apa.kaf.cli.con.int.ConsumerCoordinator] (Thread-648) [Consumer clientId=consumer-Consumer-topic-c49ceb45_3935_4149_a503_9c68b6385016-7, groupId=Consumer-topic-c49ceb45_3935_4149_a503_9c68b6385016] Notifying assignor about the new Assignment(partitions=[topic-c49ceb45_3935_4149_a503_9c68b6385016-0])
2025-08-12 17:22:00,175 INFO  [org.apa.kaf.cli.con.int.ConsumerRebalanceListenerInvoker] (Thread-648) [Consumer clientId=consumer-Consumer-topic-c49ceb45_3935_4149_a503_9c68b6385016-7, groupId=Consumer-topic-c49ceb45_3935_4149_a503_9c68b6385016] Adding newly assigned partitions: topic-c49ceb45_3935_4149_a503_9c68b6385016-0
2025-08-12 17:22:00,176 INFO  [org.apa.kaf.cli.con.int.ConsumerCoordinator] (Thread-648) [Consumer clientId=consumer-Consumer-topic-c49ceb45_3935_4149_a503_9c68b6385016-7, groupId=Consumer-topic-c49ceb45_3935_4149_a503_9c68b6385016] Found no committed offset for partition topic-c49ceb45_3935_4149_a503_9c68b6385016-0
2025-08-12 17:22:00,180 INFO  [org.apa.kaf.cli.con.int.SubscriptionState] (Thread-648) [Consumer clientId=consumer-Consumer-topic-c49ceb45_3935_4149_a503_9c68b6385016-7, groupId=Consumer-topic-c49ceb45_3935_4149_a503_9c68b6385016] Resetting offset for partition topic-c49ceb45_3935_4149_a503_9c68b6385016-0 to position FetchPosition{offset=0, offsetEpoch=Optional.empty, currentLeader=LeaderAndEpoch{leader=Optional[localhost:32769 (id: 0 rack: null)], epoch=0}}.
2025-08-12 17:22:00,319 INFO  [io.api.tes.ser.api.KafkaSerdesTester] (Thread-648) topic-c49ceb45_3935_4149_a503_9c68b6385016 0 0 {"key11755019315800": "value-0"}
2025-08-12 17:22:00,320 INFO  [io.api.tes.ser.api.KafkaSerdesTester] (Thread-648) topic-c49ceb45_3935_4149_a503_9c68b6385016 0 1 {"key11755019315800": "value-1"}
2025-08-12 17:22:00,320 INFO  [io.api.tes.ser.api.KafkaSerdesTester] (Thread-648) topic-c49ceb45_3935_4149_a503_9c68b6385016 0 2 {"key11755019315800": "value-2"}
2025-08-12 17:22:00,320 INFO  [io.api.tes.ser.api.KafkaSerdesTester] (Thread-648) topic-c49ceb45_3935_4149_a503_9c68b6385016 0 3 {"key11755019315800": "value-3"}
2025-08-12 17:22:00,320 INFO  [io.api.tes.ser.api.KafkaSerdesTester] (Thread-648) topic-c49ceb45_3935_4149_a503_9c68b6385016 0 4 {"key11755019315800": "value-4"}
2025-08-12 17:22:00,320 INFO  [io.api.tes.ser.api.KafkaSerdesTester] (Thread-648) topic-c49ceb45_3935_4149_a503_9c68b6385016 0 5 {"key11755019315800": "value-5"}
2025-08-12 17:22:00,320 INFO  [io.api.tes.ser.api.KafkaSerdesTester] (Thread-648) topic-c49ceb45_3935_4149_a503_9c68b6385016 0 6 {"key11755019315800": "value-6"}
2025-08-12 17:22:00,320 INFO  [io.api.tes.ser.api.KafkaSerdesTester] (Thread-648) topic-c49ceb45_3935_4149_a503_9c68b6385016 0 7 {"key11755019315800": "value-7"}
2025-08-12 17:22:00,320 INFO  [io.api.tes.ser.api.KafkaSerdesTester] (Thread-648) topic-c49ceb45_3935_4149_a503_9c68b6385016 0 8 {"key11755019315800": "value-8"}
2025-08-12 17:22:00,320 INFO  [io.api.tes.ser.api.KafkaSerdesTester] (Thread-648) topic-c49ceb45_3935_4149_a503_9c68b6385016 0 9 {"key11755019315800": "value-9"}
2025-08-12 17:22:00,320 INFO  [io.api.tes.ser.api.KafkaSerdesTester] (Thread-648) Consumed 10 messages
2025-08-12 17:22:00,326 INFO  [org.apa.kaf.cli.con.int.ConsumerRebalanceListenerInvoker] (Thread-648) [Consumer clientId=consumer-Consumer-topic-c49ceb45_3935_4149_a503_9c68b6385016-7, groupId=Consumer-topic-c49ceb45_3935_4149_a503_9c68b6385016] Revoke previously assigned partitions topic-c49ceb45_3935_4149_a503_9c68b6385016-0
2025-08-12 17:22:00,327 INFO  [org.apa.kaf.cli.con.int.ConsumerCoordinator] (Thread-648) [Consumer clientId=consumer-Consumer-topic-c49ceb45_3935_4149_a503_9c68b6385016-7, groupId=Consumer-topic-c49ceb45_3935_4149_a503_9c68b6385016] Member consumer-Consumer-topic-c49ceb45_3935_4149_a503_9c68b6385016-7-ef4926bb-274c-42a5-b4a6-84cdfa9e0870 sending LeaveGroup request to coordinator localhost:32769 (id: 2147483647 rack: null) due to the consumer is being closed
2025-08-12 17:22:00,327 INFO  [org.apa.kaf.cli.con.int.ConsumerCoordinator] (Thread-648) [Consumer clientId=consumer-Consumer-topic-c49ceb45_3935_4149_a503_9c68b6385016-7, groupId=Consumer-topic-c49ceb45_3935_4149_a503_9c68b6385016] Resetting generation and member id due to: consumer pro-actively leaving the group
2025-08-12 17:22:00,327 INFO  [org.apa.kaf.cli.con.int.ConsumerCoordinator] (Thread-648) [Consumer clientId=consumer-Consumer-topic-c49ceb45_3935_4149_a503_9c68b6385016-7, groupId=Consumer-topic-c49ceb45_3935_4149_a503_9c68b6385016] Request joining group due to: consumer pro-actively leaving the group
2025-08-12 17:22:00,821 INFO  [org.apa.kaf.com.met.Metrics] (Thread-648) Metrics scheduler closed
2025-08-12 17:22:00,822 INFO  [org.apa.kaf.com.met.Metrics] (Thread-648) Closing reporter org.apache.kafka.common.metrics.JmxReporter
2025-08-12 17:22:00,822 INFO  [org.apa.kaf.com.met.Metrics] (Thread-648) Closing reporter org.apache.kafka.common.telemetry.internals.ClientTelemetryReporter
2025-08-12 17:22:00,822 INFO  [org.apa.kaf.com.met.Metrics] (Thread-648) Metrics reporters closed
2025-08-12 17:22:00,824 INFO  [org.apa.kaf.com.uti.AppInfoParser] (Thread-648) App info kafka.consumer for consumer-Consumer-topic-c49ceb45_3935_4149_a503_9c68b6385016-7 unregistered
2025-08-12 17:22:00,824 INFO  [io.api.tes.uti.TestSeparator] (main) io.apicurio.tests.serdes.apicurio.AvroSerdeIT.testTopicIdStrategyFindLatest-FINISHED
2025-08-12 17:22:00,824 INFO  [io.api.tes.uti.TestSeparator] (main) ############################################################################
Test passed: testTopicIdStrategyFindLatest
]]></system-out>
  </testcase>
  <testcase name="testAvroUnionWithSpecificReader" classname="io.apicurio.tests.serdes.apicurio.AvroSerdeIT" time="4.648">
    <system-out><![CDATA[2025-08-12 17:22:00,826 INFO  [io.api.tes.uti.TestSeparator] (main) ############################################################################
2025-08-12 17:22:00,826 INFO  [io.api.tes.uti.TestSeparator] (main) io.apicurio.tests.serdes.apicurio.AvroSerdeIT.testAvroUnionWithSpecificReader-STARTED
**** Registry Base URL: http://registry-app-mysql.apps.ci419.apicurio-testing.org:80
2025-08-12 17:22:00,833 INFO  [org.apa.kaf.cli.pro.ProducerConfig] (main) ProducerConfig values: 
	acks = -1
	auto.include.jmx.reporter = true
	batch.size = 16384
	bootstrap.servers = [PLAINTEXT://localhost:32769]
	buffer.memory = 33554432
	client.dns.lookup = use_all_dns_ips
	client.id = Producer-topic-30d445fd_2886_4a48_b9aa_057634ab61cb
	compression.gzip.level = -1
	compression.lz4.level = 9
	compression.type = none
	compression.zstd.level = 3
	connections.max.idle.ms = 10000
	delivery.timeout.ms = 120000
	enable.idempotence = true
	enable.metrics.push = true
	interceptor.classes = []
	key.serializer = class org.apache.kafka.common.serialization.StringSerializer
	linger.ms = 0
	max.block.ms = 60000
	max.in.flight.requests.per.connection = 5
	max.request.size = 1048576
	metadata.max.age.ms = 300000
	metadata.max.idle.ms = 300000
	metadata.recovery.strategy = none
	metric.reporters = []
	metrics.num.samples = 2
	metrics.recording.level = INFO
	metrics.sample.window.ms = 30000
	partitioner.adaptive.partitioning.enable = true
	partitioner.availability.timeout.ms = 0
	partitioner.class = null
	partitioner.ignore.keys = false
	receive.buffer.bytes = 32768
	reconnect.backoff.max.ms = 1000
	reconnect.backoff.ms = 50
	request.timeout.ms = 5000
	retries = 2147483647
	retry.backoff.max.ms = 1000
	retry.backoff.ms = 100
	sasl.client.callback.handler.class = null
	sasl.jaas.config = null
	sasl.kerberos.kinit.cmd = /usr/bin/kinit
	sasl.kerberos.min.time.before.relogin = 60000
	sasl.kerberos.service.name = null
	sasl.kerberos.ticket.renew.jitter = 0.05
	sasl.kerberos.ticket.renew.window.factor = 0.8
	sasl.login.callback.handler.class = null
	sasl.login.class = null
	sasl.login.connect.timeout.ms = null
	sasl.login.read.timeout.ms = null
	sasl.login.refresh.buffer.seconds = 300
	sasl.login.refresh.min.period.seconds = 60
	sasl.login.refresh.window.factor = 0.8
	sasl.login.refresh.window.jitter = 0.05
	sasl.login.retry.backoff.max.ms = 10000
	sasl.login.retry.backoff.ms = 100
	sasl.mechanism = GSSAPI
	sasl.oauthbearer.clock.skew.seconds = 30
	sasl.oauthbearer.expected.audience = null
	sasl.oauthbearer.expected.issuer = null
	sasl.oauthbearer.header.urlencode = false
	sasl.oauthbearer.jwks.endpoint.refresh.ms = 3600000
	sasl.oauthbearer.jwks.endpoint.retry.backoff.max.ms = 10000
	sasl.oauthbearer.jwks.endpoint.retry.backoff.ms = 100
	sasl.oauthbearer.jwks.endpoint.url = null
	sasl.oauthbearer.scope.claim.name = scope
	sasl.oauthbearer.sub.claim.name = sub
	sasl.oauthbearer.token.endpoint.url = null
	security.protocol = PLAINTEXT
	security.providers = null
	send.buffer.bytes = 131072
	socket.connection.setup.timeout.max.ms = 30000
	socket.connection.setup.timeout.ms = 10000
	ssl.cipher.suites = null
	ssl.enabled.protocols = [TLSv1.2, TLSv1.3]
	ssl.endpoint.identification.algorithm = https
	ssl.engine.factory.class = null
	ssl.key.password = null
	ssl.keymanager.algorithm = SunX509
	ssl.keystore.certificate.chain = null
	ssl.keystore.key = null
	ssl.keystore.location = null
	ssl.keystore.password = null
	ssl.keystore.type = JKS
	ssl.protocol = TLSv1.3
	ssl.provider = null
	ssl.secure.random.implementation = null
	ssl.trustmanager.algorithm = PKIX
	ssl.truststore.certificates = null
	ssl.truststore.location = null
	ssl.truststore.password = null
	ssl.truststore.type = JKS
	transaction.timeout.ms = 60000
	transactional.id = null
	value.serializer = class io.apicurio.registry.serde.avro.AvroKafkaSerializer

2025-08-12 17:22:00,834 INFO  [org.apa.kaf.com.tel.int.KafkaMetricsCollector] (main) initializing Kafka metrics collector
2025-08-12 17:22:00,839 INFO  [org.apa.kaf.cli.pro.KafkaProducer] (main) [Producer clientId=Producer-topic-30d445fd_2886_4a48_b9aa_057634ab61cb] Instantiated an idempotent producer.
2025-08-12 17:22:00,842 INFO  [org.apa.kaf.cli.pro.ProducerConfig] (main) These configurations '[apicurio.registry.url, apicurio.registry.auto-register, apicurio.registry.artifact-resolver-strategy]' were supplied but are not used yet.
2025-08-12 17:22:00,842 INFO  [org.apa.kaf.com.uti.AppInfoParser] (main) Kafka version: 3.9.1
2025-08-12 17:22:00,842 INFO  [org.apa.kaf.com.uti.AppInfoParser] (main) Kafka commitId: f745dfdcee2b9851
2025-08-12 17:22:00,842 INFO  [org.apa.kaf.com.uti.AppInfoParser] (main) Kafka startTimeMs: 1755019320842
2025-08-12 17:22:00,842 INFO  [io.api.tes.ser.api.SimpleSerdesTesterBuilder$SimpleSerdesTester] (main) Using producer configuration: {apicurio.registry.url=http://registry-app-mysql.apps.ci419.apicurio-testing.org:80/apis/registry/v3, apicurio.registry.auto-register=true, apicurio.registry.artifact-resolver-strategy=io.apicurio.registry.serde.strategy.TopicIdStrategy, value.serializer=io.apicurio.registry.serde.avro.AvroKafkaSerializer, request.timeout.ms=5000, acks=all, bootstrap.servers=PLAINTEXT://localhost:32769, connections.max.idle.ms=10000, key.serializer=org.apache.kafka.common.serialization.StringSerializer, client.id=Producer-topic-30d445fd_2886_4a48_b9aa_057634ab61cb}
2025-08-12 17:22:00,842 INFO  [io.api.tes.ser.api.SimpleSerdesTesterBuilder$SimpleSerdesTester] (main) Using consumer configuration: {}
2025-08-12 17:22:00,846 INFO  [io.api.tes.ser.api.KafkaSerdesTester] (Thread-651) Sending message {"id": "record-0"} to topic topic-30d445fd_2886_4a48_b9aa_057634ab61cb
2025-08-12 17:22:00,853 WARN  [org.apa.kaf.cli.NetworkClient] (kafka-producer-network-thread | Producer-topic-30d445fd_2886_4a48_b9aa_057634ab61cb) [Producer clientId=Producer-topic-30d445fd_2886_4a48_b9aa_057634ab61cb] The metadata response from the cluster reported a recoverable issue with correlation id 1 : {topic-30d445fd_2886_4a48_b9aa_057634ab61cb=UNKNOWN_TOPIC_OR_PARTITION}
2025-08-12 17:22:00,853 INFO  [org.apa.kaf.cli.Metadata] (kafka-producer-network-thread | Producer-topic-30d445fd_2886_4a48_b9aa_057634ab61cb) [Producer clientId=Producer-topic-30d445fd_2886_4a48_b9aa_057634ab61cb] Cluster ID: 7o-lMpHSRFKHq4uTXFQncw
2025-08-12 17:22:00,853 INFO  [org.apa.kaf.cli.pro.int.TransactionManager] (kafka-producer-network-thread | Producer-topic-30d445fd_2886_4a48_b9aa_057634ab61cb) [Producer clientId=Producer-topic-30d445fd_2886_4a48_b9aa_057634ab61cb] ProducerId set to 10 with epoch 0
2025-08-12 17:22:01,090 INFO  [io.api.tes.ser.api.KafkaSerdesTester] (Thread-651) Sending message {"value": 1} to topic topic-30d445fd_2886_4a48_b9aa_057634ab61cb
2025-08-12 17:22:01,206 INFO  [io.api.tes.ser.api.KafkaSerdesTester] (Thread-651) Sending message {"active": true} to topic topic-30d445fd_2886_4a48_b9aa_057634ab61cb
2025-08-12 17:22:01,326 INFO  [io.api.tes.ser.api.KafkaSerdesTester] (Thread-651) Sending message {"id": "record-3"} to topic topic-30d445fd_2886_4a48_b9aa_057634ab61cb
2025-08-12 17:22:01,332 INFO  [io.api.tes.ser.api.KafkaSerdesTester] (Thread-651) Sending message {"value": 4} to topic topic-30d445fd_2886_4a48_b9aa_057634ab61cb
2025-08-12 17:22:01,334 INFO  [io.api.tes.ser.api.KafkaSerdesTester] (Thread-651) Sending message {"active": false} to topic topic-30d445fd_2886_4a48_b9aa_057634ab61cb
2025-08-12 17:22:01,338 INFO  [io.api.tes.ser.api.KafkaSerdesTester] (Thread-651) Sending message {"id": "record-6"} to topic topic-30d445fd_2886_4a48_b9aa_057634ab61cb
2025-08-12 17:22:01,342 INFO  [io.api.tes.ser.api.KafkaSerdesTester] (Thread-651) Sending message {"value": 7} to topic topic-30d445fd_2886_4a48_b9aa_057634ab61cb
2025-08-12 17:22:01,345 INFO  [io.api.tes.ser.api.KafkaSerdesTester] (Thread-651) Sending message {"active": true} to topic topic-30d445fd_2886_4a48_b9aa_057634ab61cb
2025-08-12 17:22:01,350 INFO  [io.api.tes.ser.api.KafkaSerdesTester] (Thread-651) Sending message {"id": "record-9"} to topic topic-30d445fd_2886_4a48_b9aa_057634ab61cb
2025-08-12 17:22:01,352 INFO  [io.api.tes.ser.api.KafkaSerdesTester] (Thread-651) Produced 10 messages
2025-08-12 17:22:01,352 INFO  [org.apa.kaf.cli.pro.KafkaProducer] (Thread-651) [Producer clientId=Producer-topic-30d445fd_2886_4a48_b9aa_057634ab61cb] Closing the Kafka producer with timeoutMillis = 9223372036854775807 ms.
2025-08-12 17:22:01,355 INFO  [org.apa.kaf.com.met.Metrics] (Thread-651) Metrics scheduler closed
2025-08-12 17:22:01,355 INFO  [org.apa.kaf.com.met.Metrics] (Thread-651) Closing reporter org.apache.kafka.common.metrics.JmxReporter
2025-08-12 17:22:01,355 INFO  [org.apa.kaf.com.met.Metrics] (Thread-651) Closing reporter org.apache.kafka.common.telemetry.internals.ClientTelemetryReporter
2025-08-12 17:22:01,355 INFO  [org.apa.kaf.com.met.Metrics] (Thread-651) Metrics reporters closed
2025-08-12 17:22:01,356 INFO  [org.apa.kaf.com.uti.AppInfoParser] (Thread-651) App info kafka.producer for Producer-topic-30d445fd_2886_4a48_b9aa_057634ab61cb unregistered
2025-08-12 17:22:01,402 INFO  [io.api.tes.ser.api.AvroSerdeIT] (main) Artifact topic-30d445fd_2886_4a48_b9aa_057634ab61cb-value found in registry with globalId 25
**** Registry Base URL: http://registry-app-mysql.apps.ci419.apicurio-testing.org:80
2025-08-12 17:22:01,403 INFO  [org.apa.kaf.cli.con.ConsumerConfig] (main) ConsumerConfig values: 
	allow.auto.create.topics = true
	auto.commit.interval.ms = 500
	auto.include.jmx.reporter = true
	auto.offset.reset = earliest
	bootstrap.servers = [PLAINTEXT://localhost:32769]
	check.crcs = true
	client.dns.lookup = use_all_dns_ips
	client.id = consumer-Consumer-topic-30d445fd_2886_4a48_b9aa_057634ab61cb-8
	client.rack = 
	connections.max.idle.ms = 10000
	default.api.timeout.ms = 60000
	enable.auto.commit = true
	enable.metrics.push = true
	exclude.internal.topics = true
	fetch.max.bytes = 52428800
	fetch.max.wait.ms = 500
	fetch.min.bytes = 1
	group.id = Consumer-topic-30d445fd_2886_4a48_b9aa_057634ab61cb
	group.instance.id = null
	group.protocol = classic
	group.remote.assignor = null
	heartbeat.interval.ms = 3000
	interceptor.classes = []
	internal.leave.group.on.close = true
	internal.throw.on.fetch.stable.offset.unsupported = false
	isolation.level = read_uncommitted
	key.deserializer = class org.apache.kafka.common.serialization.StringDeserializer
	max.partition.fetch.bytes = 1048576
	max.poll.interval.ms = 300000
	max.poll.records = 500
	metadata.max.age.ms = 300000
	metadata.recovery.strategy = none
	metric.reporters = []
	metrics.num.samples = 2
	metrics.recording.level = INFO
	metrics.sample.window.ms = 30000
	partition.assignment.strategy = [class org.apache.kafka.clients.consumer.RangeAssignor, class org.apache.kafka.clients.consumer.CooperativeStickyAssignor]
	receive.buffer.bytes = 65536
	reconnect.backoff.max.ms = 1000
	reconnect.backoff.ms = 50
	request.timeout.ms = 5000
	retry.backoff.max.ms = 1000
	retry.backoff.ms = 100
	sasl.client.callback.handler.class = null
	sasl.jaas.config = null
	sasl.kerberos.kinit.cmd = /usr/bin/kinit
	sasl.kerberos.min.time.before.relogin = 60000
	sasl.kerberos.service.name = null
	sasl.kerberos.ticket.renew.jitter = 0.05
	sasl.kerberos.ticket.renew.window.factor = 0.8
	sasl.login.callback.handler.class = null
	sasl.login.class = null
	sasl.login.connect.timeout.ms = null
	sasl.login.read.timeout.ms = null
	sasl.login.refresh.buffer.seconds = 300
	sasl.login.refresh.min.period.seconds = 60
	sasl.login.refresh.window.factor = 0.8
	sasl.login.refresh.window.jitter = 0.05
	sasl.login.retry.backoff.max.ms = 10000
	sasl.login.retry.backoff.ms = 100
	sasl.mechanism = GSSAPI
	sasl.oauthbearer.clock.skew.seconds = 30
	sasl.oauthbearer.expected.audience = null
	sasl.oauthbearer.expected.issuer = null
	sasl.oauthbearer.header.urlencode = false
	sasl.oauthbearer.jwks.endpoint.refresh.ms = 3600000
	sasl.oauthbearer.jwks.endpoint.retry.backoff.max.ms = 10000
	sasl.oauthbearer.jwks.endpoint.retry.backoff.ms = 100
	sasl.oauthbearer.jwks.endpoint.url = null
	sasl.oauthbearer.scope.claim.name = scope
	sasl.oauthbearer.sub.claim.name = sub
	sasl.oauthbearer.token.endpoint.url = null
	security.protocol = PLAINTEXT
	security.providers = null
	send.buffer.bytes = 131072
	session.timeout.ms = 45000
	socket.connection.setup.timeout.max.ms = 30000
	socket.connection.setup.timeout.ms = 10000
	ssl.cipher.suites = null
	ssl.enabled.protocols = [TLSv1.2, TLSv1.3]
	ssl.endpoint.identification.algorithm = https
	ssl.engine.factory.class = null
	ssl.key.password = null
	ssl.keymanager.algorithm = SunX509
	ssl.keystore.certificate.chain = null
	ssl.keystore.key = null
	ssl.keystore.location = null
	ssl.keystore.password = null
	ssl.keystore.type = JKS
	ssl.protocol = TLSv1.3
	ssl.provider = null
	ssl.secure.random.implementation = null
	ssl.trustmanager.algorithm = PKIX
	ssl.truststore.certificates = null
	ssl.truststore.location = null
	ssl.truststore.password = null
	ssl.truststore.type = JKS
	value.deserializer = class io.apicurio.registry.serde.avro.AvroKafkaDeserializer

2025-08-12 17:22:01,403 INFO  [org.apa.kaf.com.tel.int.KafkaMetricsCollector] (main) initializing Kafka metrics collector
2025-08-12 17:22:01,408 INFO  [org.apa.kaf.cli.con.ConsumerConfig] (main) These configurations '[apicurio.registry.url]' were supplied but are not used yet.
2025-08-12 17:22:01,408 INFO  [org.apa.kaf.com.uti.AppInfoParser] (main) Kafka version: 3.9.1
2025-08-12 17:22:01,408 INFO  [org.apa.kaf.com.uti.AppInfoParser] (main) Kafka commitId: f745dfdcee2b9851
2025-08-12 17:22:01,408 INFO  [org.apa.kaf.com.uti.AppInfoParser] (main) Kafka startTimeMs: 1755019321408
2025-08-12 17:22:01,408 INFO  [org.apa.kaf.cli.con.int.ClassicKafkaConsumer] (Thread-654) [Consumer clientId=consumer-Consumer-topic-30d445fd_2886_4a48_b9aa_057634ab61cb-8, groupId=Consumer-topic-30d445fd_2886_4a48_b9aa_057634ab61cb] Subscribed to topic(s): topic-30d445fd_2886_4a48_b9aa_057634ab61cb
2025-08-12 17:22:01,414 INFO  [org.apa.kaf.cli.Metadata] (Thread-654) [Consumer clientId=consumer-Consumer-topic-30d445fd_2886_4a48_b9aa_057634ab61cb-8, groupId=Consumer-topic-30d445fd_2886_4a48_b9aa_057634ab61cb] Cluster ID: 7o-lMpHSRFKHq4uTXFQncw
2025-08-12 17:22:01,414 INFO  [org.apa.kaf.cli.con.int.ConsumerCoordinator] (Thread-654) [Consumer clientId=consumer-Consumer-topic-30d445fd_2886_4a48_b9aa_057634ab61cb-8, groupId=Consumer-topic-30d445fd_2886_4a48_b9aa_057634ab61cb] Discovered group coordinator localhost:32769 (id: 2147483647 rack: null)
2025-08-12 17:22:01,417 INFO  [org.apa.kaf.cli.con.int.ConsumerCoordinator] (Thread-654) [Consumer clientId=consumer-Consumer-topic-30d445fd_2886_4a48_b9aa_057634ab61cb-8, groupId=Consumer-topic-30d445fd_2886_4a48_b9aa_057634ab61cb] (Re-)joining group
2025-08-12 17:22:01,420 INFO  [org.apa.kaf.cli.con.int.ConsumerCoordinator] (Thread-654) [Consumer clientId=consumer-Consumer-topic-30d445fd_2886_4a48_b9aa_057634ab61cb-8, groupId=Consumer-topic-30d445fd_2886_4a48_b9aa_057634ab61cb] Request joining group due to: need to re-join with the given member-id: consumer-Consumer-topic-30d445fd_2886_4a48_b9aa_057634ab61cb-8-6bdf1fea-312c-4add-990a-2a15f386e57e
2025-08-12 17:22:01,420 INFO  [org.apa.kaf.cli.con.int.ConsumerCoordinator] (Thread-654) [Consumer clientId=consumer-Consumer-topic-30d445fd_2886_4a48_b9aa_057634ab61cb-8, groupId=Consumer-topic-30d445fd_2886_4a48_b9aa_057634ab61cb] (Re-)joining group
2025-08-12 17:22:02,410 INFO  [io.api.tes.ser.api.KafkaSerdesTester] (Thread-654) None found
2025-08-12 17:22:03,410 INFO  [io.api.tes.ser.api.KafkaSerdesTester] (Thread-654) None found
2025-08-12 17:22:04,410 INFO  [io.api.tes.ser.api.KafkaSerdesTester] (Thread-654) None found
2025-08-12 17:22:04,422 INFO  [org.apa.kaf.cli.con.int.ConsumerCoordinator] (Thread-654) [Consumer clientId=consumer-Consumer-topic-30d445fd_2886_4a48_b9aa_057634ab61cb-8, groupId=Consumer-topic-30d445fd_2886_4a48_b9aa_057634ab61cb] Successfully joined group with generation Generation{generationId=1, memberId='consumer-Consumer-topic-30d445fd_2886_4a48_b9aa_057634ab61cb-8-6bdf1fea-312c-4add-990a-2a15f386e57e', protocol='range'}
2025-08-12 17:22:04,423 INFO  [org.apa.kaf.cli.con.int.ConsumerCoordinator] (Thread-654) [Consumer clientId=consumer-Consumer-topic-30d445fd_2886_4a48_b9aa_057634ab61cb-8, groupId=Consumer-topic-30d445fd_2886_4a48_b9aa_057634ab61cb] Finished assignment for group at generation 1: {consumer-Consumer-topic-30d445fd_2886_4a48_b9aa_057634ab61cb-8-6bdf1fea-312c-4add-990a-2a15f386e57e=Assignment(partitions=[topic-30d445fd_2886_4a48_b9aa_057634ab61cb-0])}
2025-08-12 17:22:04,429 INFO  [org.apa.kaf.cli.con.int.ConsumerCoordinator] (Thread-654) [Consumer clientId=consumer-Consumer-topic-30d445fd_2886_4a48_b9aa_057634ab61cb-8, groupId=Consumer-topic-30d445fd_2886_4a48_b9aa_057634ab61cb] Successfully synced group in generation Generation{generationId=1, memberId='consumer-Consumer-topic-30d445fd_2886_4a48_b9aa_057634ab61cb-8-6bdf1fea-312c-4add-990a-2a15f386e57e', protocol='range'}
2025-08-12 17:22:04,429 INFO  [org.apa.kaf.cli.con.int.ConsumerCoordinator] (Thread-654) [Consumer clientId=consumer-Consumer-topic-30d445fd_2886_4a48_b9aa_057634ab61cb-8, groupId=Consumer-topic-30d445fd_2886_4a48_b9aa_057634ab61cb] Notifying assignor about the new Assignment(partitions=[topic-30d445fd_2886_4a48_b9aa_057634ab61cb-0])
2025-08-12 17:22:04,429 INFO  [org.apa.kaf.cli.con.int.ConsumerRebalanceListenerInvoker] (Thread-654) [Consumer clientId=consumer-Consumer-topic-30d445fd_2886_4a48_b9aa_057634ab61cb-8, groupId=Consumer-topic-30d445fd_2886_4a48_b9aa_057634ab61cb] Adding newly assigned partitions: topic-30d445fd_2886_4a48_b9aa_057634ab61cb-0
2025-08-12 17:22:04,431 INFO  [org.apa.kaf.cli.con.int.ConsumerCoordinator] (Thread-654) [Consumer clientId=consumer-Consumer-topic-30d445fd_2886_4a48_b9aa_057634ab61cb-8, groupId=Consumer-topic-30d445fd_2886_4a48_b9aa_057634ab61cb] Found no committed offset for partition topic-30d445fd_2886_4a48_b9aa_057634ab61cb-0
2025-08-12 17:22:04,438 INFO  [org.apa.kaf.cli.con.int.SubscriptionState] (Thread-654) [Consumer clientId=consumer-Consumer-topic-30d445fd_2886_4a48_b9aa_057634ab61cb-8, groupId=Consumer-topic-30d445fd_2886_4a48_b9aa_057634ab61cb] Resetting offset for partition topic-30d445fd_2886_4a48_b9aa_057634ab61cb-0 to position FetchPosition{offset=0, offsetEpoch=Optional.empty, currentLeader=LeaderAndEpoch{leader=Optional[localhost:32769 (id: 0 rack: null)], epoch=0}}.
2025-08-12 17:22:04,965 INFO  [io.api.tes.ser.api.KafkaSerdesTester] (Thread-654) topic-30d445fd_2886_4a48_b9aa_057634ab61cb 0 0 {"id": "record-0"}
2025-08-12 17:22:04,965 INFO  [io.api.tes.ser.api.KafkaSerdesTester] (Thread-654) topic-30d445fd_2886_4a48_b9aa_057634ab61cb 0 1 {"value": 1}
2025-08-12 17:22:04,965 INFO  [io.api.tes.ser.api.KafkaSerdesTester] (Thread-654) topic-30d445fd_2886_4a48_b9aa_057634ab61cb 0 2 {"active": true}
2025-08-12 17:22:04,965 INFO  [io.api.tes.ser.api.KafkaSerdesTester] (Thread-654) topic-30d445fd_2886_4a48_b9aa_057634ab61cb 0 3 {"id": "record-3"}
2025-08-12 17:22:04,965 INFO  [io.api.tes.ser.api.KafkaSerdesTester] (Thread-654) topic-30d445fd_2886_4a48_b9aa_057634ab61cb 0 4 {"value": 4}
2025-08-12 17:22:04,965 INFO  [io.api.tes.ser.api.KafkaSerdesTester] (Thread-654) topic-30d445fd_2886_4a48_b9aa_057634ab61cb 0 5 {"active": false}
2025-08-12 17:22:04,965 INFO  [io.api.tes.ser.api.KafkaSerdesTester] (Thread-654) topic-30d445fd_2886_4a48_b9aa_057634ab61cb 0 6 {"id": "record-6"}
2025-08-12 17:22:04,965 INFO  [io.api.tes.ser.api.KafkaSerdesTester] (Thread-654) topic-30d445fd_2886_4a48_b9aa_057634ab61cb 0 7 {"value": 7}
2025-08-12 17:22:04,965 INFO  [io.api.tes.ser.api.KafkaSerdesTester] (Thread-654) topic-30d445fd_2886_4a48_b9aa_057634ab61cb 0 8 {"active": true}
2025-08-12 17:22:04,965 INFO  [io.api.tes.ser.api.KafkaSerdesTester] (Thread-654) topic-30d445fd_2886_4a48_b9aa_057634ab61cb 0 9 {"id": "record-9"}
2025-08-12 17:22:04,965 INFO  [io.api.tes.ser.api.KafkaSerdesTester] (Thread-654) Consumed 10 messages
2025-08-12 17:22:04,973 INFO  [org.apa.kaf.cli.con.int.ConsumerRebalanceListenerInvoker] (Thread-654) [Consumer clientId=consumer-Consumer-topic-30d445fd_2886_4a48_b9aa_057634ab61cb-8, groupId=Consumer-topic-30d445fd_2886_4a48_b9aa_057634ab61cb] Revoke previously assigned partitions topic-30d445fd_2886_4a48_b9aa_057634ab61cb-0
2025-08-12 17:22:04,973 INFO  [org.apa.kaf.cli.con.int.ConsumerCoordinator] (Thread-654) [Consumer clientId=consumer-Consumer-topic-30d445fd_2886_4a48_b9aa_057634ab61cb-8, groupId=Consumer-topic-30d445fd_2886_4a48_b9aa_057634ab61cb] Member consumer-Consumer-topic-30d445fd_2886_4a48_b9aa_057634ab61cb-8-6bdf1fea-312c-4add-990a-2a15f386e57e sending LeaveGroup request to coordinator localhost:32769 (id: 2147483647 rack: null) due to the consumer is being closed
2025-08-12 17:22:04,973 INFO  [org.apa.kaf.cli.con.int.ConsumerCoordinator] (Thread-654) [Consumer clientId=consumer-Consumer-topic-30d445fd_2886_4a48_b9aa_057634ab61cb-8, groupId=Consumer-topic-30d445fd_2886_4a48_b9aa_057634ab61cb] Resetting generation and member id due to: consumer pro-actively leaving the group
2025-08-12 17:22:04,974 INFO  [org.apa.kaf.cli.con.int.ConsumerCoordinator] (Thread-654) [Consumer clientId=consumer-Consumer-topic-30d445fd_2886_4a48_b9aa_057634ab61cb-8, groupId=Consumer-topic-30d445fd_2886_4a48_b9aa_057634ab61cb] Request joining group due to: consumer pro-actively leaving the group
2025-08-12 17:22:05,469 INFO  [org.apa.kaf.com.met.Metrics] (Thread-654) Metrics scheduler closed
2025-08-12 17:22:05,469 INFO  [org.apa.kaf.com.met.Metrics] (Thread-654) Closing reporter org.apache.kafka.common.metrics.JmxReporter
2025-08-12 17:22:05,469 INFO  [org.apa.kaf.com.met.Metrics] (Thread-654) Closing reporter org.apache.kafka.common.telemetry.internals.ClientTelemetryReporter
2025-08-12 17:22:05,469 INFO  [org.apa.kaf.com.met.Metrics] (Thread-654) Metrics reporters closed
2025-08-12 17:22:05,472 INFO  [org.apa.kaf.com.uti.AppInfoParser] (Thread-654) App info kafka.consumer for consumer-Consumer-topic-30d445fd_2886_4a48_b9aa_057634ab61cb-8 unregistered
2025-08-12 17:22:05,473 INFO  [io.api.tes.uti.TestSeparator] (main) io.apicurio.tests.serdes.apicurio.AvroSerdeIT.testAvroUnionWithSpecificReader-FINISHED
2025-08-12 17:22:05,473 INFO  [io.api.tes.uti.TestSeparator] (main) ############################################################################
Test passed: testAvroUnionWithSpecificReader
]]></system-out>
  </testcase>
  <testcase name="testEvolveAvroApicurioReusingClient" classname="io.apicurio.tests.serdes.apicurio.AvroSerdeIT" time="7.705">
    <system-out><![CDATA[2025-08-12 17:22:05,477 INFO  [io.api.tes.uti.TestSeparator] (main) ############################################################################
2025-08-12 17:22:05,477 INFO  [io.api.tes.uti.TestSeparator] (main) io.apicurio.tests.serdes.apicurio.AvroSerdeIT.testEvolveAvroApicurioReusingClient-STARTED
2025-08-12 17:22:05,478 INFO  [io.api.tes.ser.api.AvroSerdeIT] (main) Registering Avro Schema: {"type":"record","name":"s0d403e14x9834x447cxaef1xb9f32800cb13","namespace":"ns_12d32d18_59a8_4351_9033_d3aafae8006a","fields":[{"name":"key11755019325478","type":"string"}]}
**** Registry Base URL: http://registry-app-mysql.apps.ci419.apicurio-testing.org:80
2025-08-12 17:22:06,660 INFO  [org.apa.kaf.cli.pro.ProducerConfig] (main) ProducerConfig values: 
	acks = -1
	auto.include.jmx.reporter = true
	batch.size = 16384
	bootstrap.servers = [PLAINTEXT://localhost:32769]
	buffer.memory = 33554432
	client.dns.lookup = use_all_dns_ips
	client.id = Producer-topic-4fb0fff7_4c72_40d7_8f79_bcaa2f1f345f
	compression.gzip.level = -1
	compression.lz4.level = 9
	compression.type = none
	compression.zstd.level = 3
	connections.max.idle.ms = 10000
	delivery.timeout.ms = 120000
	enable.idempotence = true
	enable.metrics.push = true
	interceptor.classes = []
	key.serializer = class org.apache.kafka.common.serialization.StringSerializer
	linger.ms = 0
	max.block.ms = 60000
	max.in.flight.requests.per.connection = 5
	max.request.size = 1048576
	metadata.max.age.ms = 300000
	metadata.max.idle.ms = 300000
	metadata.recovery.strategy = none
	metric.reporters = []
	metrics.num.samples = 2
	metrics.recording.level = INFO
	metrics.sample.window.ms = 30000
	partitioner.adaptive.partitioning.enable = true
	partitioner.availability.timeout.ms = 0
	partitioner.class = null
	partitioner.ignore.keys = false
	receive.buffer.bytes = 32768
	reconnect.backoff.max.ms = 1000
	reconnect.backoff.ms = 50
	request.timeout.ms = 5000
	retries = 2147483647
	retry.backoff.max.ms = 1000
	retry.backoff.ms = 100
	sasl.client.callback.handler.class = null
	sasl.jaas.config = null
	sasl.kerberos.kinit.cmd = /usr/bin/kinit
	sasl.kerberos.min.time.before.relogin = 60000
	sasl.kerberos.service.name = null
	sasl.kerberos.ticket.renew.jitter = 0.05
	sasl.kerberos.ticket.renew.window.factor = 0.8
	sasl.login.callback.handler.class = null
	sasl.login.class = null
	sasl.login.connect.timeout.ms = null
	sasl.login.read.timeout.ms = null
	sasl.login.refresh.buffer.seconds = 300
	sasl.login.refresh.min.period.seconds = 60
	sasl.login.refresh.window.factor = 0.8
	sasl.login.refresh.window.jitter = 0.05
	sasl.login.retry.backoff.max.ms = 10000
	sasl.login.retry.backoff.ms = 100
	sasl.mechanism = GSSAPI
	sasl.oauthbearer.clock.skew.seconds = 30
	sasl.oauthbearer.expected.audience = null
	sasl.oauthbearer.expected.issuer = null
	sasl.oauthbearer.header.urlencode = false
	sasl.oauthbearer.jwks.endpoint.refresh.ms = 3600000
	sasl.oauthbearer.jwks.endpoint.retry.backoff.max.ms = 10000
	sasl.oauthbearer.jwks.endpoint.retry.backoff.ms = 100
	sasl.oauthbearer.jwks.endpoint.url = null
	sasl.oauthbearer.scope.claim.name = scope
	sasl.oauthbearer.sub.claim.name = sub
	sasl.oauthbearer.token.endpoint.url = null
	security.protocol = PLAINTEXT
	security.providers = null
	send.buffer.bytes = 131072
	socket.connection.setup.timeout.max.ms = 30000
	socket.connection.setup.timeout.ms = 10000
	ssl.cipher.suites = null
	ssl.enabled.protocols = [TLSv1.2, TLSv1.3]
	ssl.endpoint.identification.algorithm = https
	ssl.engine.factory.class = null
	ssl.key.password = null
	ssl.keymanager.algorithm = SunX509
	ssl.keystore.certificate.chain = null
	ssl.keystore.key = null
	ssl.keystore.location = null
	ssl.keystore.password = null
	ssl.keystore.type = JKS
	ssl.protocol = TLSv1.3
	ssl.provider = null
	ssl.secure.random.implementation = null
	ssl.trustmanager.algorithm = PKIX
	ssl.truststore.certificates = null
	ssl.truststore.location = null
	ssl.truststore.password = null
	ssl.truststore.type = JKS
	transaction.timeout.ms = 60000
	transactional.id = null
	value.serializer = class io.apicurio.registry.serde.avro.AvroKafkaSerializer

2025-08-12 17:22:06,660 INFO  [org.apa.kaf.com.tel.int.KafkaMetricsCollector] (main) initializing Kafka metrics collector
2025-08-12 17:22:06,664 INFO  [org.apa.kaf.cli.pro.KafkaProducer] (main) [Producer clientId=Producer-topic-4fb0fff7_4c72_40d7_8f79_bcaa2f1f345f] Instantiated an idempotent producer.
2025-08-12 17:22:06,672 INFO  [org.apa.kaf.cli.pro.ProducerConfig] (main) These configurations '[apicurio.registry.url, apicurio.registry.artifact-resolver-strategy]' were supplied but are not used yet.
2025-08-12 17:22:06,672 INFO  [org.apa.kaf.com.uti.AppInfoParser] (main) Kafka version: 3.9.1
2025-08-12 17:22:06,672 INFO  [org.apa.kaf.com.uti.AppInfoParser] (main) Kafka commitId: f745dfdcee2b9851
2025-08-12 17:22:06,672 INFO  [org.apa.kaf.com.uti.AppInfoParser] (main) Kafka startTimeMs: 1755019326672
**** Registry Base URL: http://registry-app-mysql.apps.ci419.apicurio-testing.org:80
2025-08-12 17:22:06,673 INFO  [org.apa.kaf.cli.con.ConsumerConfig] (main) ConsumerConfig values: 
	allow.auto.create.topics = true
	auto.commit.interval.ms = 500
	auto.include.jmx.reporter = true
	auto.offset.reset = earliest
	bootstrap.servers = [PLAINTEXT://localhost:32769]
	check.crcs = true
	client.dns.lookup = use_all_dns_ips
	client.id = consumer-Consumer-topic-4fb0fff7_4c72_40d7_8f79_bcaa2f1f345f-9
	client.rack = 
	connections.max.idle.ms = 10000
	default.api.timeout.ms = 60000
	enable.auto.commit = true
	enable.metrics.push = true
	exclude.internal.topics = true
	fetch.max.bytes = 52428800
	fetch.max.wait.ms = 500
	fetch.min.bytes = 1
	group.id = Consumer-topic-4fb0fff7_4c72_40d7_8f79_bcaa2f1f345f
	group.instance.id = null
	group.protocol = classic
	group.remote.assignor = null
	heartbeat.interval.ms = 3000
	interceptor.classes = []
	internal.leave.group.on.close = true
	internal.throw.on.fetch.stable.offset.unsupported = false
	isolation.level = read_uncommitted
	key.deserializer = class org.apache.kafka.common.serialization.StringDeserializer
	max.partition.fetch.bytes = 1048576
	max.poll.interval.ms = 300000
	max.poll.records = 500
	metadata.max.age.ms = 300000
	metadata.recovery.strategy = none
	metric.reporters = []
	metrics.num.samples = 2
	metrics.recording.level = INFO
	metrics.sample.window.ms = 30000
	partition.assignment.strategy = [class org.apache.kafka.clients.consumer.RangeAssignor, class org.apache.kafka.clients.consumer.CooperativeStickyAssignor]
	receive.buffer.bytes = 65536
	reconnect.backoff.max.ms = 1000
	reconnect.backoff.ms = 50
	request.timeout.ms = 5000
	retry.backoff.max.ms = 1000
	retry.backoff.ms = 100
	sasl.client.callback.handler.class = null
	sasl.jaas.config = null
	sasl.kerberos.kinit.cmd = /usr/bin/kinit
	sasl.kerberos.min.time.before.relogin = 60000
	sasl.kerberos.service.name = null
	sasl.kerberos.ticket.renew.jitter = 0.05
	sasl.kerberos.ticket.renew.window.factor = 0.8
	sasl.login.callback.handler.class = null
	sasl.login.class = null
	sasl.login.connect.timeout.ms = null
	sasl.login.read.timeout.ms = null
	sasl.login.refresh.buffer.seconds = 300
	sasl.login.refresh.min.period.seconds = 60
	sasl.login.refresh.window.factor = 0.8
	sasl.login.refresh.window.jitter = 0.05
	sasl.login.retry.backoff.max.ms = 10000
	sasl.login.retry.backoff.ms = 100
	sasl.mechanism = GSSAPI
	sasl.oauthbearer.clock.skew.seconds = 30
	sasl.oauthbearer.expected.audience = null
	sasl.oauthbearer.expected.issuer = null
	sasl.oauthbearer.header.urlencode = false
	sasl.oauthbearer.jwks.endpoint.refresh.ms = 3600000
	sasl.oauthbearer.jwks.endpoint.retry.backoff.max.ms = 10000
	sasl.oauthbearer.jwks.endpoint.retry.backoff.ms = 100
	sasl.oauthbearer.jwks.endpoint.url = null
	sasl.oauthbearer.scope.claim.name = scope
	sasl.oauthbearer.sub.claim.name = sub
	sasl.oauthbearer.token.endpoint.url = null
	security.protocol = PLAINTEXT
	security.providers = null
	send.buffer.bytes = 131072
	session.timeout.ms = 45000
	socket.connection.setup.timeout.max.ms = 30000
	socket.connection.setup.timeout.ms = 10000
	ssl.cipher.suites = null
	ssl.enabled.protocols = [TLSv1.2, TLSv1.3]
	ssl.endpoint.identification.algorithm = https
	ssl.engine.factory.class = null
	ssl.key.password = null
	ssl.keymanager.algorithm = SunX509
	ssl.keystore.certificate.chain = null
	ssl.keystore.key = null
	ssl.keystore.location = null
	ssl.keystore.password = null
	ssl.keystore.type = JKS
	ssl.protocol = TLSv1.3
	ssl.provider = null
	ssl.secure.random.implementation = null
	ssl.trustmanager.algorithm = PKIX
	ssl.truststore.certificates = null
	ssl.truststore.location = null
	ssl.truststore.password = null
	ssl.truststore.type = JKS
	value.deserializer = class io.apicurio.registry.serde.avro.AvroKafkaDeserializer

2025-08-12 17:22:06,674 INFO  [org.apa.kaf.com.tel.int.KafkaMetricsCollector] (main) initializing Kafka metrics collector
2025-08-12 17:22:06,676 INFO  [org.apa.kaf.cli.Metadata] (kafka-producer-network-thread | Producer-topic-4fb0fff7_4c72_40d7_8f79_bcaa2f1f345f) [Producer clientId=Producer-topic-4fb0fff7_4c72_40d7_8f79_bcaa2f1f345f] Cluster ID: 7o-lMpHSRFKHq4uTXFQncw
2025-08-12 17:22:06,676 INFO  [org.apa.kaf.cli.pro.int.TransactionManager] (kafka-producer-network-thread | Producer-topic-4fb0fff7_4c72_40d7_8f79_bcaa2f1f345f) [Producer clientId=Producer-topic-4fb0fff7_4c72_40d7_8f79_bcaa2f1f345f] ProducerId set to 11 with epoch 0
2025-08-12 17:22:06,683 INFO  [org.apa.kaf.cli.con.ConsumerConfig] (main) These configurations '[apicurio.registry.url]' were supplied but are not used yet.
2025-08-12 17:22:06,683 INFO  [org.apa.kaf.com.uti.AppInfoParser] (main) Kafka version: 3.9.1
2025-08-12 17:22:06,683 INFO  [org.apa.kaf.com.uti.AppInfoParser] (main) Kafka commitId: f745dfdcee2b9851
2025-08-12 17:22:06,683 INFO  [org.apa.kaf.com.uti.AppInfoParser] (main) Kafka startTimeMs: 1755019326683
2025-08-12 17:22:06,685 INFO  [io.api.tes.ser.api.KafkaSerdesTester] (Thread-659) Sending message {"key11755019325478": "value-0"} to topic topic-4fb0fff7_4c72_40d7_8f79_bcaa2f1f345f
2025-08-12 17:22:06,700 INFO  [DefaultSchemaResolver] (Thread-659) Retrieving schema content using string: {"type":"record","name":"s0d403e14x9834x447cxaef1xb9f32800cb13","namespace":"ns_12d32d18_59a8_4351_9033_d3aafae8006a","fields":[{"name":"key11755019325478","type":"string"}]}
2025-08-12 17:22:06,790 INFO  [io.api.tes.ser.api.KafkaSerdesTester] (Thread-659) Sending message {"key11755019325478": "value-1"} to topic topic-4fb0fff7_4c72_40d7_8f79_bcaa2f1f345f
2025-08-12 17:22:06,791 INFO  [io.api.tes.ser.api.KafkaSerdesTester] (Thread-659) Sending message {"key11755019325478": "value-2"} to topic topic-4fb0fff7_4c72_40d7_8f79_bcaa2f1f345f
2025-08-12 17:22:06,794 INFO  [io.api.tes.ser.api.KafkaSerdesTester] (Thread-659) Sending message {"key11755019325478": "value-3"} to topic topic-4fb0fff7_4c72_40d7_8f79_bcaa2f1f345f
2025-08-12 17:22:06,796 INFO  [io.api.tes.ser.api.KafkaSerdesTester] (Thread-659) Sending message {"key11755019325478": "value-4"} to topic topic-4fb0fff7_4c72_40d7_8f79_bcaa2f1f345f
2025-08-12 17:22:06,798 INFO  [io.api.tes.ser.api.KafkaSerdesTester] (Thread-659) Sending message {"key11755019325478": "value-5"} to topic topic-4fb0fff7_4c72_40d7_8f79_bcaa2f1f345f
2025-08-12 17:22:06,799 INFO  [io.api.tes.ser.api.KafkaSerdesTester] (Thread-659) Sending message {"key11755019325478": "value-6"} to topic topic-4fb0fff7_4c72_40d7_8f79_bcaa2f1f345f
2025-08-12 17:22:06,802 INFO  [io.api.tes.ser.api.KafkaSerdesTester] (Thread-659) Sending message {"key11755019325478": "value-7"} to topic topic-4fb0fff7_4c72_40d7_8f79_bcaa2f1f345f
2025-08-12 17:22:06,805 INFO  [io.api.tes.ser.api.KafkaSerdesTester] (Thread-659) Sending message {"key11755019325478": "value-8"} to topic topic-4fb0fff7_4c72_40d7_8f79_bcaa2f1f345f
2025-08-12 17:22:06,808 INFO  [io.api.tes.ser.api.KafkaSerdesTester] (Thread-659) Sending message {"key11755019325478": "value-9"} to topic topic-4fb0fff7_4c72_40d7_8f79_bcaa2f1f345f
2025-08-12 17:22:06,809 INFO  [io.api.tes.ser.api.KafkaSerdesTester] (Thread-659) Produced 10 messages
2025-08-12 17:22:06,810 INFO  [org.apa.kaf.cli.con.int.ClassicKafkaConsumer] (Thread-660) [Consumer clientId=consumer-Consumer-topic-4fb0fff7_4c72_40d7_8f79_bcaa2f1f345f-9, groupId=Consumer-topic-4fb0fff7_4c72_40d7_8f79_bcaa2f1f345f] Subscribed to topic(s): topic-4fb0fff7_4c72_40d7_8f79_bcaa2f1f345f
2025-08-12 17:22:06,815 INFO  [org.apa.kaf.cli.Metadata] (Thread-660) [Consumer clientId=consumer-Consumer-topic-4fb0fff7_4c72_40d7_8f79_bcaa2f1f345f-9, groupId=Consumer-topic-4fb0fff7_4c72_40d7_8f79_bcaa2f1f345f] Cluster ID: 7o-lMpHSRFKHq4uTXFQncw
2025-08-12 17:22:06,815 INFO  [org.apa.kaf.cli.con.int.ConsumerCoordinator] (Thread-660) [Consumer clientId=consumer-Consumer-topic-4fb0fff7_4c72_40d7_8f79_bcaa2f1f345f-9, groupId=Consumer-topic-4fb0fff7_4c72_40d7_8f79_bcaa2f1f345f] Discovered group coordinator localhost:32769 (id: 2147483647 rack: null)
2025-08-12 17:22:06,817 INFO  [org.apa.kaf.cli.con.int.ConsumerCoordinator] (Thread-660) [Consumer clientId=consumer-Consumer-topic-4fb0fff7_4c72_40d7_8f79_bcaa2f1f345f-9, groupId=Consumer-topic-4fb0fff7_4c72_40d7_8f79_bcaa2f1f345f] (Re-)joining group
2025-08-12 17:22:06,820 INFO  [org.apa.kaf.cli.con.int.ConsumerCoordinator] (Thread-660) [Consumer clientId=consumer-Consumer-topic-4fb0fff7_4c72_40d7_8f79_bcaa2f1f345f-9, groupId=Consumer-topic-4fb0fff7_4c72_40d7_8f79_bcaa2f1f345f] Request joining group due to: need to re-join with the given member-id: consumer-Consumer-topic-4fb0fff7_4c72_40d7_8f79_bcaa2f1f345f-9-d13bc7d7-322d-47c2-9684-34bb7f987508
2025-08-12 17:22:06,820 INFO  [org.apa.kaf.cli.con.int.ConsumerCoordinator] (Thread-660) [Consumer clientId=consumer-Consumer-topic-4fb0fff7_4c72_40d7_8f79_bcaa2f1f345f-9, groupId=Consumer-topic-4fb0fff7_4c72_40d7_8f79_bcaa2f1f345f] (Re-)joining group
2025-08-12 17:22:07,810 INFO  [io.api.tes.ser.api.KafkaSerdesTester] (Thread-660) None found
2025-08-12 17:22:08,811 INFO  [io.api.tes.ser.api.KafkaSerdesTester] (Thread-660) None found
2025-08-12 17:22:09,811 INFO  [io.api.tes.ser.api.KafkaSerdesTester] (Thread-660) None found
2025-08-12 17:22:09,823 INFO  [org.apa.kaf.cli.con.int.ConsumerCoordinator] (Thread-660) [Consumer clientId=consumer-Consumer-topic-4fb0fff7_4c72_40d7_8f79_bcaa2f1f345f-9, groupId=Consumer-topic-4fb0fff7_4c72_40d7_8f79_bcaa2f1f345f] Successfully joined group with generation Generation{generationId=1, memberId='consumer-Consumer-topic-4fb0fff7_4c72_40d7_8f79_bcaa2f1f345f-9-d13bc7d7-322d-47c2-9684-34bb7f987508', protocol='range'}
2025-08-12 17:22:09,823 INFO  [org.apa.kaf.cli.con.int.ConsumerCoordinator] (Thread-660) [Consumer clientId=consumer-Consumer-topic-4fb0fff7_4c72_40d7_8f79_bcaa2f1f345f-9, groupId=Consumer-topic-4fb0fff7_4c72_40d7_8f79_bcaa2f1f345f] Finished assignment for group at generation 1: {consumer-Consumer-topic-4fb0fff7_4c72_40d7_8f79_bcaa2f1f345f-9-d13bc7d7-322d-47c2-9684-34bb7f987508=Assignment(partitions=[topic-4fb0fff7_4c72_40d7_8f79_bcaa2f1f345f-0])}
2025-08-12 17:22:09,830 INFO  [org.apa.kaf.cli.con.int.ConsumerCoordinator] (Thread-660) [Consumer clientId=consumer-Consumer-topic-4fb0fff7_4c72_40d7_8f79_bcaa2f1f345f-9, groupId=Consumer-topic-4fb0fff7_4c72_40d7_8f79_bcaa2f1f345f] Successfully synced group in generation Generation{generationId=1, memberId='consumer-Consumer-topic-4fb0fff7_4c72_40d7_8f79_bcaa2f1f345f-9-d13bc7d7-322d-47c2-9684-34bb7f987508', protocol='range'}
2025-08-12 17:22:09,831 INFO  [org.apa.kaf.cli.con.int.ConsumerCoordinator] (Thread-660) [Consumer clientId=consumer-Consumer-topic-4fb0fff7_4c72_40d7_8f79_bcaa2f1f345f-9, groupId=Consumer-topic-4fb0fff7_4c72_40d7_8f79_bcaa2f1f345f] Notifying assignor about the new Assignment(partitions=[topic-4fb0fff7_4c72_40d7_8f79_bcaa2f1f345f-0])
2025-08-12 17:22:09,831 INFO  [org.apa.kaf.cli.con.int.ConsumerRebalanceListenerInvoker] (Thread-660) [Consumer clientId=consumer-Consumer-topic-4fb0fff7_4c72_40d7_8f79_bcaa2f1f345f-9, groupId=Consumer-topic-4fb0fff7_4c72_40d7_8f79_bcaa2f1f345f] Adding newly assigned partitions: topic-4fb0fff7_4c72_40d7_8f79_bcaa2f1f345f-0
2025-08-12 17:22:09,831 INFO  [org.apa.kaf.cli.con.int.ConsumerCoordinator] (Thread-660) [Consumer clientId=consumer-Consumer-topic-4fb0fff7_4c72_40d7_8f79_bcaa2f1f345f-9, groupId=Consumer-topic-4fb0fff7_4c72_40d7_8f79_bcaa2f1f345f] Found no committed offset for partition topic-4fb0fff7_4c72_40d7_8f79_bcaa2f1f345f-0
2025-08-12 17:22:09,835 INFO  [org.apa.kaf.cli.con.int.SubscriptionState] (Thread-660) [Consumer clientId=consumer-Consumer-topic-4fb0fff7_4c72_40d7_8f79_bcaa2f1f345f-9, groupId=Consumer-topic-4fb0fff7_4c72_40d7_8f79_bcaa2f1f345f] Resetting offset for partition topic-4fb0fff7_4c72_40d7_8f79_bcaa2f1f345f-0 to position FetchPosition{offset=0, offsetEpoch=Optional.empty, currentLeader=LeaderAndEpoch{leader=Optional[localhost:32769 (id: 0 rack: null)], epoch=0}}.
2025-08-12 17:22:09,967 INFO  [io.api.tes.ser.api.KafkaSerdesTester] (Thread-660) topic-4fb0fff7_4c72_40d7_8f79_bcaa2f1f345f 0 0 {"key11755019325478": "value-0"}
2025-08-12 17:22:09,967 INFO  [io.api.tes.ser.api.KafkaSerdesTester] (Thread-660) topic-4fb0fff7_4c72_40d7_8f79_bcaa2f1f345f 0 1 {"key11755019325478": "value-1"}
2025-08-12 17:22:09,967 INFO  [io.api.tes.ser.api.KafkaSerdesTester] (Thread-660) topic-4fb0fff7_4c72_40d7_8f79_bcaa2f1f345f 0 2 {"key11755019325478": "value-2"}
2025-08-12 17:22:09,968 INFO  [io.api.tes.ser.api.KafkaSerdesTester] (Thread-660) topic-4fb0fff7_4c72_40d7_8f79_bcaa2f1f345f 0 3 {"key11755019325478": "value-3"}
2025-08-12 17:22:09,968 INFO  [io.api.tes.ser.api.KafkaSerdesTester] (Thread-660) topic-4fb0fff7_4c72_40d7_8f79_bcaa2f1f345f 0 4 {"key11755019325478": "value-4"}
2025-08-12 17:22:09,968 INFO  [io.api.tes.ser.api.KafkaSerdesTester] (Thread-660) topic-4fb0fff7_4c72_40d7_8f79_bcaa2f1f345f 0 5 {"key11755019325478": "value-5"}
2025-08-12 17:22:09,968 INFO  [io.api.tes.ser.api.KafkaSerdesTester] (Thread-660) topic-4fb0fff7_4c72_40d7_8f79_bcaa2f1f345f 0 6 {"key11755019325478": "value-6"}
2025-08-12 17:22:09,968 INFO  [io.api.tes.ser.api.KafkaSerdesTester] (Thread-660) topic-4fb0fff7_4c72_40d7_8f79_bcaa2f1f345f 0 7 {"key11755019325478": "value-7"}
2025-08-12 17:22:09,968 INFO  [io.api.tes.ser.api.KafkaSerdesTester] (Thread-660) topic-4fb0fff7_4c72_40d7_8f79_bcaa2f1f345f 0 8 {"key11755019325478": "value-8"}
2025-08-12 17:22:09,968 INFO  [io.api.tes.ser.api.KafkaSerdesTester] (Thread-660) topic-4fb0fff7_4c72_40d7_8f79_bcaa2f1f345f 0 9 {"key11755019325478": "value-9"}
2025-08-12 17:22:09,968 INFO  [io.api.tes.ser.api.KafkaSerdesTester] (Thread-660) Consumed 10 messages
2025-08-12 17:22:09,969 INFO  [io.api.tes.ser.api.AvroSerdeIT] (main) Registering Avro Schema 2: {"type":"record","name":"s0d403e14x9834x447cxaef1xb9f32800cb13","namespace":"ns_12d32d18_59a8_4351_9033_d3aafae8006a","fields":[{"name":"key11755019325478","type":"string"},{"name":"key21755019329968","type":"string"}]}
2025-08-12 17:22:11,107 INFO  [io.api.tes.ser.api.KafkaSerdesTester] (Thread-661) Sending message {"key11755019325478": "value-0", "key21755019329968": "value-0"} to topic topic-4fb0fff7_4c72_40d7_8f79_bcaa2f1f345f
2025-08-12 17:22:11,107 INFO  [DefaultSchemaResolver] (Thread-661) Retrieving schema content using string: {"type":"record","name":"s0d403e14x9834x447cxaef1xb9f32800cb13","namespace":"ns_12d32d18_59a8_4351_9033_d3aafae8006a","fields":[{"name":"key11755019325478","type":"string"},{"name":"key21755019329968","type":"string"}]}
2025-08-12 17:22:11,161 INFO  [io.api.tes.ser.api.KafkaSerdesTester] (Thread-661) Sending message {"key11755019325478": "value-1", "key21755019329968": "value-1"} to topic topic-4fb0fff7_4c72_40d7_8f79_bcaa2f1f345f
2025-08-12 17:22:11,163 INFO  [io.api.tes.ser.api.KafkaSerdesTester] (Thread-661) Sending message {"key11755019325478": "value-2", "key21755019329968": "value-2"} to topic topic-4fb0fff7_4c72_40d7_8f79_bcaa2f1f345f
2025-08-12 17:22:11,164 INFO  [io.api.tes.ser.api.KafkaSerdesTester] (Thread-661) Sending message {"key11755019325478": "value-3", "key21755019329968": "value-3"} to topic topic-4fb0fff7_4c72_40d7_8f79_bcaa2f1f345f
2025-08-12 17:22:11,167 INFO  [io.api.tes.ser.api.KafkaSerdesTester] (Thread-661) Sending message {"key11755019325478": "value-4", "key21755019329968": "value-4"} to topic topic-4fb0fff7_4c72_40d7_8f79_bcaa2f1f345f
2025-08-12 17:22:11,172 INFO  [io.api.tes.ser.api.KafkaSerdesTester] (Thread-661) Sending message {"key11755019325478": "value-5", "key21755019329968": "value-5"} to topic topic-4fb0fff7_4c72_40d7_8f79_bcaa2f1f345f
2025-08-12 17:22:11,175 INFO  [io.api.tes.ser.api.KafkaSerdesTester] (Thread-661) Sending message {"key11755019325478": "value-6", "key21755019329968": "value-6"} to topic topic-4fb0fff7_4c72_40d7_8f79_bcaa2f1f345f
2025-08-12 17:22:11,179 INFO  [io.api.tes.ser.api.KafkaSerdesTester] (Thread-661) Sending message {"key11755019325478": "value-7", "key21755019329968": "value-7"} to topic topic-4fb0fff7_4c72_40d7_8f79_bcaa2f1f345f
2025-08-12 17:22:11,182 INFO  [io.api.tes.ser.api.KafkaSerdesTester] (Thread-661) Sending message {"key11755019325478": "value-8", "key21755019329968": "value-8"} to topic topic-4fb0fff7_4c72_40d7_8f79_bcaa2f1f345f
2025-08-12 17:22:11,184 INFO  [io.api.tes.ser.api.KafkaSerdesTester] (Thread-661) Sending message {"key11755019325478": "value-9", "key21755019329968": "value-9"} to topic topic-4fb0fff7_4c72_40d7_8f79_bcaa2f1f345f
2025-08-12 17:22:11,186 INFO  [io.api.tes.ser.api.KafkaSerdesTester] (Thread-661) Produced 10 messages
2025-08-12 17:22:11,187 INFO  [io.api.tes.ser.api.KafkaSerdesTester] (Thread-662) Sending message {"key11755019325478": "value-0"} to topic topic-4fb0fff7_4c72_40d7_8f79_bcaa2f1f345f
2025-08-12 17:22:11,189 INFO  [io.api.tes.ser.api.KafkaSerdesTester] (Thread-662) Sending message {"key11755019325478": "value-1"} to topic topic-4fb0fff7_4c72_40d7_8f79_bcaa2f1f345f
2025-08-12 17:22:11,191 INFO  [io.api.tes.ser.api.KafkaSerdesTester] (Thread-662) Sending message {"key11755019325478": "value-2"} to topic topic-4fb0fff7_4c72_40d7_8f79_bcaa2f1f345f
2025-08-12 17:22:11,193 INFO  [io.api.tes.ser.api.KafkaSerdesTester] (Thread-662) Sending message {"key11755019325478": "value-3"} to topic topic-4fb0fff7_4c72_40d7_8f79_bcaa2f1f345f
2025-08-12 17:22:11,195 INFO  [io.api.tes.ser.api.KafkaSerdesTester] (Thread-662) Sending message {"key11755019325478": "value-4"} to topic topic-4fb0fff7_4c72_40d7_8f79_bcaa2f1f345f
2025-08-12 17:22:11,196 INFO  [io.api.tes.ser.api.KafkaSerdesTester] (Thread-662) Sending message {"key11755019325478": "value-5"} to topic topic-4fb0fff7_4c72_40d7_8f79_bcaa2f1f345f
2025-08-12 17:22:11,201 INFO  [io.api.tes.ser.api.KafkaSerdesTester] (Thread-662) Sending message {"key11755019325478": "value-6"} to topic topic-4fb0fff7_4c72_40d7_8f79_bcaa2f1f345f
2025-08-12 17:22:11,204 INFO  [io.api.tes.ser.api.KafkaSerdesTester] (Thread-662) Sending message {"key11755019325478": "value-7"} to topic topic-4fb0fff7_4c72_40d7_8f79_bcaa2f1f345f
2025-08-12 17:22:11,209 INFO  [io.api.tes.ser.api.KafkaSerdesTester] (Thread-662) Sending message {"key11755019325478": "value-8"} to topic topic-4fb0fff7_4c72_40d7_8f79_bcaa2f1f345f
2025-08-12 17:22:11,212 INFO  [io.api.tes.ser.api.KafkaSerdesTester] (Thread-662) Sending message {"key11755019325478": "value-9"} to topic topic-4fb0fff7_4c72_40d7_8f79_bcaa2f1f345f
2025-08-12 17:22:11,217 INFO  [io.api.tes.ser.api.KafkaSerdesTester] (Thread-662) Produced 10 messages
2025-08-12 17:22:11,219 INFO  [org.apa.kaf.cli.con.int.ClassicKafkaConsumer] (Thread-663) [Consumer clientId=consumer-Consumer-topic-4fb0fff7_4c72_40d7_8f79_bcaa2f1f345f-9, groupId=Consumer-topic-4fb0fff7_4c72_40d7_8f79_bcaa2f1f345f] Subscribed to topic(s): topic-4fb0fff7_4c72_40d7_8f79_bcaa2f1f345f
2025-08-12 17:22:11,312 INFO  [io.api.tes.ser.api.KafkaSerdesTester] (Thread-663) topic-4fb0fff7_4c72_40d7_8f79_bcaa2f1f345f 0 10 {"key11755019325478": "value-0", "key21755019329968": "value-0"}
2025-08-12 17:22:11,312 INFO  [io.api.tes.ser.api.KafkaSerdesTester] (Thread-663) topic-4fb0fff7_4c72_40d7_8f79_bcaa2f1f345f 0 11 {"key11755019325478": "value-1", "key21755019329968": "value-1"}
2025-08-12 17:22:11,312 INFO  [io.api.tes.ser.api.KafkaSerdesTester] (Thread-663) topic-4fb0fff7_4c72_40d7_8f79_bcaa2f1f345f 0 12 {"key11755019325478": "value-2", "key21755019329968": "value-2"}
2025-08-12 17:22:11,312 INFO  [io.api.tes.ser.api.KafkaSerdesTester] (Thread-663) topic-4fb0fff7_4c72_40d7_8f79_bcaa2f1f345f 0 13 {"key11755019325478": "value-3", "key21755019329968": "value-3"}
2025-08-12 17:22:11,312 INFO  [io.api.tes.ser.api.KafkaSerdesTester] (Thread-663) topic-4fb0fff7_4c72_40d7_8f79_bcaa2f1f345f 0 14 {"key11755019325478": "value-4", "key21755019329968": "value-4"}
2025-08-12 17:22:11,312 INFO  [io.api.tes.ser.api.KafkaSerdesTester] (Thread-663) topic-4fb0fff7_4c72_40d7_8f79_bcaa2f1f345f 0 15 {"key11755019325478": "value-5", "key21755019329968": "value-5"}
2025-08-12 17:22:11,312 INFO  [io.api.tes.ser.api.KafkaSerdesTester] (Thread-663) topic-4fb0fff7_4c72_40d7_8f79_bcaa2f1f345f 0 16 {"key11755019325478": "value-6", "key21755019329968": "value-6"}
2025-08-12 17:22:11,312 INFO  [io.api.tes.ser.api.KafkaSerdesTester] (Thread-663) topic-4fb0fff7_4c72_40d7_8f79_bcaa2f1f345f 0 17 {"key11755019325478": "value-7", "key21755019329968": "value-7"}
2025-08-12 17:22:11,312 INFO  [io.api.tes.ser.api.KafkaSerdesTester] (Thread-663) topic-4fb0fff7_4c72_40d7_8f79_bcaa2f1f345f 0 18 {"key11755019325478": "value-8", "key21755019329968": "value-8"}
2025-08-12 17:22:11,312 INFO  [io.api.tes.ser.api.KafkaSerdesTester] (Thread-663) topic-4fb0fff7_4c72_40d7_8f79_bcaa2f1f345f 0 19 {"key11755019325478": "value-9", "key21755019329968": "value-9"}
2025-08-12 17:22:11,312 INFO  [io.api.tes.ser.api.KafkaSerdesTester] (Thread-663) topic-4fb0fff7_4c72_40d7_8f79_bcaa2f1f345f 0 20 {"key11755019325478": "value-0"}
2025-08-12 17:22:11,312 INFO  [io.api.tes.ser.api.KafkaSerdesTester] (Thread-663) topic-4fb0fff7_4c72_40d7_8f79_bcaa2f1f345f 0 21 {"key11755019325478": "value-1"}
2025-08-12 17:22:11,312 INFO  [io.api.tes.ser.api.KafkaSerdesTester] (Thread-663) topic-4fb0fff7_4c72_40d7_8f79_bcaa2f1f345f 0 22 {"key11755019325478": "value-2"}
2025-08-12 17:22:11,313 INFO  [io.api.tes.ser.api.KafkaSerdesTester] (Thread-663) topic-4fb0fff7_4c72_40d7_8f79_bcaa2f1f345f 0 23 {"key11755019325478": "value-3"}
2025-08-12 17:22:11,313 INFO  [io.api.tes.ser.api.KafkaSerdesTester] (Thread-663) topic-4fb0fff7_4c72_40d7_8f79_bcaa2f1f345f 0 24 {"key11755019325478": "value-4"}
2025-08-12 17:22:11,313 INFO  [io.api.tes.ser.api.KafkaSerdesTester] (Thread-663) topic-4fb0fff7_4c72_40d7_8f79_bcaa2f1f345f 0 25 {"key11755019325478": "value-5"}
2025-08-12 17:22:11,313 INFO  [io.api.tes.ser.api.KafkaSerdesTester] (Thread-663) topic-4fb0fff7_4c72_40d7_8f79_bcaa2f1f345f 0 26 {"key11755019325478": "value-6"}
2025-08-12 17:22:11,313 INFO  [io.api.tes.ser.api.KafkaSerdesTester] (Thread-663) topic-4fb0fff7_4c72_40d7_8f79_bcaa2f1f345f 0 27 {"key11755019325478": "value-7"}
2025-08-12 17:22:11,313 INFO  [io.api.tes.ser.api.KafkaSerdesTester] (Thread-663) topic-4fb0fff7_4c72_40d7_8f79_bcaa2f1f345f 0 28 {"key11755019325478": "value-8"}
2025-08-12 17:22:11,313 INFO  [io.api.tes.ser.api.KafkaSerdesTester] (Thread-663) topic-4fb0fff7_4c72_40d7_8f79_bcaa2f1f345f 0 29 {"key11755019325478": "value-9"}
2025-08-12 17:22:11,313 INFO  [io.api.tes.ser.api.KafkaSerdesTester] (Thread-663) Consumed 20 messages
2025-08-12 17:22:11,314 INFO  [io.api.tes.ser.api.AvroSerdeIT] (main) Registering Avro Schema 3: {"type":"record","name":"s0d403e14x9834x447cxaef1xb9f32800cb13","namespace":"ns_12d32d18_59a8_4351_9033_d3aafae8006a","fields":[{"name":"key11755019325478","type":"string"},{"name":"key21755019329968","type":"string"},{"name":"key31755019331313","type":"string"}]}
2025-08-12 17:22:12,438 INFO  [io.api.tes.ser.api.KafkaSerdesTester] (Thread-664) Sending message {"key11755019325478": "value-0", "key21755019329968": "value-0", "key31755019331313": "value-0"} to topic topic-4fb0fff7_4c72_40d7_8f79_bcaa2f1f345f
2025-08-12 17:22:12,438 INFO  [DefaultSchemaResolver] (Thread-664) Retrieving schema content using string: {"type":"record","name":"s0d403e14x9834x447cxaef1xb9f32800cb13","namespace":"ns_12d32d18_59a8_4351_9033_d3aafae8006a","fields":[{"name":"key11755019325478","type":"string"},{"name":"key21755019329968","type":"string"},{"name":"key31755019331313","type":"string"}]}
2025-08-12 17:22:12,490 INFO  [io.api.tes.ser.api.KafkaSerdesTester] (Thread-664) Sending message {"key11755019325478": "value-1", "key21755019329968": "value-1", "key31755019331313": "value-1"} to topic topic-4fb0fff7_4c72_40d7_8f79_bcaa2f1f345f
2025-08-12 17:22:12,491 INFO  [io.api.tes.ser.api.KafkaSerdesTester] (Thread-664) Sending message {"key11755019325478": "value-2", "key21755019329968": "value-2", "key31755019331313": "value-2"} to topic topic-4fb0fff7_4c72_40d7_8f79_bcaa2f1f345f
2025-08-12 17:22:12,493 INFO  [io.api.tes.ser.api.KafkaSerdesTester] (Thread-664) Sending message {"key11755019325478": "value-3", "key21755019329968": "value-3", "key31755019331313": "value-3"} to topic topic-4fb0fff7_4c72_40d7_8f79_bcaa2f1f345f
2025-08-12 17:22:12,495 INFO  [io.api.tes.ser.api.KafkaSerdesTester] (Thread-664) Sending message {"key11755019325478": "value-4", "key21755019329968": "value-4", "key31755019331313": "value-4"} to topic topic-4fb0fff7_4c72_40d7_8f79_bcaa2f1f345f
2025-08-12 17:22:12,497 INFO  [io.api.tes.ser.api.KafkaSerdesTester] (Thread-664) Sending message {"key11755019325478": "value-5", "key21755019329968": "value-5", "key31755019331313": "value-5"} to topic topic-4fb0fff7_4c72_40d7_8f79_bcaa2f1f345f
2025-08-12 17:22:12,499 INFO  [io.api.tes.ser.api.KafkaSerdesTester] (Thread-664) Sending message {"key11755019325478": "value-6", "key21755019329968": "value-6", "key31755019331313": "value-6"} to topic topic-4fb0fff7_4c72_40d7_8f79_bcaa2f1f345f
2025-08-12 17:22:12,505 INFO  [io.api.tes.ser.api.KafkaSerdesTester] (Thread-664) Sending message {"key11755019325478": "value-7", "key21755019329968": "value-7", "key31755019331313": "value-7"} to topic topic-4fb0fff7_4c72_40d7_8f79_bcaa2f1f345f
2025-08-12 17:22:12,507 INFO  [io.api.tes.ser.api.KafkaSerdesTester] (Thread-664) Sending message {"key11755019325478": "value-8", "key21755019329968": "value-8", "key31755019331313": "value-8"} to topic topic-4fb0fff7_4c72_40d7_8f79_bcaa2f1f345f
2025-08-12 17:22:12,510 INFO  [io.api.tes.ser.api.KafkaSerdesTester] (Thread-664) Sending message {"key11755019325478": "value-9", "key21755019329968": "value-9", "key31755019331313": "value-9"} to topic topic-4fb0fff7_4c72_40d7_8f79_bcaa2f1f345f
2025-08-12 17:22:12,512 INFO  [io.api.tes.ser.api.KafkaSerdesTester] (Thread-664) Produced 10 messages
2025-08-12 17:22:12,512 INFO  [io.api.tes.ser.api.KafkaSerdesTester] (Thread-665) Sending message {"key11755019325478": "value-0", "key21755019329968": "value-0"} to topic topic-4fb0fff7_4c72_40d7_8f79_bcaa2f1f345f
2025-08-12 17:22:12,514 INFO  [io.api.tes.ser.api.KafkaSerdesTester] (Thread-665) Sending message {"key11755019325478": "value-1", "key21755019329968": "value-1"} to topic topic-4fb0fff7_4c72_40d7_8f79_bcaa2f1f345f
2025-08-12 17:22:12,516 INFO  [io.api.tes.ser.api.KafkaSerdesTester] (Thread-665) Sending message {"key11755019325478": "value-2", "key21755019329968": "value-2"} to topic topic-4fb0fff7_4c72_40d7_8f79_bcaa2f1f345f
2025-08-12 17:22:12,517 INFO  [io.api.tes.ser.api.KafkaSerdesTester] (Thread-665) Sending message {"key11755019325478": "value-3", "key21755019329968": "value-3"} to topic topic-4fb0fff7_4c72_40d7_8f79_bcaa2f1f345f
2025-08-12 17:22:12,518 INFO  [io.api.tes.ser.api.KafkaSerdesTester] (Thread-665) Sending message {"key11755019325478": "value-4", "key21755019329968": "value-4"} to topic topic-4fb0fff7_4c72_40d7_8f79_bcaa2f1f345f
2025-08-12 17:22:12,520 INFO  [io.api.tes.ser.api.KafkaSerdesTester] (Thread-665) Sending message {"key11755019325478": "value-5", "key21755019329968": "value-5"} to topic topic-4fb0fff7_4c72_40d7_8f79_bcaa2f1f345f
2025-08-12 17:22:12,521 INFO  [io.api.tes.ser.api.KafkaSerdesTester] (Thread-665) Sending message {"key11755019325478": "value-6", "key21755019329968": "value-6"} to topic topic-4fb0fff7_4c72_40d7_8f79_bcaa2f1f345f
2025-08-12 17:22:12,522 INFO  [io.api.tes.ser.api.KafkaSerdesTester] (Thread-665) Sending message {"key11755019325478": "value-7", "key21755019329968": "value-7"} to topic topic-4fb0fff7_4c72_40d7_8f79_bcaa2f1f345f
2025-08-12 17:22:12,525 INFO  [io.api.tes.ser.api.KafkaSerdesTester] (Thread-665) Sending message {"key11755019325478": "value-8", "key21755019329968": "value-8"} to topic topic-4fb0fff7_4c72_40d7_8f79_bcaa2f1f345f
2025-08-12 17:22:12,527 INFO  [io.api.tes.ser.api.KafkaSerdesTester] (Thread-665) Sending message {"key11755019325478": "value-9", "key21755019329968": "value-9"} to topic topic-4fb0fff7_4c72_40d7_8f79_bcaa2f1f345f
2025-08-12 17:22:12,528 INFO  [io.api.tes.ser.api.KafkaSerdesTester] (Thread-665) Produced 10 messages
2025-08-12 17:22:12,529 INFO  [io.api.tes.ser.api.KafkaSerdesTester] (Thread-666) Sending message {"key11755019325478": "value-0"} to topic topic-4fb0fff7_4c72_40d7_8f79_bcaa2f1f345f
2025-08-12 17:22:12,530 INFO  [io.api.tes.ser.api.KafkaSerdesTester] (Thread-666) Sending message {"key11755019325478": "value-1"} to topic topic-4fb0fff7_4c72_40d7_8f79_bcaa2f1f345f
2025-08-12 17:22:12,532 INFO  [io.api.tes.ser.api.KafkaSerdesTester] (Thread-666) Sending message {"key11755019325478": "value-2"} to topic topic-4fb0fff7_4c72_40d7_8f79_bcaa2f1f345f
2025-08-12 17:22:12,534 INFO  [io.api.tes.ser.api.KafkaSerdesTester] (Thread-666) Sending message {"key11755019325478": "value-3"} to topic topic-4fb0fff7_4c72_40d7_8f79_bcaa2f1f345f
2025-08-12 17:22:12,536 INFO  [io.api.tes.ser.api.KafkaSerdesTester] (Thread-666) Sending message {"key11755019325478": "value-4"} to topic topic-4fb0fff7_4c72_40d7_8f79_bcaa2f1f345f
2025-08-12 17:22:12,537 INFO  [io.api.tes.ser.api.KafkaSerdesTester] (Thread-666) Sending message {"key11755019325478": "value-5"} to topic topic-4fb0fff7_4c72_40d7_8f79_bcaa2f1f345f
2025-08-12 17:22:12,538 INFO  [io.api.tes.ser.api.KafkaSerdesTester] (Thread-666) Sending message {"key11755019325478": "value-6"} to topic topic-4fb0fff7_4c72_40d7_8f79_bcaa2f1f345f
2025-08-12 17:22:12,540 INFO  [io.api.tes.ser.api.KafkaSerdesTester] (Thread-666) Sending message {"key11755019325478": "value-7"} to topic topic-4fb0fff7_4c72_40d7_8f79_bcaa2f1f345f
2025-08-12 17:22:12,541 INFO  [io.api.tes.ser.api.KafkaSerdesTester] (Thread-666) Sending message {"key11755019325478": "value-8"} to topic topic-4fb0fff7_4c72_40d7_8f79_bcaa2f1f345f
2025-08-12 17:22:12,543 INFO  [io.api.tes.ser.api.KafkaSerdesTester] (Thread-666) Sending message {"key11755019325478": "value-9"} to topic topic-4fb0fff7_4c72_40d7_8f79_bcaa2f1f345f
2025-08-12 17:22:12,544 INFO  [io.api.tes.ser.api.KafkaSerdesTester] (Thread-666) Produced 10 messages
2025-08-12 17:22:12,545 INFO  [org.apa.kaf.cli.con.int.ClassicKafkaConsumer] (Thread-667) [Consumer clientId=consumer-Consumer-topic-4fb0fff7_4c72_40d7_8f79_bcaa2f1f345f-9, groupId=Consumer-topic-4fb0fff7_4c72_40d7_8f79_bcaa2f1f345f] Subscribed to topic(s): topic-4fb0fff7_4c72_40d7_8f79_bcaa2f1f345f
2025-08-12 17:22:12,671 INFO  [io.api.tes.ser.api.KafkaSerdesTester] (Thread-667) topic-4fb0fff7_4c72_40d7_8f79_bcaa2f1f345f 0 30 {"key11755019325478": "value-0", "key21755019329968": "value-0", "key31755019331313": "value-0"}
2025-08-12 17:22:12,671 INFO  [io.api.tes.ser.api.KafkaSerdesTester] (Thread-667) topic-4fb0fff7_4c72_40d7_8f79_bcaa2f1f345f 0 31 {"key11755019325478": "value-1", "key21755019329968": "value-1", "key31755019331313": "value-1"}
2025-08-12 17:22:12,671 INFO  [io.api.tes.ser.api.KafkaSerdesTester] (Thread-667) topic-4fb0fff7_4c72_40d7_8f79_bcaa2f1f345f 0 32 {"key11755019325478": "value-2", "key21755019329968": "value-2", "key31755019331313": "value-2"}
2025-08-12 17:22:12,671 INFO  [io.api.tes.ser.api.KafkaSerdesTester] (Thread-667) topic-4fb0fff7_4c72_40d7_8f79_bcaa2f1f345f 0 33 {"key11755019325478": "value-3", "key21755019329968": "value-3", "key31755019331313": "value-3"}
2025-08-12 17:22:12,672 INFO  [io.api.tes.ser.api.KafkaSerdesTester] (Thread-667) topic-4fb0fff7_4c72_40d7_8f79_bcaa2f1f345f 0 34 {"key11755019325478": "value-4", "key21755019329968": "value-4", "key31755019331313": "value-4"}
2025-08-12 17:22:12,672 INFO  [io.api.tes.ser.api.KafkaSerdesTester] (Thread-667) topic-4fb0fff7_4c72_40d7_8f79_bcaa2f1f345f 0 35 {"key11755019325478": "value-5", "key21755019329968": "value-5", "key31755019331313": "value-5"}
2025-08-12 17:22:12,672 INFO  [io.api.tes.ser.api.KafkaSerdesTester] (Thread-667) topic-4fb0fff7_4c72_40d7_8f79_bcaa2f1f345f 0 36 {"key11755019325478": "value-6", "key21755019329968": "value-6", "key31755019331313": "value-6"}
2025-08-12 17:22:12,672 INFO  [io.api.tes.ser.api.KafkaSerdesTester] (Thread-667) topic-4fb0fff7_4c72_40d7_8f79_bcaa2f1f345f 0 37 {"key11755019325478": "value-7", "key21755019329968": "value-7", "key31755019331313": "value-7"}
2025-08-12 17:22:12,672 INFO  [io.api.tes.ser.api.KafkaSerdesTester] (Thread-667) topic-4fb0fff7_4c72_40d7_8f79_bcaa2f1f345f 0 38 {"key11755019325478": "value-8", "key21755019329968": "value-8", "key31755019331313": "value-8"}
2025-08-12 17:22:12,672 INFO  [io.api.tes.ser.api.KafkaSerdesTester] (Thread-667) topic-4fb0fff7_4c72_40d7_8f79_bcaa2f1f345f 0 39 {"key11755019325478": "value-9", "key21755019329968": "value-9", "key31755019331313": "value-9"}
2025-08-12 17:22:12,672 INFO  [io.api.tes.ser.api.KafkaSerdesTester] (Thread-667) topic-4fb0fff7_4c72_40d7_8f79_bcaa2f1f345f 0 40 {"key11755019325478": "value-0", "key21755019329968": "value-0"}
2025-08-12 17:22:12,672 INFO  [io.api.tes.ser.api.KafkaSerdesTester] (Thread-667) topic-4fb0fff7_4c72_40d7_8f79_bcaa2f1f345f 0 41 {"key11755019325478": "value-1", "key21755019329968": "value-1"}
2025-08-12 17:22:12,672 INFO  [io.api.tes.ser.api.KafkaSerdesTester] (Thread-667) topic-4fb0fff7_4c72_40d7_8f79_bcaa2f1f345f 0 42 {"key11755019325478": "value-2", "key21755019329968": "value-2"}
2025-08-12 17:22:12,672 INFO  [io.api.tes.ser.api.KafkaSerdesTester] (Thread-667) topic-4fb0fff7_4c72_40d7_8f79_bcaa2f1f345f 0 43 {"key11755019325478": "value-3", "key21755019329968": "value-3"}
2025-08-12 17:22:12,672 INFO  [io.api.tes.ser.api.KafkaSerdesTester] (Thread-667) topic-4fb0fff7_4c72_40d7_8f79_bcaa2f1f345f 0 44 {"key11755019325478": "value-4", "key21755019329968": "value-4"}
2025-08-12 17:22:12,672 INFO  [io.api.tes.ser.api.KafkaSerdesTester] (Thread-667) topic-4fb0fff7_4c72_40d7_8f79_bcaa2f1f345f 0 45 {"key11755019325478": "value-5", "key21755019329968": "value-5"}
2025-08-12 17:22:12,672 INFO  [io.api.tes.ser.api.KafkaSerdesTester] (Thread-667) topic-4fb0fff7_4c72_40d7_8f79_bcaa2f1f345f 0 46 {"key11755019325478": "value-6", "key21755019329968": "value-6"}
2025-08-12 17:22:12,672 INFO  [io.api.tes.ser.api.KafkaSerdesTester] (Thread-667) topic-4fb0fff7_4c72_40d7_8f79_bcaa2f1f345f 0 47 {"key11755019325478": "value-7", "key21755019329968": "value-7"}
2025-08-12 17:22:12,672 INFO  [io.api.tes.ser.api.KafkaSerdesTester] (Thread-667) topic-4fb0fff7_4c72_40d7_8f79_bcaa2f1f345f 0 48 {"key11755019325478": "value-8", "key21755019329968": "value-8"}
2025-08-12 17:22:12,672 INFO  [io.api.tes.ser.api.KafkaSerdesTester] (Thread-667) topic-4fb0fff7_4c72_40d7_8f79_bcaa2f1f345f 0 49 {"key11755019325478": "value-9", "key21755019329968": "value-9"}
2025-08-12 17:22:12,672 INFO  [io.api.tes.ser.api.KafkaSerdesTester] (Thread-667) topic-4fb0fff7_4c72_40d7_8f79_bcaa2f1f345f 0 50 {"key11755019325478": "value-0"}
2025-08-12 17:22:12,672 INFO  [io.api.tes.ser.api.KafkaSerdesTester] (Thread-667) topic-4fb0fff7_4c72_40d7_8f79_bcaa2f1f345f 0 51 {"key11755019325478": "value-1"}
2025-08-12 17:22:12,672 INFO  [io.api.tes.ser.api.KafkaSerdesTester] (Thread-667) topic-4fb0fff7_4c72_40d7_8f79_bcaa2f1f345f 0 52 {"key11755019325478": "value-2"}
2025-08-12 17:22:12,672 INFO  [io.api.tes.ser.api.KafkaSerdesTester] (Thread-667) topic-4fb0fff7_4c72_40d7_8f79_bcaa2f1f345f 0 53 {"key11755019325478": "value-3"}
2025-08-12 17:22:12,672 INFO  [io.api.tes.ser.api.KafkaSerdesTester] (Thread-667) topic-4fb0fff7_4c72_40d7_8f79_bcaa2f1f345f 0 54 {"key11755019325478": "value-4"}
2025-08-12 17:22:12,672 INFO  [io.api.tes.ser.api.KafkaSerdesTester] (Thread-667) topic-4fb0fff7_4c72_40d7_8f79_bcaa2f1f345f 0 55 {"key11755019325478": "value-5"}
2025-08-12 17:22:12,672 INFO  [io.api.tes.ser.api.KafkaSerdesTester] (Thread-667) topic-4fb0fff7_4c72_40d7_8f79_bcaa2f1f345f 0 56 {"key11755019325478": "value-6"}
2025-08-12 17:22:12,673 INFO  [io.api.tes.ser.api.KafkaSerdesTester] (Thread-667) topic-4fb0fff7_4c72_40d7_8f79_bcaa2f1f345f 0 57 {"key11755019325478": "value-7"}
2025-08-12 17:22:12,673 INFO  [io.api.tes.ser.api.KafkaSerdesTester] (Thread-667) topic-4fb0fff7_4c72_40d7_8f79_bcaa2f1f345f 0 58 {"key11755019325478": "value-8"}
2025-08-12 17:22:12,673 INFO  [io.api.tes.ser.api.KafkaSerdesTester] (Thread-667) topic-4fb0fff7_4c72_40d7_8f79_bcaa2f1f345f 0 59 {"key11755019325478": "value-9"}
2025-08-12 17:22:12,673 INFO  [io.api.tes.ser.api.KafkaSerdesTester] (Thread-667) Consumed 30 messages
2025-08-12 17:22:12,673 INFO  [org.apa.kaf.cli.pro.KafkaProducer] (main) [Producer clientId=Producer-topic-4fb0fff7_4c72_40d7_8f79_bcaa2f1f345f] Closing the Kafka producer with timeoutMillis = 9223372036854775807 ms.
2025-08-12 17:22:12,676 INFO  [org.apa.kaf.com.met.Metrics] (main) Metrics scheduler closed
2025-08-12 17:22:12,676 INFO  [org.apa.kaf.com.met.Metrics] (main) Closing reporter org.apache.kafka.common.metrics.JmxReporter
2025-08-12 17:22:12,676 INFO  [org.apa.kaf.com.met.Metrics] (main) Closing reporter org.apache.kafka.common.telemetry.internals.ClientTelemetryReporter
2025-08-12 17:22:12,676 INFO  [org.apa.kaf.com.met.Metrics] (main) Metrics reporters closed
2025-08-12 17:22:12,677 INFO  [org.apa.kaf.com.uti.AppInfoParser] (main) App info kafka.producer for Producer-topic-4fb0fff7_4c72_40d7_8f79_bcaa2f1f345f unregistered
2025-08-12 17:22:12,683 INFO  [org.apa.kaf.cli.con.int.ConsumerRebalanceListenerInvoker] (main) [Consumer clientId=consumer-Consumer-topic-4fb0fff7_4c72_40d7_8f79_bcaa2f1f345f-9, groupId=Consumer-topic-4fb0fff7_4c72_40d7_8f79_bcaa2f1f345f] Revoke previously assigned partitions topic-4fb0fff7_4c72_40d7_8f79_bcaa2f1f345f-0
2025-08-12 17:22:12,683 INFO  [org.apa.kaf.cli.con.int.ConsumerCoordinator] (main) [Consumer clientId=consumer-Consumer-topic-4fb0fff7_4c72_40d7_8f79_bcaa2f1f345f-9, groupId=Consumer-topic-4fb0fff7_4c72_40d7_8f79_bcaa2f1f345f] Member consumer-Consumer-topic-4fb0fff7_4c72_40d7_8f79_bcaa2f1f345f-9-d13bc7d7-322d-47c2-9684-34bb7f987508 sending LeaveGroup request to coordinator localhost:32769 (id: 2147483647 rack: null) due to the consumer is being closed
2025-08-12 17:22:12,683 INFO  [org.apa.kaf.cli.con.int.ConsumerCoordinator] (main) [Consumer clientId=consumer-Consumer-topic-4fb0fff7_4c72_40d7_8f79_bcaa2f1f345f-9, groupId=Consumer-topic-4fb0fff7_4c72_40d7_8f79_bcaa2f1f345f] Resetting generation and member id due to: consumer pro-actively leaving the group
2025-08-12 17:22:12,684 INFO  [org.apa.kaf.cli.con.int.ConsumerCoordinator] (main) [Consumer clientId=consumer-Consumer-topic-4fb0fff7_4c72_40d7_8f79_bcaa2f1f345f-9, groupId=Consumer-topic-4fb0fff7_4c72_40d7_8f79_bcaa2f1f345f] Request joining group due to: consumer pro-actively leaving the group
2025-08-12 17:22:13,177 INFO  [org.apa.kaf.com.met.Metrics] (main) Metrics scheduler closed
2025-08-12 17:22:13,177 INFO  [org.apa.kaf.com.met.Metrics] (main) Closing reporter org.apache.kafka.common.metrics.JmxReporter
2025-08-12 17:22:13,177 INFO  [org.apa.kaf.com.met.Metrics] (main) Closing reporter org.apache.kafka.common.telemetry.internals.ClientTelemetryReporter
2025-08-12 17:22:13,177 INFO  [org.apa.kaf.com.met.Metrics] (main) Metrics reporters closed
2025-08-12 17:22:13,180 INFO  [org.apa.kaf.com.uti.AppInfoParser] (main) App info kafka.consumer for consumer-Consumer-topic-4fb0fff7_4c72_40d7_8f79_bcaa2f1f345f-9 unregistered
2025-08-12 17:22:13,180 INFO  [io.api.tes.uti.TestSeparator] (main) io.apicurio.tests.serdes.apicurio.AvroSerdeIT.testEvolveAvroApicurioReusingClient-FINISHED
2025-08-12 17:22:13,180 INFO  [io.api.tes.uti.TestSeparator] (main) ############################################################################
Test passed: testEvolveAvroApicurioReusingClient
]]></system-out>
  </testcase>
  <testcase name="testProducerUsesDefaultConsumerUsesGlobalId" classname="io.apicurio.tests.serdes.apicurio.AvroSerdeIT" time="0.0">
    <skipped message="void io.apicurio.tests.serdes.apicurio.AvroSerdeIT.testProducerUsesDefaultConsumerUsesGlobalId() throws java.lang.Exception is @Disabled"/>
  </testcase>
  <testcase name="testEvolveAvroApicurio" classname="io.apicurio.tests.serdes.apicurio.AvroSerdeIT" time="15.451">
    <system-out><![CDATA[2025-08-12 17:22:13,188 INFO  [io.api.tes.uti.TestSeparator] (main) ############################################################################
2025-08-12 17:22:13,188 INFO  [io.api.tes.uti.TestSeparator] (main) io.apicurio.tests.serdes.apicurio.AvroSerdeIT.testEvolveAvroApicurio-STARTED
2025-08-12 17:22:13,189 INFO  [io.api.tes.ser.api.AvroSerdeIT] (main) Registering Avro Schema: {"type":"record","name":"sb45c93d5x54d6x4e1axb61axdd9b021501c2","namespace":"ns_5778a003_2d88_472f_8aff_38f228adc7a3","fields":[{"name":"key11755019333189","type":"string"}]}
**** Registry Base URL: http://registry-app-mysql.apps.ci419.apicurio-testing.org:80
2025-08-12 17:22:14,366 INFO  [org.apa.kaf.cli.pro.ProducerConfig] (main) ProducerConfig values: 
	acks = -1
	auto.include.jmx.reporter = true
	batch.size = 16384
	bootstrap.servers = [PLAINTEXT://localhost:32769]
	buffer.memory = 33554432
	client.dns.lookup = use_all_dns_ips
	client.id = Producer-topic-ce9d98d9_fd1f_4b3a_89af_08627c45b558
	compression.gzip.level = -1
	compression.lz4.level = 9
	compression.type = none
	compression.zstd.level = 3
	connections.max.idle.ms = 10000
	delivery.timeout.ms = 120000
	enable.idempotence = true
	enable.metrics.push = true
	interceptor.classes = []
	key.serializer = class org.apache.kafka.common.serialization.StringSerializer
	linger.ms = 0
	max.block.ms = 60000
	max.in.flight.requests.per.connection = 5
	max.request.size = 1048576
	metadata.max.age.ms = 300000
	metadata.max.idle.ms = 300000
	metadata.recovery.strategy = none
	metric.reporters = []
	metrics.num.samples = 2
	metrics.recording.level = INFO
	metrics.sample.window.ms = 30000
	partitioner.adaptive.partitioning.enable = true
	partitioner.availability.timeout.ms = 0
	partitioner.class = null
	partitioner.ignore.keys = false
	receive.buffer.bytes = 32768
	reconnect.backoff.max.ms = 1000
	reconnect.backoff.ms = 50
	request.timeout.ms = 5000
	retries = 2147483647
	retry.backoff.max.ms = 1000
	retry.backoff.ms = 100
	sasl.client.callback.handler.class = null
	sasl.jaas.config = null
	sasl.kerberos.kinit.cmd = /usr/bin/kinit
	sasl.kerberos.min.time.before.relogin = 60000
	sasl.kerberos.service.name = null
	sasl.kerberos.ticket.renew.jitter = 0.05
	sasl.kerberos.ticket.renew.window.factor = 0.8
	sasl.login.callback.handler.class = null
	sasl.login.class = null
	sasl.login.connect.timeout.ms = null
	sasl.login.read.timeout.ms = null
	sasl.login.refresh.buffer.seconds = 300
	sasl.login.refresh.min.period.seconds = 60
	sasl.login.refresh.window.factor = 0.8
	sasl.login.refresh.window.jitter = 0.05
	sasl.login.retry.backoff.max.ms = 10000
	sasl.login.retry.backoff.ms = 100
	sasl.mechanism = GSSAPI
	sasl.oauthbearer.clock.skew.seconds = 30
	sasl.oauthbearer.expected.audience = null
	sasl.oauthbearer.expected.issuer = null
	sasl.oauthbearer.header.urlencode = false
	sasl.oauthbearer.jwks.endpoint.refresh.ms = 3600000
	sasl.oauthbearer.jwks.endpoint.retry.backoff.max.ms = 10000
	sasl.oauthbearer.jwks.endpoint.retry.backoff.ms = 100
	sasl.oauthbearer.jwks.endpoint.url = null
	sasl.oauthbearer.scope.claim.name = scope
	sasl.oauthbearer.sub.claim.name = sub
	sasl.oauthbearer.token.endpoint.url = null
	security.protocol = PLAINTEXT
	security.providers = null
	send.buffer.bytes = 131072
	socket.connection.setup.timeout.max.ms = 30000
	socket.connection.setup.timeout.ms = 10000
	ssl.cipher.suites = null
	ssl.enabled.protocols = [TLSv1.2, TLSv1.3]
	ssl.endpoint.identification.algorithm = https
	ssl.engine.factory.class = null
	ssl.key.password = null
	ssl.keymanager.algorithm = SunX509
	ssl.keystore.certificate.chain = null
	ssl.keystore.key = null
	ssl.keystore.location = null
	ssl.keystore.password = null
	ssl.keystore.type = JKS
	ssl.protocol = TLSv1.3
	ssl.provider = null
	ssl.secure.random.implementation = null
	ssl.trustmanager.algorithm = PKIX
	ssl.truststore.certificates = null
	ssl.truststore.location = null
	ssl.truststore.password = null
	ssl.truststore.type = JKS
	transaction.timeout.ms = 60000
	transactional.id = null
	value.serializer = class io.apicurio.registry.serde.avro.AvroKafkaSerializer

2025-08-12 17:22:14,367 INFO  [org.apa.kaf.com.tel.int.KafkaMetricsCollector] (main) initializing Kafka metrics collector
2025-08-12 17:22:14,370 INFO  [org.apa.kaf.cli.pro.KafkaProducer] (main) [Producer clientId=Producer-topic-ce9d98d9_fd1f_4b3a_89af_08627c45b558] Instantiated an idempotent producer.
2025-08-12 17:22:14,373 INFO  [org.apa.kaf.cli.pro.ProducerConfig] (main) These configurations '[apicurio.registry.url, apicurio.registry.artifact-resolver-strategy]' were supplied but are not used yet.
2025-08-12 17:22:14,373 INFO  [org.apa.kaf.com.uti.AppInfoParser] (main) Kafka version: 3.9.1
2025-08-12 17:22:14,373 INFO  [org.apa.kaf.com.uti.AppInfoParser] (main) Kafka commitId: f745dfdcee2b9851
2025-08-12 17:22:14,373 INFO  [org.apa.kaf.com.uti.AppInfoParser] (main) Kafka startTimeMs: 1755019334373
**** Registry Base URL: http://registry-app-mysql.apps.ci419.apicurio-testing.org:80
2025-08-12 17:22:14,374 INFO  [org.apa.kaf.cli.con.ConsumerConfig] (main) ConsumerConfig values: 
	allow.auto.create.topics = true
	auto.commit.interval.ms = 500
	auto.include.jmx.reporter = true
	auto.offset.reset = earliest
	bootstrap.servers = [PLAINTEXT://localhost:32769]
	check.crcs = true
	client.dns.lookup = use_all_dns_ips
	client.id = consumer-Consumer-topic-ce9d98d9_fd1f_4b3a_89af_08627c45b558-10
	client.rack = 
	connections.max.idle.ms = 10000
	default.api.timeout.ms = 60000
	enable.auto.commit = true
	enable.metrics.push = true
	exclude.internal.topics = true
	fetch.max.bytes = 52428800
	fetch.max.wait.ms = 500
	fetch.min.bytes = 1
	group.id = Consumer-topic-ce9d98d9_fd1f_4b3a_89af_08627c45b558
	group.instance.id = null
	group.protocol = classic
	group.remote.assignor = null
	heartbeat.interval.ms = 3000
	interceptor.classes = []
	internal.leave.group.on.close = true
	internal.throw.on.fetch.stable.offset.unsupported = false
	isolation.level = read_uncommitted
	key.deserializer = class org.apache.kafka.common.serialization.StringDeserializer
	max.partition.fetch.bytes = 1048576
	max.poll.interval.ms = 300000
	max.poll.records = 500
	metadata.max.age.ms = 300000
	metadata.recovery.strategy = none
	metric.reporters = []
	metrics.num.samples = 2
	metrics.recording.level = INFO
	metrics.sample.window.ms = 30000
	partition.assignment.strategy = [class org.apache.kafka.clients.consumer.RangeAssignor, class org.apache.kafka.clients.consumer.CooperativeStickyAssignor]
	receive.buffer.bytes = 65536
	reconnect.backoff.max.ms = 1000
	reconnect.backoff.ms = 50
	request.timeout.ms = 5000
	retry.backoff.max.ms = 1000
	retry.backoff.ms = 100
	sasl.client.callback.handler.class = null
	sasl.jaas.config = null
	sasl.kerberos.kinit.cmd = /usr/bin/kinit
	sasl.kerberos.min.time.before.relogin = 60000
	sasl.kerberos.service.name = null
	sasl.kerberos.ticket.renew.jitter = 0.05
	sasl.kerberos.ticket.renew.window.factor = 0.8
	sasl.login.callback.handler.class = null
	sasl.login.class = null
	sasl.login.connect.timeout.ms = null
	sasl.login.read.timeout.ms = null
	sasl.login.refresh.buffer.seconds = 300
	sasl.login.refresh.min.period.seconds = 60
	sasl.login.refresh.window.factor = 0.8
	sasl.login.refresh.window.jitter = 0.05
	sasl.login.retry.backoff.max.ms = 10000
	sasl.login.retry.backoff.ms = 100
	sasl.mechanism = GSSAPI
	sasl.oauthbearer.clock.skew.seconds = 30
	sasl.oauthbearer.expected.audience = null
	sasl.oauthbearer.expected.issuer = null
	sasl.oauthbearer.header.urlencode = false
	sasl.oauthbearer.jwks.endpoint.refresh.ms = 3600000
	sasl.oauthbearer.jwks.endpoint.retry.backoff.max.ms = 10000
	sasl.oauthbearer.jwks.endpoint.retry.backoff.ms = 100
	sasl.oauthbearer.jwks.endpoint.url = null
	sasl.oauthbearer.scope.claim.name = scope
	sasl.oauthbearer.sub.claim.name = sub
	sasl.oauthbearer.token.endpoint.url = null
	security.protocol = PLAINTEXT
	security.providers = null
	send.buffer.bytes = 131072
	session.timeout.ms = 45000
	socket.connection.setup.timeout.max.ms = 30000
	socket.connection.setup.timeout.ms = 10000
	ssl.cipher.suites = null
	ssl.enabled.protocols = [TLSv1.2, TLSv1.3]
	ssl.endpoint.identification.algorithm = https
	ssl.engine.factory.class = null
	ssl.key.password = null
	ssl.keymanager.algorithm = SunX509
	ssl.keystore.certificate.chain = null
	ssl.keystore.key = null
	ssl.keystore.location = null
	ssl.keystore.password = null
	ssl.keystore.type = JKS
	ssl.protocol = TLSv1.3
	ssl.provider = null
	ssl.secure.random.implementation = null
	ssl.trustmanager.algorithm = PKIX
	ssl.truststore.certificates = null
	ssl.truststore.location = null
	ssl.truststore.password = null
	ssl.truststore.type = JKS
	value.deserializer = class io.apicurio.registry.serde.avro.AvroKafkaDeserializer

2025-08-12 17:22:14,374 INFO  [org.apa.kaf.com.tel.int.KafkaMetricsCollector] (main) initializing Kafka metrics collector
2025-08-12 17:22:14,380 INFO  [org.apa.kaf.cli.Metadata] (kafka-producer-network-thread | Producer-topic-ce9d98d9_fd1f_4b3a_89af_08627c45b558) [Producer clientId=Producer-topic-ce9d98d9_fd1f_4b3a_89af_08627c45b558] Cluster ID: 7o-lMpHSRFKHq4uTXFQncw
2025-08-12 17:22:14,380 INFO  [org.apa.kaf.cli.pro.int.TransactionManager] (kafka-producer-network-thread | Producer-topic-ce9d98d9_fd1f_4b3a_89af_08627c45b558) [Producer clientId=Producer-topic-ce9d98d9_fd1f_4b3a_89af_08627c45b558] ProducerId set to 12 with epoch 0
2025-08-12 17:22:14,386 INFO  [org.apa.kaf.cli.con.ConsumerConfig] (main) These configurations '[apicurio.registry.url]' were supplied but are not used yet.
2025-08-12 17:22:14,386 INFO  [org.apa.kaf.com.uti.AppInfoParser] (main) Kafka version: 3.9.1
2025-08-12 17:22:14,387 INFO  [org.apa.kaf.com.uti.AppInfoParser] (main) Kafka commitId: f745dfdcee2b9851
2025-08-12 17:22:14,387 INFO  [org.apa.kaf.com.uti.AppInfoParser] (main) Kafka startTimeMs: 1755019334386
2025-08-12 17:22:14,387 INFO  [io.api.tes.ser.api.KafkaSerdesTester] (Thread-672) Sending message {"key11755019333189": "value-0"} to topic topic-ce9d98d9_fd1f_4b3a_89af_08627c45b558
2025-08-12 17:22:14,392 INFO  [DefaultSchemaResolver] (Thread-672) Retrieving schema content using string: {"type":"record","name":"sb45c93d5x54d6x4e1axb61axdd9b021501c2","namespace":"ns_5778a003_2d88_472f_8aff_38f228adc7a3","fields":[{"name":"key11755019333189","type":"string"}]}
2025-08-12 17:22:14,477 INFO  [io.api.tes.ser.api.KafkaSerdesTester] (Thread-672) Sending message {"key11755019333189": "value-1"} to topic topic-ce9d98d9_fd1f_4b3a_89af_08627c45b558
2025-08-12 17:22:14,479 INFO  [io.api.tes.ser.api.KafkaSerdesTester] (Thread-672) Sending message {"key11755019333189": "value-2"} to topic topic-ce9d98d9_fd1f_4b3a_89af_08627c45b558
2025-08-12 17:22:14,480 INFO  [io.api.tes.ser.api.KafkaSerdesTester] (Thread-672) Sending message {"key11755019333189": "value-3"} to topic topic-ce9d98d9_fd1f_4b3a_89af_08627c45b558
2025-08-12 17:22:14,481 INFO  [io.api.tes.ser.api.KafkaSerdesTester] (Thread-672) Sending message {"key11755019333189": "value-4"} to topic topic-ce9d98d9_fd1f_4b3a_89af_08627c45b558
2025-08-12 17:22:14,483 INFO  [io.api.tes.ser.api.KafkaSerdesTester] (Thread-672) Sending message {"key11755019333189": "value-5"} to topic topic-ce9d98d9_fd1f_4b3a_89af_08627c45b558
2025-08-12 17:22:14,487 INFO  [io.api.tes.ser.api.KafkaSerdesTester] (Thread-672) Sending message {"key11755019333189": "value-6"} to topic topic-ce9d98d9_fd1f_4b3a_89af_08627c45b558
2025-08-12 17:22:14,489 INFO  [io.api.tes.ser.api.KafkaSerdesTester] (Thread-672) Sending message {"key11755019333189": "value-7"} to topic topic-ce9d98d9_fd1f_4b3a_89af_08627c45b558
2025-08-12 17:22:14,491 INFO  [io.api.tes.ser.api.KafkaSerdesTester] (Thread-672) Sending message {"key11755019333189": "value-8"} to topic topic-ce9d98d9_fd1f_4b3a_89af_08627c45b558
2025-08-12 17:22:14,492 INFO  [io.api.tes.ser.api.KafkaSerdesTester] (Thread-672) Sending message {"key11755019333189": "value-9"} to topic topic-ce9d98d9_fd1f_4b3a_89af_08627c45b558
2025-08-12 17:22:14,493 INFO  [io.api.tes.ser.api.KafkaSerdesTester] (Thread-672) Produced 10 messages
2025-08-12 17:22:14,494 INFO  [org.apa.kaf.cli.pro.KafkaProducer] (Thread-672) [Producer clientId=Producer-topic-ce9d98d9_fd1f_4b3a_89af_08627c45b558] Closing the Kafka producer with timeoutMillis = 9223372036854775807 ms.
2025-08-12 17:22:14,496 INFO  [org.apa.kaf.com.met.Metrics] (Thread-672) Metrics scheduler closed
2025-08-12 17:22:14,496 INFO  [org.apa.kaf.com.met.Metrics] (Thread-672) Closing reporter org.apache.kafka.common.metrics.JmxReporter
2025-08-12 17:22:14,496 INFO  [org.apa.kaf.com.met.Metrics] (Thread-672) Closing reporter org.apache.kafka.common.telemetry.internals.ClientTelemetryReporter
2025-08-12 17:22:14,496 INFO  [org.apa.kaf.com.met.Metrics] (Thread-672) Metrics reporters closed
2025-08-12 17:22:14,496 INFO  [org.apa.kaf.com.uti.AppInfoParser] (Thread-672) App info kafka.producer for Producer-topic-ce9d98d9_fd1f_4b3a_89af_08627c45b558 unregistered
2025-08-12 17:22:14,498 INFO  [org.apa.kaf.cli.con.int.ClassicKafkaConsumer] (Thread-673) [Consumer clientId=consumer-Consumer-topic-ce9d98d9_fd1f_4b3a_89af_08627c45b558-10, groupId=Consumer-topic-ce9d98d9_fd1f_4b3a_89af_08627c45b558] Subscribed to topic(s): topic-ce9d98d9_fd1f_4b3a_89af_08627c45b558
2025-08-12 17:22:14,505 INFO  [org.apa.kaf.cli.Metadata] (Thread-673) [Consumer clientId=consumer-Consumer-topic-ce9d98d9_fd1f_4b3a_89af_08627c45b558-10, groupId=Consumer-topic-ce9d98d9_fd1f_4b3a_89af_08627c45b558] Cluster ID: 7o-lMpHSRFKHq4uTXFQncw
2025-08-12 17:22:14,506 INFO  [org.apa.kaf.cli.con.int.ConsumerCoordinator] (Thread-673) [Consumer clientId=consumer-Consumer-topic-ce9d98d9_fd1f_4b3a_89af_08627c45b558-10, groupId=Consumer-topic-ce9d98d9_fd1f_4b3a_89af_08627c45b558] Discovered group coordinator localhost:32769 (id: 2147483647 rack: null)
2025-08-12 17:22:14,509 INFO  [org.apa.kaf.cli.con.int.ConsumerCoordinator] (Thread-673) [Consumer clientId=consumer-Consumer-topic-ce9d98d9_fd1f_4b3a_89af_08627c45b558-10, groupId=Consumer-topic-ce9d98d9_fd1f_4b3a_89af_08627c45b558] (Re-)joining group
2025-08-12 17:22:14,515 INFO  [org.apa.kaf.cli.con.int.ConsumerCoordinator] (Thread-673) [Consumer clientId=consumer-Consumer-topic-ce9d98d9_fd1f_4b3a_89af_08627c45b558-10, groupId=Consumer-topic-ce9d98d9_fd1f_4b3a_89af_08627c45b558] Request joining group due to: need to re-join with the given member-id: consumer-Consumer-topic-ce9d98d9_fd1f_4b3a_89af_08627c45b558-10-e943d423-1514-4f1d-9ddb-7820fd4ce88f
2025-08-12 17:22:14,515 INFO  [org.apa.kaf.cli.con.int.ConsumerCoordinator] (Thread-673) [Consumer clientId=consumer-Consumer-topic-ce9d98d9_fd1f_4b3a_89af_08627c45b558-10, groupId=Consumer-topic-ce9d98d9_fd1f_4b3a_89af_08627c45b558] (Re-)joining group
2025-08-12 17:22:15,498 INFO  [io.api.tes.ser.api.KafkaSerdesTester] (Thread-673) None found
2025-08-12 17:22:16,498 INFO  [io.api.tes.ser.api.KafkaSerdesTester] (Thread-673) None found
2025-08-12 17:22:17,498 INFO  [io.api.tes.ser.api.KafkaSerdesTester] (Thread-673) None found
2025-08-12 17:22:17,516 INFO  [org.apa.kaf.cli.con.int.ConsumerCoordinator] (Thread-673) [Consumer clientId=consumer-Consumer-topic-ce9d98d9_fd1f_4b3a_89af_08627c45b558-10, groupId=Consumer-topic-ce9d98d9_fd1f_4b3a_89af_08627c45b558] Successfully joined group with generation Generation{generationId=1, memberId='consumer-Consumer-topic-ce9d98d9_fd1f_4b3a_89af_08627c45b558-10-e943d423-1514-4f1d-9ddb-7820fd4ce88f', protocol='range'}
2025-08-12 17:22:17,516 INFO  [org.apa.kaf.cli.con.int.ConsumerCoordinator] (Thread-673) [Consumer clientId=consumer-Consumer-topic-ce9d98d9_fd1f_4b3a_89af_08627c45b558-10, groupId=Consumer-topic-ce9d98d9_fd1f_4b3a_89af_08627c45b558] Finished assignment for group at generation 1: {consumer-Consumer-topic-ce9d98d9_fd1f_4b3a_89af_08627c45b558-10-e943d423-1514-4f1d-9ddb-7820fd4ce88f=Assignment(partitions=[topic-ce9d98d9_fd1f_4b3a_89af_08627c45b558-0])}
2025-08-12 17:22:17,523 INFO  [org.apa.kaf.cli.con.int.ConsumerCoordinator] (Thread-673) [Consumer clientId=consumer-Consumer-topic-ce9d98d9_fd1f_4b3a_89af_08627c45b558-10, groupId=Consumer-topic-ce9d98d9_fd1f_4b3a_89af_08627c45b558] Successfully synced group in generation Generation{generationId=1, memberId='consumer-Consumer-topic-ce9d98d9_fd1f_4b3a_89af_08627c45b558-10-e943d423-1514-4f1d-9ddb-7820fd4ce88f', protocol='range'}
2025-08-12 17:22:17,523 INFO  [org.apa.kaf.cli.con.int.ConsumerCoordinator] (Thread-673) [Consumer clientId=consumer-Consumer-topic-ce9d98d9_fd1f_4b3a_89af_08627c45b558-10, groupId=Consumer-topic-ce9d98d9_fd1f_4b3a_89af_08627c45b558] Notifying assignor about the new Assignment(partitions=[topic-ce9d98d9_fd1f_4b3a_89af_08627c45b558-0])
2025-08-12 17:22:17,523 INFO  [org.apa.kaf.cli.con.int.ConsumerRebalanceListenerInvoker] (Thread-673) [Consumer clientId=consumer-Consumer-topic-ce9d98d9_fd1f_4b3a_89af_08627c45b558-10, groupId=Consumer-topic-ce9d98d9_fd1f_4b3a_89af_08627c45b558] Adding newly assigned partitions: topic-ce9d98d9_fd1f_4b3a_89af_08627c45b558-0
2025-08-12 17:22:17,524 INFO  [org.apa.kaf.cli.con.int.ConsumerCoordinator] (Thread-673) [Consumer clientId=consumer-Consumer-topic-ce9d98d9_fd1f_4b3a_89af_08627c45b558-10, groupId=Consumer-topic-ce9d98d9_fd1f_4b3a_89af_08627c45b558] Found no committed offset for partition topic-ce9d98d9_fd1f_4b3a_89af_08627c45b558-0
2025-08-12 17:22:17,532 INFO  [org.apa.kaf.cli.con.int.SubscriptionState] (Thread-673) [Consumer clientId=consumer-Consumer-topic-ce9d98d9_fd1f_4b3a_89af_08627c45b558-10, groupId=Consumer-topic-ce9d98d9_fd1f_4b3a_89af_08627c45b558] Resetting offset for partition topic-ce9d98d9_fd1f_4b3a_89af_08627c45b558-0 to position FetchPosition{offset=0, offsetEpoch=Optional.empty, currentLeader=LeaderAndEpoch{leader=Optional[localhost:32769 (id: 0 rack: null)], epoch=0}}.
2025-08-12 17:22:17,659 INFO  [io.api.tes.ser.api.KafkaSerdesTester] (Thread-673) topic-ce9d98d9_fd1f_4b3a_89af_08627c45b558 0 0 {"key11755019333189": "value-0"}
2025-08-12 17:22:17,659 INFO  [io.api.tes.ser.api.KafkaSerdesTester] (Thread-673) topic-ce9d98d9_fd1f_4b3a_89af_08627c45b558 0 1 {"key11755019333189": "value-1"}
2025-08-12 17:22:17,659 INFO  [io.api.tes.ser.api.KafkaSerdesTester] (Thread-673) topic-ce9d98d9_fd1f_4b3a_89af_08627c45b558 0 2 {"key11755019333189": "value-2"}
2025-08-12 17:22:17,659 INFO  [io.api.tes.ser.api.KafkaSerdesTester] (Thread-673) topic-ce9d98d9_fd1f_4b3a_89af_08627c45b558 0 3 {"key11755019333189": "value-3"}
2025-08-12 17:22:17,659 INFO  [io.api.tes.ser.api.KafkaSerdesTester] (Thread-673) topic-ce9d98d9_fd1f_4b3a_89af_08627c45b558 0 4 {"key11755019333189": "value-4"}
2025-08-12 17:22:17,659 INFO  [io.api.tes.ser.api.KafkaSerdesTester] (Thread-673) topic-ce9d98d9_fd1f_4b3a_89af_08627c45b558 0 5 {"key11755019333189": "value-5"}
2025-08-12 17:22:17,659 INFO  [io.api.tes.ser.api.KafkaSerdesTester] (Thread-673) topic-ce9d98d9_fd1f_4b3a_89af_08627c45b558 0 6 {"key11755019333189": "value-6"}
2025-08-12 17:22:17,659 INFO  [io.api.tes.ser.api.KafkaSerdesTester] (Thread-673) topic-ce9d98d9_fd1f_4b3a_89af_08627c45b558 0 7 {"key11755019333189": "value-7"}
2025-08-12 17:22:17,659 INFO  [io.api.tes.ser.api.KafkaSerdesTester] (Thread-673) topic-ce9d98d9_fd1f_4b3a_89af_08627c45b558 0 8 {"key11755019333189": "value-8"}
2025-08-12 17:22:17,659 INFO  [io.api.tes.ser.api.KafkaSerdesTester] (Thread-673) topic-ce9d98d9_fd1f_4b3a_89af_08627c45b558 0 9 {"key11755019333189": "value-9"}
2025-08-12 17:22:17,659 INFO  [io.api.tes.ser.api.KafkaSerdesTester] (Thread-673) Consumed 10 messages
2025-08-12 17:22:17,667 INFO  [org.apa.kaf.cli.con.int.ConsumerRebalanceListenerInvoker] (Thread-673) [Consumer clientId=consumer-Consumer-topic-ce9d98d9_fd1f_4b3a_89af_08627c45b558-10, groupId=Consumer-topic-ce9d98d9_fd1f_4b3a_89af_08627c45b558] Revoke previously assigned partitions topic-ce9d98d9_fd1f_4b3a_89af_08627c45b558-0
2025-08-12 17:22:17,667 INFO  [org.apa.kaf.cli.con.int.ConsumerCoordinator] (Thread-673) [Consumer clientId=consumer-Consumer-topic-ce9d98d9_fd1f_4b3a_89af_08627c45b558-10, groupId=Consumer-topic-ce9d98d9_fd1f_4b3a_89af_08627c45b558] Member consumer-Consumer-topic-ce9d98d9_fd1f_4b3a_89af_08627c45b558-10-e943d423-1514-4f1d-9ddb-7820fd4ce88f sending LeaveGroup request to coordinator localhost:32769 (id: 2147483647 rack: null) due to the consumer is being closed
2025-08-12 17:22:17,668 INFO  [org.apa.kaf.cli.con.int.ConsumerCoordinator] (Thread-673) [Consumer clientId=consumer-Consumer-topic-ce9d98d9_fd1f_4b3a_89af_08627c45b558-10, groupId=Consumer-topic-ce9d98d9_fd1f_4b3a_89af_08627c45b558] Resetting generation and member id due to: consumer pro-actively leaving the group
2025-08-12 17:22:17,668 INFO  [org.apa.kaf.cli.con.int.ConsumerCoordinator] (Thread-673) [Consumer clientId=consumer-Consumer-topic-ce9d98d9_fd1f_4b3a_89af_08627c45b558-10, groupId=Consumer-topic-ce9d98d9_fd1f_4b3a_89af_08627c45b558] Request joining group due to: consumer pro-actively leaving the group
2025-08-12 17:22:18,162 INFO  [org.apa.kaf.com.met.Metrics] (Thread-673) Metrics scheduler closed
2025-08-12 17:22:18,162 INFO  [org.apa.kaf.com.met.Metrics] (Thread-673) Closing reporter org.apache.kafka.common.metrics.JmxReporter
2025-08-12 17:22:18,162 INFO  [org.apa.kaf.com.met.Metrics] (Thread-673) Closing reporter org.apache.kafka.common.telemetry.internals.ClientTelemetryReporter
2025-08-12 17:22:18,162 INFO  [org.apa.kaf.com.met.Metrics] (Thread-673) Metrics reporters closed
2025-08-12 17:22:18,164 INFO  [org.apa.kaf.com.uti.AppInfoParser] (Thread-673) App info kafka.consumer for consumer-Consumer-topic-ce9d98d9_fd1f_4b3a_89af_08627c45b558-10 unregistered
2025-08-12 17:22:18,165 INFO  [io.api.tes.ser.api.AvroSerdeIT] (main) Registering Avro Schema 2: {"type":"record","name":"sb45c93d5x54d6x4e1axb61axdd9b021501c2","namespace":"ns_5778a003_2d88_472f_8aff_38f228adc7a3","fields":[{"name":"key11755019333189","type":"string"},{"name":"key21755019338164","type":"string"}]}
**** Registry Base URL: http://registry-app-mysql.apps.ci419.apicurio-testing.org:80
2025-08-12 17:22:19,297 INFO  [org.apa.kaf.cli.pro.ProducerConfig] (main) ProducerConfig values: 
	acks = -1
	auto.include.jmx.reporter = true
	batch.size = 16384
	bootstrap.servers = [PLAINTEXT://localhost:32769]
	buffer.memory = 33554432
	client.dns.lookup = use_all_dns_ips
	client.id = Producer-topic-ce9d98d9_fd1f_4b3a_89af_08627c45b558
	compression.gzip.level = -1
	compression.lz4.level = 9
	compression.type = none
	compression.zstd.level = 3
	connections.max.idle.ms = 10000
	delivery.timeout.ms = 120000
	enable.idempotence = true
	enable.metrics.push = true
	interceptor.classes = []
	key.serializer = class org.apache.kafka.common.serialization.StringSerializer
	linger.ms = 0
	max.block.ms = 60000
	max.in.flight.requests.per.connection = 5
	max.request.size = 1048576
	metadata.max.age.ms = 300000
	metadata.max.idle.ms = 300000
	metadata.recovery.strategy = none
	metric.reporters = []
	metrics.num.samples = 2
	metrics.recording.level = INFO
	metrics.sample.window.ms = 30000
	partitioner.adaptive.partitioning.enable = true
	partitioner.availability.timeout.ms = 0
	partitioner.class = null
	partitioner.ignore.keys = false
	receive.buffer.bytes = 32768
	reconnect.backoff.max.ms = 1000
	reconnect.backoff.ms = 50
	request.timeout.ms = 5000
	retries = 2147483647
	retry.backoff.max.ms = 1000
	retry.backoff.ms = 100
	sasl.client.callback.handler.class = null
	sasl.jaas.config = null
	sasl.kerberos.kinit.cmd = /usr/bin/kinit
	sasl.kerberos.min.time.before.relogin = 60000
	sasl.kerberos.service.name = null
	sasl.kerberos.ticket.renew.jitter = 0.05
	sasl.kerberos.ticket.renew.window.factor = 0.8
	sasl.login.callback.handler.class = null
	sasl.login.class = null
	sasl.login.connect.timeout.ms = null
	sasl.login.read.timeout.ms = null
	sasl.login.refresh.buffer.seconds = 300
	sasl.login.refresh.min.period.seconds = 60
	sasl.login.refresh.window.factor = 0.8
	sasl.login.refresh.window.jitter = 0.05
	sasl.login.retry.backoff.max.ms = 10000
	sasl.login.retry.backoff.ms = 100
	sasl.mechanism = GSSAPI
	sasl.oauthbearer.clock.skew.seconds = 30
	sasl.oauthbearer.expected.audience = null
	sasl.oauthbearer.expected.issuer = null
	sasl.oauthbearer.header.urlencode = false
	sasl.oauthbearer.jwks.endpoint.refresh.ms = 3600000
	sasl.oauthbearer.jwks.endpoint.retry.backoff.max.ms = 10000
	sasl.oauthbearer.jwks.endpoint.retry.backoff.ms = 100
	sasl.oauthbearer.jwks.endpoint.url = null
	sasl.oauthbearer.scope.claim.name = scope
	sasl.oauthbearer.sub.claim.name = sub
	sasl.oauthbearer.token.endpoint.url = null
	security.protocol = PLAINTEXT
	security.providers = null
	send.buffer.bytes = 131072
	socket.connection.setup.timeout.max.ms = 30000
	socket.connection.setup.timeout.ms = 10000
	ssl.cipher.suites = null
	ssl.enabled.protocols = [TLSv1.2, TLSv1.3]
	ssl.endpoint.identification.algorithm = https
	ssl.engine.factory.class = null
	ssl.key.password = null
	ssl.keymanager.algorithm = SunX509
	ssl.keystore.certificate.chain = null
	ssl.keystore.key = null
	ssl.keystore.location = null
	ssl.keystore.password = null
	ssl.keystore.type = JKS
	ssl.protocol = TLSv1.3
	ssl.provider = null
	ssl.secure.random.implementation = null
	ssl.trustmanager.algorithm = PKIX
	ssl.truststore.certificates = null
	ssl.truststore.location = null
	ssl.truststore.password = null
	ssl.truststore.type = JKS
	transaction.timeout.ms = 60000
	transactional.id = null
	value.serializer = class io.apicurio.registry.serde.avro.AvroKafkaSerializer

2025-08-12 17:22:19,297 INFO  [org.apa.kaf.com.tel.int.KafkaMetricsCollector] (main) initializing Kafka metrics collector
2025-08-12 17:22:19,300 INFO  [org.apa.kaf.cli.pro.KafkaProducer] (main) [Producer clientId=Producer-topic-ce9d98d9_fd1f_4b3a_89af_08627c45b558] Instantiated an idempotent producer.
2025-08-12 17:22:19,301 INFO  [org.apa.kaf.cli.pro.ProducerConfig] (main) These configurations '[apicurio.registry.url, apicurio.registry.artifact-resolver-strategy]' were supplied but are not used yet.
2025-08-12 17:22:19,301 INFO  [org.apa.kaf.com.uti.AppInfoParser] (main) Kafka version: 3.9.1
2025-08-12 17:22:19,301 INFO  [org.apa.kaf.com.uti.AppInfoParser] (main) Kafka commitId: f745dfdcee2b9851
2025-08-12 17:22:19,301 INFO  [org.apa.kaf.com.uti.AppInfoParser] (main) Kafka startTimeMs: 1755019339301
2025-08-12 17:22:19,304 INFO  [io.api.tes.ser.api.KafkaSerdesTester] (Thread-676) Sending message {"key11755019333189": "value-0", "key21755019338164": "value-0"} to topic topic-ce9d98d9_fd1f_4b3a_89af_08627c45b558
2025-08-12 17:22:19,307 INFO  [org.apa.kaf.cli.Metadata] (kafka-producer-network-thread | Producer-topic-ce9d98d9_fd1f_4b3a_89af_08627c45b558) [Producer clientId=Producer-topic-ce9d98d9_fd1f_4b3a_89af_08627c45b558] Cluster ID: 7o-lMpHSRFKHq4uTXFQncw
2025-08-12 17:22:19,307 INFO  [DefaultSchemaResolver] (Thread-676) Retrieving schema content using string: {"type":"record","name":"sb45c93d5x54d6x4e1axb61axdd9b021501c2","namespace":"ns_5778a003_2d88_472f_8aff_38f228adc7a3","fields":[{"name":"key11755019333189","type":"string"},{"name":"key21755019338164","type":"string"}]}
2025-08-12 17:22:19,309 INFO  [org.apa.kaf.cli.pro.int.TransactionManager] (kafka-producer-network-thread | Producer-topic-ce9d98d9_fd1f_4b3a_89af_08627c45b558) [Producer clientId=Producer-topic-ce9d98d9_fd1f_4b3a_89af_08627c45b558] ProducerId set to 13 with epoch 0
2025-08-12 17:22:19,396 INFO  [io.api.tes.ser.api.KafkaSerdesTester] (Thread-676) Sending message {"key11755019333189": "value-1", "key21755019338164": "value-1"} to topic topic-ce9d98d9_fd1f_4b3a_89af_08627c45b558
2025-08-12 17:22:19,398 INFO  [io.api.tes.ser.api.KafkaSerdesTester] (Thread-676) Sending message {"key11755019333189": "value-2", "key21755019338164": "value-2"} to topic topic-ce9d98d9_fd1f_4b3a_89af_08627c45b558
2025-08-12 17:22:19,402 INFO  [io.api.tes.ser.api.KafkaSerdesTester] (Thread-676) Sending message {"key11755019333189": "value-3", "key21755019338164": "value-3"} to topic topic-ce9d98d9_fd1f_4b3a_89af_08627c45b558
2025-08-12 17:22:19,404 INFO  [io.api.tes.ser.api.KafkaSerdesTester] (Thread-676) Sending message {"key11755019333189": "value-4", "key21755019338164": "value-4"} to topic topic-ce9d98d9_fd1f_4b3a_89af_08627c45b558
2025-08-12 17:22:19,406 INFO  [io.api.tes.ser.api.KafkaSerdesTester] (Thread-676) Sending message {"key11755019333189": "value-5", "key21755019338164": "value-5"} to topic topic-ce9d98d9_fd1f_4b3a_89af_08627c45b558
2025-08-12 17:22:19,407 INFO  [io.api.tes.ser.api.KafkaSerdesTester] (Thread-676) Sending message {"key11755019333189": "value-6", "key21755019338164": "value-6"} to topic topic-ce9d98d9_fd1f_4b3a_89af_08627c45b558
2025-08-12 17:22:19,408 INFO  [io.api.tes.ser.api.KafkaSerdesTester] (Thread-676) Sending message {"key11755019333189": "value-7", "key21755019338164": "value-7"} to topic topic-ce9d98d9_fd1f_4b3a_89af_08627c45b558
2025-08-12 17:22:19,409 INFO  [io.api.tes.ser.api.KafkaSerdesTester] (Thread-676) Sending message {"key11755019333189": "value-8", "key21755019338164": "value-8"} to topic topic-ce9d98d9_fd1f_4b3a_89af_08627c45b558
2025-08-12 17:22:19,410 INFO  [io.api.tes.ser.api.KafkaSerdesTester] (Thread-676) Sending message {"key11755019333189": "value-9", "key21755019338164": "value-9"} to topic topic-ce9d98d9_fd1f_4b3a_89af_08627c45b558
2025-08-12 17:22:19,412 INFO  [io.api.tes.ser.api.KafkaSerdesTester] (Thread-676) Produced 10 messages
2025-08-12 17:22:19,412 INFO  [org.apa.kaf.cli.pro.KafkaProducer] (Thread-676) [Producer clientId=Producer-topic-ce9d98d9_fd1f_4b3a_89af_08627c45b558] Closing the Kafka producer with timeoutMillis = 9223372036854775807 ms.
2025-08-12 17:22:19,415 INFO  [org.apa.kaf.com.met.Metrics] (Thread-676) Metrics scheduler closed
2025-08-12 17:22:19,415 INFO  [org.apa.kaf.com.met.Metrics] (Thread-676) Closing reporter org.apache.kafka.common.metrics.JmxReporter
2025-08-12 17:22:19,415 INFO  [org.apa.kaf.com.met.Metrics] (Thread-676) Closing reporter org.apache.kafka.common.telemetry.internals.ClientTelemetryReporter
2025-08-12 17:22:19,415 INFO  [org.apa.kaf.com.met.Metrics] (Thread-676) Metrics reporters closed
2025-08-12 17:22:19,415 INFO  [org.apa.kaf.com.uti.AppInfoParser] (Thread-676) App info kafka.producer for Producer-topic-ce9d98d9_fd1f_4b3a_89af_08627c45b558 unregistered
**** Registry Base URL: http://registry-app-mysql.apps.ci419.apicurio-testing.org:80
2025-08-12 17:22:19,417 INFO  [org.apa.kaf.cli.pro.ProducerConfig] (main) ProducerConfig values: 
	acks = -1
	auto.include.jmx.reporter = true
	batch.size = 16384
	bootstrap.servers = [PLAINTEXT://localhost:32769]
	buffer.memory = 33554432
	client.dns.lookup = use_all_dns_ips
	client.id = Producer-topic-ce9d98d9_fd1f_4b3a_89af_08627c45b558
	compression.gzip.level = -1
	compression.lz4.level = 9
	compression.type = none
	compression.zstd.level = 3
	connections.max.idle.ms = 10000
	delivery.timeout.ms = 120000
	enable.idempotence = true
	enable.metrics.push = true
	interceptor.classes = []
	key.serializer = class org.apache.kafka.common.serialization.StringSerializer
	linger.ms = 0
	max.block.ms = 60000
	max.in.flight.requests.per.connection = 5
	max.request.size = 1048576
	metadata.max.age.ms = 300000
	metadata.max.idle.ms = 300000
	metadata.recovery.strategy = none
	metric.reporters = []
	metrics.num.samples = 2
	metrics.recording.level = INFO
	metrics.sample.window.ms = 30000
	partitioner.adaptive.partitioning.enable = true
	partitioner.availability.timeout.ms = 0
	partitioner.class = null
	partitioner.ignore.keys = false
	receive.buffer.bytes = 32768
	reconnect.backoff.max.ms = 1000
	reconnect.backoff.ms = 50
	request.timeout.ms = 5000
	retries = 2147483647
	retry.backoff.max.ms = 1000
	retry.backoff.ms = 100
	sasl.client.callback.handler.class = null
	sasl.jaas.config = null
	sasl.kerberos.kinit.cmd = /usr/bin/kinit
	sasl.kerberos.min.time.before.relogin = 60000
	sasl.kerberos.service.name = null
	sasl.kerberos.ticket.renew.jitter = 0.05
	sasl.kerberos.ticket.renew.window.factor = 0.8
	sasl.login.callback.handler.class = null
	sasl.login.class = null
	sasl.login.connect.timeout.ms = null
	sasl.login.read.timeout.ms = null
	sasl.login.refresh.buffer.seconds = 300
	sasl.login.refresh.min.period.seconds = 60
	sasl.login.refresh.window.factor = 0.8
	sasl.login.refresh.window.jitter = 0.05
	sasl.login.retry.backoff.max.ms = 10000
	sasl.login.retry.backoff.ms = 100
	sasl.mechanism = GSSAPI
	sasl.oauthbearer.clock.skew.seconds = 30
	sasl.oauthbearer.expected.audience = null
	sasl.oauthbearer.expected.issuer = null
	sasl.oauthbearer.header.urlencode = false
	sasl.oauthbearer.jwks.endpoint.refresh.ms = 3600000
	sasl.oauthbearer.jwks.endpoint.retry.backoff.max.ms = 10000
	sasl.oauthbearer.jwks.endpoint.retry.backoff.ms = 100
	sasl.oauthbearer.jwks.endpoint.url = null
	sasl.oauthbearer.scope.claim.name = scope
	sasl.oauthbearer.sub.claim.name = sub
	sasl.oauthbearer.token.endpoint.url = null
	security.protocol = PLAINTEXT
	security.providers = null
	send.buffer.bytes = 131072
	socket.connection.setup.timeout.max.ms = 30000
	socket.connection.setup.timeout.ms = 10000
	ssl.cipher.suites = null
	ssl.enabled.protocols = [TLSv1.2, TLSv1.3]
	ssl.endpoint.identification.algorithm = https
	ssl.engine.factory.class = null
	ssl.key.password = null
	ssl.keymanager.algorithm = SunX509
	ssl.keystore.certificate.chain = null
	ssl.keystore.key = null
	ssl.keystore.location = null
	ssl.keystore.password = null
	ssl.keystore.type = JKS
	ssl.protocol = TLSv1.3
	ssl.provider = null
	ssl.secure.random.implementation = null
	ssl.trustmanager.algorithm = PKIX
	ssl.truststore.certificates = null
	ssl.truststore.location = null
	ssl.truststore.password = null
	ssl.truststore.type = JKS
	transaction.timeout.ms = 60000
	transactional.id = null
	value.serializer = class io.apicurio.registry.serde.avro.AvroKafkaSerializer

2025-08-12 17:22:19,417 INFO  [org.apa.kaf.com.tel.int.KafkaMetricsCollector] (main) initializing Kafka metrics collector
2025-08-12 17:22:19,424 INFO  [org.apa.kaf.cli.pro.KafkaProducer] (main) [Producer clientId=Producer-topic-ce9d98d9_fd1f_4b3a_89af_08627c45b558] Instantiated an idempotent producer.
2025-08-12 17:22:19,426 INFO  [org.apa.kaf.cli.pro.ProducerConfig] (main) These configurations '[apicurio.registry.url, apicurio.registry.artifact-resolver-strategy]' were supplied but are not used yet.
2025-08-12 17:22:19,426 INFO  [org.apa.kaf.com.uti.AppInfoParser] (main) Kafka version: 3.9.1
2025-08-12 17:22:19,426 INFO  [org.apa.kaf.com.uti.AppInfoParser] (main) Kafka commitId: f745dfdcee2b9851
2025-08-12 17:22:19,426 INFO  [org.apa.kaf.com.uti.AppInfoParser] (main) Kafka startTimeMs: 1755019339426
2025-08-12 17:22:19,428 INFO  [io.api.tes.ser.api.KafkaSerdesTester] (Thread-679) Sending message {"key11755019333189": "value-0"} to topic topic-ce9d98d9_fd1f_4b3a_89af_08627c45b558
2025-08-12 17:22:19,431 INFO  [org.apa.kaf.cli.Metadata] (kafka-producer-network-thread | Producer-topic-ce9d98d9_fd1f_4b3a_89af_08627c45b558) [Producer clientId=Producer-topic-ce9d98d9_fd1f_4b3a_89af_08627c45b558] Cluster ID: 7o-lMpHSRFKHq4uTXFQncw
2025-08-12 17:22:19,431 INFO  [org.apa.kaf.cli.pro.int.TransactionManager] (kafka-producer-network-thread | Producer-topic-ce9d98d9_fd1f_4b3a_89af_08627c45b558) [Producer clientId=Producer-topic-ce9d98d9_fd1f_4b3a_89af_08627c45b558] ProducerId set to 14 with epoch 0
2025-08-12 17:22:19,431 INFO  [DefaultSchemaResolver] (Thread-679) Retrieving schema content using string: {"type":"record","name":"sb45c93d5x54d6x4e1axb61axdd9b021501c2","namespace":"ns_5778a003_2d88_472f_8aff_38f228adc7a3","fields":[{"name":"key11755019333189","type":"string"}]}
2025-08-12 17:22:19,521 INFO  [io.api.tes.ser.api.KafkaSerdesTester] (Thread-679) Sending message {"key11755019333189": "value-1"} to topic topic-ce9d98d9_fd1f_4b3a_89af_08627c45b558
2025-08-12 17:22:19,523 INFO  [io.api.tes.ser.api.KafkaSerdesTester] (Thread-679) Sending message {"key11755019333189": "value-2"} to topic topic-ce9d98d9_fd1f_4b3a_89af_08627c45b558
2025-08-12 17:22:19,524 INFO  [io.api.tes.ser.api.KafkaSerdesTester] (Thread-679) Sending message {"key11755019333189": "value-3"} to topic topic-ce9d98d9_fd1f_4b3a_89af_08627c45b558
2025-08-12 17:22:19,525 INFO  [io.api.tes.ser.api.KafkaSerdesTester] (Thread-679) Sending message {"key11755019333189": "value-4"} to topic topic-ce9d98d9_fd1f_4b3a_89af_08627c45b558
2025-08-12 17:22:19,526 INFO  [io.api.tes.ser.api.KafkaSerdesTester] (Thread-679) Sending message {"key11755019333189": "value-5"} to topic topic-ce9d98d9_fd1f_4b3a_89af_08627c45b558
2025-08-12 17:22:19,527 INFO  [io.api.tes.ser.api.KafkaSerdesTester] (Thread-679) Sending message {"key11755019333189": "value-6"} to topic topic-ce9d98d9_fd1f_4b3a_89af_08627c45b558
2025-08-12 17:22:19,528 INFO  [io.api.tes.ser.api.KafkaSerdesTester] (Thread-679) Sending message {"key11755019333189": "value-7"} to topic topic-ce9d98d9_fd1f_4b3a_89af_08627c45b558
2025-08-12 17:22:19,529 INFO  [io.api.tes.ser.api.KafkaSerdesTester] (Thread-679) Sending message {"key11755019333189": "value-8"} to topic topic-ce9d98d9_fd1f_4b3a_89af_08627c45b558
2025-08-12 17:22:19,543 INFO  [io.api.tes.ser.api.KafkaSerdesTester] (Thread-679) Sending message {"key11755019333189": "value-9"} to topic topic-ce9d98d9_fd1f_4b3a_89af_08627c45b558
2025-08-12 17:22:19,545 INFO  [io.api.tes.ser.api.KafkaSerdesTester] (Thread-679) Produced 10 messages
2025-08-12 17:22:19,545 INFO  [org.apa.kaf.cli.pro.KafkaProducer] (Thread-679) [Producer clientId=Producer-topic-ce9d98d9_fd1f_4b3a_89af_08627c45b558] Closing the Kafka producer with timeoutMillis = 9223372036854775807 ms.
2025-08-12 17:22:19,547 INFO  [org.apa.kaf.com.met.Metrics] (Thread-679) Metrics scheduler closed
2025-08-12 17:22:19,547 INFO  [org.apa.kaf.com.met.Metrics] (Thread-679) Closing reporter org.apache.kafka.common.metrics.JmxReporter
2025-08-12 17:22:19,547 INFO  [org.apa.kaf.com.met.Metrics] (Thread-679) Closing reporter org.apache.kafka.common.telemetry.internals.ClientTelemetryReporter
2025-08-12 17:22:19,547 INFO  [org.apa.kaf.com.met.Metrics] (Thread-679) Metrics reporters closed
2025-08-12 17:22:19,547 INFO  [org.apa.kaf.com.uti.AppInfoParser] (Thread-679) App info kafka.producer for Producer-topic-ce9d98d9_fd1f_4b3a_89af_08627c45b558 unregistered
**** Registry Base URL: http://registry-app-mysql.apps.ci419.apicurio-testing.org:80
2025-08-12 17:22:19,548 INFO  [org.apa.kaf.cli.con.ConsumerConfig] (main) ConsumerConfig values: 
	allow.auto.create.topics = true
	auto.commit.interval.ms = 500
	auto.include.jmx.reporter = true
	auto.offset.reset = earliest
	bootstrap.servers = [PLAINTEXT://localhost:32769]
	check.crcs = true
	client.dns.lookup = use_all_dns_ips
	client.id = consumer-Consumer-topic-ce9d98d9_fd1f_4b3a_89af_08627c45b558-11
	client.rack = 
	connections.max.idle.ms = 10000
	default.api.timeout.ms = 60000
	enable.auto.commit = true
	enable.metrics.push = true
	exclude.internal.topics = true
	fetch.max.bytes = 52428800
	fetch.max.wait.ms = 500
	fetch.min.bytes = 1
	group.id = Consumer-topic-ce9d98d9_fd1f_4b3a_89af_08627c45b558
	group.instance.id = null
	group.protocol = classic
	group.remote.assignor = null
	heartbeat.interval.ms = 3000
	interceptor.classes = []
	internal.leave.group.on.close = true
	internal.throw.on.fetch.stable.offset.unsupported = false
	isolation.level = read_uncommitted
	key.deserializer = class org.apache.kafka.common.serialization.StringDeserializer
	max.partition.fetch.bytes = 1048576
	max.poll.interval.ms = 300000
	max.poll.records = 500
	metadata.max.age.ms = 300000
	metadata.recovery.strategy = none
	metric.reporters = []
	metrics.num.samples = 2
	metrics.recording.level = INFO
	metrics.sample.window.ms = 30000
	partition.assignment.strategy = [class org.apache.kafka.clients.consumer.RangeAssignor, class org.apache.kafka.clients.consumer.CooperativeStickyAssignor]
	receive.buffer.bytes = 65536
	reconnect.backoff.max.ms = 1000
	reconnect.backoff.ms = 50
	request.timeout.ms = 5000
	retry.backoff.max.ms = 1000
	retry.backoff.ms = 100
	sasl.client.callback.handler.class = null
	sasl.jaas.config = null
	sasl.kerberos.kinit.cmd = /usr/bin/kinit
	sasl.kerberos.min.time.before.relogin = 60000
	sasl.kerberos.service.name = null
	sasl.kerberos.ticket.renew.jitter = 0.05
	sasl.kerberos.ticket.renew.window.factor = 0.8
	sasl.login.callback.handler.class = null
	sasl.login.class = null
	sasl.login.connect.timeout.ms = null
	sasl.login.read.timeout.ms = null
	sasl.login.refresh.buffer.seconds = 300
	sasl.login.refresh.min.period.seconds = 60
	sasl.login.refresh.window.factor = 0.8
	sasl.login.refresh.window.jitter = 0.05
	sasl.login.retry.backoff.max.ms = 10000
	sasl.login.retry.backoff.ms = 100
	sasl.mechanism = GSSAPI
	sasl.oauthbearer.clock.skew.seconds = 30
	sasl.oauthbearer.expected.audience = null
	sasl.oauthbearer.expected.issuer = null
	sasl.oauthbearer.header.urlencode = false
	sasl.oauthbearer.jwks.endpoint.refresh.ms = 3600000
	sasl.oauthbearer.jwks.endpoint.retry.backoff.max.ms = 10000
	sasl.oauthbearer.jwks.endpoint.retry.backoff.ms = 100
	sasl.oauthbearer.jwks.endpoint.url = null
	sasl.oauthbearer.scope.claim.name = scope
	sasl.oauthbearer.sub.claim.name = sub
	sasl.oauthbearer.token.endpoint.url = null
	security.protocol = PLAINTEXT
	security.providers = null
	send.buffer.bytes = 131072
	session.timeout.ms = 45000
	socket.connection.setup.timeout.max.ms = 30000
	socket.connection.setup.timeout.ms = 10000
	ssl.cipher.suites = null
	ssl.enabled.protocols = [TLSv1.2, TLSv1.3]
	ssl.endpoint.identification.algorithm = https
	ssl.engine.factory.class = null
	ssl.key.password = null
	ssl.keymanager.algorithm = SunX509
	ssl.keystore.certificate.chain = null
	ssl.keystore.key = null
	ssl.keystore.location = null
	ssl.keystore.password = null
	ssl.keystore.type = JKS
	ssl.protocol = TLSv1.3
	ssl.provider = null
	ssl.secure.random.implementation = null
	ssl.trustmanager.algorithm = PKIX
	ssl.truststore.certificates = null
	ssl.truststore.location = null
	ssl.truststore.password = null
	ssl.truststore.type = JKS
	value.deserializer = class io.apicurio.registry.serde.avro.AvroKafkaDeserializer

2025-08-12 17:22:19,548 INFO  [org.apa.kaf.com.tel.int.KafkaMetricsCollector] (main) initializing Kafka metrics collector
2025-08-12 17:22:19,554 INFO  [org.apa.kaf.cli.con.ConsumerConfig] (main) These configurations '[apicurio.registry.url]' were supplied but are not used yet.
2025-08-12 17:22:19,554 INFO  [org.apa.kaf.com.uti.AppInfoParser] (main) Kafka version: 3.9.1
2025-08-12 17:22:19,554 INFO  [org.apa.kaf.com.uti.AppInfoParser] (main) Kafka commitId: f745dfdcee2b9851
2025-08-12 17:22:19,554 INFO  [org.apa.kaf.com.uti.AppInfoParser] (main) Kafka startTimeMs: 1755019339554
2025-08-12 17:22:19,555 INFO  [org.apa.kaf.cli.con.int.ClassicKafkaConsumer] (Thread-682) [Consumer clientId=consumer-Consumer-topic-ce9d98d9_fd1f_4b3a_89af_08627c45b558-11, groupId=Consumer-topic-ce9d98d9_fd1f_4b3a_89af_08627c45b558] Subscribed to topic(s): topic-ce9d98d9_fd1f_4b3a_89af_08627c45b558
2025-08-12 17:22:19,559 INFO  [org.apa.kaf.cli.Metadata] (Thread-682) [Consumer clientId=consumer-Consumer-topic-ce9d98d9_fd1f_4b3a_89af_08627c45b558-11, groupId=Consumer-topic-ce9d98d9_fd1f_4b3a_89af_08627c45b558] Cluster ID: 7o-lMpHSRFKHq4uTXFQncw
2025-08-12 17:22:19,560 INFO  [org.apa.kaf.cli.con.int.ConsumerCoordinator] (Thread-682) [Consumer clientId=consumer-Consumer-topic-ce9d98d9_fd1f_4b3a_89af_08627c45b558-11, groupId=Consumer-topic-ce9d98d9_fd1f_4b3a_89af_08627c45b558] Discovered group coordinator localhost:32769 (id: 2147483647 rack: null)
2025-08-12 17:22:19,561 INFO  [org.apa.kaf.cli.con.int.ConsumerCoordinator] (Thread-682) [Consumer clientId=consumer-Consumer-topic-ce9d98d9_fd1f_4b3a_89af_08627c45b558-11, groupId=Consumer-topic-ce9d98d9_fd1f_4b3a_89af_08627c45b558] (Re-)joining group
2025-08-12 17:22:19,563 INFO  [org.apa.kaf.cli.con.int.ConsumerCoordinator] (Thread-682) [Consumer clientId=consumer-Consumer-topic-ce9d98d9_fd1f_4b3a_89af_08627c45b558-11, groupId=Consumer-topic-ce9d98d9_fd1f_4b3a_89af_08627c45b558] Request joining group due to: need to re-join with the given member-id: consumer-Consumer-topic-ce9d98d9_fd1f_4b3a_89af_08627c45b558-11-a5c2ee4a-ccfa-4d1f-8c71-081a5e094870
2025-08-12 17:22:19,563 INFO  [org.apa.kaf.cli.con.int.ConsumerCoordinator] (Thread-682) [Consumer clientId=consumer-Consumer-topic-ce9d98d9_fd1f_4b3a_89af_08627c45b558-11, groupId=Consumer-topic-ce9d98d9_fd1f_4b3a_89af_08627c45b558] (Re-)joining group
2025-08-12 17:22:20,555 INFO  [io.api.tes.ser.api.KafkaSerdesTester] (Thread-682) None found
2025-08-12 17:22:21,555 INFO  [io.api.tes.ser.api.KafkaSerdesTester] (Thread-682) None found
2025-08-12 17:22:22,556 INFO  [io.api.tes.ser.api.KafkaSerdesTester] (Thread-682) None found
2025-08-12 17:22:22,564 INFO  [org.apa.kaf.cli.con.int.ConsumerCoordinator] (Thread-682) [Consumer clientId=consumer-Consumer-topic-ce9d98d9_fd1f_4b3a_89af_08627c45b558-11, groupId=Consumer-topic-ce9d98d9_fd1f_4b3a_89af_08627c45b558] Successfully joined group with generation Generation{generationId=3, memberId='consumer-Consumer-topic-ce9d98d9_fd1f_4b3a_89af_08627c45b558-11-a5c2ee4a-ccfa-4d1f-8c71-081a5e094870', protocol='range'}
2025-08-12 17:22:22,564 INFO  [org.apa.kaf.cli.con.int.ConsumerCoordinator] (Thread-682) [Consumer clientId=consumer-Consumer-topic-ce9d98d9_fd1f_4b3a_89af_08627c45b558-11, groupId=Consumer-topic-ce9d98d9_fd1f_4b3a_89af_08627c45b558] Finished assignment for group at generation 3: {consumer-Consumer-topic-ce9d98d9_fd1f_4b3a_89af_08627c45b558-11-a5c2ee4a-ccfa-4d1f-8c71-081a5e094870=Assignment(partitions=[topic-ce9d98d9_fd1f_4b3a_89af_08627c45b558-0])}
2025-08-12 17:22:22,571 INFO  [org.apa.kaf.cli.con.int.ConsumerCoordinator] (Thread-682) [Consumer clientId=consumer-Consumer-topic-ce9d98d9_fd1f_4b3a_89af_08627c45b558-11, groupId=Consumer-topic-ce9d98d9_fd1f_4b3a_89af_08627c45b558] Successfully synced group in generation Generation{generationId=3, memberId='consumer-Consumer-topic-ce9d98d9_fd1f_4b3a_89af_08627c45b558-11-a5c2ee4a-ccfa-4d1f-8c71-081a5e094870', protocol='range'}
2025-08-12 17:22:22,571 INFO  [org.apa.kaf.cli.con.int.ConsumerCoordinator] (Thread-682) [Consumer clientId=consumer-Consumer-topic-ce9d98d9_fd1f_4b3a_89af_08627c45b558-11, groupId=Consumer-topic-ce9d98d9_fd1f_4b3a_89af_08627c45b558] Notifying assignor about the new Assignment(partitions=[topic-ce9d98d9_fd1f_4b3a_89af_08627c45b558-0])
2025-08-12 17:22:22,571 INFO  [org.apa.kaf.cli.con.int.ConsumerRebalanceListenerInvoker] (Thread-682) [Consumer clientId=consumer-Consumer-topic-ce9d98d9_fd1f_4b3a_89af_08627c45b558-11, groupId=Consumer-topic-ce9d98d9_fd1f_4b3a_89af_08627c45b558] Adding newly assigned partitions: topic-ce9d98d9_fd1f_4b3a_89af_08627c45b558-0
2025-08-12 17:22:22,573 INFO  [org.apa.kaf.cli.con.int.ConsumerUtils] (Thread-682) Setting offset for partition topic-ce9d98d9_fd1f_4b3a_89af_08627c45b558-0 to the committed offset FetchPosition{offset=10, offsetEpoch=Optional[0], currentLeader=LeaderAndEpoch{leader=Optional[localhost:32769 (id: 0 rack: null)], epoch=0}}
2025-08-12 17:22:22,791 INFO  [io.api.tes.ser.api.KafkaSerdesTester] (Thread-682) topic-ce9d98d9_fd1f_4b3a_89af_08627c45b558 0 10 {"key11755019333189": "value-0", "key21755019338164": "value-0"}
2025-08-12 17:22:22,791 INFO  [io.api.tes.ser.api.KafkaSerdesTester] (Thread-682) topic-ce9d98d9_fd1f_4b3a_89af_08627c45b558 0 11 {"key11755019333189": "value-1", "key21755019338164": "value-1"}
2025-08-12 17:22:22,791 INFO  [io.api.tes.ser.api.KafkaSerdesTester] (Thread-682) topic-ce9d98d9_fd1f_4b3a_89af_08627c45b558 0 12 {"key11755019333189": "value-2", "key21755019338164": "value-2"}
2025-08-12 17:22:22,791 INFO  [io.api.tes.ser.api.KafkaSerdesTester] (Thread-682) topic-ce9d98d9_fd1f_4b3a_89af_08627c45b558 0 13 {"key11755019333189": "value-3", "key21755019338164": "value-3"}
2025-08-12 17:22:22,792 INFO  [io.api.tes.ser.api.KafkaSerdesTester] (Thread-682) topic-ce9d98d9_fd1f_4b3a_89af_08627c45b558 0 14 {"key11755019333189": "value-4", "key21755019338164": "value-4"}
2025-08-12 17:22:22,792 INFO  [io.api.tes.ser.api.KafkaSerdesTester] (Thread-682) topic-ce9d98d9_fd1f_4b3a_89af_08627c45b558 0 15 {"key11755019333189": "value-5", "key21755019338164": "value-5"}
2025-08-12 17:22:22,792 INFO  [io.api.tes.ser.api.KafkaSerdesTester] (Thread-682) topic-ce9d98d9_fd1f_4b3a_89af_08627c45b558 0 16 {"key11755019333189": "value-6", "key21755019338164": "value-6"}
2025-08-12 17:22:22,792 INFO  [io.api.tes.ser.api.KafkaSerdesTester] (Thread-682) topic-ce9d98d9_fd1f_4b3a_89af_08627c45b558 0 17 {"key11755019333189": "value-7", "key21755019338164": "value-7"}
2025-08-12 17:22:22,792 INFO  [io.api.tes.ser.api.KafkaSerdesTester] (Thread-682) topic-ce9d98d9_fd1f_4b3a_89af_08627c45b558 0 18 {"key11755019333189": "value-8", "key21755019338164": "value-8"}
2025-08-12 17:22:22,792 INFO  [io.api.tes.ser.api.KafkaSerdesTester] (Thread-682) topic-ce9d98d9_fd1f_4b3a_89af_08627c45b558 0 19 {"key11755019333189": "value-9", "key21755019338164": "value-9"}
2025-08-12 17:22:22,792 INFO  [io.api.tes.ser.api.KafkaSerdesTester] (Thread-682) topic-ce9d98d9_fd1f_4b3a_89af_08627c45b558 0 20 {"key11755019333189": "value-0"}
2025-08-12 17:22:22,792 INFO  [io.api.tes.ser.api.KafkaSerdesTester] (Thread-682) topic-ce9d98d9_fd1f_4b3a_89af_08627c45b558 0 21 {"key11755019333189": "value-1"}
2025-08-12 17:22:22,792 INFO  [io.api.tes.ser.api.KafkaSerdesTester] (Thread-682) topic-ce9d98d9_fd1f_4b3a_89af_08627c45b558 0 22 {"key11755019333189": "value-2"}
2025-08-12 17:22:22,792 INFO  [io.api.tes.ser.api.KafkaSerdesTester] (Thread-682) topic-ce9d98d9_fd1f_4b3a_89af_08627c45b558 0 23 {"key11755019333189": "value-3"}
2025-08-12 17:22:22,792 INFO  [io.api.tes.ser.api.KafkaSerdesTester] (Thread-682) topic-ce9d98d9_fd1f_4b3a_89af_08627c45b558 0 24 {"key11755019333189": "value-4"}
2025-08-12 17:22:22,792 INFO  [io.api.tes.ser.api.KafkaSerdesTester] (Thread-682) topic-ce9d98d9_fd1f_4b3a_89af_08627c45b558 0 25 {"key11755019333189": "value-5"}
2025-08-12 17:22:22,792 INFO  [io.api.tes.ser.api.KafkaSerdesTester] (Thread-682) topic-ce9d98d9_fd1f_4b3a_89af_08627c45b558 0 26 {"key11755019333189": "value-6"}
2025-08-12 17:22:22,792 INFO  [io.api.tes.ser.api.KafkaSerdesTester] (Thread-682) topic-ce9d98d9_fd1f_4b3a_89af_08627c45b558 0 27 {"key11755019333189": "value-7"}
2025-08-12 17:22:22,792 INFO  [io.api.tes.ser.api.KafkaSerdesTester] (Thread-682) topic-ce9d98d9_fd1f_4b3a_89af_08627c45b558 0 28 {"key11755019333189": "value-8"}
2025-08-12 17:22:22,792 INFO  [io.api.tes.ser.api.KafkaSerdesTester] (Thread-682) topic-ce9d98d9_fd1f_4b3a_89af_08627c45b558 0 29 {"key11755019333189": "value-9"}
2025-08-12 17:22:22,792 INFO  [io.api.tes.ser.api.KafkaSerdesTester] (Thread-682) Consumed 20 messages
2025-08-12 17:22:22,799 INFO  [org.apa.kaf.cli.con.int.ConsumerRebalanceListenerInvoker] (Thread-682) [Consumer clientId=consumer-Consumer-topic-ce9d98d9_fd1f_4b3a_89af_08627c45b558-11, groupId=Consumer-topic-ce9d98d9_fd1f_4b3a_89af_08627c45b558] Revoke previously assigned partitions topic-ce9d98d9_fd1f_4b3a_89af_08627c45b558-0
2025-08-12 17:22:22,799 INFO  [org.apa.kaf.cli.con.int.ConsumerCoordinator] (Thread-682) [Consumer clientId=consumer-Consumer-topic-ce9d98d9_fd1f_4b3a_89af_08627c45b558-11, groupId=Consumer-topic-ce9d98d9_fd1f_4b3a_89af_08627c45b558] Member consumer-Consumer-topic-ce9d98d9_fd1f_4b3a_89af_08627c45b558-11-a5c2ee4a-ccfa-4d1f-8c71-081a5e094870 sending LeaveGroup request to coordinator localhost:32769 (id: 2147483647 rack: null) due to the consumer is being closed
2025-08-12 17:22:22,799 INFO  [org.apa.kaf.cli.con.int.ConsumerCoordinator] (Thread-682) [Consumer clientId=consumer-Consumer-topic-ce9d98d9_fd1f_4b3a_89af_08627c45b558-11, groupId=Consumer-topic-ce9d98d9_fd1f_4b3a_89af_08627c45b558] Resetting generation and member id due to: consumer pro-actively leaving the group
2025-08-12 17:22:22,799 INFO  [org.apa.kaf.cli.con.int.ConsumerCoordinator] (Thread-682) [Consumer clientId=consumer-Consumer-topic-ce9d98d9_fd1f_4b3a_89af_08627c45b558-11, groupId=Consumer-topic-ce9d98d9_fd1f_4b3a_89af_08627c45b558] Request joining group due to: consumer pro-actively leaving the group
2025-08-12 17:22:23,294 INFO  [org.apa.kaf.com.met.Metrics] (Thread-682) Metrics scheduler closed
2025-08-12 17:22:23,294 INFO  [org.apa.kaf.com.met.Metrics] (Thread-682) Closing reporter org.apache.kafka.common.metrics.JmxReporter
2025-08-12 17:22:23,294 INFO  [org.apa.kaf.com.met.Metrics] (Thread-682) Closing reporter org.apache.kafka.common.telemetry.internals.ClientTelemetryReporter
2025-08-12 17:22:23,294 INFO  [org.apa.kaf.com.met.Metrics] (Thread-682) Metrics reporters closed
2025-08-12 17:22:23,296 INFO  [org.apa.kaf.com.uti.AppInfoParser] (Thread-682) App info kafka.consumer for consumer-Consumer-topic-ce9d98d9_fd1f_4b3a_89af_08627c45b558-11 unregistered
2025-08-12 17:22:23,297 INFO  [io.api.tes.ser.api.AvroSerdeIT] (main) Registering Avro Schema 3: {"type":"record","name":"sb45c93d5x54d6x4e1axb61axdd9b021501c2","namespace":"ns_5778a003_2d88_472f_8aff_38f228adc7a3","fields":[{"name":"key11755019333189","type":"string"},{"name":"key21755019338164","type":"string"},{"name":"key31755019343297","type":"string"}]}
**** Registry Base URL: http://registry-app-mysql.apps.ci419.apicurio-testing.org:80
2025-08-12 17:22:24,426 INFO  [org.apa.kaf.cli.pro.ProducerConfig] (main) ProducerConfig values: 
	acks = -1
	auto.include.jmx.reporter = true
	batch.size = 16384
	bootstrap.servers = [PLAINTEXT://localhost:32769]
	buffer.memory = 33554432
	client.dns.lookup = use_all_dns_ips
	client.id = Producer-topic-ce9d98d9_fd1f_4b3a_89af_08627c45b558
	compression.gzip.level = -1
	compression.lz4.level = 9
	compression.type = none
	compression.zstd.level = 3
	connections.max.idle.ms = 10000
	delivery.timeout.ms = 120000
	enable.idempotence = true
	enable.metrics.push = true
	interceptor.classes = []
	key.serializer = class org.apache.kafka.common.serialization.StringSerializer
	linger.ms = 0
	max.block.ms = 60000
	max.in.flight.requests.per.connection = 5
	max.request.size = 1048576
	metadata.max.age.ms = 300000
	metadata.max.idle.ms = 300000
	metadata.recovery.strategy = none
	metric.reporters = []
	metrics.num.samples = 2
	metrics.recording.level = INFO
	metrics.sample.window.ms = 30000
	partitioner.adaptive.partitioning.enable = true
	partitioner.availability.timeout.ms = 0
	partitioner.class = null
	partitioner.ignore.keys = false
	receive.buffer.bytes = 32768
	reconnect.backoff.max.ms = 1000
	reconnect.backoff.ms = 50
	request.timeout.ms = 5000
	retries = 2147483647
	retry.backoff.max.ms = 1000
	retry.backoff.ms = 100
	sasl.client.callback.handler.class = null
	sasl.jaas.config = null
	sasl.kerberos.kinit.cmd = /usr/bin/kinit
	sasl.kerberos.min.time.before.relogin = 60000
	sasl.kerberos.service.name = null
	sasl.kerberos.ticket.renew.jitter = 0.05
	sasl.kerberos.ticket.renew.window.factor = 0.8
	sasl.login.callback.handler.class = null
	sasl.login.class = null
	sasl.login.connect.timeout.ms = null
	sasl.login.read.timeout.ms = null
	sasl.login.refresh.buffer.seconds = 300
	sasl.login.refresh.min.period.seconds = 60
	sasl.login.refresh.window.factor = 0.8
	sasl.login.refresh.window.jitter = 0.05
	sasl.login.retry.backoff.max.ms = 10000
	sasl.login.retry.backoff.ms = 100
	sasl.mechanism = GSSAPI
	sasl.oauthbearer.clock.skew.seconds = 30
	sasl.oauthbearer.expected.audience = null
	sasl.oauthbearer.expected.issuer = null
	sasl.oauthbearer.header.urlencode = false
	sasl.oauthbearer.jwks.endpoint.refresh.ms = 3600000
	sasl.oauthbearer.jwks.endpoint.retry.backoff.max.ms = 10000
	sasl.oauthbearer.jwks.endpoint.retry.backoff.ms = 100
	sasl.oauthbearer.jwks.endpoint.url = null
	sasl.oauthbearer.scope.claim.name = scope
	sasl.oauthbearer.sub.claim.name = sub
	sasl.oauthbearer.token.endpoint.url = null
	security.protocol = PLAINTEXT
	security.providers = null
	send.buffer.bytes = 131072
	socket.connection.setup.timeout.max.ms = 30000
	socket.connection.setup.timeout.ms = 10000
	ssl.cipher.suites = null
	ssl.enabled.protocols = [TLSv1.2, TLSv1.3]
	ssl.endpoint.identification.algorithm = https
	ssl.engine.factory.class = null
	ssl.key.password = null
	ssl.keymanager.algorithm = SunX509
	ssl.keystore.certificate.chain = null
	ssl.keystore.key = null
	ssl.keystore.location = null
	ssl.keystore.password = null
	ssl.keystore.type = JKS
	ssl.protocol = TLSv1.3
	ssl.provider = null
	ssl.secure.random.implementation = null
	ssl.trustmanager.algorithm = PKIX
	ssl.truststore.certificates = null
	ssl.truststore.location = null
	ssl.truststore.password = null
	ssl.truststore.type = JKS
	transaction.timeout.ms = 60000
	transactional.id = null
	value.serializer = class io.apicurio.registry.serde.avro.AvroKafkaSerializer

2025-08-12 17:22:24,426 INFO  [org.apa.kaf.com.tel.int.KafkaMetricsCollector] (main) initializing Kafka metrics collector
2025-08-12 17:22:24,430 INFO  [org.apa.kaf.cli.pro.KafkaProducer] (main) [Producer clientId=Producer-topic-ce9d98d9_fd1f_4b3a_89af_08627c45b558] Instantiated an idempotent producer.
2025-08-12 17:22:24,431 INFO  [org.apa.kaf.cli.pro.ProducerConfig] (main) These configurations '[apicurio.registry.url, apicurio.registry.artifact-resolver-strategy]' were supplied but are not used yet.
2025-08-12 17:22:24,431 INFO  [org.apa.kaf.com.uti.AppInfoParser] (main) Kafka version: 3.9.1
2025-08-12 17:22:24,431 INFO  [org.apa.kaf.com.uti.AppInfoParser] (main) Kafka commitId: f745dfdcee2b9851
2025-08-12 17:22:24,431 INFO  [org.apa.kaf.com.uti.AppInfoParser] (main) Kafka startTimeMs: 1755019344431
2025-08-12 17:22:24,432 INFO  [io.api.tes.ser.api.KafkaSerdesTester] (Thread-685) Sending message {"key11755019333189": "value-0", "key21755019338164": "value-0", "key31755019343297": "value-0"} to topic topic-ce9d98d9_fd1f_4b3a_89af_08627c45b558
2025-08-12 17:22:24,436 INFO  [org.apa.kaf.cli.Metadata] (kafka-producer-network-thread | Producer-topic-ce9d98d9_fd1f_4b3a_89af_08627c45b558) [Producer clientId=Producer-topic-ce9d98d9_fd1f_4b3a_89af_08627c45b558] Cluster ID: 7o-lMpHSRFKHq4uTXFQncw
2025-08-12 17:22:24,436 INFO  [org.apa.kaf.cli.pro.int.TransactionManager] (kafka-producer-network-thread | Producer-topic-ce9d98d9_fd1f_4b3a_89af_08627c45b558) [Producer clientId=Producer-topic-ce9d98d9_fd1f_4b3a_89af_08627c45b558] ProducerId set to 15 with epoch 0
2025-08-12 17:22:24,436 INFO  [DefaultSchemaResolver] (Thread-685) Retrieving schema content using string: {"type":"record","name":"sb45c93d5x54d6x4e1axb61axdd9b021501c2","namespace":"ns_5778a003_2d88_472f_8aff_38f228adc7a3","fields":[{"name":"key11755019333189","type":"string"},{"name":"key21755019338164","type":"string"},{"name":"key31755019343297","type":"string"}]}
2025-08-12 17:22:24,530 INFO  [io.api.tes.ser.api.KafkaSerdesTester] (Thread-685) Sending message {"key11755019333189": "value-1", "key21755019338164": "value-1", "key31755019343297": "value-1"} to topic topic-ce9d98d9_fd1f_4b3a_89af_08627c45b558
2025-08-12 17:22:24,531 INFO  [io.api.tes.ser.api.KafkaSerdesTester] (Thread-685) Sending message {"key11755019333189": "value-2", "key21755019338164": "value-2", "key31755019343297": "value-2"} to topic topic-ce9d98d9_fd1f_4b3a_89af_08627c45b558
2025-08-12 17:22:24,532 INFO  [io.api.tes.ser.api.KafkaSerdesTester] (Thread-685) Sending message {"key11755019333189": "value-3", "key21755019338164": "value-3", "key31755019343297": "value-3"} to topic topic-ce9d98d9_fd1f_4b3a_89af_08627c45b558
2025-08-12 17:22:24,533 INFO  [io.api.tes.ser.api.KafkaSerdesTester] (Thread-685) Sending message {"key11755019333189": "value-4", "key21755019338164": "value-4", "key31755019343297": "value-4"} to topic topic-ce9d98d9_fd1f_4b3a_89af_08627c45b558
2025-08-12 17:22:24,535 INFO  [io.api.tes.ser.api.KafkaSerdesTester] (Thread-685) Sending message {"key11755019333189": "value-5", "key21755019338164": "value-5", "key31755019343297": "value-5"} to topic topic-ce9d98d9_fd1f_4b3a_89af_08627c45b558
2025-08-12 17:22:24,536 INFO  [io.api.tes.ser.api.KafkaSerdesTester] (Thread-685) Sending message {"key11755019333189": "value-6", "key21755019338164": "value-6", "key31755019343297": "value-6"} to topic topic-ce9d98d9_fd1f_4b3a_89af_08627c45b558
2025-08-12 17:22:24,538 INFO  [io.api.tes.ser.api.KafkaSerdesTester] (Thread-685) Sending message {"key11755019333189": "value-7", "key21755019338164": "value-7", "key31755019343297": "value-7"} to topic topic-ce9d98d9_fd1f_4b3a_89af_08627c45b558
2025-08-12 17:22:24,541 INFO  [io.api.tes.ser.api.KafkaSerdesTester] (Thread-685) Sending message {"key11755019333189": "value-8", "key21755019338164": "value-8", "key31755019343297": "value-8"} to topic topic-ce9d98d9_fd1f_4b3a_89af_08627c45b558
2025-08-12 17:22:24,544 INFO  [io.api.tes.ser.api.KafkaSerdesTester] (Thread-685) Sending message {"key11755019333189": "value-9", "key21755019338164": "value-9", "key31755019343297": "value-9"} to topic topic-ce9d98d9_fd1f_4b3a_89af_08627c45b558
2025-08-12 17:22:24,545 INFO  [io.api.tes.ser.api.KafkaSerdesTester] (Thread-685) Produced 10 messages
2025-08-12 17:22:24,545 INFO  [org.apa.kaf.cli.pro.KafkaProducer] (Thread-685) [Producer clientId=Producer-topic-ce9d98d9_fd1f_4b3a_89af_08627c45b558] Closing the Kafka producer with timeoutMillis = 9223372036854775807 ms.
2025-08-12 17:22:24,550 INFO  [org.apa.kaf.com.met.Metrics] (Thread-685) Metrics scheduler closed
2025-08-12 17:22:24,550 INFO  [org.apa.kaf.com.met.Metrics] (Thread-685) Closing reporter org.apache.kafka.common.metrics.JmxReporter
2025-08-12 17:22:24,550 INFO  [org.apa.kaf.com.met.Metrics] (Thread-685) Closing reporter org.apache.kafka.common.telemetry.internals.ClientTelemetryReporter
2025-08-12 17:22:24,550 INFO  [org.apa.kaf.com.met.Metrics] (Thread-685) Metrics reporters closed
2025-08-12 17:22:24,550 INFO  [org.apa.kaf.com.uti.AppInfoParser] (Thread-685) App info kafka.producer for Producer-topic-ce9d98d9_fd1f_4b3a_89af_08627c45b558 unregistered
**** Registry Base URL: http://registry-app-mysql.apps.ci419.apicurio-testing.org:80
2025-08-12 17:22:24,551 INFO  [org.apa.kaf.cli.pro.ProducerConfig] (main) ProducerConfig values: 
	acks = -1
	auto.include.jmx.reporter = true
	batch.size = 16384
	bootstrap.servers = [PLAINTEXT://localhost:32769]
	buffer.memory = 33554432
	client.dns.lookup = use_all_dns_ips
	client.id = Producer-topic-ce9d98d9_fd1f_4b3a_89af_08627c45b558
	compression.gzip.level = -1
	compression.lz4.level = 9
	compression.type = none
	compression.zstd.level = 3
	connections.max.idle.ms = 10000
	delivery.timeout.ms = 120000
	enable.idempotence = true
	enable.metrics.push = true
	interceptor.classes = []
	key.serializer = class org.apache.kafka.common.serialization.StringSerializer
	linger.ms = 0
	max.block.ms = 60000
	max.in.flight.requests.per.connection = 5
	max.request.size = 1048576
	metadata.max.age.ms = 300000
	metadata.max.idle.ms = 300000
	metadata.recovery.strategy = none
	metric.reporters = []
	metrics.num.samples = 2
	metrics.recording.level = INFO
	metrics.sample.window.ms = 30000
	partitioner.adaptive.partitioning.enable = true
	partitioner.availability.timeout.ms = 0
	partitioner.class = null
	partitioner.ignore.keys = false
	receive.buffer.bytes = 32768
	reconnect.backoff.max.ms = 1000
	reconnect.backoff.ms = 50
	request.timeout.ms = 5000
	retries = 2147483647
	retry.backoff.max.ms = 1000
	retry.backoff.ms = 100
	sasl.client.callback.handler.class = null
	sasl.jaas.config = null
	sasl.kerberos.kinit.cmd = /usr/bin/kinit
	sasl.kerberos.min.time.before.relogin = 60000
	sasl.kerberos.service.name = null
	sasl.kerberos.ticket.renew.jitter = 0.05
	sasl.kerberos.ticket.renew.window.factor = 0.8
	sasl.login.callback.handler.class = null
	sasl.login.class = null
	sasl.login.connect.timeout.ms = null
	sasl.login.read.timeout.ms = null
	sasl.login.refresh.buffer.seconds = 300
	sasl.login.refresh.min.period.seconds = 60
	sasl.login.refresh.window.factor = 0.8
	sasl.login.refresh.window.jitter = 0.05
	sasl.login.retry.backoff.max.ms = 10000
	sasl.login.retry.backoff.ms = 100
	sasl.mechanism = GSSAPI
	sasl.oauthbearer.clock.skew.seconds = 30
	sasl.oauthbearer.expected.audience = null
	sasl.oauthbearer.expected.issuer = null
	sasl.oauthbearer.header.urlencode = false
	sasl.oauthbearer.jwks.endpoint.refresh.ms = 3600000
	sasl.oauthbearer.jwks.endpoint.retry.backoff.max.ms = 10000
	sasl.oauthbearer.jwks.endpoint.retry.backoff.ms = 100
	sasl.oauthbearer.jwks.endpoint.url = null
	sasl.oauthbearer.scope.claim.name = scope
	sasl.oauthbearer.sub.claim.name = sub
	sasl.oauthbearer.token.endpoint.url = null
	security.protocol = PLAINTEXT
	security.providers = null
	send.buffer.bytes = 131072
	socket.connection.setup.timeout.max.ms = 30000
	socket.connection.setup.timeout.ms = 10000
	ssl.cipher.suites = null
	ssl.enabled.protocols = [TLSv1.2, TLSv1.3]
	ssl.endpoint.identification.algorithm = https
	ssl.engine.factory.class = null
	ssl.key.password = null
	ssl.keymanager.algorithm = SunX509
	ssl.keystore.certificate.chain = null
	ssl.keystore.key = null
	ssl.keystore.location = null
	ssl.keystore.password = null
	ssl.keystore.type = JKS
	ssl.protocol = TLSv1.3
	ssl.provider = null
	ssl.secure.random.implementation = null
	ssl.trustmanager.algorithm = PKIX
	ssl.truststore.certificates = null
	ssl.truststore.location = null
	ssl.truststore.password = null
	ssl.truststore.type = JKS
	transaction.timeout.ms = 60000
	transactional.id = null
	value.serializer = class io.apicurio.registry.serde.avro.AvroKafkaSerializer

2025-08-12 17:22:24,552 INFO  [org.apa.kaf.com.tel.int.KafkaMetricsCollector] (main) initializing Kafka metrics collector
2025-08-12 17:22:24,556 INFO  [org.apa.kaf.cli.pro.KafkaProducer] (main) [Producer clientId=Producer-topic-ce9d98d9_fd1f_4b3a_89af_08627c45b558] Instantiated an idempotent producer.
2025-08-12 17:22:24,560 INFO  [org.apa.kaf.cli.pro.ProducerConfig] (main) These configurations '[apicurio.registry.url, apicurio.registry.artifact-resolver-strategy]' were supplied but are not used yet.
2025-08-12 17:22:24,560 INFO  [org.apa.kaf.com.uti.AppInfoParser] (main) Kafka version: 3.9.1
2025-08-12 17:22:24,560 INFO  [org.apa.kaf.com.uti.AppInfoParser] (main) Kafka commitId: f745dfdcee2b9851
2025-08-12 17:22:24,560 INFO  [org.apa.kaf.com.uti.AppInfoParser] (main) Kafka startTimeMs: 1755019344560
2025-08-12 17:22:24,563 INFO  [io.api.tes.ser.api.KafkaSerdesTester] (Thread-688) Sending message {"key11755019333189": "value-0", "key21755019338164": "value-0"} to topic topic-ce9d98d9_fd1f_4b3a_89af_08627c45b558
2025-08-12 17:22:24,566 INFO  [org.apa.kaf.cli.Metadata] (kafka-producer-network-thread | Producer-topic-ce9d98d9_fd1f_4b3a_89af_08627c45b558) [Producer clientId=Producer-topic-ce9d98d9_fd1f_4b3a_89af_08627c45b558] Cluster ID: 7o-lMpHSRFKHq4uTXFQncw
2025-08-12 17:22:24,566 INFO  [org.apa.kaf.cli.pro.int.TransactionManager] (kafka-producer-network-thread | Producer-topic-ce9d98d9_fd1f_4b3a_89af_08627c45b558) [Producer clientId=Producer-topic-ce9d98d9_fd1f_4b3a_89af_08627c45b558] ProducerId set to 16 with epoch 0
2025-08-12 17:22:24,567 INFO  [DefaultSchemaResolver] (Thread-688) Retrieving schema content using string: {"type":"record","name":"sb45c93d5x54d6x4e1axb61axdd9b021501c2","namespace":"ns_5778a003_2d88_472f_8aff_38f228adc7a3","fields":[{"name":"key11755019333189","type":"string"},{"name":"key21755019338164","type":"string"}]}
2025-08-12 17:22:24,656 INFO  [io.api.tes.ser.api.KafkaSerdesTester] (Thread-688) Sending message {"key11755019333189": "value-1", "key21755019338164": "value-1"} to topic topic-ce9d98d9_fd1f_4b3a_89af_08627c45b558
2025-08-12 17:22:24,657 INFO  [io.api.tes.ser.api.KafkaSerdesTester] (Thread-688) Sending message {"key11755019333189": "value-2", "key21755019338164": "value-2"} to topic topic-ce9d98d9_fd1f_4b3a_89af_08627c45b558
2025-08-12 17:22:24,658 INFO  [io.api.tes.ser.api.KafkaSerdesTester] (Thread-688) Sending message {"key11755019333189": "value-3", "key21755019338164": "value-3"} to topic topic-ce9d98d9_fd1f_4b3a_89af_08627c45b558
2025-08-12 17:22:24,659 INFO  [io.api.tes.ser.api.KafkaSerdesTester] (Thread-688) Sending message {"key11755019333189": "value-4", "key21755019338164": "value-4"} to topic topic-ce9d98d9_fd1f_4b3a_89af_08627c45b558
2025-08-12 17:22:24,661 INFO  [io.api.tes.ser.api.KafkaSerdesTester] (Thread-688) Sending message {"key11755019333189": "value-5", "key21755019338164": "value-5"} to topic topic-ce9d98d9_fd1f_4b3a_89af_08627c45b558
2025-08-12 17:22:24,662 INFO  [io.api.tes.ser.api.KafkaSerdesTester] (Thread-688) Sending message {"key11755019333189": "value-6", "key21755019338164": "value-6"} to topic topic-ce9d98d9_fd1f_4b3a_89af_08627c45b558
2025-08-12 17:22:24,665 INFO  [io.api.tes.ser.api.KafkaSerdesTester] (Thread-688) Sending message {"key11755019333189": "value-7", "key21755019338164": "value-7"} to topic topic-ce9d98d9_fd1f_4b3a_89af_08627c45b558
2025-08-12 17:22:24,666 INFO  [io.api.tes.ser.api.KafkaSerdesTester] (Thread-688) Sending message {"key11755019333189": "value-8", "key21755019338164": "value-8"} to topic topic-ce9d98d9_fd1f_4b3a_89af_08627c45b558
2025-08-12 17:22:24,668 INFO  [io.api.tes.ser.api.KafkaSerdesTester] (Thread-688) Sending message {"key11755019333189": "value-9", "key21755019338164": "value-9"} to topic topic-ce9d98d9_fd1f_4b3a_89af_08627c45b558
2025-08-12 17:22:24,672 INFO  [io.api.tes.ser.api.KafkaSerdesTester] (Thread-688) Produced 10 messages
2025-08-12 17:22:24,672 INFO  [org.apa.kaf.cli.pro.KafkaProducer] (Thread-688) [Producer clientId=Producer-topic-ce9d98d9_fd1f_4b3a_89af_08627c45b558] Closing the Kafka producer with timeoutMillis = 9223372036854775807 ms.
2025-08-12 17:22:24,674 INFO  [org.apa.kaf.com.met.Metrics] (Thread-688) Metrics scheduler closed
2025-08-12 17:22:24,674 INFO  [org.apa.kaf.com.met.Metrics] (Thread-688) Closing reporter org.apache.kafka.common.metrics.JmxReporter
2025-08-12 17:22:24,674 INFO  [org.apa.kaf.com.met.Metrics] (Thread-688) Closing reporter org.apache.kafka.common.telemetry.internals.ClientTelemetryReporter
2025-08-12 17:22:24,674 INFO  [org.apa.kaf.com.met.Metrics] (Thread-688) Metrics reporters closed
2025-08-12 17:22:24,674 INFO  [org.apa.kaf.com.uti.AppInfoParser] (Thread-688) App info kafka.producer for Producer-topic-ce9d98d9_fd1f_4b3a_89af_08627c45b558 unregistered
**** Registry Base URL: http://registry-app-mysql.apps.ci419.apicurio-testing.org:80
2025-08-12 17:22:24,675 INFO  [org.apa.kaf.cli.pro.ProducerConfig] (main) ProducerConfig values: 
	acks = -1
	auto.include.jmx.reporter = true
	batch.size = 16384
	bootstrap.servers = [PLAINTEXT://localhost:32769]
	buffer.memory = 33554432
	client.dns.lookup = use_all_dns_ips
	client.id = Producer-topic-ce9d98d9_fd1f_4b3a_89af_08627c45b558
	compression.gzip.level = -1
	compression.lz4.level = 9
	compression.type = none
	compression.zstd.level = 3
	connections.max.idle.ms = 10000
	delivery.timeout.ms = 120000
	enable.idempotence = true
	enable.metrics.push = true
	interceptor.classes = []
	key.serializer = class org.apache.kafka.common.serialization.StringSerializer
	linger.ms = 0
	max.block.ms = 60000
	max.in.flight.requests.per.connection = 5
	max.request.size = 1048576
	metadata.max.age.ms = 300000
	metadata.max.idle.ms = 300000
	metadata.recovery.strategy = none
	metric.reporters = []
	metrics.num.samples = 2
	metrics.recording.level = INFO
	metrics.sample.window.ms = 30000
	partitioner.adaptive.partitioning.enable = true
	partitioner.availability.timeout.ms = 0
	partitioner.class = null
	partitioner.ignore.keys = false
	receive.buffer.bytes = 32768
	reconnect.backoff.max.ms = 1000
	reconnect.backoff.ms = 50
	request.timeout.ms = 5000
	retries = 2147483647
	retry.backoff.max.ms = 1000
	retry.backoff.ms = 100
	sasl.client.callback.handler.class = null
	sasl.jaas.config = null
	sasl.kerberos.kinit.cmd = /usr/bin/kinit
	sasl.kerberos.min.time.before.relogin = 60000
	sasl.kerberos.service.name = null
	sasl.kerberos.ticket.renew.jitter = 0.05
	sasl.kerberos.ticket.renew.window.factor = 0.8
	sasl.login.callback.handler.class = null
	sasl.login.class = null
	sasl.login.connect.timeout.ms = null
	sasl.login.read.timeout.ms = null
	sasl.login.refresh.buffer.seconds = 300
	sasl.login.refresh.min.period.seconds = 60
	sasl.login.refresh.window.factor = 0.8
	sasl.login.refresh.window.jitter = 0.05
	sasl.login.retry.backoff.max.ms = 10000
	sasl.login.retry.backoff.ms = 100
	sasl.mechanism = GSSAPI
	sasl.oauthbearer.clock.skew.seconds = 30
	sasl.oauthbearer.expected.audience = null
	sasl.oauthbearer.expected.issuer = null
	sasl.oauthbearer.header.urlencode = false
	sasl.oauthbearer.jwks.endpoint.refresh.ms = 3600000
	sasl.oauthbearer.jwks.endpoint.retry.backoff.max.ms = 10000
	sasl.oauthbearer.jwks.endpoint.retry.backoff.ms = 100
	sasl.oauthbearer.jwks.endpoint.url = null
	sasl.oauthbearer.scope.claim.name = scope
	sasl.oauthbearer.sub.claim.name = sub
	sasl.oauthbearer.token.endpoint.url = null
	security.protocol = PLAINTEXT
	security.providers = null
	send.buffer.bytes = 131072
	socket.connection.setup.timeout.max.ms = 30000
	socket.connection.setup.timeout.ms = 10000
	ssl.cipher.suites = null
	ssl.enabled.protocols = [TLSv1.2, TLSv1.3]
	ssl.endpoint.identification.algorithm = https
	ssl.engine.factory.class = null
	ssl.key.password = null
	ssl.keymanager.algorithm = SunX509
	ssl.keystore.certificate.chain = null
	ssl.keystore.key = null
	ssl.keystore.location = null
	ssl.keystore.password = null
	ssl.keystore.type = JKS
	ssl.protocol = TLSv1.3
	ssl.provider = null
	ssl.secure.random.implementation = null
	ssl.trustmanager.algorithm = PKIX
	ssl.truststore.certificates = null
	ssl.truststore.location = null
	ssl.truststore.password = null
	ssl.truststore.type = JKS
	transaction.timeout.ms = 60000
	transactional.id = null
	value.serializer = class io.apicurio.registry.serde.avro.AvroKafkaSerializer

2025-08-12 17:22:24,676 INFO  [org.apa.kaf.com.tel.int.KafkaMetricsCollector] (main) initializing Kafka metrics collector
2025-08-12 17:22:24,680 INFO  [org.apa.kaf.cli.pro.KafkaProducer] (main) [Producer clientId=Producer-topic-ce9d98d9_fd1f_4b3a_89af_08627c45b558] Instantiated an idempotent producer.
2025-08-12 17:22:24,683 INFO  [org.apa.kaf.cli.pro.ProducerConfig] (main) These configurations '[apicurio.registry.url, apicurio.registry.artifact-resolver-strategy]' were supplied but are not used yet.
2025-08-12 17:22:24,683 INFO  [org.apa.kaf.com.uti.AppInfoParser] (main) Kafka version: 3.9.1
2025-08-12 17:22:24,683 INFO  [org.apa.kaf.com.uti.AppInfoParser] (main) Kafka commitId: f745dfdcee2b9851
2025-08-12 17:22:24,683 INFO  [org.apa.kaf.com.uti.AppInfoParser] (main) Kafka startTimeMs: 1755019344683
2025-08-12 17:22:24,683 INFO  [io.api.tes.ser.api.KafkaSerdesTester] (Thread-691) Sending message {"key11755019333189": "value-0"} to topic topic-ce9d98d9_fd1f_4b3a_89af_08627c45b558
2025-08-12 17:22:24,686 INFO  [org.apa.kaf.cli.Metadata] (kafka-producer-network-thread | Producer-topic-ce9d98d9_fd1f_4b3a_89af_08627c45b558) [Producer clientId=Producer-topic-ce9d98d9_fd1f_4b3a_89af_08627c45b558] Cluster ID: 7o-lMpHSRFKHq4uTXFQncw
2025-08-12 17:22:24,686 INFO  [DefaultSchemaResolver] (Thread-691) Retrieving schema content using string: {"type":"record","name":"sb45c93d5x54d6x4e1axb61axdd9b021501c2","namespace":"ns_5778a003_2d88_472f_8aff_38f228adc7a3","fields":[{"name":"key11755019333189","type":"string"}]}
2025-08-12 17:22:24,687 INFO  [org.apa.kaf.cli.pro.int.TransactionManager] (kafka-producer-network-thread | Producer-topic-ce9d98d9_fd1f_4b3a_89af_08627c45b558) [Producer clientId=Producer-topic-ce9d98d9_fd1f_4b3a_89af_08627c45b558] ProducerId set to 17 with epoch 0
2025-08-12 17:22:24,782 INFO  [io.api.tes.ser.api.KafkaSerdesTester] (Thread-691) Sending message {"key11755019333189": "value-1"} to topic topic-ce9d98d9_fd1f_4b3a_89af_08627c45b558
2025-08-12 17:22:24,785 INFO  [io.api.tes.ser.api.KafkaSerdesTester] (Thread-691) Sending message {"key11755019333189": "value-2"} to topic topic-ce9d98d9_fd1f_4b3a_89af_08627c45b558
2025-08-12 17:22:24,788 INFO  [io.api.tes.ser.api.KafkaSerdesTester] (Thread-691) Sending message {"key11755019333189": "value-3"} to topic topic-ce9d98d9_fd1f_4b3a_89af_08627c45b558
2025-08-12 17:22:24,790 INFO  [io.api.tes.ser.api.KafkaSerdesTester] (Thread-691) Sending message {"key11755019333189": "value-4"} to topic topic-ce9d98d9_fd1f_4b3a_89af_08627c45b558
2025-08-12 17:22:24,791 INFO  [io.api.tes.ser.api.KafkaSerdesTester] (Thread-691) Sending message {"key11755019333189": "value-5"} to topic topic-ce9d98d9_fd1f_4b3a_89af_08627c45b558
2025-08-12 17:22:24,793 INFO  [io.api.tes.ser.api.KafkaSerdesTester] (Thread-691) Sending message {"key11755019333189": "value-6"} to topic topic-ce9d98d9_fd1f_4b3a_89af_08627c45b558
2025-08-12 17:22:24,795 INFO  [io.api.tes.ser.api.KafkaSerdesTester] (Thread-691) Sending message {"key11755019333189": "value-7"} to topic topic-ce9d98d9_fd1f_4b3a_89af_08627c45b558
2025-08-12 17:22:24,796 INFO  [io.api.tes.ser.api.KafkaSerdesTester] (Thread-691) Sending message {"key11755019333189": "value-8"} to topic topic-ce9d98d9_fd1f_4b3a_89af_08627c45b558
2025-08-12 17:22:24,798 INFO  [io.api.tes.ser.api.KafkaSerdesTester] (Thread-691) Sending message {"key11755019333189": "value-9"} to topic topic-ce9d98d9_fd1f_4b3a_89af_08627c45b558
2025-08-12 17:22:24,799 INFO  [io.api.tes.ser.api.KafkaSerdesTester] (Thread-691) Produced 10 messages
2025-08-12 17:22:24,799 INFO  [org.apa.kaf.cli.pro.KafkaProducer] (Thread-691) [Producer clientId=Producer-topic-ce9d98d9_fd1f_4b3a_89af_08627c45b558] Closing the Kafka producer with timeoutMillis = 9223372036854775807 ms.
2025-08-12 17:22:24,801 INFO  [org.apa.kaf.com.met.Metrics] (Thread-691) Metrics scheduler closed
2025-08-12 17:22:24,801 INFO  [org.apa.kaf.com.met.Metrics] (Thread-691) Closing reporter org.apache.kafka.common.metrics.JmxReporter
2025-08-12 17:22:24,801 INFO  [org.apa.kaf.com.met.Metrics] (Thread-691) Closing reporter org.apache.kafka.common.telemetry.internals.ClientTelemetryReporter
2025-08-12 17:22:24,801 INFO  [org.apa.kaf.com.met.Metrics] (Thread-691) Metrics reporters closed
2025-08-12 17:22:24,802 INFO  [org.apa.kaf.com.uti.AppInfoParser] (Thread-691) App info kafka.producer for Producer-topic-ce9d98d9_fd1f_4b3a_89af_08627c45b558 unregistered
**** Registry Base URL: http://registry-app-mysql.apps.ci419.apicurio-testing.org:80
2025-08-12 17:22:24,803 INFO  [org.apa.kaf.cli.con.ConsumerConfig] (main) ConsumerConfig values: 
	allow.auto.create.topics = true
	auto.commit.interval.ms = 500
	auto.include.jmx.reporter = true
	auto.offset.reset = earliest
	bootstrap.servers = [PLAINTEXT://localhost:32769]
	check.crcs = true
	client.dns.lookup = use_all_dns_ips
	client.id = consumer-Consumer-topic-ce9d98d9_fd1f_4b3a_89af_08627c45b558-12
	client.rack = 
	connections.max.idle.ms = 10000
	default.api.timeout.ms = 60000
	enable.auto.commit = true
	enable.metrics.push = true
	exclude.internal.topics = true
	fetch.max.bytes = 52428800
	fetch.max.wait.ms = 500
	fetch.min.bytes = 1
	group.id = Consumer-topic-ce9d98d9_fd1f_4b3a_89af_08627c45b558
	group.instance.id = null
	group.protocol = classic
	group.remote.assignor = null
	heartbeat.interval.ms = 3000
	interceptor.classes = []
	internal.leave.group.on.close = true
	internal.throw.on.fetch.stable.offset.unsupported = false
	isolation.level = read_uncommitted
	key.deserializer = class org.apache.kafka.common.serialization.StringDeserializer
	max.partition.fetch.bytes = 1048576
	max.poll.interval.ms = 300000
	max.poll.records = 500
	metadata.max.age.ms = 300000
	metadata.recovery.strategy = none
	metric.reporters = []
	metrics.num.samples = 2
	metrics.recording.level = INFO
	metrics.sample.window.ms = 30000
	partition.assignment.strategy = [class org.apache.kafka.clients.consumer.RangeAssignor, class org.apache.kafka.clients.consumer.CooperativeStickyAssignor]
	receive.buffer.bytes = 65536
	reconnect.backoff.max.ms = 1000
	reconnect.backoff.ms = 50
	request.timeout.ms = 5000
	retry.backoff.max.ms = 1000
	retry.backoff.ms = 100
	sasl.client.callback.handler.class = null
	sasl.jaas.config = null
	sasl.kerberos.kinit.cmd = /usr/bin/kinit
	sasl.kerberos.min.time.before.relogin = 60000
	sasl.kerberos.service.name = null
	sasl.kerberos.ticket.renew.jitter = 0.05
	sasl.kerberos.ticket.renew.window.factor = 0.8
	sasl.login.callback.handler.class = null
	sasl.login.class = null
	sasl.login.connect.timeout.ms = null
	sasl.login.read.timeout.ms = null
	sasl.login.refresh.buffer.seconds = 300
	sasl.login.refresh.min.period.seconds = 60
	sasl.login.refresh.window.factor = 0.8
	sasl.login.refresh.window.jitter = 0.05
	sasl.login.retry.backoff.max.ms = 10000
	sasl.login.retry.backoff.ms = 100
	sasl.mechanism = GSSAPI
	sasl.oauthbearer.clock.skew.seconds = 30
	sasl.oauthbearer.expected.audience = null
	sasl.oauthbearer.expected.issuer = null
	sasl.oauthbearer.header.urlencode = false
	sasl.oauthbearer.jwks.endpoint.refresh.ms = 3600000
	sasl.oauthbearer.jwks.endpoint.retry.backoff.max.ms = 10000
	sasl.oauthbearer.jwks.endpoint.retry.backoff.ms = 100
	sasl.oauthbearer.jwks.endpoint.url = null
	sasl.oauthbearer.scope.claim.name = scope
	sasl.oauthbearer.sub.claim.name = sub
	sasl.oauthbearer.token.endpoint.url = null
	security.protocol = PLAINTEXT
	security.providers = null
	send.buffer.bytes = 131072
	session.timeout.ms = 45000
	socket.connection.setup.timeout.max.ms = 30000
	socket.connection.setup.timeout.ms = 10000
	ssl.cipher.suites = null
	ssl.enabled.protocols = [TLSv1.2, TLSv1.3]
	ssl.endpoint.identification.algorithm = https
	ssl.engine.factory.class = null
	ssl.key.password = null
	ssl.keymanager.algorithm = SunX509
	ssl.keystore.certificate.chain = null
	ssl.keystore.key = null
	ssl.keystore.location = null
	ssl.keystore.password = null
	ssl.keystore.type = JKS
	ssl.protocol = TLSv1.3
	ssl.provider = null
	ssl.secure.random.implementation = null
	ssl.trustmanager.algorithm = PKIX
	ssl.truststore.certificates = null
	ssl.truststore.location = null
	ssl.truststore.password = null
	ssl.truststore.type = JKS
	value.deserializer = class io.apicurio.registry.serde.avro.AvroKafkaDeserializer

2025-08-12 17:22:24,803 INFO  [org.apa.kaf.com.tel.int.KafkaMetricsCollector] (main) initializing Kafka metrics collector
2025-08-12 17:22:24,815 INFO  [org.apa.kaf.cli.con.ConsumerConfig] (main) These configurations '[apicurio.registry.url]' were supplied but are not used yet.
2025-08-12 17:22:24,815 INFO  [org.apa.kaf.com.uti.AppInfoParser] (main) Kafka version: 3.9.1
2025-08-12 17:22:24,815 INFO  [org.apa.kaf.com.uti.AppInfoParser] (main) Kafka commitId: f745dfdcee2b9851
2025-08-12 17:22:24,815 INFO  [org.apa.kaf.com.uti.AppInfoParser] (main) Kafka startTimeMs: 1755019344815
2025-08-12 17:22:24,817 INFO  [org.apa.kaf.cli.con.int.ClassicKafkaConsumer] (Thread-694) [Consumer clientId=consumer-Consumer-topic-ce9d98d9_fd1f_4b3a_89af_08627c45b558-12, groupId=Consumer-topic-ce9d98d9_fd1f_4b3a_89af_08627c45b558] Subscribed to topic(s): topic-ce9d98d9_fd1f_4b3a_89af_08627c45b558
2025-08-12 17:22:24,821 INFO  [org.apa.kaf.cli.Metadata] (Thread-694) [Consumer clientId=consumer-Consumer-topic-ce9d98d9_fd1f_4b3a_89af_08627c45b558-12, groupId=Consumer-topic-ce9d98d9_fd1f_4b3a_89af_08627c45b558] Cluster ID: 7o-lMpHSRFKHq4uTXFQncw
2025-08-12 17:22:24,822 INFO  [org.apa.kaf.cli.con.int.ConsumerCoordinator] (Thread-694) [Consumer clientId=consumer-Consumer-topic-ce9d98d9_fd1f_4b3a_89af_08627c45b558-12, groupId=Consumer-topic-ce9d98d9_fd1f_4b3a_89af_08627c45b558] Discovered group coordinator localhost:32769 (id: 2147483647 rack: null)
2025-08-12 17:22:24,823 INFO  [org.apa.kaf.cli.con.int.ConsumerCoordinator] (Thread-694) [Consumer clientId=consumer-Consumer-topic-ce9d98d9_fd1f_4b3a_89af_08627c45b558-12, groupId=Consumer-topic-ce9d98d9_fd1f_4b3a_89af_08627c45b558] (Re-)joining group
2025-08-12 17:22:24,827 INFO  [org.apa.kaf.cli.con.int.ConsumerCoordinator] (Thread-694) [Consumer clientId=consumer-Consumer-topic-ce9d98d9_fd1f_4b3a_89af_08627c45b558-12, groupId=Consumer-topic-ce9d98d9_fd1f_4b3a_89af_08627c45b558] Request joining group due to: need to re-join with the given member-id: consumer-Consumer-topic-ce9d98d9_fd1f_4b3a_89af_08627c45b558-12-61049a59-438d-4512-b6ad-f8b2a7f04bab
2025-08-12 17:22:24,827 INFO  [org.apa.kaf.cli.con.int.ConsumerCoordinator] (Thread-694) [Consumer clientId=consumer-Consumer-topic-ce9d98d9_fd1f_4b3a_89af_08627c45b558-12, groupId=Consumer-topic-ce9d98d9_fd1f_4b3a_89af_08627c45b558] (Re-)joining group
2025-08-12 17:22:25,817 INFO  [io.api.tes.ser.api.KafkaSerdesTester] (Thread-694) None found
2025-08-12 17:22:26,817 INFO  [io.api.tes.ser.api.KafkaSerdesTester] (Thread-694) None found
2025-08-12 17:22:27,817 INFO  [io.api.tes.ser.api.KafkaSerdesTester] (Thread-694) None found
2025-08-12 17:22:27,830 INFO  [org.apa.kaf.cli.con.int.ConsumerCoordinator] (Thread-694) [Consumer clientId=consumer-Consumer-topic-ce9d98d9_fd1f_4b3a_89af_08627c45b558-12, groupId=Consumer-topic-ce9d98d9_fd1f_4b3a_89af_08627c45b558] Successfully joined group with generation Generation{generationId=5, memberId='consumer-Consumer-topic-ce9d98d9_fd1f_4b3a_89af_08627c45b558-12-61049a59-438d-4512-b6ad-f8b2a7f04bab', protocol='range'}
2025-08-12 17:22:27,830 INFO  [org.apa.kaf.cli.con.int.ConsumerCoordinator] (Thread-694) [Consumer clientId=consumer-Consumer-topic-ce9d98d9_fd1f_4b3a_89af_08627c45b558-12, groupId=Consumer-topic-ce9d98d9_fd1f_4b3a_89af_08627c45b558] Finished assignment for group at generation 5: {consumer-Consumer-topic-ce9d98d9_fd1f_4b3a_89af_08627c45b558-12-61049a59-438d-4512-b6ad-f8b2a7f04bab=Assignment(partitions=[topic-ce9d98d9_fd1f_4b3a_89af_08627c45b558-0])}
2025-08-12 17:22:27,836 INFO  [org.apa.kaf.cli.con.int.ConsumerCoordinator] (Thread-694) [Consumer clientId=consumer-Consumer-topic-ce9d98d9_fd1f_4b3a_89af_08627c45b558-12, groupId=Consumer-topic-ce9d98d9_fd1f_4b3a_89af_08627c45b558] Successfully synced group in generation Generation{generationId=5, memberId='consumer-Consumer-topic-ce9d98d9_fd1f_4b3a_89af_08627c45b558-12-61049a59-438d-4512-b6ad-f8b2a7f04bab', protocol='range'}
2025-08-12 17:22:27,836 INFO  [org.apa.kaf.cli.con.int.ConsumerCoordinator] (Thread-694) [Consumer clientId=consumer-Consumer-topic-ce9d98d9_fd1f_4b3a_89af_08627c45b558-12, groupId=Consumer-topic-ce9d98d9_fd1f_4b3a_89af_08627c45b558] Notifying assignor about the new Assignment(partitions=[topic-ce9d98d9_fd1f_4b3a_89af_08627c45b558-0])
2025-08-12 17:22:27,836 INFO  [org.apa.kaf.cli.con.int.ConsumerRebalanceListenerInvoker] (Thread-694) [Consumer clientId=consumer-Consumer-topic-ce9d98d9_fd1f_4b3a_89af_08627c45b558-12, groupId=Consumer-topic-ce9d98d9_fd1f_4b3a_89af_08627c45b558] Adding newly assigned partitions: topic-ce9d98d9_fd1f_4b3a_89af_08627c45b558-0
2025-08-12 17:22:27,837 INFO  [org.apa.kaf.cli.con.int.ConsumerUtils] (Thread-694) Setting offset for partition topic-ce9d98d9_fd1f_4b3a_89af_08627c45b558-0 to the committed offset FetchPosition{offset=30, offsetEpoch=Optional[0], currentLeader=LeaderAndEpoch{leader=Optional[localhost:32769 (id: 0 rack: null)], epoch=0}}
2025-08-12 17:22:28,131 INFO  [io.api.tes.ser.api.KafkaSerdesTester] (Thread-694) topic-ce9d98d9_fd1f_4b3a_89af_08627c45b558 0 30 {"key11755019333189": "value-0", "key21755019338164": "value-0", "key31755019343297": "value-0"}
2025-08-12 17:22:28,131 INFO  [io.api.tes.ser.api.KafkaSerdesTester] (Thread-694) topic-ce9d98d9_fd1f_4b3a_89af_08627c45b558 0 31 {"key11755019333189": "value-1", "key21755019338164": "value-1", "key31755019343297": "value-1"}
2025-08-12 17:22:28,131 INFO  [io.api.tes.ser.api.KafkaSerdesTester] (Thread-694) topic-ce9d98d9_fd1f_4b3a_89af_08627c45b558 0 32 {"key11755019333189": "value-2", "key21755019338164": "value-2", "key31755019343297": "value-2"}
2025-08-12 17:22:28,131 INFO  [io.api.tes.ser.api.KafkaSerdesTester] (Thread-694) topic-ce9d98d9_fd1f_4b3a_89af_08627c45b558 0 33 {"key11755019333189": "value-3", "key21755019338164": "value-3", "key31755019343297": "value-3"}
2025-08-12 17:22:28,131 INFO  [io.api.tes.ser.api.KafkaSerdesTester] (Thread-694) topic-ce9d98d9_fd1f_4b3a_89af_08627c45b558 0 34 {"key11755019333189": "value-4", "key21755019338164": "value-4", "key31755019343297": "value-4"}
2025-08-12 17:22:28,131 INFO  [io.api.tes.ser.api.KafkaSerdesTester] (Thread-694) topic-ce9d98d9_fd1f_4b3a_89af_08627c45b558 0 35 {"key11755019333189": "value-5", "key21755019338164": "value-5", "key31755019343297": "value-5"}
2025-08-12 17:22:28,131 INFO  [io.api.tes.ser.api.KafkaSerdesTester] (Thread-694) topic-ce9d98d9_fd1f_4b3a_89af_08627c45b558 0 36 {"key11755019333189": "value-6", "key21755019338164": "value-6", "key31755019343297": "value-6"}
2025-08-12 17:22:28,131 INFO  [io.api.tes.ser.api.KafkaSerdesTester] (Thread-694) topic-ce9d98d9_fd1f_4b3a_89af_08627c45b558 0 37 {"key11755019333189": "value-7", "key21755019338164": "value-7", "key31755019343297": "value-7"}
2025-08-12 17:22:28,131 INFO  [io.api.tes.ser.api.KafkaSerdesTester] (Thread-694) topic-ce9d98d9_fd1f_4b3a_89af_08627c45b558 0 38 {"key11755019333189": "value-8", "key21755019338164": "value-8", "key31755019343297": "value-8"}
2025-08-12 17:22:28,131 INFO  [io.api.tes.ser.api.KafkaSerdesTester] (Thread-694) topic-ce9d98d9_fd1f_4b3a_89af_08627c45b558 0 39 {"key11755019333189": "value-9", "key21755019338164": "value-9", "key31755019343297": "value-9"}
2025-08-12 17:22:28,131 INFO  [io.api.tes.ser.api.KafkaSerdesTester] (Thread-694) topic-ce9d98d9_fd1f_4b3a_89af_08627c45b558 0 40 {"key11755019333189": "value-0", "key21755019338164": "value-0"}
2025-08-12 17:22:28,131 INFO  [io.api.tes.ser.api.KafkaSerdesTester] (Thread-694) topic-ce9d98d9_fd1f_4b3a_89af_08627c45b558 0 41 {"key11755019333189": "value-1", "key21755019338164": "value-1"}
2025-08-12 17:22:28,131 INFO  [io.api.tes.ser.api.KafkaSerdesTester] (Thread-694) topic-ce9d98d9_fd1f_4b3a_89af_08627c45b558 0 42 {"key11755019333189": "value-2", "key21755019338164": "value-2"}
2025-08-12 17:22:28,131 INFO  [io.api.tes.ser.api.KafkaSerdesTester] (Thread-694) topic-ce9d98d9_fd1f_4b3a_89af_08627c45b558 0 43 {"key11755019333189": "value-3", "key21755019338164": "value-3"}
2025-08-12 17:22:28,132 INFO  [io.api.tes.ser.api.KafkaSerdesTester] (Thread-694) topic-ce9d98d9_fd1f_4b3a_89af_08627c45b558 0 44 {"key11755019333189": "value-4", "key21755019338164": "value-4"}
2025-08-12 17:22:28,132 INFO  [io.api.tes.ser.api.KafkaSerdesTester] (Thread-694) topic-ce9d98d9_fd1f_4b3a_89af_08627c45b558 0 45 {"key11755019333189": "value-5", "key21755019338164": "value-5"}
2025-08-12 17:22:28,132 INFO  [io.api.tes.ser.api.KafkaSerdesTester] (Thread-694) topic-ce9d98d9_fd1f_4b3a_89af_08627c45b558 0 46 {"key11755019333189": "value-6", "key21755019338164": "value-6"}
2025-08-12 17:22:28,132 INFO  [io.api.tes.ser.api.KafkaSerdesTester] (Thread-694) topic-ce9d98d9_fd1f_4b3a_89af_08627c45b558 0 47 {"key11755019333189": "value-7", "key21755019338164": "value-7"}
2025-08-12 17:22:28,132 INFO  [io.api.tes.ser.api.KafkaSerdesTester] (Thread-694) topic-ce9d98d9_fd1f_4b3a_89af_08627c45b558 0 48 {"key11755019333189": "value-8", "key21755019338164": "value-8"}
2025-08-12 17:22:28,132 INFO  [io.api.tes.ser.api.KafkaSerdesTester] (Thread-694) topic-ce9d98d9_fd1f_4b3a_89af_08627c45b558 0 49 {"key11755019333189": "value-9", "key21755019338164": "value-9"}
2025-08-12 17:22:28,132 INFO  [io.api.tes.ser.api.KafkaSerdesTester] (Thread-694) topic-ce9d98d9_fd1f_4b3a_89af_08627c45b558 0 50 {"key11755019333189": "value-0"}
2025-08-12 17:22:28,132 INFO  [io.api.tes.ser.api.KafkaSerdesTester] (Thread-694) topic-ce9d98d9_fd1f_4b3a_89af_08627c45b558 0 51 {"key11755019333189": "value-1"}
2025-08-12 17:22:28,132 INFO  [io.api.tes.ser.api.KafkaSerdesTester] (Thread-694) topic-ce9d98d9_fd1f_4b3a_89af_08627c45b558 0 52 {"key11755019333189": "value-2"}
2025-08-12 17:22:28,132 INFO  [io.api.tes.ser.api.KafkaSerdesTester] (Thread-694) topic-ce9d98d9_fd1f_4b3a_89af_08627c45b558 0 53 {"key11755019333189": "value-3"}
2025-08-12 17:22:28,132 INFO  [io.api.tes.ser.api.KafkaSerdesTester] (Thread-694) topic-ce9d98d9_fd1f_4b3a_89af_08627c45b558 0 54 {"key11755019333189": "value-4"}
2025-08-12 17:22:28,132 INFO  [io.api.tes.ser.api.KafkaSerdesTester] (Thread-694) topic-ce9d98d9_fd1f_4b3a_89af_08627c45b558 0 55 {"key11755019333189": "value-5"}
2025-08-12 17:22:28,132 INFO  [io.api.tes.ser.api.KafkaSerdesTester] (Thread-694) topic-ce9d98d9_fd1f_4b3a_89af_08627c45b558 0 56 {"key11755019333189": "value-6"}
2025-08-12 17:22:28,132 INFO  [io.api.tes.ser.api.KafkaSerdesTester] (Thread-694) topic-ce9d98d9_fd1f_4b3a_89af_08627c45b558 0 57 {"key11755019333189": "value-7"}
2025-08-12 17:22:28,132 INFO  [io.api.tes.ser.api.KafkaSerdesTester] (Thread-694) topic-ce9d98d9_fd1f_4b3a_89af_08627c45b558 0 58 {"key11755019333189": "value-8"}
2025-08-12 17:22:28,132 INFO  [io.api.tes.ser.api.KafkaSerdesTester] (Thread-694) topic-ce9d98d9_fd1f_4b3a_89af_08627c45b558 0 59 {"key11755019333189": "value-9"}
2025-08-12 17:22:28,132 INFO  [io.api.tes.ser.api.KafkaSerdesTester] (Thread-694) Consumed 30 messages
2025-08-12 17:22:28,139 INFO  [org.apa.kaf.cli.con.int.ConsumerRebalanceListenerInvoker] (Thread-694) [Consumer clientId=consumer-Consumer-topic-ce9d98d9_fd1f_4b3a_89af_08627c45b558-12, groupId=Consumer-topic-ce9d98d9_fd1f_4b3a_89af_08627c45b558] Revoke previously assigned partitions topic-ce9d98d9_fd1f_4b3a_89af_08627c45b558-0
2025-08-12 17:22:28,139 INFO  [org.apa.kaf.cli.con.int.ConsumerCoordinator] (Thread-694) [Consumer clientId=consumer-Consumer-topic-ce9d98d9_fd1f_4b3a_89af_08627c45b558-12, groupId=Consumer-topic-ce9d98d9_fd1f_4b3a_89af_08627c45b558] Member consumer-Consumer-topic-ce9d98d9_fd1f_4b3a_89af_08627c45b558-12-61049a59-438d-4512-b6ad-f8b2a7f04bab sending LeaveGroup request to coordinator localhost:32769 (id: 2147483647 rack: null) due to the consumer is being closed
2025-08-12 17:22:28,139 INFO  [org.apa.kaf.cli.con.int.ConsumerCoordinator] (Thread-694) [Consumer clientId=consumer-Consumer-topic-ce9d98d9_fd1f_4b3a_89af_08627c45b558-12, groupId=Consumer-topic-ce9d98d9_fd1f_4b3a_89af_08627c45b558] Resetting generation and member id due to: consumer pro-actively leaving the group
2025-08-12 17:22:28,139 INFO  [org.apa.kaf.cli.con.int.ConsumerCoordinator] (Thread-694) [Consumer clientId=consumer-Consumer-topic-ce9d98d9_fd1f_4b3a_89af_08627c45b558-12, groupId=Consumer-topic-ce9d98d9_fd1f_4b3a_89af_08627c45b558] Request joining group due to: consumer pro-actively leaving the group
2025-08-12 17:22:28,634 INFO  [org.apa.kaf.com.met.Metrics] (Thread-694) Metrics scheduler closed
2025-08-12 17:22:28,634 INFO  [org.apa.kaf.com.met.Metrics] (Thread-694) Closing reporter org.apache.kafka.common.metrics.JmxReporter
2025-08-12 17:22:28,634 INFO  [org.apa.kaf.com.met.Metrics] (Thread-694) Closing reporter org.apache.kafka.common.telemetry.internals.ClientTelemetryReporter
2025-08-12 17:22:28,634 INFO  [org.apa.kaf.com.met.Metrics] (Thread-694) Metrics reporters closed
2025-08-12 17:22:28,636 INFO  [org.apa.kaf.com.uti.AppInfoParser] (Thread-694) App info kafka.consumer for consumer-Consumer-topic-ce9d98d9_fd1f_4b3a_89af_08627c45b558-12 unregistered
2025-08-12 17:22:28,636 INFO  [org.apa.kaf.cli.pro.KafkaProducer] (main) [Producer clientId=Producer-topic-ce9d98d9_fd1f_4b3a_89af_08627c45b558] Closing the Kafka producer with timeoutMillis = 9223372036854775807 ms.
2025-08-12 17:22:28,636 INFO  [org.apa.kaf.com.met.Metrics] (main) Metrics scheduler closed
2025-08-12 17:22:28,636 INFO  [org.apa.kaf.com.met.Metrics] (main) Closing reporter org.apache.kafka.common.metrics.JmxReporter
2025-08-12 17:22:28,636 INFO  [org.apa.kaf.com.met.Metrics] (main) Closing reporter org.apache.kafka.common.telemetry.internals.ClientTelemetryReporter
2025-08-12 17:22:28,636 INFO  [org.apa.kaf.com.met.Metrics] (main) Metrics reporters closed
2025-08-12 17:22:28,636 INFO  [org.apa.kaf.com.uti.AppInfoParser] (main) App info kafka.producer for Producer-topic-ce9d98d9_fd1f_4b3a_89af_08627c45b558 unregistered
2025-08-12 17:22:28,637 INFO  [io.api.tes.uti.TestSeparator] (main) io.apicurio.tests.serdes.apicurio.AvroSerdeIT.testEvolveAvroApicurio-FINISHED
2025-08-12 17:22:28,637 INFO  [io.api.tes.uti.TestSeparator] (main) ############################################################################
Test passed: testEvolveAvroApicurio
]]></system-out>
  </testcase>
  <testcase name="testTopicRecordIdStrategydFindLatest" classname="io.apicurio.tests.serdes.apicurio.AvroSerdeIT" time="4.998">
    <system-out><![CDATA[2025-08-12 17:22:28,639 INFO  [io.api.tes.uti.TestSeparator] (main) ############################################################################
2025-08-12 17:22:28,639 INFO  [io.api.tes.uti.TestSeparator] (main) io.apicurio.tests.serdes.apicurio.AvroSerdeIT.testTopicRecordIdStrategydFindLatest-STARTED
2025-08-12 17:22:28,640 INFO  [io.api.tes.ser.api.AvroSerdeIT] (main) Registering Avro Schema: {"type":"record","name":"sd9bd415ax1fecx4828x9cacxa8a7608b6a3b","namespace":"sbe735cd3xda12x49c1xa792xf9ce7d180766","fields":[{"name":"key11755019348640","type":"string"}]}
**** Registry Base URL: http://registry-app-mysql.apps.ci419.apicurio-testing.org:80
2025-08-12 17:22:29,771 INFO  [org.apa.kaf.cli.pro.ProducerConfig] (main) ProducerConfig values: 
	acks = -1
	auto.include.jmx.reporter = true
	batch.size = 16384
	bootstrap.servers = [PLAINTEXT://localhost:32769]
	buffer.memory = 33554432
	client.dns.lookup = use_all_dns_ips
	client.id = Producer-topic-020d2cdf_3e31_4444_897f_9563702db3cc
	compression.gzip.level = -1
	compression.lz4.level = 9
	compression.type = none
	compression.zstd.level = 3
	connections.max.idle.ms = 10000
	delivery.timeout.ms = 120000
	enable.idempotence = true
	enable.metrics.push = true
	interceptor.classes = []
	key.serializer = class org.apache.kafka.common.serialization.StringSerializer
	linger.ms = 0
	max.block.ms = 60000
	max.in.flight.requests.per.connection = 5
	max.request.size = 1048576
	metadata.max.age.ms = 300000
	metadata.max.idle.ms = 300000
	metadata.recovery.strategy = none
	metric.reporters = []
	metrics.num.samples = 2
	metrics.recording.level = INFO
	metrics.sample.window.ms = 30000
	partitioner.adaptive.partitioning.enable = true
	partitioner.availability.timeout.ms = 0
	partitioner.class = null
	partitioner.ignore.keys = false
	receive.buffer.bytes = 32768
	reconnect.backoff.max.ms = 1000
	reconnect.backoff.ms = 50
	request.timeout.ms = 5000
	retries = 2147483647
	retry.backoff.max.ms = 1000
	retry.backoff.ms = 100
	sasl.client.callback.handler.class = null
	sasl.jaas.config = null
	sasl.kerberos.kinit.cmd = /usr/bin/kinit
	sasl.kerberos.min.time.before.relogin = 60000
	sasl.kerberos.service.name = null
	sasl.kerberos.ticket.renew.jitter = 0.05
	sasl.kerberos.ticket.renew.window.factor = 0.8
	sasl.login.callback.handler.class = null
	sasl.login.class = null
	sasl.login.connect.timeout.ms = null
	sasl.login.read.timeout.ms = null
	sasl.login.refresh.buffer.seconds = 300
	sasl.login.refresh.min.period.seconds = 60
	sasl.login.refresh.window.factor = 0.8
	sasl.login.refresh.window.jitter = 0.05
	sasl.login.retry.backoff.max.ms = 10000
	sasl.login.retry.backoff.ms = 100
	sasl.mechanism = GSSAPI
	sasl.oauthbearer.clock.skew.seconds = 30
	sasl.oauthbearer.expected.audience = null
	sasl.oauthbearer.expected.issuer = null
	sasl.oauthbearer.header.urlencode = false
	sasl.oauthbearer.jwks.endpoint.refresh.ms = 3600000
	sasl.oauthbearer.jwks.endpoint.retry.backoff.max.ms = 10000
	sasl.oauthbearer.jwks.endpoint.retry.backoff.ms = 100
	sasl.oauthbearer.jwks.endpoint.url = null
	sasl.oauthbearer.scope.claim.name = scope
	sasl.oauthbearer.sub.claim.name = sub
	sasl.oauthbearer.token.endpoint.url = null
	security.protocol = PLAINTEXT
	security.providers = null
	send.buffer.bytes = 131072
	socket.connection.setup.timeout.max.ms = 30000
	socket.connection.setup.timeout.ms = 10000
	ssl.cipher.suites = null
	ssl.enabled.protocols = [TLSv1.2, TLSv1.3]
	ssl.endpoint.identification.algorithm = https
	ssl.engine.factory.class = null
	ssl.key.password = null
	ssl.keymanager.algorithm = SunX509
	ssl.keystore.certificate.chain = null
	ssl.keystore.key = null
	ssl.keystore.location = null
	ssl.keystore.password = null
	ssl.keystore.type = JKS
	ssl.protocol = TLSv1.3
	ssl.provider = null
	ssl.secure.random.implementation = null
	ssl.trustmanager.algorithm = PKIX
	ssl.truststore.certificates = null
	ssl.truststore.location = null
	ssl.truststore.password = null
	ssl.truststore.type = JKS
	transaction.timeout.ms = 60000
	transactional.id = null
	value.serializer = class io.apicurio.registry.serde.avro.AvroKafkaSerializer

2025-08-12 17:22:29,771 INFO  [org.apa.kaf.com.tel.int.KafkaMetricsCollector] (main) initializing Kafka metrics collector
2025-08-12 17:22:29,774 INFO  [org.apa.kaf.cli.pro.KafkaProducer] (main) [Producer clientId=Producer-topic-020d2cdf_3e31_4444_897f_9563702db3cc] Instantiated an idempotent producer.
2025-08-12 17:22:29,776 INFO  [org.apa.kaf.cli.pro.ProducerConfig] (main) These configurations '[apicurio.registry.find-latest, apicurio.registry.url, apicurio.registry.artifact-resolver-strategy]' were supplied but are not used yet.
2025-08-12 17:22:29,776 INFO  [org.apa.kaf.com.uti.AppInfoParser] (main) Kafka version: 3.9.1
2025-08-12 17:22:29,776 INFO  [org.apa.kaf.com.uti.AppInfoParser] (main) Kafka commitId: f745dfdcee2b9851
2025-08-12 17:22:29,776 INFO  [org.apa.kaf.com.uti.AppInfoParser] (main) Kafka startTimeMs: 1755019349776
2025-08-12 17:22:29,776 INFO  [io.api.tes.ser.api.SimpleSerdesTesterBuilder$SimpleSerdesTester] (main) Using producer configuration: {apicurio.registry.find-latest=true, apicurio.registry.url=http://registry-app-mysql.apps.ci419.apicurio-testing.org:80/apis/registry/v3, apicurio.registry.artifact-resolver-strategy=io.apicurio.registry.serde.avro.strategy.TopicRecordIdStrategy, value.serializer=io.apicurio.registry.serde.avro.AvroKafkaSerializer, request.timeout.ms=5000, acks=all, bootstrap.servers=PLAINTEXT://localhost:32769, connections.max.idle.ms=10000, key.serializer=org.apache.kafka.common.serialization.StringSerializer, client.id=Producer-topic-020d2cdf_3e31_4444_897f_9563702db3cc}
2025-08-12 17:22:29,776 INFO  [io.api.tes.ser.api.SimpleSerdesTesterBuilder$SimpleSerdesTester] (main) Using consumer configuration: {}
2025-08-12 17:22:29,779 INFO  [io.api.tes.ser.api.KafkaSerdesTester] (Thread-697) Sending message {"key11755019348640": "value-0"} to topic topic-020d2cdf_3e31_4444_897f_9563702db3cc
2025-08-12 17:22:29,781 INFO  [org.apa.kaf.cli.Metadata] (kafka-producer-network-thread | Producer-topic-020d2cdf_3e31_4444_897f_9563702db3cc) [Producer clientId=Producer-topic-020d2cdf_3e31_4444_897f_9563702db3cc] Cluster ID: 7o-lMpHSRFKHq4uTXFQncw
2025-08-12 17:22:29,782 INFO  [org.apa.kaf.cli.pro.int.TransactionManager] (kafka-producer-network-thread | Producer-topic-020d2cdf_3e31_4444_897f_9563702db3cc) [Producer clientId=Producer-topic-020d2cdf_3e31_4444_897f_9563702db3cc] ProducerId set to 18 with epoch 0
2025-08-12 17:22:29,960 INFO  [io.api.tes.ser.api.KafkaSerdesTester] (Thread-697) Sending message {"key11755019348640": "value-1"} to topic topic-020d2cdf_3e31_4444_897f_9563702db3cc
2025-08-12 17:22:29,962 INFO  [io.api.tes.ser.api.KafkaSerdesTester] (Thread-697) Sending message {"key11755019348640": "value-2"} to topic topic-020d2cdf_3e31_4444_897f_9563702db3cc
2025-08-12 17:22:29,963 INFO  [io.api.tes.ser.api.KafkaSerdesTester] (Thread-697) Sending message {"key11755019348640": "value-3"} to topic topic-020d2cdf_3e31_4444_897f_9563702db3cc
2025-08-12 17:22:29,965 INFO  [io.api.tes.ser.api.KafkaSerdesTester] (Thread-697) Sending message {"key11755019348640": "value-4"} to topic topic-020d2cdf_3e31_4444_897f_9563702db3cc
2025-08-12 17:22:29,967 INFO  [io.api.tes.ser.api.KafkaSerdesTester] (Thread-697) Sending message {"key11755019348640": "value-5"} to topic topic-020d2cdf_3e31_4444_897f_9563702db3cc
2025-08-12 17:22:29,968 INFO  [io.api.tes.ser.api.KafkaSerdesTester] (Thread-697) Sending message {"key11755019348640": "value-6"} to topic topic-020d2cdf_3e31_4444_897f_9563702db3cc
2025-08-12 17:22:29,970 INFO  [io.api.tes.ser.api.KafkaSerdesTester] (Thread-697) Sending message {"key11755019348640": "value-7"} to topic topic-020d2cdf_3e31_4444_897f_9563702db3cc
2025-08-12 17:22:29,971 INFO  [io.api.tes.ser.api.KafkaSerdesTester] (Thread-697) Sending message {"key11755019348640": "value-8"} to topic topic-020d2cdf_3e31_4444_897f_9563702db3cc
2025-08-12 17:22:29,973 INFO  [io.api.tes.ser.api.KafkaSerdesTester] (Thread-697) Sending message {"key11755019348640": "value-9"} to topic topic-020d2cdf_3e31_4444_897f_9563702db3cc
2025-08-12 17:22:29,974 INFO  [io.api.tes.ser.api.KafkaSerdesTester] (Thread-697) Produced 10 messages
2025-08-12 17:22:29,974 INFO  [org.apa.kaf.cli.pro.KafkaProducer] (Thread-697) [Producer clientId=Producer-topic-020d2cdf_3e31_4444_897f_9563702db3cc] Closing the Kafka producer with timeoutMillis = 9223372036854775807 ms.
2025-08-12 17:22:29,976 INFO  [org.apa.kaf.com.met.Metrics] (Thread-697) Metrics scheduler closed
2025-08-12 17:22:29,976 INFO  [org.apa.kaf.com.met.Metrics] (Thread-697) Closing reporter org.apache.kafka.common.metrics.JmxReporter
2025-08-12 17:22:29,976 INFO  [org.apa.kaf.com.met.Metrics] (Thread-697) Closing reporter org.apache.kafka.common.telemetry.internals.ClientTelemetryReporter
2025-08-12 17:22:29,976 INFO  [org.apa.kaf.com.met.Metrics] (Thread-697) Metrics reporters closed
2025-08-12 17:22:29,976 INFO  [org.apa.kaf.com.uti.AppInfoParser] (Thread-697) App info kafka.producer for Producer-topic-020d2cdf_3e31_4444_897f_9563702db3cc unregistered
**** Registry Base URL: http://registry-app-mysql.apps.ci419.apicurio-testing.org:80
2025-08-12 17:22:29,977 INFO  [org.apa.kaf.cli.con.ConsumerConfig] (main) ConsumerConfig values: 
	allow.auto.create.topics = true
	auto.commit.interval.ms = 500
	auto.include.jmx.reporter = true
	auto.offset.reset = earliest
	bootstrap.servers = [PLAINTEXT://localhost:32769]
	check.crcs = true
	client.dns.lookup = use_all_dns_ips
	client.id = consumer-Consumer-topic-020d2cdf_3e31_4444_897f_9563702db3cc-13
	client.rack = 
	connections.max.idle.ms = 10000
	default.api.timeout.ms = 60000
	enable.auto.commit = true
	enable.metrics.push = true
	exclude.internal.topics = true
	fetch.max.bytes = 52428800
	fetch.max.wait.ms = 500
	fetch.min.bytes = 1
	group.id = Consumer-topic-020d2cdf_3e31_4444_897f_9563702db3cc
	group.instance.id = null
	group.protocol = classic
	group.remote.assignor = null
	heartbeat.interval.ms = 3000
	interceptor.classes = []
	internal.leave.group.on.close = true
	internal.throw.on.fetch.stable.offset.unsupported = false
	isolation.level = read_uncommitted
	key.deserializer = class org.apache.kafka.common.serialization.StringDeserializer
	max.partition.fetch.bytes = 1048576
	max.poll.interval.ms = 300000
	max.poll.records = 500
	metadata.max.age.ms = 300000
	metadata.recovery.strategy = none
	metric.reporters = []
	metrics.num.samples = 2
	metrics.recording.level = INFO
	metrics.sample.window.ms = 30000
	partition.assignment.strategy = [class org.apache.kafka.clients.consumer.RangeAssignor, class org.apache.kafka.clients.consumer.CooperativeStickyAssignor]
	receive.buffer.bytes = 65536
	reconnect.backoff.max.ms = 1000
	reconnect.backoff.ms = 50
	request.timeout.ms = 5000
	retry.backoff.max.ms = 1000
	retry.backoff.ms = 100
	sasl.client.callback.handler.class = null
	sasl.jaas.config = null
	sasl.kerberos.kinit.cmd = /usr/bin/kinit
	sasl.kerberos.min.time.before.relogin = 60000
	sasl.kerberos.service.name = null
	sasl.kerberos.ticket.renew.jitter = 0.05
	sasl.kerberos.ticket.renew.window.factor = 0.8
	sasl.login.callback.handler.class = null
	sasl.login.class = null
	sasl.login.connect.timeout.ms = null
	sasl.login.read.timeout.ms = null
	sasl.login.refresh.buffer.seconds = 300
	sasl.login.refresh.min.period.seconds = 60
	sasl.login.refresh.window.factor = 0.8
	sasl.login.refresh.window.jitter = 0.05
	sasl.login.retry.backoff.max.ms = 10000
	sasl.login.retry.backoff.ms = 100
	sasl.mechanism = GSSAPI
	sasl.oauthbearer.clock.skew.seconds = 30
	sasl.oauthbearer.expected.audience = null
	sasl.oauthbearer.expected.issuer = null
	sasl.oauthbearer.header.urlencode = false
	sasl.oauthbearer.jwks.endpoint.refresh.ms = 3600000
	sasl.oauthbearer.jwks.endpoint.retry.backoff.max.ms = 10000
	sasl.oauthbearer.jwks.endpoint.retry.backoff.ms = 100
	sasl.oauthbearer.jwks.endpoint.url = null
	sasl.oauthbearer.scope.claim.name = scope
	sasl.oauthbearer.sub.claim.name = sub
	sasl.oauthbearer.token.endpoint.url = null
	security.protocol = PLAINTEXT
	security.providers = null
	send.buffer.bytes = 131072
	session.timeout.ms = 45000
	socket.connection.setup.timeout.max.ms = 30000
	socket.connection.setup.timeout.ms = 10000
	ssl.cipher.suites = null
	ssl.enabled.protocols = [TLSv1.2, TLSv1.3]
	ssl.endpoint.identification.algorithm = https
	ssl.engine.factory.class = null
	ssl.key.password = null
	ssl.keymanager.algorithm = SunX509
	ssl.keystore.certificate.chain = null
	ssl.keystore.key = null
	ssl.keystore.location = null
	ssl.keystore.password = null
	ssl.keystore.type = JKS
	ssl.protocol = TLSv1.3
	ssl.provider = null
	ssl.secure.random.implementation = null
	ssl.trustmanager.algorithm = PKIX
	ssl.truststore.certificates = null
	ssl.truststore.location = null
	ssl.truststore.password = null
	ssl.truststore.type = JKS
	value.deserializer = class io.apicurio.registry.serde.avro.AvroKafkaDeserializer

2025-08-12 17:22:29,977 INFO  [org.apa.kaf.com.tel.int.KafkaMetricsCollector] (main) initializing Kafka metrics collector
2025-08-12 17:22:29,982 INFO  [org.apa.kaf.cli.con.ConsumerConfig] (main) These configurations '[apicurio.registry.url]' were supplied but are not used yet.
2025-08-12 17:22:29,982 INFO  [org.apa.kaf.com.uti.AppInfoParser] (main) Kafka version: 3.9.1
2025-08-12 17:22:29,982 INFO  [org.apa.kaf.com.uti.AppInfoParser] (main) Kafka commitId: f745dfdcee2b9851
2025-08-12 17:22:29,982 INFO  [org.apa.kaf.com.uti.AppInfoParser] (main) Kafka startTimeMs: 1755019349982
2025-08-12 17:22:29,983 INFO  [org.apa.kaf.cli.con.int.ClassicKafkaConsumer] (Thread-700) [Consumer clientId=consumer-Consumer-topic-020d2cdf_3e31_4444_897f_9563702db3cc-13, groupId=Consumer-topic-020d2cdf_3e31_4444_897f_9563702db3cc] Subscribed to topic(s): topic-020d2cdf_3e31_4444_897f_9563702db3cc
2025-08-12 17:22:29,988 INFO  [org.apa.kaf.cli.Metadata] (Thread-700) [Consumer clientId=consumer-Consumer-topic-020d2cdf_3e31_4444_897f_9563702db3cc-13, groupId=Consumer-topic-020d2cdf_3e31_4444_897f_9563702db3cc] Cluster ID: 7o-lMpHSRFKHq4uTXFQncw
2025-08-12 17:22:29,989 INFO  [org.apa.kaf.cli.con.int.ConsumerCoordinator] (Thread-700) [Consumer clientId=consumer-Consumer-topic-020d2cdf_3e31_4444_897f_9563702db3cc-13, groupId=Consumer-topic-020d2cdf_3e31_4444_897f_9563702db3cc] Discovered group coordinator localhost:32769 (id: 2147483647 rack: null)
2025-08-12 17:22:29,990 INFO  [org.apa.kaf.cli.con.int.ConsumerCoordinator] (Thread-700) [Consumer clientId=consumer-Consumer-topic-020d2cdf_3e31_4444_897f_9563702db3cc-13, groupId=Consumer-topic-020d2cdf_3e31_4444_897f_9563702db3cc] (Re-)joining group
2025-08-12 17:22:29,993 INFO  [org.apa.kaf.cli.con.int.ConsumerCoordinator] (Thread-700) [Consumer clientId=consumer-Consumer-topic-020d2cdf_3e31_4444_897f_9563702db3cc-13, groupId=Consumer-topic-020d2cdf_3e31_4444_897f_9563702db3cc] Request joining group due to: need to re-join with the given member-id: consumer-Consumer-topic-020d2cdf_3e31_4444_897f_9563702db3cc-13-dcd4e4d5-5e32-4efc-adf5-1f54469cb9b4
2025-08-12 17:22:29,993 INFO  [org.apa.kaf.cli.con.int.ConsumerCoordinator] (Thread-700) [Consumer clientId=consumer-Consumer-topic-020d2cdf_3e31_4444_897f_9563702db3cc-13, groupId=Consumer-topic-020d2cdf_3e31_4444_897f_9563702db3cc] (Re-)joining group
2025-08-12 17:22:30,983 INFO  [io.api.tes.ser.api.KafkaSerdesTester] (Thread-700) None found
2025-08-12 17:22:31,984 INFO  [io.api.tes.ser.api.KafkaSerdesTester] (Thread-700) None found
2025-08-12 17:22:32,984 INFO  [io.api.tes.ser.api.KafkaSerdesTester] (Thread-700) None found
2025-08-12 17:22:32,994 INFO  [org.apa.kaf.cli.con.int.ConsumerCoordinator] (Thread-700) [Consumer clientId=consumer-Consumer-topic-020d2cdf_3e31_4444_897f_9563702db3cc-13, groupId=Consumer-topic-020d2cdf_3e31_4444_897f_9563702db3cc] Successfully joined group with generation Generation{generationId=1, memberId='consumer-Consumer-topic-020d2cdf_3e31_4444_897f_9563702db3cc-13-dcd4e4d5-5e32-4efc-adf5-1f54469cb9b4', protocol='range'}
2025-08-12 17:22:32,994 INFO  [org.apa.kaf.cli.con.int.ConsumerCoordinator] (Thread-700) [Consumer clientId=consumer-Consumer-topic-020d2cdf_3e31_4444_897f_9563702db3cc-13, groupId=Consumer-topic-020d2cdf_3e31_4444_897f_9563702db3cc] Finished assignment for group at generation 1: {consumer-Consumer-topic-020d2cdf_3e31_4444_897f_9563702db3cc-13-dcd4e4d5-5e32-4efc-adf5-1f54469cb9b4=Assignment(partitions=[topic-020d2cdf_3e31_4444_897f_9563702db3cc-0])}
2025-08-12 17:22:33,001 INFO  [org.apa.kaf.cli.con.int.ConsumerCoordinator] (Thread-700) [Consumer clientId=consumer-Consumer-topic-020d2cdf_3e31_4444_897f_9563702db3cc-13, groupId=Consumer-topic-020d2cdf_3e31_4444_897f_9563702db3cc] Successfully synced group in generation Generation{generationId=1, memberId='consumer-Consumer-topic-020d2cdf_3e31_4444_897f_9563702db3cc-13-dcd4e4d5-5e32-4efc-adf5-1f54469cb9b4', protocol='range'}
2025-08-12 17:22:33,001 INFO  [org.apa.kaf.cli.con.int.ConsumerCoordinator] (Thread-700) [Consumer clientId=consumer-Consumer-topic-020d2cdf_3e31_4444_897f_9563702db3cc-13, groupId=Consumer-topic-020d2cdf_3e31_4444_897f_9563702db3cc] Notifying assignor about the new Assignment(partitions=[topic-020d2cdf_3e31_4444_897f_9563702db3cc-0])
2025-08-12 17:22:33,001 INFO  [org.apa.kaf.cli.con.int.ConsumerRebalanceListenerInvoker] (Thread-700) [Consumer clientId=consumer-Consumer-topic-020d2cdf_3e31_4444_897f_9563702db3cc-13, groupId=Consumer-topic-020d2cdf_3e31_4444_897f_9563702db3cc] Adding newly assigned partitions: topic-020d2cdf_3e31_4444_897f_9563702db3cc-0
2025-08-12 17:22:33,002 INFO  [org.apa.kaf.cli.con.int.ConsumerCoordinator] (Thread-700) [Consumer clientId=consumer-Consumer-topic-020d2cdf_3e31_4444_897f_9563702db3cc-13, groupId=Consumer-topic-020d2cdf_3e31_4444_897f_9563702db3cc] Found no committed offset for partition topic-020d2cdf_3e31_4444_897f_9563702db3cc-0
2025-08-12 17:22:33,005 INFO  [org.apa.kaf.cli.con.int.SubscriptionState] (Thread-700) [Consumer clientId=consumer-Consumer-topic-020d2cdf_3e31_4444_897f_9563702db3cc-13, groupId=Consumer-topic-020d2cdf_3e31_4444_897f_9563702db3cc] Resetting offset for partition topic-020d2cdf_3e31_4444_897f_9563702db3cc-0 to position FetchPosition{offset=0, offsetEpoch=Optional.empty, currentLeader=LeaderAndEpoch{leader=Optional[localhost:32769 (id: 0 rack: null)], epoch=0}}.
2025-08-12 17:22:33,128 INFO  [io.api.tes.ser.api.KafkaSerdesTester] (Thread-700) topic-020d2cdf_3e31_4444_897f_9563702db3cc 0 0 {"key11755019348640": "value-0"}
2025-08-12 17:22:33,128 INFO  [io.api.tes.ser.api.KafkaSerdesTester] (Thread-700) topic-020d2cdf_3e31_4444_897f_9563702db3cc 0 1 {"key11755019348640": "value-1"}
2025-08-12 17:22:33,128 INFO  [io.api.tes.ser.api.KafkaSerdesTester] (Thread-700) topic-020d2cdf_3e31_4444_897f_9563702db3cc 0 2 {"key11755019348640": "value-2"}
2025-08-12 17:22:33,128 INFO  [io.api.tes.ser.api.KafkaSerdesTester] (Thread-700) topic-020d2cdf_3e31_4444_897f_9563702db3cc 0 3 {"key11755019348640": "value-3"}
2025-08-12 17:22:33,128 INFO  [io.api.tes.ser.api.KafkaSerdesTester] (Thread-700) topic-020d2cdf_3e31_4444_897f_9563702db3cc 0 4 {"key11755019348640": "value-4"}
2025-08-12 17:22:33,129 INFO  [io.api.tes.ser.api.KafkaSerdesTester] (Thread-700) topic-020d2cdf_3e31_4444_897f_9563702db3cc 0 5 {"key11755019348640": "value-5"}
2025-08-12 17:22:33,129 INFO  [io.api.tes.ser.api.KafkaSerdesTester] (Thread-700) topic-020d2cdf_3e31_4444_897f_9563702db3cc 0 6 {"key11755019348640": "value-6"}
2025-08-12 17:22:33,129 INFO  [io.api.tes.ser.api.KafkaSerdesTester] (Thread-700) topic-020d2cdf_3e31_4444_897f_9563702db3cc 0 7 {"key11755019348640": "value-7"}
2025-08-12 17:22:33,129 INFO  [io.api.tes.ser.api.KafkaSerdesTester] (Thread-700) topic-020d2cdf_3e31_4444_897f_9563702db3cc 0 8 {"key11755019348640": "value-8"}
2025-08-12 17:22:33,129 INFO  [io.api.tes.ser.api.KafkaSerdesTester] (Thread-700) topic-020d2cdf_3e31_4444_897f_9563702db3cc 0 9 {"key11755019348640": "value-9"}
2025-08-12 17:22:33,129 INFO  [io.api.tes.ser.api.KafkaSerdesTester] (Thread-700) Consumed 10 messages
2025-08-12 17:22:33,137 INFO  [org.apa.kaf.cli.con.int.ConsumerRebalanceListenerInvoker] (Thread-700) [Consumer clientId=consumer-Consumer-topic-020d2cdf_3e31_4444_897f_9563702db3cc-13, groupId=Consumer-topic-020d2cdf_3e31_4444_897f_9563702db3cc] Revoke previously assigned partitions topic-020d2cdf_3e31_4444_897f_9563702db3cc-0
2025-08-12 17:22:33,137 INFO  [org.apa.kaf.cli.con.int.ConsumerCoordinator] (Thread-700) [Consumer clientId=consumer-Consumer-topic-020d2cdf_3e31_4444_897f_9563702db3cc-13, groupId=Consumer-topic-020d2cdf_3e31_4444_897f_9563702db3cc] Member consumer-Consumer-topic-020d2cdf_3e31_4444_897f_9563702db3cc-13-dcd4e4d5-5e32-4efc-adf5-1f54469cb9b4 sending LeaveGroup request to coordinator localhost:32769 (id: 2147483647 rack: null) due to the consumer is being closed
2025-08-12 17:22:33,137 INFO  [org.apa.kaf.cli.con.int.ConsumerCoordinator] (Thread-700) [Consumer clientId=consumer-Consumer-topic-020d2cdf_3e31_4444_897f_9563702db3cc-13, groupId=Consumer-topic-020d2cdf_3e31_4444_897f_9563702db3cc] Resetting generation and member id due to: consumer pro-actively leaving the group
2025-08-12 17:22:33,137 INFO  [org.apa.kaf.cli.con.int.ConsumerCoordinator] (Thread-700) [Consumer clientId=consumer-Consumer-topic-020d2cdf_3e31_4444_897f_9563702db3cc-13, groupId=Consumer-topic-020d2cdf_3e31_4444_897f_9563702db3cc] Request joining group due to: consumer pro-actively leaving the group
2025-08-12 17:22:33,631 INFO  [org.apa.kaf.com.met.Metrics] (Thread-700) Metrics scheduler closed
2025-08-12 17:22:33,631 INFO  [org.apa.kaf.com.met.Metrics] (Thread-700) Closing reporter org.apache.kafka.common.metrics.JmxReporter
2025-08-12 17:22:33,631 INFO  [org.apa.kaf.com.met.Metrics] (Thread-700) Closing reporter org.apache.kafka.common.telemetry.internals.ClientTelemetryReporter
2025-08-12 17:22:33,631 INFO  [org.apa.kaf.com.met.Metrics] (Thread-700) Metrics reporters closed
2025-08-12 17:22:33,633 INFO  [org.apa.kaf.com.uti.AppInfoParser] (Thread-700) App info kafka.consumer for consumer-Consumer-topic-020d2cdf_3e31_4444_897f_9563702db3cc-13 unregistered
2025-08-12 17:22:33,635 INFO  [io.api.tes.uti.TestSeparator] (main) io.apicurio.tests.serdes.apicurio.AvroSerdeIT.testTopicRecordIdStrategydFindLatest-FINISHED
2025-08-12 17:22:33,635 INFO  [io.api.tes.uti.TestSeparator] (main) ############################################################################
Test passed: testTopicRecordIdStrategydFindLatest
]]></system-out>
  </testcase>
  <testcase name="testAvroConfluentForMultipleTopics" classname="io.apicurio.tests.serdes.apicurio.AvroSerdeIT" time="12.471">
    <system-out><![CDATA[2025-08-12 17:22:33,636 INFO  [io.api.tes.uti.TestSeparator] (main) ############################################################################
2025-08-12 17:22:33,636 INFO  [io.api.tes.uti.TestSeparator] (main) io.apicurio.tests.serdes.apicurio.AvroSerdeIT.testAvroConfluentForMultipleTopics-STARTED
2025-08-12 17:22:33,639 INFO  [io.api.tes.ser.api.AvroSerdeIT] (main) Registering Avro Schema: {"type":"record","name":"myrecordconfluent","fields":[{"name":"key11755019353637","type":"string"}]}
**** Registry Base URL: http://registry-app-mysql.apps.ci419.apicurio-testing.org:80
2025-08-12 17:22:34,759 INFO  [org.apa.kaf.cli.pro.ProducerConfig] (main) ProducerConfig values: 
	acks = -1
	auto.include.jmx.reporter = true
	batch.size = 16384
	bootstrap.servers = [PLAINTEXT://localhost:32769]
	buffer.memory = 33554432
	client.dns.lookup = use_all_dns_ips
	client.id = Producer-topic-0881ec51_e351_4783_b548_64e60b348490
	compression.gzip.level = -1
	compression.lz4.level = 9
	compression.type = none
	compression.zstd.level = 3
	connections.max.idle.ms = 10000
	delivery.timeout.ms = 120000
	enable.idempotence = true
	enable.metrics.push = true
	interceptor.classes = []
	key.serializer = class org.apache.kafka.common.serialization.StringSerializer
	linger.ms = 0
	max.block.ms = 60000
	max.in.flight.requests.per.connection = 5
	max.request.size = 1048576
	metadata.max.age.ms = 300000
	metadata.max.idle.ms = 300000
	metadata.recovery.strategy = none
	metric.reporters = []
	metrics.num.samples = 2
	metrics.recording.level = INFO
	metrics.sample.window.ms = 30000
	partitioner.adaptive.partitioning.enable = true
	partitioner.availability.timeout.ms = 0
	partitioner.class = null
	partitioner.ignore.keys = false
	receive.buffer.bytes = 32768
	reconnect.backoff.max.ms = 1000
	reconnect.backoff.ms = 50
	request.timeout.ms = 5000
	retries = 2147483647
	retry.backoff.max.ms = 1000
	retry.backoff.ms = 100
	sasl.client.callback.handler.class = null
	sasl.jaas.config = null
	sasl.kerberos.kinit.cmd = /usr/bin/kinit
	sasl.kerberos.min.time.before.relogin = 60000
	sasl.kerberos.service.name = null
	sasl.kerberos.ticket.renew.jitter = 0.05
	sasl.kerberos.ticket.renew.window.factor = 0.8
	sasl.login.callback.handler.class = null
	sasl.login.class = null
	sasl.login.connect.timeout.ms = null
	sasl.login.read.timeout.ms = null
	sasl.login.refresh.buffer.seconds = 300
	sasl.login.refresh.min.period.seconds = 60
	sasl.login.refresh.window.factor = 0.8
	sasl.login.refresh.window.jitter = 0.05
	sasl.login.retry.backoff.max.ms = 10000
	sasl.login.retry.backoff.ms = 100
	sasl.mechanism = GSSAPI
	sasl.oauthbearer.clock.skew.seconds = 30
	sasl.oauthbearer.expected.audience = null
	sasl.oauthbearer.expected.issuer = null
	sasl.oauthbearer.header.urlencode = false
	sasl.oauthbearer.jwks.endpoint.refresh.ms = 3600000
	sasl.oauthbearer.jwks.endpoint.retry.backoff.max.ms = 10000
	sasl.oauthbearer.jwks.endpoint.retry.backoff.ms = 100
	sasl.oauthbearer.jwks.endpoint.url = null
	sasl.oauthbearer.scope.claim.name = scope
	sasl.oauthbearer.sub.claim.name = sub
	sasl.oauthbearer.token.endpoint.url = null
	security.protocol = PLAINTEXT
	security.providers = null
	send.buffer.bytes = 131072
	socket.connection.setup.timeout.max.ms = 30000
	socket.connection.setup.timeout.ms = 10000
	ssl.cipher.suites = null
	ssl.enabled.protocols = [TLSv1.2, TLSv1.3]
	ssl.endpoint.identification.algorithm = https
	ssl.engine.factory.class = null
	ssl.key.password = null
	ssl.keymanager.algorithm = SunX509
	ssl.keystore.certificate.chain = null
	ssl.keystore.key = null
	ssl.keystore.location = null
	ssl.keystore.password = null
	ssl.keystore.type = JKS
	ssl.protocol = TLSv1.3
	ssl.provider = null
	ssl.secure.random.implementation = null
	ssl.trustmanager.algorithm = PKIX
	ssl.truststore.certificates = null
	ssl.truststore.location = null
	ssl.truststore.password = null
	ssl.truststore.type = JKS
	transaction.timeout.ms = 60000
	transactional.id = null
	value.serializer = class io.apicurio.registry.serde.avro.AvroKafkaSerializer

2025-08-12 17:22:34,759 INFO  [org.apa.kaf.com.tel.int.KafkaMetricsCollector] (main) initializing Kafka metrics collector
2025-08-12 17:22:34,762 INFO  [org.apa.kaf.cli.pro.KafkaProducer] (main) [Producer clientId=Producer-topic-0881ec51_e351_4783_b548_64e60b348490] Instantiated an idempotent producer.
2025-08-12 17:22:34,764 INFO  [org.apa.kaf.cli.pro.ProducerConfig] (main) These configurations '[apicurio.registry.url, apicurio.registry.artifact-resolver-strategy]' were supplied but are not used yet.
2025-08-12 17:22:34,764 INFO  [org.apa.kaf.com.uti.AppInfoParser] (main) Kafka version: 3.9.1
2025-08-12 17:22:34,764 INFO  [org.apa.kaf.com.uti.AppInfoParser] (main) Kafka commitId: f745dfdcee2b9851
2025-08-12 17:22:34,764 INFO  [org.apa.kaf.com.uti.AppInfoParser] (main) Kafka startTimeMs: 1755019354764
**** Registry Base URL: http://registry-app-mysql.apps.ci419.apicurio-testing.org:80
2025-08-12 17:22:34,764 INFO  [org.apa.kaf.cli.pro.ProducerConfig] (main) ProducerConfig values: 
	acks = -1
	auto.include.jmx.reporter = true
	batch.size = 16384
	bootstrap.servers = [PLAINTEXT://localhost:32769]
	buffer.memory = 33554432
	client.dns.lookup = use_all_dns_ips
	client.id = Producer-topic-e56ea37a_22c6_470d_a0a4_ac2433dff6ad
	compression.gzip.level = -1
	compression.lz4.level = 9
	compression.type = none
	compression.zstd.level = 3
	connections.max.idle.ms = 10000
	delivery.timeout.ms = 120000
	enable.idempotence = true
	enable.metrics.push = true
	interceptor.classes = []
	key.serializer = class org.apache.kafka.common.serialization.StringSerializer
	linger.ms = 0
	max.block.ms = 60000
	max.in.flight.requests.per.connection = 5
	max.request.size = 1048576
	metadata.max.age.ms = 300000
	metadata.max.idle.ms = 300000
	metadata.recovery.strategy = none
	metric.reporters = []
	metrics.num.samples = 2
	metrics.recording.level = INFO
	metrics.sample.window.ms = 30000
	partitioner.adaptive.partitioning.enable = true
	partitioner.availability.timeout.ms = 0
	partitioner.class = null
	partitioner.ignore.keys = false
	receive.buffer.bytes = 32768
	reconnect.backoff.max.ms = 1000
	reconnect.backoff.ms = 50
	request.timeout.ms = 5000
	retries = 2147483647
	retry.backoff.max.ms = 1000
	retry.backoff.ms = 100
	sasl.client.callback.handler.class = null
	sasl.jaas.config = null
	sasl.kerberos.kinit.cmd = /usr/bin/kinit
	sasl.kerberos.min.time.before.relogin = 60000
	sasl.kerberos.service.name = null
	sasl.kerberos.ticket.renew.jitter = 0.05
	sasl.kerberos.ticket.renew.window.factor = 0.8
	sasl.login.callback.handler.class = null
	sasl.login.class = null
	sasl.login.connect.timeout.ms = null
	sasl.login.read.timeout.ms = null
	sasl.login.refresh.buffer.seconds = 300
	sasl.login.refresh.min.period.seconds = 60
	sasl.login.refresh.window.factor = 0.8
	sasl.login.refresh.window.jitter = 0.05
	sasl.login.retry.backoff.max.ms = 10000
	sasl.login.retry.backoff.ms = 100
	sasl.mechanism = GSSAPI
	sasl.oauthbearer.clock.skew.seconds = 30
	sasl.oauthbearer.expected.audience = null
	sasl.oauthbearer.expected.issuer = null
	sasl.oauthbearer.header.urlencode = false
	sasl.oauthbearer.jwks.endpoint.refresh.ms = 3600000
	sasl.oauthbearer.jwks.endpoint.retry.backoff.max.ms = 10000
	sasl.oauthbearer.jwks.endpoint.retry.backoff.ms = 100
	sasl.oauthbearer.jwks.endpoint.url = null
	sasl.oauthbearer.scope.claim.name = scope
	sasl.oauthbearer.sub.claim.name = sub
	sasl.oauthbearer.token.endpoint.url = null
	security.protocol = PLAINTEXT
	security.providers = null
	send.buffer.bytes = 131072
	socket.connection.setup.timeout.max.ms = 30000
	socket.connection.setup.timeout.ms = 10000
	ssl.cipher.suites = null
	ssl.enabled.protocols = [TLSv1.2, TLSv1.3]
	ssl.endpoint.identification.algorithm = https
	ssl.engine.factory.class = null
	ssl.key.password = null
	ssl.keymanager.algorithm = SunX509
	ssl.keystore.certificate.chain = null
	ssl.keystore.key = null
	ssl.keystore.location = null
	ssl.keystore.password = null
	ssl.keystore.type = JKS
	ssl.protocol = TLSv1.3
	ssl.provider = null
	ssl.secure.random.implementation = null
	ssl.trustmanager.algorithm = PKIX
	ssl.truststore.certificates = null
	ssl.truststore.location = null
	ssl.truststore.password = null
	ssl.truststore.type = JKS
	transaction.timeout.ms = 60000
	transactional.id = null
	value.serializer = class io.apicurio.registry.serde.avro.AvroKafkaSerializer

2025-08-12 17:22:34,764 INFO  [org.apa.kaf.com.tel.int.KafkaMetricsCollector] (main) initializing Kafka metrics collector
2025-08-12 17:22:34,770 INFO  [org.apa.kaf.cli.Metadata] (kafka-producer-network-thread | Producer-topic-0881ec51_e351_4783_b548_64e60b348490) [Producer clientId=Producer-topic-0881ec51_e351_4783_b548_64e60b348490] Cluster ID: 7o-lMpHSRFKHq4uTXFQncw
2025-08-12 17:22:34,770 INFO  [org.apa.kaf.cli.pro.int.TransactionManager] (kafka-producer-network-thread | Producer-topic-0881ec51_e351_4783_b548_64e60b348490) [Producer clientId=Producer-topic-0881ec51_e351_4783_b548_64e60b348490] ProducerId set to 19 with epoch 0
2025-08-12 17:22:34,771 INFO  [org.apa.kaf.cli.pro.KafkaProducer] (main) [Producer clientId=Producer-topic-e56ea37a_22c6_470d_a0a4_ac2433dff6ad] Instantiated an idempotent producer.
2025-08-12 17:22:34,772 INFO  [org.apa.kaf.cli.pro.ProducerConfig] (main) These configurations '[apicurio.registry.url, apicurio.registry.artifact-resolver-strategy]' were supplied but are not used yet.
2025-08-12 17:22:34,772 INFO  [org.apa.kaf.com.uti.AppInfoParser] (main) Kafka version: 3.9.1
2025-08-12 17:22:34,772 INFO  [org.apa.kaf.com.uti.AppInfoParser] (main) Kafka commitId: f745dfdcee2b9851
2025-08-12 17:22:34,772 INFO  [org.apa.kaf.com.uti.AppInfoParser] (main) Kafka startTimeMs: 1755019354772
**** Registry Base URL: http://registry-app-mysql.apps.ci419.apicurio-testing.org:80
2025-08-12 17:22:34,773 INFO  [org.apa.kaf.cli.pro.ProducerConfig] (main) ProducerConfig values: 
	acks = -1
	auto.include.jmx.reporter = true
	batch.size = 16384
	bootstrap.servers = [PLAINTEXT://localhost:32769]
	buffer.memory = 33554432
	client.dns.lookup = use_all_dns_ips
	client.id = Producer-topic-d114928d_cd0a_4ba5_997e_8ea93ba4962e
	compression.gzip.level = -1
	compression.lz4.level = 9
	compression.type = none
	compression.zstd.level = 3
	connections.max.idle.ms = 10000
	delivery.timeout.ms = 120000
	enable.idempotence = true
	enable.metrics.push = true
	interceptor.classes = []
	key.serializer = class org.apache.kafka.common.serialization.StringSerializer
	linger.ms = 0
	max.block.ms = 60000
	max.in.flight.requests.per.connection = 5
	max.request.size = 1048576
	metadata.max.age.ms = 300000
	metadata.max.idle.ms = 300000
	metadata.recovery.strategy = none
	metric.reporters = []
	metrics.num.samples = 2
	metrics.recording.level = INFO
	metrics.sample.window.ms = 30000
	partitioner.adaptive.partitioning.enable = true
	partitioner.availability.timeout.ms = 0
	partitioner.class = null
	partitioner.ignore.keys = false
	receive.buffer.bytes = 32768
	reconnect.backoff.max.ms = 1000
	reconnect.backoff.ms = 50
	request.timeout.ms = 5000
	retries = 2147483647
	retry.backoff.max.ms = 1000
	retry.backoff.ms = 100
	sasl.client.callback.handler.class = null
	sasl.jaas.config = null
	sasl.kerberos.kinit.cmd = /usr/bin/kinit
	sasl.kerberos.min.time.before.relogin = 60000
	sasl.kerberos.service.name = null
	sasl.kerberos.ticket.renew.jitter = 0.05
	sasl.kerberos.ticket.renew.window.factor = 0.8
	sasl.login.callback.handler.class = null
	sasl.login.class = null
	sasl.login.connect.timeout.ms = null
	sasl.login.read.timeout.ms = null
	sasl.login.refresh.buffer.seconds = 300
	sasl.login.refresh.min.period.seconds = 60
	sasl.login.refresh.window.factor = 0.8
	sasl.login.refresh.window.jitter = 0.05
	sasl.login.retry.backoff.max.ms = 10000
	sasl.login.retry.backoff.ms = 100
	sasl.mechanism = GSSAPI
	sasl.oauthbearer.clock.skew.seconds = 30
	sasl.oauthbearer.expected.audience = null
	sasl.oauthbearer.expected.issuer = null
	sasl.oauthbearer.header.urlencode = false
	sasl.oauthbearer.jwks.endpoint.refresh.ms = 3600000
	sasl.oauthbearer.jwks.endpoint.retry.backoff.max.ms = 10000
	sasl.oauthbearer.jwks.endpoint.retry.backoff.ms = 100
	sasl.oauthbearer.jwks.endpoint.url = null
	sasl.oauthbearer.scope.claim.name = scope
	sasl.oauthbearer.sub.claim.name = sub
	sasl.oauthbearer.token.endpoint.url = null
	security.protocol = PLAINTEXT
	security.providers = null
	send.buffer.bytes = 131072
	socket.connection.setup.timeout.max.ms = 30000
	socket.connection.setup.timeout.ms = 10000
	ssl.cipher.suites = null
	ssl.enabled.protocols = [TLSv1.2, TLSv1.3]
	ssl.endpoint.identification.algorithm = https
	ssl.engine.factory.class = null
	ssl.key.password = null
	ssl.keymanager.algorithm = SunX509
	ssl.keystore.certificate.chain = null
	ssl.keystore.key = null
	ssl.keystore.location = null
	ssl.keystore.password = null
	ssl.keystore.type = JKS
	ssl.protocol = TLSv1.3
	ssl.provider = null
	ssl.secure.random.implementation = null
	ssl.trustmanager.algorithm = PKIX
	ssl.truststore.certificates = null
	ssl.truststore.location = null
	ssl.truststore.password = null
	ssl.truststore.type = JKS
	transaction.timeout.ms = 60000
	transactional.id = null
	value.serializer = class io.apicurio.registry.serde.avro.AvroKafkaSerializer

2025-08-12 17:22:34,774 INFO  [org.apa.kaf.com.tel.int.KafkaMetricsCollector] (main) initializing Kafka metrics collector
2025-08-12 17:22:34,779 INFO  [org.apa.kaf.cli.Metadata] (kafka-producer-network-thread | Producer-topic-e56ea37a_22c6_470d_a0a4_ac2433dff6ad) [Producer clientId=Producer-topic-e56ea37a_22c6_470d_a0a4_ac2433dff6ad] Cluster ID: 7o-lMpHSRFKHq4uTXFQncw
2025-08-12 17:22:34,781 INFO  [org.apa.kaf.cli.pro.KafkaProducer] (main) [Producer clientId=Producer-topic-d114928d_cd0a_4ba5_997e_8ea93ba4962e] Instantiated an idempotent producer.
2025-08-12 17:22:34,781 INFO  [org.apa.kaf.cli.pro.int.TransactionManager] (kafka-producer-network-thread | Producer-topic-e56ea37a_22c6_470d_a0a4_ac2433dff6ad) [Producer clientId=Producer-topic-e56ea37a_22c6_470d_a0a4_ac2433dff6ad] ProducerId set to 20 with epoch 0
2025-08-12 17:22:34,791 INFO  [org.apa.kaf.cli.Metadata] (kafka-producer-network-thread | Producer-topic-d114928d_cd0a_4ba5_997e_8ea93ba4962e) [Producer clientId=Producer-topic-d114928d_cd0a_4ba5_997e_8ea93ba4962e] Cluster ID: 7o-lMpHSRFKHq4uTXFQncw
2025-08-12 17:22:34,791 INFO  [org.apa.kaf.cli.pro.ProducerConfig] (main) These configurations '[apicurio.registry.url, apicurio.registry.artifact-resolver-strategy]' were supplied but are not used yet.
2025-08-12 17:22:34,792 INFO  [org.apa.kaf.com.uti.AppInfoParser] (main) Kafka version: 3.9.1
2025-08-12 17:22:34,792 INFO  [org.apa.kaf.com.uti.AppInfoParser] (main) Kafka commitId: f745dfdcee2b9851
2025-08-12 17:22:34,792 INFO  [org.apa.kaf.com.uti.AppInfoParser] (main) Kafka startTimeMs: 1755019354792
**** Registry Base URL: http://registry-app-mysql.apps.ci419.apicurio-testing.org:80
2025-08-12 17:22:34,792 INFO  [org.apa.kaf.cli.con.ConsumerConfig] (main) ConsumerConfig values: 
	allow.auto.create.topics = true
	auto.commit.interval.ms = 500
	auto.include.jmx.reporter = true
	auto.offset.reset = earliest
	bootstrap.servers = [PLAINTEXT://localhost:32769]
	check.crcs = true
	client.dns.lookup = use_all_dns_ips
	client.id = consumer-Consumer-topic-0881ec51_e351_4783_b548_64e60b348490-14
	client.rack = 
	connections.max.idle.ms = 10000
	default.api.timeout.ms = 60000
	enable.auto.commit = true
	enable.metrics.push = true
	exclude.internal.topics = true
	fetch.max.bytes = 52428800
	fetch.max.wait.ms = 500
	fetch.min.bytes = 1
	group.id = Consumer-topic-0881ec51_e351_4783_b548_64e60b348490
	group.instance.id = null
	group.protocol = classic
	group.remote.assignor = null
	heartbeat.interval.ms = 3000
	interceptor.classes = []
	internal.leave.group.on.close = true
	internal.throw.on.fetch.stable.offset.unsupported = false
	isolation.level = read_uncommitted
	key.deserializer = class org.apache.kafka.common.serialization.StringDeserializer
	max.partition.fetch.bytes = 1048576
	max.poll.interval.ms = 300000
	max.poll.records = 500
	metadata.max.age.ms = 300000
	metadata.recovery.strategy = none
	metric.reporters = []
	metrics.num.samples = 2
	metrics.recording.level = INFO
	metrics.sample.window.ms = 30000
	partition.assignment.strategy = [class org.apache.kafka.clients.consumer.RangeAssignor, class org.apache.kafka.clients.consumer.CooperativeStickyAssignor]
	receive.buffer.bytes = 65536
	reconnect.backoff.max.ms = 1000
	reconnect.backoff.ms = 50
	request.timeout.ms = 5000
	retry.backoff.max.ms = 1000
	retry.backoff.ms = 100
	sasl.client.callback.handler.class = null
	sasl.jaas.config = null
	sasl.kerberos.kinit.cmd = /usr/bin/kinit
	sasl.kerberos.min.time.before.relogin = 60000
	sasl.kerberos.service.name = null
	sasl.kerberos.ticket.renew.jitter = 0.05
	sasl.kerberos.ticket.renew.window.factor = 0.8
	sasl.login.callback.handler.class = null
	sasl.login.class = null
	sasl.login.connect.timeout.ms = null
	sasl.login.read.timeout.ms = null
	sasl.login.refresh.buffer.seconds = 300
	sasl.login.refresh.min.period.seconds = 60
	sasl.login.refresh.window.factor = 0.8
	sasl.login.refresh.window.jitter = 0.05
	sasl.login.retry.backoff.max.ms = 10000
	sasl.login.retry.backoff.ms = 100
	sasl.mechanism = GSSAPI
	sasl.oauthbearer.clock.skew.seconds = 30
	sasl.oauthbearer.expected.audience = null
	sasl.oauthbearer.expected.issuer = null
	sasl.oauthbearer.header.urlencode = false
	sasl.oauthbearer.jwks.endpoint.refresh.ms = 3600000
	sasl.oauthbearer.jwks.endpoint.retry.backoff.max.ms = 10000
	sasl.oauthbearer.jwks.endpoint.retry.backoff.ms = 100
	sasl.oauthbearer.jwks.endpoint.url = null
	sasl.oauthbearer.scope.claim.name = scope
	sasl.oauthbearer.sub.claim.name = sub
	sasl.oauthbearer.token.endpoint.url = null
	security.protocol = PLAINTEXT
	security.providers = null
	send.buffer.bytes = 131072
	session.timeout.ms = 45000
	socket.connection.setup.timeout.max.ms = 30000
	socket.connection.setup.timeout.ms = 10000
	ssl.cipher.suites = null
	ssl.enabled.protocols = [TLSv1.2, TLSv1.3]
	ssl.endpoint.identification.algorithm = https
	ssl.engine.factory.class = null
	ssl.key.password = null
	ssl.keymanager.algorithm = SunX509
	ssl.keystore.certificate.chain = null
	ssl.keystore.key = null
	ssl.keystore.location = null
	ssl.keystore.password = null
	ssl.keystore.type = JKS
	ssl.protocol = TLSv1.3
	ssl.provider = null
	ssl.secure.random.implementation = null
	ssl.trustmanager.algorithm = PKIX
	ssl.truststore.certificates = null
	ssl.truststore.location = null
	ssl.truststore.password = null
	ssl.truststore.type = JKS
	value.deserializer = class io.apicurio.registry.serde.avro.AvroKafkaDeserializer

2025-08-12 17:22:34,792 INFO  [org.apa.kaf.com.tel.int.KafkaMetricsCollector] (main) initializing Kafka metrics collector
2025-08-12 17:22:34,793 INFO  [org.apa.kaf.cli.pro.int.TransactionManager] (kafka-producer-network-thread | Producer-topic-d114928d_cd0a_4ba5_997e_8ea93ba4962e) [Producer clientId=Producer-topic-d114928d_cd0a_4ba5_997e_8ea93ba4962e] ProducerId set to 21 with epoch 0
2025-08-12 17:22:34,800 INFO  [org.apa.kaf.cli.con.ConsumerConfig] (main) These configurations '[apicurio.registry.url]' were supplied but are not used yet.
2025-08-12 17:22:34,800 INFO  [org.apa.kaf.com.uti.AppInfoParser] (main) Kafka version: 3.9.1
2025-08-12 17:22:34,800 INFO  [org.apa.kaf.com.uti.AppInfoParser] (main) Kafka commitId: f745dfdcee2b9851
2025-08-12 17:22:34,800 INFO  [org.apa.kaf.com.uti.AppInfoParser] (main) Kafka startTimeMs: 1755019354800
**** Registry Base URL: http://registry-app-mysql.apps.ci419.apicurio-testing.org:80
2025-08-12 17:22:34,800 INFO  [org.apa.kaf.cli.con.ConsumerConfig] (main) ConsumerConfig values: 
	allow.auto.create.topics = true
	auto.commit.interval.ms = 500
	auto.include.jmx.reporter = true
	auto.offset.reset = earliest
	bootstrap.servers = [PLAINTEXT://localhost:32769]
	check.crcs = true
	client.dns.lookup = use_all_dns_ips
	client.id = consumer-Consumer-topic-e56ea37a_22c6_470d_a0a4_ac2433dff6ad-15
	client.rack = 
	connections.max.idle.ms = 10000
	default.api.timeout.ms = 60000
	enable.auto.commit = true
	enable.metrics.push = true
	exclude.internal.topics = true
	fetch.max.bytes = 52428800
	fetch.max.wait.ms = 500
	fetch.min.bytes = 1
	group.id = Consumer-topic-e56ea37a_22c6_470d_a0a4_ac2433dff6ad
	group.instance.id = null
	group.protocol = classic
	group.remote.assignor = null
	heartbeat.interval.ms = 3000
	interceptor.classes = []
	internal.leave.group.on.close = true
	internal.throw.on.fetch.stable.offset.unsupported = false
	isolation.level = read_uncommitted
	key.deserializer = class org.apache.kafka.common.serialization.StringDeserializer
	max.partition.fetch.bytes = 1048576
	max.poll.interval.ms = 300000
	max.poll.records = 500
	metadata.max.age.ms = 300000
	metadata.recovery.strategy = none
	metric.reporters = []
	metrics.num.samples = 2
	metrics.recording.level = INFO
	metrics.sample.window.ms = 30000
	partition.assignment.strategy = [class org.apache.kafka.clients.consumer.RangeAssignor, class org.apache.kafka.clients.consumer.CooperativeStickyAssignor]
	receive.buffer.bytes = 65536
	reconnect.backoff.max.ms = 1000
	reconnect.backoff.ms = 50
	request.timeout.ms = 5000
	retry.backoff.max.ms = 1000
	retry.backoff.ms = 100
	sasl.client.callback.handler.class = null
	sasl.jaas.config = null
	sasl.kerberos.kinit.cmd = /usr/bin/kinit
	sasl.kerberos.min.time.before.relogin = 60000
	sasl.kerberos.service.name = null
	sasl.kerberos.ticket.renew.jitter = 0.05
	sasl.kerberos.ticket.renew.window.factor = 0.8
	sasl.login.callback.handler.class = null
	sasl.login.class = null
	sasl.login.connect.timeout.ms = null
	sasl.login.read.timeout.ms = null
	sasl.login.refresh.buffer.seconds = 300
	sasl.login.refresh.min.period.seconds = 60
	sasl.login.refresh.window.factor = 0.8
	sasl.login.refresh.window.jitter = 0.05
	sasl.login.retry.backoff.max.ms = 10000
	sasl.login.retry.backoff.ms = 100
	sasl.mechanism = GSSAPI
	sasl.oauthbearer.clock.skew.seconds = 30
	sasl.oauthbearer.expected.audience = null
	sasl.oauthbearer.expected.issuer = null
	sasl.oauthbearer.header.urlencode = false
	sasl.oauthbearer.jwks.endpoint.refresh.ms = 3600000
	sasl.oauthbearer.jwks.endpoint.retry.backoff.max.ms = 10000
	sasl.oauthbearer.jwks.endpoint.retry.backoff.ms = 100
	sasl.oauthbearer.jwks.endpoint.url = null
	sasl.oauthbearer.scope.claim.name = scope
	sasl.oauthbearer.sub.claim.name = sub
	sasl.oauthbearer.token.endpoint.url = null
	security.protocol = PLAINTEXT
	security.providers = null
	send.buffer.bytes = 131072
	session.timeout.ms = 45000
	socket.connection.setup.timeout.max.ms = 30000
	socket.connection.setup.timeout.ms = 10000
	ssl.cipher.suites = null
	ssl.enabled.protocols = [TLSv1.2, TLSv1.3]
	ssl.endpoint.identification.algorithm = https
	ssl.engine.factory.class = null
	ssl.key.password = null
	ssl.keymanager.algorithm = SunX509
	ssl.keystore.certificate.chain = null
	ssl.keystore.key = null
	ssl.keystore.location = null
	ssl.keystore.password = null
	ssl.keystore.type = JKS
	ssl.protocol = TLSv1.3
	ssl.provider = null
	ssl.secure.random.implementation = null
	ssl.trustmanager.algorithm = PKIX
	ssl.truststore.certificates = null
	ssl.truststore.location = null
	ssl.truststore.password = null
	ssl.truststore.type = JKS
	value.deserializer = class io.apicurio.registry.serde.avro.AvroKafkaDeserializer

2025-08-12 17:22:34,801 INFO  [org.apa.kaf.com.tel.int.KafkaMetricsCollector] (main) initializing Kafka metrics collector
2025-08-12 17:22:34,806 INFO  [org.apa.kaf.cli.con.ConsumerConfig] (main) These configurations '[apicurio.registry.url]' were supplied but are not used yet.
2025-08-12 17:22:34,806 INFO  [org.apa.kaf.com.uti.AppInfoParser] (main) Kafka version: 3.9.1
2025-08-12 17:22:34,806 INFO  [org.apa.kaf.com.uti.AppInfoParser] (main) Kafka commitId: f745dfdcee2b9851
2025-08-12 17:22:34,806 INFO  [org.apa.kaf.com.uti.AppInfoParser] (main) Kafka startTimeMs: 1755019354806
**** Registry Base URL: http://registry-app-mysql.apps.ci419.apicurio-testing.org:80
2025-08-12 17:22:34,806 INFO  [org.apa.kaf.cli.con.ConsumerConfig] (main) ConsumerConfig values: 
	allow.auto.create.topics = true
	auto.commit.interval.ms = 500
	auto.include.jmx.reporter = true
	auto.offset.reset = earliest
	bootstrap.servers = [PLAINTEXT://localhost:32769]
	check.crcs = true
	client.dns.lookup = use_all_dns_ips
	client.id = consumer-Consumer-topic-d114928d_cd0a_4ba5_997e_8ea93ba4962e-16
	client.rack = 
	connections.max.idle.ms = 10000
	default.api.timeout.ms = 60000
	enable.auto.commit = true
	enable.metrics.push = true
	exclude.internal.topics = true
	fetch.max.bytes = 52428800
	fetch.max.wait.ms = 500
	fetch.min.bytes = 1
	group.id = Consumer-topic-d114928d_cd0a_4ba5_997e_8ea93ba4962e
	group.instance.id = null
	group.protocol = classic
	group.remote.assignor = null
	heartbeat.interval.ms = 3000
	interceptor.classes = []
	internal.leave.group.on.close = true
	internal.throw.on.fetch.stable.offset.unsupported = false
	isolation.level = read_uncommitted
	key.deserializer = class org.apache.kafka.common.serialization.StringDeserializer
	max.partition.fetch.bytes = 1048576
	max.poll.interval.ms = 300000
	max.poll.records = 500
	metadata.max.age.ms = 300000
	metadata.recovery.strategy = none
	metric.reporters = []
	metrics.num.samples = 2
	metrics.recording.level = INFO
	metrics.sample.window.ms = 30000
	partition.assignment.strategy = [class org.apache.kafka.clients.consumer.RangeAssignor, class org.apache.kafka.clients.consumer.CooperativeStickyAssignor]
	receive.buffer.bytes = 65536
	reconnect.backoff.max.ms = 1000
	reconnect.backoff.ms = 50
	request.timeout.ms = 5000
	retry.backoff.max.ms = 1000
	retry.backoff.ms = 100
	sasl.client.callback.handler.class = null
	sasl.jaas.config = null
	sasl.kerberos.kinit.cmd = /usr/bin/kinit
	sasl.kerberos.min.time.before.relogin = 60000
	sasl.kerberos.service.name = null
	sasl.kerberos.ticket.renew.jitter = 0.05
	sasl.kerberos.ticket.renew.window.factor = 0.8
	sasl.login.callback.handler.class = null
	sasl.login.class = null
	sasl.login.connect.timeout.ms = null
	sasl.login.read.timeout.ms = null
	sasl.login.refresh.buffer.seconds = 300
	sasl.login.refresh.min.period.seconds = 60
	sasl.login.refresh.window.factor = 0.8
	sasl.login.refresh.window.jitter = 0.05
	sasl.login.retry.backoff.max.ms = 10000
	sasl.login.retry.backoff.ms = 100
	sasl.mechanism = GSSAPI
	sasl.oauthbearer.clock.skew.seconds = 30
	sasl.oauthbearer.expected.audience = null
	sasl.oauthbearer.expected.issuer = null
	sasl.oauthbearer.header.urlencode = false
	sasl.oauthbearer.jwks.endpoint.refresh.ms = 3600000
	sasl.oauthbearer.jwks.endpoint.retry.backoff.max.ms = 10000
	sasl.oauthbearer.jwks.endpoint.retry.backoff.ms = 100
	sasl.oauthbearer.jwks.endpoint.url = null
	sasl.oauthbearer.scope.claim.name = scope
	sasl.oauthbearer.sub.claim.name = sub
	sasl.oauthbearer.token.endpoint.url = null
	security.protocol = PLAINTEXT
	security.providers = null
	send.buffer.bytes = 131072
	session.timeout.ms = 45000
	socket.connection.setup.timeout.max.ms = 30000
	socket.connection.setup.timeout.ms = 10000
	ssl.cipher.suites = null
	ssl.enabled.protocols = [TLSv1.2, TLSv1.3]
	ssl.endpoint.identification.algorithm = https
	ssl.engine.factory.class = null
	ssl.key.password = null
	ssl.keymanager.algorithm = SunX509
	ssl.keystore.certificate.chain = null
	ssl.keystore.key = null
	ssl.keystore.location = null
	ssl.keystore.password = null
	ssl.keystore.type = JKS
	ssl.protocol = TLSv1.3
	ssl.provider = null
	ssl.secure.random.implementation = null
	ssl.trustmanager.algorithm = PKIX
	ssl.truststore.certificates = null
	ssl.truststore.location = null
	ssl.truststore.password = null
	ssl.truststore.type = JKS
	value.deserializer = class io.apicurio.registry.serde.avro.AvroKafkaDeserializer

2025-08-12 17:22:34,806 INFO  [org.apa.kaf.com.tel.int.KafkaMetricsCollector] (main) initializing Kafka metrics collector
2025-08-12 17:22:34,812 INFO  [org.apa.kaf.cli.con.ConsumerConfig] (main) These configurations '[apicurio.registry.url]' were supplied but are not used yet.
2025-08-12 17:22:34,812 INFO  [org.apa.kaf.com.uti.AppInfoParser] (main) Kafka version: 3.9.1
2025-08-12 17:22:34,812 INFO  [org.apa.kaf.com.uti.AppInfoParser] (main) Kafka commitId: f745dfdcee2b9851
2025-08-12 17:22:34,812 INFO  [org.apa.kaf.com.uti.AppInfoParser] (main) Kafka startTimeMs: 1755019354812
2025-08-12 17:22:34,812 INFO  [io.api.tes.ser.api.KafkaSerdesTester] (Thread-713) Sending message {"key11755019353637": "value-0"} to topic topic-0881ec51_e351_4783_b548_64e60b348490
2025-08-12 17:22:34,817 INFO  [DefaultSchemaResolver] (Thread-713) Retrieving schema content using string: {"type":"record","name":"myrecordconfluent","fields":[{"name":"key11755019353637","type":"string"}]}
2025-08-12 17:22:34,903 INFO  [io.api.tes.ser.api.KafkaSerdesTester] (Thread-713) Sending message {"key11755019353637": "value-1"} to topic topic-0881ec51_e351_4783_b548_64e60b348490
2025-08-12 17:22:34,904 INFO  [io.api.tes.ser.api.KafkaSerdesTester] (Thread-713) Sending message {"key11755019353637": "value-2"} to topic topic-0881ec51_e351_4783_b548_64e60b348490
2025-08-12 17:22:34,906 INFO  [io.api.tes.ser.api.KafkaSerdesTester] (Thread-713) Sending message {"key11755019353637": "value-3"} to topic topic-0881ec51_e351_4783_b548_64e60b348490
2025-08-12 17:22:34,907 INFO  [io.api.tes.ser.api.KafkaSerdesTester] (Thread-713) Sending message {"key11755019353637": "value-4"} to topic topic-0881ec51_e351_4783_b548_64e60b348490
2025-08-12 17:22:34,908 INFO  [io.api.tes.ser.api.KafkaSerdesTester] (Thread-713) Sending message {"key11755019353637": "value-5"} to topic topic-0881ec51_e351_4783_b548_64e60b348490
2025-08-12 17:22:34,909 INFO  [io.api.tes.ser.api.KafkaSerdesTester] (Thread-713) Sending message {"key11755019353637": "value-6"} to topic topic-0881ec51_e351_4783_b548_64e60b348490
2025-08-12 17:22:34,910 INFO  [io.api.tes.ser.api.KafkaSerdesTester] (Thread-713) Sending message {"key11755019353637": "value-7"} to topic topic-0881ec51_e351_4783_b548_64e60b348490
2025-08-12 17:22:34,911 INFO  [io.api.tes.ser.api.KafkaSerdesTester] (Thread-713) Sending message {"key11755019353637": "value-8"} to topic topic-0881ec51_e351_4783_b548_64e60b348490
2025-08-12 17:22:34,912 INFO  [io.api.tes.ser.api.KafkaSerdesTester] (Thread-713) Sending message {"key11755019353637": "value-9"} to topic topic-0881ec51_e351_4783_b548_64e60b348490
2025-08-12 17:22:34,913 INFO  [io.api.tes.ser.api.KafkaSerdesTester] (Thread-713) Produced 10 messages
2025-08-12 17:22:34,913 INFO  [org.apa.kaf.cli.pro.KafkaProducer] (Thread-713) [Producer clientId=Producer-topic-0881ec51_e351_4783_b548_64e60b348490] Closing the Kafka producer with timeoutMillis = 9223372036854775807 ms.
2025-08-12 17:22:34,916 INFO  [org.apa.kaf.com.met.Metrics] (Thread-713) Metrics scheduler closed
2025-08-12 17:22:34,916 INFO  [org.apa.kaf.com.met.Metrics] (Thread-713) Closing reporter org.apache.kafka.common.metrics.JmxReporter
2025-08-12 17:22:34,916 INFO  [org.apa.kaf.com.met.Metrics] (Thread-713) Closing reporter org.apache.kafka.common.telemetry.internals.ClientTelemetryReporter
2025-08-12 17:22:34,916 INFO  [org.apa.kaf.com.met.Metrics] (Thread-713) Metrics reporters closed
2025-08-12 17:22:34,916 INFO  [org.apa.kaf.com.uti.AppInfoParser] (Thread-713) App info kafka.producer for Producer-topic-0881ec51_e351_4783_b548_64e60b348490 unregistered
2025-08-12 17:22:34,918 INFO  [io.api.tes.ser.api.KafkaSerdesTester] (Thread-714) Sending message {"key11755019353637": "value-0"} to topic topic-e56ea37a_22c6_470d_a0a4_ac2433dff6ad
2025-08-12 17:22:34,919 INFO  [DefaultSchemaResolver] (Thread-714) Retrieving schema content using string: {"type":"record","name":"myrecordconfluent","fields":[{"name":"key11755019353637","type":"string"}]}
2025-08-12 17:22:35,010 INFO  [io.api.tes.ser.api.KafkaSerdesTester] (Thread-714) Sending message {"key11755019353637": "value-1"} to topic topic-e56ea37a_22c6_470d_a0a4_ac2433dff6ad
2025-08-12 17:22:35,011 INFO  [io.api.tes.ser.api.KafkaSerdesTester] (Thread-714) Sending message {"key11755019353637": "value-2"} to topic topic-e56ea37a_22c6_470d_a0a4_ac2433dff6ad
2025-08-12 17:22:35,012 INFO  [io.api.tes.ser.api.KafkaSerdesTester] (Thread-714) Sending message {"key11755019353637": "value-3"} to topic topic-e56ea37a_22c6_470d_a0a4_ac2433dff6ad
2025-08-12 17:22:35,013 INFO  [io.api.tes.ser.api.KafkaSerdesTester] (Thread-714) Sending message {"key11755019353637": "value-4"} to topic topic-e56ea37a_22c6_470d_a0a4_ac2433dff6ad
2025-08-12 17:22:35,014 INFO  [io.api.tes.ser.api.KafkaSerdesTester] (Thread-714) Sending message {"key11755019353637": "value-5"} to topic topic-e56ea37a_22c6_470d_a0a4_ac2433dff6ad
2025-08-12 17:22:35,016 INFO  [io.api.tes.ser.api.KafkaSerdesTester] (Thread-714) Sending message {"key11755019353637": "value-6"} to topic topic-e56ea37a_22c6_470d_a0a4_ac2433dff6ad
2025-08-12 17:22:35,017 INFO  [io.api.tes.ser.api.KafkaSerdesTester] (Thread-714) Sending message {"key11755019353637": "value-7"} to topic topic-e56ea37a_22c6_470d_a0a4_ac2433dff6ad
2025-08-12 17:22:35,018 INFO  [io.api.tes.ser.api.KafkaSerdesTester] (Thread-714) Sending message {"key11755019353637": "value-8"} to topic topic-e56ea37a_22c6_470d_a0a4_ac2433dff6ad
2025-08-12 17:22:35,019 INFO  [io.api.tes.ser.api.KafkaSerdesTester] (Thread-714) Sending message {"key11755019353637": "value-9"} to topic topic-e56ea37a_22c6_470d_a0a4_ac2433dff6ad
2025-08-12 17:22:35,020 INFO  [io.api.tes.ser.api.KafkaSerdesTester] (Thread-714) Produced 10 messages
2025-08-12 17:22:35,021 INFO  [org.apa.kaf.cli.pro.KafkaProducer] (Thread-714) [Producer clientId=Producer-topic-e56ea37a_22c6_470d_a0a4_ac2433dff6ad] Closing the Kafka producer with timeoutMillis = 9223372036854775807 ms.
2025-08-12 17:22:35,022 INFO  [org.apa.kaf.com.met.Metrics] (Thread-714) Metrics scheduler closed
2025-08-12 17:22:35,022 INFO  [org.apa.kaf.com.met.Metrics] (Thread-714) Closing reporter org.apache.kafka.common.metrics.JmxReporter
2025-08-12 17:22:35,022 INFO  [org.apa.kaf.com.met.Metrics] (Thread-714) Closing reporter org.apache.kafka.common.telemetry.internals.ClientTelemetryReporter
2025-08-12 17:22:35,022 INFO  [org.apa.kaf.com.met.Metrics] (Thread-714) Metrics reporters closed
2025-08-12 17:22:35,022 INFO  [org.apa.kaf.com.uti.AppInfoParser] (Thread-714) App info kafka.producer for Producer-topic-e56ea37a_22c6_470d_a0a4_ac2433dff6ad unregistered
2025-08-12 17:22:35,023 INFO  [io.api.tes.ser.api.KafkaSerdesTester] (Thread-715) Sending message {"key11755019353637": "value-0"} to topic topic-d114928d_cd0a_4ba5_997e_8ea93ba4962e
2025-08-12 17:22:35,031 INFO  [DefaultSchemaResolver] (Thread-715) Retrieving schema content using string: {"type":"record","name":"myrecordconfluent","fields":[{"name":"key11755019353637","type":"string"}]}
2025-08-12 17:22:35,125 INFO  [io.api.tes.ser.api.KafkaSerdesTester] (Thread-715) Sending message {"key11755019353637": "value-1"} to topic topic-d114928d_cd0a_4ba5_997e_8ea93ba4962e
2025-08-12 17:22:35,127 INFO  [io.api.tes.ser.api.KafkaSerdesTester] (Thread-715) Sending message {"key11755019353637": "value-2"} to topic topic-d114928d_cd0a_4ba5_997e_8ea93ba4962e
2025-08-12 17:22:35,128 INFO  [io.api.tes.ser.api.KafkaSerdesTester] (Thread-715) Sending message {"key11755019353637": "value-3"} to topic topic-d114928d_cd0a_4ba5_997e_8ea93ba4962e
2025-08-12 17:22:35,134 INFO  [io.api.tes.ser.api.KafkaSerdesTester] (Thread-715) Sending message {"key11755019353637": "value-4"} to topic topic-d114928d_cd0a_4ba5_997e_8ea93ba4962e
2025-08-12 17:22:35,137 INFO  [io.api.tes.ser.api.KafkaSerdesTester] (Thread-715) Sending message {"key11755019353637": "value-5"} to topic topic-d114928d_cd0a_4ba5_997e_8ea93ba4962e
2025-08-12 17:22:35,138 INFO  [io.api.tes.ser.api.KafkaSerdesTester] (Thread-715) Sending message {"key11755019353637": "value-6"} to topic topic-d114928d_cd0a_4ba5_997e_8ea93ba4962e
2025-08-12 17:22:35,139 INFO  [io.api.tes.ser.api.KafkaSerdesTester] (Thread-715) Sending message {"key11755019353637": "value-7"} to topic topic-d114928d_cd0a_4ba5_997e_8ea93ba4962e
2025-08-12 17:22:35,141 INFO  [io.api.tes.ser.api.KafkaSerdesTester] (Thread-715) Sending message {"key11755019353637": "value-8"} to topic topic-d114928d_cd0a_4ba5_997e_8ea93ba4962e
2025-08-12 17:22:35,142 INFO  [io.api.tes.ser.api.KafkaSerdesTester] (Thread-715) Sending message {"key11755019353637": "value-9"} to topic topic-d114928d_cd0a_4ba5_997e_8ea93ba4962e
2025-08-12 17:22:35,144 INFO  [io.api.tes.ser.api.KafkaSerdesTester] (Thread-715) Produced 10 messages
2025-08-12 17:22:35,144 INFO  [org.apa.kaf.cli.pro.KafkaProducer] (Thread-715) [Producer clientId=Producer-topic-d114928d_cd0a_4ba5_997e_8ea93ba4962e] Closing the Kafka producer with timeoutMillis = 9223372036854775807 ms.
2025-08-12 17:22:35,145 INFO  [org.apa.kaf.com.met.Metrics] (Thread-715) Metrics scheduler closed
2025-08-12 17:22:35,145 INFO  [org.apa.kaf.com.met.Metrics] (Thread-715) Closing reporter org.apache.kafka.common.metrics.JmxReporter
2025-08-12 17:22:35,145 INFO  [org.apa.kaf.com.met.Metrics] (Thread-715) Closing reporter org.apache.kafka.common.telemetry.internals.ClientTelemetryReporter
2025-08-12 17:22:35,145 INFO  [org.apa.kaf.com.met.Metrics] (Thread-715) Metrics reporters closed
2025-08-12 17:22:35,146 INFO  [org.apa.kaf.com.uti.AppInfoParser] (Thread-715) App info kafka.producer for Producer-topic-d114928d_cd0a_4ba5_997e_8ea93ba4962e unregistered
2025-08-12 17:22:35,146 INFO  [org.apa.kaf.cli.con.int.ClassicKafkaConsumer] (Thread-716) [Consumer clientId=consumer-Consumer-topic-0881ec51_e351_4783_b548_64e60b348490-14, groupId=Consumer-topic-0881ec51_e351_4783_b548_64e60b348490] Subscribed to topic(s): topic-0881ec51_e351_4783_b548_64e60b348490
2025-08-12 17:22:35,155 INFO  [org.apa.kaf.cli.Metadata] (Thread-716) [Consumer clientId=consumer-Consumer-topic-0881ec51_e351_4783_b548_64e60b348490-14, groupId=Consumer-topic-0881ec51_e351_4783_b548_64e60b348490] Cluster ID: 7o-lMpHSRFKHq4uTXFQncw
2025-08-12 17:22:35,156 INFO  [org.apa.kaf.cli.con.int.ConsumerCoordinator] (Thread-716) [Consumer clientId=consumer-Consumer-topic-0881ec51_e351_4783_b548_64e60b348490-14, groupId=Consumer-topic-0881ec51_e351_4783_b548_64e60b348490] Discovered group coordinator localhost:32769 (id: 2147483647 rack: null)
2025-08-12 17:22:35,157 INFO  [org.apa.kaf.cli.con.int.ConsumerCoordinator] (Thread-716) [Consumer clientId=consumer-Consumer-topic-0881ec51_e351_4783_b548_64e60b348490-14, groupId=Consumer-topic-0881ec51_e351_4783_b548_64e60b348490] (Re-)joining group
2025-08-12 17:22:35,160 INFO  [org.apa.kaf.cli.con.int.ConsumerCoordinator] (Thread-716) [Consumer clientId=consumer-Consumer-topic-0881ec51_e351_4783_b548_64e60b348490-14, groupId=Consumer-topic-0881ec51_e351_4783_b548_64e60b348490] Request joining group due to: need to re-join with the given member-id: consumer-Consumer-topic-0881ec51_e351_4783_b548_64e60b348490-14-94f8bbf0-3081-43e3-956e-1c8df6714942
2025-08-12 17:22:35,160 INFO  [org.apa.kaf.cli.con.int.ConsumerCoordinator] (Thread-716) [Consumer clientId=consumer-Consumer-topic-0881ec51_e351_4783_b548_64e60b348490-14, groupId=Consumer-topic-0881ec51_e351_4783_b548_64e60b348490] (Re-)joining group
2025-08-12 17:22:36,146 INFO  [io.api.tes.ser.api.KafkaSerdesTester] (Thread-716) None found
2025-08-12 17:22:37,147 INFO  [io.api.tes.ser.api.KafkaSerdesTester] (Thread-716) None found
2025-08-12 17:22:38,147 INFO  [io.api.tes.ser.api.KafkaSerdesTester] (Thread-716) None found
2025-08-12 17:22:38,161 INFO  [org.apa.kaf.cli.con.int.ConsumerCoordinator] (Thread-716) [Consumer clientId=consumer-Consumer-topic-0881ec51_e351_4783_b548_64e60b348490-14, groupId=Consumer-topic-0881ec51_e351_4783_b548_64e60b348490] Successfully joined group with generation Generation{generationId=1, memberId='consumer-Consumer-topic-0881ec51_e351_4783_b548_64e60b348490-14-94f8bbf0-3081-43e3-956e-1c8df6714942', protocol='range'}
2025-08-12 17:22:38,161 INFO  [org.apa.kaf.cli.con.int.ConsumerCoordinator] (Thread-716) [Consumer clientId=consumer-Consumer-topic-0881ec51_e351_4783_b548_64e60b348490-14, groupId=Consumer-topic-0881ec51_e351_4783_b548_64e60b348490] Finished assignment for group at generation 1: {consumer-Consumer-topic-0881ec51_e351_4783_b548_64e60b348490-14-94f8bbf0-3081-43e3-956e-1c8df6714942=Assignment(partitions=[topic-0881ec51_e351_4783_b548_64e60b348490-0])}
2025-08-12 17:22:38,168 INFO  [org.apa.kaf.cli.con.int.ConsumerCoordinator] (Thread-716) [Consumer clientId=consumer-Consumer-topic-0881ec51_e351_4783_b548_64e60b348490-14, groupId=Consumer-topic-0881ec51_e351_4783_b548_64e60b348490] Successfully synced group in generation Generation{generationId=1, memberId='consumer-Consumer-topic-0881ec51_e351_4783_b548_64e60b348490-14-94f8bbf0-3081-43e3-956e-1c8df6714942', protocol='range'}
2025-08-12 17:22:38,168 INFO  [org.apa.kaf.cli.con.int.ConsumerCoordinator] (Thread-716) [Consumer clientId=consumer-Consumer-topic-0881ec51_e351_4783_b548_64e60b348490-14, groupId=Consumer-topic-0881ec51_e351_4783_b548_64e60b348490] Notifying assignor about the new Assignment(partitions=[topic-0881ec51_e351_4783_b548_64e60b348490-0])
2025-08-12 17:22:38,168 INFO  [org.apa.kaf.cli.con.int.ConsumerRebalanceListenerInvoker] (Thread-716) [Consumer clientId=consumer-Consumer-topic-0881ec51_e351_4783_b548_64e60b348490-14, groupId=Consumer-topic-0881ec51_e351_4783_b548_64e60b348490] Adding newly assigned partitions: topic-0881ec51_e351_4783_b548_64e60b348490-0
2025-08-12 17:22:38,170 INFO  [org.apa.kaf.cli.con.int.ConsumerCoordinator] (Thread-716) [Consumer clientId=consumer-Consumer-topic-0881ec51_e351_4783_b548_64e60b348490-14, groupId=Consumer-topic-0881ec51_e351_4783_b548_64e60b348490] Found no committed offset for partition topic-0881ec51_e351_4783_b548_64e60b348490-0
2025-08-12 17:22:38,173 INFO  [org.apa.kaf.cli.con.int.SubscriptionState] (Thread-716) [Consumer clientId=consumer-Consumer-topic-0881ec51_e351_4783_b548_64e60b348490-14, groupId=Consumer-topic-0881ec51_e351_4783_b548_64e60b348490] Resetting offset for partition topic-0881ec51_e351_4783_b548_64e60b348490-0 to position FetchPosition{offset=0, offsetEpoch=Optional.empty, currentLeader=LeaderAndEpoch{leader=Optional[localhost:32769 (id: 0 rack: null)], epoch=0}}.
2025-08-12 17:22:38,305 INFO  [io.api.tes.ser.api.KafkaSerdesTester] (Thread-716) topic-0881ec51_e351_4783_b548_64e60b348490 0 0 {"key11755019353637": "value-0"}
2025-08-12 17:22:38,306 INFO  [io.api.tes.ser.api.KafkaSerdesTester] (Thread-716) topic-0881ec51_e351_4783_b548_64e60b348490 0 1 {"key11755019353637": "value-1"}
2025-08-12 17:22:38,306 INFO  [io.api.tes.ser.api.KafkaSerdesTester] (Thread-716) topic-0881ec51_e351_4783_b548_64e60b348490 0 2 {"key11755019353637": "value-2"}
2025-08-12 17:22:38,306 INFO  [io.api.tes.ser.api.KafkaSerdesTester] (Thread-716) topic-0881ec51_e351_4783_b548_64e60b348490 0 3 {"key11755019353637": "value-3"}
2025-08-12 17:22:38,306 INFO  [io.api.tes.ser.api.KafkaSerdesTester] (Thread-716) topic-0881ec51_e351_4783_b548_64e60b348490 0 4 {"key11755019353637": "value-4"}
2025-08-12 17:22:38,306 INFO  [io.api.tes.ser.api.KafkaSerdesTester] (Thread-716) topic-0881ec51_e351_4783_b548_64e60b348490 0 5 {"key11755019353637": "value-5"}
2025-08-12 17:22:38,307 INFO  [io.api.tes.ser.api.KafkaSerdesTester] (Thread-716) topic-0881ec51_e351_4783_b548_64e60b348490 0 6 {"key11755019353637": "value-6"}
2025-08-12 17:22:38,307 INFO  [io.api.tes.ser.api.KafkaSerdesTester] (Thread-716) topic-0881ec51_e351_4783_b548_64e60b348490 0 7 {"key11755019353637": "value-7"}
2025-08-12 17:22:38,307 INFO  [io.api.tes.ser.api.KafkaSerdesTester] (Thread-716) topic-0881ec51_e351_4783_b548_64e60b348490 0 8 {"key11755019353637": "value-8"}
2025-08-12 17:22:38,307 INFO  [io.api.tes.ser.api.KafkaSerdesTester] (Thread-716) topic-0881ec51_e351_4783_b548_64e60b348490 0 9 {"key11755019353637": "value-9"}
2025-08-12 17:22:38,307 INFO  [io.api.tes.ser.api.KafkaSerdesTester] (Thread-716) Consumed 10 messages
2025-08-12 17:22:38,314 INFO  [org.apa.kaf.cli.con.int.ConsumerRebalanceListenerInvoker] (Thread-716) [Consumer clientId=consumer-Consumer-topic-0881ec51_e351_4783_b548_64e60b348490-14, groupId=Consumer-topic-0881ec51_e351_4783_b548_64e60b348490] Revoke previously assigned partitions topic-0881ec51_e351_4783_b548_64e60b348490-0
2025-08-12 17:22:38,314 INFO  [org.apa.kaf.cli.con.int.ConsumerCoordinator] (Thread-716) [Consumer clientId=consumer-Consumer-topic-0881ec51_e351_4783_b548_64e60b348490-14, groupId=Consumer-topic-0881ec51_e351_4783_b548_64e60b348490] Member consumer-Consumer-topic-0881ec51_e351_4783_b548_64e60b348490-14-94f8bbf0-3081-43e3-956e-1c8df6714942 sending LeaveGroup request to coordinator localhost:32769 (id: 2147483647 rack: null) due to the consumer is being closed
2025-08-12 17:22:38,314 INFO  [org.apa.kaf.cli.con.int.ConsumerCoordinator] (Thread-716) [Consumer clientId=consumer-Consumer-topic-0881ec51_e351_4783_b548_64e60b348490-14, groupId=Consumer-topic-0881ec51_e351_4783_b548_64e60b348490] Resetting generation and member id due to: consumer pro-actively leaving the group
2025-08-12 17:22:38,314 INFO  [org.apa.kaf.cli.con.int.ConsumerCoordinator] (Thread-716) [Consumer clientId=consumer-Consumer-topic-0881ec51_e351_4783_b548_64e60b348490-14, groupId=Consumer-topic-0881ec51_e351_4783_b548_64e60b348490] Request joining group due to: consumer pro-actively leaving the group
2025-08-12 17:22:38,806 INFO  [org.apa.kaf.com.met.Metrics] (Thread-716) Metrics scheduler closed
2025-08-12 17:22:38,806 INFO  [org.apa.kaf.com.met.Metrics] (Thread-716) Closing reporter org.apache.kafka.common.metrics.JmxReporter
2025-08-12 17:22:38,806 INFO  [org.apa.kaf.com.met.Metrics] (Thread-716) Closing reporter org.apache.kafka.common.telemetry.internals.ClientTelemetryReporter
2025-08-12 17:22:38,806 INFO  [org.apa.kaf.com.met.Metrics] (Thread-716) Metrics reporters closed
2025-08-12 17:22:38,808 INFO  [org.apa.kaf.com.uti.AppInfoParser] (Thread-716) App info kafka.consumer for consumer-Consumer-topic-0881ec51_e351_4783_b548_64e60b348490-14 unregistered
2025-08-12 17:22:38,809 INFO  [org.apa.kaf.cli.con.int.ClassicKafkaConsumer] (Thread-717) [Consumer clientId=consumer-Consumer-topic-e56ea37a_22c6_470d_a0a4_ac2433dff6ad-15, groupId=Consumer-topic-e56ea37a_22c6_470d_a0a4_ac2433dff6ad] Subscribed to topic(s): topic-e56ea37a_22c6_470d_a0a4_ac2433dff6ad
2025-08-12 17:22:38,813 INFO  [org.apa.kaf.cli.Metadata] (Thread-717) [Consumer clientId=consumer-Consumer-topic-e56ea37a_22c6_470d_a0a4_ac2433dff6ad-15, groupId=Consumer-topic-e56ea37a_22c6_470d_a0a4_ac2433dff6ad] Cluster ID: 7o-lMpHSRFKHq4uTXFQncw
2025-08-12 17:22:38,815 INFO  [org.apa.kaf.cli.con.int.ConsumerCoordinator] (Thread-717) [Consumer clientId=consumer-Consumer-topic-e56ea37a_22c6_470d_a0a4_ac2433dff6ad-15, groupId=Consumer-topic-e56ea37a_22c6_470d_a0a4_ac2433dff6ad] Discovered group coordinator localhost:32769 (id: 2147483647 rack: null)
2025-08-12 17:22:38,816 INFO  [org.apa.kaf.cli.con.int.ConsumerCoordinator] (Thread-717) [Consumer clientId=consumer-Consumer-topic-e56ea37a_22c6_470d_a0a4_ac2433dff6ad-15, groupId=Consumer-topic-e56ea37a_22c6_470d_a0a4_ac2433dff6ad] (Re-)joining group
2025-08-12 17:22:38,818 INFO  [org.apa.kaf.cli.con.int.ConsumerCoordinator] (Thread-717) [Consumer clientId=consumer-Consumer-topic-e56ea37a_22c6_470d_a0a4_ac2433dff6ad-15, groupId=Consumer-topic-e56ea37a_22c6_470d_a0a4_ac2433dff6ad] Request joining group due to: need to re-join with the given member-id: consumer-Consumer-topic-e56ea37a_22c6_470d_a0a4_ac2433dff6ad-15-e6905377-133a-4517-a15f-de386ba37550
2025-08-12 17:22:38,818 INFO  [org.apa.kaf.cli.con.int.ConsumerCoordinator] (Thread-717) [Consumer clientId=consumer-Consumer-topic-e56ea37a_22c6_470d_a0a4_ac2433dff6ad-15, groupId=Consumer-topic-e56ea37a_22c6_470d_a0a4_ac2433dff6ad] (Re-)joining group
2025-08-12 17:22:39,809 INFO  [io.api.tes.ser.api.KafkaSerdesTester] (Thread-717) None found
2025-08-12 17:22:40,809 INFO  [io.api.tes.ser.api.KafkaSerdesTester] (Thread-717) None found
2025-08-12 17:22:41,809 INFO  [io.api.tes.ser.api.KafkaSerdesTester] (Thread-717) None found
2025-08-12 17:22:41,820 INFO  [org.apa.kaf.cli.con.int.ConsumerCoordinator] (Thread-717) [Consumer clientId=consumer-Consumer-topic-e56ea37a_22c6_470d_a0a4_ac2433dff6ad-15, groupId=Consumer-topic-e56ea37a_22c6_470d_a0a4_ac2433dff6ad] Successfully joined group with generation Generation{generationId=1, memberId='consumer-Consumer-topic-e56ea37a_22c6_470d_a0a4_ac2433dff6ad-15-e6905377-133a-4517-a15f-de386ba37550', protocol='range'}
2025-08-12 17:22:41,820 INFO  [org.apa.kaf.cli.con.int.ConsumerCoordinator] (Thread-717) [Consumer clientId=consumer-Consumer-topic-e56ea37a_22c6_470d_a0a4_ac2433dff6ad-15, groupId=Consumer-topic-e56ea37a_22c6_470d_a0a4_ac2433dff6ad] Finished assignment for group at generation 1: {consumer-Consumer-topic-e56ea37a_22c6_470d_a0a4_ac2433dff6ad-15-e6905377-133a-4517-a15f-de386ba37550=Assignment(partitions=[topic-e56ea37a_22c6_470d_a0a4_ac2433dff6ad-0])}
2025-08-12 17:22:41,826 INFO  [org.apa.kaf.cli.con.int.ConsumerCoordinator] (Thread-717) [Consumer clientId=consumer-Consumer-topic-e56ea37a_22c6_470d_a0a4_ac2433dff6ad-15, groupId=Consumer-topic-e56ea37a_22c6_470d_a0a4_ac2433dff6ad] Successfully synced group in generation Generation{generationId=1, memberId='consumer-Consumer-topic-e56ea37a_22c6_470d_a0a4_ac2433dff6ad-15-e6905377-133a-4517-a15f-de386ba37550', protocol='range'}
2025-08-12 17:22:41,827 INFO  [org.apa.kaf.cli.con.int.ConsumerCoordinator] (Thread-717) [Consumer clientId=consumer-Consumer-topic-e56ea37a_22c6_470d_a0a4_ac2433dff6ad-15, groupId=Consumer-topic-e56ea37a_22c6_470d_a0a4_ac2433dff6ad] Notifying assignor about the new Assignment(partitions=[topic-e56ea37a_22c6_470d_a0a4_ac2433dff6ad-0])
2025-08-12 17:22:41,827 INFO  [org.apa.kaf.cli.con.int.ConsumerRebalanceListenerInvoker] (Thread-717) [Consumer clientId=consumer-Consumer-topic-e56ea37a_22c6_470d_a0a4_ac2433dff6ad-15, groupId=Consumer-topic-e56ea37a_22c6_470d_a0a4_ac2433dff6ad] Adding newly assigned partitions: topic-e56ea37a_22c6_470d_a0a4_ac2433dff6ad-0
2025-08-12 17:22:41,827 INFO  [org.apa.kaf.cli.con.int.ConsumerCoordinator] (Thread-717) [Consumer clientId=consumer-Consumer-topic-e56ea37a_22c6_470d_a0a4_ac2433dff6ad-15, groupId=Consumer-topic-e56ea37a_22c6_470d_a0a4_ac2433dff6ad] Found no committed offset for partition topic-e56ea37a_22c6_470d_a0a4_ac2433dff6ad-0
2025-08-12 17:22:41,829 INFO  [org.apa.kaf.cli.con.int.SubscriptionState] (Thread-717) [Consumer clientId=consumer-Consumer-topic-e56ea37a_22c6_470d_a0a4_ac2433dff6ad-15, groupId=Consumer-topic-e56ea37a_22c6_470d_a0a4_ac2433dff6ad] Resetting offset for partition topic-e56ea37a_22c6_470d_a0a4_ac2433dff6ad-0 to position FetchPosition{offset=0, offsetEpoch=Optional.empty, currentLeader=LeaderAndEpoch{leader=Optional[localhost:32769 (id: 0 rack: null)], epoch=0}}.
2025-08-12 17:22:41,953 INFO  [io.api.tes.ser.api.KafkaSerdesTester] (Thread-717) topic-e56ea37a_22c6_470d_a0a4_ac2433dff6ad 0 0 {"key11755019353637": "value-0"}
2025-08-12 17:22:41,953 INFO  [io.api.tes.ser.api.KafkaSerdesTester] (Thread-717) topic-e56ea37a_22c6_470d_a0a4_ac2433dff6ad 0 1 {"key11755019353637": "value-1"}
2025-08-12 17:22:41,953 INFO  [io.api.tes.ser.api.KafkaSerdesTester] (Thread-717) topic-e56ea37a_22c6_470d_a0a4_ac2433dff6ad 0 2 {"key11755019353637": "value-2"}
2025-08-12 17:22:41,953 INFO  [io.api.tes.ser.api.KafkaSerdesTester] (Thread-717) topic-e56ea37a_22c6_470d_a0a4_ac2433dff6ad 0 3 {"key11755019353637": "value-3"}
2025-08-12 17:22:41,953 INFO  [io.api.tes.ser.api.KafkaSerdesTester] (Thread-717) topic-e56ea37a_22c6_470d_a0a4_ac2433dff6ad 0 4 {"key11755019353637": "value-4"}
2025-08-12 17:22:41,953 INFO  [io.api.tes.ser.api.KafkaSerdesTester] (Thread-717) topic-e56ea37a_22c6_470d_a0a4_ac2433dff6ad 0 5 {"key11755019353637": "value-5"}
2025-08-12 17:22:41,953 INFO  [io.api.tes.ser.api.KafkaSerdesTester] (Thread-717) topic-e56ea37a_22c6_470d_a0a4_ac2433dff6ad 0 6 {"key11755019353637": "value-6"}
2025-08-12 17:22:41,953 INFO  [io.api.tes.ser.api.KafkaSerdesTester] (Thread-717) topic-e56ea37a_22c6_470d_a0a4_ac2433dff6ad 0 7 {"key11755019353637": "value-7"}
2025-08-12 17:22:41,953 INFO  [io.api.tes.ser.api.KafkaSerdesTester] (Thread-717) topic-e56ea37a_22c6_470d_a0a4_ac2433dff6ad 0 8 {"key11755019353637": "value-8"}
2025-08-12 17:22:41,953 INFO  [io.api.tes.ser.api.KafkaSerdesTester] (Thread-717) topic-e56ea37a_22c6_470d_a0a4_ac2433dff6ad 0 9 {"key11755019353637": "value-9"}
2025-08-12 17:22:41,953 INFO  [io.api.tes.ser.api.KafkaSerdesTester] (Thread-717) Consumed 10 messages
2025-08-12 17:22:41,961 INFO  [org.apa.kaf.cli.con.int.ConsumerRebalanceListenerInvoker] (Thread-717) [Consumer clientId=consumer-Consumer-topic-e56ea37a_22c6_470d_a0a4_ac2433dff6ad-15, groupId=Consumer-topic-e56ea37a_22c6_470d_a0a4_ac2433dff6ad] Revoke previously assigned partitions topic-e56ea37a_22c6_470d_a0a4_ac2433dff6ad-0
2025-08-12 17:22:41,962 INFO  [org.apa.kaf.cli.con.int.ConsumerCoordinator] (Thread-717) [Consumer clientId=consumer-Consumer-topic-e56ea37a_22c6_470d_a0a4_ac2433dff6ad-15, groupId=Consumer-topic-e56ea37a_22c6_470d_a0a4_ac2433dff6ad] Member consumer-Consumer-topic-e56ea37a_22c6_470d_a0a4_ac2433dff6ad-15-e6905377-133a-4517-a15f-de386ba37550 sending LeaveGroup request to coordinator localhost:32769 (id: 2147483647 rack: null) due to the consumer is being closed
2025-08-12 17:22:41,962 INFO  [org.apa.kaf.cli.con.int.ConsumerCoordinator] (Thread-717) [Consumer clientId=consumer-Consumer-topic-e56ea37a_22c6_470d_a0a4_ac2433dff6ad-15, groupId=Consumer-topic-e56ea37a_22c6_470d_a0a4_ac2433dff6ad] Resetting generation and member id due to: consumer pro-actively leaving the group
2025-08-12 17:22:41,962 INFO  [org.apa.kaf.cli.con.int.ConsumerCoordinator] (Thread-717) [Consumer clientId=consumer-Consumer-topic-e56ea37a_22c6_470d_a0a4_ac2433dff6ad-15, groupId=Consumer-topic-e56ea37a_22c6_470d_a0a4_ac2433dff6ad] Request joining group due to: consumer pro-actively leaving the group
2025-08-12 17:22:42,456 INFO  [org.apa.kaf.com.met.Metrics] (Thread-717) Metrics scheduler closed
2025-08-12 17:22:42,456 INFO  [org.apa.kaf.com.met.Metrics] (Thread-717) Closing reporter org.apache.kafka.common.metrics.JmxReporter
2025-08-12 17:22:42,456 INFO  [org.apa.kaf.com.met.Metrics] (Thread-717) Closing reporter org.apache.kafka.common.telemetry.internals.ClientTelemetryReporter
2025-08-12 17:22:42,456 INFO  [org.apa.kaf.com.met.Metrics] (Thread-717) Metrics reporters closed
2025-08-12 17:22:42,457 INFO  [org.apa.kaf.com.uti.AppInfoParser] (Thread-717) App info kafka.consumer for consumer-Consumer-topic-e56ea37a_22c6_470d_a0a4_ac2433dff6ad-15 unregistered
2025-08-12 17:22:42,460 INFO  [org.apa.kaf.cli.con.int.ClassicKafkaConsumer] (Thread-718) [Consumer clientId=consumer-Consumer-topic-d114928d_cd0a_4ba5_997e_8ea93ba4962e-16, groupId=Consumer-topic-d114928d_cd0a_4ba5_997e_8ea93ba4962e] Subscribed to topic(s): topic-d114928d_cd0a_4ba5_997e_8ea93ba4962e
2025-08-12 17:22:42,464 INFO  [org.apa.kaf.cli.Metadata] (Thread-718) [Consumer clientId=consumer-Consumer-topic-d114928d_cd0a_4ba5_997e_8ea93ba4962e-16, groupId=Consumer-topic-d114928d_cd0a_4ba5_997e_8ea93ba4962e] Cluster ID: 7o-lMpHSRFKHq4uTXFQncw
2025-08-12 17:22:42,464 INFO  [org.apa.kaf.cli.con.int.ConsumerCoordinator] (Thread-718) [Consumer clientId=consumer-Consumer-topic-d114928d_cd0a_4ba5_997e_8ea93ba4962e-16, groupId=Consumer-topic-d114928d_cd0a_4ba5_997e_8ea93ba4962e] Discovered group coordinator localhost:32769 (id: 2147483647 rack: null)
2025-08-12 17:22:42,465 INFO  [org.apa.kaf.cli.con.int.ConsumerCoordinator] (Thread-718) [Consumer clientId=consumer-Consumer-topic-d114928d_cd0a_4ba5_997e_8ea93ba4962e-16, groupId=Consumer-topic-d114928d_cd0a_4ba5_997e_8ea93ba4962e] (Re-)joining group
2025-08-12 17:22:42,467 INFO  [org.apa.kaf.cli.con.int.ConsumerCoordinator] (Thread-718) [Consumer clientId=consumer-Consumer-topic-d114928d_cd0a_4ba5_997e_8ea93ba4962e-16, groupId=Consumer-topic-d114928d_cd0a_4ba5_997e_8ea93ba4962e] Request joining group due to: need to re-join with the given member-id: consumer-Consumer-topic-d114928d_cd0a_4ba5_997e_8ea93ba4962e-16-007e8958-6d1f-4d8e-be51-91d8efcb3d66
2025-08-12 17:22:42,467 INFO  [org.apa.kaf.cli.con.int.ConsumerCoordinator] (Thread-718) [Consumer clientId=consumer-Consumer-topic-d114928d_cd0a_4ba5_997e_8ea93ba4962e-16, groupId=Consumer-topic-d114928d_cd0a_4ba5_997e_8ea93ba4962e] (Re-)joining group
2025-08-12 17:22:43,460 INFO  [io.api.tes.ser.api.KafkaSerdesTester] (Thread-718) None found
2025-08-12 17:22:44,460 INFO  [io.api.tes.ser.api.KafkaSerdesTester] (Thread-718) None found
2025-08-12 17:22:45,461 INFO  [io.api.tes.ser.api.KafkaSerdesTester] (Thread-718) None found
2025-08-12 17:22:45,468 INFO  [org.apa.kaf.cli.con.int.ConsumerCoordinator] (Thread-718) [Consumer clientId=consumer-Consumer-topic-d114928d_cd0a_4ba5_997e_8ea93ba4962e-16, groupId=Consumer-topic-d114928d_cd0a_4ba5_997e_8ea93ba4962e] Successfully joined group with generation Generation{generationId=1, memberId='consumer-Consumer-topic-d114928d_cd0a_4ba5_997e_8ea93ba4962e-16-007e8958-6d1f-4d8e-be51-91d8efcb3d66', protocol='range'}
2025-08-12 17:22:45,468 INFO  [org.apa.kaf.cli.con.int.ConsumerCoordinator] (Thread-718) [Consumer clientId=consumer-Consumer-topic-d114928d_cd0a_4ba5_997e_8ea93ba4962e-16, groupId=Consumer-topic-d114928d_cd0a_4ba5_997e_8ea93ba4962e] Finished assignment for group at generation 1: {consumer-Consumer-topic-d114928d_cd0a_4ba5_997e_8ea93ba4962e-16-007e8958-6d1f-4d8e-be51-91d8efcb3d66=Assignment(partitions=[topic-d114928d_cd0a_4ba5_997e_8ea93ba4962e-0])}
2025-08-12 17:22:45,475 INFO  [org.apa.kaf.cli.con.int.ConsumerCoordinator] (Thread-718) [Consumer clientId=consumer-Consumer-topic-d114928d_cd0a_4ba5_997e_8ea93ba4962e-16, groupId=Consumer-topic-d114928d_cd0a_4ba5_997e_8ea93ba4962e] Successfully synced group in generation Generation{generationId=1, memberId='consumer-Consumer-topic-d114928d_cd0a_4ba5_997e_8ea93ba4962e-16-007e8958-6d1f-4d8e-be51-91d8efcb3d66', protocol='range'}
2025-08-12 17:22:45,475 INFO  [org.apa.kaf.cli.con.int.ConsumerCoordinator] (Thread-718) [Consumer clientId=consumer-Consumer-topic-d114928d_cd0a_4ba5_997e_8ea93ba4962e-16, groupId=Consumer-topic-d114928d_cd0a_4ba5_997e_8ea93ba4962e] Notifying assignor about the new Assignment(partitions=[topic-d114928d_cd0a_4ba5_997e_8ea93ba4962e-0])
2025-08-12 17:22:45,475 INFO  [org.apa.kaf.cli.con.int.ConsumerRebalanceListenerInvoker] (Thread-718) [Consumer clientId=consumer-Consumer-topic-d114928d_cd0a_4ba5_997e_8ea93ba4962e-16, groupId=Consumer-topic-d114928d_cd0a_4ba5_997e_8ea93ba4962e] Adding newly assigned partitions: topic-d114928d_cd0a_4ba5_997e_8ea93ba4962e-0
2025-08-12 17:22:45,476 INFO  [org.apa.kaf.cli.con.int.ConsumerCoordinator] (Thread-718) [Consumer clientId=consumer-Consumer-topic-d114928d_cd0a_4ba5_997e_8ea93ba4962e-16, groupId=Consumer-topic-d114928d_cd0a_4ba5_997e_8ea93ba4962e] Found no committed offset for partition topic-d114928d_cd0a_4ba5_997e_8ea93ba4962e-0
2025-08-12 17:22:45,479 INFO  [org.apa.kaf.cli.con.int.SubscriptionState] (Thread-718) [Consumer clientId=consumer-Consumer-topic-d114928d_cd0a_4ba5_997e_8ea93ba4962e-16, groupId=Consumer-topic-d114928d_cd0a_4ba5_997e_8ea93ba4962e] Resetting offset for partition topic-d114928d_cd0a_4ba5_997e_8ea93ba4962e-0 to position FetchPosition{offset=0, offsetEpoch=Optional.empty, currentLeader=LeaderAndEpoch{leader=Optional[localhost:32769 (id: 0 rack: null)], epoch=0}}.
2025-08-12 17:22:45,602 INFO  [io.api.tes.ser.api.KafkaSerdesTester] (Thread-718) topic-d114928d_cd0a_4ba5_997e_8ea93ba4962e 0 0 {"key11755019353637": "value-0"}
2025-08-12 17:22:45,602 INFO  [io.api.tes.ser.api.KafkaSerdesTester] (Thread-718) topic-d114928d_cd0a_4ba5_997e_8ea93ba4962e 0 1 {"key11755019353637": "value-1"}
2025-08-12 17:22:45,602 INFO  [io.api.tes.ser.api.KafkaSerdesTester] (Thread-718) topic-d114928d_cd0a_4ba5_997e_8ea93ba4962e 0 2 {"key11755019353637": "value-2"}
2025-08-12 17:22:45,602 INFO  [io.api.tes.ser.api.KafkaSerdesTester] (Thread-718) topic-d114928d_cd0a_4ba5_997e_8ea93ba4962e 0 3 {"key11755019353637": "value-3"}
2025-08-12 17:22:45,602 INFO  [io.api.tes.ser.api.KafkaSerdesTester] (Thread-718) topic-d114928d_cd0a_4ba5_997e_8ea93ba4962e 0 4 {"key11755019353637": "value-4"}
2025-08-12 17:22:45,602 INFO  [io.api.tes.ser.api.KafkaSerdesTester] (Thread-718) topic-d114928d_cd0a_4ba5_997e_8ea93ba4962e 0 5 {"key11755019353637": "value-5"}
2025-08-12 17:22:45,602 INFO  [io.api.tes.ser.api.KafkaSerdesTester] (Thread-718) topic-d114928d_cd0a_4ba5_997e_8ea93ba4962e 0 6 {"key11755019353637": "value-6"}
2025-08-12 17:22:45,602 INFO  [io.api.tes.ser.api.KafkaSerdesTester] (Thread-718) topic-d114928d_cd0a_4ba5_997e_8ea93ba4962e 0 7 {"key11755019353637": "value-7"}
2025-08-12 17:22:45,602 INFO  [io.api.tes.ser.api.KafkaSerdesTester] (Thread-718) topic-d114928d_cd0a_4ba5_997e_8ea93ba4962e 0 8 {"key11755019353637": "value-8"}
2025-08-12 17:22:45,602 INFO  [io.api.tes.ser.api.KafkaSerdesTester] (Thread-718) topic-d114928d_cd0a_4ba5_997e_8ea93ba4962e 0 9 {"key11755019353637": "value-9"}
2025-08-12 17:22:45,602 INFO  [io.api.tes.ser.api.KafkaSerdesTester] (Thread-718) Consumed 10 messages
2025-08-12 17:22:45,611 INFO  [org.apa.kaf.cli.con.int.ConsumerRebalanceListenerInvoker] (Thread-718) [Consumer clientId=consumer-Consumer-topic-d114928d_cd0a_4ba5_997e_8ea93ba4962e-16, groupId=Consumer-topic-d114928d_cd0a_4ba5_997e_8ea93ba4962e] Revoke previously assigned partitions topic-d114928d_cd0a_4ba5_997e_8ea93ba4962e-0
2025-08-12 17:22:45,611 INFO  [org.apa.kaf.cli.con.int.ConsumerCoordinator] (Thread-718) [Consumer clientId=consumer-Consumer-topic-d114928d_cd0a_4ba5_997e_8ea93ba4962e-16, groupId=Consumer-topic-d114928d_cd0a_4ba5_997e_8ea93ba4962e] Member consumer-Consumer-topic-d114928d_cd0a_4ba5_997e_8ea93ba4962e-16-007e8958-6d1f-4d8e-be51-91d8efcb3d66 sending LeaveGroup request to coordinator localhost:32769 (id: 2147483647 rack: null) due to the consumer is being closed
2025-08-12 17:22:45,611 INFO  [org.apa.kaf.cli.con.int.ConsumerCoordinator] (Thread-718) [Consumer clientId=consumer-Consumer-topic-d114928d_cd0a_4ba5_997e_8ea93ba4962e-16, groupId=Consumer-topic-d114928d_cd0a_4ba5_997e_8ea93ba4962e] Resetting generation and member id due to: consumer pro-actively leaving the group
2025-08-12 17:22:45,612 INFO  [org.apa.kaf.cli.con.int.ConsumerCoordinator] (Thread-718) [Consumer clientId=consumer-Consumer-topic-d114928d_cd0a_4ba5_997e_8ea93ba4962e-16, groupId=Consumer-topic-d114928d_cd0a_4ba5_997e_8ea93ba4962e] Request joining group due to: consumer pro-actively leaving the group
2025-08-12 17:22:46,104 INFO  [org.apa.kaf.com.met.Metrics] (Thread-718) Metrics scheduler closed
2025-08-12 17:22:46,104 INFO  [org.apa.kaf.com.met.Metrics] (Thread-718) Closing reporter org.apache.kafka.common.metrics.JmxReporter
2025-08-12 17:22:46,105 INFO  [org.apa.kaf.com.met.Metrics] (Thread-718) Closing reporter org.apache.kafka.common.telemetry.internals.ClientTelemetryReporter
2025-08-12 17:22:46,105 INFO  [org.apa.kaf.com.met.Metrics] (Thread-718) Metrics reporters closed
2025-08-12 17:22:46,106 INFO  [org.apa.kaf.com.uti.AppInfoParser] (Thread-718) App info kafka.consumer for consumer-Consumer-topic-d114928d_cd0a_4ba5_997e_8ea93ba4962e-16 unregistered
2025-08-12 17:22:46,107 INFO  [io.api.tes.uti.TestSeparator] (main) io.apicurio.tests.serdes.apicurio.AvroSerdeIT.testAvroConfluentForMultipleTopics-FINISHED
2025-08-12 17:22:46,107 INFO  [io.api.tes.uti.TestSeparator] (main) ############################################################################
Test passed: testAvroConfluentForMultipleTopics
]]></system-out>
  </testcase>
  <testcase name="testFirstRequestFailsRateLimited" classname="io.apicurio.tests.serdes.apicurio.AvroSerdeIT" time="1.03">
    <system-out><![CDATA[2025-08-12 17:22:46,109 INFO  [io.api.tes.uti.TestSeparator] (main) ############################################################################
2025-08-12 17:22:46,109 INFO  [io.api.tes.uti.TestSeparator] (main) io.apicurio.tests.serdes.apicurio.AvroSerdeIT.testFirstRequestFailsRateLimited-STARTED
2025-08-12 17:22:46,640 WARN  [org.ecl.jet.ser.AbstractConnector] (main) Acceptors should be <= availableProcessors: NetworkTrafficServerConnector@ee1493e{HTTP/1.1, (http/1.1, h2c)}{0.0.0.0:0} 
2025-08-12 17:22:46,738 INFO  [org.ecl.jet.ser.Server] (main) jetty-11.0.15; built: 2023-04-11T18:37:53.775Z; git: 5bc5e562c8d05c5862505aebe5cf83a61bdbcb96; jvm 17.0.16+8
2025-08-12 17:22:46,777 INFO  [org.ecl.jet.ser.han.ContextHandler] (main) Started o.e.j.s.ServletContextHandler@32730f12{/__admin,null,AVAILABLE}
2025-08-12 17:22:46,787 INFO  [org.ecl.jet.ser.han.Con.ROOT] (main) RequestHandlerClass from context returned com.github.tomakehurst.wiremock.http.StubRequestHandler. Normalized mapped under returned 'null'
2025-08-12 17:22:46,788 INFO  [org.ecl.jet.ser.han.ContextHandler] (main) Started o.e.j.s.ServletContextHandler@7102b480{/,null,AVAILABLE}
2025-08-12 17:22:46,802 INFO  [org.ecl.jet.ser.AbstractConnector] (main) Started NetworkTrafficServerConnector@ee1493e{HTTP/1.1, (http/1.1, h2c)}{0.0.0.0:46383}
2025-08-12 17:22:46,805 INFO  [org.ecl.jet.ser.Server] (main) Started Server@1898593{STARTING}[11.0.15,sto=1000] @114285ms
**** Registry Base URL: http://registry-app-mysql.apps.ci419.apicurio-testing.org:80
2025-08-12 17:22:46,820 INFO  [org.apa.kaf.cli.pro.ProducerConfig] (main) ProducerConfig values: 
	acks = -1
	auto.include.jmx.reporter = true
	batch.size = 16384
	bootstrap.servers = [PLAINTEXT://localhost:32769]
	buffer.memory = 33554432
	client.dns.lookup = use_all_dns_ips
	client.id = Producer-topic-a9a9c8e2_060b_4d3f_9d96_195f316c451c
	compression.gzip.level = -1
	compression.lz4.level = 9
	compression.type = none
	compression.zstd.level = 3
	connections.max.idle.ms = 10000
	delivery.timeout.ms = 120000
	enable.idempotence = true
	enable.metrics.push = true
	interceptor.classes = []
	key.serializer = class org.apache.kafka.common.serialization.StringSerializer
	linger.ms = 0
	max.block.ms = 60000
	max.in.flight.requests.per.connection = 5
	max.request.size = 1048576
	metadata.max.age.ms = 300000
	metadata.max.idle.ms = 300000
	metadata.recovery.strategy = none
	metric.reporters = []
	metrics.num.samples = 2
	metrics.recording.level = INFO
	metrics.sample.window.ms = 30000
	partitioner.adaptive.partitioning.enable = true
	partitioner.availability.timeout.ms = 0
	partitioner.class = null
	partitioner.ignore.keys = false
	receive.buffer.bytes = 32768
	reconnect.backoff.max.ms = 1000
	reconnect.backoff.ms = 50
	request.timeout.ms = 5000
	retries = 2147483647
	retry.backoff.max.ms = 1000
	retry.backoff.ms = 100
	sasl.client.callback.handler.class = null
	sasl.jaas.config = null
	sasl.kerberos.kinit.cmd = /usr/bin/kinit
	sasl.kerberos.min.time.before.relogin = 60000
	sasl.kerberos.service.name = null
	sasl.kerberos.ticket.renew.jitter = 0.05
	sasl.kerberos.ticket.renew.window.factor = 0.8
	sasl.login.callback.handler.class = null
	sasl.login.class = null
	sasl.login.connect.timeout.ms = null
	sasl.login.read.timeout.ms = null
	sasl.login.refresh.buffer.seconds = 300
	sasl.login.refresh.min.period.seconds = 60
	sasl.login.refresh.window.factor = 0.8
	sasl.login.refresh.window.jitter = 0.05
	sasl.login.retry.backoff.max.ms = 10000
	sasl.login.retry.backoff.ms = 100
	sasl.mechanism = GSSAPI
	sasl.oauthbearer.clock.skew.seconds = 30
	sasl.oauthbearer.expected.audience = null
	sasl.oauthbearer.expected.issuer = null
	sasl.oauthbearer.header.urlencode = false
	sasl.oauthbearer.jwks.endpoint.refresh.ms = 3600000
	sasl.oauthbearer.jwks.endpoint.retry.backoff.max.ms = 10000
	sasl.oauthbearer.jwks.endpoint.retry.backoff.ms = 100
	sasl.oauthbearer.jwks.endpoint.url = null
	sasl.oauthbearer.scope.claim.name = scope
	sasl.oauthbearer.sub.claim.name = sub
	sasl.oauthbearer.token.endpoint.url = null
	security.protocol = PLAINTEXT
	security.providers = null
	send.buffer.bytes = 131072
	socket.connection.setup.timeout.max.ms = 30000
	socket.connection.setup.timeout.ms = 10000
	ssl.cipher.suites = null
	ssl.enabled.protocols = [TLSv1.2, TLSv1.3]
	ssl.endpoint.identification.algorithm = https
	ssl.engine.factory.class = null
	ssl.key.password = null
	ssl.keymanager.algorithm = SunX509
	ssl.keystore.certificate.chain = null
	ssl.keystore.key = null
	ssl.keystore.location = null
	ssl.keystore.password = null
	ssl.keystore.type = JKS
	ssl.protocol = TLSv1.3
	ssl.provider = null
	ssl.secure.random.implementation = null
	ssl.trustmanager.algorithm = PKIX
	ssl.truststore.certificates = null
	ssl.truststore.location = null
	ssl.truststore.password = null
	ssl.truststore.type = JKS
	transaction.timeout.ms = 60000
	transactional.id = null
	value.serializer = class io.apicurio.registry.serde.avro.AvroKafkaSerializer

2025-08-12 17:22:46,821 INFO  [org.apa.kaf.com.tel.int.KafkaMetricsCollector] (main) initializing Kafka metrics collector
2025-08-12 17:22:46,830 INFO  [org.apa.kaf.cli.pro.KafkaProducer] (main) [Producer clientId=Producer-topic-a9a9c8e2_060b_4d3f_9d96_195f316c451c] Instantiated an idempotent producer.
2025-08-12 17:22:46,834 INFO  [org.apa.kaf.cli.pro.ProducerConfig] (main) These configurations '[apicurio.registry.url, apicurio.registry.artifact-resolver-strategy]' were supplied but are not used yet.
2025-08-12 17:22:46,834 INFO  [org.apa.kaf.com.uti.AppInfoParser] (main) Kafka version: 3.9.1
2025-08-12 17:22:46,834 INFO  [org.apa.kaf.com.uti.AppInfoParser] (main) Kafka commitId: f745dfdcee2b9851
2025-08-12 17:22:46,834 INFO  [org.apa.kaf.com.uti.AppInfoParser] (main) Kafka startTimeMs: 1755019366834
2025-08-12 17:22:46,835 INFO  [io.api.tes.ser.api.KafkaSerdesTester] (Thread-729) Sending message {"keyB": "value-0"} to topic topic-a9a9c8e2_060b_4d3f_9d96_195f316c451c
2025-08-12 17:22:46,839 INFO  [org.apa.kaf.cli.Metadata] (kafka-producer-network-thread | Producer-topic-a9a9c8e2_060b_4d3f_9d96_195f316c451c) [Producer clientId=Producer-topic-a9a9c8e2_060b_4d3f_9d96_195f316c451c] Cluster ID: 7o-lMpHSRFKHq4uTXFQncw
2025-08-12 17:22:46,840 INFO  [org.apa.kaf.cli.pro.int.TransactionManager] (kafka-producer-network-thread | Producer-topic-a9a9c8e2_060b_4d3f_9d96_195f316c451c) [Producer clientId=Producer-topic-a9a9c8e2_060b_4d3f_9d96_195f316c451c] ProducerId set to 22 with epoch 0
2025-08-12 17:22:46,848 WARN  [org.apa.kaf.cli.NetworkClient] (kafka-producer-network-thread | Producer-topic-a9a9c8e2_060b_4d3f_9d96_195f316c451c) [Producer clientId=Producer-topic-a9a9c8e2_060b_4d3f_9d96_195f316c451c] The metadata response from the cluster reported a recoverable issue with correlation id 4 : {topic-a9a9c8e2_060b_4d3f_9d96_195f316c451c=UNKNOWN_TOPIC_OR_PARTITION}
2025-08-12 17:22:46,963 INFO  [DefaultSchemaResolver] (Thread-729) Retrieving schema content using string: {"type":"record","name":"myrecord","namespace":"mygroup","fields":[{"name":"keyB","type":"string"}]}
2025-08-12 17:22:47,122 INFO  [org.apa.kaf.cli.pro.KafkaProducer] (Thread-729) [Producer clientId=Producer-topic-a9a9c8e2_060b_4d3f_9d96_195f316c451c] Closing the Kafka producer with timeoutMillis = 9223372036854775807 ms.
2025-08-12 17:22:47,125 INFO  [org.apa.kaf.com.met.Metrics] (Thread-729) Metrics scheduler closed
2025-08-12 17:22:47,125 INFO  [org.apa.kaf.com.met.Metrics] (Thread-729) Closing reporter org.apache.kafka.common.metrics.JmxReporter
2025-08-12 17:22:47,125 INFO  [org.apa.kaf.com.met.Metrics] (Thread-729) Closing reporter org.apache.kafka.common.telemetry.internals.ClientTelemetryReporter
2025-08-12 17:22:47,125 INFO  [org.apa.kaf.com.met.Metrics] (Thread-729) Metrics reporters closed
2025-08-12 17:22:47,125 INFO  [org.apa.kaf.com.uti.AppInfoParser] (Thread-729) App info kafka.producer for Producer-topic-a9a9c8e2_060b_4d3f_9d96_195f316c451c unregistered
2025-08-12 17:22:47,128 INFO  [org.ecl.jet.ser.Server] (main) Stopped Server@1898593{STOPPING}[11.0.15,sto=1000]
2025-08-12 17:22:47,128 INFO  [org.ecl.jet.ser.Server] (main) Shutdown Server@1898593{STOPPING}[11.0.15,sto=1000]
2025-08-12 17:22:47,132 INFO  [org.ecl.jet.ser.AbstractConnector] (main) Stopped NetworkTrafficServerConnector@ee1493e{HTTP/1.1, (http/1.1, h2c)}{0.0.0.0:0}
2025-08-12 17:22:47,134 INFO  [org.ecl.jet.ser.han.ContextHandler] (main) Stopped o.e.j.s.ServletContextHandler@7102b480{/,null,STOPPED}
2025-08-12 17:22:47,134 INFO  [org.ecl.jet.ser.han.ContextHandler] (main) Stopped o.e.j.s.ServletContextHandler@32730f12{/__admin,null,STOPPED}
2025-08-12 17:22:47,137 INFO  [io.api.tes.uti.TestSeparator] (main) io.apicurio.tests.serdes.apicurio.AvroSerdeIT.testFirstRequestFailsRateLimited-FINISHED
2025-08-12 17:22:47,137 INFO  [io.api.tes.uti.TestSeparator] (main) ############################################################################
Test passed: testFirstRequestFailsRateLimited
]]></system-out>
    <system-err><![CDATA[com.microsoft.kiota.ApiException: the server returned an unexpected status code and no error class is registered for this code 429
	at com.microsoft.kiota.ApiExceptionBuilder.withMessage(ApiExceptionBuilder.java:45)
	at io.kiota.http.vertx.VertXRequestAdapter.throwIfFailedResponse(VertXRequestAdapter.java:370)
	at io.kiota.http.vertx.VertXRequestAdapter.send(VertXRequestAdapter.java:170)
	at io.apicurio.registry.rest.client.search.versions.VersionsRequestBuilder.post(VersionsRequestBuilder.java:94)
	at io.apicurio.registry.resolver.client.RegistryClientFacadeImpl.searchVersionsByContent(RegistryClientFacadeImpl.java:106)
	at io.apicurio.registry.resolver.DefaultSchemaResolver.lambda$handleResolveSchemaByContent$3(DefaultSchemaResolver.java:258)
	at io.apicurio.registry.resolver.cache.ERCache.lambda$getValue$0(ERCache.java:174)
	at io.apicurio.registry.resolver.cache.ERCache.retry(ERCache.java:227)
	at io.apicurio.registry.resolver.cache.ERCache.getValue(ERCache.java:173)
	at io.apicurio.registry.resolver.cache.ERCache.getByContent(ERCache.java:147)
	at io.apicurio.registry.resolver.DefaultSchemaResolver.handleResolveSchemaByContent(DefaultSchemaResolver.java:253)
	at io.apicurio.registry.resolver.DefaultSchemaResolver.getSchemaFromRegistry(DefaultSchemaResolver.java:138)
	at io.apicurio.registry.resolver.DefaultSchemaResolver.lambda$resolveSchema$0(DefaultSchemaResolver.java:84)
	at java.base/java.util.Optional.orElseGet(Optional.java:364)
	at io.apicurio.registry.resolver.DefaultSchemaResolver.resolveSchema(DefaultSchemaResolver.java:84)
	at io.apicurio.registry.serde.AbstractSerializer.serializeData(AbstractSerializer.java:62)
	at io.apicurio.registry.serde.KafkaSerializer.serialize(KafkaSerializer.java:77)
	at org.apache.kafka.clients.producer.KafkaProducer.doSend(KafkaProducer.java:1046)
	at org.apache.kafka.clients.producer.KafkaProducer.send(KafkaProducer.java:993)
	at org.apache.kafka.clients.producer.KafkaProducer.send(KafkaProducer.java:875)
	at io.apicurio.tests.serdes.apicurio.KafkaSerdesTester.lambda$produceMessages$3(KafkaSerdesTester.java:138)
	at java.base/java.util.concurrent.CompletableFuture$AsyncSupply.run(CompletableFuture.java:1768)
	at java.base/java.lang.Thread.run(Thread.java:840)
]]></system-err>
  </testcase>
  <testcase name="testFirstEmptyFieldConfusedAsMagicByte" classname="io.apicurio.tests.serdes.apicurio.AvroSerdeIT" time="4.077">
    <system-out><![CDATA[2025-08-12 17:22:47,139 INFO  [io.api.tes.uti.TestSeparator] (main) ############################################################################
2025-08-12 17:22:47,139 INFO  [io.api.tes.uti.TestSeparator] (main) io.apicurio.tests.serdes.apicurio.AvroSerdeIT.testFirstEmptyFieldConfusedAsMagicByte-STARTED
**** Registry Base URL: http://registry-app-mysql.apps.ci419.apicurio-testing.org:80
2025-08-12 17:22:47,147 INFO  [org.apa.kaf.cli.pro.ProducerConfig] (main) ProducerConfig values: 
	acks = -1
	auto.include.jmx.reporter = true
	batch.size = 16384
	bootstrap.servers = [PLAINTEXT://localhost:32769]
	buffer.memory = 33554432
	client.dns.lookup = use_all_dns_ips
	client.id = Producer-topic-b8ed6b50_92f6_4e8e_848d_d48d20b4f02f
	compression.gzip.level = -1
	compression.lz4.level = 9
	compression.type = none
	compression.zstd.level = 3
	connections.max.idle.ms = 10000
	delivery.timeout.ms = 120000
	enable.idempotence = true
	enable.metrics.push = true
	interceptor.classes = []
	key.serializer = class org.apache.kafka.common.serialization.StringSerializer
	linger.ms = 0
	max.block.ms = 60000
	max.in.flight.requests.per.connection = 5
	max.request.size = 1048576
	metadata.max.age.ms = 300000
	metadata.max.idle.ms = 300000
	metadata.recovery.strategy = none
	metric.reporters = []
	metrics.num.samples = 2
	metrics.recording.level = INFO
	metrics.sample.window.ms = 30000
	partitioner.adaptive.partitioning.enable = true
	partitioner.availability.timeout.ms = 0
	partitioner.class = null
	partitioner.ignore.keys = false
	receive.buffer.bytes = 32768
	reconnect.backoff.max.ms = 1000
	reconnect.backoff.ms = 50
	request.timeout.ms = 5000
	retries = 2147483647
	retry.backoff.max.ms = 1000
	retry.backoff.ms = 100
	sasl.client.callback.handler.class = null
	sasl.jaas.config = null
	sasl.kerberos.kinit.cmd = /usr/bin/kinit
	sasl.kerberos.min.time.before.relogin = 60000
	sasl.kerberos.service.name = null
	sasl.kerberos.ticket.renew.jitter = 0.05
	sasl.kerberos.ticket.renew.window.factor = 0.8
	sasl.login.callback.handler.class = null
	sasl.login.class = null
	sasl.login.connect.timeout.ms = null
	sasl.login.read.timeout.ms = null
	sasl.login.refresh.buffer.seconds = 300
	sasl.login.refresh.min.period.seconds = 60
	sasl.login.refresh.window.factor = 0.8
	sasl.login.refresh.window.jitter = 0.05
	sasl.login.retry.backoff.max.ms = 10000
	sasl.login.retry.backoff.ms = 100
	sasl.mechanism = GSSAPI
	sasl.oauthbearer.clock.skew.seconds = 30
	sasl.oauthbearer.expected.audience = null
	sasl.oauthbearer.expected.issuer = null
	sasl.oauthbearer.header.urlencode = false
	sasl.oauthbearer.jwks.endpoint.refresh.ms = 3600000
	sasl.oauthbearer.jwks.endpoint.retry.backoff.max.ms = 10000
	sasl.oauthbearer.jwks.endpoint.retry.backoff.ms = 100
	sasl.oauthbearer.jwks.endpoint.url = null
	sasl.oauthbearer.scope.claim.name = scope
	sasl.oauthbearer.sub.claim.name = sub
	sasl.oauthbearer.token.endpoint.url = null
	security.protocol = PLAINTEXT
	security.providers = null
	send.buffer.bytes = 131072
	socket.connection.setup.timeout.max.ms = 30000
	socket.connection.setup.timeout.ms = 10000
	ssl.cipher.suites = null
	ssl.enabled.protocols = [TLSv1.2, TLSv1.3]
	ssl.endpoint.identification.algorithm = https
	ssl.engine.factory.class = null
	ssl.key.password = null
	ssl.keymanager.algorithm = SunX509
	ssl.keystore.certificate.chain = null
	ssl.keystore.key = null
	ssl.keystore.location = null
	ssl.keystore.password = null
	ssl.keystore.type = JKS
	ssl.protocol = TLSv1.3
	ssl.provider = null
	ssl.secure.random.implementation = null
	ssl.trustmanager.algorithm = PKIX
	ssl.truststore.certificates = null
	ssl.truststore.location = null
	ssl.truststore.password = null
	ssl.truststore.type = JKS
	transaction.timeout.ms = 60000
	transactional.id = null
	value.serializer = class io.apicurio.registry.serde.avro.AvroKafkaSerializer

2025-08-12 17:22:47,147 INFO  [org.apa.kaf.com.tel.int.KafkaMetricsCollector] (main) initializing Kafka metrics collector
2025-08-12 17:22:47,153 INFO  [org.apa.kaf.cli.pro.KafkaProducer] (main) [Producer clientId=Producer-topic-b8ed6b50_92f6_4e8e_848d_d48d20b4f02f] Instantiated an idempotent producer.
2025-08-12 17:22:47,154 INFO  [org.apa.kaf.cli.pro.ProducerConfig] (main) These configurations '[apicurio.registry.url, apicurio.registry.auto-register, apicurio.registry.artifact-resolver-strategy]' were supplied but are not used yet.
2025-08-12 17:22:47,154 INFO  [org.apa.kaf.com.uti.AppInfoParser] (main) Kafka version: 3.9.1
2025-08-12 17:22:47,154 INFO  [org.apa.kaf.com.uti.AppInfoParser] (main) Kafka commitId: f745dfdcee2b9851
2025-08-12 17:22:47,155 INFO  [org.apa.kaf.com.uti.AppInfoParser] (main) Kafka startTimeMs: 1755019367154
2025-08-12 17:22:47,155 INFO  [io.api.tes.ser.api.SimpleSerdesTesterBuilder$SimpleSerdesTester] (main) Using producer configuration: {apicurio.registry.url=http://registry-app-mysql.apps.ci419.apicurio-testing.org:80/apis/registry/v3, apicurio.registry.auto-register=true, apicurio.registry.artifact-resolver-strategy=io.apicurio.registry.serde.strategy.SimpleTopicIdStrategy, value.serializer=io.apicurio.registry.serde.avro.AvroKafkaSerializer, request.timeout.ms=5000, acks=all, bootstrap.servers=PLAINTEXT://localhost:32769, connections.max.idle.ms=10000, key.serializer=org.apache.kafka.common.serialization.StringSerializer, client.id=Producer-topic-b8ed6b50_92f6_4e8e_848d_d48d20b4f02f}
2025-08-12 17:22:47,155 INFO  [io.api.tes.ser.api.SimpleSerdesTesterBuilder$SimpleSerdesTester] (main) Using consumer configuration: {}
2025-08-12 17:22:47,156 INFO  [io.api.tes.ser.api.KafkaSerdesTester] (Thread-732) Sending message {"username": null} to topic topic-b8ed6b50_92f6_4e8e_848d_d48d20b4f02f
2025-08-12 17:22:47,161 WARN  [org.apa.kaf.cli.NetworkClient] (kafka-producer-network-thread | Producer-topic-b8ed6b50_92f6_4e8e_848d_d48d20b4f02f) [Producer clientId=Producer-topic-b8ed6b50_92f6_4e8e_848d_d48d20b4f02f] The metadata response from the cluster reported a recoverable issue with correlation id 1 : {topic-b8ed6b50_92f6_4e8e_848d_d48d20b4f02f=UNKNOWN_TOPIC_OR_PARTITION}
2025-08-12 17:22:47,161 INFO  [org.apa.kaf.cli.Metadata] (kafka-producer-network-thread | Producer-topic-b8ed6b50_92f6_4e8e_848d_d48d20b4f02f) [Producer clientId=Producer-topic-b8ed6b50_92f6_4e8e_848d_d48d20b4f02f] Cluster ID: 7o-lMpHSRFKHq4uTXFQncw
2025-08-12 17:22:47,161 INFO  [org.apa.kaf.cli.pro.int.TransactionManager] (kafka-producer-network-thread | Producer-topic-b8ed6b50_92f6_4e8e_848d_d48d20b4f02f) [Producer clientId=Producer-topic-b8ed6b50_92f6_4e8e_848d_d48d20b4f02f] ProducerId set to 23 with epoch 0
2025-08-12 17:22:47,402 INFO  [io.api.tes.ser.api.KafkaSerdesTester] (Thread-732) Sending message {"username": null} to topic topic-b8ed6b50_92f6_4e8e_848d_d48d20b4f02f
2025-08-12 17:22:47,405 INFO  [io.api.tes.ser.api.KafkaSerdesTester] (Thread-732) Sending message {"username": "value-2"} to topic topic-b8ed6b50_92f6_4e8e_848d_d48d20b4f02f
2025-08-12 17:22:47,407 INFO  [io.api.tes.ser.api.KafkaSerdesTester] (Thread-732) Sending message {"username": null} to topic topic-b8ed6b50_92f6_4e8e_848d_d48d20b4f02f
2025-08-12 17:22:47,408 INFO  [io.api.tes.ser.api.KafkaSerdesTester] (Thread-732) Sending message {"username": "value-4"} to topic topic-b8ed6b50_92f6_4e8e_848d_d48d20b4f02f
2025-08-12 17:22:47,409 INFO  [io.api.tes.ser.api.KafkaSerdesTester] (Thread-732) Sending message {"username": null} to topic topic-b8ed6b50_92f6_4e8e_848d_d48d20b4f02f
2025-08-12 17:22:47,411 INFO  [io.api.tes.ser.api.KafkaSerdesTester] (Thread-732) Sending message {"username": "value-6"} to topic topic-b8ed6b50_92f6_4e8e_848d_d48d20b4f02f
2025-08-12 17:22:47,414 INFO  [io.api.tes.ser.api.KafkaSerdesTester] (Thread-732) Sending message {"username": null} to topic topic-b8ed6b50_92f6_4e8e_848d_d48d20b4f02f
2025-08-12 17:22:47,415 INFO  [io.api.tes.ser.api.KafkaSerdesTester] (Thread-732) Sending message {"username": "value-8"} to topic topic-b8ed6b50_92f6_4e8e_848d_d48d20b4f02f
2025-08-12 17:22:47,416 INFO  [io.api.tes.ser.api.KafkaSerdesTester] (Thread-732) Sending message {"username": null} to topic topic-b8ed6b50_92f6_4e8e_848d_d48d20b4f02f
2025-08-12 17:22:47,418 INFO  [io.api.tes.ser.api.KafkaSerdesTester] (Thread-732) Produced 10 messages
2025-08-12 17:22:47,418 INFO  [org.apa.kaf.cli.pro.KafkaProducer] (Thread-732) [Producer clientId=Producer-topic-b8ed6b50_92f6_4e8e_848d_d48d20b4f02f] Closing the Kafka producer with timeoutMillis = 9223372036854775807 ms.
2025-08-12 17:22:47,421 INFO  [org.apa.kaf.com.met.Metrics] (Thread-732) Metrics scheduler closed
2025-08-12 17:22:47,421 INFO  [org.apa.kaf.com.met.Metrics] (Thread-732) Closing reporter org.apache.kafka.common.metrics.JmxReporter
2025-08-12 17:22:47,421 INFO  [org.apa.kaf.com.met.Metrics] (Thread-732) Closing reporter org.apache.kafka.common.telemetry.internals.ClientTelemetryReporter
2025-08-12 17:22:47,421 INFO  [org.apa.kaf.com.met.Metrics] (Thread-732) Metrics reporters closed
2025-08-12 17:22:47,422 INFO  [org.apa.kaf.com.uti.AppInfoParser] (Thread-732) App info kafka.producer for Producer-topic-b8ed6b50_92f6_4e8e_848d_d48d20b4f02f unregistered
**** Registry Base URL: http://registry-app-mysql.apps.ci419.apicurio-testing.org:80
2025-08-12 17:22:47,552 INFO  [org.apa.kaf.cli.con.ConsumerConfig] (main) ConsumerConfig values: 
	allow.auto.create.topics = true
	auto.commit.interval.ms = 500
	auto.include.jmx.reporter = true
	auto.offset.reset = earliest
	bootstrap.servers = [PLAINTEXT://localhost:32769]
	check.crcs = true
	client.dns.lookup = use_all_dns_ips
	client.id = consumer-Consumer-topic-b8ed6b50_92f6_4e8e_848d_d48d20b4f02f-17
	client.rack = 
	connections.max.idle.ms = 10000
	default.api.timeout.ms = 60000
	enable.auto.commit = true
	enable.metrics.push = true
	exclude.internal.topics = true
	fetch.max.bytes = 52428800
	fetch.max.wait.ms = 500
	fetch.min.bytes = 1
	group.id = Consumer-topic-b8ed6b50_92f6_4e8e_848d_d48d20b4f02f
	group.instance.id = null
	group.protocol = classic
	group.remote.assignor = null
	heartbeat.interval.ms = 3000
	interceptor.classes = []
	internal.leave.group.on.close = true
	internal.throw.on.fetch.stable.offset.unsupported = false
	isolation.level = read_uncommitted
	key.deserializer = class org.apache.kafka.common.serialization.StringDeserializer
	max.partition.fetch.bytes = 1048576
	max.poll.interval.ms = 300000
	max.poll.records = 500
	metadata.max.age.ms = 300000
	metadata.recovery.strategy = none
	metric.reporters = []
	metrics.num.samples = 2
	metrics.recording.level = INFO
	metrics.sample.window.ms = 30000
	partition.assignment.strategy = [class org.apache.kafka.clients.consumer.RangeAssignor, class org.apache.kafka.clients.consumer.CooperativeStickyAssignor]
	receive.buffer.bytes = 65536
	reconnect.backoff.max.ms = 1000
	reconnect.backoff.ms = 50
	request.timeout.ms = 5000
	retry.backoff.max.ms = 1000
	retry.backoff.ms = 100
	sasl.client.callback.handler.class = null
	sasl.jaas.config = null
	sasl.kerberos.kinit.cmd = /usr/bin/kinit
	sasl.kerberos.min.time.before.relogin = 60000
	sasl.kerberos.service.name = null
	sasl.kerberos.ticket.renew.jitter = 0.05
	sasl.kerberos.ticket.renew.window.factor = 0.8
	sasl.login.callback.handler.class = null
	sasl.login.class = null
	sasl.login.connect.timeout.ms = null
	sasl.login.read.timeout.ms = null
	sasl.login.refresh.buffer.seconds = 300
	sasl.login.refresh.min.period.seconds = 60
	sasl.login.refresh.window.factor = 0.8
	sasl.login.refresh.window.jitter = 0.05
	sasl.login.retry.backoff.max.ms = 10000
	sasl.login.retry.backoff.ms = 100
	sasl.mechanism = GSSAPI
	sasl.oauthbearer.clock.skew.seconds = 30
	sasl.oauthbearer.expected.audience = null
	sasl.oauthbearer.expected.issuer = null
	sasl.oauthbearer.header.urlencode = false
	sasl.oauthbearer.jwks.endpoint.refresh.ms = 3600000
	sasl.oauthbearer.jwks.endpoint.retry.backoff.max.ms = 10000
	sasl.oauthbearer.jwks.endpoint.retry.backoff.ms = 100
	sasl.oauthbearer.jwks.endpoint.url = null
	sasl.oauthbearer.scope.claim.name = scope
	sasl.oauthbearer.sub.claim.name = sub
	sasl.oauthbearer.token.endpoint.url = null
	security.protocol = PLAINTEXT
	security.providers = null
	send.buffer.bytes = 131072
	session.timeout.ms = 45000
	socket.connection.setup.timeout.max.ms = 30000
	socket.connection.setup.timeout.ms = 10000
	ssl.cipher.suites = null
	ssl.enabled.protocols = [TLSv1.2, TLSv1.3]
	ssl.endpoint.identification.algorithm = https
	ssl.engine.factory.class = null
	ssl.key.password = null
	ssl.keymanager.algorithm = SunX509
	ssl.keystore.certificate.chain = null
	ssl.keystore.key = null
	ssl.keystore.location = null
	ssl.keystore.password = null
	ssl.keystore.type = JKS
	ssl.protocol = TLSv1.3
	ssl.provider = null
	ssl.secure.random.implementation = null
	ssl.trustmanager.algorithm = PKIX
	ssl.truststore.certificates = null
	ssl.truststore.location = null
	ssl.truststore.password = null
	ssl.truststore.type = JKS
	value.deserializer = class io.apicurio.registry.serde.avro.AvroKafkaDeserializer

2025-08-12 17:22:47,552 INFO  [org.apa.kaf.com.tel.int.KafkaMetricsCollector] (main) initializing Kafka metrics collector
2025-08-12 17:22:47,557 INFO  [org.apa.kaf.cli.con.ConsumerConfig] (main) These configurations '[apicurio.registry.url]' were supplied but are not used yet.
2025-08-12 17:22:47,557 INFO  [org.apa.kaf.com.uti.AppInfoParser] (main) Kafka version: 3.9.1
2025-08-12 17:22:47,557 INFO  [org.apa.kaf.com.uti.AppInfoParser] (main) Kafka commitId: f745dfdcee2b9851
2025-08-12 17:22:47,557 INFO  [org.apa.kaf.com.uti.AppInfoParser] (main) Kafka startTimeMs: 1755019367557
2025-08-12 17:22:47,557 INFO  [org.apa.kaf.cli.con.int.ClassicKafkaConsumer] (Thread-735) [Consumer clientId=consumer-Consumer-topic-b8ed6b50_92f6_4e8e_848d_d48d20b4f02f-17, groupId=Consumer-topic-b8ed6b50_92f6_4e8e_848d_d48d20b4f02f] Subscribed to topic(s): topic-b8ed6b50_92f6_4e8e_848d_d48d20b4f02f
2025-08-12 17:22:47,562 INFO  [org.apa.kaf.cli.Metadata] (Thread-735) [Consumer clientId=consumer-Consumer-topic-b8ed6b50_92f6_4e8e_848d_d48d20b4f02f-17, groupId=Consumer-topic-b8ed6b50_92f6_4e8e_848d_d48d20b4f02f] Cluster ID: 7o-lMpHSRFKHq4uTXFQncw
2025-08-12 17:22:47,565 INFO  [org.apa.kaf.cli.con.int.ConsumerCoordinator] (Thread-735) [Consumer clientId=consumer-Consumer-topic-b8ed6b50_92f6_4e8e_848d_d48d20b4f02f-17, groupId=Consumer-topic-b8ed6b50_92f6_4e8e_848d_d48d20b4f02f] Discovered group coordinator localhost:32769 (id: 2147483647 rack: null)
2025-08-12 17:22:47,569 INFO  [org.apa.kaf.cli.con.int.ConsumerCoordinator] (Thread-735) [Consumer clientId=consumer-Consumer-topic-b8ed6b50_92f6_4e8e_848d_d48d20b4f02f-17, groupId=Consumer-topic-b8ed6b50_92f6_4e8e_848d_d48d20b4f02f] (Re-)joining group
2025-08-12 17:22:47,572 INFO  [org.apa.kaf.cli.con.int.ConsumerCoordinator] (Thread-735) [Consumer clientId=consumer-Consumer-topic-b8ed6b50_92f6_4e8e_848d_d48d20b4f02f-17, groupId=Consumer-topic-b8ed6b50_92f6_4e8e_848d_d48d20b4f02f] Request joining group due to: need to re-join with the given member-id: consumer-Consumer-topic-b8ed6b50_92f6_4e8e_848d_d48d20b4f02f-17-97091974-5f65-4e83-a727-ffa10d5c31c6
2025-08-12 17:22:47,572 INFO  [org.apa.kaf.cli.con.int.ConsumerCoordinator] (Thread-735) [Consumer clientId=consumer-Consumer-topic-b8ed6b50_92f6_4e8e_848d_d48d20b4f02f-17, groupId=Consumer-topic-b8ed6b50_92f6_4e8e_848d_d48d20b4f02f] (Re-)joining group
2025-08-12 17:22:48,557 INFO  [io.api.tes.ser.api.KafkaSerdesTester] (Thread-735) None found
2025-08-12 17:22:49,557 INFO  [io.api.tes.ser.api.KafkaSerdesTester] (Thread-735) None found
2025-08-12 17:22:50,557 INFO  [io.api.tes.ser.api.KafkaSerdesTester] (Thread-735) None found
2025-08-12 17:22:50,575 INFO  [org.apa.kaf.cli.con.int.ConsumerCoordinator] (Thread-735) [Consumer clientId=consumer-Consumer-topic-b8ed6b50_92f6_4e8e_848d_d48d20b4f02f-17, groupId=Consumer-topic-b8ed6b50_92f6_4e8e_848d_d48d20b4f02f] Successfully joined group with generation Generation{generationId=1, memberId='consumer-Consumer-topic-b8ed6b50_92f6_4e8e_848d_d48d20b4f02f-17-97091974-5f65-4e83-a727-ffa10d5c31c6', protocol='range'}
2025-08-12 17:22:50,576 INFO  [org.apa.kaf.cli.con.int.ConsumerCoordinator] (Thread-735) [Consumer clientId=consumer-Consumer-topic-b8ed6b50_92f6_4e8e_848d_d48d20b4f02f-17, groupId=Consumer-topic-b8ed6b50_92f6_4e8e_848d_d48d20b4f02f] Finished assignment for group at generation 1: {consumer-Consumer-topic-b8ed6b50_92f6_4e8e_848d_d48d20b4f02f-17-97091974-5f65-4e83-a727-ffa10d5c31c6=Assignment(partitions=[topic-b8ed6b50_92f6_4e8e_848d_d48d20b4f02f-0])}
2025-08-12 17:22:50,583 INFO  [org.apa.kaf.cli.con.int.ConsumerCoordinator] (Thread-735) [Consumer clientId=consumer-Consumer-topic-b8ed6b50_92f6_4e8e_848d_d48d20b4f02f-17, groupId=Consumer-topic-b8ed6b50_92f6_4e8e_848d_d48d20b4f02f] Successfully synced group in generation Generation{generationId=1, memberId='consumer-Consumer-topic-b8ed6b50_92f6_4e8e_848d_d48d20b4f02f-17-97091974-5f65-4e83-a727-ffa10d5c31c6', protocol='range'}
2025-08-12 17:22:50,583 INFO  [org.apa.kaf.cli.con.int.ConsumerCoordinator] (Thread-735) [Consumer clientId=consumer-Consumer-topic-b8ed6b50_92f6_4e8e_848d_d48d20b4f02f-17, groupId=Consumer-topic-b8ed6b50_92f6_4e8e_848d_d48d20b4f02f] Notifying assignor about the new Assignment(partitions=[topic-b8ed6b50_92f6_4e8e_848d_d48d20b4f02f-0])
2025-08-12 17:22:50,583 INFO  [org.apa.kaf.cli.con.int.ConsumerRebalanceListenerInvoker] (Thread-735) [Consumer clientId=consumer-Consumer-topic-b8ed6b50_92f6_4e8e_848d_d48d20b4f02f-17, groupId=Consumer-topic-b8ed6b50_92f6_4e8e_848d_d48d20b4f02f] Adding newly assigned partitions: topic-b8ed6b50_92f6_4e8e_848d_d48d20b4f02f-0
2025-08-12 17:22:50,584 INFO  [org.apa.kaf.cli.con.int.ConsumerCoordinator] (Thread-735) [Consumer clientId=consumer-Consumer-topic-b8ed6b50_92f6_4e8e_848d_d48d20b4f02f-17, groupId=Consumer-topic-b8ed6b50_92f6_4e8e_848d_d48d20b4f02f] Found no committed offset for partition topic-b8ed6b50_92f6_4e8e_848d_d48d20b4f02f-0
2025-08-12 17:22:50,589 INFO  [org.apa.kaf.cli.con.int.SubscriptionState] (Thread-735) [Consumer clientId=consumer-Consumer-topic-b8ed6b50_92f6_4e8e_848d_d48d20b4f02f-17, groupId=Consumer-topic-b8ed6b50_92f6_4e8e_848d_d48d20b4f02f] Resetting offset for partition topic-b8ed6b50_92f6_4e8e_848d_d48d20b4f02f-0 to position FetchPosition{offset=0, offsetEpoch=Optional.empty, currentLeader=LeaderAndEpoch{leader=Optional[localhost:32769 (id: 0 rack: null)], epoch=0}}.
2025-08-12 17:22:50,710 INFO  [io.api.tes.ser.api.KafkaSerdesTester] (Thread-735) topic-b8ed6b50_92f6_4e8e_848d_d48d20b4f02f 0 0 {"username": null}
2025-08-12 17:22:50,710 INFO  [io.api.tes.ser.api.KafkaSerdesTester] (Thread-735) topic-b8ed6b50_92f6_4e8e_848d_d48d20b4f02f 0 1 {"username": null}
2025-08-12 17:22:50,710 INFO  [io.api.tes.ser.api.KafkaSerdesTester] (Thread-735) topic-b8ed6b50_92f6_4e8e_848d_d48d20b4f02f 0 2 {"username": "value-2"}
2025-08-12 17:22:50,710 INFO  [io.api.tes.ser.api.KafkaSerdesTester] (Thread-735) topic-b8ed6b50_92f6_4e8e_848d_d48d20b4f02f 0 3 {"username": null}
2025-08-12 17:22:50,710 INFO  [io.api.tes.ser.api.KafkaSerdesTester] (Thread-735) topic-b8ed6b50_92f6_4e8e_848d_d48d20b4f02f 0 4 {"username": "value-4"}
2025-08-12 17:22:50,710 INFO  [io.api.tes.ser.api.KafkaSerdesTester] (Thread-735) topic-b8ed6b50_92f6_4e8e_848d_d48d20b4f02f 0 5 {"username": null}
2025-08-12 17:22:50,710 INFO  [io.api.tes.ser.api.KafkaSerdesTester] (Thread-735) topic-b8ed6b50_92f6_4e8e_848d_d48d20b4f02f 0 6 {"username": "value-6"}
2025-08-12 17:22:50,710 INFO  [io.api.tes.ser.api.KafkaSerdesTester] (Thread-735) topic-b8ed6b50_92f6_4e8e_848d_d48d20b4f02f 0 7 {"username": null}
2025-08-12 17:22:50,710 INFO  [io.api.tes.ser.api.KafkaSerdesTester] (Thread-735) topic-b8ed6b50_92f6_4e8e_848d_d48d20b4f02f 0 8 {"username": "value-8"}
2025-08-12 17:22:50,710 INFO  [io.api.tes.ser.api.KafkaSerdesTester] (Thread-735) topic-b8ed6b50_92f6_4e8e_848d_d48d20b4f02f 0 9 {"username": null}
2025-08-12 17:22:50,710 INFO  [io.api.tes.ser.api.KafkaSerdesTester] (Thread-735) Consumed 10 messages
2025-08-12 17:22:50,718 INFO  [org.apa.kaf.cli.con.int.ConsumerRebalanceListenerInvoker] (Thread-735) [Consumer clientId=consumer-Consumer-topic-b8ed6b50_92f6_4e8e_848d_d48d20b4f02f-17, groupId=Consumer-topic-b8ed6b50_92f6_4e8e_848d_d48d20b4f02f] Revoke previously assigned partitions topic-b8ed6b50_92f6_4e8e_848d_d48d20b4f02f-0
2025-08-12 17:22:50,718 INFO  [org.apa.kaf.cli.con.int.ConsumerCoordinator] (Thread-735) [Consumer clientId=consumer-Consumer-topic-b8ed6b50_92f6_4e8e_848d_d48d20b4f02f-17, groupId=Consumer-topic-b8ed6b50_92f6_4e8e_848d_d48d20b4f02f] Member consumer-Consumer-topic-b8ed6b50_92f6_4e8e_848d_d48d20b4f02f-17-97091974-5f65-4e83-a727-ffa10d5c31c6 sending LeaveGroup request to coordinator localhost:32769 (id: 2147483647 rack: null) due to the consumer is being closed
2025-08-12 17:22:50,718 INFO  [org.apa.kaf.cli.con.int.ConsumerCoordinator] (Thread-735) [Consumer clientId=consumer-Consumer-topic-b8ed6b50_92f6_4e8e_848d_d48d20b4f02f-17, groupId=Consumer-topic-b8ed6b50_92f6_4e8e_848d_d48d20b4f02f] Resetting generation and member id due to: consumer pro-actively leaving the group
2025-08-12 17:22:50,718 INFO  [org.apa.kaf.cli.con.int.ConsumerCoordinator] (Thread-735) [Consumer clientId=consumer-Consumer-topic-b8ed6b50_92f6_4e8e_848d_d48d20b4f02f-17, groupId=Consumer-topic-b8ed6b50_92f6_4e8e_848d_d48d20b4f02f] Request joining group due to: consumer pro-actively leaving the group
2025-08-12 17:22:51,213 INFO  [org.apa.kaf.com.met.Metrics] (Thread-735) Metrics scheduler closed
2025-08-12 17:22:51,213 INFO  [org.apa.kaf.com.met.Metrics] (Thread-735) Closing reporter org.apache.kafka.common.metrics.JmxReporter
2025-08-12 17:22:51,213 INFO  [org.apa.kaf.com.met.Metrics] (Thread-735) Closing reporter org.apache.kafka.common.telemetry.internals.ClientTelemetryReporter
2025-08-12 17:22:51,213 INFO  [org.apa.kaf.com.met.Metrics] (Thread-735) Metrics reporters closed
2025-08-12 17:22:51,214 INFO  [org.apa.kaf.com.uti.AppInfoParser] (Thread-735) App info kafka.consumer for consumer-Consumer-topic-b8ed6b50_92f6_4e8e_848d_d48d20b4f02f-17 unregistered
2025-08-12 17:22:51,215 INFO  [io.api.tes.uti.TestSeparator] (main) io.apicurio.tests.serdes.apicurio.AvroSerdeIT.testFirstEmptyFieldConfusedAsMagicByte-FINISHED
2025-08-12 17:22:51,215 INFO  [io.api.tes.uti.TestSeparator] (main) ############################################################################
Test passed: testFirstEmptyFieldConfusedAsMagicByte
]]></system-out>
  </testcase>
  <testcase name="testAvroSerDesFailDifferentSchemaByContent" classname="io.apicurio.tests.serdes.apicurio.AvroSerdeIT" time="1.292">
    <system-out><![CDATA[2025-08-12 17:22:51,216 INFO  [io.api.tes.uti.TestSeparator] (main) ############################################################################
2025-08-12 17:22:51,217 INFO  [io.api.tes.uti.TestSeparator] (main) io.apicurio.tests.serdes.apicurio.AvroSerdeIT.testAvroSerDesFailDifferentSchemaByContent-STARTED
**** Registry Base URL: http://registry-app-mysql.apps.ci419.apicurio-testing.org:80
2025-08-12 17:22:52,348 INFO  [org.apa.kaf.cli.pro.ProducerConfig] (main) ProducerConfig values: 
	acks = -1
	auto.include.jmx.reporter = true
	batch.size = 16384
	bootstrap.servers = [PLAINTEXT://localhost:32769]
	buffer.memory = 33554432
	client.dns.lookup = use_all_dns_ips
	client.id = Producer-topic-885be83b_ad10_439c_a5d7_fdf86e9f30e9
	compression.gzip.level = -1
	compression.lz4.level = 9
	compression.type = none
	compression.zstd.level = 3
	connections.max.idle.ms = 10000
	delivery.timeout.ms = 120000
	enable.idempotence = true
	enable.metrics.push = true
	interceptor.classes = []
	key.serializer = class org.apache.kafka.common.serialization.StringSerializer
	linger.ms = 0
	max.block.ms = 60000
	max.in.flight.requests.per.connection = 5
	max.request.size = 1048576
	metadata.max.age.ms = 300000
	metadata.max.idle.ms = 300000
	metadata.recovery.strategy = none
	metric.reporters = []
	metrics.num.samples = 2
	metrics.recording.level = INFO
	metrics.sample.window.ms = 30000
	partitioner.adaptive.partitioning.enable = true
	partitioner.availability.timeout.ms = 0
	partitioner.class = null
	partitioner.ignore.keys = false
	receive.buffer.bytes = 32768
	reconnect.backoff.max.ms = 1000
	reconnect.backoff.ms = 50
	request.timeout.ms = 5000
	retries = 2147483647
	retry.backoff.max.ms = 1000
	retry.backoff.ms = 100
	sasl.client.callback.handler.class = null
	sasl.jaas.config = null
	sasl.kerberos.kinit.cmd = /usr/bin/kinit
	sasl.kerberos.min.time.before.relogin = 60000
	sasl.kerberos.service.name = null
	sasl.kerberos.ticket.renew.jitter = 0.05
	sasl.kerberos.ticket.renew.window.factor = 0.8
	sasl.login.callback.handler.class = null
	sasl.login.class = null
	sasl.login.connect.timeout.ms = null
	sasl.login.read.timeout.ms = null
	sasl.login.refresh.buffer.seconds = 300
	sasl.login.refresh.min.period.seconds = 60
	sasl.login.refresh.window.factor = 0.8
	sasl.login.refresh.window.jitter = 0.05
	sasl.login.retry.backoff.max.ms = 10000
	sasl.login.retry.backoff.ms = 100
	sasl.mechanism = GSSAPI
	sasl.oauthbearer.clock.skew.seconds = 30
	sasl.oauthbearer.expected.audience = null
	sasl.oauthbearer.expected.issuer = null
	sasl.oauthbearer.header.urlencode = false
	sasl.oauthbearer.jwks.endpoint.refresh.ms = 3600000
	sasl.oauthbearer.jwks.endpoint.retry.backoff.max.ms = 10000
	sasl.oauthbearer.jwks.endpoint.retry.backoff.ms = 100
	sasl.oauthbearer.jwks.endpoint.url = null
	sasl.oauthbearer.scope.claim.name = scope
	sasl.oauthbearer.sub.claim.name = sub
	sasl.oauthbearer.token.endpoint.url = null
	security.protocol = PLAINTEXT
	security.providers = null
	send.buffer.bytes = 131072
	socket.connection.setup.timeout.max.ms = 30000
	socket.connection.setup.timeout.ms = 10000
	ssl.cipher.suites = null
	ssl.enabled.protocols = [TLSv1.2, TLSv1.3]
	ssl.endpoint.identification.algorithm = https
	ssl.engine.factory.class = null
	ssl.key.password = null
	ssl.keymanager.algorithm = SunX509
	ssl.keystore.certificate.chain = null
	ssl.keystore.key = null
	ssl.keystore.location = null
	ssl.keystore.password = null
	ssl.keystore.type = JKS
	ssl.protocol = TLSv1.3
	ssl.provider = null
	ssl.secure.random.implementation = null
	ssl.trustmanager.algorithm = PKIX
	ssl.truststore.certificates = null
	ssl.truststore.location = null
	ssl.truststore.password = null
	ssl.truststore.type = JKS
	transaction.timeout.ms = 60000
	transactional.id = null
	value.serializer = class io.apicurio.registry.serde.avro.AvroKafkaSerializer

2025-08-12 17:22:52,349 INFO  [org.apa.kaf.com.tel.int.KafkaMetricsCollector] (main) initializing Kafka metrics collector
2025-08-12 17:22:52,351 INFO  [org.apa.kaf.cli.pro.KafkaProducer] (main) [Producer clientId=Producer-topic-885be83b_ad10_439c_a5d7_fdf86e9f30e9] Instantiated an idempotent producer.
2025-08-12 17:22:52,353 INFO  [org.apa.kaf.cli.pro.ProducerConfig] (main) These configurations '[apicurio.registry.url, apicurio.registry.artifact-resolver-strategy]' were supplied but are not used yet.
2025-08-12 17:22:52,353 INFO  [org.apa.kaf.com.uti.AppInfoParser] (main) Kafka version: 3.9.1
2025-08-12 17:22:52,353 INFO  [org.apa.kaf.com.uti.AppInfoParser] (main) Kafka commitId: f745dfdcee2b9851
2025-08-12 17:22:52,353 INFO  [org.apa.kaf.com.uti.AppInfoParser] (main) Kafka startTimeMs: 1755019372353
2025-08-12 17:22:52,356 INFO  [io.api.tes.ser.api.KafkaSerdesTester] (Thread-738) Sending message {"keyB": "value-0"} to topic topic-885be83b_ad10_439c_a5d7_fdf86e9f30e9
2025-08-12 17:22:52,358 INFO  [org.apa.kaf.cli.Metadata] (kafka-producer-network-thread | Producer-topic-885be83b_ad10_439c_a5d7_fdf86e9f30e9) [Producer clientId=Producer-topic-885be83b_ad10_439c_a5d7_fdf86e9f30e9] Cluster ID: 7o-lMpHSRFKHq4uTXFQncw
2025-08-12 17:22:52,359 INFO  [DefaultSchemaResolver] (Thread-738) Retrieving schema content using string: {"type":"record","name":"s78841539xa3acx4a05xbe1ex95274ffc91fa","namespace":"s21b3a553x9070x486cxbc17xd49037ed224e","fields":[{"name":"keyB","type":"string"}]}
2025-08-12 17:22:52,359 INFO  [org.apa.kaf.cli.pro.int.TransactionManager] (kafka-producer-network-thread | Producer-topic-885be83b_ad10_439c_a5d7_fdf86e9f30e9) [Producer clientId=Producer-topic-885be83b_ad10_439c_a5d7_fdf86e9f30e9] ProducerId set to 24 with epoch 0
2025-08-12 17:22:52,505 INFO  [org.apa.kaf.cli.pro.KafkaProducer] (Thread-738) [Producer clientId=Producer-topic-885be83b_ad10_439c_a5d7_fdf86e9f30e9] Closing the Kafka producer with timeoutMillis = 9223372036854775807 ms.
2025-08-12 17:22:52,506 INFO  [org.apa.kaf.com.met.Metrics] (Thread-738) Metrics scheduler closed
2025-08-12 17:22:52,506 INFO  [org.apa.kaf.com.met.Metrics] (Thread-738) Closing reporter org.apache.kafka.common.metrics.JmxReporter
2025-08-12 17:22:52,506 INFO  [org.apa.kaf.com.met.Metrics] (Thread-738) Closing reporter org.apache.kafka.common.telemetry.internals.ClientTelemetryReporter
2025-08-12 17:22:52,506 INFO  [org.apa.kaf.com.met.Metrics] (Thread-738) Metrics reporters closed
2025-08-12 17:22:52,507 INFO  [org.apa.kaf.com.uti.AppInfoParser] (Thread-738) App info kafka.producer for Producer-topic-885be83b_ad10_439c_a5d7_fdf86e9f30e9 unregistered
2025-08-12 17:22:52,507 INFO  [io.api.tes.uti.TestSeparator] (main) io.apicurio.tests.serdes.apicurio.AvroSerdeIT.testAvroSerDesFailDifferentSchemaByContent-FINISHED
2025-08-12 17:22:52,507 INFO  [io.api.tes.uti.TestSeparator] (main) ############################################################################
Test passed: testAvroSerDesFailDifferentSchemaByContent
]]></system-out>
    <system-err><![CDATA[java.lang.RuntimeException: Could not resolve artifact reference by content: {"type":"record","name":"s78841539xa3acx4a05xbe1ex95274ffc91fa","namespace":"s21b3a553x9070x486cxbc17xd49037ed224e","fields":[{"name":"keyB","type":"string"}]}&ArtifactReference [groupId=s21b3a553x9070x486cxbc17xd49037ed224e, artifactId=s78841539xa3acx4a05xbe1ex95274ffc91fa, version=null, globalId=null, contentId=null, contentHash=null]
	at io.apicurio.registry.resolver.DefaultSchemaResolver.lambda$handleResolveSchemaByContent$3(DefaultSchemaResolver.java:265)
	at io.apicurio.registry.resolver.cache.ERCache.lambda$getValue$0(ERCache.java:174)
	at io.apicurio.registry.resolver.cache.ERCache.retry(ERCache.java:227)
	at io.apicurio.registry.resolver.cache.ERCache.getValue(ERCache.java:173)
	at io.apicurio.registry.resolver.cache.ERCache.getByContent(ERCache.java:147)
	at io.apicurio.registry.resolver.DefaultSchemaResolver.handleResolveSchemaByContent(DefaultSchemaResolver.java:253)
	at io.apicurio.registry.resolver.DefaultSchemaResolver.getSchemaFromRegistry(DefaultSchemaResolver.java:138)
	at io.apicurio.registry.resolver.DefaultSchemaResolver.lambda$resolveSchema$0(DefaultSchemaResolver.java:84)
	at java.base/java.util.Optional.orElseGet(Optional.java:364)
	at io.apicurio.registry.resolver.DefaultSchemaResolver.resolveSchema(DefaultSchemaResolver.java:84)
	at io.apicurio.registry.serde.AbstractSerializer.serializeData(AbstractSerializer.java:62)
	at io.apicurio.registry.serde.KafkaSerializer.serialize(KafkaSerializer.java:77)
	at org.apache.kafka.clients.producer.KafkaProducer.doSend(KafkaProducer.java:1046)
	at org.apache.kafka.clients.producer.KafkaProducer.send(KafkaProducer.java:993)
	at org.apache.kafka.clients.producer.KafkaProducer.send(KafkaProducer.java:875)
	at io.apicurio.tests.serdes.apicurio.KafkaSerdesTester.lambda$produceMessages$3(KafkaSerdesTester.java:138)
	at java.base/java.util.concurrent.CompletableFuture$AsyncSupply.run(CompletableFuture.java:1768)
	at java.base/java.lang.Thread.run(Thread.java:840)
]]></system-err>
  </testcase>
  <testcase name="testGlobalIdInBody" classname="io.apicurio.tests.serdes.apicurio.AvroSerdeIT" time="4.031">
    <system-out><![CDATA[2025-08-12 17:22:52,510 INFO  [io.api.tes.uti.TestSeparator] (main) ############################################################################
2025-08-12 17:22:52,510 INFO  [io.api.tes.uti.TestSeparator] (main) io.apicurio.tests.serdes.apicurio.AvroSerdeIT.testGlobalIdInBody-STARTED
**** Registry Base URL: http://registry-app-mysql.apps.ci419.apicurio-testing.org:80
2025-08-12 17:22:52,515 INFO  [org.apa.kaf.cli.pro.ProducerConfig] (main) ProducerConfig values: 
	acks = -1
	auto.include.jmx.reporter = true
	batch.size = 16384
	bootstrap.servers = [PLAINTEXT://localhost:32769]
	buffer.memory = 33554432
	client.dns.lookup = use_all_dns_ips
	client.id = Producer-topic-9b6421e4_c8bf_47b8_bb9c_dd3c4fd3a970
	compression.gzip.level = -1
	compression.lz4.level = 9
	compression.type = none
	compression.zstd.level = 3
	connections.max.idle.ms = 10000
	delivery.timeout.ms = 120000
	enable.idempotence = true
	enable.metrics.push = true
	interceptor.classes = []
	key.serializer = class org.apache.kafka.common.serialization.StringSerializer
	linger.ms = 0
	max.block.ms = 60000
	max.in.flight.requests.per.connection = 5
	max.request.size = 1048576
	metadata.max.age.ms = 300000
	metadata.max.idle.ms = 300000
	metadata.recovery.strategy = none
	metric.reporters = []
	metrics.num.samples = 2
	metrics.recording.level = INFO
	metrics.sample.window.ms = 30000
	partitioner.adaptive.partitioning.enable = true
	partitioner.availability.timeout.ms = 0
	partitioner.class = null
	partitioner.ignore.keys = false
	receive.buffer.bytes = 32768
	reconnect.backoff.max.ms = 1000
	reconnect.backoff.ms = 50
	request.timeout.ms = 5000
	retries = 2147483647
	retry.backoff.max.ms = 1000
	retry.backoff.ms = 100
	sasl.client.callback.handler.class = null
	sasl.jaas.config = null
	sasl.kerberos.kinit.cmd = /usr/bin/kinit
	sasl.kerberos.min.time.before.relogin = 60000
	sasl.kerberos.service.name = null
	sasl.kerberos.ticket.renew.jitter = 0.05
	sasl.kerberos.ticket.renew.window.factor = 0.8
	sasl.login.callback.handler.class = null
	sasl.login.class = null
	sasl.login.connect.timeout.ms = null
	sasl.login.read.timeout.ms = null
	sasl.login.refresh.buffer.seconds = 300
	sasl.login.refresh.min.period.seconds = 60
	sasl.login.refresh.window.factor = 0.8
	sasl.login.refresh.window.jitter = 0.05
	sasl.login.retry.backoff.max.ms = 10000
	sasl.login.retry.backoff.ms = 100
	sasl.mechanism = GSSAPI
	sasl.oauthbearer.clock.skew.seconds = 30
	sasl.oauthbearer.expected.audience = null
	sasl.oauthbearer.expected.issuer = null
	sasl.oauthbearer.header.urlencode = false
	sasl.oauthbearer.jwks.endpoint.refresh.ms = 3600000
	sasl.oauthbearer.jwks.endpoint.retry.backoff.max.ms = 10000
	sasl.oauthbearer.jwks.endpoint.retry.backoff.ms = 100
	sasl.oauthbearer.jwks.endpoint.url = null
	sasl.oauthbearer.scope.claim.name = scope
	sasl.oauthbearer.sub.claim.name = sub
	sasl.oauthbearer.token.endpoint.url = null
	security.protocol = PLAINTEXT
	security.providers = null
	send.buffer.bytes = 131072
	socket.connection.setup.timeout.max.ms = 30000
	socket.connection.setup.timeout.ms = 10000
	ssl.cipher.suites = null
	ssl.enabled.protocols = [TLSv1.2, TLSv1.3]
	ssl.endpoint.identification.algorithm = https
	ssl.engine.factory.class = null
	ssl.key.password = null
	ssl.keymanager.algorithm = SunX509
	ssl.keystore.certificate.chain = null
	ssl.keystore.key = null
	ssl.keystore.location = null
	ssl.keystore.password = null
	ssl.keystore.type = JKS
	ssl.protocol = TLSv1.3
	ssl.provider = null
	ssl.secure.random.implementation = null
	ssl.trustmanager.algorithm = PKIX
	ssl.truststore.certificates = null
	ssl.truststore.location = null
	ssl.truststore.password = null
	ssl.truststore.type = JKS
	transaction.timeout.ms = 60000
	transactional.id = null
	value.serializer = class io.apicurio.registry.serde.avro.AvroKafkaSerializer

2025-08-12 17:22:52,515 INFO  [org.apa.kaf.com.tel.int.KafkaMetricsCollector] (main) initializing Kafka metrics collector
2025-08-12 17:22:52,521 INFO  [org.apa.kaf.cli.pro.KafkaProducer] (main) [Producer clientId=Producer-topic-9b6421e4_c8bf_47b8_bb9c_dd3c4fd3a970] Instantiated an idempotent producer.
2025-08-12 17:22:52,522 INFO  [org.apa.kaf.cli.pro.ProducerConfig] (main) These configurations '[apicurio.registry.url, apicurio.registry.auto-register, apicurio.registry.use-id, apicurio.registry.artifact-resolver-strategy]' were supplied but are not used yet.
2025-08-12 17:22:52,522 INFO  [org.apa.kaf.com.uti.AppInfoParser] (main) Kafka version: 3.9.1
2025-08-12 17:22:52,522 INFO  [org.apa.kaf.com.uti.AppInfoParser] (main) Kafka commitId: f745dfdcee2b9851
2025-08-12 17:22:52,522 INFO  [org.apa.kaf.com.uti.AppInfoParser] (main) Kafka startTimeMs: 1755019372522
2025-08-12 17:22:52,523 INFO  [io.api.tes.ser.api.SimpleSerdesTesterBuilder$SimpleSerdesTester] (main) Using producer configuration: {apicurio.registry.url=http://registry-app-mysql.apps.ci419.apicurio-testing.org:80/apis/registry/v3, apicurio.registry.auto-register=true, apicurio.registry.use-id=globalId, apicurio.registry.artifact-resolver-strategy=io.apicurio.registry.serde.strategy.TopicIdStrategy, value.serializer=io.apicurio.registry.serde.avro.AvroKafkaSerializer, request.timeout.ms=5000, acks=all, bootstrap.servers=PLAINTEXT://localhost:32769, connections.max.idle.ms=10000, key.serializer=org.apache.kafka.common.serialization.StringSerializer, client.id=Producer-topic-9b6421e4_c8bf_47b8_bb9c_dd3c4fd3a970}
2025-08-12 17:22:52,523 INFO  [io.api.tes.ser.api.SimpleSerdesTesterBuilder$SimpleSerdesTester] (main) Using consumer configuration: {apicurio.registry.use-id=globalId}
2025-08-12 17:22:52,524 INFO  [io.api.tes.ser.api.KafkaSerdesTester] (Thread-741) Sending message {"key11755019372510": "value-0"} to topic topic-9b6421e4_c8bf_47b8_bb9c_dd3c4fd3a970
2025-08-12 17:22:52,528 WARN  [org.apa.kaf.cli.NetworkClient] (kafka-producer-network-thread | Producer-topic-9b6421e4_c8bf_47b8_bb9c_dd3c4fd3a970) [Producer clientId=Producer-topic-9b6421e4_c8bf_47b8_bb9c_dd3c4fd3a970] The metadata response from the cluster reported a recoverable issue with correlation id 1 : {topic-9b6421e4_c8bf_47b8_bb9c_dd3c4fd3a970=UNKNOWN_TOPIC_OR_PARTITION}
2025-08-12 17:22:52,528 INFO  [org.apa.kaf.cli.Metadata] (kafka-producer-network-thread | Producer-topic-9b6421e4_c8bf_47b8_bb9c_dd3c4fd3a970) [Producer clientId=Producer-topic-9b6421e4_c8bf_47b8_bb9c_dd3c4fd3a970] Cluster ID: 7o-lMpHSRFKHq4uTXFQncw
2025-08-12 17:22:52,528 INFO  [org.apa.kaf.cli.pro.int.TransactionManager] (kafka-producer-network-thread | Producer-topic-9b6421e4_c8bf_47b8_bb9c_dd3c4fd3a970) [Producer clientId=Producer-topic-9b6421e4_c8bf_47b8_bb9c_dd3c4fd3a970] ProducerId set to 25 with epoch 0
2025-08-12 17:22:52,764 INFO  [io.api.tes.ser.api.KafkaSerdesTester] (Thread-741) Sending message {"key11755019372510": "value-1"} to topic topic-9b6421e4_c8bf_47b8_bb9c_dd3c4fd3a970
2025-08-12 17:22:52,766 INFO  [io.api.tes.ser.api.KafkaSerdesTester] (Thread-741) Sending message {"key11755019372510": "value-2"} to topic topic-9b6421e4_c8bf_47b8_bb9c_dd3c4fd3a970
2025-08-12 17:22:52,767 INFO  [io.api.tes.ser.api.KafkaSerdesTester] (Thread-741) Sending message {"key11755019372510": "value-3"} to topic topic-9b6421e4_c8bf_47b8_bb9c_dd3c4fd3a970
2025-08-12 17:22:52,768 INFO  [io.api.tes.ser.api.KafkaSerdesTester] (Thread-741) Sending message {"key11755019372510": "value-4"} to topic topic-9b6421e4_c8bf_47b8_bb9c_dd3c4fd3a970
2025-08-12 17:22:52,770 INFO  [io.api.tes.ser.api.KafkaSerdesTester] (Thread-741) Sending message {"key11755019372510": "value-5"} to topic topic-9b6421e4_c8bf_47b8_bb9c_dd3c4fd3a970
2025-08-12 17:22:52,773 INFO  [io.api.tes.ser.api.KafkaSerdesTester] (Thread-741) Sending message {"key11755019372510": "value-6"} to topic topic-9b6421e4_c8bf_47b8_bb9c_dd3c4fd3a970
2025-08-12 17:22:52,774 INFO  [io.api.tes.ser.api.KafkaSerdesTester] (Thread-741) Sending message {"key11755019372510": "value-7"} to topic topic-9b6421e4_c8bf_47b8_bb9c_dd3c4fd3a970
2025-08-12 17:22:52,776 INFO  [io.api.tes.ser.api.KafkaSerdesTester] (Thread-741) Sending message {"key11755019372510": "value-8"} to topic topic-9b6421e4_c8bf_47b8_bb9c_dd3c4fd3a970
2025-08-12 17:22:52,777 INFO  [io.api.tes.ser.api.KafkaSerdesTester] (Thread-741) Sending message {"key11755019372510": "value-9"} to topic topic-9b6421e4_c8bf_47b8_bb9c_dd3c4fd3a970
2025-08-12 17:22:52,779 INFO  [io.api.tes.ser.api.KafkaSerdesTester] (Thread-741) Produced 10 messages
2025-08-12 17:22:52,779 INFO  [org.apa.kaf.cli.pro.KafkaProducer] (Thread-741) [Producer clientId=Producer-topic-9b6421e4_c8bf_47b8_bb9c_dd3c4fd3a970] Closing the Kafka producer with timeoutMillis = 9223372036854775807 ms.
2025-08-12 17:22:52,781 INFO  [org.apa.kaf.com.met.Metrics] (Thread-741) Metrics scheduler closed
2025-08-12 17:22:52,781 INFO  [org.apa.kaf.com.met.Metrics] (Thread-741) Closing reporter org.apache.kafka.common.metrics.JmxReporter
2025-08-12 17:22:52,781 INFO  [org.apa.kaf.com.met.Metrics] (Thread-741) Closing reporter org.apache.kafka.common.telemetry.internals.ClientTelemetryReporter
2025-08-12 17:22:52,781 INFO  [org.apa.kaf.com.met.Metrics] (Thread-741) Metrics reporters closed
2025-08-12 17:22:52,781 INFO  [org.apa.kaf.com.uti.AppInfoParser] (Thread-741) App info kafka.producer for Producer-topic-9b6421e4_c8bf_47b8_bb9c_dd3c4fd3a970 unregistered
**** Registry Base URL: http://registry-app-mysql.apps.ci419.apicurio-testing.org:80
2025-08-12 17:22:52,874 INFO  [org.apa.kaf.cli.con.ConsumerConfig] (main) ConsumerConfig values: 
	allow.auto.create.topics = true
	auto.commit.interval.ms = 500
	auto.include.jmx.reporter = true
	auto.offset.reset = earliest
	bootstrap.servers = [PLAINTEXT://localhost:32769]
	check.crcs = true
	client.dns.lookup = use_all_dns_ips
	client.id = consumer-Consumer-topic-9b6421e4_c8bf_47b8_bb9c_dd3c4fd3a970-18
	client.rack = 
	connections.max.idle.ms = 10000
	default.api.timeout.ms = 60000
	enable.auto.commit = true
	enable.metrics.push = true
	exclude.internal.topics = true
	fetch.max.bytes = 52428800
	fetch.max.wait.ms = 500
	fetch.min.bytes = 1
	group.id = Consumer-topic-9b6421e4_c8bf_47b8_bb9c_dd3c4fd3a970
	group.instance.id = null
	group.protocol = classic
	group.remote.assignor = null
	heartbeat.interval.ms = 3000
	interceptor.classes = []
	internal.leave.group.on.close = true
	internal.throw.on.fetch.stable.offset.unsupported = false
	isolation.level = read_uncommitted
	key.deserializer = class org.apache.kafka.common.serialization.StringDeserializer
	max.partition.fetch.bytes = 1048576
	max.poll.interval.ms = 300000
	max.poll.records = 500
	metadata.max.age.ms = 300000
	metadata.recovery.strategy = none
	metric.reporters = []
	metrics.num.samples = 2
	metrics.recording.level = INFO
	metrics.sample.window.ms = 30000
	partition.assignment.strategy = [class org.apache.kafka.clients.consumer.RangeAssignor, class org.apache.kafka.clients.consumer.CooperativeStickyAssignor]
	receive.buffer.bytes = 65536
	reconnect.backoff.max.ms = 1000
	reconnect.backoff.ms = 50
	request.timeout.ms = 5000
	retry.backoff.max.ms = 1000
	retry.backoff.ms = 100
	sasl.client.callback.handler.class = null
	sasl.jaas.config = null
	sasl.kerberos.kinit.cmd = /usr/bin/kinit
	sasl.kerberos.min.time.before.relogin = 60000
	sasl.kerberos.service.name = null
	sasl.kerberos.ticket.renew.jitter = 0.05
	sasl.kerberos.ticket.renew.window.factor = 0.8
	sasl.login.callback.handler.class = null
	sasl.login.class = null
	sasl.login.connect.timeout.ms = null
	sasl.login.read.timeout.ms = null
	sasl.login.refresh.buffer.seconds = 300
	sasl.login.refresh.min.period.seconds = 60
	sasl.login.refresh.window.factor = 0.8
	sasl.login.refresh.window.jitter = 0.05
	sasl.login.retry.backoff.max.ms = 10000
	sasl.login.retry.backoff.ms = 100
	sasl.mechanism = GSSAPI
	sasl.oauthbearer.clock.skew.seconds = 30
	sasl.oauthbearer.expected.audience = null
	sasl.oauthbearer.expected.issuer = null
	sasl.oauthbearer.header.urlencode = false
	sasl.oauthbearer.jwks.endpoint.refresh.ms = 3600000
	sasl.oauthbearer.jwks.endpoint.retry.backoff.max.ms = 10000
	sasl.oauthbearer.jwks.endpoint.retry.backoff.ms = 100
	sasl.oauthbearer.jwks.endpoint.url = null
	sasl.oauthbearer.scope.claim.name = scope
	sasl.oauthbearer.sub.claim.name = sub
	sasl.oauthbearer.token.endpoint.url = null
	security.protocol = PLAINTEXT
	security.providers = null
	send.buffer.bytes = 131072
	session.timeout.ms = 45000
	socket.connection.setup.timeout.max.ms = 30000
	socket.connection.setup.timeout.ms = 10000
	ssl.cipher.suites = null
	ssl.enabled.protocols = [TLSv1.2, TLSv1.3]
	ssl.endpoint.identification.algorithm = https
	ssl.engine.factory.class = null
	ssl.key.password = null
	ssl.keymanager.algorithm = SunX509
	ssl.keystore.certificate.chain = null
	ssl.keystore.key = null
	ssl.keystore.location = null
	ssl.keystore.password = null
	ssl.keystore.type = JKS
	ssl.protocol = TLSv1.3
	ssl.provider = null
	ssl.secure.random.implementation = null
	ssl.trustmanager.algorithm = PKIX
	ssl.truststore.certificates = null
	ssl.truststore.location = null
	ssl.truststore.password = null
	ssl.truststore.type = JKS
	value.deserializer = class io.apicurio.registry.serde.avro.AvroKafkaDeserializer

2025-08-12 17:22:52,874 INFO  [org.apa.kaf.com.tel.int.KafkaMetricsCollector] (main) initializing Kafka metrics collector
2025-08-12 17:22:52,879 INFO  [org.apa.kaf.cli.con.ConsumerConfig] (main) These configurations '[apicurio.registry.url, apicurio.registry.use-id]' were supplied but are not used yet.
2025-08-12 17:22:52,879 INFO  [org.apa.kaf.com.uti.AppInfoParser] (main) Kafka version: 3.9.1
2025-08-12 17:22:52,879 INFO  [org.apa.kaf.com.uti.AppInfoParser] (main) Kafka commitId: f745dfdcee2b9851
2025-08-12 17:22:52,879 INFO  [org.apa.kaf.com.uti.AppInfoParser] (main) Kafka startTimeMs: 1755019372879
2025-08-12 17:22:52,879 INFO  [org.apa.kaf.cli.con.int.ClassicKafkaConsumer] (Thread-744) [Consumer clientId=consumer-Consumer-topic-9b6421e4_c8bf_47b8_bb9c_dd3c4fd3a970-18, groupId=Consumer-topic-9b6421e4_c8bf_47b8_bb9c_dd3c4fd3a970] Subscribed to topic(s): topic-9b6421e4_c8bf_47b8_bb9c_dd3c4fd3a970
2025-08-12 17:22:52,884 INFO  [org.apa.kaf.cli.Metadata] (Thread-744) [Consumer clientId=consumer-Consumer-topic-9b6421e4_c8bf_47b8_bb9c_dd3c4fd3a970-18, groupId=Consumer-topic-9b6421e4_c8bf_47b8_bb9c_dd3c4fd3a970] Cluster ID: 7o-lMpHSRFKHq4uTXFQncw
2025-08-12 17:22:52,884 INFO  [org.apa.kaf.cli.con.int.ConsumerCoordinator] (Thread-744) [Consumer clientId=consumer-Consumer-topic-9b6421e4_c8bf_47b8_bb9c_dd3c4fd3a970-18, groupId=Consumer-topic-9b6421e4_c8bf_47b8_bb9c_dd3c4fd3a970] Discovered group coordinator localhost:32769 (id: 2147483647 rack: null)
2025-08-12 17:22:52,886 INFO  [org.apa.kaf.cli.con.int.ConsumerCoordinator] (Thread-744) [Consumer clientId=consumer-Consumer-topic-9b6421e4_c8bf_47b8_bb9c_dd3c4fd3a970-18, groupId=Consumer-topic-9b6421e4_c8bf_47b8_bb9c_dd3c4fd3a970] (Re-)joining group
2025-08-12 17:22:52,888 INFO  [org.apa.kaf.cli.con.int.ConsumerCoordinator] (Thread-744) [Consumer clientId=consumer-Consumer-topic-9b6421e4_c8bf_47b8_bb9c_dd3c4fd3a970-18, groupId=Consumer-topic-9b6421e4_c8bf_47b8_bb9c_dd3c4fd3a970] Request joining group due to: need to re-join with the given member-id: consumer-Consumer-topic-9b6421e4_c8bf_47b8_bb9c_dd3c4fd3a970-18-dda8d018-5859-4409-83de-b5ffed6b0da8
2025-08-12 17:22:52,888 INFO  [org.apa.kaf.cli.con.int.ConsumerCoordinator] (Thread-744) [Consumer clientId=consumer-Consumer-topic-9b6421e4_c8bf_47b8_bb9c_dd3c4fd3a970-18, groupId=Consumer-topic-9b6421e4_c8bf_47b8_bb9c_dd3c4fd3a970] (Re-)joining group
2025-08-12 17:22:53,879 INFO  [io.api.tes.ser.api.KafkaSerdesTester] (Thread-744) None found
2025-08-12 17:22:54,879 INFO  [io.api.tes.ser.api.KafkaSerdesTester] (Thread-744) None found
2025-08-12 17:22:55,879 INFO  [io.api.tes.ser.api.KafkaSerdesTester] (Thread-744) None found
2025-08-12 17:22:55,890 INFO  [org.apa.kaf.cli.con.int.ConsumerCoordinator] (Thread-744) [Consumer clientId=consumer-Consumer-topic-9b6421e4_c8bf_47b8_bb9c_dd3c4fd3a970-18, groupId=Consumer-topic-9b6421e4_c8bf_47b8_bb9c_dd3c4fd3a970] Successfully joined group with generation Generation{generationId=1, memberId='consumer-Consumer-topic-9b6421e4_c8bf_47b8_bb9c_dd3c4fd3a970-18-dda8d018-5859-4409-83de-b5ffed6b0da8', protocol='range'}
2025-08-12 17:22:55,890 INFO  [org.apa.kaf.cli.con.int.ConsumerCoordinator] (Thread-744) [Consumer clientId=consumer-Consumer-topic-9b6421e4_c8bf_47b8_bb9c_dd3c4fd3a970-18, groupId=Consumer-topic-9b6421e4_c8bf_47b8_bb9c_dd3c4fd3a970] Finished assignment for group at generation 1: {consumer-Consumer-topic-9b6421e4_c8bf_47b8_bb9c_dd3c4fd3a970-18-dda8d018-5859-4409-83de-b5ffed6b0da8=Assignment(partitions=[topic-9b6421e4_c8bf_47b8_bb9c_dd3c4fd3a970-0])}
2025-08-12 17:22:55,897 INFO  [org.apa.kaf.cli.con.int.ConsumerCoordinator] (Thread-744) [Consumer clientId=consumer-Consumer-topic-9b6421e4_c8bf_47b8_bb9c_dd3c4fd3a970-18, groupId=Consumer-topic-9b6421e4_c8bf_47b8_bb9c_dd3c4fd3a970] Successfully synced group in generation Generation{generationId=1, memberId='consumer-Consumer-topic-9b6421e4_c8bf_47b8_bb9c_dd3c4fd3a970-18-dda8d018-5859-4409-83de-b5ffed6b0da8', protocol='range'}
2025-08-12 17:22:55,897 INFO  [org.apa.kaf.cli.con.int.ConsumerCoordinator] (Thread-744) [Consumer clientId=consumer-Consumer-topic-9b6421e4_c8bf_47b8_bb9c_dd3c4fd3a970-18, groupId=Consumer-topic-9b6421e4_c8bf_47b8_bb9c_dd3c4fd3a970] Notifying assignor about the new Assignment(partitions=[topic-9b6421e4_c8bf_47b8_bb9c_dd3c4fd3a970-0])
2025-08-12 17:22:55,897 INFO  [org.apa.kaf.cli.con.int.ConsumerRebalanceListenerInvoker] (Thread-744) [Consumer clientId=consumer-Consumer-topic-9b6421e4_c8bf_47b8_bb9c_dd3c4fd3a970-18, groupId=Consumer-topic-9b6421e4_c8bf_47b8_bb9c_dd3c4fd3a970] Adding newly assigned partitions: topic-9b6421e4_c8bf_47b8_bb9c_dd3c4fd3a970-0
2025-08-12 17:22:55,898 INFO  [org.apa.kaf.cli.con.int.ConsumerCoordinator] (Thread-744) [Consumer clientId=consumer-Consumer-topic-9b6421e4_c8bf_47b8_bb9c_dd3c4fd3a970-18, groupId=Consumer-topic-9b6421e4_c8bf_47b8_bb9c_dd3c4fd3a970] Found no committed offset for partition topic-9b6421e4_c8bf_47b8_bb9c_dd3c4fd3a970-0
2025-08-12 17:22:55,900 INFO  [org.apa.kaf.cli.con.int.SubscriptionState] (Thread-744) [Consumer clientId=consumer-Consumer-topic-9b6421e4_c8bf_47b8_bb9c_dd3c4fd3a970-18, groupId=Consumer-topic-9b6421e4_c8bf_47b8_bb9c_dd3c4fd3a970] Resetting offset for partition topic-9b6421e4_c8bf_47b8_bb9c_dd3c4fd3a970-0 to position FetchPosition{offset=0, offsetEpoch=Optional.empty, currentLeader=LeaderAndEpoch{leader=Optional[localhost:32769 (id: 0 rack: null)], epoch=0}}.
2025-08-12 17:22:56,033 INFO  [io.api.tes.ser.api.KafkaSerdesTester] (Thread-744) topic-9b6421e4_c8bf_47b8_bb9c_dd3c4fd3a970 0 0 {"key11755019372510": "value-0"}
2025-08-12 17:22:56,034 INFO  [io.api.tes.ser.api.KafkaSerdesTester] (Thread-744) topic-9b6421e4_c8bf_47b8_bb9c_dd3c4fd3a970 0 1 {"key11755019372510": "value-1"}
2025-08-12 17:22:56,034 INFO  [io.api.tes.ser.api.KafkaSerdesTester] (Thread-744) topic-9b6421e4_c8bf_47b8_bb9c_dd3c4fd3a970 0 2 {"key11755019372510": "value-2"}
2025-08-12 17:22:56,034 INFO  [io.api.tes.ser.api.KafkaSerdesTester] (Thread-744) topic-9b6421e4_c8bf_47b8_bb9c_dd3c4fd3a970 0 3 {"key11755019372510": "value-3"}
2025-08-12 17:22:56,034 INFO  [io.api.tes.ser.api.KafkaSerdesTester] (Thread-744) topic-9b6421e4_c8bf_47b8_bb9c_dd3c4fd3a970 0 4 {"key11755019372510": "value-4"}
2025-08-12 17:22:56,034 INFO  [io.api.tes.ser.api.KafkaSerdesTester] (Thread-744) topic-9b6421e4_c8bf_47b8_bb9c_dd3c4fd3a970 0 5 {"key11755019372510": "value-5"}
2025-08-12 17:22:56,034 INFO  [io.api.tes.ser.api.KafkaSerdesTester] (Thread-744) topic-9b6421e4_c8bf_47b8_bb9c_dd3c4fd3a970 0 6 {"key11755019372510": "value-6"}
2025-08-12 17:22:56,034 INFO  [io.api.tes.ser.api.KafkaSerdesTester] (Thread-744) topic-9b6421e4_c8bf_47b8_bb9c_dd3c4fd3a970 0 7 {"key11755019372510": "value-7"}
2025-08-12 17:22:56,034 INFO  [io.api.tes.ser.api.KafkaSerdesTester] (Thread-744) topic-9b6421e4_c8bf_47b8_bb9c_dd3c4fd3a970 0 8 {"key11755019372510": "value-8"}
2025-08-12 17:22:56,034 INFO  [io.api.tes.ser.api.KafkaSerdesTester] (Thread-744) topic-9b6421e4_c8bf_47b8_bb9c_dd3c4fd3a970 0 9 {"key11755019372510": "value-9"}
2025-08-12 17:22:56,034 INFO  [io.api.tes.ser.api.KafkaSerdesTester] (Thread-744) Consumed 10 messages
2025-08-12 17:22:56,041 INFO  [org.apa.kaf.cli.con.int.ConsumerRebalanceListenerInvoker] (Thread-744) [Consumer clientId=consumer-Consumer-topic-9b6421e4_c8bf_47b8_bb9c_dd3c4fd3a970-18, groupId=Consumer-topic-9b6421e4_c8bf_47b8_bb9c_dd3c4fd3a970] Revoke previously assigned partitions topic-9b6421e4_c8bf_47b8_bb9c_dd3c4fd3a970-0
2025-08-12 17:22:56,041 INFO  [org.apa.kaf.cli.con.int.ConsumerCoordinator] (Thread-744) [Consumer clientId=consumer-Consumer-topic-9b6421e4_c8bf_47b8_bb9c_dd3c4fd3a970-18, groupId=Consumer-topic-9b6421e4_c8bf_47b8_bb9c_dd3c4fd3a970] Member consumer-Consumer-topic-9b6421e4_c8bf_47b8_bb9c_dd3c4fd3a970-18-dda8d018-5859-4409-83de-b5ffed6b0da8 sending LeaveGroup request to coordinator localhost:32769 (id: 2147483647 rack: null) due to the consumer is being closed
2025-08-12 17:22:56,041 INFO  [org.apa.kaf.cli.con.int.ConsumerCoordinator] (Thread-744) [Consumer clientId=consumer-Consumer-topic-9b6421e4_c8bf_47b8_bb9c_dd3c4fd3a970-18, groupId=Consumer-topic-9b6421e4_c8bf_47b8_bb9c_dd3c4fd3a970] Resetting generation and member id due to: consumer pro-actively leaving the group
2025-08-12 17:22:56,041 INFO  [org.apa.kaf.cli.con.int.ConsumerCoordinator] (Thread-744) [Consumer clientId=consumer-Consumer-topic-9b6421e4_c8bf_47b8_bb9c_dd3c4fd3a970-18, groupId=Consumer-topic-9b6421e4_c8bf_47b8_bb9c_dd3c4fd3a970] Request joining group due to: consumer pro-actively leaving the group
2025-08-12 17:22:56,536 INFO  [org.apa.kaf.com.met.Metrics] (Thread-744) Metrics scheduler closed
2025-08-12 17:22:56,536 INFO  [org.apa.kaf.com.met.Metrics] (Thread-744) Closing reporter org.apache.kafka.common.metrics.JmxReporter
2025-08-12 17:22:56,536 INFO  [org.apa.kaf.com.met.Metrics] (Thread-744) Closing reporter org.apache.kafka.common.telemetry.internals.ClientTelemetryReporter
2025-08-12 17:22:56,536 INFO  [org.apa.kaf.com.met.Metrics] (Thread-744) Metrics reporters closed
2025-08-12 17:22:56,538 INFO  [org.apa.kaf.com.uti.AppInfoParser] (Thread-744) App info kafka.consumer for consumer-Consumer-topic-9b6421e4_c8bf_47b8_bb9c_dd3c4fd3a970-18 unregistered
2025-08-12 17:22:56,539 INFO  [io.api.tes.uti.TestSeparator] (main) io.apicurio.tests.serdes.apicurio.AvroSerdeIT.testGlobalIdInBody-FINISHED
2025-08-12 17:22:56,539 INFO  [io.api.tes.uti.TestSeparator] (main) ############################################################################
Test passed: testGlobalIdInBody
]]></system-out>
  </testcase>
  <testcase name="testProducerUsesGlobalIdConsumerUsesDefault" classname="io.apicurio.tests.serdes.apicurio.AvroSerdeIT" time="0.0">
    <skipped message="void io.apicurio.tests.serdes.apicurio.AvroSerdeIT.testProducerUsesGlobalIdConsumerUsesDefault() throws java.lang.Exception is @Disabled"/>
  </testcase>
</testsuite>